{"dateTime": "2025-08-11T18:56:28.688Z", "eventType": "window.focus", "fullPath": "/main.py"}
{"dateTime": "2025-08-11T18:56:30.716Z", "eventType": "window.blur", "fullPath": "/main.py"}
{"dateTime": "2025-08-11T18:56:31.667Z", "eventType": "focus", "fullPath": "/main.py"}
{"dateTime": "2025-08-11T18:56:31.679Z", "eventType": "select.pointer", "fullPath": "/main.py", "details": {"selection": {"from": 118, "to": 118}}}
{"dateTime": "2025-08-11T18:56:33.342Z", "eventType": "window.focus", "fullPath": "/main.py"}
{"dateTime": "2025-08-11T18:56:33.879Z", "eventType": "delete.backward", "fullPath": "/main.py", "details": {"fromA": 117, "toA": 118, "fromB": 117, "toB": 117, "inserted": [""]}}
{"dateTime": "2025-08-11T18:56:34.851Z", "eventType": "select", "fullPath": "/main.py", "details": {"selection": {"from": 116, "to": 116}}}
{"dateTime": "2025-08-11T18:56:35.067Z", "eventType": "select", "fullPath": "/main.py", "details": {"selection": {"from": 115, "to": 115}}}
{"dateTime": "2025-08-11T18:56:36.057Z", "eventType": "delete.backward", "fullPath": "/main.py", "details": {"fromA": 114, "toA": 115, "fromB": 114, "toB": 114, "inserted": [""]}}
{"dateTime": "2025-08-11T18:56:38.210Z", "eventType": "blur", "fullPath": "/main.py"}
{"dateTime": "2025-08-11T18:56:38.723Z", "eventType": "submission", "details": {"correctness": 0, "commit": "7d693e124bc2bcf5f0c8b0e262de7a2130b10676", "executionTime": 0.01}}
{"dateTime": "2025-08-11T18:57:08.386Z", "eventType": "focus", "fullPath": "/main.py"}
{"dateTime": "2025-08-11T18:57:08.397Z", "eventType": "select.pointer", "fullPath": "/main.py", "details": {"selection": {"from": 116, "to": 116}}}
{"dateTime": "2025-08-11T18:57:09.470Z", "eventType": "delete.backward", "fullPath": "/main.py", "details": {"fromA": 115, "toA": 116, "fromB": 115, "toB": 115, "inserted": [""]}}
{"dateTime": "2025-08-11T18:57:09.847Z", "eventType": "delete.backward", "fullPath": "/main.py", "details": {"fromA": 114, "toA": 115, "fromB": 114, "toB": 114, "inserted": [""]}}
{"dateTime": "2025-08-11T18:57:11.818Z", "eventType": "input.type", "fullPath": "/main.py", "details": {"fromA": 114, "toA": 114, "fromB": 114, "toB": 116, "inserted": ["\"\""]}}
{"dateTime": "2025-08-11T18:57:14.373Z", "eventType": "select.pointer", "fullPath": "/main.py", "details": {"selection": {"from": 163, "to": 163}}}
{"dateTime": "2025-08-11T18:57:15.234Z", "eventType": "delete.backward", "fullPath": "/main.py", "details": {"fromA": 162, "toA": 163, "fromB": 162, "toB": 162, "inserted": [""]}}
{"dateTime": "2025-08-11T18:57:15.641Z", "eventType": "delete.backward", "fullPath": "/main.py", "details": {"fromA": 161, "toA": 162, "fromB": 161, "toB": 161, "inserted": [""]}}
{"dateTime": "2025-08-11T18:57:16.251Z", "eventType": "input.type", "fullPath": "/main.py", "details": {"fromA": 161, "toA": 161, "fromB": 161, "toB": 163, "inserted": ["\"\""]}}
{"dateTime": "2025-08-11T18:57:18.023Z", "eventType": "blur", "fullPath": "/main.py"}
{"dateTime": "2025-08-11T18:57:18.564Z", "eventType": "submission", "details": {"correctness": 0, "commit": "a1af01e695ba7bfbd5dc7a4b5373cc8d981b49d1", "executionTime": 0}}
{"dateTime": "2025-08-11T18:57:20.874Z", "eventType": "submission", "details": {"correctness": 0, "commit": "a1af01e695ba7bfbd5dc7a4b5373cc8d981b49d1", "executionTime": 0}}
{"dateTime": "2025-08-11T18:57:21.668Z", "eventType": "focus", "fullPath": "/main.py"}
{"dateTime": "2025-08-11T18:57:21.674Z", "eventType": "select.pointer", "fullPath": "/main.py", "details": {"selection": {"from": 164, "to": 164}}}
{"dateTime": "2025-08-11T18:57:22.274Z", "eventType": "select.pointer", "fullPath": "/main.py", "details": {"selection": {"from": 161, "to": 161}}}
{"dateTime": "2025-08-11T18:57:23.132Z", "eventType": "focus", "fullPath": "/main.py"}
{"dateTime": "2025-08-11T18:57:23.147Z", "eventType": "select.pointer", "fullPath": "/main.py", "details": {"selection": {"from": 108, "to": 108}}}
{"dateTime": "2025-08-11T18:57:23.245Z", "eventType": "delete.backward", "fullPath": "/main.py", "details": {"fromA": 160, "toA": 161, "fromB": 160, "toB": 160, "inserted": [""]}}
{"dateTime": "2025-08-11T18:57:23.503Z", "eventType": "delete.backward", "fullPath": "/main.py", "details": {"fromA": 159, "toA": 160, "fromB": 159, "toB": 159, "inserted": [""]}}
{"dateTime": "2025-08-11T18:57:23.764Z", "eventType": "delete.backward", "fullPath": "/main.py", "details": {"fromA": 158, "toA": 159, "fromB": 158, "toB": 158, "inserted": [""]}}
{"dateTime": "2025-08-11T18:57:24.031Z", "eventType": "delete.backward", "fullPath": "/main.py", "details": {"fromA": 157, "toA": 158, "fromB": 157, "toB": 157, "inserted": [""]}}
{"dateTime": "2025-08-11T18:57:24.983Z", "eventType": "input.type", "fullPath": "/main.py", "details": {"fromA": 108, "toA": 108, "fromB": 108, "toB": 109, "inserted": ["i"]}}
{"dateTime": "2025-08-11T18:57:25.416Z", "eventType": "input.type", "fullPath": "/main.py", "details": {"fromA": 109, "toA": 109, "fromB": 109, "toB": 110, "inserted": ["m"]}}
{"dateTime": "2025-08-11T18:57:25.968Z", "eventType": "input.type", "fullPath": "/main.py", "details": {"fromA": 110, "toA": 110, "fromB": 110, "toB": 111, "inserted": ["p"]}}
{"dateTime": "2025-08-11T18:57:26.799Z", "eventType": "blur", "fullPath": "/main.py"}
{"dateTime": "2025-08-11T18:57:26.837Z", "eventType": "focus", "fullPath": "/main.py"}
{"dateTime": "2025-08-11T18:57:26.853Z", "eventType": "select.pointer", "fullPath": "/main.py", "details": {"selection": {"from": 157, "to": 157}}}
{"dateTime": "2025-08-11T18:57:27.258Z", "eventType": "run", "details": {"commit": "b06290fe6eec92e07173cf2588d1922d0f7368b2"}}
{"dateTime": "2025-08-11T18:57:27.812Z", "eventType": "input.type", "fullPath": "/main.py", "details": {"fromA": 157, "toA": 157, "fromB": 157, "toB": 158, "inserted": ["n"]}}
{"dateTime": "2025-08-11T18:57:28.292Z", "eventType": "input.type", "fullPath": "/main.py", "details": {"fromA": 158, "toA": 158, "fromB": 158, "toB": 159, "inserted": ["u"]}}
{"dateTime": "2025-08-11T18:57:28.489Z", "eventType": "submission", "details": {"correctness": 0, "commit": "b06290fe6eec92e07173cf2588d1922d0f7368b2", "executionTime": 0.01}}
{"dateTime": "2025-08-11T18:57:30.009Z", "eventType": "input.complete", "fullPath": "/main.py", "details": {"fromA": 157, "toA": 159, "fromB": 157, "toB": 160, "inserted": ["num"]}}
{"dateTime": "2025-08-11T18:57:30.421Z", "eventType": "focus", "fullPath": "/main.py"}
{"dateTime": "2025-08-11T18:57:30.435Z", "eventType": "select.pointer", "fullPath": "/main.py", "details": {"selection": {"from": 116, "to": 116}}}
{"dateTime": "2025-08-11T18:57:31.250Z", "eventType": "delete.backward", "fullPath": "/main.py", "details": {"fromA": 110, "toA": 111, "fromB": 110, "toB": 110, "inserted": [""]}}
{"dateTime": "2025-08-11T18:57:31.642Z", "eventType": "delete.backward", "fullPath": "/main.py", "details": {"fromA": 109, "toA": 110, "fromB": 109, "toB": 109, "inserted": [""]}}
{"dateTime": "2025-08-11T18:57:32.397Z", "eventType": "input.type", "fullPath": "/main.py", "details": {"fromA": 109, "toA": 109, "fromB": 109, "toB": 110, "inserted": ["n"]}}
{"dateTime": "2025-08-11T18:57:32.876Z", "eventType": "input.type", "fullPath": "/main.py", "details": {"fromA": 110, "toA": 110, "fromB": 110, "toB": 111, "inserted": ["p"]}}
{"dateTime": "2025-08-11T18:57:34.202Z", "eventType": "input.complete", "fullPath": "/main.py", "details": {"fromA": 108, "toA": 111, "fromB": 108, "toB": 113, "inserted": ["input"]}}
{"dateTime": "2025-08-11T18:57:35.349Z", "eventType": "delete.backward", "fullPath": "/main.py", "details": {"fromA": 115, "toA": 116, "fromB": 115, "toB": 115, "inserted": [""]}}
{"dateTime": "2025-08-11T18:57:35.739Z", "eventType": "delete.backward", "fullPath": "/main.py", "details": {"fromA": 114, "toA": 115, "fromB": 114, "toB": 114, "inserted": [""]}}
{"dateTime": "2025-08-11T18:57:36.644Z", "eventType": "input.type", "fullPath": "/main.py", "details": {"fromA": 114, "toA": 114, "fromB": 114, "toB": 115, "inserted": ["1"]}}
{"dateTime": "2025-08-11T18:57:37.471Z", "eventType": "input.type", "fullPath": "/main.py", "details": {"fromA": 115, "toA": 115, "fromB": 115, "toB": 116, "inserted": ["0"]}}
{"dateTime": "2025-08-11T18:57:40.375Z", "eventType": "input.type", "fullPath": "/main.py", "details": {"fromA": 113, "toA": 113, "fromB": 113, "toB": 115, "inserted": ["()"]}}
{"dateTime": "2025-08-11T18:57:41.884Z", "eventType": "input.type", "fullPath": "/main.py", "details": {"fromA": 160, "toA": 160, "fromB": 160, "toB": 161, "inserted": [" "]}}
{"dateTime": "2025-08-11T18:57:44.797Z", "eventType": "select.pointer", "fullPath": "/main.py", "details": {"selection": {"from": 159, "to": 159}}}
{"dateTime": "2025-08-11T18:57:44.986Z", "eventType": "delete.backward", "fullPath": "/main.py", "details": {"fromA": 160, "toA": 161, "fromB": 160, "toB": 160, "inserted": [""]}}
{"dateTime": "2025-08-11T18:57:46.730Z", "eventType": "delete.backward", "fullPath": "/main.py", "details": {"fromA": 158, "toA": 159, "fromB": 158, "toB": 158, "inserted": [""]}}
{"dateTime": "2025-08-11T18:57:47.010Z", "eventType": "blur", "fullPath": "/main.py"}
{"dateTime": "2025-08-11T18:57:47.075Z", "eventType": "delete.backward", "fullPath": "/main.py", "details": {"fromA": 157, "toA": 158, "fromB": 157, "toB": 157, "inserted": [""]}}
{"dateTime": "2025-08-11T18:57:47.635Z", "eventType": "submission", "details": {"correctness": 0, "commit": "c5c39b2e56f343666f7bb5d8085604b18098d233", "executionTime": 0}}
{"dateTime": "2025-08-11T18:57:48.068Z", "eventType": "input.type", "fullPath": "/main.py", "details": {"fromA": 157, "toA": 157, "fromB": 157, "toB": 158, "inserted": ["2"]}}
{"dateTime": "2025-08-11T18:57:48.725Z", "eventType": "input.type", "fullPath": "/main.py", "details": {"fromA": 158, "toA": 158, "fromB": 158, "toB": 159, "inserted": ["0"]}}
{"dateTime": "2025-08-11T18:57:50.801Z", "eventType": "blur", "fullPath": "/main.py"}
{"dateTime": "2025-08-11T18:57:51.362Z", "eventType": "submission", "details": {"correctness": 0, "commit": "61e717862e8282eac70209c6c4d5d0c4dee329ee", "executionTime": 0.01}}
{"dateTime": "2025-08-11T18:57:51.543Z", "eventType": "focus", "fullPath": "/main.py"}
{"dateTime": "2025-08-11T18:57:51.552Z", "eventType": "select.pointer", "fullPath": "/main.py", "details": {"selection": {"from": 160, "to": 160}}}
{"dateTime": "2025-08-11T18:57:52.035Z", "eventType": "input.type", "fullPath": "/main.py", "details": {"fromA": 160, "toA": 160, "fromB": 160, "toB": 161, "inserted": [" "]}}
{"dateTime": "2025-08-11T18:57:54.790Z", "eventType": "blur", "fullPath": "/main.py"}
{"dateTime": "2025-08-11T18:57:55.430Z", "eventType": "submission", "details": {"correctness": 0, "commit": "b48ea169ad4d5927e710b355625a425725a84d9a", "executionTime": 0}}
{"dateTime": "2025-08-11T18:58:00.462Z", "eventType": "input.type", "fullPath": "/main.py", "details": {"fromA": 114, "toA": 114, "fromB": 114, "toB": 115, "inserted": ["1"]}}
{"dateTime": "2025-08-11T18:58:00.727Z", "eventType": "input.type", "fullPath": "/main.py", "details": {"fromA": 115, "toA": 115, "fromB": 115, "toB": 116, "inserted": ["0"]}}
{"dateTime": "2025-08-11T18:58:36.176Z", "eventType": "window.blur", "fullPath": "/main.py"}
{"dateTime": "2025-08-11T18:58:37.283Z", "eventType": "window.focus", "fullPath": "/main.py"}
{"dateTime": "2025-08-11T18:58:38.573Z", "eventType": "window.blur", "fullPath": "/main.py"}
{"dateTime": "2025-08-11T18:58:39.519Z", "eventType": "window.focus", "fullPath": "/main.py"}
{"dateTime": "2025-08-11T18:58:43.919Z", "eventType": "blur", "fullPath": "/main.py"}
{"dateTime": "2025-08-11T18:58:44.430Z", "eventType": "submission", "details": {"correctness": 0, "commit": "d39cb1a843b30d6ae39329f878bc229fecc0039d", "executionTime": 0.01}}
{"dateTime": "2025-08-11T18:58:46.375Z", "eventType": "window.blur", "fullPath": "/main.py"}
{"dateTime": "2025-08-11T18:58:47.160Z", "eventType": "window.focus", "fullPath": "/main.py"}
{"dateTime": "2025-08-11T18:58:51.976Z", "eventType": "window.blur", "fullPath": "/main.py"}
{"dateTime": "2025-08-11T18:58:53.086Z", "eventType": "window.focus", "fullPath": "/main.py"}
{"dateTime": "2025-08-11T18:59:01.054Z", "eventType": "focus", "fullPath": "/main.py"}
{"dateTime": "2025-08-11T18:59:01.065Z", "eventType": "select.pointer", "fullPath": "/main.py", "details": {"selection": {"from": 116, "to": 116}}}
{"dateTime": "2025-08-11T18:59:02.059Z", "eventType": "input", "fullPath": "/main.py", "details": {"fromA": 116, "toA": 116, "fromB": 116, "toB": 132, "inserted": ["", "               "]}}
{"dateTime": "2025-08-11T18:59:03.565Z", "eventType": "delete.backward", "fullPath": "/main.py", "details": {"fromA": 131, "toA": 132, "fromB": 131, "toB": 131, "inserted": [""]}}
{"dateTime": "2025-08-11T18:59:06.485Z", "eventType": "delete.backward", "fullPath": "/main.py", "details": {"fromA": 129, "toA": 131, "fromB": 129, "toB": 129, "inserted": [""]}}
{"dateTime": "2025-08-11T18:59:06.761Z", "eventType": "delete.backward", "fullPath": "/main.py", "details": {"fromA": 127, "toA": 129, "fromB": 127, "toB": 127, "inserted": [""]}}
{"dateTime": "2025-08-11T18:59:06.963Z", "eventType": "delete.backward", "fullPath": "/main.py", "details": {"fromA": 125, "toA": 127, "fromB": 125, "toB": 125, "inserted": [""]}}
{"dateTime": "2025-08-11T18:59:07.131Z", "eventType": "delete.backward", "fullPath": "/main.py", "details": {"fromA": 123, "toA": 125, "fromB": 123, "toB": 123, "inserted": [""]}}
{"dateTime": "2025-08-11T18:59:07.284Z", "eventType": "delete.backward", "fullPath": "/main.py", "details": {"fromA": 121, "toA": 123, "fromB": 121, "toB": 121, "inserted": [""]}}
{"dateTime": "2025-08-11T18:59:07.420Z", "eventType": "delete.backward", "fullPath": "/main.py", "details": {"fromA": 119, "toA": 121, "fromB": 119, "toB": 119, "inserted": [""]}}
{"dateTime": "2025-08-11T18:59:07.568Z", "eventType": "delete.backward", "fullPath": "/main.py", "details": {"fromA": 117, "toA": 119, "fromB": 117, "toB": 117, "inserted": [""]}}
{"dateTime": "2025-08-11T18:59:07.716Z", "eventType": "delete.backward", "fullPath": "/main.py", "details": {"fromA": 116, "toA": 117, "fromB": 116, "toB": 116, "inserted": [""]}}
{"dateTime": "2025-08-11T18:59:09.875Z", "eventType": "select.pointer", "fullPath": "/main.py", "details": {"selection": {"from": 118, "to": 118}}}
{"dateTime": "2025-08-11T18:59:11.079Z", "eventType": "window.blur", "fullPath": "/main.py"}
{"dateTime": "2025-08-11T18:59:12.031Z", "eventType": "window.blur", "fullPath": "/main.py"}
{"dateTime": "2025-08-11T18:59:12.317Z", "eventType": "window.focus", "fullPath": "/main.py"}
{"dateTime": "2025-08-11T18:59:12.329Z", "eventType": "input", "fullPath": "/main.py", "details": {"fromA": 118, "toA": 118, "fromB": 118, "toB": 119, "inserted": ["", ""]}}
{"dateTime": "2025-08-11T18:59:12.941Z", "eventType": "window.blur", "fullPath": "/main.py"}
{"dateTime": "2025-08-11T18:59:13.267Z", "eventType": "delete.backward", "fullPath": "/main.py", "details": {"fromA": 118, "toA": 119, "fromB": 118, "toB": 118, "inserted": [""]}}
{"dateTime": "2025-08-11T18:59:13.731Z", "eventType": "window.focus", "fullPath": "/main.py"}
{"dateTime": "2025-08-11T18:59:17.848Z", "eventType": "window.blur", "fullPath": "/main.py"}
{"dateTime": "2025-08-11T18:59:18.822Z", "eventType": "window.focus", "fullPath": "/main.py"}
{"dateTime": "2025-08-11T18:59:21.591Z", "eventType": "window.blur", "fullPath": "/main.py"}
{"dateTime": "2025-08-11T18:59:22.246Z", "eventType": "window.focus", "fullPath": "/main.py"}
{"dateTime": "2025-08-11T18:59:23.327Z", "eventType": "window.blur", "fullPath": "/main.py"}
{"dateTime": "2025-08-11T18:59:23.965Z", "eventType": "window.focus", "fullPath": "/main.py"}
{"dateTime": "2025-08-11T18:59:24.680Z", "eventType": "window.blur", "fullPath": "/main.py"}
{"dateTime": "2025-08-11T18:59:26.117Z", "eventType": "window.focus", "fullPath": "/main.py"}
{"dateTime": "2025-08-11T18:59:27.858Z", "eventType": "window.blur", "fullPath": "/main.py"}
{"dateTime": "2025-08-11T18:59:28.915Z", "eventType": "window.focus", "fullPath": "/main.py"}
{"dateTime": "2025-08-11T18:59:30.160Z", "eventType": "window.blur", "fullPath": "/main.py"}
{"dateTime": "2025-08-11T18:59:31.216Z", "eventType": "window.focus", "fullPath": "/main.py"}
{"dateTime": "2025-08-11T18:59:34.029Z", "eventType": "select.pointer", "fullPath": "/main.py", "details": {"selection": {"from": 157, "to": 157}}}
{"dateTime": "2025-08-11T18:59:38.327Z", "eventType": "input.type", "fullPath": "/main.py", "details": {"fromA": 157, "toA": 157, "fromB": 157, "toB": 158, "inserted": ["2"]}}
{"dateTime": "2025-08-11T18:59:39.010Z", "eventType": "input.type", "fullPath": "/main.py", "details": {"fromA": 158, "toA": 158, "fromB": 158, "toB": 159, "inserted": ["0"]}}
{"dateTime": "2025-08-11T18:59:40.482Z", "eventType": "blur", "fullPath": "/main.py"}
{"dateTime": "2025-08-11T18:59:40.981Z", "eventType": "submission", "details": {"correctness": 0, "commit": "9f6907b3ab2a9c2f779fbe6d293f41fe098c5409", "executionTime": 0.01}}
{"dateTime": "2025-08-11T18:59:43.365Z", "eventType": "submission", "details": {"correctness": 0, "commit": "9f6907b3ab2a9c2f779fbe6d293f41fe098c5409", "executionTime": 0.01}}
{"dateTime": "2025-08-11T19:00:20.874Z", "eventType": "focus", "fullPath": "/main.py"}
{"dateTime": "2025-08-11T19:00:20.890Z", "eventType": "select.pointer", "fullPath": "/main.py", "details": {"selection": {"from": 116, "to": 116}}}
{"dateTime": "2025-08-11T19:00:21.476Z", "eventType": "select.pointer", "fullPath": "/main.py", "details": {"selection": {"from": 115, "to": 116}}}
{"dateTime": "2025-08-11T19:00:21.993Z", "eventType": "select.pointer", "fullPath": "/main.py", "details": {"selection": {"from": 114, "to": 116}}}
{"dateTime": "2025-08-11T19:00:22.289Z", "eventType": "select.pointer", "fullPath": "/main.py", "details": {"selection": {"from": 113, "to": 116}}}
{"dateTime": "2025-08-11T19:00:23.488Z", "eventType": "select.pointer", "fullPath": "/main.py", "details": {"selection": {"from": 114, "to": 114}}}
{"dateTime": "2025-08-11T19:00:25.926Z", "eventType": "select.pointer", "fullPath": "/main.py", "details": {"selection": {"from": 116, "to": 116}}}
{"dateTime": "2025-08-11T19:00:26.560Z", "eventType": "select.pointer", "fullPath": "/main.py", "details": {"selection": {"from": 115, "to": 116}}}
{"dateTime": "2025-08-11T19:00:26.624Z", "eventType": "select.pointer", "fullPath": "/main.py", "details": {"selection": {"from": 114, "to": 116}}}
{"dateTime": "2025-08-11T19:00:28.208Z", "eventType": "select.pointer", "fullPath": "/main.py", "details": {"selection": {"from": 114, "to": 114}}}
{"dateTime": "2025-08-11T19:00:32.513Z", "eventType": "input.type", "fullPath": "/main.py", "details": {"fromA": 114, "toA": 114, "fromB": 114, "toB": 115, "inserted": ["\""]}}
{"dateTime": "2025-08-11T19:00:37.581Z", "eventType": "select.pointer", "fullPath": "/main.py", "details": {"selection": {"from": 117, "to": 117}}}
{"dateTime": "2025-08-11T19:00:38.302Z", "eventType": "input.type", "fullPath": "/main.py", "details": {"fromA": 117, "toA": 117, "fromB": 117, "toB": 118, "inserted": ["\""]}}
{"dateTime": "2025-08-11T19:00:40.152Z", "eventType": "select.pointer", "fullPath": "/main.py", "details": {"selection": {"from": 161, "to": 161}}}
{"dateTime": "2025-08-11T19:00:41.015Z", "eventType": "input.type", "fullPath": "/main.py", "details": {"fromA": 161, "toA": 161, "fromB": 161, "toB": 162, "inserted": ["\""]}}
{"dateTime": "2025-08-11T19:00:42.298Z", "eventType": "select.pointer", "fullPath": "/main.py", "details": {"selection": {"from": 160, "to": 160}}}
{"dateTime": "2025-08-11T19:00:43.202Z", "eventType": "select.pointer", "fullPath": "/main.py", "details": {"selection": {"from": 159, "to": 159}}}
{"dateTime": "2025-08-11T19:00:43.733Z", "eventType": "input.type", "fullPath": "/main.py", "details": {"fromA": 159, "toA": 159, "fromB": 159, "toB": 160, "inserted": ["\""]}}
{"dateTime": "2025-08-11T19:00:45.893Z", "eventType": "blur", "fullPath": "/main.py"}
{"dateTime": "2025-08-11T19:00:46.441Z", "eventType": "submission", "details": {"correctness": 0, "commit": "fe2874a66fe75de9862aee007fb0e8c20fb53507", "executionTime": 0.01}}
{"dateTime": "2025-08-11T19:00:52.972Z", "eventType": "focus", "fullPath": "/main.py"}
{"dateTime": "2025-08-11T19:00:52.986Z", "eventType": "select.pointer", "fullPath": "/main.py", "details": {"selection": {"from": 116, "to": 116}}}
{"dateTime": "2025-08-11T19:00:53.998Z", "eventType": "delete.backward", "fullPath": "/main.py", "details": {"fromA": 115, "toA": 116, "fromB": 115, "toB": 115, "inserted": [""]}}
{"dateTime": "2025-08-11T19:00:54.282Z", "eventType": "delete.backward", "fullPath": "/main.py", "details": {"fromA": 114, "toA": 115, "fromB": 114, "toB": 114, "inserted": [""]}}
{"dateTime": "2025-08-11T19:00:55.267Z", "eventType": "input.type", "fullPath": "/main.py", "details": {"fromA": 114, "toA": 114, "fromB": 114, "toB": 115, "inserted": ["4"]}}
{"dateTime": "2025-08-11T19:00:56.972Z", "eventType": "select.pointer", "fullPath": "/main.py", "details": {"selection": {"from": 158, "to": 158}}}
{"dateTime": "2025-08-11T19:00:57.773Z", "eventType": "delete.backward", "fullPath": "/main.py", "details": {"fromA": 157, "toA": 158, "fromB": 157, "toB": 157, "inserted": [""]}}
{"dateTime": "2025-08-11T19:00:58.058Z", "eventType": "delete.backward", "fullPath": "/main.py", "details": {"fromA": 156, "toA": 157, "fromB": 156, "toB": 156, "inserted": [""]}}
{"dateTime": "2025-08-11T19:00:59.245Z", "eventType": "input.type", "fullPath": "/main.py", "details": {"fromA": 156, "toA": 156, "fromB": 156, "toB": 157, "inserted": ["8"]}}
{"dateTime": "2025-08-11T19:01:01.133Z", "eventType": "blur", "fullPath": "/main.py"}
{"dateTime": "2025-08-11T19:01:01.637Z", "eventType": "submission", "details": {"correctness": 0, "commit": "43cefa9f3676f58fd1908cbcdd26177dc1274106", "executionTime": 0.01}}
{"dateTime": "2025-08-11T19:01:09.942Z", "eventType": "focus", "fullPath": "/main.py"}
{"dateTime": "2025-08-11T19:01:09.954Z", "eventType": "select.pointer", "fullPath": "/main.py", "details": {"selection": {"from": 157, "to": 157}}}
{"dateTime": "2025-08-11T19:01:10.885Z", "eventType": "delete.backward", "fullPath": "/main.py", "details": {"fromA": 156, "toA": 157, "fromB": 156, "toB": 156, "inserted": [""]}}
{"dateTime": "2025-08-11T19:01:11.221Z", "eventType": "focus", "fullPath": "/main.py"}
{"dateTime": "2025-08-11T19:01:11.234Z", "eventType": "select.pointer", "fullPath": "/main.py", "details": {"selection": {"from": 117, "to": 117}}}
{"dateTime": "2025-08-11T19:01:11.853Z", "eventType": "input.type", "fullPath": "/main.py", "details": {"fromA": 156, "toA": 156, "fromB": 156, "toB": 157, "inserted": ["1"]}}
{"dateTime": "2025-08-11T19:01:12.332Z", "eventType": "input.type", "fullPath": "/main.py", "details": {"fromA": 157, "toA": 157, "fromB": 157, "toB": 158, "inserted": ["6"]}}
{"dateTime": "2025-08-11T19:01:13.977Z", "eventType": "blur", "fullPath": "/main.py"}
{"dateTime": "2025-08-11T19:01:14.490Z", "eventType": "submission", "details": {"correctness": 0, "commit": "da58c0182cc11a09632fe44a4cb9a7f83eedeff5", "executionTime": 0.01}}
{"dateTime": "2025-08-11T19:01:16.390Z", "eventType": "select", "fullPath": "/main.py", "details": {"selection": {"from": 118, "to": 118}}}
{"dateTime": "2025-08-11T19:01:16.441Z", "eventType": "focus", "fullPath": "/main.py"}
{"dateTime": "2025-08-11T19:01:16.446Z", "eventType": "select.pointer", "fullPath": "/main.py", "details": {"selection": {"from": 158, "to": 158}}}
{"dateTime": "2025-08-11T19:01:17.098Z", "eventType": "delete.backward", "fullPath": "/main.py", "details": {"fromA": 157, "toA": 158, "fromB": 157, "toB": 157, "inserted": [""]}}
{"dateTime": "2025-08-11T19:01:17.374Z", "eventType": "delete.backward", "fullPath": "/main.py", "details": {"fromA": 156, "toA": 157, "fromB": 156, "toB": 156, "inserted": [""]}}
{"dateTime": "2025-08-11T19:01:17.712Z", "eventType": "delete.backward", "fullPath": "/main.py", "details": {"fromA": 117, "toA": 118, "fromB": 117, "toB": 117, "inserted": [""]}}
{"dateTime": "2025-08-11T19:01:18.003Z", "eventType": "delete.backward", "fullPath": "/main.py", "details": {"fromA": 116, "toA": 117, "fromB": 116, "toB": 116, "inserted": [""]}}
{"dateTime": "2025-08-11T19:01:18.268Z", "eventType": "delete.backward", "fullPath": "/main.py", "details": {"fromA": 115, "toA": 116, "fromB": 115, "toB": 115, "inserted": [""]}}
{"dateTime": "2025-08-11T19:01:18.544Z", "eventType": "input.type", "fullPath": "/main.py", "details": {"fromA": 156, "toA": 156, "fromB": 156, "toB": 157, "inserted": ["8"]}}
{"dateTime": "2025-08-11T19:01:18.566Z", "eventType": "delete.backward", "fullPath": "/main.py", "details": {"fromA": 114, "toA": 115, "fromB": 114, "toB": 114, "inserted": [""]}}
{"dateTime": "2025-08-11T19:01:19.101Z", "eventType": "input.type", "fullPath": "/main.py", "details": {"fromA": 114, "toA": 114, "fromB": 114, "toB": 115, "inserted": [" "]}}
{"dateTime": "2025-08-11T19:01:20.744Z", "eventType": "select.pointer", "fullPath": "/main.py", "details": {"selection": {"from": 159, "to": 159}}}
{"dateTime": "2025-08-11T19:01:21.800Z", "eventType": "select", "fullPath": "/main.py", "details": {"selection": {"from": 160, "to": 160}}}
{"dateTime": "2025-08-11T19:01:22.183Z", "eventType": "delete.backward", "fullPath": "/main.py", "details": {"fromA": 159, "toA": 160, "fromB": 159, "toB": 159, "inserted": [""]}}
{"dateTime": "2025-08-11T19:01:22.422Z", "eventType": "delete.backward", "fullPath": "/main.py", "details": {"fromA": 158, "toA": 159, "fromB": 158, "toB": 158, "inserted": [""]}}
{"dateTime": "2025-08-11T19:01:22.651Z", "eventType": "delete.backward", "fullPath": "/main.py", "details": {"fromA": 157, "toA": 158, "fromB": 157, "toB": 157, "inserted": [""]}}
{"dateTime": "2025-08-11T19:01:22.924Z", "eventType": "delete.backward", "fullPath": "/main.py", "details": {"fromA": 156, "toA": 157, "fromB": 156, "toB": 156, "inserted": [""]}}
{"dateTime": "2025-08-11T19:01:23.450Z", "eventType": "input.type", "fullPath": "/main.py", "details": {"fromA": 156, "toA": 156, "fromB": 156, "toB": 157, "inserted": [" "]}}
{"dateTime": "2025-08-11T19:01:42.611Z", "eventType": "blur", "fullPath": "/main.py"}
{"dateTime": "2025-08-11T19:02:34.523Z", "eventType": "focus", "fullPath": "/main.py"}
{"dateTime": "2025-08-11T19:02:34.535Z", "eventType": "select.pointer", "fullPath": "/main.py", "details": {"selection": {"from": 157, "to": 157}}}
{"dateTime": "2025-08-11T19:02:35.960Z", "eventType": "delete.backward", "fullPath": "/main.py", "details": {"fromA": 156, "toA": 157, "fromB": 156, "toB": 156, "inserted": [""]}}
{"dateTime": "2025-08-11T19:02:37.524Z", "eventType": "select.pointer", "fullPath": "/main.py", "details": {"selection": {"from": 115, "to": 115}}}
{"dateTime": "2025-08-11T19:02:38.335Z", "eventType": "delete.backward", "fullPath": "/main.py", "details": {"fromA": 114, "toA": 115, "fromB": 114, "toB": 114, "inserted": [""]}}
{"dateTime": "2025-08-11T19:04:07.618Z", "eventType": "input.type", "fullPath": "/main.py", "details": {"fromA": 114, "toA": 114, "fromB": 114, "toB": 115, "inserted": ["2"]}}
{"dateTime": "2025-08-11T19:04:11.570Z", "eventType": "delete.backward", "fullPath": "/main.py", "details": {"fromA": 114, "toA": 115, "fromB": 114, "toB": 114, "inserted": [""]}}
{"dateTime": "2025-08-11T19:04:12.570Z", "eventType": "input.type", "fullPath": "/main.py", "details": {"fromA": 114, "toA": 114, "fromB": 114, "toB": 115, "inserted": ["1"]}}
{"dateTime": "2025-08-11T19:04:13.200Z", "eventType": "input.type", "fullPath": "/main.py", "details": {"fromA": 115, "toA": 115, "fromB": 115, "toB": 116, "inserted": ["0"]}}
{"dateTime": "2025-08-11T19:04:19.821Z", "eventType": "select.pointer", "fullPath": "/main.py", "details": {"selection": {"from": 157, "to": 157}}}
{"dateTime": "2025-08-11T19:04:21.585Z", "eventType": "input.type", "fullPath": "/main.py", "details": {"fromA": 157, "toA": 157, "fromB": 157, "toB": 158, "inserted": ["n"]}}
{"dateTime": "2025-08-11T19:04:22.156Z", "eventType": "input.type", "fullPath": "/main.py", "details": {"fromA": 158, "toA": 158, "fromB": 158, "toB": 159, "inserted": ["y"]}}
{"dateTime": "2025-08-11T19:04:23.925Z", "eventType": "delete.backward", "fullPath": "/main.py", "details": {"fromA": 158, "toA": 159, "fromB": 158, "toB": 158, "inserted": [""]}}
{"dateTime": "2025-08-11T19:04:24.385Z", "eventType": "input.type", "fullPath": "/main.py", "details": {"fromA": 158, "toA": 158, "fromB": 158, "toB": 159, "inserted": ["u"]}}
{"dateTime": "2025-08-11T19:04:25.918Z", "eventType": "input.complete", "fullPath": "/main.py", "details": {"fromA": 157, "toA": 159, "fromB": 157, "toB": 160, "inserted": ["num"]}}
{"dateTime": "2025-08-11T19:04:27.139Z", "eventType": "input.type", "fullPath": "/main.py", "details": {"fromA": 160, "toA": 160, "fromB": 160, "toB": 161, "inserted": ["1"]}}
{"dateTime": "2025-08-11T19:04:28.808Z", "eventType": "input.type", "fullPath": "/main.py", "details": {"fromA": 161, "toA": 161, "fromB": 161, "toB": 162, "inserted": ["0"]}}
{"dateTime": "2025-08-11T19:04:37.573Z", "eventType": "blur", "fullPath": "/main.py"}
{"dateTime": "2025-08-11T19:04:38.146Z", "eventType": "submission", "details": {"correctness": 0, "commit": "5790ef1bd98e59918349e610ba5bfcf186b78719", "executionTime": 0}}
{"dateTime": "2025-08-11T19:04:41.052Z", "eventType": "focus", "fullPath": "/main.py"}
{"dateTime": "2025-08-11T19:04:41.062Z", "eventType": "select.pointer", "fullPath": "/main.py", "details": {"selection": {"from": 160, "to": 160}}}
{"dateTime": "2025-08-11T19:04:44.840Z", "eventType": "input.type", "fullPath": "/main.py", "details": {"fromA": 160, "toA": 160, "fromB": 160, "toB": 161, "inserted": ["("]}}
{"dateTime": "2025-08-11T19:04:47.040Z", "eventType": "select.pointer", "fullPath": "/main.py", "details": {"selection": {"from": 164, "to": 164}}}
{"dateTime": "2025-08-11T19:04:49.266Z", "eventType": "input.type", "fullPath": "/main.py", "details": {"fromA": 164, "toA": 164, "fromB": 164, "toB": 165, "inserted": [")"]}}
{"dateTime": "2025-08-11T19:04:50.581Z", "eventType": "blur", "fullPath": "/main.py"}
{"dateTime": "2025-08-11T19:04:51.091Z", "eventType": "submission", "details": {"correctness": 0, "commit": "a1bb6421292890cf0c36cc6a5c36a6b26c80b59a", "executionTime": 0}}
{"dateTime": "2025-08-11T19:04:53.949Z", "eventType": "focus", "fullPath": "/main.py"}
{"dateTime": "2025-08-11T19:04:53.960Z", "eventType": "select.pointer", "fullPath": "/main.py", "details": {"selection": {"from": 164, "to": 164}}}
{"dateTime": "2025-08-11T19:04:54.707Z", "eventType": "delete.backward", "fullPath": "/main.py", "details": {"fromA": 163, "toA": 164, "fromB": 163, "toB": 163, "inserted": [""]}}
{"dateTime": "2025-08-11T19:04:55.217Z", "eventType": "delete.backward", "fullPath": "/main.py", "details": {"fromA": 162, "toA": 163, "fromB": 162, "toB": 162, "inserted": [""]}}
{"dateTime": "2025-08-11T19:04:57.283Z", "eventType": "delete.backward", "fullPath": "/main.py", "details": {"fromA": 161, "toA": 162, "fromB": 161, "toB": 161, "inserted": [""]}}
{"dateTime": "2025-08-11T19:04:58.239Z", "eventType": "input.type", "fullPath": "/main.py", "details": {"fromA": 161, "toA": 161, "fromB": 161, "toB": 162, "inserted": ["2"]}}
{"dateTime": "2025-08-11T19:04:58.916Z", "eventType": "input.type", "fullPath": "/main.py", "details": {"fromA": 162, "toA": 162, "fromB": 162, "toB": 163, "inserted": ["0"]}}
{"dateTime": "2025-08-11T19:05:02.495Z", "eventType": "select.pointer", "fullPath": "/main.py", "details": {"selection": {"from": 161, "to": 161}}}
{"dateTime": "2025-08-11T19:05:03.161Z", "eventType": "delete.backward", "fullPath": "/main.py", "details": {"fromA": 160, "toA": 161, "fromB": 160, "toB": 160, "inserted": [""]}}
{"dateTime": "2025-08-11T19:05:04.052Z", "eventType": "input", "fullPath": "/main.py", "details": {"fromA": 160, "toA": 160, "fromB": 160, "toB": 167, "inserted": ["", "      "]}}
{"dateTime": "2025-08-11T19:05:05.765Z", "eventType": "blur", "fullPath": "/main.py"}
{"dateTime": "2025-08-11T19:05:06.236Z", "eventType": "submission", "details": {"correctness": 0, "commit": "5b3c2defda11e4cbba1a85bd84afa621c8965fc3", "executionTime": 0}}
{"dateTime": "2025-08-11T19:05:07.566Z", "eventType": "submission", "details": {"correctness": 0, "commit": "5b3c2defda11e4cbba1a85bd84afa621c8965fc3", "executionTime": 0}}
{"dateTime": "2025-08-11T19:05:08.829Z", "eventType": "focus", "fullPath": "/main.py"}
{"dateTime": "2025-08-11T19:05:08.838Z", "eventType": "select.pointer", "fullPath": "/main.py", "details": {"selection": {"from": 168, "to": 168}}}
{"dateTime": "2025-08-11T19:05:09.537Z", "eventType": "select.pointer", "fullPath": "/main.py", "details": {"selection": {"from": 167, "to": 167}}}
{"dateTime": "2025-08-11T19:05:10.274Z", "eventType": "delete.backward", "fullPath": "/main.py", "details": {"fromA": 165, "toA": 167, "fromB": 165, "toB": 165, "inserted": [""]}}
{"dateTime": "2025-08-11T19:05:10.455Z", "eventType": "delete.backward", "fullPath": "/main.py", "details": {"fromA": 163, "toA": 165, "fromB": 163, "toB": 163, "inserted": [""]}}
{"dateTime": "2025-08-11T19:05:10.608Z", "eventType": "delete.backward", "fullPath": "/main.py", "details": {"fromA": 161, "toA": 163, "fromB": 161, "toB": 161, "inserted": [""]}}
{"dateTime": "2025-08-11T19:05:10.775Z", "eventType": "delete.backward", "fullPath": "/main.py", "details": {"fromA": 160, "toA": 161, "fromB": 160, "toB": 160, "inserted": [""]}}
{"dateTime": "2025-08-11T19:05:13.169Z", "eventType": "blur", "fullPath": "/main.py"}
{"dateTime": "2025-08-11T19:05:13.651Z", "eventType": "submission", "details": {"correctness": 0, "commit": "f76669f4025682a9da233905c34771fe275a8b57", "executionTime": 0}}
{"dateTime": "2025-08-11T19:05:14.715Z", "eventType": "submission", "details": {"correctness": 0, "commit": "f76669f4025682a9da233905c34771fe275a8b57", "executionTime": 0}}
{"dateTime": "2025-08-11T19:05:17.889Z", "eventType": "focus", "fullPath": "/main.py"}
{"dateTime": "2025-08-11T19:05:17.897Z", "eventType": "select.pointer", "fullPath": "/main.py", "details": {"selection": {"from": 162, "to": 162}}}
{"dateTime": "2025-08-11T19:05:49.764Z", "eventType": "select.pointer", "fullPath": "/main.py", "details": {"selection": {"from": 116, "to": 116}}}
{"dateTime": "2025-08-11T19:05:51.056Z", "eventType": "delete.backward", "fullPath": "/main.py", "details": {"fromA": 115, "toA": 116, "fromB": 115, "toB": 115, "inserted": [""]}}
{"dateTime": "2025-08-11T19:05:51.097Z", "eventType": "select.pointer", "fullPath": "/main.py", "details": {"selection": {"from": 114, "to": 114}}}
{"dateTime": "2025-08-11T19:05:51.354Z", "eventType": "delete.backward", "fullPath": "/main.py", "details": {"fromA": 114, "toA": 115, "fromB": 114, "toB": 114, "inserted": [""]}}
{"dateTime": "2025-08-11T19:05:55.219Z", "eventType": "input.type", "fullPath": "/main.py", "details": {"fromA": 114, "toA": 114, "fromB": 114, "toB": 116, "inserted": ["\"\""]}}
{"dateTime": "2025-08-11T19:05:59.653Z", "eventType": "input.type", "fullPath": "/main.py", "details": {"fromA": 114, "toA": 114, "fromB": 114, "toB": 115, "inserted": ["D"]}}
{"dateTime": "2025-08-11T19:06:00.994Z", "eventType": "input.type", "fullPath": "/main.py", "details": {"fromA": 115, "toA": 115, "fromB": 115, "toB": 116, "inserted": ["i"]}}
{"dateTime": "2025-08-11T19:06:02.239Z", "eventType": "input.type", "fullPath": "/main.py", "details": {"fromA": 116, "toA": 116, "fromB": 116, "toB": 117, "inserted": ["g"]}}
{"dateTime": "2025-08-11T19:06:02.694Z", "eventType": "input.type", "fullPath": "/main.py", "details": {"fromA": 117, "toA": 117, "fromB": 117, "toB": 118, "inserted": ["i"]}}
{"dateTime": "2025-08-11T19:06:03.072Z", "eventType": "input.type", "fullPath": "/main.py", "details": {"fromA": 118, "toA": 118, "fromB": 118, "toB": 119, "inserted": ["t"]}}
{"dateTime": "2025-08-11T19:06:03.385Z", "eventType": "input.type", "fullPath": "/main.py", "details": {"fromA": 115, "toA": 115, "fromB": 115, "toB": 116, "inserted": ["D"]}}
{"dateTime": "2025-08-11T19:06:03.419Z", "eventType": "input.type", "fullPath": "/main.py", "details": {"fromA": 119, "toA": 119, "fromB": 119, "toB": 120, "inserted": ["e"]}}
{"dateTime": "2025-08-11T19:06:03.675Z", "eventType": "input.type", "fullPath": "/main.py", "details": {"fromA": 120, "toA": 120, "fromB": 120, "toB": 121, "inserted": [" "]}}
{"dateTime": "2025-08-11T19:06:04.458Z", "eventType": "input.type", "fullPath": "/main.py", "details": {"fromA": 121, "toA": 121, "fromB": 121, "toB": 122, "inserted": ["u"]}}
{"dateTime": "2025-08-11T19:06:04.798Z", "eventType": "input.type", "fullPath": "/main.py", "details": {"fromA": 122, "toA": 122, "fromB": 122, "toB": 123, "inserted": ["m"]}}
{"dateTime": "2025-08-11T19:06:05.079Z", "eventType": "input.type", "fullPath": "/main.py", "details": {"fromA": 123, "toA": 123, "fromB": 123, "toB": 124, "inserted": [" "]}}
{"dateTime": "2025-08-11T19:06:05.135Z", "eventType": "input.type", "fullPath": "/main.py", "details": {"fromA": 116, "toA": 116, "fromB": 116, "toB": 117, "inserted": ["i"]}}
{"dateTime": "2025-08-11T19:06:05.311Z", "eventType": "input.type", "fullPath": "/main.py", "details": {"fromA": 124, "toA": 124, "fromB": 124, "toB": 125, "inserted": ["n"]}}
{"dateTime": "2025-08-11T19:06:05.541Z", "eventType": "input.type", "fullPath": "/main.py", "details": {"fromA": 117, "toA": 117, "fromB": 117, "toB": 118, "inserted": ["g"]}}
{"dateTime": "2025-08-11T19:06:05.752Z", "eventType": "input.type", "fullPath": "/main.py", "details": {"fromA": 125, "toA": 125, "fromB": 125, "toB": 126, "inserted": ["u"]}}
{"dateTime": "2025-08-11T19:06:05.879Z", "eventType": "input.type", "fullPath": "/main.py", "details": {"fromA": 118, "toA": 118, "fromB": 118, "toB": 119, "inserted": ["i"]}}
{"dateTime": "2025-08-11T19:06:06.100Z", "eventType": "input.type", "fullPath": "/main.py", "details": {"fromA": 126, "toA": 126, "fromB": 126, "toB": 127, "inserted": ["m"]}}
{"dateTime": "2025-08-11T19:06:06.299Z", "eventType": "input.type", "fullPath": "/main.py", "details": {"fromA": 127, "toA": 127, "fromB": 127, "toB": 128, "inserted": ["e"]}}
{"dateTime": "2025-08-11T19:06:06.469Z", "eventType": "input.type", "fullPath": "/main.py", "details": {"fromA": 119, "toA": 119, "fromB": 119, "toB": 120, "inserted": ["t"]}}
{"dateTime": "2025-08-11T19:06:06.583Z", "eventType": "input.type", "fullPath": "/main.py", "details": {"fromA": 128, "toA": 128, "fromB": 128, "toB": 129, "inserted": ["r"]}}
{"dateTime": "2025-08-11T19:06:06.689Z", "eventType": "input.type", "fullPath": "/main.py", "details": {"fromA": 120, "toA": 120, "fromB": 120, "toB": 121, "inserted": ["e"]}}
{"dateTime": "2025-08-11T19:06:06.955Z", "eventType": "input.type", "fullPath": "/main.py", "details": {"fromA": 121, "toA": 121, "fromB": 121, "toB": 122, "inserted": [" "]}}
{"dateTime": "2025-08-11T19:06:07.310Z", "eventType": "input.type", "fullPath": "/main.py", "details": {"fromA": 129, "toA": 129, "fromB": 129, "toB": 130, "inserted": ["o"]}}
{"dateTime": "2025-08-11T19:06:14.374Z", "eventType": "select.pointer", "fullPath": "/main.py", "details": {"selection": {"from": 123, "to": 123}}}
{"dateTime": "2025-08-11T19:06:15.167Z", "eventType": "delete.backward", "fullPath": "/main.py", "details": {"fromA": 122, "toA": 123, "fromB": 122, "toB": 122, "inserted": [""]}}
{"dateTime": "2025-08-11T19:06:15.455Z", "eventType": "delete.backward", "fullPath": "/main.py", "details": {"fromA": 121, "toA": 122, "fromB": 121, "toB": 121, "inserted": [""]}}
{"dateTime": "2025-08-11T19:06:15.843Z", "eventType": "input.type", "fullPath": "/main.py", "details": {"fromA": 122, "toA": 122, "fromB": 122, "toB": 123, "inserted": ["u"]}}
{"dateTime": "2025-08-11T19:06:16.102Z", "eventType": "input.type", "fullPath": "/main.py", "details": {"fromA": 121, "toA": 121, "fromB": 121, "toB": 122, "inserted": ["o"]}}
{"dateTime": "2025-08-11T19:06:16.210Z", "eventType": "input.type", "fullPath": "/main.py", "details": {"fromA": 123, "toA": 123, "fromB": 123, "toB": 124, "inserted": ["m"]}}
{"dateTime": "2025-08-11T19:06:16.488Z", "eventType": "input.type", "fullPath": "/main.py", "details": {"fromA": 124, "toA": 124, "fromB": 124, "toB": 125, "inserted": [" "]}}
{"dateTime": "2025-08-11T19:06:16.817Z", "eventType": "input.type", "fullPath": "/main.py", "details": {"fromA": 125, "toA": 125, "fromB": 125, "toB": 126, "inserted": ["n"]}}
{"dateTime": "2025-08-11T19:06:17.329Z", "eventType": "input.type", "fullPath": "/main.py", "details": {"fromA": 126, "toA": 126, "fromB": 126, "toB": 127, "inserted": ["u"]}}
{"dateTime": "2025-08-11T19:06:17.803Z", "eventType": "input.type", "fullPath": "/main.py", "details": {"fromA": 127, "toA": 127, "fromB": 127, "toB": 128, "inserted": ["m"]}}
{"dateTime": "2025-08-11T19:06:18.028Z", "eventType": "input.type", "fullPath": "/main.py", "details": {"fromA": 128, "toA": 128, "fromB": 128, "toB": 129, "inserted": ["e"]}}
{"dateTime": "2025-08-11T19:06:18.337Z", "eventType": "input.type", "fullPath": "/main.py", "details": {"fromA": 129, "toA": 129, "fromB": 129, "toB": 130, "inserted": ["r"]}}
{"dateTime": "2025-08-11T19:06:18.627Z", "eventType": "input.type", "fullPath": "/main.py", "details": {"fromA": 130, "toA": 130, "fromB": 130, "toB": 131, "inserted": ["o"]}}
{"dateTime": "2025-08-11T19:06:20.124Z", "eventType": "select.pointer", "fullPath": "/main.py", "details": {"selection": {"from": 129, "to": 129}}}
{"dateTime": "2025-08-11T19:06:25.385Z", "eventType": "select.pointer", "fullPath": "/main.py", "details": {"selection": {"from": 124, "to": 124}}}
{"dateTime": "2025-08-11T19:06:25.521Z", "eventType": "input.type", "fullPath": "/main.py", "details": {"fromA": 129, "toA": 129, "fromB": 129, "toB": 130, "inserted": ["\""]}}
{"dateTime": "2025-08-11T19:06:26.166Z", "eventType": "delete.backward", "fullPath": "/main.py", "details": {"fromA": 123, "toA": 124, "fromB": 123, "toB": 123, "inserted": [""]}}
{"dateTime": "2025-08-11T19:06:26.385Z", "eventType": "delete.backward", "fullPath": "/main.py", "details": {"fromA": 122, "toA": 123, "fromB": 122, "toB": 122, "inserted": [""]}}
{"dateTime": "2025-08-11T19:06:27.436Z", "eventType": "select.pointer", "fullPath": "/main.py", "details": {"selection": {"from": 114, "to": 114}}}
{"dateTime": "2025-08-11T19:06:27.930Z", "eventType": "input.type", "fullPath": "/main.py", "details": {"fromA": 122, "toA": 122, "fromB": 122, "toB": 123, "inserted": ["0"]}}
{"dateTime": "2025-08-11T19:06:28.093Z", "eventType": "input.type", "fullPath": "/main.py", "details": {"fromA": 114, "toA": 114, "fromB": 114, "toB": 115, "inserted": ["\""]}}
{"dateTime": "2025-08-11T19:06:29.506Z", "eventType": "delete.backward", "fullPath": "/main.py", "details": {"fromA": 122, "toA": 123, "fromB": 122, "toB": 122, "inserted": [""]}}
{"dateTime": "2025-08-11T19:06:30.105Z", "eventType": "input.type", "fullPath": "/main.py", "details": {"fromA": 122, "toA": 122, "fromB": 122, "toB": 123, "inserted": ["o"]}}
{"dateTime": "2025-08-11T19:06:38.174Z", "eventType": "select.pointer", "fullPath": "/main.py", "details": {"selection": {"from": 173, "to": 173}}}
{"dateTime": "2025-08-11T19:06:40.747Z", "eventType": "input.type", "fullPath": "/main.py", "details": {"fromA": 173, "toA": 173, "fromB": 173, "toB": 174, "inserted": ["n"]}}
{"dateTime": "2025-08-11T19:06:41.380Z", "eventType": "input.type", "fullPath": "/main.py", "details": {"fromA": 174, "toA": 174, "fromB": 174, "toB": 175, "inserted": ["u"]}}
{"dateTime": "2025-08-11T19:06:41.697Z", "eventType": "select.pointer", "fullPath": "/main.py", "details": {"selection": {"from": 176, "to": 176}}}
{"dateTime": "2025-08-11T19:06:42.612Z", "eventType": "select.pointer", "fullPath": "/main.py", "details": {"selection": {"from": 177, "to": 177}}}
{"dateTime": "2025-08-11T19:06:43.319Z", "eventType": "delete.backward", "fullPath": "/main.py", "details": {"fromA": 176, "toA": 177, "fromB": 176, "toB": 176, "inserted": [""]}}
{"dateTime": "2025-08-11T19:06:43.479Z", "eventType": "input.complete", "fullPath": "/main.py", "details": {"fromA": 173, "toA": 175, "fromB": 173, "toB": 176, "inserted": ["num"]}}
{"dateTime": "2025-08-11T19:06:43.550Z", "eventType": "delete.backward", "fullPath": "/main.py", "details": {"fromA": 175, "toA": 176, "fromB": 175, "toB": 175, "inserted": [""]}}
{"dateTime": "2025-08-11T19:06:43.758Z", "eventType": "delete.backward", "fullPath": "/main.py", "details": {"fromA": 174, "toA": 175, "fromB": 174, "toB": 174, "inserted": [""]}}
{"dateTime": "2025-08-11T19:06:43.985Z", "eventType": "delete.backward", "fullPath": "/main.py", "details": {"fromA": 173, "toA": 174, "fromB": 173, "toB": 173, "inserted": [""]}}
{"dateTime": "2025-08-11T19:06:44.488Z", "eventType": "delete.backward", "fullPath": "/main.py", "details": {"fromA": 172, "toA": 173, "fromB": 172, "toB": 172, "inserted": [""]}}
{"dateTime": "2025-08-11T19:06:47.945Z", "eventType": "input.type", "fullPath": "/main.py", "details": {"fromA": 176, "toA": 176, "fromB": 176, "toB": 177, "inserted": ["*"]}}
{"dateTime": "2025-08-11T19:06:48.064Z", "eventType": "blur", "fullPath": "/main.py"}
{"dateTime": "2025-08-11T19:06:48.627Z", "eventType": "submission", "details": {"correctness": 0, "commit": "faf45b3c69feb39f9909eb10ff286ee7a5c30fb0", "executionTime": 0.01}}
{"dateTime": "2025-08-11T19:06:49.431Z", "eventType": "input.type", "fullPath": "/main.py", "details": {"fromA": 177, "toA": 177, "fromB": 177, "toB": 178, "inserted": ["2"]}}
{"dateTime": "2025-08-11T19:06:51.877Z", "eventType": "select.pointer", "fullPath": "/main.py", "details": {"selection": {"from": 179, "to": 179}}}
{"dateTime": "2025-08-11T19:06:52.799Z", "eventType": "delete.backward", "fullPath": "/main.py", "details": {"fromA": 178, "toA": 179, "fromB": 178, "toB": 178, "inserted": [""]}}
{"dateTime": "2025-08-11T19:06:53.372Z", "eventType": "focus", "fullPath": "/main.py"}
{"dateTime": "2025-08-11T19:06:53.380Z", "eventType": "select.pointer", "fullPath": "/main.py", "details": {"selection": {"from": 130, "to": 130}}}
{"dateTime": "2025-08-11T19:06:53.627Z", "eventType": "select.pointer", "fullPath": "/main.py", "details": {"selection": {"from": 129, "to": 130}}}
{"dateTime": "2025-08-11T19:06:53.646Z", "eventType": "select.pointer", "fullPath": "/main.py", "details": {"selection": {"from": 127, "to": 130}}}
{"dateTime": "2025-08-11T19:06:53.662Z", "eventType": "select.pointer", "fullPath": "/main.py", "details": {"selection": {"from": 125, "to": 130}}}
{"dateTime": "2025-08-11T19:06:53.678Z", "eventType": "select.pointer", "fullPath": "/main.py", "details": {"selection": {"from": 66, "to": 130}}}
{"dateTime": "2025-08-11T19:06:53.690Z", "eventType": "select.pointer", "fullPath": "/main.py", "details": {"selection": {"from": 64, "to": 130}}}
{"dateTime": "2025-08-11T19:06:53.706Z", "eventType": "select.pointer", "fullPath": "/main.py", "details": {"selection": {"from": 63, "to": 130}}}
{"dateTime": "2025-08-11T19:06:53.737Z", "eventType": "select.pointer", "fullPath": "/main.py", "details": {"selection": {"from": 62, "to": 130}}}
{"dateTime": "2025-08-11T19:06:53.787Z", "eventType": "select.pointer", "fullPath": "/main.py", "details": {"selection": {"from": 61, "to": 130}}}
{"dateTime": "2025-08-11T19:06:53.887Z", "eventType": "select.pointer", "fullPath": "/main.py", "details": {"selection": {"from": 60, "to": 130}}}
{"dateTime": "2025-08-11T19:06:54.004Z", "eventType": "select.pointer", "fullPath": "/main.py", "details": {"selection": {"from": 59, "to": 130}}}
{"dateTime": "2025-08-11T19:06:54.123Z", "eventType": "select.pointer", "fullPath": "/main.py", "details": {"selection": {"from": 116, "to": 130}}}
{"dateTime": "2025-08-11T19:06:54.470Z", "eventType": "select.pointer", "fullPath": "/main.py", "details": {"selection": {"from": 115, "to": 130}}}
{"dateTime": "2025-08-11T19:06:54.506Z", "eventType": "blur", "fullPath": "/main.py"}
{"dateTime": "2025-08-11T19:06:55.083Z", "eventType": "submission", "details": {"correctness": 1, "commit": "973248eebb3b654d05ace1439d2682b5059fe46a", "executionTime": 0.01}}
{"dateTime": "2025-08-11T19:06:55.536Z", "eventType": "delete.selection", "fullPath": "/main.py", "details": {"fromA": 115, "toA": 130, "fromB": 115, "toB": 115, "inserted": [""]}}
{"dateTime": "2025-08-11T19:06:57.098Z", "eventType": "input.type", "fullPath": "/main.py", "details": {"fromA": 115, "toA": 115, "fromB": 115, "toB": 116, "inserted": ["1"]}}
{"dateTime": "2025-08-11T19:06:57.268Z", "eventType": "input.type", "fullPath": "/main.py", "details": {"fromA": 116, "toA": 116, "fromB": 116, "toB": 117, "inserted": ["0"]}}
{"dateTime": "2025-08-11T19:06:58.626Z", "eventType": "blur", "fullPath": "/main.py"}
{"dateTime": "2025-08-11T19:06:59.097Z", "eventType": "submission", "details": {"correctness": 0, "commit": "104e7ccab14c72b6f244aae5575b08c14b592f12", "executionTime": 0.01}}
{"dateTime": "2025-08-11T19:07:02.318Z", "eventType": "focus", "fullPath": "/main.py"}
{"dateTime": "2025-08-11T19:07:02.326Z", "eventType": "select.pointer", "fullPath": "/main.py", "details": {"selection": {"from": 159, "to": 159}}}
{"dateTime": "2025-08-11T19:07:03.618Z", "eventType": "input.type", "fullPath": "/main.py", "details": {"fromA": 159, "toA": 159, "fromB": 159, "toB": 160, "inserted": ["2"]}}
{"dateTime": "2025-08-11T19:07:03.793Z", "eventType": "input.type", "fullPath": "/main.py", "details": {"fromA": 160, "toA": 160, "fromB": 160, "toB": 161, "inserted": ["0"]}}
{"dateTime": "2025-08-11T19:07:05.424Z", "eventType": "blur", "fullPath": "/main.py"}
{"dateTime": "2025-08-11T19:07:05.914Z", "eventType": "submission", "details": {"correctness": 0, "commit": "bdd47e8c58172e01eebb002637fcf1d9a621ff07", "executionTime": 0.01}}
{"dateTime": "2025-08-13T14:08:55.316Z", "eventType": "window.focus", "fullPath": "/main.py"}
{"dateTime": "2025-08-13T14:09:03.296Z", "eventType": "window.blur", "fullPath": "/main.py"}
{"dateTime": "2025-08-19T00:14:51.851Z", "eventType": "window.blur", "fullPath": "/main.py"}
{"dateTime": "2025-08-19T00:15:43.972Z", "eventType": "window.focus", "fullPath": "/main.py"}
{"dateTime": "2025-08-19T00:15:44.833Z", "eventType": "window.blur", "fullPath": "/main.py"}
{"dateTime": "2025-08-19T00:16:13.870Z", "eventType": "window.focus", "fullPath": "/main.py"}
