{"dateTime": "2025-08-28T20:00:13.476Z", "eventType": "focus", "fullPath": "/main.py"}
{"dateTime": "2025-08-28T20:00:13.478Z", "eventType": "select.pointer", "fullPath": "/main.py", "details": {"selection": {"from": 0, "to": 0}}}
{"dateTime": "2025-08-28T20:00:17.653Z", "eventType": "blur", "fullPath": "/main.py"}
{"dateTime": "2025-08-28T20:00:50.485Z", "eventType": "focus", "fullPath": "/main.py"}
{"dateTime": "2025-08-28T20:00:50.488Z", "eventType": "select.pointer", "fullPath": "/main.py", "details": {"selection": {"from": 0, "to": 0}}}
{"dateTime": "2025-08-28T20:00:52.215Z", "eventType": "input.type", "fullPath": "/main.py", "details": {"fromA": 0, "toA": 0, "fromB": 0, "toB": 1, "inserted": ["x"]}}
{"dateTime": "2025-08-28T20:00:52.455Z", "eventType": "input.type", "fullPath": "/main.py", "details": {"fromA": 1, "toA": 1, "fromB": 1, "toB": 2, "inserted": ["="]}}
{"dateTime": "2025-08-28T20:00:55.078Z", "eventType": "input.type", "fullPath": "/main.py", "details": {"fromA": 2, "toA": 2, "fromB": 2, "toB": 3, "inserted": ["f"]}}
{"dateTime": "2025-08-28T20:00:55.225Z", "eventType": "input.type", "fullPath": "/main.py", "details": {"fromA": 3, "toA": 3, "fromB": 3, "toB": 4, "inserted": ["l"]}}
{"dateTime": "2025-08-28T20:00:55.400Z", "eventType": "input.type", "fullPath": "/main.py", "details": {"fromA": 4, "toA": 4, "fromB": 4, "toB": 5, "inserted": ["o"]}}
{"dateTime": "2025-08-28T20:00:56.390Z", "eventType": "input.complete", "fullPath": "/main.py", "details": {"fromA": 2, "toA": 5, "fromB": 2, "toB": 7, "inserted": ["float"]}}
{"dateTime": "2025-08-28T20:00:57.702Z", "eventType": "input.type", "fullPath": "/main.py", "details": {"fromA": 7, "toA": 7, "fromB": 7, "toB": 9, "inserted": ["()"]}}
{"dateTime": "2025-08-28T20:00:58.725Z", "eventType": "input.type", "fullPath": "/main.py", "details": {"fromA": 8, "toA": 8, "fromB": 8, "toB": 9, "inserted": ["i"]}}
{"dateTime": "2025-08-28T20:00:58.898Z", "eventType": "input.type", "fullPath": "/main.py", "details": {"fromA": 9, "toA": 9, "fromB": 9, "toB": 10, "inserted": ["n"]}}
{"dateTime": "2025-08-28T20:00:59.350Z", "eventType": "input.type", "fullPath": "/main.py", "details": {"fromA": 10, "toA": 10, "fromB": 10, "toB": 11, "inserted": ["p"]}}
{"dateTime": "2025-08-28T20:00:59.607Z", "eventType": "input.type", "fullPath": "/main.py", "details": {"fromA": 11, "toA": 11, "fromB": 11, "toB": 12, "inserted": ["u"]}}
{"dateTime": "2025-08-28T20:01:00.757Z", "eventType": "input.complete", "fullPath": "/main.py", "details": {"fromA": 8, "toA": 12, "fromB": 8, "toB": 13, "inserted": ["input"]}}
{"dateTime": "2025-08-28T20:01:01.093Z", "eventType": "input.type", "fullPath": "/main.py", "details": {"fromA": 13, "toA": 13, "fromB": 13, "toB": 15, "inserted": ["()"]}}
{"dateTime": "2025-08-28T20:01:07.805Z", "eventType": "select.pointer", "fullPath": "/main.py", "details": {"selection": {"from": 16, "to": 16}}}
{"dateTime": "2025-08-28T20:01:08.725Z", "eventType": "input", "fullPath": "/main.py", "details": {"fromA": 16, "toA": 16, "fromB": 16, "toB": 17, "inserted": ["", ""]}}
{"dateTime": "2025-08-28T20:01:11.215Z", "eventType": "input.type", "fullPath": "/main.py", "details": {"fromA": 17, "toA": 17, "fromB": 17, "toB": 18, "inserted": ["p"]}}
{"dateTime": "2025-08-28T20:01:11.360Z", "eventType": "input.type", "fullPath": "/main.py", "details": {"fromA": 18, "toA": 18, "fromB": 18, "toB": 19, "inserted": ["r"]}}
{"dateTime": "2025-08-28T20:01:11.473Z", "eventType": "input.type", "fullPath": "/main.py", "details": {"fromA": 19, "toA": 19, "fromB": 19, "toB": 20, "inserted": ["i"]}}
{"dateTime": "2025-08-28T20:01:11.748Z", "eventType": "input.type", "fullPath": "/main.py", "details": {"fromA": 20, "toA": 20, "fromB": 20, "toB": 21, "inserted": ["m"]}}
{"dateTime": "2025-08-28T20:01:13.283Z", "eventType": "delete.backward", "fullPath": "/main.py", "details": {"fromA": 20, "toA": 21, "fromB": 20, "toB": 20, "inserted": [""]}}
{"dateTime": "2025-08-28T20:01:13.700Z", "eventType": "input.type", "fullPath": "/main.py", "details": {"fromA": 20, "toA": 20, "fromB": 20, "toB": 21, "inserted": ["m"]}}
{"dateTime": "2025-08-28T20:01:14.883Z", "eventType": "delete.backward", "fullPath": "/main.py", "details": {"fromA": 20, "toA": 21, "fromB": 20, "toB": 20, "inserted": [""]}}
{"dateTime": "2025-08-28T20:01:15.236Z", "eventType": "input.type", "fullPath": "/main.py", "details": {"fromA": 20, "toA": 20, "fromB": 20, "toB": 21, "inserted": ["m"]}}
{"dateTime": "2025-08-28T20:01:15.827Z", "eventType": "input.type", "fullPath": "/main.py", "details": {"fromA": 21, "toA": 21, "fromB": 21, "toB": 22, "inserted": ["t"]}}
{"dateTime": "2025-08-28T20:01:17.202Z", "eventType": "delete.backward", "fullPath": "/main.py", "details": {"fromA": 21, "toA": 22, "fromB": 21, "toB": 21, "inserted": [""]}}
{"dateTime": "2025-08-28T20:01:17.379Z", "eventType": "delete.backward", "fullPath": "/main.py", "details": {"fromA": 20, "toA": 21, "fromB": 20, "toB": 20, "inserted": [""]}}
{"dateTime": "2025-08-28T20:01:18.243Z", "eventType": "input.type", "fullPath": "/main.py", "details": {"fromA": 20, "toA": 20, "fromB": 20, "toB": 21, "inserted": ["n"]}}
{"dateTime": "2025-08-28T20:01:18.597Z", "eventType": "input.type", "fullPath": "/main.py", "details": {"fromA": 21, "toA": 21, "fromB": 21, "toB": 22, "inserted": ["t"]}}
{"dateTime": "2025-08-28T20:01:20.003Z", "eventType": "input.type", "fullPath": "/main.py", "details": {"fromA": 22, "toA": 22, "fromB": 22, "toB": 24, "inserted": ["()"]}}
{"dateTime": "2025-08-28T20:01:26.435Z", "eventType": "input.type", "fullPath": "/main.py", "details": {"fromA": 23, "toA": 23, "fromB": 23, "toB": 24, "inserted": ["x"]}}
{"dateTime": "2025-08-28T20:01:27.086Z", "eventType": "input.complete", "fullPath": "/main.py", "details": {"fromA": 23, "toA": 24, "fromB": 23, "toB": 24, "inserted": ["x"]}}
{"dateTime": "2025-08-28T20:01:29.621Z", "eventType": "blur", "fullPath": "/main.py"}
{"dateTime": "2025-08-28T20:01:36.236Z", "eventType": "submission", "details": {"correctness": 1, "commit": "6105bd507ba95c041d13807dfbd95a41d95aa63c", "executionTime": 0.01}}
