{"dateTime": "2025-08-11T14:21:52.763Z", "eventType": "window.focus", "fullPath": "/main.py"}
{"dateTime": "2025-08-11T14:22:47.364Z", "eventType": "select.pointer", "fullPath": "/main.py", "details": {"selection": {"from": 80, "to": 80}}}
{"dateTime": "2025-08-11T14:22:48.533Z", "eventType": "input", "fullPath": "/main.py", "details": {"fromA": 80, "toA": 80, "fromB": 80, "toB": 81, "inserted": ["", ""]}}
{"dateTime": "2025-08-11T14:22:50.420Z", "eventType": "input.type", "fullPath": "/main.py", "details": {"fromA": 81, "toA": 81, "fromB": 81, "toB": 82, "inserted": ["a"]}}
{"dateTime": "2025-08-11T14:22:50.645Z", "eventType": "input.type", "fullPath": "/main.py", "details": {"fromA": 82, "toA": 82, "fromB": 82, "toB": 83, "inserted": ["."]}}
{"dateTime": "2025-08-11T14:22:51.764Z", "eventType": "input.type", "fullPath": "/main.py", "details": {"fromA": 83, "toA": 83, "fromB": 83, "toB": 84, "inserted": ["u"]}}
{"dateTime": "2025-08-11T14:22:52.276Z", "eventType": "input.type", "fullPath": "/main.py", "details": {"fromA": 84, "toA": 84, "fromB": 84, "toB": 85, "inserted": ["p"]}}
{"dateTime": "2025-08-11T14:22:52.436Z", "eventType": "input.type", "fullPath": "/main.py", "details": {"fromA": 85, "toA": 85, "fromB": 85, "toB": 86, "inserted": ["p"]}}
{"dateTime": "2025-08-11T14:22:52.580Z", "eventType": "input.type", "fullPath": "/main.py", "details": {"fromA": 86, "toA": 86, "fromB": 86, "toB": 87, "inserted": ["e"]}}
{"dateTime": "2025-08-11T14:22:52.676Z", "eventType": "input.type", "fullPath": "/main.py", "details": {"fromA": 87, "toA": 87, "fromB": 87, "toB": 88, "inserted": ["r"]}}
{"dateTime": "2025-08-11T14:22:54.191Z", "eventType": "delete.backward", "fullPath": "/main.py", "details": {"fromA": 87, "toA": 88, "fromB": 87, "toB": 87, "inserted": [""]}}
{"dateTime": "2025-08-11T14:22:54.356Z", "eventType": "delete.backward", "fullPath": "/main.py", "details": {"fromA": 86, "toA": 87, "fromB": 86, "toB": 86, "inserted": [""]}}
{"dateTime": "2025-08-11T14:22:54.499Z", "eventType": "delete.backward", "fullPath": "/main.py", "details": {"fromA": 85, "toA": 86, "fromB": 85, "toB": 85, "inserted": [""]}}
{"dateTime": "2025-08-11T14:22:54.611Z", "eventType": "delete.backward", "fullPath": "/main.py", "details": {"fromA": 84, "toA": 85, "fromB": 84, "toB": 84, "inserted": [""]}}
{"dateTime": "2025-08-11T14:22:54.738Z", "eventType": "delete.backward", "fullPath": "/main.py", "details": {"fromA": 83, "toA": 84, "fromB": 83, "toB": 83, "inserted": [""]}}
{"dateTime": "2025-08-11T14:22:54.880Z", "eventType": "delete.backward", "fullPath": "/main.py", "details": {"fromA": 82, "toA": 83, "fromB": 82, "toB": 82, "inserted": [""]}}
{"dateTime": "2025-08-11T14:22:55.234Z", "eventType": "delete.backward", "fullPath": "/main.py", "details": {"fromA": 81, "toA": 82, "fromB": 81, "toB": 81, "inserted": [""]}}
{"dateTime": "2025-08-11T14:22:55.652Z", "eventType": "input.type", "fullPath": "/main.py", "details": {"fromA": 81, "toA": 81, "fromB": 81, "toB": 82, "inserted": ["p"]}}
{"dateTime": "2025-08-11T14:22:55.832Z", "eventType": "input.type", "fullPath": "/main.py", "details": {"fromA": 82, "toA": 82, "fromB": 82, "toB": 83, "inserted": ["r"]}}
{"dateTime": "2025-08-11T14:22:55.924Z", "eventType": "input.type", "fullPath": "/main.py", "details": {"fromA": 83, "toA": 83, "fromB": 83, "toB": 84, "inserted": ["i"]}}
{"dateTime": "2025-08-11T14:22:56.152Z", "eventType": "input.type", "fullPath": "/main.py", "details": {"fromA": 84, "toA": 84, "fromB": 84, "toB": 85, "inserted": ["n"]}}
{"dateTime": "2025-08-11T14:22:56.388Z", "eventType": "input.complete", "fullPath": "/main.py", "details": {"fromA": 81, "toA": 85, "fromB": 81, "toB": 86, "inserted": ["print"]}}
{"dateTime": "2025-08-11T14:22:57.059Z", "eventType": "input.type", "fullPath": "/main.py", "details": {"fromA": 86, "toA": 86, "fromB": 86, "toB": 88, "inserted": ["()"]}}
{"dateTime": "2025-08-11T14:22:57.285Z", "eventType": "input.type", "fullPath": "/main.py", "details": {"fromA": 87, "toA": 87, "fromB": 87, "toB": 88, "inserted": ["a"]}}
{"dateTime": "2025-08-11T14:22:58.339Z", "eventType": "input.type", "fullPath": "/main.py", "details": {"fromA": 88, "toA": 88, "fromB": 88, "toB": 89, "inserted": ["."]}}
{"dateTime": "2025-08-11T14:22:59.635Z", "eventType": "input.type", "fullPath": "/main.py", "details": {"fromA": 89, "toA": 89, "fromB": 89, "toB": 90, "inserted": ["l"]}}
{"dateTime": "2025-08-11T14:22:59.796Z", "eventType": "input.type", "fullPath": "/main.py", "details": {"fromA": 90, "toA": 90, "fromB": 90, "toB": 91, "inserted": ["o"]}}
{"dateTime": "2025-08-11T14:23:01.652Z", "eventType": "input.type", "fullPath": "/main.py", "details": {"fromA": 91, "toA": 91, "fromB": 91, "toB": 92, "inserted": ["w"]}}
{"dateTime": "2025-08-11T14:23:01.796Z", "eventType": "input.type", "fullPath": "/main.py", "details": {"fromA": 92, "toA": 92, "fromB": 92, "toB": 93, "inserted": ["e"]}}
{"dateTime": "2025-08-11T14:23:01.973Z", "eventType": "input.type", "fullPath": "/main.py", "details": {"fromA": 93, "toA": 93, "fromB": 93, "toB": 94, "inserted": ["r"]}}
{"dateTime": "2025-08-11T14:23:02.516Z", "eventType": "input.type", "fullPath": "/main.py", "details": {"fromA": 94, "toA": 94, "fromB": 94, "toB": 96, "inserted": ["()"]}}
{"dateTime": "2025-08-11T14:23:03.510Z", "eventType": "blur", "fullPath": "/main.py"}
{"dateTime": "2025-08-11T14:23:03.511Z", "eventType": "window.blur", "fullPath": "/main.py"}
{"dateTime": "2025-08-11T14:23:04.614Z", "eventType": "window.focus", "fullPath": "/main.py"}
{"dateTime": "2025-08-11T14:23:04.615Z", "eventType": "focus", "fullPath": "/main.py"}
{"dateTime": "2025-08-11T14:23:05.675Z", "eventType": "blur", "fullPath": "/main.py"}
{"dateTime": "2025-08-11T14:23:05.974Z", "eventType": "run", "details": {"commit": "412fc038b330d024d2cbf085200cd97e35f36dd4"}}
{"dateTime": "2025-08-11T14:23:07.319Z", "eventType": "focus", "fullPath": "/main.py"}
{"dateTime": "2025-08-11T14:23:07.321Z", "eventType": "select.pointer", "fullPath": "/main.py", "details": {"selection": {"from": 9, "to": 9}}}
{"dateTime": "2025-08-11T14:23:07.481Z", "eventType": "select.pointer", "fullPath": "/main.py", "details": {"selection": {"from": 9, "to": 10}}}
{"dateTime": "2025-08-11T14:23:09.201Z", "eventType": "select.pointer", "fullPath": "/main.py", "details": {"selection": {"from": 6, "to": 6}}}
{"dateTime": "2025-08-11T14:23:09.330Z", "eventType": "select.pointer", "fullPath": "/main.py", "details": {"selection": {"from": 6, "to": 7}}}
{"dateTime": "2025-08-11T14:23:09.411Z", "eventType": "select.pointer", "fullPath": "/main.py", "details": {"selection": {"from": 6, "to": 8}}}
{"dateTime": "2025-08-11T14:23:09.578Z", "eventType": "select.pointer", "fullPath": "/main.py", "details": {"selection": {"from": 6, "to": 9}}}
{"dateTime": "2025-08-11T14:23:09.938Z", "eventType": "select.pointer", "fullPath": "/main.py", "details": {"selection": {"from": 11, "to": 11}}}
{"dateTime": "2025-08-11T14:23:11.960Z", "eventType": "select.pointer", "fullPath": "/main.py", "details": {"selection": {"from": 10, "to": 10}}}
{"dateTime": "2025-08-11T14:23:13.277Z", "eventType": "select.pointer", "fullPath": "/main.py", "details": {"selection": {"from": 10, "to": 10}}}
{"dateTime": "2025-08-11T14:23:13.430Z", "eventType": "select.pointer", "fullPath": "/main.py", "details": {"selection": {"from": 9, "to": 10}}}
{"dateTime": "2025-08-11T14:23:13.562Z", "eventType": "select.pointer", "fullPath": "/main.py", "details": {"selection": {"from": 8, "to": 10}}}
{"dateTime": "2025-08-11T14:23:13.895Z", "eventType": "select.pointer", "fullPath": "/main.py", "details": {"selection": {"from": 7, "to": 10}}}
{"dateTime": "2025-08-11T14:23:14.212Z", "eventType": "select.pointer", "fullPath": "/main.py", "details": {"selection": {"from": 6, "to": 10}}}
{"dateTime": "2025-08-11T14:23:17.256Z", "eventType": "select.pointer", "fullPath": "/main.py", "details": {"selection": {"from": 11, "to": 11}}}
{"dateTime": "2025-08-11T14:23:17.443Z", "eventType": "select.pointer", "fullPath": "/main.py", "details": {"selection": {"from": 10, "to": 11}}}
{"dateTime": "2025-08-11T14:23:17.712Z", "eventType": "select.pointer", "fullPath": "/main.py", "details": {"selection": {"from": 0, "to": 11}}}
{"dateTime": "2025-08-11T14:23:24.074Z", "eventType": "input.type", "fullPath": "/main.py", "details": {"fromA": 0, "toA": 11, "fromB": 0, "toB": 1, "inserted": ["a"]}}
{"dateTime": "2025-08-11T14:23:25.209Z", "eventType": "input.type", "fullPath": "/main.py", "details": {"fromA": 1, "toA": 1, "fromB": 1, "toB": 2, "inserted": [" "]}}
{"dateTime": "2025-08-11T14:23:25.354Z", "eventType": "input.type", "fullPath": "/main.py", "details": {"fromA": 2, "toA": 2, "fromB": 2, "toB": 3, "inserted": ["="]}}
{"dateTime": "2025-08-11T14:23:25.417Z", "eventType": "input.type", "fullPath": "/main.py", "details": {"fromA": 3, "toA": 3, "fromB": 3, "toB": 4, "inserted": [" "]}}
{"dateTime": "2025-08-11T14:23:26.428Z", "eventType": "generic", "fullPath": "/main.py", "details": {"fromA": 4, "toA": 4, "fromB": 4, "toB": 28, "inserted": ["input(\"Fale um n\u00famero\") "]}}
{"dateTime": "2025-08-11T14:23:28.423Z", "eventType": "undo", "fullPath": "/main.py", "details": {"fromA": 4, "toA": 28, "fromB": 4, "toB": 4, "inserted": [""]}}
{"dateTime": "2025-08-11T14:23:29.501Z", "eventType": "submission", "details": {"correctness": 1, "commit": "412fc038b330d024d2cbf085200cd97e35f36dd4", "executionTime": 0.01}}
{"dateTime": "2025-08-11T14:23:30.912Z", "eventType": "blur", "fullPath": "/main.py"}
{"dateTime": "2025-08-11T14:23:39.430Z", "eventType": "focus", "fullPath": "/main.py"}
{"dateTime": "2025-08-11T14:23:39.433Z", "eventType": "select.pointer", "fullPath": "/main.py", "details": {"selection": {"from": 4, "to": 4}}}
{"dateTime": "2025-08-11T14:23:40.141Z", "eventType": "generic", "fullPath": "/main.py", "details": {"fromA": 4, "toA": 4, "fromB": 4, "toB": 28, "inserted": ["input(\"Fale um n\u00famero\") "]}}
{"dateTime": "2025-08-11T14:23:41.443Z", "eventType": "undo", "fullPath": "/main.py", "details": {"fromA": 4, "toA": 28, "fromB": 4, "toB": 4, "inserted": [""]}}
{"dateTime": "2025-08-11T14:23:42.921Z", "eventType": "input.type", "fullPath": "/main.py", "details": {"fromA": 4, "toA": 4, "fromB": 4, "toB": 6, "inserted": ["\"\""]}}
{"dateTime": "2025-08-11T14:23:43.576Z", "eventType": "input.type", "fullPath": "/main.py", "details": {"fromA": 5, "toA": 5, "fromB": 5, "toB": 6, "inserted": [" "]}}
{"dateTime": "2025-08-11T14:23:44.856Z", "eventType": "input.type", "fullPath": "/main.py", "details": {"fromA": 6, "toA": 6, "fromB": 6, "toB": 7, "inserted": ["A"]}}
{"dateTime": "2025-08-11T14:23:45.400Z", "eventType": "delete.backward", "fullPath": "/main.py", "details": {"fromA": 6, "toA": 7, "fromB": 6, "toB": 6, "inserted": [""]}}
{"dateTime": "2025-08-11T14:23:45.560Z", "eventType": "delete.backward", "fullPath": "/main.py", "details": {"fromA": 5, "toA": 6, "fromB": 5, "toB": 5, "inserted": [""]}}
{"dateTime": "2025-08-11T14:23:45.956Z", "eventType": "input.type", "fullPath": "/main.py", "details": {"fromA": 5, "toA": 5, "fromB": 5, "toB": 6, "inserted": ["A"]}}
{"dateTime": "2025-08-11T14:23:46.952Z", "eventType": "input.type", "fullPath": "/main.py", "details": {"fromA": 6, "toA": 6, "fromB": 6, "toB": 7, "inserted": ["u"]}}
{"dateTime": "2025-08-11T14:23:47.224Z", "eventType": "input.type", "fullPath": "/main.py", "details": {"fromA": 7, "toA": 7, "fromB": 7, "toB": 8, "inserted": ["g"]}}
{"dateTime": "2025-08-11T14:23:47.352Z", "eventType": "input.type", "fullPath": "/main.py", "details": {"fromA": 8, "toA": 8, "fromB": 8, "toB": 9, "inserted": ["u"]}}
{"dateTime": "2025-08-11T14:23:47.624Z", "eventType": "input.type", "fullPath": "/main.py", "details": {"fromA": 9, "toA": 9, "fromB": 9, "toB": 10, "inserted": ["a"]}}
{"dateTime": "2025-08-11T14:23:47.704Z", "eventType": "input.type", "fullPath": "/main.py", "details": {"fromA": 10, "toA": 10, "fromB": 10, "toB": 11, "inserted": ["t"]}}
{"dateTime": "2025-08-11T14:23:48.456Z", "eventType": "delete.backward", "fullPath": "/main.py", "details": {"fromA": 10, "toA": 11, "fromB": 10, "toB": 10, "inserted": [""]}}
{"dateTime": "2025-08-11T14:23:48.600Z", "eventType": "delete.backward", "fullPath": "/main.py", "details": {"fromA": 9, "toA": 10, "fromB": 9, "toB": 9, "inserted": [""]}}
{"dateTime": "2025-08-11T14:23:50.008Z", "eventType": "input.type", "fullPath": "/main.py", "details": {"fromA": 9, "toA": 9, "fromB": 9, "toB": 10, "inserted": ["s"]}}
{"dateTime": "2025-08-11T14:23:51.272Z", "eventType": "input.type", "fullPath": "/main.py", "details": {"fromA": 10, "toA": 10, "fromB": 10, "toB": 11, "inserted": ["t"]}}
{"dateTime": "2025-08-11T14:23:51.417Z", "eventType": "input.type", "fullPath": "/main.py", "details": {"fromA": 11, "toA": 11, "fromB": 11, "toB": 12, "inserted": ["a"]}}
{"dateTime": "2025-08-11T14:23:52.423Z", "eventType": "input.type", "fullPath": "/main.py", "details": {"fromA": 12, "toA": 12, "fromB": 12, "toB": 13, "inserted": [" "]}}
{"dateTime": "2025-08-11T14:23:52.984Z", "eventType": "input.type", "fullPath": "/main.py", "details": {"fromA": 13, "toA": 13, "fromB": 13, "toB": 14, "inserted": ["A"]}}
{"dateTime": "2025-08-11T14:23:53.384Z", "eventType": "input.type", "fullPath": "/main.py", "details": {"fromA": 14, "toA": 14, "fromB": 14, "toB": 15, "inserted": ["d"]}}
{"dateTime": "2025-08-11T14:23:53.512Z", "eventType": "input.type", "fullPath": "/main.py", "details": {"fromA": 15, "toA": 15, "fromB": 15, "toB": 16, "inserted": ["a"]}}
{"dateTime": "2025-08-11T14:23:53.640Z", "eventType": "input.type", "fullPath": "/main.py", "details": {"fromA": 16, "toA": 16, "fromB": 16, "toB": 17, "inserted": [" "]}}
{"dateTime": "2025-08-11T14:23:54.408Z", "eventType": "input.type", "fullPath": "/main.py", "details": {"fromA": 17, "toA": 17, "fromB": 17, "toB": 18, "inserted": ["B"]}}
{"dateTime": "2025-08-11T14:23:54.664Z", "eventType": "input.type", "fullPath": "/main.py", "details": {"fromA": 18, "toA": 18, "fromB": 18, "toB": 19, "inserted": ["y"]}}
{"dateTime": "2025-08-11T14:23:54.905Z", "eventType": "input.type", "fullPath": "/main.py", "details": {"fromA": 19, "toA": 19, "fromB": 19, "toB": 20, "inserted": ["r"]}}
{"dateTime": "2025-08-11T14:23:55.208Z", "eventType": "input.type", "fullPath": "/main.py", "details": {"fromA": 20, "toA": 20, "fromB": 20, "toB": 21, "inserted": ["o"]}}
{"dateTime": "2025-08-11T14:23:55.512Z", "eventType": "input.type", "fullPath": "/main.py", "details": {"fromA": 21, "toA": 21, "fromB": 21, "toB": 22, "inserted": ["n"]}}
{"dateTime": "2025-08-11T14:23:55.912Z", "eventType": "input.type", "fullPath": "/main.py", "details": {"fromA": 22, "toA": 22, "fromB": 22, "toB": 23, "inserted": [","]}}
{"dateTime": "2025-08-11T14:23:56.088Z", "eventType": "input.type", "fullPath": "/main.py", "details": {"fromA": 23, "toA": 23, "fromB": 23, "toB": 24, "inserted": [" "]}}
{"dateTime": "2025-08-11T14:23:57.400Z", "eventType": "input.type", "fullPath": "/main.py", "details": {"fromA": 24, "toA": 24, "fromB": 24, "toB": 25, "inserted": ["a"]}}
{"dateTime": "2025-08-11T14:23:57.560Z", "eventType": "input.type", "fullPath": "/main.py", "details": {"fromA": 25, "toA": 25, "fromB": 25, "toB": 26, "inserted": [" "]}}
{"dateTime": "2025-08-11T14:23:57.656Z", "eventType": "input.type", "fullPath": "/main.py", "details": {"fromA": 26, "toA": 26, "fromB": 26, "toB": 27, "inserted": [" "]}}
{"dateTime": "2025-08-11T14:23:57.960Z", "eventType": "input.type", "fullPath": "/main.py", "details": {"fromA": 27, "toA": 27, "fromB": 27, "toB": 28, "inserted": ["C"]}}
{"dateTime": "2025-08-11T14:23:58.392Z", "eventType": "input.type", "fullPath": "/main.py", "details": {"fromA": 28, "toA": 28, "fromB": 28, "toB": 29, "inserted": ["o"]}}
{"dateTime": "2025-08-11T14:23:58.648Z", "eventType": "input.type", "fullPath": "/main.py", "details": {"fromA": 29, "toA": 29, "fromB": 29, "toB": 30, "inserted": ["n"]}}
{"dateTime": "2025-08-11T14:23:58.856Z", "eventType": "input.type", "fullPath": "/main.py", "details": {"fromA": 30, "toA": 30, "fromB": 30, "toB": 31, "inserted": ["d"]}}
{"dateTime": "2025-08-11T14:23:58.888Z", "eventType": "input.type", "fullPath": "/main.py", "details": {"fromA": 31, "toA": 31, "fromB": 31, "toB": 32, "inserted": ["e"]}}
{"dateTime": "2025-08-11T14:23:59.236Z", "eventType": "input.type", "fullPath": "/main.py", "details": {"fromA": 32, "toA": 32, "fromB": 32, "toB": 33, "inserted": ["s"]}}
{"dateTime": "2025-08-11T14:23:59.400Z", "eventType": "input.type", "fullPath": "/main.py", "details": {"fromA": 33, "toA": 33, "fromB": 33, "toB": 34, "inserted": ["s"]}}
{"dateTime": "2025-08-11T14:23:59.992Z", "eventType": "input.type", "fullPath": "/main.py", "details": {"fromA": 34, "toA": 34, "fromB": 34, "toB": 35, "inserted": [" "]}}
{"dateTime": "2025-08-11T14:24:00.132Z", "eventType": "input.type", "fullPath": "/main.py", "details": {"fromA": 35, "toA": 35, "fromB": 35, "toB": 36, "inserted": ["d"]}}
{"dateTime": "2025-08-11T14:24:00.376Z", "eventType": "delete.backward", "fullPath": "/main.py", "details": {"fromA": 35, "toA": 36, "fromB": 35, "toB": 35, "inserted": [""]}}
{"dateTime": "2025-08-11T14:24:00.549Z", "eventType": "delete.backward", "fullPath": "/main.py", "details": {"fromA": 34, "toA": 35, "fromB": 34, "toB": 34, "inserted": [""]}}
{"dateTime": "2025-08-11T14:24:01.256Z", "eventType": "input.type", "fullPath": "/main.py", "details": {"fromA": 34, "toA": 34, "fromB": 34, "toB": 35, "inserted": ["a"]}}
{"dateTime": "2025-08-11T14:24:01.401Z", "eventType": "input.type", "fullPath": "/main.py", "details": {"fromA": 35, "toA": 35, "fromB": 35, "toB": 36, "inserted": [" "]}}
{"dateTime": "2025-08-11T14:24:01.544Z", "eventType": "input.type", "fullPath": "/main.py", "details": {"fromA": 36, "toA": 36, "fromB": 36, "toB": 37, "inserted": ["d"]}}
{"dateTime": "2025-08-11T14:24:01.624Z", "eventType": "input.type", "fullPath": "/main.py", "details": {"fromA": 37, "toA": 37, "fromB": 37, "toB": 38, "inserted": ["e"]}}
{"dateTime": "2025-08-11T14:24:01.700Z", "eventType": "input.type", "fullPath": "/main.py", "details": {"fromA": 38, "toA": 38, "fromB": 38, "toB": 39, "inserted": [" "]}}
{"dateTime": "2025-08-11T14:24:02.232Z", "eventType": "input.type", "fullPath": "/main.py", "details": {"fromA": 39, "toA": 39, "fromB": 39, "toB": 40, "inserted": ["L"]}}
{"dateTime": "2025-08-11T14:24:02.440Z", "eventType": "input.type", "fullPath": "/main.py", "details": {"fromA": 40, "toA": 40, "fromB": 40, "toB": 41, "inserted": ["o"]}}
{"dateTime": "2025-08-11T14:24:02.680Z", "eventType": "input.type", "fullPath": "/main.py", "details": {"fromA": 41, "toA": 41, "fromB": 41, "toB": 42, "inserted": ["v"]}}
{"dateTime": "2025-08-11T14:24:02.856Z", "eventType": "input.type", "fullPath": "/main.py", "details": {"fromA": 42, "toA": 42, "fromB": 42, "toB": 43, "inserted": ["e"]}}
{"dateTime": "2025-08-11T14:24:02.968Z", "eventType": "input.type", "fullPath": "/main.py", "details": {"fromA": 43, "toA": 43, "fromB": 43, "toB": 44, "inserted": ["l"]}}
{"dateTime": "2025-08-11T14:24:03.236Z", "eventType": "input.type", "fullPath": "/main.py", "details": {"fromA": 44, "toA": 44, "fromB": 44, "toB": 45, "inserted": ["a"]}}
{"dateTime": "2025-08-11T14:24:03.608Z", "eventType": "input.type", "fullPath": "/main.py", "details": {"fromA": 45, "toA": 45, "fromB": 45, "toB": 46, "inserted": ["c"]}}
{"dateTime": "2025-08-11T14:24:03.752Z", "eventType": "input.type", "fullPath": "/main.py", "details": {"fromA": 46, "toA": 46, "fromB": 46, "toB": 47, "inserted": ["e"]}}
{"dateTime": "2025-08-11T14:24:05.096Z", "eventType": "input.type", "fullPath": "/main.py", "details": {"fromA": 47, "toA": 47, "fromB": 47, "toB": 48, "inserted": [","]}}
{"dateTime": "2025-08-11T14:24:05.159Z", "eventType": "input.type", "fullPath": "/main.py", "details": {"fromA": 48, "toA": 48, "fromB": 48, "toB": 49, "inserted": [" "]}}
{"dateTime": "2025-08-11T14:24:06.312Z", "eventType": "input.type", "fullPath": "/main.py", "details": {"fromA": 49, "toA": 49, "fromB": 49, "toB": 50, "inserted": ["n"]}}
{"dateTime": "2025-08-11T14:24:06.456Z", "eventType": "input.type", "fullPath": "/main.py", "details": {"fromA": 50, "toA": 50, "fromB": 50, "toB": 51, "inserted": ["a"]}}
{"dateTime": "2025-08-11T14:24:06.568Z", "eventType": "input.type", "fullPath": "/main.py", "details": {"fromA": 51, "toA": 51, "fromB": 51, "toB": 52, "inserted": ["s"]}}
{"dateTime": "2025-08-11T14:24:06.872Z", "eventType": "input.type", "fullPath": "/main.py", "details": {"fromA": 52, "toA": 52, "fromB": 52, "toB": 53, "inserted": ["c"]}}
{"dateTime": "2025-08-11T14:24:07.000Z", "eventType": "input.type", "fullPath": "/main.py", "details": {"fromA": 53, "toA": 53, "fromB": 53, "toB": 54, "inserted": ["e"]}}
{"dateTime": "2025-08-11T14:24:07.192Z", "eventType": "input.type", "fullPath": "/main.py", "details": {"fromA": 54, "toA": 54, "fromB": 54, "toB": 55, "inserted": ["u"]}}
{"dateTime": "2025-08-11T14:24:07.304Z", "eventType": "input.type", "fullPath": "/main.py", "details": {"fromA": 55, "toA": 55, "fromB": 55, "toB": 56, "inserted": [" "]}}
{"dateTime": "2025-08-11T14:24:07.624Z", "eventType": "input.type", "fullPath": "/main.py", "details": {"fromA": 56, "toA": 56, "fromB": 56, "toB": 57, "inserted": ["e"]}}
{"dateTime": "2025-08-11T14:24:07.704Z", "eventType": "input.type", "fullPath": "/main.py", "details": {"fromA": 57, "toA": 57, "fromB": 57, "toB": 58, "inserted": ["m"]}}
{"dateTime": "2025-08-11T14:24:07.864Z", "eventType": "input.type", "fullPath": "/main.py", "details": {"fromA": 58, "toA": 58, "fromB": 58, "toB": 59, "inserted": [" "]}}
{"dateTime": "2025-08-11T14:24:08.502Z", "eventType": "input.type", "fullPath": "/main.py", "details": {"fromA": 59, "toA": 59, "fromB": 59, "toB": 60, "inserted": ["1"]}}
{"dateTime": "2025-08-11T14:24:09.432Z", "eventType": "input.type", "fullPath": "/main.py", "details": {"fromA": 60, "toA": 60, "fromB": 60, "toB": 61, "inserted": ["8"]}}
{"dateTime": "2025-08-11T14:24:09.705Z", "eventType": "input.type", "fullPath": "/main.py", "details": {"fromA": 61, "toA": 61, "fromB": 61, "toB": 62, "inserted": ["1"]}}
{"dateTime": "2025-08-11T14:24:09.928Z", "eventType": "input.type", "fullPath": "/main.py", "details": {"fromA": 62, "toA": 62, "fromB": 62, "toB": 63, "inserted": ["5"]}}
{"dateTime": "2025-08-11T14:24:11.047Z", "eventType": "input.type", "fullPath": "/main.py", "details": {"fromA": 63, "toA": 63, "fromB": 63, "toB": 64, "inserted": [","]}}
{"dateTime": "2025-08-11T14:24:11.337Z", "eventType": "input.type", "fullPath": "/main.py", "details": {"fromA": 64, "toA": 64, "fromB": 64, "toB": 65, "inserted": [" "]}}
{"dateTime": "2025-08-11T14:24:11.575Z", "eventType": "input.type", "fullPath": "/main.py", "details": {"fromA": 65, "toA": 65, "fromB": 65, "toB": 66, "inserted": ["n"]}}
{"dateTime": "2025-08-11T14:24:11.753Z", "eventType": "input.type", "fullPath": "/main.py", "details": {"fromA": 66, "toA": 66, "fromB": 66, "toB": 67, "inserted": ["a"]}}
{"dateTime": "2025-08-11T14:24:11.833Z", "eventType": "input.type", "fullPath": "/main.py", "details": {"fromA": 67, "toA": 67, "fromB": 67, "toB": 68, "inserted": [" "]}}
{"dateTime": "2025-08-11T14:24:12.472Z", "eventType": "input.type", "fullPath": "/main.py", "details": {"fromA": 68, "toA": 68, "fromB": 68, "toB": 69, "inserted": ["I"]}}
{"dateTime": "2025-08-11T14:24:12.725Z", "eventType": "input.type", "fullPath": "/main.py", "details": {"fromA": 69, "toA": 69, "fromB": 69, "toB": 70, "inserted": ["n"]}}
{"dateTime": "2025-08-11T14:24:13.160Z", "eventType": "input.type", "fullPath": "/main.py", "details": {"fromA": 70, "toA": 70, "fromB": 70, "toB": 71, "inserted": ["g"]}}
{"dateTime": "2025-08-11T14:24:13.560Z", "eventType": "input.type", "fullPath": "/main.py", "details": {"fromA": 71, "toA": 71, "fromB": 71, "toB": 72, "inserted": ["l"]}}
{"dateTime": "2025-08-11T14:24:13.864Z", "eventType": "input.type", "fullPath": "/main.py", "details": {"fromA": 72, "toA": 72, "fromB": 72, "toB": 73, "inserted": ["a"]}}
{"dateTime": "2025-08-11T14:24:14.600Z", "eventType": "input.type", "fullPath": "/main.py", "details": {"fromA": 73, "toA": 73, "fromB": 73, "toB": 74, "inserted": ["t"]}}
{"dateTime": "2025-08-11T14:24:14.808Z", "eventType": "input.type", "fullPath": "/main.py", "details": {"fromA": 74, "toA": 74, "fromB": 74, "toB": 75, "inserted": ["e"]}}
{"dateTime": "2025-08-11T14:24:15.096Z", "eventType": "input.type", "fullPath": "/main.py", "details": {"fromA": 75, "toA": 75, "fromB": 75, "toB": 76, "inserted": ["r"]}}
{"dateTime": "2025-08-11T14:24:15.273Z", "eventType": "input.type", "fullPath": "/main.py", "details": {"fromA": 76, "toA": 76, "fromB": 76, "toB": 77, "inserted": ["r"]}}
{"dateTime": "2025-08-11T14:24:15.640Z", "eventType": "input.type", "fullPath": "/main.py", "details": {"fromA": 77, "toA": 77, "fromB": 77, "toB": 78, "inserted": ["a"]}}
{"dateTime": "2025-08-11T14:24:16.552Z", "eventType": "input.type", "fullPath": "/main.py", "details": {"fromA": 78, "toA": 78, "fromB": 78, "toB": 79, "inserted": ["."]}}
{"dateTime": "2025-08-11T14:24:29.561Z", "eventType": "focus", "fullPath": "/main.py"}
{"dateTime": "2025-08-11T14:24:29.565Z", "eventType": "select.pointer", "fullPath": "/main.py", "details": {"selection": {"from": 29, "to": 29}}}
{"dateTime": "2025-08-11T14:24:30.020Z", "eventType": "select.pointer", "fullPath": "/main.py", "details": {"selection": {"from": 24, "to": 29}}}
{"dateTime": "2025-08-11T14:24:30.716Z", "eventType": "select.pointer", "fullPath": "/main.py", "details": {"selection": {"from": 12, "to": 29}}}
{"dateTime": "2025-08-11T14:24:31.635Z", "eventType": "select.pointer", "fullPath": "/main.py", "details": {"selection": {"from": 0, "to": 0}}}
{"dateTime": "2025-08-11T14:24:31.698Z", "eventType": "select.pointer", "fullPath": "/main.py", "details": {"selection": {"from": 0, "to": 12}}}
{"dateTime": "2025-08-11T14:24:31.716Z", "eventType": "select.pointer", "fullPath": "/main.py", "details": {"selection": {"from": 0, "to": 18}}}
{"dateTime": "2025-08-11T14:24:31.729Z", "eventType": "select.pointer", "fullPath": "/main.py", "details": {"selection": {"from": 0, "to": 29}}}
{"dateTime": "2025-08-11T14:24:32.891Z", "eventType": "delete.selection", "fullPath": "/main.py", "details": {"fromA": 0, "toA": 29, "fromB": 0, "toB": 0, "inserted": [""]}}
{"dateTime": "2025-08-11T14:24:34.027Z", "eventType": "input.type", "fullPath": "/main.py", "details": {"fromA": 0, "toA": 0, "fromB": 0, "toB": 1, "inserted": ["n"]}}
{"dateTime": "2025-08-11T14:24:36.251Z", "eventType": "input.type", "fullPath": "/main.py", "details": {"fromA": 1, "toA": 1, "fromB": 1, "toB": 2, "inserted": [" "]}}
{"dateTime": "2025-08-11T14:24:38.667Z", "eventType": "input.type", "fullPath": "/main.py", "details": {"fromA": 2, "toA": 2, "fromB": 2, "toB": 3, "inserted": ["&"]}}
{"dateTime": "2025-08-11T14:24:39.195Z", "eventType": "input.type", "fullPath": "/main.py", "details": {"fromA": 3, "toA": 3, "fromB": 3, "toB": 4, "inserted": [" "]}}
{"dateTime": "2025-08-11T14:24:40.376Z", "eventType": "delete.backward", "fullPath": "/main.py", "details": {"fromA": 3, "toA": 4, "fromB": 3, "toB": 3, "inserted": [""]}}
{"dateTime": "2025-08-11T14:24:40.522Z", "eventType": "delete.backward", "fullPath": "/main.py", "details": {"fromA": 2, "toA": 3, "fromB": 2, "toB": 2, "inserted": [""]}}
{"dateTime": "2025-08-11T14:24:40.939Z", "eventType": "input.type", "fullPath": "/main.py", "details": {"fromA": 2, "toA": 2, "fromB": 2, "toB": 3, "inserted": ["%"]}}
{"dateTime": "2025-08-11T14:24:42.424Z", "eventType": "input.type", "fullPath": "/main.py", "details": {"fromA": 3, "toA": 3, "fromB": 3, "toB": 4, "inserted": [" "]}}
{"dateTime": "2025-08-11T14:24:42.586Z", "eventType": "input.type", "fullPath": "/main.py", "details": {"fromA": 4, "toA": 4, "fromB": 4, "toB": 5, "inserted": ["m"]}}
{"dateTime": "2025-08-11T14:24:47.705Z", "eventType": "delete.backward", "fullPath": "/main.py", "details": {"fromA": 4, "toA": 5, "fromB": 4, "toB": 4, "inserted": [""]}}
{"dateTime": "2025-08-11T14:24:47.898Z", "eventType": "delete.backward", "fullPath": "/main.py", "details": {"fromA": 3, "toA": 4, "fromB": 3, "toB": 3, "inserted": [""]}}
{"dateTime": "2025-08-11T14:24:48.056Z", "eventType": "delete.backward", "fullPath": "/main.py", "details": {"fromA": 2, "toA": 3, "fromB": 2, "toB": 2, "inserted": [""]}}
{"dateTime": "2025-08-11T14:24:48.231Z", "eventType": "delete.backward", "fullPath": "/main.py", "details": {"fromA": 1, "toA": 2, "fromB": 1, "toB": 1, "inserted": [""]}}
{"dateTime": "2025-08-11T14:24:48.440Z", "eventType": "delete.backward", "fullPath": "/main.py", "details": {"fromA": 0, "toA": 1, "fromB": 0, "toB": 0, "inserted": [""]}}
{"dateTime": "2025-08-11T14:24:49.258Z", "eventType": "input.type", "fullPath": "/main.py", "details": {"fromA": 0, "toA": 0, "fromB": 0, "toB": 1, "inserted": ["5"]}}
{"dateTime": "2025-08-11T14:24:49.659Z", "eventType": "input.type", "fullPath": "/main.py", "details": {"fromA": 1, "toA": 1, "fromB": 1, "toB": 2, "inserted": ["0"]}}
{"dateTime": "2025-08-11T14:24:50.411Z", "eventType": "input.type", "fullPath": "/main.py", "details": {"fromA": 2, "toA": 2, "fromB": 2, "toB": 3, "inserted": ["%"]}}
{"dateTime": "2025-08-11T14:24:51.339Z", "eventType": "input.type", "fullPath": "/main.py", "details": {"fromA": 3, "toA": 3, "fromB": 3, "toB": 4, "inserted": ["3"]}}
{"dateTime": "2025-08-11T14:24:55.048Z", "eventType": "select", "fullPath": "/main.py", "details": {"selection": {"from": 3, "to": 3}}}
{"dateTime": "2025-08-11T14:24:55.240Z", "eventType": "select", "fullPath": "/main.py", "details": {"selection": {"from": 2, "to": 2}}}
{"dateTime": "2025-08-11T14:24:55.417Z", "eventType": "select", "fullPath": "/main.py", "details": {"selection": {"from": 1, "to": 1}}}
{"dateTime": "2025-08-11T14:24:55.543Z", "eventType": "select", "fullPath": "/main.py", "details": {"selection": {"from": 0, "to": 0}}}
{"dateTime": "2025-08-11T14:24:56.154Z", "eventType": "input.type", "fullPath": "/main.py", "details": {"fromA": 0, "toA": 0, "fromB": 0, "toB": 1, "inserted": ["p"]}}
{"dateTime": "2025-08-11T14:24:56.349Z", "eventType": "input.type", "fullPath": "/main.py", "details": {"fromA": 1, "toA": 1, "fromB": 1, "toB": 2, "inserted": ["r"]}}
{"dateTime": "2025-08-11T14:24:56.493Z", "eventType": "input.type", "fullPath": "/main.py", "details": {"fromA": 2, "toA": 2, "fromB": 2, "toB": 3, "inserted": ["i"]}}
{"dateTime": "2025-08-11T14:24:56.731Z", "eventType": "input.type", "fullPath": "/main.py", "details": {"fromA": 3, "toA": 3, "fromB": 3, "toB": 4, "inserted": ["n"]}}
{"dateTime": "2025-08-11T14:24:56.828Z", "eventType": "input.type", "fullPath": "/main.py", "details": {"fromA": 4, "toA": 4, "fromB": 4, "toB": 5, "inserted": ["t"]}}
{"dateTime": "2025-08-11T14:24:57.831Z", "eventType": "input.type", "fullPath": "/main.py", "details": {"fromA": 5, "toA": 5, "fromB": 5, "toB": 6, "inserted": ["("]}}
{"dateTime": "2025-08-11T14:24:58.679Z", "eventType": "select", "fullPath": "/main.py", "details": {"selection": {"from": 8, "to": 8}}}
{"dateTime": "2025-08-11T14:24:58.837Z", "eventType": "select", "fullPath": "/main.py", "details": {"selection": {"from": 9, "to": 9}}}
{"dateTime": "2025-08-11T14:24:59.144Z", "eventType": "select", "fullPath": "/main.py", "details": {"selection": {"from": 10, "to": 10}}}
{"dateTime": "2025-08-11T14:25:00.923Z", "eventType": "input.type", "fullPath": "/main.py", "details": {"fromA": 10, "toA": 10, "fromB": 10, "toB": 11, "inserted": [")"]}}
{"dateTime": "2025-08-11T14:25:03.983Z", "eventType": "blur", "fullPath": "/main.py"}
{"dateTime": "2025-08-11T14:25:05.011Z", "eventType": "run", "details": {"commit": "4bc54dec9cc4cd7d1af25ed3c4fdc4a2cd627006"}}
{"dateTime": "2025-08-11T14:25:10.625Z", "eventType": "window.blur", "fullPath": "/main.py"}
{"dateTime": "2025-08-11T14:25:12.963Z", "eventType": "window.focus", "fullPath": "/main.py"}
{"dateTime": "2025-08-11T14:25:13.154Z", "eventType": "window.blur", "fullPath": "/main.py"}
{"dateTime": "2025-08-11T14:25:20.783Z", "eventType": "window.focus", "fullPath": "/main.py"}
{"dateTime": "2025-08-11T14:25:25.595Z", "eventType": "window.blur", "fullPath": "/main.py"}
{"dateTime": "2025-08-11T14:25:26.014Z", "eventType": "window.focus", "fullPath": "/main.py"}
{"dateTime": "2025-08-11T14:25:27.290Z", "eventType": "window.blur", "fullPath": "/main.py"}
{"dateTime": "2025-08-11T14:25:28.579Z", "eventType": "window.focus", "fullPath": "/main.py"}
{"dateTime": "2025-08-11T14:25:29.386Z", "eventType": "window.blur", "fullPath": "/main.py"}
