== SUBMISSION (2025-08-12 00:17:14)
-- CODE: 
print("*****")
print("(* O O *)")
print(" *  ^  *")
print(" * --- *")
print("  *****")
-- EXECUTION TIME: 
0.01
-- TEST CASE 1:
---- input:
xx
---- correct output:
*****
(* o o *)
 *  ^  *
 * --- *
  *****
---- user output:
  *****
-- TEST CASE 2:
---- input:
xx
---- correct output:
*****
(* o o *)
 *  ^  *
 * --- *
  *****
---- user output:
  *****
-- GRADE:
0%
*-*-*-*-*-*-*-*-*-*-*-*-*-*-*-*-*-*-*-*-*-*-*-*
== SUBMISSION (2025-08-12 00:16:23)
-- CODE: 
print("*****")
print("(* O O *)")
print(" *  ^  *")
print(" * --- *")
print("  *****")
-- EXECUTION TIME: 
0.01
-- TEST CASE 1:
---- input:
xx
---- correct output:
*****
(* o o *)
 *  ^  *
 * --- *
  *****
---- user output:
  *****
-- TEST CASE 2:
---- input:
xx
---- correct output:
*****
(* o o *)
 *  ^  *
 * --- *
  *****
---- user output:
  *****
-- GRADE:
0%
*-*-*-*-*-*-*-*-*-*-*-*-*-*-*-*-*-*-*-*-*-*-*-*
== RUN (2025-08-12 00:16:57)
-- CODE: 
print("*****")
print("(* O O *)")
print(" *  ^  *")
print(" * --- *")
print("  *****")
-- EXECUTION TIME: 
0.0
-- TEST CASE 1:
---- input:
xx
---- correct output:
*****
(* o o *)
 *  ^  *
 * --- *
  *****
---- user output:
  *****
-- TEST CASE 2:
---- input:
xx
---- correct output:
*****
(* o o *)
 *  ^  *
 * --- *
  *****
---- user output:
  *****
*-*-*-*-*-*-*-*-*-*-*-*-*-*-*-*-*-*-*-*-*-*-*-*
== SUBMISSION (2025-08-12 00:17:41)
-- CODE: 
print("*****")
print("(* o o *)")
print(" *  ^  *")
print(" * --- *")
print(" *****")
-- EXECUTION TIME: 
0.01
-- TEST CASE 1:
---- input:
xx
---- correct output:
*****
(* o o *)
 *  ^  *
 * --- *
  *****
---- user output:
 *****
-- TEST CASE 2:
---- input:
xx
---- correct output:
*****
(* o o *)
 *  ^  *
 * --- *
  *****
---- user output:
 *****
-- GRADE:
100%
*-*-*-*-*-*-*-*-*-*-*-*-*-*-*-*-*-*-*-*-*-*-*-*
== SUBMISSION (2025-08-12 00:21:15)
-- CODE: 
print("*****")
print("(* o o *)")
print(" *  ^  *")
print(" * --- *")
print(" *****")
-- EXECUTION TIME: 
0.01
-- TEST CASE 1:
---- input:
xx
---- correct output:
*****
(* o o *)
 *  ^  *
 * --- *
  *****
---- user output:
 *****
-- TEST CASE 2:
---- input:
xx
---- correct output:
*****
(* o o *)
 *  ^  *
 * --- *
  *****
---- user output:
 *****
-- GRADE:
100%
*-*-*-*-*-*-*-*-*-*-*-*-*-*-*-*-*-*-*-*-*-*-*-*
== SUBMISSION (2025-08-12 00:15:26)
-- CODE: 
print("  ***** ")
print("(* O O *)")
print(" *  ^  * ")
print(" * --- *")
print("  ***** ")
-- EXECUTION TIME: 
0.01
-- TEST CASE 1:
---- input:
xx
---- correct output:
*****
(* o o *)
 *  ^  *
 * --- *
  *****
---- user output:
  *****
-- TEST CASE 2:
---- input:
xx
---- correct output:
*****
(* o o *)
 *  ^  *
 * --- *
  *****
---- user output:
  *****
-- GRADE:
0%
*-*-*-*-*-*-*-*-*-*-*-*-*-*-*-*-*-*-*-*-*-*-*-*
== SUBMISSION (2025-08-12 00:15:38)
-- CODE: 
print("***** ")
print("(* O O *)")
print(" *  ^  * ")
print(" * --- *")
print("  ***** ")
-- EXECUTION TIME: 
0.01
-- TEST CASE 1:
---- input:
xx
---- correct output:
*****
(* o o *)
 *  ^  *
 * --- *
  *****
---- user output:
  *****
-- TEST CASE 2:
---- input:
xx
---- correct output:
*****
(* o o *)
 *  ^  *
 * --- *
  *****
---- user output:
  *****
-- GRADE:
0%
*-*-*-*-*-*-*-*-*-*-*-*-*-*-*-*-*-*-*-*-*-*-*-*
== SUBMISSION (2025-08-12 00:17:21)
-- CODE: 
print("*****")
print("(* O O *)")
print(" *  ^  *")
print(" * --- *")
print("*****")
-- EXECUTION TIME: 
0.01
-- TEST CASE 1:
---- input:
xx
---- correct output:
*****
(* o o *)
 *  ^  *
 * --- *
  *****
---- user output:
*****
-- TEST CASE 2:
---- input:
xx
---- correct output:
*****
(* o o *)
 *  ^  *
 * --- *
  *****
---- user output:
*****
-- GRADE:
0%
*-*-*-*-*-*-*-*-*-*-*-*-*-*-*-*-*-*-*-*-*-*-*-*
== RUN (2025-08-12 00:16:54)
-- CODE: 
print("*****")
print("(* O O *)")
print(" *  ^  *")
print(" * --- *")
print("  *****")
-- EXECUTION TIME: 
0.0
-- TEST CASE 1:
---- input:
xx
---- correct output:
*****
(* o o *)
 *  ^  *
 * --- *
  *****
---- user output:
  *****
-- TEST CASE 2:
---- input:
xx
---- correct output:
*****
(* o o *)
 *  ^  *
 * --- *
  *****
---- user output:
  *****
*-*-*-*-*-*-*-*-*-*-*-*-*-*-*-*-*-*-*-*-*-*-*-*
== RUN (2025-08-12 00:15:22)
-- CODE: 
print("  ***** ")
print("(* O O *)")
print(" *  ^  * ")
print(" * --- *")
print("  ***** ")
-- EXECUTION TIME: 
0.0
-- TEST CASE 1:
---- input:
xx
---- correct output:
*****
(* o o *)
 *  ^  *
 * --- *
  *****
---- user output:
  *****
-- TEST CASE 2:
---- input:
xx
---- correct output:
*****
(* o o *)
 *  ^  *
 * --- *
  *****
---- user output:
  *****
*-*-*-*-*-*-*-*-*-*-*-*-*-*-*-*-*-*-*-*-*-*-*-*
== RUN (2025-08-12 00:15:37)
-- CODE: 
print("***** ")
print("(* O O *)")
print(" *  ^  * ")
print(" * --- *")
print("  ***** ")
-- EXECUTION TIME: 
0.0
-- TEST CASE 1:
---- input:
xx
---- correct output:
*****
(* o o *)
 *  ^  *
 * --- *
  *****
---- user output:
  *****
-- TEST CASE 2:
---- input:
xx
---- correct output:
*****
(* o o *)
 *  ^  *
 * --- *
  *****
---- user output:
  *****
*-*-*-*-*-*-*-*-*-*-*-*-*-*-*-*-*-*-*-*-*-*-*-*
== SUBMISSION (2025-08-12 00:16:16)
-- CODE: 
print("*****")
print("(* O O *)")
print(" *  ^  * ")
print(" * --- *")
print("  *****")
-- EXECUTION TIME: 
0.01
-- TEST CASE 1:
---- input:
xx
---- correct output:
*****
(* o o *)
 *  ^  *
 * --- *
  *****
---- user output:
  *****
-- TEST CASE 2:
---- input:
xx
---- correct output:
*****
(* o o *)
 *  ^  *
 * --- *
  *****
---- user output:
  *****
-- GRADE:
0%
*-*-*-*-*-*-*-*-*-*-*-*-*-*-*-*-*-*-*-*-*-*-*-*
