{"dateTime": "2025-08-12T00:05:40.914Z", "eventType": "blur", "fullPath": "/main.py"}
{"dateTime": "2025-08-12T00:05:41.263Z", "eventType": "run", "details": {"commit": "42acfcd252a676ab1c60d459c1d3282b1727aea0"}}
{"dateTime": "2025-08-12T00:05:45.701Z", "eventType": "submission", "details": {"correctness": 0, "commit": "42acfcd252a676ab1c60d459c1d3282b1727aea0", "executionTime": 0.01}}
{"dateTime": "2025-08-12T00:05:59.161Z", "eventType": "focus", "fullPath": "/main.py"}
{"dateTime": "2025-08-12T00:05:59.162Z", "eventType": "select.pointer", "fullPath": "/main.py", "details": {"selection": {"from": 17, "to": 17}}}
{"dateTime": "2025-08-12T00:06:04.258Z", "eventType": "blur", "fullPath": "/main.py"}
{"dateTime": "2025-08-12T00:06:12.945Z", "eventType": "focus", "fullPath": "/main.py"}
{"dateTime": "2025-08-12T00:06:12.946Z", "eventType": "select.pointer", "fullPath": "/main.py", "details": {"selection": {"from": 46, "to": 46}}}
{"dateTime": "2025-08-12T00:06:14.303Z", "eventType": "select.pointer", "fullPath": "/main.py", "details": {"selection": {"from": 17, "to": 17}}}
{"dateTime": "2025-08-12T00:06:15.422Z", "eventType": "input.type", "fullPath": "/main.py", "details": {"fromA": 17, "toA": 17, "fromB": 17, "toB": 18, "inserted": ["."]}}
{"dateTime": "2025-08-12T00:06:16.108Z", "eventType": "input.type", "fullPath": "/main.py", "details": {"fromA": 18, "toA": 18, "fromB": 18, "toB": 19, "inserted": ["0"]}}
{"dateTime": "2025-08-12T00:06:16.767Z", "eventType": "select.pointer", "fullPath": "/main.py", "details": {"selection": {"from": 48, "to": 48}}}
{"dateTime": "2025-08-12T00:06:17.086Z", "eventType": "input.type", "fullPath": "/main.py", "details": {"fromA": 48, "toA": 48, "fromB": 48, "toB": 49, "inserted": ["."]}}
{"dateTime": "2025-08-12T00:06:17.308Z", "eventType": "input.type", "fullPath": "/main.py", "details": {"fromA": 49, "toA": 49, "fromB": 49, "toB": 50, "inserted": ["0"]}}
{"dateTime": "2025-08-12T00:06:18.360Z", "eventType": "blur", "fullPath": "/main.py"}
{"dateTime": "2025-08-12T00:06:18.651Z", "eventType": "run", "details": {"commit": "d744f71feb0aa19b96de0bb8c090e4046128c05a"}}
{"dateTime": "2025-08-12T00:06:19.730Z", "eventType": "submission", "details": {"correctness": 1, "commit": "d744f71feb0aa19b96de0bb8c090e4046128c05a", "executionTime": 0.01}}
{"dateTime": "2025-08-12T00:06:33.197Z", "eventType": "focus", "fullPath": "/main.py"}
{"dateTime": "2025-08-12T00:06:48.483Z", "eventType": "blur", "fullPath": "/main.py"}
{"dateTime": "2025-08-12T00:06:57.093Z", "eventType": "focus", "fullPath": "/main.py"}
{"dateTime": "2025-08-12T00:06:57.095Z", "eventType": "select.pointer", "fullPath": "/main.py", "details": {"selection": {"from": 0, "to": 0}}}
{"dateTime": "2025-08-12T00:06:57.783Z", "eventType": "input.type", "fullPath": "/main.py", "details": {"fromA": 0, "toA": 0, "fromB": 0, "toB": 1, "inserted": ["c"]}}
{"dateTime": "2025-08-12T00:06:57.956Z", "eventType": "input.type", "fullPath": "/main.py", "details": {"fromA": 1, "toA": 1, "fromB": 1, "toB": 2, "inserted": ["o"]}}
{"dateTime": "2025-08-12T00:06:58.110Z", "eventType": "input.type", "fullPath": "/main.py", "details": {"fromA": 2, "toA": 2, "fromB": 2, "toB": 3, "inserted": ["n"]}}
{"dateTime": "2025-08-12T00:06:58.282Z", "eventType": "input.type", "fullPath": "/main.py", "details": {"fromA": 3, "toA": 3, "fromB": 3, "toB": 4, "inserted": ["t"]}}
{"dateTime": "2025-08-12T00:06:58.663Z", "eventType": "input.type", "fullPath": "/main.py", "details": {"fromA": 4, "toA": 4, "fromB": 4, "toB": 5, "inserted": ["a"]}}
{"dateTime": "2025-08-12T00:06:59.030Z", "eventType": "input.type", "fullPath": "/main.py", "details": {"fromA": 5, "toA": 5, "fromB": 5, "toB": 6, "inserted": ["_"]}}
{"dateTime": "2025-08-12T00:06:59.302Z", "eventType": "input.type", "fullPath": "/main.py", "details": {"fromA": 6, "toA": 6, "fromB": 6, "toB": 7, "inserted": ["t"]}}
{"dateTime": "2025-08-12T00:06:59.446Z", "eventType": "input.type", "fullPath": "/main.py", "details": {"fromA": 7, "toA": 7, "fromB": 7, "toB": 8, "inserted": ["o"]}}
{"dateTime": "2025-08-12T00:07:00.550Z", "eventType": "input.type", "fullPath": "/main.py", "details": {"fromA": 8, "toA": 8, "fromB": 8, "toB": 9, "inserted": ["t"]}}
{"dateTime": "2025-08-12T00:07:00.902Z", "eventType": "input.type", "fullPath": "/main.py", "details": {"fromA": 9, "toA": 9, "fromB": 9, "toB": 10, "inserted": ["a"]}}
{"dateTime": "2025-08-12T00:07:01.046Z", "eventType": "input.type", "fullPath": "/main.py", "details": {"fromA": 10, "toA": 10, "fromB": 10, "toB": 11, "inserted": ["l"]}}
{"dateTime": "2025-08-12T00:07:01.334Z", "eventType": "input.type", "fullPath": "/main.py", "details": {"fromA": 11, "toA": 11, "fromB": 11, "toB": 12, "inserted": [" "]}}
{"dateTime": "2025-08-12T00:07:01.510Z", "eventType": "input.type", "fullPath": "/main.py", "details": {"fromA": 12, "toA": 12, "fromB": 12, "toB": 13, "inserted": ["="]}}
{"dateTime": "2025-08-12T00:07:01.654Z", "eventType": "input.type", "fullPath": "/main.py", "details": {"fromA": 13, "toA": 13, "fromB": 13, "toB": 14, "inserted": [" "]}}
{"dateTime": "2025-08-12T00:07:02.662Z", "eventType": "input.type", "fullPath": "/main.py", "details": {"fromA": 14, "toA": 14, "fromB": 14, "toB": 15, "inserted": ["1"]}}
{"dateTime": "2025-08-12T00:07:04.390Z", "eventType": "input.type", "fullPath": "/main.py", "details": {"fromA": 15, "toA": 15, "fromB": 15, "toB": 16, "inserted": ["8"]}}
{"dateTime": "2025-08-12T00:07:04.548Z", "eventType": "input.type", "fullPath": "/main.py", "details": {"fromA": 16, "toA": 16, "fromB": 16, "toB": 17, "inserted": ["0"]}}
{"dateTime": "2025-08-12T00:07:05.815Z", "eventType": "input", "fullPath": "/main.py", "details": {"fromA": 17, "toA": 17, "fromB": 17, "toB": 18, "inserted": ["", ""]}}
{"dateTime": "2025-08-12T00:07:07.622Z", "eventType": "input.type", "fullPath": "/main.py", "details": {"fromA": 18, "toA": 18, "fromB": 18, "toB": 19, "inserted": ["d"]}}
{"dateTime": "2025-08-12T00:07:07.787Z", "eventType": "input.type", "fullPath": "/main.py", "details": {"fromA": 19, "toA": 19, "fromB": 19, "toB": 20, "inserted": ["i"]}}
{"dateTime": "2025-08-12T00:07:07.879Z", "eventType": "input.type", "fullPath": "/main.py", "details": {"fromA": 20, "toA": 20, "fromB": 20, "toB": 21, "inserted": ["f"]}}
{"dateTime": "2025-08-12T00:07:08.086Z", "eventType": "input.type", "fullPath": "/main.py", "details": {"fromA": 21, "toA": 21, "fromB": 21, "toB": 22, "inserted": ["e"]}}
{"dateTime": "2025-08-12T00:07:08.262Z", "eventType": "input.type", "fullPath": "/main.py", "details": {"fromA": 22, "toA": 22, "fromB": 22, "toB": 23, "inserted": ["r"]}}
{"dateTime": "2025-08-12T00:07:08.439Z", "eventType": "input.type", "fullPath": "/main.py", "details": {"fromA": 23, "toA": 23, "fromB": 23, "toB": 24, "inserted": ["e"]}}
{"dateTime": "2025-08-12T00:07:08.532Z", "eventType": "input.type", "fullPath": "/main.py", "details": {"fromA": 24, "toA": 24, "fromB": 24, "toB": 25, "inserted": ["n"]}}
{"dateTime": "2025-08-12T00:07:08.646Z", "eventType": "input.type", "fullPath": "/main.py", "details": {"fromA": 25, "toA": 25, "fromB": 25, "toB": 26, "inserted": ["c"]}}
{"dateTime": "2025-08-12T00:07:08.918Z", "eventType": "input.type", "fullPath": "/main.py", "details": {"fromA": 26, "toA": 26, "fromB": 26, "toB": 27, "inserted": ["a"]}}
{"dateTime": "2025-08-12T00:07:09.030Z", "eventType": "input.type", "fullPath": "/main.py", "details": {"fromA": 27, "toA": 27, "fromB": 27, "toB": 28, "inserted": [" "]}}
{"dateTime": "2025-08-12T00:07:09.383Z", "eventType": "input.type", "fullPath": "/main.py", "details": {"fromA": 28, "toA": 28, "fromB": 28, "toB": 29, "inserted": ["="]}}
{"dateTime": "2025-08-12T00:07:09.543Z", "eventType": "input.type", "fullPath": "/main.py", "details": {"fromA": 29, "toA": 29, "fromB": 29, "toB": 30, "inserted": [" "]}}
{"dateTime": "2025-08-12T00:07:10.034Z", "eventType": "input.type", "fullPath": "/main.py", "details": {"fromA": 30, "toA": 30, "fromB": 30, "toB": 31, "inserted": ["c"]}}
{"dateTime": "2025-08-12T00:07:10.132Z", "eventType": "input.type", "fullPath": "/main.py", "details": {"fromA": 31, "toA": 31, "fromB": 31, "toB": 32, "inserted": ["o"]}}
{"dateTime": "2025-08-12T00:07:10.307Z", "eventType": "input.type", "fullPath": "/main.py", "details": {"fromA": 32, "toA": 32, "fromB": 32, "toB": 33, "inserted": ["n"]}}
{"dateTime": "2025-08-12T00:07:10.439Z", "eventType": "input.type", "fullPath": "/main.py", "details": {"fromA": 33, "toA": 33, "fromB": 33, "toB": 34, "inserted": ["t"]}}
{"dateTime": "2025-08-12T00:07:10.951Z", "eventType": "input.complete", "fullPath": "/main.py", "details": {"fromA": 30, "toA": 34, "fromB": 30, "toB": 41, "inserted": ["conta_total"]}}
{"dateTime": "2025-08-12T00:07:11.494Z", "eventType": "input.type", "fullPath": "/main.py", "details": {"fromA": 41, "toA": 41, "fromB": 41, "toB": 42, "inserted": [" "]}}
{"dateTime": "2025-08-12T00:07:12.263Z", "eventType": "input.type", "fullPath": "/main.py", "details": {"fromA": 42, "toA": 42, "fromB": 42, "toB": 43, "inserted": ["/"]}}
{"dateTime": "2025-08-12T00:07:12.418Z", "eventType": "input.type", "fullPath": "/main.py", "details": {"fromA": 43, "toA": 43, "fromB": 43, "toB": 44, "inserted": ["/"]}}
{"dateTime": "2025-08-12T00:07:12.663Z", "eventType": "input.type", "fullPath": "/main.py", "details": {"fromA": 44, "toA": 44, "fromB": 44, "toB": 45, "inserted": [" "]}}
{"dateTime": "2025-08-12T00:07:14.454Z", "eventType": "input.type", "fullPath": "/main.py", "details": {"fromA": 45, "toA": 45, "fromB": 45, "toB": 46, "inserted": ["4"]}}
{"dateTime": "2025-08-12T00:07:14.776Z", "eventType": "input", "fullPath": "/main.py", "details": {"fromA": 46, "toA": 46, "fromB": 46, "toB": 47, "inserted": ["", ""]}}
{"dateTime": "2025-08-12T00:07:15.462Z", "eventType": "input.type", "fullPath": "/main.py", "details": {"fromA": 47, "toA": 47, "fromB": 47, "toB": 48, "inserted": ["p"]}}
{"dateTime": "2025-08-12T00:07:15.802Z", "eventType": "input.type", "fullPath": "/main.py", "details": {"fromA": 48, "toA": 48, "fromB": 48, "toB": 49, "inserted": ["r"]}}
{"dateTime": "2025-08-12T00:07:15.914Z", "eventType": "input.type", "fullPath": "/main.py", "details": {"fromA": 49, "toA": 49, "fromB": 49, "toB": 50, "inserted": ["i"]}}
{"dateTime": "2025-08-12T00:07:16.034Z", "eventType": "input.type", "fullPath": "/main.py", "details": {"fromA": 50, "toA": 50, "fromB": 50, "toB": 51, "inserted": ["n"]}}
{"dateTime": "2025-08-12T00:07:16.133Z", "eventType": "input.type", "fullPath": "/main.py", "details": {"fromA": 51, "toA": 51, "fromB": 51, "toB": 52, "inserted": ["t"]}}
{"dateTime": "2025-08-12T00:07:17.272Z", "eventType": "input.type", "fullPath": "/main.py", "details": {"fromA": 52, "toA": 52, "fromB": 52, "toB": 54, "inserted": ["()"]}}
{"dateTime": "2025-08-12T00:07:17.927Z", "eventType": "input.type", "fullPath": "/main.py", "details": {"fromA": 53, "toA": 53, "fromB": 53, "toB": 54, "inserted": ["d"]}}
{"dateTime": "2025-08-12T00:07:18.107Z", "eventType": "input.type", "fullPath": "/main.py", "details": {"fromA": 54, "toA": 54, "fromB": 54, "toB": 55, "inserted": ["i"]}}
{"dateTime": "2025-08-12T00:07:19.494Z", "eventType": "input.complete", "fullPath": "/main.py", "details": {"fromA": 53, "toA": 55, "fromB": 53, "toB": 62, "inserted": ["diferenca"]}}
