== SUBMISSION (2025-09-01 18:26:00)
-- CODE: 

p = float(input())
q = float(input())
qr = p - q
print(round(qr, 2))
-- EXECUTION TIME: 
0.01
-- TEST CASE 1:
---- input:
2660.00
21.7
---- correct output:
2508.1
---- user output:
2638.3
-- TEST CASE 2:
---- input:
1700.60
14.15
---- correct output:
1601.55
---- user output:
1686.45
-- TEST CASE 3:
---- input:
2000.3333
20.11
---- correct output:
1859.563
---- user output:
1980.22
-- TEST CASE 4:
---- input:
3250.00
26.16
---- correct output:
3066.88
---- user output:
3223.84
-- TEST CASE 5:
---- input:
1850.70
39.76
---- correct output:
1572.38
---- user output:
1810.94
-- TEST CASE 6:
---- input:
1000.3333
20.11
---- correct output:
859.563
---- user output:
980.22
-- GRADE:
0%
*-*-*-*-*-*-*-*-*-*-*-*-*-*-*-*-*-*-*-*-*-*-*-*
