{"dateTime": "2025-08-27T14:00:08.751Z", "eventType": "select", "fullPath": "/main.py", "details": {"selection": {"from": 69, "to": 69}}}
{"dateTime": "2025-08-27T14:00:09.567Z", "eventType": "delete.backward", "fullPath": "/main.py", "details": {"fromA": 68, "toA": 69, "fromB": 68, "toB": 68, "inserted": [""]}}
{"dateTime": "2025-08-27T14:00:10.173Z", "eventType": "select", "fullPath": "/main.py", "details": {"selection": {"from": 69, "to": 69}}}
{"dateTime": "2025-08-27T14:00:10.670Z", "eventType": "select", "fullPath": "/main.py", "details": {"selection": {"from": 70, "to": 70}}}
{"dateTime": "2025-08-27T14:00:10.720Z", "eventType": "select", "fullPath": "/main.py", "details": {"selection": {"from": 71, "to": 71}}}
{"dateTime": "2025-08-27T14:00:10.770Z", "eventType": "select", "fullPath": "/main.py", "details": {"selection": {"from": 72, "to": 72}}}
{"dateTime": "2025-08-27T14:00:10.820Z", "eventType": "select", "fullPath": "/main.py", "details": {"selection": {"from": 73, "to": 73}}}
{"dateTime": "2025-08-27T14:00:10.871Z", "eventType": "select", "fullPath": "/main.py", "details": {"selection": {"from": 74, "to": 74}}}
{"dateTime": "2025-08-27T14:00:10.923Z", "eventType": "select", "fullPath": "/main.py", "details": {"selection": {"from": 75, "to": 75}}}
{"dateTime": "2025-08-27T14:00:10.976Z", "eventType": "select", "fullPath": "/main.py", "details": {"selection": {"from": 76, "to": 76}}}
{"dateTime": "2025-08-27T14:00:11.025Z", "eventType": "select", "fullPath": "/main.py", "details": {"selection": {"from": 77, "to": 77}}}
{"dateTime": "2025-08-27T14:00:11.277Z", "eventType": "select", "fullPath": "/main.py", "details": {"selection": {"from": 78, "to": 78}}}
{"dateTime": "2025-08-27T14:00:11.501Z", "eventType": "select", "fullPath": "/main.py", "details": {"selection": {"from": 79, "to": 79}}}
{"dateTime": "2025-08-27T14:00:11.504Z", "eventType": "focus", "fullPath": "/main.py"}
{"dateTime": "2025-08-27T14:00:11.506Z", "eventType": "select.pointer", "fullPath": "/main.py", "details": {"selection": {"from": 38, "to": 38}}}
{"dateTime": "2025-08-27T14:00:11.693Z", "eventType": "select", "fullPath": "/main.py", "details": {"selection": {"from": 80, "to": 80}}}
{"dateTime": "2025-08-27T14:00:11.869Z", "eventType": "select", "fullPath": "/main.py", "details": {"selection": {"from": 81, "to": 81}}}
{"dateTime": "2025-08-27T14:00:12.011Z", "eventType": "input.type", "fullPath": "/main.py", "details": {"fromA": 38, "toA": 38, "fromB": 38, "toB": 39, "inserted": [" "]}}
{"dateTime": "2025-08-27T14:00:13.217Z", "eventType": "select.pointer", "fullPath": "/main.py", "details": {"selection": {"from": 37, "to": 37}}}
{"dateTime": "2025-08-27T14:00:13.599Z", "eventType": "select", "fullPath": "/main.py", "details": {"selection": {"from": 82, "to": 82}}}
{"dateTime": "2025-08-27T14:00:14.562Z", "eventType": "input.type", "fullPath": "/main.py", "details": {"fromA": 82, "toA": 82, "fromB": 82, "toB": 83, "inserted": ["*"]}}
{"dateTime": "2025-08-27T14:00:15.060Z", "eventType": "delete.backward", "fullPath": "/main.py", "details": {"fromA": 36, "toA": 37, "fromB": 36, "toB": 36, "inserted": [""]}}
{"dateTime": "2025-08-27T14:00:15.645Z", "eventType": "select", "fullPath": "/main.py", "details": {"selection": {"from": 84, "to": 84}}}
{"dateTime": "2025-08-27T14:00:15.814Z", "eventType": "select", "fullPath": "/main.py", "details": {"selection": {"from": 37, "to": 37}}}
{"dateTime": "2025-08-27T14:00:15.949Z", "eventType": "select", "fullPath": "/main.py", "details": {"selection": {"from": 83, "to": 83}}}
{"dateTime": "2025-08-27T14:00:16.150Z", "eventType": "select", "fullPath": "/main.py", "details": {"selection": {"from": 38, "to": 38}}}
{"dateTime": "2025-08-27T14:00:16.688Z", "eventType": "input.type", "fullPath": "/main.py", "details": {"fromA": 83, "toA": 83, "fromB": 83, "toB": 84, "inserted": [" "]}}
{"dateTime": "2025-08-27T14:00:17.031Z", "eventType": "delete.backward", "fullPath": "/main.py", "details": {"fromA": 37, "toA": 38, "fromB": 37, "toB": 37, "inserted": [""]}}
{"dateTime": "2025-08-27T14:00:17.057Z", "eventType": "select", "fullPath": "/main.py", "details": {"selection": {"from": 57, "to": 57}}}
{"dateTime": "2025-08-27T14:00:17.632Z", "eventType": "select", "fullPath": "/main.py", "details": {"selection": {"from": 84, "to": 84}}}
{"dateTime": "2025-08-27T14:00:17.935Z", "eventType": "select", "fullPath": "/main.py", "details": {"selection": {"from": 83, "to": 83}}}
{"dateTime": "2025-08-27T14:00:18.383Z", "eventType": "select", "fullPath": "/main.py", "details": {"selection": {"from": 84, "to": 84}}}
{"dateTime": "2025-08-27T14:00:18.827Z", "eventType": "blur", "fullPath": "/main.py"}
{"dateTime": "2025-08-27T14:00:18.954Z", "eventType": "delete.backward", "fullPath": "/main.py", "details": {"fromA": 83, "toA": 84, "fromB": 83, "toB": 83, "inserted": [""]}}
{"dateTime": "2025-08-27T14:00:19.184Z", "eventType": "delete.backward", "fullPath": "/main.py", "details": {"fromA": 82, "toA": 83, "fromB": 82, "toB": 82, "inserted": [""]}}
{"dateTime": "2025-08-27T14:00:19.250Z", "eventType": "submission", "details": {"correctness": 0, "commit": "002c327aab8556ff1f5085be1cf36d7485331380", "executionTime": 0}}
{"dateTime": "2025-08-27T14:00:22.752Z", "eventType": "focus", "fullPath": "/main.py"}
{"dateTime": "2025-08-27T14:00:22.754Z", "eventType": "select.pointer", "fullPath": "/main.py", "details": {"selection": {"from": 36, "to": 36}}}
{"dateTime": "2025-08-27T14:00:23.051Z", "eventType": "input.type", "fullPath": "/main.py", "details": {"fromA": 36, "toA": 36, "fromB": 36, "toB": 37, "inserted": [" "]}}
{"dateTime": "2025-08-27T14:00:23.560Z", "eventType": "select.pointer", "fullPath": "/main.py", "details": {"selection": {"from": 38, "to": 38}}}
{"dateTime": "2025-08-27T14:00:23.786Z", "eventType": "input.type", "fullPath": "/main.py", "details": {"fromA": 38, "toA": 38, "fromB": 38, "toB": 39, "inserted": [" "]}}
{"dateTime": "2025-08-27T14:00:24.624Z", "eventType": "select.pointer", "fullPath": "/main.py", "details": {"selection": {"from": 43, "to": 43}}}
{"dateTime": "2025-08-27T14:00:24.859Z", "eventType": "input.type", "fullPath": "/main.py", "details": {"fromA": 43, "toA": 43, "fromB": 43, "toB": 44, "inserted": [" "]}}
{"dateTime": "2025-08-27T14:00:25.440Z", "eventType": "select.pointer", "fullPath": "/main.py", "details": {"selection": {"from": 47, "to": 47}}}
{"dateTime": "2025-08-27T14:00:26.016Z", "eventType": "select.pointer", "fullPath": "/main.py", "details": {"selection": {"from": 46, "to": 46}}}
{"dateTime": "2025-08-27T14:00:26.202Z", "eventType": "input.type", "fullPath": "/main.py", "details": {"fromA": 46, "toA": 46, "fromB": 46, "toB": 47, "inserted": [" "]}}
{"dateTime": "2025-08-27T14:00:27.644Z", "eventType": "blur", "fullPath": "/main.py"}
{"dateTime": "2025-08-27T14:00:27.873Z", "eventType": "select.pointer", "fullPath": "/main.py", "details": {"selection": {"from": 84, "to": 84}}}
{"dateTime": "2025-08-27T14:00:27.988Z", "eventType": "submission", "details": {"correctness": 0, "commit": "de3efe73427788cda725e0aedd1c70f391e30899", "executionTime": 0}}
{"dateTime": "2025-08-27T14:00:29.362Z", "eventType": "delete.backward", "fullPath": "/main.py", "details": {"fromA": 83, "toA": 84, "fromB": 83, "toB": 83, "inserted": [""]}}
{"dateTime": "2025-08-27T14:00:30.026Z", "eventType": "delete.backward", "fullPath": "/main.py", "details": {"fromA": 82, "toA": 83, "fromB": 82, "toB": 82, "inserted": [""]}}
{"dateTime": "2025-08-27T14:00:31.136Z", "eventType": "focus", "fullPath": "/main.py"}
{"dateTime": "2025-08-27T14:00:31.138Z", "eventType": "select.pointer", "fullPath": "/main.py", "details": {"selection": {"from": 39, "to": 39}}}
{"dateTime": "2025-08-27T14:00:31.456Z", "eventType": "input.type", "fullPath": "/main.py", "details": {"fromA": 82, "toA": 82, "fromB": 82, "toB": 83, "inserted": ["*"]}}
{"dateTime": "2025-08-27T14:00:32.982Z", "eventType": "input.type", "fullPath": "/main.py", "details": {"fromA": 39, "toA": 39, "fromB": 39, "toB": 40, "inserted": ["("]}}
{"dateTime": "2025-08-27T14:00:33.668Z", "eventType": "select", "fullPath": "/main.py", "details": {"selection": {"from": 41, "to": 41}}}
{"dateTime": "2025-08-27T14:00:33.798Z", "eventType": "select", "fullPath": "/main.py", "details": {"selection": {"from": 42, "to": 42}}}
{"dateTime": "2025-08-27T14:00:33.988Z", "eventType": "select", "fullPath": "/main.py", "details": {"selection": {"from": 43, "to": 43}}}
{"dateTime": "2025-08-27T14:00:34.134Z", "eventType": "select", "fullPath": "/main.py", "details": {"selection": {"from": 44, "to": 44}}}
{"dateTime": "2025-08-27T14:00:34.291Z", "eventType": "input.type", "fullPath": "/main.py", "details": {"fromA": 83, "toA": 83, "fromB": 83, "toB": 84, "inserted": [")"]}}
{"dateTime": "2025-08-27T14:00:34.634Z", "eventType": "select", "fullPath": "/main.py", "details": {"selection": {"from": 45, "to": 45}}}
{"dateTime": "2025-08-27T14:00:34.682Z", "eventType": "select", "fullPath": "/main.py", "details": {"selection": {"from": 46, "to": 46}}}
{"dateTime": "2025-08-27T14:00:34.734Z", "eventType": "select", "fullPath": "/main.py", "details": {"selection": {"from": 47, "to": 47}}}
{"dateTime": "2025-08-27T14:00:34.950Z", "eventType": "select", "fullPath": "/main.py", "details": {"selection": {"from": 48, "to": 48}}}
{"dateTime": "2025-08-27T14:00:35.222Z", "eventType": "select", "fullPath": "/main.py", "details": {"selection": {"from": 49, "to": 49}}}
{"dateTime": "2025-08-27T14:00:36.093Z", "eventType": "select", "fullPath": "/main.py", "details": {"selection": {"from": 83, "to": 83}}}
{"dateTime": "2025-08-27T14:00:36.298Z", "eventType": "input.type", "fullPath": "/main.py", "details": {"fromA": 49, "toA": 49, "fromB": 49, "toB": 50, "inserted": [")"]}}
{"dateTime": "2025-08-27T14:00:36.447Z", "eventType": "select", "fullPath": "/main.py", "details": {"selection": {"from": 82, "to": 82}}}
{"dateTime": "2025-08-27T14:00:38.012Z", "eventType": "blur", "fullPath": "/main.py"}
{"dateTime": "2025-08-27T14:00:38.451Z", "eventType": "submission", "details": {"correctness": 0, "commit": "5c24e7a001bfbf2b40f7ab9f0b836a89bf52b83d", "executionTime": 0}}
{"dateTime": "2025-08-27T14:00:40.176Z", "eventType": "focus", "fullPath": "/main.py"}
{"dateTime": "2025-08-27T14:00:40.179Z", "eventType": "select.pointer", "fullPath": "/main.py", "details": {"selection": {"from": 72, "to": 72}}}
{"dateTime": "2025-08-27T14:00:40.844Z", "eventType": "select.pointer", "fullPath": "/main.py", "details": {"selection": {"from": 50, "to": 50}}}
{"dateTime": "2025-08-27T14:00:43.129Z", "eventType": "delete.backward", "fullPath": "/main.py", "details": {"fromA": 49, "toA": 50, "fromB": 49, "toB": 49, "inserted": [""]}}
{"dateTime": "2025-08-27T14:00:43.878Z", "eventType": "select", "fullPath": "/main.py", "details": {"selection": {"from": 48, "to": 48}}}
{"dateTime": "2025-08-27T14:00:44.379Z", "eventType": "select", "fullPath": "/main.py", "details": {"selection": {"from": 47, "to": 47}}}
{"dateTime": "2025-08-27T14:00:44.426Z", "eventType": "select", "fullPath": "/main.py", "details": {"selection": {"from": 46, "to": 46}}}
{"dateTime": "2025-08-27T14:00:44.476Z", "eventType": "select", "fullPath": "/main.py", "details": {"selection": {"from": 45, "to": 45}}}
{"dateTime": "2025-08-27T14:00:44.528Z", "eventType": "select", "fullPath": "/main.py", "details": {"selection": {"from": 44, "to": 44}}}
{"dateTime": "2025-08-27T14:00:44.578Z", "eventType": "select", "fullPath": "/main.py", "details": {"selection": {"from": 43, "to": 43}}}
{"dateTime": "2025-08-27T14:00:44.628Z", "eventType": "select", "fullPath": "/main.py", "details": {"selection": {"from": 42, "to": 42}}}
{"dateTime": "2025-08-27T14:00:45.094Z", "eventType": "select", "fullPath": "/main.py", "details": {"selection": {"from": 41, "to": 41}}}
{"dateTime": "2025-08-27T14:00:45.672Z", "eventType": "select", "fullPath": "/main.py", "details": {"selection": {"from": 40, "to": 40}}}
{"dateTime": "2025-08-27T14:00:46.324Z", "eventType": "delete.backward", "fullPath": "/main.py", "details": {"fromA": 39, "toA": 40, "fromB": 39, "toB": 39, "inserted": [""]}}
{"dateTime": "2025-08-27T14:00:50.607Z", "eventType": "blur", "fullPath": "/main.py"}
{"dateTime": "2025-08-27T14:00:50.614Z", "eventType": "blur", "fullPath": "/main.py"}
{"dateTime": "2025-08-27T14:00:54.302Z", "eventType": "focus", "fullPath": "/main.py"}
{"dateTime": "2025-08-27T14:00:54.305Z", "eventType": "select.pointer", "fullPath": "/main.py", "details": {"selection": {"from": 83, "to": 83}}}
{"dateTime": "2025-08-27T14:00:56.056Z", "eventType": "delete.backward", "fullPath": "/main.py", "details": {"fromA": 82, "toA": 83, "fromB": 82, "toB": 82, "inserted": [""]}}
{"dateTime": "2025-08-27T14:00:57.064Z", "eventType": "delete.backward", "fullPath": "/main.py", "details": {"fromA": 81, "toA": 82, "fromB": 81, "toB": 81, "inserted": [""]}}
{"dateTime": "2025-08-27T14:00:57.120Z", "eventType": "focus", "fullPath": "/main.py"}
{"dateTime": "2025-08-27T14:00:57.122Z", "eventType": "select.pointer", "fullPath": "/main.py", "details": {"selection": {"from": 0, "to": 0}}}
{"dateTime": "2025-08-27T14:00:57.288Z", "eventType": "delete.backward", "fullPath": "/main.py", "details": {"fromA": 80, "toA": 81, "fromB": 80, "toB": 80, "inserted": [""]}}
{"dateTime": "2025-08-27T14:00:57.481Z", "eventType": "delete.backward", "fullPath": "/main.py", "details": {"fromA": 79, "toA": 80, "fromB": 79, "toB": 79, "inserted": [""]}}
{"dateTime": "2025-08-27T14:00:57.641Z", "eventType": "delete.backward", "fullPath": "/main.py", "details": {"fromA": 78, "toA": 79, "fromB": 78, "toB": 78, "inserted": [""]}}
{"dateTime": "2025-08-27T14:00:58.043Z", "eventType": "input", "fullPath": "/main.py", "details": {"fromA": 0, "toA": 0, "fromB": 0, "toB": 1, "inserted": ["", ""]}}
{"dateTime": "2025-08-27T14:00:58.949Z", "eventType": "input.type", "fullPath": "/main.py", "details": {"fromA": 78, "toA": 78, "fromB": 78, "toB": 79, "inserted": ["A"]}}
{"dateTime": "2025-08-27T14:00:59.570Z", "eventType": "select.pointer", "fullPath": "/main.py", "details": {"selection": {"from": 0, "to": 0}}}
{"dateTime": "2025-08-27T14:01:00.985Z", "eventType": "delete.backward", "fullPath": "/main.py", "details": {"fromA": 78, "toA": 79, "fromB": 78, "toB": 78, "inserted": [""]}}
{"dateTime": "2025-08-27T14:01:01.913Z", "eventType": "input.type", "fullPath": "/main.py", "details": {"fromA": 78, "toA": 78, "fromB": 78, "toB": 79, "inserted": ["a"]}}
{"dateTime": "2025-08-27T14:01:02.249Z", "eventType": "input.type", "fullPath": "/main.py", "details": {"fromA": 0, "toA": 0, "fromB": 0, "toB": 1, "inserted": ["I"]}}
{"dateTime": "2025-08-27T14:01:04.643Z", "eventType": "select.pointer", "fullPath": "/main.py", "details": {"selection": {"from": 69, "to": 69}}}
{"dateTime": "2025-08-27T14:01:04.773Z", "eventType": "delete.backward", "fullPath": "/main.py", "details": {"fromA": 0, "toA": 1, "fromB": 0, "toB": 0, "inserted": [""]}}
{"dateTime": "2025-08-27T14:01:05.673Z", "eventType": "input.type", "fullPath": "/main.py", "details": {"fromA": 0, "toA": 0, "fromB": 0, "toB": 1, "inserted": ["I"]}}
{"dateTime": "2025-08-27T14:01:05.831Z", "eventType": "select.pointer", "fullPath": "/main.py", "details": {"selection": {"from": 68, "to": 68}}}
{"dateTime": "2025-08-27T14:01:06.590Z", "eventType": "input.type", "fullPath": "/main.py", "details": {"fromA": 1, "toA": 1, "fromB": 1, "toB": 2, "inserted": ["M"]}}
{"dateTime": "2025-08-27T14:01:06.842Z", "eventType": "input.type", "fullPath": "/main.py", "details": {"fromA": 2, "toA": 2, "fromB": 2, "toB": 3, "inserted": ["P"]}}
{"dateTime": "2025-08-27T14:01:06.871Z", "eventType": "delete.backward", "fullPath": "/main.py", "details": {"fromA": 67, "toA": 68, "fromB": 67, "toB": 67, "inserted": [""]}}
{"dateTime": "2025-08-27T14:01:06.957Z", "eventType": "input.type", "fullPath": "/main.py", "details": {"fromA": 3, "toA": 3, "fromB": 3, "toB": 4, "inserted": ["O"]}}
{"dateTime": "2025-08-27T14:01:06.965Z", "eventType": "input.type", "fullPath": "/main.py", "details": {"fromA": 67, "toA": 67, "fromB": 67, "toB": 68, "inserted": [" "]}}
{"dateTime": "2025-08-27T14:01:07.133Z", "eventType": "input.type", "fullPath": "/main.py", "details": {"fromA": 4, "toA": 4, "fromB": 4, "toB": 5, "inserted": ["R"]}}
{"dateTime": "2025-08-27T14:01:07.373Z", "eventType": "input.type", "fullPath": "/main.py", "details": {"fromA": 5, "toA": 5, "fromB": 5, "toB": 6, "inserted": ["T"]}}
{"dateTime": "2025-08-27T14:01:07.879Z", "eventType": "delete.backward", "fullPath": "/main.py", "details": {"fromA": 67, "toA": 68, "fromB": 67, "toB": 67, "inserted": [""]}}
{"dateTime": "2025-08-27T14:01:08.570Z", "eventType": "delete.backward", "fullPath": "/main.py", "details": {"fromA": 5, "toA": 6, "fromB": 5, "toB": 5, "inserted": [""]}}
{"dateTime": "2025-08-27T14:01:09.070Z", "eventType": "delete.backward", "fullPath": "/main.py", "details": {"fromA": 4, "toA": 5, "fromB": 4, "toB": 4, "inserted": [""]}}
{"dateTime": "2025-08-27T14:01:09.115Z", "eventType": "delete.backward", "fullPath": "/main.py", "details": {"fromA": 3, "toA": 4, "fromB": 3, "toB": 3, "inserted": [""]}}
{"dateTime": "2025-08-27T14:01:09.174Z", "eventType": "delete.backward", "fullPath": "/main.py", "details": {"fromA": 2, "toA": 3, "fromB": 2, "toB": 2, "inserted": [""]}}
{"dateTime": "2025-08-27T14:01:09.216Z", "eventType": "delete.backward", "fullPath": "/main.py", "details": {"fromA": 1, "toA": 2, "fromB": 1, "toB": 1, "inserted": [""]}}
{"dateTime": "2025-08-27T14:01:09.264Z", "eventType": "delete.backward", "fullPath": "/main.py", "details": {"fromA": 0, "toA": 1, "fromB": 0, "toB": 0, "inserted": [""]}}
{"dateTime": "2025-08-27T14:01:09.594Z", "eventType": "blur", "fullPath": "/main.py"}
{"dateTime": "2025-08-27T14:01:09.595Z", "eventType": "focus", "fullPath": "/main.py"}
{"dateTime": "2025-08-27T14:01:09.596Z", "eventType": "select", "fullPath": "/main.py", "details": {"selection": {"from": 80, "to": 80}}}
{"dateTime": "2025-08-27T14:01:10.729Z", "eventType": "input.type", "fullPath": "/main.py", "details": {"fromA": 0, "toA": 0, "fromB": 0, "toB": 1, "inserted": ["i"]}}
{"dateTime": "2025-08-27T14:01:11.013Z", "eventType": "input.type", "fullPath": "/main.py", "details": {"fromA": 1, "toA": 1, "fromB": 1, "toB": 2, "inserted": ["m"]}}
{"dateTime": "2025-08-27T14:01:11.397Z", "eventType": "input.type", "fullPath": "/main.py", "details": {"fromA": 2, "toA": 2, "fromB": 2, "toB": 3, "inserted": ["p"]}}
{"dateTime": "2025-08-27T14:01:11.509Z", "eventType": "input.type", "fullPath": "/main.py", "details": {"fromA": 3, "toA": 3, "fromB": 3, "toB": 4, "inserted": ["o"]}}
{"dateTime": "2025-08-27T14:01:11.733Z", "eventType": "input.type", "fullPath": "/main.py", "details": {"fromA": 4, "toA": 4, "fromB": 4, "toB": 5, "inserted": ["t"]}}
{"dateTime": "2025-08-27T14:01:12.298Z", "eventType": "input.type", "fullPath": "/main.py", "details": {"fromA": 5, "toA": 5, "fromB": 5, "toB": 6, "inserted": [" "]}}
{"dateTime": "2025-08-27T14:01:12.871Z", "eventType": "select", "fullPath": "/main.py", "details": {"selection": {"from": 0, "to": 0}}}
{"dateTime": "2025-08-27T14:01:13.890Z", "eventType": "select.pointer", "fullPath": "/main.py", "details": {"selection": {"from": 68, "to": 68}}}
{"dateTime": "2025-08-27T14:01:14.774Z", "eventType": "input.type", "fullPath": "/main.py", "details": {"fromA": 0, "toA": 0, "fromB": 0, "toB": 1, "inserted": [" "]}}
{"dateTime": "2025-08-27T14:01:15.529Z", "eventType": "input.type", "fullPath": "/main.py", "details": {"fromA": 1, "toA": 1, "fromB": 1, "toB": 2, "inserted": ["m"]}}
{"dateTime": "2025-08-27T14:01:15.660Z", "eventType": "input.type", "fullPath": "/main.py", "details": {"fromA": 2, "toA": 2, "fromB": 2, "toB": 3, "inserted": ["a"]}}
{"dateTime": "2025-08-27T14:01:16.266Z", "eventType": "input.type", "fullPath": "/main.py", "details": {"fromA": 3, "toA": 3, "fromB": 3, "toB": 4, "inserted": ["t"]}}
{"dateTime": "2025-08-27T14:01:16.372Z", "eventType": "input.type", "fullPath": "/main.py", "details": {"fromA": 4, "toA": 4, "fromB": 4, "toB": 5, "inserted": ["h"]}}
{"dateTime": "2025-08-27T14:01:16.931Z", "eventType": "select.pointer", "fullPath": "/main.py", "details": {"selection": {"from": 5, "to": 5}}}
{"dateTime": "2025-08-27T14:01:18.803Z", "eventType": "input.type", "fullPath": "/main.py", "details": {"fromA": 5, "toA": 5, "fromB": 5, "toB": 6, "inserted": ["r"]}}
{"dateTime": "2025-08-27T14:01:19.098Z", "eventType": "delete.backward", "fullPath": "/main.py", "details": {"fromA": 4, "toA": 5, "fromB": 4, "toB": 4, "inserted": [""]}}
{"dateTime": "2025-08-27T14:01:19.597Z", "eventType": "delete.backward", "fullPath": "/main.py", "details": {"fromA": 3, "toA": 4, "fromB": 3, "toB": 3, "inserted": [""]}}
{"dateTime": "2025-08-27T14:01:19.650Z", "eventType": "delete.backward", "fullPath": "/main.py", "details": {"fromA": 2, "toA": 3, "fromB": 2, "toB": 2, "inserted": [""]}}
{"dateTime": "2025-08-27T14:01:19.698Z", "eventType": "delete.backward", "fullPath": "/main.py", "details": {"fromA": 1, "toA": 2, "fromB": 1, "toB": 1, "inserted": [""]}}
{"dateTime": "2025-08-27T14:01:19.748Z", "eventType": "delete.backward", "fullPath": "/main.py", "details": {"fromA": 0, "toA": 1, "fromB": 0, "toB": 0, "inserted": [""]}}
{"dateTime": "2025-08-27T14:01:20.374Z", "eventType": "select", "fullPath": "/main.py", "details": {"selection": {"from": 1, "to": 1}}}
{"dateTime": "2025-08-27T14:01:20.875Z", "eventType": "select", "fullPath": "/main.py", "details": {"selection": {"from": 2, "to": 2}}}
{"dateTime": "2025-08-27T14:01:20.925Z", "eventType": "select", "fullPath": "/main.py", "details": {"selection": {"from": 3, "to": 3}}}
{"dateTime": "2025-08-27T14:01:20.975Z", "eventType": "select", "fullPath": "/main.py", "details": {"selection": {"from": 4, "to": 4}}}
{"dateTime": "2025-08-27T14:01:21.064Z", "eventType": "delete.backward", "fullPath": "/main.py", "details": {"fromA": 5, "toA": 6, "fromB": 5, "toB": 5, "inserted": [""]}}
{"dateTime": "2025-08-27T14:01:21.228Z", "eventType": "delete.backward", "fullPath": "/main.py", "details": {"fromA": 4, "toA": 5, "fromB": 4, "toB": 4, "inserted": [""]}}
{"dateTime": "2025-08-27T14:01:21.364Z", "eventType": "select", "fullPath": "/main.py", "details": {"selection": {"from": 5, "to": 5}}}
{"dateTime": "2025-08-27T14:01:21.388Z", "eventType": "delete.backward", "fullPath": "/main.py", "details": {"fromA": 3, "toA": 4, "fromB": 3, "toB": 3, "inserted": [""]}}
{"dateTime": "2025-08-27T14:01:21.555Z", "eventType": "select", "fullPath": "/main.py", "details": {"selection": {"from": 6, "to": 6}}}
{"dateTime": "2025-08-27T14:01:22.019Z", "eventType": "select", "fullPath": "/main.py", "details": {"selection": {"from": 5, "to": 5}}}
{"dateTime": "2025-08-27T14:01:22.538Z", "eventType": "input.type", "fullPath": "/main.py", "details": {"fromA": 5, "toA": 5, "fromB": 5, "toB": 6, "inserted": [" "]}}
{"dateTime": "2025-08-27T14:01:22.708Z", "eventType": "input.type", "fullPath": "/main.py", "details": {"fromA": 3, "toA": 3, "fromB": 3, "toB": 4, "inserted": ["o"]}}
{"dateTime": "2025-08-27T14:01:22.791Z", "eventType": "input.type", "fullPath": "/main.py", "details": {"fromA": 4, "toA": 4, "fromB": 4, "toB": 5, "inserted": ["r"]}}
{"dateTime": "2025-08-27T14:01:22.987Z", "eventType": "input.type", "fullPath": "/main.py", "details": {"fromA": 5, "toA": 5, "fromB": 5, "toB": 6, "inserted": ["t"]}}
{"dateTime": "2025-08-27T14:01:23.130Z", "eventType": "input.type", "fullPath": "/main.py", "details": {"fromA": 6, "toA": 6, "fromB": 6, "toB": 7, "inserted": ["m"]}}
{"dateTime": "2025-08-27T14:01:23.241Z", "eventType": "input.type", "fullPath": "/main.py", "details": {"fromA": 7, "toA": 7, "fromB": 7, "toB": 8, "inserted": ["a"]}}
{"dateTime": "2025-08-27T14:01:23.516Z", "eventType": "input.type", "fullPath": "/main.py", "details": {"fromA": 8, "toA": 8, "fromB": 8, "toB": 9, "inserted": ["t"]}}
{"dateTime": "2025-08-27T14:01:23.738Z", "eventType": "input.type", "fullPath": "/main.py", "details": {"fromA": 9, "toA": 9, "fromB": 9, "toB": 10, "inserted": ["h"]}}
{"dateTime": "2025-08-27T14:01:24.004Z", "eventType": "blur", "fullPath": "/main.py"}
{"dateTime": "2025-08-27T14:01:24.007Z", "eventType": "focus", "fullPath": "/main.py"}
{"dateTime": "2025-08-27T14:01:24.011Z", "eventType": "select", "fullPath": "/main.py", "details": {"selection": {"from": 81, "to": 81}}}
{"dateTime": "2025-08-27T14:01:24.314Z", "eventType": "input.type", "fullPath": "/main.py", "details": {"fromA": 10, "toA": 10, "fromB": 10, "toB": 11, "inserted": [" "]}}
{"dateTime": "2025-08-27T14:01:26.872Z", "eventType": "blur", "fullPath": "/main.py"}
{"dateTime": "2025-08-27T14:01:27.289Z", "eventType": "submission", "details": {"correctness": 0, "commit": "dfabcd1aa031781d4bc17c9307768b1b0e09131f", "executionTime": 0.01}}
{"dateTime": "2025-08-27T14:01:27.520Z", "eventType": "focus", "fullPath": "/main.py"}
{"dateTime": "2025-08-27T14:01:27.522Z", "eventType": "select.pointer", "fullPath": "/main.py", "details": {"selection": {"from": 38, "to": 38}}}
{"dateTime": "2025-08-27T14:01:27.971Z", "eventType": "input.type", "fullPath": "/main.py", "details": {"fromA": 38, "toA": 38, "fromB": 38, "toB": 39, "inserted": [" "]}}
{"dateTime": "2025-08-27T14:01:28.584Z", "eventType": "select.pointer", "fullPath": "/main.py", "details": {"selection": {"from": 41, "to": 41}}}
{"dateTime": "2025-08-27T14:01:28.785Z", "eventType": "select.pointer", "fullPath": "/main.py", "details": {"selection": {"from": 1, "to": 1}}}
{"dateTime": "2025-08-27T14:01:29.090Z", "eventType": "input.type", "fullPath": "/main.py", "details": {"fromA": 41, "toA": 41, "fromB": 41, "toB": 42, "inserted": [" "]}}
{"dateTime": "2025-08-27T14:01:29.913Z", "eventType": "delete.backward", "fullPath": "/main.py", "details": {"fromA": 0, "toA": 1, "fromB": 0, "toB": 0, "inserted": [""]}}
{"dateTime": "2025-08-27T14:01:30.410Z", "eventType": "input.type", "fullPath": "/main.py", "details": {"fromA": 0, "toA": 0, "fromB": 0, "toB": 1, "inserted": ["I"]}}
{"dateTime": "2025-08-27T14:01:32.068Z", "eventType": "blur", "fullPath": "/main.py"}
{"dateTime": "2025-08-27T14:01:32.537Z", "eventType": "submission", "details": {"correctness": 0, "commit": "232134caaa75f2e2b5561fcf511856306d7bbb23", "executionTime": 0}}
{"dateTime": "2025-08-27T14:01:34.585Z", "eventType": "select.pointer", "fullPath": "/main.py", "details": {"selection": {"from": 1, "to": 1}}}
{"dateTime": "2025-08-27T14:01:35.928Z", "eventType": "delete.backward", "fullPath": "/main.py", "details": {"fromA": 0, "toA": 1, "fromB": 0, "toB": 0, "inserted": [""]}}
{"dateTime": "2025-08-27T14:01:36.250Z", "eventType": "input.type", "fullPath": "/main.py", "details": {"fromA": 0, "toA": 0, "fromB": 0, "toB": 1, "inserted": ["I"]}}
{"dateTime": "2025-08-27T14:01:37.946Z", "eventType": "delete.backward", "fullPath": "/main.py", "details": {"fromA": 0, "toA": 1, "fromB": 0, "toB": 0, "inserted": [""]}}
{"dateTime": "2025-08-27T14:01:38.666Z", "eventType": "input.type", "fullPath": "/main.py", "details": {"fromA": 0, "toA": 0, "fromB": 0, "toB": 1, "inserted": ["I"]}}
{"dateTime": "2025-08-27T14:01:39.940Z", "eventType": "delete.backward", "fullPath": "/main.py", "details": {"fromA": 0, "toA": 1, "fromB": 0, "toB": 0, "inserted": [""]}}
{"dateTime": "2025-08-27T14:01:40.736Z", "eventType": "focus", "fullPath": "/main.py"}
{"dateTime": "2025-08-27T14:01:40.738Z", "eventType": "select.pointer", "fullPath": "/main.py", "details": {"selection": {"from": 61, "to": 61}}}
{"dateTime": "2025-08-27T14:01:40.794Z", "eventType": "input.type", "fullPath": "/main.py", "details": {"fromA": 0, "toA": 0, "fromB": 0, "toB": 1, "inserted": ["I"]}}
{"dateTime": "2025-08-27T14:01:40.883Z", "eventType": "input.type", "fullPath": "/main.py", "details": {"fromA": 61, "toA": 61, "fromB": 61, "toB": 62, "inserted": [" "]}}
{"dateTime": "2025-08-27T14:01:41.290Z", "eventType": "delete.backward", "fullPath": "/main.py", "details": {"fromA": 0, "toA": 1, "fromB": 0, "toB": 0, "inserted": [""]}}
{"dateTime": "2025-08-27T14:01:41.972Z", "eventType": "blur", "fullPath": "/main.py"}
{"dateTime": "2025-08-27T14:01:42.326Z", "eventType": "submission", "details": {"correctness": 0, "commit": "52ba220f21edae779a86080262319817d052ec1a", "executionTime": 0}}
{"dateTime": "2025-08-27T14:01:42.538Z", "eventType": "input.type", "fullPath": "/main.py", "details": {"fromA": 0, "toA": 0, "fromB": 0, "toB": 1, "inserted": ["i"]}}
{"dateTime": "2025-08-27T14:01:43.278Z", "eventType": "blur", "fullPath": "/main.py"}
{"dateTime": "2025-08-27T14:01:43.281Z", "eventType": "select", "fullPath": "/main.py", "details": {"selection": {"from": 83, "to": 83}}}
{"dateTime": "2025-08-27T14:01:44.026Z", "eventType": "select.pointer", "fullPath": "/main.py", "details": {"selection": {"from": 34, "to": 34}}}
{"dateTime": "2025-08-27T14:01:44.518Z", "eventType": "focus", "fullPath": "/main.py"}
{"dateTime": "2025-08-27T14:01:44.521Z", "eventType": "select.pointer", "fullPath": "/main.py", "details": {"selection": {"from": 79, "to": 79}}}
{"dateTime": "2025-08-27T14:01:59.677Z", "eventType": "select.pointer", "fullPath": "/main.py", "details": {"selection": {"from": 82, "to": 82}}}
{"dateTime": "2025-08-27T14:02:02.822Z", "eventType": "input.type", "fullPath": "/main.py", "details": {"fromA": 82, "toA": 82, "fromB": 82, "toB": 83, "inserted": ["*"]}}
{"dateTime": "2025-08-27T14:02:05.018Z", "eventType": "select.pointer", "fullPath": "/main.py", "details": {"selection": {"from": 81, "to": 81}}}
{"dateTime": "2025-08-27T14:02:10.154Z", "eventType": "submission", "details": {"correctness": 0, "commit": "52ba220f21edae779a86080262319817d052ec1a", "executionTime": 0}}
{"dateTime": "2025-08-27T14:02:19.778Z", "eventType": "select.pointer", "fullPath": "/main.py", "details": {"selection": {"from": 80, "to": 80}}}
{"dateTime": "2025-08-27T14:02:20.970Z", "eventType": "delete.backward", "fullPath": "/main.py", "details": {"fromA": 79, "toA": 80, "fromB": 79, "toB": 79, "inserted": [""]}}
{"dateTime": "2025-08-27T14:02:21.146Z", "eventType": "delete.backward", "fullPath": "/main.py", "details": {"fromA": 78, "toA": 79, "fromB": 78, "toB": 78, "inserted": [""]}}
{"dateTime": "2025-08-27T14:02:22.922Z", "eventType": "input.type", "fullPath": "/main.py", "details": {"fromA": 78, "toA": 78, "fromB": 78, "toB": 79, "inserted": [";"]}}
{"dateTime": "2025-08-27T14:02:23.116Z", "eventType": "input.type", "fullPath": "/main.py", "details": {"fromA": 79, "toA": 79, "fromB": 79, "toB": 80, "inserted": [" "]}}
{"dateTime": "2025-08-27T14:02:24.361Z", "eventType": "select", "fullPath": "/main.py", "details": {"selection": {"from": 81, "to": 81}}}
{"dateTime": "2025-08-27T14:02:31.257Z", "eventType": "select", "fullPath": "/main.py", "details": {"selection": {"from": 80, "to": 80}}}
{"dateTime": "2025-08-27T14:02:37.095Z", "eventType": "select", "fullPath": "/main.py", "details": {"selection": {"from": 79, "to": 79}}}
{"dateTime": "2025-08-27T14:02:37.270Z", "eventType": "select", "fullPath": "/main.py", "details": {"selection": {"from": 78, "to": 78}}}
{"dateTime": "2025-08-27T14:02:37.414Z", "eventType": "select", "fullPath": "/main.py", "details": {"selection": {"from": 77, "to": 77}}}
{"dateTime": "2025-08-27T14:02:37.591Z", "eventType": "select", "fullPath": "/main.py", "details": {"selection": {"from": 76, "to": 76}}}
{"dateTime": "2025-08-27T14:02:38.180Z", "eventType": "select", "fullPath": "/main.py", "details": {"selection": {"from": 75, "to": 75}}}
{"dateTime": "2025-08-27T14:02:38.473Z", "eventType": "select", "fullPath": "/main.py", "details": {"selection": {"from": 74, "to": 74}}}
{"dateTime": "2025-08-27T14:02:45.319Z", "eventType": "select", "fullPath": "/main.py", "details": {"selection": {"from": 73, "to": 73}}}
{"dateTime": "2025-08-27T14:02:45.477Z", "eventType": "select", "fullPath": "/main.py", "details": {"selection": {"from": 72, "to": 72}}}
{"dateTime": "2025-08-27T14:02:45.670Z", "eventType": "select", "fullPath": "/main.py", "details": {"selection": {"from": 71, "to": 71}}}
{"dateTime": "2025-08-27T14:02:45.847Z", "eventType": "select", "fullPath": "/main.py", "details": {"selection": {"from": 70, "to": 70}}}
{"dateTime": "2025-08-27T14:02:46.023Z", "eventType": "select", "fullPath": "/main.py", "details": {"selection": {"from": 69, "to": 69}}}
{"dateTime": "2025-08-27T14:02:46.201Z", "eventType": "select", "fullPath": "/main.py", "details": {"selection": {"from": 68, "to": 68}}}
{"dateTime": "2025-08-27T14:02:46.356Z", "eventType": "select", "fullPath": "/main.py", "details": {"selection": {"from": 67, "to": 67}}}
{"dateTime": "2025-08-27T14:02:48.185Z", "eventType": "input.type", "fullPath": "/main.py", "details": {"fromA": 67, "toA": 67, "fromB": 67, "toB": 68, "inserted": ["*"]}}
{"dateTime": "2025-08-27T14:02:50.154Z", "eventType": "input.type", "fullPath": "/main.py", "details": {"fromA": 68, "toA": 68, "fromB": 68, "toB": 69, "inserted": [" "]}}
{"dateTime": "2025-08-27T14:02:50.665Z", "eventType": "select", "fullPath": "/main.py", "details": {"selection": {"from": 68, "to": 68}}}
{"dateTime": "2025-08-27T14:02:55.244Z", "eventType": "focus", "fullPath": "/main.py"}
{"dateTime": "2025-08-27T14:02:55.245Z", "eventType": "select.pointer", "fullPath": "/main.py", "details": {"selection": {"from": 29, "to": 29}}}
{"dateTime": "2025-08-27T14:02:56.541Z", "eventType": "input.type", "fullPath": "/main.py", "details": {"fromA": 29, "toA": 29, "fromB": 29, "toB": 30, "inserted": ["m"]}}
{"dateTime": "2025-08-27T14:02:56.653Z", "eventType": "input.type", "fullPath": "/main.py", "details": {"fromA": 30, "toA": 30, "fromB": 30, "toB": 31, "inserted": ["a"]}}
{"dateTime": "2025-08-27T14:02:57.186Z", "eventType": "input.type", "fullPath": "/main.py", "details": {"fromA": 31, "toA": 31, "fromB": 31, "toB": 32, "inserted": ["t"]}}
{"dateTime": "2025-08-27T14:02:57.302Z", "eventType": "input.type", "fullPath": "/main.py", "details": {"fromA": 32, "toA": 32, "fromB": 32, "toB": 33, "inserted": ["h"]}}
{"dateTime": "2025-08-27T14:02:58.531Z", "eventType": "input.type", "fullPath": "/main.py", "details": {"fromA": 33, "toA": 33, "fromB": 33, "toB": 34, "inserted": ["."]}}
{"dateTime": "2025-08-27T14:03:01.595Z", "eventType": "select", "fullPath": "/main.py", "details": {"selection": {"from": 35, "to": 35}}}
{"dateTime": "2025-08-27T14:03:01.822Z", "eventType": "select", "fullPath": "/main.py", "details": {"selection": {"from": 36, "to": 36}}}
{"dateTime": "2025-08-27T14:03:01.966Z", "eventType": "select", "fullPath": "/main.py", "details": {"selection": {"from": 37, "to": 37}}}
{"dateTime": "2025-08-27T14:03:02.094Z", "eventType": "select", "fullPath": "/main.py", "details": {"selection": {"from": 38, "to": 38}}}
{"dateTime": "2025-08-27T14:03:02.595Z", "eventType": "select", "fullPath": "/main.py", "details": {"selection": {"from": 39, "to": 39}}}
{"dateTime": "2025-08-27T14:03:02.644Z", "eventType": "select", "fullPath": "/main.py", "details": {"selection": {"from": 40, "to": 40}}}
{"dateTime": "2025-08-27T14:03:02.694Z", "eventType": "select", "fullPath": "/main.py", "details": {"selection": {"from": 41, "to": 41}}}
{"dateTime": "2025-08-27T14:03:02.745Z", "eventType": "select", "fullPath": "/main.py", "details": {"selection": {"from": 42, "to": 42}}}
{"dateTime": "2025-08-27T14:03:02.796Z", "eventType": "select", "fullPath": "/main.py", "details": {"selection": {"from": 43, "to": 43}}}
{"dateTime": "2025-08-27T14:03:03.229Z", "eventType": "select", "fullPath": "/main.py", "details": {"selection": {"from": 44, "to": 44}}}
{"dateTime": "2025-08-27T14:03:03.857Z", "eventType": "delete.backward", "fullPath": "/main.py", "details": {"fromA": 43, "toA": 44, "fromB": 43, "toB": 43, "inserted": [""]}}
{"dateTime": "2025-08-27T14:03:04.334Z", "eventType": "select", "fullPath": "/main.py", "details": {"selection": {"from": 44, "to": 44}}}
{"dateTime": "2025-08-27T14:03:04.558Z", "eventType": "select", "fullPath": "/main.py", "details": {"selection": {"from": 45, "to": 45}}}
{"dateTime": "2025-08-27T14:03:04.670Z", "eventType": "select", "fullPath": "/main.py", "details": {"selection": {"from": 46, "to": 46}}}
{"dateTime": "2025-08-27T14:03:07.854Z", "eventType": "select", "fullPath": "/main.py", "details": {"selection": {"from": 45, "to": 45}}}
{"dateTime": "2025-08-27T14:03:08.110Z", "eventType": "select", "fullPath": "/main.py", "details": {"selection": {"from": 44, "to": 44}}}
{"dateTime": "2025-08-27T14:03:08.542Z", "eventType": "select", "fullPath": "/main.py", "details": {"selection": {"from": 43, "to": 43}}}
{"dateTime": "2025-08-27T14:03:08.785Z", "eventType": "input.type", "fullPath": "/main.py", "details": {"fromA": 43, "toA": 43, "fromB": 43, "toB": 44, "inserted": [" "]}}
{"dateTime": "2025-08-27T14:03:10.828Z", "eventType": "blur", "fullPath": "/main.py"}
{"dateTime": "2025-08-27T14:03:11.282Z", "eventType": "submission", "details": {"correctness": 0, "commit": "a34109b1b451baef655122c354dce495f8edb4e3", "executionTime": 0}}
{"dateTime": "2025-08-27T14:03:17.112Z", "eventType": "focus", "fullPath": "/main.py"}
{"dateTime": "2025-08-27T14:03:17.115Z", "eventType": "select.pointer", "fullPath": "/main.py", "details": {"selection": {"from": 44, "to": 44}}}
{"dateTime": "2025-08-27T14:03:33.844Z", "eventType": "blur", "fullPath": "/main.py"}
{"dateTime": "2025-08-27T14:03:34.191Z", "eventType": "submission", "details": {"correctness": 0, "commit": "a34109b1b451baef655122c354dce495f8edb4e3", "executionTime": 0}}
{"dateTime": "2025-08-27T14:03:35.664Z", "eventType": "focus", "fullPath": "/main.py"}
{"dateTime": "2025-08-27T14:03:35.666Z", "eventType": "select.pointer", "fullPath": "/main.py", "details": {"selection": {"from": 46, "to": 46}}}
{"dateTime": "2025-08-27T14:03:36.492Z", "eventType": "select.pointer", "fullPath": "/main.py", "details": {"selection": {"from": 47, "to": 47}}}
{"dateTime": "2025-08-27T14:03:37.601Z", "eventType": "delete.backward", "fullPath": "/main.py", "details": {"fromA": 46, "toA": 47, "fromB": 46, "toB": 46, "inserted": [""]}}
{"dateTime": "2025-08-27T14:03:38.864Z", "eventType": "delete.backward", "fullPath": "/main.py", "details": {"fromA": 45, "toA": 46, "fromB": 45, "toB": 45, "inserted": [""]}}
{"dateTime": "2025-08-27T14:03:39.710Z", "eventType": "select", "fullPath": "/main.py", "details": {"selection": {"from": 44, "to": 44}}}
{"dateTime": "2025-08-27T14:03:40.654Z", "eventType": "select", "fullPath": "/main.py", "details": {"selection": {"from": 45, "to": 45}}}
{"dateTime": "2025-08-27T14:03:40.946Z", "eventType": "input.type", "fullPath": "/main.py", "details": {"fromA": 45, "toA": 45, "fromB": 45, "toB": 46, "inserted": [" "]}}
{"dateTime": "2025-08-27T14:03:42.492Z", "eventType": "blur", "fullPath": "/main.py"}
{"dateTime": "2025-08-27T14:03:42.869Z", "eventType": "submission", "details": {"correctness": 0, "commit": "894efaf93a537081dc43c03db3bc4d5ed4da65c6", "executionTime": 0}}
{"dateTime": "2025-08-27T14:03:44.920Z", "eventType": "focus", "fullPath": "/main.py"}
{"dateTime": "2025-08-27T14:03:44.922Z", "eventType": "select.pointer", "fullPath": "/main.py", "details": {"selection": {"from": 46, "to": 46}}}
{"dateTime": "2025-08-27T14:03:46.444Z", "eventType": "delete.backward", "fullPath": "/main.py", "details": {"fromA": 45, "toA": 46, "fromB": 45, "toB": 45, "inserted": [""]}}
{"dateTime": "2025-08-27T14:03:48.720Z", "eventType": "input.type", "fullPath": "/main.py", "details": {"fromA": 45, "toA": 45, "fromB": 45, "toB": 46, "inserted": ["*"]}}
{"dateTime": "2025-08-27T14:03:49.758Z", "eventType": "select", "fullPath": "/main.py", "details": {"selection": {"from": 45, "to": 45}}}
{"dateTime": "2025-08-27T14:03:50.206Z", "eventType": "select", "fullPath": "/main.py", "details": {"selection": {"from": 44, "to": 44}}}
{"dateTime": "2025-08-27T14:03:50.655Z", "eventType": "delete.backward", "fullPath": "/main.py", "details": {"fromA": 43, "toA": 44, "fromB": 43, "toB": 43, "inserted": [""]}}
{"dateTime": "2025-08-27T14:03:52.452Z", "eventType": "blur", "fullPath": "/main.py"}
{"dateTime": "2025-08-27T14:03:52.818Z", "eventType": "submission", "details": {"correctness": 0, "commit": "7ff3e9331c6cbcc72cbbd44ef8ceff7f15e8ecf7", "executionTime": 0}}
{"dateTime": "2025-08-27T14:04:56.516Z", "eventType": "focus", "fullPath": "/main.py"}
{"dateTime": "2025-08-27T14:04:56.517Z", "eventType": "select.pointer", "fullPath": "/main.py", "details": {"selection": {"from": 45, "to": 45}}}
{"dateTime": "2025-08-27T14:04:56.722Z", "eventType": "input.type", "fullPath": "/main.py", "details": {"fromA": 45, "toA": 45, "fromB": 45, "toB": 46, "inserted": [" "]}}
{"dateTime": "2025-08-27T14:04:57.876Z", "eventType": "blur", "fullPath": "/main.py"}
{"dateTime": "2025-08-27T14:04:58.262Z", "eventType": "submission", "details": {"correctness": 0, "commit": "052c917be7a4ad7b7f143b1e91776d06f26d9893", "executionTime": 0}}
{"dateTime": "2025-08-27T14:05:00.560Z", "eventType": "focus", "fullPath": "/main.py"}
{"dateTime": "2025-08-27T14:05:00.562Z", "eventType": "select.pointer", "fullPath": "/main.py", "details": {"selection": {"from": 43, "to": 43}}}
{"dateTime": "2025-08-27T14:05:00.820Z", "eventType": "input.type", "fullPath": "/main.py", "details": {"fromA": 43, "toA": 43, "fromB": 43, "toB": 44, "inserted": [" "]}}
{"dateTime": "2025-08-27T14:05:02.009Z", "eventType": "blur", "fullPath": "/main.py"}
{"dateTime": "2025-08-27T14:05:02.435Z", "eventType": "submission", "details": {"correctness": 0, "commit": "f937ef15a4831f4cd5515f97fce29b419df79aa7", "executionTime": 0}}
{"dateTime": "2025-08-27T14:05:29.008Z", "eventType": "focus", "fullPath": "/main.py"}
{"dateTime": "2025-08-27T14:05:29.010Z", "eventType": "select.pointer", "fullPath": "/main.py", "details": {"selection": {"from": 45, "to": 45}}}
{"dateTime": "2025-08-27T14:05:30.001Z", "eventType": "delete.backward", "fullPath": "/main.py", "details": {"fromA": 44, "toA": 45, "fromB": 44, "toB": 44, "inserted": [""]}}
{"dateTime": "2025-08-27T14:05:32.532Z", "eventType": "blur", "fullPath": "/main.py"}
{"dateTime": "2025-08-27T14:05:32.960Z", "eventType": "submission", "details": {"correctness": 0, "commit": "49fe006e4e7d35c340b65184ce7d2978f1c66b35", "executionTime": 0}}
{"dateTime": "2025-08-27T14:05:56.096Z", "eventType": "focus", "fullPath": "/main.py"}
{"dateTime": "2025-08-27T14:05:56.098Z", "eventType": "select.pointer", "fullPath": "/main.py", "details": {"selection": {"from": 39, "to": 39}}}
{"dateTime": "2025-08-27T14:05:57.185Z", "eventType": "delete.backward", "fullPath": "/main.py", "details": {"fromA": 38, "toA": 39, "fromB": 38, "toB": 38, "inserted": [""]}}
{"dateTime": "2025-08-27T14:05:57.868Z", "eventType": "select", "fullPath": "/main.py", "details": {"selection": {"from": 39, "to": 39}}}
{"dateTime": "2025-08-27T14:05:58.062Z", "eventType": "select", "fullPath": "/main.py", "details": {"selection": {"from": 40, "to": 40}}}
{"dateTime": "2025-08-27T14:05:58.158Z", "eventType": "select", "fullPath": "/main.py", "details": {"selection": {"from": 41, "to": 41}}}
{"dateTime": "2025-08-27T14:05:58.284Z", "eventType": "select", "fullPath": "/main.py", "details": {"selection": {"from": 42, "to": 42}}}
{"dateTime": "2025-08-27T14:05:58.414Z", "eventType": "select", "fullPath": "/main.py", "details": {"selection": {"from": 43, "to": 43}}}
{"dateTime": "2025-08-27T14:05:59.839Z", "eventType": "delete.backward", "fullPath": "/main.py", "details": {"fromA": 42, "toA": 43, "fromB": 42, "toB": 42, "inserted": [""]}}
{"dateTime": "2025-08-27T14:06:02.385Z", "eventType": "input.type", "fullPath": "/main.py", "details": {"fromA": 42, "toA": 42, "fromB": 42, "toB": 43, "inserted": ["*"]}}
{"dateTime": "2025-08-27T14:06:03.374Z", "eventType": "select", "fullPath": "/main.py", "details": {"selection": {"from": 44, "to": 44}}}
{"dateTime": "2025-08-27T14:06:03.998Z", "eventType": "select", "fullPath": "/main.py", "details": {"selection": {"from": 45, "to": 45}}}
{"dateTime": "2025-08-27T14:06:04.575Z", "eventType": "delete.backward", "fullPath": "/main.py", "details": {"fromA": 44, "toA": 45, "fromB": 44, "toB": 44, "inserted": [""]}}
{"dateTime": "2025-08-27T14:06:06.396Z", "eventType": "blur", "fullPath": "/main.py"}
{"dateTime": "2025-08-27T14:06:06.757Z", "eventType": "submission", "details": {"correctness": 0, "commit": "1af81e6d1fa7b26b0eeb588c31882aa38375b3f0", "executionTime": 0}}
