{"dateTime": "2025-09-02T20:09:52.979Z", "eventType": "focus", "fullPath": "/main.py"}
{"dateTime": "2025-09-02T20:09:52.980Z", "eventType": "select.pointer", "fullPath": "/main.py", "details": {"selection": {"from": 7, "to": 7}}}
{"dateTime": "2025-09-02T20:09:53.770Z", "eventType": "select.pointer", "fullPath": "/main.py", "details": {"selection": {"from": 4, "to": 7}}}
{"dateTime": "2025-09-02T20:10:05.149Z", "eventType": "blur", "fullPath": "/main.py"}
{"dateTime": "2025-09-02T20:10:05.151Z", "eventType": "focus", "fullPath": "/main.py"}
{"dateTime": "2025-09-02T20:10:05.170Z", "eventType": "select", "fullPath": "/main.py", "details": {"selection": {"from": 96, "to": 96}}}
{"dateTime": "2025-09-02T20:10:05.954Z", "eventType": "blur", "fullPath": "/main.py"}
{"dateTime": "2025-09-02T20:10:08.786Z", "eventType": "focus", "fullPath": "/main.py"}
{"dateTime": "2025-09-02T20:10:08.789Z", "eventType": "select.pointer", "fullPath": "/main.py", "details": {"selection": {"from": 16, "to": 16}}}
{"dateTime": "2025-09-02T20:10:10.860Z", "eventType": "input.type", "fullPath": "/main.py", "details": {"fromA": 16, "toA": 16, "fromB": 16, "toB": 18, "inserted": ["\"\""]}}
{"dateTime": "2025-09-02T20:10:19.882Z", "eventType": "select", "fullPath": "/main.py", "details": {"selection": {"from": 16, "to": 16}}}
{"dateTime": "2025-09-02T20:10:20.024Z", "eventType": "select", "fullPath": "/main.py", "details": {"selection": {"from": 15, "to": 15}}}
{"dateTime": "2025-09-02T20:10:20.138Z", "eventType": "select", "fullPath": "/main.py", "details": {"selection": {"from": 14, "to": 14}}}
{"dateTime": "2025-09-02T20:10:20.264Z", "eventType": "select", "fullPath": "/main.py", "details": {"selection": {"from": 13, "to": 13}}}
{"dateTime": "2025-09-02T20:10:20.376Z", "eventType": "select", "fullPath": "/main.py", "details": {"selection": {"from": 12, "to": 12}}}
{"dateTime": "2025-09-02T20:10:20.536Z", "eventType": "select", "fullPath": "/main.py", "details": {"selection": {"from": 11, "to": 11}}}
{"dateTime": "2025-09-02T20:10:20.666Z", "eventType": "select", "fullPath": "/main.py", "details": {"selection": {"from": 10, "to": 10}}}
{"dateTime": "2025-09-02T20:10:20.808Z", "eventType": "select", "fullPath": "/main.py", "details": {"selection": {"from": 9, "to": 9}}}
{"dateTime": "2025-09-02T20:10:21.483Z", "eventType": "delete.backward", "fullPath": "/main.py", "details": {"fromA": 8, "toA": 9, "fromB": 8, "toB": 8, "inserted": [""]}}
{"dateTime": "2025-09-02T20:10:21.659Z", "eventType": "delete.backward", "fullPath": "/main.py", "details": {"fromA": 7, "toA": 8, "fromB": 7, "toB": 7, "inserted": [""]}}
{"dateTime": "2025-09-02T20:10:21.771Z", "eventType": "delete.backward", "fullPath": "/main.py", "details": {"fromA": 6, "toA": 7, "fromB": 6, "toB": 6, "inserted": [""]}}
{"dateTime": "2025-09-02T20:10:21.930Z", "eventType": "delete.backward", "fullPath": "/main.py", "details": {"fromA": 5, "toA": 6, "fromB": 5, "toB": 5, "inserted": [""]}}
{"dateTime": "2025-09-02T20:10:22.153Z", "eventType": "delete.backward", "fullPath": "/main.py", "details": {"fromA": 4, "toA": 5, "fromB": 4, "toB": 4, "inserted": [""]}}
{"dateTime": "2025-09-02T20:10:22.843Z", "eventType": "input.type", "fullPath": "/main.py", "details": {"fromA": 4, "toA": 4, "fromB": 4, "toB": 5, "inserted": ["i"]}}
{"dateTime": "2025-09-02T20:10:23.076Z", "eventType": "input.type", "fullPath": "/main.py", "details": {"fromA": 5, "toA": 5, "fromB": 5, "toB": 6, "inserted": ["n"]}}
{"dateTime": "2025-09-02T20:10:23.282Z", "eventType": "input.type", "fullPath": "/main.py", "details": {"fromA": 6, "toA": 6, "fromB": 6, "toB": 7, "inserted": ["t"]}}
{"dateTime": "2025-09-02T20:10:24.701Z", "eventType": "input.complete", "fullPath": "/main.py", "details": {"fromA": 4, "toA": 7, "fromB": 4, "toB": 20, "inserted": ["InterruptedError"]}}
{"dateTime": "2025-09-02T20:10:26.411Z", "eventType": "undo", "fullPath": "/main.py", "details": {"fromA": 4, "toA": 20, "fromB": 4, "toB": 7, "inserted": ["int"]}}
{"dateTime": "2025-09-02T20:10:27.612Z", "eventType": "select", "fullPath": "/main.py", "details": {"selection": {"from": 26, "to": 26}}}
{"dateTime": "2025-09-02T20:10:28.248Z", "eventType": "select", "fullPath": "/main.py", "details": {"selection": {"from": 27, "to": 27}}}
{"dateTime": "2025-09-02T20:10:28.410Z", "eventType": "select", "fullPath": "/main.py", "details": {"selection": {"from": 28, "to": 28}}}
{"dateTime": "2025-09-02T20:10:28.890Z", "eventType": "select", "fullPath": "/main.py", "details": {"selection": {"from": 27, "to": 27}}}
{"dateTime": "2025-09-02T20:10:29.594Z", "eventType": "delete.backward", "fullPath": "/main.py", "details": {"fromA": 26, "toA": 27, "fromB": 26, "toB": 26, "inserted": [""]}}
{"dateTime": "2025-09-02T20:10:29.739Z", "eventType": "delete.backward", "fullPath": "/main.py", "details": {"fromA": 25, "toA": 26, "fromB": 25, "toB": 25, "inserted": [""]}}
{"dateTime": "2025-09-02T20:10:29.866Z", "eventType": "delete.backward", "fullPath": "/main.py", "details": {"fromA": 24, "toA": 25, "fromB": 24, "toB": 24, "inserted": [""]}}
{"dateTime": "2025-09-02T20:10:30.171Z", "eventType": "delete.backward", "fullPath": "/main.py", "details": {"fromA": 23, "toA": 24, "fromB": 23, "toB": 23, "inserted": [""]}}
{"dateTime": "2025-09-02T20:10:30.955Z", "eventType": "input.type", "fullPath": "/main.py", "details": {"fromA": 23, "toA": 23, "fromB": 23, "toB": 24, "inserted": ["i"]}}
{"dateTime": "2025-09-02T20:10:31.188Z", "eventType": "input.type", "fullPath": "/main.py", "details": {"fromA": 24, "toA": 24, "fromB": 24, "toB": 25, "inserted": ["n"]}}
{"dateTime": "2025-09-02T20:10:31.931Z", "eventType": "select", "fullPath": "/main.py", "details": {"selection": {"from": 26, "to": 26}}}
{"dateTime": "2025-09-02T20:10:32.072Z", "eventType": "select", "fullPath": "/main.py", "details": {"selection": {"from": 27, "to": 27}}}
{"dateTime": "2025-09-02T20:10:32.218Z", "eventType": "select", "fullPath": "/main.py", "details": {"selection": {"from": 28, "to": 28}}}
{"dateTime": "2025-09-02T20:10:32.344Z", "eventType": "select", "fullPath": "/main.py", "details": {"selection": {"from": 29, "to": 29}}}
{"dateTime": "2025-09-02T20:10:32.472Z", "eventType": "select", "fullPath": "/main.py", "details": {"selection": {"from": 30, "to": 30}}}
{"dateTime": "2025-09-02T20:10:32.584Z", "eventType": "select", "fullPath": "/main.py", "details": {"selection": {"from": 31, "to": 31}}}
{"dateTime": "2025-09-02T20:10:32.874Z", "eventType": "select", "fullPath": "/main.py", "details": {"selection": {"from": 32, "to": 32}}}
{"dateTime": "2025-09-02T20:10:33.080Z", "eventType": "select", "fullPath": "/main.py", "details": {"selection": {"from": 33, "to": 33}}}
{"dateTime": "2025-09-02T20:10:34.091Z", "eventType": "input.type", "fullPath": "/main.py", "details": {"fromA": 33, "toA": 33, "fromB": 33, "toB": 35, "inserted": ["\"\""]}}
{"dateTime": "2025-09-02T20:10:34.603Z", "eventType": "input.type", "fullPath": "/main.py", "details": {"fromA": 34, "toA": 34, "fromB": 34, "toB": 35, "inserted": ["d"]}}
{"dateTime": "2025-09-02T20:10:34.731Z", "eventType": "input.type", "fullPath": "/main.py", "details": {"fromA": 35, "toA": 35, "fromB": 35, "toB": 36, "inserted": ["i"]}}
{"dateTime": "2025-09-02T20:10:35.083Z", "eventType": "input.type", "fullPath": "/main.py", "details": {"fromA": 36, "toA": 36, "fromB": 36, "toB": 37, "inserted": ["i"]}}
{"dateTime": "2025-09-02T20:10:35.371Z", "eventType": "input.type", "fullPath": "/main.py", "details": {"fromA": 37, "toA": 37, "fromB": 37, "toB": 38, "inserted": ["t"]}}
{"dateTime": "2025-09-02T20:10:35.483Z", "eventType": "input.type", "fullPath": "/main.py", "details": {"fromA": 38, "toA": 38, "fromB": 38, "toB": 39, "inserted": ["e"]}}
{"dateTime": "2025-09-02T20:10:35.643Z", "eventType": "input.type", "fullPath": "/main.py", "details": {"fromA": 39, "toA": 39, "fromB": 39, "toB": 40, "inserted": [" "]}}
{"dateTime": "2025-09-02T20:10:36.635Z", "eventType": "delete.backward", "fullPath": "/main.py", "details": {"fromA": 39, "toA": 40, "fromB": 39, "toB": 39, "inserted": [""]}}
{"dateTime": "2025-09-02T20:10:36.795Z", "eventType": "delete.backward", "fullPath": "/main.py", "details": {"fromA": 38, "toA": 39, "fromB": 38, "toB": 38, "inserted": [""]}}
{"dateTime": "2025-09-02T20:10:36.923Z", "eventType": "delete.backward", "fullPath": "/main.py", "details": {"fromA": 37, "toA": 38, "fromB": 37, "toB": 37, "inserted": [""]}}
{"dateTime": "2025-09-02T20:10:37.067Z", "eventType": "delete.backward", "fullPath": "/main.py", "details": {"fromA": 36, "toA": 37, "fromB": 36, "toB": 36, "inserted": [""]}}
{"dateTime": "2025-09-02T20:10:38.539Z", "eventType": "input.type", "fullPath": "/main.py", "details": {"fromA": 36, "toA": 36, "fromB": 36, "toB": 37, "inserted": ["g"]}}
{"dateTime": "2025-09-02T20:10:38.699Z", "eventType": "input.type", "fullPath": "/main.py", "details": {"fromA": 37, "toA": 37, "fromB": 37, "toB": 38, "inserted": ["i"]}}
{"dateTime": "2025-09-02T20:10:38.971Z", "eventType": "input.type", "fullPath": "/main.py", "details": {"fromA": 38, "toA": 38, "fromB": 38, "toB": 39, "inserted": ["t"]}}
{"dateTime": "2025-09-02T20:10:39.083Z", "eventType": "input.type", "fullPath": "/main.py", "details": {"fromA": 39, "toA": 39, "fromB": 39, "toB": 40, "inserted": ["e"]}}
{"dateTime": "2025-09-02T20:10:39.227Z", "eventType": "input.type", "fullPath": "/main.py", "details": {"fromA": 40, "toA": 40, "fromB": 40, "toB": 41, "inserted": [" "]}}
{"dateTime": "2025-09-02T20:10:39.451Z", "eventType": "input.type", "fullPath": "/main.py", "details": {"fromA": 41, "toA": 41, "fromB": 41, "toB": 42, "inserted": ["u"]}}
{"dateTime": "2025-09-02T20:10:39.723Z", "eventType": "input.type", "fullPath": "/main.py", "details": {"fromA": 42, "toA": 42, "fromB": 42, "toB": 43, "inserted": ["m"]}}
{"dateTime": "2025-09-02T20:10:39.867Z", "eventType": "input.type", "fullPath": "/main.py", "details": {"fromA": 43, "toA": 43, "fromB": 43, "toB": 44, "inserted": [" "]}}
{"dateTime": "2025-09-02T20:10:40.364Z", "eventType": "input.type", "fullPath": "/main.py", "details": {"fromA": 44, "toA": 44, "fromB": 44, "toB": 45, "inserted": ["v"]}}
{"dateTime": "2025-09-02T20:10:40.507Z", "eventType": "input.type", "fullPath": "/main.py", "details": {"fromA": 45, "toA": 45, "fromB": 45, "toB": 46, "inserted": ["a"]}}
{"dateTime": "2025-09-02T20:10:40.683Z", "eventType": "input.type", "fullPath": "/main.py", "details": {"fromA": 46, "toA": 46, "fromB": 46, "toB": 47, "inserted": ["l"]}}
{"dateTime": "2025-09-02T20:10:40.811Z", "eventType": "input.type", "fullPath": "/main.py", "details": {"fromA": 47, "toA": 47, "fromB": 47, "toB": 48, "inserted": ["o"]}}
{"dateTime": "2025-09-02T20:10:40.923Z", "eventType": "input.type", "fullPath": "/main.py", "details": {"fromA": 48, "toA": 48, "fromB": 48, "toB": 49, "inserted": ["r"]}}
{"dateTime": "2025-09-02T20:10:41.612Z", "eventType": "select", "fullPath": "/main.py", "details": {"selection": {"from": 18, "to": 18}}}
{"dateTime": "2025-09-02T20:10:41.786Z", "eventType": "select", "fullPath": "/main.py", "details": {"selection": {"from": 17, "to": 17}}}
{"dateTime": "2025-09-02T20:10:42.072Z", "eventType": "select", "fullPath": "/main.py", "details": {"selection": {"from": 16, "to": 16}}}
{"dateTime": "2025-09-02T20:10:42.266Z", "eventType": "select", "fullPath": "/main.py", "details": {"selection": {"from": 15, "to": 15}}}
{"dateTime": "2025-09-02T20:10:43.115Z", "eventType": "input.type", "fullPath": "/main.py", "details": {"fromA": 15, "toA": 15, "fromB": 15, "toB": 16, "inserted": ["d"]}}
{"dateTime": "2025-09-02T20:10:43.259Z", "eventType": "input.type", "fullPath": "/main.py", "details": {"fromA": 16, "toA": 16, "fromB": 16, "toB": 17, "inserted": ["i"]}}
{"dateTime": "2025-09-02T20:10:43.419Z", "eventType": "input.type", "fullPath": "/main.py", "details": {"fromA": 17, "toA": 17, "fromB": 17, "toB": 18, "inserted": ["g"]}}
{"dateTime": "2025-09-02T20:10:43.531Z", "eventType": "input.type", "fullPath": "/main.py", "details": {"fromA": 18, "toA": 18, "fromB": 18, "toB": 19, "inserted": ["i"]}}
{"dateTime": "2025-09-02T20:10:43.755Z", "eventType": "input.type", "fullPath": "/main.py", "details": {"fromA": 19, "toA": 19, "fromB": 19, "toB": 20, "inserted": ["t"]}}
{"dateTime": "2025-09-02T20:10:43.883Z", "eventType": "input.type", "fullPath": "/main.py", "details": {"fromA": 20, "toA": 20, "fromB": 20, "toB": 21, "inserted": ["e"]}}
{"dateTime": "2025-09-02T20:10:44.043Z", "eventType": "input.type", "fullPath": "/main.py", "details": {"fromA": 21, "toA": 21, "fromB": 21, "toB": 22, "inserted": [" "]}}
{"dateTime": "2025-09-02T20:10:44.651Z", "eventType": "input.type", "fullPath": "/main.py", "details": {"fromA": 22, "toA": 22, "fromB": 22, "toB": 23, "inserted": ["m"]}}
{"dateTime": "2025-09-02T20:10:45.019Z", "eventType": "input.type", "fullPath": "/main.py", "details": {"fromA": 23, "toA": 23, "fromB": 23, "toB": 24, "inserted": [" "]}}
{"dateTime": "2025-09-02T20:10:45.243Z", "eventType": "input.type", "fullPath": "/main.py", "details": {"fromA": 24, "toA": 24, "fromB": 24, "toB": 25, "inserted": ["v"]}}
{"dateTime": "2025-09-02T20:10:45.355Z", "eventType": "input.type", "fullPath": "/main.py", "details": {"fromA": 25, "toA": 25, "fromB": 25, "toB": 26, "inserted": ["a"]}}
{"dateTime": "2025-09-02T20:10:45.579Z", "eventType": "input.type", "fullPath": "/main.py", "details": {"fromA": 26, "toA": 26, "fromB": 26, "toB": 27, "inserted": ["l"]}}
{"dateTime": "2025-09-02T20:10:45.707Z", "eventType": "input.type", "fullPath": "/main.py", "details": {"fromA": 27, "toA": 27, "fromB": 27, "toB": 28, "inserted": ["o"]}}
{"dateTime": "2025-09-02T20:10:45.787Z", "eventType": "input.type", "fullPath": "/main.py", "details": {"fromA": 28, "toA": 28, "fromB": 28, "toB": 29, "inserted": ["r"]}}
{"dateTime": "2025-09-02T20:10:47.480Z", "eventType": "select", "fullPath": "/main.py", "details": {"selection": {"from": 28, "to": 28}}}
{"dateTime": "2025-09-02T20:10:47.608Z", "eventType": "select", "fullPath": "/main.py", "details": {"selection": {"from": 27, "to": 27}}}
{"dateTime": "2025-09-02T20:10:47.848Z", "eventType": "select", "fullPath": "/main.py", "details": {"selection": {"from": 26, "to": 26}}}
{"dateTime": "2025-09-02T20:10:48.088Z", "eventType": "select", "fullPath": "/main.py", "details": {"selection": {"from": 25, "to": 25}}}
{"dateTime": "2025-09-02T20:10:48.232Z", "eventType": "select", "fullPath": "/main.py", "details": {"selection": {"from": 24, "to": 24}}}
{"dateTime": "2025-09-02T20:10:48.376Z", "eventType": "select", "fullPath": "/main.py", "details": {"selection": {"from": 23, "to": 23}}}
{"dateTime": "2025-09-02T20:10:48.616Z", "eventType": "select", "fullPath": "/main.py", "details": {"selection": {"from": 22, "to": 22}}}
{"dateTime": "2025-09-02T20:10:49.515Z", "eventType": "input.type", "fullPath": "/main.py", "details": {"fromA": 22, "toA": 22, "fromB": 22, "toB": 23, "inserted": ["u"]}}
{"dateTime": "2025-09-02T20:10:50.155Z", "eventType": "select", "fullPath": "/main.py", "details": {"selection": {"from": 57, "to": 57}}}
{"dateTime": "2025-09-02T20:10:50.299Z", "eventType": "select", "fullPath": "/main.py", "details": {"selection": {"from": 80, "to": 80}}}
{"dateTime": "2025-09-02T20:10:51.595Z", "eventType": "select", "fullPath": "/main.py", "details": {"selection": {"from": 57, "to": 57}}}
{"dateTime": "2025-09-02T20:10:51.784Z", "eventType": "select", "fullPath": "/main.py", "details": {"selection": {"from": 58, "to": 58}}}
{"dateTime": "2025-09-02T20:10:51.944Z", "eventType": "select", "fullPath": "/main.py", "details": {"selection": {"from": 59, "to": 59}}}
{"dateTime": "2025-09-02T20:10:52.056Z", "eventType": "select", "fullPath": "/main.py", "details": {"selection": {"from": 60, "to": 60}}}
{"dateTime": "2025-09-02T20:10:52.200Z", "eventType": "select", "fullPath": "/main.py", "details": {"selection": {"from": 61, "to": 61}}}
{"dateTime": "2025-09-02T20:10:52.360Z", "eventType": "select", "fullPath": "/main.py", "details": {"selection": {"from": 62, "to": 62}}}
{"dateTime": "2025-09-02T20:10:52.584Z", "eventType": "select", "fullPath": "/main.py", "details": {"selection": {"from": 63, "to": 63}}}
{"dateTime": "2025-09-02T20:10:52.904Z", "eventType": "select", "fullPath": "/main.py", "details": {"selection": {"from": 64, "to": 64}}}
{"dateTime": "2025-09-02T20:10:53.803Z", "eventType": "input.type", "fullPath": "/main.py", "details": {"fromA": 64, "toA": 64, "fromB": 64, "toB": 65, "inserted": [":"]}}
{"dateTime": "2025-09-02T20:10:53.947Z", "eventType": "input.type", "fullPath": "/main.py", "details": {"fromA": 65, "toA": 65, "fromB": 65, "toB": 66, "inserted": [" "]}}
{"dateTime": "2025-09-02T20:10:54.253Z", "eventType": "select", "fullPath": "/main.py", "details": {"selection": {"from": 32, "to": 32}}}
{"dateTime": "2025-09-02T20:10:54.680Z", "eventType": "select", "fullPath": "/main.py", "details": {"selection": {"from": 31, "to": 31}}}
{"dateTime": "2025-09-02T20:10:54.826Z", "eventType": "select", "fullPath": "/main.py", "details": {"selection": {"from": 30, "to": 30}}}
{"dateTime": "2025-09-02T20:10:55.769Z", "eventType": "input.type", "fullPath": "/main.py", "details": {"fromA": 30, "toA": 30, "fromB": 30, "toB": 31, "inserted": [":"]}}
{"dateTime": "2025-09-02T20:10:55.883Z", "eventType": "input.type", "fullPath": "/main.py", "details": {"fromA": 31, "toA": 31, "fromB": 31, "toB": 32, "inserted": [" "]}}
{"dateTime": "2025-09-02T20:10:58.229Z", "eventType": "blur", "fullPath": "/main.py"}
{"dateTime": "2025-09-02T20:10:58.645Z", "eventType": "submission", "details": {"correctness": 1, "commit": "d6383567a336a1049a397cbfcd0d10527da852b6", "executionTime": 0.01}}
