== SUBMISSION (2025-08-26 22:16:17)
-- CODE: 
preco = float(input())
quantidade = int(input())
custo_total = preco*quantidade  
print(custo_total)
-- EXECUTION TIME: 
0.01
-- TEST CASE 1:
---- input:
2432.50
1
---- correct output:
2432.5
---- user output:
2432.5
-- TEST CASE 2:
---- input:
45.0
10

---- correct output:
450.0
---- user output:
450.0
-- TEST CASE 3:
---- input:
66.2
10
---- correct output:
662.0
---- user output:
662.0
-- TEST CASE 4:
---- input:
38.5
2
---- correct output:
77.0
---- user output:
77.0
-- TEST CASE 5:
---- input:
122.5
1
---- correct output:
122.5
---- user output:
122.5
-- TEST CASE 6:
---- input:
87.5
4
---- correct output:
350.0
---- user output:
350.0
-- GRADE:
100%
*-*-*-*-*-*-*-*-*-*-*-*-*-*-*-*-*-*-*-*-*-*-*-*
