== SUBMISSION (2025-08-25 15:24:20)
-- CODE: 
# Use este codigo como ponto de partida
input('nome')
# Leitura de valores de entrada
var ='nome'

# Impressao de saidas
print('nome')
-- EXECUTION TIME: 
0.01
-- TEST CASE 1:
---- input:
Gandalf
---- correct output:
Gandalf
---- user output:
nomenome
-- TEST CASE 2:
---- input:
Donald Knuth
---- correct output:
Donald Knuth
---- user output:
nomenome
-- TEST CASE 3:
---- input:
Python
---- correct output:
Python
---- user output:
nomenome
-- TEST CASE 4:
---- input:
Ada Lovelace
---- correct output:
Ada Lovelace
---- user output:
nomenome
-- TEST CASE 5:
---- input:
Teste
---- correct output:
Teste
---- user output:
nomenome
-- GRADE:
0%
*-*-*-*-*-*-*-*-*-*-*-*-*-*-*-*-*-*-*-*-*-*-*-*
