{"dateTime": "2025-08-27T17:05:54.708Z", "eventType": "input.type", "fullPath": "/main.py", "details": {"fromA": 299, "toA": 299, "fromB": 299, "toB": 300, "inserted": ["a"]}}
{"dateTime": "2025-08-27T17:05:55.942Z", "eventType": "input.complete", "fullPath": "/main.py", "details": {"fromA": 295, "toA": 300, "fromB": 295, "toB": 303, "inserted": ["restante"]}}
{"dateTime": "2025-08-27T17:05:58.831Z", "eventType": "select.pointer", "fullPath": "/main.py", "details": {"selection": {"from": 305, "to": 305}}}
{"dateTime": "2025-08-27T17:05:59.122Z", "eventType": "select.pointer", "fullPath": "/main.py", "details": {"selection": {"from": 305, "to": 305}}}
{"dateTime": "2025-08-27T17:05:59.195Z", "eventType": "select.pointer", "fullPath": "/main.py", "details": {"selection": {"from": 304, "to": 305}}}
{"dateTime": "2025-08-27T17:05:59.376Z", "eventType": "select.pointer", "fullPath": "/main.py", "details": {"selection": {"from": 303, "to": 305}}}
{"dateTime": "2025-08-27T17:06:00.305Z", "eventType": "select.pointer", "fullPath": "/main.py", "details": {"selection": {"from": 306, "to": 306}}}
{"dateTime": "2025-08-27T17:06:00.716Z", "eventType": "select.pointer", "fullPath": "/main.py", "details": {"selection": {"from": 295, "to": 306}}}
{"dateTime": "2025-08-27T17:06:01.005Z", "eventType": "select.pointer", "fullPath": "/main.py", "details": {"selection": {"from": 295, "to": 306}}}
{"dateTime": "2025-08-27T17:06:01.799Z", "eventType": "select.pointer", "fullPath": "/main.py", "details": {"selection": {"from": 304, "to": 304}}}
{"dateTime": "2025-08-27T17:06:02.933Z", "eventType": "select.pointer", "fullPath": "/main.py", "details": {"selection": {"from": 303, "to": 303}}}
{"dateTime": "2025-08-27T17:06:03.183Z", "eventType": "select.pointer", "fullPath": "/main.py", "details": {"selection": {"from": 303, "to": 303}}}
{"dateTime": "2025-08-27T17:06:03.255Z", "eventType": "select.pointer", "fullPath": "/main.py", "details": {"selection": {"from": 303, "to": 304}}}
{"dateTime": "2025-08-27T17:06:03.422Z", "eventType": "select.pointer", "fullPath": "/main.py", "details": {"selection": {"from": 303, "to": 305}}}
{"dateTime": "2025-08-27T17:06:03.753Z", "eventType": "select.pointer", "fullPath": "/main.py", "details": {"selection": {"from": 303, "to": 306}}}
{"dateTime": "2025-08-27T17:06:04.647Z", "eventType": "select.pointer", "fullPath": "/main.py", "details": {"selection": {"from": 305, "to": 305}}}
{"dateTime": "2025-08-27T17:06:05.329Z", "eventType": "delete.backward", "fullPath": "/main.py", "details": {"fromA": 304, "toA": 305, "fromB": 304, "toB": 304, "inserted": [""]}}
{"dateTime": "2025-08-27T17:06:05.592Z", "eventType": "delete.backward", "fullPath": "/main.py", "details": {"fromA": 303, "toA": 304, "fromB": 303, "toB": 303, "inserted": [""]}}
{"dateTime": "2025-08-27T17:06:07.349Z", "eventType": "delete.backward", "fullPath": "/main.py", "details": {"fromA": 302, "toA": 303, "fromB": 302, "toB": 302, "inserted": [""]}}
{"dateTime": "2025-08-27T17:06:09.076Z", "eventType": "select.pointer", "fullPath": "/main.py", "details": {"selection": {"from": 307, "to": 307}}}
{"dateTime": "2025-08-27T17:06:10.165Z", "eventType": "input.type", "fullPath": "/main.py", "details": {"fromA": 307, "toA": 307, "fromB": 307, "toB": 308, "inserted": [")"]}}
{"dateTime": "2025-08-27T17:06:11.270Z", "eventType": "select.pointer", "fullPath": "/main.py", "details": {"selection": {"from": 308, "to": 308}}}
{"dateTime": "2025-08-27T17:06:12.565Z", "eventType": "input", "fullPath": "/main.py", "details": {"fromA": 308, "toA": 308, "fromB": 308, "toB": 309, "inserted": ["", ""]}}
{"dateTime": "2025-08-27T17:06:26.140Z", "eventType": "blur", "fullPath": "/main.py"}
{"dateTime": "2025-08-27T17:06:27.613Z", "eventType": "submission", "details": {"correctness": 1, "commit": "3fb1202d315eea2690368c08206b26f5b3727308", "executionTime": 0.01}}
{"dateTime": "2025-08-27T17:06:39.179Z", "eventType": "focus", "fullPath": "/main.py"}
{"dateTime": "2025-08-27T17:06:39.206Z", "eventType": "select.pointer", "fullPath": "/main.py", "details": {"selection": {"from": 427, "to": 427}}}
{"dateTime": "2025-08-27T17:06:39.416Z", "eventType": "select.pointer", "fullPath": "/main.py", "details": {"selection": {"from": 414, "to": 427}}}
{"dateTime": "2025-08-27T17:06:39.431Z", "eventType": "select.pointer", "fullPath": "/main.py", "details": {"selection": {"from": 362, "to": 427}}}
{"dateTime": "2025-08-27T17:06:39.447Z", "eventType": "select.pointer", "fullPath": "/main.py", "details": {"selection": {"from": 343, "to": 427}}}
{"dateTime": "2025-08-27T17:06:39.527Z", "eventType": "select.pointer", "fullPath": "/main.py", "details": {"selection": {"from": 285, "to": 427}}}
{"dateTime": "2025-08-27T17:06:39.543Z", "eventType": "select.pointer", "fullPath": "/main.py", "details": {"selection": {"from": 211, "to": 427}}}
{"dateTime": "2025-08-27T17:06:39.559Z", "eventType": "select.pointer", "fullPath": "/main.py", "details": {"selection": {"from": 154, "to": 427}}}
{"dateTime": "2025-08-27T17:06:39.577Z", "eventType": "select.pointer", "fullPath": "/main.py", "details": {"selection": {"from": 104, "to": 427}}}
{"dateTime": "2025-08-27T17:06:39.593Z", "eventType": "select.pointer", "fullPath": "/main.py", "details": {"selection": {"from": 0, "to": 427}}}
{"dateTime": "2025-08-27T17:06:40.447Z", "eventType": "delete.selection", "fullPath": "/main.py", "details": {"fromA": 0, "toA": 427, "fromB": 0, "toB": 0, "inserted": [""]}}
{"dateTime": "2025-08-27T17:06:45.820Z", "eventType": "input.type", "fullPath": "/main.py", "details": {"fromA": 0, "toA": 0, "fromB": 0, "toB": 1, "inserted": ["#"]}}
{"dateTime": "2025-08-27T17:06:46.700Z", "eventType": "input.type", "fullPath": "/main.py", "details": {"fromA": 1, "toA": 1, "fromB": 1, "toB": 2, "inserted": ["L"]}}
{"dateTime": "2025-08-27T17:06:47.107Z", "eventType": "input.type", "fullPath": "/main.py", "details": {"fromA": 2, "toA": 2, "fromB": 2, "toB": 3, "inserted": ["e"]}}
{"dateTime": "2025-08-27T17:06:47.245Z", "eventType": "input.type", "fullPath": "/main.py", "details": {"fromA": 3, "toA": 3, "fromB": 3, "toB": 4, "inserted": ["n"]}}
{"dateTime": "2025-08-27T17:06:47.381Z", "eventType": "input.type", "fullPath": "/main.py", "details": {"fromA": 4, "toA": 4, "fromB": 4, "toB": 5, "inserted": ["d"]}}
{"dateTime": "2025-08-27T17:06:47.528Z", "eventType": "input.type", "fullPath": "/main.py", "details": {"fromA": 5, "toA": 5, "fromB": 5, "toB": 6, "inserted": ["o"]}}
{"dateTime": "2025-08-27T17:06:47.730Z", "eventType": "input.type", "fullPath": "/main.py", "details": {"fromA": 6, "toA": 6, "fromB": 6, "toB": 7, "inserted": [" "]}}
{"dateTime": "2025-08-27T17:06:47.919Z", "eventType": "input.type", "fullPath": "/main.py", "details": {"fromA": 7, "toA": 7, "fromB": 7, "toB": 8, "inserted": ["o"]}}
{"dateTime": "2025-08-27T17:06:48.069Z", "eventType": "input.type", "fullPath": "/main.py", "details": {"fromA": 8, "toA": 8, "fromB": 8, "toB": 9, "inserted": ["s"]}}
{"dateTime": "2025-08-27T17:06:48.186Z", "eventType": "input.type", "fullPath": "/main.py", "details": {"fromA": 9, "toA": 9, "fromB": 9, "toB": 10, "inserted": [" "]}}
{"dateTime": "2025-08-27T17:06:48.404Z", "eventType": "input.type", "fullPath": "/main.py", "details": {"fromA": 10, "toA": 10, "fromB": 10, "toB": 11, "inserted": ["v"]}}
{"dateTime": "2025-08-27T17:06:48.593Z", "eventType": "input.type", "fullPath": "/main.py", "details": {"fromA": 11, "toA": 11, "fromB": 11, "toB": 12, "inserted": ["a"]}}
{"dateTime": "2025-08-27T17:06:48.722Z", "eventType": "input.type", "fullPath": "/main.py", "details": {"fromA": 12, "toA": 12, "fromB": 12, "toB": 13, "inserted": ["l"]}}
{"dateTime": "2025-08-27T17:06:48.886Z", "eventType": "input.type", "fullPath": "/main.py", "details": {"fromA": 13, "toA": 13, "fromB": 13, "toB": 14, "inserted": ["o"]}}
{"dateTime": "2025-08-27T17:06:49.313Z", "eventType": "input.type", "fullPath": "/main.py", "details": {"fromA": 14, "toA": 14, "fromB": 14, "toB": 15, "inserted": ["r"]}}
{"dateTime": "2025-08-27T17:06:49.566Z", "eventType": "input.type", "fullPath": "/main.py", "details": {"fromA": 15, "toA": 15, "fromB": 15, "toB": 16, "inserted": ["e"]}}
{"dateTime": "2025-08-27T17:06:49.796Z", "eventType": "input.type", "fullPath": "/main.py", "details": {"fromA": 16, "toA": 16, "fromB": 16, "toB": 17, "inserted": ["s"]}}
{"dateTime": "2025-08-27T17:06:49.949Z", "eventType": "input.type", "fullPath": "/main.py", "details": {"fromA": 17, "toA": 17, "fromB": 17, "toB": 18, "inserted": [" "]}}
{"dateTime": "2025-08-27T17:06:50.755Z", "eventType": "input", "fullPath": "/main.py", "details": {"fromA": 18, "toA": 18, "fromB": 18, "toB": 19, "inserted": ["", ""]}}
{"dateTime": "2025-08-27T17:06:52.504Z", "eventType": "input.type", "fullPath": "/main.py", "details": {"fromA": 19, "toA": 19, "fromB": 19, "toB": 20, "inserted": ["v"]}}
{"dateTime": "2025-08-27T17:06:52.701Z", "eventType": "input.type", "fullPath": "/main.py", "details": {"fromA": 20, "toA": 20, "fromB": 20, "toB": 21, "inserted": ["a"]}}
{"dateTime": "2025-08-27T17:06:52.910Z", "eventType": "input.type", "fullPath": "/main.py", "details": {"fromA": 21, "toA": 21, "fromB": 21, "toB": 22, "inserted": ["l"]}}
{"dateTime": "2025-08-27T17:06:53.070Z", "eventType": "input.type", "fullPath": "/main.py", "details": {"fromA": 22, "toA": 22, "fromB": 22, "toB": 23, "inserted": ["o"]}}
{"dateTime": "2025-08-27T17:06:53.253Z", "eventType": "input.type", "fullPath": "/main.py", "details": {"fromA": 23, "toA": 23, "fromB": 23, "toB": 24, "inserted": ["r"]}}
{"dateTime": "2025-08-27T17:06:53.794Z", "eventType": "input.type", "fullPath": "/main.py", "details": {"fromA": 24, "toA": 24, "fromB": 24, "toB": 25, "inserted": ["_"]}}
{"dateTime": "2025-08-27T17:06:54.178Z", "eventType": "input.type", "fullPath": "/main.py", "details": {"fromA": 25, "toA": 25, "fromB": 25, "toB": 26, "inserted": ["d"]}}
{"dateTime": "2025-08-27T17:06:54.295Z", "eventType": "input.type", "fullPath": "/main.py", "details": {"fromA": 26, "toA": 26, "fromB": 26, "toB": 27, "inserted": ["o"]}}
{"dateTime": "2025-08-27T17:06:54.875Z", "eventType": "input.type", "fullPath": "/main.py", "details": {"fromA": 27, "toA": 27, "fromB": 27, "toB": 28, "inserted": [")"]}}
{"dateTime": "2025-08-27T17:06:55.895Z", "eventType": "delete.backward", "fullPath": "/main.py", "details": {"fromA": 27, "toA": 28, "fromB": 27, "toB": 27, "inserted": [""]}}
{"dateTime": "2025-08-27T17:06:56.058Z", "eventType": "delete.backward", "fullPath": "/main.py", "details": {"fromA": 26, "toA": 27, "fromB": 26, "toB": 26, "inserted": [""]}}
{"dateTime": "2025-08-27T17:06:56.348Z", "eventType": "delete.backward", "fullPath": "/main.py", "details": {"fromA": 25, "toA": 26, "fromB": 25, "toB": 25, "inserted": [""]}}
{"dateTime": "2025-08-27T17:06:56.888Z", "eventType": "input.type", "fullPath": "/main.py", "details": {"fromA": 25, "toA": 25, "fromB": 25, "toB": 26, "inserted": ["j"]}}
{"dateTime": "2025-08-27T17:06:57.037Z", "eventType": "input.type", "fullPath": "/main.py", "details": {"fromA": 26, "toA": 26, "fromB": 26, "toB": 27, "inserted": ["o"]}}
{"dateTime": "2025-08-27T17:06:57.210Z", "eventType": "input.type", "fullPath": "/main.py", "details": {"fromA": 27, "toA": 27, "fromB": 27, "toB": 28, "inserted": ["g"]}}
{"dateTime": "2025-08-27T17:06:57.282Z", "eventType": "input.type", "fullPath": "/main.py", "details": {"fromA": 28, "toA": 28, "fromB": 28, "toB": 29, "inserted": ["o"]}}
{"dateTime": "2025-08-27T17:07:01.082Z", "eventType": "input.type", "fullPath": "/main.py", "details": {"fromA": 29, "toA": 29, "fromB": 29, "toB": 30, "inserted": [" "]}}
{"dateTime": "2025-08-27T17:07:01.825Z", "eventType": "input.type", "fullPath": "/main.py", "details": {"fromA": 30, "toA": 30, "fromB": 30, "toB": 31, "inserted": ["="]}}
{"dateTime": "2025-08-27T17:07:02.123Z", "eventType": "input.type", "fullPath": "/main.py", "details": {"fromA": 31, "toA": 31, "fromB": 31, "toB": 32, "inserted": [" "]}}
{"dateTime": "2025-08-27T17:07:03.160Z", "eventType": "input.type", "fullPath": "/main.py", "details": {"fromA": 32, "toA": 32, "fromB": 32, "toB": 33, "inserted": ["f"]}}
{"dateTime": "2025-08-27T17:07:03.272Z", "eventType": "input.type", "fullPath": "/main.py", "details": {"fromA": 33, "toA": 33, "fromB": 33, "toB": 34, "inserted": ["l"]}}
{"dateTime": "2025-08-27T17:07:03.437Z", "eventType": "input.type", "fullPath": "/main.py", "details": {"fromA": 34, "toA": 34, "fromB": 34, "toB": 35, "inserted": ["o"]}}
{"dateTime": "2025-08-27T17:07:03.664Z", "eventType": "input.type", "fullPath": "/main.py", "details": {"fromA": 35, "toA": 35, "fromB": 35, "toB": 36, "inserted": ["a"]}}
{"dateTime": "2025-08-27T17:07:03.868Z", "eventType": "input.type", "fullPath": "/main.py", "details": {"fromA": 36, "toA": 36, "fromB": 36, "toB": 37, "inserted": ["t"]}}
{"dateTime": "2025-08-27T17:07:05.223Z", "eventType": "input.type", "fullPath": "/main.py", "details": {"fromA": 37, "toA": 37, "fromB": 37, "toB": 39, "inserted": ["()"]}}
{"dateTime": "2025-08-27T17:07:05.544Z", "eventType": "input.type", "fullPath": "/main.py", "details": {"fromA": 38, "toA": 38, "fromB": 38, "toB": 39, "inserted": ["i"]}}
{"dateTime": "2025-08-27T17:07:05.732Z", "eventType": "input.type", "fullPath": "/main.py", "details": {"fromA": 39, "toA": 39, "fromB": 39, "toB": 40, "inserted": ["n"]}}
{"dateTime": "2025-08-27T17:07:06.346Z", "eventType": "input.type", "fullPath": "/main.py", "details": {"fromA": 40, "toA": 40, "fromB": 40, "toB": 41, "inserted": ["p"]}}
{"dateTime": "2025-08-27T17:07:06.586Z", "eventType": "input.type", "fullPath": "/main.py", "details": {"fromA": 41, "toA": 41, "fromB": 41, "toB": 42, "inserted": ["u"]}}
{"dateTime": "2025-08-27T17:07:07.949Z", "eventType": "input.type", "fullPath": "/main.py", "details": {"fromA": 42, "toA": 42, "fromB": 42, "toB": 43, "inserted": ["t"]}}
{"dateTime": "2025-08-27T17:07:09.793Z", "eventType": "input.type", "fullPath": "/main.py", "details": {"fromA": 43, "toA": 43, "fromB": 43, "toB": 45, "inserted": ["()"]}}
{"dateTime": "2025-08-27T17:07:11.439Z", "eventType": "select.pointer", "fullPath": "/main.py", "details": {"selection": {"from": 46, "to": 46}}}
{"dateTime": "2025-08-27T17:07:12.163Z", "eventType": "input", "fullPath": "/main.py", "details": {"fromA": 46, "toA": 46, "fromB": 46, "toB": 47, "inserted": ["", ""]}}
{"dateTime": "2025-08-27T17:07:14.069Z", "eventType": "input.type", "fullPath": "/main.py", "details": {"fromA": 47, "toA": 47, "fromB": 47, "toB": 48, "inserted": ["v"]}}
{"dateTime": "2025-08-27T17:07:14.454Z", "eventType": "input.type", "fullPath": "/main.py", "details": {"fromA": 48, "toA": 48, "fromB": 48, "toB": 49, "inserted": ["a"]}}
{"dateTime": "2025-08-27T17:07:14.729Z", "eventType": "input.type", "fullPath": "/main.py", "details": {"fromA": 49, "toA": 49, "fromB": 49, "toB": 50, "inserted": ["l"]}}
{"dateTime": "2025-08-27T17:07:14.897Z", "eventType": "input.type", "fullPath": "/main.py", "details": {"fromA": 50, "toA": 50, "fromB": 50, "toB": 51, "inserted": ["o"]}}
{"dateTime": "2025-08-27T17:07:15.142Z", "eventType": "input.type", "fullPath": "/main.py", "details": {"fromA": 51, "toA": 51, "fromB": 51, "toB": 52, "inserted": ["r"]}}
{"dateTime": "2025-08-27T17:07:19.261Z", "eventType": "input.type", "fullPath": "/main.py", "details": {"fromA": 52, "toA": 52, "fromB": 52, "toB": 53, "inserted": ["_"]}}
{"dateTime": "2025-08-27T17:07:19.623Z", "eventType": "input.type", "fullPath": "/main.py", "details": {"fromA": 53, "toA": 53, "fromB": 53, "toB": 54, "inserted": ["d"]}}
{"dateTime": "2025-08-27T17:07:19.774Z", "eventType": "input.type", "fullPath": "/main.py", "details": {"fromA": 54, "toA": 54, "fromB": 54, "toB": 55, "inserted": ["i"]}}
{"dateTime": "2025-08-27T17:07:19.905Z", "eventType": "input.type", "fullPath": "/main.py", "details": {"fromA": 55, "toA": 55, "fromB": 55, "toB": 56, "inserted": ["s"]}}
{"dateTime": "2025-08-27T17:07:20.030Z", "eventType": "input.type", "fullPath": "/main.py", "details": {"fromA": 56, "toA": 56, "fromB": 56, "toB": 57, "inserted": ["p"]}}
{"dateTime": "2025-08-27T17:07:20.219Z", "eventType": "input.type", "fullPath": "/main.py", "details": {"fromA": 57, "toA": 57, "fromB": 57, "toB": 58, "inserted": ["o"]}}
{"dateTime": "2025-08-27T17:07:20.576Z", "eventType": "input.type", "fullPath": "/main.py", "details": {"fromA": 58, "toA": 58, "fromB": 58, "toB": 59, "inserted": ["n"]}}
{"dateTime": "2025-08-27T17:07:21.609Z", "eventType": "input.type", "fullPath": "/main.py", "details": {"fromA": 59, "toA": 59, "fromB": 59, "toB": 60, "inserted": ["\u00ed"]}}
{"dateTime": "2025-08-27T17:07:21.763Z", "eventType": "input.type", "fullPath": "/main.py", "details": {"fromA": 60, "toA": 60, "fromB": 60, "toB": 61, "inserted": ["v"]}}
{"dateTime": "2025-08-27T17:07:22.042Z", "eventType": "input.type", "fullPath": "/main.py", "details": {"fromA": 61, "toA": 61, "fromB": 61, "toB": 62, "inserted": ["e"]}}
{"dateTime": "2025-08-27T17:07:22.154Z", "eventType": "input.type", "fullPath": "/main.py", "details": {"fromA": 62, "toA": 62, "fromB": 62, "toB": 63, "inserted": ["l"]}}
{"dateTime": "2025-08-27T17:07:22.372Z", "eventType": "input.type", "fullPath": "/main.py", "details": {"fromA": 63, "toA": 63, "fromB": 63, "toB": 64, "inserted": [" "]}}
{"dateTime": "2025-08-27T17:07:22.631Z", "eventType": "delete.backward", "fullPath": "/main.py", "details": {"fromA": 63, "toA": 64, "fromB": 63, "toB": 63, "inserted": [""]}}
{"dateTime": "2025-08-27T17:07:22.773Z", "eventType": "delete.backward", "fullPath": "/main.py", "details": {"fromA": 62, "toA": 63, "fromB": 62, "toB": 62, "inserted": [""]}}
{"dateTime": "2025-08-27T17:07:22.914Z", "eventType": "delete.backward", "fullPath": "/main.py", "details": {"fromA": 61, "toA": 62, "fromB": 61, "toB": 61, "inserted": [""]}}
{"dateTime": "2025-08-27T17:07:23.054Z", "eventType": "delete.backward", "fullPath": "/main.py", "details": {"fromA": 60, "toA": 61, "fromB": 60, "toB": 60, "inserted": [""]}}
{"dateTime": "2025-08-27T17:07:23.203Z", "eventType": "delete.backward", "fullPath": "/main.py", "details": {"fromA": 59, "toA": 60, "fromB": 59, "toB": 59, "inserted": [""]}}
{"dateTime": "2025-08-27T17:07:23.787Z", "eventType": "input.type", "fullPath": "/main.py", "details": {"fromA": 59, "toA": 59, "fromB": 59, "toB": 60, "inserted": ["i"]}}
{"dateTime": "2025-08-27T17:07:24.691Z", "eventType": "input.type", "fullPath": "/main.py", "details": {"fromA": 60, "toA": 60, "fromB": 60, "toB": 61, "inserted": ["v"]}}
{"dateTime": "2025-08-27T17:07:24.877Z", "eventType": "input.type", "fullPath": "/main.py", "details": {"fromA": 61, "toA": 61, "fromB": 61, "toB": 62, "inserted": ["e"]}}
{"dateTime": "2025-08-27T17:07:24.998Z", "eventType": "input.type", "fullPath": "/main.py", "details": {"fromA": 62, "toA": 62, "fromB": 62, "toB": 63, "inserted": ["l"]}}
{"dateTime": "2025-08-27T17:07:25.391Z", "eventType": "input.type", "fullPath": "/main.py", "details": {"fromA": 63, "toA": 63, "fromB": 63, "toB": 64, "inserted": [" "]}}
{"dateTime": "2025-08-27T17:07:26.199Z", "eventType": "input.type", "fullPath": "/main.py", "details": {"fromA": 64, "toA": 64, "fromB": 64, "toB": 65, "inserted": ["="]}}
{"dateTime": "2025-08-27T17:07:26.420Z", "eventType": "input.type", "fullPath": "/main.py", "details": {"fromA": 65, "toA": 65, "fromB": 65, "toB": 66, "inserted": [" "]}}
{"dateTime": "2025-08-27T17:07:32.700Z", "eventType": "input.type", "fullPath": "/main.py", "details": {"fromA": 66, "toA": 66, "fromB": 66, "toB": 67, "inserted": ["f"]}}
{"dateTime": "2025-08-27T17:07:32.827Z", "eventType": "input.type", "fullPath": "/main.py", "details": {"fromA": 67, "toA": 67, "fromB": 67, "toB": 68, "inserted": ["l"]}}
{"dateTime": "2025-08-27T17:07:33.006Z", "eventType": "input.type", "fullPath": "/main.py", "details": {"fromA": 68, "toA": 68, "fromB": 68, "toB": 69, "inserted": ["o"]}}
{"dateTime": "2025-08-27T17:07:33.137Z", "eventType": "input.type", "fullPath": "/main.py", "details": {"fromA": 69, "toA": 69, "fromB": 69, "toB": 70, "inserted": ["a"]}}
{"dateTime": "2025-08-27T17:07:33.323Z", "eventType": "input.type", "fullPath": "/main.py", "details": {"fromA": 70, "toA": 70, "fromB": 70, "toB": 71, "inserted": ["t"]}}
{"dateTime": "2025-08-27T17:07:35.242Z", "eventType": "input.complete", "fullPath": "/main.py", "details": {"fromA": 66, "toA": 71, "fromB": 66, "toB": 71, "inserted": ["float"]}}
{"dateTime": "2025-08-27T17:07:36.691Z", "eventType": "input.type", "fullPath": "/main.py", "details": {"fromA": 71, "toA": 71, "fromB": 71, "toB": 73, "inserted": ["()"]}}
{"dateTime": "2025-08-27T17:07:37.772Z", "eventType": "input.type", "fullPath": "/main.py", "details": {"fromA": 72, "toA": 72, "fromB": 72, "toB": 73, "inserted": ["i"]}}
{"dateTime": "2025-08-27T17:07:37.945Z", "eventType": "input.type", "fullPath": "/main.py", "details": {"fromA": 73, "toA": 73, "fromB": 73, "toB": 74, "inserted": ["n"]}}
{"dateTime": "2025-08-27T17:07:38.159Z", "eventType": "input.type", "fullPath": "/main.py", "details": {"fromA": 74, "toA": 74, "fromB": 74, "toB": 75, "inserted": ["p"]}}
{"dateTime": "2025-08-27T17:07:38.379Z", "eventType": "input.type", "fullPath": "/main.py", "details": {"fromA": 75, "toA": 75, "fromB": 75, "toB": 76, "inserted": ["u"]}}
{"dateTime": "2025-08-27T17:07:38.587Z", "eventType": "input.type", "fullPath": "/main.py", "details": {"fromA": 76, "toA": 76, "fromB": 76, "toB": 77, "inserted": ["t"]}}
{"dateTime": "2025-08-27T17:07:41.162Z", "eventType": "input.complete", "fullPath": "/main.py", "details": {"fromA": 72, "toA": 77, "fromB": 72, "toB": 77, "inserted": ["input"]}}
{"dateTime": "2025-08-27T17:07:44.284Z", "eventType": "input.type", "fullPath": "/main.py", "details": {"fromA": 77, "toA": 77, "fromB": 77, "toB": 79, "inserted": ["()"]}}
{"dateTime": "2025-08-27T17:07:45.484Z", "eventType": "select.pointer", "fullPath": "/main.py", "details": {"selection": {"from": 80, "to": 80}}}
{"dateTime": "2025-08-27T17:08:07.939Z", "eventType": "input", "fullPath": "/main.py", "details": {"fromA": 80, "toA": 80, "fromB": 80, "toB": 81, "inserted": ["", ""]}}
{"dateTime": "2025-08-27T17:08:11.693Z", "eventType": "input.type", "fullPath": "/main.py", "details": {"fromA": 81, "toA": 81, "fromB": 81, "toB": 82, "inserted": ["#"]}}
{"dateTime": "2025-08-27T17:08:13.344Z", "eventType": "input.type", "fullPath": "/main.py", "details": {"fromA": 82, "toA": 82, "fromB": 82, "toB": 83, "inserted": ["C"]}}
{"dateTime": "2025-08-27T17:08:13.944Z", "eventType": "input.type", "fullPath": "/main.py", "details": {"fromA": 83, "toA": 83, "fromB": 83, "toB": 84, "inserted": ["a"]}}
{"dateTime": "2025-08-27T17:08:14.184Z", "eventType": "input.type", "fullPath": "/main.py", "details": {"fromA": 84, "toA": 84, "fromB": 84, "toB": 85, "inserted": ["l"]}}
{"dateTime": "2025-08-27T17:08:14.457Z", "eventType": "input.type", "fullPath": "/main.py", "details": {"fromA": 85, "toA": 85, "fromB": 85, "toB": 86, "inserted": ["c"]}}
{"dateTime": "2025-08-27T17:08:14.670Z", "eventType": "input.type", "fullPath": "/main.py", "details": {"fromA": 86, "toA": 86, "fromB": 86, "toB": 87, "inserted": ["u"]}}
{"dateTime": "2025-08-27T17:08:14.901Z", "eventType": "input.type", "fullPath": "/main.py", "details": {"fromA": 87, "toA": 87, "fromB": 87, "toB": 88, "inserted": ["l"]}}
{"dateTime": "2025-08-27T17:08:15.019Z", "eventType": "input.type", "fullPath": "/main.py", "details": {"fromA": 88, "toA": 88, "fromB": 88, "toB": 89, "inserted": ["a"]}}
{"dateTime": "2025-08-27T17:08:15.154Z", "eventType": "input.type", "fullPath": "/main.py", "details": {"fromA": 89, "toA": 89, "fromB": 89, "toB": 90, "inserted": ["n"]}}
{"dateTime": "2025-08-27T17:08:15.302Z", "eventType": "input.type", "fullPath": "/main.py", "details": {"fromA": 90, "toA": 90, "fromB": 90, "toB": 91, "inserted": ["d"]}}
{"dateTime": "2025-08-27T17:08:15.394Z", "eventType": "input.type", "fullPath": "/main.py", "details": {"fromA": 91, "toA": 91, "fromB": 91, "toB": 92, "inserted": ["o"]}}
{"dateTime": "2025-08-27T17:08:15.593Z", "eventType": "input.type", "fullPath": "/main.py", "details": {"fromA": 92, "toA": 92, "fromB": 92, "toB": 93, "inserted": [" "]}}
{"dateTime": "2025-08-27T17:08:16.846Z", "eventType": "input.type", "fullPath": "/main.py", "details": {"fromA": 93, "toA": 93, "fromB": 93, "toB": 94, "inserted": ["p"]}}
{"dateTime": "2025-08-27T17:08:17.085Z", "eventType": "input.type", "fullPath": "/main.py", "details": {"fromA": 94, "toA": 94, "fromB": 94, "toB": 95, "inserted": ["r"]}}
{"dateTime": "2025-08-27T17:08:17.290Z", "eventType": "input.type", "fullPath": "/main.py", "details": {"fromA": 95, "toA": 95, "fromB": 95, "toB": 96, "inserted": ["e"]}}
{"dateTime": "2025-08-27T17:08:17.516Z", "eventType": "input.type", "fullPath": "/main.py", "details": {"fromA": 96, "toA": 96, "fromB": 96, "toB": 97, "inserted": ["\u00e7"]}}
{"dateTime": "2025-08-27T17:08:17.675Z", "eventType": "input.type", "fullPath": "/main.py", "details": {"fromA": 97, "toA": 97, "fromB": 97, "toB": 98, "inserted": ["o"]}}
{"dateTime": "2025-08-27T17:08:17.901Z", "eventType": "input.type", "fullPath": "/main.py", "details": {"fromA": 98, "toA": 98, "fromB": 98, "toB": 99, "inserted": [" "]}}
{"dateTime": "2025-08-27T17:08:19.528Z", "eventType": "input.type", "fullPath": "/main.py", "details": {"fromA": 99, "toA": 99, "fromB": 99, "toB": 100, "inserted": ["t"]}}
{"dateTime": "2025-08-27T17:08:19.645Z", "eventType": "input.type", "fullPath": "/main.py", "details": {"fromA": 100, "toA": 100, "fromB": 100, "toB": 101, "inserted": ["o"]}}
{"dateTime": "2025-08-27T17:08:19.736Z", "eventType": "input.type", "fullPath": "/main.py", "details": {"fromA": 101, "toA": 101, "fromB": 101, "toB": 102, "inserted": ["t"]}}
{"dateTime": "2025-08-27T17:08:19.987Z", "eventType": "input.type", "fullPath": "/main.py", "details": {"fromA": 102, "toA": 102, "fromB": 102, "toB": 103, "inserted": ["a"]}}
{"dateTime": "2025-08-27T17:08:20.147Z", "eventType": "input.type", "fullPath": "/main.py", "details": {"fromA": 103, "toA": 103, "fromB": 103, "toB": 104, "inserted": ["l"]}}
{"dateTime": "2025-08-27T17:08:20.359Z", "eventType": "input.type", "fullPath": "/main.py", "details": {"fromA": 104, "toA": 104, "fromB": 104, "toB": 105, "inserted": [" "]}}
{"dateTime": "2025-08-27T17:08:20.511Z", "eventType": "input.type", "fullPath": "/main.py", "details": {"fromA": 105, "toA": 105, "fromB": 105, "toB": 106, "inserted": ["e"]}}
{"dateTime": "2025-08-27T17:08:20.689Z", "eventType": "input.type", "fullPath": "/main.py", "details": {"fromA": 106, "toA": 106, "fromB": 106, "toB": 107, "inserted": [" "]}}
{"dateTime": "2025-08-27T17:08:21.010Z", "eventType": "input.type", "fullPath": "/main.py", "details": {"fromA": 107, "toA": 107, "fromB": 107, "toB": 108, "inserted": ["r"]}}
{"dateTime": "2025-08-27T17:08:21.283Z", "eventType": "input.type", "fullPath": "/main.py", "details": {"fromA": 108, "toA": 108, "fromB": 108, "toB": 109, "inserted": ["e"]}}
{"dateTime": "2025-08-27T17:08:21.500Z", "eventType": "input.type", "fullPath": "/main.py", "details": {"fromA": 109, "toA": 109, "fromB": 109, "toB": 110, "inserted": ["s"]}}
{"dateTime": "2025-08-27T17:08:21.638Z", "eventType": "input.type", "fullPath": "/main.py", "details": {"fromA": 110, "toA": 110, "fromB": 110, "toB": 111, "inserted": ["t"]}}
{"dateTime": "2025-08-27T17:08:21.746Z", "eventType": "input.type", "fullPath": "/main.py", "details": {"fromA": 111, "toA": 111, "fromB": 111, "toB": 112, "inserted": ["a"]}}
{"dateTime": "2025-08-27T17:08:21.896Z", "eventType": "input.type", "fullPath": "/main.py", "details": {"fromA": 112, "toA": 112, "fromB": 112, "toB": 113, "inserted": ["n"]}}
{"dateTime": "2025-08-27T17:08:22.078Z", "eventType": "input.type", "fullPath": "/main.py", "details": {"fromA": 113, "toA": 113, "fromB": 113, "toB": 114, "inserted": ["t"]}}
{"dateTime": "2025-08-27T17:08:22.221Z", "eventType": "input.type", "fullPath": "/main.py", "details": {"fromA": 114, "toA": 114, "fromB": 114, "toB": 115, "inserted": ["e"]}}
{"dateTime": "2025-08-27T17:08:22.371Z", "eventType": "input.type", "fullPath": "/main.py", "details": {"fromA": 115, "toA": 115, "fromB": 115, "toB": 116, "inserted": [" "]}}
{"dateTime": "2025-08-27T17:08:22.697Z", "eventType": "input", "fullPath": "/main.py", "details": {"fromA": 116, "toA": 116, "fromB": 116, "toB": 117, "inserted": ["", ""]}}
{"dateTime": "2025-08-27T17:08:24.518Z", "eventType": "input.type", "fullPath": "/main.py", "details": {"fromA": 117, "toA": 117, "fromB": 117, "toB": 118, "inserted": ["p"]}}
{"dateTime": "2025-08-27T17:08:24.673Z", "eventType": "input.type", "fullPath": "/main.py", "details": {"fromA": 118, "toA": 118, "fromB": 118, "toB": 119, "inserted": ["r"]}}
{"dateTime": "2025-08-27T17:08:24.875Z", "eventType": "input.type", "fullPath": "/main.py", "details": {"fromA": 119, "toA": 119, "fromB": 119, "toB": 120, "inserted": ["e"]}}
{"dateTime": "2025-08-27T17:08:26.776Z", "eventType": "input.type", "fullPath": "/main.py", "details": {"fromA": 120, "toA": 120, "fromB": 120, "toB": 121, "inserted": ["c"]}}
{"dateTime": "2025-08-27T17:08:26.908Z", "eventType": "input.type", "fullPath": "/main.py", "details": {"fromA": 121, "toA": 121, "fromB": 121, "toB": 122, "inserted": ["o"]}}
{"dateTime": "2025-08-27T17:08:28.021Z", "eventType": "input.type", "fullPath": "/main.py", "details": {"fromA": 122, "toA": 122, "fromB": 122, "toB": 123, "inserted": ["_"]}}
{"dateTime": "2025-08-27T17:08:28.541Z", "eventType": "input.type", "fullPath": "/main.py", "details": {"fromA": 123, "toA": 123, "fromB": 123, "toB": 124, "inserted": ["t"]}}
{"dateTime": "2025-08-27T17:08:28.593Z", "eventType": "input.type", "fullPath": "/main.py", "details": {"fromA": 124, "toA": 124, "fromB": 124, "toB": 125, "inserted": ["o"]}}
{"dateTime": "2025-08-27T17:08:28.748Z", "eventType": "input.type", "fullPath": "/main.py", "details": {"fromA": 125, "toA": 125, "fromB": 125, "toB": 126, "inserted": ["t"]}}
{"dateTime": "2025-08-27T17:08:29.069Z", "eventType": "input.type", "fullPath": "/main.py", "details": {"fromA": 126, "toA": 126, "fromB": 126, "toB": 127, "inserted": ["a"]}}
{"dateTime": "2025-08-27T17:08:29.187Z", "eventType": "input.type", "fullPath": "/main.py", "details": {"fromA": 127, "toA": 127, "fromB": 127, "toB": 128, "inserted": ["l"]}}
{"dateTime": "2025-08-27T17:08:29.407Z", "eventType": "input.type", "fullPath": "/main.py", "details": {"fromA": 128, "toA": 128, "fromB": 128, "toB": 129, "inserted": [" "]}}
{"dateTime": "2025-08-27T17:08:33.502Z", "eventType": "input.type", "fullPath": "/main.py", "details": {"fromA": 129, "toA": 129, "fromB": 129, "toB": 130, "inserted": ["="]}}
{"dateTime": "2025-08-27T17:08:33.703Z", "eventType": "input.type", "fullPath": "/main.py", "details": {"fromA": 130, "toA": 130, "fromB": 130, "toB": 131, "inserted": [" "]}}
{"dateTime": "2025-08-27T17:08:41.355Z", "eventType": "input.type", "fullPath": "/main.py", "details": {"fromA": 131, "toA": 131, "fromB": 131, "toB": 132, "inserted": ["v"]}}
{"dateTime": "2025-08-27T17:08:41.523Z", "eventType": "input.type", "fullPath": "/main.py", "details": {"fromA": 132, "toA": 132, "fromB": 132, "toB": 133, "inserted": ["a"]}}
{"dateTime": "2025-08-27T17:08:41.649Z", "eventType": "input.type", "fullPath": "/main.py", "details": {"fromA": 133, "toA": 133, "fromB": 133, "toB": 134, "inserted": ["l"]}}
{"dateTime": "2025-08-27T17:08:41.814Z", "eventType": "input.type", "fullPath": "/main.py", "details": {"fromA": 134, "toA": 134, "fromB": 134, "toB": 135, "inserted": ["o"]}}
{"dateTime": "2025-08-27T17:08:41.922Z", "eventType": "input.type", "fullPath": "/main.py", "details": {"fromA": 135, "toA": 135, "fromB": 135, "toB": 136, "inserted": ["r"]}}
{"dateTime": "2025-08-27T17:08:42.511Z", "eventType": "input.type", "fullPath": "/main.py", "details": {"fromA": 136, "toA": 136, "fromB": 136, "toB": 137, "inserted": ["_"]}}
{"dateTime": "2025-08-27T17:08:44.508Z", "eventType": "input.type", "fullPath": "/main.py", "details": {"fromA": 137, "toA": 137, "fromB": 137, "toB": 138, "inserted": ["j"]}}
{"dateTime": "2025-08-27T17:08:44.676Z", "eventType": "input.type", "fullPath": "/main.py", "details": {"fromA": 138, "toA": 138, "fromB": 138, "toB": 139, "inserted": ["o"]}}
{"dateTime": "2025-08-27T17:08:44.915Z", "eventType": "input.type", "fullPath": "/main.py", "details": {"fromA": 139, "toA": 139, "fromB": 139, "toB": 140, "inserted": ["g"]}}
{"dateTime": "2025-08-27T17:08:44.999Z", "eventType": "input.type", "fullPath": "/main.py", "details": {"fromA": 140, "toA": 140, "fromB": 140, "toB": 141, "inserted": ["o"]}}
{"dateTime": "2025-08-27T17:08:45.501Z", "eventType": "input.type", "fullPath": "/main.py", "details": {"fromA": 141, "toA": 141, "fromB": 141, "toB": 142, "inserted": ["m"]}}
{"dateTime": "2025-08-27T17:08:47.565Z", "eventType": "delete.backward", "fullPath": "/main.py", "details": {"fromA": 141, "toA": 142, "fromB": 141, "toB": 141, "inserted": [""]}}
{"dateTime": "2025-08-27T17:08:47.792Z", "eventType": "input.type", "fullPath": "/main.py", "details": {"fromA": 141, "toA": 141, "fromB": 141, "toB": 142, "inserted": [" "]}}
{"dateTime": "2025-08-27T17:08:50.794Z", "eventType": "input.type", "fullPath": "/main.py", "details": {"fromA": 142, "toA": 142, "fromB": 142, "toB": 143, "inserted": ["*"]}}
{"dateTime": "2025-08-27T17:08:51.558Z", "eventType": "input.type", "fullPath": "/main.py", "details": {"fromA": 143, "toA": 143, "fromB": 143, "toB": 144, "inserted": [" "]}}
{"dateTime": "2025-08-27T17:08:52.214Z", "eventType": "input.type", "fullPath": "/main.py", "details": {"fromA": 144, "toA": 144, "fromB": 144, "toB": 145, "inserted": ["8"]}}
{"dateTime": "2025-08-27T17:08:52.234Z", "eventType": "input.type", "fullPath": "/main.py", "details": {"fromA": 145, "toA": 145, "fromB": 145, "toB": 146, "inserted": ["i"]}}
{"dateTime": "2025-08-27T17:08:52.438Z", "eventType": "input.type", "fullPath": "/main.py", "details": {"fromA": 146, "toA": 146, "fromB": 146, "toB": 147, "inserted": [" "]}}
{"dateTime": "2025-08-27T17:08:53.636Z", "eventType": "input.type", "fullPath": "/main.py", "details": {"fromA": 147, "toA": 147, "fromB": 147, "toB": 148, "inserted": ["+"]}}
{"dateTime": "2025-08-27T17:08:54.439Z", "eventType": "input.type", "fullPath": "/main.py", "details": {"fromA": 148, "toA": 148, "fromB": 148, "toB": 149, "inserted": [" "]}}
{"dateTime": "2025-08-27T17:08:54.598Z", "eventType": "input.type", "fullPath": "/main.py", "details": {"fromA": 149, "toA": 149, "fromB": 149, "toB": 150, "inserted": ["4"]}}
{"dateTime": "2025-08-27T17:08:54.752Z", "eventType": "input.type", "fullPath": "/main.py", "details": {"fromA": 150, "toA": 150, "fromB": 150, "toB": 151, "inserted": ["5"]}}
{"dateTime": "2025-08-27T17:08:57.072Z", "eventType": "select.pointer", "fullPath": "/main.py", "details": {"selection": {"from": 146, "to": 146}}}
{"dateTime": "2025-08-27T17:08:57.642Z", "eventType": "delete.backward", "fullPath": "/main.py", "details": {"fromA": 145, "toA": 146, "fromB": 145, "toB": 145, "inserted": [""]}}
{"dateTime": "2025-08-27T17:08:59.252Z", "eventType": "select.pointer", "fullPath": "/main.py", "details": {"selection": {"from": 150, "to": 150}}}
{"dateTime": "2025-08-27T17:08:59.945Z", "eventType": "input.type", "fullPath": "/main.py", "details": {"fromA": 150, "toA": 150, "fromB": 150, "toB": 151, "inserted": [" "]}}
{"dateTime": "2025-08-27T17:09:01.769Z", "eventType": "input.type", "fullPath": "/main.py", "details": {"fromA": 151, "toA": 151, "fromB": 151, "toB": 152, "inserted": ["#"]}}
{"dateTime": "2025-08-27T17:09:07.472Z", "eventType": "input.type", "fullPath": "/main.py", "details": {"fromA": 152, "toA": 152, "fromB": 152, "toB": 153, "inserted": [" "]}}
{"dateTime": "2025-08-27T17:09:07.879Z", "eventType": "input.type", "fullPath": "/main.py", "details": {"fromA": 153, "toA": 153, "fromB": 153, "toB": 154, "inserted": ["8"]}}
{"dateTime": "2025-08-27T17:09:08.087Z", "eventType": "input.type", "fullPath": "/main.py", "details": {"fromA": 154, "toA": 154, "fromB": 154, "toB": 155, "inserted": [" "]}}
{"dateTime": "2025-08-27T17:09:08.275Z", "eventType": "input.type", "fullPath": "/main.py", "details": {"fromA": 155, "toA": 155, "fromB": 155, "toB": 156, "inserted": ["j"]}}
{"dateTime": "2025-08-27T17:09:08.464Z", "eventType": "input.type", "fullPath": "/main.py", "details": {"fromA": 156, "toA": 156, "fromB": 156, "toB": 157, "inserted": ["o"]}}
{"dateTime": "2025-08-27T17:09:08.598Z", "eventType": "input.type", "fullPath": "/main.py", "details": {"fromA": 157, "toA": 157, "fromB": 157, "toB": 158, "inserted": ["g"]}}
{"dateTime": "2025-08-27T17:09:08.723Z", "eventType": "input.type", "fullPath": "/main.py", "details": {"fromA": 158, "toA": 158, "fromB": 158, "toB": 159, "inserted": ["o"]}}
{"dateTime": "2025-08-27T17:09:08.922Z", "eventType": "input.type", "fullPath": "/main.py", "details": {"fromA": 159, "toA": 159, "fromB": 159, "toB": 160, "inserted": ["s"]}}
{"dateTime": "2025-08-27T17:09:09.063Z", "eventType": "input.type", "fullPath": "/main.py", "details": {"fromA": 160, "toA": 160, "fromB": 160, "toB": 161, "inserted": [" "]}}
{"dateTime": "2025-08-27T17:09:09.970Z", "eventType": "input.type", "fullPath": "/main.py", "details": {"fromA": 161, "toA": 161, "fromB": 161, "toB": 162, "inserted": ["+"]}}
{"dateTime": "2025-08-27T17:09:10.207Z", "eventType": "input.type", "fullPath": "/main.py", "details": {"fromA": 162, "toA": 162, "fromB": 162, "toB": 163, "inserted": [" "]}}
{"dateTime": "2025-08-27T17:09:10.619Z", "eventType": "input.type", "fullPath": "/main.py", "details": {"fromA": 163, "toA": 163, "fromB": 163, "toB": 164, "inserted": ["f"]}}
{"dateTime": "2025-08-27T17:09:10.811Z", "eventType": "input.type", "fullPath": "/main.py", "details": {"fromA": 164, "toA": 164, "fromB": 164, "toB": 165, "inserted": ["r"]}}
{"dateTime": "2025-08-27T17:09:11.024Z", "eventType": "input.type", "fullPath": "/main.py", "details": {"fromA": 165, "toA": 165, "fromB": 165, "toB": 166, "inserted": ["e"]}}
{"dateTime": "2025-08-27T17:09:11.184Z", "eventType": "input.type", "fullPath": "/main.py", "details": {"fromA": 166, "toA": 166, "fromB": 166, "toB": 167, "inserted": ["n"]}}
{"dateTime": "2025-08-27T17:09:11.646Z", "eventType": "delete.backward", "fullPath": "/main.py", "details": {"fromA": 166, "toA": 167, "fromB": 166, "toB": 166, "inserted": [""]}}
{"dateTime": "2025-08-27T17:09:12.036Z", "eventType": "input.type", "fullPath": "/main.py", "details": {"fromA": 166, "toA": 166, "fromB": 166, "toB": 167, "inserted": ["t"]}}
{"dateTime": "2025-08-27T17:09:12.181Z", "eventType": "input.type", "fullPath": "/main.py", "details": {"fromA": 167, "toA": 167, "fromB": 167, "toB": 168, "inserted": ["e"]}}
{"dateTime": "2025-08-27T17:09:12.261Z", "eventType": "input.type", "fullPath": "/main.py", "details": {"fromA": 168, "toA": 168, "fromB": 168, "toB": 169, "inserted": [" "]}}
{"dateTime": "2025-08-27T17:09:12.652Z", "eventType": "input.type", "fullPath": "/main.py", "details": {"fromA": 169, "toA": 169, "fromB": 169, "toB": 170, "inserted": ["7"]}}
{"dateTime": "2025-08-27T17:09:13.101Z", "eventType": "input", "fullPath": "/main.py", "details": {"fromA": 170, "toA": 170, "fromB": 170, "toB": 171, "inserted": ["", ""]}}
{"dateTime": "2025-08-27T17:09:14.492Z", "eventType": "input.type", "fullPath": "/main.py", "details": {"fromA": 171, "toA": 171, "fromB": 171, "toB": 172, "inserted": ["r"]}}
{"dateTime": "2025-08-27T17:09:14.689Z", "eventType": "input.type", "fullPath": "/main.py", "details": {"fromA": 172, "toA": 172, "fromB": 172, "toB": 173, "inserted": ["e"]}}
{"dateTime": "2025-08-27T17:09:14.876Z", "eventType": "input.type", "fullPath": "/main.py", "details": {"fromA": 173, "toA": 173, "fromB": 173, "toB": 174, "inserted": ["s"]}}
{"dateTime": "2025-08-27T17:09:15.002Z", "eventType": "input.type", "fullPath": "/main.py", "details": {"fromA": 174, "toA": 174, "fromB": 174, "toB": 175, "inserted": ["t"]}}
{"dateTime": "2025-08-27T17:09:15.141Z", "eventType": "input.type", "fullPath": "/main.py", "details": {"fromA": 175, "toA": 175, "fromB": 175, "toB": 176, "inserted": ["a"]}}
{"dateTime": "2025-08-27T17:09:15.700Z", "eventType": "input.type", "fullPath": "/main.py", "details": {"fromA": 176, "toA": 176, "fromB": 176, "toB": 177, "inserted": ["n"]}}
{"dateTime": "2025-08-27T17:09:15.933Z", "eventType": "input.type", "fullPath": "/main.py", "details": {"fromA": 177, "toA": 177, "fromB": 177, "toB": 178, "inserted": ["t"]}}
{"dateTime": "2025-08-27T17:09:16.028Z", "eventType": "input.type", "fullPath": "/main.py", "details": {"fromA": 178, "toA": 178, "fromB": 178, "toB": 179, "inserted": ["e"]}}
{"dateTime": "2025-08-27T17:09:16.456Z", "eventType": "input.type", "fullPath": "/main.py", "details": {"fromA": 179, "toA": 179, "fromB": 179, "toB": 180, "inserted": [" "]}}
{"dateTime": "2025-08-27T17:09:16.979Z", "eventType": "input.type", "fullPath": "/main.py", "details": {"fromA": 180, "toA": 180, "fromB": 180, "toB": 181, "inserted": ["="]}}
{"dateTime": "2025-08-27T17:09:17.227Z", "eventType": "input.type", "fullPath": "/main.py", "details": {"fromA": 181, "toA": 181, "fromB": 181, "toB": 182, "inserted": [" "]}}
{"dateTime": "2025-08-27T17:09:18.272Z", "eventType": "input.type", "fullPath": "/main.py", "details": {"fromA": 182, "toA": 182, "fromB": 182, "toB": 183, "inserted": ["v"]}}
{"dateTime": "2025-08-27T17:09:18.591Z", "eventType": "input.type", "fullPath": "/main.py", "details": {"fromA": 183, "toA": 183, "fromB": 183, "toB": 184, "inserted": ["a"]}}
{"dateTime": "2025-08-27T17:09:18.740Z", "eventType": "input.type", "fullPath": "/main.py", "details": {"fromA": 184, "toA": 184, "fromB": 184, "toB": 185, "inserted": ["l"]}}
{"dateTime": "2025-08-27T17:09:18.902Z", "eventType": "input.type", "fullPath": "/main.py", "details": {"fromA": 185, "toA": 185, "fromB": 185, "toB": 186, "inserted": ["o"]}}
{"dateTime": "2025-08-27T17:09:18.973Z", "eventType": "input.type", "fullPath": "/main.py", "details": {"fromA": 186, "toA": 186, "fromB": 186, "toB": 187, "inserted": ["r"]}}
{"dateTime": "2025-08-27T17:09:19.474Z", "eventType": "input.type", "fullPath": "/main.py", "details": {"fromA": 187, "toA": 187, "fromB": 187, "toB": 188, "inserted": ["_"]}}
{"dateTime": "2025-08-27T17:09:19.781Z", "eventType": "input.type", "fullPath": "/main.py", "details": {"fromA": 188, "toA": 188, "fromB": 188, "toB": 189, "inserted": [" "]}}
{"dateTime": "2025-08-27T17:09:20.286Z", "eventType": "delete.backward", "fullPath": "/main.py", "details": {"fromA": 188, "toA": 189, "fromB": 188, "toB": 188, "inserted": [""]}}
{"dateTime": "2025-08-27T17:09:20.781Z", "eventType": "input.type", "fullPath": "/main.py", "details": {"fromA": 188, "toA": 188, "fromB": 188, "toB": 189, "inserted": ["d"]}}
{"dateTime": "2025-08-27T17:09:20.906Z", "eventType": "input.type", "fullPath": "/main.py", "details": {"fromA": 189, "toA": 189, "fromB": 189, "toB": 190, "inserted": ["i"]}}
{"dateTime": "2025-08-27T17:09:21.025Z", "eventType": "input.type", "fullPath": "/main.py", "details": {"fromA": 190, "toA": 190, "fromB": 190, "toB": 191, "inserted": ["s"]}}
{"dateTime": "2025-08-27T17:09:21.185Z", "eventType": "input.type", "fullPath": "/main.py", "details": {"fromA": 191, "toA": 191, "fromB": 191, "toB": 192, "inserted": ["p"]}}
{"dateTime": "2025-08-27T17:09:21.373Z", "eventType": "input.type", "fullPath": "/main.py", "details": {"fromA": 192, "toA": 192, "fromB": 192, "toB": 193, "inserted": ["o"]}}
{"dateTime": "2025-08-27T17:09:22.402Z", "eventType": "input.type", "fullPath": "/main.py", "details": {"fromA": 193, "toA": 193, "fromB": 193, "toB": 194, "inserted": ["n"]}}
{"dateTime": "2025-08-27T17:09:22.588Z", "eventType": "input.type", "fullPath": "/main.py", "details": {"fromA": 194, "toA": 194, "fromB": 194, "toB": 195, "inserted": ["i"]}}
{"dateTime": "2025-08-27T17:09:22.823Z", "eventType": "input.type", "fullPath": "/main.py", "details": {"fromA": 195, "toA": 195, "fromB": 195, "toB": 196, "inserted": ["v"]}}
{"dateTime": "2025-08-27T17:09:22.973Z", "eventType": "input.type", "fullPath": "/main.py", "details": {"fromA": 196, "toA": 196, "fromB": 196, "toB": 197, "inserted": ["e"]}}
{"dateTime": "2025-08-27T17:09:23.089Z", "eventType": "input.type", "fullPath": "/main.py", "details": {"fromA": 197, "toA": 197, "fromB": 197, "toB": 198, "inserted": ["l"]}}
{"dateTime": "2025-08-27T17:09:23.287Z", "eventType": "input.type", "fullPath": "/main.py", "details": {"fromA": 198, "toA": 198, "fromB": 198, "toB": 199, "inserted": [" "]}}
{"dateTime": "2025-08-27T17:09:25.236Z", "eventType": "input.type", "fullPath": "/main.py", "details": {"fromA": 199, "toA": 199, "fromB": 199, "toB": 200, "inserted": ["-"]}}
{"dateTime": "2025-08-27T17:09:25.457Z", "eventType": "input.type", "fullPath": "/main.py", "details": {"fromA": 200, "toA": 200, "fromB": 200, "toB": 201, "inserted": [" "]}}
{"dateTime": "2025-08-27T17:09:25.704Z", "eventType": "input.type", "fullPath": "/main.py", "details": {"fromA": 201, "toA": 201, "fromB": 201, "toB": 202, "inserted": ["p"]}}
{"dateTime": "2025-08-27T17:09:26.136Z", "eventType": "input.type", "fullPath": "/main.py", "details": {"fromA": 202, "toA": 202, "fromB": 202, "toB": 203, "inserted": ["r"]}}
{"dateTime": "2025-08-27T17:09:26.335Z", "eventType": "input.type", "fullPath": "/main.py", "details": {"fromA": 203, "toA": 203, "fromB": 203, "toB": 204, "inserted": ["e"]}}
{"dateTime": "2025-08-27T17:09:26.597Z", "eventType": "input.type", "fullPath": "/main.py", "details": {"fromA": 204, "toA": 204, "fromB": 204, "toB": 205, "inserted": ["c"]}}
{"dateTime": "2025-08-27T17:09:26.771Z", "eventType": "input.type", "fullPath": "/main.py", "details": {"fromA": 205, "toA": 205, "fromB": 205, "toB": 206, "inserted": ["o"]}}
{"dateTime": "2025-08-27T17:09:27.593Z", "eventType": "input.type", "fullPath": "/main.py", "details": {"fromA": 206, "toA": 206, "fromB": 206, "toB": 207, "inserted": ["_"]}}
{"dateTime": "2025-08-27T17:09:27.963Z", "eventType": "input.type", "fullPath": "/main.py", "details": {"fromA": 207, "toA": 207, "fromB": 207, "toB": 208, "inserted": ["r"]}}
{"dateTime": "2025-08-27T17:09:28.073Z", "eventType": "input.type", "fullPath": "/main.py", "details": {"fromA": 208, "toA": 208, "fromB": 208, "toB": 209, "inserted": ["o"]}}
{"dateTime": "2025-08-27T17:09:28.413Z", "eventType": "delete.backward", "fullPath": "/main.py", "details": {"fromA": 208, "toA": 209, "fromB": 208, "toB": 208, "inserted": [""]}}
{"dateTime": "2025-08-27T17:09:28.541Z", "eventType": "delete.backward", "fullPath": "/main.py", "details": {"fromA": 207, "toA": 208, "fromB": 207, "toB": 207, "inserted": [""]}}
{"dateTime": "2025-08-27T17:09:28.728Z", "eventType": "input.type", "fullPath": "/main.py", "details": {"fromA": 207, "toA": 207, "fromB": 207, "toB": 208, "inserted": ["t"]}}
{"dateTime": "2025-08-27T17:09:28.814Z", "eventType": "input.type", "fullPath": "/main.py", "details": {"fromA": 208, "toA": 208, "fromB": 208, "toB": 209, "inserted": ["o"]}}
{"dateTime": "2025-08-27T17:09:29.241Z", "eventType": "input.type", "fullPath": "/main.py", "details": {"fromA": 209, "toA": 209, "fromB": 209, "toB": 210, "inserted": ["t"]}}
{"dateTime": "2025-08-27T17:09:29.711Z", "eventType": "input.type", "fullPath": "/main.py", "details": {"fromA": 210, "toA": 210, "fromB": 210, "toB": 211, "inserted": ["a"]}}
{"dateTime": "2025-08-27T17:09:29.791Z", "eventType": "input.type", "fullPath": "/main.py", "details": {"fromA": 211, "toA": 211, "fromB": 211, "toB": 212, "inserted": ["l"]}}
{"dateTime": "2025-08-27T17:09:29.967Z", "eventType": "input.type", "fullPath": "/main.py", "details": {"fromA": 212, "toA": 212, "fromB": 212, "toB": 213, "inserted": [" "]}}
{"dateTime": "2025-08-27T17:09:31.567Z", "eventType": "input", "fullPath": "/main.py", "details": {"fromA": 213, "toA": 213, "fromB": 213, "toB": 214, "inserted": ["", ""]}}
{"dateTime": "2025-08-27T17:09:35.564Z", "eventType": "input.type", "fullPath": "/main.py", "details": {"fromA": 214, "toA": 214, "fromB": 214, "toB": 215, "inserted": ["$"]}}
{"dateTime": "2025-08-27T17:09:36.192Z", "eventType": "delete.backward", "fullPath": "/main.py", "details": {"fromA": 214, "toA": 215, "fromB": 214, "toB": 214, "inserted": [""]}}
{"dateTime": "2025-08-27T17:09:37.416Z", "eventType": "input.type", "fullPath": "/main.py", "details": {"fromA": 214, "toA": 214, "fromB": 214, "toB": 215, "inserted": ["#"]}}
{"dateTime": "2025-08-27T17:09:39.022Z", "eventType": "input.type", "fullPath": "/main.py", "details": {"fromA": 215, "toA": 215, "fromB": 215, "toB": 216, "inserted": ["S"]}}
{"dateTime": "2025-08-27T17:09:39.608Z", "eventType": "input.type", "fullPath": "/main.py", "details": {"fromA": 216, "toA": 216, "fromB": 216, "toB": 217, "inserted": ["a"]}}
{"dateTime": "2025-08-27T17:09:40.646Z", "eventType": "input.type", "fullPath": "/main.py", "details": {"fromA": 217, "toA": 217, "fromB": 217, "toB": 218, "inserted": ["\u00ed"]}}
{"dateTime": "2025-08-27T17:09:40.765Z", "eventType": "input.type", "fullPath": "/main.py", "details": {"fromA": 218, "toA": 218, "fromB": 218, "toB": 219, "inserted": ["d"]}}
{"dateTime": "2025-08-27T17:09:41.061Z", "eventType": "input.type", "fullPath": "/main.py", "details": {"fromA": 219, "toA": 219, "fromB": 219, "toB": 220, "inserted": ["a"]}}
{"dateTime": "2025-08-27T17:09:41.234Z", "eventType": "input.type", "fullPath": "/main.py", "details": {"fromA": 220, "toA": 220, "fromB": 220, "toB": 221, "inserted": [" "]}}
{"dateTime": "2025-08-27T17:09:41.609Z", "eventType": "input.type", "fullPath": "/main.py", "details": {"fromA": 221, "toA": 221, "fromB": 221, "toB": 222, "inserted": ["a"]}}
{"dateTime": "2025-08-27T17:09:41.910Z", "eventType": "input.type", "fullPath": "/main.py", "details": {"fromA": 222, "toA": 222, "fromB": 222, "toB": 223, "inserted": ["r"]}}
{"dateTime": "2025-08-27T17:09:42.079Z", "eventType": "input.type", "fullPath": "/main.py", "details": {"fromA": 223, "toA": 223, "fromB": 223, "toB": 224, "inserted": ["r"]}}
{"dateTime": "2025-08-27T17:09:42.309Z", "eventType": "input.type", "fullPath": "/main.py", "details": {"fromA": 224, "toA": 224, "fromB": 224, "toB": 225, "inserted": ["e"]}}
{"dateTime": "2025-08-27T17:09:42.741Z", "eventType": "input.type", "fullPath": "/main.py", "details": {"fromA": 225, "toA": 225, "fromB": 225, "toB": 226, "inserted": ["d"]}}
{"dateTime": "2025-08-27T17:09:42.902Z", "eventType": "input.type", "fullPath": "/main.py", "details": {"fromA": 226, "toA": 226, "fromB": 226, "toB": 227, "inserted": ["o"]}}
{"dateTime": "2025-08-27T17:09:43.117Z", "eventType": "input.type", "fullPath": "/main.py", "details": {"fromA": 227, "toA": 227, "fromB": 227, "toB": 228, "inserted": ["n"]}}
{"dateTime": "2025-08-27T17:09:43.293Z", "eventType": "input.type", "fullPath": "/main.py", "details": {"fromA": 228, "toA": 228, "fromB": 228, "toB": 229, "inserted": ["d"]}}
{"dateTime": "2025-08-27T17:09:43.677Z", "eventType": "input.type", "fullPath": "/main.py", "details": {"fromA": 229, "toA": 229, "fromB": 229, "toB": 230, "inserted": ["a"]}}
{"dateTime": "2025-08-27T17:09:43.982Z", "eventType": "input.type", "fullPath": "/main.py", "details": {"fromA": 230, "toA": 230, "fromB": 230, "toB": 231, "inserted": ["d"]}}
{"dateTime": "2025-08-27T17:09:44.260Z", "eventType": "input.type", "fullPath": "/main.py", "details": {"fromA": 231, "toA": 231, "fromB": 231, "toB": 232, "inserted": ["a"]}}
{"dateTime": "2025-08-27T17:09:44.397Z", "eventType": "input.type", "fullPath": "/main.py", "details": {"fromA": 232, "toA": 232, "fromB": 232, "toB": 233, "inserted": [" "]}}
{"dateTime": "2025-08-27T17:09:50.977Z", "eventType": "input.type", "fullPath": "/main.py", "details": {"fromA": 233, "toA": 233, "fromB": 233, "toB": 234, "inserted": ["p"]}}
{"dateTime": "2025-08-27T17:09:51.527Z", "eventType": "input.type", "fullPath": "/main.py", "details": {"fromA": 234, "toA": 234, "fromB": 234, "toB": 235, "inserted": ["a"]}}
{"dateTime": "2025-08-27T17:09:51.688Z", "eventType": "input.type", "fullPath": "/main.py", "details": {"fromA": 235, "toA": 235, "fromB": 235, "toB": 236, "inserted": ["r"]}}
{"dateTime": "2025-08-27T17:09:51.800Z", "eventType": "input.type", "fullPath": "/main.py", "details": {"fromA": 236, "toA": 236, "fromB": 236, "toB": 237, "inserted": ["a"]}}
{"dateTime": "2025-08-27T17:09:51.968Z", "eventType": "input.type", "fullPath": "/main.py", "details": {"fromA": 237, "toA": 237, "fromB": 237, "toB": 238, "inserted": [" "]}}
{"dateTime": "2025-08-27T17:09:53.218Z", "eventType": "input.type", "fullPath": "/main.py", "details": {"fromA": 238, "toA": 238, "fromB": 238, "toB": 239, "inserted": ["1"]}}
{"dateTime": "2025-08-27T17:09:53.358Z", "eventType": "input.type", "fullPath": "/main.py", "details": {"fromA": 239, "toA": 239, "fromB": 239, "toB": 240, "inserted": [" "]}}
{"dateTime": "2025-08-27T17:09:53.675Z", "eventType": "input.type", "fullPath": "/main.py", "details": {"fromA": 240, "toA": 240, "fromB": 240, "toB": 241, "inserted": ["c"]}}
{"dateTime": "2025-08-27T17:09:53.981Z", "eventType": "input.type", "fullPath": "/main.py", "details": {"fromA": 241, "toA": 241, "fromB": 241, "toB": 242, "inserted": ["a"]}}
{"dateTime": "2025-08-27T17:09:54.193Z", "eventType": "input.type", "fullPath": "/main.py", "details": {"fromA": 242, "toA": 242, "fromB": 242, "toB": 243, "inserted": ["s"]}}
{"dateTime": "2025-08-27T17:09:54.383Z", "eventType": "input.type", "fullPath": "/main.py", "details": {"fromA": 243, "toA": 243, "fromB": 243, "toB": 244, "inserted": ["a"]}}
{"dateTime": "2025-08-27T17:09:54.498Z", "eventType": "input.type", "fullPath": "/main.py", "details": {"fromA": 244, "toA": 244, "fromB": 244, "toB": 245, "inserted": [" "]}}
{"dateTime": "2025-08-27T17:09:54.658Z", "eventType": "input.type", "fullPath": "/main.py", "details": {"fromA": 245, "toA": 245, "fromB": 245, "toB": 246, "inserted": ["d"]}}
{"dateTime": "2025-08-27T17:09:54.845Z", "eventType": "input.type", "fullPath": "/main.py", "details": {"fromA": 246, "toA": 246, "fromB": 246, "toB": 247, "inserted": ["e"]}}
{"dateTime": "2025-08-27T17:09:55.024Z", "eventType": "input.type", "fullPath": "/main.py", "details": {"fromA": 247, "toA": 247, "fromB": 247, "toB": 248, "inserted": ["c"]}}
{"dateTime": "2025-08-27T17:09:55.164Z", "eventType": "input.type", "fullPath": "/main.py", "details": {"fromA": 248, "toA": 248, "fromB": 248, "toB": 249, "inserted": ["i"]}}
{"dateTime": "2025-08-27T17:09:55.353Z", "eventType": "input.type", "fullPath": "/main.py", "details": {"fromA": 249, "toA": 249, "fromB": 249, "toB": 250, "inserted": ["m"]}}
{"dateTime": "2025-08-27T17:09:55.443Z", "eventType": "input.type", "fullPath": "/main.py", "details": {"fromA": 250, "toA": 250, "fromB": 250, "toB": 251, "inserted": ["a"]}}
{"dateTime": "2025-08-27T17:09:55.558Z", "eventType": "input.type", "fullPath": "/main.py", "details": {"fromA": 251, "toA": 251, "fromB": 251, "toB": 252, "inserted": ["l"]}}
{"dateTime": "2025-08-27T17:09:55.745Z", "eventType": "input.type", "fullPath": "/main.py", "details": {"fromA": 252, "toA": 252, "fromB": 252, "toB": 253, "inserted": [" "]}}
{"dateTime": "2025-08-27T17:10:07.570Z", "eventType": "input", "fullPath": "/main.py", "details": {"fromA": 253, "toA": 253, "fromB": 253, "toB": 254, "inserted": ["", ""]}}
{"dateTime": "2025-08-27T17:10:09.088Z", "eventType": "input.type", "fullPath": "/main.py", "details": {"fromA": 254, "toA": 254, "fromB": 254, "toB": 255, "inserted": ["p"]}}
{"dateTime": "2025-08-27T17:10:09.991Z", "eventType": "input.type", "fullPath": "/main.py", "details": {"fromA": 255, "toA": 255, "fromB": 255, "toB": 256, "inserted": ["r"]}}
{"dateTime": "2025-08-27T17:10:10.125Z", "eventType": "input.type", "fullPath": "/main.py", "details": {"fromA": 256, "toA": 256, "fromB": 256, "toB": 257, "inserted": ["i"]}}
{"dateTime": "2025-08-27T17:10:10.277Z", "eventType": "input.type", "fullPath": "/main.py", "details": {"fromA": 257, "toA": 257, "fromB": 257, "toB": 258, "inserted": ["n"]}}
{"dateTime": "2025-08-27T17:10:10.360Z", "eventType": "input.type", "fullPath": "/main.py", "details": {"fromA": 258, "toA": 258, "fromB": 258, "toB": 259, "inserted": ["t"]}}
{"dateTime": "2025-08-27T17:10:13.195Z", "eventType": "input.type", "fullPath": "/main.py", "details": {"fromA": 259, "toA": 259, "fromB": 259, "toB": 261, "inserted": ["()"]}}
{"dateTime": "2025-08-27T17:10:13.672Z", "eventType": "input.type", "fullPath": "/main.py", "details": {"fromA": 260, "toA": 260, "fromB": 260, "toB": 261, "inserted": ["o"]}}
{"dateTime": "2025-08-27T17:10:14.088Z", "eventType": "delete.backward", "fullPath": "/main.py", "details": {"fromA": 260, "toA": 261, "fromB": 260, "toB": 260, "inserted": [""]}}
{"dateTime": "2025-08-27T17:10:14.189Z", "eventType": "input.type", "fullPath": "/main.py", "details": {"fromA": 260, "toA": 260, "fromB": 260, "toB": 261, "inserted": ["r"]}}
{"dateTime": "2025-08-27T17:10:14.387Z", "eventType": "input.type", "fullPath": "/main.py", "details": {"fromA": 261, "toA": 261, "fromB": 261, "toB": 262, "inserted": ["o"]}}
{"dateTime": "2025-08-27T17:10:14.594Z", "eventType": "input.type", "fullPath": "/main.py", "details": {"fromA": 262, "toA": 262, "fromB": 262, "toB": 263, "inserted": ["u"]}}
{"dateTime": "2025-08-27T17:10:15.088Z", "eventType": "input.type", "fullPath": "/main.py", "details": {"fromA": 263, "toA": 263, "fromB": 263, "toB": 264, "inserted": ["n"]}}
{"dateTime": "2025-08-27T17:10:15.222Z", "eventType": "input.type", "fullPath": "/main.py", "details": {"fromA": 264, "toA": 264, "fromB": 264, "toB": 265, "inserted": ["d"]}}
{"dateTime": "2025-08-27T17:10:17.141Z", "eventType": "input.type", "fullPath": "/main.py", "details": {"fromA": 265, "toA": 265, "fromB": 265, "toB": 267, "inserted": ["()"]}}
{"dateTime": "2025-08-27T17:10:17.749Z", "eventType": "input.type", "fullPath": "/main.py", "details": {"fromA": 266, "toA": 266, "fromB": 266, "toB": 267, "inserted": ["p"]}}
{"dateTime": "2025-08-27T17:10:17.846Z", "eventType": "input.type", "fullPath": "/main.py", "details": {"fromA": 267, "toA": 267, "fromB": 267, "toB": 268, "inserted": ["r"]}}
{"dateTime": "2025-08-27T17:10:18.064Z", "eventType": "input.type", "fullPath": "/main.py", "details": {"fromA": 268, "toA": 268, "fromB": 268, "toB": 269, "inserted": ["e"]}}
{"dateTime": "2025-08-27T17:10:18.762Z", "eventType": "input.type", "fullPath": "/main.py", "details": {"fromA": 269, "toA": 269, "fromB": 269, "toB": 270, "inserted": ["c"]}}
{"dateTime": "2025-08-27T17:10:19.349Z", "eventType": "input.type", "fullPath": "/main.py", "details": {"fromA": 270, "toA": 270, "fromB": 270, "toB": 271, "inserted": ["o"]}}
{"dateTime": "2025-08-27T17:10:19.619Z", "eventType": "input.type", "fullPath": "/main.py", "details": {"fromA": 271, "toA": 271, "fromB": 271, "toB": 272, "inserted": ["-"]}}
{"dateTime": "2025-08-27T17:10:20.431Z", "eventType": "delete.backward", "fullPath": "/main.py", "details": {"fromA": 271, "toA": 272, "fromB": 271, "toB": 271, "inserted": [""]}}
{"dateTime": "2025-08-27T17:10:21.024Z", "eventType": "input.type", "fullPath": "/main.py", "details": {"fromA": 271, "toA": 271, "fromB": 271, "toB": 272, "inserted": ["_"]}}
{"dateTime": "2025-08-27T17:10:21.639Z", "eventType": "input.type", "fullPath": "/main.py", "details": {"fromA": 272, "toA": 272, "fromB": 272, "toB": 273, "inserted": ["t"]}}
{"dateTime": "2025-08-27T17:10:21.920Z", "eventType": "input.type", "fullPath": "/main.py", "details": {"fromA": 273, "toA": 273, "fromB": 273, "toB": 274, "inserted": ["t"]}}
{"dateTime": "2025-08-27T17:10:22.331Z", "eventType": "delete.backward", "fullPath": "/main.py", "details": {"fromA": 273, "toA": 274, "fromB": 273, "toB": 273, "inserted": [""]}}
{"dateTime": "2025-08-27T17:10:22.756Z", "eventType": "input.type", "fullPath": "/main.py", "details": {"fromA": 273, "toA": 273, "fromB": 273, "toB": 274, "inserted": ["o"]}}
{"dateTime": "2025-08-27T17:10:22.882Z", "eventType": "input.type", "fullPath": "/main.py", "details": {"fromA": 274, "toA": 274, "fromB": 274, "toB": 275, "inserted": ["t"]}}
{"dateTime": "2025-08-27T17:10:23.271Z", "eventType": "input.type", "fullPath": "/main.py", "details": {"fromA": 275, "toA": 275, "fromB": 275, "toB": 276, "inserted": ["a"]}}
{"dateTime": "2025-08-27T17:10:23.431Z", "eventType": "input.type", "fullPath": "/main.py", "details": {"fromA": 276, "toA": 276, "fromB": 276, "toB": 277, "inserted": ["l"]}}
{"dateTime": "2025-08-27T17:10:23.674Z", "eventType": "input.type", "fullPath": "/main.py", "details": {"fromA": 277, "toA": 277, "fromB": 277, "toB": 278, "inserted": [" "]}}
{"dateTime": "2025-08-27T17:10:24.261Z", "eventType": "delete.backward", "fullPath": "/main.py", "details": {"fromA": 277, "toA": 278, "fromB": 277, "toB": 277, "inserted": [""]}}
{"dateTime": "2025-08-27T17:10:24.993Z", "eventType": "input.type", "fullPath": "/main.py", "details": {"fromA": 277, "toA": 277, "fromB": 277, "toB": 278, "inserted": [","]}}
{"dateTime": "2025-08-27T17:10:25.214Z", "eventType": "input.type", "fullPath": "/main.py", "details": {"fromA": 278, "toA": 278, "fromB": 278, "toB": 279, "inserted": [" "]}}
{"dateTime": "2025-08-27T17:10:25.379Z", "eventType": "input.type", "fullPath": "/main.py", "details": {"fromA": 279, "toA": 279, "fromB": 279, "toB": 280, "inserted": ["1"]}}
{"dateTime": "2025-08-27T17:10:27.273Z", "eventType": "select.pointer", "fullPath": "/main.py", "details": {"selection": {"from": 282, "to": 282}}}
{"dateTime": "2025-08-27T17:10:27.899Z", "eventType": "input", "fullPath": "/main.py", "details": {"fromA": 282, "toA": 282, "fromB": 282, "toB": 283, "inserted": ["", ""]}}
{"dateTime": "2025-08-27T17:10:29.451Z", "eventType": "input.type", "fullPath": "/main.py", "details": {"fromA": 283, "toA": 283, "fromB": 283, "toB": 284, "inserted": ["p"]}}
{"dateTime": "2025-08-27T17:10:29.719Z", "eventType": "input.type", "fullPath": "/main.py", "details": {"fromA": 284, "toA": 284, "fromB": 284, "toB": 285, "inserted": ["r"]}}
{"dateTime": "2025-08-27T17:10:29.860Z", "eventType": "input.type", "fullPath": "/main.py", "details": {"fromA": 285, "toA": 285, "fromB": 285, "toB": 286, "inserted": ["i"]}}
{"dateTime": "2025-08-27T17:10:29.997Z", "eventType": "input.type", "fullPath": "/main.py", "details": {"fromA": 286, "toA": 286, "fromB": 286, "toB": 287, "inserted": ["n"]}}
{"dateTime": "2025-08-27T17:10:30.095Z", "eventType": "input.type", "fullPath": "/main.py", "details": {"fromA": 287, "toA": 287, "fromB": 287, "toB": 288, "inserted": ["t"]}}
{"dateTime": "2025-08-27T17:10:31.845Z", "eventType": "input.type", "fullPath": "/main.py", "details": {"fromA": 288, "toA": 288, "fromB": 288, "toB": 290, "inserted": ["()"]}}
{"dateTime": "2025-08-27T17:10:32.603Z", "eventType": "input.type", "fullPath": "/main.py", "details": {"fromA": 289, "toA": 289, "fromB": 289, "toB": 290, "inserted": ["r"]}}
{"dateTime": "2025-08-27T17:10:32.756Z", "eventType": "input.type", "fullPath": "/main.py", "details": {"fromA": 290, "toA": 290, "fromB": 290, "toB": 291, "inserted": ["o"]}}
{"dateTime": "2025-08-27T17:10:32.981Z", "eventType": "input.type", "fullPath": "/main.py", "details": {"fromA": 291, "toA": 291, "fromB": 291, "toB": 292, "inserted": ["u"]}}
{"dateTime": "2025-08-27T17:10:33.158Z", "eventType": "input.type", "fullPath": "/main.py", "details": {"fromA": 292, "toA": 292, "fromB": 292, "toB": 293, "inserted": ["n"]}}
{"dateTime": "2025-08-27T17:10:33.253Z", "eventType": "input.type", "fullPath": "/main.py", "details": {"fromA": 293, "toA": 293, "fromB": 293, "toB": 294, "inserted": ["d"]}}
{"dateTime": "2025-08-27T17:10:34.136Z", "eventType": "input.type", "fullPath": "/main.py", "details": {"fromA": 294, "toA": 294, "fromB": 294, "toB": 295, "inserted": [","]}}
{"dateTime": "2025-08-27T17:10:34.345Z", "eventType": "input.type", "fullPath": "/main.py", "details": {"fromA": 295, "toA": 295, "fromB": 295, "toB": 296, "inserted": [" "]}}
{"dateTime": "2025-08-27T17:10:34.573Z", "eventType": "input.type", "fullPath": "/main.py", "details": {"fromA": 296, "toA": 296, "fromB": 296, "toB": 297, "inserted": ["r"]}}
{"dateTime": "2025-08-27T17:10:34.795Z", "eventType": "input.type", "fullPath": "/main.py", "details": {"fromA": 297, "toA": 297, "fromB": 297, "toB": 298, "inserted": ["e"]}}
{"dateTime": "2025-08-27T17:10:35.041Z", "eventType": "input.type", "fullPath": "/main.py", "details": {"fromA": 298, "toA": 298, "fromB": 298, "toB": 299, "inserted": ["s"]}}
{"dateTime": "2025-08-27T17:10:35.260Z", "eventType": "delete.backward", "fullPath": "/main.py", "details": {"fromA": 298, "toA": 299, "fromB": 298, "toB": 298, "inserted": [""]}}
{"dateTime": "2025-08-27T17:10:35.421Z", "eventType": "delete.backward", "fullPath": "/main.py", "details": {"fromA": 297, "toA": 298, "fromB": 297, "toB": 297, "inserted": [""]}}
{"dateTime": "2025-08-27T17:10:35.596Z", "eventType": "delete.backward", "fullPath": "/main.py", "details": {"fromA": 296, "toA": 297, "fromB": 296, "toB": 296, "inserted": [""]}}
{"dateTime": "2025-08-27T17:10:35.801Z", "eventType": "delete.backward", "fullPath": "/main.py", "details": {"fromA": 295, "toA": 296, "fromB": 295, "toB": 295, "inserted": [""]}}
{"dateTime": "2025-08-27T17:10:36.517Z", "eventType": "input.type", "fullPath": "/main.py", "details": {"fromA": 295, "toA": 295, "fromB": 295, "toB": 296, "inserted": ["r"]}}
{"dateTime": "2025-08-27T17:10:36.733Z", "eventType": "input.type", "fullPath": "/main.py", "details": {"fromA": 296, "toA": 296, "fromB": 296, "toB": 297, "inserted": ["e"]}}
{"dateTime": "2025-08-27T17:10:36.930Z", "eventType": "input.type", "fullPath": "/main.py", "details": {"fromA": 297, "toA": 297, "fromB": 297, "toB": 298, "inserted": ["s"]}}
{"dateTime": "2025-08-27T17:10:37.072Z", "eventType": "input.type", "fullPath": "/main.py", "details": {"fromA": 298, "toA": 298, "fromB": 298, "toB": 299, "inserted": ["t"]}}
{"dateTime": "2025-08-27T17:10:37.458Z", "eventType": "input.type", "fullPath": "/main.py", "details": {"fromA": 299, "toA": 299, "fromB": 299, "toB": 300, "inserted": ["a"]}}
{"dateTime": "2025-08-27T17:10:37.475Z", "eventType": "input.type", "fullPath": "/main.py", "details": {"fromA": 300, "toA": 300, "fromB": 300, "toB": 301, "inserted": ["n"]}}
{"dateTime": "2025-08-27T17:10:37.788Z", "eventType": "input.type", "fullPath": "/main.py", "details": {"fromA": 301, "toA": 301, "fromB": 301, "toB": 302, "inserted": ["t"]}}
{"dateTime": "2025-08-27T17:10:37.885Z", "eventType": "input.type", "fullPath": "/main.py", "details": {"fromA": 302, "toA": 302, "fromB": 302, "toB": 303, "inserted": ["e"]}}
{"dateTime": "2025-08-27T17:10:38.098Z", "eventType": "input.type", "fullPath": "/main.py", "details": {"fromA": 303, "toA": 303, "fromB": 303, "toB": 304, "inserted": [" "]}}
{"dateTime": "2025-08-27T17:10:38.658Z", "eventType": "delete.backward", "fullPath": "/main.py", "details": {"fromA": 303, "toA": 304, "fromB": 303, "toB": 303, "inserted": [""]}}
{"dateTime": "2025-08-27T17:10:55.773Z", "eventType": "input.type", "fullPath": "/main.py", "details": {"fromA": 303, "toA": 303, "fromB": 303, "toB": 304, "inserted": [","]}}
{"dateTime": "2025-08-27T17:10:58.496Z", "eventType": "input.type", "fullPath": "/main.py", "details": {"fromA": 304, "toA": 304, "fromB": 304, "toB": 305, "inserted": [" "]}}
{"dateTime": "2025-08-27T17:10:58.662Z", "eventType": "input.type", "fullPath": "/main.py", "details": {"fromA": 305, "toA": 305, "fromB": 305, "toB": 306, "inserted": ["q"]}}
{"dateTime": "2025-08-27T17:10:59.491Z", "eventType": "delete.backward", "fullPath": "/main.py", "details": {"fromA": 305, "toA": 306, "fromB": 305, "toB": 305, "inserted": [""]}}
{"dateTime": "2025-08-27T17:10:59.726Z", "eventType": "input.type", "fullPath": "/main.py", "details": {"fromA": 305, "toA": 305, "fromB": 305, "toB": 306, "inserted": ["1"]}}
{"dateTime": "2025-08-27T17:11:09.962Z", "eventType": "select.pointer", "fullPath": "/main.py", "details": {"selection": {"from": 295, "to": 295}}}
{"dateTime": "2025-08-27T17:11:11.064Z", "eventType": "input.type", "fullPath": "/main.py", "details": {"fromA": 295, "toA": 295, "fromB": 295, "toB": 296, "inserted": ["("]}}
{"dateTime": "2025-08-27T17:11:12.242Z", "eventType": "select.pointer", "fullPath": "/main.py", "details": {"selection": {"from": 308, "to": 308}}}
{"dateTime": "2025-08-27T17:11:13.472Z", "eventType": "select.pointer", "fullPath": "/main.py", "details": {"selection": {"from": 307, "to": 307}}}
{"dateTime": "2025-08-27T17:11:14.450Z", "eventType": "delete.backward", "fullPath": "/main.py", "details": {"fromA": 306, "toA": 307, "fromB": 306, "toB": 306, "inserted": [""]}}
{"dateTime": "2025-08-27T17:11:14.776Z", "eventType": "delete.backward", "fullPath": "/main.py", "details": {"fromA": 305, "toA": 306, "fromB": 305, "toB": 305, "inserted": [""]}}
{"dateTime": "2025-08-27T17:11:14.968Z", "eventType": "delete.backward", "fullPath": "/main.py", "details": {"fromA": 304, "toA": 305, "fromB": 304, "toB": 304, "inserted": [""]}}
{"dateTime": "2025-08-27T17:11:15.170Z", "eventType": "delete.backward", "fullPath": "/main.py", "details": {"fromA": 303, "toA": 304, "fromB": 303, "toB": 303, "inserted": [""]}}
{"dateTime": "2025-08-27T17:11:15.362Z", "eventType": "delete.backward", "fullPath": "/main.py", "details": {"fromA": 302, "toA": 303, "fromB": 302, "toB": 302, "inserted": [""]}}
{"dateTime": "2025-08-27T17:11:15.522Z", "eventType": "delete.backward", "fullPath": "/main.py", "details": {"fromA": 301, "toA": 302, "fromB": 301, "toB": 301, "inserted": [""]}}
{"dateTime": "2025-08-27T17:11:15.678Z", "eventType": "delete.backward", "fullPath": "/main.py", "details": {"fromA": 300, "toA": 301, "fromB": 300, "toB": 300, "inserted": [""]}}
{"dateTime": "2025-08-27T17:11:15.847Z", "eventType": "delete.backward", "fullPath": "/main.py", "details": {"fromA": 299, "toA": 300, "fromB": 299, "toB": 299, "inserted": [""]}}
{"dateTime": "2025-08-27T17:11:16.020Z", "eventType": "delete.backward", "fullPath": "/main.py", "details": {"fromA": 298, "toA": 299, "fromB": 298, "toB": 298, "inserted": [""]}}
{"dateTime": "2025-08-27T17:11:16.194Z", "eventType": "delete.backward", "fullPath": "/main.py", "details": {"fromA": 297, "toA": 298, "fromB": 297, "toB": 297, "inserted": [""]}}
{"dateTime": "2025-08-27T17:11:16.375Z", "eventType": "delete.backward", "fullPath": "/main.py", "details": {"fromA": 296, "toA": 297, "fromB": 296, "toB": 296, "inserted": [""]}}
{"dateTime": "2025-08-27T17:11:16.539Z", "eventType": "delete.backward", "fullPath": "/main.py", "details": {"fromA": 295, "toA": 297, "fromB": 295, "toB": 295, "inserted": [""]}}
{"dateTime": "2025-08-27T17:11:20.379Z", "eventType": "delete.backward", "fullPath": "/main.py", "details": {"fromA": 294, "toA": 295, "fromB": 294, "toB": 294, "inserted": [""]}}
{"dateTime": "2025-08-27T17:11:21.419Z", "eventType": "input.type", "fullPath": "/main.py", "details": {"fromA": 294, "toA": 294, "fromB": 294, "toB": 296, "inserted": ["()"]}}
{"dateTime": "2025-08-27T17:11:21.775Z", "eventType": "input.type", "fullPath": "/main.py", "details": {"fromA": 295, "toA": 295, "fromB": 295, "toB": 296, "inserted": ["r"]}}
{"dateTime": "2025-08-27T17:11:21.930Z", "eventType": "input.type", "fullPath": "/main.py", "details": {"fromA": 296, "toA": 296, "fromB": 296, "toB": 297, "inserted": ["e"]}}
{"dateTime": "2025-08-27T17:11:21.939Z", "eventType": "input.type", "fullPath": "/main.py", "details": {"fromA": 297, "toA": 297, "fromB": 297, "toB": 298, "inserted": ["2"]}}
{"dateTime": "2025-08-27T17:11:22.154Z", "eventType": "input.type", "fullPath": "/main.py", "details": {"fromA": 298, "toA": 298, "fromB": 298, "toB": 299, "inserted": ["s"]}}
{"dateTime": "2025-08-27T17:11:23.262Z", "eventType": "delete.backward", "fullPath": "/main.py", "details": {"fromA": 298, "toA": 299, "fromB": 298, "toB": 298, "inserted": [""]}}
{"dateTime": "2025-08-27T17:11:23.404Z", "eventType": "delete.backward", "fullPath": "/main.py", "details": {"fromA": 297, "toA": 298, "fromB": 297, "toB": 297, "inserted": [""]}}
{"dateTime": "2025-08-27T17:11:23.624Z", "eventType": "input.type", "fullPath": "/main.py", "details": {"fromA": 297, "toA": 297, "fromB": 297, "toB": 298, "inserted": ["s"]}}
{"dateTime": "2025-08-27T17:11:23.855Z", "eventType": "input.type", "fullPath": "/main.py", "details": {"fromA": 298, "toA": 298, "fromB": 298, "toB": 299, "inserted": ["t"]}}
{"dateTime": "2025-08-27T17:11:24.023Z", "eventType": "input.type", "fullPath": "/main.py", "details": {"fromA": 299, "toA": 299, "fromB": 299, "toB": 300, "inserted": ["e"]}}
{"dateTime": "2025-08-27T17:11:24.137Z", "eventType": "input.type", "fullPath": "/main.py", "details": {"fromA": 300, "toA": 300, "fromB": 300, "toB": 301, "inserted": ["n"]}}
{"dateTime": "2025-08-27T17:11:24.375Z", "eventType": "input.type", "fullPath": "/main.py", "details": {"fromA": 301, "toA": 301, "fromB": 301, "toB": 302, "inserted": ["t"]}}
{"dateTime": "2025-08-27T17:11:24.694Z", "eventType": "input.type", "fullPath": "/main.py", "details": {"fromA": 302, "toA": 302, "fromB": 302, "toB": 303, "inserted": ["e"]}}
{"dateTime": "2025-08-27T17:11:25.770Z", "eventType": "input.type", "fullPath": "/main.py", "details": {"fromA": 303, "toA": 303, "fromB": 303, "toB": 304, "inserted": [","]}}
{"dateTime": "2025-08-27T17:11:26.690Z", "eventType": "input.type", "fullPath": "/main.py", "details": {"fromA": 304, "toA": 304, "fromB": 304, "toB": 305, "inserted": [" "]}}
{"dateTime": "2025-08-27T17:11:27.613Z", "eventType": "input.type", "fullPath": "/main.py", "details": {"fromA": 305, "toA": 305, "fromB": 305, "toB": 306, "inserted": ["1"]}}
{"dateTime": "2025-08-27T17:11:30.982Z", "eventType": "select.pointer", "fullPath": "/main.py", "details": {"selection": {"from": 301, "to": 301}}}
{"dateTime": "2025-08-27T17:11:32.531Z", "eventType": "select.pointer", "fullPath": "/main.py", "details": {"selection": {"from": 300, "to": 300}}}
{"dateTime": "2025-08-27T17:11:33.176Z", "eventType": "delete.backward", "fullPath": "/main.py", "details": {"fromA": 299, "toA": 300, "fromB": 299, "toB": 299, "inserted": [""]}}
