{"dateTime": "2025-08-28T20:05:03.593Z", "eventType": "input.type", "fullPath": "/main.py", "details": {"fromA": 173, "toA": 173, "fromB": 173, "toB": 174, "inserted": ["r"]}}
{"dateTime": "2025-08-28T20:05:03.803Z", "eventType": "input.type", "fullPath": "/main.py", "details": {"fromA": 174, "toA": 174, "fromB": 174, "toB": 175, "inserted": ["o"]}}
{"dateTime": "2025-08-28T20:05:04.034Z", "eventType": "input.type", "fullPath": "/main.py", "details": {"fromA": 175, "toA": 175, "fromB": 175, "toB": 176, "inserted": ["u"]}}
{"dateTime": "2025-08-28T20:05:04.621Z", "eventType": "input.type", "fullPath": "/main.py", "details": {"fromA": 176, "toA": 176, "fromB": 176, "toB": 177, "inserted": ["n"]}}
{"dateTime": "2025-08-28T20:05:04.847Z", "eventType": "input.type", "fullPath": "/main.py", "details": {"fromA": 177, "toA": 177, "fromB": 177, "toB": 178, "inserted": ["d"]}}
{"dateTime": "2025-08-28T20:05:05.645Z", "eventType": "input.type", "fullPath": "/main.py", "details": {"fromA": 178, "toA": 178, "fromB": 178, "toB": 180, "inserted": ["()"]}}
{"dateTime": "2025-08-28T20:05:06.986Z", "eventType": "input.type", "fullPath": "/main.py", "details": {"fromA": 179, "toA": 179, "fromB": 179, "toB": 180, "inserted": ["x"]}}
{"dateTime": "2025-08-28T20:05:08.121Z", "eventType": "input.type", "fullPath": "/main.py", "details": {"fromA": 180, "toA": 180, "fromB": 180, "toB": 181, "inserted": [","]}}
{"dateTime": "2025-08-28T20:05:08.350Z", "eventType": "input.type", "fullPath": "/main.py", "details": {"fromA": 181, "toA": 181, "fromB": 181, "toB": 182, "inserted": ["2"]}}
{"dateTime": "2025-08-28T20:05:09.816Z", "eventType": "blur", "fullPath": "/main.py"}
{"dateTime": "2025-08-28T20:05:09.821Z", "eventType": "focus", "fullPath": "/main.py"}
{"dateTime": "2025-08-28T20:05:09.827Z", "eventType": "select", "fullPath": "/main.py", "details": {"selection": {"from": 184, "to": 184}}}
{"dateTime": "2025-08-28T20:05:10.592Z", "eventType": "blur", "fullPath": "/main.py"}
{"dateTime": "2025-08-28T20:05:10.953Z", "eventType": "run", "details": {"commit": "a26621c1eac7ca3d2b48758a921a0d4ecb9b67d4"}}
{"dateTime": "2025-08-28T20:05:17.499Z", "eventType": "submission", "details": {"correctness": 1, "commit": "a26621c1eac7ca3d2b48758a921a0d4ecb9b67d4", "executionTime": 0.01}}
{"dateTime": "2025-08-28T20:05:26.177Z", "eventType": "focus", "fullPath": "/main.py"}
{"dateTime": "2025-08-28T20:05:26.178Z", "eventType": "select.pointer", "fullPath": "/main.py", "details": {"selection": {"from": 184, "to": 184}}}
{"dateTime": "2025-08-28T20:05:28.941Z", "eventType": "delete.backward", "fullPath": "/main.py", "details": {"fromA": 183, "toA": 184, "fromB": 183, "toB": 183, "inserted": [""]}}
{"dateTime": "2025-08-28T20:05:29.452Z", "eventType": "delete.backward", "fullPath": "/main.py", "details": {"fromA": 182, "toA": 183, "fromB": 182, "toB": 182, "inserted": [""]}}
{"dateTime": "2025-08-28T20:05:30.460Z", "eventType": "input.type", "fullPath": "/main.py", "details": {"fromA": 182, "toA": 182, "fromB": 182, "toB": 183, "inserted": ["0"]}}
{"dateTime": "2025-08-28T20:05:31.485Z", "eventType": "delete.backward", "fullPath": "/main.py", "details": {"fromA": 182, "toA": 183, "fromB": 182, "toB": 182, "inserted": [""]}}
{"dateTime": "2025-08-28T20:05:32.184Z", "eventType": "input.type", "fullPath": "/main.py", "details": {"fromA": 182, "toA": 182, "fromB": 182, "toB": 183, "inserted": [")"]}}
{"dateTime": "2025-08-28T20:05:34.521Z", "eventType": "blur", "fullPath": "/main.py"}
{"dateTime": "2025-08-28T20:05:34.821Z", "eventType": "run", "details": {"commit": "80c934f6ba38ab412ff24422614c69a1617162e4"}}
{"dateTime": "2025-08-28T20:05:35.657Z", "eventType": "run", "details": {"commit": "80c934f6ba38ab412ff24422614c69a1617162e4"}}
{"dateTime": "2025-08-28T20:05:36.452Z", "eventType": "focus", "fullPath": "/main.py"}
{"dateTime": "2025-08-28T20:05:36.453Z", "eventType": "select.pointer", "fullPath": "/main.py", "details": {"selection": {"from": 183, "to": 183}}}
{"dateTime": "2025-08-28T20:05:37.532Z", "eventType": "input.type", "fullPath": "/main.py", "details": {"fromA": 183, "toA": 183, "fromB": 183, "toB": 184, "inserted": ["0"]}}
{"dateTime": "2025-08-28T20:05:38.475Z", "eventType": "delete.backward", "fullPath": "/main.py", "details": {"fromA": 183, "toA": 184, "fromB": 183, "toB": 183, "inserted": [""]}}
{"dateTime": "2025-08-28T20:05:39.086Z", "eventType": "input.type", "fullPath": "/main.py", "details": {"fromA": 183, "toA": 183, "fromB": 183, "toB": 184, "inserted": ["0"]}}
{"dateTime": "2025-08-28T20:05:40.120Z", "eventType": "delete.backward", "fullPath": "/main.py", "details": {"fromA": 183, "toA": 184, "fromB": 183, "toB": 183, "inserted": [""]}}
{"dateTime": "2025-08-28T20:05:40.716Z", "eventType": "input.type", "fullPath": "/main.py", "details": {"fromA": 183, "toA": 183, "fromB": 183, "toB": 184, "inserted": [")"]}}
{"dateTime": "2025-08-28T20:05:42.272Z", "eventType": "blur", "fullPath": "/main.py"}
{"dateTime": "2025-08-28T20:05:42.543Z", "eventType": "run", "details": {"commit": "c2e6ad1681ae161ff742547b8877fa24314a98c6"}}
{"dateTime": "2025-08-28T20:05:58.214Z", "eventType": "submission", "details": {"correctness": 1, "commit": "c2e6ad1681ae161ff742547b8877fa24314a98c6", "executionTime": 0.01}}
{"dateTime": "2025-08-28T20:06:01.245Z", "eventType": "focus", "fullPath": "/main.py"}
{"dateTime": "2025-08-28T20:06:08.279Z", "eventType": "input.type", "fullPath": "/main.py", "details": {"fromA": 0, "toA": 0, "fromB": 0, "toB": 1, "inserted": ["a"]}}
{"dateTime": "2025-08-28T20:06:08.839Z", "eventType": "input.type", "fullPath": "/main.py", "details": {"fromA": 1, "toA": 1, "fromB": 1, "toB": 2, "inserted": ["="]}}
{"dateTime": "2025-08-28T20:06:09.943Z", "eventType": "input.type", "fullPath": "/main.py", "details": {"fromA": 2, "toA": 2, "fromB": 2, "toB": 3, "inserted": ["f"]}}
{"dateTime": "2025-08-28T20:06:10.058Z", "eventType": "input.type", "fullPath": "/main.py", "details": {"fromA": 3, "toA": 3, "fromB": 3, "toB": 4, "inserted": ["l"]}}
{"dateTime": "2025-08-28T20:06:10.201Z", "eventType": "input.type", "fullPath": "/main.py", "details": {"fromA": 4, "toA": 4, "fromB": 4, "toB": 5, "inserted": ["o"]}}
{"dateTime": "2025-08-28T20:06:10.296Z", "eventType": "input.type", "fullPath": "/main.py", "details": {"fromA": 5, "toA": 5, "fromB": 5, "toB": 6, "inserted": ["a"]}}
{"dateTime": "2025-08-28T20:06:10.631Z", "eventType": "input.type", "fullPath": "/main.py", "details": {"fromA": 6, "toA": 6, "fromB": 6, "toB": 7, "inserted": ["t"]}}
{"dateTime": "2025-08-28T20:06:11.799Z", "eventType": "input.type", "fullPath": "/main.py", "details": {"fromA": 7, "toA": 7, "fromB": 7, "toB": 9, "inserted": ["()"]}}
{"dateTime": "2025-08-28T20:06:12.855Z", "eventType": "input.type", "fullPath": "/main.py", "details": {"fromA": 8, "toA": 8, "fromB": 8, "toB": 9, "inserted": ["i"]}}
{"dateTime": "2025-08-28T20:06:13.152Z", "eventType": "input.type", "fullPath": "/main.py", "details": {"fromA": 9, "toA": 9, "fromB": 9, "toB": 10, "inserted": ["n"]}}
{"dateTime": "2025-08-28T20:06:13.480Z", "eventType": "input.type", "fullPath": "/main.py", "details": {"fromA": 10, "toA": 10, "fromB": 10, "toB": 11, "inserted": ["p"]}}
{"dateTime": "2025-08-28T20:06:13.769Z", "eventType": "input.type", "fullPath": "/main.py", "details": {"fromA": 11, "toA": 11, "fromB": 11, "toB": 12, "inserted": ["u"]}}
{"dateTime": "2025-08-28T20:06:14.119Z", "eventType": "input.type", "fullPath": "/main.py", "details": {"fromA": 12, "toA": 12, "fromB": 12, "toB": 13, "inserted": ["t"]}}
{"dateTime": "2025-08-28T20:06:16.658Z", "eventType": "input.complete", "fullPath": "/main.py", "details": {"fromA": 8, "toA": 13, "fromB": 8, "toB": 13, "inserted": ["input"]}}
{"dateTime": "2025-08-28T20:06:19.829Z", "eventType": "input.type", "fullPath": "/main.py", "details": {"fromA": 13, "toA": 13, "fromB": 13, "toB": 15, "inserted": ["()"]}}
{"dateTime": "2025-08-28T20:06:33.783Z", "eventType": "input.type", "fullPath": "/main.py", "details": {"fromA": 14, "toA": 14, "fromB": 14, "toB": 16, "inserted": ["\"\""]}}
{"dateTime": "2025-08-28T20:06:35.666Z", "eventType": "input.type", "fullPath": "/main.py", "details": {"fromA": 15, "toA": 15, "fromB": 15, "toB": 16, "inserted": ["d"]}}
{"dateTime": "2025-08-28T20:06:35.943Z", "eventType": "input.type", "fullPath": "/main.py", "details": {"fromA": 16, "toA": 16, "fromB": 16, "toB": 17, "inserted": ["i"]}}
{"dateTime": "2025-08-28T20:06:36.119Z", "eventType": "input.type", "fullPath": "/main.py", "details": {"fromA": 17, "toA": 17, "fromB": 17, "toB": 18, "inserted": ["g"]}}
{"dateTime": "2025-08-28T20:06:36.247Z", "eventType": "input.type", "fullPath": "/main.py", "details": {"fromA": 18, "toA": 18, "fromB": 18, "toB": 19, "inserted": ["i"]}}
{"dateTime": "2025-08-28T20:06:37.490Z", "eventType": "input.type", "fullPath": "/main.py", "details": {"fromA": 19, "toA": 19, "fromB": 19, "toB": 20, "inserted": ["t"]}}
{"dateTime": "2025-08-28T20:06:37.767Z", "eventType": "input.type", "fullPath": "/main.py", "details": {"fromA": 20, "toA": 20, "fromB": 20, "toB": 21, "inserted": ["e"]}}
{"dateTime": "2025-08-28T20:06:37.879Z", "eventType": "input.type", "fullPath": "/main.py", "details": {"fromA": 21, "toA": 21, "fromB": 21, "toB": 22, "inserted": [" "]}}
{"dateTime": "2025-08-28T20:06:38.087Z", "eventType": "input.type", "fullPath": "/main.py", "details": {"fromA": 22, "toA": 22, "fromB": 22, "toB": 23, "inserted": ["a"]}}
{"dateTime": "2025-08-28T20:06:38.231Z", "eventType": "input.type", "fullPath": "/main.py", "details": {"fromA": 23, "toA": 23, "fromB": 23, "toB": 24, "inserted": [" "]}}
{"dateTime": "2025-08-28T20:06:39.111Z", "eventType": "input.type", "fullPath": "/main.py", "details": {"fromA": 24, "toA": 24, "fromB": 24, "toB": 25, "inserted": ["n"]}}
{"dateTime": "2025-08-28T20:06:39.351Z", "eventType": "input.type", "fullPath": "/main.py", "details": {"fromA": 25, "toA": 25, "fromB": 25, "toB": 26, "inserted": ["o"]}}
{"dateTime": "2025-08-28T20:06:39.687Z", "eventType": "input.type", "fullPath": "/main.py", "details": {"fromA": 26, "toA": 26, "fromB": 26, "toB": 27, "inserted": ["t"]}}
{"dateTime": "2025-08-28T20:06:40.354Z", "eventType": "input.type", "fullPath": "/main.py", "details": {"fromA": 27, "toA": 27, "fromB": 27, "toB": 28, "inserted": ["a"]}}
{"dateTime": "2025-08-28T20:06:41.895Z", "eventType": "input.type", "fullPath": "/main.py", "details": {"fromA": 28, "toA": 28, "fromB": 28, "toB": 29, "inserted": [" "]}}
{"dateTime": "2025-08-28T20:06:42.310Z", "eventType": "input.type", "fullPath": "/main.py", "details": {"fromA": 29, "toA": 29, "fromB": 29, "toB": 30, "inserted": ["1"]}}
{"dateTime": "2025-08-28T20:06:43.815Z", "eventType": "input.type", "fullPath": "/main.py", "details": {"fromA": 30, "toA": 30, "fromB": 30, "toB": 31, "inserted": [":"]}}
{"dateTime": "2025-08-28T20:06:44.231Z", "eventType": "input.type", "fullPath": "/main.py", "details": {"fromA": 31, "toA": 31, "fromB": 31, "toB": 32, "inserted": [" "]}}
{"dateTime": "2025-08-28T20:06:46.121Z", "eventType": "blur", "fullPath": "/main.py"}
{"dateTime": "2025-08-28T20:06:46.122Z", "eventType": "focus", "fullPath": "/main.py"}
{"dateTime": "2025-08-28T20:06:46.123Z", "eventType": "select", "fullPath": "/main.py", "details": {"selection": {"from": 35, "to": 35}}}
{"dateTime": "2025-08-28T20:06:46.605Z", "eventType": "select.pointer", "fullPath": "/main.py", "details": {"selection": {"from": 35, "to": 35}}}
{"dateTime": "2025-08-28T20:06:46.739Z", "eventType": "select.pointer", "fullPath": "/main.py", "details": {"selection": {"from": 34, "to": 35}}}
{"dateTime": "2025-08-28T20:06:46.751Z", "eventType": "select.pointer", "fullPath": "/main.py", "details": {"selection": {"from": 30, "to": 35}}}
{"dateTime": "2025-08-28T20:06:46.784Z", "eventType": "select.pointer", "fullPath": "/main.py", "details": {"selection": {"from": 18, "to": 35}}}
{"dateTime": "2025-08-28T20:06:46.801Z", "eventType": "select.pointer", "fullPath": "/main.py", "details": {"selection": {"from": 11, "to": 35}}}
{"dateTime": "2025-08-28T20:06:46.818Z", "eventType": "select.pointer", "fullPath": "/main.py", "details": {"selection": {"from": 8, "to": 35}}}
{"dateTime": "2025-08-28T20:06:46.834Z", "eventType": "select.pointer", "fullPath": "/main.py", "details": {"selection": {"from": 0, "to": 35}}}
{"dateTime": "2025-08-28T20:06:47.995Z", "eventType": "blur", "fullPath": "/main.py"}
{"dateTime": "2025-08-28T20:06:48.517Z", "eventType": "focus", "fullPath": "/main.py"}
{"dateTime": "2025-08-28T20:06:48.520Z", "eventType": "select", "fullPath": "/main.py", "details": {"selection": {"from": 35, "to": 35}}}
{"dateTime": "2025-08-28T20:06:48.593Z", "eventType": "select.pointer", "fullPath": "/main.py", "details": {"selection": {"from": 35, "to": 35}}}
{"dateTime": "2025-08-28T20:06:49.399Z", "eventType": "input", "fullPath": "/main.py", "details": {"fromA": 35, "toA": 35, "fromB": 35, "toB": 36, "inserted": ["", ""]}}
{"dateTime": "2025-08-28T20:06:49.628Z", "eventType": "generic", "fullPath": "/main.py", "details": {"fromA": 36, "toA": 36, "fromB": 36, "toB": 71, "inserted": ["a=float(input(\"digite a nota 1: \"))"]}}
{"dateTime": "2025-08-28T20:06:50.055Z", "eventType": "input", "fullPath": "/main.py", "details": {"fromA": 71, "toA": 71, "fromB": 71, "toB": 72, "inserted": ["", ""]}}
{"dateTime": "2025-08-28T20:06:50.332Z", "eventType": "generic", "fullPath": "/main.py", "details": {"fromA": 72, "toA": 72, "fromB": 72, "toB": 107, "inserted": ["a=float(input(\"digite a nota 1: \"))"]}}
{"dateTime": "2025-08-28T20:06:51.303Z", "eventType": "input", "fullPath": "/main.py", "details": {"fromA": 107, "toA": 107, "fromB": 107, "toB": 108, "inserted": ["", ""]}}
{"dateTime": "2025-08-28T20:06:51.978Z", "eventType": "generic", "fullPath": "/main.py", "details": {"fromA": 108, "toA": 108, "fromB": 108, "toB": 143, "inserted": ["a=float(input(\"digite a nota 1: \"))"]}}
{"dateTime": "2025-08-28T20:06:56.635Z", "eventType": "select.pointer", "fullPath": "/main.py", "details": {"selection": {"from": 138, "to": 138}}}
{"dateTime": "2025-08-28T20:06:57.463Z", "eventType": "delete.backward", "fullPath": "/main.py", "details": {"fromA": 137, "toA": 138, "fromB": 137, "toB": 137, "inserted": [""]}}
{"dateTime": "2025-08-28T20:06:57.656Z", "eventType": "input.type", "fullPath": "/main.py", "details": {"fromA": 137, "toA": 137, "fromB": 137, "toB": 138, "inserted": ["4"]}}
{"dateTime": "2025-08-28T20:06:58.407Z", "eventType": "select", "fullPath": "/main.py", "details": {"selection": {"from": 102, "to": 102}}}
{"dateTime": "2025-08-28T20:06:59.159Z", "eventType": "delete.backward", "fullPath": "/main.py", "details": {"fromA": 101, "toA": 102, "fromB": 101, "toB": 101, "inserted": [""]}}
{"dateTime": "2025-08-28T20:06:59.591Z", "eventType": "input.type", "fullPath": "/main.py", "details": {"fromA": 101, "toA": 101, "fromB": 101, "toB": 102, "inserted": ["3"]}}
{"dateTime": "2025-08-28T20:07:00.409Z", "eventType": "select", "fullPath": "/main.py", "details": {"selection": {"from": 66, "to": 66}}}
{"dateTime": "2025-08-28T20:07:00.567Z", "eventType": "delete.backward", "fullPath": "/main.py", "details": {"fromA": 65, "toA": 66, "fromB": 65, "toB": 65, "inserted": [""]}}
{"dateTime": "2025-08-28T20:07:01.286Z", "eventType": "input.type", "fullPath": "/main.py", "details": {"fromA": 65, "toA": 65, "fromB": 65, "toB": 66, "inserted": ["2"]}}
{"dateTime": "2025-08-28T20:07:01.544Z", "eventType": "select", "fullPath": "/main.py", "details": {"selection": {"from": 30, "to": 30}}}
{"dateTime": "2025-08-28T20:07:02.785Z", "eventType": "select", "fullPath": "/main.py", "details": {"selection": {"from": 29, "to": 29}}}
{"dateTime": "2025-08-28T20:07:03.288Z", "eventType": "select", "fullPath": "/main.py", "details": {"selection": {"from": 28, "to": 28}}}
{"dateTime": "2025-08-28T20:07:03.336Z", "eventType": "select", "fullPath": "/main.py", "details": {"selection": {"from": 27, "to": 27}}}
{"dateTime": "2025-08-28T20:07:03.387Z", "eventType": "select", "fullPath": "/main.py", "details": {"selection": {"from": 26, "to": 26}}}
{"dateTime": "2025-08-28T20:07:03.438Z", "eventType": "select", "fullPath": "/main.py", "details": {"selection": {"from": 25, "to": 25}}}
{"dateTime": "2025-08-28T20:07:03.492Z", "eventType": "select", "fullPath": "/main.py", "details": {"selection": {"from": 24, "to": 24}}}
{"dateTime": "2025-08-28T20:07:03.542Z", "eventType": "select", "fullPath": "/main.py", "details": {"selection": {"from": 23, "to": 23}}}
{"dateTime": "2025-08-28T20:07:03.593Z", "eventType": "select", "fullPath": "/main.py", "details": {"selection": {"from": 22, "to": 22}}}
{"dateTime": "2025-08-28T20:07:03.644Z", "eventType": "select", "fullPath": "/main.py", "details": {"selection": {"from": 21, "to": 21}}}
{"dateTime": "2025-08-28T20:07:03.694Z", "eventType": "select", "fullPath": "/main.py", "details": {"selection": {"from": 20, "to": 20}}}
{"dateTime": "2025-08-28T20:07:03.745Z", "eventType": "select", "fullPath": "/main.py", "details": {"selection": {"from": 19, "to": 19}}}
{"dateTime": "2025-08-28T20:07:03.796Z", "eventType": "select", "fullPath": "/main.py", "details": {"selection": {"from": 18, "to": 18}}}
{"dateTime": "2025-08-28T20:07:03.846Z", "eventType": "select", "fullPath": "/main.py", "details": {"selection": {"from": 17, "to": 17}}}
{"dateTime": "2025-08-28T20:07:03.897Z", "eventType": "select", "fullPath": "/main.py", "details": {"selection": {"from": 16, "to": 16}}}
{"dateTime": "2025-08-28T20:07:03.947Z", "eventType": "select", "fullPath": "/main.py", "details": {"selection": {"from": 15, "to": 15}}}
{"dateTime": "2025-08-28T20:07:04.000Z", "eventType": "select", "fullPath": "/main.py", "details": {"selection": {"from": 14, "to": 14}}}
{"dateTime": "2025-08-28T20:07:04.047Z", "eventType": "select", "fullPath": "/main.py", "details": {"selection": {"from": 13, "to": 13}}}
{"dateTime": "2025-08-28T20:07:04.099Z", "eventType": "select", "fullPath": "/main.py", "details": {"selection": {"from": 12, "to": 12}}}
{"dateTime": "2025-08-28T20:07:04.148Z", "eventType": "select", "fullPath": "/main.py", "details": {"selection": {"from": 11, "to": 11}}}
{"dateTime": "2025-08-28T20:07:04.198Z", "eventType": "select", "fullPath": "/main.py", "details": {"selection": {"from": 10, "to": 10}}}
{"dateTime": "2025-08-28T20:07:04.250Z", "eventType": "select", "fullPath": "/main.py", "details": {"selection": {"from": 9, "to": 9}}}
{"dateTime": "2025-08-28T20:07:04.303Z", "eventType": "select", "fullPath": "/main.py", "details": {"selection": {"from": 8, "to": 8}}}
{"dateTime": "2025-08-28T20:07:04.351Z", "eventType": "select", "fullPath": "/main.py", "details": {"selection": {"from": 7, "to": 7}}}
{"dateTime": "2025-08-28T20:07:04.399Z", "eventType": "select", "fullPath": "/main.py", "details": {"selection": {"from": 6, "to": 6}}}
{"dateTime": "2025-08-28T20:07:04.449Z", "eventType": "select", "fullPath": "/main.py", "details": {"selection": {"from": 5, "to": 5}}}
{"dateTime": "2025-08-28T20:07:04.502Z", "eventType": "select", "fullPath": "/main.py", "details": {"selection": {"from": 4, "to": 4}}}
{"dateTime": "2025-08-28T20:07:04.552Z", "eventType": "select", "fullPath": "/main.py", "details": {"selection": {"from": 3, "to": 3}}}
{"dateTime": "2025-08-28T20:07:04.807Z", "eventType": "select", "fullPath": "/main.py", "details": {"selection": {"from": 39, "to": 39}}}
{"dateTime": "2025-08-28T20:07:05.124Z", "eventType": "select", "fullPath": "/main.py", "details": {"selection": {"from": 38, "to": 38}}}
{"dateTime": "2025-08-28T20:07:05.778Z", "eventType": "select", "fullPath": "/main.py", "details": {"selection": {"from": 37, "to": 37}}}
{"dateTime": "2025-08-28T20:07:06.551Z", "eventType": "delete.backward", "fullPath": "/main.py", "details": {"fromA": 36, "toA": 37, "fromB": 36, "toB": 36, "inserted": [""]}}
{"dateTime": "2025-08-28T20:07:07.432Z", "eventType": "input.type", "fullPath": "/main.py", "details": {"fromA": 36, "toA": 36, "fromB": 36, "toB": 37, "inserted": ["b"]}}
{"dateTime": "2025-08-28T20:07:07.605Z", "eventType": "select", "fullPath": "/main.py", "details": {"selection": {"from": 73, "to": 73}}}
{"dateTime": "2025-08-28T20:07:08.469Z", "eventType": "delete.backward", "fullPath": "/main.py", "details": {"fromA": 72, "toA": 73, "fromB": 72, "toB": 72, "inserted": [""]}}
{"dateTime": "2025-08-28T20:07:09.122Z", "eventType": "input.type", "fullPath": "/main.py", "details": {"fromA": 72, "toA": 72, "fromB": 72, "toB": 73, "inserted": ["c"]}}
{"dateTime": "2025-08-28T20:07:12.379Z", "eventType": "blur", "fullPath": "/main.py"}
{"dateTime": "2025-08-28T20:07:12.383Z", "eventType": "focus", "fullPath": "/main.py"}
{"dateTime": "2025-08-28T20:07:12.384Z", "eventType": "select", "fullPath": "/main.py", "details": {"selection": {"from": 143, "to": 143}}}
{"dateTime": "2025-08-28T20:07:13.666Z", "eventType": "select.pointer", "fullPath": "/main.py", "details": {"selection": {"from": 109, "to": 109}}}
{"dateTime": "2025-08-28T20:07:15.431Z", "eventType": "input.type", "fullPath": "/main.py", "details": {"fromA": 109, "toA": 109, "fromB": 109, "toB": 110, "inserted": ["d"]}}
{"dateTime": "2025-08-28T20:07:16.067Z", "eventType": "delete.backward", "fullPath": "/main.py", "details": {"fromA": 109, "toA": 110, "fromB": 109, "toB": 109, "inserted": [""]}}
{"dateTime": "2025-08-28T20:07:16.163Z", "eventType": "delete.backward", "fullPath": "/main.py", "details": {"fromA": 108, "toA": 109, "fromB": 108, "toB": 108, "inserted": [""]}}
{"dateTime": "2025-08-28T20:07:16.279Z", "eventType": "input.type", "fullPath": "/main.py", "details": {"fromA": 108, "toA": 108, "fromB": 108, "toB": 109, "inserted": ["d"]}}
{"dateTime": "2025-08-28T20:07:17.147Z", "eventType": "blur", "fullPath": "/main.py"}
{"dateTime": "2025-08-28T20:07:17.151Z", "eventType": "focus", "fullPath": "/main.py"}
{"dateTime": "2025-08-28T20:07:17.153Z", "eventType": "select", "fullPath": "/main.py", "details": {"selection": {"from": 143, "to": 143}}}
{"dateTime": "2025-08-28T20:07:21.341Z", "eventType": "select.pointer", "fullPath": "/main.py", "details": {"selection": {"from": 143, "to": 143}}}
{"dateTime": "2025-08-28T20:07:21.959Z", "eventType": "input", "fullPath": "/main.py", "details": {"fromA": 143, "toA": 143, "fromB": 143, "toB": 144, "inserted": ["", ""]}}
{"dateTime": "2025-08-28T20:07:23.671Z", "eventType": "input", "fullPath": "/main.py", "details": {"fromA": 144, "toA": 144, "fromB": 144, "toB": 145, "inserted": ["", ""]}}
{"dateTime": "2025-08-28T20:07:24.183Z", "eventType": "input.type", "fullPath": "/main.py", "details": {"fromA": 145, "toA": 145, "fromB": 145, "toB": 146, "inserted": ["x"]}}
{"dateTime": "2025-08-28T20:07:24.999Z", "eventType": "input.type", "fullPath": "/main.py", "details": {"fromA": 146, "toA": 146, "fromB": 146, "toB": 147, "inserted": ["="]}}
{"dateTime": "2025-08-28T20:07:26.311Z", "eventType": "input.type", "fullPath": "/main.py", "details": {"fromA": 147, "toA": 147, "fromB": 147, "toB": 149, "inserted": ["()"]}}
{"dateTime": "2025-08-28T20:07:27.160Z", "eventType": "input.type", "fullPath": "/main.py", "details": {"fromA": 148, "toA": 148, "fromB": 148, "toB": 149, "inserted": ["a"]}}
{"dateTime": "2025-08-28T20:07:27.672Z", "eventType": "input.type", "fullPath": "/main.py", "details": {"fromA": 149, "toA": 149, "fromB": 149, "toB": 150, "inserted": ["+"]}}
{"dateTime": "2025-08-28T20:07:29.333Z", "eventType": "input.type", "fullPath": "/main.py", "details": {"fromA": 150, "toA": 150, "fromB": 150, "toB": 151, "inserted": ["b"]}}
{"dateTime": "2025-08-28T20:07:29.736Z", "eventType": "input.type", "fullPath": "/main.py", "details": {"fromA": 151, "toA": 151, "fromB": 151, "toB": 152, "inserted": ["*"]}}
{"dateTime": "2025-08-28T20:07:31.400Z", "eventType": "input.type", "fullPath": "/main.py", "details": {"fromA": 152, "toA": 152, "fromB": 152, "toB": 153, "inserted": ["2"]}}
{"dateTime": "2025-08-28T20:07:31.672Z", "eventType": "input.type", "fullPath": "/main.py", "details": {"fromA": 153, "toA": 153, "fromB": 153, "toB": 154, "inserted": ["+"]}}
{"dateTime": "2025-08-28T20:07:35.080Z", "eventType": "input.type", "fullPath": "/main.py", "details": {"fromA": 154, "toA": 154, "fromB": 154, "toB": 155, "inserted": ["c"]}}
{"dateTime": "2025-08-28T20:07:37.011Z", "eventType": "input.type", "fullPath": "/main.py", "details": {"fromA": 155, "toA": 155, "fromB": 155, "toB": 156, "inserted": ["*"]}}
{"dateTime": "2025-08-28T20:07:38.258Z", "eventType": "input.type", "fullPath": "/main.py", "details": {"fromA": 156, "toA": 156, "fromB": 156, "toB": 157, "inserted": ["3"]}}
{"dateTime": "2025-08-28T20:07:38.519Z", "eventType": "input.type", "fullPath": "/main.py", "details": {"fromA": 157, "toA": 157, "fromB": 157, "toB": 158, "inserted": ["+"]}}
{"dateTime": "2025-08-28T20:07:38.952Z", "eventType": "input.type", "fullPath": "/main.py", "details": {"fromA": 158, "toA": 158, "fromB": 158, "toB": 159, "inserted": ["d"]}}
{"dateTime": "2025-08-28T20:07:40.210Z", "eventType": "input.type", "fullPath": "/main.py", "details": {"fromA": 159, "toA": 159, "fromB": 159, "toB": 160, "inserted": ["*"]}}
{"dateTime": "2025-08-28T20:07:42.856Z", "eventType": "input.type", "fullPath": "/main.py", "details": {"fromA": 160, "toA": 160, "fromB": 160, "toB": 161, "inserted": ["4"]}}
{"dateTime": "2025-08-28T20:07:45.812Z", "eventType": "select", "fullPath": "/main.py", "details": {"selection": {"from": 162, "to": 162}}}
{"dateTime": "2025-08-28T20:07:46.071Z", "eventType": "input.type", "fullPath": "/main.py", "details": {"fromA": 162, "toA": 162, "fromB": 162, "toB": 163, "inserted": ["/"]}}
{"dateTime": "2025-08-28T20:07:46.472Z", "eventType": "input.type", "fullPath": "/main.py", "details": {"fromA": 163, "toA": 163, "fromB": 163, "toB": 164, "inserted": ["1"]}}
{"dateTime": "2025-08-28T20:07:46.594Z", "eventType": "input.type", "fullPath": "/main.py", "details": {"fromA": 164, "toA": 164, "fromB": 164, "toB": 165, "inserted": ["0"]}}
{"dateTime": "2025-08-28T20:07:48.007Z", "eventType": "input", "fullPath": "/main.py", "details": {"fromA": 165, "toA": 165, "fromB": 165, "toB": 166, "inserted": ["", ""]}}
{"dateTime": "2025-08-28T20:07:48.182Z", "eventType": "input", "fullPath": "/main.py", "details": {"fromA": 166, "toA": 166, "fromB": 166, "toB": 167, "inserted": ["", ""]}}
{"dateTime": "2025-08-28T20:07:49.703Z", "eventType": "input.type", "fullPath": "/main.py", "details": {"fromA": 167, "toA": 167, "fromB": 167, "toB": 168, "inserted": ["p"]}}
{"dateTime": "2025-08-28T20:07:49.947Z", "eventType": "input.type", "fullPath": "/main.py", "details": {"fromA": 168, "toA": 168, "fromB": 168, "toB": 169, "inserted": ["r"]}}
{"dateTime": "2025-08-28T20:07:50.187Z", "eventType": "input.type", "fullPath": "/main.py", "details": {"fromA": 169, "toA": 169, "fromB": 169, "toB": 170, "inserted": ["i"]}}
{"dateTime": "2025-08-28T20:07:50.416Z", "eventType": "input.type", "fullPath": "/main.py", "details": {"fromA": 170, "toA": 170, "fromB": 170, "toB": 171, "inserted": ["n"]}}
{"dateTime": "2025-08-28T20:07:50.823Z", "eventType": "input.type", "fullPath": "/main.py", "details": {"fromA": 171, "toA": 171, "fromB": 171, "toB": 172, "inserted": ["t"]}}
{"dateTime": "2025-08-28T20:07:53.032Z", "eventType": "input.type", "fullPath": "/main.py", "details": {"fromA": 172, "toA": 172, "fromB": 172, "toB": 174, "inserted": ["()"]}}
{"dateTime": "2025-08-28T20:07:53.991Z", "eventType": "input.type", "fullPath": "/main.py", "details": {"fromA": 173, "toA": 173, "fromB": 173, "toB": 174, "inserted": ["r"]}}
{"dateTime": "2025-08-28T20:07:54.179Z", "eventType": "input.type", "fullPath": "/main.py", "details": {"fromA": 174, "toA": 174, "fromB": 174, "toB": 175, "inserted": ["o"]}}
{"dateTime": "2025-08-28T20:07:54.395Z", "eventType": "input.type", "fullPath": "/main.py", "details": {"fromA": 175, "toA": 175, "fromB": 175, "toB": 176, "inserted": ["u"]}}
{"dateTime": "2025-08-28T20:07:54.631Z", "eventType": "input.type", "fullPath": "/main.py", "details": {"fromA": 176, "toA": 176, "fromB": 176, "toB": 177, "inserted": ["n"]}}
{"dateTime": "2025-08-28T20:07:54.825Z", "eventType": "input.type", "fullPath": "/main.py", "details": {"fromA": 177, "toA": 177, "fromB": 177, "toB": 178, "inserted": ["d"]}}
{"dateTime": "2025-08-28T20:07:55.238Z", "eventType": "input.type", "fullPath": "/main.py", "details": {"fromA": 178, "toA": 178, "fromB": 178, "toB": 179, "inserted": ["s"]}}
{"dateTime": "2025-08-28T20:07:55.751Z", "eventType": "delete.backward", "fullPath": "/main.py", "details": {"fromA": 178, "toA": 179, "fromB": 178, "toB": 178, "inserted": [""]}}
{"dateTime": "2025-08-28T20:07:57.814Z", "eventType": "delete.backward", "fullPath": "/main.py", "details": {"fromA": 177, "toA": 178, "fromB": 177, "toB": 177, "inserted": [""]}}
{"dateTime": "2025-08-28T20:07:57.991Z", "eventType": "delete.backward", "fullPath": "/main.py", "details": {"fromA": 176, "toA": 177, "fromB": 176, "toB": 176, "inserted": [""]}}
{"dateTime": "2025-08-28T20:07:58.151Z", "eventType": "delete.backward", "fullPath": "/main.py", "details": {"fromA": 175, "toA": 176, "fromB": 175, "toB": 175, "inserted": [""]}}
{"dateTime": "2025-08-28T20:07:58.343Z", "eventType": "delete.backward", "fullPath": "/main.py", "details": {"fromA": 174, "toA": 175, "fromB": 174, "toB": 174, "inserted": [""]}}
{"dateTime": "2025-08-28T20:07:59.238Z", "eventType": "delete.backward", "fullPath": "/main.py", "details": {"fromA": 173, "toA": 174, "fromB": 173, "toB": 173, "inserted": [""]}}
