{"dateTime": "2025-08-28T00:05:24.277Z", "eventType": "submission", "details": {"correctness": 0, "commit": "d5b1d7ee1adeccb03d4ff95b3b1732d5984c9cde", "executionTime": 0.01}}
{"dateTime": "2025-08-28T00:06:08.870Z", "eventType": "blur", "fullPath": "/main.py"}
{"dateTime": "2025-08-28T00:06:18.846Z", "eventType": "focus", "fullPath": "/main.py"}
{"dateTime": "2025-08-28T00:06:18.848Z", "eventType": "select.pointer", "fullPath": "/main.py", "details": {"selection": {"from": 46, "to": 46}}}
{"dateTime": "2025-08-28T00:06:20.823Z", "eventType": "input.type", "fullPath": "/main.py", "details": {"fromA": 46, "toA": 46, "fromB": 46, "toB": 47, "inserted": ["2"]}}
{"dateTime": "2025-08-28T00:06:21.447Z", "eventType": "input.type", "fullPath": "/main.py", "details": {"fromA": 47, "toA": 47, "fromB": 47, "toB": 48, "inserted": ["0"]}}
{"dateTime": "2025-08-28T00:06:23.543Z", "eventType": "delete.backward", "fullPath": "/main.py", "details": {"fromA": 47, "toA": 48, "fromB": 47, "toB": 47, "inserted": [""]}}
{"dateTime": "2025-08-28T00:06:23.878Z", "eventType": "delete.backward", "fullPath": "/main.py", "details": {"fromA": 46, "toA": 47, "fromB": 46, "toB": 46, "inserted": [""]}}
{"dateTime": "2025-08-28T00:06:28.130Z", "eventType": "input.type", "fullPath": "/main.py", "details": {"fromA": 46, "toA": 46, "fromB": 46, "toB": 47, "inserted": ["2"]}}
{"dateTime": "2025-08-28T00:06:28.279Z", "eventType": "input.type", "fullPath": "/main.py", "details": {"fromA": 47, "toA": 47, "fromB": 47, "toB": 48, "inserted": ["0"]}}
{"dateTime": "2025-08-28T00:06:31.127Z", "eventType": "input.type", "fullPath": "/main.py", "details": {"fromA": 48, "toA": 48, "fromB": 48, "toB": 49, "inserted": [" "]}}
{"dateTime": "2025-08-28T00:06:32.231Z", "eventType": "input.type", "fullPath": "/main.py", "details": {"fromA": 49, "toA": 49, "fromB": 49, "toB": 50, "inserted": ["*"]}}
{"dateTime": "2025-08-28T00:06:32.441Z", "eventType": "input.type", "fullPath": "/main.py", "details": {"fromA": 50, "toA": 50, "fromB": 50, "toB": 51, "inserted": ["*"]}}
{"dateTime": "2025-08-28T00:06:33.063Z", "eventType": "input.type", "fullPath": "/main.py", "details": {"fromA": 51, "toA": 51, "fromB": 51, "toB": 52, "inserted": [" "]}}
{"dateTime": "2025-08-28T00:06:33.655Z", "eventType": "input.type", "fullPath": "/main.py", "details": {"fromA": 52, "toA": 52, "fromB": 52, "toB": 53, "inserted": ["2"]}}
{"dateTime": "2025-08-28T00:06:36.098Z", "eventType": "blur", "fullPath": "/main.py"}
{"dateTime": "2025-08-28T00:06:36.663Z", "eventType": "submission", "details": {"correctness": 0, "commit": "4bae070847b115b895b4b94e136faec9748d3076", "executionTime": 0.01}}
{"dateTime": "2025-08-28T00:06:39.209Z", "eventType": "submission", "details": {"correctness": 0, "commit": "4bae070847b115b895b4b94e136faec9748d3076", "executionTime": 0.01}}
{"dateTime": "2025-08-28T00:06:41.996Z", "eventType": "focus", "fullPath": "/main.py"}
{"dateTime": "2025-08-28T00:06:42.002Z", "eventType": "select.pointer", "fullPath": "/main.py", "details": {"selection": {"from": 53, "to": 53}}}
{"dateTime": "2025-08-28T00:06:43.174Z", "eventType": "delete.backward", "fullPath": "/main.py", "details": {"fromA": 52, "toA": 53, "fromB": 52, "toB": 52, "inserted": [""]}}
{"dateTime": "2025-08-28T00:06:43.368Z", "eventType": "delete.backward", "fullPath": "/main.py", "details": {"fromA": 51, "toA": 52, "fromB": 51, "toB": 51, "inserted": [""]}}
{"dateTime": "2025-08-28T00:06:43.527Z", "eventType": "delete.backward", "fullPath": "/main.py", "details": {"fromA": 50, "toA": 51, "fromB": 50, "toB": 50, "inserted": [""]}}
{"dateTime": "2025-08-28T00:06:43.701Z", "eventType": "delete.backward", "fullPath": "/main.py", "details": {"fromA": 49, "toA": 50, "fromB": 49, "toB": 49, "inserted": [""]}}
{"dateTime": "2025-08-28T00:06:43.862Z", "eventType": "delete.backward", "fullPath": "/main.py", "details": {"fromA": 48, "toA": 49, "fromB": 48, "toB": 48, "inserted": [""]}}
{"dateTime": "2025-08-28T00:06:44.422Z", "eventType": "delete.backward", "fullPath": "/main.py", "details": {"fromA": 47, "toA": 48, "fromB": 47, "toB": 47, "inserted": [""]}}
{"dateTime": "2025-08-28T00:06:44.789Z", "eventType": "delete.backward", "fullPath": "/main.py", "details": {"fromA": 46, "toA": 47, "fromB": 46, "toB": 46, "inserted": [""]}}
{"dateTime": "2025-08-28T00:08:04.070Z", "eventType": "select.pointer", "fullPath": "/main.py", "details": {"selection": {"from": 43, "to": 43}}}
{"dateTime": "2025-08-28T00:08:04.118Z", "eventType": "select.pointer", "fullPath": "/main.py", "details": {"selection": {"from": 23, "to": 43}}}
{"dateTime": "2025-08-28T00:08:04.134Z", "eventType": "select.pointer", "fullPath": "/main.py", "details": {"selection": {"from": 21, "to": 43}}}
{"dateTime": "2025-08-28T00:08:06.286Z", "eventType": "select.pointer", "fullPath": "/main.py", "details": {"selection": {"from": 20, "to": 20}}}
{"dateTime": "2025-08-28T00:08:08.209Z", "eventType": "input.type", "fullPath": "/main.py", "details": {"fromA": 20, "toA": 20, "fromB": 20, "toB": 21, "inserted": ["2"]}}
{"dateTime": "2025-08-28T00:08:09.734Z", "eventType": "input.type", "fullPath": "/main.py", "details": {"fromA": 21, "toA": 21, "fromB": 21, "toB": 22, "inserted": [" "]}}
{"dateTime": "2025-08-28T00:08:10.742Z", "eventType": "input.type", "fullPath": "/main.py", "details": {"fromA": 22, "toA": 22, "fromB": 22, "toB": 23, "inserted": ["*"]}}
{"dateTime": "2025-08-28T00:08:11.526Z", "eventType": "input.type", "fullPath": "/main.py", "details": {"fromA": 23, "toA": 23, "fromB": 23, "toB": 24, "inserted": [" "]}}
{"dateTime": "2025-08-28T00:08:12.726Z", "eventType": "input.type", "fullPath": "/main.py", "details": {"fromA": 24, "toA": 24, "fromB": 24, "toB": 25, "inserted": ["2"]}}
{"dateTime": "2025-08-28T00:08:14.230Z", "eventType": "input.type", "fullPath": "/main.py", "details": {"fromA": 25, "toA": 25, "fromB": 25, "toB": 26, "inserted": ["6"]}}
{"dateTime": "2025-08-28T00:08:16.777Z", "eventType": "blur", "fullPath": "/main.py"}
{"dateTime": "2025-08-28T00:08:17.310Z", "eventType": "submission", "details": {"correctness": 0, "commit": "28ddac82df2d3f811b035e27804f864af01825cd", "executionTime": 0.01}}
{"dateTime": "2025-08-28T00:08:21.884Z", "eventType": "focus", "fullPath": "/main.py"}
{"dateTime": "2025-08-28T00:08:21.887Z", "eventType": "select.pointer", "fullPath": "/main.py", "details": {"selection": {"from": 22, "to": 22}}}
{"dateTime": "2025-08-28T00:08:23.777Z", "eventType": "input.type", "fullPath": "/main.py", "details": {"fromA": 22, "toA": 22, "fromB": 22, "toB": 23, "inserted": ["*"]}}
{"dateTime": "2025-08-28T00:08:26.577Z", "eventType": "blur", "fullPath": "/main.py"}
{"dateTime": "2025-08-28T00:08:27.059Z", "eventType": "submission", "details": {"correctness": 0, "commit": "eb765dd39c37ce86f65147282663a005ae1a9e0d", "executionTime": 0.01}}
{"dateTime": "2025-08-28T00:08:29.309Z", "eventType": "focus", "fullPath": "/main.py"}
{"dateTime": "2025-08-28T00:08:29.311Z", "eventType": "select.pointer", "fullPath": "/main.py", "details": {"selection": {"from": 27, "to": 27}}}
{"dateTime": "2025-08-28T00:08:29.373Z", "eventType": "select.pointer", "fullPath": "/main.py", "details": {"selection": {"from": 27, "to": 28}}}
{"dateTime": "2025-08-28T00:08:30.189Z", "eventType": "select.pointer", "fullPath": "/main.py", "details": {"selection": {"from": 27, "to": 27}}}
{"dateTime": "2025-08-28T00:08:30.218Z", "eventType": "select.pointer", "fullPath": "/main.py", "details": {"selection": {"from": 27, "to": 28}}}
{"dateTime": "2025-08-28T00:08:30.251Z", "eventType": "select.pointer", "fullPath": "/main.py", "details": {"selection": {"from": 27, "to": 29}}}
{"dateTime": "2025-08-28T00:08:32.926Z", "eventType": "select.pointer", "fullPath": "/main.py", "details": {"selection": {"from": 27, "to": 27}}}
{"dateTime": "2025-08-28T00:08:33.470Z", "eventType": "select.pointer", "fullPath": "/main.py", "details": {"selection": {"from": 27, "to": 27}}}
{"dateTime": "2025-08-28T00:08:34.822Z", "eventType": "delete.backward", "fullPath": "/main.py", "details": {"fromA": 26, "toA": 27, "fromB": 26, "toB": 26, "inserted": [""]}}
{"dateTime": "2025-08-28T00:08:34.982Z", "eventType": "delete.backward", "fullPath": "/main.py", "details": {"fromA": 25, "toA": 26, "fromB": 25, "toB": 25, "inserted": [""]}}
{"dateTime": "2025-08-28T00:08:35.143Z", "eventType": "delete.backward", "fullPath": "/main.py", "details": {"fromA": 24, "toA": 25, "fromB": 24, "toB": 24, "inserted": [""]}}
{"dateTime": "2025-08-28T00:08:35.311Z", "eventType": "delete.backward", "fullPath": "/main.py", "details": {"fromA": 23, "toA": 24, "fromB": 23, "toB": 23, "inserted": [""]}}
{"dateTime": "2025-08-28T00:08:35.430Z", "eventType": "delete.backward", "fullPath": "/main.py", "details": {"fromA": 22, "toA": 23, "fromB": 22, "toB": 22, "inserted": [""]}}
{"dateTime": "2025-08-28T00:08:35.592Z", "eventType": "delete.backward", "fullPath": "/main.py", "details": {"fromA": 21, "toA": 22, "fromB": 21, "toB": 21, "inserted": [""]}}
{"dateTime": "2025-08-28T00:08:35.962Z", "eventType": "delete.backward", "fullPath": "/main.py", "details": {"fromA": 20, "toA": 21, "fromB": 20, "toB": 20, "inserted": [""]}}
