{"dateTime": "2025-08-19T12:07:07.819Z", "eventType": "window.blur", "fullPath": "/main.py"}
{"dateTime": "2025-08-19T12:07:16.590Z", "eventType": "window.focus", "fullPath": "/main.py"}
{"dateTime": "2025-08-19T12:07:25.013Z", "eventType": "window.blur", "fullPath": "/main.py"}
{"dateTime": "2025-08-19T12:09:56.526Z", "eventType": "window.focus", "fullPath": "/main.py"}
{"dateTime": "2025-08-19T12:09:57.075Z", "eventType": "window.blur", "fullPath": "/main.py"}
{"dateTime": "2025-08-19T12:18:42.549Z", "eventType": "window.focus", "fullPath": "/main.py"}
{"dateTime": "2025-08-21T12:15:37.599Z", "eventType": "window.blur", "fullPath": "/main.py"}
{"dateTime": "2025-08-21T12:16:12.114Z", "eventType": "window.focus", "fullPath": "/main.py"}
{"dateTime": "2025-08-21T12:16:18.108Z", "eventType": "window.blur", "fullPath": "/main.py"}
{"dateTime": "2025-08-21T12:16:22.010Z", "eventType": "window.blur", "fullPath": "/main.py"}
{"dateTime": "2025-08-21T12:16:28.846Z", "eventType": "select.pointer", "fullPath": "/main.py", "details": {"selection": {"from": 8, "to": 8}}}
{"dateTime": "2025-08-21T12:16:29.002Z", "eventType": "select.pointer", "fullPath": "/main.py", "details": {"selection": {"from": 8, "to": 13}}}
{"dateTime": "2025-08-21T12:16:29.901Z", "eventType": "select.pointer", "fullPath": "/main.py", "details": {"selection": {"from": 13, "to": 13}}}
{"dateTime": "2025-08-21T12:16:30.095Z", "eventType": "select.pointer", "fullPath": "/main.py", "details": {"selection": {"from": 11, "to": 13}}}
{"dateTime": "2025-08-21T12:16:30.487Z", "eventType": "select.pointer", "fullPath": "/main.py", "details": {"selection": {"from": 0, "to": 13}}}
{"dateTime": "2025-08-21T12:16:30.652Z", "eventType": "select.pointer", "fullPath": "/main.py", "details": {"selection": {"from": 0, "to": 13}}}
{"dateTime": "2025-08-21T12:16:31.085Z", "eventType": "select.pointer", "fullPath": "/main.py", "details": {"selection": {"from": 0, "to": 13}}}
{"dateTime": "2025-08-21T12:16:31.702Z", "eventType": "select.pointer", "fullPath": "/main.py", "details": {"selection": {"from": 13, "to": 13}}}
{"dateTime": "2025-08-21T12:16:32.341Z", "eventType": "select.pointer", "fullPath": "/main.py", "details": {"selection": {"from": 11, "to": 13}}}
{"dateTime": "2025-08-21T12:16:32.973Z", "eventType": "select.pointer", "fullPath": "/main.py", "details": {"selection": {"from": 13, "to": 13}}}
{"dateTime": "2025-08-21T12:16:33.386Z", "eventType": "select.pointer", "fullPath": "/main.py", "details": {"selection": {"from": 12, "to": 13}}}
{"dateTime": "2025-08-21T12:16:33.418Z", "eventType": "select.pointer", "fullPath": "/main.py", "details": {"selection": {"from": 11, "to": 13}}}
{"dateTime": "2025-08-21T12:16:33.435Z", "eventType": "select.pointer", "fullPath": "/main.py", "details": {"selection": {"from": 9, "to": 13}}}
{"dateTime": "2025-08-21T12:16:33.441Z", "eventType": "window.focus", "fullPath": "/main.py"}
{"dateTime": "2025-08-21T12:16:33.450Z", "eventType": "select.pointer", "fullPath": "/main.py", "details": {"selection": {"from": 8, "to": 13}}}
{"dateTime": "2025-08-21T12:16:33.468Z", "eventType": "select.pointer", "fullPath": "/main.py", "details": {"selection": {"from": 7, "to": 13}}}
{"dateTime": "2025-08-21T12:16:33.502Z", "eventType": "select.pointer", "fullPath": "/main.py", "details": {"selection": {"from": 6, "to": 13}}}
{"dateTime": "2025-08-21T12:16:33.518Z", "eventType": "select.pointer", "fullPath": "/main.py", "details": {"selection": {"from": 13, "to": 13}}}
{"dateTime": "2025-08-21T12:16:34.195Z", "eventType": "focus", "fullPath": "/main.py"}
{"dateTime": "2025-08-21T12:16:34.198Z", "eventType": "select.pointer", "fullPath": "/main.py", "details": {"selection": {"from": 0, "to": 0}}}
{"dateTime": "2025-08-21T12:16:34.327Z", "eventType": "delete.backward", "fullPath": "/main.py", "details": {"fromA": 12, "toA": 13, "fromB": 12, "toB": 12, "inserted": [""]}}
{"dateTime": "2025-08-21T12:16:34.826Z", "eventType": "delete.backward", "fullPath": "/main.py", "details": {"fromA": 11, "toA": 12, "fromB": 11, "toB": 11, "inserted": [""]}}
{"dateTime": "2025-08-21T12:16:34.875Z", "eventType": "delete.backward", "fullPath": "/main.py", "details": {"fromA": 10, "toA": 11, "fromB": 10, "toB": 10, "inserted": [""]}}
{"dateTime": "2025-08-21T12:16:34.926Z", "eventType": "delete.backward", "fullPath": "/main.py", "details": {"fromA": 9, "toA": 10, "fromB": 9, "toB": 9, "inserted": [""]}}
{"dateTime": "2025-08-21T12:16:34.975Z", "eventType": "delete.backward", "fullPath": "/main.py", "details": {"fromA": 8, "toA": 9, "fromB": 8, "toB": 8, "inserted": [""]}}
{"dateTime": "2025-08-21T12:16:35.025Z", "eventType": "delete.backward", "fullPath": "/main.py", "details": {"fromA": 7, "toA": 8, "fromB": 7, "toB": 7, "inserted": [""]}}
{"dateTime": "2025-08-21T12:16:35.075Z", "eventType": "delete.backward", "fullPath": "/main.py", "details": {"fromA": 6, "toA": 7, "fromB": 6, "toB": 6, "inserted": [""]}}
{"dateTime": "2025-08-21T12:16:35.125Z", "eventType": "delete.backward", "fullPath": "/main.py", "details": {"fromA": 5, "toA": 6, "fromB": 5, "toB": 5, "inserted": [""]}}
{"dateTime": "2025-08-21T12:16:36.414Z", "eventType": "blur", "fullPath": "/main.py"}
{"dateTime": "2025-08-21T12:16:36.415Z", "eventType": "window.blur", "fullPath": "/main.py"}
{"dateTime": "2025-08-21T12:16:45.897Z", "eventType": "input.type", "fullPath": "/main.py", "details": {"fromA": 5, "toA": 5, "fromB": 5, "toB": 7, "inserted": ["()"]}}
{"dateTime": "2025-08-21T12:16:47.073Z", "eventType": "focus", "fullPath": "/main.py"}
{"dateTime": "2025-08-21T12:16:47.431Z", "eventType": "input.type", "fullPath": "/main.py", "details": {"fromA": 6, "toA": 6, "fromB": 6, "toB": 7, "inserted": ["1"]}}
{"dateTime": "2025-08-21T12:16:48.693Z", "eventType": "input.type", "fullPath": "/main.py", "details": {"fromA": 7, "toA": 7, "fromB": 7, "toB": 8, "inserted": ["."]}}
{"dateTime": "2025-08-21T12:16:49.062Z", "eventType": "input.type", "fullPath": "/main.py", "details": {"fromA": 8, "toA": 8, "fromB": 8, "toB": 9, "inserted": ["2"]}}
{"dateTime": "2025-08-21T12:16:49.317Z", "eventType": "input.type", "fullPath": "/main.py", "details": {"fromA": 9, "toA": 9, "fromB": 9, "toB": 10, "inserted": ["3"]}}
{"dateTime": "2025-08-21T12:16:52.341Z", "eventType": "blur", "fullPath": "/main.py"}
{"dateTime": "2025-08-21T12:16:53.397Z", "eventType": "window.focus", "fullPath": "/main.py"}
{"dateTime": "2025-08-21T12:16:54.744Z", "eventType": "submission", "details": {"correctness": 1, "commit": "857c913c604434e4524067b24c42e3e7c89f579b", "executionTime": 0.01}}
{"dateTime": "2025-08-21T12:16:54.867Z", "eventType": "window.blur", "fullPath": "/main.py"}
{"dateTime": "2025-08-21T12:16:56.446Z", "eventType": "window.focus", "fullPath": "/main.py"}
{"dateTime": "2025-08-21T12:16:57.768Z", "eventType": "blur", "fullPath": "/main.py"}
{"dateTime": "2025-08-21T12:16:59.780Z", "eventType": "window.blur", "fullPath": "/main.py"}
{"dateTime": "2025-08-21T12:17:06.927Z", "eventType": "window.focus", "fullPath": "/main.py"}
{"dateTime": "2025-08-21T12:17:08.055Z", "eventType": "focus", "fullPath": "/main.py"}
{"dateTime": "2025-08-21T12:17:08.057Z", "eventType": "select.pointer", "fullPath": "/main.py", "details": {"selection": {"from": 0, "to": 0}}}
{"dateTime": "2025-08-21T12:17:09.185Z", "eventType": "input.type", "fullPath": "/main.py", "details": {"fromA": 0, "toA": 0, "fromB": 0, "toB": 1, "inserted": ["X"]}}
{"dateTime": "2025-08-21T12:17:09.902Z", "eventType": "input.type", "fullPath": "/main.py", "details": {"fromA": 1, "toA": 1, "fromB": 1, "toB": 2, "inserted": ["Q"]}}
{"dateTime": "2025-08-21T12:17:10.877Z", "eventType": "delete.backward", "fullPath": "/main.py", "details": {"fromA": 1, "toA": 2, "fromB": 1, "toB": 1, "inserted": [""]}}
{"dateTime": "2025-08-21T12:17:11.199Z", "eventType": "input.type", "fullPath": "/main.py", "details": {"fromA": 1, "toA": 1, "fromB": 1, "toB": 2, "inserted": ["1"]}}
{"dateTime": "2025-08-21T12:17:13.375Z", "eventType": "input.type", "fullPath": "/main.py", "details": {"fromA": 2, "toA": 2, "fromB": 2, "toB": 3, "inserted": ["+"]}}
{"dateTime": "2025-08-21T12:17:14.798Z", "eventType": "delete.backward", "fullPath": "/main.py", "details": {"fromA": 2, "toA": 3, "fromB": 2, "toB": 2, "inserted": [""]}}
{"dateTime": "2025-08-21T12:17:15.104Z", "eventType": "input.type", "fullPath": "/main.py", "details": {"fromA": 2, "toA": 2, "fromB": 2, "toB": 3, "inserted": ["="]}}
{"dateTime": "2025-08-21T12:17:17.759Z", "eventType": "input.type", "fullPath": "/main.py", "details": {"fromA": 3, "toA": 3, "fromB": 3, "toB": 4, "inserted": ["1"]}}
{"dateTime": "2025-08-21T12:17:18.383Z", "eventType": "input.type", "fullPath": "/main.py", "details": {"fromA": 4, "toA": 4, "fromB": 4, "toB": 5, "inserted": ["."]}}
{"dateTime": "2025-08-21T12:17:19.053Z", "eventType": "input.type", "fullPath": "/main.py", "details": {"fromA": 5, "toA": 5, "fromB": 5, "toB": 6, "inserted": ["2"]}}
{"dateTime": "2025-08-21T12:17:19.357Z", "eventType": "input.type", "fullPath": "/main.py", "details": {"fromA": 6, "toA": 6, "fromB": 6, "toB": 7, "inserted": ["3"]}}
{"dateTime": "2025-08-21T12:17:20.669Z", "eventType": "blur", "fullPath": "/main.py"}
{"dateTime": "2025-08-21T12:17:20.670Z", "eventType": "window.blur", "fullPath": "/main.py"}
{"dateTime": "2025-08-21T12:17:21.983Z", "eventType": "focus", "fullPath": "/main.py"}
{"dateTime": "2025-08-21T12:17:23.464Z", "eventType": "blur", "fullPath": "/main.py"}
{"dateTime": "2025-08-21T12:17:27.067Z", "eventType": "submission", "details": {"correctness": 0, "commit": "ed8044552f905791995c6f084a910e34fa533738", "executionTime": 0.01}}
{"dateTime": "2025-08-21T12:17:28.957Z", "eventType": "focus", "fullPath": "/main.py"}
{"dateTime": "2025-08-21T12:17:28.961Z", "eventType": "select.pointer", "fullPath": "/main.py", "details": {"selection": {"from": 7, "to": 7}}}
{"dateTime": "2025-08-21T12:17:29.341Z", "eventType": "select.pointer", "fullPath": "/main.py", "details": {"selection": {"from": 0, "to": 7}}}
{"dateTime": "2025-08-21T12:17:30.174Z", "eventType": "delete.selection", "fullPath": "/main.py", "details": {"fromA": 0, "toA": 7, "fromB": 0, "toB": 0, "inserted": [""]}}
{"dateTime": "2025-08-21T12:17:31.631Z", "eventType": "input.type", "fullPath": "/main.py", "details": {"fromA": 0, "toA": 0, "fromB": 0, "toB": 1, "inserted": ["P"]}}
{"dateTime": "2025-08-21T12:17:31.761Z", "eventType": "input.type", "fullPath": "/main.py", "details": {"fromA": 1, "toA": 1, "fromB": 1, "toB": 2, "inserted": ["R"]}}
{"dateTime": "2025-08-21T12:17:34.418Z", "eventType": "input.complete", "fullPath": "/main.py", "details": {"fromA": 0, "toA": 2, "fromB": 0, "toB": 5, "inserted": ["print"]}}
{"dateTime": "2025-08-21T12:17:39.760Z", "eventType": "input.type", "fullPath": "/main.py", "details": {"fromA": 5, "toA": 5, "fromB": 5, "toB": 6, "inserted": ["X"]}}
{"dateTime": "2025-08-21T12:17:40.094Z", "eventType": "input.type", "fullPath": "/main.py", "details": {"fromA": 6, "toA": 6, "fromB": 6, "toB": 7, "inserted": ["1"]}}
{"dateTime": "2025-08-21T12:17:42.686Z", "eventType": "delete.backward", "fullPath": "/main.py", "details": {"fromA": 6, "toA": 7, "fromB": 6, "toB": 6, "inserted": [""]}}
{"dateTime": "2025-08-21T12:17:42.911Z", "eventType": "delete.backward", "fullPath": "/main.py", "details": {"fromA": 5, "toA": 6, "fromB": 5, "toB": 5, "inserted": [""]}}
{"dateTime": "2025-08-21T12:17:43.503Z", "eventType": "input.type", "fullPath": "/main.py", "details": {"fromA": 5, "toA": 5, "fromB": 5, "toB": 6, "inserted": [" "]}}
{"dateTime": "2025-08-21T12:17:45.199Z", "eventType": "input.type", "fullPath": "/main.py", "details": {"fromA": 6, "toA": 6, "fromB": 6, "toB": 7, "inserted": ["X"]}}
{"dateTime": "2025-08-21T12:17:45.616Z", "eventType": "input.type", "fullPath": "/main.py", "details": {"fromA": 7, "toA": 7, "fromB": 7, "toB": 8, "inserted": ["1"]}}
{"dateTime": "2025-08-21T12:17:47.327Z", "eventType": "input.type", "fullPath": "/main.py", "details": {"fromA": 8, "toA": 8, "fromB": 8, "toB": 9, "inserted": ["="]}}
{"dateTime": "2025-08-21T12:17:48.587Z", "eventType": "input.type", "fullPath": "/main.py", "details": {"fromA": 9, "toA": 9, "fromB": 9, "toB": 10, "inserted": ["1"]}}
{"dateTime": "2025-08-21T12:17:49.151Z", "eventType": "input.type", "fullPath": "/main.py", "details": {"fromA": 10, "toA": 10, "fromB": 10, "toB": 11, "inserted": ["."]}}
{"dateTime": "2025-08-21T12:17:49.803Z", "eventType": "input.type", "fullPath": "/main.py", "details": {"fromA": 11, "toA": 11, "fromB": 11, "toB": 12, "inserted": ["2"]}}
{"dateTime": "2025-08-21T12:17:50.046Z", "eventType": "input.type", "fullPath": "/main.py", "details": {"fromA": 12, "toA": 12, "fromB": 12, "toB": 13, "inserted": ["3"]}}
{"dateTime": "2025-08-21T12:17:51.372Z", "eventType": "blur", "fullPath": "/main.py"}
{"dateTime": "2025-08-21T12:17:57.445Z", "eventType": "focus", "fullPath": "/main.py"}
{"dateTime": "2025-08-21T12:17:57.448Z", "eventType": "select.pointer", "fullPath": "/main.py", "details": {"selection": {"from": 6, "to": 6}}}
{"dateTime": "2025-08-21T12:57:44.391Z", "eventType": "window.blur", "fullPath": "/main.py"}
{"dateTime": "2025-08-21T13:22:46.274Z", "eventType": "window.blur", "fullPath": "/main.py"}
