== SUBMISSION (2025-08-12 00:28:31)
-- CODE: 
print("Adicao: ", 5 + 3)

print("Subtracao: ", 5 - 3)

print("Multiplicacao: ", 5 * 3)

print("Divisao: ", 8 // 4)

print("Resto: ", 8 % 4)

print("Potenciacao: ", 2 ** 2)
-- EXECUTION TIME: 
0.01
-- TEST CASE 1:
---- input:
xx
---- correct output:
Adicao:  8
Subtracao: 8
Multiplicacao:  8
Divisao:  8.0
Resto:  8
Potenciacao:  8
---- user output:
Potenciacao:  4
-- TEST CASE 2:
---- input:
x
---- correct output:
Adicao:  8
Subtracao: 8
Multiplicacao:  8
Divisao:  8.0
Resto:  8
Potenciacao:  8
---- user output:
Potenciacao:  4
-- GRADE:
0%
*-*-*-*-*-*-*-*-*-*-*-*-*-*-*-*-*-*-*-*-*-*-*-*
== RUN (2025-08-12 00:31:06)
-- CODE: 
print("Adicao: ", 5 + 3)

print("Subtracao: ", 11 - 3)

print("Multiplicacao: ", 4 * 2)

print("Divisao: ", 16 // 2)

print("Resto: ", 17 % 9)

print("Potenciacao: ", 2 ** 3)
-- EXECUTION TIME: 
0.0
-- TEST CASE 1:
---- input:
xx
---- correct output:
Adicao:  8
Subtracao: 8
Multiplicacao:  8
Divisao:  8.0
Resto:  8
Potenciacao:  8
---- user output:
Potenciacao:  8
-- TEST CASE 2:
---- input:
x
---- correct output:
Adicao:  8
Subtracao: 8
Multiplicacao:  8
Divisao:  8.0
Resto:  8
Potenciacao:  8
---- user output:
Potenciacao:  8
*-*-*-*-*-*-*-*-*-*-*-*-*-*-*-*-*-*-*-*-*-*-*-*
== RUN (2025-08-12 00:28:35)
-- CODE: 
print("Adicao: ", 5 + 3)

print("Subtracao: ", 5 - 3)

print("Multiplicacao: ", 5 * 3)

print("Divisao: ", 8 // 4)

print("Resto: ", 8 % 4)

print("Potenciacao: ", 2 ** 2)
-- EXECUTION TIME: 
0.0
-- TEST CASE 1:
---- input:
xx
---- correct output:
Adicao:  8
Subtracao: 8
Multiplicacao:  8
Divisao:  8.0
Resto:  8
Potenciacao:  8
---- user output:
Potenciacao:  4
-- TEST CASE 2:
---- input:
x
---- correct output:
Adicao:  8
Subtracao: 8
Multiplicacao:  8
Divisao:  8.0
Resto:  8
Potenciacao:  8
---- user output:
Potenciacao:  4
*-*-*-*-*-*-*-*-*-*-*-*-*-*-*-*-*-*-*-*-*-*-*-*
== RUN (2025-08-12 00:29:51)
-- CODE: 
print("Adicao: ", 5 + 3)

print("Subtracao: ", 11 - 3)

print("Multiplicacao: ", 4 * 2)

print("Divisao: ", 16 // 2)

print("Resto: ", 10 % 4)

print("Potenciacao: ", 2 ** 3)
-- EXECUTION TIME: 
0.0
-- TEST CASE 1:
---- input:
xx
---- correct output:
Adicao:  8
Subtracao: 8
Multiplicacao:  8
Divisao:  8.0
Resto:  8
Potenciacao:  8
---- user output:
Potenciacao:  8
-- TEST CASE 2:
---- input:
x
---- correct output:
Adicao:  8
Subtracao: 8
Multiplicacao:  8
Divisao:  8.0
Resto:  8
Potenciacao:  8
---- user output:
Potenciacao:  8
*-*-*-*-*-*-*-*-*-*-*-*-*-*-*-*-*-*-*-*-*-*-*-*
== RUN (2025-08-12 00:29:58)
-- CODE: 
print("Adicao: ", 5 + 3)

print("Subtracao: ", 11 - 3)

print("Multiplicacao: ", 4 * 2)

print("Divisao: ", 16 // 2)

print("Resto: ", 20 % 4)

print("Potenciacao: ", 2 ** 3)
-- EXECUTION TIME: 
0.0
-- TEST CASE 1:
---- input:
xx
---- correct output:
Adicao:  8
Subtracao: 8
Multiplicacao:  8
Divisao:  8.0
Resto:  8
Potenciacao:  8
---- user output:
Potenciacao:  8
-- TEST CASE 2:
---- input:
x
---- correct output:
Adicao:  8
Subtracao: 8
Multiplicacao:  8
Divisao:  8.0
Resto:  8
Potenciacao:  8
---- user output:
Potenciacao:  8
*-*-*-*-*-*-*-*-*-*-*-*-*-*-*-*-*-*-*-*-*-*-*-*
== RUN (2025-08-12 00:29:16)
-- CODE: 
print("Adicao: ", 5 + 3)

print("Subtracao: ", 11 - 3)

print("Multiplicacao: ", 4 * 2)

print("Divisao: ", 16 // 2)

print("Resto: ", 2 % 4)

print("Potenciacao: ", 2 ** 2)
-- EXECUTION TIME: 
0.0
-- TEST CASE 1:
---- input:
xx
---- correct output:
Adicao:  8
Subtracao: 8
Multiplicacao:  8
Divisao:  8.0
Resto:  8
Potenciacao:  8
---- user output:
Potenciacao:  4
-- TEST CASE 2:
---- input:
x
---- correct output:
Adicao:  8
Subtracao: 8
Multiplicacao:  8
Divisao:  8.0
Resto:  8
Potenciacao:  8
---- user output:
Potenciacao:  4
*-*-*-*-*-*-*-*-*-*-*-*-*-*-*-*-*-*-*-*-*-*-*-*
== RUN (2025-08-12 00:30:02)
-- CODE: 
print("Adicao: ", 5 + 3)

print("Subtracao: ", 11 - 3)

print("Multiplicacao: ", 4 * 2)

print("Divisao: ", 16 // 2)

print("Resto: ", 20 % 3)

print("Potenciacao: ", 2 ** 3)
-- EXECUTION TIME: 
0.0
-- TEST CASE 1:
---- input:
xx
---- correct output:
Adicao:  8
Subtracao: 8
Multiplicacao:  8
Divisao:  8.0
Resto:  8
Potenciacao:  8
---- user output:
Potenciacao:  8
-- TEST CASE 2:
---- input:
x
---- correct output:
Adicao:  8
Subtracao: 8
Multiplicacao:  8
Divisao:  8.0
Resto:  8
Potenciacao:  8
---- user output:
Potenciacao:  8
*-*-*-*-*-*-*-*-*-*-*-*-*-*-*-*-*-*-*-*-*-*-*-*
== RUN (2025-08-12 00:29:21)
-- CODE: 
print("Adicao: ", 5 + 3)

print("Subtracao: ", 11 - 3)

print("Multiplicacao: ", 4 * 2)

print("Divisao: ", 16 // 2)

print("Resto: ", 2 % 4)

print("Potenciacao: ", 2 ** 3)
-- EXECUTION TIME: 
0.0
-- TEST CASE 1:
---- input:
xx
---- correct output:
Adicao:  8
Subtracao: 8
Multiplicacao:  8
Divisao:  8.0
Resto:  8
Potenciacao:  8
---- user output:
Potenciacao:  8
-- TEST CASE 2:
---- input:
x
---- correct output:
Adicao:  8
Subtracao: 8
Multiplicacao:  8
Divisao:  8.0
Resto:  8
Potenciacao:  8
---- user output:
Potenciacao:  8
*-*-*-*-*-*-*-*-*-*-*-*-*-*-*-*-*-*-*-*-*-*-*-*
== RUN (2025-08-12 00:29:24)
-- CODE: 
print("Adicao: ", 5 + 3)

print("Subtracao: ", 11 - 3)

print("Multiplicacao: ", 4 * 2)

print("Divisao: ", 16 // 2)

print("Resto: ", 2 % 4)

print("Potenciacao: ", 2 ** 3)
-- EXECUTION TIME: 
0.0
-- TEST CASE 1:
---- input:
xx
---- correct output:
Adicao:  8
Subtracao: 8
Multiplicacao:  8
Divisao:  8.0
Resto:  8
Potenciacao:  8
---- user output:
Potenciacao:  8
-- TEST CASE 2:
---- input:
x
---- correct output:
Adicao:  8
Subtracao: 8
Multiplicacao:  8
Divisao:  8.0
Resto:  8
Potenciacao:  8
---- user output:
Potenciacao:  8
*-*-*-*-*-*-*-*-*-*-*-*-*-*-*-*-*-*-*-*-*-*-*-*
== RUN (2025-08-12 00:31:09)
-- CODE: 
print("Adicao: ", 5 + 3)

print("Subtracao: ", 11 - 3)

print("Multiplicacao: ", 4 * 2)

print("Divisao: ", 16 // 2)

print("Resto: ", 17 % 9)

print("Potenciacao: ", 2 ** 3)
-- EXECUTION TIME: 
0.0
-- TEST CASE 1:
---- input:
xx
---- correct output:
Adicao:  8
Subtracao: 8
Multiplicacao:  8
Divisao:  8.0
Resto:  8
Potenciacao:  8
---- user output:
Potenciacao:  8
-- TEST CASE 2:
---- input:
x
---- correct output:
Adicao:  8
Subtracao: 8
Multiplicacao:  8
Divisao:  8.0
Resto:  8
Potenciacao:  8
---- user output:
Potenciacao:  8
*-*-*-*-*-*-*-*-*-*-*-*-*-*-*-*-*-*-*-*-*-*-*-*
== RUN (2025-08-12 00:31:14)
-- CODE: 
print("Adicao: ", 5 + 3)

print("Subtracao: ", 11 - 3)

print("Multiplicacao: ", 4 * 2)

print("Divisao: ", 16 / 2)

print("Resto: ", 17 % 9)

print("Potenciacao: ", 2 ** 3)
-- EXECUTION TIME: 
0.0
-- TEST CASE 1:
---- input:
xx
---- correct output:
Adicao:  8
Subtracao: 8
Multiplicacao:  8
Divisao:  8.0
Resto:  8
Potenciacao:  8
---- user output:
Potenciacao:  8
-- TEST CASE 2:
---- input:
x
---- correct output:
Adicao:  8
Subtracao: 8
Multiplicacao:  8
Divisao:  8.0
Resto:  8
Potenciacao:  8
---- user output:
Potenciacao:  8
*-*-*-*-*-*-*-*-*-*-*-*-*-*-*-*-*-*-*-*-*-*-*-*
== RUN (2025-08-12 00:28:30)
-- CODE: 
print("Adicao: ", 5 + 3)

print("Subtracao: ", 5 - 3)

print("Multiplicacao: ", 5 * 3)

print("Divisao: ", 8 // 4)

print("Resto: ", 8 % 4)

print("Potenciacao: ", 2 ** 2)
-- EXECUTION TIME: 
0.0
-- TEST CASE 1:
---- input:
xx
---- correct output:
Adicao:  8
Subtracao: 8
Multiplicacao:  8
Divisao:  8.0
Resto:  8
Potenciacao:  8
---- user output:
Potenciacao:  4
-- TEST CASE 2:
---- input:
x
---- correct output:
Adicao:  8
Subtracao: 8
Multiplicacao:  8
Divisao:  8.0
Resto:  8
Potenciacao:  8
---- user output:
Potenciacao:  4
*-*-*-*-*-*-*-*-*-*-*-*-*-*-*-*-*-*-*-*-*-*-*-*
== SUBMISSION (2025-08-12 00:29:22)
-- CODE: 
print("Adicao: ", 5 + 3)

print("Subtracao: ", 11 - 3)

print("Multiplicacao: ", 4 * 2)

print("Divisao: ", 16 // 2)

print("Resto: ", 2 % 4)

print("Potenciacao: ", 2 ** 3)
-- EXECUTION TIME: 
0.01
-- TEST CASE 1:
---- input:
xx
---- correct output:
Adicao:  8
Subtracao: 8
Multiplicacao:  8
Divisao:  8.0
Resto:  8
Potenciacao:  8
---- user output:
Potenciacao:  8
-- TEST CASE 2:
---- input:
x
---- correct output:
Adicao:  8
Subtracao: 8
Multiplicacao:  8
Divisao:  8.0
Resto:  8
Potenciacao:  8
---- user output:
Potenciacao:  8
-- GRADE:
0%
*-*-*-*-*-*-*-*-*-*-*-*-*-*-*-*-*-*-*-*-*-*-*-*
== RUN (2025-08-12 00:30:05)
-- CODE: 
print("Adicao: ", 5 + 3)

print("Subtracao: ", 11 - 3)

print("Multiplicacao: ", 4 * 2)

print("Divisao: ", 16 // 2)

print("Resto: ", 20 % 6)

print("Potenciacao: ", 2 ** 3)
-- EXECUTION TIME: 
0.0
-- TEST CASE 1:
---- input:
xx
---- correct output:
Adicao:  8
Subtracao: 8
Multiplicacao:  8
Divisao:  8.0
Resto:  8
Potenciacao:  8
---- user output:
Potenciacao:  8
-- TEST CASE 2:
---- input:
x
---- correct output:
Adicao:  8
Subtracao: 8
Multiplicacao:  8
Divisao:  8.0
Resto:  8
Potenciacao:  8
---- user output:
Potenciacao:  8
*-*-*-*-*-*-*-*-*-*-*-*-*-*-*-*-*-*-*-*-*-*-*-*
== SUBMISSION (2025-08-12 00:31:15)
-- CODE: 
print("Adicao: ", 5 + 3)

print("Subtracao: ", 11 - 3)

print("Multiplicacao: ", 4 * 2)

print("Divisao: ", 16 / 2)

print("Resto: ", 17 % 9)

print("Potenciacao: ", 2 ** 3)
-- EXECUTION TIME: 
0.01
-- TEST CASE 1:
---- input:
xx
---- correct output:
Adicao:  8
Subtracao: 8
Multiplicacao:  8
Divisao:  8.0
Resto:  8
Potenciacao:  8
---- user output:
Potenciacao:  8
-- TEST CASE 2:
---- input:
x
---- correct output:
Adicao:  8
Subtracao: 8
Multiplicacao:  8
Divisao:  8.0
Resto:  8
Potenciacao:  8
---- user output:
Potenciacao:  8
-- GRADE:
100%
*-*-*-*-*-*-*-*-*-*-*-*-*-*-*-*-*-*-*-*-*-*-*-*
== RUN (2025-08-12 00:31:02)
-- CODE: 
print("Adicao: ", 5 + 3)

print("Subtracao: ", 11 - 3)

print("Multiplicacao: ", 4 * 2)

print("Divisao: ", 16 // 2)

print("Resto: ", 17 % 8)

print("Potenciacao: ", 2 ** 3)
-- EXECUTION TIME: 
0.0
-- TEST CASE 1:
---- input:
xx
---- correct output:
Adicao:  8
Subtracao: 8
Multiplicacao:  8
Divisao:  8.0
Resto:  8
Potenciacao:  8
---- user output:
Potenciacao:  8
-- TEST CASE 2:
---- input:
x
---- correct output:
Adicao:  8
Subtracao: 8
Multiplicacao:  8
Divisao:  8.0
Resto:  8
Potenciacao:  8
---- user output:
Potenciacao:  8
*-*-*-*-*-*-*-*-*-*-*-*-*-*-*-*-*-*-*-*-*-*-*-*
== RUN (2025-08-12 00:30:06)
-- CODE: 
print("Adicao: ", 5 + 3)

print("Subtracao: ", 11 - 3)

print("Multiplicacao: ", 4 * 2)

print("Divisao: ", 16 // 2)

print("Resto: ", 20 % 6)

print("Potenciacao: ", 2 ** 3)
-- EXECUTION TIME: 
0.0
-- TEST CASE 1:
---- input:
xx
---- correct output:
Adicao:  8
Subtracao: 8
Multiplicacao:  8
Divisao:  8.0
Resto:  8
Potenciacao:  8
---- user output:
Potenciacao:  8
-- TEST CASE 2:
---- input:
x
---- correct output:
Adicao:  8
Subtracao: 8
Multiplicacao:  8
Divisao:  8.0
Resto:  8
Potenciacao:  8
---- user output:
Potenciacao:  8
*-*-*-*-*-*-*-*-*-*-*-*-*-*-*-*-*-*-*-*-*-*-*-*
== SUBMISSION (2025-08-12 00:31:07)
-- CODE: 
print("Adicao: ", 5 + 3)

print("Subtracao: ", 11 - 3)

print("Multiplicacao: ", 4 * 2)

print("Divisao: ", 16 // 2)

print("Resto: ", 17 % 9)

print("Potenciacao: ", 2 ** 3)
-- EXECUTION TIME: 
0.01
-- TEST CASE 1:
---- input:
xx
---- correct output:
Adicao:  8
Subtracao: 8
Multiplicacao:  8
Divisao:  8.0
Resto:  8
Potenciacao:  8
---- user output:
Potenciacao:  8
-- TEST CASE 2:
---- input:
x
---- correct output:
Adicao:  8
Subtracao: 8
Multiplicacao:  8
Divisao:  8.0
Resto:  8
Potenciacao:  8
---- user output:
Potenciacao:  8
-- GRADE:
0%
*-*-*-*-*-*-*-*-*-*-*-*-*-*-*-*-*-*-*-*-*-*-*-*
== RUN (2025-08-12 00:29:48)
-- CODE: 
print("Adicao: ", 5 + 3)

print("Subtracao: ", 11 - 3)

print("Multiplicacao: ", 4 * 2)

print("Divisao: ", 16 // 2)

print("Resto: ", 10 % 2)

print("Potenciacao: ", 2 ** 3)
-- EXECUTION TIME: 
0.0
-- TEST CASE 1:
---- input:
xx
---- correct output:
Adicao:  8
Subtracao: 8
Multiplicacao:  8
Divisao:  8.0
Resto:  8
Potenciacao:  8
---- user output:
Potenciacao:  8
-- TEST CASE 2:
---- input:
x
---- correct output:
Adicao:  8
Subtracao: 8
Multiplicacao:  8
Divisao:  8.0
Resto:  8
Potenciacao:  8
---- user output:
Potenciacao:  8
*-*-*-*-*-*-*-*-*-*-*-*-*-*-*-*-*-*-*-*-*-*-*-*
