{"dateTime": "2025-08-25T18:41:37.928Z", "eventType": "focus", "fullPath": "/main.py"}
{"dateTime": "2025-08-25T18:41:37.930Z", "eventType": "select.pointer", "fullPath": "/main.py", "details": {"selection": {"from": 211, "to": 211}}}
{"dateTime": "2025-08-25T18:41:39.919Z", "eventType": "select", "fullPath": "/main.py", "details": {"selection": {"from": 212, "to": 212}}}
{"dateTime": "2025-08-25T18:41:40.880Z", "eventType": "input.type", "fullPath": "/main.py", "details": {"fromA": 212, "toA": 212, "fromB": 212, "toB": 213, "inserted": ["r"]}}
{"dateTime": "2025-08-25T18:41:40.945Z", "eventType": "input.type", "fullPath": "/main.py", "details": {"fromA": 213, "toA": 213, "fromB": 213, "toB": 214, "inserted": ["o"]}}
{"dateTime": "2025-08-25T18:41:40.993Z", "eventType": "input.type", "fullPath": "/main.py", "details": {"fromA": 214, "toA": 214, "fromB": 214, "toB": 215, "inserted": ["u"]}}
{"dateTime": "2025-08-25T18:41:41.108Z", "eventType": "input.type", "fullPath": "/main.py", "details": {"fromA": 215, "toA": 215, "fromB": 215, "toB": 216, "inserted": ["n"]}}
{"dateTime": "2025-08-25T18:41:41.203Z", "eventType": "input.type", "fullPath": "/main.py", "details": {"fromA": 216, "toA": 216, "fromB": 216, "toB": 217, "inserted": ["d"]}}
{"dateTime": "2025-08-25T18:41:42.833Z", "eventType": "input.type", "fullPath": "/main.py", "details": {"fromA": 217, "toA": 217, "fromB": 217, "toB": 218, "inserted": ["("]}}
{"dateTime": "2025-08-25T18:41:43.598Z", "eventType": "select", "fullPath": "/main.py", "details": {"selection": {"from": 222, "to": 222}}}
{"dateTime": "2025-08-25T18:41:44.077Z", "eventType": "select", "fullPath": "/main.py", "details": {"selection": {"from": 221, "to": 221}}}
{"dateTime": "2025-08-25T18:41:47.520Z", "eventType": "input.type", "fullPath": "/main.py", "details": {"fromA": 221, "toA": 221, "fromB": 221, "toB": 222, "inserted": [","]}}
{"dateTime": "2025-08-25T18:41:47.682Z", "eventType": "input.type", "fullPath": "/main.py", "details": {"fromA": 222, "toA": 222, "fromB": 222, "toB": 223, "inserted": ["3"]}}
{"dateTime": "2025-08-25T18:41:48.807Z", "eventType": "select.pointer", "fullPath": "/main.py", "details": {"selection": {"from": 224, "to": 224}}}
{"dateTime": "2025-08-25T18:41:49.745Z", "eventType": "input.type", "fullPath": "/main.py", "details": {"fromA": 224, "toA": 224, "fromB": 224, "toB": 225, "inserted": [")"]}}
{"dateTime": "2025-08-25T18:41:51.025Z", "eventType": "blur", "fullPath": "/main.py"}
{"dateTime": "2025-08-25T18:41:57.012Z", "eventType": "submission", "details": {"correctness": 1, "commit": "39a13095160ce0d22ddfb22a2f46168964bf780f", "executionTime": 0.01}}
{"dateTime": "2025-08-25T18:42:12.592Z", "eventType": "focus", "fullPath": "/main.py"}
{"dateTime": "2025-08-25T18:42:12.594Z", "eventType": "select.pointer", "fullPath": "/main.py", "details": {"selection": {"from": 158, "to": 158}}}
{"dateTime": "2025-08-25T18:42:14.889Z", "eventType": "select.pointer", "fullPath": "/main.py", "details": {"selection": {"from": 154, "to": 154}}}
{"dateTime": "2025-08-25T18:42:15.004Z", "eventType": "select.pointer", "fullPath": "/main.py", "details": {"selection": {"from": 154, "to": 154}}}
{"dateTime": "2025-08-25T18:42:15.021Z", "eventType": "select.pointer", "fullPath": "/main.py", "details": {"selection": {"from": 154, "to": 155}}}
{"dateTime": "2025-08-25T18:42:15.035Z", "eventType": "select.pointer", "fullPath": "/main.py", "details": {"selection": {"from": 154, "to": 156}}}
{"dateTime": "2025-08-25T18:42:15.808Z", "eventType": "select.pointer", "fullPath": "/main.py", "details": {"selection": {"from": 159, "to": 159}}}
{"dateTime": "2025-08-25T18:42:16.554Z", "eventType": "select.pointer", "fullPath": "/main.py", "details": {"selection": {"from": 159, "to": 159}}}
{"dateTime": "2025-08-25T18:42:16.575Z", "eventType": "select.pointer", "fullPath": "/main.py", "details": {"selection": {"from": 159, "to": 160}}}
{"dateTime": "2025-08-25T18:42:16.591Z", "eventType": "select.pointer", "fullPath": "/main.py", "details": {"selection": {"from": 159, "to": 161}}}
{"dateTime": "2025-08-25T18:42:16.607Z", "eventType": "select.pointer", "fullPath": "/main.py", "details": {"selection": {"from": 159, "to": 162}}}
{"dateTime": "2025-08-25T18:42:16.624Z", "eventType": "select.pointer", "fullPath": "/main.py", "details": {"selection": {"from": 159, "to": 163}}}
{"dateTime": "2025-08-25T18:42:16.673Z", "eventType": "select.pointer", "fullPath": "/main.py", "details": {"selection": {"from": 159, "to": 164}}}
{"dateTime": "2025-08-25T18:42:16.708Z", "eventType": "select.pointer", "fullPath": "/main.py", "details": {"selection": {"from": 159, "to": 165}}}
{"dateTime": "2025-08-25T18:42:16.724Z", "eventType": "select.pointer", "fullPath": "/main.py", "details": {"selection": {"from": 159, "to": 166}}}
{"dateTime": "2025-08-25T18:42:16.771Z", "eventType": "select.pointer", "fullPath": "/main.py", "details": {"selection": {"from": 159, "to": 167}}}
{"dateTime": "2025-08-25T18:42:16.803Z", "eventType": "select.pointer", "fullPath": "/main.py", "details": {"selection": {"from": 159, "to": 168}}}
{"dateTime": "2025-08-25T18:42:16.821Z", "eventType": "select.pointer", "fullPath": "/main.py", "details": {"selection": {"from": 159, "to": 169}}}
{"dateTime": "2025-08-25T18:42:16.837Z", "eventType": "select.pointer", "fullPath": "/main.py", "details": {"selection": {"from": 159, "to": 170}}}
{"dateTime": "2025-08-25T18:42:16.854Z", "eventType": "select.pointer", "fullPath": "/main.py", "details": {"selection": {"from": 159, "to": 171}}}
{"dateTime": "2025-08-25T18:42:16.888Z", "eventType": "select.pointer", "fullPath": "/main.py", "details": {"selection": {"from": 159, "to": 172}}}
{"dateTime": "2025-08-25T18:42:17.104Z", "eventType": "select.pointer", "fullPath": "/main.py", "details": {"selection": {"from": 159, "to": 173}}}
{"dateTime": "2025-08-25T18:42:17.122Z", "eventType": "select.pointer", "fullPath": "/main.py", "details": {"selection": {"from": 159, "to": 175}}}
{"dateTime": "2025-08-25T18:42:17.138Z", "eventType": "select.pointer", "fullPath": "/main.py", "details": {"selection": {"from": 159, "to": 176}}}
{"dateTime": "2025-08-25T18:42:17.488Z", "eventType": "select.pointer", "fullPath": "/main.py", "details": {"selection": {"from": 159, "to": 177}}}
{"dateTime": "2025-08-25T18:42:18.055Z", "eventType": "select.pointer", "fullPath": "/main.py", "details": {"selection": {"from": 159, "to": 178}}}
{"dateTime": "2025-08-25T18:42:22.233Z", "eventType": "focus", "fullPath": "/main.py"}
{"dateTime": "2025-08-25T18:42:22.237Z", "eventType": "select.pointer", "fullPath": "/main.py", "details": {"selection": {"from": 0, "to": 0}}}
{"dateTime": "2025-08-25T18:42:22.894Z", "eventType": "generic", "fullPath": "/main.py", "details": {"fromA": 0, "toA": 0, "fromB": 0, "toB": 127, "inserted": ["cordeAx = float(input(\"Ax = \"))", "cordeAy = float(input(\"Ay = \"))", "cordeBx = float(input(\"Bx = \"))", "cordeBy = float(input(\"By = \"))"]}}
{"dateTime": "2025-08-25T18:42:27.345Z", "eventType": "select.pointer", "fullPath": "/main.py", "details": {"selection": {"from": 127, "to": 127}}}
{"dateTime": "2025-08-25T18:42:28.524Z", "eventType": "input", "fullPath": "/main.py", "details": {"fromA": 127, "toA": 127, "fromB": 127, "toB": 128, "inserted": ["", ""]}}
{"dateTime": "2025-08-25T18:42:29.146Z", "eventType": "input", "fullPath": "/main.py", "details": {"fromA": 128, "toA": 128, "fromB": 128, "toB": 129, "inserted": ["", ""]}}
{"dateTime": "2025-08-25T18:42:32.298Z", "eventType": "blur", "fullPath": "/main.py"}
{"dateTime": "2025-08-25T18:42:52.024Z", "eventType": "blur", "fullPath": "/main.py"}
{"dateTime": "2025-08-25T18:42:53.771Z", "eventType": "focus", "fullPath": "/main.py"}
{"dateTime": "2025-08-25T18:42:53.777Z", "eventType": "select.pointer", "fullPath": "/main.py", "details": {"selection": {"from": 129, "to": 129}}}
{"dateTime": "2025-08-25T18:42:56.076Z", "eventType": "input.type", "fullPath": "/main.py", "details": {"fromA": 129, "toA": 129, "fromB": 129, "toB": 130, "inserted": ["d"]}}
{"dateTime": "2025-08-25T18:42:58.156Z", "eventType": "input.type", "fullPath": "/main.py", "details": {"fromA": 130, "toA": 130, "fromB": 130, "toB": 131, "inserted": ["a"]}}
{"dateTime": "2025-08-25T18:42:58.381Z", "eventType": "input.type", "fullPath": "/main.py", "details": {"fromA": 131, "toA": 131, "fromB": 131, "toB": 132, "inserted": ["b"]}}
{"dateTime": "2025-08-25T18:43:00.236Z", "eventType": "input.type", "fullPath": "/main.py", "details": {"fromA": 132, "toA": 132, "fromB": 132, "toB": 133, "inserted": [" "]}}
{"dateTime": "2025-08-25T18:43:00.381Z", "eventType": "input.type", "fullPath": "/main.py", "details": {"fromA": 133, "toA": 133, "fromB": 133, "toB": 134, "inserted": ["="]}}
{"dateTime": "2025-08-25T18:43:00.494Z", "eventType": "input.type", "fullPath": "/main.py", "details": {"fromA": 134, "toA": 134, "fromB": 134, "toB": 135, "inserted": [" "]}}
{"dateTime": "2025-08-25T18:43:16.029Z", "eventType": "select", "fullPath": "/main.py", "details": {"selection": {"from": 128, "to": 128}}}
{"dateTime": "2025-08-25T18:43:16.204Z", "eventType": "select", "fullPath": "/main.py", "details": {"selection": {"from": 102, "to": 102}}}
{"dateTime": "2025-08-25T18:43:16.347Z", "eventType": "select", "fullPath": "/main.py", "details": {"selection": {"from": 70, "to": 70}}}
{"dateTime": "2025-08-25T18:43:16.492Z", "eventType": "select", "fullPath": "/main.py", "details": {"selection": {"from": 38, "to": 38}}}
{"dateTime": "2025-08-25T18:43:16.603Z", "eventType": "select", "fullPath": "/main.py", "details": {"selection": {"from": 6, "to": 6}}}
{"dateTime": "2025-08-25T18:43:16.729Z", "eventType": "select", "fullPath": "/main.py", "details": {"selection": {"from": 0, "to": 0}}}
{"dateTime": "2025-08-25T18:43:17.517Z", "eventType": "input", "fullPath": "/main.py", "details": {"fromA": 0, "toA": 0, "fromB": 0, "toB": 1, "inserted": ["", ""]}}
{"dateTime": "2025-08-25T18:43:17.804Z", "eventType": "select", "fullPath": "/main.py", "details": {"selection": {"from": 0, "to": 0}}}
{"dateTime": "2025-08-25T18:43:18.844Z", "eventType": "input", "fullPath": "/main.py", "details": {"fromA": 0, "toA": 0, "fromB": 0, "toB": 1, "inserted": ["", ""]}}
{"dateTime": "2025-08-25T18:43:19.132Z", "eventType": "select", "fullPath": "/main.py", "details": {"selection": {"from": 0, "to": 0}}}
{"dateTime": "2025-08-25T18:43:19.900Z", "eventType": "input.type", "fullPath": "/main.py", "details": {"fromA": 0, "toA": 0, "fromB": 0, "toB": 1, "inserted": ["i"]}}
{"dateTime": "2025-08-25T18:43:20.018Z", "eventType": "input.type", "fullPath": "/main.py", "details": {"fromA": 1, "toA": 1, "fromB": 1, "toB": 2, "inserted": ["m"]}}
{"dateTime": "2025-08-25T18:43:20.177Z", "eventType": "input.type", "fullPath": "/main.py", "details": {"fromA": 2, "toA": 2, "fromB": 2, "toB": 3, "inserted": ["p"]}}
{"dateTime": "2025-08-25T18:43:20.320Z", "eventType": "input.type", "fullPath": "/main.py", "details": {"fromA": 3, "toA": 3, "fromB": 3, "toB": 4, "inserted": ["o"]}}
{"dateTime": "2025-08-25T18:43:20.464Z", "eventType": "input.type", "fullPath": "/main.py", "details": {"fromA": 4, "toA": 4, "fromB": 4, "toB": 5, "inserted": ["r"]}}
{"dateTime": "2025-08-25T18:43:20.625Z", "eventType": "input.type", "fullPath": "/main.py", "details": {"fromA": 5, "toA": 5, "fromB": 5, "toB": 6, "inserted": ["t"]}}
{"dateTime": "2025-08-25T18:43:21.884Z", "eventType": "input.type", "fullPath": "/main.py", "details": {"fromA": 6, "toA": 6, "fromB": 6, "toB": 7, "inserted": [" "]}}
{"dateTime": "2025-08-25T18:43:22.972Z", "eventType": "input.type", "fullPath": "/main.py", "details": {"fromA": 7, "toA": 7, "fromB": 7, "toB": 8, "inserted": ["m"]}}
{"dateTime": "2025-08-25T18:43:23.152Z", "eventType": "input.type", "fullPath": "/main.py", "details": {"fromA": 8, "toA": 8, "fromB": 8, "toB": 9, "inserted": ["a"]}}
{"dateTime": "2025-08-25T18:43:24.040Z", "eventType": "input.type", "fullPath": "/main.py", "details": {"fromA": 9, "toA": 9, "fromB": 9, "toB": 10, "inserted": ["t"]}}
{"dateTime": "2025-08-25T18:43:24.126Z", "eventType": "input.type", "fullPath": "/main.py", "details": {"fromA": 10, "toA": 10, "fromB": 10, "toB": 11, "inserted": ["h"]}}
{"dateTime": "2025-08-25T18:43:24.729Z", "eventType": "select", "fullPath": "/main.py", "details": {"selection": {"from": 10, "to": 10}}}
{"dateTime": "2025-08-25T18:43:24.889Z", "eventType": "select", "fullPath": "/main.py", "details": {"selection": {"from": 9, "to": 9}}}
{"dateTime": "2025-08-25T18:43:25.017Z", "eventType": "select", "fullPath": "/main.py", "details": {"selection": {"from": 8, "to": 8}}}
{"dateTime": "2025-08-25T18:43:25.481Z", "eventType": "select", "fullPath": "/main.py", "details": {"selection": {"from": 9, "to": 9}}}
{"dateTime": "2025-08-25T18:43:26.153Z", "eventType": "select", "fullPath": "/main.py", "details": {"selection": {"from": 8, "to": 8}}}
{"dateTime": "2025-08-25T18:43:27.400Z", "eventType": "select", "fullPath": "/main.py", "details": {"selection": {"from": 9, "to": 9}}}
{"dateTime": "2025-08-25T18:43:27.929Z", "eventType": "select", "fullPath": "/main.py", "details": {"selection": {"from": 8, "to": 8}}}
{"dateTime": "2025-08-25T18:43:28.364Z", "eventType": "delete.backward", "fullPath": "/main.py", "details": {"fromA": 7, "toA": 8, "fromB": 7, "toB": 7, "inserted": [""]}}
{"dateTime": "2025-08-25T18:43:28.925Z", "eventType": "input.type", "fullPath": "/main.py", "details": {"fromA": 7, "toA": 7, "fromB": 7, "toB": 8, "inserted": ["M"]}}
{"dateTime": "2025-08-25T18:43:30.885Z", "eventType": "input.complete", "fullPath": "/main.py", "details": {"fromA": 7, "toA": 8, "fromB": 7, "toB": 11, "inserted": ["Math"]}}
{"dateTime": "2025-08-25T18:43:31.571Z", "eventType": "select.pointer", "fullPath": "/main.py", "details": {"selection": {"from": 14, "to": 14}}}
{"dateTime": "2025-08-25T18:43:32.332Z", "eventType": "delete.backward", "fullPath": "/main.py", "details": {"fromA": 13, "toA": 14, "fromB": 13, "toB": 13, "inserted": [""]}}
{"dateTime": "2025-08-25T18:43:32.525Z", "eventType": "delete.backward", "fullPath": "/main.py", "details": {"fromA": 12, "toA": 13, "fromB": 12, "toB": 12, "inserted": [""]}}
{"dateTime": "2025-08-25T18:43:32.971Z", "eventType": "delete.backward", "fullPath": "/main.py", "details": {"fromA": 11, "toA": 12, "fromB": 11, "toB": 11, "inserted": [""]}}
{"dateTime": "2025-08-25T18:43:33.780Z", "eventType": "select.pointer", "fullPath": "/main.py", "details": {"selection": {"from": 148, "to": 148}}}
{"dateTime": "2025-08-25T18:45:04.214Z", "eventType": "select.pointer", "fullPath": "/main.py", "details": {"selection": {"from": 12, "to": 12}}}
{"dateTime": "2025-08-25T18:45:04.395Z", "eventType": "select.pointer", "fullPath": "/main.py", "details": {"selection": {"from": 11, "to": 12}}}
{"dateTime": "2025-08-25T18:45:04.427Z", "eventType": "select.pointer", "fullPath": "/main.py", "details": {"selection": {"from": 10, "to": 12}}}
{"dateTime": "2025-08-25T18:45:04.441Z", "eventType": "select.pointer", "fullPath": "/main.py", "details": {"selection": {"from": 9, "to": 12}}}
{"dateTime": "2025-08-25T18:45:04.458Z", "eventType": "select.pointer", "fullPath": "/main.py", "details": {"selection": {"from": 8, "to": 12}}}
{"dateTime": "2025-08-25T18:45:04.525Z", "eventType": "select.pointer", "fullPath": "/main.py", "details": {"selection": {"from": 7, "to": 12}}}
{"dateTime": "2025-08-25T18:45:04.558Z", "eventType": "select.pointer", "fullPath": "/main.py", "details": {"selection": {"from": 6, "to": 12}}}
{"dateTime": "2025-08-25T18:45:04.725Z", "eventType": "select.pointer", "fullPath": "/main.py", "details": {"selection": {"from": 5, "to": 12}}}
{"dateTime": "2025-08-25T18:45:04.742Z", "eventType": "select.pointer", "fullPath": "/main.py", "details": {"selection": {"from": 4, "to": 12}}}
{"dateTime": "2025-08-25T18:45:04.776Z", "eventType": "select.pointer", "fullPath": "/main.py", "details": {"selection": {"from": 3, "to": 12}}}
{"dateTime": "2025-08-25T18:45:04.808Z", "eventType": "select.pointer", "fullPath": "/main.py", "details": {"selection": {"from": 2, "to": 12}}}
{"dateTime": "2025-08-25T18:45:04.858Z", "eventType": "select.pointer", "fullPath": "/main.py", "details": {"selection": {"from": 1, "to": 12}}}
{"dateTime": "2025-08-25T18:45:05.076Z", "eventType": "select.pointer", "fullPath": "/main.py", "details": {"selection": {"from": 0, "to": 12}}}
{"dateTime": "2025-08-25T18:45:05.805Z", "eventType": "select.pointer", "fullPath": "/main.py", "details": {"selection": {"from": 148, "to": 148}}}
{"dateTime": "2025-08-25T18:45:23.101Z", "eventType": "input.type", "fullPath": "/main.py", "details": {"fromA": 148, "toA": 148, "fromB": 148, "toB": 149, "inserted": ["s"]}}
{"dateTime": "2025-08-25T18:45:23.374Z", "eventType": "input.type", "fullPath": "/main.py", "details": {"fromA": 149, "toA": 149, "fromB": 149, "toB": 150, "inserted": ["q"]}}
{"dateTime": "2025-08-25T18:45:27.013Z", "eventType": "select.pointer", "fullPath": "/main.py", "details": {"selection": {"from": 8, "to": 8}}}
{"dateTime": "2025-08-25T18:45:27.804Z", "eventType": "delete.backward", "fullPath": "/main.py", "details": {"fromA": 7, "toA": 8, "fromB": 7, "toB": 7, "inserted": [""]}}
{"dateTime": "2025-08-25T18:45:28.109Z", "eventType": "input.type", "fullPath": "/main.py", "details": {"fromA": 7, "toA": 7, "fromB": 7, "toB": 8, "inserted": ["m"]}}
{"dateTime": "2025-08-25T18:45:29.393Z", "eventType": "blur", "fullPath": "/main.py"}
{"dateTime": "2025-08-25T18:45:29.396Z", "eventType": "focus", "fullPath": "/main.py"}
{"dateTime": "2025-08-25T18:45:29.399Z", "eventType": "select", "fullPath": "/main.py", "details": {"selection": {"from": 150, "to": 150}}}
{"dateTime": "2025-08-25T18:45:30.332Z", "eventType": "input.type", "fullPath": "/main.py", "details": {"fromA": 150, "toA": 150, "fromB": 150, "toB": 151, "inserted": ["r"]}}
{"dateTime": "2025-08-25T18:45:30.525Z", "eventType": "input.type", "fullPath": "/main.py", "details": {"fromA": 151, "toA": 151, "fromB": 151, "toB": 152, "inserted": ["t"]}}
{"dateTime": "2025-08-25T18:45:31.212Z", "eventType": "input.type", "fullPath": "/main.py", "details": {"fromA": 152, "toA": 152, "fromB": 152, "toB": 153, "inserted": ["."]}}
{"dateTime": "2025-08-25T18:45:33.852Z", "eventType": "delete.backward", "fullPath": "/main.py", "details": {"fromA": 152, "toA": 153, "fromB": 152, "toB": 152, "inserted": [""]}}
{"dateTime": "2025-08-25T18:45:33.991Z", "eventType": "delete.backward", "fullPath": "/main.py", "details": {"fromA": 151, "toA": 152, "fromB": 151, "toB": 151, "inserted": [""]}}
{"dateTime": "2025-08-25T18:45:34.123Z", "eventType": "delete.backward", "fullPath": "/main.py", "details": {"fromA": 150, "toA": 151, "fromB": 150, "toB": 150, "inserted": [""]}}
{"dateTime": "2025-08-25T18:45:34.247Z", "eventType": "delete.backward", "fullPath": "/main.py", "details": {"fromA": 149, "toA": 150, "fromB": 149, "toB": 149, "inserted": [""]}}
{"dateTime": "2025-08-25T18:45:34.397Z", "eventType": "delete.backward", "fullPath": "/main.py", "details": {"fromA": 148, "toA": 149, "fromB": 148, "toB": 148, "inserted": [""]}}
{"dateTime": "2025-08-25T18:45:35.100Z", "eventType": "input.type", "fullPath": "/main.py", "details": {"fromA": 148, "toA": 148, "fromB": 148, "toB": 149, "inserted": ["m"]}}
{"dateTime": "2025-08-25T18:45:35.275Z", "eventType": "input.type", "fullPath": "/main.py", "details": {"fromA": 149, "toA": 149, "fromB": 149, "toB": 150, "inserted": ["a"]}}
{"dateTime": "2025-08-25T18:45:35.709Z", "eventType": "input.type", "fullPath": "/main.py", "details": {"fromA": 150, "toA": 150, "fromB": 150, "toB": 151, "inserted": ["t"]}}
{"dateTime": "2025-08-25T18:45:35.823Z", "eventType": "input.type", "fullPath": "/main.py", "details": {"fromA": 151, "toA": 151, "fromB": 151, "toB": 152, "inserted": ["h"]}}
{"dateTime": "2025-08-25T18:45:36.973Z", "eventType": "input.type", "fullPath": "/main.py", "details": {"fromA": 152, "toA": 152, "fromB": 152, "toB": 153, "inserted": ["."]}}
{"dateTime": "2025-08-25T18:45:37.341Z", "eventType": "input.type", "fullPath": "/main.py", "details": {"fromA": 153, "toA": 153, "fromB": 153, "toB": 154, "inserted": ["s"]}}
{"dateTime": "2025-08-25T18:45:37.628Z", "eventType": "input.type", "fullPath": "/main.py", "details": {"fromA": 154, "toA": 154, "fromB": 154, "toB": 155, "inserted": ["q"]}}
{"dateTime": "2025-08-25T18:45:37.853Z", "eventType": "input.type", "fullPath": "/main.py", "details": {"fromA": 155, "toA": 155, "fromB": 155, "toB": 156, "inserted": ["u"]}}
{"dateTime": "2025-08-25T18:45:38.252Z", "eventType": "input.type", "fullPath": "/main.py", "details": {"fromA": 156, "toA": 156, "fromB": 156, "toB": 157, "inserted": ["r"]}}
{"dateTime": "2025-08-25T18:45:38.445Z", "eventType": "input.type", "fullPath": "/main.py", "details": {"fromA": 157, "toA": 157, "fromB": 157, "toB": 158, "inserted": ["t"]}}
{"dateTime": "2025-08-25T18:45:41.548Z", "eventType": "delete.backward", "fullPath": "/main.py", "details": {"fromA": 157, "toA": 158, "fromB": 157, "toB": 157, "inserted": [""]}}
{"dateTime": "2025-08-25T18:45:41.692Z", "eventType": "delete.backward", "fullPath": "/main.py", "details": {"fromA": 156, "toA": 157, "fromB": 156, "toB": 156, "inserted": [""]}}
{"dateTime": "2025-08-25T18:45:41.836Z", "eventType": "delete.backward", "fullPath": "/main.py", "details": {"fromA": 155, "toA": 156, "fromB": 155, "toB": 155, "inserted": [""]}}
{"dateTime": "2025-08-25T18:45:42.460Z", "eventType": "input.type", "fullPath": "/main.py", "details": {"fromA": 155, "toA": 155, "fromB": 155, "toB": 156, "inserted": ["r"]}}
{"dateTime": "2025-08-25T18:45:42.669Z", "eventType": "input.type", "fullPath": "/main.py", "details": {"fromA": 156, "toA": 156, "fromB": 156, "toB": 157, "inserted": ["t"]}}
{"dateTime": "2025-08-25T18:45:43.757Z", "eventType": "input.type", "fullPath": "/main.py", "details": {"fromA": 157, "toA": 157, "fromB": 157, "toB": 159, "inserted": ["()"]}}
{"dateTime": "2025-08-25T18:45:59.054Z", "eventType": "select.pointer", "fullPath": "/main.py", "details": {"selection": {"from": 77, "to": 77}}}
{"dateTime": "2025-08-25T18:45:59.176Z", "eventType": "select.pointer", "fullPath": "/main.py", "details": {"selection": {"from": 77, "to": 78}}}
{"dateTime": "2025-08-25T18:45:59.207Z", "eventType": "select.pointer", "fullPath": "/main.py", "details": {"selection": {"from": 77, "to": 79}}}
{"dateTime": "2025-08-25T18:45:59.227Z", "eventType": "select.pointer", "fullPath": "/main.py", "details": {"selection": {"from": 77, "to": 80}}}
{"dateTime": "2025-08-25T18:45:59.244Z", "eventType": "select.pointer", "fullPath": "/main.py", "details": {"selection": {"from": 77, "to": 81}}}
{"dateTime": "2025-08-25T18:45:59.260Z", "eventType": "select.pointer", "fullPath": "/main.py", "details": {"selection": {"from": 77, "to": 82}}}
{"dateTime": "2025-08-25T18:45:59.275Z", "eventType": "select.pointer", "fullPath": "/main.py", "details": {"selection": {"from": 77, "to": 83}}}
{"dateTime": "2025-08-25T18:45:59.343Z", "eventType": "select.pointer", "fullPath": "/main.py", "details": {"selection": {"from": 77, "to": 84}}}
{"dateTime": "2025-08-25T18:45:59.459Z", "eventType": "select.pointer", "fullPath": "/main.py", "details": {"selection": {"from": 77, "to": 85}}}
{"dateTime": "2025-08-25T18:45:59.842Z", "eventType": "select.pointer", "fullPath": "/main.py", "details": {"selection": {"from": 77, "to": 84}}}
{"dateTime": "2025-08-25T18:46:01.904Z", "eventType": "select.pointer", "fullPath": "/main.py", "details": {"selection": {"from": 158, "to": 158}}}
{"dateTime": "2025-08-25T18:46:02.703Z", "eventType": "generic", "fullPath": "/main.py", "details": {"fromA": 158, "toA": 158, "fromB": 158, "toB": 165, "inserted": ["cordeBx"]}}
{"dateTime": "2025-08-25T18:46:04.285Z", "eventType": "input.type", "fullPath": "/main.py", "details": {"fromA": 165, "toA": 165, "fromB": 165, "toB": 166, "inserted": ["-"]}}
{"dateTime": "2025-08-25T18:46:07.565Z", "eventType": "select.pointer", "fullPath": "/main.py", "details": {"selection": {"from": 13, "to": 13}}}
{"dateTime": "2025-08-25T18:46:07.662Z", "eventType": "select.pointer", "fullPath": "/main.py", "details": {"selection": {"from": 13, "to": 14}}}
{"dateTime": "2025-08-25T18:46:07.695Z", "eventType": "select.pointer", "fullPath": "/main.py", "details": {"selection": {"from": 13, "to": 15}}}
{"dateTime": "2025-08-25T18:46:07.725Z", "eventType": "select.pointer", "fullPath": "/main.py", "details": {"selection": {"from": 13, "to": 16}}}
{"dateTime": "2025-08-25T18:46:07.757Z", "eventType": "select.pointer", "fullPath": "/main.py", "details": {"selection": {"from": 13, "to": 17}}}
{"dateTime": "2025-08-25T18:46:07.773Z", "eventType": "select.pointer", "fullPath": "/main.py", "details": {"selection": {"from": 13, "to": 18}}}
{"dateTime": "2025-08-25T18:46:07.978Z", "eventType": "select.pointer", "fullPath": "/main.py", "details": {"selection": {"from": 13, "to": 19}}}
{"dateTime": "2025-08-25T18:46:08.027Z", "eventType": "select.pointer", "fullPath": "/main.py", "details": {"selection": {"from": 13, "to": 20}}}
{"dateTime": "2025-08-25T18:46:10.269Z", "eventType": "select.pointer", "fullPath": "/main.py", "details": {"selection": {"from": 166, "to": 166}}}
{"dateTime": "2025-08-25T18:46:10.358Z", "eventType": "select.pointer", "fullPath": "/main.py", "details": {"selection": {"from": 166, "to": 166}}}
{"dateTime": "2025-08-25T18:46:11.631Z", "eventType": "generic", "fullPath": "/main.py", "details": {"fromA": 166, "toA": 166, "fromB": 166, "toB": 173, "inserted": ["cordeAx"]}}
{"dateTime": "2025-08-25T18:46:13.091Z", "eventType": "select.pointer", "fullPath": "/main.py", "details": {"selection": {"from": 174, "to": 174}}}
{"dateTime": "2025-08-25T18:46:14.284Z", "eventType": "select.pointer", "fullPath": "/main.py", "details": {"selection": {"from": 173, "to": 173}}}
{"dateTime": "2025-08-25T18:46:17.500Z", "eventType": "select", "fullPath": "/main.py", "details": {"selection": {"from": 172, "to": 172}}}
{"dateTime": "2025-08-25T18:46:17.658Z", "eventType": "select", "fullPath": "/main.py", "details": {"selection": {"from": 171, "to": 171}}}
{"dateTime": "2025-08-25T18:46:17.930Z", "eventType": "select", "fullPath": "/main.py", "details": {"selection": {"from": 170, "to": 170}}}
{"dateTime": "2025-08-25T18:46:18.042Z", "eventType": "select", "fullPath": "/main.py", "details": {"selection": {"from": 169, "to": 169}}}
{"dateTime": "2025-08-25T18:46:18.170Z", "eventType": "select", "fullPath": "/main.py", "details": {"selection": {"from": 168, "to": 168}}}
{"dateTime": "2025-08-25T18:46:18.298Z", "eventType": "select", "fullPath": "/main.py", "details": {"selection": {"from": 167, "to": 167}}}
{"dateTime": "2025-08-25T18:46:18.426Z", "eventType": "select", "fullPath": "/main.py", "details": {"selection": {"from": 166, "to": 166}}}
{"dateTime": "2025-08-25T18:46:18.554Z", "eventType": "select", "fullPath": "/main.py", "details": {"selection": {"from": 165, "to": 165}}}
{"dateTime": "2025-08-25T18:46:18.665Z", "eventType": "select", "fullPath": "/main.py", "details": {"selection": {"from": 164, "to": 164}}}
{"dateTime": "2025-08-25T18:46:18.794Z", "eventType": "select", "fullPath": "/main.py", "details": {"selection": {"from": 163, "to": 163}}}
{"dateTime": "2025-08-25T18:46:18.906Z", "eventType": "select", "fullPath": "/main.py", "details": {"selection": {"from": 162, "to": 162}}}
{"dateTime": "2025-08-25T18:46:19.034Z", "eventType": "select", "fullPath": "/main.py", "details": {"selection": {"from": 161, "to": 161}}}
{"dateTime": "2025-08-25T18:46:19.162Z", "eventType": "select", "fullPath": "/main.py", "details": {"selection": {"from": 160, "to": 160}}}
{"dateTime": "2025-08-25T18:46:19.290Z", "eventType": "select", "fullPath": "/main.py", "details": {"selection": {"from": 159, "to": 159}}}
{"dateTime": "2025-08-25T18:46:19.644Z", "eventType": "select", "fullPath": "/main.py", "details": {"selection": {"from": 158, "to": 158}}}
{"dateTime": "2025-08-25T18:46:20.381Z", "eventType": "input.type", "fullPath": "/main.py", "details": {"fromA": 158, "toA": 158, "fromB": 158, "toB": 159, "inserted": ["("]}}
{"dateTime": "2025-08-25T18:46:21.019Z", "eventType": "select", "fullPath": "/main.py", "details": {"selection": {"from": 160, "to": 160}}}
{"dateTime": "2025-08-25T18:46:21.177Z", "eventType": "select", "fullPath": "/main.py", "details": {"selection": {"from": 161, "to": 161}}}
{"dateTime": "2025-08-25T18:46:21.305Z", "eventType": "select", "fullPath": "/main.py", "details": {"selection": {"from": 162, "to": 162}}}
{"dateTime": "2025-08-25T18:46:21.433Z", "eventType": "select", "fullPath": "/main.py", "details": {"selection": {"from": 163, "to": 163}}}
{"dateTime": "2025-08-25T18:46:21.934Z", "eventType": "select", "fullPath": "/main.py", "details": {"selection": {"from": 164, "to": 164}}}
{"dateTime": "2025-08-25T18:46:21.985Z", "eventType": "select", "fullPath": "/main.py", "details": {"selection": {"from": 165, "to": 165}}}
{"dateTime": "2025-08-25T18:46:22.035Z", "eventType": "select", "fullPath": "/main.py", "details": {"selection": {"from": 166, "to": 166}}}
{"dateTime": "2025-08-25T18:46:22.085Z", "eventType": "select", "fullPath": "/main.py", "details": {"selection": {"from": 167, "to": 167}}}
{"dateTime": "2025-08-25T18:46:22.136Z", "eventType": "select", "fullPath": "/main.py", "details": {"selection": {"from": 168, "to": 168}}}
{"dateTime": "2025-08-25T18:46:22.187Z", "eventType": "select", "fullPath": "/main.py", "details": {"selection": {"from": 169, "to": 169}}}
{"dateTime": "2025-08-25T18:46:22.238Z", "eventType": "select", "fullPath": "/main.py", "details": {"selection": {"from": 170, "to": 170}}}
{"dateTime": "2025-08-25T18:46:22.378Z", "eventType": "select", "fullPath": "/main.py", "details": {"selection": {"from": 171, "to": 171}}}
{"dateTime": "2025-08-25T18:46:22.553Z", "eventType": "select", "fullPath": "/main.py", "details": {"selection": {"from": 172, "to": 172}}}
{"dateTime": "2025-08-25T18:46:22.698Z", "eventType": "select", "fullPath": "/main.py", "details": {"selection": {"from": 173, "to": 173}}}
{"dateTime": "2025-08-25T18:46:22.873Z", "eventType": "select", "fullPath": "/main.py", "details": {"selection": {"from": 174, "to": 174}}}
{"dateTime": "2025-08-25T18:46:23.949Z", "eventType": "input.type", "fullPath": "/main.py", "details": {"fromA": 174, "toA": 174, "fromB": 174, "toB": 175, "inserted": [")"]}}
{"dateTime": "2025-08-25T18:46:25.821Z", "eventType": "input.type", "fullPath": "/main.py", "details": {"fromA": 175, "toA": 175, "fromB": 175, "toB": 176, "inserted": ["*"]}}
{"dateTime": "2025-08-25T18:46:25.966Z", "eventType": "input.type", "fullPath": "/main.py", "details": {"fromA": 176, "toA": 176, "fromB": 176, "toB": 177, "inserted": ["*"]}}
{"dateTime": "2025-08-25T18:46:26.174Z", "eventType": "input.type", "fullPath": "/main.py", "details": {"fromA": 177, "toA": 177, "fromB": 177, "toB": 178, "inserted": ["2"]}}
{"dateTime": "2025-08-25T18:46:28.029Z", "eventType": "input.type", "fullPath": "/main.py", "details": {"fromA": 178, "toA": 178, "fromB": 178, "toB": 180, "inserted": ["()"]}}
{"dateTime": "2025-08-25T18:46:29.757Z", "eventType": "delete.backward", "fullPath": "/main.py", "details": {"fromA": 178, "toA": 180, "fromB": 178, "toB": 178, "inserted": [""]}}
{"dateTime": "2025-08-25T18:46:32.221Z", "eventType": "input.type", "fullPath": "/main.py", "details": {"fromA": 178, "toA": 178, "fromB": 178, "toB": 179, "inserted": [" "]}}
{"dateTime": "2025-08-25T18:46:32.446Z", "eventType": "input.type", "fullPath": "/main.py", "details": {"fromA": 179, "toA": 179, "fromB": 179, "toB": 180, "inserted": ["+"]}}
{"dateTime": "2025-08-25T18:46:32.717Z", "eventType": "input.type", "fullPath": "/main.py", "details": {"fromA": 180, "toA": 180, "fromB": 180, "toB": 181, "inserted": [" "]}}
{"dateTime": "2025-08-25T18:46:33.773Z", "eventType": "input.type", "fullPath": "/main.py", "details": {"fromA": 181, "toA": 181, "fromB": 181, "toB": 183, "inserted": ["()"]}}
{"dateTime": "2025-08-25T18:47:10.478Z", "eventType": "select.pointer", "fullPath": "/main.py", "details": {"selection": {"from": 109, "to": 109}}}
{"dateTime": "2025-08-25T18:47:10.562Z", "eventType": "select.pointer", "fullPath": "/main.py", "details": {"selection": {"from": 109, "to": 110}}}
{"dateTime": "2025-08-25T18:47:10.595Z", "eventType": "select.pointer", "fullPath": "/main.py", "details": {"selection": {"from": 109, "to": 111}}}
{"dateTime": "2025-08-25T18:47:10.611Z", "eventType": "select.pointer", "fullPath": "/main.py", "details": {"selection": {"from": 109, "to": 112}}}
{"dateTime": "2025-08-25T18:47:10.626Z", "eventType": "select.pointer", "fullPath": "/main.py", "details": {"selection": {"from": 109, "to": 114}}}
{"dateTime": "2025-08-25T18:47:10.642Z", "eventType": "select.pointer", "fullPath": "/main.py", "details": {"selection": {"from": 109, "to": 116}}}
{"dateTime": "2025-08-25T18:47:10.673Z", "eventType": "select.pointer", "fullPath": "/main.py", "details": {"selection": {"from": 109, "to": 117}}}
{"dateTime": "2025-08-25T18:47:10.776Z", "eventType": "select.pointer", "fullPath": "/main.py", "details": {"selection": {"from": 109, "to": 118}}}
{"dateTime": "2025-08-25T18:47:10.925Z", "eventType": "select.pointer", "fullPath": "/main.py", "details": {"selection": {"from": 109, "to": 117}}}
{"dateTime": "2025-08-25T18:47:11.042Z", "eventType": "select.pointer", "fullPath": "/main.py", "details": {"selection": {"from": 109, "to": 116}}}
{"dateTime": "2025-08-25T18:47:13.614Z", "eventType": "select.pointer", "fullPath": "/main.py", "details": {"selection": {"from": 182, "to": 182}}}
{"dateTime": "2025-08-25T18:47:14.927Z", "eventType": "generic", "fullPath": "/main.py", "details": {"fromA": 182, "toA": 182, "fromB": 182, "toB": 189, "inserted": ["cordeBy"]}}
{"dateTime": "2025-08-25T18:47:19.550Z", "eventType": "select.pointer", "fullPath": "/main.py", "details": {"selection": {"from": 46, "to": 46}}}
{"dateTime": "2025-08-25T18:47:19.674Z", "eventType": "select.pointer", "fullPath": "/main.py", "details": {"selection": {"from": 46, "to": 46}}}
{"dateTime": "2025-08-25T18:47:19.713Z", "eventType": "select.pointer", "fullPath": "/main.py", "details": {"selection": {"from": 46, "to": 47}}}
{"dateTime": "2025-08-25T18:47:19.744Z", "eventType": "select.pointer", "fullPath": "/main.py", "details": {"selection": {"from": 46, "to": 48}}}
{"dateTime": "2025-08-25T18:47:19.794Z", "eventType": "select.pointer", "fullPath": "/main.py", "details": {"selection": {"from": 46, "to": 49}}}
{"dateTime": "2025-08-25T18:47:19.828Z", "eventType": "select.pointer", "fullPath": "/main.py", "details": {"selection": {"from": 46, "to": 50}}}
{"dateTime": "2025-08-25T18:47:19.845Z", "eventType": "select.pointer", "fullPath": "/main.py", "details": {"selection": {"from": 46, "to": 51}}}
{"dateTime": "2025-08-25T18:47:19.858Z", "eventType": "select.pointer", "fullPath": "/main.py", "details": {"selection": {"from": 46, "to": 52}}}
{"dateTime": "2025-08-25T18:47:20.009Z", "eventType": "select.pointer", "fullPath": "/main.py", "details": {"selection": {"from": 46, "to": 53}}}
{"dateTime": "2025-08-25T18:47:20.359Z", "eventType": "select.pointer", "fullPath": "/main.py", "details": {"selection": {"from": 46, "to": 52}}}
{"dateTime": "2025-08-25T18:47:21.556Z", "eventType": "select.pointer", "fullPath": "/main.py", "details": {"selection": {"from": 45, "to": 45}}}
{"dateTime": "2025-08-25T18:47:21.678Z", "eventType": "select.pointer", "fullPath": "/main.py", "details": {"selection": {"from": 45, "to": 46}}}
{"dateTime": "2025-08-25T18:47:21.846Z", "eventType": "select.pointer", "fullPath": "/main.py", "details": {"selection": {"from": 45, "to": 47}}}
{"dateTime": "2025-08-25T18:47:21.929Z", "eventType": "select.pointer", "fullPath": "/main.py", "details": {"selection": {"from": 45, "to": 48}}}
{"dateTime": "2025-08-25T18:47:21.995Z", "eventType": "select.pointer", "fullPath": "/main.py", "details": {"selection": {"from": 45, "to": 49}}}
{"dateTime": "2025-08-25T18:47:22.061Z", "eventType": "select.pointer", "fullPath": "/main.py", "details": {"selection": {"from": 45, "to": 50}}}
{"dateTime": "2025-08-25T18:47:22.161Z", "eventType": "select.pointer", "fullPath": "/main.py", "details": {"selection": {"from": 45, "to": 51}}}
{"dateTime": "2025-08-25T18:47:22.411Z", "eventType": "select.pointer", "fullPath": "/main.py", "details": {"selection": {"from": 45, "to": 52}}}
{"dateTime": "2025-08-25T18:47:25.231Z", "eventType": "select.pointer", "fullPath": "/main.py", "details": {"selection": {"from": 189, "to": 189}}}
{"dateTime": "2025-08-25T18:47:27.629Z", "eventType": "input.type", "fullPath": "/main.py", "details": {"fromA": 189, "toA": 189, "fromB": 189, "toB": 190, "inserted": [" "]}}
{"dateTime": "2025-08-25T18:47:27.758Z", "eventType": "input.type", "fullPath": "/main.py", "details": {"fromA": 190, "toA": 190, "fromB": 190, "toB": 191, "inserted": ["-"]}}
{"dateTime": "2025-08-25T18:47:27.934Z", "eventType": "input.type", "fullPath": "/main.py", "details": {"fromA": 191, "toA": 191, "fromB": 191, "toB": 192, "inserted": [" "]}}
{"dateTime": "2025-08-25T18:47:28.959Z", "eventType": "generic", "fullPath": "/main.py", "details": {"fromA": 192, "toA": 192, "fromB": 192, "toB": 199, "inserted": ["cordeAy"]}}
{"dateTime": "2025-08-25T18:47:30.584Z", "eventType": "select.pointer", "fullPath": "/main.py", "details": {"selection": {"from": 200, "to": 200}}}
{"dateTime": "2025-08-25T18:47:32.206Z", "eventType": "input.type", "fullPath": "/main.py", "details": {"fromA": 200, "toA": 200, "fromB": 200, "toB": 201, "inserted": ["*"]}}
{"dateTime": "2025-08-25T18:47:32.333Z", "eventType": "input.type", "fullPath": "/main.py", "details": {"fromA": 201, "toA": 201, "fromB": 201, "toB": 202, "inserted": ["*"]}}
{"dateTime": "2025-08-25T18:47:32.510Z", "eventType": "input.type", "fullPath": "/main.py", "details": {"fromA": 202, "toA": 202, "fromB": 202, "toB": 203, "inserted": ["2"]}}
{"dateTime": "2025-08-25T18:47:34.636Z", "eventType": "select.pointer", "fullPath": "/main.py", "details": {"selection": {"from": 204, "to": 204}}}
{"dateTime": "2025-08-25T18:47:38.814Z", "eventType": "input", "fullPath": "/main.py", "details": {"fromA": 204, "toA": 204, "fromB": 204, "toB": 205, "inserted": ["", ""]}}
{"dateTime": "2025-08-25T18:47:39.421Z", "eventType": "input", "fullPath": "/main.py", "details": {"fromA": 205, "toA": 205, "fromB": 205, "toB": 206, "inserted": ["", ""]}}
{"dateTime": "2025-08-25T18:47:39.933Z", "eventType": "input.type", "fullPath": "/main.py", "details": {"fromA": 206, "toA": 206, "fromB": 206, "toB": 207, "inserted": ["p"]}}
{"dateTime": "2025-08-25T18:47:40.030Z", "eventType": "input.type", "fullPath": "/main.py", "details": {"fromA": 207, "toA": 207, "fromB": 207, "toB": 208, "inserted": ["r"]}}
{"dateTime": "2025-08-25T18:47:40.127Z", "eventType": "input.type", "fullPath": "/main.py", "details": {"fromA": 208, "toA": 208, "fromB": 208, "toB": 209, "inserted": ["i"]}}
{"dateTime": "2025-08-25T18:47:40.133Z", "eventType": "input.type", "fullPath": "/main.py", "details": {"fromA": 209, "toA": 209, "fromB": 209, "toB": 210, "inserted": ["o"]}}
{"dateTime": "2025-08-25T18:47:40.190Z", "eventType": "input.type", "fullPath": "/main.py", "details": {"fromA": 210, "toA": 210, "fromB": 210, "toB": 211, "inserted": ["n"]}}
{"dateTime": "2025-08-25T18:47:40.253Z", "eventType": "input.type", "fullPath": "/main.py", "details": {"fromA": 211, "toA": 211, "fromB": 211, "toB": 212, "inserted": ["t"]}}
{"dateTime": "2025-08-25T18:47:40.700Z", "eventType": "delete.backward", "fullPath": "/main.py", "details": {"fromA": 211, "toA": 212, "fromB": 211, "toB": 211, "inserted": [""]}}
{"dateTime": "2025-08-25T18:47:40.830Z", "eventType": "delete.backward", "fullPath": "/main.py", "details": {"fromA": 210, "toA": 211, "fromB": 210, "toB": 210, "inserted": [""]}}
{"dateTime": "2025-08-25T18:47:41.134Z", "eventType": "delete.backward", "fullPath": "/main.py", "details": {"fromA": 209, "toA": 210, "fromB": 209, "toB": 209, "inserted": [""]}}
{"dateTime": "2025-08-25T18:47:41.549Z", "eventType": "input.type", "fullPath": "/main.py", "details": {"fromA": 209, "toA": 209, "fromB": 209, "toB": 210, "inserted": ["n"]}}
{"dateTime": "2025-08-25T18:47:41.690Z", "eventType": "input.type", "fullPath": "/main.py", "details": {"fromA": 210, "toA": 210, "fromB": 210, "toB": 211, "inserted": ["t"]}}
{"dateTime": "2025-08-25T18:47:44.797Z", "eventType": "input.type", "fullPath": "/main.py", "details": {"fromA": 211, "toA": 211, "fromB": 211, "toB": 213, "inserted": ["()"]}}
{"dateTime": "2025-08-25T18:47:45.549Z", "eventType": "input.type", "fullPath": "/main.py", "details": {"fromA": 212, "toA": 212, "fromB": 212, "toB": 213, "inserted": ["d"]}}
{"dateTime": "2025-08-25T18:47:45.615Z", "eventType": "input.type", "fullPath": "/main.py", "details": {"fromA": 213, "toA": 213, "fromB": 213, "toB": 214, "inserted": ["a"]}}
{"dateTime": "2025-08-25T18:47:45.873Z", "eventType": "input.type", "fullPath": "/main.py", "details": {"fromA": 214, "toA": 214, "fromB": 214, "toB": 215, "inserted": ["b"]}}
{"dateTime": "2025-08-25T18:47:47.542Z", "eventType": "input.complete", "fullPath": "/main.py", "details": {"fromA": 212, "toA": 215, "fromB": 212, "toB": 215, "inserted": ["dab"]}}
{"dateTime": "2025-08-25T18:47:50.251Z", "eventType": "blur", "fullPath": "/main.py"}
{"dateTime": "2025-09-01T16:30:51.714Z", "eventType": "focus", "fullPath": "/main.py"}
{"dateTime": "2025-09-01T16:30:53.864Z", "eventType": "blur", "fullPath": "/main.py"}
{"dateTime": "2025-09-01T16:31:58.451Z", "eventType": "window.blur", "fullPath": "/main.py"}
{"dateTime": "2025-09-01T16:32:11.443Z", "eventType": "window.focus", "fullPath": "/main.py"}
{"dateTime": "2025-09-01T16:32:19.084Z", "eventType": "window.blur", "fullPath": "/main.py"}
{"dateTime": "2025-09-01T16:33:06.638Z", "eventType": "window.focus", "fullPath": "/main.py"}
{"dateTime": "2025-09-01T16:33:19.052Z", "eventType": "window.blur", "fullPath": "/main.py"}
{"dateTime": "2025-09-01T16:33:27.304Z", "eventType": "window.focus", "fullPath": "/main.py"}
{"dateTime": "2025-09-01T16:33:28.995Z", "eventType": "window.blur", "fullPath": "/main.py"}
{"dateTime": "2025-09-01T16:33:51.704Z", "eventType": "window.focus", "fullPath": "/main.py"}
{"dateTime": "2025-09-01T16:33:53.628Z", "eventType": "window.blur", "fullPath": "/main.py"}
{"dateTime": "2025-09-01T16:34:09.464Z", "eventType": "window.focus", "fullPath": "/main.py"}
{"dateTime": "2025-09-01T16:34:16.580Z", "eventType": "window.blur", "fullPath": "/main.py"}
{"dateTime": "2025-09-01T16:34:31.927Z", "eventType": "window.focus", "fullPath": "/main.py"}
{"dateTime": "2025-09-01T16:34:32.834Z", "eventType": "window.blur", "fullPath": "/main.py"}
{"dateTime": "2025-09-01T16:34:40.165Z", "eventType": "window.focus", "fullPath": "/main.py"}
{"dateTime": "2025-09-01T16:34:42.357Z", "eventType": "window.blur", "fullPath": "/main.py"}
{"dateTime": "2025-09-01T16:35:11.547Z", "eventType": "window.focus", "fullPath": "/main.py"}
{"dateTime": "2025-09-01T16:35:17.139Z", "eventType": "window.blur", "fullPath": "/main.py"}
{"dateTime": "2025-09-01T16:35:37.330Z", "eventType": "window.focus", "fullPath": "/main.py"}
{"dateTime": "2025-09-01T16:35:39.614Z", "eventType": "window.blur", "fullPath": "/main.py"}
{"dateTime": "2025-09-01T16:35:48.392Z", "eventType": "window.focus", "fullPath": "/main.py"}
{"dateTime": "2025-09-01T16:35:50.770Z", "eventType": "window.blur", "fullPath": "/main.py"}
{"dateTime": "2025-09-01T16:35:59.921Z", "eventType": "window.focus", "fullPath": "/main.py"}
{"dateTime": "2025-09-01T16:36:11.509Z", "eventType": "window.blur", "fullPath": "/main.py"}
{"dateTime": "2025-09-01T16:36:13.358Z", "eventType": "window.focus", "fullPath": "/main.py"}
{"dateTime": "2025-09-01T16:36:16.055Z", "eventType": "window.blur", "fullPath": "/main.py"}
{"dateTime": "2025-09-01T16:36:53.487Z", "eventType": "window.focus", "fullPath": "/main.py"}
{"dateTime": "2025-09-01T16:36:58.078Z", "eventType": "window.blur", "fullPath": "/main.py"}
{"dateTime": "2025-09-01T16:37:00.063Z", "eventType": "window.focus", "fullPath": "/main.py"}
{"dateTime": "2025-09-01T16:37:05.046Z", "eventType": "focus", "fullPath": "/main.py"}
{"dateTime": "2025-09-01T16:37:05.057Z", "eventType": "select", "fullPath": "/main.py", "details": {"selection": {"from": 225, "to": 225}}}
{"dateTime": "2025-09-01T16:37:05.590Z", "eventType": "blur", "fullPath": "/main.py"}
{"dateTime": "2025-09-01T16:37:14.685Z", "eventType": "window.blur", "fullPath": "/main.py"}
{"dateTime": "2025-09-01T16:37:30.557Z", "eventType": "window.focus", "fullPath": "/main.py"}
{"dateTime": "2025-09-01T16:37:34.380Z", "eventType": "window.blur", "fullPath": "/main.py"}
{"dateTime": "2025-09-01T16:37:37.145Z", "eventType": "window.focus", "fullPath": "/main.py"}
{"dateTime": "2025-09-01T16:37:38.917Z", "eventType": "window.blur", "fullPath": "/main.py"}
{"dateTime": "2025-09-01T16:37:40.945Z", "eventType": "window.focus", "fullPath": "/main.py"}
{"dateTime": "2025-09-01T16:37:41.643Z", "eventType": "window.blur", "fullPath": "/main.py"}
{"dateTime": "2025-09-01T16:40:14.728Z", "eventType": "window.focus", "fullPath": "/main.py"}
{"dateTime": "2025-09-01T16:40:21.521Z", "eventType": "window.blur", "fullPath": "/main.py"}
{"dateTime": "2025-09-01T16:40:31.631Z", "eventType": "window.focus", "fullPath": "/main.py"}
{"dateTime": "2025-09-01T16:40:33.522Z", "eventType": "focus", "fullPath": "/main.py"}
{"dateTime": "2025-09-01T16:40:33.529Z", "eventType": "select.pointer", "fullPath": "/main.py", "details": {"selection": {"from": 0, "to": 0}}}
{"dateTime": "2025-09-01T16:40:33.692Z", "eventType": "select.pointer", "fullPath": "/main.py", "details": {"selection": {"from": 0, "to": 12}}}
{"dateTime": "2025-09-01T16:40:33.727Z", "eventType": "select.pointer", "fullPath": "/main.py", "details": {"selection": {"from": 0, "to": 14}}}
{"dateTime": "2025-09-01T16:40:33.741Z", "eventType": "select.pointer", "fullPath": "/main.py", "details": {"selection": {"from": 0, "to": 47}}}
{"dateTime": "2025-09-01T16:40:33.777Z", "eventType": "select.pointer", "fullPath": "/main.py", "details": {"selection": {"from": 0, "to": 79}}}
{"dateTime": "2025-09-01T16:40:33.792Z", "eventType": "select.pointer", "fullPath": "/main.py", "details": {"selection": {"from": 0, "to": 112}}}
{"dateTime": "2025-09-01T16:40:33.809Z", "eventType": "select.pointer", "fullPath": "/main.py", "details": {"selection": {"from": 0, "to": 141}}}
{"dateTime": "2025-09-01T16:40:33.844Z", "eventType": "select.pointer", "fullPath": "/main.py", "details": {"selection": {"from": 0, "to": 149}}}
{"dateTime": "2025-09-01T16:40:33.877Z", "eventType": "select.pointer", "fullPath": "/main.py", "details": {"selection": {"from": 0, "to": 205}}}
{"dateTime": "2025-09-01T16:40:33.910Z", "eventType": "select.pointer", "fullPath": "/main.py", "details": {"selection": {"from": 0, "to": 219}}}
{"dateTime": "2025-09-01T16:40:33.925Z", "eventType": "select.pointer", "fullPath": "/main.py", "details": {"selection": {"from": 0, "to": 221}}}
{"dateTime": "2025-09-01T16:40:33.942Z", "eventType": "select.pointer", "fullPath": "/main.py", "details": {"selection": {"from": 0, "to": 225}}}
{"dateTime": "2025-09-01T16:40:36.084Z", "eventType": "window.blur", "fullPath": "/main.py"}
{"dateTime": "2025-09-01T16:43:59.866Z", "eventType": "window.focus", "fullPath": "/main.py"}
{"dateTime": "2025-09-01T16:43:59.868Z", "eventType": "focus", "fullPath": "/main.py"}
{"dateTime": "2025-09-01T16:44:02.262Z", "eventType": "blur", "fullPath": "/main.py"}
{"dateTime": "2025-09-01T16:44:03.159Z", "eventType": "focus", "fullPath": "/main.py"}
{"dateTime": "2025-09-01T16:44:03.163Z", "eventType": "select.pointer", "fullPath": "/main.py", "details": {"selection": {"from": 225, "to": 225}}}
{"dateTime": "2025-09-01T16:44:03.958Z", "eventType": "select.pointer", "fullPath": "/main.py", "details": {"selection": {"from": 224, "to": 225}}}
{"dateTime": "2025-09-01T16:44:03.974Z", "eventType": "select.pointer", "fullPath": "/main.py", "details": {"selection": {"from": 223, "to": 225}}}
{"dateTime": "2025-09-01T16:44:03.991Z", "eventType": "select.pointer", "fullPath": "/main.py", "details": {"selection": {"from": 221, "to": 225}}}
{"dateTime": "2025-09-01T16:44:04.007Z", "eventType": "select.pointer", "fullPath": "/main.py", "details": {"selection": {"from": 220, "to": 225}}}
{"dateTime": "2025-09-01T16:44:04.024Z", "eventType": "select.pointer", "fullPath": "/main.py", "details": {"selection": {"from": 218, "to": 225}}}
{"dateTime": "2025-09-01T16:44:04.041Z", "eventType": "select.pointer", "fullPath": "/main.py", "details": {"selection": {"from": 217, "to": 225}}}
{"dateTime": "2025-09-01T16:44:04.059Z", "eventType": "select.pointer", "fullPath": "/main.py", "details": {"selection": {"from": 205, "to": 225}}}
{"dateTime": "2025-09-01T16:44:04.093Z", "eventType": "select.pointer", "fullPath": "/main.py", "details": {"selection": {"from": 150, "to": 225}}}
{"dateTime": "2025-09-01T16:44:04.108Z", "eventType": "select.pointer", "fullPath": "/main.py", "details": {"selection": {"from": 149, "to": 225}}}
{"dateTime": "2025-09-01T16:44:04.125Z", "eventType": "select.pointer", "fullPath": "/main.py", "details": {"selection": {"from": 141, "to": 225}}}
{"dateTime": "2025-09-01T16:44:04.141Z", "eventType": "select.pointer", "fullPath": "/main.py", "details": {"selection": {"from": 112, "to": 225}}}
{"dateTime": "2025-09-01T16:44:04.158Z", "eventType": "select.pointer", "fullPath": "/main.py", "details": {"selection": {"from": 79, "to": 225}}}
{"dateTime": "2025-09-01T16:44:04.174Z", "eventType": "select.pointer", "fullPath": "/main.py", "details": {"selection": {"from": 78, "to": 225}}}
{"dateTime": "2025-09-01T16:44:04.211Z", "eventType": "select.pointer", "fullPath": "/main.py", "details": {"selection": {"from": 45, "to": 225}}}
{"dateTime": "2025-09-01T16:44:04.459Z", "eventType": "select.pointer", "fullPath": "/main.py", "details": {"selection": {"from": 13, "to": 225}}}
{"dateTime": "2025-09-01T16:44:13.764Z", "eventType": "select", "fullPath": "/main.py", "details": {"selection": {"from": 225, "to": 225}}}
{"dateTime": "2025-09-01T16:44:13.769Z", "eventType": "blur", "fullPath": "/main.py"}
{"dateTime": "2025-09-01T16:44:13.770Z", "eventType": "window.blur", "fullPath": "/main.py"}
{"dateTime": "2025-09-01T16:44:24.182Z", "eventType": "window.focus", "fullPath": "/main.py"}
{"dateTime": "2025-09-01T16:44:24.183Z", "eventType": "focus", "fullPath": "/main.py"}
{"dateTime": "2025-09-01T16:44:25.523Z", "eventType": "select.pointer", "fullPath": "/main.py", "details": {"selection": {"from": 225, "to": 225}}}
{"dateTime": "2025-09-01T16:44:25.891Z", "eventType": "select.pointer", "fullPath": "/main.py", "details": {"selection": {"from": 216, "to": 225}}}
{"dateTime": "2025-09-01T16:44:25.924Z", "eventType": "select.pointer", "fullPath": "/main.py", "details": {"selection": {"from": 215, "to": 225}}}
{"dateTime": "2025-09-01T16:44:25.957Z", "eventType": "select.pointer", "fullPath": "/main.py", "details": {"selection": {"from": 214, "to": 225}}}
{"dateTime": "2025-09-01T16:44:25.973Z", "eventType": "select.pointer", "fullPath": "/main.py", "details": {"selection": {"from": 213, "to": 225}}}
{"dateTime": "2025-09-01T16:44:26.057Z", "eventType": "select.pointer", "fullPath": "/main.py", "details": {"selection": {"from": 212, "to": 225}}}
{"dateTime": "2025-09-01T16:44:26.090Z", "eventType": "select.pointer", "fullPath": "/main.py", "details": {"selection": {"from": 211, "to": 225}}}
{"dateTime": "2025-09-01T16:44:26.108Z", "eventType": "select.pointer", "fullPath": "/main.py", "details": {"selection": {"from": 210, "to": 225}}}
{"dateTime": "2025-09-01T16:44:26.140Z", "eventType": "select.pointer", "fullPath": "/main.py", "details": {"selection": {"from": 209, "to": 225}}}
{"dateTime": "2025-09-01T16:44:26.208Z", "eventType": "select.pointer", "fullPath": "/main.py", "details": {"selection": {"from": 205, "to": 225}}}
{"dateTime": "2025-09-01T16:44:26.374Z", "eventType": "select.pointer", "fullPath": "/main.py", "details": {"selection": {"from": 142, "to": 225}}}
{"dateTime": "2025-09-01T16:44:26.424Z", "eventType": "select.pointer", "fullPath": "/main.py", "details": {"selection": {"from": 141, "to": 225}}}
{"dateTime": "2025-09-01T16:44:26.474Z", "eventType": "select.pointer", "fullPath": "/main.py", "details": {"selection": {"from": 109, "to": 225}}}
{"dateTime": "2025-09-01T16:44:26.509Z", "eventType": "select.pointer", "fullPath": "/main.py", "details": {"selection": {"from": 77, "to": 225}}}
{"dateTime": "2025-09-01T16:44:26.543Z", "eventType": "select.pointer", "fullPath": "/main.py", "details": {"selection": {"from": 45, "to": 225}}}
{"dateTime": "2025-09-01T16:44:26.657Z", "eventType": "select.pointer", "fullPath": "/main.py", "details": {"selection": {"from": 13, "to": 225}}}
{"dateTime": "2025-09-01T16:44:26.757Z", "eventType": "select.pointer", "fullPath": "/main.py", "details": {"selection": {"from": 12, "to": 225}}}
{"dateTime": "2025-09-01T16:44:26.907Z", "eventType": "select.pointer", "fullPath": "/main.py", "details": {"selection": {"from": 0, "to": 225}}}
{"dateTime": "2025-09-01T16:44:29.945Z", "eventType": "select", "fullPath": "/main.py", "details": {"selection": {"from": 225, "to": 225}}}
{"dateTime": "2025-09-01T16:44:29.948Z", "eventType": "window.blur", "fullPath": "/main.py"}
