{"dateTime": "2025-08-20T18:10:36.441Z", "eventType": "blur", "fullPath": "/main.py"}
{"dateTime": "2025-08-20T18:11:00.066Z", "eventType": "focus", "fullPath": "/main.py"}
{"dateTime": "2025-08-20T18:11:00.072Z", "eventType": "select.pointer", "fullPath": "/main.py", "details": {"selection": {"from": 181, "to": 181}}}
{"dateTime": "2025-08-20T18:11:00.147Z", "eventType": "select.pointer", "fullPath": "/main.py", "details": {"selection": {"from": 111, "to": 181}}}
{"dateTime": "2025-08-20T18:11:00.160Z", "eventType": "select.pointer", "fullPath": "/main.py", "details": {"selection": {"from": 110, "to": 181}}}
{"dateTime": "2025-08-20T18:11:00.197Z", "eventType": "select.pointer", "fullPath": "/main.py", "details": {"selection": {"from": 109, "to": 181}}}
{"dateTime": "2025-08-20T18:11:00.211Z", "eventType": "select.pointer", "fullPath": "/main.py", "details": {"selection": {"from": 108, "to": 181}}}
{"dateTime": "2025-08-20T18:11:00.228Z", "eventType": "select.pointer", "fullPath": "/main.py", "details": {"selection": {"from": 35, "to": 181}}}
{"dateTime": "2025-08-20T18:11:00.264Z", "eventType": "select.pointer", "fullPath": "/main.py", "details": {"selection": {"from": 34, "to": 181}}}
{"dateTime": "2025-08-20T18:11:00.282Z", "eventType": "select.pointer", "fullPath": "/main.py", "details": {"selection": {"from": 2, "to": 181}}}
{"dateTime": "2025-08-20T18:11:00.313Z", "eventType": "select.pointer", "fullPath": "/main.py", "details": {"selection": {"from": 1, "to": 181}}}
{"dateTime": "2025-08-20T18:11:00.330Z", "eventType": "select.pointer", "fullPath": "/main.py", "details": {"selection": {"from": 0, "to": 181}}}
{"dateTime": "2025-08-20T18:11:01.748Z", "eventType": "input.type", "fullPath": "/main.py", "details": {"fromA": 0, "toA": 181, "fromB": 0, "toB": 1, "inserted": ["m"]}}
{"dateTime": "2025-08-20T18:11:02.740Z", "eventType": "input.type", "fullPath": "/main.py", "details": {"fromA": 1, "toA": 1, "fromB": 1, "toB": 2, "inserted": ["a"]}}
{"dateTime": "2025-08-20T18:11:04.180Z", "eventType": "input.type", "fullPath": "/main.py", "details": {"fromA": 2, "toA": 2, "fromB": 2, "toB": 3, "inserted": ["t"]}}
{"dateTime": "2025-08-20T18:11:04.437Z", "eventType": "input.type", "fullPath": "/main.py", "details": {"fromA": 3, "toA": 3, "fromB": 3, "toB": 4, "inserted": ["h"]}}
{"dateTime": "2025-08-20T18:11:05.827Z", "eventType": "delete.backward", "fullPath": "/main.py", "details": {"fromA": 3, "toA": 4, "fromB": 3, "toB": 3, "inserted": [""]}}
{"dateTime": "2025-08-20T18:11:06.003Z", "eventType": "delete.backward", "fullPath": "/main.py", "details": {"fromA": 2, "toA": 3, "fromB": 2, "toB": 2, "inserted": [""]}}
{"dateTime": "2025-08-20T18:11:06.163Z", "eventType": "delete.backward", "fullPath": "/main.py", "details": {"fromA": 1, "toA": 2, "fromB": 1, "toB": 1, "inserted": [""]}}
{"dateTime": "2025-08-20T18:11:06.273Z", "eventType": "delete.backward", "fullPath": "/main.py", "details": {"fromA": 0, "toA": 1, "fromB": 0, "toB": 0, "inserted": [""]}}
{"dateTime": "2025-08-20T18:11:06.851Z", "eventType": "input.type", "fullPath": "/main.py", "details": {"fromA": 0, "toA": 0, "fromB": 0, "toB": 1, "inserted": ["i"]}}
{"dateTime": "2025-08-20T18:11:07.045Z", "eventType": "input.type", "fullPath": "/main.py", "details": {"fromA": 1, "toA": 1, "fromB": 1, "toB": 2, "inserted": ["m"]}}
{"dateTime": "2025-08-20T18:11:08.421Z", "eventType": "input.type", "fullPath": "/main.py", "details": {"fromA": 2, "toA": 2, "fromB": 2, "toB": 3, "inserted": ["p"]}}
{"dateTime": "2025-08-20T18:11:08.680Z", "eventType": "input.type", "fullPath": "/main.py", "details": {"fromA": 3, "toA": 3, "fromB": 3, "toB": 4, "inserted": ["o"]}}
{"dateTime": "2025-08-20T18:11:10.164Z", "eventType": "input.type", "fullPath": "/main.py", "details": {"fromA": 4, "toA": 4, "fromB": 4, "toB": 5, "inserted": ["t"]}}
{"dateTime": "2025-08-20T18:11:11.700Z", "eventType": "delete.backward", "fullPath": "/main.py", "details": {"fromA": 4, "toA": 5, "fromB": 4, "toB": 4, "inserted": [""]}}
{"dateTime": "2025-08-20T18:11:12.468Z", "eventType": "input.type", "fullPath": "/main.py", "details": {"fromA": 4, "toA": 4, "fromB": 4, "toB": 5, "inserted": ["r"]}}
{"dateTime": "2025-08-20T18:11:12.678Z", "eventType": "input.type", "fullPath": "/main.py", "details": {"fromA": 5, "toA": 5, "fromB": 5, "toB": 6, "inserted": ["t"]}}
{"dateTime": "2025-08-20T18:11:13.892Z", "eventType": "input.type", "fullPath": "/main.py", "details": {"fromA": 6, "toA": 6, "fromB": 6, "toB": 7, "inserted": ["."]}}
{"dateTime": "2025-08-20T18:11:15.043Z", "eventType": "input.type", "fullPath": "/main.py", "details": {"fromA": 7, "toA": 7, "fromB": 7, "toB": 8, "inserted": ["m"]}}
{"dateTime": "2025-08-20T18:11:15.366Z", "eventType": "input.type", "fullPath": "/main.py", "details": {"fromA": 8, "toA": 8, "fromB": 8, "toB": 9, "inserted": ["a"]}}
{"dateTime": "2025-08-20T18:11:16.148Z", "eventType": "input.type", "fullPath": "/main.py", "details": {"fromA": 9, "toA": 9, "fromB": 9, "toB": 10, "inserted": ["t"]}}
{"dateTime": "2025-08-20T18:11:16.324Z", "eventType": "input.type", "fullPath": "/main.py", "details": {"fromA": 10, "toA": 10, "fromB": 10, "toB": 11, "inserted": ["h"]}}
{"dateTime": "2025-08-20T18:11:17.187Z", "eventType": "input", "fullPath": "/main.py", "details": {"fromA": 11, "toA": 11, "fromB": 11, "toB": 12, "inserted": ["", ""]}}
{"dateTime": "2025-08-20T18:11:23.942Z", "eventType": "select.pointer", "fullPath": "/main.py", "details": {"selection": {"from": 7, "to": 7}}}
{"dateTime": "2025-08-20T18:11:24.739Z", "eventType": "delete.backward", "fullPath": "/main.py", "details": {"fromA": 6, "toA": 7, "fromB": 6, "toB": 6, "inserted": [""]}}
{"dateTime": "2025-08-20T18:11:27.365Z", "eventType": "select", "fullPath": "/main.py", "details": {"selection": {"from": 11, "to": 11}}}
{"dateTime": "2025-08-20T18:11:27.876Z", "eventType": "select", "fullPath": "/main.py", "details": {"selection": {"from": 6, "to": 6}}}
{"dateTime": "2025-08-20T18:11:28.081Z", "eventType": "select", "fullPath": "/main.py", "details": {"selection": {"from": 7, "to": 7}}}
{"dateTime": "2025-08-20T18:11:28.481Z", "eventType": "select", "fullPath": "/main.py", "details": {"selection": {"from": 6, "to": 6}}}
{"dateTime": "2025-08-20T18:11:28.723Z", "eventType": "input.type", "fullPath": "/main.py", "details": {"fromA": 6, "toA": 6, "fromB": 6, "toB": 7, "inserted": [" "]}}
{"dateTime": "2025-08-20T18:11:29.985Z", "eventType": "select", "fullPath": "/main.py", "details": {"selection": {"from": 8, "to": 8}}}
{"dateTime": "2025-08-20T18:11:30.417Z", "eventType": "select", "fullPath": "/main.py", "details": {"selection": {"from": 9, "to": 9}}}
{"dateTime": "2025-08-20T18:11:30.545Z", "eventType": "select", "fullPath": "/main.py", "details": {"selection": {"from": 10, "to": 10}}}
{"dateTime": "2025-08-20T18:11:30.689Z", "eventType": "select", "fullPath": "/main.py", "details": {"selection": {"from": 11, "to": 11}}}
{"dateTime": "2025-08-20T18:11:30.948Z", "eventType": "input", "fullPath": "/main.py", "details": {"fromA": 11, "toA": 11, "fromB": 11, "toB": 12, "inserted": ["", ""]}}
{"dateTime": "2025-08-22T19:21:31.507Z", "eventType": "select.pointer", "fullPath": "/main.py", "details": {"selection": {"from": 65, "to": 65}}}
{"dateTime": "2025-08-22T19:21:31.661Z", "eventType": "select.pointer", "fullPath": "/main.py", "details": {"selection": {"from": 64, "to": 65}}}
{"dateTime": "2025-08-22T19:21:31.792Z", "eventType": "select.pointer", "fullPath": "/main.py", "details": {"selection": {"from": 63, "to": 65}}}
{"dateTime": "2025-08-22T19:21:31.824Z", "eventType": "select.pointer", "fullPath": "/main.py", "details": {"selection": {"from": 62, "to": 65}}}
{"dateTime": "2025-08-22T19:21:31.892Z", "eventType": "select.pointer", "fullPath": "/main.py", "details": {"selection": {"from": 61, "to": 65}}}
{"dateTime": "2025-08-22T19:21:31.907Z", "eventType": "select.pointer", "fullPath": "/main.py", "details": {"selection": {"from": 60, "to": 65}}}
{"dateTime": "2025-08-22T19:21:31.941Z", "eventType": "select.pointer", "fullPath": "/main.py", "details": {"selection": {"from": 59, "to": 65}}}
{"dateTime": "2025-08-22T19:21:32.457Z", "eventType": "select.pointer", "fullPath": "/main.py", "details": {"selection": {"from": 60, "to": 65}}}
{"dateTime": "2025-08-22T19:21:33.606Z", "eventType": "delete.selection", "fullPath": "/main.py", "details": {"fromA": 60, "toA": 65, "fromB": 60, "toB": 60, "inserted": [""]}}
{"dateTime": "2025-08-22T19:21:36.908Z", "eventType": "input.type", "fullPath": "/main.py", "details": {"fromA": 60, "toA": 60, "fromB": 60, "toB": 61, "inserted": ["a"]}}
{"dateTime": "2025-08-22T19:21:39.018Z", "eventType": "select.pointer", "fullPath": "/main.py", "details": {"selection": {"from": 61, "to": 61}}}
{"dateTime": "2025-08-22T19:21:40.284Z", "eventType": "delete.backward", "fullPath": "/main.py", "details": {"fromA": 60, "toA": 61, "fromB": 60, "toB": 60, "inserted": [""]}}
{"dateTime": "2025-08-22T19:21:40.605Z", "eventType": "input.type", "fullPath": "/main.py", "details": {"fromA": 60, "toA": 60, "fromB": 60, "toB": 61, "inserted": ["A"]}}
{"dateTime": "2025-08-22T19:21:41.322Z", "eventType": "delete.backward", "fullPath": "/main.py", "details": {"fromA": 60, "toA": 61, "fromB": 60, "toB": 60, "inserted": [""]}}
{"dateTime": "2025-08-22T19:21:41.530Z", "eventType": "input.type", "fullPath": "/main.py", "details": {"fromA": 60, "toA": 60, "fromB": 60, "toB": 61, "inserted": ["a"]}}
{"dateTime": "2025-08-22T19:21:44.999Z", "eventType": "delete.backward", "fullPath": "/main.py", "details": {"fromA": 60, "toA": 61, "fromB": 60, "toB": 60, "inserted": [""]}}
{"dateTime": "2025-08-22T19:21:46.412Z", "eventType": "input.type", "fullPath": "/main.py", "details": {"fromA": 60, "toA": 60, "fromB": 60, "toB": 61, "inserted": ["p"]}}
{"dateTime": "2025-08-22T19:21:46.646Z", "eventType": "input.type", "fullPath": "/main.py", "details": {"fromA": 61, "toA": 61, "fromB": 61, "toB": 62, "inserted": ["i"]}}
{"dateTime": "2025-08-22T19:21:48.573Z", "eventType": "input.type", "fullPath": "/main.py", "details": {"fromA": 62, "toA": 62, "fromB": 62, "toB": 63, "inserted": ["."]}}
{"dateTime": "2025-08-22T19:21:49.154Z", "eventType": "delete.backward", "fullPath": "/main.py", "details": {"fromA": 62, "toA": 63, "fromB": 62, "toB": 62, "inserted": [""]}}
{"dateTime": "2025-08-22T19:21:49.355Z", "eventType": "delete.backward", "fullPath": "/main.py", "details": {"fromA": 61, "toA": 62, "fromB": 61, "toB": 61, "inserted": [""]}}
{"dateTime": "2025-08-22T19:21:49.599Z", "eventType": "delete.backward", "fullPath": "/main.py", "details": {"fromA": 60, "toA": 61, "fromB": 60, "toB": 60, "inserted": [""]}}
{"dateTime": "2025-08-22T19:21:50.253Z", "eventType": "input.type", "fullPath": "/main.py", "details": {"fromA": 60, "toA": 60, "fromB": 60, "toB": 61, "inserted": ["p"]}}
{"dateTime": "2025-08-22T19:21:50.459Z", "eventType": "input.type", "fullPath": "/main.py", "details": {"fromA": 61, "toA": 61, "fromB": 61, "toB": 62, "inserted": ["i"]}}
{"dateTime": "2025-08-22T19:21:50.628Z", "eventType": "input.type", "fullPath": "/main.py", "details": {"fromA": 62, "toA": 62, "fromB": 62, "toB": 63, "inserted": [" "]}}
{"dateTime": "2025-08-22T19:21:51.452Z", "eventType": "delete.backward", "fullPath": "/main.py", "details": {"fromA": 62, "toA": 63, "fromB": 62, "toB": 62, "inserted": [""]}}
{"dateTime": "2025-08-22T19:21:51.698Z", "eventType": "delete.backward", "fullPath": "/main.py", "details": {"fromA": 61, "toA": 62, "fromB": 61, "toB": 61, "inserted": [""]}}
{"dateTime": "2025-08-22T19:21:51.956Z", "eventType": "delete.backward", "fullPath": "/main.py", "details": {"fromA": 60, "toA": 61, "fromB": 60, "toB": 60, "inserted": [""]}}
{"dateTime": "2025-08-22T19:21:53.328Z", "eventType": "input.type", "fullPath": "/main.py", "details": {"fromA": 60, "toA": 60, "fromB": 60, "toB": 61, "inserted": ["p"]}}
{"dateTime": "2025-08-22T19:21:53.543Z", "eventType": "input.type", "fullPath": "/main.py", "details": {"fromA": 61, "toA": 61, "fromB": 61, "toB": 62, "inserted": ["i"]}}
{"dateTime": "2025-08-22T19:21:54.859Z", "eventType": "blur", "fullPath": "/main.py"}
{"dateTime": "2025-08-22T19:22:30.859Z", "eventType": "focus", "fullPath": "/main.py"}
{"dateTime": "2025-08-22T19:22:30.862Z", "eventType": "select.pointer", "fullPath": "/main.py", "details": {"selection": {"from": 60, "to": 60}}}
{"dateTime": "2025-08-22T19:22:31.750Z", "eventType": "input.type", "fullPath": "/main.py", "details": {"fromA": 60, "toA": 60, "fromB": 60, "toB": 61, "inserted": ["m"]}}
{"dateTime": "2025-08-22T19:22:31.896Z", "eventType": "input.type", "fullPath": "/main.py", "details": {"fromA": 61, "toA": 61, "fromB": 61, "toB": 62, "inserted": ["a"]}}
{"dateTime": "2025-08-22T19:22:32.123Z", "eventType": "input.type", "fullPath": "/main.py", "details": {"fromA": 62, "toA": 62, "fromB": 62, "toB": 63, "inserted": ["t"]}}
{"dateTime": "2025-08-22T19:22:32.273Z", "eventType": "input.type", "fullPath": "/main.py", "details": {"fromA": 63, "toA": 63, "fromB": 63, "toB": 64, "inserted": ["h"]}}
{"dateTime": "2025-08-22T19:22:33.063Z", "eventType": "input.type", "fullPath": "/main.py", "details": {"fromA": 64, "toA": 64, "fromB": 64, "toB": 65, "inserted": ["."]}}
{"dateTime": "2025-08-22T19:22:34.892Z", "eventType": "select.pointer", "fullPath": "/main.py", "details": {"selection": {"from": 67, "to": 67}}}
{"dateTime": "2025-08-22T19:22:42.655Z", "eventType": "input.type", "fullPath": "/main.py", "details": {"fromA": 67, "toA": 67, "fromB": 67, "toB": 68, "inserted": [" "]}}
{"dateTime": "2025-08-22T19:22:42.788Z", "eventType": "input.type", "fullPath": "/main.py", "details": {"fromA": 68, "toA": 68, "fromB": 68, "toB": 69, "inserted": ["*"]}}
{"dateTime": "2025-08-22T19:22:43.006Z", "eventType": "input.type", "fullPath": "/main.py", "details": {"fromA": 69, "toA": 69, "fromB": 69, "toB": 70, "inserted": [" "]}}
{"dateTime": "2025-08-22T19:22:46.706Z", "eventType": "input.type", "fullPath": "/main.py", "details": {"fromA": 70, "toA": 70, "fromB": 70, "toB": 71, "inserted": ["r"]}}
{"dateTime": "2025-08-22T19:22:49.009Z", "eventType": "input.type", "fullPath": "/main.py", "details": {"fromA": 71, "toA": 71, "fromB": 71, "toB": 72, "inserted": ["*"]}}
{"dateTime": "2025-08-22T19:22:49.160Z", "eventType": "input.type", "fullPath": "/main.py", "details": {"fromA": 72, "toA": 72, "fromB": 72, "toB": 73, "inserted": ["*"]}}
{"dateTime": "2025-08-22T19:22:49.361Z", "eventType": "input.type", "fullPath": "/main.py", "details": {"fromA": 73, "toA": 73, "fromB": 73, "toB": 74, "inserted": ["2"]}}
{"dateTime": "2025-08-22T19:22:50.239Z", "eventType": "focus", "fullPath": "/main.py"}
{"dateTime": "2025-08-22T19:22:50.245Z", "eventType": "select.pointer", "fullPath": "/main.py", "details": {"selection": {"from": 12, "to": 12}}}
{"dateTime": "2025-08-22T19:22:54.393Z", "eventType": "input.type", "fullPath": "/main.py", "details": {"fromA": 12, "toA": 12, "fromB": 12, "toB": 13, "inserted": ["#"]}}
{"dateTime": "2025-08-22T19:22:56.425Z", "eventType": "input.type", "fullPath": "/main.py", "details": {"fromA": 13, "toA": 13, "fromB": 13, "toB": 14, "inserted": ["M"]}}
{"dateTime": "2025-08-22T19:22:56.596Z", "eventType": "input.type", "fullPath": "/main.py", "details": {"fromA": 14, "toA": 14, "fromB": 14, "toB": 15, "inserted": ["D"]}}
{"dateTime": "2025-08-22T19:22:57.122Z", "eventType": "input.type", "fullPath": "/main.py", "details": {"fromA": 15, "toA": 15, "fromB": 15, "toB": 16, "inserted": ["S"]}}
{"dateTime": "2025-08-22T19:22:57.358Z", "eventType": "input.type", "fullPath": "/main.py", "details": {"fromA": 16, "toA": 16, "fromB": 16, "toB": 17, "inserted": [" "]}}
{"dateTime": "2025-08-22T19:22:57.799Z", "eventType": "input.type", "fullPath": "/main.py", "details": {"fromA": 17, "toA": 17, "fromB": 17, "toB": 18, "inserted": ["Q"]}}
{"dateTime": "2025-08-22T19:22:57.959Z", "eventType": "input.type", "fullPath": "/main.py", "details": {"fromA": 18, "toA": 18, "fromB": 18, "toB": 19, "inserted": ["U"]}}
{"dateTime": "2025-08-22T19:22:58.103Z", "eventType": "input.type", "fullPath": "/main.py", "details": {"fromA": 19, "toA": 19, "fromB": 19, "toB": 20, "inserted": ["E"]}}
{"dateTime": "2025-08-22T19:22:58.228Z", "eventType": "input.type", "fullPath": "/main.py", "details": {"fromA": 20, "toA": 20, "fromB": 20, "toB": 21, "inserted": [" "]}}
{"dateTime": "2025-08-22T19:22:58.839Z", "eventType": "input.type", "fullPath": "/main.py", "details": {"fromA": 21, "toA": 21, "fromB": 21, "toB": 22, "inserted": ["Q"]}}
{"dateTime": "2025-08-22T19:22:58.992Z", "eventType": "input.type", "fullPath": "/main.py", "details": {"fromA": 22, "toA": 22, "fromB": 22, "toB": 23, "inserted": ["U"]}}
{"dateTime": "2025-08-22T19:22:59.108Z", "eventType": "input.type", "fullPath": "/main.py", "details": {"fromA": 23, "toA": 23, "fromB": 23, "toB": 24, "inserted": ["E"]}}
{"dateTime": "2025-08-22T19:22:59.274Z", "eventType": "input.type", "fullPath": "/main.py", "details": {"fromA": 24, "toA": 24, "fromB": 24, "toB": 25, "inserted": ["S"]}}
{"dateTime": "2025-08-22T19:22:59.467Z", "eventType": "input.type", "fullPath": "/main.py", "details": {"fromA": 25, "toA": 25, "fromB": 25, "toB": 26, "inserted": ["R"]}}
{"dateTime": "2025-08-22T19:23:00.106Z", "eventType": "delete.backward", "fullPath": "/main.py", "details": {"fromA": 25, "toA": 26, "fromB": 25, "toB": 25, "inserted": [""]}}
{"dateTime": "2025-08-22T19:23:00.299Z", "eventType": "input.type", "fullPath": "/main.py", "details": {"fromA": 25, "toA": 25, "fromB": 25, "toB": 26, "inserted": ["T"]}}
{"dateTime": "2025-08-22T19:23:01.165Z", "eventType": "input.type", "fullPath": "/main.py", "details": {"fromA": 26, "toA": 26, "fromB": 26, "toB": 27, "inserted": ["\u00c3"]}}
{"dateTime": "2025-08-22T19:23:01.300Z", "eventType": "input.type", "fullPath": "/main.py", "details": {"fromA": 27, "toA": 27, "fromB": 27, "toB": 28, "inserted": ["O"]}}
{"dateTime": "2025-08-22T19:23:01.464Z", "eventType": "input.type", "fullPath": "/main.py", "details": {"fromA": 28, "toA": 28, "fromB": 28, "toB": 29, "inserted": [" "]}}
{"dateTime": "2025-08-22T19:23:02.152Z", "eventType": "input.type", "fullPath": "/main.py", "details": {"fromA": 29, "toA": 29, "fromB": 29, "toB": 30, "inserted": ["\u00c9"]}}
{"dateTime": "2025-08-22T19:23:02.284Z", "eventType": "input.type", "fullPath": "/main.py", "details": {"fromA": 30, "toA": 30, "fromB": 30, "toB": 31, "inserted": [" "]}}
{"dateTime": "2025-08-22T19:23:02.432Z", "eventType": "input.type", "fullPath": "/main.py", "details": {"fromA": 31, "toA": 31, "fromB": 31, "toB": 32, "inserted": ["E"]}}
{"dateTime": "2025-08-22T19:23:02.638Z", "eventType": "input.type", "fullPath": "/main.py", "details": {"fromA": 32, "toA": 32, "fromB": 32, "toB": 33, "inserted": ["S"]}}
{"dateTime": "2025-08-22T19:23:02.791Z", "eventType": "input.type", "fullPath": "/main.py", "details": {"fromA": 33, "toA": 33, "fromB": 33, "toB": 34, "inserted": ["S"]}}
{"dateTime": "2025-08-22T19:23:03.241Z", "eventType": "input.type", "fullPath": "/main.py", "details": {"fromA": 34, "toA": 34, "fromB": 34, "toB": 35, "inserted": ["A"]}}
{"dateTime": "2025-08-22T19:23:08.777Z", "eventType": "input.type", "fullPath": "/main.py", "details": {"fromA": 35, "toA": 35, "fromB": 35, "toB": 36, "inserted": ["?"]}}
{"dateTime": "2025-08-22T19:23:08.954Z", "eventType": "input.type", "fullPath": "/main.py", "details": {"fromA": 36, "toA": 36, "fromB": 36, "toB": 37, "inserted": ["?"]}}
{"dateTime": "2025-08-22T19:23:10.803Z", "eventType": "input", "fullPath": "/main.py", "details": {"fromA": 37, "toA": 37, "fromB": 37, "toB": 38, "inserted": ["", ""]}}
{"dateTime": "2025-08-22T19:23:13.772Z", "eventType": "input.type", "fullPath": "/main.py", "details": {"fromA": 38, "toA": 38, "fromB": 38, "toB": 39, "inserted": ["#"]}}
{"dateTime": "2025-08-22T19:23:14.728Z", "eventType": "input.type", "fullPath": "/main.py", "details": {"fromA": 39, "toA": 39, "fromB": 39, "toB": 40, "inserted": ["V"]}}
{"dateTime": "2025-08-22T19:23:14.909Z", "eventType": "input.type", "fullPath": "/main.py", "details": {"fromA": 40, "toA": 40, "fromB": 40, "toB": 41, "inserted": ["A"]}}
{"dateTime": "2025-08-22T19:23:15.774Z", "eventType": "delete.backward", "fullPath": "/main.py", "details": {"fromA": 40, "toA": 41, "fromB": 40, "toB": 40, "inserted": [""]}}
{"dateTime": "2025-08-22T19:23:16.780Z", "eventType": "input.type", "fullPath": "/main.py", "details": {"fromA": 40, "toA": 40, "fromB": 40, "toB": 41, "inserted": ["a"]}}
{"dateTime": "2025-08-22T19:23:17.006Z", "eventType": "input.type", "fullPath": "/main.py", "details": {"fromA": 41, "toA": 41, "fromB": 41, "toB": 42, "inserted": ["v"]}}
{"dateTime": "2025-08-22T19:23:17.895Z", "eventType": "delete.backward", "fullPath": "/main.py", "details": {"fromA": 41, "toA": 42, "fromB": 41, "toB": 41, "inserted": [""]}}
{"dateTime": "2025-08-22T19:23:18.366Z", "eventType": "input.type", "fullPath": "/main.py", "details": {"fromA": 41, "toA": 41, "fromB": 41, "toB": 42, "inserted": ["r"]}}
{"dateTime": "2025-08-22T19:23:18.483Z", "eventType": "input.type", "fullPath": "/main.py", "details": {"fromA": 42, "toA": 42, "fromB": 42, "toB": 43, "inserted": ["i"]}}
{"dateTime": "2025-08-22T19:23:18.601Z", "eventType": "input.type", "fullPath": "/main.py", "details": {"fromA": 43, "toA": 43, "fromB": 43, "toB": 44, "inserted": ["a"]}}
{"dateTime": "2025-08-22T19:23:18.800Z", "eventType": "input.type", "fullPath": "/main.py", "details": {"fromA": 44, "toA": 44, "fromB": 44, "toB": 45, "inserted": ["v"]}}
{"dateTime": "2025-08-22T19:23:18.970Z", "eventType": "input.type", "fullPath": "/main.py", "details": {"fromA": 45, "toA": 45, "fromB": 45, "toB": 46, "inserted": ["e"]}}
{"dateTime": "2025-08-22T19:23:19.132Z", "eventType": "input.type", "fullPath": "/main.py", "details": {"fromA": 46, "toA": 46, "fromB": 46, "toB": 47, "inserted": ["i"]}}
{"dateTime": "2025-08-22T19:23:19.364Z", "eventType": "input.type", "fullPath": "/main.py", "details": {"fromA": 47, "toA": 47, "fromB": 47, "toB": 48, "inserted": ["s"]}}
{"dateTime": "2025-08-22T19:23:20.330Z", "eventType": "input.type", "fullPath": "/main.py", "details": {"fromA": 48, "toA": 48, "fromB": 48, "toB": 49, "inserted": [" "]}}
{"dateTime": "2025-08-22T19:23:20.641Z", "eventType": "input.type", "fullPath": "/main.py", "details": {"fromA": 49, "toA": 49, "fromB": 49, "toB": 50, "inserted": [":"]}}
{"dateTime": "2025-08-22T19:23:21.508Z", "eventType": "input.type", "fullPath": "/main.py", "details": {"fromA": 50, "toA": 50, "fromB": 50, "toB": 51, "inserted": ["P"]}}
{"dateTime": "2025-08-22T19:23:22.557Z", "eventType": "input", "fullPath": "/main.py", "details": {"fromA": 51, "toA": 51, "fromB": 51, "toB": 52, "inserted": ["", ""]}}
{"dateTime": "2025-08-22T19:23:25.321Z", "eventType": "select.pointer", "fullPath": "/main.py", "details": {"selection": {"from": 37, "to": 37}}}
{"dateTime": "2025-08-22T19:23:25.844Z", "eventType": "input", "fullPath": "/main.py", "details": {"fromA": 37, "toA": 37, "fromB": 37, "toB": 38, "inserted": ["", ""]}}
{"dateTime": "2025-08-22T19:23:26.825Z", "eventType": "select.pointer", "fullPath": "/main.py", "details": {"selection": {"from": 52, "to": 52}}}
{"dateTime": "2025-08-22T19:23:37.401Z", "eventType": "select.pointer", "fullPath": "/main.py", "details": {"selection": {"from": 53, "to": 53}}}
{"dateTime": "2025-08-22T19:23:38.375Z", "eventType": "input.type", "fullPath": "/main.py", "details": {"fromA": 53, "toA": 53, "fromB": 53, "toB": 54, "inserted": ["a"]}}
{"dateTime": "2025-08-22T19:23:38.548Z", "eventType": "input.type", "fullPath": "/main.py", "details": {"fromA": 54, "toA": 54, "fromB": 54, "toB": 55, "inserted": ["r"]}}
{"dateTime": "2025-08-22T19:23:38.685Z", "eventType": "input.type", "fullPath": "/main.py", "details": {"fromA": 55, "toA": 55, "fromB": 55, "toB": 56, "inserted": ["e"]}}
{"dateTime": "2025-08-22T19:23:38.894Z", "eventType": "input.type", "fullPath": "/main.py", "details": {"fromA": 56, "toA": 56, "fromB": 56, "toB": 57, "inserted": ["a"]}}
{"dateTime": "2025-08-22T19:23:41.085Z", "eventType": "input", "fullPath": "/main.py", "details": {"fromA": 57, "toA": 57, "fromB": 57, "toB": 58, "inserted": ["", ""]}}
{"dateTime": "2025-08-22T19:23:41.792Z", "eventType": "input.type", "fullPath": "/main.py", "details": {"fromA": 58, "toA": 58, "fromB": 58, "toB": 59, "inserted": ["v"]}}
{"dateTime": "2025-08-22T19:23:41.932Z", "eventType": "input.type", "fullPath": "/main.py", "details": {"fromA": 59, "toA": 59, "fromB": 59, "toB": 60, "inserted": ["o"]}}
{"dateTime": "2025-08-22T19:23:42.087Z", "eventType": "input.type", "fullPath": "/main.py", "details": {"fromA": 60, "toA": 60, "fromB": 60, "toB": 61, "inserted": ["l"]}}
{"dateTime": "2025-08-22T19:23:42.281Z", "eventType": "input.type", "fullPath": "/main.py", "details": {"fromA": 61, "toA": 61, "fromB": 61, "toB": 62, "inserted": ["u"]}}
{"dateTime": "2025-08-22T19:23:42.444Z", "eventType": "input.type", "fullPath": "/main.py", "details": {"fromA": 62, "toA": 62, "fromB": 62, "toB": 63, "inserted": ["m"]}}
{"dateTime": "2025-08-22T19:23:42.651Z", "eventType": "input.type", "fullPath": "/main.py", "details": {"fromA": 63, "toA": 63, "fromB": 63, "toB": 64, "inserted": ["e"]}}
{"dateTime": "2025-08-22T19:23:43.984Z", "eventType": "input.type", "fullPath": "/main.py", "details": {"fromA": 64, "toA": 64, "fromB": 64, "toB": 65, "inserted": [" "]}}
{"dateTime": "2025-08-22T19:23:44.110Z", "eventType": "input.type", "fullPath": "/main.py", "details": {"fromA": 65, "toA": 65, "fromB": 65, "toB": 66, "inserted": ["="]}}
{"dateTime": "2025-08-22T19:23:44.738Z", "eventType": "select", "fullPath": "/main.py", "details": {"selection": {"from": 57, "to": 57}}}
{"dateTime": "2025-08-22T19:23:45.492Z", "eventType": "input.type", "fullPath": "/main.py", "details": {"fromA": 57, "toA": 57, "fromB": 57, "toB": 58, "inserted": [" "]}}
{"dateTime": "2025-08-22T19:23:45.649Z", "eventType": "input.type", "fullPath": "/main.py", "details": {"fromA": 58, "toA": 58, "fromB": 58, "toB": 59, "inserted": ["="]}}
{"dateTime": "2025-08-22T19:23:45.878Z", "eventType": "input.type", "fullPath": "/main.py", "details": {"fromA": 59, "toA": 59, "fromB": 59, "toB": 60, "inserted": [" "]}}
{"dateTime": "2025-08-22T19:23:51.838Z", "eventType": "input.type", "fullPath": "/main.py", "details": {"fromA": 60, "toA": 60, "fromB": 60, "toB": 61, "inserted": ["i"]}}
{"dateTime": "2025-08-22T19:23:52.844Z", "eventType": "input.type", "fullPath": "/main.py", "details": {"fromA": 61, "toA": 61, "fromB": 61, "toB": 62, "inserted": ["n"]}}
{"dateTime": "2025-08-22T19:23:53.720Z", "eventType": "input.type", "fullPath": "/main.py", "details": {"fromA": 62, "toA": 62, "fromB": 62, "toB": 63, "inserted": ["p"]}}
{"dateTime": "2025-08-22T19:23:53.948Z", "eventType": "input.type", "fullPath": "/main.py", "details": {"fromA": 63, "toA": 63, "fromB": 63, "toB": 64, "inserted": ["r"]}}
{"dateTime": "2025-08-22T19:23:54.119Z", "eventType": "input.type", "fullPath": "/main.py", "details": {"fromA": 64, "toA": 64, "fromB": 64, "toB": 65, "inserted": ["u"]}}
{"dateTime": "2025-08-22T19:23:54.575Z", "eventType": "delete.backward", "fullPath": "/main.py", "details": {"fromA": 64, "toA": 65, "fromB": 64, "toB": 64, "inserted": [""]}}
{"dateTime": "2025-08-22T19:23:54.719Z", "eventType": "delete.backward", "fullPath": "/main.py", "details": {"fromA": 63, "toA": 64, "fromB": 63, "toB": 63, "inserted": [""]}}
{"dateTime": "2025-08-22T19:23:55.494Z", "eventType": "input.type", "fullPath": "/main.py", "details": {"fromA": 63, "toA": 63, "fromB": 63, "toB": 64, "inserted": ["u"]}}
{"dateTime": "2025-08-22T19:23:55.731Z", "eventType": "input.type", "fullPath": "/main.py", "details": {"fromA": 64, "toA": 64, "fromB": 64, "toB": 65, "inserted": ["t"]}}
{"dateTime": "2025-08-22T19:23:58.487Z", "eventType": "select", "fullPath": "/main.py", "details": {"selection": {"from": 64, "to": 64}}}
{"dateTime": "2025-08-22T19:23:58.653Z", "eventType": "select", "fullPath": "/main.py", "details": {"selection": {"from": 63, "to": 63}}}
{"dateTime": "2025-08-22T19:23:58.807Z", "eventType": "select", "fullPath": "/main.py", "details": {"selection": {"from": 62, "to": 62}}}
{"dateTime": "2025-08-22T19:23:58.932Z", "eventType": "select", "fullPath": "/main.py", "details": {"selection": {"from": 61, "to": 61}}}
{"dateTime": "2025-08-22T19:23:59.070Z", "eventType": "select", "fullPath": "/main.py", "details": {"selection": {"from": 60, "to": 60}}}
{"dateTime": "2025-08-22T19:23:59.198Z", "eventType": "select", "fullPath": "/main.py", "details": {"selection": {"from": 59, "to": 59}}}
{"dateTime": "2025-08-22T19:23:59.337Z", "eventType": "select", "fullPath": "/main.py", "details": {"selection": {"from": 58, "to": 58}}}
{"dateTime": "2025-08-22T19:23:59.477Z", "eventType": "select", "fullPath": "/main.py", "details": {"selection": {"from": 57, "to": 57}}}
{"dateTime": "2025-08-22T19:24:00.324Z", "eventType": "delete.backward", "fullPath": "/main.py", "details": {"fromA": 56, "toA": 57, "fromB": 56, "toB": 56, "inserted": [""]}}
{"dateTime": "2025-08-22T19:24:00.490Z", "eventType": "delete.backward", "fullPath": "/main.py", "details": {"fromA": 55, "toA": 56, "fromB": 55, "toB": 55, "inserted": [""]}}
{"dateTime": "2025-08-22T19:24:00.666Z", "eventType": "delete.backward", "fullPath": "/main.py", "details": {"fromA": 54, "toA": 55, "fromB": 54, "toB": 54, "inserted": [""]}}
{"dateTime": "2025-08-22T19:24:07.575Z", "eventType": "input.type", "fullPath": "/main.py", "details": {"fromA": 54, "toA": 54, "fromB": 54, "toB": 55, "inserted": ["r"]}}
{"dateTime": "2025-08-22T19:24:07.689Z", "eventType": "input.type", "fullPath": "/main.py", "details": {"fromA": 55, "toA": 55, "fromB": 55, "toB": 56, "inserted": ["e"]}}
{"dateTime": "2025-08-22T19:24:09.210Z", "eventType": "input.type", "fullPath": "/main.py", "details": {"fromA": 56, "toA": 56, "fromB": 56, "toB": 57, "inserted": ["a"]}}
{"dateTime": "2025-08-22T19:24:10.370Z", "eventType": "select", "fullPath": "/main.py", "details": {"selection": {"from": 58, "to": 58}}}
{"dateTime": "2025-08-22T19:24:10.612Z", "eventType": "select", "fullPath": "/main.py", "details": {"selection": {"from": 59, "to": 59}}}
{"dateTime": "2025-08-22T19:24:10.772Z", "eventType": "select", "fullPath": "/main.py", "details": {"selection": {"from": 60, "to": 60}}}
{"dateTime": "2025-08-22T19:24:10.940Z", "eventType": "select", "fullPath": "/main.py", "details": {"selection": {"from": 61, "to": 61}}}
{"dateTime": "2025-08-22T19:24:11.077Z", "eventType": "select", "fullPath": "/main.py", "details": {"selection": {"from": 62, "to": 62}}}
{"dateTime": "2025-08-22T19:24:11.282Z", "eventType": "select", "fullPath": "/main.py", "details": {"selection": {"from": 63, "to": 63}}}
{"dateTime": "2025-08-22T19:24:11.465Z", "eventType": "select", "fullPath": "/main.py", "details": {"selection": {"from": 64, "to": 64}}}
{"dateTime": "2025-08-22T19:24:11.596Z", "eventType": "select", "fullPath": "/main.py", "details": {"selection": {"from": 65, "to": 65}}}
{"dateTime": "2025-08-22T19:24:11.769Z", "eventType": "select", "fullPath": "/main.py", "details": {"selection": {"from": 66, "to": 66}}}
{"dateTime": "2025-08-22T19:24:26.812Z", "eventType": "select.pointer", "fullPath": "/main.py", "details": {"selection": {"from": 83, "to": 83}}}
{"dateTime": "2025-08-22T19:24:31.891Z", "eventType": "input.type", "fullPath": "/main.py", "details": {"fromA": 83, "toA": 83, "fromB": 83, "toB": 84, "inserted": [" "]}}
{"dateTime": "2025-08-22T19:24:32.498Z", "eventType": "input.type", "fullPath": "/main.py", "details": {"fromA": 84, "toA": 84, "fromB": 84, "toB": 85, "inserted": ["4"]}}
{"dateTime": "2025-08-22T19:24:32.662Z", "eventType": "input.type", "fullPath": "/main.py", "details": {"fromA": 85, "toA": 85, "fromB": 85, "toB": 86, "inserted": ["/"]}}
{"dateTime": "2025-08-22T19:24:33.006Z", "eventType": "input.type", "fullPath": "/main.py", "details": {"fromA": 86, "toA": 86, "fromB": 86, "toB": 87, "inserted": ["3"]}}
{"dateTime": "2025-08-22T19:24:36.500Z", "eventType": "input.type", "fullPath": "/main.py", "details": {"fromA": 87, "toA": 87, "fromB": 87, "toB": 88, "inserted": [" "]}}
{"dateTime": "2025-08-22T19:24:36.707Z", "eventType": "input.type", "fullPath": "/main.py", "details": {"fromA": 88, "toA": 88, "fromB": 88, "toB": 89, "inserted": ["*"]}}
{"dateTime": "2025-08-22T19:24:37.505Z", "eventType": "input.type", "fullPath": "/main.py", "details": {"fromA": 89, "toA": 89, "fromB": 89, "toB": 90, "inserted": [" "]}}
{"dateTime": "2025-08-22T19:24:38.348Z", "eventType": "input.type", "fullPath": "/main.py", "details": {"fromA": 90, "toA": 90, "fromB": 90, "toB": 91, "inserted": ["m"]}}
{"dateTime": "2025-08-22T19:24:38.481Z", "eventType": "input.type", "fullPath": "/main.py", "details": {"fromA": 91, "toA": 91, "fromB": 91, "toB": 92, "inserted": ["a"]}}
{"dateTime": "2025-08-22T19:24:38.731Z", "eventType": "input.type", "fullPath": "/main.py", "details": {"fromA": 92, "toA": 92, "fromB": 92, "toB": 93, "inserted": ["t"]}}
{"dateTime": "2025-08-22T19:24:38.872Z", "eventType": "input.type", "fullPath": "/main.py", "details": {"fromA": 93, "toA": 93, "fromB": 93, "toB": 94, "inserted": ["h"]}}
{"dateTime": "2025-08-22T19:24:40.045Z", "eventType": "input.type", "fullPath": "/main.py", "details": {"fromA": 94, "toA": 94, "fromB": 94, "toB": 95, "inserted": ["."]}}
{"dateTime": "2025-08-22T19:24:40.478Z", "eventType": "input.type", "fullPath": "/main.py", "details": {"fromA": 95, "toA": 95, "fromB": 95, "toB": 96, "inserted": ["p"]}}
{"dateTime": "2025-08-22T19:24:41.458Z", "eventType": "input.type", "fullPath": "/main.py", "details": {"fromA": 96, "toA": 96, "fromB": 96, "toB": 97, "inserted": ["i"]}}
{"dateTime": "2025-08-22T19:24:44.429Z", "eventType": "input.type", "fullPath": "/main.py", "details": {"fromA": 97, "toA": 97, "fromB": 97, "toB": 98, "inserted": [" "]}}
{"dateTime": "2025-08-22T19:24:45.934Z", "eventType": "input.type", "fullPath": "/main.py", "details": {"fromA": 98, "toA": 98, "fromB": 98, "toB": 99, "inserted": ["r"]}}
{"dateTime": "2025-08-22T19:24:46.390Z", "eventType": "input.type", "fullPath": "/main.py", "details": {"fromA": 99, "toA": 99, "fromB": 99, "toB": 100, "inserted": ["*"]}}
{"dateTime": "2025-08-22T19:24:46.522Z", "eventType": "input.type", "fullPath": "/main.py", "details": {"fromA": 100, "toA": 100, "fromB": 100, "toB": 101, "inserted": ["*"]}}
{"dateTime": "2025-08-22T19:24:46.722Z", "eventType": "input.type", "fullPath": "/main.py", "details": {"fromA": 101, "toA": 101, "fromB": 101, "toB": 102, "inserted": ["3"]}}
{"dateTime": "2025-08-22T19:24:50.339Z", "eventType": "select.pointer", "fullPath": "/main.py", "details": {"selection": {"from": 52, "to": 52}}}
{"dateTime": "2025-08-22T19:24:51.351Z", "eventType": "input", "fullPath": "/main.py", "details": {"fromA": 52, "toA": 52, "fromB": 52, "toB": 53, "inserted": ["", ""]}}
{"dateTime": "2025-08-22T19:24:53.014Z", "eventType": "input.type", "fullPath": "/main.py", "details": {"fromA": 53, "toA": 53, "fromB": 53, "toB": 54, "inserted": ["r"]}}
{"dateTime": "2025-08-22T19:24:53.746Z", "eventType": "input.type", "fullPath": "/main.py", "details": {"fromA": 54, "toA": 54, "fromB": 54, "toB": 55, "inserted": [" "]}}
{"dateTime": "2025-08-22T19:24:53.917Z", "eventType": "input.type", "fullPath": "/main.py", "details": {"fromA": 55, "toA": 55, "fromB": 55, "toB": 56, "inserted": ["="]}}
{"dateTime": "2025-08-22T19:24:54.176Z", "eventType": "input.type", "fullPath": "/main.py", "details": {"fromA": 56, "toA": 56, "fromB": 56, "toB": 57, "inserted": [" "]}}
{"dateTime": "2025-08-22T19:24:55.187Z", "eventType": "input.type", "fullPath": "/main.py", "details": {"fromA": 57, "toA": 57, "fromB": 57, "toB": 58, "inserted": ["i"]}}
{"dateTime": "2025-08-22T19:24:55.330Z", "eventType": "input.type", "fullPath": "/main.py", "details": {"fromA": 58, "toA": 58, "fromB": 58, "toB": 59, "inserted": ["n"]}}
{"dateTime": "2025-08-22T19:24:55.632Z", "eventType": "delete.backward", "fullPath": "/main.py", "details": {"fromA": 58, "toA": 59, "fromB": 58, "toB": 58, "inserted": [""]}}
{"dateTime": "2025-08-22T19:24:55.758Z", "eventType": "delete.backward", "fullPath": "/main.py", "details": {"fromA": 57, "toA": 58, "fromB": 57, "toB": 57, "inserted": [""]}}
{"dateTime": "2025-08-22T19:24:56.206Z", "eventType": "input.type", "fullPath": "/main.py", "details": {"fromA": 57, "toA": 57, "fromB": 57, "toB": 58, "inserted": ["f"]}}
{"dateTime": "2025-08-22T19:24:56.325Z", "eventType": "input.type", "fullPath": "/main.py", "details": {"fromA": 58, "toA": 58, "fromB": 58, "toB": 59, "inserted": ["l"]}}
{"dateTime": "2025-08-22T19:24:56.481Z", "eventType": "input.type", "fullPath": "/main.py", "details": {"fromA": 59, "toA": 59, "fromB": 59, "toB": 60, "inserted": ["o"]}}
{"dateTime": "2025-08-22T19:24:56.681Z", "eventType": "input.type", "fullPath": "/main.py", "details": {"fromA": 60, "toA": 60, "fromB": 60, "toB": 61, "inserted": ["a"]}}
{"dateTime": "2025-08-22T19:24:57.255Z", "eventType": "input.type", "fullPath": "/main.py", "details": {"fromA": 61, "toA": 61, "fromB": 61, "toB": 62, "inserted": ["t"]}}
{"dateTime": "2025-08-22T19:24:57.664Z", "eventType": "input.type", "fullPath": "/main.py", "details": {"fromA": 62, "toA": 62, "fromB": 62, "toB": 64, "inserted": ["()"]}}
{"dateTime": "2025-08-22T19:24:58.379Z", "eventType": "input.type", "fullPath": "/main.py", "details": {"fromA": 63, "toA": 63, "fromB": 63, "toB": 64, "inserted": ["i"]}}
{"dateTime": "2025-08-22T19:24:58.515Z", "eventType": "input.type", "fullPath": "/main.py", "details": {"fromA": 64, "toA": 64, "fromB": 64, "toB": 65, "inserted": ["n"]}}
{"dateTime": "2025-08-22T19:24:59.033Z", "eventType": "input.type", "fullPath": "/main.py", "details": {"fromA": 65, "toA": 65, "fromB": 65, "toB": 66, "inserted": ["p"]}}
{"dateTime": "2025-08-22T19:24:59.293Z", "eventType": "input.type", "fullPath": "/main.py", "details": {"fromA": 66, "toA": 66, "fromB": 66, "toB": 67, "inserted": ["u"]}}
{"dateTime": "2025-08-22T19:25:00.194Z", "eventType": "input.type", "fullPath": "/main.py", "details": {"fromA": 67, "toA": 67, "fromB": 67, "toB": 68, "inserted": ["t"]}}
{"dateTime": "2025-08-22T19:25:02.879Z", "eventType": "input.type", "fullPath": "/main.py", "details": {"fromA": 68, "toA": 68, "fromB": 68, "toB": 70, "inserted": ["()"]}}
{"dateTime": "2025-08-22T19:25:10.581Z", "eventType": "select.pointer", "fullPath": "/main.py", "details": {"selection": {"from": 121, "to": 121}}}
{"dateTime": "2025-08-22T19:25:12.179Z", "eventType": "input", "fullPath": "/main.py", "details": {"fromA": 121, "toA": 121, "fromB": 121, "toB": 122, "inserted": ["", ""]}}
{"dateTime": "2025-08-22T19:25:13.831Z", "eventType": "input", "fullPath": "/main.py", "details": {"fromA": 122, "toA": 122, "fromB": 122, "toB": 123, "inserted": ["", ""]}}
{"dateTime": "2025-08-22T19:25:14.458Z", "eventType": "input.type", "fullPath": "/main.py", "details": {"fromA": 123, "toA": 123, "fromB": 123, "toB": 124, "inserted": ["#"]}}
{"dateTime": "2025-08-22T19:25:15.354Z", "eventType": "input.type", "fullPath": "/main.py", "details": {"fromA": 124, "toA": 124, "fromB": 124, "toB": 125, "inserted": ["r"]}}
{"dateTime": "2025-08-22T19:25:15.446Z", "eventType": "input.type", "fullPath": "/main.py", "details": {"fromA": 125, "toA": 125, "fromB": 125, "toB": 126, "inserted": ["e"]}}
{"dateTime": "2025-08-22T19:25:15.636Z", "eventType": "input.type", "fullPath": "/main.py", "details": {"fromA": 126, "toA": 126, "fromB": 126, "toB": 127, "inserted": ["s"]}}
{"dateTime": "2025-08-22T19:25:15.783Z", "eventType": "input.type", "fullPath": "/main.py", "details": {"fromA": 127, "toA": 127, "fromB": 127, "toB": 128, "inserted": ["u"]}}
{"dateTime": "2025-08-22T19:25:15.967Z", "eventType": "input.type", "fullPath": "/main.py", "details": {"fromA": 128, "toA": 128, "fromB": 128, "toB": 129, "inserted": ["l"]}}
{"dateTime": "2025-08-22T19:25:16.076Z", "eventType": "input.type", "fullPath": "/main.py", "details": {"fromA": 129, "toA": 129, "fromB": 129, "toB": 130, "inserted": ["t"]}}
{"dateTime": "2025-08-22T19:25:16.525Z", "eventType": "input.type", "fullPath": "/main.py", "details": {"fromA": 130, "toA": 130, "fromB": 130, "toB": 131, "inserted": ["a"]}}
{"dateTime": "2025-08-22T19:25:16.652Z", "eventType": "input.type", "fullPath": "/main.py", "details": {"fromA": 131, "toA": 131, "fromB": 131, "toB": 132, "inserted": ["d"]}}
{"dateTime": "2025-08-22T19:25:16.734Z", "eventType": "input.type", "fullPath": "/main.py", "details": {"fromA": 132, "toA": 132, "fromB": 132, "toB": 133, "inserted": ["o"]}}
{"dateTime": "2025-08-22T19:25:16.899Z", "eventType": "input.type", "fullPath": "/main.py", "details": {"fromA": 133, "toA": 133, "fromB": 133, "toB": 134, "inserted": [" "]}}
{"dateTime": "2025-08-22T19:25:17.034Z", "eventType": "input.type", "fullPath": "/main.py", "details": {"fromA": 134, "toA": 134, "fromB": 134, "toB": 135, "inserted": ["e"]}}
{"dateTime": "2025-08-22T19:25:17.136Z", "eventType": "input.type", "fullPath": "/main.py", "details": {"fromA": 135, "toA": 135, "fromB": 135, "toB": 136, "inserted": ["u"]}}
{"dateTime": "2025-08-22T19:25:17.241Z", "eventType": "input.type", "fullPath": "/main.py", "details": {"fromA": 136, "toA": 136, "fromB": 136, "toB": 137, "inserted": [" "]}}
{"dateTime": "2025-08-22T19:25:17.390Z", "eventType": "input.type", "fullPath": "/main.py", "details": {"fromA": 137, "toA": 137, "fromB": 137, "toB": 138, "inserted": ["a"]}}
{"dateTime": "2025-08-22T19:25:17.644Z", "eventType": "input.type", "fullPath": "/main.py", "details": {"fromA": 138, "toA": 138, "fromB": 138, "toB": 139, "inserted": ["c"]}}
{"dateTime": "2025-08-22T19:25:17.785Z", "eventType": "input.type", "fullPath": "/main.py", "details": {"fromA": 139, "toA": 139, "fromB": 139, "toB": 140, "inserted": ["h"]}}
{"dateTime": "2025-08-22T19:25:18.017Z", "eventType": "input.type", "fullPath": "/main.py", "details": {"fromA": 140, "toA": 140, "fromB": 140, "toB": 141, "inserted": ["p"]}}
{"dateTime": "2025-08-22T19:25:18.700Z", "eventType": "delete.backward", "fullPath": "/main.py", "details": {"fromA": 140, "toA": 141, "fromB": 140, "toB": 140, "inserted": [""]}}
{"dateTime": "2025-08-22T19:25:18.962Z", "eventType": "input.type", "fullPath": "/main.py", "details": {"fromA": 140, "toA": 140, "fromB": 140, "toB": 141, "inserted": ["o"]}}
{"dateTime": "2025-08-22T19:25:19.211Z", "eventType": "input", "fullPath": "/main.py", "details": {"fromA": 141, "toA": 141, "fromB": 141, "toB": 142, "inserted": ["", ""]}}
{"dateTime": "2025-08-22T19:25:20.699Z", "eventType": "input", "fullPath": "/main.py", "details": {"fromA": 142, "toA": 142, "fromB": 142, "toB": 143, "inserted": ["", ""]}}
{"dateTime": "2025-08-22T19:25:23.324Z", "eventType": "select.pointer", "fullPath": "/main.py", "details": {"selection": {"from": 52, "to": 52}}}
{"dateTime": "2025-08-22T19:25:23.830Z", "eventType": "input", "fullPath": "/main.py", "details": {"fromA": 52, "toA": 52, "fromB": 52, "toB": 53, "inserted": ["", ""]}}
{"dateTime": "2025-08-22T19:25:24.308Z", "eventType": "select.pointer", "fullPath": "/main.py", "details": {"selection": {"from": 144, "to": 144}}}
{"dateTime": "2025-08-22T19:25:24.349Z", "eventType": "select.pointer", "fullPath": "/main.py", "details": {"selection": {"from": 143, "to": 144}}}
{"dateTime": "2025-08-22T19:25:24.764Z", "eventType": "select.pointer", "fullPath": "/main.py", "details": {"selection": {"from": 143, "to": 143}}}
{"dateTime": "2025-08-22T19:25:26.708Z", "eventType": "select", "fullPath": "/main.py", "details": {"selection": {"from": 144, "to": 144}}}
{"dateTime": "2025-08-22T19:25:28.522Z", "eventType": "input.type", "fullPath": "/main.py", "details": {"fromA": 144, "toA": 144, "fromB": 144, "toB": 145, "inserted": ["/"]}}
{"dateTime": "2025-08-22T19:25:29.213Z", "eventType": "delete.backward", "fullPath": "/main.py", "details": {"fromA": 144, "toA": 145, "fromB": 144, "toB": 144, "inserted": [""]}}
{"dateTime": "2025-08-22T19:25:29.648Z", "eventType": "input.type", "fullPath": "/main.py", "details": {"fromA": 144, "toA": 144, "fromB": 144, "toB": 145, "inserted": ["p"]}}
{"dateTime": "2025-08-22T19:25:29.740Z", "eventType": "input.type", "fullPath": "/main.py", "details": {"fromA": 145, "toA": 145, "fromB": 145, "toB": 146, "inserted": ["r"]}}
{"dateTime": "2025-08-22T19:25:29.828Z", "eventType": "input.type", "fullPath": "/main.py", "details": {"fromA": 146, "toA": 146, "fromB": 146, "toB": 147, "inserted": ["i"]}}
{"dateTime": "2025-08-22T19:25:29.941Z", "eventType": "input.type", "fullPath": "/main.py", "details": {"fromA": 147, "toA": 147, "fromB": 147, "toB": 148, "inserted": ["n"]}}
{"dateTime": "2025-08-22T19:25:30.004Z", "eventType": "input.type", "fullPath": "/main.py", "details": {"fromA": 148, "toA": 148, "fromB": 148, "toB": 149, "inserted": ["t"]}}
{"dateTime": "2025-08-22T19:25:30.923Z", "eventType": "input.type", "fullPath": "/main.py", "details": {"fromA": 149, "toA": 149, "fromB": 149, "toB": 151, "inserted": ["()"]}}
{"dateTime": "2025-08-22T19:25:34.129Z", "eventType": "input.type", "fullPath": "/main.py", "details": {"fromA": 150, "toA": 150, "fromB": 150, "toB": 151, "inserted": ["a"]}}
{"dateTime": "2025-08-22T19:25:35.754Z", "eventType": "input.type", "fullPath": "/main.py", "details": {"fromA": 151, "toA": 151, "fromB": 151, "toB": 152, "inserted": ["r"]}}
{"dateTime": "2025-08-22T19:25:37.837Z", "eventType": "input.complete", "fullPath": "/main.py", "details": {"fromA": 150, "toA": 152, "fromB": 150, "toB": 154, "inserted": ["area"]}}
{"dateTime": "2025-08-22T19:25:38.357Z", "eventType": "select.pointer", "fullPath": "/main.py", "details": {"selection": {"from": 156, "to": 156}}}
{"dateTime": "2025-08-22T19:25:39.128Z", "eventType": "input.type", "fullPath": "/main.py", "details": {"fromA": 156, "toA": 156, "fromB": 156, "toB": 157, "inserted": ["p"]}}
{"dateTime": "2025-08-22T19:25:39.214Z", "eventType": "input.type", "fullPath": "/main.py", "details": {"fromA": 157, "toA": 157, "fromB": 157, "toB": 158, "inserted": ["r"]}}
{"dateTime": "2025-08-22T19:25:39.315Z", "eventType": "input.type", "fullPath": "/main.py", "details": {"fromA": 158, "toA": 158, "fromB": 158, "toB": 159, "inserted": ["i"]}}
{"dateTime": "2025-08-22T19:25:39.410Z", "eventType": "input.type", "fullPath": "/main.py", "details": {"fromA": 159, "toA": 159, "fromB": 159, "toB": 160, "inserted": ["n"]}}
{"dateTime": "2025-08-22T19:25:39.458Z", "eventType": "input.type", "fullPath": "/main.py", "details": {"fromA": 160, "toA": 160, "fromB": 160, "toB": 161, "inserted": ["t"]}}
{"dateTime": "2025-08-22T19:25:41.882Z", "eventType": "input.type", "fullPath": "/main.py", "details": {"fromA": 161, "toA": 161, "fromB": 161, "toB": 163, "inserted": ["()"]}}
{"dateTime": "2025-08-22T19:25:42.604Z", "eventType": "input.type", "fullPath": "/main.py", "details": {"fromA": 162, "toA": 162, "fromB": 162, "toB": 163, "inserted": ["v"]}}
{"dateTime": "2025-08-22T19:25:42.732Z", "eventType": "input.type", "fullPath": "/main.py", "details": {"fromA": 163, "toA": 163, "fromB": 163, "toB": 164, "inserted": ["o"]}}
{"dateTime": "2025-08-22T19:25:42.881Z", "eventType": "input.type", "fullPath": "/main.py", "details": {"fromA": 164, "toA": 164, "fromB": 164, "toB": 165, "inserted": ["l"]}}
{"dateTime": "2025-08-22T19:25:43.075Z", "eventType": "input.type", "fullPath": "/main.py", "details": {"fromA": 165, "toA": 165, "fromB": 165, "toB": 166, "inserted": ["u"]}}
{"dateTime": "2025-08-22T19:25:43.237Z", "eventType": "input.type", "fullPath": "/main.py", "details": {"fromA": 166, "toA": 166, "fromB": 166, "toB": 167, "inserted": ["m"]}}
{"dateTime": "2025-08-22T19:25:43.347Z", "eventType": "input.type", "fullPath": "/main.py", "details": {"fromA": 167, "toA": 167, "fromB": 167, "toB": 168, "inserted": ["e"]}}
{"dateTime": "2025-08-22T19:25:46.572Z", "eventType": "blur", "fullPath": "/main.py"}
{"dateTime": "2025-08-22T19:25:51.739Z", "eventType": "focus", "fullPath": "/main.py"}
{"dateTime": "2025-08-22T19:25:51.744Z", "eventType": "select.pointer", "fullPath": "/main.py", "details": {"selection": {"from": 106, "to": 106}}}
{"dateTime": "2025-08-22T19:26:18.739Z", "eventType": "blur", "fullPath": "/main.py"}
{"dateTime": "2025-08-22T19:26:19.185Z", "eventType": "run", "details": {"commit": "233ae32a459cb0764f48bc3465b731b2abe1fbea"}}
{"dateTime": "2025-08-22T19:26:24.155Z", "eventType": "focus", "fullPath": "/main.py"}
{"dateTime": "2025-08-22T19:26:24.159Z", "eventType": "select.pointer", "fullPath": "/main.py", "details": {"selection": {"from": 107, "to": 107}}}
{"dateTime": "2025-08-22T19:26:24.293Z", "eventType": "select.pointer", "fullPath": "/main.py", "details": {"selection": {"from": 107, "to": 107}}}
{"dateTime": "2025-08-22T19:26:24.311Z", "eventType": "select.pointer", "fullPath": "/main.py", "details": {"selection": {"from": 106, "to": 107}}}
{"dateTime": "2025-08-22T19:26:24.430Z", "eventType": "select.pointer", "fullPath": "/main.py", "details": {"selection": {"from": 105, "to": 107}}}
{"dateTime": "2025-08-22T19:26:24.495Z", "eventType": "select.pointer", "fullPath": "/main.py", "details": {"selection": {"from": 104, "to": 107}}}
{"dateTime": "2025-08-22T19:26:24.544Z", "eventType": "select.pointer", "fullPath": "/main.py", "details": {"selection": {"from": 103, "to": 107}}}
{"dateTime": "2025-08-22T19:26:24.945Z", "eventType": "select.pointer", "fullPath": "/main.py", "details": {"selection": {"from": 104, "to": 107}}}
{"dateTime": "2025-08-22T19:26:27.123Z", "eventType": "delete.selection", "fullPath": "/main.py", "details": {"fromA": 104, "toA": 107, "fromB": 104, "toB": 104, "inserted": [""]}}
{"dateTime": "2025-08-22T19:26:29.045Z", "eventType": "select.pointer", "fullPath": "/main.py", "details": {"selection": {"from": 120, "to": 120}}}
{"dateTime": "2025-08-22T19:26:29.853Z", "eventType": "select.pointer", "fullPath": "/main.py", "details": {"selection": {"from": 106, "to": 106}}}
{"dateTime": "2025-08-22T19:26:29.876Z", "eventType": "select.pointer", "fullPath": "/main.py", "details": {"selection": {"from": 106, "to": 106}}}
{"dateTime": "2025-08-22T19:26:30.827Z", "eventType": "delete.backward", "fullPath": "/main.py", "details": {"fromA": 105, "toA": 106, "fromB": 105, "toB": 105, "inserted": [""]}}
{"dateTime": "2025-08-22T19:26:31.320Z", "eventType": "delete.backward", "fullPath": "/main.py", "details": {"fromA": 104, "toA": 105, "fromB": 104, "toB": 104, "inserted": [""]}}
{"dateTime": "2025-08-22T19:26:31.865Z", "eventType": "delete.backward", "fullPath": "/main.py", "details": {"fromA": 103, "toA": 104, "fromB": 103, "toB": 103, "inserted": [""]}}
{"dateTime": "2025-08-22T19:26:32.835Z", "eventType": "blur", "fullPath": "/main.py"}
{"dateTime": "2025-08-22T19:26:33.308Z", "eventType": "run", "details": {"commit": "724c79d74b22b626850c34f0f60e6d7b7b52458a"}}
{"dateTime": "2025-08-22T19:26:43.242Z", "eventType": "focus", "fullPath": "/main.py"}
{"dateTime": "2025-08-22T19:26:43.248Z", "eventType": "select.pointer", "fullPath": "/main.py", "details": {"selection": {"from": 137, "to": 137}}}
{"dateTime": "2025-08-22T19:26:43.547Z", "eventType": "undo", "fullPath": "/main.py", "details": {"fromA": 103, "toA": 103, "fromB": 103, "toB": 104, "inserted": [" "]}}
{"dateTime": "2025-08-22T19:26:43.868Z", "eventType": "undo", "fullPath": "/main.py", "details": {"fromA": 104, "toA": 104, "fromB": 104, "toB": 106, "inserted": [" *"]}}
{"dateTime": "2025-08-22T19:26:44.298Z", "eventType": "undo", "fullPath": "/main.py", "details": {"fromA": 104, "toA": 104, "fromB": 104, "toB": 107, "inserted": ["4/3"]}}
{"dateTime": "2025-08-22T19:26:44.518Z", "eventType": "undo", "fullPath": "/main.py", "details": {"fromA": 162, "toA": 168, "fromB": 162, "toB": 162, "inserted": [""]}}
{"dateTime": "2025-08-22T19:26:47.133Z", "eventType": "redo", "fullPath": "/main.py", "details": {"fromA": 162, "toA": 162, "fromB": 162, "toB": 168, "inserted": ["volume"]}}
{"dateTime": "2025-08-22T19:26:48.205Z", "eventType": "select.pointer", "fullPath": "/main.py", "details": {"selection": {"from": 118, "to": 118}}}
{"dateTime": "2025-08-22T19:26:49.579Z", "eventType": "input.type", "fullPath": "/main.py", "details": {"fromA": 118, "toA": 118, "fromB": 118, "toB": 119, "inserted": ["*"]}}
{"dateTime": "2025-08-22T19:26:49.823Z", "eventType": "input.type", "fullPath": "/main.py", "details": {"fromA": 119, "toA": 119, "fromB": 119, "toB": 120, "inserted": [" "]}}
{"dateTime": "2025-08-22T19:26:53.435Z", "eventType": "blur", "fullPath": "/main.py"}
{"dateTime": "2025-08-22T19:26:59.803Z", "eventType": "focus", "fullPath": "/main.py"}
{"dateTime": "2025-08-22T19:26:59.809Z", "eventType": "select.pointer", "fullPath": "/main.py", "details": {"selection": {"from": 151, "to": 151}}}
{"dateTime": "2025-08-22T19:27:02.643Z", "eventType": "input.type", "fullPath": "/main.py", "details": {"fromA": 151, "toA": 151, "fromB": 151, "toB": 152, "inserted": ["("]}}
{"dateTime": "2025-08-22T19:27:03.499Z", "eventType": "input.type", "fullPath": "/main.py", "details": {"fromA": 152, "toA": 152, "fromB": 152, "toB": 153, "inserted": ["r"]}}
{"dateTime": "2025-08-22T19:27:03.569Z", "eventType": "input.type", "fullPath": "/main.py", "details": {"fromA": 153, "toA": 153, "fromB": 153, "toB": 154, "inserted": ["o"]}}
{"dateTime": "2025-08-22T19:27:03.683Z", "eventType": "input.type", "fullPath": "/main.py", "details": {"fromA": 154, "toA": 154, "fromB": 154, "toB": 155, "inserted": ["u"]}}
{"dateTime": "2025-08-22T19:27:03.802Z", "eventType": "input.type", "fullPath": "/main.py", "details": {"fromA": 155, "toA": 155, "fromB": 155, "toB": 156, "inserted": ["n"]}}
{"dateTime": "2025-08-22T19:27:03.901Z", "eventType": "input.type", "fullPath": "/main.py", "details": {"fromA": 156, "toA": 156, "fromB": 156, "toB": 157, "inserted": ["d"]}}
{"dateTime": "2025-08-22T19:27:04.714Z", "eventType": "input.type", "fullPath": "/main.py", "details": {"fromA": 157, "toA": 157, "fromB": 157, "toB": 158, "inserted": ["("]}}
{"dateTime": "2025-08-22T19:27:05.926Z", "eventType": "select", "fullPath": "/main.py", "details": {"selection": {"from": 159, "to": 159}}}
{"dateTime": "2025-08-22T19:27:06.085Z", "eventType": "select", "fullPath": "/main.py", "details": {"selection": {"from": 160, "to": 160}}}
{"dateTime": "2025-08-22T19:27:06.232Z", "eventType": "select", "fullPath": "/main.py", "details": {"selection": {"from": 161, "to": 161}}}
{"dateTime": "2025-08-22T19:27:06.361Z", "eventType": "select", "fullPath": "/main.py", "details": {"selection": {"from": 162, "to": 162}}}
{"dateTime": "2025-08-22T19:27:06.501Z", "eventType": "select", "fullPath": "/main.py", "details": {"selection": {"from": 163, "to": 163}}}
{"dateTime": "2025-08-22T19:27:06.698Z", "eventType": "select", "fullPath": "/main.py", "details": {"selection": {"from": 164, "to": 164}}}
{"dateTime": "2025-08-22T19:27:08.823Z", "eventType": "select", "fullPath": "/main.py", "details": {"selection": {"from": 163, "to": 163}}}
{"dateTime": "2025-08-22T19:27:09.004Z", "eventType": "select", "fullPath": "/main.py", "details": {"selection": {"from": 162, "to": 162}}}
{"dateTime": "2025-08-22T19:27:09.162Z", "eventType": "select", "fullPath": "/main.py", "details": {"selection": {"from": 161, "to": 161}}}
{"dateTime": "2025-08-22T19:27:09.358Z", "eventType": "select", "fullPath": "/main.py", "details": {"selection": {"from": 160, "to": 160}}}
{"dateTime": "2025-08-22T19:27:09.516Z", "eventType": "select", "fullPath": "/main.py", "details": {"selection": {"from": 159, "to": 159}}}
{"dateTime": "2025-08-22T19:27:09.748Z", "eventType": "delete.backward", "fullPath": "/main.py", "details": {"fromA": 158, "toA": 159, "fromB": 158, "toB": 158, "inserted": [""]}}
{"dateTime": "2025-08-22T19:27:10.699Z", "eventType": "select", "fullPath": "/main.py", "details": {"selection": {"from": 159, "to": 159}}}
{"dateTime": "2025-08-22T19:27:10.871Z", "eventType": "select", "fullPath": "/main.py", "details": {"selection": {"from": 160, "to": 160}}}
{"dateTime": "2025-08-22T19:27:11.024Z", "eventType": "select", "fullPath": "/main.py", "details": {"selection": {"from": 161, "to": 161}}}
{"dateTime": "2025-08-22T19:27:11.196Z", "eventType": "select", "fullPath": "/main.py", "details": {"selection": {"from": 162, "to": 162}}}
{"dateTime": "2025-08-22T19:27:11.381Z", "eventType": "select", "fullPath": "/main.py", "details": {"selection": {"from": 163, "to": 163}}}
{"dateTime": "2025-08-22T19:27:12.584Z", "eventType": "delete.backward", "fullPath": "/main.py", "details": {"fromA": 162, "toA": 163, "fromB": 162, "toB": 162, "inserted": [""]}}
{"dateTime": "2025-08-22T19:27:12.860Z", "eventType": "input.type", "fullPath": "/main.py", "details": {"fromA": 162, "toA": 162, "fromB": 162, "toB": 163, "inserted": [","]}}
{"dateTime": "2025-08-22T19:27:13.676Z", "eventType": "input.type", "fullPath": "/main.py", "details": {"fromA": 163, "toA": 163, "fromB": 163, "toB": 164, "inserted": ["2"]}}
{"dateTime": "2025-08-22T19:27:14.403Z", "eventType": "input.type", "fullPath": "/main.py", "details": {"fromA": 164, "toA": 164, "fromB": 164, "toB": 165, "inserted": [")"]}}
{"dateTime": "2025-08-22T19:27:14.687Z", "eventType": "input.type", "fullPath": "/main.py", "details": {"fromA": 165, "toA": 165, "fromB": 165, "toB": 166, "inserted": [")"]}}
{"dateTime": "2025-08-22T19:27:17.141Z", "eventType": "select.pointer", "fullPath": "/main.py", "details": {"selection": {"from": 173, "to": 173}}}
{"dateTime": "2025-08-22T19:27:18.255Z", "eventType": "input.type", "fullPath": "/main.py", "details": {"fromA": 173, "toA": 173, "fromB": 173, "toB": 174, "inserted": ["r"]}}
{"dateTime": "2025-08-22T19:27:18.315Z", "eventType": "input.type", "fullPath": "/main.py", "details": {"fromA": 174, "toA": 174, "fromB": 174, "toB": 175, "inserted": ["o"]}}
{"dateTime": "2025-08-22T19:27:18.440Z", "eventType": "input.type", "fullPath": "/main.py", "details": {"fromA": 175, "toA": 175, "fromB": 175, "toB": 176, "inserted": ["u"]}}
{"dateTime": "2025-08-22T19:27:18.666Z", "eventType": "input.type", "fullPath": "/main.py", "details": {"fromA": 176, "toA": 176, "fromB": 176, "toB": 177, "inserted": ["d"]}}
{"dateTime": "2025-08-22T19:27:19.010Z", "eventType": "delete.backward", "fullPath": "/main.py", "details": {"fromA": 176, "toA": 177, "fromB": 176, "toB": 176, "inserted": [""]}}
{"dateTime": "2025-08-22T19:27:19.579Z", "eventType": "input.type", "fullPath": "/main.py", "details": {"fromA": 176, "toA": 176, "fromB": 176, "toB": 177, "inserted": ["n"]}}
{"dateTime": "2025-08-22T19:27:19.673Z", "eventType": "input.type", "fullPath": "/main.py", "details": {"fromA": 177, "toA": 177, "fromB": 177, "toB": 178, "inserted": ["d"]}}
{"dateTime": "2025-08-22T19:27:20.486Z", "eventType": "input.type", "fullPath": "/main.py", "details": {"fromA": 178, "toA": 178, "fromB": 178, "toB": 179, "inserted": ["("]}}
{"dateTime": "2025-08-22T19:27:21.761Z", "eventType": "select", "fullPath": "/main.py", "details": {"selection": {"from": 180, "to": 180}}}
{"dateTime": "2025-08-22T19:27:21.953Z", "eventType": "select", "fullPath": "/main.py", "details": {"selection": {"from": 181, "to": 181}}}
{"dateTime": "2025-08-22T19:27:22.117Z", "eventType": "select", "fullPath": "/main.py", "details": {"selection": {"from": 182, "to": 182}}}
{"dateTime": "2025-08-22T19:27:22.256Z", "eventType": "select", "fullPath": "/main.py", "details": {"selection": {"from": 183, "to": 183}}}
{"dateTime": "2025-08-22T19:27:22.429Z", "eventType": "select", "fullPath": "/main.py", "details": {"selection": {"from": 184, "to": 184}}}
{"dateTime": "2025-08-22T19:27:22.583Z", "eventType": "select", "fullPath": "/main.py", "details": {"selection": {"from": 185, "to": 185}}}
{"dateTime": "2025-08-22T19:27:22.754Z", "eventType": "select", "fullPath": "/main.py", "details": {"selection": {"from": 186, "to": 186}}}
{"dateTime": "2025-08-22T19:27:25.267Z", "eventType": "input.type", "fullPath": "/main.py", "details": {"fromA": 186, "toA": 186, "fromB": 186, "toB": 187, "inserted": [","]}}
{"dateTime": "2025-08-22T19:27:26.061Z", "eventType": "input.type", "fullPath": "/main.py", "details": {"fromA": 187, "toA": 187, "fromB": 187, "toB": 188, "inserted": ["2"]}}
{"dateTime": "2025-08-22T19:27:27.145Z", "eventType": "delete.backward", "fullPath": "/main.py", "details": {"fromA": 187, "toA": 188, "fromB": 187, "toB": 187, "inserted": [""]}}
{"dateTime": "2025-08-22T19:27:27.288Z", "eventType": "delete.backward", "fullPath": "/main.py", "details": {"fromA": 186, "toA": 187, "fromB": 186, "toB": 186, "inserted": [""]}}
{"dateTime": "2025-08-22T19:27:27.406Z", "eventType": "delete.backward", "fullPath": "/main.py", "details": {"fromA": 185, "toA": 186, "fromB": 185, "toB": 185, "inserted": [""]}}
{"dateTime": "2025-08-22T19:27:28.325Z", "eventType": "input.type", "fullPath": "/main.py", "details": {"fromA": 185, "toA": 185, "fromB": 185, "toB": 186, "inserted": ["2"]}}
{"dateTime": "2025-08-22T19:27:29.217Z", "eventType": "delete.backward", "fullPath": "/main.py", "details": {"fromA": 185, "toA": 186, "fromB": 185, "toB": 185, "inserted": [""]}}
{"dateTime": "2025-08-22T19:27:29.736Z", "eventType": "input.type", "fullPath": "/main.py", "details": {"fromA": 185, "toA": 185, "fromB": 185, "toB": 186, "inserted": [","]}}
{"dateTime": "2025-08-22T19:27:29.924Z", "eventType": "input.type", "fullPath": "/main.py", "details": {"fromA": 186, "toA": 186, "fromB": 186, "toB": 187, "inserted": ["2"]}}
{"dateTime": "2025-08-22T19:27:30.935Z", "eventType": "input.type", "fullPath": "/main.py", "details": {"fromA": 187, "toA": 187, "fromB": 187, "toB": 188, "inserted": [")"]}}
{"dateTime": "2025-08-22T19:27:31.104Z", "eventType": "input.type", "fullPath": "/main.py", "details": {"fromA": 188, "toA": 188, "fromB": 188, "toB": 189, "inserted": [")"]}}
{"dateTime": "2025-08-22T19:27:34.140Z", "eventType": "blur", "fullPath": "/main.py"}
{"dateTime": "2025-08-22T19:27:38.003Z", "eventType": "focus", "fullPath": "/main.py"}
{"dateTime": "2025-08-22T19:27:38.008Z", "eventType": "select.pointer", "fullPath": "/main.py", "details": {"selection": {"from": 165, "to": 165}}}
{"dateTime": "2025-08-22T19:27:39.418Z", "eventType": "select.pointer", "fullPath": "/main.py", "details": {"selection": {"from": 164, "to": 164}}}
{"dateTime": "2025-08-22T19:27:40.073Z", "eventType": "delete.backward", "fullPath": "/main.py", "details": {"fromA": 163, "toA": 164, "fromB": 163, "toB": 163, "inserted": [""]}}
{"dateTime": "2025-08-22T19:27:40.634Z", "eventType": "input.type", "fullPath": "/main.py", "details": {"fromA": 163, "toA": 163, "fromB": 163, "toB": 164, "inserted": ["3"]}}
{"dateTime": "2025-08-22T19:27:41.973Z", "eventType": "select.pointer", "fullPath": "/main.py", "details": {"selection": {"from": 187, "to": 187}}}
{"dateTime": "2025-08-22T19:27:43.124Z", "eventType": "delete.backward", "fullPath": "/main.py", "details": {"fromA": 186, "toA": 187, "fromB": 186, "toB": 186, "inserted": [""]}}
{"dateTime": "2025-08-22T19:27:43.434Z", "eventType": "input.type", "fullPath": "/main.py", "details": {"fromA": 186, "toA": 186, "fromB": 186, "toB": 187, "inserted": ["3"]}}
{"dateTime": "2025-08-22T19:27:44.874Z", "eventType": "blur", "fullPath": "/main.py"}
{"dateTime": "2025-08-22T19:27:50.148Z", "eventType": "submission", "details": {"correctness": 1, "commit": "c63d046c0396827b8631645ce6b31ec2140b8bf0", "executionTime": 0.01}}
{"dateTime": "2025-08-23T13:57:49.306Z", "eventType": "focus", "fullPath": "/main.py"}
{"dateTime": "2025-08-23T13:57:49.316Z", "eventType": "select.pointer", "fullPath": "/main.py", "details": {"selection": {"from": 116, "to": 116}}}
{"dateTime": "2025-08-23T13:57:49.413Z", "eventType": "select.pointer", "fullPath": "/main.py", "details": {"selection": {"from": 115, "to": 116}}}
{"dateTime": "2025-08-23T13:57:49.445Z", "eventType": "select.pointer", "fullPath": "/main.py", "details": {"selection": {"from": 114, "to": 116}}}
{"dateTime": "2025-08-23T13:57:49.462Z", "eventType": "select.pointer", "fullPath": "/main.py", "details": {"selection": {"from": 113, "to": 116}}}
{"dateTime": "2025-08-23T13:57:49.476Z", "eventType": "select.pointer", "fullPath": "/main.py", "details": {"selection": {"from": 112, "to": 116}}}
{"dateTime": "2025-08-23T13:57:49.492Z", "eventType": "select.pointer", "fullPath": "/main.py", "details": {"selection": {"from": 111, "to": 116}}}
{"dateTime": "2025-08-23T13:57:49.609Z", "eventType": "select.pointer", "fullPath": "/main.py", "details": {"selection": {"from": 110, "to": 116}}}
{"dateTime": "2025-08-23T13:57:49.991Z", "eventType": "select.pointer", "fullPath": "/main.py", "details": {"selection": {"from": 85, "to": 85}}}
{"dateTime": "2025-08-23T13:57:50.074Z", "eventType": "select.pointer", "fullPath": "/main.py", "details": {"selection": {"from": 85, "to": 85}}}
{"dateTime": "2025-08-23T13:57:50.089Z", "eventType": "select.pointer", "fullPath": "/main.py", "details": {"selection": {"from": 85, "to": 85}}}
{"dateTime": "2025-08-23T13:57:50.109Z", "eventType": "select.pointer", "fullPath": "/main.py", "details": {"selection": {"from": 84, "to": 85}}}
{"dateTime": "2025-08-23T13:57:50.126Z", "eventType": "select.pointer", "fullPath": "/main.py", "details": {"selection": {"from": 82, "to": 85}}}
{"dateTime": "2025-08-23T13:57:50.143Z", "eventType": "select.pointer", "fullPath": "/main.py", "details": {"selection": {"from": 81, "to": 85}}}
{"dateTime": "2025-08-23T13:57:50.159Z", "eventType": "select.pointer", "fullPath": "/main.py", "details": {"selection": {"from": 80, "to": 85}}}
{"dateTime": "2025-08-23T13:57:53.159Z", "eventType": "blur", "fullPath": "/main.py"}
{"dateTime": "2025-08-23T13:57:56.315Z", "eventType": "focus", "fullPath": "/main.py"}
{"dateTime": "2025-08-23T13:57:56.327Z", "eventType": "select", "fullPath": "/main.py", "details": {"selection": {"from": 189, "to": 189}}}
{"dateTime": "2025-08-23T13:57:57.710Z", "eventType": "select.pointer", "fullPath": "/main.py", "details": {"selection": {"from": 12, "to": 12}}}
{"dateTime": "2025-08-23T13:57:57.958Z", "eventType": "select.pointer", "fullPath": "/main.py", "details": {"selection": {"from": 12, "to": 13}}}
{"dateTime": "2025-08-23T13:57:58.107Z", "eventType": "select.pointer", "fullPath": "/main.py", "details": {"selection": {"from": 12, "to": 14}}}
{"dateTime": "2025-08-23T13:57:58.125Z", "eventType": "select.pointer", "fullPath": "/main.py", "details": {"selection": {"from": 12, "to": 15}}}
{"dateTime": "2025-08-23T13:57:58.141Z", "eventType": "select.pointer", "fullPath": "/main.py", "details": {"selection": {"from": 12, "to": 17}}}
{"dateTime": "2025-08-23T13:57:58.157Z", "eventType": "select.pointer", "fullPath": "/main.py", "details": {"selection": {"from": 12, "to": 18}}}
{"dateTime": "2025-08-23T13:57:58.173Z", "eventType": "select.pointer", "fullPath": "/main.py", "details": {"selection": {"from": 12, "to": 19}}}
{"dateTime": "2025-08-23T13:57:58.192Z", "eventType": "select.pointer", "fullPath": "/main.py", "details": {"selection": {"from": 12, "to": 20}}}
{"dateTime": "2025-08-23T13:57:58.356Z", "eventType": "select.pointer", "fullPath": "/main.py", "details": {"selection": {"from": 12, "to": 21}}}
{"dateTime": "2025-08-23T13:57:58.373Z", "eventType": "select.pointer", "fullPath": "/main.py", "details": {"selection": {"from": 12, "to": 22}}}
{"dateTime": "2025-08-23T13:57:58.390Z", "eventType": "select.pointer", "fullPath": "/main.py", "details": {"selection": {"from": 12, "to": 24}}}
{"dateTime": "2025-08-23T13:57:58.408Z", "eventType": "select.pointer", "fullPath": "/main.py", "details": {"selection": {"from": 12, "to": 25}}}
{"dateTime": "2025-08-23T13:57:58.425Z", "eventType": "select.pointer", "fullPath": "/main.py", "details": {"selection": {"from": 12, "to": 27}}}
{"dateTime": "2025-08-23T13:57:58.440Z", "eventType": "select.pointer", "fullPath": "/main.py", "details": {"selection": {"from": 12, "to": 28}}}
{"dateTime": "2025-08-23T13:57:58.490Z", "eventType": "select.pointer", "fullPath": "/main.py", "details": {"selection": {"from": 12, "to": 29}}}
{"dateTime": "2025-08-23T13:57:58.507Z", "eventType": "select.pointer", "fullPath": "/main.py", "details": {"selection": {"from": 12, "to": 30}}}
{"dateTime": "2025-08-23T13:57:58.525Z", "eventType": "select.pointer", "fullPath": "/main.py", "details": {"selection": {"from": 12, "to": 31}}}
{"dateTime": "2025-08-23T13:57:58.542Z", "eventType": "select.pointer", "fullPath": "/main.py", "details": {"selection": {"from": 12, "to": 32}}}
{"dateTime": "2025-08-23T13:57:58.558Z", "eventType": "select.pointer", "fullPath": "/main.py", "details": {"selection": {"from": 12, "to": 33}}}
{"dateTime": "2025-08-23T13:57:58.590Z", "eventType": "select.pointer", "fullPath": "/main.py", "details": {"selection": {"from": 12, "to": 34}}}
{"dateTime": "2025-08-23T13:57:58.624Z", "eventType": "select.pointer", "fullPath": "/main.py", "details": {"selection": {"from": 12, "to": 36}}}
{"dateTime": "2025-08-23T13:57:58.641Z", "eventType": "select.pointer", "fullPath": "/main.py", "details": {"selection": {"from": 12, "to": 37}}}
{"dateTime": "2025-08-23T13:58:00.446Z", "eventType": "select.pointer", "fullPath": "/main.py", "details": {"selection": {"from": 52, "to": 52}}}
{"dateTime": "2025-08-23T13:58:01.526Z", "eventType": "select.pointer", "fullPath": "/main.py", "details": {"selection": {"from": 129, "to": 129}}}
{"dateTime": "2025-08-23T13:58:02.843Z", "eventType": "blur", "fullPath": "/main.py"}
