== SUBMISSION (2025-09-02 20:46:14)
-- CODE: 
qnt_sucos = int(input())
qnt_salgados = int(input())

valor_disponivel = float(input())

valor_total = (qnt_sucos * 3) + (qnt_salgados * 3.50)

if valor_disponivel >= valor_total:
  print("Sim")

else: 
  print("Nao")
-- EXECUTION TIME: 
0.01
-- TEST CASE 1:
---- input:
0
5
12.60
---- correct output:
17.5
Nao
---- user output:
Nao
-- TEST CASE 2:
---- input:
2
2
15.0
---- correct output:
13.0
Sim
---- user output:
Sim
-- TEST CASE 3:
---- input:
3
3
20.0
---- correct output:
19.5
Sim
---- user output:
Sim
-- TEST CASE 4:
---- input:
10
2
15.00
---- correct output:
37.0
Nao
---- user output:
Nao
-- TEST CASE 5:
---- input:
3
5
25.50
---- correct output:
26.5
Nao
---- user output:
Nao
-- TEST CASE 6:
---- input:
1
2
8.0
---- correct output:
10.0
Nao
---- user output:
Nao
-- GRADE:
0%
*-*-*-*-*-*-*-*-*-*-*-*-*-*-*-*-*-*-*-*-*-*-*-*
== SUBMISSION (2025-09-02 20:46:45)
-- CODE: 
qnt_sucos = int(input())
qnt_salgados = int(input())

valor_disponivel = float(input())

valor_total = (qnt_sucos * 3) + (qnt_salgados * 3.50)

print(round(valor_total, 2))

if valor_disponivel >= valor_total:
  print("Sim")

else: 
  print("Nao")
-- EXECUTION TIME: 
0.01
-- TEST CASE 1:
---- input:
0
5
12.60
---- correct output:
17.5
Nao
---- user output:
Nao
-- TEST CASE 2:
---- input:
2
2
15.0
---- correct output:
13.0
Sim
---- user output:
Sim
-- TEST CASE 3:
---- input:
3
3
20.0
---- correct output:
19.5
Sim
---- user output:
Sim
-- TEST CASE 4:
---- input:
10
2
15.00
---- correct output:
37.0
Nao
---- user output:
Nao
-- TEST CASE 5:
---- input:
3
5
25.50
---- correct output:
26.5
Nao
---- user output:
Nao
-- TEST CASE 6:
---- input:
1
2
8.0
---- correct output:
10.0
Nao
---- user output:
Nao
-- GRADE:
100%
*-*-*-*-*-*-*-*-*-*-*-*-*-*-*-*-*-*-*-*-*-*-*-*
