== SUBMISSION (2025-08-14 23:00:48)
-- CODE: 
nome = input("Digite o nome: ")
idade = int(input("Digite a idade: "))
altura = float(input("Digite a altura: "))

print(nome)
print(idade)
print(altura)
-- EXECUTION TIME: 
0.01
-- TEST CASE 1:
---- input:
Teresa
13
1.45
---- correct output:
Nome: Teresa
Idade: 13
Altura: 1.45
---- user output:
1.45
-- TEST CASE 2:
---- input:
Marcelo
34
1.79
---- correct output:
Nome: Marcelo
Idade: 34
Altura: 1.79
---- user output:
1.79
-- TEST CASE 3:
---- input:
Larissa
23
1.68
---- correct output:
Nome: Larissa
Idade: 23
Altura: 1.68
---- user output:
1.68
-- TEST CASE 4:
---- input:
Jose
45
1.89
---- correct output:
Nome: Jose
Idade: 45
Altura: 1.89
---- user output:
1.89
-- GRADE:
0%
*-*-*-*-*-*-*-*-*-*-*-*-*-*-*-*-*-*-*-*-*-*-*-*
== SUBMISSION (2025-08-14 23:01:30)
-- CODE: 
nome = input()
idade = int(input())
altura = float(input())

print(nome)
print(idade)
print(altura)
-- EXECUTION TIME: 
0.01
-- TEST CASE 1:
---- input:
Teresa
13
1.45
---- correct output:
Nome: Teresa
Idade: 13
Altura: 1.45
---- user output:
1.45
-- TEST CASE 2:
---- input:
Marcelo
34
1.79
---- correct output:
Nome: Marcelo
Idade: 34
Altura: 1.79
---- user output:
1.79
-- TEST CASE 3:
---- input:
Larissa
23
1.68
---- correct output:
Nome: Larissa
Idade: 23
Altura: 1.68
---- user output:
1.68
-- TEST CASE 4:
---- input:
Jose
45
1.89
---- correct output:
Nome: Jose
Idade: 45
Altura: 1.89
---- user output:
1.89
-- GRADE:
0%
*-*-*-*-*-*-*-*-*-*-*-*-*-*-*-*-*-*-*-*-*-*-*-*
== RUN (2025-08-14 23:00:29)
-- CODE: 
nome = input("Digite o nome: ")
idade = int(input("Digite a idade: "))
altura = float(input("Digite a altura: "))

print(nome)
print(idade)
print(altura)
-- EXECUTION TIME: 
0.0
-- TEST CASE 1:
---- input:
Teresa
13
1.45
---- correct output:
Nome: Teresa
Idade: 13
Altura: 1.45
---- user output:
1.45
-- TEST CASE 2:
---- input:
Marcelo
34
1.79
---- correct output:
Nome: Marcelo
Idade: 34
Altura: 1.79
---- user output:
1.79
-- TEST CASE 3:
---- input:
Larissa
23
1.68
---- correct output:
Nome: Larissa
Idade: 23
Altura: 1.68
---- user output:
1.68
-- TEST CASE 4:
---- input:
Jose
45
1.89
---- correct output:
Nome: Jose
Idade: 45
Altura: 1.89
---- user output:
1.89
*-*-*-*-*-*-*-*-*-*-*-*-*-*-*-*-*-*-*-*-*-*-*-*
== SUBMISSION (2025-08-14 23:02:59)
-- CODE: 
nome = input()
idade = int(input())
altura = float(input())

print("Nome: ",nome)
print("Idade: ",idade)
print("Altura: ",altura)
-- EXECUTION TIME: 
0.01
-- TEST CASE 1:
---- input:
Teresa
13
1.45
---- correct output:
Nome: Teresa
Idade: 13
Altura: 1.45
---- user output:
Altura:  1.45
-- TEST CASE 2:
---- input:
Marcelo
34
1.79
---- correct output:
Nome: Marcelo
Idade: 34
Altura: 1.79
---- user output:
Altura:  1.79
-- TEST CASE 3:
---- input:
Larissa
23
1.68
---- correct output:
Nome: Larissa
Idade: 23
Altura: 1.68
---- user output:
Altura:  1.68
-- TEST CASE 4:
---- input:
Jose
45
1.89
---- correct output:
Nome: Jose
Idade: 45
Altura: 1.89
---- user output:
Altura:  1.89
-- GRADE:
100%
*-*-*-*-*-*-*-*-*-*-*-*-*-*-*-*-*-*-*-*-*-*-*-*
== RUN (2025-08-14 23:01:17)
-- CODE: 
nome = input()
idade = int(input())
altura = float(input())

print(nome)
print(idade)
print(altura)
-- EXECUTION TIME: 
0.0
-- TEST CASE 1:
---- input:
Teresa
13
1.45
---- correct output:
Nome: Teresa
Idade: 13
Altura: 1.45
---- user output:
1.45
-- TEST CASE 2:
---- input:
Marcelo
34
1.79
---- correct output:
Nome: Marcelo
Idade: 34
Altura: 1.79
---- user output:
1.79
-- TEST CASE 3:
---- input:
Larissa
23
1.68
---- correct output:
Nome: Larissa
Idade: 23
Altura: 1.68
---- user output:
1.68
-- TEST CASE 4:
---- input:
Jose
45
1.89
---- correct output:
Nome: Jose
Idade: 45
Altura: 1.89
---- user output:
1.89
*-*-*-*-*-*-*-*-*-*-*-*-*-*-*-*-*-*-*-*-*-*-*-*
== SUBMISSION (2025-08-14 23:01:19)
-- CODE: 
nome = input()
idade = int(input())
altura = float(input())

print(nome)
print(idade)
print(altura)
-- EXECUTION TIME: 
0.01
-- TEST CASE 1:
---- input:
Teresa
13
1.45
---- correct output:
Nome: Teresa
Idade: 13
Altura: 1.45
---- user output:
1.45
-- TEST CASE 2:
---- input:
Marcelo
34
1.79
---- correct output:
Nome: Marcelo
Idade: 34
Altura: 1.79
---- user output:
1.79
-- TEST CASE 3:
---- input:
Larissa
23
1.68
---- correct output:
Nome: Larissa
Idade: 23
Altura: 1.68
---- user output:
1.68
-- TEST CASE 4:
---- input:
Jose
45
1.89
---- correct output:
Nome: Jose
Idade: 45
Altura: 1.89
---- user output:
1.89
-- GRADE:
0%
*-*-*-*-*-*-*-*-*-*-*-*-*-*-*-*-*-*-*-*-*-*-*-*
== RUN (2025-08-14 22:59:36)
-- CODE: 
nome = imput("Digite o nome: ")
idade = int(imput("Digite a idade: "))
altura = float(imput("Digite a altura: "))
-- EXECUTION TIME: 
0.0
-- TEST CASE 1:
---- input:
Teresa
13
1.45
---- correct output:
Nome: Teresa
Idade: 13
Altura: 1.45
-- ERROR:
Traceback (most recent call last):
  File "XXXX", line 1, in <module>
    nome = imput("Digite o nome: ")
           ^^^^^
NameError: name 'imput' is not defined. Did you mean: 'input'?
-- TEST CASE 2:
---- input:
Marcelo
34
1.79
---- correct output:
Nome: Marcelo
Idade: 34
Altura: 1.79
-- ERROR:
Traceback (most recent call last):
  File "XXXX", line 1, in <module>
    nome = imput("Digite o nome: ")
           ^^^^^
NameError: name 'imput' is not defined. Did you mean: 'input'?
-- TEST CASE 3:
---- input:
Larissa
23
1.68
---- correct output:
Nome: Larissa
Idade: 23
Altura: 1.68
-- ERROR:
Traceback (most recent call last):
  File "XXXX", line 1, in <module>
    nome = imput("Digite o nome: ")
           ^^^^^
NameError: name 'imput' is not defined. Did you mean: 'input'?
-- TEST CASE 4:
---- input:
Jose
45
1.89
---- correct output:
Nome: Jose
Idade: 45
Altura: 1.89
-- ERROR:
Traceback (most recent call last):
  File "XXXX", line 1, in <module>
    nome = imput("Digite o nome: ")
           ^^^^^
NameError: name 'imput' is not defined. Did you mean: 'input'?
*-*-*-*-*-*-*-*-*-*-*-*-*-*-*-*-*-*-*-*-*-*-*-*
== RUN (2025-08-14 23:13:09)
-- CODE: 
nome = input("Digite o nome")
idade = int(input())
altura = float(input())

print("Nome: ",nome)
print("Idade: ",idade)
print("Altura: ",altura)
-- EXECUTION TIME: 
0.0
-- TEST CASE 1:
---- input:
Teresa
13
1.45
---- correct output:
Nome: Teresa
Idade: 13
Altura: 1.45
---- user output:
Altura:  1.45
-- TEST CASE 2:
---- input:
Marcelo
34
1.79
---- correct output:
Nome: Marcelo
Idade: 34
Altura: 1.79
---- user output:
Altura:  1.79
-- TEST CASE 3:
---- input:
Larissa
23
1.68
---- correct output:
Nome: Larissa
Idade: 23
Altura: 1.68
---- user output:
Altura:  1.68
-- TEST CASE 4:
---- input:
Jose
45
1.89
---- correct output:
Nome: Jose
Idade: 45
Altura: 1.89
---- user output:
Altura:  1.89
*-*-*-*-*-*-*-*-*-*-*-*-*-*-*-*-*-*-*-*-*-*-*-*
