{"dateTime": "2025-08-11T18:18:03.790Z", "eventType": "focus", "fullPath": "/main.py"}
{"dateTime": "2025-08-11T18:18:03.794Z", "eventType": "select.pointer", "fullPath": "/main.py", "details": {"selection": {"from": 0, "to": 0}}}
{"dateTime": "2025-08-11T18:18:05.842Z", "eventType": "input.type", "fullPath": "/main.py", "details": {"fromA": 0, "toA": 0, "fromB": 0, "toB": 1, "inserted": ["p"]}}
{"dateTime": "2025-08-11T18:18:06.254Z", "eventType": "input.type", "fullPath": "/main.py", "details": {"fromA": 1, "toA": 1, "fromB": 1, "toB": 2, "inserted": ["r"]}}
{"dateTime": "2025-08-11T18:18:06.372Z", "eventType": "input.type", "fullPath": "/main.py", "details": {"fromA": 2, "toA": 2, "fromB": 2, "toB": 3, "inserted": ["i"]}}
{"dateTime": "2025-08-11T18:18:06.540Z", "eventType": "input.type", "fullPath": "/main.py", "details": {"fromA": 3, "toA": 3, "fromB": 3, "toB": 4, "inserted": ["n"]}}
{"dateTime": "2025-08-11T18:18:06.722Z", "eventType": "input.type", "fullPath": "/main.py", "details": {"fromA": 4, "toA": 4, "fromB": 4, "toB": 5, "inserted": ["t"]}}
{"dateTime": "2025-08-11T18:18:19.886Z", "eventType": "input.type", "fullPath": "/main.py", "details": {"fromA": 5, "toA": 5, "fromB": 5, "toB": 7, "inserted": ["()"]}}
{"dateTime": "2025-08-11T18:18:21.229Z", "eventType": "input.type", "fullPath": "/main.py", "details": {"fromA": 6, "toA": 6, "fromB": 6, "toB": 7, "inserted": ["9"]}}
{"dateTime": "2025-08-11T18:18:21.422Z", "eventType": "input.type", "fullPath": "/main.py", "details": {"fromA": 7, "toA": 7, "fromB": 7, "toB": 8, "inserted": ["0"]}}
{"dateTime": "2025-08-11T18:18:23.309Z", "eventType": "input.type", "fullPath": "/main.py", "details": {"fromA": 8, "toA": 8, "fromB": 8, "toB": 9, "inserted": ["-"]}}
{"dateTime": "2025-08-11T18:18:23.869Z", "eventType": "input.type", "fullPath": "/main.py", "details": {"fromA": 9, "toA": 9, "fromB": 9, "toB": 10, "inserted": ["5"]}}
{"dateTime": "2025-08-11T18:18:24.077Z", "eventType": "input.type", "fullPath": "/main.py", "details": {"fromA": 10, "toA": 10, "fromB": 10, "toB": 11, "inserted": ["5"]}}
{"dateTime": "2025-08-11T18:18:26.484Z", "eventType": "blur", "fullPath": "/main.py"}
{"dateTime": "2025-08-11T18:18:27.037Z", "eventType": "submission", "details": {"correctness": 1, "commit": "a6193d8add05ed8afdb139f66f1f02ac3afccf86", "executionTime": 0.01}}
{"dateTime": "2025-08-11T18:18:28.979Z", "eventType": "window.focus", "fullPath": "/main.py"}
{"dateTime": "2025-08-11T18:18:29.917Z", "eventType": "window.blur", "fullPath": "/main.py"}
{"dateTime": "2025-08-11T18:18:30.463Z", "eventType": "window.focus", "fullPath": "/main.py"}
{"dateTime": "2025-08-11T18:18:34.900Z", "eventType": "focus", "fullPath": "/main.py"}
{"dateTime": "2025-08-11T18:18:34.902Z", "eventType": "select.pointer", "fullPath": "/main.py", "details": {"selection": {"from": 0, "to": 0}}}
{"dateTime": "2025-08-11T18:18:35.998Z", "eventType": "input.type", "fullPath": "/main.py", "details": {"fromA": 0, "toA": 0, "fromB": 0, "toB": 1, "inserted": ["p"]}}
{"dateTime": "2025-08-11T18:18:36.241Z", "eventType": "input.type", "fullPath": "/main.py", "details": {"fromA": 1, "toA": 1, "fromB": 1, "toB": 2, "inserted": ["r"]}}
{"dateTime": "2025-08-11T18:18:36.498Z", "eventType": "input.type", "fullPath": "/main.py", "details": {"fromA": 2, "toA": 2, "fromB": 2, "toB": 3, "inserted": ["i"]}}
{"dateTime": "2025-08-11T18:18:36.718Z", "eventType": "input.type", "fullPath": "/main.py", "details": {"fromA": 3, "toA": 3, "fromB": 3, "toB": 4, "inserted": ["n"]}}
{"dateTime": "2025-08-11T18:21:22.902Z", "eventType": "window.focus", "fullPath": "/main.py"}
{"dateTime": "2025-08-11T18:28:43.579Z", "eventType": "input.type", "fullPath": "/main.py", "details": {"fromA": 4, "toA": 4, "fromB": 4, "toB": 5, "inserted": ["t"]}}
{"dateTime": "2025-08-11T18:28:44.009Z", "eventType": "input.type", "fullPath": "/main.py", "details": {"fromA": 5, "toA": 5, "fromB": 5, "toB": 6, "inserted": [" "]}}
{"dateTime": "2025-08-11T18:28:44.793Z", "eventType": "delete.backward", "fullPath": "/main.py", "details": {"fromA": 5, "toA": 6, "fromB": 5, "toB": 5, "inserted": [""]}}
{"dateTime": "2025-08-11T18:28:45.625Z", "eventType": "input.type", "fullPath": "/main.py", "details": {"fromA": 5, "toA": 5, "fromB": 5, "toB": 7, "inserted": ["()"]}}
{"dateTime": "2025-08-11T18:28:46.136Z", "eventType": "input.type", "fullPath": "/main.py", "details": {"fromA": 6, "toA": 6, "fromB": 6, "toB": 7, "inserted": ["9"]}}
{"dateTime": "2025-08-11T18:28:46.409Z", "eventType": "input.type", "fullPath": "/main.py", "details": {"fromA": 7, "toA": 7, "fromB": 7, "toB": 8, "inserted": ["0"]}}
{"dateTime": "2025-08-11T18:28:46.905Z", "eventType": "input.type", "fullPath": "/main.py", "details": {"fromA": 8, "toA": 8, "fromB": 8, "toB": 9, "inserted": ["-"]}}
{"dateTime": "2025-08-11T18:28:47.576Z", "eventType": "input.type", "fullPath": "/main.py", "details": {"fromA": 9, "toA": 9, "fromB": 9, "toB": 10, "inserted": ["5"]}}
{"dateTime": "2025-08-11T18:28:47.769Z", "eventType": "input.type", "fullPath": "/main.py", "details": {"fromA": 10, "toA": 10, "fromB": 10, "toB": 11, "inserted": ["5"]}}
{"dateTime": "2025-08-11T18:28:48.440Z", "eventType": "input.type", "fullPath": "/main.py", "details": {"fromA": 11, "toA": 12, "fromB": 11, "toB": 12, "inserted": [")"]}}
{"dateTime": "2025-08-11T18:29:29.241Z", "eventType": "window.blur", "fullPath": "/main.py"}
{"dateTime": "2025-08-11T18:29:29.518Z", "eventType": "window.focus", "fullPath": "/main.py"}
{"dateTime": "2025-08-11T18:29:30.281Z", "eventType": "window.blur", "fullPath": "/main.py"}
{"dateTime": "2025-08-11T18:31:29.030Z", "eventType": "blur", "fullPath": "/main.py"}
{"dateTime": "2025-08-11T18:31:29.588Z", "eventType": "submission", "details": {"correctness": 1, "commit": "a6193d8add05ed8afdb139f66f1f02ac3afccf86", "executionTime": 0.01}}
{"dateTime": "2025-08-11T18:39:14.298Z", "eventType": "window.focus", "fullPath": "/main.py"}
{"dateTime": "2025-08-11T18:39:14.424Z", "eventType": "window.blur", "fullPath": "/main.py"}
{"dateTime": "2025-08-11T18:47:43.074Z", "eventType": "window.blur", "fullPath": "/main.py"}
{"dateTime": "2025-08-11T18:47:43.178Z", "eventType": "window.focus", "fullPath": "/main.py"}
{"dateTime": "2025-08-11T18:53:21.772Z", "eventType": "window.focus", "fullPath": "/main.py"}
{"dateTime": "2025-08-11T18:53:24.406Z", "eventType": "window.blur", "fullPath": "/main.py"}
{"dateTime": "2025-08-11T19:01:33.668Z", "eventType": "window.focus", "fullPath": "/main.py"}
{"dateTime": "2025-08-11T19:01:34.141Z", "eventType": "window.blur", "fullPath": "/main.py"}
{"dateTime": "2025-08-11T19:02:07.138Z", "eventType": "window.focus", "fullPath": "/main.py"}
{"dateTime": "2025-08-11T19:02:09.772Z", "eventType": "window.blur", "fullPath": "/main.py"}
