{"dateTime": "2025-09-03T14:03:01.909Z", "eventType": "window.blur", "fullPath": "/main.py"}
{"dateTime": "2025-09-03T14:03:52.744Z", "eventType": "window.focus", "fullPath": "/main.py"}
{"dateTime": "2025-09-03T14:04:29.986Z", "eventType": "focus", "fullPath": "/main.py"}
{"dateTime": "2025-09-03T14:04:29.989Z", "eventType": "select.pointer", "fullPath": "/main.py", "details": {"selection": {"from": 0, "to": 0}}}
{"dateTime": "2025-09-03T14:04:33.156Z", "eventType": "input.type", "fullPath": "/main.py", "details": {"fromA": 0, "toA": 0, "fromB": 0, "toB": 1, "inserted": ["b"]}}
{"dateTime": "2025-09-03T14:04:33.353Z", "eventType": "input.type", "fullPath": "/main.py", "details": {"fromA": 1, "toA": 1, "fromB": 1, "toB": 2, "inserted": ["o"]}}
{"dateTime": "2025-09-03T14:04:33.525Z", "eventType": "input.type", "fullPath": "/main.py", "details": {"fromA": 2, "toA": 2, "fromB": 2, "toB": 3, "inserted": ["l"]}}
{"dateTime": "2025-09-03T14:04:33.688Z", "eventType": "input.type", "fullPath": "/main.py", "details": {"fromA": 3, "toA": 3, "fromB": 3, "toB": 4, "inserted": ["a"]}}
{"dateTime": "2025-09-03T14:04:33.878Z", "eventType": "input.type", "fullPath": "/main.py", "details": {"fromA": 4, "toA": 4, "fromB": 4, "toB": 5, "inserted": ["s"]}}
{"dateTime": "2025-09-03T14:04:34.117Z", "eventType": "input.type", "fullPath": "/main.py", "details": {"fromA": 5, "toA": 5, "fromB": 5, "toB": 6, "inserted": [" "]}}
{"dateTime": "2025-09-03T14:04:34.484Z", "eventType": "input.type", "fullPath": "/main.py", "details": {"fromA": 6, "toA": 6, "fromB": 6, "toB": 7, "inserted": ["="]}}
{"dateTime": "2025-09-03T14:04:34.645Z", "eventType": "input.type", "fullPath": "/main.py", "details": {"fromA": 7, "toA": 7, "fromB": 7, "toB": 8, "inserted": [" "]}}
{"dateTime": "2025-09-03T14:04:35.428Z", "eventType": "input.type", "fullPath": "/main.py", "details": {"fromA": 8, "toA": 8, "fromB": 8, "toB": 9, "inserted": ["i"]}}
{"dateTime": "2025-09-03T14:04:35.637Z", "eventType": "input.type", "fullPath": "/main.py", "details": {"fromA": 9, "toA": 9, "fromB": 9, "toB": 10, "inserted": ["n"]}}
{"dateTime": "2025-09-03T14:04:35.789Z", "eventType": "input.type", "fullPath": "/main.py", "details": {"fromA": 10, "toA": 10, "fromB": 10, "toB": 11, "inserted": ["t"]}}
{"dateTime": "2025-09-03T14:04:36.150Z", "eventType": "input.type", "fullPath": "/main.py", "details": {"fromA": 11, "toA": 11, "fromB": 11, "toB": 13, "inserted": ["()"]}}
{"dateTime": "2025-09-03T14:04:36.500Z", "eventType": "input.type", "fullPath": "/main.py", "details": {"fromA": 12, "toA": 12, "fromB": 12, "toB": 13, "inserted": ["i"]}}
{"dateTime": "2025-09-03T14:04:36.732Z", "eventType": "input.type", "fullPath": "/main.py", "details": {"fromA": 13, "toA": 13, "fromB": 13, "toB": 14, "inserted": ["n"]}}
{"dateTime": "2025-09-03T14:04:36.842Z", "eventType": "input.type", "fullPath": "/main.py", "details": {"fromA": 14, "toA": 14, "fromB": 14, "toB": 15, "inserted": ["p"]}}
{"dateTime": "2025-09-03T14:04:38.129Z", "eventType": "input.type", "fullPath": "/main.py", "details": {"fromA": 15, "toA": 15, "fromB": 15, "toB": 16, "inserted": ["u"]}}
{"dateTime": "2025-09-03T14:04:38.456Z", "eventType": "input.type", "fullPath": "/main.py", "details": {"fromA": 16, "toA": 16, "fromB": 16, "toB": 17, "inserted": ["t"]}}
{"dateTime": "2025-09-03T14:04:38.820Z", "eventType": "input.type", "fullPath": "/main.py", "details": {"fromA": 17, "toA": 17, "fromB": 17, "toB": 19, "inserted": ["()"]}}
{"dateTime": "2025-09-03T14:04:39.651Z", "eventType": "select", "fullPath": "/main.py", "details": {"selection": {"from": 19, "to": 19}}}
{"dateTime": "2025-09-03T14:04:39.844Z", "eventType": "select", "fullPath": "/main.py", "details": {"selection": {"from": 20, "to": 20}}}
{"dateTime": "2025-09-03T14:04:40.437Z", "eventType": "input", "fullPath": "/main.py", "details": {"fromA": 20, "toA": 20, "fromB": 20, "toB": 21, "inserted": ["", ""]}}
{"dateTime": "2025-09-03T14:04:42.100Z", "eventType": "input.type", "fullPath": "/main.py", "details": {"fromA": 21, "toA": 21, "fromB": 21, "toB": 22, "inserted": ["i"]}}
{"dateTime": "2025-09-03T14:04:42.228Z", "eventType": "input.type", "fullPath": "/main.py", "details": {"fromA": 22, "toA": 22, "fromB": 22, "toB": 23, "inserted": ["f"]}}
{"dateTime": "2025-09-03T14:04:42.470Z", "eventType": "input.type", "fullPath": "/main.py", "details": {"fromA": 23, "toA": 23, "fromB": 23, "toB": 24, "inserted": [" "]}}
{"dateTime": "2025-09-03T14:04:42.726Z", "eventType": "input.type", "fullPath": "/main.py", "details": {"fromA": 24, "toA": 24, "fromB": 24, "toB": 25, "inserted": ["b"]}}
{"dateTime": "2025-09-03T14:04:42.834Z", "eventType": "input.type", "fullPath": "/main.py", "details": {"fromA": 25, "toA": 25, "fromB": 25, "toB": 26, "inserted": ["o"]}}
{"dateTime": "2025-09-03T14:04:43.017Z", "eventType": "input.type", "fullPath": "/main.py", "details": {"fromA": 26, "toA": 26, "fromB": 26, "toB": 27, "inserted": ["l"]}}
{"dateTime": "2025-09-03T14:04:43.144Z", "eventType": "input.type", "fullPath": "/main.py", "details": {"fromA": 27, "toA": 27, "fromB": 27, "toB": 28, "inserted": ["a"]}}
{"dateTime": "2025-09-03T14:04:43.304Z", "eventType": "input.type", "fullPath": "/main.py", "details": {"fromA": 28, "toA": 28, "fromB": 28, "toB": 29, "inserted": ["s"]}}
{"dateTime": "2025-09-03T14:04:43.524Z", "eventType": "input.type", "fullPath": "/main.py", "details": {"fromA": 29, "toA": 29, "fromB": 29, "toB": 30, "inserted": [" "]}}
{"dateTime": "2025-09-03T14:05:44.748Z", "eventType": "select.pointer", "fullPath": "/main.py", "details": {"selection": {"from": 20, "to": 20}}}
{"dateTime": "2025-09-03T14:05:45.557Z", "eventType": "input", "fullPath": "/main.py", "details": {"fromA": 20, "toA": 20, "fromB": 20, "toB": 21, "inserted": ["", ""]}}
{"dateTime": "2025-09-03T14:05:45.878Z", "eventType": "input.type", "fullPath": "/main.py", "details": {"fromA": 21, "toA": 21, "fromB": 21, "toB": 22, "inserted": ["v"]}}
{"dateTime": "2025-09-03T14:05:46.136Z", "eventType": "input.type", "fullPath": "/main.py", "details": {"fromA": 22, "toA": 22, "fromB": 22, "toB": 23, "inserted": ["a"]}}
{"dateTime": "2025-09-03T14:05:46.225Z", "eventType": "input.type", "fullPath": "/main.py", "details": {"fromA": 23, "toA": 23, "fromB": 23, "toB": 24, "inserted": ["l"]}}
{"dateTime": "2025-09-03T14:05:46.421Z", "eventType": "input.type", "fullPath": "/main.py", "details": {"fromA": 24, "toA": 24, "fromB": 24, "toB": 25, "inserted": ["o"]}}
{"dateTime": "2025-09-03T14:05:46.536Z", "eventType": "input.type", "fullPath": "/main.py", "details": {"fromA": 25, "toA": 25, "fromB": 25, "toB": 26, "inserted": ["r"]}}
{"dateTime": "2025-09-03T14:05:46.838Z", "eventType": "input.type", "fullPath": "/main.py", "details": {"fromA": 26, "toA": 26, "fromB": 26, "toB": 27, "inserted": [" "]}}
{"dateTime": "2025-09-03T14:05:47.520Z", "eventType": "input.type", "fullPath": "/main.py", "details": {"fromA": 27, "toA": 27, "fromB": 27, "toB": 28, "inserted": ["+"]}}
{"dateTime": "2025-09-03T14:05:48.676Z", "eventType": "delete.backward", "fullPath": "/main.py", "details": {"fromA": 27, "toA": 28, "fromB": 27, "toB": 27, "inserted": [""]}}
{"dateTime": "2025-09-03T14:05:49.412Z", "eventType": "input.type", "fullPath": "/main.py", "details": {"fromA": 27, "toA": 27, "fromB": 27, "toB": 28, "inserted": ["="]}}
{"dateTime": "2025-09-03T14:05:49.940Z", "eventType": "input.type", "fullPath": "/main.py", "details": {"fromA": 28, "toA": 28, "fromB": 28, "toB": 29, "inserted": [" "]}}
{"dateTime": "2025-09-03T14:05:50.294Z", "eventType": "input.type", "fullPath": "/main.py", "details": {"fromA": 29, "toA": 29, "fromB": 29, "toB": 30, "inserted": [" "]}}
{"dateTime": "2025-09-03T14:05:51.060Z", "eventType": "delete.backward", "fullPath": "/main.py", "details": {"fromA": 29, "toA": 30, "fromB": 29, "toB": 29, "inserted": [""]}}
{"dateTime": "2025-09-03T14:05:51.334Z", "eventType": "input.type", "fullPath": "/main.py", "details": {"fromA": 29, "toA": 29, "fromB": 29, "toB": 30, "inserted": ["f"]}}
{"dateTime": "2025-09-03T14:05:51.456Z", "eventType": "input.type", "fullPath": "/main.py", "details": {"fromA": 30, "toA": 30, "fromB": 30, "toB": 31, "inserted": ["l"]}}
{"dateTime": "2025-09-03T14:05:51.635Z", "eventType": "input.type", "fullPath": "/main.py", "details": {"fromA": 31, "toA": 31, "fromB": 31, "toB": 32, "inserted": ["o"]}}
{"dateTime": "2025-09-03T14:05:51.736Z", "eventType": "input.type", "fullPath": "/main.py", "details": {"fromA": 32, "toA": 32, "fromB": 32, "toB": 33, "inserted": ["a"]}}
{"dateTime": "2025-09-03T14:05:51.976Z", "eventType": "input.type", "fullPath": "/main.py", "details": {"fromA": 33, "toA": 33, "fromB": 33, "toB": 34, "inserted": ["t"]}}
{"dateTime": "2025-09-03T14:05:52.308Z", "eventType": "input.type", "fullPath": "/main.py", "details": {"fromA": 34, "toA": 34, "fromB": 34, "toB": 35, "inserted": ["9"]}}
{"dateTime": "2025-09-03T14:05:52.678Z", "eventType": "input.type", "fullPath": "/main.py", "details": {"fromA": 35, "toA": 35, "fromB": 35, "toB": 36, "inserted": ["i"]}}
{"dateTime": "2025-09-03T14:05:52.852Z", "eventType": "input.type", "fullPath": "/main.py", "details": {"fromA": 36, "toA": 36, "fromB": 36, "toB": 37, "inserted": ["n"]}}
{"dateTime": "2025-09-03T14:05:52.964Z", "eventType": "input.type", "fullPath": "/main.py", "details": {"fromA": 37, "toA": 37, "fromB": 37, "toB": 38, "inserted": ["p"]}}
{"dateTime": "2025-09-03T14:05:53.206Z", "eventType": "input.type", "fullPath": "/main.py", "details": {"fromA": 38, "toA": 38, "fromB": 38, "toB": 39, "inserted": ["u"]}}
{"dateTime": "2025-09-03T14:05:53.328Z", "eventType": "input.type", "fullPath": "/main.py", "details": {"fromA": 39, "toA": 39, "fromB": 39, "toB": 40, "inserted": ["t"]}}
{"dateTime": "2025-09-03T14:05:54.820Z", "eventType": "input.type", "fullPath": "/main.py", "details": {"fromA": 40, "toA": 40, "fromB": 40, "toB": 42, "inserted": ["()"]}}
{"dateTime": "2025-09-03T14:05:56.309Z", "eventType": "select", "fullPath": "/main.py", "details": {"selection": {"from": 52, "to": 52}}}
{"dateTime": "2025-09-03T14:05:58.086Z", "eventType": "select.pointer", "fullPath": "/main.py", "details": {"selection": {"from": 35, "to": 52}}}
{"dateTime": "2025-09-03T14:05:59.253Z", "eventType": "delete.selection", "fullPath": "/main.py", "details": {"fromA": 35, "toA": 52, "fromB": 35, "toB": 35, "inserted": [""]}}
{"dateTime": "2025-09-03T14:05:59.622Z", "eventType": "input.type", "fullPath": "/main.py", "details": {"fromA": 35, "toA": 35, "fromB": 35, "toB": 36, "inserted": ["9"]}}
{"dateTime": "2025-09-03T14:06:00.581Z", "eventType": "delete.backward", "fullPath": "/main.py", "details": {"fromA": 35, "toA": 36, "fromB": 35, "toB": 35, "inserted": [""]}}
{"dateTime": "2025-09-03T14:06:00.741Z", "eventType": "delete.backward", "fullPath": "/main.py", "details": {"fromA": 34, "toA": 35, "fromB": 34, "toB": 34, "inserted": [""]}}
{"dateTime": "2025-09-03T14:06:01.236Z", "eventType": "input.type", "fullPath": "/main.py", "details": {"fromA": 34, "toA": 34, "fromB": 34, "toB": 36, "inserted": ["()"]}}
{"dateTime": "2025-09-03T14:06:02.166Z", "eventType": "input.type", "fullPath": "/main.py", "details": {"fromA": 35, "toA": 35, "fromB": 35, "toB": 36, "inserted": ["i"]}}
{"dateTime": "2025-09-03T14:06:02.496Z", "eventType": "input.type", "fullPath": "/main.py", "details": {"fromA": 36, "toA": 36, "fromB": 36, "toB": 37, "inserted": ["n"]}}
{"dateTime": "2025-09-03T14:06:02.767Z", "eventType": "input.type", "fullPath": "/main.py", "details": {"fromA": 37, "toA": 37, "fromB": 37, "toB": 38, "inserted": ["p"]}}
{"dateTime": "2025-09-03T14:06:03.032Z", "eventType": "input.type", "fullPath": "/main.py", "details": {"fromA": 38, "toA": 38, "fromB": 38, "toB": 39, "inserted": ["u"]}}
{"dateTime": "2025-09-03T14:06:03.159Z", "eventType": "input.type", "fullPath": "/main.py", "details": {"fromA": 39, "toA": 39, "fromB": 39, "toB": 40, "inserted": ["t"]}}
{"dateTime": "2025-09-03T14:06:03.636Z", "eventType": "input.type", "fullPath": "/main.py", "details": {"fromA": 40, "toA": 41, "fromB": 40, "toB": 41, "inserted": [")"]}}
{"dateTime": "2025-09-03T14:06:05.060Z", "eventType": "delete.backward", "fullPath": "/main.py", "details": {"fromA": 40, "toA": 41, "fromB": 40, "toB": 40, "inserted": [""]}}
{"dateTime": "2025-09-03T14:06:05.380Z", "eventType": "input.type", "fullPath": "/main.py", "details": {"fromA": 40, "toA": 40, "fromB": 40, "toB": 41, "inserted": ["9"]}}
{"dateTime": "2025-09-03T14:06:05.700Z", "eventType": "input.type", "fullPath": "/main.py", "details": {"fromA": 41, "toA": 41, "fromB": 41, "toB": 42, "inserted": [")"]}}
{"dateTime": "2025-09-03T14:06:06.450Z", "eventType": "delete.backward", "fullPath": "/main.py", "details": {"fromA": 41, "toA": 42, "fromB": 41, "toB": 41, "inserted": [""]}}
{"dateTime": "2025-09-03T14:06:06.596Z", "eventType": "delete.backward", "fullPath": "/main.py", "details": {"fromA": 40, "toA": 41, "fromB": 40, "toB": 40, "inserted": [""]}}
{"dateTime": "2025-09-03T14:06:07.188Z", "eventType": "input.type", "fullPath": "/main.py", "details": {"fromA": 40, "toA": 40, "fromB": 40, "toB": 42, "inserted": ["()"]}}
{"dateTime": "2025-09-03T14:06:08.628Z", "eventType": "input.type", "fullPath": "/main.py", "details": {"fromA": 41, "toA": 42, "fromB": 41, "toB": 42, "inserted": [")"]}}
{"dateTime": "2025-09-03T14:06:10.356Z", "eventType": "input.type", "fullPath": "/main.py", "details": {"fromA": 42, "toA": 42, "fromB": 42, "toB": 43, "inserted": [")"]}}
{"dateTime": "2025-09-03T14:06:11.738Z", "eventType": "select.pointer", "fullPath": "/main.py", "details": {"selection": {"from": 43, "to": 43}}}
{"dateTime": "2025-09-03T14:06:12.405Z", "eventType": "input", "fullPath": "/main.py", "details": {"fromA": 43, "toA": 43, "fromB": 43, "toB": 44, "inserted": ["", ""]}}
{"dateTime": "2025-09-03T14:06:12.805Z", "eventType": "input", "fullPath": "/main.py", "details": {"fromA": 44, "toA": 44, "fromB": 44, "toB": 45, "inserted": ["", ""]}}
{"dateTime": "2025-09-03T14:06:13.284Z", "eventType": "input.type", "fullPath": "/main.py", "details": {"fromA": 45, "toA": 45, "fromB": 45, "toB": 46, "inserted": ["i"]}}
{"dateTime": "2025-09-03T14:06:13.456Z", "eventType": "input.type", "fullPath": "/main.py", "details": {"fromA": 46, "toA": 46, "fromB": 46, "toB": 47, "inserted": ["f"]}}
{"dateTime": "2025-09-03T14:06:13.703Z", "eventType": "input.type", "fullPath": "/main.py", "details": {"fromA": 47, "toA": 47, "fromB": 47, "toB": 48, "inserted": [" "]}}
{"dateTime": "2025-09-03T14:06:14.580Z", "eventType": "input.type", "fullPath": "/main.py", "details": {"fromA": 48, "toA": 48, "fromB": 48, "toB": 49, "inserted": ["b"]}}
{"dateTime": "2025-09-03T14:06:14.746Z", "eventType": "input.type", "fullPath": "/main.py", "details": {"fromA": 49, "toA": 49, "fromB": 49, "toB": 50, "inserted": ["o"]}}
{"dateTime": "2025-09-03T14:06:14.933Z", "eventType": "input.type", "fullPath": "/main.py", "details": {"fromA": 50, "toA": 50, "fromB": 50, "toB": 51, "inserted": ["l"]}}
{"dateTime": "2025-09-03T14:06:15.063Z", "eventType": "input.type", "fullPath": "/main.py", "details": {"fromA": 51, "toA": 51, "fromB": 51, "toB": 52, "inserted": ["a"]}}
{"dateTime": "2025-09-03T14:06:15.220Z", "eventType": "input.type", "fullPath": "/main.py", "details": {"fromA": 52, "toA": 52, "fromB": 52, "toB": 53, "inserted": ["s"]}}
{"dateTime": "2025-09-03T14:06:15.479Z", "eventType": "input.type", "fullPath": "/main.py", "details": {"fromA": 53, "toA": 53, "fromB": 53, "toB": 54, "inserted": [" "]}}
{"dateTime": "2025-09-03T14:06:17.827Z", "eventType": "input.type", "fullPath": "/main.py", "details": {"fromA": 54, "toA": 54, "fromB": 54, "toB": 55, "inserted": [">"]}}
{"dateTime": "2025-09-03T14:06:18.339Z", "eventType": "input.type", "fullPath": "/main.py", "details": {"fromA": 55, "toA": 55, "fromB": 55, "toB": 56, "inserted": ["="]}}
{"dateTime": "2025-09-03T14:06:18.867Z", "eventType": "input.type", "fullPath": "/main.py", "details": {"fromA": 56, "toA": 56, "fromB": 56, "toB": 57, "inserted": [" "]}}
{"dateTime": "2025-09-03T14:06:19.287Z", "eventType": "input.type", "fullPath": "/main.py", "details": {"fromA": 57, "toA": 57, "fromB": 57, "toB": 58, "inserted": ["3"]}}
{"dateTime": "2025-09-03T14:06:19.971Z", "eventType": "input.type", "fullPath": "/main.py", "details": {"fromA": 58, "toA": 58, "fromB": 58, "toB": 59, "inserted": [":"]}}
{"dateTime": "2025-09-03T14:06:20.250Z", "eventType": "input", "fullPath": "/main.py", "details": {"fromA": 59, "toA": 59, "fromB": 59, "toB": 62, "inserted": ["", "  "]}}
{"dateTime": "2025-09-03T14:06:25.780Z", "eventType": "input.type", "fullPath": "/main.py", "details": {"fromA": 62, "toA": 62, "fromB": 62, "toB": 63, "inserted": ["p"]}}
{"dateTime": "2025-09-03T14:06:26.388Z", "eventType": "delete.backward", "fullPath": "/main.py", "details": {"fromA": 62, "toA": 63, "fromB": 62, "toB": 62, "inserted": [""]}}
{"dateTime": "2025-09-03T14:06:26.595Z", "eventType": "input.type", "fullPath": "/main.py", "details": {"fromA": 62, "toA": 62, "fromB": 62, "toB": 63, "inserted": ["v"]}}
{"dateTime": "2025-09-03T14:06:26.869Z", "eventType": "input.type", "fullPath": "/main.py", "details": {"fromA": 63, "toA": 63, "fromB": 63, "toB": 64, "inserted": ["a"]}}
{"dateTime": "2025-09-03T14:06:26.968Z", "eventType": "input.type", "fullPath": "/main.py", "details": {"fromA": 64, "toA": 64, "fromB": 64, "toB": 65, "inserted": ["l"]}}
{"dateTime": "2025-09-03T14:06:27.144Z", "eventType": "input.type", "fullPath": "/main.py", "details": {"fromA": 65, "toA": 65, "fromB": 65, "toB": 66, "inserted": ["o"]}}
{"dateTime": "2025-09-03T14:06:27.272Z", "eventType": "input.type", "fullPath": "/main.py", "details": {"fromA": 66, "toA": 66, "fromB": 66, "toB": 67, "inserted": ["r"]}}
{"dateTime": "2025-09-03T14:06:27.527Z", "eventType": "input.type", "fullPath": "/main.py", "details": {"fromA": 67, "toA": 67, "fromB": 67, "toB": 68, "inserted": [" "]}}
{"dateTime": "2025-09-03T14:06:28.068Z", "eventType": "input.type", "fullPath": "/main.py", "details": {"fromA": 68, "toA": 68, "fromB": 68, "toB": 69, "inserted": ["+"]}}
{"dateTime": "2025-09-03T14:06:28.932Z", "eventType": "delete.backward", "fullPath": "/main.py", "details": {"fromA": 68, "toA": 69, "fromB": 68, "toB": 68, "inserted": [""]}}
{"dateTime": "2025-09-03T14:06:29.078Z", "eventType": "delete.backward", "fullPath": "/main.py", "details": {"fromA": 67, "toA": 68, "fromB": 67, "toB": 67, "inserted": [""]}}
{"dateTime": "2025-09-03T14:06:29.892Z", "eventType": "input.type", "fullPath": "/main.py", "details": {"fromA": 67, "toA": 67, "fromB": 67, "toB": 68, "inserted": [" "]}}
{"dateTime": "2025-09-03T14:06:30.324Z", "eventType": "input.type", "fullPath": "/main.py", "details": {"fromA": 68, "toA": 68, "fromB": 68, "toB": 69, "inserted": [" "]}}
{"dateTime": "2025-09-03T14:06:30.486Z", "eventType": "input.type", "fullPath": "/main.py", "details": {"fromA": 69, "toA": 69, "fromB": 69, "toB": 70, "inserted": ["="]}}
{"dateTime": "2025-09-03T14:06:30.726Z", "eventType": "input.type", "fullPath": "/main.py", "details": {"fromA": 70, "toA": 70, "fromB": 70, "toB": 71, "inserted": [" "]}}
{"dateTime": "2025-09-03T14:06:31.220Z", "eventType": "delete.backward", "fullPath": "/main.py", "details": {"fromA": 70, "toA": 71, "fromB": 70, "toB": 70, "inserted": [""]}}
{"dateTime": "2025-09-03T14:06:31.398Z", "eventType": "delete.backward", "fullPath": "/main.py", "details": {"fromA": 69, "toA": 70, "fromB": 69, "toB": 69, "inserted": [""]}}
{"dateTime": "2025-09-03T14:06:31.811Z", "eventType": "delete.backward", "fullPath": "/main.py", "details": {"fromA": 68, "toA": 69, "fromB": 68, "toB": 68, "inserted": [""]}}
{"dateTime": "2025-09-03T14:06:32.900Z", "eventType": "delete.backward", "fullPath": "/main.py", "details": {"fromA": 67, "toA": 68, "fromB": 67, "toB": 67, "inserted": [""]}}
{"dateTime": "2025-09-03T14:06:34.708Z", "eventType": "delete.backward", "fullPath": "/main.py", "details": {"fromA": 66, "toA": 67, "fromB": 66, "toB": 66, "inserted": [""]}}
{"dateTime": "2025-09-03T14:06:34.900Z", "eventType": "delete.backward", "fullPath": "/main.py", "details": {"fromA": 65, "toA": 66, "fromB": 65, "toB": 65, "inserted": [""]}}
{"dateTime": "2025-09-03T14:06:35.108Z", "eventType": "delete.backward", "fullPath": "/main.py", "details": {"fromA": 64, "toA": 65, "fromB": 64, "toB": 64, "inserted": [""]}}
{"dateTime": "2025-09-03T14:06:35.268Z", "eventType": "delete.backward", "fullPath": "/main.py", "details": {"fromA": 63, "toA": 64, "fromB": 63, "toB": 63, "inserted": [""]}}
{"dateTime": "2025-09-03T14:06:35.622Z", "eventType": "delete.backward", "fullPath": "/main.py", "details": {"fromA": 62, "toA": 63, "fromB": 62, "toB": 62, "inserted": [""]}}
{"dateTime": "2025-09-03T14:06:36.340Z", "eventType": "input.type", "fullPath": "/main.py", "details": {"fromA": 62, "toA": 62, "fromB": 62, "toB": 63, "inserted": ["p"]}}
{"dateTime": "2025-09-03T14:06:36.601Z", "eventType": "input.type", "fullPath": "/main.py", "details": {"fromA": 63, "toA": 63, "fromB": 63, "toB": 64, "inserted": ["r"]}}
{"dateTime": "2025-09-03T14:06:36.778Z", "eventType": "input.type", "fullPath": "/main.py", "details": {"fromA": 64, "toA": 64, "fromB": 64, "toB": 65, "inserted": ["i"]}}
{"dateTime": "2025-09-03T14:06:36.984Z", "eventType": "input.type", "fullPath": "/main.py", "details": {"fromA": 65, "toA": 65, "fromB": 65, "toB": 66, "inserted": ["n"]}}
{"dateTime": "2025-09-03T14:06:37.176Z", "eventType": "input.type", "fullPath": "/main.py", "details": {"fromA": 66, "toA": 66, "fromB": 66, "toB": 67, "inserted": ["t"]}}
{"dateTime": "2025-09-03T14:06:40.325Z", "eventType": "delete.backward", "fullPath": "/main.py", "details": {"fromA": 66, "toA": 67, "fromB": 66, "toB": 66, "inserted": [""]}}
{"dateTime": "2025-09-03T14:06:41.749Z", "eventType": "delete.backward", "fullPath": "/main.py", "details": {"fromA": 65, "toA": 66, "fromB": 65, "toB": 65, "inserted": [""]}}
{"dateTime": "2025-09-03T14:06:41.928Z", "eventType": "delete.backward", "fullPath": "/main.py", "details": {"fromA": 64, "toA": 65, "fromB": 64, "toB": 64, "inserted": [""]}}
{"dateTime": "2025-09-03T14:06:42.088Z", "eventType": "delete.backward", "fullPath": "/main.py", "details": {"fromA": 63, "toA": 64, "fromB": 63, "toB": 63, "inserted": [""]}}
{"dateTime": "2025-09-03T14:06:42.261Z", "eventType": "delete.backward", "fullPath": "/main.py", "details": {"fromA": 62, "toA": 63, "fromB": 62, "toB": 62, "inserted": [""]}}
{"dateTime": "2025-09-03T14:06:42.500Z", "eventType": "input.type", "fullPath": "/main.py", "details": {"fromA": 62, "toA": 62, "fromB": 62, "toB": 63, "inserted": ["t"]}}
{"dateTime": "2025-09-03T14:06:42.888Z", "eventType": "input.type", "fullPath": "/main.py", "details": {"fromA": 63, "toA": 63, "fromB": 63, "toB": 64, "inserted": ["o"]}}
{"dateTime": "2025-09-03T14:06:43.002Z", "eventType": "input.type", "fullPath": "/main.py", "details": {"fromA": 64, "toA": 64, "fromB": 64, "toB": 65, "inserted": ["t"]}}
{"dateTime": "2025-09-03T14:06:43.333Z", "eventType": "input.type", "fullPath": "/main.py", "details": {"fromA": 65, "toA": 65, "fromB": 65, "toB": 66, "inserted": ["a"]}}
{"dateTime": "2025-09-03T14:06:43.462Z", "eventType": "input.type", "fullPath": "/main.py", "details": {"fromA": 66, "toA": 66, "fromB": 66, "toB": 67, "inserted": ["l"]}}
{"dateTime": "2025-09-03T14:06:43.750Z", "eventType": "input.type", "fullPath": "/main.py", "details": {"fromA": 67, "toA": 67, "fromB": 67, "toB": 68, "inserted": [" "]}}
{"dateTime": "2025-09-03T14:06:44.468Z", "eventType": "input.type", "fullPath": "/main.py", "details": {"fromA": 68, "toA": 68, "fromB": 68, "toB": 69, "inserted": ["="]}}
{"dateTime": "2025-09-03T14:06:44.662Z", "eventType": "input.type", "fullPath": "/main.py", "details": {"fromA": 69, "toA": 69, "fromB": 69, "toB": 70, "inserted": [" "]}}
{"dateTime": "2025-09-03T14:06:45.716Z", "eventType": "input.type", "fullPath": "/main.py", "details": {"fromA": 70, "toA": 70, "fromB": 70, "toB": 71, "inserted": ["v"]}}
{"dateTime": "2025-09-03T14:06:46.025Z", "eventType": "input.type", "fullPath": "/main.py", "details": {"fromA": 71, "toA": 71, "fromB": 71, "toB": 72, "inserted": ["a"]}}
{"dateTime": "2025-09-03T14:06:46.136Z", "eventType": "input.type", "fullPath": "/main.py", "details": {"fromA": 72, "toA": 72, "fromB": 72, "toB": 73, "inserted": ["l"]}}
{"dateTime": "2025-09-03T14:06:46.312Z", "eventType": "input.type", "fullPath": "/main.py", "details": {"fromA": 73, "toA": 73, "fromB": 73, "toB": 74, "inserted": ["o"]}}
{"dateTime": "2025-09-03T14:06:46.438Z", "eventType": "input.type", "fullPath": "/main.py", "details": {"fromA": 74, "toA": 74, "fromB": 74, "toB": 75, "inserted": ["r"]}}
{"dateTime": "2025-09-03T14:06:46.740Z", "eventType": "input.type", "fullPath": "/main.py", "details": {"fromA": 75, "toA": 75, "fromB": 75, "toB": 76, "inserted": [" "]}}
{"dateTime": "2025-09-03T14:06:46.870Z", "eventType": "input.type", "fullPath": "/main.py", "details": {"fromA": 76, "toA": 76, "fromB": 76, "toB": 77, "inserted": ["-"]}}
{"dateTime": "2025-09-03T14:06:46.982Z", "eventType": "input.type", "fullPath": "/main.py", "details": {"fromA": 77, "toA": 77, "fromB": 77, "toB": 78, "inserted": [" "]}}
{"dateTime": "2025-09-03T14:06:47.318Z", "eventType": "input.type", "fullPath": "/main.py", "details": {"fromA": 78, "toA": 78, "fromB": 78, "toB": 79, "inserted": ["2"]}}
{"dateTime": "2025-09-03T14:06:47.326Z", "eventType": "input.type", "fullPath": "/main.py", "details": {"fromA": 79, "toA": 79, "fromB": 79, "toB": 80, "inserted": ["1"]}}
{"dateTime": "2025-09-03T14:06:48.276Z", "eventType": "delete.backward", "fullPath": "/main.py", "details": {"fromA": 79, "toA": 80, "fromB": 79, "toB": 79, "inserted": [""]}}
{"dateTime": "2025-09-03T14:06:48.500Z", "eventType": "delete.backward", "fullPath": "/main.py", "details": {"fromA": 78, "toA": 79, "fromB": 78, "toB": 78, "inserted": [""]}}
{"dateTime": "2025-09-03T14:06:49.028Z", "eventType": "input.type", "fullPath": "/main.py", "details": {"fromA": 78, "toA": 78, "fromB": 78, "toB": 79, "inserted": ["2"]}}
{"dateTime": "2025-09-03T14:06:49.539Z", "eventType": "delete.backward", "fullPath": "/main.py", "details": {"fromA": 78, "toA": 79, "fromB": 78, "toB": 78, "inserted": [""]}}
{"dateTime": "2025-09-03T14:06:49.734Z", "eventType": "delete.backward", "fullPath": "/main.py", "details": {"fromA": 77, "toA": 78, "fromB": 77, "toB": 77, "inserted": [""]}}
{"dateTime": "2025-09-03T14:06:50.035Z", "eventType": "input.type", "fullPath": "/main.py", "details": {"fromA": 77, "toA": 77, "fromB": 77, "toB": 78, "inserted": ["2"]}}
{"dateTime": "2025-09-03T14:06:50.484Z", "eventType": "delete.backward", "fullPath": "/main.py", "details": {"fromA": 77, "toA": 78, "fromB": 77, "toB": 77, "inserted": [""]}}
{"dateTime": "2025-09-03T14:06:50.662Z", "eventType": "input.type", "fullPath": "/main.py", "details": {"fromA": 77, "toA": 77, "fromB": 77, "toB": 78, "inserted": [" "]}}
{"dateTime": "2025-09-03T14:06:51.108Z", "eventType": "input.type", "fullPath": "/main.py", "details": {"fromA": 78, "toA": 78, "fromB": 78, "toB": 79, "inserted": ["2"]}}
{"dateTime": "2025-09-03T14:06:51.945Z", "eventType": "input", "fullPath": "/main.py", "details": {"fromA": 79, "toA": 79, "fromB": 79, "toB": 82, "inserted": ["", "  "]}}
{"dateTime": "2025-09-03T14:06:53.684Z", "eventType": "delete.backward", "fullPath": "/main.py", "details": {"fromA": 80, "toA": 82, "fromB": 80, "toB": 80, "inserted": [""]}}
{"dateTime": "2025-09-03T14:06:54.212Z", "eventType": "input.type", "fullPath": "/main.py", "details": {"fromA": 80, "toA": 80, "fromB": 80, "toB": 81, "inserted": ["e"]}}
{"dateTime": "2025-09-03T14:06:54.425Z", "eventType": "input.type", "fullPath": "/main.py", "details": {"fromA": 81, "toA": 81, "fromB": 81, "toB": 82, "inserted": ["l"]}}
{"dateTime": "2025-09-03T14:06:54.568Z", "eventType": "input.type", "fullPath": "/main.py", "details": {"fromA": 82, "toA": 82, "fromB": 82, "toB": 83, "inserted": ["s"]}}
{"dateTime": "2025-09-03T14:06:54.775Z", "eventType": "input.type", "fullPath": "/main.py", "details": {"fromA": 83, "toA": 83, "fromB": 83, "toB": 84, "inserted": ["e"]}}
{"dateTime": "2025-09-03T14:06:55.108Z", "eventType": "input.type", "fullPath": "/main.py", "details": {"fromA": 84, "toA": 84, "fromB": 84, "toB": 85, "inserted": [":"]}}
{"dateTime": "2025-09-03T14:06:55.303Z", "eventType": "input.type", "fullPath": "/main.py", "details": {"fromA": 85, "toA": 85, "fromB": 85, "toB": 86, "inserted": [" "]}}
{"dateTime": "2025-09-03T14:06:57.109Z", "eventType": "input", "fullPath": "/main.py", "details": {"fromA": 86, "toA": 86, "fromB": 86, "toB": 89, "inserted": ["", "  "]}}
{"dateTime": "2025-09-03T14:06:57.824Z", "eventType": "input.type", "fullPath": "/main.py", "details": {"fromA": 89, "toA": 89, "fromB": 89, "toB": 90, "inserted": ["t"]}}
{"dateTime": "2025-09-03T14:06:57.964Z", "eventType": "input.type", "fullPath": "/main.py", "details": {"fromA": 90, "toA": 90, "fromB": 90, "toB": 91, "inserted": ["o"]}}
{"dateTime": "2025-09-03T14:06:58.122Z", "eventType": "input.type", "fullPath": "/main.py", "details": {"fromA": 91, "toA": 91, "fromB": 91, "toB": 92, "inserted": ["t"]}}
{"dateTime": "2025-09-03T14:06:58.409Z", "eventType": "input.type", "fullPath": "/main.py", "details": {"fromA": 92, "toA": 92, "fromB": 92, "toB": 93, "inserted": ["a"]}}
{"dateTime": "2025-09-03T14:06:58.548Z", "eventType": "input.type", "fullPath": "/main.py", "details": {"fromA": 93, "toA": 93, "fromB": 93, "toB": 94, "inserted": ["l"]}}
{"dateTime": "2025-09-03T14:06:58.807Z", "eventType": "input.type", "fullPath": "/main.py", "details": {"fromA": 94, "toA": 94, "fromB": 94, "toB": 95, "inserted": [" "]}}
{"dateTime": "2025-09-03T14:06:59.591Z", "eventType": "input.type", "fullPath": "/main.py", "details": {"fromA": 95, "toA": 95, "fromB": 95, "toB": 96, "inserted": ["="]}}
{"dateTime": "2025-09-03T14:06:59.797Z", "eventType": "input.type", "fullPath": "/main.py", "details": {"fromA": 96, "toA": 96, "fromB": 96, "toB": 97, "inserted": [" "]}}
{"dateTime": "2025-09-03T14:07:00.372Z", "eventType": "input.type", "fullPath": "/main.py", "details": {"fromA": 97, "toA": 97, "fromB": 97, "toB": 98, "inserted": ["v"]}}
{"dateTime": "2025-09-03T14:07:00.665Z", "eventType": "input.type", "fullPath": "/main.py", "details": {"fromA": 98, "toA": 98, "fromB": 98, "toB": 99, "inserted": ["a"]}}
{"dateTime": "2025-09-03T14:07:00.771Z", "eventType": "input.type", "fullPath": "/main.py", "details": {"fromA": 99, "toA": 99, "fromB": 99, "toB": 100, "inserted": ["l"]}}
{"dateTime": "2025-09-03T14:07:00.953Z", "eventType": "input.type", "fullPath": "/main.py", "details": {"fromA": 100, "toA": 100, "fromB": 100, "toB": 101, "inserted": ["o"]}}
{"dateTime": "2025-09-03T14:07:01.097Z", "eventType": "input.type", "fullPath": "/main.py", "details": {"fromA": 101, "toA": 101, "fromB": 101, "toB": 102, "inserted": ["r"]}}
{"dateTime": "2025-09-03T14:07:01.971Z", "eventType": "input.complete", "fullPath": "/main.py", "details": {"fromA": 97, "toA": 102, "fromB": 97, "toB": 102, "inserted": ["valor"]}}
{"dateTime": "2025-09-03T14:07:02.185Z", "eventType": "input", "fullPath": "/main.py", "details": {"fromA": 102, "toA": 102, "fromB": 102, "toB": 105, "inserted": ["", "  "]}}
{"dateTime": "2025-09-03T14:07:02.660Z", "eventType": "input", "fullPath": "/main.py", "details": {"fromA": 103, "toA": 105, "fromB": 103, "toB": 106, "inserted": ["", "  "]}}
{"dateTime": "2025-09-03T14:07:03.326Z", "eventType": "delete.backward", "fullPath": "/main.py", "details": {"fromA": 104, "toA": 106, "fromB": 104, "toB": 104, "inserted": [""]}}
{"dateTime": "2025-09-03T14:07:04.183Z", "eventType": "input.type", "fullPath": "/main.py", "details": {"fromA": 104, "toA": 104, "fromB": 104, "toB": 105, "inserted": ["p"]}}
{"dateTime": "2025-09-03T14:07:04.410Z", "eventType": "input.type", "fullPath": "/main.py", "details": {"fromA": 105, "toA": 105, "fromB": 105, "toB": 106, "inserted": ["r"]}}
{"dateTime": "2025-09-03T14:07:04.555Z", "eventType": "input.type", "fullPath": "/main.py", "details": {"fromA": 106, "toA": 106, "fromB": 106, "toB": 107, "inserted": ["i"]}}
{"dateTime": "2025-09-03T14:07:04.754Z", "eventType": "input.type", "fullPath": "/main.py", "details": {"fromA": 107, "toA": 107, "fromB": 107, "toB": 108, "inserted": ["n"]}}
{"dateTime": "2025-09-03T14:07:04.873Z", "eventType": "input.type", "fullPath": "/main.py", "details": {"fromA": 108, "toA": 108, "fromB": 108, "toB": 109, "inserted": ["t"]}}
{"dateTime": "2025-09-03T14:07:05.300Z", "eventType": "input.type", "fullPath": "/main.py", "details": {"fromA": 109, "toA": 109, "fromB": 109, "toB": 110, "inserted": ["9"]}}
{"dateTime": "2025-09-03T14:07:05.924Z", "eventType": "input.type", "fullPath": "/main.py", "details": {"fromA": 110, "toA": 110, "fromB": 110, "toB": 111, "inserted": ["r"]}}
{"dateTime": "2025-09-03T14:07:06.019Z", "eventType": "input.type", "fullPath": "/main.py", "details": {"fromA": 111, "toA": 111, "fromB": 111, "toB": 112, "inserted": ["o"]}}
{"dateTime": "2025-09-03T14:07:06.231Z", "eventType": "input.type", "fullPath": "/main.py", "details": {"fromA": 112, "toA": 112, "fromB": 112, "toB": 113, "inserted": ["u"]}}
{"dateTime": "2025-09-03T14:07:06.439Z", "eventType": "input.type", "fullPath": "/main.py", "details": {"fromA": 113, "toA": 113, "fromB": 113, "toB": 114, "inserted": ["n"]}}
{"dateTime": "2025-09-03T14:07:06.519Z", "eventType": "input.type", "fullPath": "/main.py", "details": {"fromA": 114, "toA": 114, "fromB": 114, "toB": 115, "inserted": ["d"]}}
{"dateTime": "2025-09-03T14:07:06.949Z", "eventType": "input.type", "fullPath": "/main.py", "details": {"fromA": 115, "toA": 115, "fromB": 115, "toB": 117, "inserted": ["()"]}}
{"dateTime": "2025-09-03T14:07:07.384Z", "eventType": "input.type", "fullPath": "/main.py", "details": {"fromA": 116, "toA": 116, "fromB": 116, "toB": 117, "inserted": ["t"]}}
{"dateTime": "2025-09-03T14:07:07.479Z", "eventType": "input.type", "fullPath": "/main.py", "details": {"fromA": 117, "toA": 117, "fromB": 117, "toB": 118, "inserted": ["o"]}}
{"dateTime": "2025-09-03T14:07:07.586Z", "eventType": "input.type", "fullPath": "/main.py", "details": {"fromA": 118, "toA": 118, "fromB": 118, "toB": 119, "inserted": ["t"]}}
{"dateTime": "2025-09-03T14:07:07.834Z", "eventType": "input.type", "fullPath": "/main.py", "details": {"fromA": 119, "toA": 119, "fromB": 119, "toB": 120, "inserted": ["a"]}}
{"dateTime": "2025-09-03T14:07:07.943Z", "eventType": "input.type", "fullPath": "/main.py", "details": {"fromA": 120, "toA": 120, "fromB": 120, "toB": 121, "inserted": ["l"]}}
{"dateTime": "2025-09-03T14:07:10.452Z", "eventType": "select", "fullPath": "/main.py", "details": {"selection": {"from": 122, "to": 122}}}
{"dateTime": "2025-09-03T14:07:11.061Z", "eventType": "input.type", "fullPath": "/main.py", "details": {"fromA": 122, "toA": 122, "fromB": 122, "toB": 123, "inserted": [")"]}}
{"dateTime": "2025-09-03T14:07:12.084Z", "eventType": "select", "fullPath": "/main.py", "details": {"selection": {"from": 122, "to": 122}}}
{"dateTime": "2025-09-03T14:07:12.645Z", "eventType": "input.type", "fullPath": "/main.py", "details": {"fromA": 122, "toA": 122, "fromB": 122, "toB": 123, "inserted": ["."]}}
{"dateTime": "2025-09-03T14:07:13.141Z", "eventType": "delete.backward", "fullPath": "/main.py", "details": {"fromA": 122, "toA": 123, "fromB": 122, "toB": 122, "inserted": [""]}}
{"dateTime": "2025-09-03T14:07:13.496Z", "eventType": "input.type", "fullPath": "/main.py", "details": {"fromA": 122, "toA": 122, "fromB": 122, "toB": 123, "inserted": [","]}}
{"dateTime": "2025-09-03T14:07:13.797Z", "eventType": "input.type", "fullPath": "/main.py", "details": {"fromA": 123, "toA": 123, "fromB": 123, "toB": 124, "inserted": ["2"]}}
{"dateTime": "2025-09-03T14:07:15.108Z", "eventType": "select.pointer", "fullPath": "/main.py", "details": {"selection": {"from": 110, "to": 110}}}
{"dateTime": "2025-09-03T14:07:15.824Z", "eventType": "delete.backward", "fullPath": "/main.py", "details": {"fromA": 109, "toA": 110, "fromB": 109, "toB": 109, "inserted": [""]}}
{"dateTime": "2025-09-03T14:07:16.277Z", "eventType": "input.type", "fullPath": "/main.py", "details": {"fromA": 109, "toA": 109, "fromB": 109, "toB": 110, "inserted": ["("]}}
{"dateTime": "2025-09-03T14:07:19.903Z", "eventType": "blur", "fullPath": "/main.py"}
{"dateTime": "2025-09-03T14:07:27.323Z", "eventType": "focus", "fullPath": "/main.py"}
{"dateTime": "2025-09-03T14:07:27.329Z", "eventType": "select.pointer", "fullPath": "/main.py", "details": {"selection": {"from": 122, "to": 122}}}
{"dateTime": "2025-09-03T14:07:28.180Z", "eventType": "delete.backward", "fullPath": "/main.py", "details": {"fromA": 121, "toA": 122, "fromB": 121, "toB": 121, "inserted": [""]}}
{"dateTime": "2025-09-03T14:07:28.355Z", "eventType": "select", "fullPath": "/main.py", "details": {"selection": {"from": 122, "to": 122}}}
{"dateTime": "2025-09-03T14:07:28.629Z", "eventType": "select", "fullPath": "/main.py", "details": {"selection": {"from": 123, "to": 123}}}
{"dateTime": "2025-09-03T14:07:28.835Z", "eventType": "select", "fullPath": "/main.py", "details": {"selection": {"from": 124, "to": 124}}}
{"dateTime": "2025-09-03T14:07:29.892Z", "eventType": "input.type", "fullPath": "/main.py", "details": {"fromA": 124, "toA": 124, "fromB": 124, "toB": 125, "inserted": [")"]}}
{"dateTime": "2025-09-03T14:07:31.158Z", "eventType": "blur", "fullPath": "/main.py"}
{"dateTime": "2025-09-03T14:07:41.249Z", "eventType": "submission", "details": {"correctness": 0, "commit": "2030ba88f1dbf3cfe39fa733e2b36038524fac33", "executionTime": 0.01}}
{"dateTime": "2025-09-03T14:14:23.528Z", "eventType": "submission", "details": {"correctness": 0, "commit": "2030ba88f1dbf3cfe39fa733e2b36038524fac33", "executionTime": 0.01}}
{"dateTime": "2025-09-03T14:16:50.665Z", "eventType": "focus", "fullPath": "/main.py"}
{"dateTime": "2025-09-03T14:16:50.667Z", "eventType": "select.pointer", "fullPath": "/main.py", "details": {"selection": {"from": 79, "to": 79}}}
{"dateTime": "2025-09-03T14:16:53.948Z", "eventType": "input.type", "fullPath": "/main.py", "details": {"fromA": 79, "toA": 79, "fromB": 79, "toB": 80, "inserted": ["."]}}
{"dateTime": "2025-09-03T14:16:55.435Z", "eventType": "input.type", "fullPath": "/main.py", "details": {"fromA": 80, "toA": 80, "fromB": 80, "toB": 81, "inserted": ["0"]}}
{"dateTime": "2025-09-03T14:16:55.979Z", "eventType": "input.type", "fullPath": "/main.py", "details": {"fromA": 81, "toA": 81, "fromB": 81, "toB": 82, "inserted": ["f"]}}
{"dateTime": "2025-09-03T14:16:56.733Z", "eventType": "delete.backward", "fullPath": "/main.py", "details": {"fromA": 81, "toA": 82, "fromB": 81, "toB": 81, "inserted": [""]}}
{"dateTime": "2025-09-03T14:16:59.597Z", "eventType": "blur", "fullPath": "/main.py"}
{"dateTime": "2025-09-03T14:17:04.984Z", "eventType": "focus", "fullPath": "/main.py"}
{"dateTime": "2025-09-03T14:17:04.986Z", "eventType": "select.pointer", "fullPath": "/main.py", "details": {"selection": {"from": 81, "to": 81}}}
{"dateTime": "2025-09-03T14:17:06.363Z", "eventType": "input.type", "fullPath": "/main.py", "details": {"fromA": 81, "toA": 81, "fromB": 81, "toB": 82, "inserted": ["0"]}}
{"dateTime": "2025-09-03T14:17:08.835Z", "eventType": "blur", "fullPath": "/main.py"}
{"dateTime": "2025-09-03T14:17:49.534Z", "eventType": "focus", "fullPath": "/main.py"}
{"dateTime": "2025-09-03T14:17:49.538Z", "eventType": "select.pointer", "fullPath": "/main.py", "details": {"selection": {"from": 126, "to": 126}}}
{"dateTime": "2025-09-03T14:17:49.904Z", "eventType": "select.pointer", "fullPath": "/main.py", "details": {"selection": {"from": 126, "to": 126}}}
{"dateTime": "2025-09-03T14:17:51.274Z", "eventType": "select.pointer", "fullPath": "/main.py", "details": {"selection": {"from": 125, "to": 126}}}
{"dateTime": "2025-09-03T14:17:52.683Z", "eventType": "input.type", "fullPath": "/main.py", "details": {"fromA": 125, "toA": 126, "fromB": 125, "toB": 126, "inserted": ["3"]}}
{"dateTime": "2025-09-03T14:17:53.724Z", "eventType": "blur", "fullPath": "/main.py"}
{"dateTime": "2025-09-03T14:17:58.088Z", "eventType": "focus", "fullPath": "/main.py"}
{"dateTime": "2025-09-03T14:17:58.090Z", "eventType": "select.pointer", "fullPath": "/main.py", "details": {"selection": {"from": 126, "to": 126}}}
{"dateTime": "2025-09-03T14:17:58.238Z", "eventType": "select.pointer", "fullPath": "/main.py", "details": {"selection": {"from": 126, "to": 126}}}
{"dateTime": "2025-09-03T14:17:59.992Z", "eventType": "delete.backward", "fullPath": "/main.py", "details": {"fromA": 125, "toA": 126, "fromB": 125, "toB": 125, "inserted": [""]}}
{"dateTime": "2025-09-03T14:18:00.173Z", "eventType": "input.type", "fullPath": "/main.py", "details": {"fromA": 125, "toA": 125, "fromB": 125, "toB": 126, "inserted": ["2"]}}
{"dateTime": "2025-09-03T14:18:15.844Z", "eventType": "select", "fullPath": "/main.py", "details": {"selection": {"from": 127, "to": 127}}}
{"dateTime": "2025-09-03T14:18:16.501Z", "eventType": "input.type", "fullPath": "/main.py", "details": {"fromA": 127, "toA": 127, "fromB": 127, "toB": 128, "inserted": [","]}}
{"dateTime": "2025-09-03T14:18:16.954Z", "eventType": "input.type", "fullPath": "/main.py", "details": {"fromA": 128, "toA": 128, "fromB": 128, "toB": 129, "inserted": ["0"]}}
{"dateTime": "2025-09-03T14:18:19.957Z", "eventType": "blur", "fullPath": "/main.py"}
{"dateTime": "2025-09-03T14:18:24.362Z", "eventType": "window.blur", "fullPath": "/main.py"}
{"dateTime": "2025-09-03T14:19:04.499Z", "eventType": "window.focus", "fullPath": "/main.py"}
{"dateTime": "2025-09-03T14:19:06.023Z", "eventType": "focus", "fullPath": "/main.py"}
{"dateTime": "2025-09-03T14:19:06.025Z", "eventType": "select.pointer", "fullPath": "/main.py", "details": {"selection": {"from": 113, "to": 113}}}
{"dateTime": "2025-09-03T14:19:06.510Z", "eventType": "input.type", "fullPath": "/main.py", "details": {"fromA": 113, "toA": 113, "fromB": 113, "toB": 114, "inserted": ["v"]}}
{"dateTime": "2025-09-03T14:19:07.929Z", "eventType": "delete.backward", "fullPath": "/main.py", "details": {"fromA": 113, "toA": 114, "fromB": 113, "toB": 113, "inserted": [""]}}
{"dateTime": "2025-09-03T14:19:08.133Z", "eventType": "generic", "fullPath": "/main.py", "details": {"fromA": 113, "toA": 113, "fromB": 113, "toB": 128, "inserted": ["2,3,6,8,9,11,13"]}}
{"dateTime": "2025-09-03T14:19:09.161Z", "eventType": "undo", "fullPath": "/main.py", "details": {"fromA": 128, "toA": 128, "fromB": 113, "toB": 114, "inserted": ["v"]}}
{"dateTime": "2025-09-03T14:19:10.399Z", "eventType": "blur", "fullPath": "/main.py"}
{"dateTime": "2025-09-03T14:19:10.400Z", "eventType": "window.blur", "fullPath": "/main.py"}
{"dateTime": "2025-09-03T14:19:10.850Z", "eventType": "focus", "fullPath": "/main.py"}
{"dateTime": "2025-09-03T14:19:10.853Z", "eventType": "window.blur", "fullPath": "/main.py"}
{"dateTime": "2025-09-03T14:19:13.244Z", "eventType": "window.focus", "fullPath": "/main.py"}
{"dateTime": "2025-09-03T14:19:13.245Z", "eventType": "focus", "fullPath": "/main.py"}
{"dateTime": "2025-09-03T14:19:13.773Z", "eventType": "input.type", "fullPath": "/main.py", "details": {"fromA": 114, "toA": 114, "fromB": 114, "toB": 115, "inserted": ["v"]}}
{"dateTime": "2025-09-03T14:19:14.637Z", "eventType": "delete.backward", "fullPath": "/main.py", "details": {"fromA": 114, "toA": 115, "fromB": 114, "toB": 114, "inserted": [""]}}
{"dateTime": "2025-09-03T14:19:14.830Z", "eventType": "delete.backward", "fullPath": "/main.py", "details": {"fromA": 113, "toA": 114, "fromB": 113, "toB": 113, "inserted": [""]}}
{"dateTime": "2025-09-03T14:19:18.105Z", "eventType": "input.type", "fullPath": "/main.py", "details": {"fromA": 113, "toA": 113, "fromB": 113, "toB": 114, "inserted": ["\""]}}
{"dateTime": "2025-09-03T14:19:18.537Z", "eventType": "input.type", "fullPath": "/main.py", "details": {"fromA": 114, "toA": 114, "fromB": 114, "toB": 115, "inserted": ["\""]}}
{"dateTime": "2025-09-03T14:19:19.031Z", "eventType": "select", "fullPath": "/main.py", "details": {"selection": {"from": 114, "to": 114}}}
{"dateTime": "2025-09-03T14:19:20.521Z", "eventType": "input.type", "fullPath": "/main.py", "details": {"fromA": 114, "toA": 114, "fromB": 114, "toB": 115, "inserted": ["%"]}}
{"dateTime": "2025-09-03T14:19:21.593Z", "eventType": "input.type", "fullPath": "/main.py", "details": {"fromA": 115, "toA": 115, "fromB": 115, "toB": 116, "inserted": ["."]}}
{"dateTime": "2025-09-03T14:19:21.781Z", "eventType": "input.type", "fullPath": "/main.py", "details": {"fromA": 116, "toA": 116, "fromB": 116, "toB": 117, "inserted": ["2"]}}
{"dateTime": "2025-09-03T14:19:22.185Z", "eventType": "input.type", "fullPath": "/main.py", "details": {"fromA": 117, "toA": 117, "fromB": 117, "toB": 118, "inserted": ["f"]}}
{"dateTime": "2025-09-03T14:19:22.695Z", "eventType": "select", "fullPath": "/main.py", "details": {"selection": {"from": 119, "to": 119}}}
{"dateTime": "2025-09-03T14:19:23.577Z", "eventType": "input.type", "fullPath": "/main.py", "details": {"fromA": 119, "toA": 119, "fromB": 119, "toB": 120, "inserted": [","]}}
{"dateTime": "2025-09-03T14:19:23.903Z", "eventType": "input.type", "fullPath": "/main.py", "details": {"fromA": 120, "toA": 120, "fromB": 120, "toB": 121, "inserted": [" "]}}
{"dateTime": "2025-09-03T14:19:24.231Z", "eventType": "select", "fullPath": "/main.py", "details": {"selection": {"from": 122, "to": 122}}}
{"dateTime": "2025-09-03T14:19:24.731Z", "eventType": "select", "fullPath": "/main.py", "details": {"selection": {"from": 123, "to": 123}}}
{"dateTime": "2025-09-03T14:19:24.781Z", "eventType": "select", "fullPath": "/main.py", "details": {"selection": {"from": 124, "to": 124}}}
{"dateTime": "2025-09-03T14:19:24.831Z", "eventType": "select", "fullPath": "/main.py", "details": {"selection": {"from": 125, "to": 125}}}
{"dateTime": "2025-09-03T14:19:24.884Z", "eventType": "select", "fullPath": "/main.py", "details": {"selection": {"from": 126, "to": 126}}}
{"dateTime": "2025-09-03T14:19:24.932Z", "eventType": "select", "fullPath": "/main.py", "details": {"selection": {"from": 127, "to": 127}}}
{"dateTime": "2025-09-03T14:19:24.984Z", "eventType": "select", "fullPath": "/main.py", "details": {"selection": {"from": 128, "to": 128}}}
{"dateTime": "2025-09-03T14:19:25.028Z", "eventType": "select", "fullPath": "/main.py", "details": {"selection": {"from": 129, "to": 129}}}
{"dateTime": "2025-09-03T14:19:25.078Z", "eventType": "select", "fullPath": "/main.py", "details": {"selection": {"from": 130, "to": 130}}}
{"dateTime": "2025-09-03T14:19:25.133Z", "eventType": "select", "fullPath": "/main.py", "details": {"selection": {"from": 131, "to": 131}}}
{"dateTime": "2025-09-03T14:19:25.184Z", "eventType": "select", "fullPath": "/main.py", "details": {"selection": {"from": 132, "to": 132}}}
{"dateTime": "2025-09-03T14:19:25.233Z", "eventType": "select", "fullPath": "/main.py", "details": {"selection": {"from": 133, "to": 133}}}
{"dateTime": "2025-09-03T14:19:25.288Z", "eventType": "select", "fullPath": "/main.py", "details": {"selection": {"from": 134, "to": 134}}}
{"dateTime": "2025-09-03T14:19:25.334Z", "eventType": "select", "fullPath": "/main.py", "details": {"selection": {"from": 135, "to": 135}}}
{"dateTime": "2025-09-03T14:19:25.387Z", "eventType": "select", "fullPath": "/main.py", "details": {"selection": {"from": 136, "to": 136}}}
{"dateTime": "2025-09-03T14:19:25.688Z", "eventType": "select", "fullPath": "/main.py", "details": {"selection": {"from": 137, "to": 137}}}
{"dateTime": "2025-09-03T14:19:26.200Z", "eventType": "delete.backward", "fullPath": "/main.py", "details": {"fromA": 136, "toA": 137, "fromB": 136, "toB": 136, "inserted": [""]}}
{"dateTime": "2025-09-03T14:19:26.427Z", "eventType": "delete.backward", "fullPath": "/main.py", "details": {"fromA": 135, "toA": 136, "fromB": 135, "toB": 135, "inserted": [""]}}
{"dateTime": "2025-09-03T14:19:29.050Z", "eventType": "window.blur", "fullPath": "/main.py"}
{"dateTime": "2025-09-03T14:19:29.477Z", "eventType": "window.focus", "fullPath": "/main.py"}
{"dateTime": "2025-09-03T14:19:29.478Z", "eventType": "focus", "fullPath": "/main.py"}
{"dateTime": "2025-09-03T14:19:29.882Z", "eventType": "blur", "fullPath": "/main.py"}
{"dateTime": "2025-09-03T14:19:29.883Z", "eventType": "window.blur", "fullPath": "/main.py"}
{"dateTime": "2025-09-03T14:19:31.581Z", "eventType": "focus", "fullPath": "/main.py"}
{"dateTime": "2025-09-03T14:19:32.626Z", "eventType": "blur", "fullPath": "/main.py"}
{"dateTime": "2025-09-03T14:19:38.946Z", "eventType": "window.blur", "fullPath": "/main.py"}
{"dateTime": "2025-09-03T14:19:45.598Z", "eventType": "window.focus", "fullPath": "/main.py"}
{"dateTime": "2025-09-03T14:19:47.023Z", "eventType": "focus", "fullPath": "/main.py"}
{"dateTime": "2025-09-03T14:19:47.025Z", "eventType": "select.pointer", "fullPath": "/main.py", "details": {"selection": {"from": 119, "to": 119}}}
{"dateTime": "2025-09-03T14:19:47.189Z", "eventType": "select.pointer", "fullPath": "/main.py", "details": {"selection": {"from": 119, "to": 120}}}
{"dateTime": "2025-09-03T14:19:48.617Z", "eventType": "delete.selection", "fullPath": "/main.py", "details": {"fromA": 119, "toA": 120, "fromB": 119, "toB": 119, "inserted": [""]}}
{"dateTime": "2025-09-03T14:19:48.859Z", "eventType": "input.type", "fullPath": "/main.py", "details": {"fromA": 119, "toA": 119, "fromB": 119, "toB": 120, "inserted": [" "]}}
{"dateTime": "2025-09-03T14:19:49.887Z", "eventType": "input.type", "fullPath": "/main.py", "details": {"fromA": 120, "toA": 120, "fromB": 120, "toB": 121, "inserted": ["%"]}}
{"dateTime": "2025-09-03T14:19:50.247Z", "eventType": "select", "fullPath": "/main.py", "details": {"selection": {"from": 122, "to": 122}}}
{"dateTime": "2025-09-03T14:19:52.955Z", "eventType": "blur", "fullPath": "/main.py"}
{"dateTime": "2025-09-03T14:20:05.131Z", "eventType": "submission", "details": {"correctness": 1, "commit": "c2d82ea6341cd0356096f43baf239072df9e430d", "executionTime": 0.01}}
{"dateTime": "2025-09-03T14:20:08.844Z", "eventType": "window.blur", "fullPath": "/main.py"}
{"dateTime": "2025-09-03T14:20:28.242Z", "eventType": "window.focus", "fullPath": "/main.py"}
{"dateTime": "2025-09-03T14:20:29.445Z", "eventType": "focus", "fullPath": "/main.py"}
{"dateTime": "2025-09-03T14:20:29.451Z", "eventType": "select", "fullPath": "/main.py", "details": {"selection": {"from": 137, "to": 137}}}
{"dateTime": "2025-09-03T14:20:31.193Z", "eventType": "select", "fullPath": "/main.py", "details": {"selection": {"from": 106, "to": 106}}}
{"dateTime": "2025-09-03T14:20:31.403Z", "eventType": "select", "fullPath": "/main.py", "details": {"selection": {"from": 105, "to": 105}}}
{"dateTime": "2025-09-03T14:20:31.545Z", "eventType": "select", "fullPath": "/main.py", "details": {"selection": {"from": 89, "to": 89}}}
{"dateTime": "2025-09-03T14:20:31.706Z", "eventType": "select", "fullPath": "/main.py", "details": {"selection": {"from": 82, "to": 82}}}
{"dateTime": "2025-09-03T14:20:31.834Z", "eventType": "select", "fullPath": "/main.py", "details": {"selection": {"from": 59, "to": 59}}}
{"dateTime": "2025-09-03T14:20:32.296Z", "eventType": "select", "fullPath": "/main.py", "details": {"selection": {"from": 82, "to": 82}}}
{"dateTime": "2025-09-03T14:20:32.744Z", "eventType": "delete.backward", "fullPath": "/main.py", "details": {"fromA": 81, "toA": 82, "fromB": 81, "toB": 81, "inserted": [""]}}
{"dateTime": "2025-09-03T14:20:32.938Z", "eventType": "delete.backward", "fullPath": "/main.py", "details": {"fromA": 80, "toA": 81, "fromB": 80, "toB": 80, "inserted": [""]}}
{"dateTime": "2025-09-03T14:20:33.098Z", "eventType": "delete.backward", "fullPath": "/main.py", "details": {"fromA": 79, "toA": 80, "fromB": 79, "toB": 79, "inserted": [""]}}
{"dateTime": "2025-09-03T14:20:33.259Z", "eventType": "delete.backward", "fullPath": "/main.py", "details": {"fromA": 78, "toA": 79, "fromB": 78, "toB": 78, "inserted": [""]}}
{"dateTime": "2025-09-03T14:20:34.216Z", "eventType": "input.type", "fullPath": "/main.py", "details": {"fromA": 78, "toA": 78, "fromB": 78, "toB": 79, "inserted": ["2"]}}
{"dateTime": "2025-09-03T14:20:34.490Z", "eventType": "select", "fullPath": "/main.py", "details": {"selection": {"from": 86, "to": 86}}}
{"dateTime": "2025-09-03T14:20:34.988Z", "eventType": "select", "fullPath": "/main.py", "details": {"selection": {"from": 102, "to": 102}}}
{"dateTime": "2025-09-03T14:20:35.036Z", "eventType": "select", "fullPath": "/main.py", "details": {"selection": {"from": 103, "to": 103}}}
{"dateTime": "2025-09-03T14:20:35.084Z", "eventType": "select", "fullPath": "/main.py", "details": {"selection": {"from": 123, "to": 123}}}
{"dateTime": "2025-09-03T14:20:35.140Z", "eventType": "select", "fullPath": "/main.py", "details": {"selection": {"from": 134, "to": 134}}}
{"dateTime": "2025-09-03T14:20:35.241Z", "eventType": "select", "fullPath": "/main.py", "details": {"selection": {"from": 133, "to": 133}}}
{"dateTime": "2025-09-03T14:20:35.739Z", "eventType": "select", "fullPath": "/main.py", "details": {"selection": {"from": 132, "to": 132}}}
{"dateTime": "2025-09-03T14:20:35.785Z", "eventType": "select", "fullPath": "/main.py", "details": {"selection": {"from": 131, "to": 131}}}
{"dateTime": "2025-09-03T14:20:35.834Z", "eventType": "select", "fullPath": "/main.py", "details": {"selection": {"from": 130, "to": 130}}}
{"dateTime": "2025-09-03T14:20:35.889Z", "eventType": "select", "fullPath": "/main.py", "details": {"selection": {"from": 129, "to": 129}}}
{"dateTime": "2025-09-03T14:20:35.939Z", "eventType": "select", "fullPath": "/main.py", "details": {"selection": {"from": 128, "to": 128}}}
{"dateTime": "2025-09-03T14:20:35.990Z", "eventType": "select", "fullPath": "/main.py", "details": {"selection": {"from": 127, "to": 127}}}
{"dateTime": "2025-09-03T14:20:36.041Z", "eventType": "select", "fullPath": "/main.py", "details": {"selection": {"from": 126, "to": 126}}}
{"dateTime": "2025-09-03T14:20:36.094Z", "eventType": "select", "fullPath": "/main.py", "details": {"selection": {"from": 125, "to": 125}}}
{"dateTime": "2025-09-03T14:20:36.138Z", "eventType": "select", "fullPath": "/main.py", "details": {"selection": {"from": 124, "to": 124}}}
{"dateTime": "2025-09-03T14:20:36.189Z", "eventType": "select", "fullPath": "/main.py", "details": {"selection": {"from": 123, "to": 123}}}
{"dateTime": "2025-09-03T14:20:36.239Z", "eventType": "select", "fullPath": "/main.py", "details": {"selection": {"from": 122, "to": 122}}}
{"dateTime": "2025-09-03T14:20:36.293Z", "eventType": "select", "fullPath": "/main.py", "details": {"selection": {"from": 121, "to": 121}}}
{"dateTime": "2025-09-03T14:20:36.343Z", "eventType": "select", "fullPath": "/main.py", "details": {"selection": {"from": 120, "to": 120}}}
{"dateTime": "2025-09-03T14:20:36.394Z", "eventType": "select", "fullPath": "/main.py", "details": {"selection": {"from": 119, "to": 119}}}
{"dateTime": "2025-09-03T14:20:36.444Z", "eventType": "select", "fullPath": "/main.py", "details": {"selection": {"from": 118, "to": 118}}}
{"dateTime": "2025-09-03T14:20:36.494Z", "eventType": "select", "fullPath": "/main.py", "details": {"selection": {"from": 117, "to": 117}}}
{"dateTime": "2025-09-03T14:20:36.545Z", "eventType": "select", "fullPath": "/main.py", "details": {"selection": {"from": 116, "to": 116}}}
{"dateTime": "2025-09-03T14:20:36.596Z", "eventType": "select", "fullPath": "/main.py", "details": {"selection": {"from": 115, "to": 115}}}
{"dateTime": "2025-09-03T14:20:36.646Z", "eventType": "select", "fullPath": "/main.py", "details": {"selection": {"from": 114, "to": 114}}}
{"dateTime": "2025-09-03T14:20:36.743Z", "eventType": "select", "fullPath": "/main.py", "details": {"selection": {"from": 113, "to": 113}}}
{"dateTime": "2025-09-03T14:20:36.935Z", "eventType": "select", "fullPath": "/main.py", "details": {"selection": {"from": 112, "to": 112}}}
{"dateTime": "2025-09-03T14:20:37.079Z", "eventType": "select", "fullPath": "/main.py", "details": {"selection": {"from": 111, "to": 111}}}
{"dateTime": "2025-09-03T14:20:37.241Z", "eventType": "select", "fullPath": "/main.py", "details": {"selection": {"from": 110, "to": 110}}}
{"dateTime": "2025-09-03T14:20:37.546Z", "eventType": "select", "fullPath": "/main.py", "details": {"selection": {"from": 110, "to": 111}}}
{"dateTime": "2025-09-03T14:20:37.722Z", "eventType": "select", "fullPath": "/main.py", "details": {"selection": {"from": 110, "to": 112}}}
{"dateTime": "2025-09-03T14:20:37.895Z", "eventType": "select", "fullPath": "/main.py", "details": {"selection": {"from": 110, "to": 113}}}
{"dateTime": "2025-09-03T14:20:38.055Z", "eventType": "select", "fullPath": "/main.py", "details": {"selection": {"from": 110, "to": 114}}}
{"dateTime": "2025-09-03T14:20:38.216Z", "eventType": "select", "fullPath": "/main.py", "details": {"selection": {"from": 110, "to": 115}}}
{"dateTime": "2025-09-03T14:20:38.392Z", "eventType": "select", "fullPath": "/main.py", "details": {"selection": {"from": 110, "to": 116}}}
{"dateTime": "2025-09-03T14:20:38.567Z", "eventType": "select", "fullPath": "/main.py", "details": {"selection": {"from": 110, "to": 117}}}
{"dateTime": "2025-09-03T14:20:38.727Z", "eventType": "select", "fullPath": "/main.py", "details": {"selection": {"from": 110, "to": 118}}}
{"dateTime": "2025-09-03T14:20:39.475Z", "eventType": "delete.selection", "fullPath": "/main.py", "details": {"fromA": 110, "toA": 118, "fromB": 110, "toB": 110, "inserted": [""]}}
{"dateTime": "2025-09-03T14:20:40.168Z", "eventType": "input.type", "fullPath": "/main.py", "details": {"fromA": 110, "toA": 110, "fromB": 110, "toB": 111, "inserted": ["*"]}}
{"dateTime": "2025-09-03T14:20:40.888Z", "eventType": "select", "fullPath": "/main.py", "details": {"selection": {"from": 110, "to": 110}}}
{"dateTime": "2025-09-03T14:20:41.659Z", "eventType": "input.type", "fullPath": "/main.py", "details": {"fromA": 110, "toA": 110, "fromB": 110, "toB": 111, "inserted": ["0"]}}
{"dateTime": "2025-09-03T14:20:42.264Z", "eventType": "input.type", "fullPath": "/main.py", "details": {"fromA": 111, "toA": 111, "fromB": 111, "toB": 112, "inserted": ["."]}}
{"dateTime": "2025-09-03T14:20:45.112Z", "eventType": "delete.backward", "fullPath": "/main.py", "details": {"fromA": 111, "toA": 112, "fromB": 111, "toB": 111, "inserted": [""]}}
{"dateTime": "2025-09-03T14:20:45.291Z", "eventType": "delete.backward", "fullPath": "/main.py", "details": {"fromA": 110, "toA": 111, "fromB": 110, "toB": 110, "inserted": [""]}}
{"dateTime": "2025-09-03T14:20:45.563Z", "eventType": "input.type", "fullPath": "/main.py", "details": {"fromA": 110, "toA": 110, "fromB": 110, "toB": 111, "inserted": ["1"]}}
{"dateTime": "2025-09-03T14:20:45.848Z", "eventType": "input.type", "fullPath": "/main.py", "details": {"fromA": 111, "toA": 111, "fromB": 111, "toB": 112, "inserted": ["."]}}
{"dateTime": "2025-09-03T14:20:46.312Z", "eventType": "input.type", "fullPath": "/main.py", "details": {"fromA": 112, "toA": 112, "fromB": 112, "toB": 113, "inserted": ["0"]}}
{"dateTime": "2025-09-03T14:20:46.475Z", "eventType": "input.type", "fullPath": "/main.py", "details": {"fromA": 113, "toA": 113, "fromB": 113, "toB": 114, "inserted": ["0"]}}
{"dateTime": "2025-09-03T14:20:48.732Z", "eventType": "blur", "fullPath": "/main.py"}
{"dateTime": "2025-09-03T14:20:53.830Z", "eventType": "focus", "fullPath": "/main.py"}
{"dateTime": "2025-09-03T14:20:53.832Z", "eventType": "select.pointer", "fullPath": "/main.py", "details": {"selection": {"from": 116, "to": 116}}}
{"dateTime": "2025-09-03T14:20:54.408Z", "eventType": "undo", "fullPath": "/main.py", "details": {"fromA": 114, "toA": 114, "fromB": 110, "toB": 112, "inserted": ["0."]}}
{"dateTime": "2025-09-03T14:20:54.855Z", "eventType": "undo", "fullPath": "/main.py", "details": {"fromA": 111, "toA": 112, "fromB": 111, "toB": 111, "inserted": [""]}}
{"dateTime": "2025-09-03T14:20:55.114Z", "eventType": "undo", "fullPath": "/main.py", "details": {"fromA": 110, "toA": 111, "fromB": 110, "toB": 110, "inserted": [""]}}
{"dateTime": "2025-09-03T14:20:55.384Z", "eventType": "undo", "fullPath": "/main.py", "details": {"fromA": 110, "toA": 111, "fromB": 110, "toB": 110, "inserted": [""]}}
{"dateTime": "2025-09-03T14:20:55.704Z", "eventType": "undo", "fullPath": "/main.py", "details": {"fromA": 110, "toA": 110, "fromB": 110, "toB": 118, "inserted": ["\"%.2f\" %"]}}
{"dateTime": "2025-09-03T14:20:59.531Z", "eventType": "blur", "fullPath": "/main.py"}
{"dateTime": "2025-09-03T14:20:59.535Z", "eventType": "focus", "fullPath": "/main.py"}
{"dateTime": "2025-09-03T14:20:59.541Z", "eventType": "select", "fullPath": "/main.py", "details": {"selection": {"from": 134, "to": 134}}}
