{"dateTime": "2025-08-27T16:12:28.120Z", "eventType": "window.blur", "fullPath": "/main.py"}
{"dateTime": "2025-08-27T16:13:16.475Z", "eventType": "window.focus", "fullPath": "/main.py"}
{"dateTime": "2025-08-27T16:13:18.656Z", "eventType": "window.blur", "fullPath": "/main.py"}
{"dateTime": "2025-08-27T16:13:18.768Z", "eventType": "window.focus", "fullPath": "/main.py"}
{"dateTime": "2025-08-27T16:13:18.779Z", "eventType": "window.blur", "fullPath": "/main.py"}
{"dateTime": "2025-08-27T16:13:35.704Z", "eventType": "window.focus", "fullPath": "/main.py"}
{"dateTime": "2025-08-27T16:13:35.705Z", "eventType": "window.blur", "fullPath": "/main.py"}
{"dateTime": "2025-08-27T16:13:57.284Z", "eventType": "window.focus", "fullPath": "/main.py"}
{"dateTime": "2025-08-27T16:14:03.145Z", "eventType": "focus", "fullPath": "/main.py"}
{"dateTime": "2025-08-27T16:14:03.152Z", "eventType": "select.pointer", "fullPath": "/main.py", "details": {"selection": {"from": 0, "to": 0}}}
{"dateTime": "2025-08-27T16:14:04.239Z", "eventType": "input.type", "fullPath": "/main.py", "details": {"fromA": 0, "toA": 0, "fromB": 0, "toB": 1, "inserted": ["c"]}}
{"dateTime": "2025-08-27T16:14:04.664Z", "eventType": "input.type", "fullPath": "/main.py", "details": {"fromA": 1, "toA": 1, "fromB": 1, "toB": 2, "inserted": ["w"]}}
{"dateTime": "2025-08-27T16:14:05.336Z", "eventType": "delete.backward", "fullPath": "/main.py", "details": {"fromA": 1, "toA": 2, "fromB": 1, "toB": 1, "inserted": [""]}}
{"dateTime": "2025-08-27T16:14:05.609Z", "eventType": "input.type", "fullPath": "/main.py", "details": {"fromA": 1, "toA": 1, "fromB": 1, "toB": 2, "inserted": ["e"]}}
{"dateTime": "2025-08-27T16:14:06.008Z", "eventType": "input.type", "fullPath": "/main.py", "details": {"fromA": 2, "toA": 2, "fromB": 2, "toB": 3, "inserted": ["l"]}}
{"dateTime": "2025-08-27T16:14:06.968Z", "eventType": "input.type", "fullPath": "/main.py", "details": {"fromA": 3, "toA": 3, "fromB": 3, "toB": 4, "inserted": ["s"]}}
{"dateTime": "2025-08-27T16:14:07.239Z", "eventType": "input.type", "fullPath": "/main.py", "details": {"fromA": 4, "toA": 4, "fromB": 4, "toB": 5, "inserted": ["i"]}}
{"dateTime": "2025-08-27T16:14:07.468Z", "eventType": "input.type", "fullPath": "/main.py", "details": {"fromA": 5, "toA": 5, "fromB": 5, "toB": 6, "inserted": ["u"]}}
{"dateTime": "2025-08-27T16:14:07.738Z", "eventType": "input.type", "fullPath": "/main.py", "details": {"fromA": 6, "toA": 6, "fromB": 6, "toB": 7, "inserted": ["s"]}}
{"dateTime": "2025-08-27T16:14:08.488Z", "eventType": "input.type", "fullPath": "/main.py", "details": {"fromA": 7, "toA": 7, "fromB": 7, "toB": 8, "inserted": [" "]}}
{"dateTime": "2025-08-27T16:14:10.588Z", "eventType": "input.type", "fullPath": "/main.py", "details": {"fromA": 8, "toA": 8, "fromB": 8, "toB": 9, "inserted": ["="]}}
{"dateTime": "2025-08-27T16:14:10.828Z", "eventType": "input.type", "fullPath": "/main.py", "details": {"fromA": 9, "toA": 9, "fromB": 9, "toB": 10, "inserted": [" "]}}
{"dateTime": "2025-08-27T16:14:11.977Z", "eventType": "input.type", "fullPath": "/main.py", "details": {"fromA": 10, "toA": 10, "fromB": 10, "toB": 11, "inserted": ["f"]}}
{"dateTime": "2025-08-27T16:14:12.250Z", "eventType": "input.type", "fullPath": "/main.py", "details": {"fromA": 11, "toA": 11, "fromB": 11, "toB": 12, "inserted": ["l"]}}
{"dateTime": "2025-08-27T16:14:12.558Z", "eventType": "input.type", "fullPath": "/main.py", "details": {"fromA": 12, "toA": 12, "fromB": 12, "toB": 13, "inserted": ["o"]}}
{"dateTime": "2025-08-27T16:14:12.728Z", "eventType": "input.type", "fullPath": "/main.py", "details": {"fromA": 13, "toA": 13, "fromB": 13, "toB": 14, "inserted": ["a"]}}
{"dateTime": "2025-08-27T16:14:13.598Z", "eventType": "input.type", "fullPath": "/main.py", "details": {"fromA": 14, "toA": 14, "fromB": 14, "toB": 15, "inserted": ["t"]}}
{"dateTime": "2025-08-27T16:14:14.696Z", "eventType": "input.type", "fullPath": "/main.py", "details": {"fromA": 15, "toA": 15, "fromB": 15, "toB": 17, "inserted": ["()"]}}
{"dateTime": "2025-08-27T16:14:15.468Z", "eventType": "input.type", "fullPath": "/main.py", "details": {"fromA": 16, "toA": 16, "fromB": 16, "toB": 17, "inserted": ["i"]}}
{"dateTime": "2025-08-27T16:14:15.806Z", "eventType": "input.type", "fullPath": "/main.py", "details": {"fromA": 17, "toA": 17, "fromB": 17, "toB": 18, "inserted": ["n"]}}
{"dateTime": "2025-08-27T16:14:16.216Z", "eventType": "input.type", "fullPath": "/main.py", "details": {"fromA": 18, "toA": 18, "fromB": 18, "toB": 19, "inserted": ["p"]}}
{"dateTime": "2025-08-27T16:14:16.584Z", "eventType": "input.type", "fullPath": "/main.py", "details": {"fromA": 19, "toA": 19, "fromB": 19, "toB": 20, "inserted": ["u"]}}
{"dateTime": "2025-08-27T16:14:16.921Z", "eventType": "input.type", "fullPath": "/main.py", "details": {"fromA": 20, "toA": 20, "fromB": 20, "toB": 21, "inserted": ["t"]}}
{"dateTime": "2025-08-27T16:14:18.184Z", "eventType": "input.type", "fullPath": "/main.py", "details": {"fromA": 21, "toA": 21, "fromB": 21, "toB": 23, "inserted": ["()"]}}
{"dateTime": "2025-08-27T16:14:20.575Z", "eventType": "select.pointer", "fullPath": "/main.py", "details": {"selection": {"from": 24, "to": 24}}}
{"dateTime": "2025-08-27T16:14:21.561Z", "eventType": "input", "fullPath": "/main.py", "details": {"fromA": 24, "toA": 24, "fromB": 24, "toB": 25, "inserted": ["", ""]}}
{"dateTime": "2025-08-27T16:14:22.887Z", "eventType": "input", "fullPath": "/main.py", "details": {"fromA": 25, "toA": 25, "fromB": 25, "toB": 26, "inserted": ["", ""]}}
{"dateTime": "2025-08-27T16:14:24.940Z", "eventType": "input.type", "fullPath": "/main.py", "details": {"fromA": 26, "toA": 26, "fromB": 26, "toB": 27, "inserted": ["f"]}}
{"dateTime": "2025-08-27T16:14:25.352Z", "eventType": "input.type", "fullPath": "/main.py", "details": {"fromA": 27, "toA": 27, "fromB": 27, "toB": 28, "inserted": ["a"]}}
{"dateTime": "2025-08-27T16:14:25.800Z", "eventType": "input.type", "fullPath": "/main.py", "details": {"fromA": 28, "toA": 28, "fromB": 28, "toB": 29, "inserted": ["h"]}}
{"dateTime": "2025-08-27T16:14:26.375Z", "eventType": "input.type", "fullPath": "/main.py", "details": {"fromA": 29, "toA": 29, "fromB": 29, "toB": 30, "inserted": ["r"]}}
{"dateTime": "2025-08-27T16:14:31.143Z", "eventType": "input.type", "fullPath": "/main.py", "details": {"fromA": 30, "toA": 30, "fromB": 30, "toB": 31, "inserted": ["e"]}}
{"dateTime": "2025-08-27T16:14:32.217Z", "eventType": "input.type", "fullPath": "/main.py", "details": {"fromA": 31, "toA": 31, "fromB": 31, "toB": 32, "inserted": ["n"]}}
{"dateTime": "2025-08-27T16:14:32.520Z", "eventType": "input.type", "fullPath": "/main.py", "details": {"fromA": 32, "toA": 32, "fromB": 32, "toB": 33, "inserted": ["h"]}}
{"dateTime": "2025-08-27T16:14:33.031Z", "eventType": "input.type", "fullPath": "/main.py", "details": {"fromA": 33, "toA": 33, "fromB": 33, "toB": 34, "inserted": ["e"]}}
{"dateTime": "2025-08-27T16:14:33.335Z", "eventType": "input.type", "fullPath": "/main.py", "details": {"fromA": 34, "toA": 34, "fromB": 34, "toB": 35, "inserted": ["i"]}}
{"dateTime": "2025-08-27T16:14:33.752Z", "eventType": "input.type", "fullPath": "/main.py", "details": {"fromA": 35, "toA": 35, "fromB": 35, "toB": 36, "inserted": ["t"]}}
{"dateTime": "2025-08-27T16:14:34.679Z", "eventType": "input.type", "fullPath": "/main.py", "details": {"fromA": 36, "toA": 36, "fromB": 36, "toB": 37, "inserted": [" "]}}
{"dateTime": "2025-08-27T16:14:35.671Z", "eventType": "input.type", "fullPath": "/main.py", "details": {"fromA": 37, "toA": 37, "fromB": 37, "toB": 38, "inserted": ["="]}}
{"dateTime": "2025-08-27T16:14:35.848Z", "eventType": "input.type", "fullPath": "/main.py", "details": {"fromA": 38, "toA": 38, "fromB": 38, "toB": 39, "inserted": [" "]}}
{"dateTime": "2025-08-27T16:14:38.444Z", "eventType": "input.type", "fullPath": "/main.py", "details": {"fromA": 39, "toA": 39, "fromB": 39, "toB": 41, "inserted": ["()"]}}
{"dateTime": "2025-08-27T16:14:39.581Z", "eventType": "input.type", "fullPath": "/main.py", "details": {"fromA": 40, "toA": 40, "fromB": 40, "toB": 41, "inserted": ["c"]}}
{"dateTime": "2025-08-27T16:14:39.917Z", "eventType": "input.type", "fullPath": "/main.py", "details": {"fromA": 41, "toA": 41, "fromB": 41, "toB": 42, "inserted": ["l"]}}
{"dateTime": "2025-08-27T16:14:41.034Z", "eventType": "delete.backward", "fullPath": "/main.py", "details": {"fromA": 41, "toA": 42, "fromB": 41, "toB": 41, "inserted": [""]}}
{"dateTime": "2025-08-27T16:14:41.314Z", "eventType": "input.type", "fullPath": "/main.py", "details": {"fromA": 41, "toA": 41, "fromB": 41, "toB": 42, "inserted": ["e"]}}
{"dateTime": "2025-08-27T16:14:43.959Z", "eventType": "input.complete", "fullPath": "/main.py", "details": {"fromA": 40, "toA": 42, "fromB": 40, "toB": 47, "inserted": ["celsius"]}}
{"dateTime": "2025-08-27T16:14:46.237Z", "eventType": "input.type", "fullPath": "/main.py", "details": {"fromA": 47, "toA": 47, "fromB": 47, "toB": 48, "inserted": [" "]}}
{"dateTime": "2025-08-27T16:14:47.833Z", "eventType": "input.type", "fullPath": "/main.py", "details": {"fromA": 48, "toA": 48, "fromB": 48, "toB": 49, "inserted": ["*"]}}
{"dateTime": "2025-08-27T16:14:49.212Z", "eventType": "input.type", "fullPath": "/main.py", "details": {"fromA": 49, "toA": 49, "fromB": 49, "toB": 50, "inserted": [" "]}}
{"dateTime": "2025-08-27T16:14:50.157Z", "eventType": "input.type", "fullPath": "/main.py", "details": {"fromA": 50, "toA": 50, "fromB": 50, "toB": 51, "inserted": ["9"]}}
{"dateTime": "2025-08-27T16:14:51.800Z", "eventType": "input.type", "fullPath": "/main.py", "details": {"fromA": 51, "toA": 51, "fromB": 51, "toB": 52, "inserted": ["/"]}}
{"dateTime": "2025-08-27T16:14:56.477Z", "eventType": "input.type", "fullPath": "/main.py", "details": {"fromA": 52, "toA": 52, "fromB": 52, "toB": 53, "inserted": ["5"]}}
{"dateTime": "2025-08-27T16:14:58.219Z", "eventType": "select.pointer", "fullPath": "/main.py", "details": {"selection": {"from": 54, "to": 54}}}
{"dateTime": "2025-08-27T16:14:58.648Z", "eventType": "input.type", "fullPath": "/main.py", "details": {"fromA": 54, "toA": 54, "fromB": 54, "toB": 55, "inserted": [" "]}}
{"dateTime": "2025-08-27T16:15:00.270Z", "eventType": "input.type", "fullPath": "/main.py", "details": {"fromA": 55, "toA": 55, "fromB": 55, "toB": 56, "inserted": ["+"]}}
{"dateTime": "2025-08-27T16:15:00.968Z", "eventType": "input.type", "fullPath": "/main.py", "details": {"fromA": 56, "toA": 56, "fromB": 56, "toB": 57, "inserted": [" "]}}
{"dateTime": "2025-08-27T16:15:02.908Z", "eventType": "input.type", "fullPath": "/main.py", "details": {"fromA": 57, "toA": 57, "fromB": 57, "toB": 58, "inserted": ["3"]}}
{"dateTime": "2025-08-27T16:15:03.244Z", "eventType": "input.type", "fullPath": "/main.py", "details": {"fromA": 58, "toA": 58, "fromB": 58, "toB": 59, "inserted": ["2"]}}
{"dateTime": "2025-08-27T16:15:05.256Z", "eventType": "input", "fullPath": "/main.py", "details": {"fromA": 59, "toA": 59, "fromB": 59, "toB": 60, "inserted": ["", ""]}}
{"dateTime": "2025-08-27T16:15:05.704Z", "eventType": "input", "fullPath": "/main.py", "details": {"fromA": 60, "toA": 60, "fromB": 60, "toB": 61, "inserted": ["", ""]}}
{"dateTime": "2025-08-27T16:15:06.572Z", "eventType": "input.type", "fullPath": "/main.py", "details": {"fromA": 61, "toA": 61, "fromB": 61, "toB": 62, "inserted": ["p"]}}
{"dateTime": "2025-08-27T16:15:06.829Z", "eventType": "input.type", "fullPath": "/main.py", "details": {"fromA": 62, "toA": 62, "fromB": 62, "toB": 63, "inserted": ["r"]}}
{"dateTime": "2025-08-27T16:15:07.119Z", "eventType": "input.type", "fullPath": "/main.py", "details": {"fromA": 63, "toA": 63, "fromB": 63, "toB": 64, "inserted": ["i"]}}
{"dateTime": "2025-08-27T16:15:07.424Z", "eventType": "input.type", "fullPath": "/main.py", "details": {"fromA": 64, "toA": 64, "fromB": 64, "toB": 65, "inserted": ["n"]}}
{"dateTime": "2025-08-27T16:15:07.630Z", "eventType": "input.type", "fullPath": "/main.py", "details": {"fromA": 65, "toA": 65, "fromB": 65, "toB": 66, "inserted": ["t"]}}
{"dateTime": "2025-08-27T16:15:09.736Z", "eventType": "input.type", "fullPath": "/main.py", "details": {"fromA": 66, "toA": 66, "fromB": 66, "toB": 68, "inserted": ["()"]}}
{"dateTime": "2025-08-27T16:15:11.260Z", "eventType": "input.type", "fullPath": "/main.py", "details": {"fromA": 67, "toA": 67, "fromB": 67, "toB": 68, "inserted": ["r"]}}
{"dateTime": "2025-08-27T16:15:11.551Z", "eventType": "input.type", "fullPath": "/main.py", "details": {"fromA": 68, "toA": 68, "fromB": 68, "toB": 69, "inserted": ["o"]}}
{"dateTime": "2025-08-27T16:15:11.869Z", "eventType": "input.type", "fullPath": "/main.py", "details": {"fromA": 69, "toA": 69, "fromB": 69, "toB": 70, "inserted": ["u"]}}
{"dateTime": "2025-08-27T16:15:12.173Z", "eventType": "input.type", "fullPath": "/main.py", "details": {"fromA": 70, "toA": 70, "fromB": 70, "toB": 71, "inserted": ["n"]}}
{"dateTime": "2025-08-27T16:15:12.540Z", "eventType": "input.type", "fullPath": "/main.py", "details": {"fromA": 71, "toA": 71, "fromB": 71, "toB": 72, "inserted": ["d"]}}
{"dateTime": "2025-08-27T16:15:14.381Z", "eventType": "input.type", "fullPath": "/main.py", "details": {"fromA": 72, "toA": 72, "fromB": 72, "toB": 74, "inserted": ["()"]}}
{"dateTime": "2025-08-27T16:15:15.308Z", "eventType": "input.type", "fullPath": "/main.py", "details": {"fromA": 73, "toA": 73, "fromB": 73, "toB": 74, "inserted": ["f"]}}
{"dateTime": "2025-08-27T16:15:15.804Z", "eventType": "input.type", "fullPath": "/main.py", "details": {"fromA": 74, "toA": 74, "fromB": 74, "toB": 75, "inserted": ["a"]}}
{"dateTime": "2025-08-27T16:15:18.790Z", "eventType": "input.complete", "fullPath": "/main.py", "details": {"fromA": 73, "toA": 75, "fromB": 73, "toB": 83, "inserted": ["fahrenheit"]}}
{"dateTime": "2025-08-27T16:15:23.597Z", "eventType": "input.type", "fullPath": "/main.py", "details": {"fromA": 83, "toA": 83, "fromB": 83, "toB": 84, "inserted": ["."]}}
{"dateTime": "2025-08-27T16:15:26.268Z", "eventType": "input.type", "fullPath": "/main.py", "details": {"fromA": 84, "toA": 84, "fromB": 84, "toB": 85, "inserted": [" "]}}
{"dateTime": "2025-08-27T16:15:27.099Z", "eventType": "delete.backward", "fullPath": "/main.py", "details": {"fromA": 84, "toA": 85, "fromB": 84, "toB": 84, "inserted": [""]}}
{"dateTime": "2025-08-27T16:15:27.356Z", "eventType": "delete.backward", "fullPath": "/main.py", "details": {"fromA": 83, "toA": 84, "fromB": 83, "toB": 83, "inserted": [""]}}
{"dateTime": "2025-08-27T16:15:27.995Z", "eventType": "input.type", "fullPath": "/main.py", "details": {"fromA": 83, "toA": 83, "fromB": 83, "toB": 84, "inserted": [","]}}
{"dateTime": "2025-08-27T16:15:28.732Z", "eventType": "input.type", "fullPath": "/main.py", "details": {"fromA": 84, "toA": 84, "fromB": 84, "toB": 85, "inserted": [" "]}}
{"dateTime": "2025-08-27T16:15:29.917Z", "eventType": "input.type", "fullPath": "/main.py", "details": {"fromA": 85, "toA": 85, "fromB": 85, "toB": 86, "inserted": ["2"]}}
{"dateTime": "2025-08-27T16:15:31.791Z", "eventType": "select.pointer", "fullPath": "/main.py", "details": {"selection": {"from": 88, "to": 88}}}
{"dateTime": "2025-08-27T16:15:37.561Z", "eventType": "blur", "fullPath": "/main.py"}
{"dateTime": "2025-08-27T16:15:41.399Z", "eventType": "submission", "details": {"correctness": 1, "commit": "01e99180c55f1f35d38908b0f58f865c445db0ef", "executionTime": 0.01}}
