{"dateTime": "2025-08-27T18:18:27.685Z", "eventType": "select.pointer", "fullPath": "/main.py", "details": {"selection": {"from": 82, "to": 82}}}
{"dateTime": "2025-08-27T18:18:29.107Z", "eventType": "input", "fullPath": "/main.py", "details": {"fromA": 82, "toA": 82, "fromB": 82, "toB": 83, "inserted": ["", ""]}}
{"dateTime": "2025-08-27T18:18:30.709Z", "eventType": "input.type", "fullPath": "/main.py", "details": {"fromA": 83, "toA": 83, "fromB": 83, "toB": 84, "inserted": ["p"]}}
{"dateTime": "2025-08-27T18:18:30.952Z", "eventType": "input.type", "fullPath": "/main.py", "details": {"fromA": 84, "toA": 84, "fromB": 84, "toB": 85, "inserted": ["r"]}}
{"dateTime": "2025-08-27T18:18:31.175Z", "eventType": "input.type", "fullPath": "/main.py", "details": {"fromA": 85, "toA": 85, "fromB": 85, "toB": 86, "inserted": ["i"]}}
{"dateTime": "2025-08-27T18:18:31.447Z", "eventType": "input.type", "fullPath": "/main.py", "details": {"fromA": 86, "toA": 86, "fromB": 86, "toB": 87, "inserted": ["n"]}}
{"dateTime": "2025-08-27T18:18:31.603Z", "eventType": "input.type", "fullPath": "/main.py", "details": {"fromA": 87, "toA": 87, "fromB": 87, "toB": 88, "inserted": ["t"]}}
{"dateTime": "2025-08-27T18:18:33.074Z", "eventType": "input.type", "fullPath": "/main.py", "details": {"fromA": 88, "toA": 88, "fromB": 88, "toB": 90, "inserted": ["()"]}}
{"dateTime": "2025-08-27T18:18:34.246Z", "eventType": "input.type", "fullPath": "/main.py", "details": {"fromA": 89, "toA": 89, "fromB": 89, "toB": 90, "inserted": ["f"]}}
{"dateTime": "2025-08-27T18:18:34.758Z", "eventType": "input.type", "fullPath": "/main.py", "details": {"fromA": 90, "toA": 90, "fromB": 90, "toB": 92, "inserted": ["''"]}}
{"dateTime": "2025-08-27T18:18:36.530Z", "eventType": "input.type", "fullPath": "/main.py", "details": {"fromA": 91, "toA": 91, "fromB": 91, "toB": 92, "inserted": ["{"]}}
{"dateTime": "2025-08-27T18:18:38.999Z", "eventType": "input.type", "fullPath": "/main.py", "details": {"fromA": 92, "toA": 92, "fromB": 92, "toB": 93, "inserted": ["V"]}}
{"dateTime": "2025-08-27T18:18:41.362Z", "eventType": "input.type", "fullPath": "/main.py", "details": {"fromA": 93, "toA": 93, "fromB": 93, "toB": 94, "inserted": [";"]}}
{"dateTime": "2025-08-27T18:18:42.773Z", "eventType": "delete.backward", "fullPath": "/main.py", "details": {"fromA": 93, "toA": 94, "fromB": 93, "toB": 93, "inserted": [""]}}
{"dateTime": "2025-08-27T18:18:43.249Z", "eventType": "input.type", "fullPath": "/main.py", "details": {"fromA": 93, "toA": 93, "fromB": 93, "toB": 94, "inserted": [":"]}}
{"dateTime": "2025-08-27T18:18:44.902Z", "eventType": "input.type", "fullPath": "/main.py", "details": {"fromA": 94, "toA": 94, "fromB": 94, "toB": 95, "inserted": ["."]}}
{"dateTime": "2025-08-27T18:18:47.223Z", "eventType": "input.type", "fullPath": "/main.py", "details": {"fromA": 95, "toA": 95, "fromB": 95, "toB": 96, "inserted": ["3"]}}
{"dateTime": "2025-08-27T18:18:47.666Z", "eventType": "input.type", "fullPath": "/main.py", "details": {"fromA": 96, "toA": 96, "fromB": 96, "toB": 97, "inserted": ["f"]}}
{"dateTime": "2025-08-27T18:18:49.574Z", "eventType": "input.type", "fullPath": "/main.py", "details": {"fromA": 97, "toA": 97, "fromB": 97, "toB": 98, "inserted": ["}"]}}
{"dateTime": "2025-08-27T18:18:59.462Z", "eventType": "blur", "fullPath": "/main.py"}
{"dateTime": "2025-08-27T18:18:59.859Z", "eventType": "run", "details": {"commit": "a5aa232eb0188dc0f744129fad13e5901f974bfc"}}
{"dateTime": "2025-08-27T18:19:12.608Z", "eventType": "submission", "details": {"correctness": 1, "commit": "a5aa232eb0188dc0f744129fad13e5901f974bfc", "executionTime": 0.01}}
{"dateTime": "2025-08-27T18:20:11.611Z", "eventType": "focus", "fullPath": "/main.py"}
{"dateTime": "2025-08-27T18:20:11.613Z", "eventType": "select.pointer", "fullPath": "/main.py", "details": {"selection": {"from": 0, "to": 0}}}
{"dateTime": "2025-08-27T18:20:11.759Z", "eventType": "select.pointer", "fullPath": "/main.py", "details": {"selection": {"from": 0, "to": 1}}}
{"dateTime": "2025-08-27T18:20:11.775Z", "eventType": "select.pointer", "fullPath": "/main.py", "details": {"selection": {"from": 0, "to": 3}}}
{"dateTime": "2025-08-27T18:20:11.792Z", "eventType": "select.pointer", "fullPath": "/main.py", "details": {"selection": {"from": 0, "to": 4}}}
{"dateTime": "2025-08-27T18:20:11.809Z", "eventType": "select.pointer", "fullPath": "/main.py", "details": {"selection": {"from": 0, "to": 5}}}
{"dateTime": "2025-08-27T18:20:11.828Z", "eventType": "select.pointer", "fullPath": "/main.py", "details": {"selection": {"from": 0, "to": 6}}}
{"dateTime": "2025-08-27T18:20:11.842Z", "eventType": "select.pointer", "fullPath": "/main.py", "details": {"selection": {"from": 0, "to": 7}}}
{"dateTime": "2025-08-27T18:20:11.859Z", "eventType": "select.pointer", "fullPath": "/main.py", "details": {"selection": {"from": 0, "to": 8}}}
{"dateTime": "2025-08-27T18:20:11.875Z", "eventType": "select.pointer", "fullPath": "/main.py", "details": {"selection": {"from": 0, "to": 9}}}
{"dateTime": "2025-08-27T18:20:11.895Z", "eventType": "select.pointer", "fullPath": "/main.py", "details": {"selection": {"from": 0, "to": 10}}}
{"dateTime": "2025-08-27T18:20:11.909Z", "eventType": "select.pointer", "fullPath": "/main.py", "details": {"selection": {"from": 0, "to": 11}}}
{"dateTime": "2025-08-27T18:20:11.925Z", "eventType": "select.pointer", "fullPath": "/main.py", "details": {"selection": {"from": 0, "to": 12}}}
{"dateTime": "2025-08-27T18:20:11.942Z", "eventType": "select.pointer", "fullPath": "/main.py", "details": {"selection": {"from": 0, "to": 13}}}
{"dateTime": "2025-08-27T18:20:11.958Z", "eventType": "select.pointer", "fullPath": "/main.py", "details": {"selection": {"from": 0, "to": 14}}}
{"dateTime": "2025-08-27T18:20:11.975Z", "eventType": "select.pointer", "fullPath": "/main.py", "details": {"selection": {"from": 0, "to": 15}}}
{"dateTime": "2025-08-27T18:20:11.995Z", "eventType": "select.pointer", "fullPath": "/main.py", "details": {"selection": {"from": 0, "to": 16}}}
{"dateTime": "2025-08-27T18:20:12.027Z", "eventType": "select.pointer", "fullPath": "/main.py", "details": {"selection": {"from": 0, "to": 17}}}
{"dateTime": "2025-08-27T18:20:12.048Z", "eventType": "select.pointer", "fullPath": "/main.py", "details": {"selection": {"from": 0, "to": 50}}}
{"dateTime": "2025-08-27T18:20:12.061Z", "eventType": "select.pointer", "fullPath": "/main.py", "details": {"selection": {"from": 0, "to": 52}}}
{"dateTime": "2025-08-27T18:20:12.077Z", "eventType": "select.pointer", "fullPath": "/main.py", "details": {"selection": {"from": 0, "to": 54}}}
{"dateTime": "2025-08-27T18:20:12.092Z", "eventType": "select.pointer", "fullPath": "/main.py", "details": {"selection": {"from": 0, "to": 55}}}
{"dateTime": "2025-08-27T18:20:12.109Z", "eventType": "select.pointer", "fullPath": "/main.py", "details": {"selection": {"from": 0, "to": 56}}}
{"dateTime": "2025-08-27T18:20:12.125Z", "eventType": "select.pointer", "fullPath": "/main.py", "details": {"selection": {"from": 0, "to": 57}}}
{"dateTime": "2025-08-27T18:20:12.159Z", "eventType": "select.pointer", "fullPath": "/main.py", "details": {"selection": {"from": 0, "to": 58}}}
{"dateTime": "2025-08-27T18:20:12.175Z", "eventType": "select.pointer", "fullPath": "/main.py", "details": {"selection": {"from": 0, "to": 61}}}
{"dateTime": "2025-08-27T18:20:12.195Z", "eventType": "select.pointer", "fullPath": "/main.py", "details": {"selection": {"from": 0, "to": 63}}}
{"dateTime": "2025-08-27T18:20:12.211Z", "eventType": "select.pointer", "fullPath": "/main.py", "details": {"selection": {"from": 0, "to": 66}}}
{"dateTime": "2025-08-27T18:20:12.228Z", "eventType": "select.pointer", "fullPath": "/main.py", "details": {"selection": {"from": 0, "to": 71}}}
{"dateTime": "2025-08-27T18:20:12.244Z", "eventType": "select.pointer", "fullPath": "/main.py", "details": {"selection": {"from": 0, "to": 72}}}
{"dateTime": "2025-08-27T18:20:12.343Z", "eventType": "select.pointer", "fullPath": "/main.py", "details": {"selection": {"from": 0, "to": 73}}}
{"dateTime": "2025-08-27T18:20:12.359Z", "eventType": "select.pointer", "fullPath": "/main.py", "details": {"selection": {"from": 0, "to": 74}}}
{"dateTime": "2025-08-27T18:20:12.378Z", "eventType": "select.pointer", "fullPath": "/main.py", "details": {"selection": {"from": 0, "to": 75}}}
{"dateTime": "2025-08-27T18:20:12.393Z", "eventType": "select.pointer", "fullPath": "/main.py", "details": {"selection": {"from": 0, "to": 78}}}
{"dateTime": "2025-08-27T18:20:12.409Z", "eventType": "select.pointer", "fullPath": "/main.py", "details": {"selection": {"from": 0, "to": 83}}}
{"dateTime": "2025-08-27T18:20:12.428Z", "eventType": "select.pointer", "fullPath": "/main.py", "details": {"selection": {"from": 0, "to": 86}}}
{"dateTime": "2025-08-27T18:20:12.442Z", "eventType": "select.pointer", "fullPath": "/main.py", "details": {"selection": {"from": 0, "to": 87}}}
{"dateTime": "2025-08-27T18:20:12.462Z", "eventType": "select.pointer", "fullPath": "/main.py", "details": {"selection": {"from": 0, "to": 90}}}
{"dateTime": "2025-08-27T18:20:12.476Z", "eventType": "select.pointer", "fullPath": "/main.py", "details": {"selection": {"from": 0, "to": 91}}}
{"dateTime": "2025-08-27T18:20:12.576Z", "eventType": "select.pointer", "fullPath": "/main.py", "details": {"selection": {"from": 0, "to": 92}}}
{"dateTime": "2025-08-27T18:20:12.591Z", "eventType": "select.pointer", "fullPath": "/main.py", "details": {"selection": {"from": 0, "to": 94}}}
{"dateTime": "2025-08-27T18:20:12.608Z", "eventType": "select.pointer", "fullPath": "/main.py", "details": {"selection": {"from": 0, "to": 96}}}
{"dateTime": "2025-08-27T18:20:12.625Z", "eventType": "select.pointer", "fullPath": "/main.py", "details": {"selection": {"from": 0, "to": 97}}}
{"dateTime": "2025-08-27T18:20:12.642Z", "eventType": "select.pointer", "fullPath": "/main.py", "details": {"selection": {"from": 0, "to": 98}}}
{"dateTime": "2025-08-27T18:20:12.659Z", "eventType": "select.pointer", "fullPath": "/main.py", "details": {"selection": {"from": 0, "to": 99}}}
{"dateTime": "2025-08-27T18:20:12.675Z", "eventType": "select.pointer", "fullPath": "/main.py", "details": {"selection": {"from": 0, "to": 100}}}
{"dateTime": "2025-08-27T18:20:12.726Z", "eventType": "select.pointer", "fullPath": "/main.py", "details": {"selection": {"from": 0, "to": 101}}}
{"dateTime": "2025-08-27T18:20:12.759Z", "eventType": "select.pointer", "fullPath": "/main.py", "details": {"selection": {"from": 0, "to": 102}}}
{"dateTime": "2025-08-27T18:20:13.396Z", "eventType": "select.pointer", "fullPath": "/main.py", "details": {"selection": {"from": 0, "to": 181}}}
{"dateTime": "2025-08-27T18:20:15.209Z", "eventType": "delete.selection", "fullPath": "/main.py", "details": {"fromA": 0, "toA": 181, "fromB": 0, "toB": 0, "inserted": [""]}}
{"dateTime": "2025-08-27T18:20:18.492Z", "eventType": "input.type", "fullPath": "/main.py", "details": {"fromA": 0, "toA": 0, "fromB": 0, "toB": 1, "inserted": ["i"]}}
{"dateTime": "2025-08-27T18:20:18.749Z", "eventType": "input.type", "fullPath": "/main.py", "details": {"fromA": 1, "toA": 1, "fromB": 1, "toB": 2, "inserted": ["m"]}}
{"dateTime": "2025-08-27T18:20:19.181Z", "eventType": "input.type", "fullPath": "/main.py", "details": {"fromA": 2, "toA": 2, "fromB": 2, "toB": 3, "inserted": ["p"]}}
{"dateTime": "2025-08-27T18:20:19.370Z", "eventType": "input.type", "fullPath": "/main.py", "details": {"fromA": 3, "toA": 3, "fromB": 3, "toB": 4, "inserted": ["o"]}}
{"dateTime": "2025-08-27T18:20:19.485Z", "eventType": "input.type", "fullPath": "/main.py", "details": {"fromA": 4, "toA": 4, "fromB": 4, "toB": 5, "inserted": ["r"]}}
{"dateTime": "2025-08-27T18:20:19.693Z", "eventType": "input.type", "fullPath": "/main.py", "details": {"fromA": 5, "toA": 5, "fromB": 5, "toB": 6, "inserted": ["t"]}}
{"dateTime": "2025-08-27T18:20:21.100Z", "eventType": "input.type", "fullPath": "/main.py", "details": {"fromA": 6, "toA": 6, "fromB": 6, "toB": 7, "inserted": [" "]}}
{"dateTime": "2025-08-27T18:20:22.299Z", "eventType": "input.type", "fullPath": "/main.py", "details": {"fromA": 7, "toA": 7, "fromB": 7, "toB": 8, "inserted": ["m"]}}
{"dateTime": "2025-08-27T18:20:22.810Z", "eventType": "input.type", "fullPath": "/main.py", "details": {"fromA": 8, "toA": 8, "fromB": 8, "toB": 9, "inserted": ["a"]}}
{"dateTime": "2025-08-27T18:20:23.084Z", "eventType": "input.type", "fullPath": "/main.py", "details": {"fromA": 9, "toA": 9, "fromB": 9, "toB": 10, "inserted": ["t"]}}
{"dateTime": "2025-08-27T18:20:23.323Z", "eventType": "input.type", "fullPath": "/main.py", "details": {"fromA": 10, "toA": 10, "fromB": 10, "toB": 11, "inserted": ["h"]}}
{"dateTime": "2025-08-27T18:20:24.649Z", "eventType": "input", "fullPath": "/main.py", "details": {"fromA": 11, "toA": 11, "fromB": 11, "toB": 12, "inserted": ["", ""]}}
{"dateTime": "2025-08-27T18:20:26.684Z", "eventType": "input.type", "fullPath": "/main.py", "details": {"fromA": 12, "toA": 12, "fromB": 12, "toB": 13, "inserted": ["r"]}}
{"dateTime": "2025-08-27T18:20:29.164Z", "eventType": "input.type", "fullPath": "/main.py", "details": {"fromA": 13, "toA": 13, "fromB": 13, "toB": 14, "inserted": ["+"]}}
{"dateTime": "2025-08-27T18:20:30.554Z", "eventType": "delete.backward", "fullPath": "/main.py", "details": {"fromA": 13, "toA": 14, "fromB": 13, "toB": 13, "inserted": [""]}}
{"dateTime": "2025-08-27T18:20:30.828Z", "eventType": "input.type", "fullPath": "/main.py", "details": {"fromA": 13, "toA": 13, "fromB": 13, "toB": 14, "inserted": ["="]}}
{"dateTime": "2025-08-27T18:20:33.132Z", "eventType": "input.type", "fullPath": "/main.py", "details": {"fromA": 14, "toA": 14, "fromB": 14, "toB": 15, "inserted": ["f"]}}
{"dateTime": "2025-08-27T18:20:33.321Z", "eventType": "input.type", "fullPath": "/main.py", "details": {"fromA": 15, "toA": 15, "fromB": 15, "toB": 16, "inserted": ["l"]}}
{"dateTime": "2025-08-27T18:20:33.513Z", "eventType": "input.type", "fullPath": "/main.py", "details": {"fromA": 16, "toA": 16, "fromB": 16, "toB": 17, "inserted": ["o"]}}
{"dateTime": "2025-08-27T18:20:33.912Z", "eventType": "input.type", "fullPath": "/main.py", "details": {"fromA": 17, "toA": 17, "fromB": 17, "toB": 18, "inserted": ["a"]}}
{"dateTime": "2025-08-27T18:20:34.153Z", "eventType": "input.type", "fullPath": "/main.py", "details": {"fromA": 18, "toA": 18, "fromB": 18, "toB": 19, "inserted": ["t"]}}
{"dateTime": "2025-08-27T18:20:35.180Z", "eventType": "input.type", "fullPath": "/main.py", "details": {"fromA": 19, "toA": 19, "fromB": 19, "toB": 21, "inserted": ["()"]}}
{"dateTime": "2025-08-27T18:20:35.723Z", "eventType": "input.type", "fullPath": "/main.py", "details": {"fromA": 20, "toA": 20, "fromB": 20, "toB": 21, "inserted": ["i"]}}
{"dateTime": "2025-08-27T18:20:36.010Z", "eventType": "input.type", "fullPath": "/main.py", "details": {"fromA": 21, "toA": 21, "fromB": 21, "toB": 22, "inserted": ["n"]}}
{"dateTime": "2025-08-27T18:20:36.525Z", "eventType": "input.type", "fullPath": "/main.py", "details": {"fromA": 22, "toA": 22, "fromB": 22, "toB": 23, "inserted": ["p"]}}
{"dateTime": "2025-08-27T18:20:36.861Z", "eventType": "input.type", "fullPath": "/main.py", "details": {"fromA": 23, "toA": 23, "fromB": 23, "toB": 24, "inserted": ["u"]}}
{"dateTime": "2025-08-27T18:20:37.166Z", "eventType": "input.type", "fullPath": "/main.py", "details": {"fromA": 24, "toA": 24, "fromB": 24, "toB": 25, "inserted": ["t"]}}
{"dateTime": "2025-08-27T18:20:40.029Z", "eventType": "input.type", "fullPath": "/main.py", "details": {"fromA": 25, "toA": 25, "fromB": 25, "toB": 27, "inserted": ["()"]}}
{"dateTime": "2025-08-27T18:20:42.605Z", "eventType": "select.pointer", "fullPath": "/main.py", "details": {"selection": {"from": 28, "to": 28}}}
{"dateTime": "2025-08-27T18:20:44.616Z", "eventType": "input", "fullPath": "/main.py", "details": {"fromA": 28, "toA": 28, "fromB": 28, "toB": 29, "inserted": ["", ""]}}
{"dateTime": "2025-08-27T18:20:47.196Z", "eventType": "input.type", "fullPath": "/main.py", "details": {"fromA": 29, "toA": 29, "fromB": 29, "toB": 30, "inserted": ["A"]}}
{"dateTime": "2025-08-27T18:20:49.661Z", "eventType": "input.type", "fullPath": "/main.py", "details": {"fromA": 30, "toA": 30, "fromB": 30, "toB": 31, "inserted": ["="]}}
{"dateTime": "2025-08-27T18:20:51.788Z", "eventType": "input.type", "fullPath": "/main.py", "details": {"fromA": 31, "toA": 31, "fromB": 31, "toB": 32, "inserted": ["m"]}}
{"dateTime": "2025-08-27T18:20:52.301Z", "eventType": "input.type", "fullPath": "/main.py", "details": {"fromA": 32, "toA": 32, "fromB": 32, "toB": 33, "inserted": ["a"]}}
{"dateTime": "2025-08-27T18:20:52.494Z", "eventType": "input.type", "fullPath": "/main.py", "details": {"fromA": 33, "toA": 33, "fromB": 33, "toB": 34, "inserted": ["t"]}}
{"dateTime": "2025-08-27T18:20:52.716Z", "eventType": "input.type", "fullPath": "/main.py", "details": {"fromA": 34, "toA": 34, "fromB": 34, "toB": 35, "inserted": ["h"]}}
{"dateTime": "2025-08-27T18:20:54.844Z", "eventType": "input.type", "fullPath": "/main.py", "details": {"fromA": 35, "toA": 35, "fromB": 35, "toB": 36, "inserted": ["."]}}
{"dateTime": "2025-08-27T18:20:55.500Z", "eventType": "input.type", "fullPath": "/main.py", "details": {"fromA": 36, "toA": 36, "fromB": 36, "toB": 37, "inserted": ["p"]}}
{"dateTime": "2025-08-27T18:20:55.772Z", "eventType": "input.type", "fullPath": "/main.py", "details": {"fromA": 37, "toA": 37, "fromB": 37, "toB": 38, "inserted": ["i"]}}
{"dateTime": "2025-08-27T18:20:58.716Z", "eventType": "input.type", "fullPath": "/main.py", "details": {"fromA": 38, "toA": 38, "fromB": 38, "toB": 39, "inserted": ["*"]}}
{"dateTime": "2025-08-27T18:21:00.010Z", "eventType": "input.type", "fullPath": "/main.py", "details": {"fromA": 39, "toA": 39, "fromB": 39, "toB": 40, "inserted": ["r"]}}
{"dateTime": "2025-08-27T18:21:01.356Z", "eventType": "input.type", "fullPath": "/main.py", "details": {"fromA": 40, "toA": 40, "fromB": 40, "toB": 41, "inserted": ["*"]}}
{"dateTime": "2025-08-27T18:21:01.932Z", "eventType": "input.type", "fullPath": "/main.py", "details": {"fromA": 41, "toA": 41, "fromB": 41, "toB": 42, "inserted": ["*"]}}
{"dateTime": "2025-08-27T18:21:03.563Z", "eventType": "input.type", "fullPath": "/main.py", "details": {"fromA": 42, "toA": 42, "fromB": 42, "toB": 43, "inserted": ["2"]}}
{"dateTime": "2025-08-27T18:21:04.920Z", "eventType": "input", "fullPath": "/main.py", "details": {"fromA": 43, "toA": 43, "fromB": 43, "toB": 44, "inserted": ["", ""]}}
{"dateTime": "2025-08-27T18:21:06.748Z", "eventType": "input.type", "fullPath": "/main.py", "details": {"fromA": 44, "toA": 44, "fromB": 44, "toB": 45, "inserted": ["V"]}}
{"dateTime": "2025-08-27T18:21:09.772Z", "eventType": "input.type", "fullPath": "/main.py", "details": {"fromA": 45, "toA": 45, "fromB": 45, "toB": 46, "inserted": ["="]}}
{"dateTime": "2025-08-27T18:21:13.528Z", "eventType": "input.type", "fullPath": "/main.py", "details": {"fromA": 46, "toA": 46, "fromB": 46, "toB": 47, "inserted": ["4"]}}
{"dateTime": "2025-08-27T18:21:14.459Z", "eventType": "delete.backward", "fullPath": "/main.py", "details": {"fromA": 46, "toA": 47, "fromB": 46, "toB": 46, "inserted": [""]}}
{"dateTime": "2025-08-27T18:21:15.164Z", "eventType": "input.type", "fullPath": "/main.py", "details": {"fromA": 46, "toA": 46, "fromB": 46, "toB": 48, "inserted": ["()"]}}
{"dateTime": "2025-08-27T18:21:15.836Z", "eventType": "input.type", "fullPath": "/main.py", "details": {"fromA": 47, "toA": 47, "fromB": 47, "toB": 48, "inserted": ["4"]}}
{"dateTime": "2025-08-27T18:21:17.052Z", "eventType": "input.type", "fullPath": "/main.py", "details": {"fromA": 48, "toA": 48, "fromB": 48, "toB": 49, "inserted": ["/"]}}
{"dateTime": "2025-08-27T18:21:17.964Z", "eventType": "input.type", "fullPath": "/main.py", "details": {"fromA": 49, "toA": 49, "fromB": 49, "toB": 50, "inserted": ["3"]}}
{"dateTime": "2025-08-27T18:21:21.461Z", "eventType": "select.pointer", "fullPath": "/main.py", "details": {"selection": {"from": 51, "to": 51}}}
{"dateTime": "2025-08-27T18:21:22.973Z", "eventType": "input.type", "fullPath": "/main.py", "details": {"fromA": 51, "toA": 51, "fromB": 51, "toB": 52, "inserted": ["8"]}}
{"dateTime": "2025-08-27T18:21:24.187Z", "eventType": "delete.backward", "fullPath": "/main.py", "details": {"fromA": 51, "toA": 52, "fromB": 51, "toB": 51, "inserted": [""]}}
{"dateTime": "2025-08-27T18:21:24.826Z", "eventType": "input.type", "fullPath": "/main.py", "details": {"fromA": 51, "toA": 51, "fromB": 51, "toB": 52, "inserted": ["*"]}}
{"dateTime": "2025-08-27T18:21:27.980Z", "eventType": "input.type", "fullPath": "/main.py", "details": {"fromA": 52, "toA": 52, "fromB": 52, "toB": 53, "inserted": ["m"]}}
{"dateTime": "2025-08-27T18:21:29.384Z", "eventType": "input.type", "fullPath": "/main.py", "details": {"fromA": 53, "toA": 53, "fromB": 53, "toB": 54, "inserted": ["a"]}}
{"dateTime": "2025-08-27T18:21:29.592Z", "eventType": "input.type", "fullPath": "/main.py", "details": {"fromA": 54, "toA": 54, "fromB": 54, "toB": 55, "inserted": ["t"]}}
{"dateTime": "2025-08-27T18:21:29.871Z", "eventType": "input.type", "fullPath": "/main.py", "details": {"fromA": 55, "toA": 55, "fromB": 55, "toB": 56, "inserted": ["h"]}}
{"dateTime": "2025-08-27T18:21:31.068Z", "eventType": "input.type", "fullPath": "/main.py", "details": {"fromA": 56, "toA": 56, "fromB": 56, "toB": 57, "inserted": ["."]}}
{"dateTime": "2025-08-27T18:21:33.111Z", "eventType": "input.type", "fullPath": "/main.py", "details": {"fromA": 57, "toA": 57, "fromB": 57, "toB": 58, "inserted": ["p"]}}
{"dateTime": "2025-08-27T18:21:33.388Z", "eventType": "input.type", "fullPath": "/main.py", "details": {"fromA": 58, "toA": 58, "fromB": 58, "toB": 59, "inserted": ["i"]}}
{"dateTime": "2025-08-27T18:21:36.188Z", "eventType": "input.type", "fullPath": "/main.py", "details": {"fromA": 59, "toA": 59, "fromB": 59, "toB": 60, "inserted": ["*"]}}
{"dateTime": "2025-08-27T18:21:38.060Z", "eventType": "input.type", "fullPath": "/main.py", "details": {"fromA": 60, "toA": 60, "fromB": 60, "toB": 61, "inserted": ["r"]}}
{"dateTime": "2025-08-27T18:21:39.148Z", "eventType": "input.type", "fullPath": "/main.py", "details": {"fromA": 61, "toA": 61, "fromB": 61, "toB": 62, "inserted": ["*"]}}
{"dateTime": "2025-08-27T18:21:39.820Z", "eventType": "input.type", "fullPath": "/main.py", "details": {"fromA": 62, "toA": 62, "fromB": 62, "toB": 63, "inserted": ["*"]}}
{"dateTime": "2025-08-27T18:21:40.636Z", "eventType": "input.type", "fullPath": "/main.py", "details": {"fromA": 63, "toA": 63, "fromB": 63, "toB": 64, "inserted": ["3"]}}
{"dateTime": "2025-08-27T18:21:43.641Z", "eventType": "input", "fullPath": "/main.py", "details": {"fromA": 64, "toA": 64, "fromB": 64, "toB": 65, "inserted": ["", ""]}}
{"dateTime": "2025-08-27T18:21:44.712Z", "eventType": "input.type", "fullPath": "/main.py", "details": {"fromA": 65, "toA": 65, "fromB": 65, "toB": 66, "inserted": ["p"]}}
{"dateTime": "2025-08-27T18:21:45.017Z", "eventType": "input.type", "fullPath": "/main.py", "details": {"fromA": 66, "toA": 66, "fromB": 66, "toB": 67, "inserted": ["r"]}}
{"dateTime": "2025-08-27T18:21:45.197Z", "eventType": "input.type", "fullPath": "/main.py", "details": {"fromA": 67, "toA": 67, "fromB": 67, "toB": 68, "inserted": ["i"]}}
{"dateTime": "2025-08-27T18:21:45.485Z", "eventType": "input.type", "fullPath": "/main.py", "details": {"fromA": 68, "toA": 68, "fromB": 68, "toB": 69, "inserted": ["n"]}}
{"dateTime": "2025-08-27T18:21:45.578Z", "eventType": "input.type", "fullPath": "/main.py", "details": {"fromA": 69, "toA": 69, "fromB": 69, "toB": 70, "inserted": ["t"]}}
{"dateTime": "2025-08-27T18:21:47.388Z", "eventType": "input.type", "fullPath": "/main.py", "details": {"fromA": 70, "toA": 70, "fromB": 70, "toB": 72, "inserted": ["()"]}}
{"dateTime": "2025-08-27T18:21:48.540Z", "eventType": "input.type", "fullPath": "/main.py", "details": {"fromA": 71, "toA": 71, "fromB": 71, "toB": 72, "inserted": ["f"]}}
{"dateTime": "2025-08-27T18:21:49.724Z", "eventType": "input.type", "fullPath": "/main.py", "details": {"fromA": 72, "toA": 72, "fromB": 72, "toB": 74, "inserted": ["''"]}}
{"dateTime": "2025-08-27T18:21:52.685Z", "eventType": "input.type", "fullPath": "/main.py", "details": {"fromA": 73, "toA": 73, "fromB": 73, "toB": 74, "inserted": ["{"]}}
{"dateTime": "2025-08-27T18:21:57.980Z", "eventType": "input.type", "fullPath": "/main.py", "details": {"fromA": 74, "toA": 74, "fromB": 74, "toB": 75, "inserted": ["A"]}}
{"dateTime": "2025-08-27T18:22:00.621Z", "eventType": "input.type", "fullPath": "/main.py", "details": {"fromA": 75, "toA": 75, "fromB": 75, "toB": 76, "inserted": [":"]}}
{"dateTime": "2025-08-27T18:22:01.004Z", "eventType": "input.type", "fullPath": "/main.py", "details": {"fromA": 76, "toA": 76, "fromB": 76, "toB": 77, "inserted": ["."]}}
{"dateTime": "2025-08-27T18:22:02.744Z", "eventType": "input.type", "fullPath": "/main.py", "details": {"fromA": 77, "toA": 77, "fromB": 77, "toB": 78, "inserted": ["3"]}}
{"dateTime": "2025-08-27T18:22:03.131Z", "eventType": "input.type", "fullPath": "/main.py", "details": {"fromA": 78, "toA": 78, "fromB": 78, "toB": 79, "inserted": ["f"]}}
{"dateTime": "2025-08-27T18:22:07.101Z", "eventType": "input.type", "fullPath": "/main.py", "details": {"fromA": 79, "toA": 79, "fromB": 79, "toB": 80, "inserted": ["}"]}}
{"dateTime": "2025-08-27T22:03:24.542Z", "eventType": "window.blur", "fullPath": "/main.py"}
{"dateTime": "2025-08-27T22:05:08.568Z", "eventType": "window.focus", "fullPath": "/main.py"}
