== SUBMISSION (2025-08-26 12:36:57)
-- CODE: 
numero = float(input("valor: a"))
quadrado = numero ** 2
print(quadrado )
-- EXECUTION TIME: 
0.01
-- TEST CASE 1:
---- input:
5.0
---- correct output:
25.0
---- user output:
valor: a25.0
-- TEST CASE 2:
---- input:
10.5
---- correct output:
110.25
---- user output:
valor: a110.25
-- TEST CASE 3:
---- input:
-100.0
---- correct output:
10000.0
---- user output:
valor: a10000.0
-- TEST CASE 4:
---- input:
12.1
---- correct output:
146.41
---- user output:
valor: a146.41
-- TEST CASE 5:
---- input:
-4.5
---- correct output:
20.25
---- user output:
valor: a20.25
-- TEST CASE 6:
---- input:
2.0
---- correct output:
4.0
---- user output:
valor: a4.0
-- GRADE:
100%
*-*-*-*-*-*-*-*-*-*-*-*-*-*-*-*-*-*-*-*-*-*-*-*
== SUBMISSION (2025-08-26 12:35:52)
-- CODE: 
numero = float(input("valor: a"))
quadrado = numero * 2
print(quadrado)
-- EXECUTION TIME: 
0.01
-- TEST CASE 1:
---- input:
5.0
---- correct output:
25.0
---- user output:
valor: a10.0
-- TEST CASE 2:
---- input:
10.5
---- correct output:
110.25
---- user output:
valor: a21.0
-- TEST CASE 3:
---- input:
-100.0
---- correct output:
10000.0
---- user output:
valor: a-200.0
-- TEST CASE 4:
---- input:
12.1
---- correct output:
146.41
---- user output:
valor: a24.2
-- TEST CASE 5:
---- input:
-4.5
---- correct output:
20.25
---- user output:
valor: a-9.0
-- TEST CASE 6:
---- input:
2.0
---- correct output:
4.0
---- user output:
valor: a4.0
-- GRADE:
0%
*-*-*-*-*-*-*-*-*-*-*-*-*-*-*-*-*-*-*-*-*-*-*-*
== RUN (2025-08-26 12:35:35)
-- CODE: 
numero = float(input("valor: a "))
quadrado = numero * 2
print(quadrado)
-- EXECUTION TIME: 
0.0
-- TEST CASE 1:
---- input:
5.0
---- correct output:
25.0
---- user output:
valor: a 10.0
-- TEST CASE 2:
---- input:
10.5
---- correct output:
110.25
---- user output:
valor: a 21.0
-- TEST CASE 3:
---- input:
-100.0
---- correct output:
10000.0
---- user output:
valor: a -200.0
-- TEST CASE 4:
---- input:
12.1
---- correct output:
146.41
---- user output:
valor: a 24.2
-- TEST CASE 5:
---- input:
-4.5
---- correct output:
20.25
---- user output:
valor: a -9.0
-- TEST CASE 6:
---- input:
2.0
---- correct output:
4.0
---- user output:
valor: a 4.0
*-*-*-*-*-*-*-*-*-*-*-*-*-*-*-*-*-*-*-*-*-*-*-*
== RUN (2025-08-26 12:36:05)
-- CODE: 
numero = float(input("valor: a"))
quadrado = numero * 2
print(quadrado)
-- EXECUTION TIME: 
0.0
-- TEST CASE 1:
---- input:
5.0
---- correct output:
25.0
---- user output:
valor: a10.0
-- TEST CASE 2:
---- input:
10.5
---- correct output:
110.25
---- user output:
valor: a21.0
-- TEST CASE 3:
---- input:
-100.0
---- correct output:
10000.0
---- user output:
valor: a-200.0
-- TEST CASE 4:
---- input:
12.1
---- correct output:
146.41
---- user output:
valor: a24.2
-- TEST CASE 5:
---- input:
-4.5
---- correct output:
20.25
---- user output:
valor: a-9.0
-- TEST CASE 6:
---- input:
2.0
---- correct output:
4.0
---- user output:
valor: a4.0
*-*-*-*-*-*-*-*-*-*-*-*-*-*-*-*-*-*-*-*-*-*-*-*
== RUN (2025-08-26 12:36:51)
-- CODE: 
numero = float(input("valor: a"))
quadrado = numero ** 2
print(quadrado )
-- EXECUTION TIME: 
0.0
-- TEST CASE 1:
---- input:
5.0
---- correct output:
25.0
---- user output:
valor: a25.0
-- TEST CASE 2:
---- input:
10.5
---- correct output:
110.25
---- user output:
valor: a110.25
-- TEST CASE 3:
---- input:
-100.0
---- correct output:
10000.0
---- user output:
valor: a10000.0
-- TEST CASE 4:
---- input:
12.1
---- correct output:
146.41
---- user output:
valor: a146.41
-- TEST CASE 5:
---- input:
-4.5
---- correct output:
20.25
---- user output:
valor: a20.25
-- TEST CASE 6:
---- input:
2.0
---- correct output:
4.0
---- user output:
valor: a4.0
*-*-*-*-*-*-*-*-*-*-*-*-*-*-*-*-*-*-*-*-*-*-*-*
