{"dateTime": "2025-08-19T20:44:45.621Z", "eventType": "submission", "details": {"correctness": 1, "commit": "71f951b5e9b45b3cd10da5adee0ee95ff9a58605", "executionTime": 0.01}}
{"dateTime": "2025-08-19T20:44:46.817Z", "eventType": "window.blur", "fullPath": "/main.py"}
{"dateTime": "2025-08-19T20:45:14.874Z", "eventType": "window.focus", "fullPath": "/main.py"}
{"dateTime": "2025-08-19T20:45:26.726Z", "eventType": "focus", "fullPath": "/main.py"}
{"dateTime": "2025-08-19T20:45:26.728Z", "eventType": "select.pointer", "fullPath": "/main.py", "details": {"selection": {"from": 7, "to": 7}}}
{"dateTime": "2025-08-19T20:45:30.436Z", "eventType": "input.type", "fullPath": "/main.py", "details": {"fromA": 7, "toA": 7, "fromB": 7, "toB": 8, "inserted": ["*"]}}
{"dateTime": "2025-08-19T20:45:30.648Z", "eventType": "input.type", "fullPath": "/main.py", "details": {"fromA": 8, "toA": 8, "fromB": 8, "toB": 9, "inserted": ["*"]}}
{"dateTime": "2025-08-19T20:45:30.824Z", "eventType": "input.type", "fullPath": "/main.py", "details": {"fromA": 9, "toA": 9, "fromB": 9, "toB": 10, "inserted": ["*"]}}
{"dateTime": "2025-08-19T20:45:31.000Z", "eventType": "input.type", "fullPath": "/main.py", "details": {"fromA": 10, "toA": 10, "fromB": 10, "toB": 11, "inserted": ["*"]}}
{"dateTime": "2025-08-19T20:45:32.344Z", "eventType": "input.type", "fullPath": "/main.py", "details": {"fromA": 11, "toA": 11, "fromB": 11, "toB": 12, "inserted": ["*"]}}
{"dateTime": "2025-08-19T20:45:33.960Z", "eventType": "select.pointer", "fullPath": "/main.py", "details": {"selection": {"from": 22, "to": 22}}}
{"dateTime": "2025-08-19T20:45:34.984Z", "eventType": "input.type", "fullPath": "/main.py", "details": {"fromA": 22, "toA": 22, "fromB": 22, "toB": 23, "inserted": ["*"]}}
{"dateTime": "2025-08-19T20:45:35.144Z", "eventType": "input.type", "fullPath": "/main.py", "details": {"fromA": 23, "toA": 23, "fromB": 23, "toB": 24, "inserted": ["*"]}}
{"dateTime": "2025-08-19T20:45:35.304Z", "eventType": "input.type", "fullPath": "/main.py", "details": {"fromA": 24, "toA": 24, "fromB": 24, "toB": 25, "inserted": ["*"]}}
{"dateTime": "2025-08-19T20:45:36.744Z", "eventType": "select.pointer", "fullPath": "/main.py", "details": {"selection": {"from": 35, "to": 35}}}
{"dateTime": "2025-08-19T20:45:37.736Z", "eventType": "input.type", "fullPath": "/main.py", "details": {"fromA": 35, "toA": 35, "fromB": 35, "toB": 36, "inserted": ["*"]}}
{"dateTime": "2025-08-19T20:45:39.724Z", "eventType": "blur", "fullPath": "/main.py"}
{"dateTime": "2025-08-19T20:45:43.142Z", "eventType": "focus", "fullPath": "/main.py"}
{"dateTime": "2025-08-19T20:45:43.145Z", "eventType": "select.pointer", "fullPath": "/main.py", "details": {"selection": {"from": 22, "to": 22}}}
{"dateTime": "2025-08-19T20:45:43.531Z", "eventType": "input.type", "fullPath": "/main.py", "details": {"fromA": 22, "toA": 22, "fromB": 22, "toB": 23, "inserted": [" "]}}
{"dateTime": "2025-08-19T20:45:44.915Z", "eventType": "select.pointer", "fullPath": "/main.py", "details": {"selection": {"from": 36, "to": 36}}}
{"dateTime": "2025-08-19T20:45:45.555Z", "eventType": "input.type", "fullPath": "/main.py", "details": {"fromA": 36, "toA": 36, "fromB": 36, "toB": 37, "inserted": [" "]}}
{"dateTime": "2025-08-19T20:45:46.168Z", "eventType": "input.type", "fullPath": "/main.py", "details": {"fromA": 37, "toA": 37, "fromB": 37, "toB": 38, "inserted": [" "]}}
{"dateTime": "2025-08-19T20:45:47.986Z", "eventType": "blur", "fullPath": "/main.py"}
{"dateTime": "2025-08-19T20:45:50.018Z", "eventType": "focus", "fullPath": "/main.py"}
{"dateTime": "2025-08-19T20:45:50.020Z", "eventType": "select", "fullPath": "/main.py", "details": {"selection": {"from": 41, "to": 41}}}
{"dateTime": "2025-08-19T20:45:54.935Z", "eventType": "blur", "fullPath": "/main.py"}
{"dateTime": "2025-08-19T20:46:19.435Z", "eventType": "focus", "fullPath": "/main.py"}
{"dateTime": "2025-08-19T20:46:19.437Z", "eventType": "select.pointer", "fullPath": "/main.py", "details": {"selection": {"from": 7, "to": 7}}}
{"dateTime": "2025-08-19T20:46:28.854Z", "eventType": "blur", "fullPath": "/main.py"}
{"dateTime": "2025-08-19T20:46:52.448Z", "eventType": "blur", "fullPath": "/main.py"}
{"dateTime": "2025-08-19T20:46:53.707Z", "eventType": "focus", "fullPath": "/main.py"}
{"dateTime": "2025-08-19T20:46:53.709Z", "eventType": "select.pointer", "fullPath": "/main.py", "details": {"selection": {"from": 7, "to": 7}}}
