{"dateTime": "2025-08-19T20:43:37.996Z", "eventType": "blur", "fullPath": "/main.py"}
{"dateTime": "2025-08-19T20:43:37.999Z", "eventType": "focus", "fullPath": "/main.py"}
{"dateTime": "2025-08-19T20:43:38.002Z", "eventType": "select", "fullPath": "/main.py", "details": {"selection": {"from": 22, "to": 22}}}
{"dateTime": "2025-08-19T20:43:39.322Z", "eventType": "input", "fullPath": "/main.py", "details": {"fromA": 22, "toA": 22, "fromB": 22, "toB": 23, "inserted": ["", ""]}}
{"dateTime": "2025-08-19T20:43:39.960Z", "eventType": "input.type", "fullPath": "/main.py", "details": {"fromA": 23, "toA": 23, "fromB": 23, "toB": 24, "inserted": ["p"]}}
{"dateTime": "2025-08-19T20:43:40.187Z", "eventType": "input.type", "fullPath": "/main.py", "details": {"fromA": 24, "toA": 24, "fromB": 24, "toB": 25, "inserted": ["i"]}}
{"dateTime": "2025-08-19T20:43:41.193Z", "eventType": "delete.backward", "fullPath": "/main.py", "details": {"fromA": 24, "toA": 25, "fromB": 24, "toB": 24, "inserted": [""]}}
{"dateTime": "2025-08-19T20:43:41.367Z", "eventType": "delete.backward", "fullPath": "/main.py", "details": {"fromA": 23, "toA": 24, "fromB": 23, "toB": 23, "inserted": [""]}}
{"dateTime": "2025-08-19T20:43:42.184Z", "eventType": "delete.backward", "fullPath": "/main.py", "details": {"fromA": 22, "toA": 23, "fromB": 22, "toB": 22, "inserted": [""]}}
{"dateTime": "2025-08-19T20:43:46.775Z", "eventType": "blur", "fullPath": "/main.py"}
{"dateTime": "2025-08-19T20:45:01.064Z", "eventType": "submission", "details": {"correctness": 1, "commit": "26247a440466744862d5f1da0ec309885acdef1e", "executionTime": 0.01}}
{"dateTime": "2025-08-19T20:46:11.972Z", "eventType": "blur", "fullPath": "/main.py"}
{"dateTime": "2025-08-19T20:46:31.320Z", "eventType": "focus", "fullPath": "/main.py"}
{"dateTime": "2025-08-19T20:46:31.323Z", "eventType": "select.pointer", "fullPath": "/main.py", "details": {"selection": {"from": 21, "to": 21}}}
{"dateTime": "2025-08-19T20:46:32.169Z", "eventType": "delete.backward", "fullPath": "/main.py", "details": {"fromA": 20, "toA": 21, "fromB": 20, "toB": 20, "inserted": [""]}}
{"dateTime": "2025-08-19T20:46:32.487Z", "eventType": "delete.backward", "fullPath": "/main.py", "details": {"fromA": 19, "toA": 20, "fromB": 19, "toB": 19, "inserted": [""]}}
{"dateTime": "2025-08-19T20:46:34.076Z", "eventType": "blur", "fullPath": "/main.py"}
{"dateTime": "2025-08-19T20:46:35.975Z", "eventType": "focus", "fullPath": "/main.py"}
{"dateTime": "2025-08-19T20:46:35.979Z", "eventType": "select.pointer", "fullPath": "/main.py", "details": {"selection": {"from": 19, "to": 19}}}
{"dateTime": "2025-08-19T20:46:39.947Z", "eventType": "delete.backward", "fullPath": "/main.py", "details": {"fromA": 18, "toA": 19, "fromB": 18, "toB": 18, "inserted": [""]}}
{"dateTime": "2025-08-19T20:46:40.313Z", "eventType": "select.pointer", "fullPath": "/main.py", "details": {"selection": {"from": 17, "to": 17}}}
{"dateTime": "2025-08-19T20:46:41.146Z", "eventType": "input.type", "fullPath": "/main.py", "details": {"fromA": 17, "toA": 17, "fromB": 17, "toB": 18, "inserted": [","]}}
{"dateTime": "2025-08-19T20:46:41.322Z", "eventType": "input.type", "fullPath": "/main.py", "details": {"fromA": 18, "toA": 18, "fromB": 18, "toB": 19, "inserted": [" "]}}
{"dateTime": "2025-08-19T20:46:41.418Z", "eventType": "input.type", "fullPath": "/main.py", "details": {"fromA": 19, "toA": 19, "fromB": 19, "toB": 20, "inserted": ["2"]}}
{"dateTime": "2025-08-19T20:46:42.961Z", "eventType": "select.pointer", "fullPath": "/main.py", "details": {"selection": {"from": 21, "to": 21}}}
{"dateTime": "2025-08-19T20:46:44.404Z", "eventType": "blur", "fullPath": "/main.py"}
{"dateTime": "2025-08-19T20:46:54.414Z", "eventType": "focus", "fullPath": "/main.py"}
{"dateTime": "2025-08-19T20:46:54.416Z", "eventType": "select.pointer", "fullPath": "/main.py", "details": {"selection": {"from": 0, "to": 0}}}
{"dateTime": "2025-08-19T20:46:56.416Z", "eventType": "focus", "fullPath": "/main.py"}
{"dateTime": "2025-08-19T20:46:56.418Z", "eventType": "select.pointer", "fullPath": "/main.py", "details": {"selection": {"from": 16, "to": 16}}}
{"dateTime": "2025-08-19T20:46:57.329Z", "eventType": "select.pointer", "fullPath": "/main.py", "details": {"selection": {"from": 20, "to": 20}}}
{"dateTime": "2025-08-19T20:47:02.324Z", "eventType": "input.type", "fullPath": "/main.py", "details": {"fromA": 0, "toA": 0, "fromB": 0, "toB": 1, "inserted": ["p"]}}
{"dateTime": "2025-08-19T20:47:02.525Z", "eventType": "input.type", "fullPath": "/main.py", "details": {"fromA": 1, "toA": 1, "fromB": 1, "toB": 2, "inserted": ["r"]}}
{"dateTime": "2025-08-19T20:47:02.589Z", "eventType": "input.type", "fullPath": "/main.py", "details": {"fromA": 2, "toA": 2, "fromB": 2, "toB": 3, "inserted": ["i"]}}
{"dateTime": "2025-08-19T20:47:02.811Z", "eventType": "input.type", "fullPath": "/main.py", "details": {"fromA": 3, "toA": 3, "fromB": 3, "toB": 4, "inserted": ["t"]}}
{"dateTime": "2025-08-19T20:47:02.904Z", "eventType": "input.type", "fullPath": "/main.py", "details": {"fromA": 4, "toA": 4, "fromB": 4, "toB": 5, "inserted": ["n"]}}
{"dateTime": "2025-08-19T20:47:03.555Z", "eventType": "delete.backward", "fullPath": "/main.py", "details": {"fromA": 4, "toA": 5, "fromB": 4, "toB": 4, "inserted": [""]}}
{"dateTime": "2025-08-19T20:47:03.719Z", "eventType": "delete.backward", "fullPath": "/main.py", "details": {"fromA": 3, "toA": 4, "fromB": 3, "toB": 3, "inserted": [""]}}
{"dateTime": "2025-08-19T20:47:04.472Z", "eventType": "input.type", "fullPath": "/main.py", "details": {"fromA": 3, "toA": 3, "fromB": 3, "toB": 4, "inserted": ["n"]}}
{"dateTime": "2025-08-19T20:47:04.586Z", "eventType": "input.type", "fullPath": "/main.py", "details": {"fromA": 4, "toA": 4, "fromB": 4, "toB": 5, "inserted": ["t"]}}
{"dateTime": "2025-08-19T20:47:04.760Z", "eventType": "input.type", "fullPath": "/main.py", "details": {"fromA": 5, "toA": 5, "fromB": 5, "toB": 6, "inserted": [" "]}}
{"dateTime": "2025-08-19T20:47:05.957Z", "eventType": "delete.backward", "fullPath": "/main.py", "details": {"fromA": 5, "toA": 6, "fromB": 5, "toB": 5, "inserted": [""]}}
{"dateTime": "2025-08-19T20:47:06.195Z", "eventType": "delete.backward", "fullPath": "/main.py", "details": {"fromA": 4, "toA": 5, "fromB": 4, "toB": 4, "inserted": [""]}}
{"dateTime": "2025-08-19T20:47:06.355Z", "eventType": "delete.backward", "fullPath": "/main.py", "details": {"fromA": 3, "toA": 4, "fromB": 3, "toB": 3, "inserted": [""]}}
{"dateTime": "2025-08-19T20:47:06.517Z", "eventType": "delete.backward", "fullPath": "/main.py", "details": {"fromA": 2, "toA": 3, "fromB": 2, "toB": 2, "inserted": [""]}}
{"dateTime": "2025-08-19T20:47:06.677Z", "eventType": "delete.backward", "fullPath": "/main.py", "details": {"fromA": 1, "toA": 2, "fromB": 1, "toB": 1, "inserted": [""]}}
{"dateTime": "2025-08-19T20:47:06.822Z", "eventType": "delete.backward", "fullPath": "/main.py", "details": {"fromA": 0, "toA": 1, "fromB": 0, "toB": 0, "inserted": [""]}}
{"dateTime": "2025-08-19T20:47:24.712Z", "eventType": "input.type", "fullPath": "/main.py", "details": {"fromA": 0, "toA": 0, "fromB": 0, "toB": 1, "inserted": ["p"]}}
{"dateTime": "2025-08-19T20:47:24.954Z", "eventType": "input.type", "fullPath": "/main.py", "details": {"fromA": 1, "toA": 1, "fromB": 1, "toB": 2, "inserted": ["r"]}}
{"dateTime": "2025-08-19T20:47:25.012Z", "eventType": "input.type", "fullPath": "/main.py", "details": {"fromA": 2, "toA": 2, "fromB": 2, "toB": 3, "inserted": ["i"]}}
{"dateTime": "2025-08-19T20:47:25.216Z", "eventType": "input.type", "fullPath": "/main.py", "details": {"fromA": 3, "toA": 3, "fromB": 3, "toB": 4, "inserted": ["n"]}}
{"dateTime": "2025-08-19T20:47:25.544Z", "eventType": "input.type", "fullPath": "/main.py", "details": {"fromA": 4, "toA": 4, "fromB": 4, "toB": 5, "inserted": [" "]}}
{"dateTime": "2025-08-19T20:47:25.878Z", "eventType": "delete.backward", "fullPath": "/main.py", "details": {"fromA": 4, "toA": 5, "fromB": 4, "toB": 4, "inserted": [""]}}
{"dateTime": "2025-08-19T20:47:26.178Z", "eventType": "input.type", "fullPath": "/main.py", "details": {"fromA": 4, "toA": 4, "fromB": 4, "toB": 5, "inserted": ["t"]}}
{"dateTime": "2025-08-19T20:47:26.339Z", "eventType": "input.type", "fullPath": "/main.py", "details": {"fromA": 5, "toA": 5, "fromB": 5, "toB": 6, "inserted": [" "]}}
{"dateTime": "2025-08-19T20:47:26.665Z", "eventType": "input.type", "fullPath": "/main.py", "details": {"fromA": 6, "toA": 6, "fromB": 6, "toB": 8, "inserted": ["()"]}}
{"dateTime": "2025-08-19T20:47:27.496Z", "eventType": "input.type", "fullPath": "/main.py", "details": {"fromA": 7, "toA": 7, "fromB": 7, "toB": 8, "inserted": ["2"]}}
{"dateTime": "2025-08-19T20:47:27.960Z", "eventType": "input.type", "fullPath": "/main.py", "details": {"fromA": 8, "toA": 8, "fromB": 8, "toB": 9, "inserted": ["5"]}}
{"dateTime": "2025-08-19T20:47:28.136Z", "eventType": "input.type", "fullPath": "/main.py", "details": {"fromA": 9, "toA": 9, "fromB": 9, "toB": 10, "inserted": ["0"]}}
{"dateTime": "2025-08-19T20:47:29.411Z", "eventType": "input.type", "fullPath": "/main.py", "details": {"fromA": 10, "toA": 10, "fromB": 10, "toB": 11, "inserted": [" "]}}
{"dateTime": "2025-08-19T20:47:30.168Z", "eventType": "input.type", "fullPath": "/main.py", "details": {"fromA": 11, "toA": 11, "fromB": 11, "toB": 12, "inserted": ["/"]}}
{"dateTime": "2025-08-19T20:47:30.760Z", "eventType": "input.type", "fullPath": "/main.py", "details": {"fromA": 12, "toA": 12, "fromB": 12, "toB": 13, "inserted": [" "]}}
{"dateTime": "2025-08-19T20:47:31.736Z", "eventType": "input.type", "fullPath": "/main.py", "details": {"fromA": 13, "toA": 13, "fromB": 13, "toB": 14, "inserted": ["6"]}}
{"dateTime": "2025-08-19T20:47:33.245Z", "eventType": "blur", "fullPath": "/main.py"}
{"dateTime": "2025-08-19T20:47:33.247Z", "eventType": "focus", "fullPath": "/main.py"}
{"dateTime": "2025-08-19T20:47:33.249Z", "eventType": "select", "fullPath": "/main.py", "details": {"selection": {"from": 15, "to": 15}}}
{"dateTime": "2025-08-19T20:47:34.104Z", "eventType": "select.pointer", "fullPath": "/main.py", "details": {"selection": {"from": 0, "to": 0}}}
{"dateTime": "2025-08-19T20:47:38.577Z", "eventType": "select.pointer", "fullPath": "/main.py", "details": {"selection": {"from": 7, "to": 7}}}
{"dateTime": "2025-08-19T20:47:40.120Z", "eventType": "input.type", "fullPath": "/main.py", "details": {"fromA": 7, "toA": 7, "fromB": 7, "toB": 8, "inserted": ["r"]}}
{"dateTime": "2025-08-19T20:47:40.213Z", "eventType": "input.type", "fullPath": "/main.py", "details": {"fromA": 8, "toA": 8, "fromB": 8, "toB": 9, "inserted": ["o"]}}
{"dateTime": "2025-08-19T20:47:40.440Z", "eventType": "input.type", "fullPath": "/main.py", "details": {"fromA": 9, "toA": 9, "fromB": 9, "toB": 10, "inserted": ["u"]}}
{"dateTime": "2025-08-19T20:47:41.416Z", "eventType": "input.complete", "fullPath": "/main.py", "details": {"fromA": 7, "toA": 10, "fromB": 7, "toB": 12, "inserted": ["round"]}}
{"dateTime": "2025-08-19T20:47:42.888Z", "eventType": "input.type", "fullPath": "/main.py", "details": {"fromA": 12, "toA": 12, "fromB": 12, "toB": 13, "inserted": ["("]}}
{"dateTime": "2025-08-19T20:47:45.127Z", "eventType": "select.pointer", "fullPath": "/main.py", "details": {"selection": {"from": 20, "to": 20}}}
{"dateTime": "2025-08-19T20:47:46.336Z", "eventType": "select.pointer", "fullPath": "/main.py", "details": {"selection": {"from": 14, "to": 14}}}
{"dateTime": "2025-08-19T20:47:46.390Z", "eventType": "select.pointer", "fullPath": "/main.py", "details": {"selection": {"from": 13, "to": 14}}}
{"dateTime": "2025-08-19T20:47:47.110Z", "eventType": "delete.selection", "fullPath": "/main.py", "details": {"fromA": 13, "toA": 14, "fromB": 13, "toB": 13, "inserted": [""]}}
{"dateTime": "2025-08-19T20:47:47.288Z", "eventType": "delete.backward", "fullPath": "/main.py", "details": {"fromA": 12, "toA": 13, "fromB": 12, "toB": 12, "inserted": [""]}}
{"dateTime": "2025-08-19T20:47:47.431Z", "eventType": "delete.backward", "fullPath": "/main.py", "details": {"fromA": 11, "toA": 12, "fromB": 11, "toB": 11, "inserted": [""]}}
{"dateTime": "2025-08-19T20:47:47.559Z", "eventType": "delete.backward", "fullPath": "/main.py", "details": {"fromA": 10, "toA": 11, "fromB": 10, "toB": 10, "inserted": [""]}}
{"dateTime": "2025-08-19T20:47:47.703Z", "eventType": "delete.backward", "fullPath": "/main.py", "details": {"fromA": 9, "toA": 10, "fromB": 9, "toB": 9, "inserted": [""]}}
{"dateTime": "2025-08-19T20:47:47.830Z", "eventType": "delete.backward", "fullPath": "/main.py", "details": {"fromA": 8, "toA": 9, "fromB": 8, "toB": 8, "inserted": [""]}}
{"dateTime": "2025-08-19T20:47:47.960Z", "eventType": "delete.backward", "fullPath": "/main.py", "details": {"fromA": 7, "toA": 8, "fromB": 7, "toB": 7, "inserted": [""]}}
{"dateTime": "2025-08-19T20:47:48.643Z", "eventType": "select.pointer", "fullPath": "/main.py", "details": {"selection": {"from": 6, "to": 6}}}
{"dateTime": "2025-08-19T20:47:50.664Z", "eventType": "input.type", "fullPath": "/main.py", "details": {"fromA": 6, "toA": 6, "fromB": 6, "toB": 7, "inserted": ["r"]}}
{"dateTime": "2025-08-19T20:47:50.744Z", "eventType": "input.type", "fullPath": "/main.py", "details": {"fromA": 7, "toA": 7, "fromB": 7, "toB": 8, "inserted": ["o"]}}
{"dateTime": "2025-08-19T20:47:50.987Z", "eventType": "input.type", "fullPath": "/main.py", "details": {"fromA": 8, "toA": 8, "fromB": 8, "toB": 9, "inserted": ["u"]}}
{"dateTime": "2025-08-19T20:47:51.224Z", "eventType": "input.type", "fullPath": "/main.py", "details": {"fromA": 9, "toA": 9, "fromB": 9, "toB": 10, "inserted": ["n"]}}
{"dateTime": "2025-08-19T20:47:51.482Z", "eventType": "input.type", "fullPath": "/main.py", "details": {"fromA": 10, "toA": 10, "fromB": 10, "toB": 11, "inserted": ["d"]}}
{"dateTime": "2025-08-19T20:47:52.184Z", "eventType": "input.type", "fullPath": "/main.py", "details": {"fromA": 11, "toA": 11, "fromB": 11, "toB": 12, "inserted": [" "]}}
{"dateTime": "2025-08-19T20:47:52.739Z", "eventType": "delete.backward", "fullPath": "/main.py", "details": {"fromA": 11, "toA": 12, "fromB": 11, "toB": 11, "inserted": [""]}}
{"dateTime": "2025-08-19T20:47:53.206Z", "eventType": "delete.backward", "fullPath": "/main.py", "details": {"fromA": 10, "toA": 11, "fromB": 10, "toB": 10, "inserted": [""]}}
{"dateTime": "2025-08-19T20:47:53.365Z", "eventType": "delete.backward", "fullPath": "/main.py", "details": {"fromA": 9, "toA": 10, "fromB": 9, "toB": 9, "inserted": [""]}}
{"dateTime": "2025-08-19T20:47:53.510Z", "eventType": "delete.backward", "fullPath": "/main.py", "details": {"fromA": 8, "toA": 9, "fromB": 8, "toB": 8, "inserted": [""]}}
{"dateTime": "2025-08-19T20:47:53.670Z", "eventType": "delete.backward", "fullPath": "/main.py", "details": {"fromA": 7, "toA": 8, "fromB": 7, "toB": 7, "inserted": [""]}}
{"dateTime": "2025-08-19T20:47:53.816Z", "eventType": "delete.backward", "fullPath": "/main.py", "details": {"fromA": 6, "toA": 7, "fromB": 6, "toB": 6, "inserted": [""]}}
{"dateTime": "2025-08-19T20:47:54.182Z", "eventType": "delete.backward", "fullPath": "/main.py", "details": {"fromA": 5, "toA": 6, "fromB": 5, "toB": 5, "inserted": [""]}}
{"dateTime": "2025-08-19T20:47:55.314Z", "eventType": "select", "fullPath": "/main.py", "details": {"selection": {"from": 6, "to": 6}}}
{"dateTime": "2025-08-19T20:47:55.831Z", "eventType": "select", "fullPath": "/main.py", "details": {"selection": {"from": 7, "to": 7}}}
{"dateTime": "2025-08-19T20:47:56.021Z", "eventType": "select", "fullPath": "/main.py", "details": {"selection": {"from": 8, "to": 8}}}
{"dateTime": "2025-08-19T20:47:56.178Z", "eventType": "select", "fullPath": "/main.py", "details": {"selection": {"from": 9, "to": 9}}}
{"dateTime": "2025-08-19T20:47:56.341Z", "eventType": "select", "fullPath": "/main.py", "details": {"selection": {"from": 10, "to": 10}}}
{"dateTime": "2025-08-19T20:47:56.501Z", "eventType": "select", "fullPath": "/main.py", "details": {"selection": {"from": 11, "to": 11}}}
{"dateTime": "2025-08-19T20:47:56.837Z", "eventType": "select", "fullPath": "/main.py", "details": {"selection": {"from": 10, "to": 10}}}
{"dateTime": "2025-08-19T20:47:57.013Z", "eventType": "select", "fullPath": "/main.py", "details": {"selection": {"from": 9, "to": 9}}}
{"dateTime": "2025-08-19T20:47:57.170Z", "eventType": "select", "fullPath": "/main.py", "details": {"selection": {"from": 8, "to": 8}}}
{"dateTime": "2025-08-19T20:47:57.333Z", "eventType": "select", "fullPath": "/main.py", "details": {"selection": {"from": 7, "to": 7}}}
{"dateTime": "2025-08-19T20:47:57.479Z", "eventType": "select", "fullPath": "/main.py", "details": {"selection": {"from": 6, "to": 6}}}
{"dateTime": "2025-08-19T20:47:58.296Z", "eventType": "input.type", "fullPath": "/main.py", "details": {"fromA": 6, "toA": 6, "fromB": 6, "toB": 7, "inserted": ["R"]}}
{"dateTime": "2025-08-19T20:47:59.172Z", "eventType": "delete.backward", "fullPath": "/main.py", "details": {"fromA": 6, "toA": 7, "fromB": 6, "toB": 6, "inserted": [""]}}
{"dateTime": "2025-08-19T20:47:59.528Z", "eventType": "input.type", "fullPath": "/main.py", "details": {"fromA": 6, "toA": 6, "fromB": 6, "toB": 7, "inserted": ["r"]}}
{"dateTime": "2025-08-19T20:47:59.652Z", "eventType": "input.type", "fullPath": "/main.py", "details": {"fromA": 7, "toA": 7, "fromB": 7, "toB": 8, "inserted": ["o"]}}
{"dateTime": "2025-08-19T20:47:59.868Z", "eventType": "input.type", "fullPath": "/main.py", "details": {"fromA": 8, "toA": 8, "fromB": 8, "toB": 9, "inserted": ["u"]}}
{"dateTime": "2025-08-19T20:48:00.179Z", "eventType": "input.complete", "fullPath": "/main.py", "details": {"fromA": 6, "toA": 9, "fromB": 6, "toB": 11, "inserted": ["round"]}}
{"dateTime": "2025-08-19T20:48:01.096Z", "eventType": "input.type", "fullPath": "/main.py", "details": {"fromA": 11, "toA": 11, "fromB": 11, "toB": 12, "inserted": ["("]}}
{"dateTime": "2025-08-19T20:48:01.449Z", "eventType": "input.type", "fullPath": "/main.py", "details": {"fromA": 12, "toA": 12, "fromB": 12, "toB": 13, "inserted": [")"]}}
{"dateTime": "2025-08-19T20:48:02.277Z", "eventType": "select", "fullPath": "/main.py", "details": {"selection": {"from": 12, "to": 12}}}
{"dateTime": "2025-08-19T20:48:15.400Z", "eventType": "input.type", "fullPath": "/main.py", "details": {"fromA": 12, "toA": 12, "fromB": 12, "toB": 13, "inserted": ["5"]}}
{"dateTime": "2025-08-19T20:48:15.523Z", "eventType": "input.type", "fullPath": "/main.py", "details": {"fromA": 13, "toA": 13, "fromB": 13, "toB": 14, "inserted": ["0"]}}
{"dateTime": "2025-08-19T20:48:16.787Z", "eventType": "input.type", "fullPath": "/main.py", "details": {"fromA": 14, "toA": 14, "fromB": 14, "toB": 15, "inserted": ["/"]}}
{"dateTime": "2025-08-19T20:48:18.168Z", "eventType": "input.type", "fullPath": "/main.py", "details": {"fromA": 15, "toA": 15, "fromB": 15, "toB": 16, "inserted": ["6"]}}
{"dateTime": "2025-08-19T20:48:19.089Z", "eventType": "select.pointer", "fullPath": "/main.py", "details": {"selection": {"from": 23, "to": 23}}}
{"dateTime": "2025-08-19T20:48:19.779Z", "eventType": "delete.backward", "fullPath": "/main.py", "details": {"fromA": 22, "toA": 23, "fromB": 22, "toB": 22, "inserted": [""]}}
{"dateTime": "2025-08-19T20:48:19.976Z", "eventType": "delete.backward", "fullPath": "/main.py", "details": {"fromA": 21, "toA": 22, "fromB": 21, "toB": 21, "inserted": [""]}}
{"dateTime": "2025-08-19T20:48:20.120Z", "eventType": "delete.backward", "fullPath": "/main.py", "details": {"fromA": 20, "toA": 21, "fromB": 20, "toB": 20, "inserted": [""]}}
{"dateTime": "2025-08-19T20:48:20.281Z", "eventType": "delete.backward", "fullPath": "/main.py", "details": {"fromA": 19, "toA": 20, "fromB": 19, "toB": 19, "inserted": [""]}}
{"dateTime": "2025-08-19T20:48:20.422Z", "eventType": "delete.backward", "fullPath": "/main.py", "details": {"fromA": 18, "toA": 19, "fromB": 18, "toB": 18, "inserted": [""]}}
{"dateTime": "2025-08-19T20:48:20.552Z", "eventType": "delete.backward", "fullPath": "/main.py", "details": {"fromA": 17, "toA": 18, "fromB": 17, "toB": 17, "inserted": [""]}}
{"dateTime": "2025-08-19T20:48:21.432Z", "eventType": "input.type", "fullPath": "/main.py", "details": {"fromA": 17, "toA": 17, "fromB": 17, "toB": 18, "inserted": [","]}}
{"dateTime": "2025-08-19T20:48:21.624Z", "eventType": "input.type", "fullPath": "/main.py", "details": {"fromA": 18, "toA": 18, "fromB": 18, "toB": 19, "inserted": [" "]}}
{"dateTime": "2025-08-19T20:48:24.713Z", "eventType": "input.type", "fullPath": "/main.py", "details": {"fromA": 19, "toA": 19, "fromB": 19, "toB": 20, "inserted": ["2"]}}
{"dateTime": "2025-08-19T20:48:25.383Z", "eventType": "select.pointer", "fullPath": "/main.py", "details": {"selection": {"from": 21, "to": 21}}}
{"dateTime": "2025-08-19T20:48:26.648Z", "eventType": "blur", "fullPath": "/main.py"}
{"dateTime": "2025-08-19T20:48:50.222Z", "eventType": "focus", "fullPath": "/main.py"}
{"dateTime": "2025-08-19T20:48:50.228Z", "eventType": "select.pointer", "fullPath": "/main.py", "details": {"selection": {"from": 12, "to": 12}}}
{"dateTime": "2025-08-19T20:48:51.000Z", "eventType": "input.type", "fullPath": "/main.py", "details": {"fromA": 12, "toA": 12, "fromB": 12, "toB": 13, "inserted": ["2"]}}
