{"dateTime": "2025-08-21T19:34:02.878Z", "eventType": "input.type", "fullPath": "/main.py", "details": {"fromA": 79, "toA": 79, "fromB": 79, "toB": 81, "inserted": ["()"]}}
{"dateTime": "2025-08-21T19:34:03.197Z", "eventType": "input.type", "fullPath": "/main.py", "details": {"fromA": 80, "toA": 80, "fromB": 80, "toB": 81, "inserted": ["r"]}}
{"dateTime": "2025-08-21T19:34:03.359Z", "eventType": "input.type", "fullPath": "/main.py", "details": {"fromA": 81, "toA": 81, "fromB": 81, "toB": 82, "inserted": ["o"]}}
{"dateTime": "2025-08-21T19:34:03.490Z", "eventType": "input.type", "fullPath": "/main.py", "details": {"fromA": 82, "toA": 82, "fromB": 82, "toB": 83, "inserted": ["u"]}}
{"dateTime": "2025-08-21T19:34:03.681Z", "eventType": "input.type", "fullPath": "/main.py", "details": {"fromA": 83, "toA": 83, "fromB": 83, "toB": 84, "inserted": ["n"]}}
{"dateTime": "2025-08-21T19:34:03.791Z", "eventType": "input.type", "fullPath": "/main.py", "details": {"fromA": 84, "toA": 84, "fromB": 84, "toB": 85, "inserted": ["d"]}}
{"dateTime": "2025-08-21T19:34:05.246Z", "eventType": "input.type", "fullPath": "/main.py", "details": {"fromA": 85, "toA": 85, "fromB": 85, "toB": 87, "inserted": ["()"]}}
{"dateTime": "2025-08-21T19:34:05.565Z", "eventType": "input.type", "fullPath": "/main.py", "details": {"fromA": 86, "toA": 86, "fromB": 86, "toB": 87, "inserted": ["f"]}}
{"dateTime": "2025-08-21T19:34:05.661Z", "eventType": "input.type", "fullPath": "/main.py", "details": {"fromA": 87, "toA": 87, "fromB": 87, "toB": 88, "inserted": ["a"]}}
{"dateTime": "2025-08-21T19:34:06.205Z", "eventType": "input.complete", "fullPath": "/main.py", "details": {"fromA": 86, "toA": 88, "fromB": 86, "toB": 96, "inserted": ["fahrenheit"]}}
{"dateTime": "2025-08-21T19:34:08.142Z", "eventType": "input.type", "fullPath": "/main.py", "details": {"fromA": 96, "toA": 96, "fromB": 96, "toB": 97, "inserted": [","]}}
{"dateTime": "2025-08-21T19:34:08.350Z", "eventType": "input.type", "fullPath": "/main.py", "details": {"fromA": 97, "toA": 97, "fromB": 97, "toB": 98, "inserted": ["2"]}}
{"dateTime": "2025-08-21T19:34:09.022Z", "eventType": "input.type", "fullPath": "/main.py", "details": {"fromA": 98, "toA": 99, "fromB": 98, "toB": 99, "inserted": [")"]}}
{"dateTime": "2025-08-21T19:34:09.870Z", "eventType": "input.type", "fullPath": "/main.py", "details": {"fromA": 99, "toA": 100, "fromB": 99, "toB": 100, "inserted": [")"]}}
{"dateTime": "2025-08-21T19:34:11.991Z", "eventType": "blur", "fullPath": "/main.py"}
{"dateTime": "2025-08-21T19:34:12.416Z", "eventType": "submission", "details": {"correctness": 1, "commit": "70ccbc78b1a6e7552c3471fa7fffa997fb300f8e", "executionTime": 0.01}}
{"dateTime": "2025-08-21T19:34:21.706Z", "eventType": "focus", "fullPath": "/main.py"}
{"dateTime": "2025-08-21T19:34:21.710Z", "eventType": "select.pointer", "fullPath": "/main.py", "details": {"selection": {"from": 0, "to": 0}}}
{"dateTime": "2025-08-21T19:34:22.444Z", "eventType": "input.type", "fullPath": "/main.py", "details": {"fromA": 0, "toA": 0, "fromB": 0, "toB": 1, "inserted": ["c"]}}
{"dateTime": "2025-08-21T19:34:22.616Z", "eventType": "input.type", "fullPath": "/main.py", "details": {"fromA": 1, "toA": 1, "fromB": 1, "toB": 2, "inserted": ["e"]}}
{"dateTime": "2025-08-21T19:34:23.423Z", "eventType": "input.type", "fullPath": "/main.py", "details": {"fromA": 2, "toA": 2, "fromB": 2, "toB": 3, "inserted": ["l"]}}
{"dateTime": "2025-08-21T19:34:23.527Z", "eventType": "input.type", "fullPath": "/main.py", "details": {"fromA": 3, "toA": 3, "fromB": 3, "toB": 4, "inserted": ["s"]}}
{"dateTime": "2025-08-21T19:34:23.705Z", "eventType": "input.type", "fullPath": "/main.py", "details": {"fromA": 4, "toA": 4, "fromB": 4, "toB": 5, "inserted": ["i"]}}
{"dateTime": "2025-08-21T19:34:23.881Z", "eventType": "input.type", "fullPath": "/main.py", "details": {"fromA": 5, "toA": 5, "fromB": 5, "toB": 6, "inserted": ["u"]}}
{"dateTime": "2025-08-21T19:34:23.946Z", "eventType": "input.type", "fullPath": "/main.py", "details": {"fromA": 6, "toA": 6, "fromB": 6, "toB": 7, "inserted": ["s"]}}
{"dateTime": "2025-08-21T19:34:25.194Z", "eventType": "input.type", "fullPath": "/main.py", "details": {"fromA": 7, "toA": 7, "fromB": 7, "toB": 8, "inserted": [" "]}}
{"dateTime": "2025-08-21T19:34:25.658Z", "eventType": "input.type", "fullPath": "/main.py", "details": {"fromA": 8, "toA": 8, "fromB": 8, "toB": 9, "inserted": ["="]}}
{"dateTime": "2025-08-21T19:34:25.802Z", "eventType": "input.type", "fullPath": "/main.py", "details": {"fromA": 9, "toA": 9, "fromB": 9, "toB": 10, "inserted": [" "]}}
{"dateTime": "2025-08-21T19:34:26.666Z", "eventType": "input.type", "fullPath": "/main.py", "details": {"fromA": 10, "toA": 10, "fromB": 10, "toB": 11, "inserted": ["f"]}}
{"dateTime": "2025-08-21T19:34:26.792Z", "eventType": "input.type", "fullPath": "/main.py", "details": {"fromA": 11, "toA": 11, "fromB": 11, "toB": 12, "inserted": ["l"]}}
{"dateTime": "2025-08-21T19:34:26.959Z", "eventType": "input.type", "fullPath": "/main.py", "details": {"fromA": 12, "toA": 12, "fromB": 12, "toB": 13, "inserted": ["o"]}}
{"dateTime": "2025-08-21T19:34:27.070Z", "eventType": "input.type", "fullPath": "/main.py", "details": {"fromA": 13, "toA": 13, "fromB": 13, "toB": 14, "inserted": ["a"]}}
{"dateTime": "2025-08-21T19:34:27.246Z", "eventType": "input.type", "fullPath": "/main.py", "details": {"fromA": 14, "toA": 14, "fromB": 14, "toB": 15, "inserted": ["t"]}}
{"dateTime": "2025-08-21T19:34:28.477Z", "eventType": "input.type", "fullPath": "/main.py", "details": {"fromA": 15, "toA": 15, "fromB": 15, "toB": 17, "inserted": ["()"]}}
{"dateTime": "2025-08-21T19:34:28.920Z", "eventType": "input.type", "fullPath": "/main.py", "details": {"fromA": 16, "toA": 16, "fromB": 16, "toB": 17, "inserted": ["n"]}}
{"dateTime": "2025-08-21T19:34:29.770Z", "eventType": "delete.backward", "fullPath": "/main.py", "details": {"fromA": 16, "toA": 17, "fromB": 16, "toB": 16, "inserted": [""]}}
{"dateTime": "2025-08-21T19:34:30.330Z", "eventType": "input.type", "fullPath": "/main.py", "details": {"fromA": 16, "toA": 16, "fromB": 16, "toB": 17, "inserted": ["i"]}}
{"dateTime": "2025-08-21T19:34:30.471Z", "eventType": "input.type", "fullPath": "/main.py", "details": {"fromA": 17, "toA": 17, "fromB": 17, "toB": 18, "inserted": ["n"]}}
{"dateTime": "2025-08-21T19:34:31.003Z", "eventType": "input.complete", "fullPath": "/main.py", "details": {"fromA": 16, "toA": 18, "fromB": 16, "toB": 21, "inserted": ["input"]}}
{"dateTime": "2025-08-21T19:34:32.653Z", "eventType": "input.type", "fullPath": "/main.py", "details": {"fromA": 21, "toA": 21, "fromB": 21, "toB": 23, "inserted": ["()"]}}
{"dateTime": "2025-08-21T19:34:33.085Z", "eventType": "input.type", "fullPath": "/main.py", "details": {"fromA": 22, "toA": 22, "fromB": 22, "toB": 24, "inserted": ["\"\""]}}
{"dateTime": "2025-08-21T19:34:34.637Z", "eventType": "input.type", "fullPath": "/main.py", "details": {"fromA": 23, "toA": 23, "fromB": 23, "toB": 24, "inserted": ["d"]}}
{"dateTime": "2025-08-21T19:34:34.794Z", "eventType": "input.type", "fullPath": "/main.py", "details": {"fromA": 24, "toA": 24, "fromB": 24, "toB": 25, "inserted": ["i"]}}
{"dateTime": "2025-08-21T19:34:34.906Z", "eventType": "input.type", "fullPath": "/main.py", "details": {"fromA": 25, "toA": 25, "fromB": 25, "toB": 26, "inserted": ["g"]}}
{"dateTime": "2025-08-21T19:34:35.035Z", "eventType": "input.type", "fullPath": "/main.py", "details": {"fromA": 26, "toA": 26, "fromB": 26, "toB": 27, "inserted": ["i"]}}
{"dateTime": "2025-08-21T19:34:35.244Z", "eventType": "input.type", "fullPath": "/main.py", "details": {"fromA": 27, "toA": 27, "fromB": 27, "toB": 28, "inserted": ["t"]}}
{"dateTime": "2025-08-21T19:34:35.402Z", "eventType": "input.type", "fullPath": "/main.py", "details": {"fromA": 28, "toA": 28, "fromB": 28, "toB": 29, "inserted": ["e"]}}
{"dateTime": "2025-08-21T19:34:35.706Z", "eventType": "input.type", "fullPath": "/main.py", "details": {"fromA": 29, "toA": 29, "fromB": 29, "toB": 30, "inserted": [" "]}}
{"dateTime": "2025-08-21T19:34:35.914Z", "eventType": "input.type", "fullPath": "/main.py", "details": {"fromA": 30, "toA": 30, "fromB": 30, "toB": 31, "inserted": ["o"]}}
{"dateTime": "2025-08-21T19:34:36.042Z", "eventType": "input.type", "fullPath": "/main.py", "details": {"fromA": 31, "toA": 31, "fromB": 31, "toB": 32, "inserted": [" "]}}
{"dateTime": "2025-08-21T19:34:36.250Z", "eventType": "input.type", "fullPath": "/main.py", "details": {"fromA": 32, "toA": 32, "fromB": 32, "toB": 33, "inserted": ["v"]}}
{"dateTime": "2025-08-21T19:34:36.394Z", "eventType": "input.type", "fullPath": "/main.py", "details": {"fromA": 33, "toA": 33, "fromB": 33, "toB": 34, "inserted": ["a"]}}
{"dateTime": "2025-08-21T19:34:37.450Z", "eventType": "input.type", "fullPath": "/main.py", "details": {"fromA": 34, "toA": 34, "fromB": 34, "toB": 35, "inserted": ["l"]}}
{"dateTime": "2025-08-21T19:34:37.626Z", "eventType": "input.type", "fullPath": "/main.py", "details": {"fromA": 35, "toA": 35, "fromB": 35, "toB": 36, "inserted": ["o"]}}
{"dateTime": "2025-08-21T19:34:37.706Z", "eventType": "input.type", "fullPath": "/main.py", "details": {"fromA": 36, "toA": 36, "fromB": 36, "toB": 37, "inserted": ["r"]}}
{"dateTime": "2025-08-21T19:34:38.475Z", "eventType": "input.type", "fullPath": "/main.py", "details": {"fromA": 37, "toA": 38, "fromB": 37, "toB": 38, "inserted": ["\""]}}
{"dateTime": "2025-08-21T19:34:38.875Z", "eventType": "input.type", "fullPath": "/main.py", "details": {"fromA": 38, "toA": 39, "fromB": 38, "toB": 39, "inserted": [")"]}}
{"dateTime": "2025-08-21T19:34:41.403Z", "eventType": "input.type", "fullPath": "/main.py", "details": {"fromA": 39, "toA": 40, "fromB": 39, "toB": 40, "inserted": [")"]}}
{"dateTime": "2025-08-21T19:34:41.868Z", "eventType": "input", "fullPath": "/main.py", "details": {"fromA": 40, "toA": 40, "fromB": 40, "toB": 41, "inserted": ["", ""]}}
{"dateTime": "2025-08-21T19:34:43.607Z", "eventType": "input.type", "fullPath": "/main.py", "details": {"fromA": 41, "toA": 41, "fromB": 41, "toB": 42, "inserted": ["f"]}}
{"dateTime": "2025-08-21T19:34:43.703Z", "eventType": "input.type", "fullPath": "/main.py", "details": {"fromA": 42, "toA": 42, "fromB": 42, "toB": 43, "inserted": ["a"]}}
{"dateTime": "2025-08-21T19:34:44.575Z", "eventType": "input.type", "fullPath": "/main.py", "details": {"fromA": 43, "toA": 43, "fromB": 43, "toB": 44, "inserted": ["n"]}}
{"dateTime": "2025-08-21T19:34:48.204Z", "eventType": "delete.backward", "fullPath": "/main.py", "details": {"fromA": 43, "toA": 44, "fromB": 43, "toB": 43, "inserted": [""]}}
{"dateTime": "2025-08-21T19:34:48.923Z", "eventType": "input.type", "fullPath": "/main.py", "details": {"fromA": 43, "toA": 43, "fromB": 43, "toB": 44, "inserted": ["h"]}}
{"dateTime": "2025-08-21T19:34:50.554Z", "eventType": "input.type", "fullPath": "/main.py", "details": {"fromA": 44, "toA": 44, "fromB": 44, "toB": 45, "inserted": ["r"]}}
{"dateTime": "2025-08-21T19:34:50.714Z", "eventType": "input.type", "fullPath": "/main.py", "details": {"fromA": 45, "toA": 45, "fromB": 45, "toB": 46, "inserted": ["e"]}}
{"dateTime": "2025-08-21T19:34:50.986Z", "eventType": "input.type", "fullPath": "/main.py", "details": {"fromA": 46, "toA": 46, "fromB": 46, "toB": 47, "inserted": ["n"]}}
{"dateTime": "2025-08-21T19:34:53.754Z", "eventType": "input.type", "fullPath": "/main.py", "details": {"fromA": 47, "toA": 47, "fromB": 47, "toB": 48, "inserted": ["h"]}}
{"dateTime": "2025-08-21T19:34:53.882Z", "eventType": "input.type", "fullPath": "/main.py", "details": {"fromA": 48, "toA": 48, "fromB": 48, "toB": 49, "inserted": ["e"]}}
{"dateTime": "2025-08-21T19:34:54.107Z", "eventType": "input.type", "fullPath": "/main.py", "details": {"fromA": 49, "toA": 49, "fromB": 49, "toB": 50, "inserted": ["i"]}}
{"dateTime": "2025-08-21T19:34:54.314Z", "eventType": "input.type", "fullPath": "/main.py", "details": {"fromA": 50, "toA": 50, "fromB": 50, "toB": 51, "inserted": ["t"]}}
{"dateTime": "2025-08-21T19:34:56.778Z", "eventType": "input.type", "fullPath": "/main.py", "details": {"fromA": 51, "toA": 51, "fromB": 51, "toB": 52, "inserted": [" "]}}
{"dateTime": "2025-08-21T19:34:56.923Z", "eventType": "input.type", "fullPath": "/main.py", "details": {"fromA": 52, "toA": 52, "fromB": 52, "toB": 53, "inserted": ["-"]}}
{"dateTime": "2025-08-21T19:34:57.305Z", "eventType": "delete.backward", "fullPath": "/main.py", "details": {"fromA": 52, "toA": 53, "fromB": 52, "toB": 52, "inserted": [""]}}
{"dateTime": "2025-08-21T19:34:58.042Z", "eventType": "input.type", "fullPath": "/main.py", "details": {"fromA": 52, "toA": 52, "fromB": 52, "toB": 53, "inserted": ["="]}}
{"dateTime": "2025-08-21T19:34:58.217Z", "eventType": "input.type", "fullPath": "/main.py", "details": {"fromA": 53, "toA": 53, "fromB": 53, "toB": 54, "inserted": [" "]}}
{"dateTime": "2025-08-21T19:34:59.451Z", "eventType": "input.type", "fullPath": "/main.py", "details": {"fromA": 54, "toA": 54, "fromB": 54, "toB": 55, "inserted": ["c"]}}
{"dateTime": "2025-08-21T19:34:59.699Z", "eventType": "input.type", "fullPath": "/main.py", "details": {"fromA": 55, "toA": 55, "fromB": 55, "toB": 56, "inserted": ["e"]}}
{"dateTime": "2025-08-21T19:34:59.871Z", "eventType": "input.type", "fullPath": "/main.py", "details": {"fromA": 56, "toA": 56, "fromB": 56, "toB": 57, "inserted": ["l"]}}
{"dateTime": "2025-08-21T19:35:00.330Z", "eventType": "input.complete", "fullPath": "/main.py", "details": {"fromA": 54, "toA": 57, "fromB": 54, "toB": 61, "inserted": ["celsius"]}}
{"dateTime": "2025-08-21T19:35:02.409Z", "eventType": "input.type", "fullPath": "/main.py", "details": {"fromA": 61, "toA": 61, "fromB": 61, "toB": 62, "inserted": [" "]}}
{"dateTime": "2025-08-21T19:35:02.507Z", "eventType": "input.type", "fullPath": "/main.py", "details": {"fromA": 62, "toA": 62, "fromB": 62, "toB": 63, "inserted": ["*"]}}
{"dateTime": "2025-08-21T19:35:02.666Z", "eventType": "input.type", "fullPath": "/main.py", "details": {"fromA": 63, "toA": 63, "fromB": 63, "toB": 64, "inserted": [" "]}}
{"dateTime": "2025-08-21T19:35:04.698Z", "eventType": "input.type", "fullPath": "/main.py", "details": {"fromA": 64, "toA": 64, "fromB": 64, "toB": 66, "inserted": ["()"]}}
{"dateTime": "2025-08-21T19:35:06.075Z", "eventType": "input.type", "fullPath": "/main.py", "details": {"fromA": 65, "toA": 65, "fromB": 65, "toB": 66, "inserted": ["9"]}}
{"dateTime": "2025-08-21T19:35:06.283Z", "eventType": "input.type", "fullPath": "/main.py", "details": {"fromA": 66, "toA": 66, "fromB": 66, "toB": 67, "inserted": ["/"]}}
{"dateTime": "2025-08-21T19:35:06.523Z", "eventType": "input.type", "fullPath": "/main.py", "details": {"fromA": 67, "toA": 67, "fromB": 67, "toB": 68, "inserted": ["5"]}}
{"dateTime": "2025-08-21T19:35:07.626Z", "eventType": "input.type", "fullPath": "/main.py", "details": {"fromA": 68, "toA": 69, "fromB": 68, "toB": 69, "inserted": [")"]}}
{"dateTime": "2025-08-21T19:35:08.252Z", "eventType": "input.type", "fullPath": "/main.py", "details": {"fromA": 69, "toA": 69, "fromB": 69, "toB": 70, "inserted": [" "]}}
{"dateTime": "2025-08-21T19:35:09.770Z", "eventType": "input.type", "fullPath": "/main.py", "details": {"fromA": 70, "toA": 70, "fromB": 70, "toB": 71, "inserted": ["+"]}}
{"dateTime": "2025-08-21T19:35:10.298Z", "eventType": "input.type", "fullPath": "/main.py", "details": {"fromA": 71, "toA": 71, "fromB": 71, "toB": 72, "inserted": ["3"]}}
{"dateTime": "2025-08-21T19:35:10.746Z", "eventType": "input.type", "fullPath": "/main.py", "details": {"fromA": 72, "toA": 72, "fromB": 72, "toB": 73, "inserted": ["2"]}}
{"dateTime": "2025-08-21T19:35:11.510Z", "eventType": "input", "fullPath": "/main.py", "details": {"fromA": 73, "toA": 73, "fromB": 73, "toB": 74, "inserted": ["", ""]}}
{"dateTime": "2025-08-21T19:35:13.147Z", "eventType": "input.type", "fullPath": "/main.py", "details": {"fromA": 74, "toA": 74, "fromB": 74, "toB": 75, "inserted": ["p"]}}
{"dateTime": "2025-08-21T19:35:13.322Z", "eventType": "input.type", "fullPath": "/main.py", "details": {"fromA": 75, "toA": 75, "fromB": 75, "toB": 76, "inserted": ["r"]}}
{"dateTime": "2025-08-21T19:35:13.436Z", "eventType": "input.type", "fullPath": "/main.py", "details": {"fromA": 76, "toA": 76, "fromB": 76, "toB": 77, "inserted": ["i"]}}
{"dateTime": "2025-08-21T19:35:13.584Z", "eventType": "input.type", "fullPath": "/main.py", "details": {"fromA": 77, "toA": 77, "fromB": 77, "toB": 78, "inserted": ["n"]}}
{"dateTime": "2025-08-21T19:35:13.758Z", "eventType": "input.type", "fullPath": "/main.py", "details": {"fromA": 78, "toA": 78, "fromB": 78, "toB": 79, "inserted": ["t"]}}
