{"dateTime": "2025-08-21T16:37:17.149Z", "eventType": "run", "details": {"commit": "2e75e327c4eb851cec27deb7412db41cb1472403"}}
{"dateTime": "2025-08-21T16:37:20.864Z", "eventType": "submission", "details": {"correctness": 1, "commit": "2e75e327c4eb851cec27deb7412db41cb1472403", "executionTime": 0.01}}
{"dateTime": "2025-08-21T16:37:37.149Z", "eventType": "focus", "fullPath": "/main.py"}
{"dateTime": "2025-08-21T16:37:37.151Z", "eventType": "select.pointer", "fullPath": "/main.py", "details": {"selection": {"from": 10, "to": 10}}}
{"dateTime": "2025-08-21T16:39:19.977Z", "eventType": "input.type", "fullPath": "/main.py", "details": {"fromA": 10, "toA": 10, "fromB": 10, "toB": 11, "inserted": ["a"]}}
{"dateTime": "2025-08-21T16:39:20.089Z", "eventType": "input.type", "fullPath": "/main.py", "details": {"fromA": 11, "toA": 11, "fromB": 11, "toB": 12, "inserted": ["u"]}}
{"dateTime": "2025-08-21T16:39:20.265Z", "eventType": "input.type", "fullPath": "/main.py", "details": {"fromA": 12, "toA": 12, "fromB": 12, "toB": 13, "inserted": ["g"]}}
{"dateTime": "2025-08-21T16:39:20.393Z", "eventType": "input.type", "fullPath": "/main.py", "details": {"fromA": 13, "toA": 13, "fromB": 13, "toB": 14, "inserted": ["u"]}}
{"dateTime": "2025-08-21T16:39:21.000Z", "eventType": "input.type", "fullPath": "/main.py", "details": {"fromA": 14, "toA": 14, "fromB": 14, "toB": 15, "inserted": ["s"]}}
{"dateTime": "2025-08-21T16:39:21.114Z", "eventType": "input.type", "fullPath": "/main.py", "details": {"fromA": 15, "toA": 15, "fromB": 15, "toB": 16, "inserted": ["t"]}}
{"dateTime": "2025-08-21T16:39:21.241Z", "eventType": "input.type", "fullPath": "/main.py", "details": {"fromA": 16, "toA": 16, "fromB": 16, "toB": 17, "inserted": ["a"]}}
{"dateTime": "2025-08-21T16:39:22.616Z", "eventType": "input.type", "fullPath": "/main.py", "details": {"fromA": 17, "toA": 17, "fromB": 17, "toB": 18, "inserted": [" "]}}
{"dateTime": "2025-08-21T16:39:22.857Z", "eventType": "input.type", "fullPath": "/main.py", "details": {"fromA": 18, "toA": 18, "fromB": 18, "toB": 19, "inserted": ["a"]}}
{"dateTime": "2025-08-21T16:39:23.129Z", "eventType": "input.type", "fullPath": "/main.py", "details": {"fromA": 19, "toA": 19, "fromB": 19, "toB": 20, "inserted": ["d"]}}
{"dateTime": "2025-08-21T16:39:23.257Z", "eventType": "input.type", "fullPath": "/main.py", "details": {"fromA": 20, "toA": 20, "fromB": 20, "toB": 21, "inserted": ["a"]}}
{"dateTime": "2025-08-21T16:39:23.353Z", "eventType": "input.type", "fullPath": "/main.py", "details": {"fromA": 21, "toA": 21, "fromB": 21, "toB": 22, "inserted": [" "]}}
{"dateTime": "2025-08-21T16:39:24.152Z", "eventType": "input.type", "fullPath": "/main.py", "details": {"fromA": 22, "toA": 22, "fromB": 22, "toB": 23, "inserted": ["b"]}}
{"dateTime": "2025-08-21T16:39:24.313Z", "eventType": "input.type", "fullPath": "/main.py", "details": {"fromA": 23, "toA": 23, "fromB": 23, "toB": 24, "inserted": ["r"]}}
{"dateTime": "2025-08-21T16:39:26.344Z", "eventType": "input.type", "fullPath": "/main.py", "details": {"fromA": 24, "toA": 24, "fromB": 24, "toB": 25, "inserted": ["r"]}}
{"dateTime": "2025-08-21T16:39:26.505Z", "eventType": "input.type", "fullPath": "/main.py", "details": {"fromA": 25, "toA": 25, "fromB": 25, "toB": 26, "inserted": ["o"]}}
{"dateTime": "2025-08-21T16:39:26.757Z", "eventType": "input.type", "fullPath": "/main.py", "details": {"fromA": 26, "toA": 26, "fromB": 26, "toB": 27, "inserted": ["m"]}}
{"dateTime": "2025-08-21T16:39:27.220Z", "eventType": "delete.backward", "fullPath": "/main.py", "details": {"fromA": 26, "toA": 27, "fromB": 26, "toB": 26, "inserted": [""]}}
{"dateTime": "2025-08-21T16:39:27.384Z", "eventType": "input.type", "fullPath": "/main.py", "details": {"fromA": 26, "toA": 26, "fromB": 26, "toB": 27, "inserted": ["n"]}}
{"dateTime": "2025-08-21T16:39:27.545Z", "eventType": "input.type", "fullPath": "/main.py", "details": {"fromA": 27, "toA": 27, "fromB": 27, "toB": 28, "inserted": [","]}}
{"dateTime": "2025-08-21T16:39:27.738Z", "eventType": "input.type", "fullPath": "/main.py", "details": {"fromA": 28, "toA": 28, "fromB": 28, "toB": 29, "inserted": [" "]}}
{"dateTime": "2025-08-21T16:39:27.833Z", "eventType": "input.type", "fullPath": "/main.py", "details": {"fromA": 29, "toA": 29, "fromB": 29, "toB": 30, "inserted": ["a"]}}
{"dateTime": "2025-08-21T16:39:27.977Z", "eventType": "input.type", "fullPath": "/main.py", "details": {"fromA": 30, "toA": 30, "fromB": 30, "toB": 31, "inserted": [" "]}}
{"dateTime": "2025-08-21T16:39:28.153Z", "eventType": "input.type", "fullPath": "/main.py", "details": {"fromA": 31, "toA": 31, "fromB": 31, "toB": 32, "inserted": ["c"]}}
{"dateTime": "2025-08-21T16:39:28.281Z", "eventType": "input.type", "fullPath": "/main.py", "details": {"fromA": 32, "toA": 32, "fromB": 32, "toB": 33, "inserted": ["o"]}}
{"dateTime": "2025-08-21T16:39:28.472Z", "eventType": "input.type", "fullPath": "/main.py", "details": {"fromA": 33, "toA": 33, "fromB": 33, "toB": 34, "inserted": ["n"]}}
{"dateTime": "2025-08-21T16:39:28.568Z", "eventType": "input.type", "fullPath": "/main.py", "details": {"fromA": 34, "toA": 34, "fromB": 34, "toB": 35, "inserted": ["d"]}}
{"dateTime": "2025-08-21T16:39:28.761Z", "eventType": "input.type", "fullPath": "/main.py", "details": {"fromA": 35, "toA": 35, "fromB": 35, "toB": 36, "inserted": ["e"]}}
{"dateTime": "2025-08-21T16:39:28.936Z", "eventType": "input.type", "fullPath": "/main.py", "details": {"fromA": 36, "toA": 36, "fromB": 36, "toB": 37, "inserted": ["s"]}}
{"dateTime": "2025-08-21T16:39:29.128Z", "eventType": "input.type", "fullPath": "/main.py", "details": {"fromA": 37, "toA": 37, "fromB": 37, "toB": 38, "inserted": ["s"]}}
{"dateTime": "2025-08-21T16:39:29.412Z", "eventType": "input.type", "fullPath": "/main.py", "details": {"fromA": 38, "toA": 38, "fromB": 38, "toB": 39, "inserted": ["a"]}}
{"dateTime": "2025-08-21T16:39:29.608Z", "eventType": "input.type", "fullPath": "/main.py", "details": {"fromA": 39, "toA": 39, "fromB": 39, "toB": 40, "inserted": [" "]}}
{"dateTime": "2025-08-21T16:39:29.765Z", "eventType": "input.type", "fullPath": "/main.py", "details": {"fromA": 40, "toA": 40, "fromB": 40, "toB": 41, "inserted": ["d"]}}
{"dateTime": "2025-08-21T16:39:29.960Z", "eventType": "input.type", "fullPath": "/main.py", "details": {"fromA": 41, "toA": 41, "fromB": 41, "toB": 42, "inserted": ["e"]}}
{"dateTime": "2025-08-21T16:39:30.057Z", "eventType": "input.type", "fullPath": "/main.py", "details": {"fromA": 42, "toA": 42, "fromB": 42, "toB": 43, "inserted": [" "]}}
{"dateTime": "2025-08-21T16:39:30.232Z", "eventType": "input.type", "fullPath": "/main.py", "details": {"fromA": 43, "toA": 43, "fromB": 43, "toB": 44, "inserted": ["l"]}}
{"dateTime": "2025-08-21T16:39:30.408Z", "eventType": "input.type", "fullPath": "/main.py", "details": {"fromA": 44, "toA": 44, "fromB": 44, "toB": 45, "inserted": ["o"]}}
{"dateTime": "2025-08-21T16:39:30.680Z", "eventType": "input.type", "fullPath": "/main.py", "details": {"fromA": 45, "toA": 45, "fromB": 45, "toB": 46, "inserted": ["v"]}}
{"dateTime": "2025-08-21T16:39:31.016Z", "eventType": "input.type", "fullPath": "/main.py", "details": {"fromA": 46, "toA": 46, "fromB": 46, "toB": 47, "inserted": ["e"]}}
{"dateTime": "2025-08-21T16:39:31.640Z", "eventType": "input.type", "fullPath": "/main.py", "details": {"fromA": 47, "toA": 47, "fromB": 47, "toB": 48, "inserted": ["l"]}}
{"dateTime": "2025-08-21T16:39:31.763Z", "eventType": "input.type", "fullPath": "/main.py", "details": {"fromA": 48, "toA": 48, "fromB": 48, "toB": 49, "inserted": ["a"]}}
{"dateTime": "2025-08-21T16:39:32.056Z", "eventType": "input.type", "fullPath": "/main.py", "details": {"fromA": 49, "toA": 49, "fromB": 49, "toB": 50, "inserted": ["c"]}}
{"dateTime": "2025-08-21T16:39:32.280Z", "eventType": "input.type", "fullPath": "/main.py", "details": {"fromA": 50, "toA": 50, "fromB": 50, "toB": 51, "inserted": ["e"]}}
{"dateTime": "2025-08-21T16:39:32.872Z", "eventType": "input.type", "fullPath": "/main.py", "details": {"fromA": 51, "toA": 51, "fromB": 51, "toB": 52, "inserted": [","]}}
{"dateTime": "2025-08-21T16:39:33.064Z", "eventType": "input.type", "fullPath": "/main.py", "details": {"fromA": 52, "toA": 52, "fromB": 52, "toB": 53, "inserted": [" "]}}
{"dateTime": "2025-08-21T16:39:33.384Z", "eventType": "input.type", "fullPath": "/main.py", "details": {"fromA": 53, "toA": 53, "fromB": 53, "toB": 54, "inserted": ["n"]}}
{"dateTime": "2025-08-21T16:39:33.464Z", "eventType": "input.type", "fullPath": "/main.py", "details": {"fromA": 54, "toA": 54, "fromB": 54, "toB": 55, "inserted": ["a"]}}
{"dateTime": "2025-08-21T16:39:33.672Z", "eventType": "input.type", "fullPath": "/main.py", "details": {"fromA": 55, "toA": 55, "fromB": 55, "toB": 56, "inserted": ["s"]}}
{"dateTime": "2025-08-21T16:39:33.784Z", "eventType": "input.type", "fullPath": "/main.py", "details": {"fromA": 56, "toA": 56, "fromB": 56, "toB": 57, "inserted": ["c"]}}
{"dateTime": "2025-08-21T16:39:33.944Z", "eventType": "input.type", "fullPath": "/main.py", "details": {"fromA": 57, "toA": 57, "fromB": 57, "toB": 58, "inserted": ["e"]}}
{"dateTime": "2025-08-21T16:39:34.648Z", "eventType": "input.type", "fullPath": "/main.py", "details": {"fromA": 58, "toA": 58, "fromB": 58, "toB": 59, "inserted": ["u"]}}
{"dateTime": "2025-08-21T16:39:34.824Z", "eventType": "input.type", "fullPath": "/main.py", "details": {"fromA": 59, "toA": 59, "fromB": 59, "toB": 60, "inserted": [" "]}}
{"dateTime": "2025-08-21T16:39:35.336Z", "eventType": "input.type", "fullPath": "/main.py", "details": {"fromA": 60, "toA": 60, "fromB": 60, "toB": 61, "inserted": ["e"]}}
{"dateTime": "2025-08-21T16:39:35.480Z", "eventType": "input.type", "fullPath": "/main.py", "details": {"fromA": 61, "toA": 61, "fromB": 61, "toB": 62, "inserted": ["m"]}}
{"dateTime": "2025-08-21T16:39:35.656Z", "eventType": "input.type", "fullPath": "/main.py", "details": {"fromA": 62, "toA": 62, "fromB": 62, "toB": 63, "inserted": [" "]}}
{"dateTime": "2025-08-21T16:39:37.192Z", "eventType": "input.type", "fullPath": "/main.py", "details": {"fromA": 63, "toA": 63, "fromB": 63, "toB": 64, "inserted": ["1"]}}
{"dateTime": "2025-08-21T16:39:37.448Z", "eventType": "input.type", "fullPath": "/main.py", "details": {"fromA": 64, "toA": 64, "fromB": 64, "toB": 65, "inserted": ["8"]}}
{"dateTime": "2025-08-21T16:39:39.028Z", "eventType": "input.type", "fullPath": "/main.py", "details": {"fromA": 65, "toA": 65, "fromB": 65, "toB": 66, "inserted": ["1"]}}
{"dateTime": "2025-08-21T16:39:39.188Z", "eventType": "input.type", "fullPath": "/main.py", "details": {"fromA": 66, "toA": 66, "fromB": 66, "toB": 67, "inserted": ["5"]}}
{"dateTime": "2025-08-21T16:39:39.892Z", "eventType": "input.type", "fullPath": "/main.py", "details": {"fromA": 67, "toA": 67, "fromB": 67, "toB": 68, "inserted": [","]}}
{"dateTime": "2025-08-21T16:39:40.052Z", "eventType": "input.type", "fullPath": "/main.py", "details": {"fromA": 68, "toA": 68, "fromB": 68, "toB": 69, "inserted": [" "]}}
{"dateTime": "2025-08-21T16:39:40.276Z", "eventType": "input.type", "fullPath": "/main.py", "details": {"fromA": 69, "toA": 69, "fromB": 69, "toB": 70, "inserted": ["m"]}}
{"dateTime": "2025-08-21T16:39:40.712Z", "eventType": "delete.backward", "fullPath": "/main.py", "details": {"fromA": 69, "toA": 70, "fromB": 69, "toB": 69, "inserted": [""]}}
{"dateTime": "2025-08-21T16:39:40.984Z", "eventType": "input.type", "fullPath": "/main.py", "details": {"fromA": 69, "toA": 69, "fromB": 69, "toB": 70, "inserted": ["n"]}}
{"dateTime": "2025-08-21T16:39:41.096Z", "eventType": "input.type", "fullPath": "/main.py", "details": {"fromA": 70, "toA": 70, "fromB": 70, "toB": 71, "inserted": ["a"]}}
{"dateTime": "2025-08-21T16:39:41.224Z", "eventType": "input.type", "fullPath": "/main.py", "details": {"fromA": 71, "toA": 71, "fromB": 71, "toB": 72, "inserted": [" "]}}
{"dateTime": "2025-08-21T16:39:41.672Z", "eventType": "input.type", "fullPath": "/main.py", "details": {"fromA": 72, "toA": 72, "fromB": 72, "toB": 73, "inserted": ["i"]}}
{"dateTime": "2025-08-21T16:39:41.828Z", "eventType": "input.type", "fullPath": "/main.py", "details": {"fromA": 73, "toA": 73, "fromB": 73, "toB": 74, "inserted": ["n"]}}
{"dateTime": "2025-08-21T16:39:42.072Z", "eventType": "input.type", "fullPath": "/main.py", "details": {"fromA": 74, "toA": 74, "fromB": 74, "toB": 75, "inserted": ["g"]}}
{"dateTime": "2025-08-21T16:39:42.552Z", "eventType": "input.type", "fullPath": "/main.py", "details": {"fromA": 75, "toA": 75, "fromB": 75, "toB": 76, "inserted": ["l"]}}
{"dateTime": "2025-08-21T16:39:42.664Z", "eventType": "input.type", "fullPath": "/main.py", "details": {"fromA": 76, "toA": 76, "fromB": 76, "toB": 77, "inserted": ["a"]}}
{"dateTime": "2025-08-21T16:39:42.936Z", "eventType": "input.type", "fullPath": "/main.py", "details": {"fromA": 77, "toA": 77, "fromB": 77, "toB": 78, "inserted": ["t"]}}
{"dateTime": "2025-08-21T16:39:43.048Z", "eventType": "input.type", "fullPath": "/main.py", "details": {"fromA": 78, "toA": 78, "fromB": 78, "toB": 79, "inserted": ["e"]}}
{"dateTime": "2025-08-21T16:39:43.224Z", "eventType": "input.type", "fullPath": "/main.py", "details": {"fromA": 79, "toA": 79, "fromB": 79, "toB": 80, "inserted": ["r"]}}
{"dateTime": "2025-08-21T16:39:43.368Z", "eventType": "input.type", "fullPath": "/main.py", "details": {"fromA": 80, "toA": 80, "fromB": 80, "toB": 81, "inserted": ["r"]}}
{"dateTime": "2025-08-21T16:39:43.544Z", "eventType": "input.type", "fullPath": "/main.py", "details": {"fromA": 81, "toA": 81, "fromB": 81, "toB": 82, "inserted": ["a"]}}
{"dateTime": "2025-08-21T16:39:44.264Z", "eventType": "input.type", "fullPath": "/main.py", "details": {"fromA": 82, "toA": 82, "fromB": 82, "toB": 83, "inserted": ["."]}}
{"dateTime": "2025-08-21T16:39:48.823Z", "eventType": "select.pointer", "fullPath": "/main.py", "details": {"selection": {"from": 24, "to": 24}}}
{"dateTime": "2025-08-21T16:39:51.272Z", "eventType": "delete.backward", "fullPath": "/main.py", "details": {"fromA": 23, "toA": 24, "fromB": 23, "toB": 23, "inserted": [""]}}
{"dateTime": "2025-08-21T16:39:51.416Z", "eventType": "input.type", "fullPath": "/main.py", "details": {"fromA": 23, "toA": 23, "fromB": 23, "toB": 24, "inserted": ["y"]}}
{"dateTime": "2025-08-21T16:39:53.573Z", "eventType": "select", "fullPath": "/main.py", "details": {"selection": {"from": 25, "to": 25}}}
{"dateTime": "2025-08-21T16:39:53.813Z", "eventType": "select", "fullPath": "/main.py", "details": {"selection": {"from": 26, "to": 26}}}
{"dateTime": "2025-08-21T16:39:54.053Z", "eventType": "select", "fullPath": "/main.py", "details": {"selection": {"from": 27, "to": 27}}}
{"dateTime": "2025-08-21T16:39:54.325Z", "eventType": "select", "fullPath": "/main.py", "details": {"selection": {"from": 28, "to": 28}}}
{"dateTime": "2025-08-21T16:39:54.581Z", "eventType": "select", "fullPath": "/main.py", "details": {"selection": {"from": 29, "to": 29}}}
{"dateTime": "2025-08-21T16:39:54.853Z", "eventType": "select", "fullPath": "/main.py", "details": {"selection": {"from": 30, "to": 30}}}
{"dateTime": "2025-08-21T16:39:55.093Z", "eventType": "select", "fullPath": "/main.py", "details": {"selection": {"from": 31, "to": 31}}}
{"dateTime": "2025-08-21T16:39:55.381Z", "eventType": "select", "fullPath": "/main.py", "details": {"selection": {"from": 32, "to": 32}}}
{"dateTime": "2025-08-21T16:39:55.602Z", "eventType": "select", "fullPath": "/main.py", "details": {"selection": {"from": 33, "to": 33}}}
{"dateTime": "2025-08-21T16:39:55.861Z", "eventType": "select", "fullPath": "/main.py", "details": {"selection": {"from": 34, "to": 34}}}
{"dateTime": "2025-08-21T16:39:56.117Z", "eventType": "select", "fullPath": "/main.py", "details": {"selection": {"from": 35, "to": 35}}}
{"dateTime": "2025-08-21T16:39:56.357Z", "eventType": "select", "fullPath": "/main.py", "details": {"selection": {"from": 36, "to": 36}}}
{"dateTime": "2025-08-21T16:39:56.581Z", "eventType": "select", "fullPath": "/main.py", "details": {"selection": {"from": 37, "to": 37}}}
{"dateTime": "2025-08-21T16:39:56.757Z", "eventType": "select", "fullPath": "/main.py", "details": {"selection": {"from": 38, "to": 38}}}
{"dateTime": "2025-08-21T16:39:57.045Z", "eventType": "select", "fullPath": "/main.py", "details": {"selection": {"from": 39, "to": 39}}}
{"dateTime": "2025-08-21T16:39:57.269Z", "eventType": "select", "fullPath": "/main.py", "details": {"selection": {"from": 40, "to": 40}}}
{"dateTime": "2025-08-21T16:39:57.525Z", "eventType": "select", "fullPath": "/main.py", "details": {"selection": {"from": 41, "to": 41}}}
{"dateTime": "2025-08-21T16:39:57.765Z", "eventType": "select", "fullPath": "/main.py", "details": {"selection": {"from": 42, "to": 42}}}
{"dateTime": "2025-08-21T16:39:58.005Z", "eventType": "select", "fullPath": "/main.py", "details": {"selection": {"from": 43, "to": 43}}}
{"dateTime": "2025-08-21T16:39:58.229Z", "eventType": "select", "fullPath": "/main.py", "details": {"selection": {"from": 44, "to": 44}}}
{"dateTime": "2025-08-21T16:39:58.469Z", "eventType": "select", "fullPath": "/main.py", "details": {"selection": {"from": 45, "to": 45}}}
{"dateTime": "2025-08-21T16:39:58.677Z", "eventType": "select", "fullPath": "/main.py", "details": {"selection": {"from": 46, "to": 46}}}
{"dateTime": "2025-08-21T16:39:58.901Z", "eventType": "select", "fullPath": "/main.py", "details": {"selection": {"from": 47, "to": 47}}}
{"dateTime": "2025-08-21T16:39:59.125Z", "eventType": "select", "fullPath": "/main.py", "details": {"selection": {"from": 48, "to": 48}}}
{"dateTime": "2025-08-21T16:39:59.397Z", "eventType": "select", "fullPath": "/main.py", "details": {"selection": {"from": 49, "to": 49}}}
{"dateTime": "2025-08-21T16:39:59.669Z", "eventType": "select", "fullPath": "/main.py", "details": {"selection": {"from": 50, "to": 50}}}
{"dateTime": "2025-08-21T16:39:59.893Z", "eventType": "select", "fullPath": "/main.py", "details": {"selection": {"from": 51, "to": 51}}}
{"dateTime": "2025-08-21T16:40:00.101Z", "eventType": "select", "fullPath": "/main.py", "details": {"selection": {"from": 52, "to": 52}}}
{"dateTime": "2025-08-21T16:40:02.833Z", "eventType": "select.pointer", "fullPath": "/main.py", "details": {"selection": {"from": 102, "to": 102}}}
{"dateTime": "2025-08-21T16:40:03.927Z", "eventType": "select", "fullPath": "/main.py", "details": {"selection": {"from": 101, "to": 101}}}
{"dateTime": "2025-08-21T16:40:10.935Z", "eventType": "delete.backward", "fullPath": "/main.py", "details": {"fromA": 100, "toA": 101, "fromB": 100, "toB": 100, "inserted": [""]}}
{"dateTime": "2025-08-21T16:40:11.143Z", "eventType": "delete.backward", "fullPath": "/main.py", "details": {"fromA": 99, "toA": 100, "fromB": 99, "toB": 99, "inserted": [""]}}
{"dateTime": "2025-08-21T16:40:11.320Z", "eventType": "delete.backward", "fullPath": "/main.py", "details": {"fromA": 98, "toA": 99, "fromB": 98, "toB": 98, "inserted": [""]}}
{"dateTime": "2025-08-21T16:40:12.952Z", "eventType": "input.type", "fullPath": "/main.py", "details": {"fromA": 98, "toA": 98, "fromB": 98, "toB": 99, "inserted": ["l"]}}
{"dateTime": "2025-08-21T16:40:13.128Z", "eventType": "input.type", "fullPath": "/main.py", "details": {"fromA": 99, "toA": 99, "fromB": 99, "toB": 100, "inserted": ["o"]}}
{"dateTime": "2025-08-21T16:40:13.863Z", "eventType": "input.type", "fullPath": "/main.py", "details": {"fromA": 100, "toA": 100, "fromB": 100, "toB": 101, "inserted": ["w"]}}
{"dateTime": "2025-08-21T16:40:14.056Z", "eventType": "input.type", "fullPath": "/main.py", "details": {"fromA": 101, "toA": 101, "fromB": 101, "toB": 102, "inserted": ["e"]}}
{"dateTime": "2025-08-21T16:40:14.823Z", "eventType": "input.type", "fullPath": "/main.py", "details": {"fromA": 102, "toA": 102, "fromB": 102, "toB": 104, "inserted": ["()"]}}
{"dateTime": "2025-08-21T16:40:15.031Z", "eventType": "input.type", "fullPath": "/main.py", "details": {"fromA": 103, "toA": 104, "fromB": 103, "toB": 104, "inserted": [")"]}}
{"dateTime": "2025-08-21T16:40:17.035Z", "eventType": "blur", "fullPath": "/main.py"}
{"dateTime": "2025-08-21T16:40:17.038Z", "eventType": "focus", "fullPath": "/main.py"}
{"dateTime": "2025-08-21T16:40:17.041Z", "eventType": "select", "fullPath": "/main.py", "details": {"selection": {"from": 105, "to": 105}}}
{"dateTime": "2025-08-21T16:40:17.407Z", "eventType": "blur", "fullPath": "/main.py"}
{"dateTime": "2025-08-21T16:40:17.751Z", "eventType": "run", "details": {"commit": "82a22012d2b3484b06c2434874b2418a9ee943a4"}}
{"dateTime": "2025-08-21T16:40:22.021Z", "eventType": "focus", "fullPath": "/main.py"}
{"dateTime": "2025-08-21T16:40:22.028Z", "eventType": "select.pointer", "fullPath": "/main.py", "details": {"selection": {"from": 102, "to": 102}}}
{"dateTime": "2025-08-21T16:40:23.034Z", "eventType": "input.type", "fullPath": "/main.py", "details": {"fromA": 102, "toA": 102, "fromB": 102, "toB": 103, "inserted": ["r"]}}
{"dateTime": "2025-08-21T16:40:23.687Z", "eventType": "blur", "fullPath": "/main.py"}
