{"dateTime": "2025-08-18T19:01:24.221Z", "eventType": "window.focus", "fullPath": "/main.py"}
{"dateTime": "2025-08-18T19:01:38.257Z", "eventType": "window.blur", "fullPath": "/main.py"}
{"dateTime": "2025-08-18T19:01:47.890Z", "eventType": "focus", "fullPath": "/main.py"}
{"dateTime": "2025-08-18T19:01:47.892Z", "eventType": "select.pointer", "fullPath": "/main.py", "details": {"selection": {"from": 0, "to": 0}}}
{"dateTime": "2025-08-18T19:01:48.002Z", "eventType": "select.pointer", "fullPath": "/main.py", "details": {"selection": {"from": 0, "to": 0}}}
{"dateTime": "2025-08-18T19:01:55.924Z", "eventType": "input.type", "fullPath": "/main.py", "details": {"fromA": 0, "toA": 0, "fromB": 0, "toB": 1, "inserted": ["a"]}}
{"dateTime": "2025-08-18T19:01:56.481Z", "eventType": "input.type", "fullPath": "/main.py", "details": {"fromA": 1, "toA": 1, "fromB": 1, "toB": 2, "inserted": [" "]}}
{"dateTime": "2025-08-18T19:01:56.655Z", "eventType": "input.type", "fullPath": "/main.py", "details": {"fromA": 2, "toA": 2, "fromB": 2, "toB": 3, "inserted": ["="]}}
{"dateTime": "2025-08-18T19:01:58.050Z", "eventType": "input.type", "fullPath": "/main.py", "details": {"fromA": 3, "toA": 3, "fromB": 3, "toB": 4, "inserted": [" "]}}
{"dateTime": "2025-08-18T19:01:58.836Z", "eventType": "input.type", "fullPath": "/main.py", "details": {"fromA": 4, "toA": 4, "fromB": 4, "toB": 5, "inserted": ["f"]}}
{"dateTime": "2025-08-18T19:01:58.945Z", "eventType": "input.type", "fullPath": "/main.py", "details": {"fromA": 5, "toA": 5, "fromB": 5, "toB": 6, "inserted": ["l"]}}
{"dateTime": "2025-08-18T19:01:59.140Z", "eventType": "input.type", "fullPath": "/main.py", "details": {"fromA": 6, "toA": 6, "fromB": 6, "toB": 7, "inserted": ["o"]}}
{"dateTime": "2025-08-18T19:01:59.570Z", "eventType": "input.complete", "fullPath": "/main.py", "details": {"fromA": 4, "toA": 7, "fromB": 4, "toB": 9, "inserted": ["float"]}}
{"dateTime": "2025-08-18T19:02:01.184Z", "eventType": "input.type", "fullPath": "/main.py", "details": {"fromA": 9, "toA": 9, "fromB": 9, "toB": 11, "inserted": ["()"]}}
{"dateTime": "2025-08-18T19:02:01.538Z", "eventType": "input.type", "fullPath": "/main.py", "details": {"fromA": 10, "toA": 10, "fromB": 10, "toB": 11, "inserted": ["i"]}}
{"dateTime": "2025-08-18T19:02:01.828Z", "eventType": "input.type", "fullPath": "/main.py", "details": {"fromA": 11, "toA": 11, "fromB": 11, "toB": 12, "inserted": ["n"]}}
{"dateTime": "2025-08-18T19:02:02.561Z", "eventType": "input.complete", "fullPath": "/main.py", "details": {"fromA": 10, "toA": 12, "fromB": 10, "toB": 15, "inserted": ["input"]}}
{"dateTime": "2025-08-18T19:02:03.441Z", "eventType": "input.type", "fullPath": "/main.py", "details": {"fromA": 15, "toA": 15, "fromB": 15, "toB": 17, "inserted": ["()"]}}
{"dateTime": "2025-08-18T19:02:08.348Z", "eventType": "select.pointer", "fullPath": "/main.py", "details": {"selection": {"from": 18, "to": 18}}}
{"dateTime": "2025-08-18T19:02:09.187Z", "eventType": "input", "fullPath": "/main.py", "details": {"fromA": 18, "toA": 18, "fromB": 18, "toB": 19, "inserted": ["", ""]}}
{"dateTime": "2025-08-18T19:02:09.923Z", "eventType": "select.pointer", "fullPath": "/main.py", "details": {"selection": {"from": 0, "to": 0}}}
{"dateTime": "2025-08-18T19:02:09.990Z", "eventType": "select.pointer", "fullPath": "/main.py", "details": {"selection": {"from": 0, "to": 1}}}
{"dateTime": "2025-08-18T19:02:10.005Z", "eventType": "select.pointer", "fullPath": "/main.py", "details": {"selection": {"from": 0, "to": 3}}}
{"dateTime": "2025-08-18T19:02:10.021Z", "eventType": "select.pointer", "fullPath": "/main.py", "details": {"selection": {"from": 0, "to": 5}}}
{"dateTime": "2025-08-18T19:02:10.038Z", "eventType": "select.pointer", "fullPath": "/main.py", "details": {"selection": {"from": 0, "to": 7}}}
{"dateTime": "2025-08-18T19:02:10.054Z", "eventType": "select.pointer", "fullPath": "/main.py", "details": {"selection": {"from": 0, "to": 8}}}
{"dateTime": "2025-08-18T19:02:10.071Z", "eventType": "select.pointer", "fullPath": "/main.py", "details": {"selection": {"from": 0, "to": 9}}}
{"dateTime": "2025-08-18T19:02:10.088Z", "eventType": "select.pointer", "fullPath": "/main.py", "details": {"selection": {"from": 0, "to": 11}}}
{"dateTime": "2025-08-18T19:02:10.104Z", "eventType": "select.pointer", "fullPath": "/main.py", "details": {"selection": {"from": 0, "to": 12}}}
{"dateTime": "2025-08-18T19:02:10.138Z", "eventType": "select.pointer", "fullPath": "/main.py", "details": {"selection": {"from": 0, "to": 13}}}
{"dateTime": "2025-08-18T19:02:10.169Z", "eventType": "select.pointer", "fullPath": "/main.py", "details": {"selection": {"from": 14, "to": 14}}}
{"dateTime": "2025-08-18T19:02:10.188Z", "eventType": "select.pointer", "fullPath": "/main.py", "details": {"selection": {"from": 14, "to": 14}}}
{"dateTime": "2025-08-18T19:02:10.205Z", "eventType": "select.pointer", "fullPath": "/main.py", "details": {"selection": {"from": 14, "to": 15}}}
{"dateTime": "2025-08-18T19:02:10.272Z", "eventType": "select.pointer", "fullPath": "/main.py", "details": {"selection": {"from": 14, "to": 16}}}
{"dateTime": "2025-08-18T19:02:10.339Z", "eventType": "select.pointer", "fullPath": "/main.py", "details": {"selection": {"from": 14, "to": 17}}}
{"dateTime": "2025-08-18T19:02:10.354Z", "eventType": "select.pointer", "fullPath": "/main.py", "details": {"selection": {"from": 14, "to": 18}}}
{"dateTime": "2025-08-18T19:02:10.857Z", "eventType": "select.pointer", "fullPath": "/main.py", "details": {"selection": {"from": 18, "to": 18}}}
{"dateTime": "2025-08-18T19:02:12.184Z", "eventType": "select.pointer", "fullPath": "/main.py", "details": {"selection": {"from": 0, "to": 0}}}
{"dateTime": "2025-08-18T19:02:12.373Z", "eventType": "select.pointer", "fullPath": "/main.py", "details": {"selection": {"from": 0, "to": 1}}}
{"dateTime": "2025-08-18T19:02:12.388Z", "eventType": "select.pointer", "fullPath": "/main.py", "details": {"selection": {"from": 0, "to": 2}}}
{"dateTime": "2025-08-18T19:02:12.405Z", "eventType": "select.pointer", "fullPath": "/main.py", "details": {"selection": {"from": 0, "to": 3}}}
{"dateTime": "2025-08-18T19:02:12.421Z", "eventType": "select.pointer", "fullPath": "/main.py", "details": {"selection": {"from": 0, "to": 4}}}
{"dateTime": "2025-08-18T19:02:12.438Z", "eventType": "select.pointer", "fullPath": "/main.py", "details": {"selection": {"from": 0, "to": 6}}}
{"dateTime": "2025-08-18T19:02:12.454Z", "eventType": "select.pointer", "fullPath": "/main.py", "details": {"selection": {"from": 0, "to": 7}}}
{"dateTime": "2025-08-18T19:02:12.473Z", "eventType": "select.pointer", "fullPath": "/main.py", "details": {"selection": {"from": 0, "to": 8}}}
{"dateTime": "2025-08-18T19:02:12.487Z", "eventType": "select.pointer", "fullPath": "/main.py", "details": {"selection": {"from": 0, "to": 9}}}
{"dateTime": "2025-08-18T19:02:12.521Z", "eventType": "select.pointer", "fullPath": "/main.py", "details": {"selection": {"from": 0, "to": 10}}}
{"dateTime": "2025-08-18T19:02:12.571Z", "eventType": "select.pointer", "fullPath": "/main.py", "details": {"selection": {"from": 0, "to": 11}}}
{"dateTime": "2025-08-18T19:02:12.605Z", "eventType": "select.pointer", "fullPath": "/main.py", "details": {"selection": {"from": 0, "to": 12}}}
{"dateTime": "2025-08-18T19:02:12.638Z", "eventType": "select.pointer", "fullPath": "/main.py", "details": {"selection": {"from": 0, "to": 13}}}
{"dateTime": "2025-08-18T19:02:12.688Z", "eventType": "select.pointer", "fullPath": "/main.py", "details": {"selection": {"from": 0, "to": 14}}}
{"dateTime": "2025-08-18T19:02:12.755Z", "eventType": "select.pointer", "fullPath": "/main.py", "details": {"selection": {"from": 0, "to": 15}}}
{"dateTime": "2025-08-18T19:02:12.822Z", "eventType": "select.pointer", "fullPath": "/main.py", "details": {"selection": {"from": 0, "to": 16}}}
{"dateTime": "2025-08-18T19:02:12.889Z", "eventType": "select.pointer", "fullPath": "/main.py", "details": {"selection": {"from": 0, "to": 17}}}
{"dateTime": "2025-08-18T19:02:12.921Z", "eventType": "select.pointer", "fullPath": "/main.py", "details": {"selection": {"from": 0, "to": 18}}}
{"dateTime": "2025-08-18T19:02:14.522Z", "eventType": "select.pointer", "fullPath": "/main.py", "details": {"selection": {"from": 19, "to": 19}}}
{"dateTime": "2025-08-18T19:02:15.108Z", "eventType": "generic", "fullPath": "/main.py", "details": {"fromA": 19, "toA": 19, "fromB": 19, "toB": 37, "inserted": ["a = float(input())"]}}
{"dateTime": "2025-08-18T19:02:17.323Z", "eventType": "select.pointer", "fullPath": "/main.py", "details": {"selection": {"from": 20, "to": 20}}}
{"dateTime": "2025-08-18T19:02:20.323Z", "eventType": "delete.backward", "fullPath": "/main.py", "details": {"fromA": 19, "toA": 20, "fromB": 19, "toB": 19, "inserted": [""]}}
{"dateTime": "2025-08-18T19:02:21.155Z", "eventType": "input.type", "fullPath": "/main.py", "details": {"fromA": 19, "toA": 19, "fromB": 19, "toB": 20, "inserted": ["b"]}}
{"dateTime": "2025-08-18T19:02:22.273Z", "eventType": "input.complete", "fullPath": "/main.py", "details": {"fromA": 19, "toA": 20, "fromB": 19, "toB": 20, "inserted": ["b"]}}
{"dateTime": "2025-08-18T19:02:23.531Z", "eventType": "select.pointer", "fullPath": "/main.py", "details": {"selection": {"from": 37, "to": 37}}}
{"dateTime": "2025-08-18T19:02:24.513Z", "eventType": "input", "fullPath": "/main.py", "details": {"fromA": 37, "toA": 37, "fromB": 37, "toB": 38, "inserted": ["", ""]}}
{"dateTime": "2025-08-18T19:02:27.876Z", "eventType": "generic", "fullPath": "/main.py", "details": {"fromA": 38, "toA": 38, "fromB": 38, "toB": 56, "inserted": ["a = float(input())"]}}
{"dateTime": "2025-08-18T19:02:28.579Z", "eventType": "select.pointer", "fullPath": "/main.py", "details": {"selection": {"from": 39, "to": 39}}}
{"dateTime": "2025-08-18T19:02:29.489Z", "eventType": "delete.backward", "fullPath": "/main.py", "details": {"fromA": 38, "toA": 39, "fromB": 38, "toB": 38, "inserted": [""]}}
{"dateTime": "2025-08-18T19:02:30.437Z", "eventType": "input.type", "fullPath": "/main.py", "details": {"fromA": 38, "toA": 38, "fromB": 38, "toB": 39, "inserted": ["y"]}}
{"dateTime": "2025-08-18T19:02:31.986Z", "eventType": "input.complete", "fullPath": "/main.py", "details": {"fromA": 38, "toA": 39, "fromB": 38, "toB": 39, "inserted": ["y"]}}
{"dateTime": "2025-08-18T19:02:48.944Z", "eventType": "select.pointer", "fullPath": "/main.py", "details": {"selection": {"from": 0, "to": 0}}}
{"dateTime": "2025-08-18T19:02:49.009Z", "eventType": "select.pointer", "fullPath": "/main.py", "details": {"selection": {"from": 0, "to": 1}}}
{"dateTime": "2025-08-18T19:02:49.562Z", "eventType": "select.pointer", "fullPath": "/main.py", "details": {"selection": {"from": 0, "to": 0}}}
{"dateTime": "2025-08-18T19:02:50.819Z", "eventType": "input", "fullPath": "/main.py", "details": {"fromA": 0, "toA": 0, "fromB": 0, "toB": 1, "inserted": ["", ""]}}
{"dateTime": "2025-08-18T19:02:51.340Z", "eventType": "select.pointer", "fullPath": "/main.py", "details": {"selection": {"from": 0, "to": 0}}}
{"dateTime": "2025-08-18T19:02:52.340Z", "eventType": "input.type", "fullPath": "/main.py", "details": {"fromA": 0, "toA": 0, "fromB": 0, "toB": 1, "inserted": ["i"]}}
{"dateTime": "2025-08-18T19:02:52.979Z", "eventType": "input.type", "fullPath": "/main.py", "details": {"fromA": 1, "toA": 1, "fromB": 1, "toB": 2, "inserted": ["m"]}}
{"dateTime": "2025-08-18T19:02:54.178Z", "eventType": "input.type", "fullPath": "/main.py", "details": {"fromA": 2, "toA": 2, "fromB": 2, "toB": 3, "inserted": ["p"]}}
{"dateTime": "2025-08-18T19:02:54.500Z", "eventType": "input.type", "fullPath": "/main.py", "details": {"fromA": 3, "toA": 3, "fromB": 3, "toB": 4, "inserted": ["o"]}}
{"dateTime": "2025-08-18T19:02:56.148Z", "eventType": "input.type", "fullPath": "/main.py", "details": {"fromA": 4, "toA": 4, "fromB": 4, "toB": 5, "inserted": ["r"]}}
{"dateTime": "2025-08-18T19:02:56.356Z", "eventType": "input.type", "fullPath": "/main.py", "details": {"fromA": 5, "toA": 5, "fromB": 5, "toB": 6, "inserted": ["t"]}}
{"dateTime": "2025-08-18T19:02:56.882Z", "eventType": "input.type", "fullPath": "/main.py", "details": {"fromA": 6, "toA": 6, "fromB": 6, "toB": 7, "inserted": [" "]}}
{"dateTime": "2025-08-18T19:02:57.875Z", "eventType": "input.type", "fullPath": "/main.py", "details": {"fromA": 7, "toA": 7, "fromB": 7, "toB": 8, "inserted": ["m"]}}
{"dateTime": "2025-08-18T19:02:58.240Z", "eventType": "input.type", "fullPath": "/main.py", "details": {"fromA": 8, "toA": 8, "fromB": 8, "toB": 9, "inserted": ["a"]}}
{"dateTime": "2025-08-18T19:02:58.532Z", "eventType": "input.type", "fullPath": "/main.py", "details": {"fromA": 9, "toA": 9, "fromB": 9, "toB": 10, "inserted": ["t"]}}
{"dateTime": "2025-08-18T19:02:58.931Z", "eventType": "input.type", "fullPath": "/main.py", "details": {"fromA": 10, "toA": 10, "fromB": 10, "toB": 11, "inserted": ["h"]}}
{"dateTime": "2025-08-18T19:03:10.756Z", "eventType": "select.pointer", "fullPath": "/main.py", "details": {"selection": {"from": 68, "to": 68}}}
{"dateTime": "2025-08-18T19:03:48.774Z", "eventType": "blur", "fullPath": "/main.py"}
{"dateTime": "2025-08-18T19:04:01.680Z", "eventType": "window.blur", "fullPath": "/main.py"}
{"dateTime": "2025-08-18T19:04:08.466Z", "eventType": "window.focus", "fullPath": "/main.py"}
{"dateTime": "2025-08-18T19:04:11.600Z", "eventType": "window.blur", "fullPath": "/main.py"}
{"dateTime": "2025-08-18T19:04:27.903Z", "eventType": "window.focus", "fullPath": "/main.py"}
{"dateTime": "2025-08-18T19:04:35.855Z", "eventType": "window.blur", "fullPath": "/main.py"}
{"dateTime": "2025-08-18T19:04:39.093Z", "eventType": "window.focus", "fullPath": "/main.py"}
{"dateTime": "2025-08-18T19:04:48.383Z", "eventType": "focus", "fullPath": "/main.py"}
{"dateTime": "2025-08-18T19:04:48.384Z", "eventType": "select.pointer", "fullPath": "/main.py", "details": {"selection": {"from": 68, "to": 68}}}
{"dateTime": "2025-08-18T19:04:48.457Z", "eventType": "select.pointer", "fullPath": "/main.py", "details": {"selection": {"from": 65, "to": 68}}}
{"dateTime": "2025-08-18T19:04:49.173Z", "eventType": "select.pointer", "fullPath": "/main.py", "details": {"selection": {"from": 68, "to": 68}}}
{"dateTime": "2025-08-18T19:04:49.909Z", "eventType": "generic", "fullPath": "/main.py", "details": {"fromA": 68, "toA": 68, "fromB": 68, "toB": 86, "inserted": ["a = float(input())"]}}
{"dateTime": "2025-08-18T19:04:51.489Z", "eventType": "delete.backward", "fullPath": "/main.py", "details": {"fromA": 85, "toA": 86, "fromB": 85, "toB": 85, "inserted": [""]}}
{"dateTime": "2025-08-18T19:04:51.778Z", "eventType": "delete.backward", "fullPath": "/main.py", "details": {"fromA": 84, "toA": 85, "fromB": 84, "toB": 84, "inserted": [""]}}
{"dateTime": "2025-08-18T19:04:52.286Z", "eventType": "delete.backward", "fullPath": "/main.py", "details": {"fromA": 83, "toA": 84, "fromB": 83, "toB": 83, "inserted": [""]}}
{"dateTime": "2025-08-18T19:04:52.315Z", "eventType": "delete.backward", "fullPath": "/main.py", "details": {"fromA": 82, "toA": 83, "fromB": 82, "toB": 82, "inserted": [""]}}
{"dateTime": "2025-08-18T19:04:52.346Z", "eventType": "delete.backward", "fullPath": "/main.py", "details": {"fromA": 81, "toA": 82, "fromB": 81, "toB": 81, "inserted": [""]}}
{"dateTime": "2025-08-18T19:04:52.375Z", "eventType": "delete.backward", "fullPath": "/main.py", "details": {"fromA": 80, "toA": 81, "fromB": 80, "toB": 80, "inserted": [""]}}
{"dateTime": "2025-08-18T19:04:52.420Z", "eventType": "delete.backward", "fullPath": "/main.py", "details": {"fromA": 79, "toA": 80, "fromB": 79, "toB": 79, "inserted": [""]}}
{"dateTime": "2025-08-18T19:04:52.452Z", "eventType": "delete.backward", "fullPath": "/main.py", "details": {"fromA": 78, "toA": 79, "fromB": 78, "toB": 78, "inserted": [""]}}
{"dateTime": "2025-08-18T19:04:52.482Z", "eventType": "delete.backward", "fullPath": "/main.py", "details": {"fromA": 77, "toA": 78, "fromB": 77, "toB": 77, "inserted": [""]}}
{"dateTime": "2025-08-18T19:04:52.514Z", "eventType": "delete.backward", "fullPath": "/main.py", "details": {"fromA": 76, "toA": 77, "fromB": 76, "toB": 76, "inserted": [""]}}
{"dateTime": "2025-08-18T19:04:52.544Z", "eventType": "delete.backward", "fullPath": "/main.py", "details": {"fromA": 75, "toA": 76, "fromB": 75, "toB": 75, "inserted": [""]}}
{"dateTime": "2025-08-18T19:04:52.575Z", "eventType": "delete.backward", "fullPath": "/main.py", "details": {"fromA": 74, "toA": 75, "fromB": 74, "toB": 74, "inserted": [""]}}
{"dateTime": "2025-08-18T19:04:52.607Z", "eventType": "delete.backward", "fullPath": "/main.py", "details": {"fromA": 73, "toA": 74, "fromB": 73, "toB": 73, "inserted": [""]}}
{"dateTime": "2025-08-18T19:04:52.653Z", "eventType": "delete.backward", "fullPath": "/main.py", "details": {"fromA": 72, "toA": 73, "fromB": 72, "toB": 72, "inserted": [""]}}
{"dateTime": "2025-08-18T19:04:52.683Z", "eventType": "delete.backward", "fullPath": "/main.py", "details": {"fromA": 71, "toA": 72, "fromB": 71, "toB": 71, "inserted": [""]}}
{"dateTime": "2025-08-18T19:04:52.867Z", "eventType": "delete.backward", "fullPath": "/main.py", "details": {"fromA": 70, "toA": 71, "fromB": 70, "toB": 70, "inserted": [""]}}
{"dateTime": "2025-08-18T19:04:53.073Z", "eventType": "delete.backward", "fullPath": "/main.py", "details": {"fromA": 69, "toA": 70, "fromB": 69, "toB": 69, "inserted": [""]}}
{"dateTime": "2025-08-18T19:04:53.299Z", "eventType": "delete.backward", "fullPath": "/main.py", "details": {"fromA": 68, "toA": 69, "fromB": 68, "toB": 68, "inserted": [""]}}
{"dateTime": "2025-08-18T19:04:54.274Z", "eventType": "blur", "fullPath": "/main.py"}
{"dateTime": "2025-08-18T19:04:54.275Z", "eventType": "window.blur", "fullPath": "/main.py"}
{"dateTime": "2025-08-18T19:05:19.378Z", "eventType": "focus", "fullPath": "/main.py"}
{"dateTime": "2025-08-18T19:05:21.098Z", "eventType": "blur", "fullPath": "/main.py"}
{"dateTime": "2025-08-18T19:05:21.100Z", "eventType": "window.blur", "fullPath": "/main.py"}
{"dateTime": "2025-08-18T19:05:23.781Z", "eventType": "focus", "fullPath": "/main.py"}
{"dateTime": "2025-08-18T19:05:25.858Z", "eventType": "input", "fullPath": "/main.py", "details": {"fromA": 68, "toA": 68, "fromB": 68, "toB": 69, "inserted": ["", ""]}}
{"dateTime": "2025-08-18T19:05:26.449Z", "eventType": "input", "fullPath": "/main.py", "details": {"fromA": 69, "toA": 69, "fromB": 69, "toB": 70, "inserted": ["", ""]}}
{"dateTime": "2025-08-18T19:05:27.620Z", "eventType": "input.type", "fullPath": "/main.py", "details": {"fromA": 70, "toA": 70, "fromB": 70, "toB": 71, "inserted": ["c"]}}
{"dateTime": "2025-08-18T19:05:28.948Z", "eventType": "input.type", "fullPath": "/main.py", "details": {"fromA": 71, "toA": 71, "fromB": 71, "toB": 72, "inserted": [" "]}}
{"dateTime": "2025-08-18T19:05:30.481Z", "eventType": "input.type", "fullPath": "/main.py", "details": {"fromA": 72, "toA": 72, "fromB": 72, "toB": 73, "inserted": ["="]}}
{"dateTime": "2025-08-18T19:05:30.805Z", "eventType": "input.type", "fullPath": "/main.py", "details": {"fromA": 73, "toA": 73, "fromB": 73, "toB": 74, "inserted": [" "]}}
{"dateTime": "2025-08-18T19:05:32.625Z", "eventType": "input.type", "fullPath": "/main.py", "details": {"fromA": 74, "toA": 74, "fromB": 74, "toB": 75, "inserted": ["m"]}}
{"dateTime": "2025-08-18T19:05:32.739Z", "eventType": "input.type", "fullPath": "/main.py", "details": {"fromA": 75, "toA": 75, "fromB": 75, "toB": 76, "inserted": ["a"]}}
{"dateTime": "2025-08-18T19:05:33.218Z", "eventType": "input.type", "fullPath": "/main.py", "details": {"fromA": 76, "toA": 76, "fromB": 76, "toB": 77, "inserted": ["t"]}}
{"dateTime": "2025-08-18T19:05:33.412Z", "eventType": "input.type", "fullPath": "/main.py", "details": {"fromA": 77, "toA": 77, "fromB": 77, "toB": 78, "inserted": ["h"]}}
{"dateTime": "2025-08-18T19:05:34.709Z", "eventType": "input.type", "fullPath": "/main.py", "details": {"fromA": 78, "toA": 78, "fromB": 78, "toB": 79, "inserted": ["."]}}
{"dateTime": "2025-08-18T19:05:35.888Z", "eventType": "input.type", "fullPath": "/main.py", "details": {"fromA": 79, "toA": 79, "fromB": 79, "toB": 80, "inserted": ["s"]}}
{"dateTime": "2025-08-18T19:05:36.178Z", "eventType": "input.type", "fullPath": "/main.py", "details": {"fromA": 80, "toA": 80, "fromB": 80, "toB": 81, "inserted": ["q"]}}
{"dateTime": "2025-08-18T19:05:37.008Z", "eventType": "input.type", "fullPath": "/main.py", "details": {"fromA": 81, "toA": 81, "fromB": 81, "toB": 82, "inserted": ["r"]}}
{"dateTime": "2025-08-18T19:05:37.300Z", "eventType": "input.type", "fullPath": "/main.py", "details": {"fromA": 82, "toA": 82, "fromB": 82, "toB": 83, "inserted": ["t"]}}
{"dateTime": "2025-08-18T19:05:38.144Z", "eventType": "input.type", "fullPath": "/main.py", "details": {"fromA": 83, "toA": 83, "fromB": 83, "toB": 85, "inserted": ["()"]}}
{"dateTime": "2025-08-18T19:05:39.607Z", "eventType": "window.blur", "fullPath": "/main.py"}
{"dateTime": "2025-08-18T19:05:42.245Z", "eventType": "focus", "fullPath": "/main.py"}
{"dateTime": "2025-08-18T19:05:44.212Z", "eventType": "input.type", "fullPath": "/main.py", "details": {"fromA": 84, "toA": 84, "fromB": 84, "toB": 85, "inserted": ["a"]}}
{"dateTime": "2025-08-18T19:05:46.549Z", "eventType": "input.type", "fullPath": "/main.py", "details": {"fromA": 85, "toA": 85, "fromB": 85, "toB": 86, "inserted": ["*"]}}
{"dateTime": "2025-08-18T19:05:47.109Z", "eventType": "input.type", "fullPath": "/main.py", "details": {"fromA": 86, "toA": 86, "fromB": 86, "toB": 87, "inserted": ["*"]}}
{"dateTime": "2025-08-18T19:05:48.211Z", "eventType": "input.type", "fullPath": "/main.py", "details": {"fromA": 87, "toA": 87, "fromB": 87, "toB": 88, "inserted": ["2"]}}
{"dateTime": "2025-08-18T19:05:48.936Z", "eventType": "blur", "fullPath": "/main.py"}
{"dateTime": "2025-08-18T19:05:48.937Z", "eventType": "window.blur", "fullPath": "/main.py"}
{"dateTime": "2025-08-18T19:06:02.233Z", "eventType": "focus", "fullPath": "/main.py"}
{"dateTime": "2025-08-18T19:06:04.180Z", "eventType": "input.type", "fullPath": "/main.py", "details": {"fromA": 88, "toA": 88, "fromB": 88, "toB": 89, "inserted": [" "]}}
{"dateTime": "2025-08-18T19:06:04.979Z", "eventType": "input.type", "fullPath": "/main.py", "details": {"fromA": 89, "toA": 89, "fromB": 89, "toB": 90, "inserted": ["+"]}}
{"dateTime": "2025-08-18T19:06:05.525Z", "eventType": "input.type", "fullPath": "/main.py", "details": {"fromA": 90, "toA": 90, "fromB": 90, "toB": 91, "inserted": [" "]}}
{"dateTime": "2025-08-18T19:06:05.936Z", "eventType": "input.type", "fullPath": "/main.py", "details": {"fromA": 91, "toA": 91, "fromB": 91, "toB": 92, "inserted": ["b"]}}
{"dateTime": "2025-08-18T19:06:07.794Z", "eventType": "input.type", "fullPath": "/main.py", "details": {"fromA": 92, "toA": 92, "fromB": 92, "toB": 93, "inserted": ["*"]}}
{"dateTime": "2025-08-18T19:06:08.112Z", "eventType": "input.type", "fullPath": "/main.py", "details": {"fromA": 93, "toA": 93, "fromB": 93, "toB": 94, "inserted": ["*"]}}
{"dateTime": "2025-08-18T19:06:09.283Z", "eventType": "input.type", "fullPath": "/main.py", "details": {"fromA": 94, "toA": 94, "fromB": 94, "toB": 95, "inserted": ["2"]}}
{"dateTime": "2025-08-18T19:06:09.957Z", "eventType": "input.type", "fullPath": "/main.py", "details": {"fromA": 95, "toA": 95, "fromB": 95, "toB": 96, "inserted": [" "]}}
{"dateTime": "2025-08-18T19:06:10.883Z", "eventType": "input.type", "fullPath": "/main.py", "details": {"fromA": 96, "toA": 96, "fromB": 96, "toB": 97, "inserted": ["+"]}}
{"dateTime": "2025-08-18T19:06:12.407Z", "eventType": "blur", "fullPath": "/main.py"}
{"dateTime": "2025-08-18T19:06:12.408Z", "eventType": "window.blur", "fullPath": "/main.py"}
{"dateTime": "2025-08-18T19:06:16.040Z", "eventType": "focus", "fullPath": "/main.py"}
{"dateTime": "2025-08-18T19:06:17.301Z", "eventType": "delete.backward", "fullPath": "/main.py", "details": {"fromA": 96, "toA": 97, "fromB": 96, "toB": 96, "inserted": [""]}}
{"dateTime": "2025-08-18T19:06:17.970Z", "eventType": "input.type", "fullPath": "/main.py", "details": {"fromA": 96, "toA": 96, "fromB": 96, "toB": 97, "inserted": ["-"]}}
{"dateTime": "2025-08-18T19:06:18.481Z", "eventType": "input.type", "fullPath": "/main.py", "details": {"fromA": 97, "toA": 97, "fromB": 97, "toB": 98, "inserted": [" "]}}
{"dateTime": "2025-08-18T19:06:19.557Z", "eventType": "input.type", "fullPath": "/main.py", "details": {"fromA": 98, "toA": 98, "fromB": 98, "toB": 99, "inserted": ["1"]}}
{"dateTime": "2025-08-18T19:06:20.913Z", "eventType": "input.type", "fullPath": "/main.py", "details": {"fromA": 99, "toA": 99, "fromB": 99, "toB": 100, "inserted": ["*"]}}
{"dateTime": "2025-08-18T19:06:21.941Z", "eventType": "input.type", "fullPath": "/main.py", "details": {"fromA": 100, "toA": 100, "fromB": 100, "toB": 101, "inserted": ["a"]}}
{"dateTime": "2025-08-18T19:06:24.054Z", "eventType": "input.type", "fullPath": "/main.py", "details": {"fromA": 101, "toA": 101, "fromB": 101, "toB": 102, "inserted": ["b"]}}
{"dateTime": "2025-08-18T19:06:25.123Z", "eventType": "blur", "fullPath": "/main.py"}
{"dateTime": "2025-08-18T19:06:25.124Z", "eventType": "window.blur", "fullPath": "/main.py"}
{"dateTime": "2025-08-18T19:06:27.889Z", "eventType": "focus", "fullPath": "/main.py"}
{"dateTime": "2025-08-18T19:06:29.972Z", "eventType": "select", "fullPath": "/main.py", "details": {"selection": {"from": 101, "to": 101}}}
{"dateTime": "2025-08-18T19:06:31.604Z", "eventType": "input.type", "fullPath": "/main.py", "details": {"fromA": 101, "toA": 101, "fromB": 101, "toB": 102, "inserted": ["*"]}}
{"dateTime": "2025-08-18T19:06:32.419Z", "eventType": "select", "fullPath": "/main.py", "details": {"selection": {"from": 103, "to": 103}}}
{"dateTime": "2025-08-18T19:06:33.476Z", "eventType": "input.type", "fullPath": "/main.py", "details": {"fromA": 103, "toA": 103, "fromB": 103, "toB": 104, "inserted": ["*"]}}
{"dateTime": "2025-08-18T19:06:34.785Z", "eventType": "input.type", "fullPath": "/main.py", "details": {"fromA": 104, "toA": 104, "fromB": 104, "toB": 105, "inserted": ["m"]}}
{"dateTime": "2025-08-18T19:06:35.026Z", "eventType": "input.type", "fullPath": "/main.py", "details": {"fromA": 105, "toA": 105, "fromB": 105, "toB": 106, "inserted": ["a"]}}
{"dateTime": "2025-08-18T19:06:35.351Z", "eventType": "input.type", "fullPath": "/main.py", "details": {"fromA": 106, "toA": 106, "fromB": 106, "toB": 107, "inserted": ["t"]}}
{"dateTime": "2025-08-18T19:06:35.590Z", "eventType": "input.type", "fullPath": "/main.py", "details": {"fromA": 107, "toA": 107, "fromB": 107, "toB": 108, "inserted": ["h"]}}
{"dateTime": "2025-08-18T19:06:36.162Z", "eventType": "input.type", "fullPath": "/main.py", "details": {"fromA": 108, "toA": 108, "fromB": 108, "toB": 109, "inserted": ["."]}}
{"dateTime": "2025-08-18T19:06:36.677Z", "eventType": "input.type", "fullPath": "/main.py", "details": {"fromA": 109, "toA": 109, "fromB": 109, "toB": 110, "inserted": ["c"]}}
{"dateTime": "2025-08-18T19:06:36.818Z", "eventType": "input.type", "fullPath": "/main.py", "details": {"fromA": 110, "toA": 110, "fromB": 110, "toB": 111, "inserted": ["o"]}}
{"dateTime": "2025-08-18T19:06:37.174Z", "eventType": "input.type", "fullPath": "/main.py", "details": {"fromA": 111, "toA": 111, "fromB": 111, "toB": 112, "inserted": ["s"]}}
{"dateTime": "2025-08-18T19:06:37.843Z", "eventType": "input.type", "fullPath": "/main.py", "details": {"fromA": 112, "toA": 112, "fromB": 112, "toB": 114, "inserted": ["()"]}}
{"dateTime": "2025-08-18T19:06:39.530Z", "eventType": "blur", "fullPath": "/main.py"}
{"dateTime": "2025-08-18T19:06:39.531Z", "eventType": "window.blur", "fullPath": "/main.py"}
{"dateTime": "2025-08-18T19:06:46.782Z", "eventType": "window.focus", "fullPath": "/main.py"}
{"dateTime": "2025-08-18T19:06:46.783Z", "eventType": "focus", "fullPath": "/main.py"}
{"dateTime": "2025-08-18T19:06:48.678Z", "eventType": "input.type", "fullPath": "/main.py", "details": {"fromA": 113, "toA": 113, "fromB": 113, "toB": 114, "inserted": ["m"]}}
{"dateTime": "2025-08-18T19:06:48.819Z", "eventType": "input.type", "fullPath": "/main.py", "details": {"fromA": 114, "toA": 114, "fromB": 114, "toB": 115, "inserted": ["a"]}}
{"dateTime": "2025-08-18T19:06:49.288Z", "eventType": "input.type", "fullPath": "/main.py", "details": {"fromA": 115, "toA": 115, "fromB": 115, "toB": 116, "inserted": ["t"]}}
{"dateTime": "2025-08-18T19:06:49.398Z", "eventType": "input.type", "fullPath": "/main.py", "details": {"fromA": 116, "toA": 116, "fromB": 116, "toB": 117, "inserted": ["h"]}}
{"dateTime": "2025-08-18T19:06:50.134Z", "eventType": "input.type", "fullPath": "/main.py", "details": {"fromA": 117, "toA": 117, "fromB": 117, "toB": 118, "inserted": ["."]}}
{"dateTime": "2025-08-18T19:06:50.706Z", "eventType": "input.type", "fullPath": "/main.py", "details": {"fromA": 118, "toA": 118, "fromB": 118, "toB": 119, "inserted": ["r"]}}
{"dateTime": "2025-08-18T19:06:50.838Z", "eventType": "input.type", "fullPath": "/main.py", "details": {"fromA": 119, "toA": 119, "fromB": 119, "toB": 120, "inserted": ["a"]}}
{"dateTime": "2025-08-18T19:07:01.266Z", "eventType": "input.type", "fullPath": "/main.py", "details": {"fromA": 120, "toA": 120, "fromB": 120, "toB": 121, "inserted": ["d"]}}
{"dateTime": "2025-08-18T19:07:01.733Z", "eventType": "input.type", "fullPath": "/main.py", "details": {"fromA": 121, "toA": 121, "fromB": 121, "toB": 122, "inserted": ["i"]}}
{"dateTime": "2025-08-18T19:07:01.859Z", "eventType": "input.type", "fullPath": "/main.py", "details": {"fromA": 122, "toA": 122, "fromB": 122, "toB": 123, "inserted": ["a"]}}
{"dateTime": "2025-08-18T19:07:02.821Z", "eventType": "input.type", "fullPath": "/main.py", "details": {"fromA": 123, "toA": 123, "fromB": 123, "toB": 124, "inserted": ["n"]}}
{"dateTime": "2025-08-18T19:07:03.205Z", "eventType": "input.type", "fullPath": "/main.py", "details": {"fromA": 124, "toA": 124, "fromB": 124, "toB": 125, "inserted": ["s"]}}
{"dateTime": "2025-08-18T19:07:04.406Z", "eventType": "blur", "fullPath": "/main.py"}
{"dateTime": "2025-08-18T19:07:04.407Z", "eventType": "window.blur", "fullPath": "/main.py"}
{"dateTime": "2025-08-18T19:07:15.564Z", "eventType": "focus", "fullPath": "/main.py"}
{"dateTime": "2025-08-18T19:07:18.276Z", "eventType": "input.type", "fullPath": "/main.py", "details": {"fromA": 125, "toA": 125, "fromB": 125, "toB": 127, "inserted": ["()"]}}
{"dateTime": "2025-08-18T19:07:20.499Z", "eventType": "input.type", "fullPath": "/main.py", "details": {"fromA": 126, "toA": 126, "fromB": 126, "toB": 127, "inserted": ["y"]}}
{"dateTime": "2025-08-18T19:07:22.913Z", "eventType": "input.complete", "fullPath": "/main.py", "details": {"fromA": 126, "toA": 127, "fromB": 126, "toB": 127, "inserted": ["y"]}}
{"dateTime": "2025-08-18T19:07:25.371Z", "eventType": "blur", "fullPath": "/main.py"}
{"dateTime": "2025-08-18T19:07:25.372Z", "eventType": "window.blur", "fullPath": "/main.py"}
{"dateTime": "2025-08-18T19:07:28.614Z", "eventType": "focus", "fullPath": "/main.py"}
{"dateTime": "2025-08-18T19:07:30.303Z", "eventType": "select.pointer", "fullPath": "/main.py", "details": {"selection": {"from": 130, "to": 130}}}
{"dateTime": "2025-08-18T19:07:31.331Z", "eventType": "input", "fullPath": "/main.py", "details": {"fromA": 130, "toA": 130, "fromB": 130, "toB": 131, "inserted": ["", ""]}}
{"dateTime": "2025-08-18T19:07:32.356Z", "eventType": "input.type", "fullPath": "/main.py", "details": {"fromA": 131, "toA": 131, "fromB": 131, "toB": 132, "inserted": ["p"]}}
{"dateTime": "2025-08-18T19:07:32.515Z", "eventType": "input.type", "fullPath": "/main.py", "details": {"fromA": 132, "toA": 132, "fromB": 132, "toB": 133, "inserted": ["r"]}}
{"dateTime": "2025-08-18T19:07:34.706Z", "eventType": "input.complete", "fullPath": "/main.py", "details": {"fromA": 131, "toA": 133, "fromB": 131, "toB": 136, "inserted": ["print"]}}
{"dateTime": "2025-08-18T19:07:41.169Z", "eventType": "input.type", "fullPath": "/main.py", "details": {"fromA": 136, "toA": 136, "fromB": 136, "toB": 138, "inserted": ["()"]}}
{"dateTime": "2025-08-18T19:07:42.625Z", "eventType": "input.type", "fullPath": "/main.py", "details": {"fromA": 137, "toA": 137, "fromB": 137, "toB": 138, "inserted": ["r"]}}
{"dateTime": "2025-08-18T19:07:42.887Z", "eventType": "input.type", "fullPath": "/main.py", "details": {"fromA": 138, "toA": 138, "fromB": 138, "toB": 139, "inserted": ["o"]}}
{"dateTime": "2025-08-18T19:07:43.427Z", "eventType": "input.complete", "fullPath": "/main.py", "details": {"fromA": 137, "toA": 139, "fromB": 137, "toB": 142, "inserted": ["round"]}}
{"dateTime": "2025-08-18T19:07:44.260Z", "eventType": "input.type", "fullPath": "/main.py", "details": {"fromA": 142, "toA": 142, "fromB": 142, "toB": 143, "inserted": ["*"]}}
{"dateTime": "2025-08-18T19:07:44.836Z", "eventType": "input.type", "fullPath": "/main.py", "details": {"fromA": 143, "toA": 143, "fromB": 143, "toB": 145, "inserted": ["()"]}}
{"dateTime": "2025-08-18T19:07:45.504Z", "eventType": "delete.backward", "fullPath": "/main.py", "details": {"fromA": 143, "toA": 145, "fromB": 143, "toB": 143, "inserted": [""]}}
{"dateTime": "2025-08-18T19:07:45.682Z", "eventType": "delete.backward", "fullPath": "/main.py", "details": {"fromA": 142, "toA": 143, "fromB": 142, "toB": 142, "inserted": [""]}}
{"dateTime": "2025-08-18T19:07:46.580Z", "eventType": "input.type", "fullPath": "/main.py", "details": {"fromA": 142, "toA": 142, "fromB": 142, "toB": 144, "inserted": ["()"]}}
{"dateTime": "2025-08-18T19:07:47.957Z", "eventType": "input.type", "fullPath": "/main.py", "details": {"fromA": 143, "toA": 143, "fromB": 143, "toB": 144, "inserted": ["c"]}}
{"dateTime": "2025-08-18T19:07:48.322Z", "eventType": "input.type", "fullPath": "/main.py", "details": {"fromA": 144, "toA": 144, "fromB": 144, "toB": 145, "inserted": [","]}}
{"dateTime": "2025-08-18T19:07:48.853Z", "eventType": "input.type", "fullPath": "/main.py", "details": {"fromA": 145, "toA": 145, "fromB": 145, "toB": 146, "inserted": ["2"]}}
{"dateTime": "2025-08-18T19:07:52.521Z", "eventType": "blur", "fullPath": "/main.py"}
{"dateTime": "2025-08-18T19:08:14.800Z", "eventType": "window.blur", "fullPath": "/main.py"}
{"dateTime": "2025-08-18T19:08:16.057Z", "eventType": "window.focus", "fullPath": "/main.py"}
{"dateTime": "2025-08-18T19:08:17.727Z", "eventType": "window.blur", "fullPath": "/main.py"}
{"dateTime": "2025-08-18T19:08:23.417Z", "eventType": "window.focus", "fullPath": "/main.py"}
{"dateTime": "2025-08-18T19:08:27.115Z", "eventType": "focus", "fullPath": "/main.py"}
{"dateTime": "2025-08-18T19:08:27.121Z", "eventType": "select.pointer", "fullPath": "/main.py", "details": {"selection": {"from": 99, "to": 99}}}
{"dateTime": "2025-08-18T19:08:28.052Z", "eventType": "delete.backward", "fullPath": "/main.py", "details": {"fromA": 98, "toA": 99, "fromB": 98, "toB": 98, "inserted": [""]}}
{"dateTime": "2025-08-18T19:08:28.901Z", "eventType": "input.type", "fullPath": "/main.py", "details": {"fromA": 98, "toA": 98, "fromB": 98, "toB": 99, "inserted": ["2"]}}
{"dateTime": "2025-08-18T19:08:30.937Z", "eventType": "blur", "fullPath": "/main.py"}
{"dateTime": "2025-08-18T19:08:50.767Z", "eventType": "submission", "details": {"correctness": 1, "commit": "d76f08a3c2c8ff6bd1605d0f92138b6bc005f127", "executionTime": 0.01}}
{"dateTime": "2025-08-18T19:22:08.628Z", "eventType": "window.blur", "fullPath": "/main.py"}
{"dateTime": "2025-08-18T19:28:25.851Z", "eventType": "window.focus", "fullPath": "/main.py"}
{"dateTime": "2025-08-18T19:28:26.964Z", "eventType": "window.blur", "fullPath": "/main.py"}
{"dateTime": "2025-08-18T19:33:27.509Z", "eventType": "window.focus", "fullPath": "/main.py"}
{"dateTime": "2025-08-18T19:33:52.760Z", "eventType": "window.blur", "fullPath": "/main.py"}
{"dateTime": "2025-08-18T19:39:25.519Z", "eventType": "window.focus", "fullPath": "/main.py"}
{"dateTime": "2025-08-20T18:25:01.410Z", "eventType": "window.focus", "fullPath": "/main.py"}
{"dateTime": "2025-08-20T19:03:19.391Z", "eventType": "window.blur", "fullPath": "/main.py"}
{"dateTime": "2025-08-20T19:04:15.409Z", "eventType": "window.focus", "fullPath": "/main.py"}
{"dateTime": "2025-08-20T19:04:56.960Z", "eventType": "window.blur", "fullPath": "/main.py"}
{"dateTime": "2025-08-20T19:05:10.292Z", "eventType": "window.focus", "fullPath": "/main.py"}
{"dateTime": "2025-08-20T19:05:11.113Z", "eventType": "window.blur", "fullPath": "/main.py"}
{"dateTime": "2025-08-20T19:05:13.892Z", "eventType": "window.focus", "fullPath": "/main.py"}
{"dateTime": "2025-08-20T19:16:05.646Z", "eventType": "focus", "fullPath": "/main.py"}
{"dateTime": "2025-08-20T19:16:05.654Z", "eventType": "select", "fullPath": "/main.py", "details": {"selection": {"from": 148, "to": 148}}}
{"dateTime": "2025-08-20T19:16:07.365Z", "eventType": "input", "fullPath": "/main.py", "details": {"fromA": 148, "toA": 148, "fromB": 148, "toB": 149, "inserted": ["", ""]}}
{"dateTime": "2025-08-20T19:16:07.572Z", "eventType": "input", "fullPath": "/main.py", "details": {"fromA": 149, "toA": 149, "fromB": 149, "toB": 150, "inserted": ["", ""]}}
{"dateTime": "2025-08-20T19:16:07.782Z", "eventType": "input", "fullPath": "/main.py", "details": {"fromA": 150, "toA": 150, "fromB": 150, "toB": 151, "inserted": ["", ""]}}
{"dateTime": "2025-08-20T19:16:11.393Z", "eventType": "input.type", "fullPath": "/main.py", "details": {"fromA": 151, "toA": 151, "fromB": 151, "toB": 152, "inserted": ["."]}}
{"dateTime": "2025-08-20T19:16:11.510Z", "eventType": "input.indent", "fullPath": "/main.py", "details": {"fromA": 151, "toA": 151, "fromB": 151, "toB": 153, "inserted": ["  "]}}
{"dateTime": "2025-08-20T19:16:12.017Z", "eventType": "input.type", "fullPath": "/main.py", "details": {"fromA": 154, "toA": 154, "fromB": 154, "toB": 155, "inserted": ["."]}}
{"dateTime": "2025-08-20T19:16:12.020Z", "eventType": "input.indent", "fullPath": "/main.py", "details": {"fromA": 151, "toA": 151, "fromB": 151, "toB": 153, "inserted": ["  "]}}
{"dateTime": "2025-08-20T19:16:12.641Z", "eventType": "input.indent", "fullPath": "/main.py", "details": {"fromA": 151, "toA": 151, "fromB": 151, "toB": 153, "inserted": ["  "]}}
{"dateTime": "2025-08-20T19:16:12.652Z", "eventType": "input.type", "fullPath": "/main.py", "details": {"fromA": 159, "toA": 159, "fromB": 159, "toB": 160, "inserted": ["."]}}
{"dateTime": "2025-08-20T19:16:12.916Z", "eventType": "input.indent", "fullPath": "/main.py", "details": {"fromA": 151, "toA": 151, "fromB": 151, "toB": 153, "inserted": ["  "]}}
{"dateTime": "2025-08-20T19:16:12.948Z", "eventType": "input.type", "fullPath": "/main.py", "details": {"fromA": 162, "toA": 162, "fromB": 162, "toB": 163, "inserted": ["."]}}
{"dateTime": "2025-08-20T19:16:13.124Z", "eventType": "input.type", "fullPath": "/main.py", "details": {"fromA": 163, "toA": 163, "fromB": 163, "toB": 164, "inserted": ["."]}}
{"dateTime": "2025-08-20T19:16:13.131Z", "eventType": "input.indent", "fullPath": "/main.py", "details": {"fromA": 151, "toA": 151, "fromB": 151, "toB": 153, "inserted": ["  "]}}
{"dateTime": "2025-08-20T19:16:13.281Z", "eventType": "input.type", "fullPath": "/main.py", "details": {"fromA": 166, "toA": 166, "fromB": 166, "toB": 167, "inserted": ["."]}}
{"dateTime": "2025-08-20T19:16:13.298Z", "eventType": "input.indent", "fullPath": "/main.py", "details": {"fromA": 151, "toA": 151, "fromB": 151, "toB": 153, "inserted": ["  "]}}
{"dateTime": "2025-08-20T19:16:13.443Z", "eventType": "input.type", "fullPath": "/main.py", "details": {"fromA": 169, "toA": 169, "fromB": 169, "toB": 170, "inserted": ["."]}}
{"dateTime": "2025-08-20T19:16:13.489Z", "eventType": "input.indent", "fullPath": "/main.py", "details": {"fromA": 151, "toA": 151, "fromB": 151, "toB": 153, "inserted": ["  "]}}
{"dateTime": "2025-08-20T19:16:13.603Z", "eventType": "input.type", "fullPath": "/main.py", "details": {"fromA": 172, "toA": 172, "fromB": 172, "toB": 173, "inserted": ["."]}}
{"dateTime": "2025-08-20T19:16:13.778Z", "eventType": "input.type", "fullPath": "/main.py", "details": {"fromA": 173, "toA": 173, "fromB": 173, "toB": 174, "inserted": ["."]}}
{"dateTime": "2025-08-20T19:16:13.889Z", "eventType": "input.indent", "fullPath": "/main.py", "details": {"fromA": 151, "toA": 151, "fromB": 151, "toB": 153, "inserted": ["  "]}}
{"dateTime": "2025-08-20T19:16:14.896Z", "eventType": "delete.backward", "fullPath": "/main.py", "details": {"fromA": 175, "toA": 176, "fromB": 175, "toB": 175, "inserted": [""]}}
{"dateTime": "2025-08-20T19:16:15.396Z", "eventType": "delete.backward", "fullPath": "/main.py", "details": {"fromA": 174, "toA": 175, "fromB": 174, "toB": 174, "inserted": [""]}}
{"dateTime": "2025-08-20T19:16:15.446Z", "eventType": "delete.backward", "fullPath": "/main.py", "details": {"fromA": 173, "toA": 174, "fromB": 173, "toB": 173, "inserted": [""]}}
{"dateTime": "2025-08-20T19:16:15.498Z", "eventType": "delete.backward", "fullPath": "/main.py", "details": {"fromA": 172, "toA": 173, "fromB": 172, "toB": 172, "inserted": [""]}}
{"dateTime": "2025-08-20T19:16:15.547Z", "eventType": "delete.backward", "fullPath": "/main.py", "details": {"fromA": 171, "toA": 172, "fromB": 171, "toB": 171, "inserted": [""]}}
{"dateTime": "2025-08-20T19:16:15.598Z", "eventType": "delete.backward", "fullPath": "/main.py", "details": {"fromA": 170, "toA": 171, "fromB": 170, "toB": 170, "inserted": [""]}}
{"dateTime": "2025-08-20T19:16:15.649Z", "eventType": "delete.backward", "fullPath": "/main.py", "details": {"fromA": 169, "toA": 170, "fromB": 169, "toB": 169, "inserted": [""]}}
{"dateTime": "2025-08-20T19:16:15.698Z", "eventType": "delete.backward", "fullPath": "/main.py", "details": {"fromA": 168, "toA": 169, "fromB": 168, "toB": 168, "inserted": [""]}}
{"dateTime": "2025-08-20T19:16:15.749Z", "eventType": "delete.backward", "fullPath": "/main.py", "details": {"fromA": 167, "toA": 168, "fromB": 167, "toB": 167, "inserted": [""]}}
{"dateTime": "2025-08-20T19:16:15.800Z", "eventType": "delete.backward", "fullPath": "/main.py", "details": {"fromA": 165, "toA": 167, "fromB": 165, "toB": 165, "inserted": [""]}}
{"dateTime": "2025-08-20T19:16:15.851Z", "eventType": "delete.backward", "fullPath": "/main.py", "details": {"fromA": 163, "toA": 165, "fromB": 163, "toB": 163, "inserted": [""]}}
{"dateTime": "2025-08-20T19:16:15.902Z", "eventType": "delete.backward", "fullPath": "/main.py", "details": {"fromA": 161, "toA": 163, "fromB": 161, "toB": 161, "inserted": [""]}}
{"dateTime": "2025-08-20T19:16:15.953Z", "eventType": "delete.backward", "fullPath": "/main.py", "details": {"fromA": 159, "toA": 161, "fromB": 159, "toB": 159, "inserted": [""]}}
{"dateTime": "2025-08-20T19:16:16.000Z", "eventType": "delete.backward", "fullPath": "/main.py", "details": {"fromA": 157, "toA": 159, "fromB": 157, "toB": 157, "inserted": [""]}}
{"dateTime": "2025-08-20T19:16:16.055Z", "eventType": "delete.backward", "fullPath": "/main.py", "details": {"fromA": 155, "toA": 157, "fromB": 155, "toB": 155, "inserted": [""]}}
{"dateTime": "2025-08-20T19:16:16.106Z", "eventType": "delete.backward", "fullPath": "/main.py", "details": {"fromA": 153, "toA": 155, "fromB": 153, "toB": 153, "inserted": [""]}}
{"dateTime": "2025-08-20T19:16:16.155Z", "eventType": "delete.backward", "fullPath": "/main.py", "details": {"fromA": 151, "toA": 153, "fromB": 151, "toB": 151, "inserted": [""]}}
{"dateTime": "2025-08-20T19:16:16.208Z", "eventType": "delete.backward", "fullPath": "/main.py", "details": {"fromA": 150, "toA": 151, "fromB": 150, "toB": 150, "inserted": [""]}}
{"dateTime": "2025-08-20T19:16:16.259Z", "eventType": "delete.backward", "fullPath": "/main.py", "details": {"fromA": 149, "toA": 150, "fromB": 149, "toB": 149, "inserted": [""]}}
{"dateTime": "2025-08-20T19:16:16.313Z", "eventType": "delete.backward", "fullPath": "/main.py", "details": {"fromA": 148, "toA": 149, "fromB": 148, "toB": 148, "inserted": [""]}}
{"dateTime": "2025-08-20T19:16:16.360Z", "eventType": "delete.backward", "fullPath": "/main.py", "details": {"fromA": 147, "toA": 148, "fromB": 147, "toB": 147, "inserted": [""]}}
{"dateTime": "2025-08-20T19:16:16.411Z", "eventType": "delete.backward", "fullPath": "/main.py", "details": {"fromA": 146, "toA": 147, "fromB": 146, "toB": 146, "inserted": [""]}}
{"dateTime": "2025-08-20T19:16:16.460Z", "eventType": "delete.backward", "fullPath": "/main.py", "details": {"fromA": 145, "toA": 146, "fromB": 145, "toB": 145, "inserted": [""]}}
{"dateTime": "2025-08-20T19:16:22.176Z", "eventType": "input.type", "fullPath": "/main.py", "details": {"fromA": 145, "toA": 145, "fromB": 145, "toB": 146, "inserted": ["2"]}}
{"dateTime": "2025-08-20T19:16:23.842Z", "eventType": "input.type", "fullPath": "/main.py", "details": {"fromA": 146, "toA": 146, "fromB": 146, "toB": 147, "inserted": [")"]}}
{"dateTime": "2025-08-20T19:16:25.874Z", "eventType": "input.type", "fullPath": "/main.py", "details": {"fromA": 147, "toA": 147, "fromB": 147, "toB": 148, "inserted": [")"]}}
{"dateTime": "2025-08-20T19:18:56.415Z", "eventType": "window.blur", "fullPath": "/main.py"}
{"dateTime": "2025-08-20T19:35:15.867Z", "eventType": "focus", "fullPath": "/main.py"}
{"dateTime": "2025-08-20T19:35:15.875Z", "eventType": "select", "fullPath": "/main.py", "details": {"selection": {"from": 148, "to": 148}}}
{"dateTime": "2025-08-20T19:35:17.586Z", "eventType": "input", "fullPath": "/main.py", "details": {"fromA": 148, "toA": 148, "fromB": 148, "toB": 149, "inserted": ["", ""]}}
{"dateTime": "2025-08-20T19:35:17.793Z", "eventType": "input", "fullPath": "/main.py", "details": {"fromA": 149, "toA": 149, "fromB": 149, "toB": 150, "inserted": ["", ""]}}
{"dateTime": "2025-08-20T19:35:18.003Z", "eventType": "input", "fullPath": "/main.py", "details": {"fromA": 150, "toA": 150, "fromB": 150, "toB": 151, "inserted": ["", ""]}}
{"dateTime": "2025-08-20T19:35:21.614Z", "eventType": "input.type", "fullPath": "/main.py", "details": {"fromA": 151, "toA": 151, "fromB": 151, "toB": 152, "inserted": ["."]}}
{"dateTime": "2025-08-20T19:35:21.731Z", "eventType": "input.indent", "fullPath": "/main.py", "details": {"fromA": 151, "toA": 151, "fromB": 151, "toB": 153, "inserted": ["  "]}}
{"dateTime": "2025-08-20T19:35:22.238Z", "eventType": "input.type", "fullPath": "/main.py", "details": {"fromA": 154, "toA": 154, "fromB": 154, "toB": 155, "inserted": ["."]}}
{"dateTime": "2025-08-20T19:35:22.241Z", "eventType": "input.indent", "fullPath": "/main.py", "details": {"fromA": 151, "toA": 151, "fromB": 151, "toB": 153, "inserted": ["  "]}}
{"dateTime": "2025-08-20T19:35:22.862Z", "eventType": "input.indent", "fullPath": "/main.py", "details": {"fromA": 151, "toA": 151, "fromB": 151, "toB": 153, "inserted": ["  "]}}
{"dateTime": "2025-08-20T19:35:22.873Z", "eventType": "input.type", "fullPath": "/main.py", "details": {"fromA": 159, "toA": 159, "fromB": 159, "toB": 160, "inserted": ["."]}}
{"dateTime": "2025-08-20T19:35:23.137Z", "eventType": "input.indent", "fullPath": "/main.py", "details": {"fromA": 151, "toA": 151, "fromB": 151, "toB": 153, "inserted": ["  "]}}
{"dateTime": "2025-08-20T19:35:23.169Z", "eventType": "input.type", "fullPath": "/main.py", "details": {"fromA": 162, "toA": 162, "fromB": 162, "toB": 163, "inserted": ["."]}}
{"dateTime": "2025-08-20T19:35:23.345Z", "eventType": "input.type", "fullPath": "/main.py", "details": {"fromA": 163, "toA": 163, "fromB": 163, "toB": 164, "inserted": ["."]}}
{"dateTime": "2025-08-20T19:35:23.352Z", "eventType": "input.indent", "fullPath": "/main.py", "details": {"fromA": 151, "toA": 151, "fromB": 151, "toB": 153, "inserted": ["  "]}}
{"dateTime": "2025-08-20T19:35:23.502Z", "eventType": "input.type", "fullPath": "/main.py", "details": {"fromA": 166, "toA": 166, "fromB": 166, "toB": 167, "inserted": ["."]}}
{"dateTime": "2025-08-20T19:35:23.519Z", "eventType": "input.indent", "fullPath": "/main.py", "details": {"fromA": 151, "toA": 151, "fromB": 151, "toB": 153, "inserted": ["  "]}}
{"dateTime": "2025-08-20T19:35:23.664Z", "eventType": "input.type", "fullPath": "/main.py", "details": {"fromA": 169, "toA": 169, "fromB": 169, "toB": 170, "inserted": ["."]}}
{"dateTime": "2025-08-20T19:35:23.710Z", "eventType": "input.indent", "fullPath": "/main.py", "details": {"fromA": 151, "toA": 151, "fromB": 151, "toB": 153, "inserted": ["  "]}}
{"dateTime": "2025-08-20T19:35:23.824Z", "eventType": "input.type", "fullPath": "/main.py", "details": {"fromA": 172, "toA": 172, "fromB": 172, "toB": 173, "inserted": ["."]}}
{"dateTime": "2025-08-20T19:35:23.999Z", "eventType": "input.type", "fullPath": "/main.py", "details": {"fromA": 173, "toA": 173, "fromB": 173, "toB": 174, "inserted": ["."]}}
{"dateTime": "2025-08-20T19:35:24.110Z", "eventType": "input.indent", "fullPath": "/main.py", "details": {"fromA": 151, "toA": 151, "fromB": 151, "toB": 153, "inserted": ["  "]}}
{"dateTime": "2025-08-20T19:35:25.117Z", "eventType": "delete.backward", "fullPath": "/main.py", "details": {"fromA": 175, "toA": 176, "fromB": 175, "toB": 175, "inserted": [""]}}
{"dateTime": "2025-08-20T19:35:25.617Z", "eventType": "delete.backward", "fullPath": "/main.py", "details": {"fromA": 174, "toA": 175, "fromB": 174, "toB": 174, "inserted": [""]}}
{"dateTime": "2025-08-20T19:35:25.667Z", "eventType": "delete.backward", "fullPath": "/main.py", "details": {"fromA": 173, "toA": 174, "fromB": 173, "toB": 173, "inserted": [""]}}
{"dateTime": "2025-08-20T19:35:25.719Z", "eventType": "delete.backward", "fullPath": "/main.py", "details": {"fromA": 172, "toA": 173, "fromB": 172, "toB": 172, "inserted": [""]}}
{"dateTime": "2025-08-20T19:35:25.768Z", "eventType": "delete.backward", "fullPath": "/main.py", "details": {"fromA": 171, "toA": 172, "fromB": 171, "toB": 171, "inserted": [""]}}
{"dateTime": "2025-08-20T19:35:25.819Z", "eventType": "delete.backward", "fullPath": "/main.py", "details": {"fromA": 170, "toA": 171, "fromB": 170, "toB": 170, "inserted": [""]}}
{"dateTime": "2025-08-20T19:35:25.870Z", "eventType": "delete.backward", "fullPath": "/main.py", "details": {"fromA": 169, "toA": 170, "fromB": 169, "toB": 169, "inserted": [""]}}
{"dateTime": "2025-08-20T19:35:25.919Z", "eventType": "delete.backward", "fullPath": "/main.py", "details": {"fromA": 168, "toA": 169, "fromB": 168, "toB": 168, "inserted": [""]}}
{"dateTime": "2025-08-20T19:35:25.970Z", "eventType": "delete.backward", "fullPath": "/main.py", "details": {"fromA": 167, "toA": 168, "fromB": 167, "toB": 167, "inserted": [""]}}
{"dateTime": "2025-08-20T19:35:26.021Z", "eventType": "delete.backward", "fullPath": "/main.py", "details": {"fromA": 165, "toA": 167, "fromB": 165, "toB": 165, "inserted": [""]}}
{"dateTime": "2025-08-20T19:35:26.072Z", "eventType": "delete.backward", "fullPath": "/main.py", "details": {"fromA": 163, "toA": 165, "fromB": 163, "toB": 163, "inserted": [""]}}
{"dateTime": "2025-08-20T19:35:26.123Z", "eventType": "delete.backward", "fullPath": "/main.py", "details": {"fromA": 161, "toA": 163, "fromB": 161, "toB": 161, "inserted": [""]}}
{"dateTime": "2025-08-20T19:35:26.174Z", "eventType": "delete.backward", "fullPath": "/main.py", "details": {"fromA": 159, "toA": 161, "fromB": 159, "toB": 159, "inserted": [""]}}
{"dateTime": "2025-08-20T19:35:26.221Z", "eventType": "delete.backward", "fullPath": "/main.py", "details": {"fromA": 157, "toA": 159, "fromB": 157, "toB": 157, "inserted": [""]}}
{"dateTime": "2025-08-20T19:35:26.276Z", "eventType": "delete.backward", "fullPath": "/main.py", "details": {"fromA": 155, "toA": 157, "fromB": 155, "toB": 155, "inserted": [""]}}
{"dateTime": "2025-08-20T19:35:26.327Z", "eventType": "delete.backward", "fullPath": "/main.py", "details": {"fromA": 153, "toA": 155, "fromB": 153, "toB": 153, "inserted": [""]}}
{"dateTime": "2025-08-20T19:35:26.376Z", "eventType": "delete.backward", "fullPath": "/main.py", "details": {"fromA": 151, "toA": 153, "fromB": 151, "toB": 151, "inserted": [""]}}
{"dateTime": "2025-08-20T19:35:26.429Z", "eventType": "delete.backward", "fullPath": "/main.py", "details": {"fromA": 150, "toA": 151, "fromB": 150, "toB": 150, "inserted": [""]}}
{"dateTime": "2025-08-20T19:35:26.480Z", "eventType": "delete.backward", "fullPath": "/main.py", "details": {"fromA": 149, "toA": 150, "fromB": 149, "toB": 149, "inserted": [""]}}
{"dateTime": "2025-08-20T19:35:26.534Z", "eventType": "delete.backward", "fullPath": "/main.py", "details": {"fromA": 148, "toA": 149, "fromB": 148, "toB": 148, "inserted": [""]}}
{"dateTime": "2025-08-20T19:35:26.581Z", "eventType": "delete.backward", "fullPath": "/main.py", "details": {"fromA": 147, "toA": 148, "fromB": 147, "toB": 147, "inserted": [""]}}
{"dateTime": "2025-08-20T19:35:26.632Z", "eventType": "delete.backward", "fullPath": "/main.py", "details": {"fromA": 146, "toA": 147, "fromB": 146, "toB": 146, "inserted": [""]}}
{"dateTime": "2025-08-20T19:35:26.681Z", "eventType": "delete.backward", "fullPath": "/main.py", "details": {"fromA": 145, "toA": 146, "fromB": 145, "toB": 145, "inserted": [""]}}
{"dateTime": "2025-08-20T19:35:32.397Z", "eventType": "input.type", "fullPath": "/main.py", "details": {"fromA": 145, "toA": 145, "fromB": 145, "toB": 146, "inserted": ["2"]}}
{"dateTime": "2025-08-20T19:35:34.063Z", "eventType": "input.type", "fullPath": "/main.py", "details": {"fromA": 146, "toA": 146, "fromB": 146, "toB": 147, "inserted": [")"]}}
{"dateTime": "2025-08-20T19:35:36.095Z", "eventType": "input.type", "fullPath": "/main.py", "details": {"fromA": 147, "toA": 147, "fromB": 147, "toB": 148, "inserted": [")"]}}
{"dateTime": "2025-08-20T19:37:03.168Z", "eventType": "blur", "fullPath": "/main.py"}
{"dateTime": "2025-08-20T19:37:03.169Z", "eventType": "window.blur", "fullPath": "/main.py"}
{"dateTime": "2025-08-20T19:37:04.490Z", "eventType": "window.focus", "fullPath": "/main.py"}
{"dateTime": "2025-08-20T19:37:04.492Z", "eventType": "focus", "fullPath": "/main.py"}
{"dateTime": "2025-08-20T19:37:05.758Z", "eventType": "blur", "fullPath": "/main.py"}
{"dateTime": "2025-09-01T17:30:46.357Z", "eventType": "window.blur", "fullPath": "/main.py"}
{"dateTime": "2025-09-01T17:30:48.916Z", "eventType": "window.focus", "fullPath": "/main.py"}
