{"dateTime": "2025-08-11T18:11:02.622Z", "eventType": "input.type", "fullPath": "/main.py", "details": {"fromA": 6, "toA": 6, "fromB": 6, "toB": 7, "inserted": ["4"]}}
{"dateTime": "2025-08-11T18:11:02.814Z", "eventType": "input.type", "fullPath": "/main.py", "details": {"fromA": 7, "toA": 7, "fromB": 7, "toB": 8, "inserted": ["0"]}}
{"dateTime": "2025-08-11T18:11:03.998Z", "eventType": "input.type", "fullPath": "/main.py", "details": {"fromA": 8, "toA": 8, "fromB": 8, "toB": 9, "inserted": [" "]}}
{"dateTime": "2025-08-11T18:11:05.183Z", "eventType": "input.type", "fullPath": "/main.py", "details": {"fromA": 9, "toA": 9, "fromB": 9, "toB": 10, "inserted": ["+"]}}
{"dateTime": "2025-08-11T18:11:05.870Z", "eventType": "input.type", "fullPath": "/main.py", "details": {"fromA": 10, "toA": 10, "fromB": 10, "toB": 11, "inserted": [" "]}}
{"dateTime": "2025-08-11T18:11:06.175Z", "eventType": "input.type", "fullPath": "/main.py", "details": {"fromA": 11, "toA": 11, "fromB": 11, "toB": 12, "inserted": ["3"]}}
{"dateTime": "2025-08-11T18:11:06.526Z", "eventType": "input.type", "fullPath": "/main.py", "details": {"fromA": 12, "toA": 12, "fromB": 12, "toB": 13, "inserted": ["5"]}}
{"dateTime": "2025-08-11T18:11:11.914Z", "eventType": "blur", "fullPath": "/main.py"}
{"dateTime": "2025-08-11T18:11:12.328Z", "eventType": "run", "details": {"commit": "4e1a7fbd38c68743fec958f85c9788501f871a91"}}
{"dateTime": "2025-08-11T18:11:16.277Z", "eventType": "submission", "details": {"correctness": 1, "commit": "4e1a7fbd38c68743fec958f85c9788501f871a91", "executionTime": 0.01}}
{"dateTime": "2025-08-11T18:13:43.364Z", "eventType": "focus", "fullPath": "/main.py"}
{"dateTime": "2025-08-11T18:13:43.366Z", "eventType": "select.pointer", "fullPath": "/main.py", "details": {"selection": {"from": 0, "to": 0}}}
{"dateTime": "2025-08-11T18:13:46.730Z", "eventType": "blur", "fullPath": "/main.py"}
{"dateTime": "2025-08-11T18:13:50.258Z", "eventType": "focus", "fullPath": "/main.py"}
{"dateTime": "2025-08-11T18:13:50.261Z", "eventType": "select.pointer", "fullPath": "/main.py", "details": {"selection": {"from": 0, "to": 0}}}
{"dateTime": "2025-08-11T18:13:52.621Z", "eventType": "input.type", "fullPath": "/main.py", "details": {"fromA": 0, "toA": 0, "fromB": 0, "toB": 1, "inserted": ["p"]}}
{"dateTime": "2025-08-11T18:13:52.916Z", "eventType": "input.type", "fullPath": "/main.py", "details": {"fromA": 1, "toA": 1, "fromB": 1, "toB": 2, "inserted": ["r"]}}
{"dateTime": "2025-08-11T18:13:53.123Z", "eventType": "input.type", "fullPath": "/main.py", "details": {"fromA": 2, "toA": 2, "fromB": 2, "toB": 3, "inserted": ["i"]}}
{"dateTime": "2025-08-11T18:13:53.550Z", "eventType": "input.type", "fullPath": "/main.py", "details": {"fromA": 3, "toA": 3, "fromB": 3, "toB": 4, "inserted": ["n"]}}
{"dateTime": "2025-08-11T18:13:53.825Z", "eventType": "input.type", "fullPath": "/main.py", "details": {"fromA": 4, "toA": 4, "fromB": 4, "toB": 5, "inserted": ["t"]}}
{"dateTime": "2025-08-11T18:13:55.836Z", "eventType": "input.complete", "fullPath": "/main.py", "details": {"fromA": 0, "toA": 5, "fromB": 0, "toB": 5, "inserted": ["print"]}}
{"dateTime": "2025-08-11T18:13:59.023Z", "eventType": "input.type", "fullPath": "/main.py", "details": {"fromA": 5, "toA": 5, "fromB": 5, "toB": 7, "inserted": ["()"]}}
{"dateTime": "2025-08-11T18:14:01.070Z", "eventType": "select.pointer", "fullPath": "/main.py", "details": {"selection": {"from": 3, "to": 3}}}
{"dateTime": "2025-08-11T18:14:01.303Z", "eventType": "select.pointer", "fullPath": "/main.py", "details": {"selection": {"from": 0, "to": 5}}}
{"dateTime": "2025-08-11T18:14:01.629Z", "eventType": "select.pointer", "fullPath": "/main.py", "details": {"selection": {"from": 0, "to": 7}}}
{"dateTime": "2025-08-11T18:14:06.462Z", "eventType": "select.pointer", "fullPath": "/main.py", "details": {"selection": {"from": 7, "to": 7}}}
{"dateTime": "2025-08-11T18:14:08.015Z", "eventType": "input", "fullPath": "/main.py", "details": {"fromA": 7, "toA": 7, "fromB": 7, "toB": 8, "inserted": ["", ""]}}
{"dateTime": "2025-08-11T18:14:08.699Z", "eventType": "generic", "fullPath": "/main.py", "details": {"fromA": 8, "toA": 8, "fromB": 8, "toB": 15, "inserted": ["print()"]}}
{"dateTime": "2025-08-11T18:14:12.718Z", "eventType": "delete.backward", "fullPath": "/main.py", "details": {"fromA": 14, "toA": 15, "fromB": 14, "toB": 14, "inserted": [""]}}
{"dateTime": "2025-08-11T18:14:13.054Z", "eventType": "delete.backward", "fullPath": "/main.py", "details": {"fromA": 13, "toA": 14, "fromB": 13, "toB": 13, "inserted": [""]}}
{"dateTime": "2025-08-11T18:14:13.553Z", "eventType": "delete.backward", "fullPath": "/main.py", "details": {"fromA": 12, "toA": 13, "fromB": 12, "toB": 12, "inserted": [""]}}
{"dateTime": "2025-08-11T18:14:13.603Z", "eventType": "delete.backward", "fullPath": "/main.py", "details": {"fromA": 11, "toA": 12, "fromB": 11, "toB": 11, "inserted": [""]}}
{"dateTime": "2025-08-11T18:14:13.653Z", "eventType": "delete.backward", "fullPath": "/main.py", "details": {"fromA": 10, "toA": 11, "fromB": 10, "toB": 10, "inserted": [""]}}
{"dateTime": "2025-08-11T18:14:13.703Z", "eventType": "delete.backward", "fullPath": "/main.py", "details": {"fromA": 9, "toA": 10, "fromB": 9, "toB": 9, "inserted": [""]}}
{"dateTime": "2025-08-11T18:14:13.751Z", "eventType": "delete.backward", "fullPath": "/main.py", "details": {"fromA": 8, "toA": 9, "fromB": 8, "toB": 8, "inserted": [""]}}
{"dateTime": "2025-08-11T18:14:13.808Z", "eventType": "delete.backward", "fullPath": "/main.py", "details": {"fromA": 7, "toA": 8, "fromB": 7, "toB": 7, "inserted": [""]}}
{"dateTime": "2025-08-11T18:14:23.868Z", "eventType": "select", "fullPath": "/main.py", "details": {"selection": {"from": 6, "to": 6}}}
