{"dateTime": "2025-08-20T22:41:14.797Z", "eventType": "focus", "fullPath": "/main.py"}
{"dateTime": "2025-08-20T22:41:14.800Z", "eventType": "select.pointer", "fullPath": "/main.py", "details": {"selection": {"from": 24, "to": 24}}}
{"dateTime": "2025-08-20T22:41:20.073Z", "eventType": "input.type", "fullPath": "/main.py", "details": {"fromA": 24, "toA": 24, "fromB": 24, "toB": 25, "inserted": ["o"]}}
{"dateTime": "2025-08-20T22:41:21.347Z", "eventType": "delete.backward", "fullPath": "/main.py", "details": {"fromA": 24, "toA": 25, "fromB": 24, "toB": 24, "inserted": [""]}}
{"dateTime": "2025-08-20T22:41:26.984Z", "eventType": "select.pointer", "fullPath": "/main.py", "details": {"selection": {"from": 40, "to": 40}}}
{"dateTime": "2025-08-20T22:42:04.275Z", "eventType": "blur", "fullPath": "/main.py"}
{"dateTime": "2025-08-25T18:33:14.334Z", "eventType": "input.type", "fullPath": "/main.py", "details": {"fromA": 79, "toA": 79, "fromB": 79, "toB": 80, "inserted": ["i"]}}
{"dateTime": "2025-08-25T18:33:14.718Z", "eventType": "input.type", "fullPath": "/main.py", "details": {"fromA": 80, "toA": 80, "fromB": 80, "toB": 81, "inserted": ["n"]}}
{"dateTime": "2025-08-25T18:33:15.820Z", "eventType": "input.type", "fullPath": "/main.py", "details": {"fromA": 81, "toA": 81, "fromB": 81, "toB": 82, "inserted": ["p"]}}
{"dateTime": "2025-08-25T18:33:16.106Z", "eventType": "input.type", "fullPath": "/main.py", "details": {"fromA": 82, "toA": 82, "fromB": 82, "toB": 83, "inserted": ["u"]}}
{"dateTime": "2025-08-25T18:33:17.795Z", "eventType": "input.complete", "fullPath": "/main.py", "details": {"fromA": 79, "toA": 83, "fromB": 79, "toB": 84, "inserted": ["input"]}}
{"dateTime": "2025-08-25T18:33:19.966Z", "eventType": "select.pointer", "fullPath": "/main.py", "details": {"selection": {"from": 115, "to": 115}}}
{"dateTime": "2025-08-25T18:33:21.161Z", "eventType": "select.pointer", "fullPath": "/main.py", "details": {"selection": {"from": 114, "to": 114}}}
{"dateTime": "2025-08-25T18:33:23.404Z", "eventType": "input.type", "fullPath": "/main.py", "details": {"fromA": 114, "toA": 114, "fromB": 114, "toB": 115, "inserted": ["v"]}}
{"dateTime": "2025-08-25T18:33:23.532Z", "eventType": "input.type", "fullPath": "/main.py", "details": {"fromA": 115, "toA": 115, "fromB": 115, "toB": 116, "inserted": ["a"]}}
{"dateTime": "2025-08-25T18:33:23.687Z", "eventType": "input.type", "fullPath": "/main.py", "details": {"fromA": 116, "toA": 116, "fromB": 116, "toB": 117, "inserted": ["r"]}}
{"dateTime": "2025-08-25T18:33:25.040Z", "eventType": "select.pointer", "fullPath": "/main.py", "details": {"selection": {"from": 84, "to": 84}}}
{"dateTime": "2025-08-25T18:33:26.229Z", "eventType": "input.type", "fullPath": "/main.py", "details": {"fromA": 84, "toA": 84, "fromB": 84, "toB": 86, "inserted": ["()"]}}
{"dateTime": "2025-08-25T18:33:26.554Z", "eventType": "input.type", "fullPath": "/main.py", "details": {"fromA": 85, "toA": 86, "fromB": 85, "toB": 86, "inserted": [")"]}}
{"dateTime": "2025-08-25T18:33:28.021Z", "eventType": "blur", "fullPath": "/main.py"}
{"dateTime": "2025-08-25T18:33:28.022Z", "eventType": "focus", "fullPath": "/main.py"}
{"dateTime": "2025-08-25T18:33:28.046Z", "eventType": "select", "fullPath": "/main.py", "details": {"selection": {"from": 120, "to": 120}}}
{"dateTime": "2025-08-25T18:33:29.014Z", "eventType": "blur", "fullPath": "/main.py"}
{"dateTime": "2025-08-25T18:33:29.882Z", "eventType": "run", "details": {"commit": "b972dfaca066ba4865894852e3b4376e138df4f6"}}
{"dateTime": "2025-08-25T18:33:30.704Z", "eventType": "submission", "details": {"correctness": 1, "commit": "b972dfaca066ba4865894852e3b4376e138df4f6", "executionTime": 0.01}}
{"dateTime": "2025-08-25T18:34:20.074Z", "eventType": "focus", "fullPath": "/main.py"}
{"dateTime": "2025-08-25T18:34:20.081Z", "eventType": "select.pointer", "fullPath": "/main.py", "details": {"selection": {"from": 80, "to": 80}}}
{"dateTime": "2025-08-25T18:34:20.651Z", "eventType": "select.pointer", "fullPath": "/main.py", "details": {"selection": {"from": 54, "to": 54}}}
{"dateTime": "2025-08-25T18:34:21.051Z", "eventType": "select.pointer", "fullPath": "/main.py", "details": {"selection": {"from": 79, "to": 79}}}
