{"dateTime": "2025-08-28T00:09:29.892Z", "eventType": "window.blur", "fullPath": "/main.py"}
{"dateTime": "2025-08-28T00:09:30.418Z", "eventType": "window.focus", "fullPath": "/main.py"}
{"dateTime": "2025-08-28T00:09:30.857Z", "eventType": "window.blur", "fullPath": "/main.py"}
{"dateTime": "2025-08-28T00:09:31.415Z", "eventType": "window.focus", "fullPath": "/main.py"}
{"dateTime": "2025-08-28T00:09:46.077Z", "eventType": "focus", "fullPath": "/main.py"}
{"dateTime": "2025-08-28T00:09:46.079Z", "eventType": "select.pointer", "fullPath": "/main.py", "details": {"selection": {"from": 9, "to": 9}}}
{"dateTime": "2025-08-28T00:09:46.999Z", "eventType": "blur", "fullPath": "/main.py"}
{"dateTime": "2025-08-28T00:09:47.009Z", "eventType": "window.blur", "fullPath": "/main.py"}
{"dateTime": "2025-08-28T00:09:48.430Z", "eventType": "window.focus", "fullPath": "/main.py"}
{"dateTime": "2025-08-28T00:09:52.098Z", "eventType": "focus", "fullPath": "/main.py"}
{"dateTime": "2025-08-28T00:09:52.101Z", "eventType": "select.pointer", "fullPath": "/main.py", "details": {"selection": {"from": 9, "to": 9}}}
{"dateTime": "2025-08-28T00:09:53.555Z", "eventType": "input.type", "fullPath": "/main.py", "details": {"fromA": 9, "toA": 9, "fromB": 9, "toB": 10, "inserted": ["i"]}}
{"dateTime": "2025-08-28T00:09:53.699Z", "eventType": "input.type", "fullPath": "/main.py", "details": {"fromA": 10, "toA": 10, "fromB": 10, "toB": 11, "inserted": ["n"]}}
{"dateTime": "2025-08-28T00:09:54.033Z", "eventType": "input.type", "fullPath": "/main.py", "details": {"fromA": 11, "toA": 11, "fromB": 11, "toB": 12, "inserted": ["t"]}}
{"dateTime": "2025-08-28T00:09:55.589Z", "eventType": "input.type", "fullPath": "/main.py", "details": {"fromA": 12, "toA": 12, "fromB": 12, "toB": 13, "inserted": ["("]}}
{"dateTime": "2025-08-28T00:09:56.227Z", "eventType": "select", "fullPath": "/main.py", "details": {"selection": {"from": 14, "to": 14}}}
{"dateTime": "2025-08-28T00:09:56.417Z", "eventType": "select", "fullPath": "/main.py", "details": {"selection": {"from": 15, "to": 15}}}
{"dateTime": "2025-08-28T00:09:56.561Z", "eventType": "select", "fullPath": "/main.py", "details": {"selection": {"from": 16, "to": 16}}}
{"dateTime": "2025-08-28T00:09:56.705Z", "eventType": "select", "fullPath": "/main.py", "details": {"selection": {"from": 17, "to": 17}}}
{"dateTime": "2025-08-28T00:09:56.834Z", "eventType": "select", "fullPath": "/main.py", "details": {"selection": {"from": 18, "to": 18}}}
{"dateTime": "2025-08-28T00:09:56.960Z", "eventType": "select", "fullPath": "/main.py", "details": {"selection": {"from": 19, "to": 19}}}
{"dateTime": "2025-08-28T00:09:57.313Z", "eventType": "select", "fullPath": "/main.py", "details": {"selection": {"from": 20, "to": 20}}}
{"dateTime": "2025-08-28T00:09:57.984Z", "eventType": "input.type", "fullPath": "/main.py", "details": {"fromA": 20, "toA": 20, "fromB": 20, "toB": 21, "inserted": [")"]}}
{"dateTime": "2025-08-28T00:09:58.788Z", "eventType": "select", "fullPath": "/main.py", "details": {"selection": {"from": 43, "to": 43}}}
{"dateTime": "2025-08-28T00:10:04.871Z", "eventType": "blur", "fullPath": "/main.py"}
{"dateTime": "2025-08-28T00:10:10.321Z", "eventType": "submission", "details": {"correctness": 1, "commit": "ba6e6eede074634869d32713e6990cebdf99c692", "executionTime": 0.013333333333333334}}
{"dateTime": "2025-08-28T00:10:39.245Z", "eventType": "submission", "details": {"correctness": 1, "commit": "ba6e6eede074634869d32713e6990cebdf99c692", "executionTime": 0.01}}
{"dateTime": "2025-08-28T00:13:06.616Z", "eventType": "focus", "fullPath": "/main.py"}
{"dateTime": "2025-08-28T00:13:06.624Z", "eventType": "select.pointer", "fullPath": "/main.py", "details": {"selection": {"from": 21, "to": 21}}}
{"dateTime": "2025-08-28T00:13:07.802Z", "eventType": "input", "fullPath": "/main.py", "details": {"fromA": 21, "toA": 21, "fromB": 21, "toB": 22, "inserted": ["", ""]}}
{"dateTime": "2025-08-28T00:13:09.372Z", "eventType": "select", "fullPath": "/main.py", "details": {"selection": {"from": 23, "to": 23}}}
{"dateTime": "2025-08-28T00:13:11.651Z", "eventType": "blur", "fullPath": "/main.py"}
