{"dateTime": "2025-08-27T14:20:06.262Z", "eventType": "focus", "fullPath": "/main.py"}
{"dateTime": "2025-08-27T14:20:06.264Z", "eventType": "select.pointer", "fullPath": "/main.py", "details": {"selection": {"from": 21, "to": 21}}}
{"dateTime": "2025-08-27T14:20:16.384Z", "eventType": "select.pointer", "fullPath": "/main.py", "details": {"selection": {"from": 43, "to": 43}}}
{"dateTime": "2025-08-27T14:20:21.470Z", "eventType": "blur", "fullPath": "/main.py"}
{"dateTime": "2025-08-27T14:21:33.575Z", "eventType": "focus", "fullPath": "/main.py"}
{"dateTime": "2025-08-27T14:21:33.578Z", "eventType": "select.pointer", "fullPath": "/main.py", "details": {"selection": {"from": 21, "to": 21}}}
{"dateTime": "2025-08-27T14:21:36.612Z", "eventType": "input.type", "fullPath": "/main.py", "details": {"fromA": 21, "toA": 21, "fromB": 21, "toB": 23, "inserted": ["\"\""]}}
{"dateTime": "2025-08-27T14:21:37.680Z", "eventType": "input.type", "fullPath": "/main.py", "details": {"fromA": 22, "toA": 22, "fromB": 22, "toB": 23, "inserted": ["d"]}}
{"dateTime": "2025-08-27T14:21:37.824Z", "eventType": "input.type", "fullPath": "/main.py", "details": {"fromA": 23, "toA": 23, "fromB": 23, "toB": 24, "inserted": ["i"]}}
{"dateTime": "2025-08-27T14:21:38.104Z", "eventType": "input.type", "fullPath": "/main.py", "details": {"fromA": 24, "toA": 24, "fromB": 24, "toB": 25, "inserted": ["g"]}}
{"dateTime": "2025-08-27T14:21:38.496Z", "eventType": "input.type", "fullPath": "/main.py", "details": {"fromA": 25, "toA": 25, "fromB": 25, "toB": 26, "inserted": ["i"]}}
{"dateTime": "2025-08-27T14:21:38.776Z", "eventType": "input.type", "fullPath": "/main.py", "details": {"fromA": 26, "toA": 26, "fromB": 26, "toB": 27, "inserted": ["t"]}}
{"dateTime": "2025-08-27T14:21:38.894Z", "eventType": "input.type", "fullPath": "/main.py", "details": {"fromA": 27, "toA": 27, "fromB": 27, "toB": 28, "inserted": ["e"]}}
{"dateTime": "2025-08-27T14:21:39.056Z", "eventType": "input.type", "fullPath": "/main.py", "details": {"fromA": 28, "toA": 28, "fromB": 28, "toB": 29, "inserted": [" "]}}
{"dateTime": "2025-08-27T14:21:39.544Z", "eventType": "input.type", "fullPath": "/main.py", "details": {"fromA": 29, "toA": 29, "fromB": 29, "toB": 30, "inserted": ["o"]}}
{"dateTime": "2025-08-27T14:21:39.753Z", "eventType": "input.type", "fullPath": "/main.py", "details": {"fromA": 30, "toA": 30, "fromB": 30, "toB": 31, "inserted": [" "]}}
{"dateTime": "2025-08-27T14:21:39.936Z", "eventType": "input.type", "fullPath": "/main.py", "details": {"fromA": 31, "toA": 31, "fromB": 31, "toB": 32, "inserted": ["v"]}}
{"dateTime": "2025-08-27T14:21:40.032Z", "eventType": "input.type", "fullPath": "/main.py", "details": {"fromA": 32, "toA": 32, "fromB": 32, "toB": 33, "inserted": ["a"]}}
{"dateTime": "2025-08-27T14:21:40.400Z", "eventType": "input.type", "fullPath": "/main.py", "details": {"fromA": 33, "toA": 33, "fromB": 33, "toB": 34, "inserted": ["l"]}}
{"dateTime": "2025-08-27T14:21:40.536Z", "eventType": "input.type", "fullPath": "/main.py", "details": {"fromA": 34, "toA": 34, "fromB": 34, "toB": 35, "inserted": ["o"]}}
{"dateTime": "2025-08-27T14:21:40.672Z", "eventType": "input.type", "fullPath": "/main.py", "details": {"fromA": 35, "toA": 35, "fromB": 35, "toB": 36, "inserted": ["r"]}}
{"dateTime": "2025-08-27T14:21:40.873Z", "eventType": "input.type", "fullPath": "/main.py", "details": {"fromA": 36, "toA": 36, "fromB": 36, "toB": 37, "inserted": [" "]}}
{"dateTime": "2025-08-27T14:21:44.991Z", "eventType": "blur", "fullPath": "/main.py"}
{"dateTime": "2025-08-27T14:21:50.295Z", "eventType": "focus", "fullPath": "/main.py"}
{"dateTime": "2025-08-27T14:21:50.297Z", "eventType": "select.pointer", "fullPath": "/main.py", "details": {"selection": {"from": 37, "to": 37}}}
{"dateTime": "2025-08-27T14:21:51.169Z", "eventType": "delete.backward", "fullPath": "/main.py", "details": {"fromA": 36, "toA": 37, "fromB": 36, "toB": 36, "inserted": [""]}}
{"dateTime": "2025-08-27T14:21:51.344Z", "eventType": "delete.backward", "fullPath": "/main.py", "details": {"fromA": 35, "toA": 36, "fromB": 35, "toB": 35, "inserted": [""]}}
{"dateTime": "2025-08-27T14:21:51.520Z", "eventType": "delete.backward", "fullPath": "/main.py", "details": {"fromA": 34, "toA": 35, "fromB": 34, "toB": 34, "inserted": [""]}}
{"dateTime": "2025-08-27T14:21:51.664Z", "eventType": "delete.backward", "fullPath": "/main.py", "details": {"fromA": 33, "toA": 34, "fromB": 33, "toB": 33, "inserted": [""]}}
{"dateTime": "2025-08-27T14:21:51.824Z", "eventType": "delete.backward", "fullPath": "/main.py", "details": {"fromA": 32, "toA": 33, "fromB": 32, "toB": 32, "inserted": [""]}}
{"dateTime": "2025-08-27T14:21:51.968Z", "eventType": "delete.backward", "fullPath": "/main.py", "details": {"fromA": 31, "toA": 32, "fromB": 31, "toB": 31, "inserted": [""]}}
{"dateTime": "2025-08-27T14:21:52.644Z", "eventType": "input.type", "fullPath": "/main.py", "details": {"fromA": 31, "toA": 31, "fromB": 31, "toB": 32, "inserted": ["n"]}}
{"dateTime": "2025-08-27T14:21:52.792Z", "eventType": "input.type", "fullPath": "/main.py", "details": {"fromA": 32, "toA": 32, "fromB": 32, "toB": 33, "inserted": ["u"]}}
{"dateTime": "2025-08-27T14:21:53.088Z", "eventType": "input.type", "fullPath": "/main.py", "details": {"fromA": 33, "toA": 33, "fromB": 33, "toB": 34, "inserted": ["m"]}}
{"dateTime": "2025-08-27T14:21:53.288Z", "eventType": "input.type", "fullPath": "/main.py", "details": {"fromA": 34, "toA": 34, "fromB": 34, "toB": 35, "inserted": ["e"]}}
{"dateTime": "2025-08-27T14:21:53.552Z", "eventType": "input.type", "fullPath": "/main.py", "details": {"fromA": 35, "toA": 35, "fromB": 35, "toB": 36, "inserted": ["r"]}}
{"dateTime": "2025-08-27T14:21:54.032Z", "eventType": "input.type", "fullPath": "/main.py", "details": {"fromA": 36, "toA": 36, "fromB": 36, "toB": 37, "inserted": ["o"]}}
{"dateTime": "2025-08-27T14:21:59.090Z", "eventType": "select.pointer", "fullPath": "/main.py", "details": {"selection": {"from": 61, "to": 61}}}
{"dateTime": "2025-08-27T14:22:00.056Z", "eventType": "delete.backward", "fullPath": "/main.py", "details": {"fromA": 60, "toA": 61, "fromB": 60, "toB": 60, "inserted": [""]}}
{"dateTime": "2025-08-27T14:22:00.896Z", "eventType": "input.type", "fullPath": "/main.py", "details": {"fromA": 60, "toA": 60, "fromB": 60, "toB": 61, "inserted": ["*"]}}
{"dateTime": "2025-08-27T14:22:04.859Z", "eventType": "blur", "fullPath": "/main.py"}
{"dateTime": "2025-08-27T14:22:05.157Z", "eventType": "run", "details": {"commit": "44c5bdc4c472a7dc4a42f5edf2f4fe3096bed097"}}
{"dateTime": "2025-08-27T14:22:10.869Z", "eventType": "submission", "details": {"correctness": 1, "commit": "44c5bdc4c472a7dc4a42f5edf2f4fe3096bed097", "executionTime": 0.01}}
