{"dateTime": "2025-08-27T01:39:02.043Z", "eventType": "focus", "fullPath": "/main.py"}
{"dateTime": "2025-08-27T01:39:02.048Z", "eventType": "select.pointer", "fullPath": "/main.py", "details": {"selection": {"from": 106, "to": 106}}}
{"dateTime": "2025-08-27T01:39:03.337Z", "eventType": "select.pointer", "fullPath": "/main.py", "details": {"selection": {"from": 107, "to": 107}}}
{"dateTime": "2025-08-27T01:39:05.791Z", "eventType": "input.type", "fullPath": "/main.py", "details": {"fromA": 107, "toA": 107, "fromB": 107, "toB": 108, "inserted": [","]}}
{"dateTime": "2025-08-27T01:39:06.986Z", "eventType": "input.type", "fullPath": "/main.py", "details": {"fromA": 108, "toA": 108, "fromB": 108, "toB": 109, "inserted": ["2"]}}
{"dateTime": "2025-08-27T01:39:08.545Z", "eventType": "blur", "fullPath": "/main.py"}
{"dateTime": "2025-08-27T01:39:09.318Z", "eventType": "submission", "details": {"correctness": 1, "commit": "51dc0d0151e2fef819e229541945abd34e76c036", "executionTime": 0.01}}
{"dateTime": "2025-08-27T01:39:14.785Z", "eventType": "focus", "fullPath": "/main.py"}
{"dateTime": "2025-08-27T01:39:14.789Z", "eventType": "select.pointer", "fullPath": "/main.py", "details": {"selection": {"from": 0, "to": 0}}}
{"dateTime": "2025-08-27T01:39:25.050Z", "eventType": "input.type", "fullPath": "/main.py", "details": {"fromA": 0, "toA": 0, "fromB": 0, "toB": 1, "inserted": ["c"]}}
{"dateTime": "2025-08-27T01:39:25.322Z", "eventType": "input.type", "fullPath": "/main.py", "details": {"fromA": 1, "toA": 1, "fromB": 1, "toB": 2, "inserted": ["e"]}}
{"dateTime": "2025-08-27T01:39:25.677Z", "eventType": "input.type", "fullPath": "/main.py", "details": {"fromA": 2, "toA": 2, "fromB": 2, "toB": 3, "inserted": ["l"]}}
{"dateTime": "2025-08-27T01:39:27.468Z", "eventType": "input.type", "fullPath": "/main.py", "details": {"fromA": 3, "toA": 3, "fromB": 3, "toB": 4, "inserted": ["s"]}}
{"dateTime": "2025-08-27T01:39:27.668Z", "eventType": "input.type", "fullPath": "/main.py", "details": {"fromA": 4, "toA": 4, "fromB": 4, "toB": 5, "inserted": ["i"]}}
{"dateTime": "2025-08-27T01:39:27.782Z", "eventType": "input.type", "fullPath": "/main.py", "details": {"fromA": 5, "toA": 5, "fromB": 5, "toB": 6, "inserted": ["s"]}}
{"dateTime": "2025-08-27T01:39:27.893Z", "eventType": "input.type", "fullPath": "/main.py", "details": {"fromA": 6, "toA": 6, "fromB": 6, "toB": 7, "inserted": ["u"]}}
{"dateTime": "2025-08-27T01:39:30.049Z", "eventType": "delete.backward", "fullPath": "/main.py", "details": {"fromA": 6, "toA": 7, "fromB": 6, "toB": 6, "inserted": [""]}}
{"dateTime": "2025-08-27T01:39:31.443Z", "eventType": "delete.backward", "fullPath": "/main.py", "details": {"fromA": 5, "toA": 6, "fromB": 5, "toB": 5, "inserted": [""]}}
{"dateTime": "2025-08-27T01:39:31.924Z", "eventType": "input.type", "fullPath": "/main.py", "details": {"fromA": 5, "toA": 5, "fromB": 5, "toB": 6, "inserted": ["u"]}}
{"dateTime": "2025-08-27T01:39:32.039Z", "eventType": "input.type", "fullPath": "/main.py", "details": {"fromA": 6, "toA": 6, "fromB": 6, "toB": 7, "inserted": ["s"]}}
{"dateTime": "2025-08-27T01:39:33.809Z", "eventType": "input.type", "fullPath": "/main.py", "details": {"fromA": 7, "toA": 7, "fromB": 7, "toB": 8, "inserted": [" "]}}
{"dateTime": "2025-08-27T01:39:34.652Z", "eventType": "input.type", "fullPath": "/main.py", "details": {"fromA": 8, "toA": 8, "fromB": 8, "toB": 9, "inserted": ["="]}}
{"dateTime": "2025-08-27T01:39:34.961Z", "eventType": "input.type", "fullPath": "/main.py", "details": {"fromA": 9, "toA": 9, "fromB": 9, "toB": 10, "inserted": [" "]}}
{"dateTime": "2025-08-27T01:39:37.074Z", "eventType": "input.type", "fullPath": "/main.py", "details": {"fromA": 10, "toA": 10, "fromB": 10, "toB": 11, "inserted": ["f"]}}
{"dateTime": "2025-08-27T01:39:37.281Z", "eventType": "input.type", "fullPath": "/main.py", "details": {"fromA": 11, "toA": 11, "fromB": 11, "toB": 12, "inserted": ["l"]}}
{"dateTime": "2025-08-27T01:39:37.453Z", "eventType": "input.type", "fullPath": "/main.py", "details": {"fromA": 12, "toA": 12, "fromB": 12, "toB": 13, "inserted": ["o"]}}
{"dateTime": "2025-08-27T01:39:38.086Z", "eventType": "input.type", "fullPath": "/main.py", "details": {"fromA": 13, "toA": 13, "fromB": 13, "toB": 14, "inserted": ["a"]}}
{"dateTime": "2025-08-27T01:39:38.217Z", "eventType": "input.type", "fullPath": "/main.py", "details": {"fromA": 14, "toA": 14, "fromB": 14, "toB": 15, "inserted": ["t"]}}
{"dateTime": "2025-08-27T01:39:39.819Z", "eventType": "input.type", "fullPath": "/main.py", "details": {"fromA": 15, "toA": 15, "fromB": 15, "toB": 16, "inserted": [" "]}}
{"dateTime": "2025-08-27T01:39:40.709Z", "eventType": "delete.backward", "fullPath": "/main.py", "details": {"fromA": 15, "toA": 16, "fromB": 15, "toB": 15, "inserted": [""]}}
{"dateTime": "2025-08-27T01:39:41.874Z", "eventType": "input.type", "fullPath": "/main.py", "details": {"fromA": 15, "toA": 15, "fromB": 15, "toB": 17, "inserted": ["()"]}}
{"dateTime": "2025-08-27T01:39:42.785Z", "eventType": "input.type", "fullPath": "/main.py", "details": {"fromA": 16, "toA": 16, "fromB": 16, "toB": 17, "inserted": ["i"]}}
{"dateTime": "2025-08-27T01:39:42.980Z", "eventType": "input.type", "fullPath": "/main.py", "details": {"fromA": 17, "toA": 17, "fromB": 17, "toB": 18, "inserted": ["m"]}}
{"dateTime": "2025-08-27T01:39:47.833Z", "eventType": "delete.backward", "fullPath": "/main.py", "details": {"fromA": 17, "toA": 18, "fromB": 17, "toB": 17, "inserted": [""]}}
{"dateTime": "2025-08-27T01:39:49.826Z", "eventType": "input.type", "fullPath": "/main.py", "details": {"fromA": 17, "toA": 17, "fromB": 17, "toB": 18, "inserted": ["n"]}}
{"dateTime": "2025-08-27T01:39:50.048Z", "eventType": "input.type", "fullPath": "/main.py", "details": {"fromA": 18, "toA": 18, "fromB": 18, "toB": 19, "inserted": ["p"]}}
{"dateTime": "2025-08-27T01:39:52.463Z", "eventType": "input.complete", "fullPath": "/main.py", "details": {"fromA": 16, "toA": 19, "fromB": 16, "toB": 21, "inserted": ["input"]}}
{"dateTime": "2025-08-27T01:39:56.629Z", "eventType": "input.type", "fullPath": "/main.py", "details": {"fromA": 21, "toA": 21, "fromB": 21, "toB": 23, "inserted": ["()"]}}
{"dateTime": "2025-08-27T01:39:59.739Z", "eventType": "input.type", "fullPath": "/main.py", "details": {"fromA": 22, "toA": 22, "fromB": 22, "toB": 24, "inserted": ["\"\""]}}
{"dateTime": "2025-08-27T01:40:00.718Z", "eventType": "input.type", "fullPath": "/main.py", "details": {"fromA": 23, "toA": 23, "fromB": 23, "toB": 24, "inserted": ["d"]}}
{"dateTime": "2025-08-27T01:40:00.887Z", "eventType": "input.type", "fullPath": "/main.py", "details": {"fromA": 24, "toA": 24, "fromB": 24, "toB": 25, "inserted": ["i"]}}
{"dateTime": "2025-08-27T01:40:01.830Z", "eventType": "input.type", "fullPath": "/main.py", "details": {"fromA": 25, "toA": 25, "fromB": 25, "toB": 26, "inserted": ["g"]}}
{"dateTime": "2025-08-27T01:40:02.158Z", "eventType": "input.type", "fullPath": "/main.py", "details": {"fromA": 26, "toA": 26, "fromB": 26, "toB": 27, "inserted": ["i"]}}
{"dateTime": "2025-08-27T01:40:03.062Z", "eventType": "delete.backward", "fullPath": "/main.py", "details": {"fromA": 26, "toA": 27, "fromB": 26, "toB": 26, "inserted": [""]}}
{"dateTime": "2025-08-27T01:40:03.234Z", "eventType": "delete.backward", "fullPath": "/main.py", "details": {"fromA": 25, "toA": 26, "fromB": 25, "toB": 25, "inserted": [""]}}
{"dateTime": "2025-08-27T01:40:03.423Z", "eventType": "delete.backward", "fullPath": "/main.py", "details": {"fromA": 24, "toA": 25, "fromB": 24, "toB": 24, "inserted": [""]}}
{"dateTime": "2025-08-27T01:40:04.014Z", "eventType": "delete.backward", "fullPath": "/main.py", "details": {"fromA": 23, "toA": 24, "fromB": 23, "toB": 23, "inserted": [""]}}
{"dateTime": "2025-08-27T01:40:05.302Z", "eventType": "input.type", "fullPath": "/main.py", "details": {"fromA": 23, "toA": 23, "fromB": 23, "toB": 24, "inserted": ["D"]}}
{"dateTime": "2025-08-27T01:40:06.147Z", "eventType": "input.type", "fullPath": "/main.py", "details": {"fromA": 24, "toA": 24, "fromB": 24, "toB": 25, "inserted": ["i"]}}
{"dateTime": "2025-08-27T01:40:07.430Z", "eventType": "input.type", "fullPath": "/main.py", "details": {"fromA": 25, "toA": 25, "fromB": 25, "toB": 26, "inserted": ["g"]}}
{"dateTime": "2025-08-27T01:40:07.652Z", "eventType": "input.type", "fullPath": "/main.py", "details": {"fromA": 26, "toA": 26, "fromB": 26, "toB": 27, "inserted": ["i"]}}
{"dateTime": "2025-08-27T01:40:09.229Z", "eventType": "input.type", "fullPath": "/main.py", "details": {"fromA": 27, "toA": 27, "fromB": 27, "toB": 28, "inserted": ["t"]}}
{"dateTime": "2025-08-27T01:40:09.365Z", "eventType": "input.type", "fullPath": "/main.py", "details": {"fromA": 28, "toA": 28, "fromB": 28, "toB": 29, "inserted": ["e"]}}
{"dateTime": "2025-08-27T01:40:10.623Z", "eventType": "input.type", "fullPath": "/main.py", "details": {"fromA": 29, "toA": 29, "fromB": 29, "toB": 30, "inserted": [" "]}}
{"dateTime": "2025-08-27T01:40:11.808Z", "eventType": "input.type", "fullPath": "/main.py", "details": {"fromA": 30, "toA": 30, "fromB": 30, "toB": 31, "inserted": ["o"]}}
{"dateTime": "2025-08-27T01:40:12.077Z", "eventType": "input.type", "fullPath": "/main.py", "details": {"fromA": 31, "toA": 31, "fromB": 31, "toB": 32, "inserted": [" "]}}
{"dateTime": "2025-08-27T01:40:12.490Z", "eventType": "input.type", "fullPath": "/main.py", "details": {"fromA": 32, "toA": 32, "fromB": 32, "toB": 33, "inserted": ["v"]}}
{"dateTime": "2025-08-27T01:40:12.687Z", "eventType": "input.type", "fullPath": "/main.py", "details": {"fromA": 33, "toA": 33, "fromB": 33, "toB": 34, "inserted": ["a"]}}
{"dateTime": "2025-08-27T01:40:13.049Z", "eventType": "input.type", "fullPath": "/main.py", "details": {"fromA": 34, "toA": 34, "fromB": 34, "toB": 35, "inserted": ["l"]}}
{"dateTime": "2025-08-27T01:40:13.202Z", "eventType": "input.type", "fullPath": "/main.py", "details": {"fromA": 35, "toA": 35, "fromB": 35, "toB": 36, "inserted": ["o"]}}
{"dateTime": "2025-08-27T01:40:13.407Z", "eventType": "input.type", "fullPath": "/main.py", "details": {"fromA": 36, "toA": 36, "fromB": 36, "toB": 37, "inserted": ["r"]}}
{"dateTime": "2025-08-27T01:40:15.674Z", "eventType": "input.type", "fullPath": "/main.py", "details": {"fromA": 37, "toA": 37, "fromB": 37, "toB": 38, "inserted": [" "]}}
{"dateTime": "2025-08-27T01:40:15.814Z", "eventType": "input.type", "fullPath": "/main.py", "details": {"fromA": 38, "toA": 38, "fromB": 38, "toB": 39, "inserted": ["e"]}}
{"dateTime": "2025-08-27T01:40:16.227Z", "eventType": "input.type", "fullPath": "/main.py", "details": {"fromA": 39, "toA": 39, "fromB": 39, "toB": 40, "inserted": ["m"]}}
{"dateTime": "2025-08-27T01:40:16.395Z", "eventType": "input.type", "fullPath": "/main.py", "details": {"fromA": 40, "toA": 40, "fromB": 40, "toB": 41, "inserted": [" "]}}
{"dateTime": "2025-08-27T01:40:16.541Z", "eventType": "input.type", "fullPath": "/main.py", "details": {"fromA": 41, "toA": 41, "fromB": 41, "toB": 42, "inserted": ["e"]}}
{"dateTime": "2025-08-27T01:40:18.043Z", "eventType": "delete.backward", "fullPath": "/main.py", "details": {"fromA": 41, "toA": 42, "fromB": 41, "toB": 41, "inserted": [""]}}
{"dateTime": "2025-08-27T01:40:18.559Z", "eventType": "input.type", "fullPath": "/main.py", "details": {"fromA": 41, "toA": 41, "fromB": 41, "toB": 42, "inserted": ["c"]}}
{"dateTime": "2025-08-27T01:40:18.793Z", "eventType": "input.type", "fullPath": "/main.py", "details": {"fromA": 42, "toA": 42, "fromB": 42, "toB": 43, "inserted": ["e"]}}
{"dateTime": "2025-08-27T01:40:19.212Z", "eventType": "input.type", "fullPath": "/main.py", "details": {"fromA": 43, "toA": 43, "fromB": 43, "toB": 44, "inserted": ["l"]}}
{"dateTime": "2025-08-27T01:40:19.501Z", "eventType": "input.type", "fullPath": "/main.py", "details": {"fromA": 44, "toA": 44, "fromB": 44, "toB": 45, "inserted": ["s"]}}
{"dateTime": "2025-08-27T01:40:21.629Z", "eventType": "input.type", "fullPath": "/main.py", "details": {"fromA": 45, "toA": 45, "fromB": 45, "toB": 46, "inserted": ["o"]}}
{"dateTime": "2025-08-27T01:40:22.665Z", "eventType": "delete.backward", "fullPath": "/main.py", "details": {"fromA": 45, "toA": 46, "fromB": 45, "toB": 45, "inserted": [""]}}
{"dateTime": "2025-08-27T01:40:23.522Z", "eventType": "input.type", "fullPath": "/main.py", "details": {"fromA": 45, "toA": 45, "fromB": 45, "toB": 46, "inserted": ["i"]}}
{"dateTime": "2025-08-27T01:40:27.030Z", "eventType": "input.type", "fullPath": "/main.py", "details": {"fromA": 46, "toA": 46, "fromB": 46, "toB": 47, "inserted": ["u"]}}
{"dateTime": "2025-08-27T01:40:27.162Z", "eventType": "input.type", "fullPath": "/main.py", "details": {"fromA": 47, "toA": 47, "fromB": 47, "toB": 48, "inserted": ["s"]}}
{"dateTime": "2025-08-27T01:40:30.395Z", "eventType": "select.pointer", "fullPath": "/main.py", "details": {"selection": {"from": 51, "to": 51}}}
{"dateTime": "2025-08-27T01:40:31.096Z", "eventType": "input", "fullPath": "/main.py", "details": {"fromA": 51, "toA": 51, "fromB": 51, "toB": 52, "inserted": ["", ""]}}
{"dateTime": "2025-08-27T01:40:33.977Z", "eventType": "input.type", "fullPath": "/main.py", "details": {"fromA": 52, "toA": 52, "fromB": 52, "toB": 53, "inserted": ["F"]}}
{"dateTime": "2025-08-27T01:40:37.238Z", "eventType": "input.type", "fullPath": "/main.py", "details": {"fromA": 53, "toA": 53, "fromB": 53, "toB": 54, "inserted": ["a"]}}
{"dateTime": "2025-08-27T01:40:41.510Z", "eventType": "input.type", "fullPath": "/main.py", "details": {"fromA": 54, "toA": 54, "fromB": 54, "toB": 55, "inserted": ["h"]}}
{"dateTime": "2025-08-27T01:40:42.054Z", "eventType": "input.type", "fullPath": "/main.py", "details": {"fromA": 55, "toA": 55, "fromB": 55, "toB": 56, "inserted": ["r"]}}
{"dateTime": "2025-08-27T01:40:44.000Z", "eventType": "input.type", "fullPath": "/main.py", "details": {"fromA": 56, "toA": 56, "fromB": 56, "toB": 57, "inserted": ["e"]}}
{"dateTime": "2025-08-27T01:40:44.161Z", "eventType": "input.type", "fullPath": "/main.py", "details": {"fromA": 57, "toA": 57, "fromB": 57, "toB": 58, "inserted": ["n"]}}
{"dateTime": "2025-08-27T01:40:44.302Z", "eventType": "input.type", "fullPath": "/main.py", "details": {"fromA": 58, "toA": 58, "fromB": 58, "toB": 59, "inserted": ["h"]}}
{"dateTime": "2025-08-27T01:40:46.997Z", "eventType": "input.type", "fullPath": "/main.py", "details": {"fromA": 59, "toA": 59, "fromB": 59, "toB": 60, "inserted": ["e"]}}
{"dateTime": "2025-08-27T01:40:47.116Z", "eventType": "input.type", "fullPath": "/main.py", "details": {"fromA": 60, "toA": 60, "fromB": 60, "toB": 61, "inserted": ["i"]}}
{"dateTime": "2025-08-27T01:40:48.193Z", "eventType": "input.type", "fullPath": "/main.py", "details": {"fromA": 61, "toA": 61, "fromB": 61, "toB": 62, "inserted": ["t"]}}
{"dateTime": "2025-08-27T01:40:50.733Z", "eventType": "input.type", "fullPath": "/main.py", "details": {"fromA": 62, "toA": 62, "fromB": 62, "toB": 63, "inserted": ["="]}}
{"dateTime": "2025-08-27T01:40:51.127Z", "eventType": "input.type", "fullPath": "/main.py", "details": {"fromA": 63, "toA": 63, "fromB": 63, "toB": 64, "inserted": [" "]}}
{"dateTime": "2025-08-27T01:40:53.827Z", "eventType": "input.type", "fullPath": "/main.py", "details": {"fromA": 64, "toA": 64, "fromB": 64, "toB": 65, "inserted": ["C"]}}
{"dateTime": "2025-08-27T01:40:54.454Z", "eventType": "input.type", "fullPath": "/main.py", "details": {"fromA": 65, "toA": 65, "fromB": 65, "toB": 66, "inserted": ["e"]}}
{"dateTime": "2025-08-27T01:40:57.850Z", "eventType": "select.pointer", "fullPath": "/main.py", "details": {"selection": {"from": 1, "to": 1}}}
{"dateTime": "2025-08-27T01:40:58.570Z", "eventType": "delete.backward", "fullPath": "/main.py", "details": {"fromA": 0, "toA": 1, "fromB": 0, "toB": 0, "inserted": [""]}}
{"dateTime": "2025-08-27T01:40:59.275Z", "eventType": "input.type", "fullPath": "/main.py", "details": {"fromA": 0, "toA": 0, "fromB": 0, "toB": 1, "inserted": ["C"]}}
{"dateTime": "2025-08-27T01:41:00.513Z", "eventType": "blur", "fullPath": "/main.py"}
{"dateTime": "2025-08-27T01:41:00.515Z", "eventType": "focus", "fullPath": "/main.py"}
{"dateTime": "2025-08-27T01:41:00.525Z", "eventType": "select", "fullPath": "/main.py", "details": {"selection": {"from": 66, "to": 66}}}
{"dateTime": "2025-08-27T01:41:02.922Z", "eventType": "select.pointer", "fullPath": "/main.py", "details": {"selection": {"from": 62, "to": 62}}}
{"dateTime": "2025-08-27T01:41:03.359Z", "eventType": "select.pointer", "fullPath": "/main.py", "details": {"selection": {"from": 52, "to": 62}}}
{"dateTime": "2025-08-27T01:41:03.866Z", "eventType": "input.type", "fullPath": "/main.py", "details": {"fromA": 52, "toA": 62, "fromB": 52, "toB": 53, "inserted": [" "]}}
{"dateTime": "2025-08-27T01:41:12.670Z", "eventType": "select.pointer", "fullPath": "/main.py", "details": {"selection": {"from": 52, "to": 52}}}
{"dateTime": "2025-08-27T01:41:14.532Z", "eventType": "input.type", "fullPath": "/main.py", "details": {"fromA": 52, "toA": 52, "fromB": 52, "toB": 53, "inserted": ["F"]}}
{"dateTime": "2025-08-27T01:41:16.229Z", "eventType": "input.type", "fullPath": "/main.py", "details": {"fromA": 53, "toA": 53, "fromB": 53, "toB": 54, "inserted": ["a"]}}
{"dateTime": "2025-08-27T01:41:16.725Z", "eventType": "input.type", "fullPath": "/main.py", "details": {"fromA": 54, "toA": 54, "fromB": 54, "toB": 55, "inserted": ["h"]}}
{"dateTime": "2025-08-27T01:41:18.623Z", "eventType": "input.type", "fullPath": "/main.py", "details": {"fromA": 55, "toA": 55, "fromB": 55, "toB": 56, "inserted": ["r"]}}
{"dateTime": "2025-08-27T01:41:18.727Z", "eventType": "input.type", "fullPath": "/main.py", "details": {"fromA": 56, "toA": 56, "fromB": 56, "toB": 57, "inserted": ["e"]}}
{"dateTime": "2025-08-27T01:41:19.144Z", "eventType": "input.type", "fullPath": "/main.py", "details": {"fromA": 57, "toA": 57, "fromB": 57, "toB": 58, "inserted": ["n"]}}
{"dateTime": "2025-08-27T01:41:24.426Z", "eventType": "input.type", "fullPath": "/main.py", "details": {"fromA": 58, "toA": 58, "fromB": 58, "toB": 59, "inserted": ["h"]}}
{"dateTime": "2025-08-27T01:41:24.542Z", "eventType": "input.type", "fullPath": "/main.py", "details": {"fromA": 59, "toA": 59, "fromB": 59, "toB": 60, "inserted": ["e"]}}
{"dateTime": "2025-08-27T01:41:25.111Z", "eventType": "input.type", "fullPath": "/main.py", "details": {"fromA": 60, "toA": 60, "fromB": 60, "toB": 61, "inserted": ["i"]}}
{"dateTime": "2025-08-27T01:41:26.483Z", "eventType": "input.type", "fullPath": "/main.py", "details": {"fromA": 61, "toA": 61, "fromB": 61, "toB": 62, "inserted": ["t"]}}
{"dateTime": "2025-08-27T01:41:28.285Z", "eventType": "select.pointer", "fullPath": "/main.py", "details": {"selection": {"from": 67, "to": 67}}}
{"dateTime": "2025-08-27T01:41:30.306Z", "eventType": "input.type", "fullPath": "/main.py", "details": {"fromA": 67, "toA": 67, "fromB": 67, "toB": 68, "inserted": ["l"]}}
{"dateTime": "2025-08-27T01:41:30.970Z", "eventType": "input.type", "fullPath": "/main.py", "details": {"fromA": 68, "toA": 68, "fromB": 68, "toB": 69, "inserted": ["s"]}}
{"dateTime": "2025-08-27T01:41:31.083Z", "eventType": "input.type", "fullPath": "/main.py", "details": {"fromA": 69, "toA": 69, "fromB": 69, "toB": 70, "inserted": ["i"]}}
{"dateTime": "2025-08-27T01:41:32.359Z", "eventType": "input.type", "fullPath": "/main.py", "details": {"fromA": 70, "toA": 70, "fromB": 70, "toB": 71, "inserted": ["u"]}}
{"dateTime": "2025-08-27T01:41:32.496Z", "eventType": "input.type", "fullPath": "/main.py", "details": {"fromA": 71, "toA": 71, "fromB": 71, "toB": 72, "inserted": ["s"]}}
{"dateTime": "2025-08-27T01:41:32.748Z", "eventType": "input.type", "fullPath": "/main.py", "details": {"fromA": 72, "toA": 72, "fromB": 72, "toB": 73, "inserted": [" "]}}
{"dateTime": "2025-08-27T01:41:36.708Z", "eventType": "input.type", "fullPath": "/main.py", "details": {"fromA": 73, "toA": 73, "fromB": 73, "toB": 74, "inserted": ["*"]}}
{"dateTime": "2025-08-27T01:41:40.337Z", "eventType": "input.type", "fullPath": "/main.py", "details": {"fromA": 74, "toA": 74, "fromB": 74, "toB": 75, "inserted": ["9"]}}
{"dateTime": "2025-08-27T01:41:47.054Z", "eventType": "input.type", "fullPath": "/main.py", "details": {"fromA": 75, "toA": 75, "fromB": 75, "toB": 76, "inserted": ["/"]}}
{"dateTime": "2025-08-27T01:41:49.425Z", "eventType": "input.type", "fullPath": "/main.py", "details": {"fromA": 76, "toA": 76, "fromB": 76, "toB": 77, "inserted": ["5"]}}
{"dateTime": "2025-08-27T01:41:56.119Z", "eventType": "select", "fullPath": "/main.py", "details": {"selection": {"from": 76, "to": 76}}}
{"dateTime": "2025-08-27T01:41:56.311Z", "eventType": "select", "fullPath": "/main.py", "details": {"selection": {"from": 75, "to": 75}}}
{"dateTime": "2025-08-27T01:41:56.552Z", "eventType": "select", "fullPath": "/main.py", "details": {"selection": {"from": 74, "to": 74}}}
{"dateTime": "2025-08-27T01:41:56.848Z", "eventType": "input.type", "fullPath": "/main.py", "details": {"fromA": 74, "toA": 74, "fromB": 74, "toB": 75, "inserted": [" "]}}
{"dateTime": "2025-08-27T01:41:57.908Z", "eventType": "select", "fullPath": "/main.py", "details": {"selection": {"from": 76, "to": 76}}}
{"dateTime": "2025-08-27T01:41:58.263Z", "eventType": "select", "fullPath": "/main.py", "details": {"selection": {"from": 77, "to": 77}}}
{"dateTime": "2025-08-27T01:41:58.484Z", "eventType": "select", "fullPath": "/main.py", "details": {"selection": {"from": 78, "to": 78}}}
{"dateTime": "2025-08-27T01:42:00.601Z", "eventType": "input.type", "fullPath": "/main.py", "details": {"fromA": 78, "toA": 78, "fromB": 78, "toB": 79, "inserted": [" "]}}
{"dateTime": "2025-08-27T01:42:01.280Z", "eventType": "input.type", "fullPath": "/main.py", "details": {"fromA": 79, "toA": 79, "fromB": 79, "toB": 80, "inserted": ["="]}}
{"dateTime": "2025-08-27T01:42:02.783Z", "eventType": "input.type", "fullPath": "/main.py", "details": {"fromA": 80, "toA": 80, "fromB": 80, "toB": 81, "inserted": ["+"]}}
{"dateTime": "2025-08-27T01:42:04.168Z", "eventType": "delete.backward", "fullPath": "/main.py", "details": {"fromA": 80, "toA": 81, "fromB": 80, "toB": 80, "inserted": [""]}}
{"dateTime": "2025-08-27T01:42:04.616Z", "eventType": "delete.backward", "fullPath": "/main.py", "details": {"fromA": 79, "toA": 80, "fromB": 79, "toB": 79, "inserted": [""]}}
{"dateTime": "2025-08-27T01:42:05.613Z", "eventType": "input.type", "fullPath": "/main.py", "details": {"fromA": 79, "toA": 79, "fromB": 79, "toB": 80, "inserted": ["+"]}}
{"dateTime": "2025-08-27T01:42:07.708Z", "eventType": "input.type", "fullPath": "/main.py", "details": {"fromA": 80, "toA": 80, "fromB": 80, "toB": 81, "inserted": [" "]}}
{"dateTime": "2025-08-27T01:42:08.041Z", "eventType": "input.type", "fullPath": "/main.py", "details": {"fromA": 81, "toA": 81, "fromB": 81, "toB": 82, "inserted": ["3"]}}
{"dateTime": "2025-08-27T01:42:08.257Z", "eventType": "input.type", "fullPath": "/main.py", "details": {"fromA": 82, "toA": 82, "fromB": 82, "toB": 83, "inserted": ["2"]}}
{"dateTime": "2025-08-27T01:42:08.481Z", "eventType": "input.type", "fullPath": "/main.py", "details": {"fromA": 83, "toA": 83, "fromB": 83, "toB": 84, "inserted": [" "]}}
{"dateTime": "2025-08-27T01:42:09.121Z", "eventType": "input", "fullPath": "/main.py", "details": {"fromA": 84, "toA": 84, "fromB": 84, "toB": 85, "inserted": ["", ""]}}
{"dateTime": "2025-08-27T01:42:11.368Z", "eventType": "input.type", "fullPath": "/main.py", "details": {"fromA": 85, "toA": 85, "fromB": 85, "toB": 86, "inserted": ["P"]}}
{"dateTime": "2025-08-27T01:42:13.255Z", "eventType": "delete.backward", "fullPath": "/main.py", "details": {"fromA": 85, "toA": 86, "fromB": 85, "toB": 85, "inserted": [""]}}
{"dateTime": "2025-08-27T01:42:14.476Z", "eventType": "input.type", "fullPath": "/main.py", "details": {"fromA": 85, "toA": 85, "fromB": 85, "toB": 86, "inserted": ["p"]}}
{"dateTime": "2025-08-27T01:42:14.629Z", "eventType": "input.type", "fullPath": "/main.py", "details": {"fromA": 86, "toA": 86, "fromB": 86, "toB": 87, "inserted": ["r"]}}
{"dateTime": "2025-08-27T01:42:14.841Z", "eventType": "input.type", "fullPath": "/main.py", "details": {"fromA": 87, "toA": 87, "fromB": 87, "toB": 88, "inserted": ["i"]}}
{"dateTime": "2025-08-27T01:42:16.913Z", "eventType": "input.complete", "fullPath": "/main.py", "details": {"fromA": 85, "toA": 88, "fromB": 85, "toB": 90, "inserted": ["print"]}}
{"dateTime": "2025-08-27T01:42:17.844Z", "eventType": "select.pointer", "fullPath": "/main.py", "details": {"selection": {"from": 90, "to": 90}}}
{"dateTime": "2025-08-27T01:42:21.516Z", "eventType": "input.type", "fullPath": "/main.py", "details": {"fromA": 90, "toA": 90, "fromB": 90, "toB": 92, "inserted": ["()"]}}
{"dateTime": "2025-08-27T01:42:22.651Z", "eventType": "input.type", "fullPath": "/main.py", "details": {"fromA": 91, "toA": 91, "fromB": 91, "toB": 92, "inserted": ["r"]}}
{"dateTime": "2025-08-27T01:42:22.847Z", "eventType": "input.type", "fullPath": "/main.py", "details": {"fromA": 92, "toA": 92, "fromB": 92, "toB": 93, "inserted": ["p"]}}
{"dateTime": "2025-08-27T01:42:23.761Z", "eventType": "delete.backward", "fullPath": "/main.py", "details": {"fromA": 92, "toA": 93, "fromB": 92, "toB": 92, "inserted": [""]}}
{"dateTime": "2025-08-27T01:42:24.273Z", "eventType": "input.type", "fullPath": "/main.py", "details": {"fromA": 92, "toA": 92, "fromB": 92, "toB": 93, "inserted": ["o"]}}
{"dateTime": "2025-08-27T01:42:25.975Z", "eventType": "input.complete", "fullPath": "/main.py", "details": {"fromA": 91, "toA": 93, "fromB": 91, "toB": 96, "inserted": ["round"]}}
{"dateTime": "2025-08-27T01:42:29.541Z", "eventType": "input.type", "fullPath": "/main.py", "details": {"fromA": 96, "toA": 96, "fromB": 96, "toB": 98, "inserted": ["()"]}}
{"dateTime": "2025-08-27T01:42:30.497Z", "eventType": "input.type", "fullPath": "/main.py", "details": {"fromA": 97, "toA": 97, "fromB": 97, "toB": 98, "inserted": ["f"]}}
{"dateTime": "2025-08-27T01:42:30.583Z", "eventType": "input.type", "fullPath": "/main.py", "details": {"fromA": 98, "toA": 98, "fromB": 98, "toB": 99, "inserted": ["a"]}}
{"dateTime": "2025-08-27T01:42:32.796Z", "eventType": "input.complete", "fullPath": "/main.py", "details": {"fromA": 97, "toA": 99, "fromB": 97, "toB": 107, "inserted": ["Fahrenheit"]}}
{"dateTime": "2025-08-27T01:42:35.859Z", "eventType": "blur", "fullPath": "/main.py"}
{"dateTime": "2025-08-27T01:42:36.560Z", "eventType": "run", "details": {"commit": "3402ccd51a10b2f0a238478c3d0194636cda1c5d"}}
{"dateTime": "2025-08-27T01:43:02.088Z", "eventType": "submission", "details": {"correctness": 0, "commit": "3402ccd51a10b2f0a238478c3d0194636cda1c5d", "executionTime": 0.01}}
