{"dateTime": "2025-08-27T01:38:38.177Z", "eventType": "blur", "fullPath": "/main.py"}
{"dateTime": "2025-08-27T01:38:44.536Z", "eventType": "focus", "fullPath": "/main.py"}
{"dateTime": "2025-08-27T01:38:44.539Z", "eventType": "select.pointer", "fullPath": "/main.py", "details": {"selection": {"from": 30, "to": 30}}}
{"dateTime": "2025-08-27T01:38:44.910Z", "eventType": "input", "fullPath": "/main.py", "details": {"fromA": 30, "toA": 30, "fromB": 30, "toB": 31, "inserted": ["", ""]}}
{"dateTime": "2025-08-27T01:38:53.245Z", "eventType": "input.type", "fullPath": "/main.py", "details": {"fromA": 31, "toA": 31, "fromB": 31, "toB": 32, "inserted": ["p"]}}
{"dateTime": "2025-08-27T01:38:53.406Z", "eventType": "input.type", "fullPath": "/main.py", "details": {"fromA": 32, "toA": 32, "fromB": 32, "toB": 33, "inserted": ["e"]}}
{"dateTime": "2025-08-27T01:38:54.300Z", "eventType": "delete.backward", "fullPath": "/main.py", "details": {"fromA": 32, "toA": 33, "fromB": 32, "toB": 32, "inserted": [""]}}
{"dateTime": "2025-08-27T01:38:54.502Z", "eventType": "delete.backward", "fullPath": "/main.py", "details": {"fromA": 31, "toA": 32, "fromB": 31, "toB": 31, "inserted": [""]}}
{"dateTime": "2025-08-27T01:38:54.936Z", "eventType": "delete.backward", "fullPath": "/main.py", "details": {"fromA": 30, "toA": 31, "fromB": 30, "toB": 30, "inserted": [""]}}
{"dateTime": "2025-08-27T01:38:56.703Z", "eventType": "blur", "fullPath": "/main.py"}
{"dateTime": "2025-08-27T01:39:09.534Z", "eventType": "submission", "details": {"correctness": 1, "commit": "d6ddd89afd1585627f3ea34ab25cd07859561783", "executionTime": 0.01}}
{"dateTime": "2025-08-27T01:39:19.426Z", "eventType": "focus", "fullPath": "/main.py"}
{"dateTime": "2025-08-27T01:39:19.428Z", "eventType": "select.pointer", "fullPath": "/main.py", "details": {"selection": {"from": 30, "to": 30}}}
{"dateTime": "2025-08-27T01:39:20.112Z", "eventType": "input", "fullPath": "/main.py", "details": {"fromA": 30, "toA": 30, "fromB": 30, "toB": 31, "inserted": ["", ""]}}
{"dateTime": "2025-08-27T01:39:21.139Z", "eventType": "input.type", "fullPath": "/main.py", "details": {"fromA": 31, "toA": 31, "fromB": 31, "toB": 32, "inserted": ["t"]}}
{"dateTime": "2025-08-27T01:39:21.267Z", "eventType": "input.type", "fullPath": "/main.py", "details": {"fromA": 32, "toA": 32, "fromB": 32, "toB": 33, "inserted": ["e"]}}
{"dateTime": "2025-08-27T01:39:22.280Z", "eventType": "input.type", "fullPath": "/main.py", "details": {"fromA": 33, "toA": 33, "fromB": 33, "toB": 34, "inserted": ["x"]}}
{"dateTime": "2025-08-27T01:39:22.845Z", "eventType": "input.type", "fullPath": "/main.py", "details": {"fromA": 34, "toA": 34, "fromB": 34, "toB": 35, "inserted": ["t"]}}
{"dateTime": "2025-08-27T01:39:22.955Z", "eventType": "input.type", "fullPath": "/main.py", "details": {"fromA": 35, "toA": 35, "fromB": 35, "toB": 36, "inserted": ["o"]}}
{"dateTime": "2025-08-27T01:39:23.450Z", "eventType": "input.type", "fullPath": "/main.py", "details": {"fromA": 36, "toA": 36, "fromB": 36, "toB": 37, "inserted": [" "]}}
{"dateTime": "2025-08-27T01:39:25.161Z", "eventType": "input.type", "fullPath": "/main.py", "details": {"fromA": 37, "toA": 37, "fromB": 37, "toB": 38, "inserted": ["="]}}
{"dateTime": "2025-08-27T01:39:25.885Z", "eventType": "input.type", "fullPath": "/main.py", "details": {"fromA": 38, "toA": 38, "fromB": 38, "toB": 39, "inserted": [" "]}}
{"dateTime": "2025-08-27T01:39:39.633Z", "eventType": "input.type", "fullPath": "/main.py", "details": {"fromA": 39, "toA": 39, "fromB": 39, "toB": 40, "inserted": ["S"]}}
{"dateTime": "2025-08-27T01:39:39.843Z", "eventType": "input.type", "fullPath": "/main.py", "details": {"fromA": 40, "toA": 40, "fromB": 40, "toB": 41, "inserted": ["e"]}}
{"dateTime": "2025-08-27T01:39:40.919Z", "eventType": "delete.backward", "fullPath": "/main.py", "details": {"fromA": 40, "toA": 41, "fromB": 40, "toB": 40, "inserted": [""]}}
{"dateTime": "2025-08-27T01:39:41.125Z", "eventType": "delete.backward", "fullPath": "/main.py", "details": {"fromA": 39, "toA": 40, "fromB": 39, "toB": 39, "inserted": [""]}}
{"dateTime": "2025-08-27T01:39:45.956Z", "eventType": "input.type", "fullPath": "/main.py", "details": {"fromA": 39, "toA": 39, "fromB": 39, "toB": 41, "inserted": ["\"\""]}}
{"dateTime": "2025-08-27T01:39:47.036Z", "eventType": "input.type", "fullPath": "/main.py", "details": {"fromA": 40, "toA": 40, "fromB": 40, "toB": 41, "inserted": ["s"]}}
{"dateTime": "2025-08-27T01:39:47.304Z", "eventType": "input.type", "fullPath": "/main.py", "details": {"fromA": 41, "toA": 41, "fromB": 41, "toB": 42, "inserted": ["e"]}}
{"dateTime": "2025-08-27T01:39:47.615Z", "eventType": "input.type", "fullPath": "/main.py", "details": {"fromA": 42, "toA": 42, "fromB": 42, "toB": 43, "inserted": ["l"]}}
{"dateTime": "2025-08-27T01:39:47.812Z", "eventType": "input.type", "fullPath": "/main.py", "details": {"fromA": 43, "toA": 43, "fromB": 43, "toB": 44, "inserted": ["o"]}}
{"dateTime": "2025-08-27T01:39:48.670Z", "eventType": "delete.backward", "fullPath": "/main.py", "details": {"fromA": 43, "toA": 44, "fromB": 43, "toB": 43, "inserted": [""]}}
{"dateTime": "2025-08-27T01:39:49.673Z", "eventType": "delete.backward", "fullPath": "/main.py", "details": {"fromA": 42, "toA": 43, "fromB": 42, "toB": 42, "inserted": [""]}}
{"dateTime": "2025-08-27T01:39:49.845Z", "eventType": "delete.backward", "fullPath": "/main.py", "details": {"fromA": 41, "toA": 42, "fromB": 41, "toB": 41, "inserted": [""]}}
{"dateTime": "2025-08-27T01:39:50.020Z", "eventType": "delete.backward", "fullPath": "/main.py", "details": {"fromA": 40, "toA": 41, "fromB": 40, "toB": 40, "inserted": [""]}}
{"dateTime": "2025-08-27T01:39:51.074Z", "eventType": "input.type", "fullPath": "/main.py", "details": {"fromA": 40, "toA": 40, "fromB": 40, "toB": 41, "inserted": ["S"]}}
{"dateTime": "2025-08-27T01:39:51.316Z", "eventType": "input.type", "fullPath": "/main.py", "details": {"fromA": 41, "toA": 41, "fromB": 41, "toB": 42, "inserted": ["e"]}}
{"dateTime": "2025-08-27T01:39:52.421Z", "eventType": "input.type", "fullPath": "/main.py", "details": {"fromA": 42, "toA": 42, "fromB": 42, "toB": 43, "inserted": ["l"]}}
{"dateTime": "2025-08-27T01:39:52.634Z", "eventType": "input.type", "fullPath": "/main.py", "details": {"fromA": 43, "toA": 43, "fromB": 43, "toB": 44, "inserted": ["i"]}}
{"dateTime": "2025-08-27T01:39:52.895Z", "eventType": "input.type", "fullPath": "/main.py", "details": {"fromA": 44, "toA": 44, "fromB": 44, "toB": 45, "inserted": ["n"]}}
{"dateTime": "2025-08-27T01:39:53.086Z", "eventType": "input.type", "fullPath": "/main.py", "details": {"fromA": 45, "toA": 45, "fromB": 45, "toB": 46, "inserted": ["a"]}}
{"dateTime": "2025-08-27T01:39:55.533Z", "eventType": "input.type", "fullPath": "/main.py", "details": {"fromA": 46, "toA": 46, "fromB": 46, "toB": 47, "inserted": [" "]}}
{"dateTime": "2025-08-27T01:39:57.210Z", "eventType": "input.type", "fullPath": "/main.py", "details": {"fromA": 47, "toA": 47, "fromB": 47, "toB": 48, "inserted": ["k"]}}
{"dateTime": "2025-08-27T01:39:58.413Z", "eventType": "delete.backward", "fullPath": "/main.py", "details": {"fromA": 47, "toA": 48, "fromB": 47, "toB": 47, "inserted": [""]}}
{"dateTime": "2025-08-27T01:39:58.850Z", "eventType": "input.type", "fullPath": "/main.py", "details": {"fromA": 47, "toA": 47, "fromB": 47, "toB": 48, "inserted": ["K"]}}
{"dateTime": "2025-08-27T01:39:59.955Z", "eventType": "input.type", "fullPath": "/main.py", "details": {"fromA": 48, "toA": 48, "fromB": 48, "toB": 49, "inserted": ["y"]}}
{"dateTime": "2025-08-27T01:40:03.203Z", "eventType": "input.type", "fullPath": "/main.py", "details": {"fromA": 49, "toA": 49, "fromB": 49, "toB": 50, "inserted": ["l"]}}
{"dateTime": "2025-08-27T01:40:03.342Z", "eventType": "input.type", "fullPath": "/main.py", "details": {"fromA": 50, "toA": 50, "fromB": 50, "toB": 51, "inserted": ["e"]}}
{"dateTime": "2025-08-27T01:40:20.782Z", "eventType": "select", "fullPath": "/main.py", "details": {"selection": {"from": 52, "to": 52}}}
{"dateTime": "2025-08-27T01:40:21.179Z", "eventType": "select", "fullPath": "/main.py", "details": {"selection": {"from": 53, "to": 53}}}
{"dateTime": "2025-08-27T01:40:21.957Z", "eventType": "input", "fullPath": "/main.py", "details": {"fromA": 53, "toA": 53, "fromB": 53, "toB": 54, "inserted": ["", ""]}}
{"dateTime": "2025-08-27T01:41:02.549Z", "eventType": "focus", "fullPath": "/main.py"}
{"dateTime": "2025-08-27T01:41:02.562Z", "eventType": "select", "fullPath": "/main.py", "details": {"selection": {"from": 104, "to": 104}}}
{"dateTime": "2025-08-27T01:41:05.079Z", "eventType": "select.pointer", "fullPath": "/main.py", "details": {"selection": {"from": 30, "to": 30}}}
{"dateTime": "2025-08-27T01:41:05.704Z", "eventType": "input", "fullPath": "/main.py", "details": {"fromA": 30, "toA": 30, "fromB": 30, "toB": 31, "inserted": ["", ""]}}
{"dateTime": "2025-08-27T01:41:07.568Z", "eventType": "input.type", "fullPath": "/main.py", "details": {"fromA": 31, "toA": 31, "fromB": 31, "toB": 32, "inserted": ["u"]}}
{"dateTime": "2025-08-27T01:41:08.789Z", "eventType": "input.type", "fullPath": "/main.py", "details": {"fromA": 32, "toA": 32, "fromB": 32, "toB": 33, "inserted": ["p"]}}
{"dateTime": "2025-08-27T01:41:09.113Z", "eventType": "input.type", "fullPath": "/main.py", "details": {"fromA": 33, "toA": 33, "fromB": 33, "toB": 34, "inserted": ["p"]}}
{"dateTime": "2025-08-27T01:41:10.048Z", "eventType": "delete.backward", "fullPath": "/main.py", "details": {"fromA": 33, "toA": 34, "fromB": 33, "toB": 33, "inserted": [""]}}
{"dateTime": "2025-08-27T01:41:11.531Z", "eventType": "input.type", "fullPath": "/main.py", "details": {"fromA": 33, "toA": 33, "fromB": 33, "toB": 34, "inserted": ["e"]}}
{"dateTime": "2025-08-27T01:41:11.812Z", "eventType": "delete.backward", "fullPath": "/main.py", "details": {"fromA": 33, "toA": 34, "fromB": 33, "toB": 33, "inserted": [""]}}
{"dateTime": "2025-08-27T01:41:15.098Z", "eventType": "input.type", "fullPath": "/main.py", "details": {"fromA": 33, "toA": 33, "fromB": 33, "toB": 34, "inserted": ["p"]}}
{"dateTime": "2025-08-27T01:41:15.887Z", "eventType": "input.type", "fullPath": "/main.py", "details": {"fromA": 34, "toA": 34, "fromB": 34, "toB": 35, "inserted": ["e"]}}
{"dateTime": "2025-08-27T01:41:16.110Z", "eventType": "input.type", "fullPath": "/main.py", "details": {"fromA": 35, "toA": 35, "fromB": 35, "toB": 36, "inserted": ["r"]}}
{"dateTime": "2025-08-27T01:41:19.947Z", "eventType": "delete.backward", "fullPath": "/main.py", "details": {"fromA": 35, "toA": 36, "fromB": 35, "toB": 35, "inserted": [""]}}
{"dateTime": "2025-08-27T01:41:20.270Z", "eventType": "delete.backward", "fullPath": "/main.py", "details": {"fromA": 34, "toA": 35, "fromB": 34, "toB": 34, "inserted": [""]}}
{"dateTime": "2025-08-27T01:41:20.528Z", "eventType": "delete.backward", "fullPath": "/main.py", "details": {"fromA": 33, "toA": 34, "fromB": 33, "toB": 33, "inserted": [""]}}
{"dateTime": "2025-08-27T01:41:20.749Z", "eventType": "delete.backward", "fullPath": "/main.py", "details": {"fromA": 32, "toA": 33, "fromB": 32, "toB": 32, "inserted": [""]}}
{"dateTime": "2025-08-27T01:41:20.989Z", "eventType": "delete.backward", "fullPath": "/main.py", "details": {"fromA": 31, "toA": 32, "fromB": 31, "toB": 31, "inserted": [""]}}
{"dateTime": "2025-08-27T01:41:21.729Z", "eventType": "input.type", "fullPath": "/main.py", "details": {"fromA": 31, "toA": 31, "fromB": 31, "toB": 32, "inserted": ["."]}}
{"dateTime": "2025-08-27T01:41:23.879Z", "eventType": "input.type", "fullPath": "/main.py", "details": {"fromA": 32, "toA": 32, "fromB": 32, "toB": 33, "inserted": ["u"]}}
{"dateTime": "2025-08-27T01:41:25.109Z", "eventType": "input.type", "fullPath": "/main.py", "details": {"fromA": 33, "toA": 33, "fromB": 33, "toB": 34, "inserted": ["p"]}}
{"dateTime": "2025-08-27T01:41:25.278Z", "eventType": "input.type", "fullPath": "/main.py", "details": {"fromA": 34, "toA": 34, "fromB": 34, "toB": 35, "inserted": ["p"]}}
{"dateTime": "2025-08-27T01:41:26.043Z", "eventType": "input", "fullPath": "/main.py", "details": {"fromA": 35, "toA": 35, "fromB": 35, "toB": 36, "inserted": ["", ""]}}
{"dateTime": "2025-08-27T01:41:26.581Z", "eventType": "delete.backward", "fullPath": "/main.py", "details": {"fromA": 35, "toA": 36, "fromB": 35, "toB": 35, "inserted": [""]}}
{"dateTime": "2025-08-27T01:41:26.997Z", "eventType": "delete.backward", "fullPath": "/main.py", "details": {"fromA": 34, "toA": 35, "fromB": 34, "toB": 34, "inserted": [""]}}
{"dateTime": "2025-08-27T01:41:28.322Z", "eventType": "input.type", "fullPath": "/main.py", "details": {"fromA": 34, "toA": 34, "fromB": 34, "toB": 35, "inserted": ["p"]}}
{"dateTime": "2025-08-27T01:41:28.480Z", "eventType": "input.type", "fullPath": "/main.py", "details": {"fromA": 35, "toA": 35, "fromB": 35, "toB": 36, "inserted": ["e"]}}
{"dateTime": "2025-08-27T01:41:28.763Z", "eventType": "input.type", "fullPath": "/main.py", "details": {"fromA": 36, "toA": 36, "fromB": 36, "toB": 37, "inserted": ["r"]}}
{"dateTime": "2025-08-27T01:41:31.767Z", "eventType": "input.type", "fullPath": "/main.py", "details": {"fromA": 37, "toA": 37, "fromB": 37, "toB": 39, "inserted": ["()"]}}
{"dateTime": "2025-08-27T01:41:46.533Z", "eventType": "delete.backward", "fullPath": "/main.py", "details": {"fromA": 37, "toA": 39, "fromB": 37, "toB": 37, "inserted": [""]}}
{"dateTime": "2025-08-27T01:41:46.804Z", "eventType": "delete.backward", "fullPath": "/main.py", "details": {"fromA": 36, "toA": 37, "fromB": 36, "toB": 36, "inserted": [""]}}
{"dateTime": "2025-08-27T01:41:47.085Z", "eventType": "delete.backward", "fullPath": "/main.py", "details": {"fromA": 35, "toA": 36, "fromB": 35, "toB": 35, "inserted": [""]}}
{"dateTime": "2025-08-27T01:41:47.304Z", "eventType": "delete.backward", "fullPath": "/main.py", "details": {"fromA": 34, "toA": 35, "fromB": 34, "toB": 34, "inserted": [""]}}
{"dateTime": "2025-08-27T01:41:47.567Z", "eventType": "delete.backward", "fullPath": "/main.py", "details": {"fromA": 33, "toA": 34, "fromB": 33, "toB": 33, "inserted": [""]}}
{"dateTime": "2025-08-27T01:41:47.794Z", "eventType": "delete.backward", "fullPath": "/main.py", "details": {"fromA": 32, "toA": 33, "fromB": 32, "toB": 32, "inserted": [""]}}
{"dateTime": "2025-08-27T01:41:48.126Z", "eventType": "delete.backward", "fullPath": "/main.py", "details": {"fromA": 31, "toA": 32, "fromB": 31, "toB": 31, "inserted": [""]}}
{"dateTime": "2025-08-27T01:41:50.131Z", "eventType": "delete.backward", "fullPath": "/main.py", "details": {"fromA": 30, "toA": 31, "fromB": 30, "toB": 30, "inserted": [""]}}
{"dateTime": "2025-08-27T01:41:54.680Z", "eventType": "blur", "fullPath": "/main.py"}
{"dateTime": "2025-08-27T01:41:54.683Z", "eventType": "focus", "fullPath": "/main.py"}
{"dateTime": "2025-08-27T01:41:54.694Z", "eventType": "select", "fullPath": "/main.py", "details": {"selection": {"from": 105, "to": 105}}}
{"dateTime": "2025-08-27T01:42:03.306Z", "eventType": "select.pointer", "fullPath": "/main.py", "details": {"selection": {"from": 163, "to": 163}}}
{"dateTime": "2025-08-27T01:42:05.925Z", "eventType": "select.pointer", "fullPath": "/main.py", "details": {"selection": {"from": 180, "to": 180}}}
{"dateTime": "2025-08-27T01:44:54.793Z", "eventType": "blur", "fullPath": "/main.py"}
{"dateTime": "2025-08-27T01:44:54.797Z", "eventType": "window.blur", "fullPath": "/main.py"}
{"dateTime": "2025-08-27T02:25:07.735Z", "eventType": "window.focus", "fullPath": "/main.py"}
{"dateTime": "2025-08-27T02:25:07.738Z", "eventType": "focus", "fullPath": "/main.py"}
{"dateTime": "2025-08-27T02:25:20.388Z", "eventType": "select.pointer", "fullPath": "/main.py", "details": {"selection": {"from": 52, "to": 52}}}
{"dateTime": "2025-08-27T02:25:21.038Z", "eventType": "delete.backward", "fullPath": "/main.py", "details": {"fromA": 51, "toA": 52, "fromB": 51, "toB": 51, "inserted": [""]}}
{"dateTime": "2025-08-27T02:25:21.256Z", "eventType": "delete.backward", "fullPath": "/main.py", "details": {"fromA": 50, "toA": 51, "fromB": 50, "toB": 50, "inserted": [""]}}
{"dateTime": "2025-08-27T02:25:21.485Z", "eventType": "delete.backward", "fullPath": "/main.py", "details": {"fromA": 49, "toA": 50, "fromB": 49, "toB": 49, "inserted": [""]}}
{"dateTime": "2025-08-27T02:25:21.753Z", "eventType": "delete.backward", "fullPath": "/main.py", "details": {"fromA": 48, "toA": 49, "fromB": 48, "toB": 48, "inserted": [""]}}
{"dateTime": "2025-08-27T02:25:22.120Z", "eventType": "delete.backward", "fullPath": "/main.py", "details": {"fromA": 47, "toA": 48, "fromB": 47, "toB": 47, "inserted": [""]}}
{"dateTime": "2025-08-27T02:25:22.375Z", "eventType": "delete.backward", "fullPath": "/main.py", "details": {"fromA": 46, "toA": 47, "fromB": 46, "toB": 46, "inserted": [""]}}
{"dateTime": "2025-08-27T02:25:22.596Z", "eventType": "delete.backward", "fullPath": "/main.py", "details": {"fromA": 45, "toA": 46, "fromB": 45, "toB": 45, "inserted": [""]}}
{"dateTime": "2025-08-27T02:25:23.207Z", "eventType": "delete.backward", "fullPath": "/main.py", "details": {"fromA": 44, "toA": 45, "fromB": 44, "toB": 44, "inserted": [""]}}
{"dateTime": "2025-08-27T02:25:23.236Z", "eventType": "delete.backward", "fullPath": "/main.py", "details": {"fromA": 43, "toA": 44, "fromB": 43, "toB": 43, "inserted": [""]}}
{"dateTime": "2025-08-27T02:25:23.267Z", "eventType": "delete.backward", "fullPath": "/main.py", "details": {"fromA": 42, "toA": 43, "fromB": 42, "toB": 42, "inserted": [""]}}
{"dateTime": "2025-08-27T02:25:23.444Z", "eventType": "delete.backward", "fullPath": "/main.py", "details": {"fromA": 41, "toA": 42, "fromB": 41, "toB": 41, "inserted": [""]}}
{"dateTime": "2025-08-27T02:25:23.850Z", "eventType": "delete.backward", "fullPath": "/main.py", "details": {"fromA": 40, "toA": 41, "fromB": 40, "toB": 40, "inserted": [""]}}
{"dateTime": "2025-08-27T02:25:24.049Z", "eventType": "delete.backward", "fullPath": "/main.py", "details": {"fromA": 39, "toA": 40, "fromB": 39, "toB": 39, "inserted": [""]}}
{"dateTime": "2025-08-27T02:25:28.334Z", "eventType": "input.type", "fullPath": "/main.py", "details": {"fromA": 39, "toA": 39, "fromB": 39, "toB": 40, "inserted": ["i"]}}
{"dateTime": "2025-08-27T02:25:28.503Z", "eventType": "input.type", "fullPath": "/main.py", "details": {"fromA": 40, "toA": 40, "fromB": 40, "toB": 41, "inserted": ["n"]}}
{"dateTime": "2025-08-27T02:25:30.041Z", "eventType": "input.type", "fullPath": "/main.py", "details": {"fromA": 41, "toA": 41, "fromB": 41, "toB": 42, "inserted": ["p"]}}
{"dateTime": "2025-08-27T02:25:30.647Z", "eventType": "input.type", "fullPath": "/main.py", "details": {"fromA": 42, "toA": 42, "fromB": 42, "toB": 43, "inserted": ["u"]}}
{"dateTime": "2025-08-27T02:25:30.929Z", "eventType": "input.type", "fullPath": "/main.py", "details": {"fromA": 43, "toA": 43, "fromB": 43, "toB": 44, "inserted": ["t"]}}
{"dateTime": "2025-08-27T02:26:36.037Z", "eventType": "input.type", "fullPath": "/main.py", "details": {"fromA": 44, "toA": 44, "fromB": 44, "toB": 46, "inserted": ["()"]}}
{"dateTime": "2025-08-27T02:26:37.589Z", "eventType": "input.type", "fullPath": "/main.py", "details": {"fromA": 45, "toA": 45, "fromB": 45, "toB": 46, "inserted": ["d"]}}
{"dateTime": "2025-08-27T02:26:37.725Z", "eventType": "input.type", "fullPath": "/main.py", "details": {"fromA": 46, "toA": 46, "fromB": 46, "toB": 47, "inserted": ["i"]}}
{"dateTime": "2025-08-27T02:26:38.102Z", "eventType": "input.type", "fullPath": "/main.py", "details": {"fromA": 47, "toA": 47, "fromB": 47, "toB": 48, "inserted": ["g"]}}
{"dateTime": "2025-08-27T02:26:38.990Z", "eventType": "delete.backward", "fullPath": "/main.py", "details": {"fromA": 47, "toA": 48, "fromB": 47, "toB": 47, "inserted": [""]}}
{"dateTime": "2025-08-27T02:26:39.190Z", "eventType": "delete.backward", "fullPath": "/main.py", "details": {"fromA": 46, "toA": 47, "fromB": 46, "toB": 46, "inserted": [""]}}
{"dateTime": "2025-08-27T02:26:39.772Z", "eventType": "delete.backward", "fullPath": "/main.py", "details": {"fromA": 45, "toA": 46, "fromB": 45, "toB": 45, "inserted": [""]}}
{"dateTime": "2025-08-27T02:26:40.996Z", "eventType": "input.type", "fullPath": "/main.py", "details": {"fromA": 45, "toA": 45, "fromB": 45, "toB": 46, "inserted": ["D"]}}
{"dateTime": "2025-08-27T02:26:42.292Z", "eventType": "input.type", "fullPath": "/main.py", "details": {"fromA": 46, "toA": 46, "fromB": 46, "toB": 47, "inserted": ["i"]}}
{"dateTime": "2025-08-27T02:26:42.853Z", "eventType": "input.type", "fullPath": "/main.py", "details": {"fromA": 47, "toA": 47, "fromB": 47, "toB": 48, "inserted": ["g"]}}
{"dateTime": "2025-08-27T02:26:42.984Z", "eventType": "input.type", "fullPath": "/main.py", "details": {"fromA": 48, "toA": 48, "fromB": 48, "toB": 49, "inserted": ["i"]}}
{"dateTime": "2025-08-27T02:26:43.354Z", "eventType": "input.type", "fullPath": "/main.py", "details": {"fromA": 49, "toA": 49, "fromB": 49, "toB": 50, "inserted": ["t"]}}
{"dateTime": "2025-08-27T02:26:43.480Z", "eventType": "input.type", "fullPath": "/main.py", "details": {"fromA": 50, "toA": 50, "fromB": 50, "toB": 51, "inserted": ["e"]}}
{"dateTime": "2025-08-27T02:26:43.756Z", "eventType": "input.type", "fullPath": "/main.py", "details": {"fromA": 51, "toA": 51, "fromB": 51, "toB": 52, "inserted": [" "]}}
{"dateTime": "2025-08-27T02:26:44.637Z", "eventType": "input.type", "fullPath": "/main.py", "details": {"fromA": 52, "toA": 52, "fromB": 52, "toB": 53, "inserted": ["s"]}}
{"dateTime": "2025-08-27T02:26:44.900Z", "eventType": "input.type", "fullPath": "/main.py", "details": {"fromA": 53, "toA": 53, "fromB": 53, "toB": 54, "inserted": ["e"]}}
{"dateTime": "2025-08-27T02:26:45.035Z", "eventType": "input.type", "fullPath": "/main.py", "details": {"fromA": 54, "toA": 54, "fromB": 54, "toB": 55, "inserted": ["u"]}}
{"dateTime": "2025-08-27T02:26:45.283Z", "eventType": "input.type", "fullPath": "/main.py", "details": {"fromA": 55, "toA": 55, "fromB": 55, "toB": 56, "inserted": [" "]}}
{"dateTime": "2025-08-27T02:26:46.201Z", "eventType": "input.type", "fullPath": "/main.py", "details": {"fromA": 56, "toA": 56, "fromB": 56, "toB": 57, "inserted": ["n"]}}
{"dateTime": "2025-08-27T02:26:46.433Z", "eventType": "input.type", "fullPath": "/main.py", "details": {"fromA": 57, "toA": 57, "fromB": 57, "toB": 58, "inserted": ["o"]}}
{"dateTime": "2025-08-27T02:26:46.572Z", "eventType": "input.type", "fullPath": "/main.py", "details": {"fromA": 58, "toA": 58, "fromB": 58, "toB": 59, "inserted": ["m"]}}
{"dateTime": "2025-08-27T02:26:46.692Z", "eventType": "input.type", "fullPath": "/main.py", "details": {"fromA": 59, "toA": 59, "fromB": 59, "toB": 60, "inserted": ["e"]}}
{"dateTime": "2025-08-27T02:26:51.389Z", "eventType": "select.pointer", "fullPath": "/main.py", "details": {"selection": {"from": 44, "to": 44}}}
{"dateTime": "2025-08-27T02:26:53.170Z", "eventType": "select.pointer", "fullPath": "/main.py", "details": {"selection": {"from": 45, "to": 45}}}
{"dateTime": "2025-08-27T02:26:54.605Z", "eventType": "input.type", "fullPath": "/main.py", "details": {"fromA": 45, "toA": 45, "fromB": 45, "toB": 46, "inserted": ["\""]}}
{"dateTime": "2025-08-27T02:26:56.485Z", "eventType": "select.pointer", "fullPath": "/main.py", "details": {"selection": {"from": 61, "to": 61}}}
{"dateTime": "2025-08-27T02:26:57.377Z", "eventType": "input.type", "fullPath": "/main.py", "details": {"fromA": 61, "toA": 61, "fromB": 61, "toB": 62, "inserted": ["\""]}}
{"dateTime": "2025-08-27T02:26:58.591Z", "eventType": "select.pointer", "fullPath": "/main.py", "details": {"selection": {"from": 98, "to": 98}}}
{"dateTime": "2025-08-27T02:27:00.014Z", "eventType": "select.pointer", "fullPath": "/main.py", "details": {"selection": {"from": 63, "to": 63}}}
{"dateTime": "2025-08-27T02:27:00.870Z", "eventType": "input", "fullPath": "/main.py", "details": {"fromA": 63, "toA": 63, "fromB": 63, "toB": 64, "inserted": ["", ""]}}
{"dateTime": "2025-08-27T02:27:07.865Z", "eventType": "input.type", "fullPath": "/main.py", "details": {"fromA": 64, "toA": 64, "fromB": 64, "toB": 65, "inserted": ["p"]}}
{"dateTime": "2025-08-27T02:27:08.049Z", "eventType": "input.type", "fullPath": "/main.py", "details": {"fromA": 65, "toA": 65, "fromB": 65, "toB": 66, "inserted": ["r"]}}
{"dateTime": "2025-08-27T02:27:09.178Z", "eventType": "input.type", "fullPath": "/main.py", "details": {"fromA": 66, "toA": 66, "fromB": 66, "toB": 67, "inserted": ["i"]}}
{"dateTime": "2025-08-27T02:27:10.836Z", "eventType": "input.type", "fullPath": "/main.py", "details": {"fromA": 67, "toA": 67, "fromB": 67, "toB": 68, "inserted": ["n"]}}
{"dateTime": "2025-08-27T02:27:10.925Z", "eventType": "input.type", "fullPath": "/main.py", "details": {"fromA": 68, "toA": 68, "fromB": 68, "toB": 69, "inserted": ["t"]}}
{"dateTime": "2025-08-27T02:27:18.588Z", "eventType": "select.pointer", "fullPath": "/main.py", "details": {"selection": {"from": 61, "to": 61}}}
{"dateTime": "2025-08-27T02:27:19.290Z", "eventType": "input.type", "fullPath": "/main.py", "details": {"fromA": 61, "toA": 61, "fromB": 61, "toB": 62, "inserted": [" "]}}
{"dateTime": "2025-08-27T02:27:19.485Z", "eventType": "input.type", "fullPath": "/main.py", "details": {"fromA": 62, "toA": 62, "fromB": 62, "toB": 63, "inserted": ["e"]}}
{"dateTime": "2025-08-27T02:27:19.764Z", "eventType": "input.type", "fullPath": "/main.py", "details": {"fromA": 63, "toA": 63, "fromB": 63, "toB": 64, "inserted": ["m"]}}
{"dateTime": "2025-08-27T02:27:20.464Z", "eventType": "input.type", "fullPath": "/main.py", "details": {"fromA": 64, "toA": 64, "fromB": 64, "toB": 65, "inserted": [" "]}}
{"dateTime": "2025-08-27T02:27:20.864Z", "eventType": "input.type", "fullPath": "/main.py", "details": {"fromA": 65, "toA": 65, "fromB": 65, "toB": 66, "inserted": [" "]}}
{"dateTime": "2025-08-27T02:27:21.852Z", "eventType": "delete.backward", "fullPath": "/main.py", "details": {"fromA": 65, "toA": 66, "fromB": 65, "toB": 65, "inserted": [""]}}
{"dateTime": "2025-08-27T02:27:22.694Z", "eventType": "input.type", "fullPath": "/main.py", "details": {"fromA": 65, "toA": 65, "fromB": 65, "toB": 66, "inserted": ["m"]}}
{"dateTime": "2025-08-27T02:27:22.853Z", "eventType": "input.type", "fullPath": "/main.py", "details": {"fromA": 66, "toA": 66, "fromB": 66, "toB": 67, "inserted": ["i"]}}
{"dateTime": "2025-08-27T02:27:23.749Z", "eventType": "input.type", "fullPath": "/main.py", "details": {"fromA": 67, "toA": 67, "fromB": 67, "toB": 68, "inserted": ["n"]}}
{"dateTime": "2025-08-27T02:27:23.964Z", "eventType": "input.type", "fullPath": "/main.py", "details": {"fromA": 68, "toA": 68, "fromB": 68, "toB": 69, "inserted": ["u"]}}
{"dateTime": "2025-08-27T02:27:24.232Z", "eventType": "input.type", "fullPath": "/main.py", "details": {"fromA": 69, "toA": 69, "fromB": 69, "toB": 70, "inserted": ["s"]}}
{"dateTime": "2025-08-27T02:27:26.653Z", "eventType": "input.type", "fullPath": "/main.py", "details": {"fromA": 70, "toA": 70, "fromB": 70, "toB": 71, "inserted": ["c"]}}
{"dateTime": "2025-08-27T02:27:29.940Z", "eventType": "delete.backward", "fullPath": "/main.py", "details": {"fromA": 70, "toA": 71, "fromB": 70, "toB": 70, "inserted": [""]}}
{"dateTime": "2025-08-27T02:27:30.780Z", "eventType": "input.type", "fullPath": "/main.py", "details": {"fromA": 70, "toA": 70, "fromB": 70, "toB": 71, "inserted": ["c"]}}
{"dateTime": "2025-08-27T02:27:31.085Z", "eventType": "input.type", "fullPath": "/main.py", "details": {"fromA": 71, "toA": 71, "fromB": 71, "toB": 72, "inserted": ["u"]}}
{"dateTime": "2025-08-27T02:27:31.549Z", "eventType": "input.type", "fullPath": "/main.py", "details": {"fromA": 72, "toA": 72, "fromB": 72, "toB": 73, "inserted": ["l"]}}
{"dateTime": "2025-08-27T02:27:31.709Z", "eventType": "input.type", "fullPath": "/main.py", "details": {"fromA": 73, "toA": 73, "fromB": 73, "toB": 74, "inserted": ["o"]}}
{"dateTime": "2025-08-27T02:27:33.507Z", "eventType": "select.pointer", "fullPath": "/main.py", "details": {"selection": {"from": 82, "to": 82}}}
{"dateTime": "2025-08-27T02:27:38.151Z", "eventType": "input.type", "fullPath": "/main.py", "details": {"fromA": 82, "toA": 82, "fromB": 82, "toB": 84, "inserted": ["()"]}}
{"dateTime": "2025-08-27T02:27:40.814Z", "eventType": "input.type", "fullPath": "/main.py", "details": {"fromA": 83, "toA": 83, "fromB": 83, "toB": 84, "inserted": ["t"]}}
{"dateTime": "2025-08-27T02:27:40.962Z", "eventType": "input.type", "fullPath": "/main.py", "details": {"fromA": 84, "toA": 84, "fromB": 84, "toB": 85, "inserted": ["e"]}}
{"dateTime": "2025-08-27T02:27:41.298Z", "eventType": "input.type", "fullPath": "/main.py", "details": {"fromA": 85, "toA": 85, "fromB": 85, "toB": 86, "inserted": ["x"]}}
{"dateTime": "2025-08-27T02:27:42.184Z", "eventType": "input.type", "fullPath": "/main.py", "details": {"fromA": 86, "toA": 86, "fromB": 86, "toB": 87, "inserted": ["r"]}}
{"dateTime": "2025-08-27T02:27:42.314Z", "eventType": "input.type", "fullPath": "/main.py", "details": {"fromA": 87, "toA": 87, "fromB": 87, "toB": 88, "inserted": ["o"]}}
{"dateTime": "2025-08-27T02:27:43.258Z", "eventType": "delete.backward", "fullPath": "/main.py", "details": {"fromA": 87, "toA": 88, "fromB": 87, "toB": 87, "inserted": [""]}}
{"dateTime": "2025-08-27T02:27:43.438Z", "eventType": "delete.backward", "fullPath": "/main.py", "details": {"fromA": 86, "toA": 87, "fromB": 86, "toB": 86, "inserted": [""]}}
{"dateTime": "2025-08-27T02:27:43.620Z", "eventType": "input.type", "fullPath": "/main.py", "details": {"fromA": 86, "toA": 86, "fromB": 86, "toB": 87, "inserted": ["t"]}}
{"dateTime": "2025-08-27T02:27:44.172Z", "eventType": "input.type", "fullPath": "/main.py", "details": {"fromA": 87, "toA": 87, "fromB": 87, "toB": 88, "inserted": ["i"]}}
{"dateTime": "2025-08-27T02:27:44.926Z", "eventType": "delete.backward", "fullPath": "/main.py", "details": {"fromA": 87, "toA": 88, "fromB": 87, "toB": 87, "inserted": [""]}}
{"dateTime": "2025-08-27T02:27:45.250Z", "eventType": "input.type", "fullPath": "/main.py", "details": {"fromA": 87, "toA": 87, "fromB": 87, "toB": 88, "inserted": ["o"]}}
{"dateTime": "2025-08-27T02:27:47.527Z", "eventType": "input.type", "fullPath": "/main.py", "details": {"fromA": 88, "toA": 88, "fromB": 88, "toB": 89, "inserted": ["."]}}
{"dateTime": "2025-08-27T02:27:48.149Z", "eventType": "input.type", "fullPath": "/main.py", "details": {"fromA": 89, "toA": 89, "fromB": 89, "toB": 90, "inserted": ["u"]}}
{"dateTime": "2025-08-27T02:27:48.671Z", "eventType": "input.type", "fullPath": "/main.py", "details": {"fromA": 90, "toA": 90, "fromB": 90, "toB": 91, "inserted": ["p"]}}
{"dateTime": "2025-08-27T02:27:48.814Z", "eventType": "input.type", "fullPath": "/main.py", "details": {"fromA": 91, "toA": 91, "fromB": 91, "toB": 92, "inserted": ["p"]}}
{"dateTime": "2025-08-27T02:27:49.041Z", "eventType": "input.type", "fullPath": "/main.py", "details": {"fromA": 92, "toA": 92, "fromB": 92, "toB": 93, "inserted": ["e"]}}
{"dateTime": "2025-08-27T02:27:49.296Z", "eventType": "input.type", "fullPath": "/main.py", "details": {"fromA": 93, "toA": 93, "fromB": 93, "toB": 94, "inserted": ["r"]}}
{"dateTime": "2025-08-27T02:27:51.380Z", "eventType": "input.type", "fullPath": "/main.py", "details": {"fromA": 94, "toA": 95, "fromB": 94, "toB": 95, "inserted": [")"]}}
{"dateTime": "2025-08-27T02:27:58.186Z", "eventType": "select", "fullPath": "/main.py", "details": {"selection": {"from": 94, "to": 94}}}
{"dateTime": "2025-08-27T02:27:59.905Z", "eventType": "input.type", "fullPath": "/main.py", "details": {"fromA": 94, "toA": 94, "fromB": 94, "toB": 96, "inserted": ["()"]}}
{"dateTime": "2025-08-27T02:28:00.935Z", "eventType": "input.type", "fullPath": "/main.py", "details": {"fromA": 95, "toA": 96, "fromB": 95, "toB": 96, "inserted": [")"]}}
{"dateTime": "2025-08-27T02:28:03.568Z", "eventType": "blur", "fullPath": "/main.py"}
{"dateTime": "2025-08-27T02:28:05.064Z", "eventType": "run", "details": {"commit": "d6ddd89afd1585627f3ea34ab25cd07859561783"}}
