== SUBMISSION (2025-08-26 18:38:56)
-- CODE: 
raio = float(input())
volume = (4/3) * match.pi * raio**3  
print(round(volume, 4))
-- EXECUTION TIME: 
0.0
-- TEST CASE 1:
---- input:
5.5
---- correct output:
696.91
-- ERROR:
Traceback (most recent call last):
  File "XXXX", line 2, in <module>
    volume = (4/3) * match.pi * raio**3  
                     ^^^^^
NameError: name 'match' is not defined
-- TEST CASE 2:
---- input:
1.0
---- correct output:
4.1888
-- ERROR:
Traceback (most recent call last):
  File "XXXX", line 2, in <module>
    volume = (4/3) * match.pi * raio**3  
                     ^^^^^
NameError: name 'match' is not defined
-- TEST CASE 3:
---- input:
3.2
---- correct output:
137.2583
-- ERROR:
Traceback (most recent call last):
  File "XXXX", line 2, in <module>
    volume = (4/3) * match.pi * raio**3  
                     ^^^^^
NameError: name 'match' is not defined
-- TEST CASE 4:
---- input:
10.0
---- correct output:
4188.7902
-- ERROR:
Traceback (most recent call last):
  File "XXXX", line 2, in <module>
    volume = (4/3) * match.pi * raio**3  
                     ^^^^^
NameError: name 'match' is not defined
-- TEST CASE 5:
---- input:
12.0
---- correct output:
7238.2295
-- ERROR:
Traceback (most recent call last):
  File "XXXX", line 2, in <module>
    volume = (4/3) * match.pi * raio**3  
                     ^^^^^
NameError: name 'match' is not defined
-- TEST CASE 6:
---- input:
0.5
---- correct output:
0.5236
-- ERROR:
Traceback (most recent call last):
  File "XXXX", line 2, in <module>
    volume = (4/3) * match.pi * raio**3  
                     ^^^^^
NameError: name 'match' is not defined
-- GRADE:
0%
*-*-*-*-*-*-*-*-*-*-*-*-*-*-*-*-*-*-*-*-*-*-*-*
== SUBMISSION (2025-08-26 18:31:58)
-- CODE: 
raio = float(input())
volume = (4/3) * pi * raio * 3  
print(round(volume,4))
-- EXECUTION TIME: 
0.0
-- TEST CASE 1:
---- input:
5.5
---- correct output:
696.91
-- ERROR:
Traceback (most recent call last):
  File "XXXX", line 2, in <module>
    volume = (4/3) * pi * raio * 3  
                     ^^
NameError: name 'pi' is not defined
-- TEST CASE 2:
---- input:
1.0
---- correct output:
4.1888
-- ERROR:
Traceback (most recent call last):
  File "XXXX", line 2, in <module>
    volume = (4/3) * pi * raio * 3  
                     ^^
NameError: name 'pi' is not defined
-- TEST CASE 3:
---- input:
3.2
---- correct output:
137.2583
-- ERROR:
Traceback (most recent call last):
  File "XXXX", line 2, in <module>
    volume = (4/3) * pi * raio * 3  
                     ^^
NameError: name 'pi' is not defined
-- TEST CASE 4:
---- input:
10.0
---- correct output:
4188.7902
-- ERROR:
Traceback (most recent call last):
  File "XXXX", line 2, in <module>
    volume = (4/3) * pi * raio * 3  
                     ^^
NameError: name 'pi' is not defined
-- TEST CASE 5:
---- input:
12.0
---- correct output:
7238.2295
-- ERROR:
Traceback (most recent call last):
  File "XXXX", line 2, in <module>
    volume = (4/3) * pi * raio * 3  
                     ^^
NameError: name 'pi' is not defined
-- TEST CASE 6:
---- input:
0.5
---- correct output:
0.5236
-- ERROR:
Traceback (most recent call last):
  File "XXXX", line 2, in <module>
    volume = (4/3) * pi * raio * 3  
                     ^^
NameError: name 'pi' is not defined
-- GRADE:
0%
*-*-*-*-*-*-*-*-*-*-*-*-*-*-*-*-*-*-*-*-*-*-*-*
== SUBMISSION (2025-08-26 18:32:15)
-- CODE: 
raio = float(input())
volume = (4/3) * match.pi * raio * 3  
print(round(volume,4))
-- EXECUTION TIME: 
0.0
-- TEST CASE 1:
---- input:
5.5
---- correct output:
696.91
-- ERROR:
Traceback (most recent call last):
  File "XXXX", line 2, in <module>
    volume = (4/3) * match.pi * raio * 3  
                     ^^^^^
NameError: name 'match' is not defined
-- TEST CASE 2:
---- input:
1.0
---- correct output:
4.1888
-- ERROR:
Traceback (most recent call last):
  File "XXXX", line 2, in <module>
    volume = (4/3) * match.pi * raio * 3  
                     ^^^^^
NameError: name 'match' is not defined
-- TEST CASE 3:
---- input:
3.2
---- correct output:
137.2583
-- ERROR:
Traceback (most recent call last):
  File "XXXX", line 2, in <module>
    volume = (4/3) * match.pi * raio * 3  
                     ^^^^^
NameError: name 'match' is not defined
-- TEST CASE 4:
---- input:
10.0
---- correct output:
4188.7902
-- ERROR:
Traceback (most recent call last):
  File "XXXX", line 2, in <module>
    volume = (4/3) * match.pi * raio * 3  
                     ^^^^^
NameError: name 'match' is not defined
-- TEST CASE 5:
---- input:
12.0
---- correct output:
7238.2295
-- ERROR:
Traceback (most recent call last):
  File "XXXX", line 2, in <module>
    volume = (4/3) * match.pi * raio * 3  
                     ^^^^^
NameError: name 'match' is not defined
-- TEST CASE 6:
---- input:
0.5
---- correct output:
0.5236
-- ERROR:
Traceback (most recent call last):
  File "XXXX", line 2, in <module>
    volume = (4/3) * match.pi * raio * 3  
                     ^^^^^
NameError: name 'match' is not defined
-- GRADE:
0%
*-*-*-*-*-*-*-*-*-*-*-*-*-*-*-*-*-*-*-*-*-*-*-*
== SUBMISSION (2025-08-26 18:38:43)
-- CODE: 
raio = float(input())
volume = (4/3) * pi * raio**3  
print(round(volume, 4))
-- EXECUTION TIME: 
0.0
-- TEST CASE 1:
---- input:
5.5
---- correct output:
696.91
-- ERROR:
Traceback (most recent call last):
  File "XXXX", line 2, in <module>
    volume = (4/3) * pi * raio**3  
                     ^^
NameError: name 'pi' is not defined
-- TEST CASE 2:
---- input:
1.0
---- correct output:
4.1888
-- ERROR:
Traceback (most recent call last):
  File "XXXX", line 2, in <module>
    volume = (4/3) * pi * raio**3  
                     ^^
NameError: name 'pi' is not defined
-- TEST CASE 3:
---- input:
3.2
---- correct output:
137.2583
-- ERROR:
Traceback (most recent call last):
  File "XXXX", line 2, in <module>
    volume = (4/3) * pi * raio**3  
                     ^^
NameError: name 'pi' is not defined
-- TEST CASE 4:
---- input:
10.0
---- correct output:
4188.7902
-- ERROR:
Traceback (most recent call last):
  File "XXXX", line 2, in <module>
    volume = (4/3) * pi * raio**3  
                     ^^
NameError: name 'pi' is not defined
-- TEST CASE 5:
---- input:
12.0
---- correct output:
7238.2295
-- ERROR:
Traceback (most recent call last):
  File "XXXX", line 2, in <module>
    volume = (4/3) * pi * raio**3  
                     ^^
NameError: name 'pi' is not defined
-- TEST CASE 6:
---- input:
0.5
---- correct output:
0.5236
-- ERROR:
Traceback (most recent call last):
  File "XXXX", line 2, in <module>
    volume = (4/3) * pi * raio**3  
                     ^^
NameError: name 'pi' is not defined
-- GRADE:
0%
*-*-*-*-*-*-*-*-*-*-*-*-*-*-*-*-*-*-*-*-*-*-*-*
== SUBMISSION (2025-08-26 18:38:28)
-- CODE: 
raio = float(input())
volume = (4/3) * pi * raio *** 3  
print(round(volume,4))
-- EXECUTION TIME: 
0.0
-- TEST CASE 1:
---- input:
5.5
---- correct output:
696.91
-- ERROR:
File "XXXX", line 2
    volume = (4/3) * pi * raio *** 3  
                                 ^
SyntaxError: invalid syntax
-- TEST CASE 2:
---- input:
1.0
---- correct output:
4.1888
-- ERROR:
File "XXXX", line 2
    volume = (4/3) * pi * raio *** 3  
                                 ^
SyntaxError: invalid syntax
-- TEST CASE 3:
---- input:
3.2
---- correct output:
137.2583
-- ERROR:
File "XXXX", line 2
    volume = (4/3) * pi * raio *** 3  
                                 ^
SyntaxError: invalid syntax
-- TEST CASE 4:
---- input:
10.0
---- correct output:
4188.7902
-- ERROR:
File "XXXX", line 2
    volume = (4/3) * pi * raio *** 3  
                                 ^
SyntaxError: invalid syntax
-- TEST CASE 5:
---- input:
12.0
---- correct output:
7238.2295
-- ERROR:
File "XXXX", line 2
    volume = (4/3) * pi * raio *** 3  
                                 ^
SyntaxError: invalid syntax
-- TEST CASE 6:
---- input:
0.5
---- correct output:
0.5236
-- ERROR:
File "XXXX", line 2
    volume = (4/3) * pi * raio *** 3  
                                 ^
SyntaxError: invalid syntax
-- GRADE:
0%
*-*-*-*-*-*-*-*-*-*-*-*-*-*-*-*-*-*-*-*-*-*-*-*
== SUBMISSION (2025-08-26 18:32:35)
-- CODE: 
raio = float(input())
volume = (4/3) * macht.pi * raio * 3  
print(round(volume,4))
-- EXECUTION TIME: 
0.0
-- TEST CASE 1:
---- input:
5.5
---- correct output:
696.91
-- ERROR:
Traceback (most recent call last):
  File "XXXX", line 2, in <module>
    volume = (4/3) * macht.pi * raio * 3  
                     ^^^^^
NameError: name 'macht' is not defined
-- TEST CASE 2:
---- input:
1.0
---- correct output:
4.1888
-- ERROR:
Traceback (most recent call last):
  File "XXXX", line 2, in <module>
    volume = (4/3) * macht.pi * raio * 3  
                     ^^^^^
NameError: name 'macht' is not defined
-- TEST CASE 3:
---- input:
3.2
---- correct output:
137.2583
-- ERROR:
Traceback (most recent call last):
  File "XXXX", line 2, in <module>
    volume = (4/3) * macht.pi * raio * 3  
                     ^^^^^
NameError: name 'macht' is not defined
-- TEST CASE 4:
---- input:
10.0
---- correct output:
4188.7902
-- ERROR:
Traceback (most recent call last):
  File "XXXX", line 2, in <module>
    volume = (4/3) * macht.pi * raio * 3  
                     ^^^^^
NameError: name 'macht' is not defined
-- TEST CASE 5:
---- input:
12.0
---- correct output:
7238.2295
-- ERROR:
Traceback (most recent call last):
  File "XXXX", line 2, in <module>
    volume = (4/3) * macht.pi * raio * 3  
                     ^^^^^
NameError: name 'macht' is not defined
-- TEST CASE 6:
---- input:
0.5
---- correct output:
0.5236
-- ERROR:
Traceback (most recent call last):
  File "XXXX", line 2, in <module>
    volume = (4/3) * macht.pi * raio * 3  
                     ^^^^^
NameError: name 'macht' is not defined
-- GRADE:
0%
*-*-*-*-*-*-*-*-*-*-*-*-*-*-*-*-*-*-*-*-*-*-*-*
== SUBMISSION (2025-08-26 18:40:10)
-- CODE: 
raio = float(input())
volume = (4/3) * pi * raio**3  
print(round(volume, 4))
-- EXECUTION TIME: 
0.0
-- TEST CASE 1:
---- input:
5.5
---- correct output:
696.91
-- ERROR:
Traceback (most recent call last):
  File "XXXX", line 2, in <module>
    volume = (4/3) * pi * raio**3  
                     ^^
NameError: name 'pi' is not defined
-- TEST CASE 2:
---- input:
1.0
---- correct output:
4.1888
-- ERROR:
Traceback (most recent call last):
  File "XXXX", line 2, in <module>
    volume = (4/3) * pi * raio**3  
                     ^^
NameError: name 'pi' is not defined
-- TEST CASE 3:
---- input:
3.2
---- correct output:
137.2583
-- ERROR:
Traceback (most recent call last):
  File "XXXX", line 2, in <module>
    volume = (4/3) * pi * raio**3  
                     ^^
NameError: name 'pi' is not defined
-- TEST CASE 4:
---- input:
10.0
---- correct output:
4188.7902
-- ERROR:
Traceback (most recent call last):
  File "XXXX", line 2, in <module>
    volume = (4/3) * pi * raio**3  
                     ^^
NameError: name 'pi' is not defined
-- TEST CASE 5:
---- input:
12.0
---- correct output:
7238.2295
-- ERROR:
Traceback (most recent call last):
  File "XXXX", line 2, in <module>
    volume = (4/3) * pi * raio**3  
                     ^^
NameError: name 'pi' is not defined
-- TEST CASE 6:
---- input:
0.5
---- correct output:
0.5236
-- ERROR:
Traceback (most recent call last):
  File "XXXX", line 2, in <module>
    volume = (4/3) * pi * raio**3  
                     ^^
NameError: name 'pi' is not defined
-- GRADE:
0%
*-*-*-*-*-*-*-*-*-*-*-*-*-*-*-*-*-*-*-*-*-*-*-*
== SUBMISSION (2025-08-26 18:38:42)
-- CODE: 
raio = float(input())
volume = (4/3) * pi * raio**3  
print(round(volume, 4))
-- EXECUTION TIME: 
0.0
-- TEST CASE 1:
---- input:
5.5
---- correct output:
696.91
-- ERROR:
Traceback (most recent call last):
  File "XXXX", line 2, in <module>
    volume = (4/3) * pi * raio**3  
                     ^^
NameError: name 'pi' is not defined
-- TEST CASE 2:
---- input:
1.0
---- correct output:
4.1888
-- ERROR:
Traceback (most recent call last):
  File "XXXX", line 2, in <module>
    volume = (4/3) * pi * raio**3  
                     ^^
NameError: name 'pi' is not defined
-- TEST CASE 3:
---- input:
3.2
---- correct output:
137.2583
-- ERROR:
Traceback (most recent call last):
  File "XXXX", line 2, in <module>
    volume = (4/3) * pi * raio**3  
                     ^^
NameError: name 'pi' is not defined
-- TEST CASE 4:
---- input:
10.0
---- correct output:
4188.7902
-- ERROR:
Traceback (most recent call last):
  File "XXXX", line 2, in <module>
    volume = (4/3) * pi * raio**3  
                     ^^
NameError: name 'pi' is not defined
-- TEST CASE 5:
---- input:
12.0
---- correct output:
7238.2295
-- ERROR:
Traceback (most recent call last):
  File "XXXX", line 2, in <module>
    volume = (4/3) * pi * raio**3  
                     ^^
NameError: name 'pi' is not defined
-- TEST CASE 6:
---- input:
0.5
---- correct output:
0.5236
-- ERROR:
Traceback (most recent call last):
  File "XXXX", line 2, in <module>
    volume = (4/3) * pi * raio**3  
                     ^^
NameError: name 'pi' is not defined
-- GRADE:
0%
*-*-*-*-*-*-*-*-*-*-*-*-*-*-*-*-*-*-*-*-*-*-*-*
== SUBMISSION (2025-08-26 18:42:49)
-- CODE: 
from math import *
raio = float(input())
volume = (4/3) * pi * raio**3  
print(round(volume, 4))
-- EXECUTION TIME: 
0.01
-- TEST CASE 1:
---- input:
5.5
---- correct output:
696.91
---- user output:
696.91
-- TEST CASE 2:
---- input:
1.0
---- correct output:
4.1888
---- user output:
4.1888
-- TEST CASE 3:
---- input:
3.2
---- correct output:
137.2583
---- user output:
137.2583
-- TEST CASE 4:
---- input:
10.0
---- correct output:
4188.7902
---- user output:
4188.7902
-- TEST CASE 5:
---- input:
12.0
---- correct output:
7238.2295
---- user output:
7238.2295
-- TEST CASE 6:
---- input:
0.5
---- correct output:
0.5236
---- user output:
0.5236
-- GRADE:
100%
*-*-*-*-*-*-*-*-*-*-*-*-*-*-*-*-*-*-*-*-*-*-*-*
== SUBMISSION (2025-08-26 18:38:23)
-- CODE: 
raio = float(input())
volume = (4/3) * pi * raio ** 3  
print(round(volume,4))
-- EXECUTION TIME: 
0.0
-- TEST CASE 1:
---- input:
5.5
---- correct output:
696.91
-- ERROR:
Traceback (most recent call last):
  File "XXXX", line 2, in <module>
    volume = (4/3) * pi * raio ** 3  
                     ^^
NameError: name 'pi' is not defined
-- TEST CASE 2:
---- input:
1.0
---- correct output:
4.1888
-- ERROR:
Traceback (most recent call last):
  File "XXXX", line 2, in <module>
    volume = (4/3) * pi * raio ** 3  
                     ^^
NameError: name 'pi' is not defined
-- TEST CASE 3:
---- input:
3.2
---- correct output:
137.2583
-- ERROR:
Traceback (most recent call last):
  File "XXXX", line 2, in <module>
    volume = (4/3) * pi * raio ** 3  
                     ^^
NameError: name 'pi' is not defined
-- TEST CASE 4:
---- input:
10.0
---- correct output:
4188.7902
-- ERROR:
Traceback (most recent call last):
  File "XXXX", line 2, in <module>
    volume = (4/3) * pi * raio ** 3  
                     ^^
NameError: name 'pi' is not defined
-- TEST CASE 5:
---- input:
12.0
---- correct output:
7238.2295
-- ERROR:
Traceback (most recent call last):
  File "XXXX", line 2, in <module>
    volume = (4/3) * pi * raio ** 3  
                     ^^
NameError: name 'pi' is not defined
-- TEST CASE 6:
---- input:
0.5
---- correct output:
0.5236
-- ERROR:
Traceback (most recent call last):
  File "XXXX", line 2, in <module>
    volume = (4/3) * pi * raio ** 3  
                     ^^
NameError: name 'pi' is not defined
-- GRADE:
0%
*-*-*-*-*-*-*-*-*-*-*-*-*-*-*-*-*-*-*-*-*-*-*-*
== SUBMISSION (2025-08-26 18:42:54)
-- CODE: 
from math import *
raio = float(input())
volume = (4/3) * pi * raio**3  
print(round(volume, 4))
-- EXECUTION TIME: 
0.01
-- TEST CASE 1:
---- input:
5.5
---- correct output:
696.91
---- user output:
696.91
-- TEST CASE 2:
---- input:
1.0
---- correct output:
4.1888
---- user output:
4.1888
-- TEST CASE 3:
---- input:
3.2
---- correct output:
137.2583
---- user output:
137.2583
-- TEST CASE 4:
---- input:
10.0
---- correct output:
4188.7902
---- user output:
4188.7902
-- TEST CASE 5:
---- input:
12.0
---- correct output:
7238.2295
---- user output:
7238.2295
-- TEST CASE 6:
---- input:
0.5
---- correct output:
0.5236
---- user output:
0.5236
-- GRADE:
100%
*-*-*-*-*-*-*-*-*-*-*-*-*-*-*-*-*-*-*-*-*-*-*-*
== SUBMISSION (2025-08-26 18:32:46)
-- CODE: 
raio = float(input())
volume = (4/3) * pi * raio * 3  
print(round(volume,4))
-- EXECUTION TIME: 
0.0
-- TEST CASE 1:
---- input:
5.5
---- correct output:
696.91
-- ERROR:
Traceback (most recent call last):
  File "XXXX", line 2, in <module>
    volume = (4/3) * pi * raio * 3  
                     ^^
NameError: name 'pi' is not defined
-- TEST CASE 2:
---- input:
1.0
---- correct output:
4.1888
-- ERROR:
Traceback (most recent call last):
  File "XXXX", line 2, in <module>
    volume = (4/3) * pi * raio * 3  
                     ^^
NameError: name 'pi' is not defined
-- TEST CASE 3:
---- input:
3.2
---- correct output:
137.2583
-- ERROR:
Traceback (most recent call last):
  File "XXXX", line 2, in <module>
    volume = (4/3) * pi * raio * 3  
                     ^^
NameError: name 'pi' is not defined
-- TEST CASE 4:
---- input:
10.0
---- correct output:
4188.7902
-- ERROR:
Traceback (most recent call last):
  File "XXXX", line 2, in <module>
    volume = (4/3) * pi * raio * 3  
                     ^^
NameError: name 'pi' is not defined
-- TEST CASE 5:
---- input:
12.0
---- correct output:
7238.2295
-- ERROR:
Traceback (most recent call last):
  File "XXXX", line 2, in <module>
    volume = (4/3) * pi * raio * 3  
                     ^^
NameError: name 'pi' is not defined
-- TEST CASE 6:
---- input:
0.5
---- correct output:
0.5236
-- ERROR:
Traceback (most recent call last):
  File "XXXX", line 2, in <module>
    volume = (4/3) * pi * raio * 3  
                     ^^
NameError: name 'pi' is not defined
-- GRADE:
0%
*-*-*-*-*-*-*-*-*-*-*-*-*-*-*-*-*-*-*-*-*-*-*-*
== SUBMISSION (2025-08-26 18:31:06)
-- CODE: 
raio = float(input())
volume = (4 / 3) * pi * raio * 3  
print(round(volume,4))
-- EXECUTION TIME: 
0.0
-- TEST CASE 1:
---- input:
5.5
---- correct output:
696.91
-- ERROR:
Traceback (most recent call last):
  File "XXXX", line 2, in <module>
    volume = (4 / 3) * pi * raio * 3  
                       ^^
NameError: name 'pi' is not defined
-- TEST CASE 2:
---- input:
1.0
---- correct output:
4.1888
-- ERROR:
Traceback (most recent call last):
  File "XXXX", line 2, in <module>
    volume = (4 / 3) * pi * raio * 3  
                       ^^
NameError: name 'pi' is not defined
-- TEST CASE 3:
---- input:
3.2
---- correct output:
137.2583
-- ERROR:
Traceback (most recent call last):
  File "XXXX", line 2, in <module>
    volume = (4 / 3) * pi * raio * 3  
                       ^^
NameError: name 'pi' is not defined
-- TEST CASE 4:
---- input:
10.0
---- correct output:
4188.7902
-- ERROR:
Traceback (most recent call last):
  File "XXXX", line 2, in <module>
    volume = (4 / 3) * pi * raio * 3  
                       ^^
NameError: name 'pi' is not defined
-- TEST CASE 5:
---- input:
12.0
---- correct output:
7238.2295
-- ERROR:
Traceback (most recent call last):
  File "XXXX", line 2, in <module>
    volume = (4 / 3) * pi * raio * 3  
                       ^^
NameError: name 'pi' is not defined
-- TEST CASE 6:
---- input:
0.5
---- correct output:
0.5236
-- ERROR:
Traceback (most recent call last):
  File "XXXX", line 2, in <module>
    volume = (4 / 3) * pi * raio * 3  
                       ^^
NameError: name 'pi' is not defined
-- GRADE:
0%
*-*-*-*-*-*-*-*-*-*-*-*-*-*-*-*-*-*-*-*-*-*-*-*
