{"dateTime": "2025-08-21T00:36:22.717Z", "eventType": "window.blur", "fullPath": "/main.py"}
{"dateTime": "2025-08-23T02:00:59.316Z", "eventType": "run", "details": {"commit": "aee1cd73ce7f96829ff49be12567852322d6ef43"}}
{"dateTime": "2025-08-23T02:01:00.249Z", "eventType": "submission", "details": {"correctness": 0, "commit": "aee1cd73ce7f96829ff49be12567852322d6ef43", "executionTime": 0.01}}
{"dateTime": "2025-08-23T18:14:56.462Z", "eventType": "window.focus", "fullPath": "/main.py"}
{"dateTime": "2025-08-23T18:15:18.422Z", "eventType": "window.focus", "fullPath": "/main.py"}
{"dateTime": "2025-08-23T18:15:18.929Z", "eventType": "run", "details": {"commit": "aee1cd73ce7f96829ff49be12567852322d6ef43"}}
{"dateTime": "2025-08-23T18:15:39.503Z", "eventType": "run", "details": {"commit": "aee1cd73ce7f96829ff49be12567852322d6ef43"}}
{"dateTime": "2025-08-23T18:16:14.473Z", "eventType": "window.blur", "fullPath": "/main.py"}
{"dateTime": "2025-08-23T18:16:19.040Z", "eventType": "window.blur", "fullPath": "/main.py"}
{"dateTime": "2025-08-23T18:16:41.263Z", "eventType": "window.blur", "fullPath": "/main.py"}
{"dateTime": "2025-08-23T18:17:22.381Z", "eventType": "window.focus", "fullPath": "/main.py"}
{"dateTime": "2025-08-23T18:18:53.414Z", "eventType": "window.focus", "fullPath": "/main.py"}
{"dateTime": "2025-08-23T18:18:57.335Z", "eventType": "window.blur", "fullPath": "/main.py"}
{"dateTime": "2025-08-23T18:18:59.213Z", "eventType": "window.focus", "fullPath": "/main.py"}
{"dateTime": "2025-08-23T18:19:03.215Z", "eventType": "window.blur", "fullPath": "/main.py"}
{"dateTime": "2025-08-23T18:19:07.429Z", "eventType": "window.focus", "fullPath": "/main.py"}
{"dateTime": "2025-08-23T18:19:17.726Z", "eventType": "window.blur", "fullPath": "/main.py"}
{"dateTime": "2025-08-26T00:07:05.479Z", "eventType": "focus", "fullPath": "/main.py"}
{"dateTime": "2025-08-26T00:07:05.482Z", "eventType": "select.pointer", "fullPath": "/main.py", "details": {"selection": {"from": 0, "to": 0}}}
{"dateTime": "2025-08-26T00:07:05.650Z", "eventType": "select.pointer", "fullPath": "/main.py", "details": {"selection": {"from": 0, "to": 1}}}
{"dateTime": "2025-08-26T00:07:05.665Z", "eventType": "select.pointer", "fullPath": "/main.py", "details": {"selection": {"from": 0, "to": 7}}}
{"dateTime": "2025-08-26T00:07:05.676Z", "eventType": "select.pointer", "fullPath": "/main.py", "details": {"selection": {"from": 0, "to": 11}}}
{"dateTime": "2025-08-26T00:07:05.726Z", "eventType": "select.pointer", "fullPath": "/main.py", "details": {"selection": {"from": 0, "to": 18}}}
{"dateTime": "2025-08-26T00:07:05.742Z", "eventType": "select.pointer", "fullPath": "/main.py", "details": {"selection": {"from": 0, "to": 21}}}
{"dateTime": "2025-08-26T00:07:05.775Z", "eventType": "select.pointer", "fullPath": "/main.py", "details": {"selection": {"from": 0, "to": 0}}}
{"dateTime": "2025-08-26T00:07:06.896Z", "eventType": "select.pointer", "fullPath": "/main.py", "details": {"selection": {"from": 59, "to": 59}}}
{"dateTime": "2025-08-26T00:07:07.133Z", "eventType": "select.pointer", "fullPath": "/main.py", "details": {"selection": {"from": 58, "to": 59}}}
{"dateTime": "2025-08-26T00:07:07.143Z", "eventType": "select.pointer", "fullPath": "/main.py", "details": {"selection": {"from": 57, "to": 59}}}
{"dateTime": "2025-08-26T00:07:07.201Z", "eventType": "select.pointer", "fullPath": "/main.py", "details": {"selection": {"from": 59, "to": 60}}}
{"dateTime": "2025-08-26T00:07:07.242Z", "eventType": "select.pointer", "fullPath": "/main.py", "details": {"selection": {"from": 59, "to": 68}}}
{"dateTime": "2025-08-26T00:07:07.259Z", "eventType": "select.pointer", "fullPath": "/main.py", "details": {"selection": {"from": 59, "to": 66}}}
{"dateTime": "2025-08-26T00:07:07.275Z", "eventType": "select.pointer", "fullPath": "/main.py", "details": {"selection": {"from": 59, "to": 65}}}
{"dateTime": "2025-08-26T00:07:07.309Z", "eventType": "select.pointer", "fullPath": "/main.py", "details": {"selection": {"from": 59, "to": 63}}}
{"dateTime": "2025-08-26T00:07:07.325Z", "eventType": "select.pointer", "fullPath": "/main.py", "details": {"selection": {"from": 59, "to": 62}}}
{"dateTime": "2025-08-26T00:07:07.376Z", "eventType": "select.pointer", "fullPath": "/main.py", "details": {"selection": {"from": 59, "to": 61}}}
{"dateTime": "2025-08-26T00:07:07.426Z", "eventType": "select.pointer", "fullPath": "/main.py", "details": {"selection": {"from": 59, "to": 60}}}
{"dateTime": "2025-08-26T00:07:10.018Z", "eventType": "select.pointer", "fullPath": "/main.py", "details": {"selection": {"from": 84, "to": 84}}}
{"dateTime": "2025-08-26T00:07:10.664Z", "eventType": "select.pointer", "fullPath": "/main.py", "details": {"selection": {"from": 84, "to": 87}}}
{"dateTime": "2025-08-26T00:07:10.676Z", "eventType": "select.pointer", "fullPath": "/main.py", "details": {"selection": {"from": 84, "to": 90}}}
{"dateTime": "2025-08-26T00:07:10.692Z", "eventType": "select.pointer", "fullPath": "/main.py", "details": {"selection": {"from": 84, "to": 92}}}
{"dateTime": "2025-08-26T00:07:10.742Z", "eventType": "select.pointer", "fullPath": "/main.py", "details": {"selection": {"from": 84, "to": 93}}}
{"dateTime": "2025-08-26T00:07:10.759Z", "eventType": "select.pointer", "fullPath": "/main.py", "details": {"selection": {"from": 84, "to": 94}}}
{"dateTime": "2025-08-26T00:07:10.813Z", "eventType": "select.pointer", "fullPath": "/main.py", "details": {"selection": {"from": 84, "to": 95}}}
{"dateTime": "2025-08-26T00:07:10.862Z", "eventType": "select.pointer", "fullPath": "/main.py", "details": {"selection": {"from": 84, "to": 96}}}
{"dateTime": "2025-08-26T00:07:10.896Z", "eventType": "select.pointer", "fullPath": "/main.py", "details": {"selection": {"from": 84, "to": 97}}}
{"dateTime": "2025-08-26T00:07:10.946Z", "eventType": "select.pointer", "fullPath": "/main.py", "details": {"selection": {"from": 84, "to": 98}}}
{"dateTime": "2025-08-26T00:07:10.979Z", "eventType": "select.pointer", "fullPath": "/main.py", "details": {"selection": {"from": 84, "to": 99}}}
{"dateTime": "2025-08-26T00:07:15.755Z", "eventType": "blur", "fullPath": "/main.py"}
{"dateTime": "2025-08-26T00:07:16.184Z", "eventType": "submission", "details": {"correctness": 1, "commit": "dbecad795f94bc74f23b6b4b6c2d5fb4f9eb1486", "executionTime": 0.01}}
{"dateTime": "2025-08-26T00:07:34.127Z", "eventType": "focus", "fullPath": "/main.py"}
{"dateTime": "2025-08-26T00:07:34.132Z", "eventType": "select", "fullPath": "/main.py", "details": {"selection": {"from": 158, "to": 158}}}
{"dateTime": "2025-08-26T00:07:34.974Z", "eventType": "select.pointer", "fullPath": "/main.py", "details": {"selection": {"from": 158, "to": 158}}}
{"dateTime": "2025-08-26T00:07:41.431Z", "eventType": "blur", "fullPath": "/main.py"}
{"dateTime": "2025-08-26T00:09:54.919Z", "eventType": "window.blur", "fullPath": "/main.py"}
{"dateTime": "2025-08-26T00:10:21.510Z", "eventType": "window.focus", "fullPath": "/main.py"}
{"dateTime": "2025-08-26T00:10:37.901Z", "eventType": "focus", "fullPath": "/main.py"}
{"dateTime": "2025-08-26T00:10:37.902Z", "eventType": "select.pointer", "fullPath": "/main.py", "details": {"selection": {"from": 0, "to": 0}}}
{"dateTime": "2025-08-26T00:10:40.630Z", "eventType": "input.type", "fullPath": "/main.py", "details": {"fromA": 0, "toA": 0, "fromB": 0, "toB": 1, "inserted": ["2"]}}
{"dateTime": "2025-08-26T00:10:40.869Z", "eventType": "input.type", "fullPath": "/main.py", "details": {"fromA": 1, "toA": 1, "fromB": 1, "toB": 2, "inserted": ["4"]}}
{"dateTime": "2025-08-26T00:10:41.046Z", "eventType": "input.type", "fullPath": "/main.py", "details": {"fromA": 2, "toA": 2, "fromB": 2, "toB": 3, "inserted": ["1"]}}
{"dateTime": "2025-08-26T00:10:41.652Z", "eventType": "delete.backward", "fullPath": "/main.py", "details": {"fromA": 2, "toA": 3, "fromB": 2, "toB": 2, "inserted": [""]}}
{"dateTime": "2025-08-26T00:10:43.702Z", "eventType": "input.type", "fullPath": "/main.py", "details": {"fromA": 2, "toA": 2, "fromB": 2, "toB": 3, "inserted": ["0"]}}
{"dateTime": "2025-08-26T00:10:45.585Z", "eventType": "input.type", "fullPath": "/main.py", "details": {"fromA": 3, "toA": 3, "fromB": 3, "toB": 4, "inserted": [" "]}}
{"dateTime": "2025-08-26T00:10:46.803Z", "eventType": "delete.backward", "fullPath": "/main.py", "details": {"fromA": 3, "toA": 4, "fromB": 3, "toB": 3, "inserted": [""]}}
{"dateTime": "2025-08-26T00:10:46.979Z", "eventType": "delete.backward", "fullPath": "/main.py", "details": {"fromA": 2, "toA": 3, "fromB": 2, "toB": 2, "inserted": [""]}}
{"dateTime": "2025-08-26T00:10:47.056Z", "eventType": "delete.backward", "fullPath": "/main.py", "details": {"fromA": 1, "toA": 2, "fromB": 1, "toB": 1, "inserted": [""]}}
{"dateTime": "2025-08-26T00:10:47.203Z", "eventType": "delete.backward", "fullPath": "/main.py", "details": {"fromA": 0, "toA": 1, "fromB": 0, "toB": 0, "inserted": [""]}}
{"dateTime": "2025-08-26T00:10:51.666Z", "eventType": "blur", "fullPath": "/main.py"}
{"dateTime": "2025-08-26T00:12:00.072Z", "eventType": "window.blur", "fullPath": "/main.py"}
{"dateTime": "2025-08-26T00:12:19.748Z", "eventType": "window.focus", "fullPath": "/main.py"}
{"dateTime": "2025-08-26T00:13:46.329Z", "eventType": "focus", "fullPath": "/main.py"}
{"dateTime": "2025-08-26T00:13:46.332Z", "eventType": "select.pointer", "fullPath": "/main.py", "details": {"selection": {"from": 0, "to": 0}}}
{"dateTime": "2025-08-26T00:13:54.100Z", "eventType": "input.type", "fullPath": "/main.py", "details": {"fromA": 0, "toA": 0, "fromB": 0, "toB": 1, "inserted": ["n"]}}
{"dateTime": "2025-08-26T00:13:56.756Z", "eventType": "input.type", "fullPath": "/main.py", "details": {"fromA": 1, "toA": 1, "fromB": 1, "toB": 2, "inserted": [" "]}}
{"dateTime": "2025-08-26T00:13:56.883Z", "eventType": "input.type", "fullPath": "/main.py", "details": {"fromA": 2, "toA": 2, "fromB": 2, "toB": 3, "inserted": ["="]}}
{"dateTime": "2025-08-26T00:13:58.836Z", "eventType": "input.type", "fullPath": "/main.py", "details": {"fromA": 3, "toA": 3, "fromB": 3, "toB": 4, "inserted": [" "]}}
{"dateTime": "2025-08-26T00:14:18.701Z", "eventType": "input.type", "fullPath": "/main.py", "details": {"fromA": 4, "toA": 4, "fromB": 4, "toB": 5, "inserted": ["f"]}}
{"dateTime": "2025-08-26T00:14:19.361Z", "eventType": "input.type", "fullPath": "/main.py", "details": {"fromA": 5, "toA": 5, "fromB": 5, "toB": 6, "inserted": ["l"]}}
{"dateTime": "2025-08-26T00:14:19.571Z", "eventType": "input.type", "fullPath": "/main.py", "details": {"fromA": 6, "toA": 6, "fromB": 6, "toB": 7, "inserted": ["o"]}}
{"dateTime": "2025-08-26T00:14:20.083Z", "eventType": "input.type", "fullPath": "/main.py", "details": {"fromA": 7, "toA": 7, "fromB": 7, "toB": 8, "inserted": ["a"]}}
{"dateTime": "2025-08-26T00:14:23.426Z", "eventType": "blur", "fullPath": "/main.py"}
{"dateTime": "2025-08-26T00:14:29.217Z", "eventType": "focus", "fullPath": "/main.py"}
{"dateTime": "2025-08-26T00:14:29.220Z", "eventType": "select.pointer", "fullPath": "/main.py", "details": {"selection": {"from": 8, "to": 8}}}
{"dateTime": "2025-08-26T00:14:30.479Z", "eventType": "input.type", "fullPath": "/main.py", "details": {"fromA": 8, "toA": 8, "fromB": 8, "toB": 9, "inserted": ["t"]}}
{"dateTime": "2025-08-26T00:14:32.450Z", "eventType": "input.type", "fullPath": "/main.py", "details": {"fromA": 9, "toA": 9, "fromB": 9, "toB": 11, "inserted": ["()"]}}
{"dateTime": "2025-08-26T00:14:33.858Z", "eventType": "input.type", "fullPath": "/main.py", "details": {"fromA": 10, "toA": 10, "fromB": 10, "toB": 11, "inserted": ["u"]}}
{"dateTime": "2025-08-26T00:14:34.101Z", "eventType": "input.type", "fullPath": "/main.py", "details": {"fromA": 11, "toA": 11, "fromB": 11, "toB": 12, "inserted": ["b"]}}
{"dateTime": "2025-08-26T00:14:35.058Z", "eventType": "input.type", "fullPath": "/main.py", "details": {"fromA": 12, "toA": 12, "fromB": 12, "toB": 13, "inserted": ["n"]}}
{"dateTime": "2025-08-26T00:14:35.490Z", "eventType": "input.type", "fullPath": "/main.py", "details": {"fromA": 13, "toA": 13, "fromB": 13, "toB": 14, "inserted": ["p"]}}
{"dateTime": "2025-08-26T00:14:36.258Z", "eventType": "input.type", "fullPath": "/main.py", "details": {"fromA": 14, "toA": 14, "fromB": 14, "toB": 15, "inserted": ["u"]}}
{"dateTime": "2025-08-26T00:14:36.482Z", "eventType": "input.type", "fullPath": "/main.py", "details": {"fromA": 15, "toA": 15, "fromB": 15, "toB": 16, "inserted": ["t"]}}
{"dateTime": "2025-08-26T00:14:38.333Z", "eventType": "delete.backward", "fullPath": "/main.py", "details": {"fromA": 15, "toA": 16, "fromB": 15, "toB": 15, "inserted": [""]}}
{"dateTime": "2025-08-26T00:14:38.530Z", "eventType": "delete.backward", "fullPath": "/main.py", "details": {"fromA": 14, "toA": 15, "fromB": 14, "toB": 14, "inserted": [""]}}
{"dateTime": "2025-08-26T00:14:38.642Z", "eventType": "delete.backward", "fullPath": "/main.py", "details": {"fromA": 13, "toA": 14, "fromB": 13, "toB": 13, "inserted": [""]}}
{"dateTime": "2025-08-26T00:14:39.026Z", "eventType": "delete.backward", "fullPath": "/main.py", "details": {"fromA": 12, "toA": 13, "fromB": 12, "toB": 12, "inserted": [""]}}
{"dateTime": "2025-08-26T00:14:39.426Z", "eventType": "delete.backward", "fullPath": "/main.py", "details": {"fromA": 11, "toA": 12, "fromB": 11, "toB": 11, "inserted": [""]}}
{"dateTime": "2025-08-26T00:14:39.664Z", "eventType": "delete.backward", "fullPath": "/main.py", "details": {"fromA": 10, "toA": 11, "fromB": 10, "toB": 10, "inserted": [""]}}
{"dateTime": "2025-08-26T00:14:40.306Z", "eventType": "input.type", "fullPath": "/main.py", "details": {"fromA": 10, "toA": 10, "fromB": 10, "toB": 11, "inserted": ["i"]}}
{"dateTime": "2025-08-26T00:14:40.573Z", "eventType": "input.type", "fullPath": "/main.py", "details": {"fromA": 11, "toA": 11, "fromB": 11, "toB": 12, "inserted": ["n"]}}
{"dateTime": "2025-08-26T00:14:41.315Z", "eventType": "input.type", "fullPath": "/main.py", "details": {"fromA": 12, "toA": 12, "fromB": 12, "toB": 13, "inserted": ["p"]}}
{"dateTime": "2025-08-26T00:14:41.669Z", "eventType": "input.type", "fullPath": "/main.py", "details": {"fromA": 13, "toA": 13, "fromB": 13, "toB": 14, "inserted": ["u"]}}
{"dateTime": "2025-08-26T00:14:45.026Z", "eventType": "input.type", "fullPath": "/main.py", "details": {"fromA": 14, "toA": 14, "fromB": 14, "toB": 16, "inserted": ["()"]}}
{"dateTime": "2025-08-26T00:14:49.649Z", "eventType": "select", "fullPath": "/main.py", "details": {"selection": {"from": 14, "to": 14}}}
{"dateTime": "2025-08-26T00:14:50.274Z", "eventType": "input.type", "fullPath": "/main.py", "details": {"fromA": 14, "toA": 14, "fromB": 14, "toB": 15, "inserted": ["t"]}}
{"dateTime": "2025-08-26T00:14:51.517Z", "eventType": "select", "fullPath": "/main.py", "details": {"selection": {"from": 16, "to": 16}}}
{"dateTime": "2025-08-26T00:15:02.642Z", "eventType": "input.type", "fullPath": "/main.py", "details": {"fromA": 16, "toA": 16, "fromB": 16, "toB": 18, "inserted": ["\"\""]}}
{"dateTime": "2025-08-26T00:15:09.058Z", "eventType": "input.type", "fullPath": "/main.py", "details": {"fromA": 17, "toA": 17, "fromB": 17, "toB": 18, "inserted": ["d"]}}
{"dateTime": "2025-08-26T00:15:09.569Z", "eventType": "input.type", "fullPath": "/main.py", "details": {"fromA": 18, "toA": 18, "fromB": 18, "toB": 19, "inserted": ["i"]}}
{"dateTime": "2025-08-26T00:15:10.113Z", "eventType": "input.type", "fullPath": "/main.py", "details": {"fromA": 19, "toA": 19, "fromB": 19, "toB": 20, "inserted": ["g"]}}
{"dateTime": "2025-08-26T00:15:10.242Z", "eventType": "input.type", "fullPath": "/main.py", "details": {"fromA": 20, "toA": 20, "fromB": 20, "toB": 21, "inserted": ["i"]}}
{"dateTime": "2025-08-26T00:15:10.546Z", "eventType": "input.type", "fullPath": "/main.py", "details": {"fromA": 21, "toA": 21, "fromB": 21, "toB": 22, "inserted": ["t"]}}
{"dateTime": "2025-08-26T00:15:10.642Z", "eventType": "input.type", "fullPath": "/main.py", "details": {"fromA": 22, "toA": 22, "fromB": 22, "toB": 23, "inserted": ["e"]}}
{"dateTime": "2025-08-26T00:15:10.786Z", "eventType": "input.type", "fullPath": "/main.py", "details": {"fromA": 23, "toA": 23, "fromB": 23, "toB": 24, "inserted": [" "]}}
{"dateTime": "2025-08-26T00:15:11.201Z", "eventType": "input.type", "fullPath": "/main.py", "details": {"fromA": 24, "toA": 24, "fromB": 24, "toB": 25, "inserted": ["u"]}}
{"dateTime": "2025-08-26T00:15:11.458Z", "eventType": "input.type", "fullPath": "/main.py", "details": {"fromA": 25, "toA": 25, "fromB": 25, "toB": 26, "inserted": ["m"]}}
{"dateTime": "2025-08-26T00:15:11.602Z", "eventType": "input.type", "fullPath": "/main.py", "details": {"fromA": 26, "toA": 26, "fromB": 26, "toB": 27, "inserted": [" "]}}
{"dateTime": "2025-08-26T00:15:11.794Z", "eventType": "input.type", "fullPath": "/main.py", "details": {"fromA": 27, "toA": 27, "fromB": 27, "toB": 28, "inserted": ["n"]}}
{"dateTime": "2025-08-26T00:15:12.177Z", "eventType": "input.type", "fullPath": "/main.py", "details": {"fromA": 28, "toA": 28, "fromB": 28, "toB": 29, "inserted": ["i"]}}
{"dateTime": "2025-08-26T00:15:12.893Z", "eventType": "delete.backward", "fullPath": "/main.py", "details": {"fromA": 28, "toA": 29, "fromB": 28, "toB": 28, "inserted": [""]}}
{"dateTime": "2025-08-26T00:15:13.250Z", "eventType": "input.type", "fullPath": "/main.py", "details": {"fromA": 28, "toA": 28, "fromB": 28, "toB": 29, "inserted": ["u"]}}
{"dateTime": "2025-08-26T00:15:13.505Z", "eventType": "input.type", "fullPath": "/main.py", "details": {"fromA": 29, "toA": 29, "fromB": 29, "toB": 30, "inserted": ["m"]}}
{"dateTime": "2025-08-26T00:15:13.634Z", "eventType": "input.type", "fullPath": "/main.py", "details": {"fromA": 30, "toA": 30, "fromB": 30, "toB": 31, "inserted": ["e"]}}
{"dateTime": "2025-08-26T00:15:13.843Z", "eventType": "input.type", "fullPath": "/main.py", "details": {"fromA": 31, "toA": 31, "fromB": 31, "toB": 32, "inserted": ["r"]}}
{"dateTime": "2025-08-26T00:15:14.257Z", "eventType": "input.type", "fullPath": "/main.py", "details": {"fromA": 32, "toA": 32, "fromB": 32, "toB": 33, "inserted": ["o"]}}
{"dateTime": "2025-08-26T00:15:14.882Z", "eventType": "input.type", "fullPath": "/main.py", "details": {"fromA": 33, "toA": 33, "fromB": 33, "toB": 34, "inserted": [" "]}}
{"dateTime": "2025-08-26T00:15:16.369Z", "eventType": "input.type", "fullPath": "/main.py", "details": {"fromA": 34, "toA": 34, "fromB": 34, "toB": 35, "inserted": ["r"]}}
{"dateTime": "2025-08-26T00:15:16.562Z", "eventType": "input.type", "fullPath": "/main.py", "details": {"fromA": 35, "toA": 35, "fromB": 35, "toB": 36, "inserted": ["e"]}}
{"dateTime": "2025-08-26T00:15:17.245Z", "eventType": "input.type", "fullPath": "/main.py", "details": {"fromA": 36, "toA": 36, "fromB": 36, "toB": 37, "inserted": ["l"]}}
{"dateTime": "2025-08-26T00:15:19.777Z", "eventType": "delete.backward", "fullPath": "/main.py", "details": {"fromA": 36, "toA": 37, "fromB": 36, "toB": 36, "inserted": [""]}}
{"dateTime": "2025-08-26T00:15:20.193Z", "eventType": "delete.backward", "fullPath": "/main.py", "details": {"fromA": 35, "toA": 36, "fromB": 35, "toB": 35, "inserted": [""]}}
{"dateTime": "2025-08-26T00:15:21.474Z", "eventType": "input.type", "fullPath": "/main.py", "details": {"fromA": 35, "toA": 35, "fromB": 35, "toB": 36, "inserted": ["e"]}}
{"dateTime": "2025-08-26T00:15:22.082Z", "eventType": "input.type", "fullPath": "/main.py", "details": {"fromA": 36, "toA": 36, "fromB": 36, "toB": 37, "inserted": ["a"]}}
{"dateTime": "2025-08-26T00:15:22.290Z", "eventType": "input.type", "fullPath": "/main.py", "details": {"fromA": 37, "toA": 37, "fromB": 37, "toB": 38, "inserted": ["l"]}}
{"dateTime": "2025-08-26T00:15:23.809Z", "eventType": "input.type", "fullPath": "/main.py", "details": {"fromA": 38, "toA": 38, "fromB": 38, "toB": 39, "inserted": [":"]}}
{"dateTime": "2025-08-26T00:15:26.193Z", "eventType": "input.type", "fullPath": "/main.py", "details": {"fromA": 39, "toA": 39, "fromB": 39, "toB": 40, "inserted": [" "]}}
{"dateTime": "2025-08-26T00:15:26.911Z", "eventType": "select", "fullPath": "/main.py", "details": {"selection": {"from": 41, "to": 41}}}
{"dateTime": "2025-08-26T00:15:27.118Z", "eventType": "select", "fullPath": "/main.py", "details": {"selection": {"from": 42, "to": 42}}}
{"dateTime": "2025-08-26T00:15:27.521Z", "eventType": "select", "fullPath": "/main.py", "details": {"selection": {"from": 43, "to": 43}}}
{"dateTime": "2025-08-26T00:15:28.162Z", "eventType": "input", "fullPath": "/main.py", "details": {"fromA": 43, "toA": 43, "fromB": 43, "toB": 44, "inserted": ["", ""]}}
{"dateTime": "2025-08-26T00:15:28.354Z", "eventType": "input", "fullPath": "/main.py", "details": {"fromA": 44, "toA": 44, "fromB": 44, "toB": 45, "inserted": ["", ""]}}
{"dateTime": "2025-08-26T00:15:32.502Z", "eventType": "blur", "fullPath": "/main.py"}
{"dateTime": "2025-08-26T00:15:54.367Z", "eventType": "focus", "fullPath": "/main.py"}
{"dateTime": "2025-08-26T00:15:54.370Z", "eventType": "select.pointer", "fullPath": "/main.py", "details": {"selection": {"from": 43, "to": 43}}}
{"dateTime": "2025-08-26T00:15:55.645Z", "eventType": "input", "fullPath": "/main.py", "details": {"fromA": 43, "toA": 43, "fromB": 43, "toB": 44, "inserted": ["", ""]}}
{"dateTime": "2025-08-26T00:16:01.554Z", "eventType": "input.type", "fullPath": "/main.py", "details": {"fromA": 44, "toA": 44, "fromB": 44, "toB": 45, "inserted": ["x"]}}
{"dateTime": "2025-08-26T00:16:01.985Z", "eventType": "input.type", "fullPath": "/main.py", "details": {"fromA": 45, "toA": 45, "fromB": 45, "toB": 46, "inserted": ["1"]}}
{"dateTime": "2025-08-26T00:16:06.001Z", "eventType": "input.type", "fullPath": "/main.py", "details": {"fromA": 46, "toA": 46, "fromB": 46, "toB": 47, "inserted": [" "]}}
{"dateTime": "2025-08-26T00:16:06.401Z", "eventType": "input.type", "fullPath": "/main.py", "details": {"fromA": 47, "toA": 47, "fromB": 47, "toB": 48, "inserted": ["-"]}}
{"dateTime": "2025-08-26T00:16:08.593Z", "eventType": "input.type", "fullPath": "/main.py", "details": {"fromA": 48, "toA": 48, "fromB": 48, "toB": 49, "inserted": ["="]}}
{"dateTime": "2025-08-26T00:16:09.057Z", "eventType": "input.type", "fullPath": "/main.py", "details": {"fromA": 49, "toA": 49, "fromB": 49, "toB": 50, "inserted": [" "]}}
{"dateTime": "2025-08-26T00:16:09.839Z", "eventType": "delete.backward", "fullPath": "/main.py", "details": {"fromA": 49, "toA": 50, "fromB": 49, "toB": 49, "inserted": [""]}}
{"dateTime": "2025-08-26T00:16:09.948Z", "eventType": "delete.backward", "fullPath": "/main.py", "details": {"fromA": 48, "toA": 49, "fromB": 48, "toB": 48, "inserted": [""]}}
{"dateTime": "2025-08-26T00:16:10.385Z", "eventType": "delete.backward", "fullPath": "/main.py", "details": {"fromA": 47, "toA": 48, "fromB": 47, "toB": 47, "inserted": [""]}}
{"dateTime": "2025-08-26T00:16:11.103Z", "eventType": "input.type", "fullPath": "/main.py", "details": {"fromA": 47, "toA": 47, "fromB": 47, "toB": 48, "inserted": ["="]}}
{"dateTime": "2025-08-26T00:16:11.793Z", "eventType": "input.type", "fullPath": "/main.py", "details": {"fromA": 48, "toA": 48, "fromB": 48, "toB": 49, "inserted": [" "]}}
{"dateTime": "2025-08-26T00:16:22.465Z", "eventType": "input.type", "fullPath": "/main.py", "details": {"fromA": 49, "toA": 49, "fromB": 49, "toB": 51, "inserted": ["()"]}}
{"dateTime": "2025-08-26T00:16:24.545Z", "eventType": "input.type", "fullPath": "/main.py", "details": {"fromA": 50, "toA": 50, "fromB": 50, "toB": 51, "inserted": ["2"]}}
{"dateTime": "2025-08-26T00:16:24.866Z", "eventType": "input.type", "fullPath": "/main.py", "details": {"fromA": 51, "toA": 51, "fromB": 51, "toB": 52, "inserted": ["7"]}}
{"dateTime": "2025-08-26T00:16:27.618Z", "eventType": "input.type", "fullPath": "/main.py", "details": {"fromA": 52, "toA": 52, "fromB": 52, "toB": 53, "inserted": ["/"]}}
{"dateTime": "2025-08-26T00:16:28.418Z", "eventType": "input.type", "fullPath": "/main.py", "details": {"fromA": 53, "toA": 53, "fromB": 53, "toB": 54, "inserted": ["1"]}}
{"dateTime": "2025-08-26T00:16:28.577Z", "eventType": "input.type", "fullPath": "/main.py", "details": {"fromA": 54, "toA": 54, "fromB": 54, "toB": 55, "inserted": ["0"]}}
{"dateTime": "2025-08-26T00:16:28.720Z", "eventType": "input.type", "fullPath": "/main.py", "details": {"fromA": 55, "toA": 55, "fromB": 55, "toB": 56, "inserted": ["0"]}}
{"dateTime": "2025-08-26T00:16:31.401Z", "eventType": "select.pointer", "fullPath": "/main.py", "details": {"selection": {"from": 58, "to": 58}}}
{"dateTime": "2025-08-26T00:16:32.489Z", "eventType": "select.pointer", "fullPath": "/main.py", "details": {"selection": {"from": 57, "to": 57}}}
{"dateTime": "2025-08-26T00:16:39.264Z", "eventType": "input.type", "fullPath": "/main.py", "details": {"fromA": 57, "toA": 57, "fromB": 57, "toB": 58, "inserted": ["n"]}}
{"dateTime": "2025-08-26T00:16:43.697Z", "eventType": "delete.backward", "fullPath": "/main.py", "details": {"fromA": 57, "toA": 58, "fromB": 57, "toB": 57, "inserted": [""]}}
{"dateTime": "2025-08-26T00:16:45.728Z", "eventType": "input.type", "fullPath": "/main.py", "details": {"fromA": 57, "toA": 57, "fromB": 57, "toB": 58, "inserted": ["*"]}}
{"dateTime": "2025-08-26T00:16:48.848Z", "eventType": "input.type", "fullPath": "/main.py", "details": {"fromA": 58, "toA": 58, "fromB": 58, "toB": 59, "inserted": ["n"]}}
{"dateTime": "2025-08-26T00:16:50.749Z", "eventType": "select", "fullPath": "/main.py", "details": {"selection": {"from": 60, "to": 60}}}
{"dateTime": "2025-08-26T00:17:10.000Z", "eventType": "input.type", "fullPath": "/main.py", "details": {"fromA": 60, "toA": 60, "fromB": 60, "toB": 61, "inserted": ["n"]}}
{"dateTime": "2025-08-26T00:17:11.184Z", "eventType": "delete.backward", "fullPath": "/main.py", "details": {"fromA": 60, "toA": 61, "fromB": 60, "toB": 60, "inserted": [""]}}
{"dateTime": "2025-08-26T00:17:17.104Z", "eventType": "input.type", "fullPath": "/main.py", "details": {"fromA": 60, "toA": 60, "fromB": 60, "toB": 61, "inserted": ["x"]}}
{"dateTime": "2025-08-26T00:17:17.744Z", "eventType": "input.type", "fullPath": "/main.py", "details": {"fromA": 61, "toA": 61, "fromB": 61, "toB": 62, "inserted": ["2"]}}
{"dateTime": "2025-08-26T00:17:19.052Z", "eventType": "input.type", "fullPath": "/main.py", "details": {"fromA": 62, "toA": 62, "fromB": 62, "toB": 63, "inserted": [" "]}}
{"dateTime": "2025-08-26T00:17:19.550Z", "eventType": "input.type", "fullPath": "/main.py", "details": {"fromA": 63, "toA": 63, "fromB": 63, "toB": 64, "inserted": ["="]}}
{"dateTime": "2025-08-26T00:17:19.857Z", "eventType": "input.type", "fullPath": "/main.py", "details": {"fromA": 64, "toA": 64, "fromB": 64, "toB": 65, "inserted": [" "]}}
{"dateTime": "2025-08-26T00:17:21.216Z", "eventType": "input.type", "fullPath": "/main.py", "details": {"fromA": 65, "toA": 65, "fromB": 65, "toB": 67, "inserted": ["()"]}}
{"dateTime": "2025-08-26T00:17:23.390Z", "eventType": "delete.backward", "fullPath": "/main.py", "details": {"fromA": 65, "toA": 67, "fromB": 65, "toB": 65, "inserted": [""]}}
{"dateTime": "2025-08-26T00:17:25.504Z", "eventType": "input.type", "fullPath": "/main.py", "details": {"fromA": 65, "toA": 65, "fromB": 65, "toB": 66, "inserted": ["n"]}}
{"dateTime": "2025-08-26T00:17:27.888Z", "eventType": "input.type", "fullPath": "/main.py", "details": {"fromA": 66, "toA": 66, "fromB": 66, "toB": 67, "inserted": [" "]}}
{"dateTime": "2025-08-26T00:17:30.988Z", "eventType": "input.type", "fullPath": "/main.py", "details": {"fromA": 67, "toA": 67, "fromB": 67, "toB": 68, "inserted": ["+"]}}
{"dateTime": "2025-08-26T00:17:32.193Z", "eventType": "input.type", "fullPath": "/main.py", "details": {"fromA": 68, "toA": 68, "fromB": 68, "toB": 69, "inserted": [" "]}}
{"dateTime": "2025-08-26T00:17:37.116Z", "eventType": "input.type", "fullPath": "/main.py", "details": {"fromA": 69, "toA": 69, "fromB": 69, "toB": 71, "inserted": ["()"]}}
{"dateTime": "2025-08-26T00:17:38.928Z", "eventType": "input.type", "fullPath": "/main.py", "details": {"fromA": 70, "toA": 70, "fromB": 70, "toB": 71, "inserted": ["4"]}}
{"dateTime": "2025-08-26T00:17:39.408Z", "eventType": "input.type", "fullPath": "/main.py", "details": {"fromA": 71, "toA": 71, "fromB": 71, "toB": 72, "inserted": ["2"]}}
{"dateTime": "2025-08-26T00:17:41.360Z", "eventType": "input.type", "fullPath": "/main.py", "details": {"fromA": 72, "toA": 72, "fromB": 72, "toB": 73, "inserted": ["/"]}}
{"dateTime": "2025-08-26T00:17:42.128Z", "eventType": "input.type", "fullPath": "/main.py", "details": {"fromA": 73, "toA": 73, "fromB": 73, "toB": 74, "inserted": ["1"]}}
{"dateTime": "2025-08-26T00:17:42.306Z", "eventType": "input.type", "fullPath": "/main.py", "details": {"fromA": 74, "toA": 74, "fromB": 74, "toB": 75, "inserted": ["0"]}}
{"dateTime": "2025-08-26T00:17:42.396Z", "eventType": "input.type", "fullPath": "/main.py", "details": {"fromA": 75, "toA": 75, "fromB": 75, "toB": 76, "inserted": ["0"]}}
{"dateTime": "2025-08-26T00:17:44.781Z", "eventType": "select", "fullPath": "/main.py", "details": {"selection": {"from": 77, "to": 77}}}
{"dateTime": "2025-08-26T00:17:48.000Z", "eventType": "input.type", "fullPath": "/main.py", "details": {"fromA": 77, "toA": 77, "fromB": 77, "toB": 78, "inserted": ["*"]}}
{"dateTime": "2025-08-26T00:17:49.200Z", "eventType": "input.type", "fullPath": "/main.py", "details": {"fromA": 78, "toA": 78, "fromB": 78, "toB": 79, "inserted": ["n"]}}
{"dateTime": "2025-08-26T00:17:55.517Z", "eventType": "blur", "fullPath": "/main.py"}
{"dateTime": "2025-08-26T00:17:58.878Z", "eventType": "focus", "fullPath": "/main.py"}
{"dateTime": "2025-08-26T00:17:58.881Z", "eventType": "select.pointer", "fullPath": "/main.py", "details": {"selection": {"from": 79, "to": 79}}}
{"dateTime": "2025-08-26T00:18:00.528Z", "eventType": "input", "fullPath": "/main.py", "details": {"fromA": 79, "toA": 79, "fromB": 79, "toB": 80, "inserted": ["", ""]}}
{"dateTime": "2025-08-26T00:18:05.120Z", "eventType": "input.type", "fullPath": "/main.py", "details": {"fromA": 80, "toA": 80, "fromB": 80, "toB": 81, "inserted": ["n"]}}
{"dateTime": "2025-08-26T00:18:05.872Z", "eventType": "delete.backward", "fullPath": "/main.py", "details": {"fromA": 80, "toA": 81, "fromB": 80, "toB": 80, "inserted": [""]}}
{"dateTime": "2025-08-26T00:18:06.816Z", "eventType": "input.type", "fullPath": "/main.py", "details": {"fromA": 80, "toA": 80, "fromB": 80, "toB": 81, "inserted": ["x"]}}
{"dateTime": "2025-08-26T00:18:07.296Z", "eventType": "input.type", "fullPath": "/main.py", "details": {"fromA": 81, "toA": 81, "fromB": 81, "toB": 82, "inserted": ["3"]}}
{"dateTime": "2025-08-26T00:18:08.784Z", "eventType": "input.type", "fullPath": "/main.py", "details": {"fromA": 82, "toA": 82, "fromB": 82, "toB": 83, "inserted": [" "]}}
{"dateTime": "2025-08-26T00:18:09.248Z", "eventType": "input.type", "fullPath": "/main.py", "details": {"fromA": 83, "toA": 83, "fromB": 83, "toB": 84, "inserted": ["="]}}
{"dateTime": "2025-08-26T00:18:09.537Z", "eventType": "input.type", "fullPath": "/main.py", "details": {"fromA": 84, "toA": 84, "fromB": 84, "toB": 85, "inserted": [" "]}}
{"dateTime": "2025-08-26T00:18:11.104Z", "eventType": "input.type", "fullPath": "/main.py", "details": {"fromA": 85, "toA": 85, "fromB": 85, "toB": 86, "inserted": ["n"]}}
{"dateTime": "2025-08-26T00:18:11.425Z", "eventType": "input.type", "fullPath": "/main.py", "details": {"fromA": 86, "toA": 86, "fromB": 86, "toB": 87, "inserted": [" "]}}
{"dateTime": "2025-08-26T00:18:13.231Z", "eventType": "input.type", "fullPath": "/main.py", "details": {"fromA": 87, "toA": 87, "fromB": 87, "toB": 88, "inserted": ["-"]}}
{"dateTime": "2025-08-26T00:18:13.952Z", "eventType": "input.type", "fullPath": "/main.py", "details": {"fromA": 88, "toA": 88, "fromB": 88, "toB": 89, "inserted": [" "]}}
{"dateTime": "2025-08-26T00:18:17.694Z", "eventType": "delete.backward", "fullPath": "/main.py", "details": {"fromA": 88, "toA": 89, "fromB": 88, "toB": 88, "inserted": [""]}}
{"dateTime": "2025-08-26T00:18:19.151Z", "eventType": "input.type", "fullPath": "/main.py", "details": {"fromA": 88, "toA": 88, "fromB": 88, "toB": 89, "inserted": [" "]}}
{"dateTime": "2025-08-26T00:18:20.817Z", "eventType": "input.type", "fullPath": "/main.py", "details": {"fromA": 89, "toA": 89, "fromB": 89, "toB": 91, "inserted": ["()"]}}
{"dateTime": "2025-08-26T00:18:22.779Z", "eventType": "input.type", "fullPath": "/main.py", "details": {"fromA": 90, "toA": 90, "fromB": 90, "toB": 91, "inserted": ["6"]}}
{"dateTime": "2025-08-26T00:18:22.944Z", "eventType": "input.type", "fullPath": "/main.py", "details": {"fromA": 91, "toA": 91, "fromB": 91, "toB": 92, "inserted": ["3"]}}
{"dateTime": "2025-08-26T00:18:25.073Z", "eventType": "input.type", "fullPath": "/main.py", "details": {"fromA": 92, "toA": 92, "fromB": 92, "toB": 93, "inserted": ["/"]}}
{"dateTime": "2025-08-26T00:18:25.584Z", "eventType": "input.type", "fullPath": "/main.py", "details": {"fromA": 93, "toA": 93, "fromB": 93, "toB": 94, "inserted": ["1"]}}
{"dateTime": "2025-08-26T00:18:25.776Z", "eventType": "input.type", "fullPath": "/main.py", "details": {"fromA": 94, "toA": 94, "fromB": 94, "toB": 95, "inserted": ["0"]}}
{"dateTime": "2025-08-26T00:18:25.889Z", "eventType": "input.type", "fullPath": "/main.py", "details": {"fromA": 95, "toA": 95, "fromB": 95, "toB": 96, "inserted": ["0"]}}
{"dateTime": "2025-08-26T00:18:27.770Z", "eventType": "select", "fullPath": "/main.py", "details": {"selection": {"from": 97, "to": 97}}}
{"dateTime": "2025-08-26T00:18:31.057Z", "eventType": "input.type", "fullPath": "/main.py", "details": {"fromA": 97, "toA": 97, "fromB": 97, "toB": 98, "inserted": ["*"]}}
{"dateTime": "2025-08-26T00:18:32.657Z", "eventType": "input.type", "fullPath": "/main.py", "details": {"fromA": 98, "toA": 98, "fromB": 98, "toB": 99, "inserted": ["n"]}}
{"dateTime": "2025-08-26T00:18:35.173Z", "eventType": "select.pointer", "fullPath": "/main.py", "details": {"selection": {"from": 99, "to": 99}}}
{"dateTime": "2025-08-26T00:18:37.384Z", "eventType": "select.pointer", "fullPath": "/main.py", "details": {"selection": {"from": 44, "to": 44}}}
{"dateTime": "2025-08-26T00:18:37.552Z", "eventType": "select.pointer", "fullPath": "/main.py", "details": {"selection": {"from": 44, "to": 45}}}
{"dateTime": "2025-08-26T00:18:37.566Z", "eventType": "select.pointer", "fullPath": "/main.py", "details": {"selection": {"from": 44, "to": 47}}}
{"dateTime": "2025-08-26T00:18:37.578Z", "eventType": "select.pointer", "fullPath": "/main.py", "details": {"selection": {"from": 44, "to": 49}}}
{"dateTime": "2025-08-26T00:18:37.612Z", "eventType": "select.pointer", "fullPath": "/main.py", "details": {"selection": {"from": 44, "to": 51}}}
{"dateTime": "2025-08-26T00:18:37.628Z", "eventType": "select.pointer", "fullPath": "/main.py", "details": {"selection": {"from": 44, "to": 52}}}
{"dateTime": "2025-08-26T00:18:37.662Z", "eventType": "select.pointer", "fullPath": "/main.py", "details": {"selection": {"from": 44, "to": 53}}}
{"dateTime": "2025-08-26T00:18:37.678Z", "eventType": "select.pointer", "fullPath": "/main.py", "details": {"selection": {"from": 44, "to": 54}}}
{"dateTime": "2025-08-26T00:18:37.712Z", "eventType": "select.pointer", "fullPath": "/main.py", "details": {"selection": {"from": 44, "to": 56}}}
{"dateTime": "2025-08-26T00:18:37.728Z", "eventType": "select.pointer", "fullPath": "/main.py", "details": {"selection": {"from": 44, "to": 57}}}
{"dateTime": "2025-08-26T00:18:37.779Z", "eventType": "select.pointer", "fullPath": "/main.py", "details": {"selection": {"from": 44, "to": 58}}}
{"dateTime": "2025-08-26T00:18:37.814Z", "eventType": "select.pointer", "fullPath": "/main.py", "details": {"selection": {"from": 44, "to": 59}}}
{"dateTime": "2025-08-26T00:18:38.633Z", "eventType": "select.pointer", "fullPath": "/main.py", "details": {"selection": {"from": 100, "to": 100}}}
{"dateTime": "2025-08-26T00:18:39.595Z", "eventType": "select.pointer", "fullPath": "/main.py", "details": {"selection": {"from": 79, "to": 79}}}
{"dateTime": "2025-08-26T00:18:39.850Z", "eventType": "select.pointer", "fullPath": "/main.py", "details": {"selection": {"from": 78, "to": 79}}}
{"dateTime": "2025-08-26T00:18:39.904Z", "eventType": "select.pointer", "fullPath": "/main.py", "details": {"selection": {"from": 77, "to": 79}}}
{"dateTime": "2025-08-26T00:18:39.918Z", "eventType": "select.pointer", "fullPath": "/main.py", "details": {"selection": {"from": 76, "to": 79}}}
{"dateTime": "2025-08-26T00:18:39.962Z", "eventType": "select.pointer", "fullPath": "/main.py", "details": {"selection": {"from": 75, "to": 79}}}
{"dateTime": "2025-08-26T00:18:40.013Z", "eventType": "select.pointer", "fullPath": "/main.py", "details": {"selection": {"from": 74, "to": 79}}}
{"dateTime": "2025-08-26T00:18:40.068Z", "eventType": "select.pointer", "fullPath": "/main.py", "details": {"selection": {"from": 73, "to": 79}}}
{"dateTime": "2025-08-26T00:18:40.102Z", "eventType": "select.pointer", "fullPath": "/main.py", "details": {"selection": {"from": 72, "to": 79}}}
{"dateTime": "2025-08-26T00:18:40.136Z", "eventType": "select.pointer", "fullPath": "/main.py", "details": {"selection": {"from": 71, "to": 79}}}
{"dateTime": "2025-08-26T00:18:40.182Z", "eventType": "select.pointer", "fullPath": "/main.py", "details": {"selection": {"from": 70, "to": 79}}}
{"dateTime": "2025-08-26T00:18:40.199Z", "eventType": "select.pointer", "fullPath": "/main.py", "details": {"selection": {"from": 69, "to": 79}}}
{"dateTime": "2025-08-26T00:18:40.249Z", "eventType": "select.pointer", "fullPath": "/main.py", "details": {"selection": {"from": 68, "to": 79}}}
{"dateTime": "2025-08-26T00:18:40.299Z", "eventType": "select.pointer", "fullPath": "/main.py", "details": {"selection": {"from": 67, "to": 79}}}
{"dateTime": "2025-08-26T00:18:40.349Z", "eventType": "select.pointer", "fullPath": "/main.py", "details": {"selection": {"from": 66, "to": 79}}}
{"dateTime": "2025-08-26T00:18:40.398Z", "eventType": "select.pointer", "fullPath": "/main.py", "details": {"selection": {"from": 65, "to": 79}}}
{"dateTime": "2025-08-26T00:18:40.449Z", "eventType": "select.pointer", "fullPath": "/main.py", "details": {"selection": {"from": 64, "to": 79}}}
{"dateTime": "2025-08-26T00:18:40.498Z", "eventType": "select.pointer", "fullPath": "/main.py", "details": {"selection": {"from": 63, "to": 79}}}
{"dateTime": "2025-08-26T00:18:40.582Z", "eventType": "select.pointer", "fullPath": "/main.py", "details": {"selection": {"from": 62, "to": 79}}}
{"dateTime": "2025-08-26T00:18:40.649Z", "eventType": "select.pointer", "fullPath": "/main.py", "details": {"selection": {"from": 61, "to": 79}}}
{"dateTime": "2025-08-26T00:18:40.699Z", "eventType": "select.pointer", "fullPath": "/main.py", "details": {"selection": {"from": 60, "to": 79}}}
{"dateTime": "2025-08-26T00:18:43.207Z", "eventType": "select.pointer", "fullPath": "/main.py", "details": {"selection": {"from": 99, "to": 99}}}
{"dateTime": "2025-08-26T00:18:43.532Z", "eventType": "select.pointer", "fullPath": "/main.py", "details": {"selection": {"from": 80, "to": 99}}}
{"dateTime": "2025-08-26T00:18:43.735Z", "eventType": "select.pointer", "fullPath": "/main.py", "details": {"selection": {"from": 93, "to": 99}}}
{"dateTime": "2025-08-26T00:18:43.768Z", "eventType": "select.pointer", "fullPath": "/main.py", "details": {"selection": {"from": 92, "to": 99}}}
{"dateTime": "2025-08-26T00:18:43.802Z", "eventType": "select.pointer", "fullPath": "/main.py", "details": {"selection": {"from": 91, "to": 99}}}
{"dateTime": "2025-08-26T00:18:43.816Z", "eventType": "select.pointer", "fullPath": "/main.py", "details": {"selection": {"from": 90, "to": 99}}}
{"dateTime": "2025-08-26T00:18:43.831Z", "eventType": "select.pointer", "fullPath": "/main.py", "details": {"selection": {"from": 89, "to": 99}}}
{"dateTime": "2025-08-26T00:18:43.864Z", "eventType": "select.pointer", "fullPath": "/main.py", "details": {"selection": {"from": 87, "to": 99}}}
{"dateTime": "2025-08-26T00:18:43.879Z", "eventType": "select.pointer", "fullPath": "/main.py", "details": {"selection": {"from": 86, "to": 99}}}
{"dateTime": "2025-08-26T00:18:43.912Z", "eventType": "select.pointer", "fullPath": "/main.py", "details": {"selection": {"from": 85, "to": 99}}}
{"dateTime": "2025-08-26T00:18:43.945Z", "eventType": "select.pointer", "fullPath": "/main.py", "details": {"selection": {"from": 84, "to": 99}}}
{"dateTime": "2025-08-26T00:18:43.978Z", "eventType": "select.pointer", "fullPath": "/main.py", "details": {"selection": {"from": 82, "to": 99}}}
{"dateTime": "2025-08-26T00:18:44.011Z", "eventType": "select.pointer", "fullPath": "/main.py", "details": {"selection": {"from": 81, "to": 99}}}
{"dateTime": "2025-08-26T00:18:44.062Z", "eventType": "select.pointer", "fullPath": "/main.py", "details": {"selection": {"from": 80, "to": 99}}}
{"dateTime": "2025-08-26T00:18:44.095Z", "eventType": "select.pointer", "fullPath": "/main.py", "details": {"selection": {"from": 99, "to": 100}}}
{"dateTime": "2025-08-26T00:18:45.504Z", "eventType": "select.pointer", "fullPath": "/main.py", "details": {"selection": {"from": 80, "to": 80}}}
{"dateTime": "2025-08-26T00:18:45.701Z", "eventType": "select.pointer", "fullPath": "/main.py", "details": {"selection": {"from": 80, "to": 81}}}
{"dateTime": "2025-08-26T00:18:45.718Z", "eventType": "select.pointer", "fullPath": "/main.py", "details": {"selection": {"from": 80, "to": 82}}}
{"dateTime": "2025-08-26T00:18:45.730Z", "eventType": "select.pointer", "fullPath": "/main.py", "details": {"selection": {"from": 80, "to": 83}}}
{"dateTime": "2025-08-26T00:18:45.761Z", "eventType": "select.pointer", "fullPath": "/main.py", "details": {"selection": {"from": 80, "to": 84}}}
{"dateTime": "2025-08-26T00:18:45.778Z", "eventType": "select.pointer", "fullPath": "/main.py", "details": {"selection": {"from": 80, "to": 85}}}
{"dateTime": "2025-08-26T00:18:45.812Z", "eventType": "select.pointer", "fullPath": "/main.py", "details": {"selection": {"from": 80, "to": 87}}}
{"dateTime": "2025-08-26T00:18:45.845Z", "eventType": "select.pointer", "fullPath": "/main.py", "details": {"selection": {"from": 80, "to": 89}}}
{"dateTime": "2025-08-26T00:18:45.861Z", "eventType": "select.pointer", "fullPath": "/main.py", "details": {"selection": {"from": 80, "to": 90}}}
{"dateTime": "2025-08-26T00:18:45.878Z", "eventType": "select.pointer", "fullPath": "/main.py", "details": {"selection": {"from": 80, "to": 92}}}
{"dateTime": "2025-08-26T00:18:45.895Z", "eventType": "select.pointer", "fullPath": "/main.py", "details": {"selection": {"from": 80, "to": 93}}}
{"dateTime": "2025-08-26T00:18:45.911Z", "eventType": "select.pointer", "fullPath": "/main.py", "details": {"selection": {"from": 80, "to": 94}}}
{"dateTime": "2025-08-26T00:18:45.945Z", "eventType": "select.pointer", "fullPath": "/main.py", "details": {"selection": {"from": 80, "to": 96}}}
{"dateTime": "2025-08-26T00:18:45.978Z", "eventType": "select.pointer", "fullPath": "/main.py", "details": {"selection": {"from": 80, "to": 98}}}
{"dateTime": "2025-08-26T00:18:46.045Z", "eventType": "select.pointer", "fullPath": "/main.py", "details": {"selection": {"from": 80, "to": 99}}}
{"dateTime": "2025-08-26T00:18:46.748Z", "eventType": "blur", "fullPath": "/main.py"}
{"dateTime": "2025-08-26T00:18:46.752Z", "eventType": "focus", "fullPath": "/main.py"}
{"dateTime": "2025-08-26T00:18:46.753Z", "eventType": "select", "fullPath": "/main.py", "details": {"selection": {"from": 100, "to": 100}}}
{"dateTime": "2025-08-26T00:18:48.035Z", "eventType": "select.pointer", "fullPath": "/main.py", "details": {"selection": {"from": 60, "to": 60}}}
{"dateTime": "2025-08-26T00:18:48.332Z", "eventType": "select.pointer", "fullPath": "/main.py", "details": {"selection": {"from": 60, "to": 61}}}
{"dateTime": "2025-08-26T00:18:48.379Z", "eventType": "select.pointer", "fullPath": "/main.py", "details": {"selection": {"from": 60, "to": 62}}}
{"dateTime": "2025-08-26T00:18:48.432Z", "eventType": "select.pointer", "fullPath": "/main.py", "details": {"selection": {"from": 60, "to": 63}}}
{"dateTime": "2025-08-26T00:18:48.461Z", "eventType": "select.pointer", "fullPath": "/main.py", "details": {"selection": {"from": 60, "to": 64}}}
{"dateTime": "2025-08-26T00:18:48.495Z", "eventType": "select.pointer", "fullPath": "/main.py", "details": {"selection": {"from": 60, "to": 65}}}
{"dateTime": "2025-08-26T00:18:48.545Z", "eventType": "select.pointer", "fullPath": "/main.py", "details": {"selection": {"from": 60, "to": 66}}}
{"dateTime": "2025-08-26T00:18:48.578Z", "eventType": "select.pointer", "fullPath": "/main.py", "details": {"selection": {"from": 60, "to": 67}}}
{"dateTime": "2025-08-26T00:18:48.614Z", "eventType": "select.pointer", "fullPath": "/main.py", "details": {"selection": {"from": 60, "to": 68}}}
{"dateTime": "2025-08-26T00:18:48.649Z", "eventType": "select.pointer", "fullPath": "/main.py", "details": {"selection": {"from": 60, "to": 69}}}
{"dateTime": "2025-08-26T00:18:48.682Z", "eventType": "select.pointer", "fullPath": "/main.py", "details": {"selection": {"from": 60, "to": 70}}}
{"dateTime": "2025-08-26T00:18:48.715Z", "eventType": "select.pointer", "fullPath": "/main.py", "details": {"selection": {"from": 60, "to": 71}}}
{"dateTime": "2025-08-26T00:18:48.765Z", "eventType": "select.pointer", "fullPath": "/main.py", "details": {"selection": {"from": 60, "to": 72}}}
{"dateTime": "2025-08-26T00:18:48.778Z", "eventType": "select.pointer", "fullPath": "/main.py", "details": {"selection": {"from": 60, "to": 73}}}
{"dateTime": "2025-08-26T00:18:48.811Z", "eventType": "select.pointer", "fullPath": "/main.py", "details": {"selection": {"from": 60, "to": 74}}}
{"dateTime": "2025-08-26T00:18:48.827Z", "eventType": "select.pointer", "fullPath": "/main.py", "details": {"selection": {"from": 60, "to": 75}}}
{"dateTime": "2025-08-26T00:18:48.878Z", "eventType": "select.pointer", "fullPath": "/main.py", "details": {"selection": {"from": 60, "to": 76}}}
{"dateTime": "2025-08-26T00:18:48.895Z", "eventType": "select.pointer", "fullPath": "/main.py", "details": {"selection": {"from": 60, "to": 77}}}
{"dateTime": "2025-08-26T00:18:48.944Z", "eventType": "select.pointer", "fullPath": "/main.py", "details": {"selection": {"from": 60, "to": 78}}}
{"dateTime": "2025-08-26T00:18:49.166Z", "eventType": "select.pointer", "fullPath": "/main.py", "details": {"selection": {"from": 60, "to": 79}}}
{"dateTime": "2025-08-26T00:18:50.904Z", "eventType": "select.pointer", "fullPath": "/main.py", "details": {"selection": {"from": 99, "to": 99}}}
{"dateTime": "2025-08-26T00:18:51.202Z", "eventType": "select.pointer", "fullPath": "/main.py", "details": {"selection": {"from": 98, "to": 99}}}
{"dateTime": "2025-08-26T00:18:51.268Z", "eventType": "select.pointer", "fullPath": "/main.py", "details": {"selection": {"from": 97, "to": 99}}}
{"dateTime": "2025-08-26T00:18:51.313Z", "eventType": "select.pointer", "fullPath": "/main.py", "details": {"selection": {"from": 96, "to": 99}}}
{"dateTime": "2025-08-26T00:18:51.367Z", "eventType": "select.pointer", "fullPath": "/main.py", "details": {"selection": {"from": 80, "to": 99}}}
{"dateTime": "2025-08-26T00:18:51.385Z", "eventType": "select.pointer", "fullPath": "/main.py", "details": {"selection": {"from": 75, "to": 99}}}
{"dateTime": "2025-08-26T00:18:51.431Z", "eventType": "select.pointer", "fullPath": "/main.py", "details": {"selection": {"from": 74, "to": 99}}}
{"dateTime": "2025-08-26T00:18:51.448Z", "eventType": "select.pointer", "fullPath": "/main.py", "details": {"selection": {"from": 73, "to": 99}}}
{"dateTime": "2025-08-26T00:18:51.499Z", "eventType": "select.pointer", "fullPath": "/main.py", "details": {"selection": {"from": 72, "to": 99}}}
{"dateTime": "2025-08-26T00:18:51.515Z", "eventType": "select.pointer", "fullPath": "/main.py", "details": {"selection": {"from": 71, "to": 99}}}
{"dateTime": "2025-08-26T00:18:51.549Z", "eventType": "select.pointer", "fullPath": "/main.py", "details": {"selection": {"from": 70, "to": 99}}}
{"dateTime": "2025-08-26T00:18:51.582Z", "eventType": "select.pointer", "fullPath": "/main.py", "details": {"selection": {"from": 69, "to": 99}}}
{"dateTime": "2025-08-26T00:18:51.619Z", "eventType": "select.pointer", "fullPath": "/main.py", "details": {"selection": {"from": 80, "to": 99}}}
{"dateTime": "2025-08-26T00:18:51.649Z", "eventType": "select.pointer", "fullPath": "/main.py", "details": {"selection": {"from": 87, "to": 99}}}
{"dateTime": "2025-08-26T00:18:51.699Z", "eventType": "select.pointer", "fullPath": "/main.py", "details": {"selection": {"from": 86, "to": 99}}}
{"dateTime": "2025-08-26T00:18:51.748Z", "eventType": "select.pointer", "fullPath": "/main.py", "details": {"selection": {"from": 85, "to": 99}}}
{"dateTime": "2025-08-26T00:18:51.781Z", "eventType": "select.pointer", "fullPath": "/main.py", "details": {"selection": {"from": 84, "to": 99}}}
{"dateTime": "2025-08-26T00:18:51.815Z", "eventType": "select.pointer", "fullPath": "/main.py", "details": {"selection": {"from": 83, "to": 99}}}
{"dateTime": "2025-08-26T00:18:51.865Z", "eventType": "select.pointer", "fullPath": "/main.py", "details": {"selection": {"from": 82, "to": 99}}}
{"dateTime": "2025-08-26T00:18:51.915Z", "eventType": "select.pointer", "fullPath": "/main.py", "details": {"selection": {"from": 81, "to": 99}}}
{"dateTime": "2025-08-26T00:18:51.965Z", "eventType": "select.pointer", "fullPath": "/main.py", "details": {"selection": {"from": 80, "to": 99}}}
{"dateTime": "2025-08-26T00:18:54.988Z", "eventType": "blur", "fullPath": "/main.py"}
{"dateTime": "2025-08-26T00:18:55.501Z", "eventType": "focus", "fullPath": "/main.py"}
{"dateTime": "2025-08-26T00:18:55.506Z", "eventType": "select", "fullPath": "/main.py", "details": {"selection": {"from": 100, "to": 100}}}
{"dateTime": "2025-08-26T00:18:56.280Z", "eventType": "select.pointer", "fullPath": "/main.py", "details": {"selection": {"from": 99, "to": 99}}}
{"dateTime": "2025-08-26T00:18:57.344Z", "eventType": "input", "fullPath": "/main.py", "details": {"fromA": 99, "toA": 99, "fromB": 99, "toB": 100, "inserted": ["", ""]}}
{"dateTime": "2025-08-26T00:18:57.507Z", "eventType": "input", "fullPath": "/main.py", "details": {"fromA": 100, "toA": 100, "fromB": 100, "toB": 101, "inserted": ["", ""]}}
{"dateTime": "2025-08-26T00:19:00.171Z", "eventType": "blur", "fullPath": "/main.py"}
{"dateTime": "2025-08-26T00:19:06.078Z", "eventType": "focus", "fullPath": "/main.py"}
{"dateTime": "2025-08-26T00:19:06.083Z", "eventType": "select.pointer", "fullPath": "/main.py", "details": {"selection": {"from": 101, "to": 101}}}
{"dateTime": "2025-08-26T00:19:09.314Z", "eventType": "input.type", "fullPath": "/main.py", "details": {"fromA": 101, "toA": 101, "fromB": 101, "toB": 102, "inserted": ["p"]}}
{"dateTime": "2025-08-26T00:19:10.048Z", "eventType": "input.type", "fullPath": "/main.py", "details": {"fromA": 102, "toA": 102, "fromB": 102, "toB": 103, "inserted": ["r"]}}
{"dateTime": "2025-08-26T00:19:10.196Z", "eventType": "input.type", "fullPath": "/main.py", "details": {"fromA": 103, "toA": 103, "fromB": 103, "toB": 104, "inserted": ["i"]}}
{"dateTime": "2025-08-26T00:19:12.043Z", "eventType": "input.complete", "fullPath": "/main.py", "details": {"fromA": 101, "toA": 104, "fromB": 101, "toB": 106, "inserted": ["print"]}}
{"dateTime": "2025-08-26T00:19:13.981Z", "eventType": "input.type", "fullPath": "/main.py", "details": {"fromA": 106, "toA": 106, "fromB": 106, "toB": 108, "inserted": ["()"]}}
{"dateTime": "2025-08-26T00:19:19.952Z", "eventType": "input.type", "fullPath": "/main.py", "details": {"fromA": 107, "toA": 107, "fromB": 107, "toB": 108, "inserted": ["r"]}}
{"dateTime": "2025-08-26T00:19:20.180Z", "eventType": "input.type", "fullPath": "/main.py", "details": {"fromA": 108, "toA": 108, "fromB": 108, "toB": 109, "inserted": ["a"]}}
{"dateTime": "2025-08-26T00:19:20.464Z", "eventType": "input.type", "fullPath": "/main.py", "details": {"fromA": 109, "toA": 109, "fromB": 109, "toB": 110, "inserted": ["u"]}}
{"dateTime": "2025-08-26T00:19:20.687Z", "eventType": "input.type", "fullPath": "/main.py", "details": {"fromA": 110, "toA": 110, "fromB": 110, "toB": 111, "inserted": ["n"]}}
{"dateTime": "2025-08-26T00:19:21.215Z", "eventType": "input.type", "fullPath": "/main.py", "details": {"fromA": 111, "toA": 111, "fromB": 111, "toB": 112, "inserted": ["d"]}}
{"dateTime": "2025-08-26T00:19:22.522Z", "eventType": "select", "fullPath": "/main.py", "details": {"selection": {"from": 111, "to": 111}}}
{"dateTime": "2025-08-26T00:19:22.700Z", "eventType": "select", "fullPath": "/main.py", "details": {"selection": {"from": 110, "to": 110}}}
{"dateTime": "2025-08-26T00:19:22.908Z", "eventType": "select", "fullPath": "/main.py", "details": {"selection": {"from": 109, "to": 109}}}
{"dateTime": "2025-08-26T00:19:23.743Z", "eventType": "delete.backward", "fullPath": "/main.py", "details": {"fromA": 108, "toA": 109, "fromB": 108, "toB": 108, "inserted": [""]}}
{"dateTime": "2025-08-26T00:19:24.207Z", "eventType": "input.type", "fullPath": "/main.py", "details": {"fromA": 108, "toA": 108, "fromB": 108, "toB": 109, "inserted": ["o"]}}
{"dateTime": "2025-08-26T00:19:25.647Z", "eventType": "select", "fullPath": "/main.py", "details": {"selection": {"from": 110, "to": 110}}}
{"dateTime": "2025-08-26T00:19:25.852Z", "eventType": "select", "fullPath": "/main.py", "details": {"selection": {"from": 111, "to": 111}}}
{"dateTime": "2025-08-26T00:19:26.047Z", "eventType": "select", "fullPath": "/main.py", "details": {"selection": {"from": 112, "to": 112}}}
{"dateTime": "2025-08-26T00:19:28.591Z", "eventType": "input.type", "fullPath": "/main.py", "details": {"fromA": 112, "toA": 112, "fromB": 112, "toB": 114, "inserted": ["()"]}}
{"dateTime": "2025-08-26T00:19:31.968Z", "eventType": "input.type", "fullPath": "/main.py", "details": {"fromA": 113, "toA": 113, "fromB": 113, "toB": 114, "inserted": ["x"]}}
{"dateTime": "2025-08-26T00:19:32.277Z", "eventType": "input.type", "fullPath": "/main.py", "details": {"fromA": 114, "toA": 114, "fromB": 114, "toB": 115, "inserted": ["1"]}}
{"dateTime": "2025-08-26T00:19:34.831Z", "eventType": "input.type", "fullPath": "/main.py", "details": {"fromA": 115, "toA": 115, "fromB": 115, "toB": 116, "inserted": [","]}}
{"dateTime": "2025-08-26T00:19:35.567Z", "eventType": "input.type", "fullPath": "/main.py", "details": {"fromA": 116, "toA": 116, "fromB": 116, "toB": 117, "inserted": ["2"]}}
{"dateTime": "2025-08-26T00:19:38.608Z", "eventType": "select.pointer", "fullPath": "/main.py", "details": {"selection": {"from": 101, "to": 101}}}
{"dateTime": "2025-08-26T00:19:38.783Z", "eventType": "select.pointer", "fullPath": "/main.py", "details": {"selection": {"from": 101, "to": 102}}}
{"dateTime": "2025-08-26T00:19:38.816Z", "eventType": "select.pointer", "fullPath": "/main.py", "details": {"selection": {"from": 101, "to": 103}}}
{"dateTime": "2025-08-26T00:19:38.915Z", "eventType": "select.pointer", "fullPath": "/main.py", "details": {"selection": {"from": 101, "to": 104}}}
{"dateTime": "2025-08-26T00:19:38.964Z", "eventType": "select.pointer", "fullPath": "/main.py", "details": {"selection": {"from": 101, "to": 105}}}
{"dateTime": "2025-08-26T00:19:38.998Z", "eventType": "select.pointer", "fullPath": "/main.py", "details": {"selection": {"from": 101, "to": 106}}}
{"dateTime": "2025-08-26T00:19:40.047Z", "eventType": "select.pointer", "fullPath": "/main.py", "details": {"selection": {"from": 107, "to": 107}}}
{"dateTime": "2025-08-26T00:19:40.164Z", "eventType": "select.pointer", "fullPath": "/main.py", "details": {"selection": {"from": 107, "to": 107}}}
{"dateTime": "2025-08-26T00:19:40.201Z", "eventType": "select.pointer", "fullPath": "/main.py", "details": {"selection": {"from": 107, "to": 108}}}
{"dateTime": "2025-08-26T00:19:40.279Z", "eventType": "select.pointer", "fullPath": "/main.py", "details": {"selection": {"from": 107, "to": 109}}}
{"dateTime": "2025-08-26T00:19:40.349Z", "eventType": "select.pointer", "fullPath": "/main.py", "details": {"selection": {"from": 107, "to": 110}}}
{"dateTime": "2025-08-26T00:19:40.465Z", "eventType": "select.pointer", "fullPath": "/main.py", "details": {"selection": {"from": 107, "to": 111}}}
{"dateTime": "2025-08-26T00:19:40.677Z", "eventType": "select.pointer", "fullPath": "/main.py", "details": {"selection": {"from": 107, "to": 112}}}
{"dateTime": "2025-08-26T00:19:41.321Z", "eventType": "select.pointer", "fullPath": "/main.py", "details": {"selection": {"from": 113, "to": 113}}}
{"dateTime": "2025-08-26T00:19:41.467Z", "eventType": "select.pointer", "fullPath": "/main.py", "details": {"selection": {"from": 113, "to": 114}}}
{"dateTime": "2025-08-26T00:19:41.534Z", "eventType": "select.pointer", "fullPath": "/main.py", "details": {"selection": {"from": 113, "to": 115}}}
{"dateTime": "2025-08-26T00:19:42.488Z", "eventType": "select.pointer", "fullPath": "/main.py", "details": {"selection": {"from": 116, "to": 116}}}
{"dateTime": "2025-08-26T00:19:42.617Z", "eventType": "select.pointer", "fullPath": "/main.py", "details": {"selection": {"from": 116, "to": 117}}}
{"dateTime": "2025-08-26T00:19:44.744Z", "eventType": "select.pointer", "fullPath": "/main.py", "details": {"selection": {"from": 119, "to": 119}}}
{"dateTime": "2025-08-26T00:19:45.952Z", "eventType": "input", "fullPath": "/main.py", "details": {"fromA": 119, "toA": 119, "fromB": 119, "toB": 120, "inserted": ["", ""]}}
{"dateTime": "2025-08-26T00:20:02.826Z", "eventType": "input.type", "fullPath": "/main.py", "details": {"fromA": 120, "toA": 120, "fromB": 120, "toB": 121, "inserted": ["o"]}}
{"dateTime": "2025-08-26T00:20:03.218Z", "eventType": "input.type", "fullPath": "/main.py", "details": {"fromA": 121, "toA": 121, "fromB": 121, "toB": 122, "inserted": ["r"]}}
{"dateTime": "2025-08-26T00:20:03.396Z", "eventType": "input.type", "fullPath": "/main.py", "details": {"fromA": 122, "toA": 122, "fromB": 122, "toB": 123, "inserted": ["u"]}}
{"dateTime": "2025-08-26T00:20:04.914Z", "eventType": "delete.backward", "fullPath": "/main.py", "details": {"fromA": 122, "toA": 123, "fromB": 122, "toB": 122, "inserted": [""]}}
{"dateTime": "2025-08-26T00:20:05.239Z", "eventType": "input.type", "fullPath": "/main.py", "details": {"fromA": 122, "toA": 122, "fromB": 122, "toB": 123, "inserted": ["i"]}}
{"dateTime": "2025-08-26T00:20:05.430Z", "eventType": "input.type", "fullPath": "/main.py", "details": {"fromA": 123, "toA": 123, "fromB": 123, "toB": 124, "inserted": ["n"]}}
{"dateTime": "2025-08-26T00:20:07.935Z", "eventType": "input.type", "fullPath": "/main.py", "details": {"fromA": 124, "toA": 124, "fromB": 124, "toB": 125, "inserted": ["t"]}}
{"dateTime": "2025-08-26T00:20:12.064Z", "eventType": "delete.backward", "fullPath": "/main.py", "details": {"fromA": 124, "toA": 125, "fromB": 124, "toB": 124, "inserted": [""]}}
{"dateTime": "2025-08-26T00:20:12.389Z", "eventType": "delete.backward", "fullPath": "/main.py", "details": {"fromA": 123, "toA": 124, "fromB": 123, "toB": 123, "inserted": [""]}}
{"dateTime": "2025-08-26T00:20:12.511Z", "eventType": "delete.backward", "fullPath": "/main.py", "details": {"fromA": 122, "toA": 123, "fromB": 122, "toB": 122, "inserted": [""]}}
{"dateTime": "2025-08-26T00:20:12.604Z", "eventType": "delete.backward", "fullPath": "/main.py", "details": {"fromA": 121, "toA": 122, "fromB": 121, "toB": 121, "inserted": [""]}}
{"dateTime": "2025-08-26T00:20:12.736Z", "eventType": "delete.backward", "fullPath": "/main.py", "details": {"fromA": 120, "toA": 121, "fromB": 120, "toB": 120, "inserted": [""]}}
{"dateTime": "2025-08-26T00:20:13.487Z", "eventType": "input.type", "fullPath": "/main.py", "details": {"fromA": 120, "toA": 120, "fromB": 120, "toB": 121, "inserted": ["p"]}}
{"dateTime": "2025-08-26T00:20:13.827Z", "eventType": "input.type", "fullPath": "/main.py", "details": {"fromA": 121, "toA": 121, "fromB": 121, "toB": 122, "inserted": ["r"]}}
{"dateTime": "2025-08-26T00:20:14.036Z", "eventType": "input.type", "fullPath": "/main.py", "details": {"fromA": 122, "toA": 122, "fromB": 122, "toB": 123, "inserted": ["i"]}}
{"dateTime": "2025-08-26T00:20:14.212Z", "eventType": "input.type", "fullPath": "/main.py", "details": {"fromA": 123, "toA": 123, "fromB": 123, "toB": 124, "inserted": ["n"]}}
{"dateTime": "2025-08-26T00:20:14.559Z", "eventType": "input.type", "fullPath": "/main.py", "details": {"fromA": 124, "toA": 124, "fromB": 124, "toB": 125, "inserted": ["t"]}}
{"dateTime": "2025-08-26T00:20:15.551Z", "eventType": "input.type", "fullPath": "/main.py", "details": {"fromA": 125, "toA": 125, "fromB": 125, "toB": 126, "inserted": ["9"]}}
{"dateTime": "2025-08-26T00:20:16.703Z", "eventType": "input.type", "fullPath": "/main.py", "details": {"fromA": 126, "toA": 126, "fromB": 126, "toB": 127, "inserted": [" "]}}
{"dateTime": "2025-08-26T00:20:17.647Z", "eventType": "input.type", "fullPath": "/main.py", "details": {"fromA": 127, "toA": 127, "fromB": 127, "toB": 128, "inserted": ["r"]}}
{"dateTime": "2025-08-26T00:20:18.020Z", "eventType": "input.type", "fullPath": "/main.py", "details": {"fromA": 128, "toA": 128, "fromB": 128, "toB": 129, "inserted": ["o"]}}
{"dateTime": "2025-08-26T00:20:18.211Z", "eventType": "input.type", "fullPath": "/main.py", "details": {"fromA": 129, "toA": 129, "fromB": 129, "toB": 130, "inserted": ["u"]}}
{"dateTime": "2025-08-26T00:20:18.607Z", "eventType": "input.type", "fullPath": "/main.py", "details": {"fromA": 130, "toA": 130, "fromB": 130, "toB": 131, "inserted": ["n"]}}
{"dateTime": "2025-08-26T00:20:18.914Z", "eventType": "input.type", "fullPath": "/main.py", "details": {"fromA": 131, "toA": 131, "fromB": 131, "toB": 132, "inserted": ["d"]}}
{"dateTime": "2025-08-26T00:20:20.879Z", "eventType": "input.type", "fullPath": "/main.py", "details": {"fromA": 132, "toA": 132, "fromB": 132, "toB": 134, "inserted": ["()"]}}
{"dateTime": "2025-08-26T00:20:23.947Z", "eventType": "input.type", "fullPath": "/main.py", "details": {"fromA": 133, "toA": 133, "fromB": 133, "toB": 134, "inserted": ["x"]}}
{"dateTime": "2025-08-26T00:20:24.575Z", "eventType": "input.type", "fullPath": "/main.py", "details": {"fromA": 134, "toA": 134, "fromB": 134, "toB": 135, "inserted": ["2"]}}
{"dateTime": "2025-08-26T00:20:26.655Z", "eventType": "input.type", "fullPath": "/main.py", "details": {"fromA": 135, "toA": 135, "fromB": 135, "toB": 136, "inserted": [","]}}
{"dateTime": "2025-08-26T00:20:27.151Z", "eventType": "input.type", "fullPath": "/main.py", "details": {"fromA": 136, "toA": 136, "fromB": 136, "toB": 137, "inserted": ["2"]}}
{"dateTime": "2025-08-26T00:20:28.443Z", "eventType": "input.type", "fullPath": "/main.py", "details": {"fromA": 137, "toA": 137, "fromB": 137, "toB": 139, "inserted": ["()"]}}
{"dateTime": "2025-08-26T00:20:29.055Z", "eventType": "delete.backward", "fullPath": "/main.py", "details": {"fromA": 137, "toA": 139, "fromB": 137, "toB": 137, "inserted": [""]}}
{"dateTime": "2025-08-26T00:20:29.392Z", "eventType": "input.type", "fullPath": "/main.py", "details": {"fromA": 137, "toA": 138, "fromB": 137, "toB": 138, "inserted": [")"]}}
{"dateTime": "2025-08-26T00:20:33.344Z", "eventType": "select.pointer", "fullPath": "/main.py", "details": {"selection": {"from": 139, "to": 139}}}
{"dateTime": "2025-08-26T00:20:34.160Z", "eventType": "select.pointer", "fullPath": "/main.py", "details": {"selection": {"from": 127, "to": 127}}}
{"dateTime": "2025-08-26T00:20:35.567Z", "eventType": "delete.backward", "fullPath": "/main.py", "details": {"fromA": 126, "toA": 127, "fromB": 126, "toB": 126, "inserted": [""]}}
{"dateTime": "2025-08-26T00:20:35.775Z", "eventType": "delete.backward", "fullPath": "/main.py", "details": {"fromA": 125, "toA": 126, "fromB": 125, "toB": 125, "inserted": [""]}}
{"dateTime": "2025-08-26T00:20:37.391Z", "eventType": "input.type", "fullPath": "/main.py", "details": {"fromA": 125, "toA": 125, "fromB": 125, "toB": 126, "inserted": ["("]}}
{"dateTime": "2025-08-26T00:20:39.215Z", "eventType": "select.pointer", "fullPath": "/main.py", "details": {"selection": {"from": 137, "to": 137}}}
{"dateTime": "2025-08-26T00:20:41.231Z", "eventType": "input.type", "fullPath": "/main.py", "details": {"fromA": 137, "toA": 137, "fromB": 137, "toB": 138, "inserted": [")"]}}
{"dateTime": "2025-08-26T00:20:50.939Z", "eventType": "blur", "fullPath": "/main.py"}
{"dateTime": "2025-08-26T00:20:50.944Z", "eventType": "focus", "fullPath": "/main.py"}
{"dateTime": "2025-08-26T00:20:50.950Z", "eventType": "select", "fullPath": "/main.py", "details": {"selection": {"from": 139, "to": 139}}}
{"dateTime": "2025-08-26T00:20:52.367Z", "eventType": "input.type", "fullPath": "/main.py", "details": {"fromA": 139, "toA": 139, "fromB": 139, "toB": 140, "inserted": ["p"]}}
{"dateTime": "2025-08-26T00:20:52.674Z", "eventType": "input.type", "fullPath": "/main.py", "details": {"fromA": 140, "toA": 140, "fromB": 140, "toB": 141, "inserted": ["r"]}}
{"dateTime": "2025-08-26T00:20:52.811Z", "eventType": "input.type", "fullPath": "/main.py", "details": {"fromA": 141, "toA": 141, "fromB": 141, "toB": 142, "inserted": ["i"]}}
{"dateTime": "2025-08-26T00:20:53.024Z", "eventType": "input.type", "fullPath": "/main.py", "details": {"fromA": 142, "toA": 142, "fromB": 142, "toB": 143, "inserted": ["n"]}}
{"dateTime": "2025-08-26T00:20:53.311Z", "eventType": "input.type", "fullPath": "/main.py", "details": {"fromA": 143, "toA": 143, "fromB": 143, "toB": 144, "inserted": ["t"]}}
{"dateTime": "2025-08-26T00:20:55.871Z", "eventType": "input.type", "fullPath": "/main.py", "details": {"fromA": 144, "toA": 144, "fromB": 144, "toB": 146, "inserted": ["()"]}}
{"dateTime": "2025-08-26T00:20:56.751Z", "eventType": "input.type", "fullPath": "/main.py", "details": {"fromA": 145, "toA": 145, "fromB": 145, "toB": 146, "inserted": [" "]}}
{"dateTime": "2025-08-26T00:20:57.775Z", "eventType": "input.type", "fullPath": "/main.py", "details": {"fromA": 146, "toA": 146, "fromB": 146, "toB": 147, "inserted": ["r"]}}
{"dateTime": "2025-08-26T00:20:58.047Z", "eventType": "input.type", "fullPath": "/main.py", "details": {"fromA": 147, "toA": 147, "fromB": 147, "toB": 148, "inserted": ["o"]}}
{"dateTime": "2025-08-26T00:20:58.264Z", "eventType": "input.type", "fullPath": "/main.py", "details": {"fromA": 148, "toA": 148, "fromB": 148, "toB": 149, "inserted": ["u"]}}
{"dateTime": "2025-08-26T00:20:58.464Z", "eventType": "input.type", "fullPath": "/main.py", "details": {"fromA": 149, "toA": 149, "fromB": 149, "toB": 150, "inserted": ["b"]}}
{"dateTime": "2025-08-26T00:20:58.751Z", "eventType": "input.type", "fullPath": "/main.py", "details": {"fromA": 150, "toA": 150, "fromB": 150, "toB": 151, "inserted": ["d"]}}
{"dateTime": "2025-08-26T00:21:00.239Z", "eventType": "input.type", "fullPath": "/main.py", "details": {"fromA": 151, "toA": 151, "fromB": 151, "toB": 153, "inserted": ["()"]}}
{"dateTime": "2025-08-26T00:21:01.551Z", "eventType": "delete.backward", "fullPath": "/main.py", "details": {"fromA": 151, "toA": 153, "fromB": 151, "toB": 151, "inserted": [""]}}
{"dateTime": "2025-08-26T00:21:01.711Z", "eventType": "delete.backward", "fullPath": "/main.py", "details": {"fromA": 150, "toA": 151, "fromB": 150, "toB": 150, "inserted": [""]}}
{"dateTime": "2025-08-26T00:21:01.952Z", "eventType": "delete.backward", "fullPath": "/main.py", "details": {"fromA": 149, "toA": 150, "fromB": 149, "toB": 149, "inserted": [""]}}
{"dateTime": "2025-08-26T00:21:02.746Z", "eventType": "input.type", "fullPath": "/main.py", "details": {"fromA": 149, "toA": 149, "fromB": 149, "toB": 150, "inserted": ["n"]}}
{"dateTime": "2025-08-26T00:21:03.056Z", "eventType": "input.type", "fullPath": "/main.py", "details": {"fromA": 150, "toA": 150, "fromB": 150, "toB": 151, "inserted": ["d"]}}
{"dateTime": "2025-08-26T00:21:04.362Z", "eventType": "input.type", "fullPath": "/main.py", "details": {"fromA": 151, "toA": 151, "fromB": 151, "toB": 153, "inserted": ["()"]}}
{"dateTime": "2025-08-26T00:21:08.287Z", "eventType": "input.type", "fullPath": "/main.py", "details": {"fromA": 152, "toA": 152, "fromB": 152, "toB": 153, "inserted": ["x"]}}
{"dateTime": "2025-08-26T00:21:08.955Z", "eventType": "input.type", "fullPath": "/main.py", "details": {"fromA": 153, "toA": 153, "fromB": 153, "toB": 154, "inserted": ["3"]}}
{"dateTime": "2025-08-26T00:21:12.778Z", "eventType": "input.type", "fullPath": "/main.py", "details": {"fromA": 154, "toA": 154, "fromB": 154, "toB": 155, "inserted": [","]}}
{"dateTime": "2025-08-26T00:21:13.632Z", "eventType": "input.type", "fullPath": "/main.py", "details": {"fromA": 155, "toA": 155, "fromB": 155, "toB": 156, "inserted": ["2"]}}
{"dateTime": "2025-08-26T00:21:17.658Z", "eventType": "blur", "fullPath": "/main.py"}
{"dateTime": "2025-08-26T00:57:56.503Z", "eventType": "focus", "fullPath": "/main.py"}
{"dateTime": "2025-08-26T00:57:56.506Z", "eventType": "select.pointer", "fullPath": "/main.py", "details": {"selection": {"from": 0, "to": 0}}}
{"dateTime": "2025-08-26T00:57:56.674Z", "eventType": "select.pointer", "fullPath": "/main.py", "details": {"selection": {"from": 0, "to": 1}}}
{"dateTime": "2025-08-26T00:57:56.689Z", "eventType": "select.pointer", "fullPath": "/main.py", "details": {"selection": {"from": 0, "to": 7}}}
{"dateTime": "2025-08-26T00:57:56.700Z", "eventType": "select.pointer", "fullPath": "/main.py", "details": {"selection": {"from": 0, "to": 11}}}
{"dateTime": "2025-08-26T00:57:56.750Z", "eventType": "select.pointer", "fullPath": "/main.py", "details": {"selection": {"from": 0, "to": 18}}}
{"dateTime": "2025-08-26T00:57:56.766Z", "eventType": "select.pointer", "fullPath": "/main.py", "details": {"selection": {"from": 0, "to": 21}}}
{"dateTime": "2025-08-26T00:57:56.799Z", "eventType": "select.pointer", "fullPath": "/main.py", "details": {"selection": {"from": 0, "to": 0}}}
{"dateTime": "2025-08-26T00:57:57.920Z", "eventType": "select.pointer", "fullPath": "/main.py", "details": {"selection": {"from": 59, "to": 59}}}
{"dateTime": "2025-08-26T00:57:58.157Z", "eventType": "select.pointer", "fullPath": "/main.py", "details": {"selection": {"from": 58, "to": 59}}}
{"dateTime": "2025-08-26T00:57:58.167Z", "eventType": "select.pointer", "fullPath": "/main.py", "details": {"selection": {"from": 57, "to": 59}}}
{"dateTime": "2025-08-26T00:57:58.225Z", "eventType": "select.pointer", "fullPath": "/main.py", "details": {"selection": {"from": 59, "to": 60}}}
{"dateTime": "2025-08-26T00:57:58.266Z", "eventType": "select.pointer", "fullPath": "/main.py", "details": {"selection": {"from": 59, "to": 68}}}
{"dateTime": "2025-08-26T00:57:58.283Z", "eventType": "select.pointer", "fullPath": "/main.py", "details": {"selection": {"from": 59, "to": 66}}}
{"dateTime": "2025-08-26T00:57:58.299Z", "eventType": "select.pointer", "fullPath": "/main.py", "details": {"selection": {"from": 59, "to": 65}}}
{"dateTime": "2025-08-26T00:57:58.333Z", "eventType": "select.pointer", "fullPath": "/main.py", "details": {"selection": {"from": 59, "to": 63}}}
{"dateTime": "2025-08-26T00:57:58.349Z", "eventType": "select.pointer", "fullPath": "/main.py", "details": {"selection": {"from": 59, "to": 62}}}
{"dateTime": "2025-08-26T00:57:58.400Z", "eventType": "select.pointer", "fullPath": "/main.py", "details": {"selection": {"from": 59, "to": 61}}}
{"dateTime": "2025-08-26T00:57:58.450Z", "eventType": "select.pointer", "fullPath": "/main.py", "details": {"selection": {"from": 59, "to": 60}}}
{"dateTime": "2025-08-26T00:58:01.042Z", "eventType": "select.pointer", "fullPath": "/main.py", "details": {"selection": {"from": 84, "to": 84}}}
{"dateTime": "2025-08-26T00:58:01.688Z", "eventType": "select.pointer", "fullPath": "/main.py", "details": {"selection": {"from": 84, "to": 87}}}
{"dateTime": "2025-08-26T00:58:01.700Z", "eventType": "select.pointer", "fullPath": "/main.py", "details": {"selection": {"from": 84, "to": 90}}}
{"dateTime": "2025-08-26T00:58:01.716Z", "eventType": "select.pointer", "fullPath": "/main.py", "details": {"selection": {"from": 84, "to": 92}}}
{"dateTime": "2025-08-26T00:58:01.766Z", "eventType": "select.pointer", "fullPath": "/main.py", "details": {"selection": {"from": 84, "to": 93}}}
{"dateTime": "2025-08-26T00:58:01.783Z", "eventType": "select.pointer", "fullPath": "/main.py", "details": {"selection": {"from": 84, "to": 94}}}
{"dateTime": "2025-08-26T00:58:01.837Z", "eventType": "select.pointer", "fullPath": "/main.py", "details": {"selection": {"from": 84, "to": 95}}}
{"dateTime": "2025-08-26T00:58:01.886Z", "eventType": "select.pointer", "fullPath": "/main.py", "details": {"selection": {"from": 84, "to": 96}}}
{"dateTime": "2025-08-26T00:58:01.920Z", "eventType": "select.pointer", "fullPath": "/main.py", "details": {"selection": {"from": 84, "to": 97}}}
{"dateTime": "2025-08-26T00:58:01.970Z", "eventType": "select.pointer", "fullPath": "/main.py", "details": {"selection": {"from": 84, "to": 98}}}
{"dateTime": "2025-08-26T00:58:02.003Z", "eventType": "select.pointer", "fullPath": "/main.py", "details": {"selection": {"from": 84, "to": 99}}}
{"dateTime": "2025-08-26T00:58:06.779Z", "eventType": "blur", "fullPath": "/main.py"}
{"dateTime": "2025-08-26T00:58:07.208Z", "eventType": "submission", "details": {"correctness": 1, "commit": "dbecad795f94bc74f23b6b4b6c2d5fb4f9eb1486", "executionTime": 0.01}}
{"dateTime": "2025-08-26T00:58:25.151Z", "eventType": "focus", "fullPath": "/main.py"}
{"dateTime": "2025-08-26T00:58:25.156Z", "eventType": "select", "fullPath": "/main.py", "details": {"selection": {"from": 158, "to": 158}}}
{"dateTime": "2025-08-26T00:58:25.998Z", "eventType": "select.pointer", "fullPath": "/main.py", "details": {"selection": {"from": 158, "to": 158}}}
{"dateTime": "2025-08-26T00:58:32.455Z", "eventType": "blur", "fullPath": "/main.py"}
