{"dateTime": "2025-08-11T14:24:44.948Z", "eventType": "blur", "fullPath": "/main.py"}
{"dateTime": "2025-08-11T14:24:45.375Z", "eventType": "submission", "details": {"correctness": 1, "commit": "3f2aac53be36f7d265c75f9add195a03322f1590", "executionTime": 0.01}}
{"dateTime": "2025-08-11T14:24:51.748Z", "eventType": "focus", "fullPath": "/main.py"}
{"dateTime": "2025-08-11T14:24:51.757Z", "eventType": "select.pointer", "fullPath": "/main.py", "details": {"selection": {"from": 29, "to": 29}}}
{"dateTime": "2025-08-11T14:24:51.889Z", "eventType": "select.pointer", "fullPath": "/main.py", "details": {"selection": {"from": 19, "to": 29}}}
{"dateTime": "2025-08-11T14:24:51.937Z", "eventType": "select.pointer", "fullPath": "/main.py", "details": {"selection": {"from": 8, "to": 29}}}
{"dateTime": "2025-08-11T14:24:52.067Z", "eventType": "select.pointer", "fullPath": "/main.py", "details": {"selection": {"from": 7, "to": 29}}}
{"dateTime": "2025-08-11T14:24:52.101Z", "eventType": "select.pointer", "fullPath": "/main.py", "details": {"selection": {"from": 6, "to": 29}}}
{"dateTime": "2025-08-11T14:24:52.165Z", "eventType": "select.pointer", "fullPath": "/main.py", "details": {"selection": {"from": 5, "to": 29}}}
{"dateTime": "2025-08-11T14:24:52.197Z", "eventType": "select.pointer", "fullPath": "/main.py", "details": {"selection": {"from": 4, "to": 29}}}
{"dateTime": "2025-08-11T14:24:52.301Z", "eventType": "select.pointer", "fullPath": "/main.py", "details": {"selection": {"from": 0, "to": 29}}}
{"dateTime": "2025-08-11T14:24:54.202Z", "eventType": "delete.selection", "fullPath": "/main.py", "details": {"fromA": 0, "toA": 29, "fromB": 0, "toB": 0, "inserted": [""]}}
{"dateTime": "2025-08-11T14:25:01.110Z", "eventType": "input.type", "fullPath": "/main.py", "details": {"fromA": 0, "toA": 0, "fromB": 0, "toB": 1, "inserted": ["p"]}}
{"dateTime": "2025-08-11T14:25:04.518Z", "eventType": "input.complete", "fullPath": "/main.py", "details": {"fromA": 0, "toA": 1, "fromB": 0, "toB": 5, "inserted": ["print"]}}
{"dateTime": "2025-08-11T14:25:06.821Z", "eventType": "input.type", "fullPath": "/main.py", "details": {"fromA": 5, "toA": 5, "fromB": 5, "toB": 7, "inserted": ["()"]}}
{"dateTime": "2025-08-11T14:25:08.833Z", "eventType": "input.type", "fullPath": "/main.py", "details": {"fromA": 6, "toA": 6, "fromB": 6, "toB": 8, "inserted": ["\"\""]}}
{"dateTime": "2025-08-11T14:25:10.052Z", "eventType": "delete.backward", "fullPath": "/main.py", "details": {"fromA": 6, "toA": 8, "fromB": 6, "toB": 6, "inserted": [""]}}
{"dateTime": "2025-08-11T14:25:10.311Z", "eventType": "input.type", "fullPath": "/main.py", "details": {"fromA": 6, "toA": 6, "fromB": 6, "toB": 8, "inserted": ["''"]}}
{"dateTime": "2025-08-11T14:25:18.021Z", "eventType": "input.type", "fullPath": "/main.py", "details": {"fromA": 7, "toA": 7, "fromB": 7, "toB": 8, "inserted": ["*"]}}
{"dateTime": "2025-08-11T14:25:19.413Z", "eventType": "input.type", "fullPath": "/main.py", "details": {"fromA": 8, "toA": 8, "fromB": 8, "toB": 9, "inserted": ["*"]}}
{"dateTime": "2025-08-11T14:25:19.781Z", "eventType": "input.type", "fullPath": "/main.py", "details": {"fromA": 9, "toA": 9, "fromB": 9, "toB": 10, "inserted": ["*"]}}
{"dateTime": "2025-08-11T14:25:20.245Z", "eventType": "input.type", "fullPath": "/main.py", "details": {"fromA": 10, "toA": 10, "fromB": 10, "toB": 11, "inserted": ["*"]}}
{"dateTime": "2025-08-11T14:25:20.453Z", "eventType": "input.type", "fullPath": "/main.py", "details": {"fromA": 11, "toA": 11, "fromB": 11, "toB": 12, "inserted": ["*"]}}
{"dateTime": "2025-08-11T14:25:24.761Z", "eventType": "blur", "fullPath": "/main.py"}
{"dateTime": "2025-08-11T14:25:24.764Z", "eventType": "focus", "fullPath": "/main.py"}
{"dateTime": "2025-08-11T14:25:24.765Z", "eventType": "select", "fullPath": "/main.py", "details": {"selection": {"from": 14, "to": 14}}}
{"dateTime": "2025-08-11T14:25:25.635Z", "eventType": "select.pointer", "fullPath": "/main.py", "details": {"selection": {"from": 14, "to": 14}}}
{"dateTime": "2025-08-11T14:25:26.294Z", "eventType": "input", "fullPath": "/main.py", "details": {"fromA": 14, "toA": 14, "fromB": 14, "toB": 15, "inserted": ["", ""]}}
{"dateTime": "2025-08-11T14:25:27.892Z", "eventType": "input.type", "fullPath": "/main.py", "details": {"fromA": 15, "toA": 15, "fromB": 15, "toB": 16, "inserted": ["p"]}}
{"dateTime": "2025-08-11T14:25:28.251Z", "eventType": "input.type", "fullPath": "/main.py", "details": {"fromA": 16, "toA": 16, "fromB": 16, "toB": 17, "inserted": ["r"]}}
{"dateTime": "2025-08-11T14:25:29.168Z", "eventType": "input.complete", "fullPath": "/main.py", "details": {"fromA": 15, "toA": 17, "fromB": 15, "toB": 20, "inserted": ["print"]}}
{"dateTime": "2025-08-11T14:25:32.597Z", "eventType": "input.type", "fullPath": "/main.py", "details": {"fromA": 20, "toA": 20, "fromB": 20, "toB": 22, "inserted": ["()"]}}
{"dateTime": "2025-08-11T14:25:33.221Z", "eventType": "input.type", "fullPath": "/main.py", "details": {"fromA": 21, "toA": 21, "fromB": 21, "toB": 23, "inserted": ["''"]}}
{"dateTime": "2025-08-11T14:25:35.813Z", "eventType": "input.type", "fullPath": "/main.py", "details": {"fromA": 22, "toA": 22, "fromB": 22, "toB": 23, "inserted": ["*"]}}
{"dateTime": "2025-08-11T14:25:36.005Z", "eventType": "input.type", "fullPath": "/main.py", "details": {"fromA": 23, "toA": 23, "fromB": 23, "toB": 24, "inserted": ["*"]}}
{"dateTime": "2025-08-11T14:25:36.261Z", "eventType": "input.type", "fullPath": "/main.py", "details": {"fromA": 24, "toA": 24, "fromB": 24, "toB": 25, "inserted": ["*"]}}
{"dateTime": "2025-08-11T14:25:37.236Z", "eventType": "select", "fullPath": "/main.py", "details": {"selection": {"from": 26, "to": 26}}}
{"dateTime": "2025-08-11T14:25:37.426Z", "eventType": "select", "fullPath": "/main.py", "details": {"selection": {"from": 27, "to": 27}}}
{"dateTime": "2025-08-11T14:25:38.629Z", "eventType": "input", "fullPath": "/main.py", "details": {"fromA": 27, "toA": 27, "fromB": 27, "toB": 28, "inserted": ["", ""]}}
{"dateTime": "2025-08-11T14:25:39.236Z", "eventType": "input.type", "fullPath": "/main.py", "details": {"fromA": 28, "toA": 28, "fromB": 28, "toB": 29, "inserted": ["p"]}}
{"dateTime": "2025-08-11T14:25:40.852Z", "eventType": "input.complete", "fullPath": "/main.py", "details": {"fromA": 28, "toA": 29, "fromB": 28, "toB": 33, "inserted": ["print"]}}
{"dateTime": "2025-08-11T14:25:42.645Z", "eventType": "input.type", "fullPath": "/main.py", "details": {"fromA": 33, "toA": 33, "fromB": 33, "toB": 35, "inserted": ["()"]}}
{"dateTime": "2025-08-11T14:25:43.973Z", "eventType": "input.type", "fullPath": "/main.py", "details": {"fromA": 34, "toA": 34, "fromB": 34, "toB": 36, "inserted": ["\"\""]}}
{"dateTime": "2025-08-11T14:25:45.012Z", "eventType": "delete.backward", "fullPath": "/main.py", "details": {"fromA": 34, "toA": 36, "fromB": 34, "toB": 34, "inserted": [""]}}
{"dateTime": "2025-08-11T14:25:45.861Z", "eventType": "input.type", "fullPath": "/main.py", "details": {"fromA": 34, "toA": 34, "fromB": 34, "toB": 36, "inserted": ["''"]}}
{"dateTime": "2025-08-11T14:25:47.333Z", "eventType": "input.type", "fullPath": "/main.py", "details": {"fromA": 35, "toA": 35, "fromB": 35, "toB": 36, "inserted": ["*"]}}
