{"dateTime": "2025-08-12T22:17:56.265Z", "eventType": "input.type", "fullPath": "/main.py", "details": {"fromA": 72, "toA": 72, "fromB": 72, "toB": 73, "inserted": ["I"]}}
{"dateTime": "2025-08-12T22:17:58.265Z", "eventType": "input.type", "fullPath": "/main.py", "details": {"fromA": 73, "toA": 73, "fromB": 73, "toB": 74, "inserted": ["n"]}}
{"dateTime": "2025-08-12T22:17:58.585Z", "eventType": "input.type", "fullPath": "/main.py", "details": {"fromA": 74, "toA": 74, "fromB": 74, "toB": 75, "inserted": ["g"]}}
{"dateTime": "2025-08-12T22:17:58.937Z", "eventType": "input.type", "fullPath": "/main.py", "details": {"fromA": 75, "toA": 75, "fromB": 75, "toB": 76, "inserted": ["l"]}}
{"dateTime": "2025-08-12T22:17:59.380Z", "eventType": "input.type", "fullPath": "/main.py", "details": {"fromA": 76, "toA": 76, "fromB": 76, "toB": 77, "inserted": ["a"]}}
{"dateTime": "2025-08-12T22:17:59.817Z", "eventType": "input.type", "fullPath": "/main.py", "details": {"fromA": 77, "toA": 77, "fromB": 77, "toB": 78, "inserted": ["t"]}}
{"dateTime": "2025-08-12T22:18:00.137Z", "eventType": "input.type", "fullPath": "/main.py", "details": {"fromA": 78, "toA": 78, "fromB": 78, "toB": 79, "inserted": ["e"]}}
{"dateTime": "2025-08-12T22:18:00.345Z", "eventType": "input.type", "fullPath": "/main.py", "details": {"fromA": 79, "toA": 79, "fromB": 79, "toB": 80, "inserted": ["r"]}}
{"dateTime": "2025-08-12T22:18:00.500Z", "eventType": "input.type", "fullPath": "/main.py", "details": {"fromA": 80, "toA": 80, "fromB": 80, "toB": 81, "inserted": ["r"]}}
{"dateTime": "2025-08-12T22:18:00.745Z", "eventType": "input.type", "fullPath": "/main.py", "details": {"fromA": 81, "toA": 81, "fromB": 81, "toB": 82, "inserted": ["a"]}}
{"dateTime": "2025-08-12T22:18:03.721Z", "eventType": "input.type", "fullPath": "/main.py", "details": {"fromA": 82, "toA": 82, "fromB": 82, "toB": 83, "inserted": ["."]}}
{"dateTime": "2025-08-12T22:18:10.161Z", "eventType": "select.pointer", "fullPath": "/main.py", "details": {"selection": {"from": 101, "to": 101}}}
{"dateTime": "2025-08-12T22:18:11.128Z", "eventType": "delete.backward", "fullPath": "/main.py", "details": {"fromA": 100, "toA": 101, "fromB": 100, "toB": 100, "inserted": [""]}}
{"dateTime": "2025-08-12T22:18:11.320Z", "eventType": "delete.backward", "fullPath": "/main.py", "details": {"fromA": 99, "toA": 100, "fromB": 99, "toB": 99, "inserted": [""]}}
{"dateTime": "2025-08-12T22:18:11.513Z", "eventType": "delete.backward", "fullPath": "/main.py", "details": {"fromA": 98, "toA": 99, "fromB": 98, "toB": 98, "inserted": [""]}}
{"dateTime": "2025-08-12T22:18:12.824Z", "eventType": "input.type", "fullPath": "/main.py", "details": {"fromA": 98, "toA": 98, "fromB": 98, "toB": 99, "inserted": [" "]}}
{"dateTime": "2025-08-12T22:18:16.407Z", "eventType": "delete.backward", "fullPath": "/main.py", "details": {"fromA": 98, "toA": 99, "fromB": 98, "toB": 98, "inserted": [""]}}
{"dateTime": "2025-08-12T22:18:18.392Z", "eventType": "input.type", "fullPath": "/main.py", "details": {"fromA": 98, "toA": 98, "fromB": 98, "toB": 99, "inserted": ["l"]}}
{"dateTime": "2025-08-12T22:18:18.664Z", "eventType": "input.type", "fullPath": "/main.py", "details": {"fromA": 99, "toA": 99, "fromB": 99, "toB": 100, "inserted": ["o"]}}
{"dateTime": "2025-08-12T22:18:19.033Z", "eventType": "input.type", "fullPath": "/main.py", "details": {"fromA": 100, "toA": 100, "fromB": 100, "toB": 101, "inserted": ["w"]}}
{"dateTime": "2025-08-12T22:18:19.240Z", "eventType": "input.type", "fullPath": "/main.py", "details": {"fromA": 101, "toA": 101, "fromB": 101, "toB": 102, "inserted": ["e"]}}
{"dateTime": "2025-08-12T22:18:19.449Z", "eventType": "input.type", "fullPath": "/main.py", "details": {"fromA": 102, "toA": 102, "fromB": 102, "toB": 103, "inserted": ["r"]}}
{"dateTime": "2025-08-12T22:18:21.577Z", "eventType": "input.type", "fullPath": "/main.py", "details": {"fromA": 103, "toA": 103, "fromB": 103, "toB": 105, "inserted": ["()"]}}
{"dateTime": "2025-08-12T22:18:22.200Z", "eventType": "input.type", "fullPath": "/main.py", "details": {"fromA": 104, "toA": 105, "fromB": 104, "toB": 105, "inserted": [")"]}}
{"dateTime": "2025-08-12T22:18:24.017Z", "eventType": "blur", "fullPath": "/main.py"}
{"dateTime": "2025-08-12T22:18:36.253Z", "eventType": "submission", "details": {"correctness": 1, "commit": "ecb8747a9c02143c25ff204b32a8b069052fb90d", "executionTime": 0.01}}
{"dateTime": "2025-08-12T22:18:44.278Z", "eventType": "focus", "fullPath": "/main.py"}
{"dateTime": "2025-08-12T22:18:44.280Z", "eventType": "select.pointer", "fullPath": "/main.py", "details": {"selection": {"from": 10, "to": 10}}}
{"dateTime": "2025-08-12T22:18:47.159Z", "eventType": "input.type", "fullPath": "/main.py", "details": {"fromA": 10, "toA": 10, "fromB": 10, "toB": 11, "inserted": ["A"]}}
{"dateTime": "2025-08-12T22:18:48.679Z", "eventType": "input.type", "fullPath": "/main.py", "details": {"fromA": 11, "toA": 11, "fromB": 11, "toB": 12, "inserted": ["u"]}}
{"dateTime": "2025-08-12T22:18:48.967Z", "eventType": "input.type", "fullPath": "/main.py", "details": {"fromA": 12, "toA": 12, "fromB": 12, "toB": 13, "inserted": ["g"]}}
{"dateTime": "2025-08-12T22:18:49.175Z", "eventType": "input.type", "fullPath": "/main.py", "details": {"fromA": 13, "toA": 13, "fromB": 13, "toB": 14, "inserted": ["u"]}}
{"dateTime": "2025-08-12T22:18:50.631Z", "eventType": "input.type", "fullPath": "/main.py", "details": {"fromA": 14, "toA": 14, "fromB": 14, "toB": 15, "inserted": ["s"]}}
{"dateTime": "2025-08-12T22:18:50.791Z", "eventType": "input.type", "fullPath": "/main.py", "details": {"fromA": 15, "toA": 15, "fromB": 15, "toB": 16, "inserted": ["t"]}}
{"dateTime": "2025-08-12T22:18:50.951Z", "eventType": "input.type", "fullPath": "/main.py", "details": {"fromA": 16, "toA": 16, "fromB": 16, "toB": 17, "inserted": ["a"]}}
{"dateTime": "2025-08-12T22:18:51.991Z", "eventType": "input.type", "fullPath": "/main.py", "details": {"fromA": 17, "toA": 17, "fromB": 17, "toB": 18, "inserted": [" "]}}
{"dateTime": "2025-08-12T22:18:53.191Z", "eventType": "input.type", "fullPath": "/main.py", "details": {"fromA": 18, "toA": 18, "fromB": 18, "toB": 19, "inserted": ["a"]}}
{"dateTime": "2025-08-12T22:18:54.358Z", "eventType": "delete.backward", "fullPath": "/main.py", "details": {"fromA": 18, "toA": 19, "fromB": 18, "toB": 18, "inserted": [""]}}
{"dateTime": "2025-08-12T22:18:54.871Z", "eventType": "input.type", "fullPath": "/main.py", "details": {"fromA": 18, "toA": 18, "fromB": 18, "toB": 19, "inserted": ["A"]}}
{"dateTime": "2025-08-12T22:18:56.663Z", "eventType": "input.type", "fullPath": "/main.py", "details": {"fromA": 19, "toA": 19, "fromB": 19, "toB": 20, "inserted": ["d"]}}
{"dateTime": "2025-08-12T22:18:56.871Z", "eventType": "input.type", "fullPath": "/main.py", "details": {"fromA": 20, "toA": 20, "fromB": 20, "toB": 21, "inserted": ["a"]}}
{"dateTime": "2025-08-12T22:18:57.095Z", "eventType": "input.type", "fullPath": "/main.py", "details": {"fromA": 21, "toA": 21, "fromB": 21, "toB": 22, "inserted": [" "]}}
{"dateTime": "2025-08-12T22:18:57.527Z", "eventType": "input.type", "fullPath": "/main.py", "details": {"fromA": 22, "toA": 22, "fromB": 22, "toB": 23, "inserted": ["B"]}}
{"dateTime": "2025-08-12T22:18:57.975Z", "eventType": "input.type", "fullPath": "/main.py", "details": {"fromA": 23, "toA": 23, "fromB": 23, "toB": 24, "inserted": ["r"]}}
{"dateTime": "2025-08-12T22:18:59.830Z", "eventType": "delete.backward", "fullPath": "/main.py", "details": {"fromA": 23, "toA": 24, "fromB": 23, "toB": 23, "inserted": [""]}}
{"dateTime": "2025-08-12T22:19:00.311Z", "eventType": "input.type", "fullPath": "/main.py", "details": {"fromA": 23, "toA": 23, "fromB": 23, "toB": 24, "inserted": ["y"]}}
{"dateTime": "2025-08-12T22:19:01.735Z", "eventType": "input.type", "fullPath": "/main.py", "details": {"fromA": 24, "toA": 24, "fromB": 24, "toB": 25, "inserted": ["r"]}}
{"dateTime": "2025-08-12T22:19:01.943Z", "eventType": "input.type", "fullPath": "/main.py", "details": {"fromA": 25, "toA": 25, "fromB": 25, "toB": 26, "inserted": ["o"]}}
{"dateTime": "2025-08-12T22:19:02.231Z", "eventType": "input.type", "fullPath": "/main.py", "details": {"fromA": 26, "toA": 26, "fromB": 26, "toB": 27, "inserted": ["n"]}}
{"dateTime": "2025-08-12T22:19:04.039Z", "eventType": "input.type", "fullPath": "/main.py", "details": {"fromA": 27, "toA": 27, "fromB": 27, "toB": 28, "inserted": [","]}}
{"dateTime": "2025-08-12T22:19:04.327Z", "eventType": "input.type", "fullPath": "/main.py", "details": {"fromA": 28, "toA": 28, "fromB": 28, "toB": 29, "inserted": [" "]}}
{"dateTime": "2025-08-12T22:19:04.535Z", "eventType": "input.type", "fullPath": "/main.py", "details": {"fromA": 29, "toA": 29, "fromB": 29, "toB": 30, "inserted": ["a"]}}
{"dateTime": "2025-08-12T22:19:04.759Z", "eventType": "input.type", "fullPath": "/main.py", "details": {"fromA": 30, "toA": 30, "fromB": 30, "toB": 31, "inserted": [" "]}}
{"dateTime": "2025-08-12T22:19:06.583Z", "eventType": "input.type", "fullPath": "/main.py", "details": {"fromA": 31, "toA": 31, "fromB": 31, "toB": 32, "inserted": ["C"]}}
{"dateTime": "2025-08-12T22:19:08.375Z", "eventType": "input.type", "fullPath": "/main.py", "details": {"fromA": 32, "toA": 32, "fromB": 32, "toB": 33, "inserted": [" "]}}
{"dateTime": "2025-08-12T22:19:09.702Z", "eventType": "delete.backward", "fullPath": "/main.py", "details": {"fromA": 32, "toA": 33, "fromB": 32, "toB": 32, "inserted": [""]}}
{"dateTime": "2025-08-12T22:19:10.071Z", "eventType": "input.type", "fullPath": "/main.py", "details": {"fromA": 32, "toA": 32, "fromB": 32, "toB": 33, "inserted": ["o"]}}
{"dateTime": "2025-08-12T22:19:10.611Z", "eventType": "input.type", "fullPath": "/main.py", "details": {"fromA": 33, "toA": 33, "fromB": 33, "toB": 34, "inserted": ["m"]}}
{"dateTime": "2025-08-12T22:19:11.015Z", "eventType": "input.type", "fullPath": "/main.py", "details": {"fromA": 34, "toA": 34, "fromB": 34, "toB": 35, "inserted": ["="]}}
{"dateTime": "2025-08-12T22:19:11.862Z", "eventType": "delete.backward", "fullPath": "/main.py", "details": {"fromA": 34, "toA": 35, "fromB": 34, "toB": 34, "inserted": [""]}}
{"dateTime": "2025-08-12T22:19:12.038Z", "eventType": "delete.backward", "fullPath": "/main.py", "details": {"fromA": 33, "toA": 34, "fromB": 33, "toB": 33, "inserted": [""]}}
{"dateTime": "2025-08-12T22:19:12.375Z", "eventType": "input.type", "fullPath": "/main.py", "details": {"fromA": 33, "toA": 33, "fromB": 33, "toB": 34, "inserted": ["n"]}}
{"dateTime": "2025-08-12T22:19:14.167Z", "eventType": "input.type", "fullPath": "/main.py", "details": {"fromA": 34, "toA": 34, "fromB": 34, "toB": 35, "inserted": ["d"]}}
{"dateTime": "2025-08-12T22:19:14.471Z", "eventType": "input.type", "fullPath": "/main.py", "details": {"fromA": 35, "toA": 35, "fromB": 35, "toB": 36, "inserted": ["e"]}}
{"dateTime": "2025-08-12T22:19:14.727Z", "eventType": "input.type", "fullPath": "/main.py", "details": {"fromA": 36, "toA": 36, "fromB": 36, "toB": 37, "inserted": ["s"]}}
{"dateTime": "2025-08-12T22:19:14.999Z", "eventType": "input.type", "fullPath": "/main.py", "details": {"fromA": 37, "toA": 37, "fromB": 37, "toB": 38, "inserted": ["s"]}}
{"dateTime": "2025-08-12T22:19:15.239Z", "eventType": "input.type", "fullPath": "/main.py", "details": {"fromA": 38, "toA": 38, "fromB": 38, "toB": 39, "inserted": ["a"]}}
{"dateTime": "2025-08-12T22:19:15.511Z", "eventType": "input.type", "fullPath": "/main.py", "details": {"fromA": 39, "toA": 39, "fromB": 39, "toB": 40, "inserted": [" "]}}
{"dateTime": "2025-08-12T22:19:16.487Z", "eventType": "input.type", "fullPath": "/main.py", "details": {"fromA": 40, "toA": 40, "fromB": 40, "toB": 41, "inserted": ["d"]}}
{"dateTime": "2025-08-12T22:19:16.727Z", "eventType": "input.type", "fullPath": "/main.py", "details": {"fromA": 41, "toA": 41, "fromB": 41, "toB": 42, "inserted": ["e"]}}
{"dateTime": "2025-08-12T22:19:17.015Z", "eventType": "input.type", "fullPath": "/main.py", "details": {"fromA": 42, "toA": 42, "fromB": 42, "toB": 43, "inserted": [" "]}}
{"dateTime": "2025-08-12T22:19:17.751Z", "eventType": "input.type", "fullPath": "/main.py", "details": {"fromA": 43, "toA": 43, "fromB": 43, "toB": 44, "inserted": ["L"]}}
{"dateTime": "2025-08-12T22:19:18.023Z", "eventType": "input.type", "fullPath": "/main.py", "details": {"fromA": 44, "toA": 44, "fromB": 44, "toB": 45, "inserted": ["o"]}}
{"dateTime": "2025-08-12T22:19:19.687Z", "eventType": "input.type", "fullPath": "/main.py", "details": {"fromA": 45, "toA": 45, "fromB": 45, "toB": 46, "inserted": ["v"]}}
{"dateTime": "2025-08-12T22:19:20.055Z", "eventType": "input.type", "fullPath": "/main.py", "details": {"fromA": 46, "toA": 46, "fromB": 46, "toB": 47, "inserted": ["e"]}}
{"dateTime": "2025-08-12T22:19:20.423Z", "eventType": "input.type", "fullPath": "/main.py", "details": {"fromA": 47, "toA": 47, "fromB": 47, "toB": 48, "inserted": ["l"]}}
{"dateTime": "2025-08-12T22:19:22.743Z", "eventType": "input.type", "fullPath": "/main.py", "details": {"fromA": 48, "toA": 48, "fromB": 48, "toB": 49, "inserted": ["a"]}}
{"dateTime": "2025-08-12T22:19:22.919Z", "eventType": "input.type", "fullPath": "/main.py", "details": {"fromA": 49, "toA": 49, "fromB": 49, "toB": 50, "inserted": ["c"]}}
{"dateTime": "2025-08-12T22:19:23.239Z", "eventType": "input.type", "fullPath": "/main.py", "details": {"fromA": 50, "toA": 50, "fromB": 50, "toB": 51, "inserted": ["e"]}}
{"dateTime": "2025-08-12T22:19:24.279Z", "eventType": "input.type", "fullPath": "/main.py", "details": {"fromA": 51, "toA": 51, "fromB": 51, "toB": 52, "inserted": [","]}}
{"dateTime": "2025-08-12T22:19:25.655Z", "eventType": "input.type", "fullPath": "/main.py", "details": {"fromA": 52, "toA": 52, "fromB": 52, "toB": 53, "inserted": [" "]}}
{"dateTime": "2025-08-12T22:19:27.623Z", "eventType": "input.type", "fullPath": "/main.py", "details": {"fromA": 53, "toA": 53, "fromB": 53, "toB": 54, "inserted": ["n"]}}
{"dateTime": "2025-08-12T22:19:27.783Z", "eventType": "input.type", "fullPath": "/main.py", "details": {"fromA": 54, "toA": 54, "fromB": 54, "toB": 55, "inserted": ["a"]}}
{"dateTime": "2025-08-12T22:19:28.023Z", "eventType": "input.type", "fullPath": "/main.py", "details": {"fromA": 55, "toA": 55, "fromB": 55, "toB": 56, "inserted": ["s"]}}
{"dateTime": "2025-08-12T22:19:28.343Z", "eventType": "input.type", "fullPath": "/main.py", "details": {"fromA": 56, "toA": 56, "fromB": 56, "toB": 57, "inserted": ["c"]}}
{"dateTime": "2025-08-12T22:19:28.532Z", "eventType": "input.type", "fullPath": "/main.py", "details": {"fromA": 57, "toA": 57, "fromB": 57, "toB": 58, "inserted": ["e"]}}
{"dateTime": "2025-08-12T22:19:28.739Z", "eventType": "input.type", "fullPath": "/main.py", "details": {"fromA": 58, "toA": 58, "fromB": 58, "toB": 59, "inserted": ["u"]}}
{"dateTime": "2025-08-12T22:19:29.591Z", "eventType": "input.type", "fullPath": "/main.py", "details": {"fromA": 59, "toA": 59, "fromB": 59, "toB": 60, "inserted": [" "]}}
{"dateTime": "2025-08-12T22:19:30.135Z", "eventType": "input.type", "fullPath": "/main.py", "details": {"fromA": 60, "toA": 60, "fromB": 60, "toB": 61, "inserted": ["e"]}}
{"dateTime": "2025-08-12T22:19:30.343Z", "eventType": "input.type", "fullPath": "/main.py", "details": {"fromA": 61, "toA": 61, "fromB": 61, "toB": 62, "inserted": ["m"]}}
{"dateTime": "2025-08-12T22:19:30.631Z", "eventType": "input.type", "fullPath": "/main.py", "details": {"fromA": 62, "toA": 62, "fromB": 62, "toB": 63, "inserted": [" "]}}
{"dateTime": "2025-08-12T22:19:30.823Z", "eventType": "input.type", "fullPath": "/main.py", "details": {"fromA": 63, "toA": 63, "fromB": 63, "toB": 64, "inserted": ["1"]}}
{"dateTime": "2025-08-12T22:19:31.287Z", "eventType": "input.type", "fullPath": "/main.py", "details": {"fromA": 64, "toA": 64, "fromB": 64, "toB": 65, "inserted": ["8"]}}
{"dateTime": "2025-08-12T22:19:33.335Z", "eventType": "input.type", "fullPath": "/main.py", "details": {"fromA": 65, "toA": 65, "fromB": 65, "toB": 66, "inserted": ["1"]}}
{"dateTime": "2025-08-12T22:19:34.311Z", "eventType": "input.type", "fullPath": "/main.py", "details": {"fromA": 66, "toA": 66, "fromB": 66, "toB": 67, "inserted": ["5"]}}
{"dateTime": "2025-08-12T22:19:35.831Z", "eventType": "input.type", "fullPath": "/main.py", "details": {"fromA": 67, "toA": 67, "fromB": 67, "toB": 68, "inserted": [","]}}
{"dateTime": "2025-08-12T22:19:36.087Z", "eventType": "input.type", "fullPath": "/main.py", "details": {"fromA": 68, "toA": 68, "fromB": 68, "toB": 69, "inserted": [" "]}}
{"dateTime": "2025-08-12T22:19:36.327Z", "eventType": "input.type", "fullPath": "/main.py", "details": {"fromA": 69, "toA": 69, "fromB": 69, "toB": 70, "inserted": ["n"]}}
{"dateTime": "2025-08-12T22:19:36.695Z", "eventType": "input.type", "fullPath": "/main.py", "details": {"fromA": 70, "toA": 70, "fromB": 70, "toB": 71, "inserted": ["a"]}}
{"dateTime": "2025-08-12T22:19:36.999Z", "eventType": "input.type", "fullPath": "/main.py", "details": {"fromA": 71, "toA": 71, "fromB": 71, "toB": 72, "inserted": [" "]}}
