== SUBMISSION (2025-08-19 19:43:54)
-- CODE: 
string = "Augusta Ada Byron, a Condessa de Lovelace, nasceu em 1815, na Inglaterra."
print(string .lower)
-- EXECUTION TIME: 
0.01
-- TEST CASE 1:
---- input:
xx
---- correct output:
augusta ada byron, a condessa de lovelace, nasceu em 1815, na inglaterra.
---- user output:
<built-in method lower of str object at 0x000001E26D0188B0>
-- TEST CASE 2:
---- input:
xx
---- correct output:
augusta ada byron, a condessa de lovelace, nasceu em 1815, na inglaterra.
---- user output:
<built-in method lower of str object at 0x00000203264688B0>
-- GRADE:
0%
*-*-*-*-*-*-*-*-*-*-*-*-*-*-*-*-*-*-*-*-*-*-*-*
== SUBMISSION (2025-08-19 19:44:33)
-- CODE: 
string = "Augusta Ada Byron, a Condessa de Lovelace, nasceu em 1815, na Inglaterra."
print(string .lower())
-- EXECUTION TIME: 
0.01
-- TEST CASE 1:
---- input:
xx
---- correct output:
augusta ada byron, a condessa de lovelace, nasceu em 1815, na inglaterra.
---- user output:
augusta ada byron, a condessa de lovelace, nasceu em 1815, na inglaterra.
-- TEST CASE 2:
---- input:
xx
---- correct output:
augusta ada byron, a condessa de lovelace, nasceu em 1815, na inglaterra.
---- user output:
augusta ada byron, a condessa de lovelace, nasceu em 1815, na inglaterra.
-- GRADE:
100%
*-*-*-*-*-*-*-*-*-*-*-*-*-*-*-*-*-*-*-*-*-*-*-*
