== RUN (2025-08-19 23:34:02)
-- CODE: 
from math import *

lado = float(input("Digite quantidades de lados:"))

apotema = lado / (2 * tan(pi/5))
area = (5/2) * lado * apotema 

print(round(area , 2))
-- EXECUTION TIME: 
0.0
-- TEST CASE 1:
---- input:
9
---- correct output:
139.36
---- user output:
Digite quantidades de lados:139.36
-- TEST CASE 2:
---- input:
6
---- correct output:
61.94
---- user output:
Digite quantidades de lados:61.94
-- TEST CASE 3:
---- input:
11
---- correct output:
208.18
---- user output:
Digite quantidades de lados:208.18
-- TEST CASE 4:
---- input:
8
---- correct output:
110.11
---- user output:
Digite quantidades de lados:110.11
-- TEST CASE 5:
---- input:
4
---- correct output:
27.53
---- user output:
Digite quantidades de lados:27.53
-- TEST CASE 6:
---- input:
10
---- correct output:
172.05
---- user output:
Digite quantidades de lados:172.05
*-*-*-*-*-*-*-*-*-*-*-*-*-*-*-*-*-*-*-*-*-*-*-*
== SUBMISSION (2025-08-19 23:34:40)
-- CODE: 
from math import *

lado = float(input("Digite quantidades de lados:"))

apotema = lado / (2 * tan(pi/5))
area = (5/2) * lado * apotema 

print(round(area , 2))
-- EXECUTION TIME: 
0.0133333
-- TEST CASE 1:
---- input:
9
---- correct output:
139.36
---- user output:
Digite quantidades de lados:139.36
-- TEST CASE 2:
---- input:
6
---- correct output:
61.94
---- user output:
Digite quantidades de lados:61.94
-- TEST CASE 3:
---- input:
11
---- correct output:
208.18
---- user output:
Digite quantidades de lados:208.18
-- TEST CASE 4:
---- input:
8
---- correct output:
110.11
---- user output:
Digite quantidades de lados:110.11
-- TEST CASE 5:
---- input:
4
---- correct output:
27.53
---- user output:
Digite quantidades de lados:27.53
-- TEST CASE 6:
---- input:
10
---- correct output:
172.05
---- user output:
Digite quantidades de lados:172.05
-- GRADE:
100%
*-*-*-*-*-*-*-*-*-*-*-*-*-*-*-*-*-*-*-*-*-*-*-*
