{"dateTime": "2025-08-20T22:38:06.866Z", "eventType": "focus", "fullPath": "/main.py"}
{"dateTime": "2025-08-20T22:38:06.869Z", "eventType": "select.pointer", "fullPath": "/main.py", "details": {"selection": {"from": 0, "to": 0}}}
{"dateTime": "2025-08-20T22:38:07.957Z", "eventType": "input.type", "fullPath": "/main.py", "details": {"fromA": 0, "toA": 0, "fromB": 0, "toB": 1, "inserted": ["p"]}}
{"dateTime": "2025-08-20T22:38:08.453Z", "eventType": "input.type", "fullPath": "/main.py", "details": {"fromA": 1, "toA": 1, "fromB": 1, "toB": 2, "inserted": ["r"]}}
{"dateTime": "2025-08-20T22:38:08.901Z", "eventType": "input.type", "fullPath": "/main.py", "details": {"fromA": 2, "toA": 2, "fromB": 2, "toB": 3, "inserted": ["i"]}}
{"dateTime": "2025-08-20T22:38:09.224Z", "eventType": "input.type", "fullPath": "/main.py", "details": {"fromA": 3, "toA": 3, "fromB": 3, "toB": 4, "inserted": ["n"]}}
{"dateTime": "2025-08-20T22:38:10.277Z", "eventType": "input.type", "fullPath": "/main.py", "details": {"fromA": 4, "toA": 4, "fromB": 4, "toB": 5, "inserted": ["t"]}}
{"dateTime": "2025-08-20T22:38:45.194Z", "eventType": "blur", "fullPath": "/main.py"}
{"dateTime": "2025-08-20T22:38:48.431Z", "eventType": "select.pointer", "fullPath": "/main.py", "details": {"selection": {"from": 5, "to": 5}}}
{"dateTime": "2025-08-20T22:39:10.804Z", "eventType": "input.type", "fullPath": "/main.py", "details": {"fromA": 5, "toA": 5, "fromB": 5, "toB": 7, "inserted": ["()"]}}
{"dateTime": "2025-08-20T22:39:12.692Z", "eventType": "input.type", "fullPath": "/main.py", "details": {"fromA": 6, "toA": 6, "fromB": 6, "toB": 7, "inserted": ["5"]}}
{"dateTime": "2025-08-20T22:39:12.964Z", "eventType": "input.type", "fullPath": "/main.py", "details": {"fromA": 7, "toA": 7, "fromB": 7, "toB": 8, "inserted": ["0"]}}
{"dateTime": "2025-08-20T22:39:15.220Z", "eventType": "input.type", "fullPath": "/main.py", "details": {"fromA": 8, "toA": 8, "fromB": 8, "toB": 9, "inserted": ["/"]}}
{"dateTime": "2025-08-20T22:39:16.387Z", "eventType": "input.type", "fullPath": "/main.py", "details": {"fromA": 9, "toA": 9, "fromB": 9, "toB": 10, "inserted": ["3"]}}
{"dateTime": "2025-08-20T22:39:17.267Z", "eventType": "input.type", "fullPath": "/main.py", "details": {"fromA": 10, "toA": 11, "fromB": 10, "toB": 11, "inserted": [")"]}}
{"dateTime": "2025-08-20T22:39:17.844Z", "eventType": "input", "fullPath": "/main.py", "details": {"fromA": 11, "toA": 11, "fromB": 11, "toB": 12, "inserted": ["", ""]}}
{"dateTime": "2025-08-20T22:39:18.836Z", "eventType": "input.type", "fullPath": "/main.py", "details": {"fromA": 12, "toA": 12, "fromB": 12, "toB": 13, "inserted": ["p"]}}
{"dateTime": "2025-08-20T22:39:19.541Z", "eventType": "input.type", "fullPath": "/main.py", "details": {"fromA": 13, "toA": 13, "fromB": 13, "toB": 14, "inserted": ["r"]}}
{"dateTime": "2025-08-20T22:39:19.767Z", "eventType": "input.type", "fullPath": "/main.py", "details": {"fromA": 14, "toA": 14, "fromB": 14, "toB": 15, "inserted": ["i"]}}
{"dateTime": "2025-08-20T22:39:20.085Z", "eventType": "input.type", "fullPath": "/main.py", "details": {"fromA": 15, "toA": 15, "fromB": 15, "toB": 16, "inserted": ["n"]}}
{"dateTime": "2025-08-20T22:39:20.406Z", "eventType": "input.type", "fullPath": "/main.py", "details": {"fromA": 16, "toA": 16, "fromB": 16, "toB": 17, "inserted": ["t"]}}
{"dateTime": "2025-08-20T22:39:22.591Z", "eventType": "input.type", "fullPath": "/main.py", "details": {"fromA": 17, "toA": 17, "fromB": 17, "toB": 19, "inserted": ["()"]}}
{"dateTime": "2025-08-20T22:39:23.855Z", "eventType": "input.type", "fullPath": "/main.py", "details": {"fromA": 18, "toA": 18, "fromB": 18, "toB": 19, "inserted": ["5"]}}
{"dateTime": "2025-08-20T22:39:24.084Z", "eventType": "input.type", "fullPath": "/main.py", "details": {"fromA": 19, "toA": 19, "fromB": 19, "toB": 20, "inserted": ["0"]}}
{"dateTime": "2025-08-20T22:39:25.124Z", "eventType": "input.type", "fullPath": "/main.py", "details": {"fromA": 20, "toA": 20, "fromB": 20, "toB": 21, "inserted": ["/"]}}
{"dateTime": "2025-08-20T22:39:26.180Z", "eventType": "input.type", "fullPath": "/main.py", "details": {"fromA": 21, "toA": 21, "fromB": 21, "toB": 22, "inserted": ["3"]}}
{"dateTime": "2025-08-20T22:39:27.874Z", "eventType": "delete.backward", "fullPath": "/main.py", "details": {"fromA": 21, "toA": 22, "fromB": 21, "toB": 21, "inserted": [""]}}
{"dateTime": "2025-08-20T22:39:31.763Z", "eventType": "input.type", "fullPath": "/main.py", "details": {"fromA": 21, "toA": 21, "fromB": 21, "toB": 22, "inserted": ["/"]}}
{"dateTime": "2025-08-20T22:39:32.292Z", "eventType": "input.type", "fullPath": "/main.py", "details": {"fromA": 22, "toA": 22, "fromB": 22, "toB": 23, "inserted": ["3"]}}
{"dateTime": "2025-08-20T22:39:37.924Z", "eventType": "input.type", "fullPath": "/main.py", "details": {"fromA": 23, "toA": 23, "fromB": 23, "toB": 24, "inserted": [" "]}}
{"dateTime": "2025-08-20T22:39:40.964Z", "eventType": "input.type", "fullPath": "/main.py", "details": {"fromA": 24, "toA": 24, "fromB": 24, "toB": 25, "inserted": ["%"]}}
{"dateTime": "2025-08-20T22:39:44.084Z", "eventType": "input.type", "fullPath": "/main.py", "details": {"fromA": 25, "toA": 25, "fromB": 25, "toB": 26, "inserted": ["1"]}}
{"dateTime": "2025-08-20T22:39:45.683Z", "eventType": "input.type", "fullPath": "/main.py", "details": {"fromA": 26, "toA": 27, "fromB": 26, "toB": 27, "inserted": [")"]}}
{"dateTime": "2025-08-20T22:39:45.844Z", "eventType": "input", "fullPath": "/main.py", "details": {"fromA": 27, "toA": 27, "fromB": 27, "toB": 28, "inserted": ["", ""]}}
{"dateTime": "2025-08-20T22:39:46.708Z", "eventType": "delete.backward", "fullPath": "/main.py", "details": {"fromA": 27, "toA": 28, "fromB": 27, "toB": 27, "inserted": [""]}}
{"dateTime": "2025-08-20T22:39:47.029Z", "eventType": "input", "fullPath": "/main.py", "details": {"fromA": 27, "toA": 27, "fromB": 27, "toB": 28, "inserted": ["", ""]}}
{"dateTime": "2025-08-20T22:39:47.876Z", "eventType": "delete.backward", "fullPath": "/main.py", "details": {"fromA": 27, "toA": 28, "fromB": 27, "toB": 27, "inserted": [""]}}
{"dateTime": "2025-08-20T22:39:49.671Z", "eventType": "blur", "fullPath": "/main.py"}
{"dateTime": "2025-08-20T22:39:50.129Z", "eventType": "submission", "details": {"correctness": 0, "commit": "28fdda9df6aab3ce19fed4f86f1c994f0b5b21d4", "executionTime": 0.01}}
{"dateTime": "2025-08-20T22:39:52.514Z", "eventType": "focus", "fullPath": "/main.py"}
{"dateTime": "2025-08-20T22:39:52.517Z", "eventType": "select.pointer", "fullPath": "/main.py", "details": {"selection": {"from": 27, "to": 27}}}
{"dateTime": "2025-08-20T22:39:53.332Z", "eventType": "delete.backward", "fullPath": "/main.py", "details": {"fromA": 26, "toA": 27, "fromB": 26, "toB": 26, "inserted": [""]}}
{"dateTime": "2025-08-20T22:39:53.507Z", "eventType": "delete.backward", "fullPath": "/main.py", "details": {"fromA": 25, "toA": 26, "fromB": 25, "toB": 25, "inserted": [""]}}
{"dateTime": "2025-08-20T22:39:53.682Z", "eventType": "delete.backward", "fullPath": "/main.py", "details": {"fromA": 24, "toA": 25, "fromB": 24, "toB": 24, "inserted": [""]}}
{"dateTime": "2025-08-20T22:39:54.183Z", "eventType": "delete.backward", "fullPath": "/main.py", "details": {"fromA": 23, "toA": 24, "fromB": 23, "toB": 23, "inserted": [""]}}
{"dateTime": "2025-08-20T22:39:54.233Z", "eventType": "delete.backward", "fullPath": "/main.py", "details": {"fromA": 22, "toA": 23, "fromB": 22, "toB": 22, "inserted": [""]}}
{"dateTime": "2025-08-20T22:39:54.280Z", "eventType": "delete.backward", "fullPath": "/main.py", "details": {"fromA": 21, "toA": 22, "fromB": 21, "toB": 21, "inserted": [""]}}
{"dateTime": "2025-08-20T22:39:54.335Z", "eventType": "delete.backward", "fullPath": "/main.py", "details": {"fromA": 20, "toA": 21, "fromB": 20, "toB": 20, "inserted": [""]}}
{"dateTime": "2025-08-20T22:39:54.386Z", "eventType": "delete.backward", "fullPath": "/main.py", "details": {"fromA": 19, "toA": 20, "fromB": 19, "toB": 19, "inserted": [""]}}
{"dateTime": "2025-08-20T22:39:54.802Z", "eventType": "delete.backward", "fullPath": "/main.py", "details": {"fromA": 18, "toA": 19, "fromB": 18, "toB": 18, "inserted": [""]}}
{"dateTime": "2025-08-20T22:39:55.299Z", "eventType": "delete.backward", "fullPath": "/main.py", "details": {"fromA": 17, "toA": 18, "fromB": 17, "toB": 17, "inserted": [""]}}
{"dateTime": "2025-08-20T22:39:55.827Z", "eventType": "delete.backward", "fullPath": "/main.py", "details": {"fromA": 16, "toA": 17, "fromB": 16, "toB": 16, "inserted": [""]}}
{"dateTime": "2025-08-20T22:39:56.051Z", "eventType": "delete.backward", "fullPath": "/main.py", "details": {"fromA": 15, "toA": 16, "fromB": 15, "toB": 15, "inserted": [""]}}
{"dateTime": "2025-08-20T22:39:56.244Z", "eventType": "delete.backward", "fullPath": "/main.py", "details": {"fromA": 14, "toA": 15, "fromB": 14, "toB": 14, "inserted": [""]}}
{"dateTime": "2025-08-20T22:39:56.387Z", "eventType": "delete.backward", "fullPath": "/main.py", "details": {"fromA": 13, "toA": 14, "fromB": 13, "toB": 13, "inserted": [""]}}
{"dateTime": "2025-08-20T22:39:56.530Z", "eventType": "delete.backward", "fullPath": "/main.py", "details": {"fromA": 12, "toA": 13, "fromB": 12, "toB": 12, "inserted": [""]}}
{"dateTime": "2025-08-20T22:39:56.756Z", "eventType": "delete.backward", "fullPath": "/main.py", "details": {"fromA": 11, "toA": 12, "fromB": 11, "toB": 11, "inserted": [""]}}
{"dateTime": "2025-08-20T22:39:56.946Z", "eventType": "delete.backward", "fullPath": "/main.py", "details": {"fromA": 10, "toA": 11, "fromB": 10, "toB": 10, "inserted": [""]}}
{"dateTime": "2025-08-20T22:39:57.667Z", "eventType": "delete.backward", "fullPath": "/main.py", "details": {"fromA": 9, "toA": 10, "fromB": 9, "toB": 9, "inserted": [""]}}
{"dateTime": "2025-08-20T22:40:18.980Z", "eventType": "blur", "fullPath": "/main.py"}
{"dateTime": "2025-08-20T22:40:37.922Z", "eventType": "focus", "fullPath": "/main.py"}
{"dateTime": "2025-08-20T22:40:37.924Z", "eventType": "select.pointer", "fullPath": "/main.py", "details": {"selection": {"from": 9, "to": 9}}}
{"dateTime": "2025-08-20T22:48:39.162Z", "eventType": "focus", "fullPath": "/main.py"}
{"dateTime": "2025-08-20T22:48:39.164Z", "eventType": "select.pointer", "fullPath": "/main.py", "details": {"selection": {"from": 9, "to": 9}}}
{"dateTime": "2025-08-20T22:48:42.162Z", "eventType": "blur", "fullPath": "/main.py"}
{"dateTime": "2025-08-20T22:48:55.500Z", "eventType": "input.type", "fullPath": "/main.py", "details": {"fromA": 18, "toA": 18, "fromB": 18, "toB": 20, "inserted": ["()"]}}
{"dateTime": "2025-08-20T22:48:56.430Z", "eventType": "input.type", "fullPath": "/main.py", "details": {"fromA": 19, "toA": 19, "fromB": 19, "toB": 20, "inserted": ["5"]}}
{"dateTime": "2025-08-20T22:48:56.685Z", "eventType": "input.type", "fullPath": "/main.py", "details": {"fromA": 20, "toA": 20, "fromB": 20, "toB": 21, "inserted": ["0"]}}
{"dateTime": "2025-08-20T22:48:58.588Z", "eventType": "input.type", "fullPath": "/main.py", "details": {"fromA": 21, "toA": 21, "fromB": 21, "toB": 22, "inserted": ["%"]}}
{"dateTime": "2025-08-20T22:48:59.692Z", "eventType": "input.type", "fullPath": "/main.py", "details": {"fromA": 22, "toA": 22, "fromB": 22, "toB": 23, "inserted": ["3"]}}
{"dateTime": "2025-08-20T22:49:00.556Z", "eventType": "input.type", "fullPath": "/main.py", "details": {"fromA": 23, "toA": 24, "fromB": 23, "toB": 24, "inserted": [")"]}}
{"dateTime": "2025-08-20T22:49:03.492Z", "eventType": "blur", "fullPath": "/main.py"}
{"dateTime": "2025-08-20T22:49:03.834Z", "eventType": "run", "details": {"commit": "12fd500d9a52a514ed8a0909f65c00afdcd5115a"}}
{"dateTime": "2025-08-20T22:49:05.790Z", "eventType": "submission", "details": {"correctness": 1, "commit": "12fd500d9a52a514ed8a0909f65c00afdcd5115a", "executionTime": 0.01}}
{"dateTime": "2025-08-20T22:49:59.633Z", "eventType": "focus", "fullPath": "/main.py"}
{"dateTime": "2025-08-20T22:49:59.635Z", "eventType": "select.pointer", "fullPath": "/main.py", "details": {"selection": {"from": 9, "to": 9}}}
{"dateTime": "2025-08-20T22:50:01.620Z", "eventType": "input.type", "fullPath": "/main.py", "details": {"fromA": 9, "toA": 9, "fromB": 9, "toB": 10, "inserted": ["/"]}}
{"dateTime": "2025-08-20T22:50:02.483Z", "eventType": "input.type", "fullPath": "/main.py", "details": {"fromA": 10, "toA": 10, "fromB": 10, "toB": 11, "inserted": ["3"]}}
{"dateTime": "2025-08-20T22:50:03.715Z", "eventType": "input.type", "fullPath": "/main.py", "details": {"fromA": 11, "toA": 11, "fromB": 11, "toB": 12, "inserted": [")"]}}
{"dateTime": "2025-08-20T22:50:03.977Z", "eventType": "input", "fullPath": "/main.py", "details": {"fromA": 12, "toA": 12, "fromB": 12, "toB": 13, "inserted": ["", ""]}}
{"dateTime": "2025-08-20T22:50:06.051Z", "eventType": "input.type", "fullPath": "/main.py", "details": {"fromA": 13, "toA": 13, "fromB": 13, "toB": 14, "inserted": ["p"]}}
{"dateTime": "2025-08-20T22:50:06.388Z", "eventType": "input.type", "fullPath": "/main.py", "details": {"fromA": 14, "toA": 14, "fromB": 14, "toB": 15, "inserted": ["r"]}}
{"dateTime": "2025-08-20T22:50:06.660Z", "eventType": "input.type", "fullPath": "/main.py", "details": {"fromA": 15, "toA": 15, "fromB": 15, "toB": 16, "inserted": ["i"]}}
{"dateTime": "2025-08-20T22:50:06.968Z", "eventType": "input.type", "fullPath": "/main.py", "details": {"fromA": 16, "toA": 16, "fromB": 16, "toB": 17, "inserted": ["n"]}}
{"dateTime": "2025-08-20T22:50:07.223Z", "eventType": "input.type", "fullPath": "/main.py", "details": {"fromA": 17, "toA": 17, "fromB": 17, "toB": 18, "inserted": ["t"]}}
