== SUBMISSION (2025-08-13 03:07:34)
-- CODE: 
print(180/4)
-- EXECUTION TIME: 
0.01
-- TEST CASE 1:
---- input:
xx
---- correct output:
45.0
---- user output:
45.0
-- TEST CASE 2:
---- input:
x
---- correct output:
45.0
---- user output:
45.0
-- GRADE:
100%
*-*-*-*-*-*-*-*-*-*-*-*-*-*-*-*-*-*-*-*-*-*-*-*
== SUBMISSION (2025-08-13 03:07:42)
-- CODE: 
print(180/4)
-- EXECUTION TIME: 
0.01
-- TEST CASE 1:
---- input:
xx
---- correct output:
45.0
---- user output:
45.0
-- TEST CASE 2:
---- input:
x
---- correct output:
45.0
---- user output:
45.0
-- GRADE:
100%
*-*-*-*-*-*-*-*-*-*-*-*-*-*-*-*-*-*-*-*-*-*-*-*
== RUN (2025-08-13 03:07:33)
-- CODE: 
print(180/4)
-- EXECUTION TIME: 
0.0
-- TEST CASE 1:
---- input:
xx
---- correct output:
45.0
---- user output:
45.0
-- TEST CASE 2:
---- input:
x
---- correct output:
45.0
---- user output:
45.0
*-*-*-*-*-*-*-*-*-*-*-*-*-*-*-*-*-*-*-*-*-*-*-*
== RUN (2025-08-13 03:07:39)
-- CODE: 
print(180/4)
-- EXECUTION TIME: 
0.0
-- TEST CASE 1:
---- input:
xx
---- correct output:
45.0
---- user output:
45.0
-- TEST CASE 2:
---- input:
x
---- correct output:
45.0
---- user output:
45.0
*-*-*-*-*-*-*-*-*-*-*-*-*-*-*-*-*-*-*-*-*-*-*-*
