{"dateTime": "2025-08-12T00:16:10.286Z", "eventType": "focus", "fullPath": "/main.py"}
{"dateTime": "2025-08-12T00:16:10.288Z", "eventType": "select.pointer", "fullPath": "/main.py", "details": {"selection": {"from": 108, "to": 108}}}
{"dateTime": "2025-08-12T00:16:11.088Z", "eventType": "input.type", "fullPath": "/main.py", "details": {"fromA": 108, "toA": 108, "fromB": 108, "toB": 109, "inserted": ["i"]}}
{"dateTime": "2025-08-12T00:16:11.169Z", "eventType": "input.type", "fullPath": "/main.py", "details": {"fromA": 109, "toA": 109, "fromB": 109, "toB": 110, "inserted": ["n"]}}
{"dateTime": "2025-08-12T00:16:11.294Z", "eventType": "input.type", "fullPath": "/main.py", "details": {"fromA": 110, "toA": 110, "fromB": 110, "toB": 111, "inserted": ["p"]}}
{"dateTime": "2025-08-12T00:16:11.444Z", "eventType": "input.type", "fullPath": "/main.py", "details": {"fromA": 111, "toA": 111, "fromB": 111, "toB": 112, "inserted": ["u"]}}
{"dateTime": "2025-08-12T00:16:11.540Z", "eventType": "input.type", "fullPath": "/main.py", "details": {"fromA": 112, "toA": 112, "fromB": 112, "toB": 113, "inserted": ["t"]}}
{"dateTime": "2025-08-12T00:16:11.786Z", "eventType": "input.type", "fullPath": "/main.py", "details": {"fromA": 113, "toA": 113, "fromB": 113, "toB": 115, "inserted": ["()"]}}
{"dateTime": "2025-08-12T00:16:12.431Z", "eventType": "input.type", "fullPath": "/main.py", "details": {"fromA": 114, "toA": 114, "fromB": 114, "toB": 115, "inserted": ["D"]}}
{"dateTime": "2025-08-12T00:16:12.615Z", "eventType": "input.type", "fullPath": "/main.py", "details": {"fromA": 115, "toA": 115, "fromB": 115, "toB": 116, "inserted": ["i"]}}
{"dateTime": "2025-08-12T00:16:12.694Z", "eventType": "input.type", "fullPath": "/main.py", "details": {"fromA": 116, "toA": 116, "fromB": 116, "toB": 117, "inserted": ["g"]}}
{"dateTime": "2025-08-12T00:16:12.805Z", "eventType": "input.type", "fullPath": "/main.py", "details": {"fromA": 117, "toA": 117, "fromB": 117, "toB": 118, "inserted": ["i"]}}
{"dateTime": "2025-08-12T00:16:12.928Z", "eventType": "input.type", "fullPath": "/main.py", "details": {"fromA": 118, "toA": 118, "fromB": 118, "toB": 119, "inserted": ["t"]}}
{"dateTime": "2025-08-12T00:16:12.991Z", "eventType": "input.type", "fullPath": "/main.py", "details": {"fromA": 119, "toA": 119, "fromB": 119, "toB": 120, "inserted": ["e"]}}
{"dateTime": "2025-08-12T00:16:13.454Z", "eventType": "delete.backward", "fullPath": "/main.py", "details": {"fromA": 119, "toA": 120, "fromB": 119, "toB": 119, "inserted": [""]}}
{"dateTime": "2025-08-12T00:16:13.582Z", "eventType": "delete.backward", "fullPath": "/main.py", "details": {"fromA": 118, "toA": 119, "fromB": 118, "toB": 118, "inserted": [""]}}
{"dateTime": "2025-08-12T00:16:13.725Z", "eventType": "delete.backward", "fullPath": "/main.py", "details": {"fromA": 117, "toA": 118, "fromB": 117, "toB": 117, "inserted": [""]}}
{"dateTime": "2025-08-12T00:16:13.821Z", "eventType": "delete.backward", "fullPath": "/main.py", "details": {"fromA": 116, "toA": 117, "fromB": 116, "toB": 116, "inserted": [""]}}
{"dateTime": "2025-08-12T00:16:13.965Z", "eventType": "delete.backward", "fullPath": "/main.py", "details": {"fromA": 115, "toA": 116, "fromB": 115, "toB": 115, "inserted": [""]}}
{"dateTime": "2025-08-12T00:16:14.125Z", "eventType": "delete.backward", "fullPath": "/main.py", "details": {"fromA": 114, "toA": 115, "fromB": 114, "toB": 114, "inserted": [""]}}
{"dateTime": "2025-08-12T00:16:14.353Z", "eventType": "input.type", "fullPath": "/main.py", "details": {"fromA": 114, "toA": 114, "fromB": 114, "toB": 116, "inserted": ["\"\""]}}
{"dateTime": "2025-08-12T00:16:14.814Z", "eventType": "input.type", "fullPath": "/main.py", "details": {"fromA": 115, "toA": 115, "fromB": 115, "toB": 116, "inserted": ["D"]}}
{"dateTime": "2025-08-12T00:16:15.037Z", "eventType": "input.type", "fullPath": "/main.py", "details": {"fromA": 116, "toA": 116, "fromB": 116, "toB": 117, "inserted": ["g"]}}
{"dateTime": "2025-08-12T00:16:15.405Z", "eventType": "delete.backward", "fullPath": "/main.py", "details": {"fromA": 116, "toA": 117, "fromB": 116, "toB": 116, "inserted": [""]}}
{"dateTime": "2025-08-12T00:16:15.546Z", "eventType": "input.type", "fullPath": "/main.py", "details": {"fromA": 116, "toA": 116, "fromB": 116, "toB": 117, "inserted": ["i"]}}
{"dateTime": "2025-08-12T00:16:15.630Z", "eventType": "input.type", "fullPath": "/main.py", "details": {"fromA": 117, "toA": 117, "fromB": 117, "toB": 118, "inserted": ["g"]}}
{"dateTime": "2025-08-12T00:16:15.711Z", "eventType": "input.type", "fullPath": "/main.py", "details": {"fromA": 118, "toA": 118, "fromB": 118, "toB": 119, "inserted": ["i"]}}
{"dateTime": "2025-08-12T00:16:15.822Z", "eventType": "input.type", "fullPath": "/main.py", "details": {"fromA": 119, "toA": 119, "fromB": 119, "toB": 120, "inserted": ["t"]}}
{"dateTime": "2025-08-12T00:16:15.903Z", "eventType": "input.type", "fullPath": "/main.py", "details": {"fromA": 120, "toA": 120, "fromB": 120, "toB": 121, "inserted": ["e"]}}
{"dateTime": "2025-08-12T00:16:16.046Z", "eventType": "input.type", "fullPath": "/main.py", "details": {"fromA": 121, "toA": 121, "fromB": 121, "toB": 122, "inserted": [" "]}}
{"dateTime": "2025-08-12T00:16:16.255Z", "eventType": "input.type", "fullPath": "/main.py", "details": {"fromA": 122, "toA": 122, "fromB": 122, "toB": 123, "inserted": ["u"]}}
{"dateTime": "2025-08-12T00:16:16.494Z", "eventType": "input.type", "fullPath": "/main.py", "details": {"fromA": 123, "toA": 123, "fromB": 123, "toB": 124, "inserted": ["m"]}}
{"dateTime": "2025-08-12T00:16:16.590Z", "eventType": "input.type", "fullPath": "/main.py", "details": {"fromA": 124, "toA": 124, "fromB": 124, "toB": 125, "inserted": [" "]}}
{"dateTime": "2025-08-12T00:16:16.878Z", "eventType": "input.type", "fullPath": "/main.py", "details": {"fromA": 125, "toA": 125, "fromB": 125, "toB": 126, "inserted": ["n"]}}
{"dateTime": "2025-08-12T00:16:17.869Z", "eventType": "delete.backward", "fullPath": "/main.py", "details": {"fromA": 125, "toA": 126, "fromB": 125, "toB": 125, "inserted": [""]}}
{"dateTime": "2025-08-12T00:16:18.014Z", "eventType": "delete.backward", "fullPath": "/main.py", "details": {"fromA": 124, "toA": 125, "fromB": 124, "toB": 124, "inserted": [""]}}
{"dateTime": "2025-08-12T00:16:18.173Z", "eventType": "delete.backward", "fullPath": "/main.py", "details": {"fromA": 123, "toA": 124, "fromB": 123, "toB": 123, "inserted": [""]}}
{"dateTime": "2025-08-12T00:16:18.316Z", "eventType": "delete.backward", "fullPath": "/main.py", "details": {"fromA": 122, "toA": 123, "fromB": 122, "toB": 122, "inserted": [""]}}
{"dateTime": "2025-08-12T00:16:18.511Z", "eventType": "input.type", "fullPath": "/main.py", "details": {"fromA": 122, "toA": 122, "fromB": 122, "toB": 123, "inserted": ["o"]}}
{"dateTime": "2025-08-12T00:16:18.606Z", "eventType": "input.type", "fullPath": "/main.py", "details": {"fromA": 123, "toA": 123, "fromB": 123, "toB": 124, "inserted": [" "]}}
{"dateTime": "2025-08-12T00:16:18.799Z", "eventType": "input.type", "fullPath": "/main.py", "details": {"fromA": 124, "toA": 124, "fromB": 124, "toB": 125, "inserted": ["n"]}}
{"dateTime": "2025-08-12T00:16:18.863Z", "eventType": "input.type", "fullPath": "/main.py", "details": {"fromA": 125, "toA": 125, "fromB": 125, "toB": 126, "inserted": ["u"]}}
{"dateTime": "2025-08-12T00:16:18.991Z", "eventType": "input.type", "fullPath": "/main.py", "details": {"fromA": 126, "toA": 126, "fromB": 126, "toB": 127, "inserted": ["m"]}}
{"dateTime": "2025-08-12T00:16:19.102Z", "eventType": "input.type", "fullPath": "/main.py", "details": {"fromA": 127, "toA": 127, "fromB": 127, "toB": 128, "inserted": ["e"]}}
{"dateTime": "2025-08-12T00:16:19.151Z", "eventType": "input.type", "fullPath": "/main.py", "details": {"fromA": 128, "toA": 128, "fromB": 128, "toB": 129, "inserted": ["r"]}}
{"dateTime": "2025-08-12T00:16:19.230Z", "eventType": "input.type", "fullPath": "/main.py", "details": {"fromA": 129, "toA": 129, "fromB": 129, "toB": 130, "inserted": ["o"]}}
{"dateTime": "2025-08-12T00:16:19.534Z", "eventType": "input.type", "fullPath": "/main.py", "details": {"fromA": 130, "toA": 130, "fromB": 130, "toB": 131, "inserted": [":"]}}
{"dateTime": "2025-08-12T00:16:19.742Z", "eventType": "input.type", "fullPath": "/main.py", "details": {"fromA": 131, "toA": 131, "fromB": 131, "toB": 132, "inserted": [" "]}}
{"dateTime": "2025-08-12T00:16:20.398Z", "eventType": "select", "fullPath": "/main.py", "details": {"selection": {"from": 136, "to": 136}}}
{"dateTime": "2025-08-12T00:16:20.541Z", "eventType": "select", "fullPath": "/main.py", "details": {"selection": {"from": 167, "to": 167}}}
{"dateTime": "2025-08-12T00:16:21.838Z", "eventType": "select", "fullPath": "/main.py", "details": {"selection": {"from": 175, "to": 175}}}
{"dateTime": "2025-08-12T00:16:24.983Z", "eventType": "select.pointer", "fullPath": "/main.py", "details": {"selection": {"from": 174, "to": 174}}}
{"dateTime": "2025-08-12T00:16:25.711Z", "eventType": "input.type", "fullPath": "/main.py", "details": {"fromA": 174, "toA": 174, "fromB": 174, "toB": 175, "inserted": ["2"]}}
{"dateTime": "2025-08-12T00:16:25.999Z", "eventType": "input.type", "fullPath": "/main.py", "details": {"fromA": 175, "toA": 175, "fromB": 175, "toB": 176, "inserted": ["*"]}}
{"dateTime": "2025-08-12T00:16:26.238Z", "eventType": "input.type", "fullPath": "/main.py", "details": {"fromA": 176, "toA": 176, "fromB": 176, "toB": 177, "inserted": ["n"]}}
{"dateTime": "2025-08-12T00:16:26.334Z", "eventType": "input.type", "fullPath": "/main.py", "details": {"fromA": 177, "toA": 177, "fromB": 177, "toB": 178, "inserted": ["u"]}}
{"dateTime": "2025-08-12T00:16:26.430Z", "eventType": "input.type", "fullPath": "/main.py", "details": {"fromA": 178, "toA": 178, "fromB": 178, "toB": 179, "inserted": ["m"]}}
{"dateTime": "2025-08-12T00:16:27.944Z", "eventType": "blur", "fullPath": "/main.py"}
{"dateTime": "2025-08-12T00:16:28.395Z", "eventType": "submission", "details": {"correctness": 1, "commit": "98d8433422294eb0582d4b21e65a9b6f7f8afeba", "executionTime": 0.01}}
