{"dateTime": "2025-08-19T20:27:13.731Z", "eventType": "submission", "details": {"correctness": 1, "commit": "bd614b04fd1bf2ea28c662d897aac5b98386d6e1", "executionTime": 0.01}}
{"dateTime": "2025-08-19T20:27:17.256Z", "eventType": "run", "details": {"commit": "bd614b04fd1bf2ea28c662d897aac5b98386d6e1"}}
{"dateTime": "2025-08-19T20:28:46.719Z", "eventType": "focus", "fullPath": "/main.py"}
{"dateTime": "2025-08-19T20:28:46.721Z", "eventType": "select.pointer", "fullPath": "/main.py", "details": {"selection": {"from": 0, "to": 0}}}
{"dateTime": "2025-08-19T20:28:48.049Z", "eventType": "input.type", "fullPath": "/main.py", "details": {"fromA": 0, "toA": 0, "fromB": 0, "toB": 1, "inserted": ["a"]}}
{"dateTime": "2025-08-19T20:28:48.545Z", "eventType": "input.type", "fullPath": "/main.py", "details": {"fromA": 1, "toA": 1, "fromB": 1, "toB": 2, "inserted": ["="]}}
{"dateTime": "2025-08-19T20:28:49.788Z", "eventType": "input.type", "fullPath": "/main.py", "details": {"fromA": 2, "toA": 2, "fromB": 2, "toB": 3, "inserted": [" "]}}
{"dateTime": "2025-08-19T20:28:50.737Z", "eventType": "input.type", "fullPath": "/main.py", "details": {"fromA": 3, "toA": 3, "fromB": 3, "toB": 4, "inserted": ["6"]}}
{"dateTime": "2025-08-19T20:28:51.954Z", "eventType": "input", "fullPath": "/main.py", "details": {"fromA": 4, "toA": 4, "fromB": 4, "toB": 5, "inserted": ["", ""]}}
{"dateTime": "2025-08-19T20:28:53.168Z", "eventType": "input.type", "fullPath": "/main.py", "details": {"fromA": 5, "toA": 5, "fromB": 5, "toB": 6, "inserted": ["n"]}}
{"dateTime": "2025-08-19T20:28:53.522Z", "eventType": "input.type", "fullPath": "/main.py", "details": {"fromA": 6, "toA": 6, "fromB": 6, "toB": 7, "inserted": ["="]}}
{"dateTime": "2025-08-19T20:28:54.305Z", "eventType": "input.type", "fullPath": "/main.py", "details": {"fromA": 7, "toA": 7, "fromB": 7, "toB": 8, "inserted": [" "]}}
{"dateTime": "2025-08-19T20:28:57.263Z", "eventType": "delete.backward", "fullPath": "/main.py", "details": {"fromA": 7, "toA": 8, "fromB": 7, "toB": 7, "inserted": [""]}}
{"dateTime": "2025-08-19T20:28:57.440Z", "eventType": "delete.backward", "fullPath": "/main.py", "details": {"fromA": 6, "toA": 7, "fromB": 6, "toB": 6, "inserted": [""]}}
{"dateTime": "2025-08-19T20:28:57.631Z", "eventType": "delete.backward", "fullPath": "/main.py", "details": {"fromA": 5, "toA": 6, "fromB": 5, "toB": 5, "inserted": [""]}}
{"dateTime": "2025-08-19T20:28:57.793Z", "eventType": "delete.backward", "fullPath": "/main.py", "details": {"fromA": 4, "toA": 5, "fromB": 4, "toB": 4, "inserted": [""]}}
{"dateTime": "2025-08-19T20:28:57.967Z", "eventType": "delete.backward", "fullPath": "/main.py", "details": {"fromA": 3, "toA": 4, "fromB": 3, "toB": 3, "inserted": [""]}}
{"dateTime": "2025-08-19T20:28:58.144Z", "eventType": "delete.backward", "fullPath": "/main.py", "details": {"fromA": 2, "toA": 3, "fromB": 2, "toB": 2, "inserted": [""]}}
{"dateTime": "2025-08-19T20:28:58.881Z", "eventType": "input.type", "fullPath": "/main.py", "details": {"fromA": 2, "toA": 2, "fromB": 2, "toB": 3, "inserted": [" "]}}
{"dateTime": "2025-08-19T20:28:59.985Z", "eventType": "input.type", "fullPath": "/main.py", "details": {"fromA": 3, "toA": 3, "fromB": 3, "toB": 4, "inserted": ["2"]}}
{"dateTime": "2025-08-19T20:29:00.161Z", "eventType": "input.type", "fullPath": "/main.py", "details": {"fromA": 4, "toA": 4, "fromB": 4, "toB": 5, "inserted": ["5"]}}
{"dateTime": "2025-08-19T20:29:00.401Z", "eventType": "input.type", "fullPath": "/main.py", "details": {"fromA": 5, "toA": 5, "fromB": 5, "toB": 6, "inserted": ["0"]}}
{"dateTime": "2025-08-19T20:29:00.785Z", "eventType": "input", "fullPath": "/main.py", "details": {"fromA": 6, "toA": 6, "fromB": 6, "toB": 7, "inserted": ["", ""]}}
{"dateTime": "2025-08-19T20:29:04.001Z", "eventType": "input.type", "fullPath": "/main.py", "details": {"fromA": 7, "toA": 7, "fromB": 7, "toB": 8, "inserted": ["n"]}}
{"dateTime": "2025-08-19T20:29:05.217Z", "eventType": "input.type", "fullPath": "/main.py", "details": {"fromA": 8, "toA": 8, "fromB": 8, "toB": 9, "inserted": ["="]}}
{"dateTime": "2025-08-19T20:29:05.425Z", "eventType": "input.type", "fullPath": "/main.py", "details": {"fromA": 9, "toA": 9, "fromB": 9, "toB": 10, "inserted": [" "]}}
{"dateTime": "2025-08-19T20:29:16.193Z", "eventType": "input.type", "fullPath": "/main.py", "details": {"fromA": 10, "toA": 10, "fromB": 10, "toB": 11, "inserted": ["6"]}}
{"dateTime": "2025-08-19T20:29:17.186Z", "eventType": "input", "fullPath": "/main.py", "details": {"fromA": 11, "toA": 11, "fromB": 11, "toB": 12, "inserted": ["", ""]}}
{"dateTime": "2025-08-19T20:29:37.679Z", "eventType": "input.type", "fullPath": "/main.py", "details": {"fromA": 12, "toA": 12, "fromB": 12, "toB": 13, "inserted": ["a"]}}
{"dateTime": "2025-08-19T20:29:38.066Z", "eventType": "input.type", "fullPath": "/main.py", "details": {"fromA": 13, "toA": 13, "fromB": 13, "toB": 14, "inserted": ["n"]}}
{"dateTime": "2025-08-19T20:29:39.917Z", "eventType": "input.type", "fullPath": "/main.py", "details": {"fromA": 14, "toA": 14, "fromB": 14, "toB": 15, "inserted": ["="]}}
{"dateTime": "2025-08-19T20:29:40.258Z", "eventType": "input.type", "fullPath": "/main.py", "details": {"fromA": 15, "toA": 15, "fromB": 15, "toB": 16, "inserted": [" "]}}
{"dateTime": "2025-08-19T20:29:43.106Z", "eventType": "input.type", "fullPath": "/main.py", "details": {"fromA": 16, "toA": 16, "fromB": 16, "toB": 17, "inserted": ["a"]}}
{"dateTime": "2025-08-19T20:29:44.290Z", "eventType": "input.type", "fullPath": "/main.py", "details": {"fromA": 17, "toA": 17, "fromB": 17, "toB": 18, "inserted": [" "]}}
{"dateTime": "2025-08-19T20:29:45.634Z", "eventType": "input.type", "fullPath": "/main.py", "details": {"fromA": 18, "toA": 18, "fromB": 18, "toB": 19, "inserted": ["/"]}}
{"dateTime": "2025-08-19T20:29:45.858Z", "eventType": "input.type", "fullPath": "/main.py", "details": {"fromA": 19, "toA": 19, "fromB": 19, "toB": 20, "inserted": [" "]}}
{"dateTime": "2025-08-19T20:29:48.317Z", "eventType": "input.type", "fullPath": "/main.py", "details": {"fromA": 20, "toA": 20, "fromB": 20, "toB": 21, "inserted": ["m"]}}
{"dateTime": "2025-08-19T20:29:49.057Z", "eventType": "delete.backward", "fullPath": "/main.py", "details": {"fromA": 20, "toA": 21, "fromB": 20, "toB": 20, "inserted": [""]}}
{"dateTime": "2025-08-19T20:29:49.250Z", "eventType": "input.type", "fullPath": "/main.py", "details": {"fromA": 20, "toA": 20, "fromB": 20, "toB": 21, "inserted": ["n"]}}
{"dateTime": "2025-08-19T20:29:50.002Z", "eventType": "input.type", "fullPath": "/main.py", "details": {"fromA": 21, "toA": 21, "fromB": 21, "toB": 22, "inserted": [" "]}}
{"dateTime": "2025-08-19T20:29:51.666Z", "eventType": "input", "fullPath": "/main.py", "details": {"fromA": 22, "toA": 22, "fromB": 22, "toB": 23, "inserted": ["", ""]}}
{"dateTime": "2025-08-19T20:29:59.534Z", "eventType": "input.type", "fullPath": "/main.py", "details": {"fromA": 23, "toA": 23, "fromB": 23, "toB": 24, "inserted": ["r"]}}
{"dateTime": "2025-08-19T20:30:00.181Z", "eventType": "input.type", "fullPath": "/main.py", "details": {"fromA": 24, "toA": 24, "fromB": 24, "toB": 25, "inserted": ["o"]}}
{"dateTime": "2025-08-19T20:30:00.395Z", "eventType": "input.type", "fullPath": "/main.py", "details": {"fromA": 25, "toA": 25, "fromB": 25, "toB": 26, "inserted": ["u"]}}
{"dateTime": "2025-08-19T20:30:04.323Z", "eventType": "input.complete", "fullPath": "/main.py", "details": {"fromA": 23, "toA": 26, "fromB": 23, "toB": 28, "inserted": ["round"]}}
{"dateTime": "2025-08-19T20:30:07.966Z", "eventType": "input", "fullPath": "/main.py", "details": {"fromA": 28, "toA": 28, "fromB": 28, "toB": 29, "inserted": ["", ""]}}
{"dateTime": "2025-08-19T20:30:08.082Z", "eventType": "input.type", "fullPath": "/main.py", "details": {"fromA": 29, "toA": 29, "fromB": 29, "toB": 30, "inserted": ["9"]}}
{"dateTime": "2025-08-19T20:30:09.120Z", "eventType": "delete.backward", "fullPath": "/main.py", "details": {"fromA": 29, "toA": 30, "fromB": 29, "toB": 29, "inserted": [""]}}
{"dateTime": "2025-08-19T20:30:09.315Z", "eventType": "delete.backward", "fullPath": "/main.py", "details": {"fromA": 28, "toA": 29, "fromB": 28, "toB": 28, "inserted": [""]}}
{"dateTime": "2025-08-19T20:30:11.730Z", "eventType": "input.type", "fullPath": "/main.py", "details": {"fromA": 28, "toA": 28, "fromB": 28, "toB": 30, "inserted": ["()"]}}
{"dateTime": "2025-08-19T20:30:16.336Z", "eventType": "delete.backward", "fullPath": "/main.py", "details": {"fromA": 28, "toA": 30, "fromB": 28, "toB": 28, "inserted": [""]}}
{"dateTime": "2025-08-19T20:30:16.573Z", "eventType": "delete.backward", "fullPath": "/main.py", "details": {"fromA": 27, "toA": 28, "fromB": 27, "toB": 27, "inserted": [""]}}
{"dateTime": "2025-08-19T20:30:17.076Z", "eventType": "delete.backward", "fullPath": "/main.py", "details": {"fromA": 26, "toA": 27, "fromB": 26, "toB": 26, "inserted": [""]}}
{"dateTime": "2025-08-19T20:30:17.126Z", "eventType": "delete.backward", "fullPath": "/main.py", "details": {"fromA": 25, "toA": 26, "fromB": 25, "toB": 25, "inserted": [""]}}
{"dateTime": "2025-08-19T20:30:17.176Z", "eventType": "delete.backward", "fullPath": "/main.py", "details": {"fromA": 24, "toA": 25, "fromB": 24, "toB": 24, "inserted": [""]}}
{"dateTime": "2025-08-19T20:30:17.360Z", "eventType": "delete.backward", "fullPath": "/main.py", "details": {"fromA": 23, "toA": 24, "fromB": 23, "toB": 23, "inserted": [""]}}
{"dateTime": "2025-08-19T20:30:18.578Z", "eventType": "input.type", "fullPath": "/main.py", "details": {"fromA": 23, "toA": 23, "fromB": 23, "toB": 24, "inserted": ["p"]}}
{"dateTime": "2025-08-19T20:30:18.964Z", "eventType": "input.type", "fullPath": "/main.py", "details": {"fromA": 24, "toA": 24, "fromB": 24, "toB": 25, "inserted": ["r"]}}
{"dateTime": "2025-08-19T20:30:19.139Z", "eventType": "input.type", "fullPath": "/main.py", "details": {"fromA": 25, "toA": 25, "fromB": 25, "toB": 26, "inserted": ["i"]}}
{"dateTime": "2025-08-19T20:30:19.366Z", "eventType": "input.type", "fullPath": "/main.py", "details": {"fromA": 26, "toA": 26, "fromB": 26, "toB": 27, "inserted": ["n"]}}
{"dateTime": "2025-08-19T20:30:19.637Z", "eventType": "input.type", "fullPath": "/main.py", "details": {"fromA": 27, "toA": 27, "fromB": 27, "toB": 28, "inserted": ["t"]}}
{"dateTime": "2025-08-19T20:30:22.658Z", "eventType": "input.type", "fullPath": "/main.py", "details": {"fromA": 28, "toA": 28, "fromB": 28, "toB": 29, "inserted": ["9"]}}
{"dateTime": "2025-08-19T20:30:23.986Z", "eventType": "delete.backward", "fullPath": "/main.py", "details": {"fromA": 28, "toA": 29, "fromB": 28, "toB": 28, "inserted": [""]}}
{"dateTime": "2025-08-19T20:30:24.914Z", "eventType": "input.type", "fullPath": "/main.py", "details": {"fromA": 28, "toA": 28, "fromB": 28, "toB": 30, "inserted": ["()"]}}
{"dateTime": "2025-08-19T20:30:25.475Z", "eventType": "input.type", "fullPath": "/main.py", "details": {"fromA": 29, "toA": 29, "fromB": 29, "toB": 31, "inserted": ["''"]}}
{"dateTime": "2025-08-19T20:30:26.141Z", "eventType": "input.type", "fullPath": "/main.py", "details": {"fromA": 30, "toA": 30, "fromB": 30, "toB": 32, "inserted": ["\"\""]}}
{"dateTime": "2025-08-19T20:30:27.122Z", "eventType": "delete.backward", "fullPath": "/main.py", "details": {"fromA": 30, "toA": 32, "fromB": 30, "toB": 30, "inserted": [""]}}
{"dateTime": "2025-08-19T20:30:27.267Z", "eventType": "delete.backward", "fullPath": "/main.py", "details": {"fromA": 29, "toA": 31, "fromB": 29, "toB": 29, "inserted": [""]}}
{"dateTime": "2025-08-19T20:30:27.457Z", "eventType": "delete.backward", "fullPath": "/main.py", "details": {"fromA": 28, "toA": 30, "fromB": 28, "toB": 28, "inserted": [""]}}
{"dateTime": "2025-08-19T20:30:28.850Z", "eventType": "input.type", "fullPath": "/main.py", "details": {"fromA": 28, "toA": 28, "fromB": 28, "toB": 30, "inserted": ["()"]}}
{"dateTime": "2025-08-19T20:30:29.346Z", "eventType": "input.type", "fullPath": "/main.py", "details": {"fromA": 29, "toA": 29, "fromB": 29, "toB": 31, "inserted": ["''"]}}
{"dateTime": "2025-08-19T20:30:30.115Z", "eventType": "input.type", "fullPath": "/main.py", "details": {"fromA": 30, "toA": 31, "fromB": 30, "toB": 31, "inserted": ["'"]}}
{"dateTime": "2025-08-19T20:30:33.411Z", "eventType": "input.type", "fullPath": "/main.py", "details": {"fromA": 31, "toA": 31, "fromB": 31, "toB": 32, "inserted": ["f"]}}
{"dateTime": "2025-08-19T20:30:35.186Z", "eventType": "select", "fullPath": "/main.py", "details": {"selection": {"from": 33, "to": 33}}}
{"dateTime": "2025-08-19T20:30:35.488Z", "eventType": "select", "fullPath": "/main.py", "details": {"selection": {"from": 32, "to": 32}}}
{"dateTime": "2025-08-19T20:30:37.899Z", "eventType": "select.pointer", "fullPath": "/main.py", "details": {"selection": {"from": 33, "to": 33}}}
{"dateTime": "2025-08-19T20:30:39.134Z", "eventType": "delete.backward", "fullPath": "/main.py", "details": {"fromA": 32, "toA": 33, "fromB": 32, "toB": 32, "inserted": [""]}}
{"dateTime": "2025-08-19T20:30:39.458Z", "eventType": "delete.backward", "fullPath": "/main.py", "details": {"fromA": 31, "toA": 32, "fromB": 31, "toB": 31, "inserted": [""]}}
{"dateTime": "2025-08-19T20:30:39.666Z", "eventType": "delete.backward", "fullPath": "/main.py", "details": {"fromA": 30, "toA": 31, "fromB": 30, "toB": 30, "inserted": [""]}}
{"dateTime": "2025-08-19T20:30:39.873Z", "eventType": "delete.backward", "fullPath": "/main.py", "details": {"fromA": 29, "toA": 30, "fromB": 29, "toB": 29, "inserted": [""]}}
{"dateTime": "2025-08-19T20:30:40.499Z", "eventType": "delete.backward", "fullPath": "/main.py", "details": {"fromA": 28, "toA": 29, "fromB": 28, "toB": 28, "inserted": [""]}}
{"dateTime": "2025-08-19T20:30:42.083Z", "eventType": "input.type", "fullPath": "/main.py", "details": {"fromA": 28, "toA": 28, "fromB": 28, "toB": 30, "inserted": ["()"]}}
{"dateTime": "2025-08-19T20:30:43.155Z", "eventType": "input.type", "fullPath": "/main.py", "details": {"fromA": 29, "toA": 29, "fromB": 29, "toB": 31, "inserted": ["\"\""]}}
{"dateTime": "2025-08-19T20:31:24.244Z", "eventType": "input.type", "fullPath": "/main.py", "details": {"fromA": 30, "toA": 30, "fromB": 30, "toB": 31, "inserted": ["o"]}}
{"dateTime": "2025-08-19T20:31:24.451Z", "eventType": "input.type", "fullPath": "/main.py", "details": {"fromA": 31, "toA": 31, "fromB": 31, "toB": 32, "inserted": [" "]}}
{"dateTime": "2025-08-19T20:31:24.819Z", "eventType": "input.type", "fullPath": "/main.py", "details": {"fromA": 32, "toA": 32, "fromB": 32, "toB": 33, "inserted": ["v"]}}
{"dateTime": "2025-08-19T20:31:24.979Z", "eventType": "input.type", "fullPath": "/main.py", "details": {"fromA": 33, "toA": 33, "fromB": 33, "toB": 34, "inserted": ["a"]}}
{"dateTime": "2025-08-19T20:31:25.331Z", "eventType": "input.type", "fullPath": "/main.py", "details": {"fromA": 34, "toA": 34, "fromB": 34, "toB": 35, "inserted": ["l"]}}
{"dateTime": "2025-08-19T20:31:25.523Z", "eventType": "input.type", "fullPath": "/main.py", "details": {"fromA": 35, "toA": 35, "fromB": 35, "toB": 36, "inserted": ["o"]}}
{"dateTime": "2025-08-19T20:31:25.651Z", "eventType": "input.type", "fullPath": "/main.py", "details": {"fromA": 36, "toA": 36, "fromB": 36, "toB": 37, "inserted": ["r"]}}
{"dateTime": "2025-08-19T20:31:25.795Z", "eventType": "input.type", "fullPath": "/main.py", "details": {"fromA": 37, "toA": 37, "fromB": 37, "toB": 38, "inserted": [" "]}}
{"dateTime": "2025-08-19T20:31:25.972Z", "eventType": "input.type", "fullPath": "/main.py", "details": {"fromA": 38, "toA": 38, "fromB": 38, "toB": 39, "inserted": ["q"]}}
{"dateTime": "2025-08-19T20:31:26.115Z", "eventType": "input.type", "fullPath": "/main.py", "details": {"fromA": 39, "toA": 39, "fromB": 39, "toB": 40, "inserted": ["u"]}}
{"dateTime": "2025-08-19T20:31:26.291Z", "eventType": "input.type", "fullPath": "/main.py", "details": {"fromA": 40, "toA": 40, "fromB": 40, "toB": 41, "inserted": ["e"]}}
{"dateTime": "2025-08-19T20:31:26.371Z", "eventType": "input.type", "fullPath": "/main.py", "details": {"fromA": 41, "toA": 41, "fromB": 41, "toB": 42, "inserted": [" "]}}
{"dateTime": "2025-08-19T20:31:26.643Z", "eventType": "input.type", "fullPath": "/main.py", "details": {"fromA": 42, "toA": 42, "fromB": 42, "toB": 43, "inserted": ["c"]}}
{"dateTime": "2025-08-19T20:31:26.755Z", "eventType": "input.type", "fullPath": "/main.py", "details": {"fromA": 43, "toA": 43, "fromB": 43, "toB": 44, "inserted": ["a"]}}
{"dateTime": "2025-08-19T20:31:26.883Z", "eventType": "input.type", "fullPath": "/main.py", "details": {"fromA": 44, "toA": 44, "fromB": 44, "toB": 45, "inserted": ["d"]}}
{"dateTime": "2025-08-19T20:31:27.011Z", "eventType": "input.type", "fullPath": "/main.py", "details": {"fromA": 45, "toA": 45, "fromB": 45, "toB": 46, "inserted": ["a"]}}
{"dateTime": "2025-08-19T20:31:27.172Z", "eventType": "input.type", "fullPath": "/main.py", "details": {"fromA": 46, "toA": 46, "fromB": 46, "toB": 47, "inserted": [" "]}}
{"dateTime": "2025-08-19T20:31:27.619Z", "eventType": "input.type", "fullPath": "/main.py", "details": {"fromA": 47, "toA": 47, "fromB": 47, "toB": 48, "inserted": ["u"]}}
{"dateTime": "2025-08-19T20:31:27.859Z", "eventType": "input.type", "fullPath": "/main.py", "details": {"fromA": 48, "toA": 48, "fromB": 48, "toB": 49, "inserted": ["m"]}}
{"dateTime": "2025-08-19T20:31:28.099Z", "eventType": "input.type", "fullPath": "/main.py", "details": {"fromA": 49, "toA": 49, "fromB": 49, "toB": 50, "inserted": [" "]}}
{"dateTime": "2025-08-19T20:31:28.388Z", "eventType": "input.type", "fullPath": "/main.py", "details": {"fromA": 50, "toA": 50, "fromB": 50, "toB": 51, "inserted": ["d"]}}
{"dateTime": "2025-08-19T20:31:28.595Z", "eventType": "input.type", "fullPath": "/main.py", "details": {"fromA": 51, "toA": 51, "fromB": 51, "toB": 52, "inserted": ["e"]}}
{"dateTime": "2025-08-19T20:31:28.739Z", "eventType": "input.type", "fullPath": "/main.py", "details": {"fromA": 52, "toA": 52, "fromB": 52, "toB": 53, "inserted": ["v"]}}
{"dateTime": "2025-08-19T20:31:28.867Z", "eventType": "input.type", "fullPath": "/main.py", "details": {"fromA": 53, "toA": 53, "fromB": 53, "toB": 54, "inserted": ["e"]}}
{"dateTime": "2025-08-19T20:31:29.028Z", "eventType": "input.type", "fullPath": "/main.py", "details": {"fromA": 54, "toA": 54, "fromB": 54, "toB": 55, "inserted": [" "]}}
{"dateTime": "2025-08-19T20:31:29.204Z", "eventType": "input.type", "fullPath": "/main.py", "details": {"fromA": 55, "toA": 55, "fromB": 55, "toB": 56, "inserted": ["r"]}}
{"dateTime": "2025-08-19T20:31:29.539Z", "eventType": "input.type", "fullPath": "/main.py", "details": {"fromA": 56, "toA": 56, "fromB": 56, "toB": 57, "inserted": ["e"]}}
{"dateTime": "2025-08-19T20:31:34.724Z", "eventType": "delete.backward", "fullPath": "/main.py", "details": {"fromA": 56, "toA": 57, "fromB": 56, "toB": 56, "inserted": [""]}}
{"dateTime": "2025-08-19T20:31:34.979Z", "eventType": "delete.backward", "fullPath": "/main.py", "details": {"fromA": 55, "toA": 56, "fromB": 55, "toB": 55, "inserted": [""]}}
{"dateTime": "2025-08-19T20:31:35.779Z", "eventType": "input.type", "fullPath": "/main.py", "details": {"fromA": 55, "toA": 55, "fromB": 55, "toB": 56, "inserted": ["d"]}}
{"dateTime": "2025-08-19T20:31:35.988Z", "eventType": "input.type", "fullPath": "/main.py", "details": {"fromA": 56, "toA": 56, "fromB": 56, "toB": 57, "inserted": ["e"]}}
{"dateTime": "2025-08-19T20:31:36.228Z", "eventType": "input.type", "fullPath": "/main.py", "details": {"fromA": 57, "toA": 57, "fromB": 57, "toB": 58, "inserted": ["s"]}}
{"dateTime": "2025-08-19T20:31:36.531Z", "eventType": "input.type", "fullPath": "/main.py", "details": {"fromA": 58, "toA": 58, "fromB": 58, "toB": 59, "inserted": ["e"]}}
{"dateTime": "2025-08-19T20:31:36.820Z", "eventType": "input.type", "fullPath": "/main.py", "details": {"fromA": 59, "toA": 59, "fromB": 59, "toB": 60, "inserted": ["m"]}}
{"dateTime": "2025-08-19T20:31:37.459Z", "eventType": "input.type", "fullPath": "/main.py", "details": {"fromA": 60, "toA": 60, "fromB": 60, "toB": 61, "inserted": ["b"]}}
{"dateTime": "2025-08-19T20:31:37.651Z", "eventType": "input.type", "fullPath": "/main.py", "details": {"fromA": 61, "toA": 61, "fromB": 61, "toB": 62, "inserted": ["o"]}}
{"dateTime": "2025-08-19T20:31:37.892Z", "eventType": "input.type", "fullPath": "/main.py", "details": {"fromA": 62, "toA": 62, "fromB": 62, "toB": 63, "inserted": ["l"]}}
{"dateTime": "2025-08-19T20:31:38.036Z", "eventType": "input.type", "fullPath": "/main.py", "details": {"fromA": 63, "toA": 63, "fromB": 63, "toB": 64, "inserted": ["s"]}}
{"dateTime": "2025-08-19T20:31:38.244Z", "eventType": "input.type", "fullPath": "/main.py", "details": {"fromA": 64, "toA": 64, "fromB": 64, "toB": 65, "inserted": ["a"]}}
{"dateTime": "2025-08-19T20:31:38.515Z", "eventType": "input.type", "fullPath": "/main.py", "details": {"fromA": 65, "toA": 65, "fromB": 65, "toB": 66, "inserted": ["r"]}}
{"dateTime": "2025-08-19T20:31:40.483Z", "eventType": "input.type", "fullPath": "/main.py", "details": {"fromA": 66, "toA": 66, "fromB": 66, "toB": 67, "inserted": [" "]}}
{"dateTime": "2025-08-19T20:31:41.379Z", "eventType": "input.type.compose.start", "fullPath": "/main.py", "details": {"fromA": 67, "toA": 67, "fromB": 67, "toB": 68, "inserted": ["\u00b4"]}}
{"dateTime": "2025-08-19T20:31:41.491Z", "eventType": "input.type.compose", "fullPath": "/main.py", "details": {"fromA": 67, "toA": 68, "fromB": 67, "toB": 68, "inserted": ["\u00e9"]}}
{"dateTime": "2025-08-19T20:31:42.691Z", "eventType": "select", "fullPath": "/main.py", "details": {"selection": {"from": 69, "to": 69}}}
{"dateTime": "2025-08-19T20:31:43.150Z", "eventType": "select", "fullPath": "/main.py", "details": {"selection": {"from": 70, "to": 70}}}
{"dateTime": "2025-08-19T20:31:44.145Z", "eventType": "select", "fullPath": "/main.py", "details": {"selection": {"from": 69, "to": 69}}}
{"dateTime": "2025-08-19T20:31:45.300Z", "eventType": "input.type", "fullPath": "/main.py", "details": {"fromA": 69, "toA": 69, "fromB": 69, "toB": 70, "inserted": [","]}}
{"dateTime": "2025-08-19T20:31:45.492Z", "eventType": "input.type", "fullPath": "/main.py", "details": {"fromA": 70, "toA": 70, "fromB": 70, "toB": 71, "inserted": [" "]}}
{"dateTime": "2025-08-19T20:31:47.492Z", "eventType": "input.type", "fullPath": "/main.py", "details": {"fromA": 71, "toA": 71, "fromB": 71, "toB": 72, "inserted": ["a"]}}
{"dateTime": "2025-08-19T20:31:48.292Z", "eventType": "input.type", "fullPath": "/main.py", "details": {"fromA": 72, "toA": 72, "fromB": 72, "toB": 73, "inserted": ["n"]}}
{"dateTime": "2025-08-19T20:31:50.308Z", "eventType": "select.pointer", "fullPath": "/main.py", "details": {"selection": {"from": 22, "to": 22}}}
{"dateTime": "2025-08-19T20:31:50.991Z", "eventType": "select.pointer", "fullPath": "/main.py", "details": {"selection": {"from": 74, "to": 74}}}
{"dateTime": "2025-08-19T20:31:51.860Z", "eventType": "input", "fullPath": "/main.py", "details": {"fromA": 74, "toA": 74, "fromB": 74, "toB": 75, "inserted": ["", ""]}}
{"dateTime": "2025-08-19T20:31:53.710Z", "eventType": "input.type", "fullPath": "/main.py", "details": {"fromA": 75, "toA": 75, "fromB": 75, "toB": 76, "inserted": ["r"]}}
{"dateTime": "2025-08-19T20:31:54.035Z", "eventType": "input.type", "fullPath": "/main.py", "details": {"fromA": 76, "toA": 76, "fromB": 76, "toB": 77, "inserted": ["o"]}}
{"dateTime": "2025-08-19T20:31:54.220Z", "eventType": "input.type", "fullPath": "/main.py", "details": {"fromA": 77, "toA": 77, "fromB": 77, "toB": 78, "inserted": ["u"]}}
{"dateTime": "2025-08-19T20:31:54.596Z", "eventType": "input.type", "fullPath": "/main.py", "details": {"fromA": 78, "toA": 78, "fromB": 78, "toB": 79, "inserted": ["d"]}}
{"dateTime": "2025-08-19T20:31:56.141Z", "eventType": "input.complete", "fullPath": "/main.py", "details": {"fromA": 75, "toA": 79, "fromB": 75, "toB": 80, "inserted": ["round"]}}
{"dateTime": "2025-08-19T20:31:57.937Z", "eventType": "input.type", "fullPath": "/main.py", "details": {"fromA": 80, "toA": 80, "fromB": 80, "toB": 82, "inserted": ["()"]}}
{"dateTime": "2025-08-19T20:32:08.052Z", "eventType": "input.type", "fullPath": "/main.py", "details": {"fromA": 81, "toA": 81, "fromB": 81, "toB": 82, "inserted": ["a"]}}
{"dateTime": "2025-08-19T20:32:08.208Z", "eventType": "input.type", "fullPath": "/main.py", "details": {"fromA": 82, "toA": 82, "fromB": 82, "toB": 83, "inserted": ["n"]}}
{"dateTime": "2025-08-19T20:32:12.418Z", "eventType": "input.type", "fullPath": "/main.py", "details": {"fromA": 83, "toA": 83, "fromB": 83, "toB": 84, "inserted": [","]}}
{"dateTime": "2025-08-19T20:32:18.085Z", "eventType": "input.type", "fullPath": "/main.py", "details": {"fromA": 84, "toA": 84, "fromB": 84, "toB": 85, "inserted": ["2"]}}
{"dateTime": "2025-08-19T20:32:22.927Z", "eventType": "blur", "fullPath": "/main.py"}
{"dateTime": "2025-08-19T20:32:23.358Z", "eventType": "run", "details": {"commit": "f3c999ffca9a679da6c81714a8699607f6833b9d"}}
{"dateTime": "2025-08-19T20:32:33.508Z", "eventType": "focus", "fullPath": "/main.py"}
{"dateTime": "2025-08-19T20:32:33.510Z", "eventType": "select.pointer", "fullPath": "/main.py", "details": {"selection": {"from": 75, "to": 75}}}
{"dateTime": "2025-08-19T20:32:46.917Z", "eventType": "select.pointer", "fullPath": "/main.py", "details": {"selection": {"from": 85, "to": 85}}}
{"dateTime": "2025-08-19T20:32:47.376Z", "eventType": "select.pointer", "fullPath": "/main.py", "details": {"selection": {"from": 84, "to": 84}}}
{"dateTime": "2025-08-19T20:32:48.324Z", "eventType": "input.type", "fullPath": "/main.py", "details": {"fromA": 84, "toA": 84, "fromB": 84, "toB": 85, "inserted": [" "]}}
{"dateTime": "2025-08-19T20:32:49.283Z", "eventType": "select.pointer", "fullPath": "/main.py", "details": {"selection": {"from": 83, "to": 83}}}
{"dateTime": "2025-08-19T20:32:49.556Z", "eventType": "input.type", "fullPath": "/main.py", "details": {"fromA": 83, "toA": 83, "fromB": 83, "toB": 84, "inserted": [" "]}}
{"dateTime": "2025-08-19T20:32:50.319Z", "eventType": "blur", "fullPath": "/main.py"}
{"dateTime": "2025-08-19T20:32:50.559Z", "eventType": "run", "details": {"commit": "ba42dfb72b9b4db2ca3632628ad1656867f572b4"}}
{"dateTime": "2025-08-19T20:32:56.620Z", "eventType": "focus", "fullPath": "/main.py"}
{"dateTime": "2025-08-19T20:32:56.621Z", "eventType": "select.pointer", "fullPath": "/main.py", "details": {"selection": {"from": 75, "to": 75}}}
{"dateTime": "2025-08-19T20:33:00.165Z", "eventType": "select.pointer", "fullPath": "/main.py", "details": {"selection": {"from": 88, "to": 88}}}
{"dateTime": "2025-08-19T20:33:00.353Z", "eventType": "select.pointer", "fullPath": "/main.py", "details": {"selection": {"from": 86, "to": 88}}}
{"dateTime": "2025-08-19T20:33:00.367Z", "eventType": "select.pointer", "fullPath": "/main.py", "details": {"selection": {"from": 84, "to": 88}}}
{"dateTime": "2025-08-19T20:33:00.384Z", "eventType": "select.pointer", "fullPath": "/main.py", "details": {"selection": {"from": 83, "to": 88}}}
{"dateTime": "2025-08-19T20:33:00.397Z", "eventType": "select.pointer", "fullPath": "/main.py", "details": {"selection": {"from": 82, "to": 88}}}
{"dateTime": "2025-08-19T20:33:00.431Z", "eventType": "select.pointer", "fullPath": "/main.py", "details": {"selection": {"from": 81, "to": 88}}}
{"dateTime": "2025-08-19T20:33:00.463Z", "eventType": "select.pointer", "fullPath": "/main.py", "details": {"selection": {"from": 79, "to": 88}}}
{"dateTime": "2025-08-19T20:33:00.480Z", "eventType": "select.pointer", "fullPath": "/main.py", "details": {"selection": {"from": 78, "to": 88}}}
{"dateTime": "2025-08-19T20:33:00.497Z", "eventType": "select.pointer", "fullPath": "/main.py", "details": {"selection": {"from": 77, "to": 88}}}
{"dateTime": "2025-08-19T20:33:00.530Z", "eventType": "select.pointer", "fullPath": "/main.py", "details": {"selection": {"from": 76, "to": 88}}}
{"dateTime": "2025-08-19T20:33:00.684Z", "eventType": "select.pointer", "fullPath": "/main.py", "details": {"selection": {"from": 75, "to": 88}}}
{"dateTime": "2025-08-19T20:33:02.212Z", "eventType": "generic", "fullPath": "/main.py", "details": {"fromA": 75, "toA": 88, "fromB": 75, "toB": 75, "inserted": [""]}}
{"dateTime": "2025-08-19T20:33:03.384Z", "eventType": "select.pointer", "fullPath": "/main.py", "details": {"selection": {"from": 73, "to": 73}}}
{"dateTime": "2025-08-19T20:33:03.565Z", "eventType": "select.pointer", "fullPath": "/main.py", "details": {"selection": {"from": 73, "to": 73}}}
{"dateTime": "2025-08-19T20:33:03.598Z", "eventType": "select.pointer", "fullPath": "/main.py", "details": {"selection": {"from": 72, "to": 73}}}
{"dateTime": "2025-08-19T20:33:03.653Z", "eventType": "select.pointer", "fullPath": "/main.py", "details": {"selection": {"from": 23, "to": 73}}}
{"dateTime": "2025-08-19T20:33:03.801Z", "eventType": "select.pointer", "fullPath": "/main.py", "details": {"selection": {"from": 71, "to": 73}}}
{"dateTime": "2025-08-19T20:33:05.130Z", "eventType": "generic", "fullPath": "/main.py", "details": {"fromA": 71, "toA": 73, "fromB": 71, "toB": 84, "inserted": ["round(an , 2)"]}}
{"dateTime": "2025-08-19T20:33:06.831Z", "eventType": "blur", "fullPath": "/main.py"}
{"dateTime": "2025-08-19T20:33:07.103Z", "eventType": "run", "details": {"commit": "bd614b04fd1bf2ea28c662d897aac5b98386d6e1"}}
