== SUBMISSION (2025-08-20 23:04:35)
-- CODE: 
frase = "Ada LoveLace foi a primeira programadora da historia"
print(frase.upper())
-- EXECUTION TIME: 
0.01
-- TEST CASE 1:
---- input:
xx
---- correct output:
ADA LOVELACE FOI A PRIMEIRA PROGRAMADORA DA HISTORIA.
---- user output:
ADA LOVELACE FOI A PRIMEIRA PROGRAMADORA DA HISTORIA
-- TEST CASE 2:
---- input:
xx
---- correct output:
ADA LOVELACE FOI A PRIMEIRA PROGRAMADORA DA HISTORIA.
---- user output:
ADA LOVELACE FOI A PRIMEIRA PROGRAMADORA DA HISTORIA
-- GRADE:
0%
*-*-*-*-*-*-*-*-*-*-*-*-*-*-*-*-*-*-*-*-*-*-*-*
== RUN (2025-08-20 23:04:30)
-- CODE: 
frase = "Ada LoveLace foi a primeira programadora da historia"
print(frase.upper())
-- EXECUTION TIME: 
0.0
-- TEST CASE 1:
---- input:
xx
---- correct output:
ADA LOVELACE FOI A PRIMEIRA PROGRAMADORA DA HISTORIA.
---- user output:
ADA LOVELACE FOI A PRIMEIRA PROGRAMADORA DA HISTORIA
-- TEST CASE 2:
---- input:
xx
---- correct output:
ADA LOVELACE FOI A PRIMEIRA PROGRAMADORA DA HISTORIA.
---- user output:
ADA LOVELACE FOI A PRIMEIRA PROGRAMADORA DA HISTORIA
*-*-*-*-*-*-*-*-*-*-*-*-*-*-*-*-*-*-*-*-*-*-*-*
== RUN (2025-08-20 23:04:13)
-- CODE: 
frase = "Ada LoveLace foi a primeira programadora da historia"
print(frase.upper(converter para maiusculo))
-- EXECUTION TIME: 
0.0
-- TEST CASE 1:
---- input:
xx
---- correct output:
ADA LOVELACE FOI A PRIMEIRA PROGRAMADORA DA HISTORIA.
-- ERROR:
File "XXXX", line 2
    print(frase.upper(converter para maiusculo))
                      ^^^^^^^^^^^^^^
SyntaxError: invalid syntax. Perhaps you forgot a comma?
-- TEST CASE 2:
---- input:
xx
---- correct output:
ADA LOVELACE FOI A PRIMEIRA PROGRAMADORA DA HISTORIA.
-- ERROR:
File "XXXX", line 2
    print(frase.upper(converter para maiusculo))
                      ^^^^^^^^^^^^^^
SyntaxError: invalid syntax. Perhaps you forgot a comma?
*-*-*-*-*-*-*-*-*-*-*-*-*-*-*-*-*-*-*-*-*-*-*-*
== SUBMISSION (2025-08-20 23:04:55)
-- CODE: 
frase = "Ada LoveLace foi a primeira programadora da historia."
print(frase.upper())
-- EXECUTION TIME: 
0.01
-- TEST CASE 1:
---- input:
xx
---- correct output:
ADA LOVELACE FOI A PRIMEIRA PROGRAMADORA DA HISTORIA.
---- user output:
ADA LOVELACE FOI A PRIMEIRA PROGRAMADORA DA HISTORIA.
-- TEST CASE 2:
---- input:
xx
---- correct output:
ADA LOVELACE FOI A PRIMEIRA PROGRAMADORA DA HISTORIA.
---- user output:
ADA LOVELACE FOI A PRIMEIRA PROGRAMADORA DA HISTORIA.
-- GRADE:
100%
*-*-*-*-*-*-*-*-*-*-*-*-*-*-*-*-*-*-*-*-*-*-*-*
