{"dateTime": "2025-08-19T18:03:56.426Z", "eventType": "window.focus", "fullPath": "/main.py"}
{"dateTime": "2025-08-19T18:03:56.610Z", "eventType": "window.blur", "fullPath": "/main.py"}
{"dateTime": "2025-08-19T18:16:38.386Z", "eventType": "window.focus", "fullPath": "/main.py"}
{"dateTime": "2025-08-19T18:26:32.082Z", "eventType": "window.focus", "fullPath": "/main.py"}
{"dateTime": "2025-08-19T18:27:32.496Z", "eventType": "blur", "fullPath": "/main.py"}
{"dateTime": "2025-08-19T18:27:32.497Z", "eventType": "window.blur", "fullPath": "/main.py"}
{"dateTime": "2025-08-19T18:28:32.355Z", "eventType": "input.type", "fullPath": "/main.py", "details": {"fromA": 6, "toA": 6, "fromB": 6, "toB": 7, "inserted": ["."]}}
{"dateTime": "2025-08-19T18:28:33.009Z", "eventType": "input.type", "fullPath": "/main.py", "details": {"fromA": 7, "toA": 7, "fromB": 7, "toB": 8, "inserted": ["2"]}}
{"dateTime": "2025-08-19T18:28:33.264Z", "eventType": "input.type", "fullPath": "/main.py", "details": {"fromA": 8, "toA": 8, "fromB": 8, "toB": 9, "inserted": ["3"]}}
{"dateTime": "2025-08-19T18:39:54.333Z", "eventType": "window.focus", "fullPath": "/main.py"}
{"dateTime": "2025-08-19T18:39:54.334Z", "eventType": "focus", "fullPath": "/main.py"}
{"dateTime": "2025-08-19T18:39:58.276Z", "eventType": "input.type", "fullPath": "/main.py", "details": {"fromA": 0, "toA": 0, "fromB": 0, "toB": 1, "inserted": ["x"]}}
{"dateTime": "2025-08-19T18:39:58.644Z", "eventType": "input.type", "fullPath": "/main.py", "details": {"fromA": 1, "toA": 1, "fromB": 1, "toB": 2, "inserted": [" "]}}
{"dateTime": "2025-08-19T18:39:59.348Z", "eventType": "input.type", "fullPath": "/main.py", "details": {"fromA": 2, "toA": 2, "fromB": 2, "toB": 3, "inserted": ["1"]}}
{"dateTime": "2025-08-19T18:40:02.688Z", "eventType": "blur", "fullPath": "/main.py"}
{"dateTime": "2025-08-19T18:40:02.689Z", "eventType": "window.blur", "fullPath": "/main.py"}
{"dateTime": "2025-08-19T18:40:05.884Z", "eventType": "focus", "fullPath": "/main.py"}
{"dateTime": "2025-08-19T18:40:07.619Z", "eventType": "input.type", "fullPath": "/main.py", "details": {"fromA": 3, "toA": 3, "fromB": 3, "toB": 4, "inserted": [" "]}}
{"dateTime": "2025-08-19T18:40:08.148Z", "eventType": "input.type", "fullPath": "/main.py", "details": {"fromA": 4, "toA": 4, "fromB": 4, "toB": 5, "inserted": ["="]}}
{"dateTime": "2025-08-19T18:40:53.777Z", "eventType": "focus", "fullPath": "/main.py"}
{"dateTime": "2025-08-19T18:40:53.780Z", "eventType": "select.pointer", "fullPath": "/main.py", "details": {"selection": {"from": 2, "to": 2}}}
{"dateTime": "2025-08-19T18:40:55.283Z", "eventType": "delete.backward", "fullPath": "/main.py", "details": {"fromA": 1, "toA": 2, "fromB": 1, "toB": 1, "inserted": [""]}}
{"dateTime": "2025-08-19T18:40:57.523Z", "eventType": "blur", "fullPath": "/main.py"}
{"dateTime": "2025-08-19T18:40:58.009Z", "eventType": "submission", "details": {"correctness": 0, "commit": "33530e967c17c1f77603f85d6dca726394acbe0f", "executionTime": 0.01}}
{"dateTime": "2025-08-19T18:41:52.652Z", "eventType": "window.focus", "fullPath": "/main.py"}
{"dateTime": "2025-08-19T18:41:52.653Z", "eventType": "focus", "fullPath": "/main.py"}
{"dateTime": "2025-08-19T18:41:54.970Z", "eventType": "blur", "fullPath": "/main.py"}
{"dateTime": "2025-08-19T18:41:55.486Z", "eventType": "submission", "details": {"correctness": 0, "commit": "d3da358c83804a556ce9b6a4d0591fa444a9fb72", "executionTime": 0}}
{"dateTime": "2025-08-19T18:41:58.729Z", "eventType": "focus", "fullPath": "/main.py"}
{"dateTime": "2025-08-19T18:41:58.732Z", "eventType": "select.pointer", "fullPath": "/main.py", "details": {"selection": {"from": 20, "to": 20}}}
{"dateTime": "2025-08-19T18:42:01.191Z", "eventType": "blur", "fullPath": "/main.py"}
{"dateTime": "2025-08-19T18:42:01.193Z", "eventType": "window.blur", "fullPath": "/main.py"}
{"dateTime": "2025-08-19T18:42:05.788Z", "eventType": "focus", "fullPath": "/main.py"}
{"dateTime": "2025-08-19T18:42:07.395Z", "eventType": "select.pointer", "fullPath": "/main.py", "details": {"selection": {"from": 10, "to": 10}}}
{"dateTime": "2025-08-19T18:42:52.612Z", "eventType": "input", "fullPath": "/main.py", "details": {"fromA": 9, "toA": 9, "fromB": 9, "toB": 10, "inserted": ["", ""]}}
{"dateTime": "2025-08-19T18:42:54.578Z", "eventType": "input.type", "fullPath": "/main.py", "details": {"fromA": 10, "toA": 10, "fromB": 10, "toB": 11, "inserted": ["x"]}}
{"dateTime": "2025-08-19T18:42:55.219Z", "eventType": "input.type", "fullPath": "/main.py", "details": {"fromA": 11, "toA": 11, "fromB": 11, "toB": 12, "inserted": ["2"]}}
{"dateTime": "2025-08-19T18:42:56.050Z", "eventType": "input.type", "fullPath": "/main.py", "details": {"fromA": 12, "toA": 12, "fromB": 12, "toB": 13, "inserted": [" "]}}
{"dateTime": "2025-08-19T18:42:56.691Z", "eventType": "input.type", "fullPath": "/main.py", "details": {"fromA": 13, "toA": 13, "fromB": 13, "toB": 14, "inserted": ["="]}}
{"dateTime": "2025-08-19T18:42:56.962Z", "eventType": "input.type", "fullPath": "/main.py", "details": {"fromA": 14, "toA": 14, "fromB": 14, "toB": 15, "inserted": [" "]}}
{"dateTime": "2025-08-19T18:42:58.274Z", "eventType": "input.type", "fullPath": "/main.py", "details": {"fromA": 15, "toA": 15, "fromB": 15, "toB": 16, "inserted": ["0"]}}
{"dateTime": "2025-08-19T18:43:00.143Z", "eventType": "blur", "fullPath": "/main.py"}
{"dateTime": "2025-08-19T18:43:00.144Z", "eventType": "window.blur", "fullPath": "/main.py"}
{"dateTime": "2025-08-19T18:43:04.940Z", "eventType": "focus", "fullPath": "/main.py"}
{"dateTime": "2025-08-19T18:43:06.275Z", "eventType": "select.pointer", "fullPath": "/main.py", "details": {"selection": {"from": 25, "to": 25}}}
{"dateTime": "2025-08-19T18:43:07.330Z", "eventType": "delete.backward", "fullPath": "/main.py", "details": {"fromA": 24, "toA": 25, "fromB": 24, "toB": 24, "inserted": [""]}}
{"dateTime": "2025-08-19T18:44:00.566Z", "eventType": "window.blur", "fullPath": "/main.py"}
{"dateTime": "2025-08-19T18:44:08.235Z", "eventType": "window.focus", "fullPath": "/main.py"}
{"dateTime": "2025-08-19T18:50:31.469Z", "eventType": "window.blur", "fullPath": "/main.py"}
{"dateTime": "2025-08-19T18:50:55.561Z", "eventType": "window.focus", "fullPath": "/main.py"}
{"dateTime": "2025-08-19T18:50:57.001Z", "eventType": "focus", "fullPath": "/main.py"}
{"dateTime": "2025-08-19T18:50:57.002Z", "eventType": "select.pointer", "fullPath": "/main.py", "details": {"selection": {"from": 0, "to": 0}}}
{"dateTime": "2025-08-19T18:50:59.309Z", "eventType": "blur", "fullPath": "/main.py"}
{"dateTime": "2025-08-19T18:50:59.310Z", "eventType": "window.blur", "fullPath": "/main.py"}
{"dateTime": "2025-08-19T18:51:19.970Z", "eventType": "input.type", "fullPath": "/main.py", "details": {"fromA": 5, "toA": 5, "fromB": 5, "toB": 6, "inserted": [" "]}}
{"dateTime": "2025-08-19T18:51:22.165Z", "eventType": "window.blur", "fullPath": "/main.py"}
{"dateTime": "2025-08-19T18:51:24.210Z", "eventType": "window.focus", "fullPath": "/main.py"}
{"dateTime": "2025-08-19T18:51:24.211Z", "eventType": "focus", "fullPath": "/main.py"}
{"dateTime": "2025-08-19T18:51:25.937Z", "eventType": "input.type", "fullPath": "/main.py", "details": {"fromA": 6, "toA": 6, "fromB": 6, "toB": 7, "inserted": ["1"]}}
{"dateTime": "2025-08-19T18:51:27.313Z", "eventType": "input.type", "fullPath": "/main.py", "details": {"fromA": 7, "toA": 7, "fromB": 7, "toB": 8, "inserted": ["."]}}
{"dateTime": "2025-08-19T18:51:27.743Z", "eventType": "input.type", "fullPath": "/main.py", "details": {"fromA": 8, "toA": 8, "fromB": 8, "toB": 9, "inserted": ["2"]}}
{"dateTime": "2025-08-19T18:51:28.015Z", "eventType": "input.type", "fullPath": "/main.py", "details": {"fromA": 9, "toA": 9, "fromB": 9, "toB": 10, "inserted": ["3"]}}
{"dateTime": "2025-08-19T18:51:29.815Z", "eventType": "input", "fullPath": "/main.py", "details": {"fromA": 10, "toA": 10, "fromB": 10, "toB": 11, "inserted": ["", ""]}}
{"dateTime": "2025-08-19T18:51:32.301Z", "eventType": "window.blur", "fullPath": "/main.py"}
{"dateTime": "2025-08-19T18:51:37.785Z", "eventType": "window.focus", "fullPath": "/main.py"}
{"dateTime": "2025-08-19T18:51:37.786Z", "eventType": "focus", "fullPath": "/main.py"}
{"dateTime": "2025-08-19T18:51:39.268Z", "eventType": "blur", "fullPath": "/main.py"}
{"dateTime": "2025-08-19T18:51:39.806Z", "eventType": "submission", "details": {"correctness": 0, "commit": "7759c957b84b7fcf1181f302422852d0051b0010", "executionTime": 0}}
{"dateTime": "2025-08-19T18:51:47.509Z", "eventType": "window.blur", "fullPath": "/main.py"}
{"dateTime": "2025-08-19T18:52:21.468Z", "eventType": "window.blur", "fullPath": "/main.py"}
{"dateTime": "2025-08-19T18:52:29.001Z", "eventType": "window.focus", "fullPath": "/main.py"}
{"dateTime": "2025-08-19T18:52:30.598Z", "eventType": "focus", "fullPath": "/main.py"}
{"dateTime": "2025-08-19T18:52:30.600Z", "eventType": "select.pointer", "fullPath": "/main.py", "details": {"selection": {"from": 9, "to": 9}}}
{"dateTime": "2025-08-19T18:52:33.344Z", "eventType": "delete.backward", "fullPath": "/main.py", "details": {"fromA": 8, "toA": 9, "fromB": 8, "toB": 8, "inserted": [""]}}
{"dateTime": "2025-08-19T18:52:33.663Z", "eventType": "delete.backward", "fullPath": "/main.py", "details": {"fromA": 7, "toA": 8, "fromB": 7, "toB": 7, "inserted": [""]}}
{"dateTime": "2025-08-19T18:52:33.855Z", "eventType": "delete.backward", "fullPath": "/main.py", "details": {"fromA": 6, "toA": 7, "fromB": 6, "toB": 6, "inserted": [""]}}
{"dateTime": "2025-08-19T18:52:34.430Z", "eventType": "delete.backward", "fullPath": "/main.py", "details": {"fromA": 5, "toA": 6, "fromB": 5, "toB": 5, "inserted": [""]}}
{"dateTime": "2025-08-19T18:52:36.114Z", "eventType": "input.type", "fullPath": "/main.py", "details": {"fromA": 5, "toA": 5, "fromB": 5, "toB": 7, "inserted": ["\"\""]}}
{"dateTime": "2025-08-19T18:52:39.775Z", "eventType": "input.type", "fullPath": "/main.py", "details": {"fromA": 6, "toA": 6, "fromB": 6, "toB": 7, "inserted": ["u"]}}
{"dateTime": "2025-08-19T18:52:40.223Z", "eventType": "input.type", "fullPath": "/main.py", "details": {"fromA": 7, "toA": 7, "fromB": 7, "toB": 8, "inserted": ["f"]}}
{"dateTime": "2025-08-19T18:52:40.463Z", "eventType": "input.type", "fullPath": "/main.py", "details": {"fromA": 8, "toA": 8, "fromB": 8, "toB": 9, "inserted": ["a"]}}
{"dateTime": "2025-08-19T18:52:40.959Z", "eventType": "input.type", "fullPath": "/main.py", "details": {"fromA": 9, "toA": 9, "fromB": 9, "toB": 10, "inserted": ["m"]}}
{"dateTime": "2025-08-19T18:52:42.414Z", "eventType": "select", "fullPath": "/main.py", "details": {"selection": {"from": 11, "to": 11}}}
{"dateTime": "2025-08-19T18:52:43.359Z", "eventType": "delete.backward", "fullPath": "/main.py", "details": {"fromA": 10, "toA": 11, "fromB": 10, "toB": 10, "inserted": [""]}}
{"dateTime": "2025-08-19T18:52:46.060Z", "eventType": "blur", "fullPath": "/main.py"}
{"dateTime": "2025-08-19T18:52:46.061Z", "eventType": "window.blur", "fullPath": "/main.py"}
{"dateTime": "2025-08-19T18:52:49.873Z", "eventType": "window.focus", "fullPath": "/main.py"}
{"dateTime": "2025-08-19T18:52:49.874Z", "eventType": "focus", "fullPath": "/main.py"}
{"dateTime": "2025-08-19T18:52:52.160Z", "eventType": "input", "fullPath": "/main.py", "details": {"fromA": 10, "toA": 10, "fromB": 10, "toB": 11, "inserted": ["", ""]}}
{"dateTime": "2025-08-19T18:52:53.199Z", "eventType": "input.type", "fullPath": "/main.py", "details": {"fromA": 11, "toA": 11, "fromB": 11, "toB": 12, "inserted": ["p"]}}
{"dateTime": "2025-08-19T18:52:53.603Z", "eventType": "input.type", "fullPath": "/main.py", "details": {"fromA": 12, "toA": 12, "fromB": 12, "toB": 13, "inserted": ["r"]}}
{"dateTime": "2025-08-19T18:52:53.840Z", "eventType": "input.type", "fullPath": "/main.py", "details": {"fromA": 13, "toA": 13, "fromB": 13, "toB": 14, "inserted": ["i"]}}
{"dateTime": "2025-08-19T18:52:54.116Z", "eventType": "input.type", "fullPath": "/main.py", "details": {"fromA": 14, "toA": 14, "fromB": 14, "toB": 15, "inserted": ["n"]}}
{"dateTime": "2025-08-19T18:52:54.432Z", "eventType": "input.type", "fullPath": "/main.py", "details": {"fromA": 15, "toA": 15, "fromB": 15, "toB": 16, "inserted": ["t"]}}
{"dateTime": "2025-08-19T18:52:56.160Z", "eventType": "input.type", "fullPath": "/main.py", "details": {"fromA": 16, "toA": 16, "fromB": 16, "toB": 18, "inserted": ["()"]}}
{"dateTime": "2025-08-19T18:52:59.503Z", "eventType": "input.type", "fullPath": "/main.py", "details": {"fromA": 17, "toA": 17, "fromB": 17, "toB": 18, "inserted": ["x"]}}
{"dateTime": "2025-08-19T18:53:00.080Z", "eventType": "input.type", "fullPath": "/main.py", "details": {"fromA": 18, "toA": 18, "fromB": 18, "toB": 19, "inserted": ["1"]}}
{"dateTime": "2025-08-19T18:53:20.896Z", "eventType": "input.type", "fullPath": "/main.py", "details": {"fromA": 10, "toA": 10, "fromB": 10, "toB": 11, "inserted": ["\""]}}
{"dateTime": "2025-08-19T18:53:22.760Z", "eventType": "select.pointer", "fullPath": "/main.py", "details": {"selection": {"from": 21, "to": 21}}}
{"dateTime": "2025-08-19T18:53:23.582Z", "eventType": "delete.backward", "fullPath": "/main.py", "details": {"fromA": 20, "toA": 21, "fromB": 20, "toB": 20, "inserted": [""]}}
{"dateTime": "2025-08-19T18:53:25.775Z", "eventType": "blur", "fullPath": "/main.py"}
{"dateTime": "2025-08-19T18:53:26.199Z", "eventType": "submission", "details": {"correctness": 0, "commit": "ef212a8a17dfcd9c609ef8bf3137d1977a97417d", "executionTime": 0}}
{"dateTime": "2025-08-19T18:53:30.308Z", "eventType": "window.blur", "fullPath": "/main.py"}
{"dateTime": "2025-08-19T18:53:35.199Z", "eventType": "window.focus", "fullPath": "/main.py"}
{"dateTime": "2025-08-19T18:53:36.957Z", "eventType": "run", "details": {"commit": "ef212a8a17dfcd9c609ef8bf3137d1977a97417d"}}
{"dateTime": "2025-08-19T18:53:41.148Z", "eventType": "window.blur", "fullPath": "/main.py"}
{"dateTime": "2025-08-19T18:53:56.023Z", "eventType": "window.focus", "fullPath": "/main.py"}
{"dateTime": "2025-08-19T18:53:57.541Z", "eventType": "focus", "fullPath": "/main.py"}
{"dateTime": "2025-08-19T18:53:57.545Z", "eventType": "select.pointer", "fullPath": "/main.py", "details": {"selection": {"from": 11, "to": 11}}}
{"dateTime": "2025-08-19T18:53:58.607Z", "eventType": "delete.backward", "fullPath": "/main.py", "details": {"fromA": 10, "toA": 11, "fromB": 10, "toB": 10, "inserted": [""]}}
{"dateTime": "2025-08-19T18:53:58.799Z", "eventType": "delete.backward", "fullPath": "/main.py", "details": {"fromA": 9, "toA": 10, "fromB": 9, "toB": 9, "inserted": [""]}}
{"dateTime": "2025-08-19T18:53:59.055Z", "eventType": "delete.backward", "fullPath": "/main.py", "details": {"fromA": 8, "toA": 9, "fromB": 8, "toB": 8, "inserted": [""]}}
{"dateTime": "2025-08-19T18:53:59.231Z", "eventType": "delete.backward", "fullPath": "/main.py", "details": {"fromA": 7, "toA": 8, "fromB": 7, "toB": 7, "inserted": [""]}}
{"dateTime": "2025-08-19T18:53:59.391Z", "eventType": "delete.backward", "fullPath": "/main.py", "details": {"fromA": 6, "toA": 7, "fromB": 6, "toB": 6, "inserted": [""]}}
{"dateTime": "2025-08-19T18:53:59.549Z", "eventType": "delete.backward", "fullPath": "/main.py", "details": {"fromA": 5, "toA": 6, "fromB": 5, "toB": 5, "inserted": [""]}}
{"dateTime": "2025-08-19T18:54:00.880Z", "eventType": "input.type", "fullPath": "/main.py", "details": {"fromA": 5, "toA": 5, "fromB": 5, "toB": 6, "inserted": ["1"]}}
{"dateTime": "2025-08-19T18:54:19.549Z", "eventType": "input.type", "fullPath": "/main.py", "details": {"fromA": 24, "toA": 24, "fromB": 24, "toB": 25, "inserted": ["2"]}}
{"dateTime": "2025-08-19T18:54:21.424Z", "eventType": "input.type", "fullPath": "/main.py", "details": {"fromA": 25, "toA": 25, "fromB": 25, "toB": 26, "inserted": [")"]}}
{"dateTime": "2025-08-19T18:54:23.751Z", "eventType": "blur", "fullPath": "/main.py"}
{"dateTime": "2025-08-19T18:54:24.255Z", "eventType": "submission", "details": {"correctness": 0, "commit": "348f6555b6b7797da7551e45bd29d07f39c19413", "executionTime": 0.01}}
{"dateTime": "2025-08-19T18:54:26.410Z", "eventType": "run", "details": {"commit": "348f6555b6b7797da7551e45bd29d07f39c19413"}}
{"dateTime": "2025-08-19T18:54:29.868Z", "eventType": "window.blur", "fullPath": "/main.py"}
{"dateTime": "2025-08-19T18:54:38.351Z", "eventType": "window.focus", "fullPath": "/main.py"}
{"dateTime": "2025-08-19T18:54:39.469Z", "eventType": "focus", "fullPath": "/main.py"}
{"dateTime": "2025-08-19T18:54:39.472Z", "eventType": "select.pointer", "fullPath": "/main.py", "details": {"selection": {"from": 26, "to": 26}}}
{"dateTime": "2025-08-19T18:54:40.519Z", "eventType": "select.pointer", "fullPath": "/main.py", "details": {"selection": {"from": 16, "to": 16}}}
{"dateTime": "2025-08-19T18:54:41.501Z", "eventType": "delete.backward", "fullPath": "/main.py", "details": {"fromA": 15, "toA": 16, "fromB": 15, "toB": 15, "inserted": [""]}}
{"dateTime": "2025-08-19T18:54:41.695Z", "eventType": "delete.backward", "fullPath": "/main.py", "details": {"fromA": 14, "toA": 15, "fromB": 14, "toB": 14, "inserted": [""]}}
{"dateTime": "2025-08-19T18:54:41.853Z", "eventType": "delete.backward", "fullPath": "/main.py", "details": {"fromA": 13, "toA": 14, "fromB": 13, "toB": 13, "inserted": [""]}}
{"dateTime": "2025-08-19T18:54:42.286Z", "eventType": "delete.backward", "fullPath": "/main.py", "details": {"fromA": 12, "toA": 13, "fromB": 12, "toB": 12, "inserted": [""]}}
{"dateTime": "2025-08-19T18:54:42.510Z", "eventType": "delete.backward", "fullPath": "/main.py", "details": {"fromA": 11, "toA": 12, "fromB": 11, "toB": 11, "inserted": [""]}}
{"dateTime": "2025-08-19T18:54:43.005Z", "eventType": "delete.backward", "fullPath": "/main.py", "details": {"fromA": 10, "toA": 11, "fromB": 10, "toB": 10, "inserted": [""]}}
{"dateTime": "2025-08-19T18:54:43.392Z", "eventType": "delete.backward", "fullPath": "/main.py", "details": {"fromA": 9, "toA": 10, "fromB": 9, "toB": 9, "inserted": [""]}}
{"dateTime": "2025-08-19T18:54:46.647Z", "eventType": "select.pointer", "fullPath": "/main.py", "details": {"selection": {"from": 18, "to": 18}}}
{"dateTime": "2025-08-19T18:54:47.743Z", "eventType": "delete.backward", "fullPath": "/main.py", "details": {"fromA": 17, "toA": 18, "fromB": 17, "toB": 17, "inserted": [""]}}
{"dateTime": "2025-08-19T18:54:48.447Z", "eventType": "input.type", "fullPath": "/main.py", "details": {"fromA": 17, "toA": 17, "fromB": 17, "toB": 18, "inserted": ["1"]}}
{"dateTime": "2025-08-19T18:54:50.132Z", "eventType": "blur", "fullPath": "/main.py"}
{"dateTime": "2025-08-19T18:54:50.133Z", "eventType": "window.blur", "fullPath": "/main.py"}
{"dateTime": "2025-08-19T18:54:55.001Z", "eventType": "window.focus", "fullPath": "/main.py"}
{"dateTime": "2025-08-19T18:54:55.002Z", "eventType": "focus", "fullPath": "/main.py"}
{"dateTime": "2025-08-19T18:54:57.151Z", "eventType": "blur", "fullPath": "/main.py"}
{"dateTime": "2025-08-19T18:54:57.624Z", "eventType": "submission", "details": {"correctness": 1, "commit": "ff436eaf00886d9755a3c92bbc2f720bd92bdf55", "executionTime": 0.01}}
{"dateTime": "2025-08-19T18:55:21.133Z", "eventType": "focus", "fullPath": "/main.py"}
{"dateTime": "2025-08-19T18:55:21.136Z", "eventType": "select.pointer", "fullPath": "/main.py", "details": {"selection": {"from": 14, "to": 14}}}
{"dateTime": "2025-08-19T18:55:23.232Z", "eventType": "input.type", "fullPath": "/main.py", "details": {"fromA": 14, "toA": 14, "fromB": 14, "toB": 15, "inserted": ["t"]}}
{"dateTime": "2025-08-19T18:55:24.813Z", "eventType": "input.complete", "fullPath": "/main.py", "details": {"fromA": 10, "toA": 15, "fromB": 10, "toB": 15, "inserted": ["print"]}}
{"dateTime": "2025-08-19T18:55:27.575Z", "eventType": "blur", "fullPath": "/main.py"}
{"dateTime": "2025-08-19T18:55:28.087Z", "eventType": "submission", "details": {"correctness": 0, "commit": "c7f8b77a0e4a61d12c904e83896e355fb5323e20", "executionTime": 0}}
{"dateTime": "2025-08-19T18:55:30.447Z", "eventType": "run", "details": {"commit": "c7f8b77a0e4a61d12c904e83896e355fb5323e20"}}
{"dateTime": "2025-08-19T18:55:35.787Z", "eventType": "window.blur", "fullPath": "/main.py"}
{"dateTime": "2025-08-19T18:55:42.574Z", "eventType": "window.focus", "fullPath": "/main.py"}
{"dateTime": "2025-08-19T18:55:44.213Z", "eventType": "focus", "fullPath": "/main.py"}
{"dateTime": "2025-08-19T18:55:44.217Z", "eventType": "select.pointer", "fullPath": "/main.py", "details": {"selection": {"from": 16, "to": 16}}}
{"dateTime": "2025-08-19T18:55:45.648Z", "eventType": "delete.backward", "fullPath": "/main.py", "details": {"fromA": 15, "toA": 16, "fromB": 15, "toB": 15, "inserted": [""]}}
{"dateTime": "2025-08-19T18:55:47.479Z", "eventType": "blur", "fullPath": "/main.py"}
{"dateTime": "2025-08-19T18:55:47.942Z", "eventType": "submission", "details": {"correctness": 1, "commit": "3f7e1cd17ee6354a6ee4eafbcc351b68529e853a", "executionTime": 0.01}}
{"dateTime": "2025-08-19T18:55:49.821Z", "eventType": "window.blur", "fullPath": "/main.py"}
