== RUN (2025-08-13 16:13:59)
-- CODE: 
frase = "Ada Lovalece foi a primeira programadora da historia."
print(("Ada Lovalece foi a primeira programadora da historia".).upper())
-- EXECUTION TIME: 
0.0
-- TEST CASE 1:
---- input:
xx
---- correct output:
ADA LOVELACE FOI A PRIMEIRA PROGRAMADORA DA HISTORIA.
-- ERROR:
File "XXXX", line 2
    print(("Ada Lovalece foi a primeira programadora da historia".).upper())
                                                                  ^
SyntaxError: invalid syntax
-- TEST CASE 2:
---- input:
xx
---- correct output:
ADA LOVELACE FOI A PRIMEIRA PROGRAMADORA DA HISTORIA.
-- ERROR:
File "XXXX", line 2
    print(("Ada Lovalece foi a primeira programadora da historia".).upper())
                                                                  ^
SyntaxError: invalid syntax
*-*-*-*-*-*-*-*-*-*-*-*-*-*-*-*-*-*-*-*-*-*-*-*
== RUN (2025-08-13 16:12:22)
-- CODE: 
frase = "Ada Lovalece foi a primeira programadora da historia."
print(.upper("Ada Lovalece foi a primeira programadora da historia".))
-- EXECUTION TIME: 
0.0
-- TEST CASE 1:
---- input:
xx
---- correct output:
ADA LOVELACE FOI A PRIMEIRA PROGRAMADORA DA HISTORIA.
-- ERROR:
File "XXXX", line 2
    print(.upper("Ada Lovalece foi a primeira programadora da historia".))
          ^
SyntaxError: invalid syntax
-- TEST CASE 2:
---- input:
xx
---- correct output:
ADA LOVELACE FOI A PRIMEIRA PROGRAMADORA DA HISTORIA.
-- ERROR:
File "XXXX", line 2
    print(.upper("Ada Lovalece foi a primeira programadora da historia".))
          ^
SyntaxError: invalid syntax
*-*-*-*-*-*-*-*-*-*-*-*-*-*-*-*-*-*-*-*-*-*-*-*
== RUN (2025-08-13 16:12:52)
-- CODE: 
frase = "Ada Lovalece foi a primeira programadora da historia."
print(("Ada Lovalece foi a primeira programadora da historia".).upper)
-- EXECUTION TIME: 
0.0
-- TEST CASE 1:
---- input:
xx
---- correct output:
ADA LOVELACE FOI A PRIMEIRA PROGRAMADORA DA HISTORIA.
-- ERROR:
File "XXXX", line 2
    print(("Ada Lovalece foi a primeira programadora da historia".).upper)
                                                                  ^
SyntaxError: invalid syntax
-- TEST CASE 2:
---- input:
xx
---- correct output:
ADA LOVELACE FOI A PRIMEIRA PROGRAMADORA DA HISTORIA.
-- ERROR:
File "XXXX", line 2
    print(("Ada Lovalece foi a primeira programadora da historia".).upper)
                                                                  ^
SyntaxError: invalid syntax
*-*-*-*-*-*-*-*-*-*-*-*-*-*-*-*-*-*-*-*-*-*-*-*
== RUN (2025-08-13 16:14:11)
-- CODE: 
frase = "Ada Lovalece foi a primeira programadora da historia."
print(("Ada Lovalece foi a primeira programadora da historia".)variavel.upper())
-- EXECUTION TIME: 
0.0
-- TEST CASE 1:
---- input:
xx
---- correct output:
ADA LOVELACE FOI A PRIMEIRA PROGRAMADORA DA HISTORIA.
-- ERROR:
File "XXXX", line 2
    print(("Ada Lovalece foi a primeira programadora da historia".)variavel.upper())
                                                                  ^
SyntaxError: invalid syntax
-- TEST CASE 2:
---- input:
xx
---- correct output:
ADA LOVELACE FOI A PRIMEIRA PROGRAMADORA DA HISTORIA.
-- ERROR:
File "XXXX", line 2
    print(("Ada Lovalece foi a primeira programadora da historia".)variavel.upper())
                                                                  ^
SyntaxError: invalid syntax
*-*-*-*-*-*-*-*-*-*-*-*-*-*-*-*-*-*-*-*-*-*-*-*
== RUN (2025-08-13 16:14:47)
-- CODE: 
frase = "Ada Lovalece foi a primeira programadora da historia."
print(variavel.upper("Ada Lovalece foi a primeira programadora da historia".)
-- EXECUTION TIME: 
0.0
-- TEST CASE 1:
---- input:
xx
---- correct output:
ADA LOVELACE FOI A PRIMEIRA PROGRAMADORA DA HISTORIA.
-- ERROR:
File "XXXX", line 2
    print(variavel.upper("Ada Lovalece foi a primeira programadora da historia".)
                                                                                ^
SyntaxError: invalid syntax
-- TEST CASE 2:
---- input:
xx
---- correct output:
ADA LOVELACE FOI A PRIMEIRA PROGRAMADORA DA HISTORIA.
-- ERROR:
File "XXXX", line 2
    print(variavel.upper("Ada Lovalece foi a primeira programadora da historia".)
                                                                                ^
SyntaxError: invalid syntax
*-*-*-*-*-*-*-*-*-*-*-*-*-*-*-*-*-*-*-*-*-*-*-*
== SUBMISSION (2025-08-13 16:18:48)
-- CODE: 
print("Ada Lovelace foi a primeira programadora da historia".upper())
-- EXECUTION TIME: 
0.01
-- TEST CASE 1:
---- input:
xx
---- correct output:
ADA LOVELACE FOI A PRIMEIRA PROGRAMADORA DA HISTORIA.
---- user output:
ADA LOVELACE FOI A PRIMEIRA PROGRAMADORA DA HISTORIA
-- TEST CASE 2:
---- input:
xx
---- correct output:
ADA LOVELACE FOI A PRIMEIRA PROGRAMADORA DA HISTORIA.
---- user output:
ADA LOVELACE FOI A PRIMEIRA PROGRAMADORA DA HISTORIA
-- GRADE:
0%
*-*-*-*-*-*-*-*-*-*-*-*-*-*-*-*-*-*-*-*-*-*-*-*
== RUN (2025-08-13 16:14:00)
-- CODE: 
frase = "Ada Lovalece foi a primeira programadora da historia."
print(("Ada Lovalece foi a primeira programadora da historia".).upper())
-- EXECUTION TIME: 
0.0
-- TEST CASE 1:
---- input:
xx
---- correct output:
ADA LOVELACE FOI A PRIMEIRA PROGRAMADORA DA HISTORIA.
-- ERROR:
File "XXXX", line 2
    print(("Ada Lovalece foi a primeira programadora da historia".).upper())
                                                                  ^
SyntaxError: invalid syntax
-- TEST CASE 2:
---- input:
xx
---- correct output:
ADA LOVELACE FOI A PRIMEIRA PROGRAMADORA DA HISTORIA.
-- ERROR:
File "XXXX", line 2
    print(("Ada Lovalece foi a primeira programadora da historia".).upper())
                                                                  ^
SyntaxError: invalid syntax
*-*-*-*-*-*-*-*-*-*-*-*-*-*-*-*-*-*-*-*-*-*-*-*
== RUN (2025-08-13 16:18:06)
-- CODE: 
"Ada Loelace foi a primeira programadora da historia".upper()
-- EXECUTION TIME: 
0.0
-- TEST CASE 1:
---- input:
xx
---- correct output:
ADA LOVELACE FOI A PRIMEIRA PROGRAMADORA DA HISTORIA.
---- user output:
None
-- TEST CASE 2:
---- input:
xx
---- correct output:
ADA LOVELACE FOI A PRIMEIRA PROGRAMADORA DA HISTORIA.
---- user output:
None
*-*-*-*-*-*-*-*-*-*-*-*-*-*-*-*-*-*-*-*-*-*-*-*
== RUN (2025-08-13 16:12:48)
-- CODE: 
frase = "Ada Lovalece foi a primeira programadora da historia."
print(("Ada Lovalece foi a primeira programadora da historia".).upper)
-- EXECUTION TIME: 
0.0
-- TEST CASE 1:
---- input:
xx
---- correct output:
ADA LOVELACE FOI A PRIMEIRA PROGRAMADORA DA HISTORIA.
-- ERROR:
File "XXXX", line 2
    print(("Ada Lovalece foi a primeira programadora da historia".).upper)
                                                                  ^
SyntaxError: invalid syntax
-- TEST CASE 2:
---- input:
xx
---- correct output:
ADA LOVELACE FOI A PRIMEIRA PROGRAMADORA DA HISTORIA.
-- ERROR:
File "XXXX", line 2
    print(("Ada Lovalece foi a primeira programadora da historia".).upper)
                                                                  ^
SyntaxError: invalid syntax
*-*-*-*-*-*-*-*-*-*-*-*-*-*-*-*-*-*-*-*-*-*-*-*
== RUN (2025-08-13 16:18:06)
-- CODE: 
"Ada Loelace foi a primeira programadora da historia".upper()
-- EXECUTION TIME: 
0.0
-- TEST CASE 1:
---- input:
xx
---- correct output:
ADA LOVELACE FOI A PRIMEIRA PROGRAMADORA DA HISTORIA.
---- user output:
None
-- TEST CASE 2:
---- input:
xx
---- correct output:
ADA LOVELACE FOI A PRIMEIRA PROGRAMADORA DA HISTORIA.
---- user output:
None
*-*-*-*-*-*-*-*-*-*-*-*-*-*-*-*-*-*-*-*-*-*-*-*
== RUN (2025-08-13 16:14:47)
-- CODE: 
frase = "Ada Lovalece foi a primeira programadora da historia."
print(variavel.upper("Ada Lovalece foi a primeira programadora da historia".)
-- EXECUTION TIME: 
0.0
-- TEST CASE 1:
---- input:
xx
---- correct output:
ADA LOVELACE FOI A PRIMEIRA PROGRAMADORA DA HISTORIA.
-- ERROR:
File "XXXX", line 2
    print(variavel.upper("Ada Lovalece foi a primeira programadora da historia".)
                                                                                ^
SyntaxError: invalid syntax
-- TEST CASE 2:
---- input:
xx
---- correct output:
ADA LOVELACE FOI A PRIMEIRA PROGRAMADORA DA HISTORIA.
-- ERROR:
File "XXXX", line 2
    print(variavel.upper("Ada Lovalece foi a primeira programadora da historia".)
                                                                                ^
SyntaxError: invalid syntax
*-*-*-*-*-*-*-*-*-*-*-*-*-*-*-*-*-*-*-*-*-*-*-*
== RUN (2025-08-13 16:20:37)
-- CODE: 
print("Ada Lovelace foi a primeira programadora da historia."upper())
-- EXECUTION TIME: 
0.0
-- TEST CASE 1:
---- input:
xx
---- correct output:
ADA LOVELACE FOI A PRIMEIRA PROGRAMADORA DA HISTORIA.
-- ERROR:
File "XXXX", line 1
    print("Ada Lovelace foi a primeira programadora da historia."upper())
          ^^^^^^^^^^^^^^^^^^^^^^^^^^^^^^^^^^^^^^^^^^^^^^^^^^^^^^^^^^^^^^
SyntaxError: invalid syntax. Perhaps you forgot a comma?
-- TEST CASE 2:
---- input:
xx
---- correct output:
ADA LOVELACE FOI A PRIMEIRA PROGRAMADORA DA HISTORIA.
-- ERROR:
File "XXXX", line 1
    print("Ada Lovelace foi a primeira programadora da historia."upper())
          ^^^^^^^^^^^^^^^^^^^^^^^^^^^^^^^^^^^^^^^^^^^^^^^^^^^^^^^^^^^^^^
SyntaxError: invalid syntax. Perhaps you forgot a comma?
*-*-*-*-*-*-*-*-*-*-*-*-*-*-*-*-*-*-*-*-*-*-*-*
== SUBMISSION (2025-08-13 16:20:00)
-- CODE: 
print("Ada Lovelace foi a primeira programadora da historia".upper())
-- EXECUTION TIME: 
0.01
-- TEST CASE 1:
---- input:
xx
---- correct output:
ADA LOVELACE FOI A PRIMEIRA PROGRAMADORA DA HISTORIA.
---- user output:
ADA LOVELACE FOI A PRIMEIRA PROGRAMADORA DA HISTORIA
-- TEST CASE 2:
---- input:
xx
---- correct output:
ADA LOVELACE FOI A PRIMEIRA PROGRAMADORA DA HISTORIA.
---- user output:
ADA LOVELACE FOI A PRIMEIRA PROGRAMADORA DA HISTORIA
-- GRADE:
0%
*-*-*-*-*-*-*-*-*-*-*-*-*-*-*-*-*-*-*-*-*-*-*-*
== SUBMISSION (2025-08-13 16:18:31)
-- CODE: 
print("Ada Loelace foi a primeira programadora da historia".upper())
-- EXECUTION TIME: 
0.01
-- TEST CASE 1:
---- input:
xx
---- correct output:
ADA LOVELACE FOI A PRIMEIRA PROGRAMADORA DA HISTORIA.
---- user output:
ADA LOELACE FOI A PRIMEIRA PROGRAMADORA DA HISTORIA
-- TEST CASE 2:
---- input:
xx
---- correct output:
ADA LOVELACE FOI A PRIMEIRA PROGRAMADORA DA HISTORIA.
---- user output:
ADA LOELACE FOI A PRIMEIRA PROGRAMADORA DA HISTORIA
-- GRADE:
0%
*-*-*-*-*-*-*-*-*-*-*-*-*-*-*-*-*-*-*-*-*-*-*-*
== RUN (2025-08-13 16:18:05)
-- CODE: 
"Ada Loelace foi a primeira programadora da historia".upper()
-- EXECUTION TIME: 
0.0
-- TEST CASE 1:
---- input:
xx
---- correct output:
ADA LOVELACE FOI A PRIMEIRA PROGRAMADORA DA HISTORIA.
---- user output:
None
-- TEST CASE 2:
---- input:
xx
---- correct output:
ADA LOVELACE FOI A PRIMEIRA PROGRAMADORA DA HISTORIA.
---- user output:
None
*-*-*-*-*-*-*-*-*-*-*-*-*-*-*-*-*-*-*-*-*-*-*-*
== RUN (2025-08-13 16:18:04)
-- CODE: 
"Ada Loelace foi a primeira programadora da historia".upper()
-- EXECUTION TIME: 
0.0
-- TEST CASE 1:
---- input:
xx
---- correct output:
ADA LOVELACE FOI A PRIMEIRA PROGRAMADORA DA HISTORIA.
---- user output:
None
-- TEST CASE 2:
---- input:
xx
---- correct output:
ADA LOVELACE FOI A PRIMEIRA PROGRAMADORA DA HISTORIA.
---- user output:
None
*-*-*-*-*-*-*-*-*-*-*-*-*-*-*-*-*-*-*-*-*-*-*-*
== SUBMISSION (2025-08-13 16:20:46)
-- CODE: 
print("Ada Lovelace foi a primeira programadora da historia.".upper())
-- EXECUTION TIME: 
0.01
-- TEST CASE 1:
---- input:
xx
---- correct output:
ADA LOVELACE FOI A PRIMEIRA PROGRAMADORA DA HISTORIA.
---- user output:
ADA LOVELACE FOI A PRIMEIRA PROGRAMADORA DA HISTORIA.
-- TEST CASE 2:
---- input:
xx
---- correct output:
ADA LOVELACE FOI A PRIMEIRA PROGRAMADORA DA HISTORIA.
---- user output:
ADA LOVELACE FOI A PRIMEIRA PROGRAMADORA DA HISTORIA.
-- GRADE:
100%
*-*-*-*-*-*-*-*-*-*-*-*-*-*-*-*-*-*-*-*-*-*-*-*
== RUN (2025-08-13 16:12:47)
-- CODE: 
frase = "Ada Lovalece foi a primeira programadora da historia."
print(("Ada Lovalece foi a primeira programadora da historia".).upper)
-- EXECUTION TIME: 
0.0
-- TEST CASE 1:
---- input:
xx
---- correct output:
ADA LOVELACE FOI A PRIMEIRA PROGRAMADORA DA HISTORIA.
-- ERROR:
File "XXXX", line 2
    print(("Ada Lovalece foi a primeira programadora da historia".).upper)
                                                                  ^
SyntaxError: invalid syntax
-- TEST CASE 2:
---- input:
xx
---- correct output:
ADA LOVELACE FOI A PRIMEIRA PROGRAMADORA DA HISTORIA.
-- ERROR:
File "XXXX", line 2
    print(("Ada Lovalece foi a primeira programadora da historia".).upper)
                                                                  ^
SyntaxError: invalid syntax
*-*-*-*-*-*-*-*-*-*-*-*-*-*-*-*-*-*-*-*-*-*-*-*
== RUN (2025-08-13 16:18:47)
-- CODE: 
print("Ada Lovelace foi a primeira programadora da historia".upper())
-- EXECUTION TIME: 
0.0
-- TEST CASE 1:
---- input:
xx
---- correct output:
ADA LOVELACE FOI A PRIMEIRA PROGRAMADORA DA HISTORIA.
---- user output:
ADA LOVELACE FOI A PRIMEIRA PROGRAMADORA DA HISTORIA
-- TEST CASE 2:
---- input:
xx
---- correct output:
ADA LOVELACE FOI A PRIMEIRA PROGRAMADORA DA HISTORIA.
---- user output:
ADA LOVELACE FOI A PRIMEIRA PROGRAMADORA DA HISTORIA
*-*-*-*-*-*-*-*-*-*-*-*-*-*-*-*-*-*-*-*-*-*-*-*
== RUN (2025-08-13 16:12:46)
-- CODE: 
frase = "Ada Lovalece foi a primeira programadora da historia."
print(("Ada Lovalece foi a primeira programadora da historia".).upper)
-- EXECUTION TIME: 
0.0
-- TEST CASE 1:
---- input:
xx
---- correct output:
ADA LOVELACE FOI A PRIMEIRA PROGRAMADORA DA HISTORIA.
-- ERROR:
File "XXXX", line 2
    print(("Ada Lovalece foi a primeira programadora da historia".).upper)
                                                                  ^
SyntaxError: invalid syntax
-- TEST CASE 2:
---- input:
xx
---- correct output:
ADA LOVELACE FOI A PRIMEIRA PROGRAMADORA DA HISTORIA.
-- ERROR:
File "XXXX", line 2
    print(("Ada Lovalece foi a primeira programadora da historia".).upper)
                                                                  ^
SyntaxError: invalid syntax
*-*-*-*-*-*-*-*-*-*-*-*-*-*-*-*-*-*-*-*-*-*-*-*
== RUN (2025-08-13 16:14:44)
-- CODE: 
frase = "Ada Lovalece foi a primeira programadora da historia."
print(variavel.upper("Ada Lovalece foi a primeira programadora da historia".)
-- EXECUTION TIME: 
0.0
-- TEST CASE 1:
---- input:
xx
---- correct output:
ADA LOVELACE FOI A PRIMEIRA PROGRAMADORA DA HISTORIA.
-- ERROR:
File "XXXX", line 2
    print(variavel.upper("Ada Lovalece foi a primeira programadora da historia".)
                                                                                ^
SyntaxError: invalid syntax
-- TEST CASE 2:
---- input:
xx
---- correct output:
ADA LOVELACE FOI A PRIMEIRA PROGRAMADORA DA HISTORIA.
-- ERROR:
File "XXXX", line 2
    print(variavel.upper("Ada Lovalece foi a primeira programadora da historia".)
                                                                                ^
SyntaxError: invalid syntax
*-*-*-*-*-*-*-*-*-*-*-*-*-*-*-*-*-*-*-*-*-*-*-*
== RUN (2025-08-13 16:18:25)
-- CODE: 
print("Ada Loelace foi a primeira programadora da historia".upper())
-- EXECUTION TIME: 
0.0
-- TEST CASE 1:
---- input:
xx
---- correct output:
ADA LOVELACE FOI A PRIMEIRA PROGRAMADORA DA HISTORIA.
---- user output:
ADA LOELACE FOI A PRIMEIRA PROGRAMADORA DA HISTORIA
-- TEST CASE 2:
---- input:
xx
---- correct output:
ADA LOVELACE FOI A PRIMEIRA PROGRAMADORA DA HISTORIA.
---- user output:
ADA LOELACE FOI A PRIMEIRA PROGRAMADORA DA HISTORIA
*-*-*-*-*-*-*-*-*-*-*-*-*-*-*-*-*-*-*-*-*-*-*-*
== RUN (2025-08-13 16:20:44)
-- CODE: 
print("Ada Lovelace foi a primeira programadora da historia.".upper())
-- EXECUTION TIME: 
0.0
-- TEST CASE 1:
---- input:
xx
---- correct output:
ADA LOVELACE FOI A PRIMEIRA PROGRAMADORA DA HISTORIA.
---- user output:
ADA LOVELACE FOI A PRIMEIRA PROGRAMADORA DA HISTORIA.
-- TEST CASE 2:
---- input:
xx
---- correct output:
ADA LOVELACE FOI A PRIMEIRA PROGRAMADORA DA HISTORIA.
---- user output:
ADA LOVELACE FOI A PRIMEIRA PROGRAMADORA DA HISTORIA.
*-*-*-*-*-*-*-*-*-*-*-*-*-*-*-*-*-*-*-*-*-*-*-*
