== RUN (2025-08-23 22:14:05)
-- CODE: 
temperatura = "Digite a Temperatura (Em Celsius): "

-- EXECUTION TIME: 
0.0
-- TEST CASE 1:
---- input:
-40.0
---- correct output:
-40.0
---- user output:
None
-- TEST CASE 2:
---- input:
-10.0
---- correct output:
14.0
---- user output:
None
-- TEST CASE 3:
---- input:
100.0
---- correct output:
212.0
---- user output:
None
-- TEST CASE 4:
---- input:
20.25
---- correct output:
68.45
---- user output:
None
-- TEST CASE 5:
---- input:
0.0
---- correct output:
32.0
---- user output:
None
-- TEST CASE 6:
---- input:
30.5
---- correct output:
86.9
---- user output:
None
*-*-*-*-*-*-*-*-*-*-*-*-*-*-*-*-*-*-*-*-*-*-*-*
== RUN (2025-08-23 22:15:28)
-- CODE: 
temperatura = float(input("Digite a Temperatura (Em Celsius): "))

F = temperatura * (9 / 5) + 32

print(round(F, 2))
-- EXECUTION TIME: 
0.0
-- TEST CASE 1:
---- input:
-40.0
---- correct output:
-40.0
---- user output:
Digite a Temperatura (Em Celsius): -40.0
-- TEST CASE 2:
---- input:
-10.0
---- correct output:
14.0
---- user output:
Digite a Temperatura (Em Celsius): 14.0
-- TEST CASE 3:
---- input:
100.0
---- correct output:
212.0
---- user output:
Digite a Temperatura (Em Celsius): 212.0
-- TEST CASE 4:
---- input:
20.25
---- correct output:
68.45
---- user output:
Digite a Temperatura (Em Celsius): 68.45
-- TEST CASE 5:
---- input:
0.0
---- correct output:
32.0
---- user output:
Digite a Temperatura (Em Celsius): 32.0
-- TEST CASE 6:
---- input:
30.5
---- correct output:
86.9
---- user output:
Digite a Temperatura (Em Celsius): 86.9
*-*-*-*-*-*-*-*-*-*-*-*-*-*-*-*-*-*-*-*-*-*-*-*
== RUN (2025-08-23 22:15:15)
-- CODE: 
temperatura = float(input("Digite a Temperatura (Em Celsius): "))

F = temperatura * (9 / 5) + 32

print(round(F, 2))
-- EXECUTION TIME: 
0.0
-- TEST CASE 1:
---- input:
-40.0
---- correct output:
-40.0
---- user output:
Digite a Temperatura (Em Celsius): -40.0
-- TEST CASE 2:
---- input:
-10.0
---- correct output:
14.0
---- user output:
Digite a Temperatura (Em Celsius): 14.0
-- TEST CASE 3:
---- input:
100.0
---- correct output:
212.0
---- user output:
Digite a Temperatura (Em Celsius): 212.0
-- TEST CASE 4:
---- input:
20.25
---- correct output:
68.45
---- user output:
Digite a Temperatura (Em Celsius): 68.45
-- TEST CASE 5:
---- input:
0.0
---- correct output:
32.0
---- user output:
Digite a Temperatura (Em Celsius): 32.0
-- TEST CASE 6:
---- input:
30.5
---- correct output:
86.9
---- user output:
Digite a Temperatura (Em Celsius): 86.9
*-*-*-*-*-*-*-*-*-*-*-*-*-*-*-*-*-*-*-*-*-*-*-*
== RUN (2025-08-23 21:23:34)
-- CODE: 

-- EXECUTION TIME: 
0.0
-- TEST CASE 1:
---- input:
-40.0
---- correct output:
-40.0
---- user output:
None
-- TEST CASE 2:
---- input:
-10.0
---- correct output:
14.0
---- user output:
None
-- TEST CASE 3:
---- input:
100.0
---- correct output:
212.0
---- user output:
None
-- TEST CASE 4:
---- input:
20.25
---- correct output:
68.45
---- user output:
None
-- TEST CASE 5:
---- input:
0.0
---- correct output:
32.0
---- user output:
None
-- TEST CASE 6:
---- input:
30.5
---- correct output:
86.9
---- user output:
None
*-*-*-*-*-*-*-*-*-*-*-*-*-*-*-*-*-*-*-*-*-*-*-*
== RUN (2025-08-23 22:14:25)
-- CODE: 
temperatura = float(input("Digite a Temperatura (Em Celsius): "))

-- EXECUTION TIME: 
0.0
-- TEST CASE 1:
---- input:
-40.0
---- correct output:
-40.0
---- user output:
Digite a Temperatura (Em Celsius):
-- TEST CASE 2:
---- input:
-10.0
---- correct output:
14.0
---- user output:
Digite a Temperatura (Em Celsius):
-- TEST CASE 3:
---- input:
100.0
---- correct output:
212.0
---- user output:
Digite a Temperatura (Em Celsius):
-- TEST CASE 4:
---- input:
20.25
---- correct output:
68.45
---- user output:
Digite a Temperatura (Em Celsius):
-- TEST CASE 5:
---- input:
0.0
---- correct output:
32.0
---- user output:
Digite a Temperatura (Em Celsius):
-- TEST CASE 6:
---- input:
30.5
---- correct output:
86.9
---- user output:
Digite a Temperatura (Em Celsius):
*-*-*-*-*-*-*-*-*-*-*-*-*-*-*-*-*-*-*-*-*-*-*-*
== SUBMISSION (2025-08-23 22:15:37)
-- CODE: 
temperatura = float(input("Digite a Temperatura (Em Celsius): "))

F = temperatura * (9 / 5) + 32

print(round(F, 2))
-- EXECUTION TIME: 
0.0133333
-- TEST CASE 1:
---- input:
-40.0
---- correct output:
-40.0
---- user output:
Digite a Temperatura (Em Celsius): -40.0
-- TEST CASE 2:
---- input:
-10.0
---- correct output:
14.0
---- user output:
Digite a Temperatura (Em Celsius): 14.0
-- TEST CASE 3:
---- input:
100.0
---- correct output:
212.0
---- user output:
Digite a Temperatura (Em Celsius): 212.0
-- TEST CASE 4:
---- input:
20.25
---- correct output:
68.45
---- user output:
Digite a Temperatura (Em Celsius): 68.45
-- TEST CASE 5:
---- input:
0.0
---- correct output:
32.0
---- user output:
Digite a Temperatura (Em Celsius): 32.0
-- TEST CASE 6:
---- input:
30.5
---- correct output:
86.9
---- user output:
Digite a Temperatura (Em Celsius): 86.9
-- GRADE:
100%
*-*-*-*-*-*-*-*-*-*-*-*-*-*-*-*-*-*-*-*-*-*-*-*
