{"dateTime": "2025-08-12T22:07:26.824Z", "eventType": "submission", "details": {"correctness": 0, "commit": "c67401386accd7cca473a4971b906e5bb7029c0f", "executionTime": 0.01}}
{"dateTime": "2025-08-12T22:07:44.193Z", "eventType": "focus", "fullPath": "/main.py"}
{"dateTime": "2025-08-12T22:07:44.195Z", "eventType": "select.pointer", "fullPath": "/main.py", "details": {"selection": {"from": 17, "to": 17}}}
{"dateTime": "2025-08-12T22:07:45.427Z", "eventType": "delete.backward", "fullPath": "/main.py", "details": {"fromA": 16, "toA": 17, "fromB": 16, "toB": 16, "inserted": [""]}}
{"dateTime": "2025-08-12T22:07:45.683Z", "eventType": "input.type", "fullPath": "/main.py", "details": {"fromA": 16, "toA": 16, "fromB": 16, "toB": 17, "inserted": ["e"]}}
{"dateTime": "2025-08-12T22:07:47.330Z", "eventType": "blur", "fullPath": "/main.py"}
{"dateTime": "2025-08-12T22:07:47.748Z", "eventType": "submission", "details": {"correctness": 1, "commit": "e44d7914e67125724d18af93900269453a28183f", "executionTime": 0.01}}
{"dateTime": "2025-08-12T22:07:55.400Z", "eventType": "focus", "fullPath": "/main.py"}
{"dateTime": "2025-08-12T22:07:55.402Z", "eventType": "select.pointer", "fullPath": "/main.py", "details": {"selection": {"from": 10, "to": 10}}}
{"dateTime": "2025-08-12T22:07:58.688Z", "eventType": "select.pointer", "fullPath": "/main.py", "details": {"selection": {"from": 9, "to": 9}}}
{"dateTime": "2025-08-12T22:08:09.489Z", "eventType": "input.type", "fullPath": "/main.py", "details": {"fromA": 9, "toA": 9, "fromB": 9, "toB": 10, "inserted": ["A"]}}
{"dateTime": "2025-08-12T22:08:10.505Z", "eventType": "input.type", "fullPath": "/main.py", "details": {"fromA": 10, "toA": 10, "fromB": 10, "toB": 11, "inserted": ["D"]}}
{"dateTime": "2025-08-12T22:08:10.761Z", "eventType": "input.type", "fullPath": "/main.py", "details": {"fromA": 11, "toA": 11, "fromB": 11, "toB": 12, "inserted": ["A"]}}
{"dateTime": "2025-08-12T22:08:11.849Z", "eventType": "input.type", "fullPath": "/main.py", "details": {"fromA": 12, "toA": 12, "fromB": 12, "toB": 13, "inserted": [" "]}}
{"dateTime": "2025-08-12T22:08:12.905Z", "eventType": "input.type", "fullPath": "/main.py", "details": {"fromA": 13, "toA": 13, "fromB": 13, "toB": 14, "inserted": ["\u00c7"]}}
{"dateTime": "2025-08-12T22:08:13.993Z", "eventType": "delete.backward", "fullPath": "/main.py", "details": {"fromA": 13, "toA": 14, "fromB": 13, "toB": 13, "inserted": [""]}}
{"dateTime": "2025-08-12T22:08:14.749Z", "eventType": "delete.backward", "fullPath": "/main.py", "details": {"fromA": 12, "toA": 13, "fromB": 12, "toB": 12, "inserted": [""]}}
{"dateTime": "2025-08-12T22:08:14.936Z", "eventType": "delete.backward", "fullPath": "/main.py", "details": {"fromA": 11, "toA": 12, "fromB": 11, "toB": 11, "inserted": [""]}}
{"dateTime": "2025-08-12T22:08:15.113Z", "eventType": "delete.backward", "fullPath": "/main.py", "details": {"fromA": 10, "toA": 11, "fromB": 10, "toB": 10, "inserted": [""]}}
{"dateTime": "2025-08-12T22:08:15.513Z", "eventType": "delete.backward", "fullPath": "/main.py", "details": {"fromA": 9, "toA": 10, "fromB": 9, "toB": 9, "inserted": [""]}}
{"dateTime": "2025-08-12T22:08:26.393Z", "eventType": "input.type", "fullPath": "/main.py", "details": {"fromA": 9, "toA": 9, "fromB": 9, "toB": 10, "inserted": ["A"]}}
{"dateTime": "2025-08-12T22:08:27.937Z", "eventType": "input.type", "fullPath": "/main.py", "details": {"fromA": 10, "toA": 10, "fromB": 10, "toB": 11, "inserted": ["D"]}}
{"dateTime": "2025-08-12T22:08:28.201Z", "eventType": "input.type", "fullPath": "/main.py", "details": {"fromA": 11, "toA": 11, "fromB": 11, "toB": 12, "inserted": ["A"]}}
{"dateTime": "2025-08-12T22:08:28.441Z", "eventType": "input.type", "fullPath": "/main.py", "details": {"fromA": 12, "toA": 12, "fromB": 12, "toB": 13, "inserted": [" "]}}
{"dateTime": "2025-08-12T22:08:29.713Z", "eventType": "input.type", "fullPath": "/main.py", "details": {"fromA": 13, "toA": 13, "fromB": 13, "toB": 14, "inserted": ["L"]}}
{"dateTime": "2025-08-12T22:08:29.977Z", "eventType": "input.type", "fullPath": "/main.py", "details": {"fromA": 14, "toA": 14, "fromB": 14, "toB": 15, "inserted": ["O"]}}
{"dateTime": "2025-08-12T22:08:31.473Z", "eventType": "input.type", "fullPath": "/main.py", "details": {"fromA": 15, "toA": 15, "fromB": 15, "toB": 16, "inserted": ["V"]}}
{"dateTime": "2025-08-12T22:08:31.889Z", "eventType": "input.type", "fullPath": "/main.py", "details": {"fromA": 16, "toA": 16, "fromB": 16, "toB": 17, "inserted": ["E"]}}
{"dateTime": "2025-08-12T22:08:33.241Z", "eventType": "input.type", "fullPath": "/main.py", "details": {"fromA": 17, "toA": 17, "fromB": 17, "toB": 18, "inserted": ["L"]}}
{"dateTime": "2025-08-12T22:08:33.529Z", "eventType": "input.type", "fullPath": "/main.py", "details": {"fromA": 18, "toA": 18, "fromB": 18, "toB": 19, "inserted": ["A"]}}
{"dateTime": "2025-08-12T22:08:38.881Z", "eventType": "delete.backward", "fullPath": "/main.py", "details": {"fromA": 18, "toA": 19, "fromB": 18, "toB": 18, "inserted": [""]}}
{"dateTime": "2025-08-12T22:08:39.080Z", "eventType": "delete.backward", "fullPath": "/main.py", "details": {"fromA": 17, "toA": 18, "fromB": 17, "toB": 17, "inserted": [""]}}
{"dateTime": "2025-08-12T22:08:39.261Z", "eventType": "delete.backward", "fullPath": "/main.py", "details": {"fromA": 16, "toA": 17, "fromB": 16, "toB": 16, "inserted": [""]}}
{"dateTime": "2025-08-12T22:08:39.456Z", "eventType": "delete.backward", "fullPath": "/main.py", "details": {"fromA": 15, "toA": 16, "fromB": 15, "toB": 15, "inserted": [""]}}
{"dateTime": "2025-08-12T22:08:39.633Z", "eventType": "delete.backward", "fullPath": "/main.py", "details": {"fromA": 14, "toA": 15, "fromB": 14, "toB": 14, "inserted": [""]}}
{"dateTime": "2025-08-12T22:08:39.808Z", "eventType": "delete.backward", "fullPath": "/main.py", "details": {"fromA": 13, "toA": 14, "fromB": 13, "toB": 13, "inserted": [""]}}
{"dateTime": "2025-08-12T22:08:39.976Z", "eventType": "delete.backward", "fullPath": "/main.py", "details": {"fromA": 12, "toA": 13, "fromB": 12, "toB": 12, "inserted": [""]}}
{"dateTime": "2025-08-12T22:08:40.144Z", "eventType": "delete.backward", "fullPath": "/main.py", "details": {"fromA": 11, "toA": 12, "fromB": 11, "toB": 11, "inserted": [""]}}
{"dateTime": "2025-08-12T22:08:40.308Z", "eventType": "delete.backward", "fullPath": "/main.py", "details": {"fromA": 10, "toA": 11, "fromB": 10, "toB": 10, "inserted": [""]}}
{"dateTime": "2025-08-12T22:08:42.128Z", "eventType": "input.type", "fullPath": "/main.py", "details": {"fromA": 10, "toA": 10, "fromB": 10, "toB": 11, "inserted": ["D"]}}
{"dateTime": "2025-08-12T22:08:42.329Z", "eventType": "input.type", "fullPath": "/main.py", "details": {"fromA": 11, "toA": 11, "fromB": 11, "toB": 12, "inserted": ["A"]}}
{"dateTime": "2025-08-12T22:08:43.400Z", "eventType": "delete.backward", "fullPath": "/main.py", "details": {"fromA": 11, "toA": 12, "fromB": 11, "toB": 11, "inserted": [""]}}
{"dateTime": "2025-08-12T22:08:43.404Z", "eventType": "input.type", "fullPath": "/main.py", "details": {"fromA": 11, "toA": 11, "fromB": 11, "toB": 12, "inserted": ["="]}}
{"dateTime": "2025-08-12T22:08:43.553Z", "eventType": "delete.backward", "fullPath": "/main.py", "details": {"fromA": 11, "toA": 12, "fromB": 11, "toB": 11, "inserted": [""]}}
{"dateTime": "2025-08-12T22:08:43.976Z", "eventType": "delete.backward", "fullPath": "/main.py", "details": {"fromA": 10, "toA": 11, "fromB": 10, "toB": 10, "inserted": [""]}}
{"dateTime": "2025-08-12T22:08:45.321Z", "eventType": "input.type", "fullPath": "/main.py", "details": {"fromA": 10, "toA": 10, "fromB": 10, "toB": 11, "inserted": ["d"]}}
{"dateTime": "2025-08-12T22:08:45.457Z", "eventType": "input.type", "fullPath": "/main.py", "details": {"fromA": 11, "toA": 11, "fromB": 11, "toB": 12, "inserted": ["a"]}}
{"dateTime": "2025-08-12T22:08:46.785Z", "eventType": "input.type", "fullPath": "/main.py", "details": {"fromA": 12, "toA": 12, "fromB": 12, "toB": 13, "inserted": [" "]}}
{"dateTime": "2025-08-12T22:08:49.393Z", "eventType": "input.type", "fullPath": "/main.py", "details": {"fromA": 13, "toA": 13, "fromB": 13, "toB": 14, "inserted": ["L"]}}
{"dateTime": "2025-08-12T22:08:51.009Z", "eventType": "input.type", "fullPath": "/main.py", "details": {"fromA": 14, "toA": 14, "fromB": 14, "toB": 15, "inserted": ["o"]}}
{"dateTime": "2025-08-12T22:08:51.377Z", "eventType": "input.type", "fullPath": "/main.py", "details": {"fromA": 15, "toA": 15, "fromB": 15, "toB": 16, "inserted": ["v"]}}
{"dateTime": "2025-08-12T22:08:51.929Z", "eventType": "input.type", "fullPath": "/main.py", "details": {"fromA": 16, "toA": 16, "fromB": 16, "toB": 17, "inserted": ["a"]}}
{"dateTime": "2025-08-12T22:08:55.017Z", "eventType": "delete.backward", "fullPath": "/main.py", "details": {"fromA": 16, "toA": 17, "fromB": 16, "toB": 16, "inserted": [""]}}
{"dateTime": "2025-08-12T22:08:55.265Z", "eventType": "input.type", "fullPath": "/main.py", "details": {"fromA": 16, "toA": 16, "fromB": 16, "toB": 17, "inserted": ["e"]}}
{"dateTime": "2025-08-12T22:08:57.081Z", "eventType": "input.type", "fullPath": "/main.py", "details": {"fromA": 17, "toA": 17, "fromB": 17, "toB": 18, "inserted": ["l"]}}
{"dateTime": "2025-08-12T22:08:57.329Z", "eventType": "input.type", "fullPath": "/main.py", "details": {"fromA": 18, "toA": 18, "fromB": 18, "toB": 19, "inserted": ["a"]}}
{"dateTime": "2025-08-12T22:08:57.617Z", "eventType": "input.type", "fullPath": "/main.py", "details": {"fromA": 19, "toA": 19, "fromB": 19, "toB": 20, "inserted": ["c"]}}
{"dateTime": "2025-08-12T22:08:57.809Z", "eventType": "input.type", "fullPath": "/main.py", "details": {"fromA": 20, "toA": 20, "fromB": 20, "toB": 21, "inserted": ["e"]}}
{"dateTime": "2025-08-12T22:08:59.288Z", "eventType": "input.type", "fullPath": "/main.py", "details": {"fromA": 21, "toA": 21, "fromB": 21, "toB": 22, "inserted": [" "]}}
{"dateTime": "2025-08-12T22:09:00.229Z", "eventType": "input.type", "fullPath": "/main.py", "details": {"fromA": 22, "toA": 22, "fromB": 22, "toB": 23, "inserted": ["f"]}}
{"dateTime": "2025-08-12T22:09:00.473Z", "eventType": "input.type", "fullPath": "/main.py", "details": {"fromA": 23, "toA": 23, "fromB": 23, "toB": 24, "inserted": ["o"]}}
{"dateTime": "2025-08-12T22:09:00.673Z", "eventType": "input.type", "fullPath": "/main.py", "details": {"fromA": 24, "toA": 24, "fromB": 24, "toB": 25, "inserted": ["u"]}}
{"dateTime": "2025-08-12T22:09:01.645Z", "eventType": "delete.backward", "fullPath": "/main.py", "details": {"fromA": 24, "toA": 25, "fromB": 24, "toB": 24, "inserted": [""]}}
{"dateTime": "2025-08-12T22:09:02.449Z", "eventType": "input.type", "fullPath": "/main.py", "details": {"fromA": 24, "toA": 24, "fromB": 24, "toB": 25, "inserted": ["i"]}}
{"dateTime": "2025-08-12T22:09:02.617Z", "eventType": "input.type", "fullPath": "/main.py", "details": {"fromA": 25, "toA": 25, "fromB": 25, "toB": 26, "inserted": [" "]}}
{"dateTime": "2025-08-12T22:09:03.928Z", "eventType": "input.type", "fullPath": "/main.py", "details": {"fromA": 26, "toA": 26, "fromB": 26, "toB": 27, "inserted": ["a"]}}
{"dateTime": "2025-08-12T22:09:04.161Z", "eventType": "input.type", "fullPath": "/main.py", "details": {"fromA": 27, "toA": 27, "fromB": 27, "toB": 28, "inserted": [" "]}}
{"dateTime": "2025-08-12T22:09:05.097Z", "eventType": "input.type", "fullPath": "/main.py", "details": {"fromA": 28, "toA": 28, "fromB": 28, "toB": 29, "inserted": ["p"]}}
{"dateTime": "2025-08-12T22:09:05.577Z", "eventType": "input.type", "fullPath": "/main.py", "details": {"fromA": 29, "toA": 29, "fromB": 29, "toB": 30, "inserted": ["r"]}}
{"dateTime": "2025-08-12T22:09:05.849Z", "eventType": "input.type", "fullPath": "/main.py", "details": {"fromA": 30, "toA": 30, "fromB": 30, "toB": 31, "inserted": ["i"]}}
{"dateTime": "2025-08-12T22:09:06.120Z", "eventType": "input.type", "fullPath": "/main.py", "details": {"fromA": 31, "toA": 31, "fromB": 31, "toB": 32, "inserted": ["m"]}}
{"dateTime": "2025-08-12T22:09:06.281Z", "eventType": "input.type", "fullPath": "/main.py", "details": {"fromA": 32, "toA": 32, "fromB": 32, "toB": 33, "inserted": ["e"]}}
{"dateTime": "2025-08-12T22:09:06.505Z", "eventType": "input.type", "fullPath": "/main.py", "details": {"fromA": 33, "toA": 33, "fromB": 33, "toB": 34, "inserted": ["i"]}}
{"dateTime": "2025-08-12T22:09:06.889Z", "eventType": "input.type", "fullPath": "/main.py", "details": {"fromA": 34, "toA": 34, "fromB": 34, "toB": 35, "inserted": ["r"]}}
{"dateTime": "2025-08-12T22:09:07.089Z", "eventType": "input.type", "fullPath": "/main.py", "details": {"fromA": 35, "toA": 35, "fromB": 35, "toB": 36, "inserted": ["a"]}}
{"dateTime": "2025-08-12T22:09:09.361Z", "eventType": "input.type", "fullPath": "/main.py", "details": {"fromA": 36, "toA": 36, "fromB": 36, "toB": 37, "inserted": [" "]}}
{"dateTime": "2025-08-12T22:09:10.144Z", "eventType": "input.type", "fullPath": "/main.py", "details": {"fromA": 37, "toA": 37, "fromB": 37, "toB": 38, "inserted": ["p"]}}
{"dateTime": "2025-08-12T22:09:10.473Z", "eventType": "input.type", "fullPath": "/main.py", "details": {"fromA": 38, "toA": 38, "fromB": 38, "toB": 39, "inserted": ["r"]}}
{"dateTime": "2025-08-12T22:09:10.713Z", "eventType": "input.type", "fullPath": "/main.py", "details": {"fromA": 39, "toA": 39, "fromB": 39, "toB": 40, "inserted": ["o"]}}
{"dateTime": "2025-08-12T22:09:11.840Z", "eventType": "input.type", "fullPath": "/main.py", "details": {"fromA": 40, "toA": 40, "fromB": 40, "toB": 41, "inserted": ["g"]}}
{"dateTime": "2025-08-12T22:09:12.161Z", "eventType": "input.type", "fullPath": "/main.py", "details": {"fromA": 41, "toA": 41, "fromB": 41, "toB": 42, "inserted": ["r"]}}
{"dateTime": "2025-08-12T22:09:12.408Z", "eventType": "input.type", "fullPath": "/main.py", "details": {"fromA": 42, "toA": 42, "fromB": 42, "toB": 43, "inserted": ["a"]}}
{"dateTime": "2025-08-12T22:09:13.830Z", "eventType": "input.type", "fullPath": "/main.py", "details": {"fromA": 43, "toA": 43, "fromB": 43, "toB": 44, "inserted": ["n"]}}
{"dateTime": "2025-08-12T22:09:14.077Z", "eventType": "input.type", "fullPath": "/main.py", "details": {"fromA": 44, "toA": 44, "fromB": 44, "toB": 45, "inserted": ["a"]}}
{"dateTime": "2025-08-12T22:09:14.928Z", "eventType": "delete.backward", "fullPath": "/main.py", "details": {"fromA": 44, "toA": 45, "fromB": 44, "toB": 44, "inserted": [""]}}
{"dateTime": "2025-08-12T22:09:14.931Z", "eventType": "input.type", "fullPath": "/main.py", "details": {"fromA": 44, "toA": 44, "fromB": 44, "toB": 45, "inserted": ["="]}}
{"dateTime": "2025-08-12T22:09:15.144Z", "eventType": "delete.backward", "fullPath": "/main.py", "details": {"fromA": 44, "toA": 45, "fromB": 44, "toB": 44, "inserted": [""]}}
{"dateTime": "2025-08-12T22:09:15.688Z", "eventType": "delete.backward", "fullPath": "/main.py", "details": {"fromA": 43, "toA": 44, "fromB": 43, "toB": 43, "inserted": [""]}}
{"dateTime": "2025-08-12T22:09:16.393Z", "eventType": "input.type", "fullPath": "/main.py", "details": {"fromA": 43, "toA": 43, "fromB": 43, "toB": 44, "inserted": ["m"]}}
{"dateTime": "2025-08-12T22:09:16.529Z", "eventType": "input.type", "fullPath": "/main.py", "details": {"fromA": 44, "toA": 44, "fromB": 44, "toB": 45, "inserted": ["a"]}}
{"dateTime": "2025-08-12T22:09:16.801Z", "eventType": "input.type", "fullPath": "/main.py", "details": {"fromA": 45, "toA": 45, "fromB": 45, "toB": 46, "inserted": ["d"]}}
{"dateTime": "2025-08-12T22:09:17.145Z", "eventType": "input.type", "fullPath": "/main.py", "details": {"fromA": 46, "toA": 46, "fromB": 46, "toB": 47, "inserted": ["p"]}}
{"dateTime": "2025-08-12T22:09:17.345Z", "eventType": "input.type", "fullPath": "/main.py", "details": {"fromA": 47, "toA": 47, "fromB": 47, "toB": 48, "inserted": ["r"]}}
{"dateTime": "2025-08-12T22:09:17.926Z", "eventType": "input.type", "fullPath": "/main.py", "details": {"fromA": 48, "toA": 48, "fromB": 48, "toB": 49, "inserted": ["a"]}}
{"dateTime": "2025-08-12T22:09:18.224Z", "eventType": "delete.backward", "fullPath": "/main.py", "details": {"fromA": 48, "toA": 49, "fromB": 48, "toB": 48, "inserted": [""]}}
{"dateTime": "2025-08-12T22:09:18.400Z", "eventType": "delete.backward", "fullPath": "/main.py", "details": {"fromA": 47, "toA": 48, "fromB": 47, "toB": 47, "inserted": [""]}}
{"dateTime": "2025-08-12T22:09:18.576Z", "eventType": "delete.backward", "fullPath": "/main.py", "details": {"fromA": 46, "toA": 47, "fromB": 46, "toB": 46, "inserted": [""]}}
{"dateTime": "2025-08-12T22:09:19.240Z", "eventType": "input.type", "fullPath": "/main.py", "details": {"fromA": 46, "toA": 46, "fromB": 46, "toB": 47, "inserted": ["o"]}}
{"dateTime": "2025-08-12T22:09:19.561Z", "eventType": "input.type", "fullPath": "/main.py", "details": {"fromA": 47, "toA": 47, "fromB": 47, "toB": 48, "inserted": ["r"]}}
{"dateTime": "2025-08-12T22:09:19.665Z", "eventType": "input.type", "fullPath": "/main.py", "details": {"fromA": 48, "toA": 48, "fromB": 48, "toB": 49, "inserted": ["a"]}}
{"dateTime": "2025-08-12T22:09:21.753Z", "eventType": "input.type", "fullPath": "/main.py", "details": {"fromA": 49, "toA": 49, "fromB": 49, "toB": 50, "inserted": [" "]}}
{"dateTime": "2025-08-12T22:09:22.384Z", "eventType": "input.type", "fullPath": "/main.py", "details": {"fromA": 50, "toA": 50, "fromB": 50, "toB": 51, "inserted": ["d"]}}
{"dateTime": "2025-08-12T22:09:22.593Z", "eventType": "input.type", "fullPath": "/main.py", "details": {"fromA": 51, "toA": 51, "fromB": 51, "toB": 52, "inserted": ["a"]}}
{"dateTime": "2025-08-12T22:09:22.856Z", "eventType": "input.type", "fullPath": "/main.py", "details": {"fromA": 52, "toA": 52, "fromB": 52, "toB": 53, "inserted": [" "]}}
{"dateTime": "2025-08-12T22:09:24.376Z", "eventType": "input.type", "fullPath": "/main.py", "details": {"fromA": 53, "toA": 53, "fromB": 53, "toB": 54, "inserted": ["h"]}}
{"dateTime": "2025-08-12T22:09:25.544Z", "eventType": "input.type", "fullPath": "/main.py", "details": {"fromA": 54, "toA": 54, "fromB": 54, "toB": 55, "inserted": ["i"]}}
{"dateTime": "2025-08-12T22:09:25.761Z", "eventType": "input.type", "fullPath": "/main.py", "details": {"fromA": 55, "toA": 55, "fromB": 55, "toB": 56, "inserted": ["s"]}}
{"dateTime": "2025-08-12T22:09:26.104Z", "eventType": "input.type", "fullPath": "/main.py", "details": {"fromA": 56, "toA": 56, "fromB": 56, "toB": 57, "inserted": ["t"]}}
{"dateTime": "2025-08-12T22:09:26.632Z", "eventType": "input.type", "fullPath": "/main.py", "details": {"fromA": 57, "toA": 57, "fromB": 57, "toB": 58, "inserted": ["o"]}}
{"dateTime": "2025-08-12T22:09:27.208Z", "eventType": "input.type", "fullPath": "/main.py", "details": {"fromA": 58, "toA": 58, "fromB": 58, "toB": 59, "inserted": ["r"]}}
{"dateTime": "2025-08-12T22:09:27.712Z", "eventType": "input.type", "fullPath": "/main.py", "details": {"fromA": 59, "toA": 59, "fromB": 59, "toB": 60, "inserted": ["i"]}}
{"dateTime": "2025-08-12T22:09:27.913Z", "eventType": "input.type", "fullPath": "/main.py", "details": {"fromA": 60, "toA": 60, "fromB": 60, "toB": 61, "inserted": ["a"]}}
{"dateTime": "2025-08-12T22:09:35.769Z", "eventType": "select.pointer", "fullPath": "/main.py", "details": {"selection": {"from": 76, "to": 76}}}
{"dateTime": "2025-08-12T22:09:35.785Z", "eventType": "select.pointer", "fullPath": "/main.py", "details": {"selection": {"from": 76, "to": 76}}}
{"dateTime": "2025-08-12T22:09:35.804Z", "eventType": "select.pointer", "fullPath": "/main.py", "details": {"selection": {"from": 76, "to": 77}}}
{"dateTime": "2025-08-12T22:09:35.875Z", "eventType": "select.pointer", "fullPath": "/main.py", "details": {"selection": {"from": 76, "to": 78}}}
{"dateTime": "2025-08-12T22:09:35.922Z", "eventType": "select.pointer", "fullPath": "/main.py", "details": {"selection": {"from": 76, "to": 79}}}
{"dateTime": "2025-08-12T22:09:36.786Z", "eventType": "select.pointer", "fullPath": "/main.py", "details": {"selection": {"from": 79, "to": 79}}}
{"dateTime": "2025-08-12T22:09:36.925Z", "eventType": "select.pointer", "fullPath": "/main.py", "details": {"selection": {"from": 78, "to": 79}}}
{"dateTime": "2025-08-12T22:09:36.939Z", "eventType": "select.pointer", "fullPath": "/main.py", "details": {"selection": {"from": 77, "to": 79}}}
{"dateTime": "2025-08-12T22:09:37.019Z", "eventType": "select.pointer", "fullPath": "/main.py", "details": {"selection": {"from": 76, "to": 79}}}
{"dateTime": "2025-08-12T22:09:38.113Z", "eventType": "select.pointer", "fullPath": "/main.py", "details": {"selection": {"from": 79, "to": 79}}}
{"dateTime": "2025-08-12T22:09:38.224Z", "eventType": "select.pointer", "fullPath": "/main.py", "details": {"selection": {"from": 78, "to": 79}}}
{"dateTime": "2025-08-12T22:09:38.239Z", "eventType": "select.pointer", "fullPath": "/main.py", "details": {"selection": {"from": 77, "to": 79}}}
{"dateTime": "2025-08-12T22:09:38.339Z", "eventType": "select.pointer", "fullPath": "/main.py", "details": {"selection": {"from": 76, "to": 79}}}
{"dateTime": "2025-08-12T22:09:38.422Z", "eventType": "select.pointer", "fullPath": "/main.py", "details": {"selection": {"from": 75, "to": 79}}}
{"dateTime": "2025-08-12T22:09:38.455Z", "eventType": "select.pointer", "fullPath": "/main.py", "details": {"selection": {"from": 74, "to": 79}}}
{"dateTime": "2025-08-12T22:09:38.772Z", "eventType": "select.pointer", "fullPath": "/main.py", "details": {"selection": {"from": 75, "to": 79}}}
{"dateTime": "2025-08-12T22:09:39.775Z", "eventType": "delete.selection", "fullPath": "/main.py", "details": {"fromA": 75, "toA": 79, "fromB": 75, "toB": 75, "inserted": [""]}}
{"dateTime": "2025-08-12T22:09:42.172Z", "eventType": "select.pointer", "fullPath": "/main.py", "details": {"selection": {"from": 75, "to": 75}}}
{"dateTime": "2025-08-12T22:09:43.612Z", "eventType": "input.type", "fullPath": "/main.py", "details": {"fromA": 75, "toA": 75, "fromB": 75, "toB": 76, "inserted": [")"]}}
{"dateTime": "2025-08-12T22:09:45.985Z", "eventType": "select.pointer", "fullPath": "/main.py", "details": {"selection": {"from": 9, "to": 9}}}
{"dateTime": "2025-08-12T22:09:46.105Z", "eventType": "select.pointer", "fullPath": "/main.py", "details": {"selection": {"from": 9, "to": 10}}}
{"dateTime": "2025-08-12T22:09:46.122Z", "eventType": "select.pointer", "fullPath": "/main.py", "details": {"selection": {"from": 9, "to": 11}}}
{"dateTime": "2025-08-12T22:09:46.138Z", "eventType": "select.pointer", "fullPath": "/main.py", "details": {"selection": {"from": 9, "to": 12}}}
{"dateTime": "2025-08-12T22:09:46.156Z", "eventType": "select.pointer", "fullPath": "/main.py", "details": {"selection": {"from": 9, "to": 15}}}
{"dateTime": "2025-08-12T22:09:46.172Z", "eventType": "select.pointer", "fullPath": "/main.py", "details": {"selection": {"from": 9, "to": 17}}}
{"dateTime": "2025-08-12T22:09:46.188Z", "eventType": "select.pointer", "fullPath": "/main.py", "details": {"selection": {"from": 9, "to": 19}}}
{"dateTime": "2025-08-12T22:09:46.204Z", "eventType": "select.pointer", "fullPath": "/main.py", "details": {"selection": {"from": 9, "to": 21}}}
{"dateTime": "2025-08-12T22:09:46.220Z", "eventType": "select.pointer", "fullPath": "/main.py", "details": {"selection": {"from": 9, "to": 22}}}
{"dateTime": "2025-08-12T22:09:46.237Z", "eventType": "select.pointer", "fullPath": "/main.py", "details": {"selection": {"from": 0, "to": 9}}}
{"dateTime": "2025-08-12T22:09:47.289Z", "eventType": "select.pointer", "fullPath": "/main.py", "details": {"selection": {"from": 9, "to": 62}}}
{"dateTime": "2025-08-12T22:09:47.576Z", "eventType": "select.pointer", "fullPath": "/main.py", "details": {"selection": {"from": 62, "to": 62}}}
{"dateTime": "2025-08-12T22:09:48.206Z", "eventType": "select.pointer", "fullPath": "/main.py", "details": {"selection": {"from": 60, "to": 62}}}
{"dateTime": "2025-08-12T22:09:48.219Z", "eventType": "select.pointer", "fullPath": "/main.py", "details": {"selection": {"from": 57, "to": 62}}}
{"dateTime": "2025-08-12T22:09:48.239Z", "eventType": "select.pointer", "fullPath": "/main.py", "details": {"selection": {"from": 53, "to": 62}}}
{"dateTime": "2025-08-12T22:09:48.255Z", "eventType": "select.pointer", "fullPath": "/main.py", "details": {"selection": {"from": 52, "to": 62}}}
{"dateTime": "2025-08-12T22:09:48.271Z", "eventType": "select.pointer", "fullPath": "/main.py", "details": {"selection": {"from": 51, "to": 62}}}
{"dateTime": "2025-08-12T22:09:48.302Z", "eventType": "select.pointer", "fullPath": "/main.py", "details": {"selection": {"from": 50, "to": 62}}}
{"dateTime": "2025-08-12T22:09:48.319Z", "eventType": "select.pointer", "fullPath": "/main.py", "details": {"selection": {"from": 49, "to": 62}}}
{"dateTime": "2025-08-12T22:09:48.338Z", "eventType": "select.pointer", "fullPath": "/main.py", "details": {"selection": {"from": 48, "to": 62}}}
{"dateTime": "2025-08-12T22:09:48.356Z", "eventType": "select.pointer", "fullPath": "/main.py", "details": {"selection": {"from": 47, "to": 62}}}
{"dateTime": "2025-08-12T22:09:48.389Z", "eventType": "select.pointer", "fullPath": "/main.py", "details": {"selection": {"from": 46, "to": 62}}}
{"dateTime": "2025-08-12T22:09:48.406Z", "eventType": "select.pointer", "fullPath": "/main.py", "details": {"selection": {"from": 45, "to": 62}}}
{"dateTime": "2025-08-12T22:09:48.422Z", "eventType": "select.pointer", "fullPath": "/main.py", "details": {"selection": {"from": 42, "to": 62}}}
{"dateTime": "2025-08-12T22:09:48.441Z", "eventType": "select.pointer", "fullPath": "/main.py", "details": {"selection": {"from": 62, "to": 76}}}
{"dateTime": "2025-08-12T22:09:48.642Z", "eventType": "select.pointer", "fullPath": "/main.py", "details": {"selection": {"from": 20, "to": 62}}}
{"dateTime": "2025-08-12T22:09:48.656Z", "eventType": "select.pointer", "fullPath": "/main.py", "details": {"selection": {"from": 18, "to": 62}}}
{"dateTime": "2025-08-12T22:09:48.672Z", "eventType": "select.pointer", "fullPath": "/main.py", "details": {"selection": {"from": 16, "to": 62}}}
{"dateTime": "2025-08-12T22:09:48.689Z", "eventType": "select.pointer", "fullPath": "/main.py", "details": {"selection": {"from": 15, "to": 62}}}
{"dateTime": "2025-08-12T22:09:48.704Z", "eventType": "select.pointer", "fullPath": "/main.py", "details": {"selection": {"from": 13, "to": 62}}}
{"dateTime": "2025-08-12T22:09:48.720Z", "eventType": "select.pointer", "fullPath": "/main.py", "details": {"selection": {"from": 12, "to": 62}}}
{"dateTime": "2025-08-12T22:09:48.772Z", "eventType": "select.pointer", "fullPath": "/main.py", "details": {"selection": {"from": 11, "to": 62}}}
{"dateTime": "2025-08-12T22:09:48.822Z", "eventType": "select.pointer", "fullPath": "/main.py", "details": {"selection": {"from": 10, "to": 62}}}
{"dateTime": "2025-08-12T22:09:48.939Z", "eventType": "select.pointer", "fullPath": "/main.py", "details": {"selection": {"from": 9, "to": 62}}}
{"dateTime": "2025-08-12T22:09:49.022Z", "eventType": "select.pointer", "fullPath": "/main.py", "details": {"selection": {"from": 8, "to": 62}}}
{"dateTime": "2025-08-12T22:09:51.864Z", "eventType": "input.type", "fullPath": "/main.py", "details": {"fromA": 8, "toA": 62, "fromB": 8, "toB": 9, "inserted": ["C"]}}
{"dateTime": "2025-08-12T22:09:55.016Z", "eventType": "delete.backward", "fullPath": "/main.py", "details": {"fromA": 8, "toA": 9, "fromB": 8, "toB": 8, "inserted": [""]}}
{"dateTime": "2025-08-12T22:09:59.072Z", "eventType": "input.type", "fullPath": "/main.py", "details": {"fromA": 8, "toA": 8, "fromB": 8, "toB": 10, "inserted": ["()"]}}
{"dateTime": "2025-08-12T22:10:01.235Z", "eventType": "delete.backward", "fullPath": "/main.py", "details": {"fromA": 8, "toA": 10, "fromB": 8, "toB": 8, "inserted": [""]}}
{"dateTime": "2025-08-12T22:10:01.784Z", "eventType": "delete.backward", "fullPath": "/main.py", "details": {"fromA": 7, "toA": 8, "fromB": 7, "toB": 7, "inserted": [""]}}
{"dateTime": "2025-08-12T22:10:04.136Z", "eventType": "input.type", "fullPath": "/main.py", "details": {"fromA": 7, "toA": 7, "fromB": 7, "toB": 8, "inserted": [" "]}}
{"dateTime": "2025-08-12T22:10:07.152Z", "eventType": "input.type", "fullPath": "/main.py", "details": {"fromA": 8, "toA": 8, "fromB": 8, "toB": 10, "inserted": ["\"\""]}}
{"dateTime": "2025-08-12T22:10:11.689Z", "eventType": "input.type", "fullPath": "/main.py", "details": {"fromA": 9, "toA": 9, "fromB": 9, "toB": 10, "inserted": ["a"]}}
{"dateTime": "2025-08-12T22:10:12.744Z", "eventType": "delete.backward", "fullPath": "/main.py", "details": {"fromA": 9, "toA": 10, "fromB": 9, "toB": 9, "inserted": [""]}}
{"dateTime": "2025-08-12T22:10:15.120Z", "eventType": "input.type", "fullPath": "/main.py", "details": {"fromA": 9, "toA": 9, "fromB": 9, "toB": 10, "inserted": ["A"]}}
{"dateTime": "2025-08-12T22:10:18.000Z", "eventType": "input.type", "fullPath": "/main.py", "details": {"fromA": 10, "toA": 10, "fromB": 10, "toB": 11, "inserted": ["D"]}}
{"dateTime": "2025-08-12T22:10:19.344Z", "eventType": "delete.backward", "fullPath": "/main.py", "details": {"fromA": 10, "toA": 11, "fromB": 10, "toB": 10, "inserted": [""]}}
{"dateTime": "2025-08-12T22:10:19.881Z", "eventType": "input.type", "fullPath": "/main.py", "details": {"fromA": 10, "toA": 10, "fromB": 10, "toB": 11, "inserted": ["d"]}}
{"dateTime": "2025-08-12T22:10:20.704Z", "eventType": "input.type", "fullPath": "/main.py", "details": {"fromA": 11, "toA": 11, "fromB": 11, "toB": 12, "inserted": ["a"]}}
{"dateTime": "2025-08-12T22:10:21.288Z", "eventType": "input.type", "fullPath": "/main.py", "details": {"fromA": 12, "toA": 12, "fromB": 12, "toB": 13, "inserted": [" "]}}
{"dateTime": "2025-08-12T22:10:22.169Z", "eventType": "input.type", "fullPath": "/main.py", "details": {"fromA": 13, "toA": 13, "fromB": 13, "toB": 14, "inserted": ["l"]}}
{"dateTime": "2025-08-12T22:10:22.432Z", "eventType": "input.type", "fullPath": "/main.py", "details": {"fromA": 14, "toA": 14, "fromB": 14, "toB": 15, "inserted": ["o"]}}
{"dateTime": "2025-08-12T22:10:22.968Z", "eventType": "delete.backward", "fullPath": "/main.py", "details": {"fromA": 14, "toA": 15, "fromB": 14, "toB": 14, "inserted": [""]}}
{"dateTime": "2025-08-12T22:10:23.304Z", "eventType": "delete.backward", "fullPath": "/main.py", "details": {"fromA": 13, "toA": 14, "fromB": 13, "toB": 13, "inserted": [""]}}
{"dateTime": "2025-08-12T22:10:24.600Z", "eventType": "input.type", "fullPath": "/main.py", "details": {"fromA": 13, "toA": 13, "fromB": 13, "toB": 14, "inserted": ["L"]}}
{"dateTime": "2025-08-12T22:10:25.944Z", "eventType": "input.type", "fullPath": "/main.py", "details": {"fromA": 14, "toA": 14, "fromB": 14, "toB": 15, "inserted": ["o"]}}
{"dateTime": "2025-08-12T22:10:26.288Z", "eventType": "input.type", "fullPath": "/main.py", "details": {"fromA": 15, "toA": 15, "fromB": 15, "toB": 16, "inserted": ["v"]}}
{"dateTime": "2025-08-12T22:10:26.512Z", "eventType": "input.type", "fullPath": "/main.py", "details": {"fromA": 16, "toA": 16, "fromB": 16, "toB": 17, "inserted": ["a"]}}
{"dateTime": "2025-08-12T22:10:27.808Z", "eventType": "input.type", "fullPath": "/main.py", "details": {"fromA": 17, "toA": 17, "fromB": 17, "toB": 18, "inserted": ["l"]}}
{"dateTime": "2025-08-12T22:10:28.018Z", "eventType": "input.type", "fullPath": "/main.py", "details": {"fromA": 18, "toA": 18, "fromB": 18, "toB": 19, "inserted": ["a"]}}
{"dateTime": "2025-08-12T22:10:29.584Z", "eventType": "input.type", "fullPath": "/main.py", "details": {"fromA": 19, "toA": 19, "fromB": 19, "toB": 20, "inserted": ["c"]}}
{"dateTime": "2025-08-12T22:10:29.784Z", "eventType": "input.type", "fullPath": "/main.py", "details": {"fromA": 20, "toA": 20, "fromB": 20, "toB": 21, "inserted": ["e"]}}
{"dateTime": "2025-08-12T22:10:31.129Z", "eventType": "input.type", "fullPath": "/main.py", "details": {"fromA": 21, "toA": 21, "fromB": 21, "toB": 22, "inserted": [" "]}}
{"dateTime": "2025-08-12T22:10:31.688Z", "eventType": "input.type", "fullPath": "/main.py", "details": {"fromA": 22, "toA": 22, "fromB": 22, "toB": 23, "inserted": ["f"]}}
{"dateTime": "2025-08-12T22:10:31.909Z", "eventType": "input.type", "fullPath": "/main.py", "details": {"fromA": 23, "toA": 23, "fromB": 23, "toB": 24, "inserted": ["o"]}}
{"dateTime": "2025-08-12T22:10:32.176Z", "eventType": "input.type", "fullPath": "/main.py", "details": {"fromA": 24, "toA": 24, "fromB": 24, "toB": 25, "inserted": ["i"]}}
{"dateTime": "2025-08-12T22:10:32.472Z", "eventType": "input.type", "fullPath": "/main.py", "details": {"fromA": 25, "toA": 25, "fromB": 25, "toB": 26, "inserted": [" "]}}
{"dateTime": "2025-08-12T22:10:33.173Z", "eventType": "input.type", "fullPath": "/main.py", "details": {"fromA": 26, "toA": 26, "fromB": 26, "toB": 27, "inserted": ["a"]}}
{"dateTime": "2025-08-12T22:10:33.392Z", "eventType": "input.type", "fullPath": "/main.py", "details": {"fromA": 27, "toA": 27, "fromB": 27, "toB": 28, "inserted": [" "]}}
{"dateTime": "2025-08-12T22:10:33.784Z", "eventType": "input.type", "fullPath": "/main.py", "details": {"fromA": 28, "toA": 28, "fromB": 28, "toB": 29, "inserted": ["p"]}}
{"dateTime": "2025-08-12T22:10:34.256Z", "eventType": "input.type", "fullPath": "/main.py", "details": {"fromA": 29, "toA": 29, "fromB": 29, "toB": 30, "inserted": ["r"]}}
{"dateTime": "2025-08-12T22:10:34.585Z", "eventType": "input.type", "fullPath": "/main.py", "details": {"fromA": 30, "toA": 30, "fromB": 30, "toB": 31, "inserted": ["i"]}}
{"dateTime": "2025-08-12T22:10:34.860Z", "eventType": "input.type", "fullPath": "/main.py", "details": {"fromA": 31, "toA": 31, "fromB": 31, "toB": 32, "inserted": ["m"]}}
{"dateTime": "2025-08-12T22:10:35.040Z", "eventType": "input.type", "fullPath": "/main.py", "details": {"fromA": 32, "toA": 32, "fromB": 32, "toB": 33, "inserted": ["e"]}}
{"dateTime": "2025-08-12T22:10:35.256Z", "eventType": "input.type", "fullPath": "/main.py", "details": {"fromA": 33, "toA": 33, "fromB": 33, "toB": 34, "inserted": ["i"]}}
{"dateTime": "2025-08-12T22:10:38.539Z", "eventType": "input.type", "fullPath": "/main.py", "details": {"fromA": 34, "toA": 34, "fromB": 34, "toB": 35, "inserted": ["r"]}}
{"dateTime": "2025-08-12T22:10:38.736Z", "eventType": "input.type", "fullPath": "/main.py", "details": {"fromA": 35, "toA": 35, "fromB": 35, "toB": 36, "inserted": ["a"]}}
{"dateTime": "2025-08-12T22:10:40.288Z", "eventType": "input.type", "fullPath": "/main.py", "details": {"fromA": 36, "toA": 36, "fromB": 36, "toB": 37, "inserted": [" "]}}
{"dateTime": "2025-08-12T22:10:41.054Z", "eventType": "input.type", "fullPath": "/main.py", "details": {"fromA": 37, "toA": 37, "fromB": 37, "toB": 38, "inserted": ["p"]}}
{"dateTime": "2025-08-12T22:10:41.401Z", "eventType": "input.type", "fullPath": "/main.py", "details": {"fromA": 38, "toA": 38, "fromB": 38, "toB": 39, "inserted": ["r"]}}
{"dateTime": "2025-08-12T22:10:41.736Z", "eventType": "input.type", "fullPath": "/main.py", "details": {"fromA": 39, "toA": 39, "fromB": 39, "toB": 40, "inserted": ["o"]}}
{"dateTime": "2025-08-12T22:10:42.113Z", "eventType": "input.type", "fullPath": "/main.py", "details": {"fromA": 40, "toA": 40, "fromB": 40, "toB": 41, "inserted": ["g"]}}
{"dateTime": "2025-08-12T22:10:43.497Z", "eventType": "input.type", "fullPath": "/main.py", "details": {"fromA": 41, "toA": 41, "fromB": 41, "toB": 42, "inserted": ["e"]}}
{"dateTime": "2025-08-12T22:10:43.929Z", "eventType": "input.type", "fullPath": "/main.py", "details": {"fromA": 42, "toA": 42, "fromB": 42, "toB": 43, "inserted": ["a"]}}
{"dateTime": "2025-08-12T22:10:44.224Z", "eventType": "input.type", "fullPath": "/main.py", "details": {"fromA": 43, "toA": 43, "fromB": 43, "toB": 44, "inserted": ["m"]}}
{"dateTime": "2025-08-12T22:10:44.537Z", "eventType": "input.type", "fullPath": "/main.py", "details": {"fromA": 44, "toA": 44, "fromB": 44, "toB": 45, "inserted": ["a"]}}
{"dateTime": "2025-08-12T22:10:44.888Z", "eventType": "input.type", "fullPath": "/main.py", "details": {"fromA": 45, "toA": 45, "fromB": 45, "toB": 46, "inserted": ["d"]}}
{"dateTime": "2025-08-12T22:10:45.104Z", "eventType": "input.type", "fullPath": "/main.py", "details": {"fromA": 46, "toA": 46, "fromB": 46, "toB": 47, "inserted": ["o"]}}
{"dateTime": "2025-08-12T22:10:45.361Z", "eventType": "input.type", "fullPath": "/main.py", "details": {"fromA": 47, "toA": 47, "fromB": 47, "toB": 48, "inserted": ["r"]}}
{"dateTime": "2025-08-12T22:10:45.704Z", "eventType": "input.type", "fullPath": "/main.py", "details": {"fromA": 48, "toA": 48, "fromB": 48, "toB": 49, "inserted": ["a"]}}
{"dateTime": "2025-08-12T22:10:46.360Z", "eventType": "input.type", "fullPath": "/main.py", "details": {"fromA": 49, "toA": 49, "fromB": 49, "toB": 50, "inserted": [" "]}}
{"dateTime": "2025-08-12T22:10:48.088Z", "eventType": "input.type", "fullPath": "/main.py", "details": {"fromA": 50, "toA": 50, "fromB": 50, "toB": 51, "inserted": ["d"]}}
{"dateTime": "2025-08-12T22:10:48.329Z", "eventType": "input.type", "fullPath": "/main.py", "details": {"fromA": 51, "toA": 51, "fromB": 51, "toB": 52, "inserted": ["a"]}}
{"dateTime": "2025-08-12T22:10:48.640Z", "eventType": "input.type", "fullPath": "/main.py", "details": {"fromA": 52, "toA": 52, "fromB": 52, "toB": 53, "inserted": [" "]}}
{"dateTime": "2025-08-12T22:10:48.976Z", "eventType": "input.type", "fullPath": "/main.py", "details": {"fromA": 53, "toA": 53, "fromB": 53, "toB": 54, "inserted": ["h"]}}
{"dateTime": "2025-08-12T22:10:49.937Z", "eventType": "input.type", "fullPath": "/main.py", "details": {"fromA": 54, "toA": 54, "fromB": 54, "toB": 55, "inserted": ["i"]}}
{"dateTime": "2025-08-12T22:10:57.071Z", "eventType": "input.type", "fullPath": "/main.py", "details": {"fromA": 55, "toA": 55, "fromB": 55, "toB": 56, "inserted": ["s"]}}
{"dateTime": "2025-08-12T22:10:57.500Z", "eventType": "input.type", "fullPath": "/main.py", "details": {"fromA": 56, "toA": 56, "fromB": 56, "toB": 57, "inserted": ["t"]}}
{"dateTime": "2025-08-12T22:10:58.017Z", "eventType": "input.type", "fullPath": "/main.py", "details": {"fromA": 57, "toA": 57, "fromB": 57, "toB": 58, "inserted": ["o"]}}
{"dateTime": "2025-08-12T22:10:58.448Z", "eventType": "input.type", "fullPath": "/main.py", "details": {"fromA": 58, "toA": 58, "fromB": 58, "toB": 59, "inserted": ["r"]}}
{"dateTime": "2025-08-12T22:10:58.704Z", "eventType": "input.type", "fullPath": "/main.py", "details": {"fromA": 59, "toA": 59, "fromB": 59, "toB": 60, "inserted": ["i"]}}
{"dateTime": "2025-08-12T22:10:58.977Z", "eventType": "input.type", "fullPath": "/main.py", "details": {"fromA": 60, "toA": 60, "fromB": 60, "toB": 61, "inserted": ["a"]}}
{"dateTime": "2025-08-12T22:11:02.596Z", "eventType": "select.pointer", "fullPath": "/main.py", "details": {"selection": {"from": 75, "to": 75}}}
{"dateTime": "2025-08-12T22:11:09.208Z", "eventType": "blur", "fullPath": "/main.py"}
{"dateTime": "2025-08-12T22:11:11.718Z", "eventType": "focus", "fullPath": "/main.py"}
{"dateTime": "2025-08-12T22:11:11.724Z", "eventType": "select.pointer", "fullPath": "/main.py", "details": {"selection": {"from": 75, "to": 75}}}
{"dateTime": "2025-08-12T22:11:11.769Z", "eventType": "select.pointer", "fullPath": "/main.py", "details": {"selection": {"from": 75, "to": 76}}}
{"dateTime": "2025-08-12T22:11:14.040Z", "eventType": "delete.selection", "fullPath": "/main.py", "details": {"fromA": 75, "toA": 76, "fromB": 75, "toB": 75, "inserted": [""]}}
{"dateTime": "2025-08-12T22:11:17.128Z", "eventType": "input.type", "fullPath": "/main.py", "details": {"fromA": 75, "toA": 75, "fromB": 75, "toB": 76, "inserted": ["u"]}}
{"dateTime": "2025-08-12T22:11:19.048Z", "eventType": "input.type", "fullPath": "/main.py", "details": {"fromA": 76, "toA": 76, "fromB": 76, "toB": 77, "inserted": ["p"]}}
{"dateTime": "2025-08-12T22:11:19.976Z", "eventType": "input.type", "fullPath": "/main.py", "details": {"fromA": 77, "toA": 77, "fromB": 77, "toB": 78, "inserted": ["p"]}}
{"dateTime": "2025-08-12T22:11:20.912Z", "eventType": "input.type", "fullPath": "/main.py", "details": {"fromA": 78, "toA": 78, "fromB": 78, "toB": 79, "inserted": ["e"]}}
{"dateTime": "2025-08-12T22:11:21.240Z", "eventType": "input.type", "fullPath": "/main.py", "details": {"fromA": 79, "toA": 79, "fromB": 79, "toB": 80, "inserted": ["r"]}}
{"dateTime": "2025-08-12T22:11:24.624Z", "eventType": "input.type", "fullPath": "/main.py", "details": {"fromA": 80, "toA": 80, "fromB": 80, "toB": 82, "inserted": ["()"]}}
{"dateTime": "2025-08-12T22:11:27.014Z", "eventType": "delete.backward", "fullPath": "/main.py", "details": {"fromA": 80, "toA": 81, "fromB": 80, "toB": 80, "inserted": [""]}}
{"dateTime": "2025-08-12T22:11:28.375Z", "eventType": "input.type", "fullPath": "/main.py", "details": {"fromA": 80, "toA": 81, "fromB": 80, "toB": 81, "inserted": [")"]}}
{"dateTime": "2025-08-12T22:11:29.064Z", "eventType": "input.type", "fullPath": "/main.py", "details": {"fromA": 81, "toA": 81, "fromB": 81, "toB": 82, "inserted": ["9"]}}
{"dateTime": "2025-08-12T22:11:29.742Z", "eventType": "delete.backward", "fullPath": "/main.py", "details": {"fromA": 81, "toA": 82, "fromB": 81, "toB": 81, "inserted": [""]}}
{"dateTime": "2025-08-12T22:11:30.176Z", "eventType": "input.type", "fullPath": "/main.py", "details": {"fromA": 81, "toA": 81, "fromB": 81, "toB": 82, "inserted": [")"]}}
{"dateTime": "2025-08-12T22:11:30.184Z", "eventType": "input.type", "fullPath": "/main.py", "details": {"fromA": 82, "toA": 82, "fromB": 82, "toB": 84, "inserted": ["()"]}}
{"dateTime": "2025-08-12T22:11:31.334Z", "eventType": "delete.backward", "fullPath": "/main.py", "details": {"fromA": 82, "toA": 84, "fromB": 82, "toB": 82, "inserted": [""]}}
{"dateTime": "2025-08-12T22:11:36.320Z", "eventType": "delete.backward", "fullPath": "/main.py", "details": {"fromA": 81, "toA": 82, "fromB": 81, "toB": 81, "inserted": [""]}}
{"dateTime": "2025-08-12T22:11:47.942Z", "eventType": "delete.backward", "fullPath": "/main.py", "details": {"fromA": 80, "toA": 81, "fromB": 80, "toB": 80, "inserted": [""]}}
{"dateTime": "2025-08-12T22:11:49.487Z", "eventType": "input.type", "fullPath": "/main.py", "details": {"fromA": 80, "toA": 80, "fromB": 80, "toB": 82, "inserted": ["()"]}}
{"dateTime": "2025-08-12T22:11:50.287Z", "eventType": "input.type", "fullPath": "/main.py", "details": {"fromA": 81, "toA": 82, "fromB": 81, "toB": 82, "inserted": [")"]}}
{"dateTime": "2025-08-12T22:11:51.744Z", "eventType": "input.type", "fullPath": "/main.py", "details": {"fromA": 82, "toA": 82, "fromB": 82, "toB": 83, "inserted": ["0"]}}
{"dateTime": "2025-08-12T22:11:52.326Z", "eventType": "delete.backward", "fullPath": "/main.py", "details": {"fromA": 82, "toA": 83, "fromB": 82, "toB": 82, "inserted": [""]}}
{"dateTime": "2025-08-12T22:11:53.816Z", "eventType": "input.type", "fullPath": "/main.py", "details": {"fromA": 82, "toA": 82, "fromB": 82, "toB": 83, "inserted": ["0"]}}
{"dateTime": "2025-08-12T22:11:54.846Z", "eventType": "delete.backward", "fullPath": "/main.py", "details": {"fromA": 82, "toA": 83, "fromB": 82, "toB": 82, "inserted": [""]}}
{"dateTime": "2025-08-12T22:11:54.920Z", "eventType": "delete.backward", "fullPath": "/main.py", "details": {"fromA": 81, "toA": 82, "fromB": 81, "toB": 81, "inserted": [""]}}
{"dateTime": "2025-08-12T22:11:55.440Z", "eventType": "input.type", "fullPath": "/main.py", "details": {"fromA": 81, "toA": 81, "fromB": 81, "toB": 82, "inserted": [")"]}}
{"dateTime": "2025-08-12T22:11:57.208Z", "eventType": "input.type", "fullPath": "/main.py", "details": {"fromA": 82, "toA": 82, "fromB": 82, "toB": 83, "inserted": [")"]}}
{"dateTime": "2025-08-12T22:11:58.865Z", "eventType": "blur", "fullPath": "/main.py"}
{"dateTime": "2025-08-12T22:12:01.329Z", "eventType": "submission", "details": {"correctness": 0, "commit": "e75e639523f4438a53e657ffb04186f027daef65", "executionTime": 0.01}}
{"dateTime": "2025-08-12T22:12:09.054Z", "eventType": "focus", "fullPath": "/main.py"}
{"dateTime": "2025-08-12T22:12:09.057Z", "eventType": "select.pointer", "fullPath": "/main.py", "details": {"selection": {"from": 61, "to": 61}}}
{"dateTime": "2025-08-12T22:12:12.223Z", "eventType": "select.pointer", "fullPath": "/main.py", "details": {"selection": {"from": 62, "to": 62}}}
{"dateTime": "2025-08-12T22:12:13.719Z", "eventType": "select.pointer", "fullPath": "/main.py", "details": {"selection": {"from": 61, "to": 61}}}
{"dateTime": "2025-08-12T22:12:14.800Z", "eventType": "input.type", "fullPath": "/main.py", "details": {"fromA": 61, "toA": 61, "fromB": 61, "toB": 62, "inserted": ["."]}}
{"dateTime": "2025-08-12T22:12:16.384Z", "eventType": "input.type", "fullPath": "/main.py", "details": {"fromA": 62, "toA": 62, "fromB": 62, "toB": 63, "inserted": [">"]}}
{"dateTime": "2025-08-12T22:12:17.647Z", "eventType": "delete.backward", "fullPath": "/main.py", "details": {"fromA": 62, "toA": 63, "fromB": 62, "toB": 62, "inserted": [""]}}
{"dateTime": "2025-08-12T22:12:18.336Z", "eventType": "input.type", "fullPath": "/main.py", "details": {"fromA": 62, "toA": 62, "fromB": 62, "toB": 63, "inserted": ["."]}}
{"dateTime": "2025-08-12T22:12:20.408Z", "eventType": "delete.backward", "fullPath": "/main.py", "details": {"fromA": 62, "toA": 63, "fromB": 62, "toB": 62, "inserted": [""]}}
{"dateTime": "2025-08-12T22:12:22.080Z", "eventType": "blur", "fullPath": "/main.py"}
{"dateTime": "2025-08-12T22:12:22.505Z", "eventType": "submission", "details": {"correctness": 0, "commit": "3bd57f54ab809ba4e37b660ba97d52d36d3f99cd", "executionTime": 0.01}}
{"dateTime": "2025-08-12T22:12:24.672Z", "eventType": "submission", "details": {"correctness": 0, "commit": "3bd57f54ab809ba4e37b660ba97d52d36d3f99cd", "executionTime": 0.01}}
{"dateTime": "2025-08-12T22:12:29.350Z", "eventType": "submission", "details": {"correctness": 0, "commit": "3bd57f54ab809ba4e37b660ba97d52d36d3f99cd", "executionTime": 0.01}}
{"dateTime": "2025-08-12T22:12:37.182Z", "eventType": "focus", "fullPath": "/main.py"}
{"dateTime": "2025-08-12T22:12:37.185Z", "eventType": "select.pointer", "fullPath": "/main.py", "details": {"selection": {"from": 41, "to": 41}}}
{"dateTime": "2025-08-12T22:12:37.944Z", "eventType": "select.pointer", "fullPath": "/main.py", "details": {"selection": {"from": 43, "to": 43}}}
{"dateTime": "2025-08-12T22:12:38.736Z", "eventType": "select.pointer", "fullPath": "/main.py", "details": {"selection": {"from": 42, "to": 42}}}
{"dateTime": "2025-08-12T22:12:41.424Z", "eventType": "delete.backward", "fullPath": "/main.py", "details": {"fromA": 41, "toA": 42, "fromB": 41, "toB": 41, "inserted": [""]}}
{"dateTime": "2025-08-12T22:12:41.857Z", "eventType": "input.type", "fullPath": "/main.py", "details": {"fromA": 41, "toA": 41, "fromB": 41, "toB": 42, "inserted": ["r"]}}
{"dateTime": "2025-08-12T22:12:45.144Z", "eventType": "blur", "fullPath": "/main.py"}
{"dateTime": "2025-08-12T22:12:45.546Z", "eventType": "submission", "details": {"correctness": 0, "commit": "c67401386accd7cca473a4971b906e5bb7029c0f", "executionTime": 0.01}}
{"dateTime": "2025-08-12T22:12:47.684Z", "eventType": "submission", "details": {"correctness": 0, "commit": "c67401386accd7cca473a4971b906e5bb7029c0f", "executionTime": 0.01}}
