{"dateTime": "2025-08-19T20:48:01.487Z", "eventType": "focus", "fullPath": "/main.py"}
{"dateTime": "2025-08-19T20:48:01.489Z", "eventType": "select.pointer", "fullPath": "/main.py", "details": {"selection": {"from": 7, "to": 7}}}
{"dateTime": "2025-08-19T20:48:03.808Z", "eventType": "input.type", "fullPath": "/main.py", "details": {"fromA": 7, "toA": 7, "fromB": 7, "toB": 8, "inserted": ["*"]}}
{"dateTime": "2025-08-19T20:48:04.033Z", "eventType": "input.type", "fullPath": "/main.py", "details": {"fromA": 8, "toA": 8, "fromB": 8, "toB": 9, "inserted": ["*"]}}
{"dateTime": "2025-08-19T20:48:05.248Z", "eventType": "input.type", "fullPath": "/main.py", "details": {"fromA": 9, "toA": 9, "fromB": 9, "toB": 10, "inserted": ["*"]}}
{"dateTime": "2025-08-19T20:48:05.536Z", "eventType": "input.type", "fullPath": "/main.py", "details": {"fromA": 10, "toA": 10, "fromB": 10, "toB": 11, "inserted": ["*"]}}
{"dateTime": "2025-08-19T20:48:05.839Z", "eventType": "input.type", "fullPath": "/main.py", "details": {"fromA": 11, "toA": 11, "fromB": 11, "toB": 12, "inserted": ["*"]}}
{"dateTime": "2025-08-19T20:48:07.800Z", "eventType": "select.pointer", "fullPath": "/main.py", "details": {"selection": {"from": 22, "to": 22}}}
{"dateTime": "2025-08-19T20:48:09.119Z", "eventType": "input.type", "fullPath": "/main.py", "details": {"fromA": 22, "toA": 22, "fromB": 22, "toB": 23, "inserted": ["*"]}}
{"dateTime": "2025-08-19T20:48:09.279Z", "eventType": "input.type", "fullPath": "/main.py", "details": {"fromA": 23, "toA": 23, "fromB": 23, "toB": 24, "inserted": ["*"]}}
{"dateTime": "2025-08-19T20:48:11.262Z", "eventType": "select.pointer", "fullPath": "/main.py", "details": {"selection": {"from": 34, "to": 34}}}
{"dateTime": "2025-08-19T20:48:12.506Z", "eventType": "input.type", "fullPath": "/main.py", "details": {"fromA": 34, "toA": 34, "fromB": 34, "toB": 35, "inserted": ["*"]}}
{"dateTime": "2025-08-19T20:48:14.344Z", "eventType": "blur", "fullPath": "/main.py"}
{"dateTime": "2025-08-19T20:48:14.657Z", "eventType": "run", "details": {"commit": "5783fa2d3f48145db746636b800227b922193452"}}
{"dateTime": "2025-08-19T20:48:22.337Z", "eventType": "focus", "fullPath": "/main.py"}
{"dateTime": "2025-08-19T20:48:22.341Z", "eventType": "select.pointer", "fullPath": "/main.py", "details": {"selection": {"from": 22, "to": 22}}}
{"dateTime": "2025-08-19T20:48:22.417Z", "eventType": "select.pointer", "fullPath": "/main.py", "details": {"selection": {"from": 22, "to": 23}}}
{"dateTime": "2025-08-19T20:48:22.670Z", "eventType": "select.pointer", "fullPath": "/main.py", "details": {"selection": {"from": 24, "to": 24}}}
{"dateTime": "2025-08-19T20:48:24.010Z", "eventType": "input.type", "fullPath": "/main.py", "details": {"fromA": 24, "toA": 24, "fromB": 24, "toB": 25, "inserted": ["*"]}}
{"dateTime": "2025-08-19T20:48:25.508Z", "eventType": "select.pointer", "fullPath": "/main.py", "details": {"selection": {"from": 22, "to": 22}}}
{"dateTime": "2025-08-19T20:48:25.934Z", "eventType": "input.type", "fullPath": "/main.py", "details": {"fromA": 22, "toA": 22, "fromB": 22, "toB": 23, "inserted": [" "]}}
{"dateTime": "2025-08-19T20:48:26.571Z", "eventType": "select.pointer", "fullPath": "/main.py", "details": {"selection": {"from": 26, "to": 26}}}
{"dateTime": "2025-08-19T20:48:26.813Z", "eventType": "input.type", "fullPath": "/main.py", "details": {"fromA": 26, "toA": 26, "fromB": 26, "toB": 27, "inserted": [" "]}}
{"dateTime": "2025-08-19T20:48:27.372Z", "eventType": "select.pointer", "fullPath": "/main.py", "details": {"selection": {"from": 37, "to": 37}}}
{"dateTime": "2025-08-19T20:48:27.661Z", "eventType": "input.type", "fullPath": "/main.py", "details": {"fromA": 37, "toA": 37, "fromB": 37, "toB": 38, "inserted": [" "]}}
{"dateTime": "2025-08-19T20:48:27.886Z", "eventType": "input.type", "fullPath": "/main.py", "details": {"fromA": 38, "toA": 38, "fromB": 38, "toB": 39, "inserted": [" "]}}
{"dateTime": "2025-08-19T20:48:28.362Z", "eventType": "select.pointer", "fullPath": "/main.py", "details": {"selection": {"from": 40, "to": 40}}}
{"dateTime": "2025-08-19T20:48:28.538Z", "eventType": "input.type", "fullPath": "/main.py", "details": {"fromA": 40, "toA": 40, "fromB": 40, "toB": 41, "inserted": [" "]}}
{"dateTime": "2025-08-19T20:48:28.765Z", "eventType": "input.type", "fullPath": "/main.py", "details": {"fromA": 41, "toA": 41, "fromB": 41, "toB": 42, "inserted": [" "]}}
{"dateTime": "2025-08-19T20:48:30.197Z", "eventType": "blur", "fullPath": "/main.py"}
{"dateTime": "2025-08-19T20:48:30.349Z", "eventType": "run", "details": {"commit": "4d3d99796b043470c62d542316c42942f73a6f8e"}}
{"dateTime": "2025-08-19T20:48:31.736Z", "eventType": "run", "details": {"commit": "4d3d99796b043470c62d542316c42942f73a6f8e"}}
{"dateTime": "2025-08-19T20:48:32.912Z", "eventType": "run", "details": {"commit": "4d3d99796b043470c62d542316c42942f73a6f8e"}}
{"dateTime": "2025-08-19T20:48:36.566Z", "eventType": "run", "details": {"commit": "4d3d99796b043470c62d542316c42942f73a6f8e"}}
{"dateTime": "2025-08-19T20:53:09.833Z", "eventType": "submission", "details": {"correctness": 1, "commit": "4d3d99796b043470c62d542316c42942f73a6f8e", "executionTime": 0.01}}
