{"dateTime": "2025-08-19T22:37:43.441Z", "eventType": "run", "details": {"commit": "5310ce6a730ae58c8cbeca63f5457f762e66d966"}}
{"dateTime": "2025-08-19T22:37:56.099Z", "eventType": "submission", "details": {"correctness": 0, "commit": "5310ce6a730ae58c8cbeca63f5457f762e66d966", "executionTime": 0}}
{"dateTime": "2025-08-19T22:38:00.558Z", "eventType": "run", "details": {"commit": "5310ce6a730ae58c8cbeca63f5457f762e66d966"}}
{"dateTime": "2025-08-19T22:38:24.169Z", "eventType": "focus", "fullPath": "/main.py"}
{"dateTime": "2025-08-19T22:38:24.171Z", "eventType": "select.pointer", "fullPath": "/main.py", "details": {"selection": {"from": 116, "to": 116}}}
{"dateTime": "2025-08-19T22:38:25.202Z", "eventType": "input.type", "fullPath": "/main.py", "details": {"fromA": 116, "toA": 116, "fromB": 116, "toB": 117, "inserted": [" "]}}
{"dateTime": "2025-08-19T22:38:26.996Z", "eventType": "blur", "fullPath": "/main.py"}
{"dateTime": "2025-08-19T22:38:27.374Z", "eventType": "submission", "details": {"correctness": 0, "commit": "7c0f4b2c3434a59f419017bbdd6cb3eda550f147", "executionTime": 0}}
{"dateTime": "2025-08-19T22:38:56.119Z", "eventType": "focus", "fullPath": "/main.py"}
{"dateTime": "2025-08-19T22:38:56.126Z", "eventType": "select.pointer", "fullPath": "/main.py", "details": {"selection": {"from": 136, "to": 136}}}
{"dateTime": "2025-08-19T22:38:58.880Z", "eventType": "select.pointer", "fullPath": "/main.py", "details": {"selection": {"from": 73, "to": 73}}}
{"dateTime": "2025-08-19T22:38:58.934Z", "eventType": "select.pointer", "fullPath": "/main.py", "details": {"selection": {"from": 73, "to": 74}}}
{"dateTime": "2025-08-19T22:39:09.009Z", "eventType": "delete.selection", "fullPath": "/main.py", "details": {"fromA": 73, "toA": 74, "fromB": 73, "toB": 73, "inserted": [""]}}
{"dateTime": "2025-08-19T22:39:11.760Z", "eventType": "delete.backward", "fullPath": "/main.py", "details": {"fromA": 72, "toA": 73, "fromB": 72, "toB": 72, "inserted": [""]}}
{"dateTime": "2025-08-19T22:39:12.592Z", "eventType": "input.type", "fullPath": "/main.py", "details": {"fromA": 72, "toA": 72, "fromB": 72, "toB": 73, "inserted": ["l"]}}
{"dateTime": "2025-08-19T22:39:13.213Z", "eventType": "input.type", "fullPath": "/main.py", "details": {"fromA": 73, "toA": 73, "fromB": 73, "toB": 74, "inserted": ["C"]}}
{"dateTime": "2025-08-19T22:39:16.504Z", "eventType": "select.pointer", "fullPath": "/main.py", "details": {"selection": {"from": 116, "to": 116}}}
{"dateTime": "2025-08-19T22:39:17.678Z", "eventType": "select.pointer", "fullPath": "/main.py", "details": {"selection": {"from": 136, "to": 136}}}
{"dateTime": "2025-08-19T22:39:18.487Z", "eventType": "select.pointer", "fullPath": "/main.py", "details": {"selection": {"from": 128, "to": 128}}}
{"dateTime": "2025-08-19T22:39:19.978Z", "eventType": "blur", "fullPath": "/main.py"}
{"dateTime": "2025-08-19T22:39:20.371Z", "eventType": "submission", "details": {"correctness": 1, "commit": "463b5cd1ab1d73d1647bb6239cce19889f7f793e", "executionTime": 0.01}}
{"dateTime": "2025-08-19T22:40:36.862Z", "eventType": "focus", "fullPath": "/main.py"}
{"dateTime": "2025-08-19T22:40:36.865Z", "eventType": "select.pointer", "fullPath": "/main.py", "details": {"selection": {"from": 0, "to": 0}}}
{"dateTime": "2025-08-19T22:40:38.624Z", "eventType": "input.type", "fullPath": "/main.py", "details": {"fromA": 0, "toA": 0, "fromB": 0, "toB": 1, "inserted": ["q"]}}
{"dateTime": "2025-08-19T22:40:38.802Z", "eventType": "input.type", "fullPath": "/main.py", "details": {"fromA": 1, "toA": 1, "fromB": 1, "toB": 2, "inserted": ["u"]}}
{"dateTime": "2025-08-19T22:40:38.864Z", "eventType": "input.type", "fullPath": "/main.py", "details": {"fromA": 2, "toA": 2, "fromB": 2, "toB": 3, "inserted": ["a"]}}
{"dateTime": "2025-08-19T22:40:39.023Z", "eventType": "input.type", "fullPath": "/main.py", "details": {"fromA": 3, "toA": 3, "fromB": 3, "toB": 4, "inserted": ["n"]}}
{"dateTime": "2025-08-19T22:40:39.151Z", "eventType": "input.type", "fullPath": "/main.py", "details": {"fromA": 4, "toA": 4, "fromB": 4, "toB": 5, "inserted": ["t"]}}
{"dateTime": "2025-08-19T22:40:39.275Z", "eventType": "input.type", "fullPath": "/main.py", "details": {"fromA": 5, "toA": 5, "fromB": 5, "toB": 6, "inserted": ["i"]}}
{"dateTime": "2025-08-19T22:40:39.407Z", "eventType": "input.type", "fullPath": "/main.py", "details": {"fromA": 6, "toA": 6, "fromB": 6, "toB": 7, "inserted": ["d"]}}
{"dateTime": "2025-08-19T22:40:39.631Z", "eventType": "input.type", "fullPath": "/main.py", "details": {"fromA": 7, "toA": 7, "fromB": 7, "toB": 8, "inserted": ["a"]}}
{"dateTime": "2025-08-19T22:40:39.823Z", "eventType": "input.type", "fullPath": "/main.py", "details": {"fromA": 8, "toA": 8, "fromB": 8, "toB": 9, "inserted": ["d"]}}
{"dateTime": "2025-08-19T22:40:40.015Z", "eventType": "input.type", "fullPath": "/main.py", "details": {"fromA": 9, "toA": 9, "fromB": 9, "toB": 10, "inserted": ["e"]}}
{"dateTime": "2025-08-19T22:40:42.507Z", "eventType": "input.type", "fullPath": "/main.py", "details": {"fromA": 10, "toA": 10, "fromB": 10, "toB": 11, "inserted": [" "]}}
{"dateTime": "2025-08-19T22:40:42.587Z", "eventType": "input.type", "fullPath": "/main.py", "details": {"fromA": 11, "toA": 11, "fromB": 11, "toB": 12, "inserted": ["="]}}
{"dateTime": "2025-08-19T22:40:42.719Z", "eventType": "input.type", "fullPath": "/main.py", "details": {"fromA": 12, "toA": 12, "fromB": 12, "toB": 13, "inserted": [" "]}}
{"dateTime": "2025-08-19T22:40:44.367Z", "eventType": "input.type", "fullPath": "/main.py", "details": {"fromA": 13, "toA": 13, "fromB": 13, "toB": 14, "inserted": ["f"]}}
{"dateTime": "2025-08-19T22:40:44.476Z", "eventType": "input.type", "fullPath": "/main.py", "details": {"fromA": 14, "toA": 14, "fromB": 14, "toB": 15, "inserted": ["l"]}}
{"dateTime": "2025-08-19T22:40:44.657Z", "eventType": "input.type", "fullPath": "/main.py", "details": {"fromA": 15, "toA": 15, "fromB": 15, "toB": 16, "inserted": ["o"]}}
{"dateTime": "2025-08-19T22:40:44.752Z", "eventType": "input.type", "fullPath": "/main.py", "details": {"fromA": 16, "toA": 16, "fromB": 16, "toB": 17, "inserted": ["a"]}}
{"dateTime": "2025-08-19T22:40:45.040Z", "eventType": "input.type", "fullPath": "/main.py", "details": {"fromA": 17, "toA": 17, "fromB": 17, "toB": 18, "inserted": ["t"]}}
{"dateTime": "2025-08-19T22:40:46.976Z", "eventType": "input.type", "fullPath": "/main.py", "details": {"fromA": 18, "toA": 18, "fromB": 18, "toB": 20, "inserted": ["()"]}}
{"dateTime": "2025-08-19T22:40:47.343Z", "eventType": "input.type", "fullPath": "/main.py", "details": {"fromA": 19, "toA": 19, "fromB": 19, "toB": 20, "inserted": ["i"]}}
{"dateTime": "2025-08-19T22:40:47.512Z", "eventType": "input.type", "fullPath": "/main.py", "details": {"fromA": 20, "toA": 20, "fromB": 20, "toB": 21, "inserted": ["n"]}}
{"dateTime": "2025-08-19T22:40:47.666Z", "eventType": "input.type", "fullPath": "/main.py", "details": {"fromA": 21, "toA": 21, "fromB": 21, "toB": 22, "inserted": ["p"]}}
{"dateTime": "2025-08-19T22:40:47.889Z", "eventType": "input.type", "fullPath": "/main.py", "details": {"fromA": 22, "toA": 22, "fromB": 22, "toB": 23, "inserted": ["u"]}}
{"dateTime": "2025-08-19T22:40:48.032Z", "eventType": "input.type", "fullPath": "/main.py", "details": {"fromA": 23, "toA": 23, "fromB": 23, "toB": 24, "inserted": ["t"]}}
{"dateTime": "2025-08-19T22:40:48.495Z", "eventType": "input.type", "fullPath": "/main.py", "details": {"fromA": 24, "toA": 24, "fromB": 24, "toB": 26, "inserted": ["()"]}}
{"dateTime": "2025-08-19T22:40:49.516Z", "eventType": "select", "fullPath": "/main.py", "details": {"selection": {"from": 26, "to": 26}}}
{"dateTime": "2025-08-19T22:40:49.694Z", "eventType": "select", "fullPath": "/main.py", "details": {"selection": {"from": 27, "to": 27}}}
{"dateTime": "2025-08-19T22:40:50.395Z", "eventType": "input", "fullPath": "/main.py", "details": {"fromA": 27, "toA": 27, "fromB": 27, "toB": 28, "inserted": ["", ""]}}
{"dateTime": "2025-08-19T22:40:51.422Z", "eventType": "input", "fullPath": "/main.py", "details": {"fromA": 28, "toA": 28, "fromB": 28, "toB": 29, "inserted": ["", ""]}}
{"dateTime": "2025-08-19T22:40:52.222Z", "eventType": "input.type", "fullPath": "/main.py", "details": {"fromA": 29, "toA": 29, "fromB": 29, "toB": 30, "inserted": ["t"]}}
{"dateTime": "2025-08-19T22:40:52.314Z", "eventType": "input.type", "fullPath": "/main.py", "details": {"fromA": 30, "toA": 30, "fromB": 30, "toB": 31, "inserted": ["o"]}}
{"dateTime": "2025-08-19T22:40:52.450Z", "eventType": "input.type", "fullPath": "/main.py", "details": {"fromA": 31, "toA": 31, "fromB": 31, "toB": 32, "inserted": ["t"]}}
{"dateTime": "2025-08-19T22:40:52.687Z", "eventType": "input.type", "fullPath": "/main.py", "details": {"fromA": 32, "toA": 32, "fromB": 32, "toB": 33, "inserted": ["a"]}}
{"dateTime": "2025-08-19T22:40:52.831Z", "eventType": "input.type", "fullPath": "/main.py", "details": {"fromA": 33, "toA": 33, "fromB": 33, "toB": 34, "inserted": ["l"]}}
{"dateTime": "2025-08-19T22:40:54.863Z", "eventType": "input.type", "fullPath": "/main.py", "details": {"fromA": 34, "toA": 34, "fromB": 34, "toB": 35, "inserted": ["S"]}}
{"dateTime": "2025-08-19T22:40:55.295Z", "eventType": "input.type", "fullPath": "/main.py", "details": {"fromA": 35, "toA": 35, "fromB": 35, "toB": 36, "inserted": ["e"]}}
{"dateTime": "2025-08-19T22:40:55.455Z", "eventType": "input.type", "fullPath": "/main.py", "details": {"fromA": 36, "toA": 36, "fromB": 36, "toB": 37, "inserted": ["m"]}}
{"dateTime": "2025-08-19T22:40:55.599Z", "eventType": "input.type", "fullPath": "/main.py", "details": {"fromA": 37, "toA": 37, "fromB": 37, "toB": 38, "inserted": [" "]}}
{"dateTime": "2025-08-19T22:40:55.981Z", "eventType": "delete.backward", "fullPath": "/main.py", "details": {"fromA": 37, "toA": 38, "fromB": 37, "toB": 37, "inserted": [""]}}
{"dateTime": "2025-08-19T22:40:56.719Z", "eventType": "input.type", "fullPath": "/main.py", "details": {"fromA": 37, "toA": 37, "fromB": 37, "toB": 38, "inserted": [" "]}}
{"dateTime": "2025-08-19T22:40:57.919Z", "eventType": "input.type", "fullPath": "/main.py", "details": {"fromA": 38, "toA": 38, "fromB": 38, "toB": 39, "inserted": ["="]}}
{"dateTime": "2025-08-19T22:40:58.187Z", "eventType": "input.type", "fullPath": "/main.py", "details": {"fromA": 39, "toA": 39, "fromB": 39, "toB": 40, "inserted": [" "]}}
{"dateTime": "2025-08-19T22:40:59.151Z", "eventType": "input.type", "fullPath": "/main.py", "details": {"fromA": 40, "toA": 40, "fromB": 40, "toB": 42, "inserted": ["()"]}}
{"dateTime": "2025-08-19T22:40:59.455Z", "eventType": "input.type", "fullPath": "/main.py", "details": {"fromA": 41, "toA": 41, "fromB": 41, "toB": 42, "inserted": ["q"]}}
{"dateTime": "2025-08-19T22:40:59.627Z", "eventType": "input.type", "fullPath": "/main.py", "details": {"fromA": 42, "toA": 42, "fromB": 42, "toB": 43, "inserted": ["u"]}}
{"dateTime": "2025-08-19T22:40:59.696Z", "eventType": "input.type", "fullPath": "/main.py", "details": {"fromA": 43, "toA": 43, "fromB": 43, "toB": 44, "inserted": ["a"]}}
{"dateTime": "2025-08-19T22:40:59.840Z", "eventType": "input.type", "fullPath": "/main.py", "details": {"fromA": 44, "toA": 44, "fromB": 44, "toB": 45, "inserted": ["n"]}}
{"dateTime": "2025-08-19T22:40:59.984Z", "eventType": "input.type", "fullPath": "/main.py", "details": {"fromA": 45, "toA": 45, "fromB": 45, "toB": 46, "inserted": ["t"]}}
{"dateTime": "2025-08-19T22:41:00.112Z", "eventType": "input.type", "fullPath": "/main.py", "details": {"fromA": 46, "toA": 46, "fromB": 46, "toB": 47, "inserted": ["i"]}}
{"dateTime": "2025-08-19T22:41:00.224Z", "eventType": "input.type", "fullPath": "/main.py", "details": {"fromA": 47, "toA": 47, "fromB": 47, "toB": 48, "inserted": ["d"]}}
{"dateTime": "2025-08-19T22:41:00.463Z", "eventType": "input.type", "fullPath": "/main.py", "details": {"fromA": 48, "toA": 48, "fromB": 48, "toB": 49, "inserted": ["a"]}}
{"dateTime": "2025-08-19T22:41:00.640Z", "eventType": "input.type", "fullPath": "/main.py", "details": {"fromA": 49, "toA": 49, "fromB": 49, "toB": 50, "inserted": ["d"]}}
{"dateTime": "2025-08-19T22:41:00.832Z", "eventType": "input.type", "fullPath": "/main.py", "details": {"fromA": 50, "toA": 50, "fromB": 50, "toB": 51, "inserted": ["e"]}}
{"dateTime": "2025-08-19T22:41:02.047Z", "eventType": "input.type", "fullPath": "/main.py", "details": {"fromA": 51, "toA": 51, "fromB": 51, "toB": 52, "inserted": [" "]}}
{"dateTime": "2025-08-19T22:41:03.231Z", "eventType": "input.type", "fullPath": "/main.py", "details": {"fromA": 52, "toA": 52, "fromB": 52, "toB": 53, "inserted": ["*"]}}
{"dateTime": "2025-08-19T22:41:03.775Z", "eventType": "input.type", "fullPath": "/main.py", "details": {"fromA": 53, "toA": 53, "fromB": 53, "toB": 54, "inserted": [" "]}}
{"dateTime": "2025-08-19T22:41:03.935Z", "eventType": "input.type", "fullPath": "/main.py", "details": {"fromA": 54, "toA": 54, "fromB": 54, "toB": 55, "inserted": ["2"]}}
{"dateTime": "2025-08-19T22:41:09.279Z", "eventType": "input.type", "fullPath": "/main.py", "details": {"fromA": 55, "toA": 55, "fromB": 55, "toB": 56, "inserted": ["."]}}
{"dateTime": "2025-08-19T22:41:12.573Z", "eventType": "input.type", "fullPath": "/main.py", "details": {"fromA": 56, "toA": 56, "fromB": 56, "toB": 57, "inserted": ["8"]}}
{"dateTime": "2025-08-19T22:41:12.669Z", "eventType": "input.type", "fullPath": "/main.py", "details": {"fromA": 57, "toA": 57, "fromB": 57, "toB": 58, "inserted": ["6"]}}
{"dateTime": "2025-08-19T22:41:16.011Z", "eventType": "select", "fullPath": "/main.py", "details": {"selection": {"from": 59, "to": 59}}}
{"dateTime": "2025-08-19T22:41:18.702Z", "eventType": "input.type", "fullPath": "/main.py", "details": {"fromA": 59, "toA": 59, "fromB": 59, "toB": 60, "inserted": [" "]}}
{"dateTime": "2025-08-19T22:41:22.062Z", "eventType": "input.type", "fullPath": "/main.py", "details": {"fromA": 60, "toA": 60, "fromB": 60, "toB": 61, "inserted": ["+"]}}
{"dateTime": "2025-08-19T22:41:23.006Z", "eventType": "input.type", "fullPath": "/main.py", "details": {"fromA": 61, "toA": 61, "fromB": 61, "toB": 62, "inserted": ["5"]}}
{"dateTime": "2025-08-19T22:41:23.134Z", "eventType": "input.type", "fullPath": "/main.py", "details": {"fromA": 62, "toA": 62, "fromB": 62, "toB": 63, "inserted": ["0"]}}
{"dateTime": "2025-08-19T22:41:26.382Z", "eventType": "input.type", "fullPath": "/main.py", "details": {"fromA": 63, "toA": 63, "fromB": 63, "toB": 64, "inserted": ["."]}}
{"dateTime": "2025-08-19T22:41:27.082Z", "eventType": "input.type", "fullPath": "/main.py", "details": {"fromA": 64, "toA": 64, "fromB": 64, "toB": 65, "inserted": ["0"]}}
{"dateTime": "2025-08-19T22:41:27.257Z", "eventType": "input.type", "fullPath": "/main.py", "details": {"fromA": 65, "toA": 65, "fromB": 65, "toB": 66, "inserted": ["0"]}}
{"dateTime": "2025-08-19T22:41:29.291Z", "eventType": "select", "fullPath": "/main.py", "details": {"selection": {"from": 65, "to": 65}}}
{"dateTime": "2025-08-19T22:41:29.451Z", "eventType": "select", "fullPath": "/main.py", "details": {"selection": {"from": 64, "to": 64}}}
{"dateTime": "2025-08-19T22:41:29.611Z", "eventType": "select", "fullPath": "/main.py", "details": {"selection": {"from": 63, "to": 63}}}
{"dateTime": "2025-08-19T22:41:29.787Z", "eventType": "select", "fullPath": "/main.py", "details": {"selection": {"from": 62, "to": 62}}}
{"dateTime": "2025-08-19T22:41:29.963Z", "eventType": "select", "fullPath": "/main.py", "details": {"selection": {"from": 61, "to": 61}}}
{"dateTime": "2025-08-19T22:41:30.060Z", "eventType": "input.type", "fullPath": "/main.py", "details": {"fromA": 61, "toA": 61, "fromB": 61, "toB": 62, "inserted": [" "]}}
{"dateTime": "2025-08-19T22:41:30.875Z", "eventType": "select", "fullPath": "/main.py", "details": {"selection": {"from": 63, "to": 63}}}
{"dateTime": "2025-08-19T22:41:31.035Z", "eventType": "select", "fullPath": "/main.py", "details": {"selection": {"from": 64, "to": 64}}}
{"dateTime": "2025-08-19T22:41:31.195Z", "eventType": "select", "fullPath": "/main.py", "details": {"selection": {"from": 65, "to": 65}}}
{"dateTime": "2025-08-19T22:41:31.531Z", "eventType": "select", "fullPath": "/main.py", "details": {"selection": {"from": 66, "to": 66}}}
{"dateTime": "2025-08-19T22:41:31.688Z", "eventType": "select", "fullPath": "/main.py", "details": {"selection": {"from": 67, "to": 67}}}
{"dateTime": "2025-08-19T22:41:32.378Z", "eventType": "input", "fullPath": "/main.py", "details": {"fromA": 67, "toA": 67, "fromB": 67, "toB": 68, "inserted": ["", ""]}}
{"dateTime": "2025-08-19T22:41:34.249Z", "eventType": "input.type", "fullPath": "/main.py", "details": {"fromA": 68, "toA": 68, "fromB": 68, "toB": 69, "inserted": ["t"]}}
{"dateTime": "2025-08-19T22:41:34.384Z", "eventType": "input.type", "fullPath": "/main.py", "details": {"fromA": 69, "toA": 69, "fromB": 69, "toB": 70, "inserted": ["o"]}}
{"dateTime": "2025-08-19T22:41:34.449Z", "eventType": "input.type", "fullPath": "/main.py", "details": {"fromA": 70, "toA": 70, "fromB": 70, "toB": 71, "inserted": ["t"]}}
{"dateTime": "2025-08-19T22:41:34.768Z", "eventType": "input.type", "fullPath": "/main.py", "details": {"fromA": 71, "toA": 71, "fromB": 71, "toB": 72, "inserted": ["a"]}}
{"dateTime": "2025-08-19T22:41:34.958Z", "eventType": "input.type", "fullPath": "/main.py", "details": {"fromA": 72, "toA": 72, "fromB": 72, "toB": 73, "inserted": ["m"]}}
{"dateTime": "2025-08-19T22:41:35.390Z", "eventType": "input.type", "fullPath": "/main.py", "details": {"fromA": 73, "toA": 73, "fromB": 73, "toB": 74, "inserted": ["C"]}}
{"dateTime": "2025-08-19T22:41:35.741Z", "eventType": "input.type", "fullPath": "/main.py", "details": {"fromA": 74, "toA": 74, "fromB": 74, "toB": 75, "inserted": ["o"]}}
{"dateTime": "2025-08-19T22:41:35.853Z", "eventType": "input.type", "fullPath": "/main.py", "details": {"fromA": 75, "toA": 75, "fromB": 75, "toB": 76, "inserted": ["m"]}}
{"dateTime": "2025-08-19T22:41:36.765Z", "eventType": "input.type", "fullPath": "/main.py", "details": {"fromA": 76, "toA": 76, "fromB": 76, "toB": 77, "inserted": [" "]}}
{"dateTime": "2025-08-19T22:41:37.501Z", "eventType": "input.type", "fullPath": "/main.py", "details": {"fromA": 77, "toA": 77, "fromB": 77, "toB": 78, "inserted": ["="]}}
{"dateTime": "2025-08-19T22:41:37.757Z", "eventType": "input.type", "fullPath": "/main.py", "details": {"fromA": 78, "toA": 78, "fromB": 78, "toB": 79, "inserted": [" "]}}
{"dateTime": "2025-08-19T22:41:39.549Z", "eventType": "input.type", "fullPath": "/main.py", "details": {"fromA": 79, "toA": 79, "fromB": 79, "toB": 80, "inserted": ["t"]}}
{"dateTime": "2025-08-19T22:41:39.998Z", "eventType": "input.type", "fullPath": "/main.py", "details": {"fromA": 80, "toA": 80, "fromB": 80, "toB": 81, "inserted": ["o"]}}
{"dateTime": "2025-08-19T22:41:40.129Z", "eventType": "input.type", "fullPath": "/main.py", "details": {"fromA": 81, "toA": 81, "fromB": 81, "toB": 82, "inserted": ["t"]}}
{"dateTime": "2025-08-19T22:41:40.368Z", "eventType": "input.type", "fullPath": "/main.py", "details": {"fromA": 82, "toA": 82, "fromB": 82, "toB": 83, "inserted": ["a"]}}
{"dateTime": "2025-08-19T22:41:40.527Z", "eventType": "input.type", "fullPath": "/main.py", "details": {"fromA": 83, "toA": 83, "fromB": 83, "toB": 84, "inserted": ["l"]}}
{"dateTime": "2025-08-19T22:41:41.277Z", "eventType": "input.type", "fullPath": "/main.py", "details": {"fromA": 84, "toA": 84, "fromB": 84, "toB": 85, "inserted": ["S"]}}
{"dateTime": "2025-08-19T22:41:41.693Z", "eventType": "input.type", "fullPath": "/main.py", "details": {"fromA": 85, "toA": 85, "fromB": 85, "toB": 86, "inserted": ["e"]}}
{"dateTime": "2025-08-19T22:41:41.839Z", "eventType": "input.type", "fullPath": "/main.py", "details": {"fromA": 86, "toA": 86, "fromB": 86, "toB": 87, "inserted": ["m"]}}
{"dateTime": "2025-08-19T22:41:41.950Z", "eventType": "input.type", "fullPath": "/main.py", "details": {"fromA": 87, "toA": 87, "fromB": 87, "toB": 88, "inserted": [" "]}}
{"dateTime": "2025-08-19T22:41:44.205Z", "eventType": "input.type", "fullPath": "/main.py", "details": {"fromA": 88, "toA": 88, "fromB": 88, "toB": 89, "inserted": ["+"]}}
{"dateTime": "2025-08-19T22:41:44.973Z", "eventType": "input.type", "fullPath": "/main.py", "details": {"fromA": 89, "toA": 89, "fromB": 89, "toB": 90, "inserted": [" "]}}
{"dateTime": "2025-08-19T22:41:45.533Z", "eventType": "input.type", "fullPath": "/main.py", "details": {"fromA": 90, "toA": 90, "fromB": 90, "toB": 91, "inserted": ["t"]}}
{"dateTime": "2025-08-19T22:41:46.510Z", "eventType": "input.type", "fullPath": "/main.py", "details": {"fromA": 91, "toA": 91, "fromB": 91, "toB": 92, "inserted": ["o"]}}
{"dateTime": "2025-08-19T22:41:46.746Z", "eventType": "input.type", "fullPath": "/main.py", "details": {"fromA": 92, "toA": 92, "fromB": 92, "toB": 93, "inserted": ["t"]}}
{"dateTime": "2025-08-19T22:41:46.989Z", "eventType": "input.type", "fullPath": "/main.py", "details": {"fromA": 93, "toA": 93, "fromB": 93, "toB": 94, "inserted": ["a"]}}
{"dateTime": "2025-08-19T22:41:47.150Z", "eventType": "input.type", "fullPath": "/main.py", "details": {"fromA": 94, "toA": 94, "fromB": 94, "toB": 95, "inserted": ["l"]}}
{"dateTime": "2025-08-19T22:41:47.325Z", "eventType": "input.type", "fullPath": "/main.py", "details": {"fromA": 95, "toA": 95, "fromB": 95, "toB": 96, "inserted": [" "]}}
{"dateTime": "2025-08-19T22:41:47.931Z", "eventType": "delete.backward", "fullPath": "/main.py", "details": {"fromA": 95, "toA": 96, "fromB": 95, "toB": 95, "inserted": [""]}}
{"dateTime": "2025-08-19T22:41:48.827Z", "eventType": "input.type", "fullPath": "/main.py", "details": {"fromA": 95, "toA": 95, "fromB": 95, "toB": 96, "inserted": ["D"]}}
{"dateTime": "2025-08-19T22:41:49.179Z", "eventType": "delete.backward", "fullPath": "/main.py", "details": {"fromA": 95, "toA": 96, "fromB": 95, "toB": 95, "inserted": [""]}}
{"dateTime": "2025-08-19T22:41:49.339Z", "eventType": "input.type", "fullPath": "/main.py", "details": {"fromA": 95, "toA": 95, "fromB": 95, "toB": 96, "inserted": ["S"]}}
{"dateTime": "2025-08-19T22:41:49.773Z", "eventType": "input.type", "fullPath": "/main.py", "details": {"fromA": 96, "toA": 96, "fromB": 96, "toB": 97, "inserted": ["e"]}}
{"dateTime": "2025-08-19T22:41:49.901Z", "eventType": "input.type", "fullPath": "/main.py", "details": {"fromA": 97, "toA": 97, "fromB": 97, "toB": 98, "inserted": ["m"]}}
{"dateTime": "2025-08-19T22:41:50.029Z", "eventType": "input.type", "fullPath": "/main.py", "details": {"fromA": 98, "toA": 98, "fromB": 98, "toB": 99, "inserted": [" "]}}
{"dateTime": "2025-08-19T22:41:51.067Z", "eventType": "delete.backward", "fullPath": "/main.py", "details": {"fromA": 98, "toA": 99, "fromB": 98, "toB": 98, "inserted": [""]}}
{"dateTime": "2025-08-19T22:41:52.333Z", "eventType": "input.type", "fullPath": "/main.py", "details": {"fromA": 98, "toA": 98, "fromB": 98, "toB": 99, "inserted": ["*"]}}
{"dateTime": "2025-08-19T22:41:55.417Z", "eventType": "input.type", "fullPath": "/main.py", "details": {"fromA": 99, "toA": 99, "fromB": 99, "toB": 101, "inserted": ["()"]}}
{"dateTime": "2025-08-19T22:41:57.273Z", "eventType": "input.type", "fullPath": "/main.py", "details": {"fromA": 100, "toA": 100, "fromB": 100, "toB": 101, "inserted": ["3"]}}
{"dateTime": "2025-08-19T22:41:57.420Z", "eventType": "input.type", "fullPath": "/main.py", "details": {"fromA": 101, "toA": 101, "fromB": 101, "toB": 102, "inserted": ["4"]}}
{"dateTime": "2025-08-19T22:41:57.819Z", "eventType": "input.type", "fullPath": "/main.py", "details": {"fromA": 102, "toA": 102, "fromB": 102, "toB": 103, "inserted": ["/"]}}
{"dateTime": "2025-08-19T22:41:58.669Z", "eventType": "input.type", "fullPath": "/main.py", "details": {"fromA": 103, "toA": 103, "fromB": 103, "toB": 104, "inserted": ["1"]}}
{"dateTime": "2025-08-19T22:41:58.909Z", "eventType": "input.type", "fullPath": "/main.py", "details": {"fromA": 104, "toA": 104, "fromB": 104, "toB": 105, "inserted": ["0"]}}
{"dateTime": "2025-08-19T22:41:59.048Z", "eventType": "input.type", "fullPath": "/main.py", "details": {"fromA": 105, "toA": 105, "fromB": 105, "toB": 106, "inserted": ["0"]}}
{"dateTime": "2025-08-19T22:42:00.426Z", "eventType": "select", "fullPath": "/main.py", "details": {"selection": {"from": 107, "to": 107}}}
{"dateTime": "2025-08-19T22:42:00.701Z", "eventType": "input", "fullPath": "/main.py", "details": {"fromA": 107, "toA": 107, "fromB": 107, "toB": 108, "inserted": ["", ""]}}
{"dateTime": "2025-08-19T22:42:01.943Z", "eventType": "input", "fullPath": "/main.py", "details": {"fromA": 108, "toA": 108, "fromB": 108, "toB": 109, "inserted": ["", ""]}}
{"dateTime": "2025-08-19T22:42:02.716Z", "eventType": "input.type", "fullPath": "/main.py", "details": {"fromA": 109, "toA": 109, "fromB": 109, "toB": 110, "inserted": ["p"]}}
{"dateTime": "2025-08-19T22:42:02.863Z", "eventType": "input.type", "fullPath": "/main.py", "details": {"fromA": 110, "toA": 110, "fromB": 110, "toB": 111, "inserted": ["r"]}}
{"dateTime": "2025-08-19T22:42:03.024Z", "eventType": "input.type", "fullPath": "/main.py", "details": {"fromA": 111, "toA": 111, "fromB": 111, "toB": 112, "inserted": ["i"]}}
{"dateTime": "2025-08-19T22:42:03.168Z", "eventType": "input.type", "fullPath": "/main.py", "details": {"fromA": 112, "toA": 112, "fromB": 112, "toB": 113, "inserted": ["n"]}}
{"dateTime": "2025-08-19T22:42:03.262Z", "eventType": "input.type", "fullPath": "/main.py", "details": {"fromA": 113, "toA": 113, "fromB": 113, "toB": 114, "inserted": ["t"]}}
{"dateTime": "2025-08-19T22:42:06.328Z", "eventType": "input.type", "fullPath": "/main.py", "details": {"fromA": 114, "toA": 114, "fromB": 114, "toB": 115, "inserted": [" "]}}
{"dateTime": "2025-08-19T22:42:06.652Z", "eventType": "input.type", "fullPath": "/main.py", "details": {"fromA": 115, "toA": 115, "fromB": 115, "toB": 117, "inserted": ["()"]}}
{"dateTime": "2025-08-19T22:42:11.468Z", "eventType": "input.type", "fullPath": "/main.py", "details": {"fromA": 116, "toA": 116, "fromB": 116, "toB": 117, "inserted": ["r"]}}
{"dateTime": "2025-08-19T22:42:11.527Z", "eventType": "input.type", "fullPath": "/main.py", "details": {"fromA": 117, "toA": 117, "fromB": 117, "toB": 118, "inserted": ["o"]}}
{"dateTime": "2025-08-19T22:42:11.721Z", "eventType": "input.type", "fullPath": "/main.py", "details": {"fromA": 118, "toA": 118, "fromB": 118, "toB": 119, "inserted": ["u"]}}
{"dateTime": "2025-08-19T22:42:11.854Z", "eventType": "input.type", "fullPath": "/main.py", "details": {"fromA": 119, "toA": 119, "fromB": 119, "toB": 120, "inserted": ["n"]}}
{"dateTime": "2025-08-19T22:42:11.966Z", "eventType": "input.type", "fullPath": "/main.py", "details": {"fromA": 120, "toA": 120, "fromB": 120, "toB": 121, "inserted": ["d"]}}
{"dateTime": "2025-08-19T22:42:13.900Z", "eventType": "input.type", "fullPath": "/main.py", "details": {"fromA": 121, "toA": 121, "fromB": 121, "toB": 122, "inserted": [" "]}}
{"dateTime": "2025-08-19T22:42:14.492Z", "eventType": "input.type", "fullPath": "/main.py", "details": {"fromA": 122, "toA": 122, "fromB": 122, "toB": 124, "inserted": ["()"]}}
{"dateTime": "2025-08-19T22:42:15.143Z", "eventType": "input.type", "fullPath": "/main.py", "details": {"fromA": 123, "toA": 123, "fromB": 123, "toB": 124, "inserted": ["t"]}}
{"dateTime": "2025-08-19T22:42:15.256Z", "eventType": "input.type", "fullPath": "/main.py", "details": {"fromA": 124, "toA": 124, "fromB": 124, "toB": 125, "inserted": ["o"]}}
{"dateTime": "2025-08-19T22:42:15.360Z", "eventType": "input.type", "fullPath": "/main.py", "details": {"fromA": 125, "toA": 125, "fromB": 125, "toB": 126, "inserted": ["t"]}}
{"dateTime": "2025-08-19T22:42:15.599Z", "eventType": "input.type", "fullPath": "/main.py", "details": {"fromA": 126, "toA": 126, "fromB": 126, "toB": 127, "inserted": ["a"]}}
{"dateTime": "2025-08-19T22:42:15.710Z", "eventType": "input.type", "fullPath": "/main.py", "details": {"fromA": 127, "toA": 127, "fromB": 127, "toB": 128, "inserted": ["l"]}}
{"dateTime": "2025-08-19T22:42:16.605Z", "eventType": "input.type", "fullPath": "/main.py", "details": {"fromA": 128, "toA": 128, "fromB": 128, "toB": 129, "inserted": ["C"]}}
{"dateTime": "2025-08-19T22:42:16.972Z", "eventType": "input.type", "fullPath": "/main.py", "details": {"fromA": 129, "toA": 129, "fromB": 129, "toB": 130, "inserted": ["o"]}}
{"dateTime": "2025-08-19T22:42:17.097Z", "eventType": "input.type", "fullPath": "/main.py", "details": {"fromA": 130, "toA": 130, "fromB": 130, "toB": 131, "inserted": ["m"]}}
{"dateTime": "2025-08-19T22:42:17.357Z", "eventType": "input.type", "fullPath": "/main.py", "details": {"fromA": 131, "toA": 131, "fromB": 131, "toB": 132, "inserted": [","]}}
{"dateTime": "2025-08-19T22:42:17.884Z", "eventType": "input.type", "fullPath": "/main.py", "details": {"fromA": 132, "toA": 132, "fromB": 132, "toB": 133, "inserted": ["2"]}}
{"dateTime": "2025-08-19T22:42:20.351Z", "eventType": "blur", "fullPath": "/main.py"}
{"dateTime": "2025-08-19T22:42:20.806Z", "eventType": "submission", "details": {"correctness": 0, "commit": "5310ce6a730ae58c8cbeca63f5457f762e66d966", "executionTime": 0}}
{"dateTime": "2025-08-28T02:36:56.656Z", "eventType": "delete.backward", "fullPath": "/main.py", "details": {"fromA": 6, "toA": 7, "fromB": 6, "toB": 6, "inserted": [""]}}
{"dateTime": "2025-08-28T02:36:56.816Z", "eventType": "delete.backward", "fullPath": "/main.py", "details": {"fromA": 5, "toA": 6, "fromB": 5, "toB": 5, "inserted": [""]}}
{"dateTime": "2025-08-28T02:36:58.488Z", "eventType": "input.type", "fullPath": "/main.py", "details": {"fromA": 5, "toA": 5, "fromB": 5, "toB": 6, "inserted": ["L"]}}
{"dateTime": "2025-08-28T02:36:59.336Z", "eventType": "input.type", "fullPath": "/main.py", "details": {"fromA": 6, "toA": 6, "fromB": 6, "toB": 7, "inserted": ["a"]}}
{"dateTime": "2025-08-28T02:36:59.480Z", "eventType": "input.type", "fullPath": "/main.py", "details": {"fromA": 7, "toA": 7, "fromB": 7, "toB": 8, "inserted": ["b"]}}
{"dateTime": "2025-08-28T02:36:59.585Z", "eventType": "input.type", "fullPath": "/main.py", "details": {"fromA": 8, "toA": 8, "fromB": 8, "toB": 9, "inserted": ["a"]}}
{"dateTime": "2025-08-28T02:36:59.825Z", "eventType": "input.type", "fullPath": "/main.py", "details": {"fromA": 9, "toA": 9, "fromB": 9, "toB": 10, "inserted": ["s"]}}
{"dateTime": "2025-08-28T02:36:59.928Z", "eventType": "input.type", "fullPath": "/main.py", "details": {"fromA": 10, "toA": 10, "fromB": 10, "toB": 11, "inserted": ["t"]}}
{"dateTime": "2025-08-28T02:37:00.072Z", "eventType": "input.type", "fullPath": "/main.py", "details": {"fromA": 11, "toA": 11, "fromB": 11, "toB": 12, "inserted": ["e"]}}
{"dateTime": "2025-08-28T02:37:00.424Z", "eventType": "input.type", "fullPath": "/main.py", "details": {"fromA": 12, "toA": 12, "fromB": 12, "toB": 13, "inserted": ["c"]}}
{"dateTime": "2025-08-28T02:37:00.584Z", "eventType": "input.type", "fullPath": "/main.py", "details": {"fromA": 13, "toA": 13, "fromB": 13, "toB": 14, "inserted": ["i"]}}
{"dateTime": "2025-08-28T02:37:00.672Z", "eventType": "input.type", "fullPath": "/main.py", "details": {"fromA": 14, "toA": 14, "fromB": 14, "toB": 15, "inserted": ["d"]}}
{"dateTime": "2025-08-28T02:37:00.850Z", "eventType": "input.type", "fullPath": "/main.py", "details": {"fromA": 15, "toA": 15, "fromB": 15, "toB": 16, "inserted": ["o"]}}
{"dateTime": "2025-08-28T02:37:02.018Z", "eventType": "input.type", "fullPath": "/main.py", "details": {"fromA": 16, "toA": 16, "fromB": 16, "toB": 17, "inserted": [" "]}}
{"dateTime": "2025-08-28T02:37:02.210Z", "eventType": "input.type", "fullPath": "/main.py", "details": {"fromA": 17, "toA": 17, "fromB": 17, "toB": 18, "inserted": ["="]}}
{"dateTime": "2025-08-28T02:37:02.427Z", "eventType": "input.type", "fullPath": "/main.py", "details": {"fromA": 18, "toA": 18, "fromB": 18, "toB": 19, "inserted": [" "]}}
{"dateTime": "2025-08-28T02:37:07.693Z", "eventType": "input.type", "fullPath": "/main.py", "details": {"fromA": 19, "toA": 19, "fromB": 19, "toB": 20, "inserted": ["f"]}}
{"dateTime": "2025-08-28T02:37:07.805Z", "eventType": "input.type", "fullPath": "/main.py", "details": {"fromA": 20, "toA": 20, "fromB": 20, "toB": 21, "inserted": ["l"]}}
{"dateTime": "2025-08-28T02:37:07.979Z", "eventType": "input.type", "fullPath": "/main.py", "details": {"fromA": 21, "toA": 21, "fromB": 21, "toB": 22, "inserted": ["o"]}}
{"dateTime": "2025-08-28T02:37:08.101Z", "eventType": "input.type", "fullPath": "/main.py", "details": {"fromA": 22, "toA": 22, "fromB": 22, "toB": 23, "inserted": ["a"]}}
{"dateTime": "2025-08-28T02:37:08.322Z", "eventType": "input.type", "fullPath": "/main.py", "details": {"fromA": 23, "toA": 23, "fromB": 23, "toB": 24, "inserted": ["t"]}}
{"dateTime": "2025-08-28T02:37:08.750Z", "eventType": "input.type", "fullPath": "/main.py", "details": {"fromA": 24, "toA": 24, "fromB": 24, "toB": 26, "inserted": ["()"]}}
{"dateTime": "2025-08-28T02:37:09.553Z", "eventType": "input.type", "fullPath": "/main.py", "details": {"fromA": 25, "toA": 25, "fromB": 25, "toB": 26, "inserted": ["p"]}}
{"dateTime": "2025-08-28T02:37:09.715Z", "eventType": "input.type", "fullPath": "/main.py", "details": {"fromA": 26, "toA": 26, "fromB": 26, "toB": 27, "inserted": ["r"]}}
{"dateTime": "2025-08-28T02:37:09.859Z", "eventType": "input.type", "fullPath": "/main.py", "details": {"fromA": 27, "toA": 27, "fromB": 27, "toB": 28, "inserted": ["i"]}}
{"dateTime": "2025-08-28T02:37:10.004Z", "eventType": "input.type", "fullPath": "/main.py", "details": {"fromA": 28, "toA": 28, "fromB": 28, "toB": 29, "inserted": ["n"]}}
{"dateTime": "2025-08-28T02:37:10.091Z", "eventType": "input.type", "fullPath": "/main.py", "details": {"fromA": 29, "toA": 29, "fromB": 29, "toB": 30, "inserted": ["t"]}}
{"dateTime": "2025-08-28T02:37:11.082Z", "eventType": "input.type", "fullPath": "/main.py", "details": {"fromA": 30, "toA": 30, "fromB": 30, "toB": 32, "inserted": ["()"]}}
{"dateTime": "2025-08-28T02:37:13.145Z", "eventType": "delete.backward", "fullPath": "/main.py", "details": {"fromA": 30, "toA": 32, "fromB": 30, "toB": 30, "inserted": [""]}}
{"dateTime": "2025-08-28T02:37:13.362Z", "eventType": "delete.backward", "fullPath": "/main.py", "details": {"fromA": 29, "toA": 30, "fromB": 29, "toB": 29, "inserted": [""]}}
{"dateTime": "2025-08-28T02:37:13.521Z", "eventType": "delete.backward", "fullPath": "/main.py", "details": {"fromA": 28, "toA": 29, "fromB": 28, "toB": 28, "inserted": [""]}}
{"dateTime": "2025-08-28T02:37:13.722Z", "eventType": "delete.backward", "fullPath": "/main.py", "details": {"fromA": 27, "toA": 28, "fromB": 27, "toB": 27, "inserted": [""]}}
{"dateTime": "2025-08-28T02:37:13.816Z", "eventType": "blur", "fullPath": "/main.py"}
{"dateTime": "2025-08-28T02:37:13.817Z", "eventType": "window.blur", "fullPath": "/main.py"}
{"dateTime": "2025-08-28T02:37:15.853Z", "eventType": "input.type", "fullPath": "/main.py", "details": {"fromA": 99, "toA": 99, "fromB": 99, "toB": 100, "inserted": ["+"]}}
{"dateTime": "2025-08-28T02:37:17.880Z", "eventType": "input.type", "fullPath": "/main.py", "details": {"fromA": 100, "toA": 100, "fromB": 100, "toB": 101, "inserted": ["v"]}}
{"dateTime": "2025-08-28T02:37:18.405Z", "eventType": "delete.backward", "fullPath": "/main.py", "details": {"fromA": 100, "toA": 101, "fromB": 100, "toB": 100, "inserted": [""]}}
{"dateTime": "2025-08-28T02:37:18.926Z", "eventType": "input.type", "fullPath": "/main.py", "details": {"fromA": 100, "toA": 100, "fromB": 100, "toB": 101, "inserted": [" "]}}
{"dateTime": "2025-08-28T02:37:19.093Z", "eventType": "input.type", "fullPath": "/main.py", "details": {"fromA": 101, "toA": 101, "fromB": 101, "toB": 102, "inserted": ["v"]}}
{"dateTime": "2025-08-28T02:37:19.373Z", "eventType": "input.type", "fullPath": "/main.py", "details": {"fromA": 102, "toA": 102, "fromB": 102, "toB": 103, "inserted": ["a"]}}
{"dateTime": "2025-08-28T02:37:19.526Z", "eventType": "input.type", "fullPath": "/main.py", "details": {"fromA": 103, "toA": 103, "fromB": 103, "toB": 104, "inserted": ["l"]}}
{"dateTime": "2025-08-28T02:37:19.741Z", "eventType": "input.type", "fullPath": "/main.py", "details": {"fromA": 104, "toA": 104, "fromB": 104, "toB": 105, "inserted": ["o"]}}
{"dateTime": "2025-08-28T02:37:19.845Z", "eventType": "input.type", "fullPath": "/main.py", "details": {"fromA": 105, "toA": 105, "fromB": 105, "toB": 106, "inserted": ["r"]}}
{"dateTime": "2025-08-28T02:37:20.101Z", "eventType": "input.type", "fullPath": "/main.py", "details": {"fromA": 106, "toA": 106, "fromB": 106, "toB": 107, "inserted": [" "]}}
{"dateTime": "2025-08-28T02:37:20.556Z", "eventType": "delete.backward", "fullPath": "/main.py", "details": {"fromA": 106, "toA": 107, "fromB": 106, "toB": 106, "inserted": [""]}}
{"dateTime": "2025-08-28T02:37:21.103Z", "eventType": "input.type", "fullPath": "/main.py", "details": {"fromA": 106, "toA": 106, "fromB": 106, "toB": 107, "inserted": ["T"]}}
{"dateTime": "2025-08-28T02:37:21.589Z", "eventType": "input.type", "fullPath": "/main.py", "details": {"fromA": 107, "toA": 107, "fromB": 107, "toB": 108, "inserted": ["o"]}}
{"dateTime": "2025-08-28T02:37:21.749Z", "eventType": "input.type", "fullPath": "/main.py", "details": {"fromA": 108, "toA": 108, "fromB": 108, "toB": 109, "inserted": ["t"]}}
{"dateTime": "2025-08-28T02:37:22.045Z", "eventType": "input.type", "fullPath": "/main.py", "details": {"fromA": 109, "toA": 109, "fromB": 109, "toB": 110, "inserted": ["a"]}}
{"dateTime": "2025-08-28T02:37:22.150Z", "eventType": "input.type", "fullPath": "/main.py", "details": {"fromA": 110, "toA": 110, "fromB": 110, "toB": 111, "inserted": ["l"]}}
{"dateTime": "2025-08-28T02:37:22.327Z", "eventType": "input.type", "fullPath": "/main.py", "details": {"fromA": 111, "toA": 111, "fromB": 111, "toB": 112, "inserted": [" "]}}
{"dateTime": "2025-08-28T02:37:23.140Z", "eventType": "delete.backward", "fullPath": "/main.py", "details": {"fromA": 111, "toA": 112, "fromB": 111, "toB": 111, "inserted": [""]}}
{"dateTime": "2025-08-28T02:37:27.988Z", "eventType": "blur", "fullPath": "/main.py"}
{"dateTime": "2025-08-28T02:38:00.383Z", "eventType": "submission", "details": {"correctness": 1, "commit": "d6de272f9b4b3b414104493644136f723dcac5c8", "executionTime": 0.01}}
{"dateTime": "2025-08-28T02:38:04.413Z", "eventType": "focus", "fullPath": "/main.py"}
{"dateTime": "2025-08-28T02:38:04.419Z", "eventType": "select", "fullPath": "/main.py", "details": {"selection": {"from": 136, "to": 136}}}
{"dateTime": "2025-08-28T02:38:04.700Z", "eventType": "select", "fullPath": "/main.py", "details": {"selection": {"from": 135, "to": 136}}}
{"dateTime": "2025-08-28T02:38:04.712Z", "eventType": "select", "fullPath": "/main.py", "details": {"selection": {"from": 134, "to": 136}}}
{"dateTime": "2025-08-28T02:38:04.730Z", "eventType": "select", "fullPath": "/main.py", "details": {"selection": {"from": 132, "to": 136}}}
{"dateTime": "2025-08-28T02:38:04.746Z", "eventType": "select", "fullPath": "/main.py", "details": {"selection": {"from": 108, "to": 136}}}
{"dateTime": "2025-08-28T02:38:04.830Z", "eventType": "select", "fullPath": "/main.py", "details": {"selection": {"from": 79, "to": 136}}}
{"dateTime": "2025-08-28T02:38:04.844Z", "eventType": "select", "fullPath": "/main.py", "details": {"selection": {"from": 78, "to": 136}}}
{"dateTime": "2025-08-28T02:38:04.863Z", "eventType": "select", "fullPath": "/main.py", "details": {"selection": {"from": 77, "to": 136}}}
{"dateTime": "2025-08-28T02:38:04.877Z", "eventType": "select", "fullPath": "/main.py", "details": {"selection": {"from": 76, "to": 136}}}
{"dateTime": "2025-08-28T02:38:04.896Z", "eventType": "select", "fullPath": "/main.py", "details": {"selection": {"from": 75, "to": 136}}}
{"dateTime": "2025-08-28T02:38:04.928Z", "eventType": "select", "fullPath": "/main.py", "details": {"selection": {"from": 74, "to": 136}}}
{"dateTime": "2025-08-28T02:38:04.943Z", "eventType": "select", "fullPath": "/main.py", "details": {"selection": {"from": 35, "to": 136}}}
{"dateTime": "2025-08-28T02:38:04.962Z", "eventType": "select", "fullPath": "/main.py", "details": {"selection": {"from": 34, "to": 136}}}
{"dateTime": "2025-08-28T02:38:05.011Z", "eventType": "select", "fullPath": "/main.py", "details": {"selection": {"from": 33, "to": 136}}}
{"dateTime": "2025-08-28T02:38:05.077Z", "eventType": "select", "fullPath": "/main.py", "details": {"selection": {"from": 32, "to": 136}}}
{"dateTime": "2025-08-28T02:38:05.128Z", "eventType": "select", "fullPath": "/main.py", "details": {"selection": {"from": 31, "to": 136}}}
{"dateTime": "2025-08-28T02:38:05.142Z", "eventType": "select", "fullPath": "/main.py", "details": {"selection": {"from": 30, "to": 136}}}
{"dateTime": "2025-08-28T02:38:05.162Z", "eventType": "select", "fullPath": "/main.py", "details": {"selection": {"from": 29, "to": 136}}}
{"dateTime": "2025-08-28T02:38:05.215Z", "eventType": "select", "fullPath": "/main.py", "details": {"selection": {"from": 28, "to": 136}}}
{"dateTime": "2025-08-28T02:38:05.611Z", "eventType": "select", "fullPath": "/main.py", "details": {"selection": {"from": 0, "to": 136}}}
{"dateTime": "2025-08-28T02:38:07.414Z", "eventType": "delete.selection", "fullPath": "/main.py", "details": {"fromA": 0, "toA": 136, "fromB": 0, "toB": 0, "inserted": [""]}}
{"dateTime": "2025-08-28T02:38:30.722Z", "eventType": "focus", "fullPath": "/main.py"}
{"dateTime": "2025-08-28T02:38:30.871Z", "eventType": "select.pointer", "fullPath": "/main.py", "details": {"selection": {"from": 26, "to": 26}}}
{"dateTime": "2025-08-28T02:38:31.063Z", "eventType": "select.pointer", "fullPath": "/main.py", "details": {"selection": {"from": 27, "to": 27}}}
{"dateTime": "2025-08-28T02:38:32.775Z", "eventType": "delete.backward", "fullPath": "/main.py", "details": {"fromA": 26, "toA": 27, "fromB": 26, "toB": 26, "inserted": [""]}}
{"dateTime": "2025-08-28T02:38:32.792Z", "eventType": "delete.backward", "fullPath": "/main.py", "details": {"fromA": 25, "toA": 26, "fromB": 25, "toB": 25, "inserted": [""]}}
{"dateTime": "2025-08-28T02:38:33.812Z", "eventType": "input.type", "fullPath": "/main.py", "details": {"fromA": 25, "toA": 25, "fromB": 25, "toB": 26, "inserted": ["i"]}}
{"dateTime": "2025-08-28T02:38:33.870Z", "eventType": "input.type", "fullPath": "/main.py", "details": {"fromA": 26, "toA": 26, "fromB": 26, "toB": 27, "inserted": ["n"]}}
{"dateTime": "2025-08-28T02:38:34.259Z", "eventType": "input.type", "fullPath": "/main.py", "details": {"fromA": 27, "toA": 27, "fromB": 27, "toB": 28, "inserted": ["p"]}}
{"dateTime": "2025-08-28T02:38:34.383Z", "eventType": "input.type", "fullPath": "/main.py", "details": {"fromA": 28, "toA": 28, "fromB": 28, "toB": 29, "inserted": ["u"]}}
{"dateTime": "2025-08-28T02:38:34.583Z", "eventType": "input.type", "fullPath": "/main.py", "details": {"fromA": 29, "toA": 29, "fromB": 29, "toB": 30, "inserted": ["t"]}}
{"dateTime": "2025-08-28T02:38:38.424Z", "eventType": "input.type", "fullPath": "/main.py", "details": {"fromA": 30, "toA": 30, "fromB": 30, "toB": 32, "inserted": ["()"]}}
{"dateTime": "2025-08-28T02:38:40.253Z", "eventType": "select.pointer", "fullPath": "/main.py", "details": {"selection": {"from": 33, "to": 33}}}
{"dateTime": "2025-08-28T02:38:41.593Z", "eventType": "input", "fullPath": "/main.py", "details": {"fromA": 33, "toA": 33, "fromB": 33, "toB": 34, "inserted": ["", ""]}}
{"dateTime": "2025-08-28T02:39:00.753Z", "eventType": "input.type", "fullPath": "/main.py", "details": {"fromA": 0, "toA": 0, "fromB": 0, "toB": 1, "inserted": ["q"]}}
{"dateTime": "2025-08-28T02:39:00.899Z", "eventType": "input.type", "fullPath": "/main.py", "details": {"fromA": 1, "toA": 1, "fromB": 1, "toB": 2, "inserted": ["u"]}}
{"dateTime": "2025-08-28T02:39:00.979Z", "eventType": "input.type", "fullPath": "/main.py", "details": {"fromA": 2, "toA": 2, "fromB": 2, "toB": 3, "inserted": ["a"]}}
{"dateTime": "2025-08-28T02:39:01.123Z", "eventType": "input.type", "fullPath": "/main.py", "details": {"fromA": 3, "toA": 3, "fromB": 3, "toB": 4, "inserted": ["n"]}}
{"dateTime": "2025-08-28T02:39:01.311Z", "eventType": "input.type", "fullPath": "/main.py", "details": {"fromA": 4, "toA": 4, "fromB": 4, "toB": 5, "inserted": ["t"]}}
{"dateTime": "2025-08-28T02:39:01.327Z", "eventType": "input.type", "fullPath": "/main.py", "details": {"fromA": 5, "toA": 5, "fromB": 5, "toB": 6, "inserted": ["y"]}}
{"dateTime": "2025-08-28T02:39:01.842Z", "eventType": "input.type", "fullPath": "/main.py", "details": {"fromA": 6, "toA": 6, "fromB": 6, "toB": 7, "inserted": ["="]}}
{"dateTime": "2025-08-28T02:39:19.250Z", "eventType": "input.type", "fullPath": "/main.py", "details": {"fromA": 34, "toA": 34, "fromB": 34, "toB": 35, "inserted": ["v"]}}
{"dateTime": "2025-08-28T02:39:19.388Z", "eventType": "input.type", "fullPath": "/main.py", "details": {"fromA": 35, "toA": 35, "fromB": 35, "toB": 36, "inserted": ["a"]}}
{"dateTime": "2025-08-28T02:39:19.861Z", "eventType": "input.type", "fullPath": "/main.py", "details": {"fromA": 36, "toA": 36, "fromB": 36, "toB": 37, "inserted": ["l"]}}
{"dateTime": "2025-08-28T02:39:20.044Z", "eventType": "input.type", "fullPath": "/main.py", "details": {"fromA": 37, "toA": 37, "fromB": 37, "toB": 38, "inserted": ["o"]}}
{"dateTime": "2025-08-28T02:39:20.191Z", "eventType": "input.type", "fullPath": "/main.py", "details": {"fromA": 38, "toA": 38, "fromB": 38, "toB": 39, "inserted": ["r"]}}
{"dateTime": "2025-08-28T02:39:21.980Z", "eventType": "input.type", "fullPath": "/main.py", "details": {"fromA": 39, "toA": 39, "fromB": 39, "toB": 40, "inserted": ["T"]}}
{"dateTime": "2025-08-28T02:39:22.347Z", "eventType": "input.type", "fullPath": "/main.py", "details": {"fromA": 40, "toA": 40, "fromB": 40, "toB": 41, "inserted": ["o"]}}
{"dateTime": "2025-08-28T02:39:22.717Z", "eventType": "input.type", "fullPath": "/main.py", "details": {"fromA": 41, "toA": 41, "fromB": 41, "toB": 42, "inserted": ["t"]}}
{"dateTime": "2025-08-28T02:39:22.994Z", "eventType": "input.type", "fullPath": "/main.py", "details": {"fromA": 42, "toA": 42, "fromB": 42, "toB": 43, "inserted": ["a"]}}
{"dateTime": "2025-08-28T02:39:23.155Z", "eventType": "input.type", "fullPath": "/main.py", "details": {"fromA": 43, "toA": 43, "fromB": 43, "toB": 44, "inserted": ["l"]}}
{"dateTime": "2025-08-28T02:39:29.365Z", "eventType": "input.type", "fullPath": "/main.py", "details": {"fromA": 44, "toA": 44, "fromB": 44, "toB": 45, "inserted": [" "]}}
{"dateTime": "2025-08-28T02:39:29.580Z", "eventType": "input.type", "fullPath": "/main.py", "details": {"fromA": 45, "toA": 45, "fromB": 45, "toB": 46, "inserted": ["="]}}
{"dateTime": "2025-08-28T02:39:29.763Z", "eventType": "input.type", "fullPath": "/main.py", "details": {"fromA": 46, "toA": 46, "fromB": 46, "toB": 47, "inserted": [" "]}}
{"dateTime": "2025-08-28T02:39:49.960Z", "eventType": "input.type", "fullPath": "/main.py", "details": {"fromA": 47, "toA": 47, "fromB": 47, "toB": 48, "inserted": ["q"]}}
{"dateTime": "2025-08-28T02:39:50.105Z", "eventType": "input.type", "fullPath": "/main.py", "details": {"fromA": 48, "toA": 48, "fromB": 48, "toB": 49, "inserted": ["u"]}}
{"dateTime": "2025-08-28T02:39:50.167Z", "eventType": "input.type", "fullPath": "/main.py", "details": {"fromA": 49, "toA": 49, "fromB": 49, "toB": 50, "inserted": ["a"]}}
{"dateTime": "2025-08-28T02:39:50.311Z", "eventType": "input.type", "fullPath": "/main.py", "details": {"fromA": 50, "toA": 50, "fromB": 50, "toB": 51, "inserted": ["n"]}}
{"dateTime": "2025-08-28T02:39:50.479Z", "eventType": "input.type", "fullPath": "/main.py", "details": {"fromA": 51, "toA": 51, "fromB": 51, "toB": 52, "inserted": ["t"]}}
{"dateTime": "2025-08-28T02:39:50.485Z", "eventType": "input.type", "fullPath": "/main.py", "details": {"fromA": 52, "toA": 52, "fromB": 52, "toB": 53, "inserted": ["y"]}}
{"dateTime": "2025-08-28T02:39:51.069Z", "eventType": "delete.backward", "fullPath": "/main.py", "details": {"fromA": 52, "toA": 53, "fromB": 52, "toB": 52, "inserted": [""]}}
{"dateTime": "2025-08-28T02:39:52.421Z", "eventType": "input.type", "fullPath": "/main.py", "details": {"fromA": 52, "toA": 52, "fromB": 52, "toB": 53, "inserted": ["L"]}}
{"dateTime": "2025-08-28T02:39:52.894Z", "eventType": "input.type", "fullPath": "/main.py", "details": {"fromA": 53, "toA": 53, "fromB": 53, "toB": 54, "inserted": ["a"]}}
{"dateTime": "2025-08-28T02:39:53.040Z", "eventType": "input.type", "fullPath": "/main.py", "details": {"fromA": 54, "toA": 54, "fromB": 54, "toB": 55, "inserted": ["b"]}}
{"dateTime": "2025-08-28T02:39:53.144Z", "eventType": "input.type", "fullPath": "/main.py", "details": {"fromA": 55, "toA": 55, "fromB": 55, "toB": 56, "inserted": ["a"]}}
{"dateTime": "2025-08-28T02:39:53.405Z", "eventType": "input.type", "fullPath": "/main.py", "details": {"fromA": 56, "toA": 56, "fromB": 56, "toB": 57, "inserted": ["s"]}}
{"dateTime": "2025-08-28T02:39:53.529Z", "eventType": "input.type", "fullPath": "/main.py", "details": {"fromA": 57, "toA": 57, "fromB": 57, "toB": 58, "inserted": ["t"]}}
{"dateTime": "2025-08-28T02:39:53.670Z", "eventType": "input.type", "fullPath": "/main.py", "details": {"fromA": 58, "toA": 58, "fromB": 58, "toB": 59, "inserted": ["e"]}}
{"dateTime": "2025-08-28T02:39:53.943Z", "eventType": "input.type", "fullPath": "/main.py", "details": {"fromA": 59, "toA": 59, "fromB": 59, "toB": 60, "inserted": ["c"]}}
{"dateTime": "2025-08-28T02:39:54.071Z", "eventType": "input.type", "fullPath": "/main.py", "details": {"fromA": 60, "toA": 60, "fromB": 60, "toB": 61, "inserted": ["i"]}}
{"dateTime": "2025-08-28T02:39:54.190Z", "eventType": "input.type", "fullPath": "/main.py", "details": {"fromA": 61, "toA": 61, "fromB": 61, "toB": 62, "inserted": ["d"]}}
{"dateTime": "2025-08-28T02:39:54.408Z", "eventType": "input.type", "fullPath": "/main.py", "details": {"fromA": 62, "toA": 62, "fromB": 62, "toB": 63, "inserted": ["o"]}}
{"dateTime": "2025-08-28T02:39:57.662Z", "eventType": "input.type", "fullPath": "/main.py", "details": {"fromA": 63, "toA": 63, "fromB": 63, "toB": 64, "inserted": ["*"]}}
{"dateTime": "2025-08-28T02:39:58.316Z", "eventType": "input.type", "fullPath": "/main.py", "details": {"fromA": 64, "toA": 64, "fromB": 64, "toB": 65, "inserted": ["2"]}}
{"dateTime": "2025-08-28T02:39:58.643Z", "eventType": "input.type", "fullPath": "/main.py", "details": {"fromA": 65, "toA": 65, "fromB": 65, "toB": 66, "inserted": ["."]}}
{"dateTime": "2025-08-28T02:39:59.881Z", "eventType": "input.type", "fullPath": "/main.py", "details": {"fromA": 66, "toA": 66, "fromB": 66, "toB": 67, "inserted": ["8"]}}
{"dateTime": "2025-08-28T02:40:00.062Z", "eventType": "input.type", "fullPath": "/main.py", "details": {"fromA": 67, "toA": 67, "fromB": 67, "toB": 68, "inserted": ["6"]}}
{"dateTime": "2025-08-28T02:40:05.348Z", "eventType": "input.type", "fullPath": "/main.py", "details": {"fromA": 68, "toA": 68, "fromB": 68, "toB": 69, "inserted": [")"]}}
{"dateTime": "2025-08-28T02:40:06.777Z", "eventType": "select", "fullPath": "/main.py", "details": {"selection": {"from": 68, "to": 68}}}
{"dateTime": "2025-08-28T02:40:07.278Z", "eventType": "select", "fullPath": "/main.py", "details": {"selection": {"from": 67, "to": 67}}}
{"dateTime": "2025-08-28T02:40:07.316Z", "eventType": "select", "fullPath": "/main.py", "details": {"selection": {"from": 66, "to": 66}}}
{"dateTime": "2025-08-28T02:40:07.350Z", "eventType": "select", "fullPath": "/main.py", "details": {"selection": {"from": 65, "to": 65}}}
{"dateTime": "2025-08-28T02:40:07.378Z", "eventType": "select", "fullPath": "/main.py", "details": {"selection": {"from": 64, "to": 64}}}
{"dateTime": "2025-08-28T02:40:07.417Z", "eventType": "select", "fullPath": "/main.py", "details": {"selection": {"from": 63, "to": 63}}}
{"dateTime": "2025-08-28T02:40:07.450Z", "eventType": "select", "fullPath": "/main.py", "details": {"selection": {"from": 62, "to": 62}}}
{"dateTime": "2025-08-28T02:40:07.478Z", "eventType": "select", "fullPath": "/main.py", "details": {"selection": {"from": 61, "to": 61}}}
{"dateTime": "2025-08-28T02:40:07.516Z", "eventType": "select", "fullPath": "/main.py", "details": {"selection": {"from": 60, "to": 60}}}
{"dateTime": "2025-08-28T02:40:07.551Z", "eventType": "select", "fullPath": "/main.py", "details": {"selection": {"from": 59, "to": 59}}}
{"dateTime": "2025-08-28T02:40:07.584Z", "eventType": "select", "fullPath": "/main.py", "details": {"selection": {"from": 58, "to": 58}}}
{"dateTime": "2025-08-28T02:40:07.608Z", "eventType": "select", "fullPath": "/main.py", "details": {"selection": {"from": 57, "to": 57}}}
{"dateTime": "2025-08-28T02:40:07.650Z", "eventType": "select", "fullPath": "/main.py", "details": {"selection": {"from": 56, "to": 56}}}
{"dateTime": "2025-08-28T02:40:07.677Z", "eventType": "select", "fullPath": "/main.py", "details": {"selection": {"from": 55, "to": 55}}}
{"dateTime": "2025-08-28T02:40:07.716Z", "eventType": "select", "fullPath": "/main.py", "details": {"selection": {"from": 54, "to": 54}}}
{"dateTime": "2025-08-28T02:40:07.880Z", "eventType": "select", "fullPath": "/main.py", "details": {"selection": {"from": 53, "to": 53}}}
{"dateTime": "2025-08-28T02:40:08.121Z", "eventType": "select", "fullPath": "/main.py", "details": {"selection": {"from": 52, "to": 52}}}
{"dateTime": "2025-08-28T02:40:08.305Z", "eventType": "select", "fullPath": "/main.py", "details": {"selection": {"from": 51, "to": 51}}}
{"dateTime": "2025-08-28T02:40:08.467Z", "eventType": "select", "fullPath": "/main.py", "details": {"selection": {"from": 50, "to": 50}}}
{"dateTime": "2025-08-28T02:40:08.675Z", "eventType": "select", "fullPath": "/main.py", "details": {"selection": {"from": 49, "to": 49}}}
{"dateTime": "2025-08-28T02:40:09.104Z", "eventType": "select", "fullPath": "/main.py", "details": {"selection": {"from": 48, "to": 48}}}
{"dateTime": "2025-08-28T02:40:09.458Z", "eventType": "select", "fullPath": "/main.py", "details": {"selection": {"from": 47, "to": 47}}}
{"dateTime": "2025-08-28T02:40:10.582Z", "eventType": "input.type", "fullPath": "/main.py", "details": {"fromA": 47, "toA": 47, "fromB": 47, "toB": 48, "inserted": ["("]}}
{"dateTime": "2025-08-28T02:40:11.089Z", "eventType": "select", "fullPath": "/main.py", "details": {"selection": {"from": 49, "to": 49}}}
{"dateTime": "2025-08-28T02:40:11.597Z", "eventType": "select", "fullPath": "/main.py", "details": {"selection": {"from": 50, "to": 50}}}
{"dateTime": "2025-08-28T02:40:11.630Z", "eventType": "select", "fullPath": "/main.py", "details": {"selection": {"from": 51, "to": 51}}}
{"dateTime": "2025-08-28T02:40:11.657Z", "eventType": "select", "fullPath": "/main.py", "details": {"selection": {"from": 52, "to": 52}}}
{"dateTime": "2025-08-28T02:40:11.696Z", "eventType": "select", "fullPath": "/main.py", "details": {"selection": {"from": 53, "to": 53}}}
{"dateTime": "2025-08-28T02:40:11.728Z", "eventType": "select", "fullPath": "/main.py", "details": {"selection": {"from": 54, "to": 54}}}
{"dateTime": "2025-08-28T02:40:11.762Z", "eventType": "select", "fullPath": "/main.py", "details": {"selection": {"from": 55, "to": 55}}}
{"dateTime": "2025-08-28T02:40:11.788Z", "eventType": "select", "fullPath": "/main.py", "details": {"selection": {"from": 56, "to": 56}}}
{"dateTime": "2025-08-28T02:40:11.829Z", "eventType": "select", "fullPath": "/main.py", "details": {"selection": {"from": 57, "to": 57}}}
{"dateTime": "2025-08-28T02:40:11.858Z", "eventType": "select", "fullPath": "/main.py", "details": {"selection": {"from": 58, "to": 58}}}
{"dateTime": "2025-08-28T02:40:11.895Z", "eventType": "select", "fullPath": "/main.py", "details": {"selection": {"from": 59, "to": 59}}}
{"dateTime": "2025-08-28T02:40:11.929Z", "eventType": "select", "fullPath": "/main.py", "details": {"selection": {"from": 60, "to": 60}}}
{"dateTime": "2025-08-28T02:40:11.964Z", "eventType": "select", "fullPath": "/main.py", "details": {"selection": {"from": 61, "to": 61}}}
{"dateTime": "2025-08-28T02:40:11.997Z", "eventType": "select", "fullPath": "/main.py", "details": {"selection": {"from": 62, "to": 62}}}
{"dateTime": "2025-08-28T02:40:12.017Z", "eventType": "select", "fullPath": "/main.py", "details": {"selection": {"from": 63, "to": 63}}}
{"dateTime": "2025-08-28T02:40:12.062Z", "eventType": "select", "fullPath": "/main.py", "details": {"selection": {"from": 64, "to": 64}}}
{"dateTime": "2025-08-28T02:40:12.087Z", "eventType": "select", "fullPath": "/main.py", "details": {"selection": {"from": 65, "to": 65}}}
{"dateTime": "2025-08-28T02:40:12.129Z", "eventType": "select", "fullPath": "/main.py", "details": {"selection": {"from": 66, "to": 66}}}
{"dateTime": "2025-08-28T02:40:12.157Z", "eventType": "select", "fullPath": "/main.py", "details": {"selection": {"from": 67, "to": 67}}}
{"dateTime": "2025-08-28T02:40:12.195Z", "eventType": "select", "fullPath": "/main.py", "details": {"selection": {"from": 68, "to": 68}}}
{"dateTime": "2025-08-28T02:40:12.417Z", "eventType": "select", "fullPath": "/main.py", "details": {"selection": {"from": 69, "to": 69}}}
{"dateTime": "2025-08-28T02:40:12.617Z", "eventType": "select", "fullPath": "/main.py", "details": {"selection": {"from": 70, "to": 70}}}
{"dateTime": "2025-08-28T02:40:13.393Z", "eventType": "input.type", "fullPath": "/main.py", "details": {"fromA": 70, "toA": 70, "fromB": 70, "toB": 71, "inserted": [" "]}}
{"dateTime": "2025-08-28T02:40:13.754Z", "eventType": "input.type", "fullPath": "/main.py", "details": {"fromA": 71, "toA": 71, "fromB": 71, "toB": 72, "inserted": ["+"]}}
{"dateTime": "2025-08-28T02:40:15.157Z", "eventType": "input.type", "fullPath": "/main.py", "details": {"fromA": 72, "toA": 72, "fromB": 72, "toB": 73, "inserted": [" "]}}
{"dateTime": "2025-08-28T02:40:15.755Z", "eventType": "input.type", "fullPath": "/main.py", "details": {"fromA": 73, "toA": 73, "fromB": 73, "toB": 74, "inserted": ["5"]}}
{"dateTime": "2025-08-28T02:40:15.937Z", "eventType": "input.type", "fullPath": "/main.py", "details": {"fromA": 74, "toA": 74, "fromB": 74, "toB": 75, "inserted": ["0"]}}
{"dateTime": "2025-08-28T02:40:28.471Z", "eventType": "input.type", "fullPath": "/main.py", "details": {"fromA": 75, "toA": 75, "fromB": 75, "toB": 76, "inserted": [")"]}}
{"dateTime": "2025-08-28T02:40:29.835Z", "eventType": "select", "fullPath": "/main.py", "details": {"selection": {"from": 75, "to": 75}}}
{"dateTime": "2025-08-28T02:40:30.328Z", "eventType": "select", "fullPath": "/main.py", "details": {"selection": {"from": 74, "to": 74}}}
{"dateTime": "2025-08-28T02:40:30.361Z", "eventType": "select", "fullPath": "/main.py", "details": {"selection": {"from": 73, "to": 73}}}
{"dateTime": "2025-08-28T02:40:30.395Z", "eventType": "select", "fullPath": "/main.py", "details": {"selection": {"from": 72, "to": 72}}}
{"dateTime": "2025-08-28T02:40:30.427Z", "eventType": "select", "fullPath": "/main.py", "details": {"selection": {"from": 71, "to": 71}}}
{"dateTime": "2025-08-28T02:40:30.463Z", "eventType": "select", "fullPath": "/main.py", "details": {"selection": {"from": 70, "to": 70}}}
{"dateTime": "2025-08-28T02:40:30.493Z", "eventType": "select", "fullPath": "/main.py", "details": {"selection": {"from": 69, "to": 69}}}
{"dateTime": "2025-08-28T02:40:30.528Z", "eventType": "select", "fullPath": "/main.py", "details": {"selection": {"from": 68, "to": 68}}}
{"dateTime": "2025-08-28T02:40:30.562Z", "eventType": "select", "fullPath": "/main.py", "details": {"selection": {"from": 67, "to": 67}}}
{"dateTime": "2025-08-28T02:40:30.595Z", "eventType": "select", "fullPath": "/main.py", "details": {"selection": {"from": 66, "to": 66}}}
{"dateTime": "2025-08-28T02:40:30.627Z", "eventType": "select", "fullPath": "/main.py", "details": {"selection": {"from": 65, "to": 65}}}
{"dateTime": "2025-08-28T02:40:30.661Z", "eventType": "select", "fullPath": "/main.py", "details": {"selection": {"from": 64, "to": 64}}}
{"dateTime": "2025-08-28T02:40:30.692Z", "eventType": "select", "fullPath": "/main.py", "details": {"selection": {"from": 63, "to": 63}}}
{"dateTime": "2025-08-28T02:40:30.727Z", "eventType": "select", "fullPath": "/main.py", "details": {"selection": {"from": 62, "to": 62}}}
{"dateTime": "2025-08-28T02:40:30.752Z", "eventType": "select", "fullPath": "/main.py", "details": {"selection": {"from": 61, "to": 61}}}
{"dateTime": "2025-08-28T02:40:30.793Z", "eventType": "select", "fullPath": "/main.py", "details": {"selection": {"from": 60, "to": 60}}}
{"dateTime": "2025-08-28T02:40:30.822Z", "eventType": "select", "fullPath": "/main.py", "details": {"selection": {"from": 59, "to": 59}}}
{"dateTime": "2025-08-28T02:40:30.860Z", "eventType": "select", "fullPath": "/main.py", "details": {"selection": {"from": 58, "to": 58}}}
{"dateTime": "2025-08-28T02:40:30.893Z", "eventType": "select", "fullPath": "/main.py", "details": {"selection": {"from": 57, "to": 57}}}
{"dateTime": "2025-08-28T02:40:30.927Z", "eventType": "select", "fullPath": "/main.py", "details": {"selection": {"from": 56, "to": 56}}}
{"dateTime": "2025-08-28T02:40:30.952Z", "eventType": "select", "fullPath": "/main.py", "details": {"selection": {"from": 55, "to": 55}}}
{"dateTime": "2025-08-28T02:40:30.994Z", "eventType": "select", "fullPath": "/main.py", "details": {"selection": {"from": 54, "to": 54}}}
{"dateTime": "2025-08-28T02:40:31.029Z", "eventType": "select", "fullPath": "/main.py", "details": {"selection": {"from": 53, "to": 53}}}
{"dateTime": "2025-08-28T02:40:31.063Z", "eventType": "select", "fullPath": "/main.py", "details": {"selection": {"from": 52, "to": 52}}}
{"dateTime": "2025-08-28T02:40:31.096Z", "eventType": "select", "fullPath": "/main.py", "details": {"selection": {"from": 51, "to": 51}}}
{"dateTime": "2025-08-28T02:40:31.123Z", "eventType": "select", "fullPath": "/main.py", "details": {"selection": {"from": 50, "to": 50}}}
{"dateTime": "2025-08-28T02:40:31.261Z", "eventType": "select", "fullPath": "/main.py", "details": {"selection": {"from": 49, "to": 49}}}
{"dateTime": "2025-08-28T02:40:31.486Z", "eventType": "select", "fullPath": "/main.py", "details": {"selection": {"from": 48, "to": 48}}}
{"dateTime": "2025-08-28T02:40:31.724Z", "eventType": "select", "fullPath": "/main.py", "details": {"selection": {"from": 47, "to": 47}}}
{"dateTime": "2025-08-28T02:40:32.694Z", "eventType": "input.type", "fullPath": "/main.py", "details": {"fromA": 47, "toA": 47, "fromB": 47, "toB": 48, "inserted": ["("]}}
{"dateTime": "2025-08-28T02:40:33.116Z", "eventType": "select", "fullPath": "/main.py", "details": {"selection": {"from": 49, "to": 49}}}
{"dateTime": "2025-08-28T02:40:33.618Z", "eventType": "select", "fullPath": "/main.py", "details": {"selection": {"from": 50, "to": 50}}}
{"dateTime": "2025-08-28T02:40:33.641Z", "eventType": "select", "fullPath": "/main.py", "details": {"selection": {"from": 51, "to": 51}}}
{"dateTime": "2025-08-28T02:40:33.675Z", "eventType": "select", "fullPath": "/main.py", "details": {"selection": {"from": 52, "to": 52}}}
{"dateTime": "2025-08-28T02:40:33.708Z", "eventType": "select", "fullPath": "/main.py", "details": {"selection": {"from": 53, "to": 53}}}
{"dateTime": "2025-08-28T02:40:33.742Z", "eventType": "select", "fullPath": "/main.py", "details": {"selection": {"from": 54, "to": 54}}}
{"dateTime": "2025-08-28T02:40:33.775Z", "eventType": "select", "fullPath": "/main.py", "details": {"selection": {"from": 55, "to": 55}}}
{"dateTime": "2025-08-28T02:40:33.808Z", "eventType": "select", "fullPath": "/main.py", "details": {"selection": {"from": 56, "to": 56}}}
{"dateTime": "2025-08-28T02:40:33.842Z", "eventType": "select", "fullPath": "/main.py", "details": {"selection": {"from": 57, "to": 57}}}
{"dateTime": "2025-08-28T02:40:33.875Z", "eventType": "select", "fullPath": "/main.py", "details": {"selection": {"from": 58, "to": 58}}}
{"dateTime": "2025-08-28T02:40:33.907Z", "eventType": "select", "fullPath": "/main.py", "details": {"selection": {"from": 59, "to": 59}}}
{"dateTime": "2025-08-28T02:40:33.942Z", "eventType": "select", "fullPath": "/main.py", "details": {"selection": {"from": 60, "to": 60}}}
{"dateTime": "2025-08-28T02:40:33.975Z", "eventType": "select", "fullPath": "/main.py", "details": {"selection": {"from": 61, "to": 61}}}
{"dateTime": "2025-08-28T02:40:34.008Z", "eventType": "select", "fullPath": "/main.py", "details": {"selection": {"from": 62, "to": 62}}}
{"dateTime": "2025-08-28T02:40:34.042Z", "eventType": "select", "fullPath": "/main.py", "details": {"selection": {"from": 63, "to": 63}}}
{"dateTime": "2025-08-28T02:40:34.075Z", "eventType": "select", "fullPath": "/main.py", "details": {"selection": {"from": 64, "to": 64}}}
{"dateTime": "2025-08-28T02:40:34.107Z", "eventType": "select", "fullPath": "/main.py", "details": {"selection": {"from": 65, "to": 65}}}
{"dateTime": "2025-08-28T02:40:34.133Z", "eventType": "select", "fullPath": "/main.py", "details": {"selection": {"from": 66, "to": 66}}}
{"dateTime": "2025-08-28T02:40:34.174Z", "eventType": "select", "fullPath": "/main.py", "details": {"selection": {"from": 67, "to": 67}}}
{"dateTime": "2025-08-28T02:40:34.205Z", "eventType": "select", "fullPath": "/main.py", "details": {"selection": {"from": 68, "to": 68}}}
{"dateTime": "2025-08-28T02:40:34.240Z", "eventType": "select", "fullPath": "/main.py", "details": {"selection": {"from": 69, "to": 69}}}
{"dateTime": "2025-08-28T02:40:34.277Z", "eventType": "select", "fullPath": "/main.py", "details": {"selection": {"from": 70, "to": 70}}}
{"dateTime": "2025-08-28T02:40:34.305Z", "eventType": "select", "fullPath": "/main.py", "details": {"selection": {"from": 71, "to": 71}}}
{"dateTime": "2025-08-28T02:40:34.343Z", "eventType": "select", "fullPath": "/main.py", "details": {"selection": {"from": 72, "to": 72}}}
{"dateTime": "2025-08-28T02:40:34.376Z", "eventType": "select", "fullPath": "/main.py", "details": {"selection": {"from": 73, "to": 73}}}
{"dateTime": "2025-08-28T02:40:34.405Z", "eventType": "select", "fullPath": "/main.py", "details": {"selection": {"from": 74, "to": 74}}}
{"dateTime": "2025-08-28T02:40:34.564Z", "eventType": "select", "fullPath": "/main.py", "details": {"selection": {"from": 75, "to": 75}}}
{"dateTime": "2025-08-28T02:40:34.790Z", "eventType": "select", "fullPath": "/main.py", "details": {"selection": {"from": 76, "to": 76}}}
{"dateTime": "2025-08-28T02:40:35.004Z", "eventType": "select", "fullPath": "/main.py", "details": {"selection": {"from": 77, "to": 77}}}
{"dateTime": "2025-08-28T02:40:35.885Z", "eventType": "input.type", "fullPath": "/main.py", "details": {"fromA": 77, "toA": 77, "fromB": 77, "toB": 78, "inserted": [" "]}}
{"dateTime": "2025-08-28T02:40:36.281Z", "eventType": "input.type", "fullPath": "/main.py", "details": {"fromA": 78, "toA": 78, "fromB": 78, "toB": 79, "inserted": ["+"]}}
{"dateTime": "2025-08-28T02:40:36.696Z", "eventType": "input.type", "fullPath": "/main.py", "details": {"fromA": 79, "toA": 79, "fromB": 79, "toB": 80, "inserted": [" "]}}
{"dateTime": "2025-08-28T02:40:37.919Z", "eventType": "input.type", "fullPath": "/main.py", "details": {"fromA": 80, "toA": 80, "fromB": 80, "toB": 82, "inserted": ["()"]}}
{"dateTime": "2025-08-28T02:40:38.966Z", "eventType": "input.type", "fullPath": "/main.py", "details": {"fromA": 81, "toA": 81, "fromB": 81, "toB": 82, "inserted": ["3"]}}
{"dateTime": "2025-08-28T02:40:39.161Z", "eventType": "input.type", "fullPath": "/main.py", "details": {"fromA": 82, "toA": 82, "fromB": 82, "toB": 83, "inserted": ["4"]}}
{"dateTime": "2025-08-28T02:40:40.431Z", "eventType": "input.type", "fullPath": "/main.py", "details": {"fromA": 83, "toA": 83, "fromB": 83, "toB": 84, "inserted": ["/"]}}
{"dateTime": "2025-08-28T02:40:40.656Z", "eventType": "input.type", "fullPath": "/main.py", "details": {"fromA": 84, "toA": 84, "fromB": 84, "toB": 85, "inserted": ["1"]}}
{"dateTime": "2025-08-28T02:40:40.893Z", "eventType": "input.type", "fullPath": "/main.py", "details": {"fromA": 85, "toA": 85, "fromB": 85, "toB": 86, "inserted": ["0"]}}
{"dateTime": "2025-08-28T02:40:41.073Z", "eventType": "input.type", "fullPath": "/main.py", "details": {"fromA": 86, "toA": 86, "fromB": 86, "toB": 87, "inserted": ["0"]}}
{"dateTime": "2025-08-28T02:40:42.255Z", "eventType": "input.type", "fullPath": "/main.py", "details": {"fromA": 87, "toA": 88, "fromB": 87, "toB": 88, "inserted": [")"]}}
{"dateTime": "2025-08-28T02:41:09.819Z", "eventType": "input", "fullPath": "/main.py", "details": {"fromA": 88, "toA": 88, "fromB": 88, "toB": 89, "inserted": ["", ""]}}
{"dateTime": "2025-08-28T02:41:11.091Z", "eventType": "input.type", "fullPath": "/main.py", "details": {"fromA": 89, "toA": 89, "fromB": 89, "toB": 90, "inserted": ["p"]}}
{"dateTime": "2025-08-28T02:41:11.221Z", "eventType": "input.type", "fullPath": "/main.py", "details": {"fromA": 90, "toA": 90, "fromB": 90, "toB": 91, "inserted": ["r"]}}
{"dateTime": "2025-08-28T02:41:11.341Z", "eventType": "input.type", "fullPath": "/main.py", "details": {"fromA": 91, "toA": 91, "fromB": 91, "toB": 92, "inserted": ["i"]}}
{"dateTime": "2025-08-28T02:41:11.484Z", "eventType": "input.type", "fullPath": "/main.py", "details": {"fromA": 92, "toA": 92, "fromB": 92, "toB": 93, "inserted": ["n"]}}
{"dateTime": "2025-08-28T02:41:11.592Z", "eventType": "input.type", "fullPath": "/main.py", "details": {"fromA": 93, "toA": 93, "fromB": 93, "toB": 94, "inserted": ["t"]}}
{"dateTime": "2025-08-28T02:41:29.543Z", "eventType": "input.type", "fullPath": "/main.py", "details": {"fromA": 94, "toA": 94, "fromB": 94, "toB": 96, "inserted": ["()"]}}
{"dateTime": "2025-08-28T02:41:30.411Z", "eventType": "input.type", "fullPath": "/main.py", "details": {"fromA": 95, "toA": 95, "fromB": 95, "toB": 96, "inserted": ["r"]}}
{"dateTime": "2025-08-28T02:41:30.499Z", "eventType": "input.type", "fullPath": "/main.py", "details": {"fromA": 96, "toA": 96, "fromB": 96, "toB": 97, "inserted": ["o"]}}
{"dateTime": "2025-08-28T02:41:30.743Z", "eventType": "input.type", "fullPath": "/main.py", "details": {"fromA": 97, "toA": 97, "fromB": 97, "toB": 98, "inserted": ["u"]}}
{"dateTime": "2025-08-28T02:41:30.901Z", "eventType": "input.type", "fullPath": "/main.py", "details": {"fromA": 98, "toA": 98, "fromB": 98, "toB": 99, "inserted": ["n"]}}
{"dateTime": "2025-08-28T02:41:31.027Z", "eventType": "input.type", "fullPath": "/main.py", "details": {"fromA": 99, "toA": 99, "fromB": 99, "toB": 100, "inserted": ["d"]}}
{"dateTime": "2025-08-28T02:41:32.738Z", "eventType": "input.type", "fullPath": "/main.py", "details": {"fromA": 100, "toA": 100, "fromB": 100, "toB": 102, "inserted": ["()"]}}
{"dateTime": "2025-08-28T02:41:33.690Z", "eventType": "input.type", "fullPath": "/main.py", "details": {"fromA": 101, "toA": 101, "fromB": 101, "toB": 102, "inserted": ["v"]}}
{"dateTime": "2025-08-28T02:41:33.950Z", "eventType": "input.type", "fullPath": "/main.py", "details": {"fromA": 102, "toA": 102, "fromB": 102, "toB": 103, "inserted": ["a"]}}
{"dateTime": "2025-08-28T02:41:34.098Z", "eventType": "input.type", "fullPath": "/main.py", "details": {"fromA": 103, "toA": 103, "fromB": 103, "toB": 104, "inserted": ["k"]}}
{"dateTime": "2025-08-28T02:41:34.102Z", "eventType": "input.type", "fullPath": "/main.py", "details": {"fromA": 104, "toA": 104, "fromB": 104, "toB": 105, "inserted": ["l"]}}
{"dateTime": "2025-08-28T02:41:35.293Z", "eventType": "delete.backward", "fullPath": "/main.py", "details": {"fromA": 104, "toA": 105, "fromB": 104, "toB": 104, "inserted": [""]}}
{"dateTime": "2025-08-28T02:41:35.762Z", "eventType": "delete.backward", "fullPath": "/main.py", "details": {"fromA": 103, "toA": 104, "fromB": 103, "toB": 103, "inserted": [""]}}
{"dateTime": "2025-08-28T02:41:36.586Z", "eventType": "input.type", "fullPath": "/main.py", "details": {"fromA": 103, "toA": 103, "fromB": 103, "toB": 104, "inserted": ["l"]}}
{"dateTime": "2025-08-28T02:41:36.765Z", "eventType": "input.type", "fullPath": "/main.py", "details": {"fromA": 104, "toA": 104, "fromB": 104, "toB": 105, "inserted": ["o"]}}
{"dateTime": "2025-08-28T02:41:36.875Z", "eventType": "input.type", "fullPath": "/main.py", "details": {"fromA": 105, "toA": 105, "fromB": 105, "toB": 106, "inserted": ["r"]}}
{"dateTime": "2025-08-28T02:41:37.819Z", "eventType": "input.type", "fullPath": "/main.py", "details": {"fromA": 106, "toA": 106, "fromB": 106, "toB": 107, "inserted": ["T"]}}
{"dateTime": "2025-08-28T02:41:38.715Z", "eventType": "input.type", "fullPath": "/main.py", "details": {"fromA": 107, "toA": 107, "fromB": 107, "toB": 108, "inserted": ["o"]}}
{"dateTime": "2025-08-28T02:41:39.196Z", "eventType": "input.type", "fullPath": "/main.py", "details": {"fromA": 108, "toA": 108, "fromB": 108, "toB": 109, "inserted": ["t"]}}
{"dateTime": "2025-08-28T02:41:39.509Z", "eventType": "input.type", "fullPath": "/main.py", "details": {"fromA": 109, "toA": 109, "fromB": 109, "toB": 110, "inserted": ["a"]}}
{"dateTime": "2025-08-28T02:41:39.643Z", "eventType": "input.type", "fullPath": "/main.py", "details": {"fromA": 110, "toA": 110, "fromB": 110, "toB": 111, "inserted": ["l"]}}
{"dateTime": "2025-08-28T02:41:42.307Z", "eventType": "input.type", "fullPath": "/main.py", "details": {"fromA": 111, "toA": 111, "fromB": 111, "toB": 112, "inserted": [","]}}
{"dateTime": "2025-08-28T02:41:43.604Z", "eventType": "input.type", "fullPath": "/main.py", "details": {"fromA": 112, "toA": 112, "fromB": 112, "toB": 113, "inserted": ["2"]}}
{"dateTime": "2025-08-28T02:41:43.883Z", "eventType": "input.type", "fullPath": "/main.py", "details": {"fromA": 113, "toA": 113, "fromB": 113, "toB": 114, "inserted": [" "]}}
{"dateTime": "2025-08-28T02:41:45.250Z", "eventType": "delete.backward", "fullPath": "/main.py", "details": {"fromA": 113, "toA": 114, "fromB": 113, "toB": 113, "inserted": [""]}}
{"dateTime": "2025-08-28T02:41:48.245Z", "eventType": "select.pointer", "fullPath": "/main.py", "details": {"selection": {"from": 115, "to": 115}}}
{"dateTime": "2025-08-28T02:41:54.436Z", "eventType": "blur", "fullPath": "/main.py"}
{"dateTime": "2025-08-28T02:42:44.892Z", "eventType": "focus", "fullPath": "/main.py"}
{"dateTime": "2025-08-28T02:42:44.898Z", "eventType": "select.pointer", "fullPath": "/main.py", "details": {"selection": {"from": 79, "to": 79}}}
{"dateTime": "2025-08-28T02:42:46.278Z", "eventType": "delete.backward", "fullPath": "/main.py", "details": {"fromA": 78, "toA": 79, "fromB": 78, "toB": 78, "inserted": [""]}}
{"dateTime": "2025-08-28T02:42:48.747Z", "eventType": "input.type", "fullPath": "/main.py", "details": {"fromA": 78, "toA": 78, "fromB": 78, "toB": 79, "inserted": ["*"]}}
{"dateTime": "2025-08-28T02:42:56.958Z", "eventType": "blur", "fullPath": "/main.py"}
{"dateTime": "2025-08-28T02:43:13.741Z", "eventType": "window.blur", "fullPath": "/main.py"}
{"dateTime": "2025-08-28T02:43:27.543Z", "eventType": "window.focus", "fullPath": "/main.py"}
{"dateTime": "2025-08-28T02:44:26.852Z", "eventType": "focus", "fullPath": "/main.py"}
{"dateTime": "2025-08-28T02:44:26.861Z", "eventType": "select.pointer", "fullPath": "/main.py", "details": {"selection": {"from": 65, "to": 65}}}
{"dateTime": "2025-08-28T02:44:28.811Z", "eventType": "blur", "fullPath": "/main.py"}
{"dateTime": "2025-08-28T02:44:28.899Z", "eventType": "focus", "fullPath": "/main.py"}
{"dateTime": "2025-08-28T02:44:28.919Z", "eventType": "select", "fullPath": "/main.py", "details": {"selection": {"from": 115, "to": 115}}}
{"dateTime": "2025-08-28T02:44:29.712Z", "eventType": "blur", "fullPath": "/main.py"}
{"dateTime": "2025-08-28T02:44:38.797Z", "eventType": "focus", "fullPath": "/main.py"}
{"dateTime": "2025-08-28T02:44:38.801Z", "eventType": "select.pointer", "fullPath": "/main.py", "details": {"selection": {"from": 77, "to": 77}}}
{"dateTime": "2025-08-28T02:44:41.514Z", "eventType": "input", "fullPath": "/main.py", "details": {"fromA": 77, "toA": 78, "fromB": 77, "toB": 78, "inserted": ["", ""]}}
{"dateTime": "2025-08-28T02:44:42.717Z", "eventType": "input.type", "fullPath": "/main.py", "details": {"fromA": 78, "toA": 78, "fromB": 78, "toB": 79, "inserted": ["v"]}}
{"dateTime": "2025-08-28T02:44:42.857Z", "eventType": "input.type", "fullPath": "/main.py", "details": {"fromA": 79, "toA": 79, "fromB": 79, "toB": 80, "inserted": ["a"]}}
{"dateTime": "2025-08-28T02:44:43.102Z", "eventType": "input.type", "fullPath": "/main.py", "details": {"fromA": 80, "toA": 80, "fromB": 80, "toB": 81, "inserted": ["l"]}}
{"dateTime": "2025-08-28T02:44:43.306Z", "eventType": "input.type", "fullPath": "/main.py", "details": {"fromA": 81, "toA": 81, "fromB": 81, "toB": 82, "inserted": ["o"]}}
{"dateTime": "2025-08-28T02:44:43.411Z", "eventType": "input.type", "fullPath": "/main.py", "details": {"fromA": 82, "toA": 82, "fromB": 82, "toB": 83, "inserted": ["r"]}}
{"dateTime": "2025-08-28T02:44:44.607Z", "eventType": "input.type", "fullPath": "/main.py", "details": {"fromA": 83, "toA": 83, "fromB": 83, "toB": 84, "inserted": ["T"]}}
{"dateTime": "2025-08-28T02:44:44.967Z", "eventType": "input.type", "fullPath": "/main.py", "details": {"fromA": 84, "toA": 84, "fromB": 84, "toB": 85, "inserted": ["a"]}}
{"dateTime": "2025-08-28T02:44:45.146Z", "eventType": "input.type", "fullPath": "/main.py", "details": {"fromA": 85, "toA": 85, "fromB": 85, "toB": 86, "inserted": ["c"]}}
{"dateTime": "2025-08-28T02:44:45.312Z", "eventType": "input.type", "fullPath": "/main.py", "details": {"fromA": 86, "toA": 86, "fromB": 86, "toB": 87, "inserted": ["a"]}}
{"dateTime": "2025-08-28T02:44:45.983Z", "eventType": "delete.backward", "fullPath": "/main.py", "details": {"fromA": 86, "toA": 87, "fromB": 86, "toB": 86, "inserted": [""]}}
{"dateTime": "2025-08-28T02:44:46.167Z", "eventType": "delete.backward", "fullPath": "/main.py", "details": {"fromA": 85, "toA": 86, "fromB": 85, "toB": 85, "inserted": [""]}}
{"dateTime": "2025-08-28T02:44:46.352Z", "eventType": "input.type", "fullPath": "/main.py", "details": {"fromA": 85, "toA": 85, "fromB": 85, "toB": 86, "inserted": ["x"]}}
{"dateTime": "2025-08-28T02:44:46.499Z", "eventType": "input.type", "fullPath": "/main.py", "details": {"fromA": 86, "toA": 86, "fromB": 86, "toB": 87, "inserted": ["a"]}}
{"dateTime": "2025-08-28T02:44:48.665Z", "eventType": "input.type", "fullPath": "/main.py", "details": {"fromA": 87, "toA": 87, "fromB": 87, "toB": 88, "inserted": ["="]}}
{"dateTime": "2025-08-28T02:44:48.941Z", "eventType": "input.type", "fullPath": "/main.py", "details": {"fromA": 88, "toA": 88, "fromB": 88, "toB": 89, "inserted": [" "]}}
{"dateTime": "2025-08-28T02:44:49.868Z", "eventType": "delete.backward", "fullPath": "/main.py", "details": {"fromA": 88, "toA": 89, "fromB": 88, "toB": 88, "inserted": [""]}}
{"dateTime": "2025-08-28T02:44:50.086Z", "eventType": "delete.backward", "fullPath": "/main.py", "details": {"fromA": 87, "toA": 88, "fromB": 87, "toB": 87, "inserted": [""]}}
{"dateTime": "2025-08-28T02:44:50.511Z", "eventType": "input.type", "fullPath": "/main.py", "details": {"fromA": 87, "toA": 87, "fromB": 87, "toB": 88, "inserted": [" "]}}
{"dateTime": "2025-08-28T02:44:51.415Z", "eventType": "input.type", "fullPath": "/main.py", "details": {"fromA": 88, "toA": 88, "fromB": 88, "toB": 89, "inserted": ["v"]}}
{"dateTime": "2025-08-28T02:44:51.517Z", "eventType": "input.type", "fullPath": "/main.py", "details": {"fromA": 89, "toA": 89, "fromB": 89, "toB": 90, "inserted": ["a"]}}
{"dateTime": "2025-08-28T02:44:51.776Z", "eventType": "input.type", "fullPath": "/main.py", "details": {"fromA": 90, "toA": 90, "fromB": 90, "toB": 91, "inserted": ["l"]}}
{"dateTime": "2025-08-28T02:44:51.975Z", "eventType": "input.type", "fullPath": "/main.py", "details": {"fromA": 91, "toA": 91, "fromB": 91, "toB": 92, "inserted": ["o"]}}
{"dateTime": "2025-08-28T02:44:52.085Z", "eventType": "input.type", "fullPath": "/main.py", "details": {"fromA": 92, "toA": 92, "fromB": 92, "toB": 93, "inserted": ["r"]}}
{"dateTime": "2025-08-28T02:44:53.982Z", "eventType": "input.type", "fullPath": "/main.py", "details": {"fromA": 93, "toA": 93, "fromB": 93, "toB": 94, "inserted": ["T"]}}
{"dateTime": "2025-08-28T02:44:54.415Z", "eventType": "input.type", "fullPath": "/main.py", "details": {"fromA": 94, "toA": 94, "fromB": 94, "toB": 95, "inserted": ["o"]}}
{"dateTime": "2025-08-28T02:44:54.598Z", "eventType": "input.type", "fullPath": "/main.py", "details": {"fromA": 95, "toA": 95, "fromB": 95, "toB": 96, "inserted": ["t"]}}
{"dateTime": "2025-08-28T02:44:54.887Z", "eventType": "input.type", "fullPath": "/main.py", "details": {"fromA": 96, "toA": 96, "fromB": 96, "toB": 97, "inserted": ["a"]}}
{"dateTime": "2025-08-28T02:44:55.011Z", "eventType": "input.type", "fullPath": "/main.py", "details": {"fromA": 97, "toA": 97, "fromB": 97, "toB": 98, "inserted": ["l"]}}
{"dateTime": "2025-08-28T02:44:55.798Z", "eventType": "input.type", "fullPath": "/main.py", "details": {"fromA": 98, "toA": 98, "fromB": 98, "toB": 99, "inserted": [" "]}}
{"dateTime": "2025-08-28T02:45:20.323Z", "eventType": "select.pointer", "fullPath": "/main.py", "details": {"selection": {"from": 136, "to": 136}}}
{"dateTime": "2025-08-28T02:45:27.209Z", "eventType": "select.pointer", "fullPath": "/main.py", "details": {"selection": {"from": 109, "to": 109}}}
{"dateTime": "2025-08-28T02:45:37.120Z", "eventType": "select.pointer", "fullPath": "/main.py", "details": {"selection": {"from": 132, "to": 132}}}
{"dateTime": "2025-08-28T02:45:38.757Z", "eventType": "delete.backward", "fullPath": "/main.py", "details": {"fromA": 131, "toA": 132, "fromB": 131, "toB": 131, "inserted": [""]}}
{"dateTime": "2025-08-28T02:45:38.955Z", "eventType": "delete.backward", "fullPath": "/main.py", "details": {"fromA": 130, "toA": 131, "fromB": 130, "toB": 130, "inserted": [""]}}
{"dateTime": "2025-08-28T02:45:39.114Z", "eventType": "delete.backward", "fullPath": "/main.py", "details": {"fromA": 129, "toA": 130, "fromB": 129, "toB": 129, "inserted": [""]}}
{"dateTime": "2025-08-28T02:45:39.595Z", "eventType": "delete.backward", "fullPath": "/main.py", "details": {"fromA": 128, "toA": 129, "fromB": 128, "toB": 128, "inserted": [""]}}
{"dateTime": "2025-08-28T02:45:39.780Z", "eventType": "delete.backward", "fullPath": "/main.py", "details": {"fromA": 127, "toA": 128, "fromB": 127, "toB": 127, "inserted": [""]}}
{"dateTime": "2025-08-28T02:45:40.642Z", "eventType": "input.type", "fullPath": "/main.py", "details": {"fromA": 127, "toA": 127, "fromB": 127, "toB": 128, "inserted": ["T"]}}
{"dateTime": "2025-08-28T02:45:41.020Z", "eventType": "input.type", "fullPath": "/main.py", "details": {"fromA": 128, "toA": 128, "fromB": 128, "toB": 129, "inserted": ["a"]}}
{"dateTime": "2025-08-28T02:45:41.181Z", "eventType": "input.type", "fullPath": "/main.py", "details": {"fromA": 129, "toA": 129, "fromB": 129, "toB": 130, "inserted": ["x"]}}
{"dateTime": "2025-08-28T02:45:41.306Z", "eventType": "input.type", "fullPath": "/main.py", "details": {"fromA": 130, "toA": 130, "fromB": 130, "toB": 131, "inserted": ["a"]}}
{"dateTime": "2025-08-28T02:45:45.298Z", "eventType": "blur", "fullPath": "/main.py"}
{"dateTime": "2025-08-28T02:45:50.308Z", "eventType": "focus", "fullPath": "/main.py"}
{"dateTime": "2025-08-28T02:45:50.313Z", "eventType": "select.pointer", "fullPath": "/main.py", "details": {"selection": {"from": 96, "to": 96}}}
{"dateTime": "2025-08-28T02:46:05.257Z", "eventType": "select.pointer", "fullPath": "/main.py", "details": {"selection": {"from": 87, "to": 87}}}
{"dateTime": "2025-08-28T02:46:07.777Z", "eventType": "input.type", "fullPath": "/main.py", "details": {"fromA": 87, "toA": 87, "fromB": 87, "toB": 88, "inserted": [" "]}}
{"dateTime": "2025-08-28T02:46:07.947Z", "eventType": "input.type", "fullPath": "/main.py", "details": {"fromA": 88, "toA": 88, "fromB": 88, "toB": 89, "inserted": ["="]}}
{"dateTime": "2025-08-28T02:46:10.360Z", "eventType": "blur", "fullPath": "/main.py"}
{"dateTime": "2025-08-28T02:46:20.869Z", "eventType": "window.blur", "fullPath": "/main.py"}
{"dateTime": "2025-08-28T02:46:26.299Z", "eventType": "window.focus", "fullPath": "/main.py"}
{"dateTime": "2025-08-28T02:46:48.273Z", "eventType": "focus", "fullPath": "/main.py"}
{"dateTime": "2025-08-28T02:46:48.279Z", "eventType": "select.pointer", "fullPath": "/main.py", "details": {"selection": {"from": 77, "to": 77}}}
{"dateTime": "2025-08-28T02:46:49.736Z", "eventType": "delete.backward", "fullPath": "/main.py", "details": {"fromA": 76, "toA": 77, "fromB": 76, "toB": 76, "inserted": [""]}}
{"dateTime": "2025-08-28T02:46:51.045Z", "eventType": "select.pointer", "fullPath": "/main.py", "details": {"selection": {"from": 48, "to": 48}}}
{"dateTime": "2025-08-28T02:46:51.395Z", "eventType": "delete.backward", "fullPath": "/main.py", "details": {"fromA": 47, "toA": 48, "fromB": 47, "toB": 47, "inserted": [""]}}
{"dateTime": "2025-08-28T02:46:56.042Z", "eventType": "blur", "fullPath": "/main.py"}
{"dateTime": "2025-08-28T02:47:40.747Z", "eventType": "window.blur", "fullPath": "/main.py"}
{"dateTime": "2025-08-28T02:47:46.393Z", "eventType": "window.focus", "fullPath": "/main.py"}
{"dateTime": "2025-08-28T02:48:12.302Z", "eventType": "focus", "fullPath": "/main.py"}
{"dateTime": "2025-08-28T02:48:12.311Z", "eventType": "select.pointer", "fullPath": "/main.py", "details": {"selection": {"from": 75, "to": 75}}}
{"dateTime": "2025-08-28T02:48:14.392Z", "eventType": "input.type", "fullPath": "/main.py", "details": {"fromA": 75, "toA": 75, "fromB": 75, "toB": 76, "inserted": ["."]}}
{"dateTime": "2025-08-28T02:48:14.781Z", "eventType": "input.type", "fullPath": "/main.py", "details": {"fromA": 76, "toA": 76, "fromB": 76, "toB": 77, "inserted": ["0"]}}
{"dateTime": "2025-08-28T02:48:14.958Z", "eventType": "input.type", "fullPath": "/main.py", "details": {"fromA": 77, "toA": 77, "fromB": 77, "toB": 78, "inserted": ["0"]}}
{"dateTime": "2025-08-28T02:48:17.416Z", "eventType": "blur", "fullPath": "/main.py"}
{"dateTime": "2025-08-28T02:48:20.374Z", "eventType": "focus", "fullPath": "/main.py"}
{"dateTime": "2025-08-28T02:48:20.381Z", "eventType": "select.pointer", "fullPath": "/main.py", "details": {"selection": {"from": 78, "to": 78}}}
{"dateTime": "2025-08-28T02:48:27.126Z", "eventType": "delete.backward", "fullPath": "/main.py", "details": {"fromA": 77, "toA": 78, "fromB": 77, "toB": 77, "inserted": [""]}}
{"dateTime": "2025-08-28T02:48:27.282Z", "eventType": "delete.backward", "fullPath": "/main.py", "details": {"fromA": 76, "toA": 77, "fromB": 76, "toB": 76, "inserted": [""]}}
{"dateTime": "2025-08-28T02:48:27.487Z", "eventType": "delete.backward", "fullPath": "/main.py", "details": {"fromA": 75, "toA": 76, "fromB": 75, "toB": 75, "inserted": [""]}}
{"dateTime": "2025-08-28T02:48:57.886Z", "eventType": "select.pointer", "fullPath": "/main.py", "details": {"selection": {"from": 98, "to": 98}}}
{"dateTime": "2025-08-28T02:49:01.958Z", "eventType": "input.type", "fullPath": "/main.py", "details": {"fromA": 98, "toA": 98, "fromB": 98, "toB": 99, "inserted": [" "]}}
