== RUN (2025-08-21 21:33:30)
-- CODE: 
print("Universidade Federal do Amazonas")
-- EXECUTION TIME: 
0.0
-- TEST CASE 1:
---- input:
xx
---- correct output:
Universidade Federal do Amazonas
---- user output:
Universidade Federal do Amazonas
-- TEST CASE 2:
---- input:
xx
---- correct output:
Universidade Federal do Amazonas
---- user output:
Universidade Federal do Amazonas
*-*-*-*-*-*-*-*-*-*-*-*-*-*-*-*-*-*-*-*-*-*-*-*
== RUN (2025-08-21 21:33:31)
-- CODE: 
print("Universidade Federal do Amazonas")
-- EXECUTION TIME: 
0.0
-- TEST CASE 1:
---- input:
xx
---- correct output:
Universidade Federal do Amazonas
---- user output:
Universidade Federal do Amazonas
-- TEST CASE 2:
---- input:
xx
---- correct output:
Universidade Federal do Amazonas
---- user output:
Universidade Federal do Amazonas
*-*-*-*-*-*-*-*-*-*-*-*-*-*-*-*-*-*-*-*-*-*-*-*
== SUBMISSION (2025-08-19 20:56:00)
-- CODE: 
print("Universidade Federal do Amazonas")
-- EXECUTION TIME: 
0.01
-- TEST CASE 1:
---- input:
xx
---- correct output:
Universidade Federal do Amazonas
---- user output:
Universidade Federal do Amazonas
-- TEST CASE 2:
---- input:
xx
---- correct output:
Universidade Federal do Amazonas
---- user output:
Universidade Federal do Amazonas
-- GRADE:
100%
*-*-*-*-*-*-*-*-*-*-*-*-*-*-*-*-*-*-*-*-*-*-*-*
== RUN (2025-08-21 21:33:27)
-- CODE: 
print("Universidade Federal do Amazonas")
-- EXECUTION TIME: 
0.0
-- TEST CASE 1:
---- input:
xx
---- correct output:
Universidade Federal do Amazonas
---- user output:
Universidade Federal do Amazonas
-- TEST CASE 2:
---- input:
xx
---- correct output:
Universidade Federal do Amazonas
---- user output:
Universidade Federal do Amazonas
*-*-*-*-*-*-*-*-*-*-*-*-*-*-*-*-*-*-*-*-*-*-*-*
== RUN (2025-08-21 21:34:06)
-- CODE: 
print("Universidade Federal do Amazonas")
-- EXECUTION TIME: 
0.0
-- TEST CASE 1:
---- input:
xx
---- correct output:
Universidade Federal do Amazonas
---- user output:
Universidade Federal do Amazonas
-- TEST CASE 2:
---- input:
xx
---- correct output:
Universidade Federal do Amazonas
---- user output:
Universidade Federal do Amazonas
*-*-*-*-*-*-*-*-*-*-*-*-*-*-*-*-*-*-*-*-*-*-*-*
== RUN (2025-08-21 21:33:21)
-- CODE: 
print("Universidade Federal do Amazonas")
-- EXECUTION TIME: 
0.0
-- TEST CASE 1:
---- input:
xx
---- correct output:
Universidade Federal do Amazonas
---- user output:
Universidade Federal do Amazonas
-- TEST CASE 2:
---- input:
xx
---- correct output:
Universidade Federal do Amazonas
---- user output:
Universidade Federal do Amazonas
*-*-*-*-*-*-*-*-*-*-*-*-*-*-*-*-*-*-*-*-*-*-*-*
