{"dateTime": "2025-08-17T20:42:29.683Z", "eventType": "submission", "details": {"correctness": 1, "commit": "f4dcacd57902bc092b361b6c1cdb50ea6301f521", "executionTime": 0.01}}
{"dateTime": "2025-08-17T20:47:10.842Z", "eventType": "focus", "fullPath": "/main.py"}
{"dateTime": "2025-08-17T20:47:10.857Z", "eventType": "select.pointer", "fullPath": "/main.py", "details": {"selection": {"from": 0, "to": 0}}}
{"dateTime": "2025-08-17T20:47:12.247Z", "eventType": "input.type", "fullPath": "/main.py", "details": {"fromA": 0, "toA": 0, "fromB": 0, "toB": 1, "inserted": ["q"]}}
{"dateTime": "2025-08-17T20:47:12.673Z", "eventType": "input.type", "fullPath": "/main.py", "details": {"fromA": 1, "toA": 1, "fromB": 1, "toB": 2, "inserted": ["n"]}}
{"dateTime": "2025-08-17T20:47:13.133Z", "eventType": "input.type", "fullPath": "/main.py", "details": {"fromA": 2, "toA": 2, "fromB": 2, "toB": 3, "inserted": ["t"]}}
{"dateTime": "2025-08-17T20:47:15.911Z", "eventType": "input.type", "fullPath": "/main.py", "details": {"fromA": 3, "toA": 3, "fromB": 3, "toB": 4, "inserted": [" "]}}
{"dateTime": "2025-08-17T20:47:16.244Z", "eventType": "input.type", "fullPath": "/main.py", "details": {"fromA": 4, "toA": 4, "fromB": 4, "toB": 5, "inserted": ["="]}}
{"dateTime": "2025-08-17T20:47:18.277Z", "eventType": "input.type", "fullPath": "/main.py", "details": {"fromA": 5, "toA": 5, "fromB": 5, "toB": 6, "inserted": [" "]}}
{"dateTime": "2025-08-17T20:47:18.878Z", "eventType": "input.type", "fullPath": "/main.py", "details": {"fromA": 6, "toA": 6, "fromB": 6, "toB": 7, "inserted": ["i"]}}
{"dateTime": "2025-08-17T20:47:19.188Z", "eventType": "input.type", "fullPath": "/main.py", "details": {"fromA": 7, "toA": 7, "fromB": 7, "toB": 8, "inserted": ["n"]}}
{"dateTime": "2025-08-17T20:47:19.606Z", "eventType": "input.type", "fullPath": "/main.py", "details": {"fromA": 8, "toA": 8, "fromB": 8, "toB": 9, "inserted": ["t"]}}
{"dateTime": "2025-08-17T20:47:23.004Z", "eventType": "input.type", "fullPath": "/main.py", "details": {"fromA": 9, "toA": 9, "fromB": 9, "toB": 11, "inserted": ["()"]}}
{"dateTime": "2025-08-17T20:47:27.309Z", "eventType": "input.type", "fullPath": "/main.py", "details": {"fromA": 10, "toA": 10, "fromB": 10, "toB": 11, "inserted": ["i"]}}
{"dateTime": "2025-08-17T20:47:27.686Z", "eventType": "input.type", "fullPath": "/main.py", "details": {"fromA": 11, "toA": 11, "fromB": 11, "toB": 12, "inserted": ["n"]}}
{"dateTime": "2025-08-17T20:47:28.253Z", "eventType": "input.type", "fullPath": "/main.py", "details": {"fromA": 12, "toA": 12, "fromB": 12, "toB": 13, "inserted": ["o"]}}
{"dateTime": "2025-08-17T20:47:29.721Z", "eventType": "delete.backward", "fullPath": "/main.py", "details": {"fromA": 12, "toA": 13, "fromB": 12, "toB": 12, "inserted": [""]}}
{"dateTime": "2025-08-17T20:47:30.127Z", "eventType": "input.type", "fullPath": "/main.py", "details": {"fromA": 12, "toA": 12, "fromB": 12, "toB": 13, "inserted": ["p"]}}
{"dateTime": "2025-08-17T20:47:30.632Z", "eventType": "input.type", "fullPath": "/main.py", "details": {"fromA": 13, "toA": 13, "fromB": 13, "toB": 14, "inserted": ["u"]}}
{"dateTime": "2025-08-17T20:47:30.978Z", "eventType": "input.type", "fullPath": "/main.py", "details": {"fromA": 14, "toA": 14, "fromB": 14, "toB": 15, "inserted": ["t"]}}
{"dateTime": "2025-08-17T20:47:36.178Z", "eventType": "input.type", "fullPath": "/main.py", "details": {"fromA": 15, "toA": 15, "fromB": 15, "toB": 17, "inserted": ["()"]}}
{"dateTime": "2025-08-17T20:49:28.102Z", "eventType": "input", "fullPath": "/main.py", "details": {"fromA": 16, "toA": 16, "fromB": 16, "toB": 20, "inserted": ["", "  ", ""]}}
{"dateTime": "2025-08-17T20:49:30.030Z", "eventType": "delete.backward", "fullPath": "/main.py", "details": {"fromA": 17, "toA": 19, "fromB": 17, "toB": 17, "inserted": [""]}}
{"dateTime": "2025-08-17T20:49:31.031Z", "eventType": "delete.backward", "fullPath": "/main.py", "details": {"fromA": 16, "toA": 17, "fromB": 16, "toB": 16, "inserted": [""]}}
{"dateTime": "2025-08-17T20:49:31.748Z", "eventType": "delete.backward", "fullPath": "/main.py", "details": {"fromA": 15, "toA": 16, "fromB": 15, "toB": 15, "inserted": [""]}}
{"dateTime": "2025-08-17T20:49:32.561Z", "eventType": "delete.backward", "fullPath": "/main.py", "details": {"fromA": 14, "toA": 15, "fromB": 14, "toB": 14, "inserted": [""]}}
{"dateTime": "2025-08-17T20:49:35.041Z", "eventType": "select.pointer", "fullPath": "/main.py", "details": {"selection": {"from": 15, "to": 15}}}
{"dateTime": "2025-08-17T20:49:36.064Z", "eventType": "delete.backward", "fullPath": "/main.py", "details": {"fromA": 14, "toA": 15, "fromB": 14, "toB": 14, "inserted": [""]}}
{"dateTime": "2025-08-17T20:49:37.798Z", "eventType": "input.type", "fullPath": "/main.py", "details": {"fromA": 14, "toA": 14, "fromB": 14, "toB": 15, "inserted": ["t"]}}
{"dateTime": "2025-08-17T20:50:57.689Z", "eventType": "blur", "fullPath": "/main.py"}
{"dateTime": "2025-08-17T20:50:57.692Z", "eventType": "focus", "fullPath": "/main.py"}
{"dateTime": "2025-08-17T20:50:57.712Z", "eventType": "select", "fullPath": "/main.py", "details": {"selection": {"from": 1, "to": 1}}}
{"dateTime": "2025-08-17T20:51:08.513Z", "eventType": "blur", "fullPath": "/main.py"}
{"dateTime": "2025-08-17T20:51:08.516Z", "eventType": "focus", "fullPath": "/main.py"}
{"dateTime": "2025-08-17T20:51:08.532Z", "eventType": "select", "fullPath": "/main.py", "details": {"selection": {"from": 17, "to": 17}}}
{"dateTime": "2025-08-17T20:51:12.644Z", "eventType": "input", "fullPath": "/main.py", "details": {"fromA": 17, "toA": 17, "fromB": 17, "toB": 18, "inserted": ["", ""]}}
{"dateTime": "2025-08-17T20:51:18.098Z", "eventType": "input.type", "fullPath": "/main.py", "details": {"fromA": 18, "toA": 18, "fromB": 18, "toB": 19, "inserted": ["p"]}}
{"dateTime": "2025-08-17T20:51:18.660Z", "eventType": "input.type", "fullPath": "/main.py", "details": {"fromA": 19, "toA": 19, "fromB": 19, "toB": 20, "inserted": ["r"]}}
{"dateTime": "2025-08-17T20:51:18.908Z", "eventType": "input.type", "fullPath": "/main.py", "details": {"fromA": 20, "toA": 20, "fromB": 20, "toB": 21, "inserted": ["e"]}}
{"dateTime": "2025-08-17T20:51:19.258Z", "eventType": "input.type", "fullPath": "/main.py", "details": {"fromA": 21, "toA": 21, "fromB": 21, "toB": 22, "inserted": ["c"]}}
{"dateTime": "2025-08-17T20:51:19.821Z", "eventType": "input.type", "fullPath": "/main.py", "details": {"fromA": 22, "toA": 22, "fromB": 22, "toB": 23, "inserted": ["o"]}}
{"dateTime": "2025-08-17T20:51:22.216Z", "eventType": "input.type", "fullPath": "/main.py", "details": {"fromA": 23, "toA": 23, "fromB": 23, "toB": 24, "inserted": ["="]}}
{"dateTime": "2025-08-17T20:51:23.681Z", "eventType": "delete.backward", "fullPath": "/main.py", "details": {"fromA": 23, "toA": 24, "fromB": 23, "toB": 23, "inserted": [""]}}
{"dateTime": "2025-08-17T20:51:24.047Z", "eventType": "input.type", "fullPath": "/main.py", "details": {"fromA": 23, "toA": 23, "fromB": 23, "toB": 24, "inserted": [" "]}}
{"dateTime": "2025-08-17T20:51:24.456Z", "eventType": "input.type", "fullPath": "/main.py", "details": {"fromA": 24, "toA": 24, "fromB": 24, "toB": 25, "inserted": ["="]}}
{"dateTime": "2025-08-17T20:51:25.143Z", "eventType": "input.type", "fullPath": "/main.py", "details": {"fromA": 25, "toA": 25, "fromB": 25, "toB": 26, "inserted": [" "]}}
{"dateTime": "2025-08-17T20:51:26.492Z", "eventType": "input.type", "fullPath": "/main.py", "details": {"fromA": 26, "toA": 26, "fromB": 26, "toB": 27, "inserted": ["f"]}}
{"dateTime": "2025-08-17T20:51:27.166Z", "eventType": "input.type", "fullPath": "/main.py", "details": {"fromA": 27, "toA": 27, "fromB": 27, "toB": 28, "inserted": ["l"]}}
{"dateTime": "2025-08-17T20:51:27.381Z", "eventType": "input.type", "fullPath": "/main.py", "details": {"fromA": 28, "toA": 28, "fromB": 28, "toB": 29, "inserted": ["o"]}}
{"dateTime": "2025-08-17T20:51:27.920Z", "eventType": "input.type", "fullPath": "/main.py", "details": {"fromA": 29, "toA": 29, "fromB": 29, "toB": 30, "inserted": ["a"]}}
{"dateTime": "2025-08-17T20:51:28.505Z", "eventType": "input.type", "fullPath": "/main.py", "details": {"fromA": 30, "toA": 30, "fromB": 30, "toB": 31, "inserted": ["t"]}}
{"dateTime": "2025-08-17T20:51:31.783Z", "eventType": "input.type", "fullPath": "/main.py", "details": {"fromA": 31, "toA": 31, "fromB": 31, "toB": 33, "inserted": ["()"]}}
{"dateTime": "2025-08-17T20:51:34.960Z", "eventType": "input.type", "fullPath": "/main.py", "details": {"fromA": 32, "toA": 32, "fromB": 32, "toB": 33, "inserted": ["i"]}}
{"dateTime": "2025-08-17T20:51:35.266Z", "eventType": "input.type", "fullPath": "/main.py", "details": {"fromA": 33, "toA": 33, "fromB": 33, "toB": 34, "inserted": ["n"]}}
{"dateTime": "2025-08-17T20:51:35.824Z", "eventType": "input.type", "fullPath": "/main.py", "details": {"fromA": 34, "toA": 34, "fromB": 34, "toB": 35, "inserted": ["p"]}}
{"dateTime": "2025-08-17T20:51:36.208Z", "eventType": "input.type", "fullPath": "/main.py", "details": {"fromA": 35, "toA": 35, "fromB": 35, "toB": 36, "inserted": ["u"]}}
{"dateTime": "2025-08-17T20:51:36.565Z", "eventType": "input.type", "fullPath": "/main.py", "details": {"fromA": 36, "toA": 36, "fromB": 36, "toB": 37, "inserted": ["t"]}}
{"dateTime": "2025-08-17T20:51:42.441Z", "eventType": "input.type", "fullPath": "/main.py", "details": {"fromA": 37, "toA": 37, "fromB": 37, "toB": 39, "inserted": ["()"]}}
{"dateTime": "2025-08-17T20:51:49.455Z", "eventType": "select.pointer", "fullPath": "/main.py", "details": {"selection": {"from": 40, "to": 40}}}
{"dateTime": "2025-08-17T20:51:50.394Z", "eventType": "input", "fullPath": "/main.py", "details": {"fromA": 40, "toA": 40, "fromB": 40, "toB": 41, "inserted": ["", ""]}}
{"dateTime": "2025-08-17T20:51:52.907Z", "eventType": "input.type", "fullPath": "/main.py", "details": {"fromA": 41, "toA": 41, "fromB": 41, "toB": 42, "inserted": ["f"]}}
{"dateTime": "2025-08-17T20:51:53.182Z", "eventType": "input.type", "fullPath": "/main.py", "details": {"fromA": 42, "toA": 42, "fromB": 42, "toB": 43, "inserted": ["r"]}}
{"dateTime": "2025-08-17T20:51:53.464Z", "eventType": "input.type", "fullPath": "/main.py", "details": {"fromA": 43, "toA": 43, "fromB": 43, "toB": 44, "inserted": ["e"]}}
{"dateTime": "2025-08-17T20:51:53.804Z", "eventType": "input.type", "fullPath": "/main.py", "details": {"fromA": 44, "toA": 44, "fromB": 44, "toB": 45, "inserted": ["t"]}}
{"dateTime": "2025-08-17T20:51:54.082Z", "eventType": "input.type", "fullPath": "/main.py", "details": {"fromA": 45, "toA": 45, "fromB": 45, "toB": 46, "inserted": ["e"]}}
{"dateTime": "2025-08-17T20:51:56.966Z", "eventType": "input.type", "fullPath": "/main.py", "details": {"fromA": 46, "toA": 46, "fromB": 46, "toB": 47, "inserted": [" "]}}
{"dateTime": "2025-08-17T20:51:57.635Z", "eventType": "input.type", "fullPath": "/main.py", "details": {"fromA": 47, "toA": 47, "fromB": 47, "toB": 48, "inserted": ["="]}}
{"dateTime": "2025-08-17T20:51:59.492Z", "eventType": "input.type", "fullPath": "/main.py", "details": {"fromA": 48, "toA": 48, "fromB": 48, "toB": 49, "inserted": [" "]}}
{"dateTime": "2025-08-17T20:52:01.041Z", "eventType": "input.type", "fullPath": "/main.py", "details": {"fromA": 49, "toA": 49, "fromB": 49, "toB": 50, "inserted": ["f"]}}
{"dateTime": "2025-08-17T20:52:01.707Z", "eventType": "input.type", "fullPath": "/main.py", "details": {"fromA": 50, "toA": 50, "fromB": 50, "toB": 51, "inserted": ["l"]}}
{"dateTime": "2025-08-17T20:52:01.911Z", "eventType": "input.type", "fullPath": "/main.py", "details": {"fromA": 51, "toA": 51, "fromB": 51, "toB": 52, "inserted": ["o"]}}
{"dateTime": "2025-08-17T20:52:02.413Z", "eventType": "input.type", "fullPath": "/main.py", "details": {"fromA": 52, "toA": 52, "fromB": 52, "toB": 53, "inserted": ["a"]}}
{"dateTime": "2025-08-17T20:52:02.974Z", "eventType": "input.type", "fullPath": "/main.py", "details": {"fromA": 53, "toA": 53, "fromB": 53, "toB": 54, "inserted": ["t"]}}
{"dateTime": "2025-08-17T20:52:12.448Z", "eventType": "input.type", "fullPath": "/main.py", "details": {"fromA": 54, "toA": 54, "fromB": 54, "toB": 56, "inserted": ["()"]}}
{"dateTime": "2025-08-17T20:52:14.516Z", "eventType": "input.type", "fullPath": "/main.py", "details": {"fromA": 55, "toA": 55, "fromB": 55, "toB": 56, "inserted": ["i"]}}
{"dateTime": "2025-08-17T20:52:14.940Z", "eventType": "input.type", "fullPath": "/main.py", "details": {"fromA": 56, "toA": 56, "fromB": 56, "toB": 57, "inserted": ["n"]}}
{"dateTime": "2025-08-17T20:52:15.601Z", "eventType": "input.type", "fullPath": "/main.py", "details": {"fromA": 57, "toA": 57, "fromB": 57, "toB": 58, "inserted": ["p"]}}
{"dateTime": "2025-08-17T20:52:15.937Z", "eventType": "input.type", "fullPath": "/main.py", "details": {"fromA": 58, "toA": 58, "fromB": 58, "toB": 59, "inserted": ["u"]}}
{"dateTime": "2025-08-17T20:52:16.330Z", "eventType": "input.type", "fullPath": "/main.py", "details": {"fromA": 59, "toA": 59, "fromB": 59, "toB": 60, "inserted": ["t"]}}
{"dateTime": "2025-08-17T20:52:19.499Z", "eventType": "input.type", "fullPath": "/main.py", "details": {"fromA": 60, "toA": 60, "fromB": 60, "toB": 62, "inserted": ["()"]}}
{"dateTime": "2025-08-17T20:52:22.443Z", "eventType": "select.pointer", "fullPath": "/main.py", "details": {"selection": {"from": 63, "to": 63}}}
{"dateTime": "2025-08-17T20:52:24.204Z", "eventType": "input", "fullPath": "/main.py", "details": {"fromA": 63, "toA": 63, "fromB": 63, "toB": 64, "inserted": ["", ""]}}
{"dateTime": "2025-08-17T20:52:26.834Z", "eventType": "input", "fullPath": "/main.py", "details": {"fromA": 64, "toA": 64, "fromB": 64, "toB": 65, "inserted": ["", ""]}}
{"dateTime": "2025-08-17T20:52:29.969Z", "eventType": "input.type", "fullPath": "/main.py", "details": {"fromA": 65, "toA": 65, "fromB": 65, "toB": 66, "inserted": ["t"]}}
{"dateTime": "2025-08-17T20:52:30.580Z", "eventType": "input.type", "fullPath": "/main.py", "details": {"fromA": 66, "toA": 66, "fromB": 66, "toB": 67, "inserted": ["p"]}}
{"dateTime": "2025-08-17T20:52:31.327Z", "eventType": "delete.backward", "fullPath": "/main.py", "details": {"fromA": 66, "toA": 67, "fromB": 66, "toB": 66, "inserted": [""]}}
{"dateTime": "2025-08-17T20:52:31.744Z", "eventType": "input.type", "fullPath": "/main.py", "details": {"fromA": 66, "toA": 66, "fromB": 66, "toB": 67, "inserted": ["o"]}}
{"dateTime": "2025-08-17T20:52:32.160Z", "eventType": "input.type", "fullPath": "/main.py", "details": {"fromA": 67, "toA": 67, "fromB": 67, "toB": 68, "inserted": ["t"]}}
{"dateTime": "2025-08-17T20:52:32.501Z", "eventType": "input.type", "fullPath": "/main.py", "details": {"fromA": 68, "toA": 68, "fromB": 68, "toB": 69, "inserted": ["a"]}}
{"dateTime": "2025-08-17T20:52:33.241Z", "eventType": "input.type", "fullPath": "/main.py", "details": {"fromA": 69, "toA": 69, "fromB": 69, "toB": 70, "inserted": ["l"]}}
{"dateTime": "2025-08-17T20:52:35.091Z", "eventType": "input.type", "fullPath": "/main.py", "details": {"fromA": 70, "toA": 70, "fromB": 70, "toB": 71, "inserted": [" "]}}
{"dateTime": "2025-08-17T20:52:35.449Z", "eventType": "input.type", "fullPath": "/main.py", "details": {"fromA": 71, "toA": 71, "fromB": 71, "toB": 72, "inserted": ["="]}}
{"dateTime": "2025-08-17T20:52:36.431Z", "eventType": "input.type", "fullPath": "/main.py", "details": {"fromA": 72, "toA": 72, "fromB": 72, "toB": 73, "inserted": [" "]}}
{"dateTime": "2025-08-17T20:52:53.610Z", "eventType": "input.type", "fullPath": "/main.py", "details": {"fromA": 73, "toA": 73, "fromB": 73, "toB": 74, "inserted": ["q"]}}
{"dateTime": "2025-08-17T20:52:57.517Z", "eventType": "input.type", "fullPath": "/main.py", "details": {"fromA": 74, "toA": 74, "fromB": 74, "toB": 75, "inserted": ["t"]}}
{"dateTime": "2025-08-17T20:52:57.854Z", "eventType": "input.type", "fullPath": "/main.py", "details": {"fromA": 75, "toA": 75, "fromB": 75, "toB": 76, "inserted": ["d"]}}
{"dateTime": "2025-08-17T20:53:01.182Z", "eventType": "input.type", "fullPath": "/main.py", "details": {"fromA": 76, "toA": 76, "fromB": 76, "toB": 77, "inserted": [" "]}}
{"dateTime": "2025-08-17T20:53:02.253Z", "eventType": "input.type", "fullPath": "/main.py", "details": {"fromA": 77, "toA": 77, "fromB": 77, "toB": 78, "inserted": ["*"]}}
{"dateTime": "2025-08-17T20:53:04.064Z", "eventType": "input.type", "fullPath": "/main.py", "details": {"fromA": 78, "toA": 78, "fromB": 78, "toB": 79, "inserted": [" "]}}
{"dateTime": "2025-08-17T20:53:04.594Z", "eventType": "input.type", "fullPath": "/main.py", "details": {"fromA": 79, "toA": 79, "fromB": 79, "toB": 80, "inserted": ["p"]}}
{"dateTime": "2025-08-17T20:53:05.083Z", "eventType": "input.type", "fullPath": "/main.py", "details": {"fromA": 80, "toA": 80, "fromB": 80, "toB": 81, "inserted": ["r"]}}
{"dateTime": "2025-08-17T20:53:05.281Z", "eventType": "input.type", "fullPath": "/main.py", "details": {"fromA": 81, "toA": 81, "fromB": 81, "toB": 82, "inserted": ["e"]}}
{"dateTime": "2025-08-17T20:53:05.925Z", "eventType": "input.type", "fullPath": "/main.py", "details": {"fromA": 82, "toA": 82, "fromB": 82, "toB": 83, "inserted": ["c"]}}
{"dateTime": "2025-08-17T20:53:06.621Z", "eventType": "input.type", "fullPath": "/main.py", "details": {"fromA": 83, "toA": 83, "fromB": 83, "toB": 84, "inserted": ["o"]}}
{"dateTime": "2025-08-17T20:53:10.585Z", "eventType": "input.type", "fullPath": "/main.py", "details": {"fromA": 84, "toA": 84, "fromB": 84, "toB": 85, "inserted": [" "]}}
{"dateTime": "2025-08-17T20:53:12.357Z", "eventType": "input.type", "fullPath": "/main.py", "details": {"fromA": 85, "toA": 85, "fromB": 85, "toB": 86, "inserted": ["+"]}}
{"dateTime": "2025-08-17T20:53:13.916Z", "eventType": "input.type", "fullPath": "/main.py", "details": {"fromA": 86, "toA": 86, "fromB": 86, "toB": 87, "inserted": [" "]}}
{"dateTime": "2025-08-17T20:53:14.322Z", "eventType": "input.type", "fullPath": "/main.py", "details": {"fromA": 87, "toA": 87, "fromB": 87, "toB": 88, "inserted": ["f"]}}
{"dateTime": "2025-08-17T20:53:14.566Z", "eventType": "input.type", "fullPath": "/main.py", "details": {"fromA": 88, "toA": 88, "fromB": 88, "toB": 89, "inserted": ["r"]}}
{"dateTime": "2025-08-17T20:53:14.767Z", "eventType": "input.type", "fullPath": "/main.py", "details": {"fromA": 89, "toA": 89, "fromB": 89, "toB": 90, "inserted": ["e"]}}
{"dateTime": "2025-08-17T20:53:15.050Z", "eventType": "input.type", "fullPath": "/main.py", "details": {"fromA": 90, "toA": 90, "fromB": 90, "toB": 91, "inserted": ["t"]}}
{"dateTime": "2025-08-17T20:53:15.322Z", "eventType": "input.type", "fullPath": "/main.py", "details": {"fromA": 91, "toA": 91, "fromB": 91, "toB": 92, "inserted": ["e"]}}
{"dateTime": "2025-08-17T20:53:17.361Z", "eventType": "input.type", "fullPath": "/main.py", "details": {"fromA": 92, "toA": 92, "fromB": 92, "toB": 93, "inserted": [" "]}}
{"dateTime": "2025-08-17T20:53:18.032Z", "eventType": "input", "fullPath": "/main.py", "details": {"fromA": 93, "toA": 93, "fromB": 93, "toB": 94, "inserted": ["", ""]}}
{"dateTime": "2025-08-17T20:53:19.966Z", "eventType": "input", "fullPath": "/main.py", "details": {"fromA": 94, "toA": 94, "fromB": 94, "toB": 95, "inserted": ["", ""]}}
{"dateTime": "2025-08-17T20:53:21.233Z", "eventType": "input.type", "fullPath": "/main.py", "details": {"fromA": 95, "toA": 95, "fromB": 95, "toB": 96, "inserted": ["p"]}}
{"dateTime": "2025-08-17T20:53:21.996Z", "eventType": "input.type", "fullPath": "/main.py", "details": {"fromA": 96, "toA": 96, "fromB": 96, "toB": 97, "inserted": ["r"]}}
{"dateTime": "2025-08-17T20:53:22.619Z", "eventType": "input.type", "fullPath": "/main.py", "details": {"fromA": 97, "toA": 97, "fromB": 97, "toB": 98, "inserted": ["i"]}}
{"dateTime": "2025-08-17T20:53:22.905Z", "eventType": "input.type", "fullPath": "/main.py", "details": {"fromA": 98, "toA": 98, "fromB": 98, "toB": 99, "inserted": ["n"]}}
{"dateTime": "2025-08-17T20:53:23.333Z", "eventType": "input.type", "fullPath": "/main.py", "details": {"fromA": 99, "toA": 99, "fromB": 99, "toB": 100, "inserted": ["t"]}}
{"dateTime": "2025-08-17T20:53:26.486Z", "eventType": "input.type", "fullPath": "/main.py", "details": {"fromA": 100, "toA": 100, "fromB": 100, "toB": 102, "inserted": ["()"]}}
{"dateTime": "2025-08-17T20:53:41.055Z", "eventType": "input.type", "fullPath": "/main.py", "details": {"fromA": 101, "toA": 101, "fromB": 101, "toB": 102, "inserted": ["f"]}}
{"dateTime": "2025-08-17T20:53:52.219Z", "eventType": "input.type", "fullPath": "/main.py", "details": {"fromA": 102, "toA": 102, "fromB": 102, "toB": 104, "inserted": ["\"\""]}}
{"dateTime": "2025-08-17T20:53:57.468Z", "eventType": "input.type", "fullPath": "/main.py", "details": {"fromA": 103, "toA": 103, "fromB": 103, "toB": 104, "inserted": ["{"]}}
{"dateTime": "2025-08-17T20:54:00.201Z", "eventType": "input.type", "fullPath": "/main.py", "details": {"fromA": 104, "toA": 104, "fromB": 104, "toB": 105, "inserted": ["t"]}}
{"dateTime": "2025-08-17T20:54:00.741Z", "eventType": "input.type", "fullPath": "/main.py", "details": {"fromA": 105, "toA": 105, "fromB": 105, "toB": 106, "inserted": ["o"]}}
{"dateTime": "2025-08-17T20:54:01.167Z", "eventType": "input.type", "fullPath": "/main.py", "details": {"fromA": 106, "toA": 106, "fromB": 106, "toB": 107, "inserted": ["t"]}}
{"dateTime": "2025-08-17T20:54:01.533Z", "eventType": "input.type", "fullPath": "/main.py", "details": {"fromA": 107, "toA": 107, "fromB": 107, "toB": 108, "inserted": ["a"]}}
{"dateTime": "2025-08-17T20:54:02.582Z", "eventType": "input.type", "fullPath": "/main.py", "details": {"fromA": 108, "toA": 108, "fromB": 108, "toB": 109, "inserted": ["l"]}}
{"dateTime": "2025-08-17T20:54:06.240Z", "eventType": "input.type", "fullPath": "/main.py", "details": {"fromA": 109, "toA": 109, "fromB": 109, "toB": 110, "inserted": [":"]}}
{"dateTime": "2025-08-17T20:54:08.471Z", "eventType": "input.type", "fullPath": "/main.py", "details": {"fromA": 110, "toA": 110, "fromB": 110, "toB": 111, "inserted": [" "]}}
{"dateTime": "2025-08-17T20:54:08.830Z", "eventType": "input.type", "fullPath": "/main.py", "details": {"fromA": 111, "toA": 111, "fromB": 111, "toB": 112, "inserted": ["1"]}}
{"dateTime": "2025-08-17T20:54:10.831Z", "eventType": "input.type", "fullPath": "/main.py", "details": {"fromA": 112, "toA": 112, "fromB": 112, "toB": 113, "inserted": ["f"]}}
{"dateTime": "2025-08-17T20:54:15.590Z", "eventType": "input.type", "fullPath": "/main.py", "details": {"fromA": 113, "toA": 113, "fromB": 113, "toB": 114, "inserted": ["}"]}}
{"dateTime": "2025-08-17T20:54:25.829Z", "eventType": "select.pointer", "fullPath": "/main.py", "details": {"selection": {"from": 111, "to": 111}}}
{"dateTime": "2025-08-17T20:54:27.682Z", "eventType": "input.type", "fullPath": "/main.py", "details": {"fromA": 111, "toA": 111, "fromB": 111, "toB": 112, "inserted": ["."]}}
{"dateTime": "2025-08-17T20:54:34.902Z", "eventType": "input.type", "fullPath": "/main.py", "details": {"fromA": 112, "toA": 112, "fromB": 112, "toB": 113, "inserted": [" "]}}
{"dateTime": "2025-08-17T20:54:36.125Z", "eventType": "delete.backward", "fullPath": "/main.py", "details": {"fromA": 112, "toA": 113, "fromB": 112, "toB": 112, "inserted": [""]}}
{"dateTime": "2025-08-17T20:54:37.622Z", "eventType": "blur", "fullPath": "/main.py"}
{"dateTime": "2025-08-17T20:54:38.283Z", "eventType": "run", "details": {"commit": "7e3a7697c8bf830b9d7e7ff3898e865dbf6a7efb"}}
{"dateTime": "2025-08-17T20:54:55.302Z", "eventType": "focus", "fullPath": "/main.py"}
{"dateTime": "2025-08-17T20:54:55.314Z", "eventType": "select.pointer", "fullPath": "/main.py", "details": {"selection": {"from": 15, "to": 15}}}
{"dateTime": "2025-08-17T20:54:57.506Z", "eventType": "input.type", "fullPath": "/main.py", "details": {"fromA": 15, "toA": 15, "fromB": 15, "toB": 17, "inserted": ["()"]}}
{"dateTime": "2025-08-17T20:55:01.126Z", "eventType": "select.pointer", "fullPath": "/main.py", "details": {"selection": {"from": 19, "to": 19}}}
{"dateTime": "2025-08-17T20:55:01.924Z", "eventType": "delete.backward", "fullPath": "/main.py", "details": {"fromA": 18, "toA": 19, "fromB": 18, "toB": 18, "inserted": [""]}}
{"dateTime": "2025-08-17T20:55:04.546Z", "eventType": "blur", "fullPath": "/main.py"}
{"dateTime": "2025-08-17T20:55:05.046Z", "eventType": "run", "details": {"commit": "1836aa6ad64baee482f670e55cf94c587636a48f"}}
{"dateTime": "2025-08-17T20:55:51.535Z", "eventType": "focus", "fullPath": "/main.py"}
{"dateTime": "2025-08-17T20:55:51.542Z", "eventType": "select.pointer", "fullPath": "/main.py", "details": {"selection": {"from": 74, "to": 74}}}
{"dateTime": "2025-08-17T20:55:51.601Z", "eventType": "select.pointer", "fullPath": "/main.py", "details": {"selection": {"from": 73, "to": 74}}}
{"dateTime": "2025-08-17T20:55:51.752Z", "eventType": "select.pointer", "fullPath": "/main.py", "details": {"selection": {"from": 74, "to": 74}}}
{"dateTime": "2025-08-17T20:55:52.447Z", "eventType": "select.pointer", "fullPath": "/main.py", "details": {"selection": {"from": 75, "to": 75}}}
{"dateTime": "2025-08-17T20:55:52.462Z", "eventType": "select.pointer", "fullPath": "/main.py", "details": {"selection": {"from": 75, "to": 75}}}
{"dateTime": "2025-08-17T20:55:54.358Z", "eventType": "select.pointer", "fullPath": "/main.py", "details": {"selection": {"from": 75, "to": 75}}}
{"dateTime": "2025-08-17T20:55:55.975Z", "eventType": "select.pointer", "fullPath": "/main.py", "details": {"selection": {"from": 77, "to": 77}}}
{"dateTime": "2025-08-17T20:56:04.868Z", "eventType": "select.pointer", "fullPath": "/main.py", "details": {"selection": {"from": 3, "to": 3}}}
{"dateTime": "2025-08-17T20:56:05.000Z", "eventType": "select.pointer", "fullPath": "/main.py", "details": {"selection": {"from": 2, "to": 3}}}
{"dateTime": "2025-08-17T20:56:06.970Z", "eventType": "select.pointer", "fullPath": "/main.py", "details": {"selection": {"from": 4, "to": 4}}}
{"dateTime": "2025-08-17T20:56:08.279Z", "eventType": "delete.backward", "fullPath": "/main.py", "details": {"fromA": 3, "toA": 4, "fromB": 3, "toB": 3, "inserted": [""]}}
{"dateTime": "2025-08-17T20:56:08.882Z", "eventType": "delete.backward", "fullPath": "/main.py", "details": {"fromA": 2, "toA": 3, "fromB": 2, "toB": 2, "inserted": [""]}}
{"dateTime": "2025-08-17T20:56:11.347Z", "eventType": "delete.backward", "fullPath": "/main.py", "details": {"fromA": 1, "toA": 2, "fromB": 1, "toB": 1, "inserted": [""]}}
{"dateTime": "2025-08-17T20:56:12.124Z", "eventType": "input.type", "fullPath": "/main.py", "details": {"fromA": 1, "toA": 1, "fromB": 1, "toB": 2, "inserted": ["t"]}}
{"dateTime": "2025-08-17T20:56:12.434Z", "eventType": "input.type", "fullPath": "/main.py", "details": {"fromA": 2, "toA": 2, "fromB": 2, "toB": 3, "inserted": ["d"]}}
{"dateTime": "2025-08-17T20:56:13.405Z", "eventType": "input.type", "fullPath": "/main.py", "details": {"fromA": 3, "toA": 3, "fromB": 3, "toB": 4, "inserted": [" "]}}
{"dateTime": "2025-08-17T20:56:17.891Z", "eventType": "blur", "fullPath": "/main.py"}
{"dateTime": "2025-08-17T20:56:18.320Z", "eventType": "run", "details": {"commit": "f4dcacd57902bc092b361b6c1cdb50ea6301f521"}}
