{"dateTime": "2025-08-20T12:24:36.834Z", "eventType": "focus", "fullPath": "/main.py"}
{"dateTime": "2025-08-20T12:24:36.836Z", "eventType": "select.pointer", "fullPath": "/main.py", "details": {"selection": {"from": 0, "to": 0}}}
{"dateTime": "2025-08-20T12:24:48.788Z", "eventType": "input.type", "fullPath": "/main.py", "details": {"fromA": 0, "toA": 0, "fromB": 0, "toB": 1, "inserted": ["t"]}}
{"dateTime": "2025-08-20T12:24:49.114Z", "eventType": "input.type", "fullPath": "/main.py", "details": {"fromA": 1, "toA": 1, "fromB": 1, "toB": 2, "inserted": [" "]}}
{"dateTime": "2025-08-20T12:24:49.371Z", "eventType": "input.type", "fullPath": "/main.py", "details": {"fromA": 2, "toA": 2, "fromB": 2, "toB": 3, "inserted": ["="]}}
{"dateTime": "2025-08-20T12:24:49.434Z", "eventType": "input.type", "fullPath": "/main.py", "details": {"fromA": 3, "toA": 3, "fromB": 3, "toB": 4, "inserted": [" "]}}
{"dateTime": "2025-08-20T12:24:51.618Z", "eventType": "input.type", "fullPath": "/main.py", "details": {"fromA": 4, "toA": 4, "fromB": 4, "toB": 5, "inserted": ["f"]}}
{"dateTime": "2025-08-20T12:24:51.914Z", "eventType": "input.type", "fullPath": "/main.py", "details": {"fromA": 5, "toA": 5, "fromB": 5, "toB": 6, "inserted": ["l"]}}
{"dateTime": "2025-08-20T12:24:52.077Z", "eventType": "input.type", "fullPath": "/main.py", "details": {"fromA": 6, "toA": 6, "fromB": 6, "toB": 7, "inserted": ["o"]}}
{"dateTime": "2025-08-20T12:24:52.201Z", "eventType": "input.type", "fullPath": "/main.py", "details": {"fromA": 7, "toA": 7, "fromB": 7, "toB": 8, "inserted": ["a"]}}
{"dateTime": "2025-08-20T12:24:52.506Z", "eventType": "input.type", "fullPath": "/main.py", "details": {"fromA": 8, "toA": 8, "fromB": 8, "toB": 9, "inserted": ["t"]}}
{"dateTime": "2025-08-20T12:24:53.066Z", "eventType": "input.type", "fullPath": "/main.py", "details": {"fromA": 9, "toA": 9, "fromB": 9, "toB": 11, "inserted": ["()"]}}
{"dateTime": "2025-08-20T12:24:53.763Z", "eventType": "input.type", "fullPath": "/main.py", "details": {"fromA": 10, "toA": 10, "fromB": 10, "toB": 11, "inserted": ["i"]}}
{"dateTime": "2025-08-20T12:24:53.971Z", "eventType": "input.type", "fullPath": "/main.py", "details": {"fromA": 11, "toA": 11, "fromB": 11, "toB": 12, "inserted": ["n"]}}
{"dateTime": "2025-08-20T12:24:54.248Z", "eventType": "input.type", "fullPath": "/main.py", "details": {"fromA": 12, "toA": 12, "fromB": 12, "toB": 13, "inserted": ["p"]}}
{"dateTime": "2025-08-20T12:24:54.506Z", "eventType": "input.type", "fullPath": "/main.py", "details": {"fromA": 13, "toA": 13, "fromB": 13, "toB": 14, "inserted": ["u"]}}
{"dateTime": "2025-08-20T12:24:54.773Z", "eventType": "input.type", "fullPath": "/main.py", "details": {"fromA": 14, "toA": 14, "fromB": 14, "toB": 15, "inserted": ["t"]}}
{"dateTime": "2025-08-20T12:24:55.252Z", "eventType": "input.type", "fullPath": "/main.py", "details": {"fromA": 15, "toA": 15, "fromB": 15, "toB": 17, "inserted": ["()"]}}
{"dateTime": "2025-08-20T12:24:55.562Z", "eventType": "input.type", "fullPath": "/main.py", "details": {"fromA": 16, "toA": 16, "fromB": 16, "toB": 18, "inserted": ["\"\""]}}
{"dateTime": "2025-08-20T12:25:06.420Z", "eventType": "select.pointer", "fullPath": "/main.py", "details": {"selection": {"from": 20, "to": 20}}}
{"dateTime": "2025-08-20T12:25:08.459Z", "eventType": "input", "fullPath": "/main.py", "details": {"fromA": 20, "toA": 20, "fromB": 20, "toB": 21, "inserted": ["", ""]}}
{"dateTime": "2025-08-20T12:25:13.714Z", "eventType": "input.type", "fullPath": "/main.py", "details": {"fromA": 21, "toA": 21, "fromB": 21, "toB": 22, "inserted": ["k"]}}
{"dateTime": "2025-08-20T12:25:14.234Z", "eventType": "input.type", "fullPath": "/main.py", "details": {"fromA": 22, "toA": 22, "fromB": 22, "toB": 23, "inserted": [" "]}}
{"dateTime": "2025-08-20T12:25:14.602Z", "eventType": "input.type", "fullPath": "/main.py", "details": {"fromA": 23, "toA": 23, "fromB": 23, "toB": 24, "inserted": ["="]}}
{"dateTime": "2025-08-20T12:25:14.729Z", "eventType": "input.type", "fullPath": "/main.py", "details": {"fromA": 24, "toA": 24, "fromB": 24, "toB": 25, "inserted": [" "]}}
{"dateTime": "2025-08-20T12:25:20.897Z", "eventType": "select.pointer", "fullPath": "/main.py", "details": {"selection": {"from": 1, "to": 1}}}
{"dateTime": "2025-08-20T12:25:21.639Z", "eventType": "delete.backward", "fullPath": "/main.py", "details": {"fromA": 0, "toA": 1, "fromB": 0, "toB": 0, "inserted": [""]}}
{"dateTime": "2025-08-20T12:25:21.838Z", "eventType": "input.type", "fullPath": "/main.py", "details": {"fromA": 0, "toA": 0, "fromB": 0, "toB": 1, "inserted": ["c"]}}
{"dateTime": "2025-08-20T12:25:22.774Z", "eventType": "blur", "fullPath": "/main.py"}
{"dateTime": "2025-08-20T12:25:22.779Z", "eventType": "focus", "fullPath": "/main.py"}
{"dateTime": "2025-08-20T12:25:22.784Z", "eventType": "select", "fullPath": "/main.py", "details": {"selection": {"from": 25, "to": 25}}}
{"dateTime": "2025-08-20T12:25:24.561Z", "eventType": "input.type", "fullPath": "/main.py", "details": {"fromA": 25, "toA": 25, "fromB": 25, "toB": 26, "inserted": ["c"]}}
{"dateTime": "2025-08-20T12:25:24.987Z", "eventType": "input.type", "fullPath": "/main.py", "details": {"fromA": 26, "toA": 26, "fromB": 26, "toB": 27, "inserted": [" "]}}
{"dateTime": "2025-08-20T12:25:25.185Z", "eventType": "input.type", "fullPath": "/main.py", "details": {"fromA": 27, "toA": 27, "fromB": 27, "toB": 28, "inserted": ["+"]}}
{"dateTime": "2025-08-20T12:25:25.288Z", "eventType": "input.type", "fullPath": "/main.py", "details": {"fromA": 28, "toA": 28, "fromB": 28, "toB": 29, "inserted": [" "]}}
{"dateTime": "2025-08-20T12:25:26.851Z", "eventType": "input.type", "fullPath": "/main.py", "details": {"fromA": 29, "toA": 29, "fromB": 29, "toB": 30, "inserted": ["2"]}}
{"dateTime": "2025-08-20T12:25:27.170Z", "eventType": "input.type", "fullPath": "/main.py", "details": {"fromA": 30, "toA": 30, "fromB": 30, "toB": 31, "inserted": ["7"]}}
{"dateTime": "2025-08-20T12:25:27.557Z", "eventType": "input.type", "fullPath": "/main.py", "details": {"fromA": 31, "toA": 31, "fromB": 31, "toB": 32, "inserted": ["3"]}}
{"dateTime": "2025-08-20T12:25:28.203Z", "eventType": "input.type", "fullPath": "/main.py", "details": {"fromA": 32, "toA": 32, "fromB": 32, "toB": 33, "inserted": [","]}}
{"dateTime": "2025-08-20T12:25:28.948Z", "eventType": "input.type", "fullPath": "/main.py", "details": {"fromA": 33, "toA": 33, "fromB": 33, "toB": 34, "inserted": ["1"]}}
{"dateTime": "2025-08-20T12:25:29.244Z", "eventType": "input.type", "fullPath": "/main.py", "details": {"fromA": 34, "toA": 34, "fromB": 34, "toB": 35, "inserted": ["5"]}}
{"dateTime": "2025-08-20T12:25:30.673Z", "eventType": "input", "fullPath": "/main.py", "details": {"fromA": 35, "toA": 35, "fromB": 35, "toB": 36, "inserted": ["", ""]}}
{"dateTime": "2025-08-20T12:25:32.755Z", "eventType": "input.type", "fullPath": "/main.py", "details": {"fromA": 36, "toA": 36, "fromB": 36, "toB": 37, "inserted": ["p"]}}
{"dateTime": "2025-08-20T12:25:32.949Z", "eventType": "input.type", "fullPath": "/main.py", "details": {"fromA": 37, "toA": 37, "fromB": 37, "toB": 38, "inserted": ["r"]}}
{"dateTime": "2025-08-20T12:25:33.108Z", "eventType": "input.type", "fullPath": "/main.py", "details": {"fromA": 38, "toA": 38, "fromB": 38, "toB": 39, "inserted": ["i"]}}
{"dateTime": "2025-08-20T12:25:33.308Z", "eventType": "input.type", "fullPath": "/main.py", "details": {"fromA": 39, "toA": 39, "fromB": 39, "toB": 40, "inserted": ["n"]}}
{"dateTime": "2025-08-20T12:25:33.419Z", "eventType": "input.type", "fullPath": "/main.py", "details": {"fromA": 40, "toA": 40, "fromB": 40, "toB": 41, "inserted": ["t"]}}
{"dateTime": "2025-08-20T12:25:33.960Z", "eventType": "input.type", "fullPath": "/main.py", "details": {"fromA": 41, "toA": 41, "fromB": 41, "toB": 43, "inserted": ["()"]}}
{"dateTime": "2025-08-20T12:25:34.850Z", "eventType": "input.type", "fullPath": "/main.py", "details": {"fromA": 42, "toA": 42, "fromB": 42, "toB": 43, "inserted": ["r"]}}
{"dateTime": "2025-08-20T12:25:34.995Z", "eventType": "input.type", "fullPath": "/main.py", "details": {"fromA": 43, "toA": 43, "fromB": 43, "toB": 44, "inserted": ["o"]}}
{"dateTime": "2025-08-20T12:25:35.211Z", "eventType": "input.type", "fullPath": "/main.py", "details": {"fromA": 44, "toA": 44, "fromB": 44, "toB": 45, "inserted": ["u"]}}
{"dateTime": "2025-08-20T12:25:35.402Z", "eventType": "input.type", "fullPath": "/main.py", "details": {"fromA": 45, "toA": 45, "fromB": 45, "toB": 46, "inserted": ["n"]}}
{"dateTime": "2025-08-20T12:25:35.573Z", "eventType": "input.type", "fullPath": "/main.py", "details": {"fromA": 46, "toA": 46, "fromB": 46, "toB": 47, "inserted": ["d"]}}
{"dateTime": "2025-08-20T12:25:36.517Z", "eventType": "input.type", "fullPath": "/main.py", "details": {"fromA": 47, "toA": 47, "fromB": 47, "toB": 49, "inserted": ["()"]}}
{"dateTime": "2025-08-20T12:25:37.019Z", "eventType": "input.type", "fullPath": "/main.py", "details": {"fromA": 48, "toA": 48, "fromB": 48, "toB": 49, "inserted": ["c"]}}
{"dateTime": "2025-08-20T12:25:37.458Z", "eventType": "input.type", "fullPath": "/main.py", "details": {"fromA": 49, "toA": 49, "fromB": 49, "toB": 50, "inserted": [","]}}
{"dateTime": "2025-08-20T12:25:37.882Z", "eventType": "input.type", "fullPath": "/main.py", "details": {"fromA": 50, "toA": 50, "fromB": 50, "toB": 51, "inserted": [" "]}}
{"dateTime": "2025-08-20T12:25:38.698Z", "eventType": "input.type", "fullPath": "/main.py", "details": {"fromA": 51, "toA": 51, "fromB": 51, "toB": 52, "inserted": ["2"]}}
{"dateTime": "2025-08-20T12:25:40.051Z", "eventType": "select.pointer", "fullPath": "/main.py", "details": {"selection": {"from": 54, "to": 54}}}
{"dateTime": "2025-08-20T12:25:42.507Z", "eventType": "blur", "fullPath": "/main.py"}
{"dateTime": "2025-08-20T12:25:43.184Z", "eventType": "run", "details": {"commit": "b1f3e2fa26ace943226883312abef2a5c8b630bc"}}
{"dateTime": "2025-08-20T12:25:53.689Z", "eventType": "focus", "fullPath": "/main.py"}
{"dateTime": "2025-08-20T12:25:53.693Z", "eventType": "select.pointer", "fullPath": "/main.py", "details": {"selection": {"from": 49, "to": 49}}}
{"dateTime": "2025-08-20T12:25:54.555Z", "eventType": "delete.backward", "fullPath": "/main.py", "details": {"fromA": 48, "toA": 49, "fromB": 48, "toB": 48, "inserted": [""]}}
{"dateTime": "2025-08-20T12:25:54.962Z", "eventType": "input.type", "fullPath": "/main.py", "details": {"fromA": 48, "toA": 48, "fromB": 48, "toB": 49, "inserted": ["k"]}}
{"dateTime": "2025-08-20T12:25:55.917Z", "eventType": "blur", "fullPath": "/main.py"}
{"dateTime": "2025-08-20T12:25:55.922Z", "eventType": "focus", "fullPath": "/main.py"}
{"dateTime": "2025-08-20T12:25:55.927Z", "eventType": "select", "fullPath": "/main.py", "details": {"selection": {"from": 54, "to": 54}}}
{"dateTime": "2025-08-20T12:25:57.567Z", "eventType": "blur", "fullPath": "/main.py"}
{"dateTime": "2025-08-20T12:25:58.191Z", "eventType": "run", "details": {"commit": "b7e6ea0ca1a355e50f4f4befd5d972bad39a9219"}}
{"dateTime": "2025-08-20T12:26:26.803Z", "eventType": "focus", "fullPath": "/main.py"}
{"dateTime": "2025-08-20T12:26:26.807Z", "eventType": "select.pointer", "fullPath": "/main.py", "details": {"selection": {"from": 49, "to": 49}}}
{"dateTime": "2025-08-20T12:26:28.232Z", "eventType": "delete.backward", "fullPath": "/main.py", "details": {"fromA": 48, "toA": 49, "fromB": 48, "toB": 48, "inserted": [""]}}
{"dateTime": "2025-08-20T12:26:28.585Z", "eventType": "input.type", "fullPath": "/main.py", "details": {"fromA": 48, "toA": 48, "fromB": 48, "toB": 49, "inserted": ["k"]}}
{"dateTime": "2025-08-20T12:26:30.298Z", "eventType": "select.pointer", "fullPath": "/main.py", "details": {"selection": {"from": 22, "to": 22}}}
{"dateTime": "2025-08-20T12:26:31.337Z", "eventType": "delete.backward", "fullPath": "/main.py", "details": {"fromA": 21, "toA": 22, "fromB": 21, "toB": 21, "inserted": [""]}}
{"dateTime": "2025-08-20T12:26:31.769Z", "eventType": "input.type", "fullPath": "/main.py", "details": {"fromA": 21, "toA": 21, "fromB": 21, "toB": 22, "inserted": ["k"]}}
{"dateTime": "2025-08-20T12:26:32.887Z", "eventType": "blur", "fullPath": "/main.py"}
{"dateTime": "2025-08-20T12:26:32.892Z", "eventType": "focus", "fullPath": "/main.py"}
{"dateTime": "2025-08-20T12:26:32.898Z", "eventType": "select", "fullPath": "/main.py", "details": {"selection": {"from": 54, "to": 54}}}
{"dateTime": "2025-08-20T12:26:38.779Z", "eventType": "blur", "fullPath": "/main.py"}
{"dateTime": "2025-08-20T12:26:39.425Z", "eventType": "run", "details": {"commit": "b7e6ea0ca1a355e50f4f4befd5d972bad39a9219"}}
{"dateTime": "2025-08-20T12:26:58.881Z", "eventType": "focus", "fullPath": "/main.py"}
{"dateTime": "2025-08-20T12:26:58.885Z", "eventType": "select.pointer", "fullPath": "/main.py", "details": {"selection": {"from": 54, "to": 54}}}
{"dateTime": "2025-08-20T12:26:59.745Z", "eventType": "delete.backward", "fullPath": "/main.py", "details": {"fromA": 53, "toA": 54, "fromB": 53, "toB": 53, "inserted": [""]}}
{"dateTime": "2025-08-20T12:27:00.243Z", "eventType": "delete.backward", "fullPath": "/main.py", "details": {"fromA": 52, "toA": 53, "fromB": 52, "toB": 52, "inserted": [""]}}
{"dateTime": "2025-08-20T12:27:00.278Z", "eventType": "delete.backward", "fullPath": "/main.py", "details": {"fromA": 51, "toA": 52, "fromB": 51, "toB": 51, "inserted": [""]}}
{"dateTime": "2025-08-20T12:27:00.310Z", "eventType": "delete.backward", "fullPath": "/main.py", "details": {"fromA": 50, "toA": 51, "fromB": 50, "toB": 50, "inserted": [""]}}
{"dateTime": "2025-08-20T12:27:00.346Z", "eventType": "delete.backward", "fullPath": "/main.py", "details": {"fromA": 49, "toA": 50, "fromB": 49, "toB": 49, "inserted": [""]}}
{"dateTime": "2025-08-20T12:27:00.380Z", "eventType": "delete.backward", "fullPath": "/main.py", "details": {"fromA": 48, "toA": 49, "fromB": 48, "toB": 48, "inserted": [""]}}
{"dateTime": "2025-08-20T12:27:00.413Z", "eventType": "delete.backward", "fullPath": "/main.py", "details": {"fromA": 47, "toA": 48, "fromB": 47, "toB": 47, "inserted": [""]}}
{"dateTime": "2025-08-20T12:27:00.446Z", "eventType": "delete.backward", "fullPath": "/main.py", "details": {"fromA": 46, "toA": 47, "fromB": 46, "toB": 46, "inserted": [""]}}
{"dateTime": "2025-08-20T12:27:00.647Z", "eventType": "delete.backward", "fullPath": "/main.py", "details": {"fromA": 45, "toA": 46, "fromB": 45, "toB": 45, "inserted": [""]}}
{"dateTime": "2025-08-20T12:27:00.809Z", "eventType": "delete.backward", "fullPath": "/main.py", "details": {"fromA": 44, "toA": 45, "fromB": 44, "toB": 44, "inserted": [""]}}
{"dateTime": "2025-08-20T12:27:00.954Z", "eventType": "delete.backward", "fullPath": "/main.py", "details": {"fromA": 43, "toA": 44, "fromB": 43, "toB": 43, "inserted": [""]}}
{"dateTime": "2025-08-20T12:27:01.103Z", "eventType": "delete.backward", "fullPath": "/main.py", "details": {"fromA": 42, "toA": 43, "fromB": 42, "toB": 42, "inserted": [""]}}
{"dateTime": "2025-08-20T12:27:01.547Z", "eventType": "delete.backward", "fullPath": "/main.py", "details": {"fromA": 41, "toA": 42, "fromB": 41, "toB": 41, "inserted": [""]}}
{"dateTime": "2025-08-20T12:27:02.570Z", "eventType": "input.type", "fullPath": "/main.py", "details": {"fromA": 41, "toA": 41, "fromB": 41, "toB": 43, "inserted": ["()"]}}
{"dateTime": "2025-08-20T12:27:03.090Z", "eventType": "input.type", "fullPath": "/main.py", "details": {"fromA": 42, "toA": 42, "fromB": 42, "toB": 43, "inserted": ["k"]}}
{"dateTime": "2025-08-20T12:27:04.270Z", "eventType": "blur", "fullPath": "/main.py"}
{"dateTime": "2025-08-20T12:27:04.273Z", "eventType": "focus", "fullPath": "/main.py"}
{"dateTime": "2025-08-20T12:27:04.279Z", "eventType": "select", "fullPath": "/main.py", "details": {"selection": {"from": 44, "to": 44}}}
{"dateTime": "2025-08-20T12:27:05.163Z", "eventType": "blur", "fullPath": "/main.py"}
{"dateTime": "2025-08-20T12:27:05.805Z", "eventType": "run", "details": {"commit": "142e735f5bf8d41912d8551c8b533cec532d4944"}}
{"dateTime": "2025-08-20T12:27:18.652Z", "eventType": "focus", "fullPath": "/main.py"}
{"dateTime": "2025-08-20T12:27:18.656Z", "eventType": "select.pointer", "fullPath": "/main.py", "details": {"selection": {"from": 43, "to": 43}}}
{"dateTime": "2025-08-20T12:27:19.546Z", "eventType": "delete.backward", "fullPath": "/main.py", "details": {"fromA": 42, "toA": 43, "fromB": 42, "toB": 42, "inserted": [""]}}
{"dateTime": "2025-08-20T12:27:20.132Z", "eventType": "input.type", "fullPath": "/main.py", "details": {"fromA": 42, "toA": 42, "fromB": 42, "toB": 43, "inserted": ["r"]}}
{"dateTime": "2025-08-20T12:27:20.283Z", "eventType": "input.type", "fullPath": "/main.py", "details": {"fromA": 43, "toA": 43, "fromB": 43, "toB": 44, "inserted": ["o"]}}
{"dateTime": "2025-08-20T12:27:20.492Z", "eventType": "input.type", "fullPath": "/main.py", "details": {"fromA": 44, "toA": 44, "fromB": 44, "toB": 45, "inserted": ["u"]}}
{"dateTime": "2025-08-20T12:27:20.679Z", "eventType": "input.type", "fullPath": "/main.py", "details": {"fromA": 45, "toA": 45, "fromB": 45, "toB": 46, "inserted": ["n"]}}
{"dateTime": "2025-08-20T12:27:20.922Z", "eventType": "input.type", "fullPath": "/main.py", "details": {"fromA": 46, "toA": 46, "fromB": 46, "toB": 47, "inserted": ["t"]}}
{"dateTime": "2025-08-20T12:27:21.736Z", "eventType": "delete.backward", "fullPath": "/main.py", "details": {"fromA": 46, "toA": 47, "fromB": 46, "toB": 46, "inserted": [""]}}
{"dateTime": "2025-08-20T12:27:22.076Z", "eventType": "input.type", "fullPath": "/main.py", "details": {"fromA": 46, "toA": 46, "fromB": 46, "toB": 47, "inserted": ["d"]}}
{"dateTime": "2025-08-20T12:27:23.312Z", "eventType": "input.type", "fullPath": "/main.py", "details": {"fromA": 47, "toA": 47, "fromB": 47, "toB": 49, "inserted": ["()"]}}
{"dateTime": "2025-08-20T12:27:25.362Z", "eventType": "input.type", "fullPath": "/main.py", "details": {"fromA": 48, "toA": 48, "fromB": 48, "toB": 49, "inserted": ["k"]}}
{"dateTime": "2025-08-20T12:27:26.035Z", "eventType": "input.type", "fullPath": "/main.py", "details": {"fromA": 49, "toA": 49, "fromB": 49, "toB": 50, "inserted": [","]}}
{"dateTime": "2025-08-20T12:27:26.427Z", "eventType": "input.type", "fullPath": "/main.py", "details": {"fromA": 50, "toA": 50, "fromB": 50, "toB": 51, "inserted": [" "]}}
{"dateTime": "2025-08-20T12:27:27.192Z", "eventType": "input.type", "fullPath": "/main.py", "details": {"fromA": 51, "toA": 51, "fromB": 51, "toB": 52, "inserted": ["2"]}}
{"dateTime": "2025-08-20T12:27:28.583Z", "eventType": "blur", "fullPath": "/main.py"}
{"dateTime": "2025-08-20T12:27:29.200Z", "eventType": "run", "details": {"commit": "09930b5a15c32d1b68c264d6e3a17b817ab5f021"}}
{"dateTime": "2025-08-20T17:40:48.508Z", "eventType": "submission", "details": {"correctness": 1, "commit": "05d6abbac7ba1176f8c344b5c4668ec79078a2f6", "executionTime": 0.01}}
{"dateTime": "2025-08-20T17:41:22.051Z", "eventType": "focus", "fullPath": "/main.py"}
{"dateTime": "2025-08-20T17:41:22.063Z", "eventType": "select.pointer", "fullPath": "/main.py", "details": {"selection": {"from": 44, "to": 44}}}
{"dateTime": "2025-08-20T17:41:51.922Z", "eventType": "blur", "fullPath": "/main.py"}
{"dateTime": "2025-08-20T17:41:51.924Z", "eventType": "window.blur", "fullPath": "/main.py"}
{"dateTime": "2025-08-20T17:41:52.053Z", "eventType": "focus", "fullPath": "/main.py"}
{"dateTime": "2025-08-20T17:41:56.316Z", "eventType": "blur", "fullPath": "/main.py"}
{"dateTime": "2025-08-20T17:41:57.611Z", "eventType": "run", "details": {"commit": "ef3fe910a38e88f4b1f488291bce31421c629dc6"}}
{"dateTime": "2025-08-20T17:42:03.292Z", "eventType": "focus", "fullPath": "/main.py"}
{"dateTime": "2025-08-20T17:42:03.300Z", "eventType": "select.pointer", "fullPath": "/main.py", "details": {"selection": {"from": 44, "to": 44}}}
{"dateTime": "2025-08-20T17:42:06.846Z", "eventType": "blur", "fullPath": "/main.py"}
{"dateTime": "2025-08-20T17:42:13.686Z", "eventType": "run", "details": {"commit": "ef3fe910a38e88f4b1f488291bce31421c629dc6"}}
{"dateTime": "2025-08-20T17:42:25.087Z", "eventType": "window.blur", "fullPath": "/main.py"}
{"dateTime": "2025-08-20T17:42:35.926Z", "eventType": "window.focus", "fullPath": "/main.py"}
{"dateTime": "2025-08-20T17:42:49.883Z", "eventType": "focus", "fullPath": "/main.py"}
{"dateTime": "2025-08-20T17:42:49.889Z", "eventType": "select.pointer", "fullPath": "/main.py", "details": {"selection": {"from": 33, "to": 33}}}
{"dateTime": "2025-08-20T17:42:50.945Z", "eventType": "delete.backward", "fullPath": "/main.py", "details": {"fromA": 32, "toA": 33, "fromB": 32, "toB": 32, "inserted": [""]}}
{"dateTime": "2025-08-20T17:42:51.750Z", "eventType": "input.type", "fullPath": "/main.py", "details": {"fromA": 32, "toA": 32, "fromB": 32, "toB": 33, "inserted": ["."]}}
{"dateTime": "2025-08-20T17:42:53.226Z", "eventType": "blur", "fullPath": "/main.py"}
{"dateTime": "2025-08-20T17:42:53.881Z", "eventType": "run", "details": {"commit": "eeedffeca793b6b4e08d6da609707a6c50f68ac5"}}
{"dateTime": "2025-08-20T17:43:02.655Z", "eventType": "focus", "fullPath": "/main.py"}
{"dateTime": "2025-08-20T17:43:02.658Z", "eventType": "select.pointer", "fullPath": "/main.py", "details": {"selection": {"from": 43, "to": 43}}}
{"dateTime": "2025-08-20T17:43:03.741Z", "eventType": "delete.backward", "fullPath": "/main.py", "details": {"fromA": 42, "toA": 43, "fromB": 42, "toB": 42, "inserted": [""]}}
{"dateTime": "2025-08-20T17:43:04.748Z", "eventType": "input.type", "fullPath": "/main.py", "details": {"fromA": 42, "toA": 42, "fromB": 42, "toB": 43, "inserted": ["r"]}}
{"dateTime": "2025-08-20T17:43:04.903Z", "eventType": "input.type", "fullPath": "/main.py", "details": {"fromA": 43, "toA": 43, "fromB": 43, "toB": 44, "inserted": ["o"]}}
{"dateTime": "2025-08-20T17:43:05.114Z", "eventType": "input.type", "fullPath": "/main.py", "details": {"fromA": 44, "toA": 44, "fromB": 44, "toB": 45, "inserted": ["u"]}}
{"dateTime": "2025-08-20T17:43:05.314Z", "eventType": "input.type", "fullPath": "/main.py", "details": {"fromA": 45, "toA": 45, "fromB": 45, "toB": 46, "inserted": ["n"]}}
{"dateTime": "2025-08-20T17:43:05.516Z", "eventType": "input.type", "fullPath": "/main.py", "details": {"fromA": 46, "toA": 46, "fromB": 46, "toB": 47, "inserted": ["d"]}}
{"dateTime": "2025-08-20T17:43:06.978Z", "eventType": "input.type", "fullPath": "/main.py", "details": {"fromA": 47, "toA": 47, "fromB": 47, "toB": 49, "inserted": ["()"]}}
{"dateTime": "2025-08-20T17:43:09.323Z", "eventType": "input.type", "fullPath": "/main.py", "details": {"fromA": 48, "toA": 48, "fromB": 48, "toB": 49, "inserted": ["k"]}}
{"dateTime": "2025-08-20T17:43:09.662Z", "eventType": "input.type", "fullPath": "/main.py", "details": {"fromA": 49, "toA": 49, "fromB": 49, "toB": 50, "inserted": [","]}}
{"dateTime": "2025-08-20T17:43:09.907Z", "eventType": "input.type", "fullPath": "/main.py", "details": {"fromA": 50, "toA": 50, "fromB": 50, "toB": 51, "inserted": [" "]}}
{"dateTime": "2025-08-20T17:43:10.412Z", "eventType": "input.type", "fullPath": "/main.py", "details": {"fromA": 51, "toA": 51, "fromB": 51, "toB": 52, "inserted": ["2"]}}
{"dateTime": "2025-08-20T17:43:12.874Z", "eventType": "blur", "fullPath": "/main.py"}
{"dateTime": "2025-08-20T17:43:13.654Z", "eventType": "run", "details": {"commit": "05d6abbac7ba1176f8c344b5c4668ec79078a2f6"}}
