{"dateTime": "2025-08-26T20:02:25.427Z", "eventType": "focus", "fullPath": "/main.py"}
{"dateTime": "2025-08-26T20:02:25.430Z", "eventType": "select.pointer", "fullPath": "/main.py", "details": {"selection": {"from": 19, "to": 19}}}
{"dateTime": "2025-08-26T20:02:26.704Z", "eventType": "input.type", "fullPath": "/main.py", "details": {"fromA": 19, "toA": 19, "fromB": 19, "toB": 20, "inserted": ["C"]}}
{"dateTime": "2025-08-26T20:02:26.962Z", "eventType": "focus", "fullPath": "/main.py"}
{"dateTime": "2025-08-26T20:02:26.965Z", "eventType": "select.pointer", "fullPath": "/main.py", "details": {"selection": {"from": 18, "to": 18}}}
{"dateTime": "2025-08-26T20:02:27.027Z", "eventType": "select.pointer", "fullPath": "/main.py", "details": {"selection": {"from": 17, "to": 18}}}
{"dateTime": "2025-08-26T20:02:27.077Z", "eventType": "select.pointer", "fullPath": "/main.py", "details": {"selection": {"from": 18, "to": 19}}}
{"dateTime": "2025-08-26T20:02:27.699Z", "eventType": "select.pointer", "fullPath": "/main.py", "details": {"selection": {"from": 5, "to": 18}}}
{"dateTime": "2025-08-26T20:02:27.710Z", "eventType": "select.pointer", "fullPath": "/main.py", "details": {"selection": {"from": 4, "to": 18}}}
{"dateTime": "2025-08-26T20:02:27.743Z", "eventType": "select.pointer", "fullPath": "/main.py", "details": {"selection": {"from": 3, "to": 18}}}
{"dateTime": "2025-08-26T20:02:27.793Z", "eventType": "select.pointer", "fullPath": "/main.py", "details": {"selection": {"from": 2, "to": 18}}}
{"dateTime": "2025-08-26T20:02:27.843Z", "eventType": "select.pointer", "fullPath": "/main.py", "details": {"selection": {"from": 1, "to": 18}}}
{"dateTime": "2025-08-26T20:02:27.893Z", "eventType": "select.pointer", "fullPath": "/main.py", "details": {"selection": {"from": 0, "to": 18}}}
{"dateTime": "2025-08-26T20:02:28.508Z", "eventType": "input.complete", "fullPath": "/main.py", "details": {"fromA": 19, "toA": 20, "fromB": 19, "toB": 21, "inserted": ["CL"]}}
{"dateTime": "2025-08-26T20:02:29.473Z", "eventType": "select.pointer", "fullPath": "/main.py", "details": {"selection": {"from": 63, "to": 63}}}
{"dateTime": "2025-08-26T20:02:30.097Z", "eventType": "input.type", "fullPath": "/main.py", "details": {"fromA": 63, "toA": 63, "fromB": 63, "toB": 64, "inserted": ["C"]}}
{"dateTime": "2025-08-26T20:02:31.508Z", "eventType": "input.complete", "fullPath": "/main.py", "details": {"fromA": 63, "toA": 64, "fromB": 63, "toB": 80, "inserted": ["ChildProcessError"]}}
{"dateTime": "2025-08-26T20:02:32.547Z", "eventType": "blur", "fullPath": "/main.py"}
{"dateTime": "2025-08-26T20:02:35.301Z", "eventType": "undo", "fullPath": "/main.py", "details": {"fromA": 63, "toA": 80, "fromB": 63, "toB": 64, "inserted": ["C"]}}
{"dateTime": "2025-08-26T20:02:36.851Z", "eventType": "select.pointer", "fullPath": "/main.py", "details": {"selection": {"from": 68, "to": 68}}}
{"dateTime": "2025-08-26T20:02:38.164Z", "eventType": "input.type", "fullPath": "/main.py", "details": {"fromA": 68, "toA": 68, "fromB": 68, "toB": 69, "inserted": ["C"]}}
{"dateTime": "2025-08-26T20:02:39.048Z", "eventType": "blur", "fullPath": "/main.py"}
{"dateTime": "2025-08-26T20:02:39.052Z", "eventType": "focus", "fullPath": "/main.py"}
{"dateTime": "2025-08-26T20:02:39.056Z", "eventType": "select", "fullPath": "/main.py", "details": {"selection": {"from": 112, "to": 112}}}
{"dateTime": "2025-08-26T20:02:40.091Z", "eventType": "select.pointer", "fullPath": "/main.py", "details": {"selection": {"from": 21, "to": 21}}}
{"dateTime": "2025-08-26T20:02:40.932Z", "eventType": "delete.backward", "fullPath": "/main.py", "details": {"fromA": 20, "toA": 21, "fromB": 20, "toB": 20, "inserted": [""]}}
{"dateTime": "2025-08-26T20:02:41.670Z", "eventType": "blur", "fullPath": "/main.py"}
{"dateTime": "2025-08-26T20:02:42.354Z", "eventType": "submission", "details": {"correctness": 1, "commit": "8047db6feae97b8066b1fd25f218081e11a7564a", "executionTime": 0.01}}
{"dateTime": "2025-08-26T20:02:44.243Z", "eventType": "run", "details": {"commit": "8047db6feae97b8066b1fd25f218081e11a7564a"}}
{"dateTime": "2025-08-26T20:02:44.957Z", "eventType": "submission", "details": {"correctness": 1, "commit": "8047db6feae97b8066b1fd25f218081e11a7564a", "executionTime": 0.01}}
{"dateTime": "2025-08-26T20:02:45.664Z", "eventType": "submission", "details": {"correctness": 1, "commit": "8047db6feae97b8066b1fd25f218081e11a7564a", "executionTime": 0.01}}
{"dateTime": "2025-08-26T20:02:46.092Z", "eventType": "submission", "details": {"correctness": 1, "commit": "8047db6feae97b8066b1fd25f218081e11a7564a", "executionTime": 0.01}}
{"dateTime": "2025-08-26T20:02:51.793Z", "eventType": "focus", "fullPath": "/main.py"}
{"dateTime": "2025-08-26T20:02:51.799Z", "eventType": "select", "fullPath": "/main.py", "details": {"selection": {"from": 111, "to": 111}}}
{"dateTime": "2025-08-26T20:02:52.663Z", "eventType": "blur", "fullPath": "/main.py"}
{"dateTime": "2025-08-26T20:03:16.282Z", "eventType": "focus", "fullPath": "/main.py"}
{"dateTime": "2025-08-26T20:03:16.285Z", "eventType": "select.pointer", "fullPath": "/main.py", "details": {"selection": {"from": 19, "to": 19}}}
{"dateTime": "2025-08-26T20:03:16.327Z", "eventType": "select.pointer", "fullPath": "/main.py", "details": {"selection": {"from": 19, "to": 43}}}
{"dateTime": "2025-08-26T20:03:16.531Z", "eventType": "select.pointer", "fullPath": "/main.py", "details": {"selection": {"from": 19, "to": 42}}}
{"dateTime": "2025-08-26T20:03:16.547Z", "eventType": "select.pointer", "fullPath": "/main.py", "details": {"selection": {"from": 19, "to": 41}}}
{"dateTime": "2025-08-26T20:03:16.580Z", "eventType": "select.pointer", "fullPath": "/main.py", "details": {"selection": {"from": 19, "to": 39}}}
{"dateTime": "2025-08-26T20:03:16.780Z", "eventType": "select.pointer", "fullPath": "/main.py", "details": {"selection": {"from": 19, "to": 38}}}
{"dateTime": "2025-08-26T20:03:16.797Z", "eventType": "select.pointer", "fullPath": "/main.py", "details": {"selection": {"from": 19, "to": 37}}}
{"dateTime": "2025-08-26T20:03:16.831Z", "eventType": "select.pointer", "fullPath": "/main.py", "details": {"selection": {"from": 19, "to": 35}}}
{"dateTime": "2025-08-26T20:03:16.913Z", "eventType": "select.pointer", "fullPath": "/main.py", "details": {"selection": {"from": 19, "to": 34}}}
{"dateTime": "2025-08-26T20:03:16.930Z", "eventType": "select.pointer", "fullPath": "/main.py", "details": {"selection": {"from": 19, "to": 32}}}
{"dateTime": "2025-08-26T20:03:16.963Z", "eventType": "select.pointer", "fullPath": "/main.py", "details": {"selection": {"from": 19, "to": 27}}}
{"dateTime": "2025-08-26T20:03:16.978Z", "eventType": "select.pointer", "fullPath": "/main.py", "details": {"selection": {"from": 19, "to": 24}}}
{"dateTime": "2025-08-26T20:03:17.010Z", "eventType": "select.pointer", "fullPath": "/main.py", "details": {"selection": {"from": 19, "to": 20}}}
{"dateTime": "2025-08-26T20:03:17.398Z", "eventType": "select.pointer", "fullPath": "/main.py", "details": {"selection": {"from": 19, "to": 25}}}
{"dateTime": "2025-08-26T20:03:17.413Z", "eventType": "select.pointer", "fullPath": "/main.py", "details": {"selection": {"from": 19, "to": 30}}}
{"dateTime": "2025-08-26T20:03:17.430Z", "eventType": "select.pointer", "fullPath": "/main.py", "details": {"selection": {"from": 19, "to": 34}}}
{"dateTime": "2025-08-26T20:03:17.464Z", "eventType": "select.pointer", "fullPath": "/main.py", "details": {"selection": {"from": 19, "to": 38}}}
{"dateTime": "2025-08-26T20:03:17.480Z", "eventType": "select.pointer", "fullPath": "/main.py", "details": {"selection": {"from": 19, "to": 39}}}
{"dateTime": "2025-08-26T20:03:17.681Z", "eventType": "select.pointer", "fullPath": "/main.py", "details": {"selection": {"from": 19, "to": 40}}}
{"dateTime": "2025-08-26T20:03:17.697Z", "eventType": "select.pointer", "fullPath": "/main.py", "details": {"selection": {"from": 19, "to": 42}}}
{"dateTime": "2025-08-26T20:03:17.731Z", "eventType": "select.pointer", "fullPath": "/main.py", "details": {"selection": {"from": 19, "to": 43}}}
{"dateTime": "2025-08-26T20:03:18.975Z", "eventType": "delete.selection", "fullPath": "/main.py", "details": {"fromA": 19, "toA": 43, "fromB": 19, "toB": 19, "inserted": [""]}}
{"dateTime": "2025-08-26T20:03:54.179Z", "eventType": "input.type", "fullPath": "/main.py", "details": {"fromA": 19, "toA": 19, "fromB": 19, "toB": 20, "inserted": ["C"]}}
{"dateTime": "2025-08-26T20:03:55.269Z", "eventType": "input.type", "fullPath": "/main.py", "details": {"fromA": 20, "toA": 20, "fromB": 20, "toB": 21, "inserted": ["L"]}}
{"dateTime": "2025-08-26T20:03:57.218Z", "eventType": "select.pointer", "fullPath": "/main.py", "details": {"selection": {"from": 21, "to": 21}}}
{"dateTime": "2025-08-26T20:03:58.227Z", "eventType": "input.type", "fullPath": "/main.py", "details": {"fromA": 21, "toA": 21, "fromB": 21, "toB": 22, "inserted": [" "]}}
{"dateTime": "2025-08-26T20:03:58.419Z", "eventType": "input.type", "fullPath": "/main.py", "details": {"fromA": 22, "toA": 22, "fromB": 22, "toB": 23, "inserted": ["="]}}
{"dateTime": "2025-08-26T20:03:58.563Z", "eventType": "input.type", "fullPath": "/main.py", "details": {"fromA": 23, "toA": 23, "fromB": 23, "toB": 24, "inserted": [" "]}}
{"dateTime": "2025-08-26T20:04:30.035Z", "eventType": "input.type", "fullPath": "/main.py", "details": {"fromA": 24, "toA": 24, "fromB": 24, "toB": 25, "inserted": ["f"]}}
{"dateTime": "2025-08-26T20:04:30.207Z", "eventType": "input.type", "fullPath": "/main.py", "details": {"fromA": 25, "toA": 25, "fromB": 25, "toB": 26, "inserted": ["l"]}}
{"dateTime": "2025-08-26T20:04:30.390Z", "eventType": "input.type", "fullPath": "/main.py", "details": {"fromA": 26, "toA": 26, "fromB": 26, "toB": 27, "inserted": ["o"]}}
{"dateTime": "2025-08-26T20:04:30.724Z", "eventType": "input.type", "fullPath": "/main.py", "details": {"fromA": 27, "toA": 27, "fromB": 27, "toB": 28, "inserted": ["a"]}}
{"dateTime": "2025-08-26T20:04:30.837Z", "eventType": "input.type", "fullPath": "/main.py", "details": {"fromA": 28, "toA": 28, "fromB": 28, "toB": 29, "inserted": ["t"]}}
{"dateTime": "2025-08-26T20:04:33.860Z", "eventType": "input.type", "fullPath": "/main.py", "details": {"fromA": 29, "toA": 29, "fromB": 29, "toB": 31, "inserted": ["()"]}}
{"dateTime": "2025-08-26T20:04:34.644Z", "eventType": "input.type", "fullPath": "/main.py", "details": {"fromA": 30, "toA": 30, "fromB": 30, "toB": 31, "inserted": ["i"]}}
{"dateTime": "2025-08-26T20:04:34.854Z", "eventType": "input.type", "fullPath": "/main.py", "details": {"fromA": 31, "toA": 31, "fromB": 31, "toB": 32, "inserted": ["n"]}}
{"dateTime": "2025-08-26T20:04:35.173Z", "eventType": "input.type", "fullPath": "/main.py", "details": {"fromA": 32, "toA": 32, "fromB": 32, "toB": 33, "inserted": ["p"]}}
{"dateTime": "2025-08-26T20:04:35.461Z", "eventType": "input.type", "fullPath": "/main.py", "details": {"fromA": 33, "toA": 33, "fromB": 33, "toB": 34, "inserted": ["u"]}}
{"dateTime": "2025-08-26T20:04:35.876Z", "eventType": "input.type", "fullPath": "/main.py", "details": {"fromA": 34, "toA": 34, "fromB": 34, "toB": 36, "inserted": ["()"]}}
{"dateTime": "2025-08-26T20:04:37.956Z", "eventType": "input.type", "fullPath": "/main.py", "details": {"fromA": 35, "toA": 35, "fromB": 35, "toB": 37, "inserted": ["\"\""]}}
{"dateTime": "2025-08-26T20:04:38.803Z", "eventType": "input.type", "fullPath": "/main.py", "details": {"fromA": 36, "toA": 36, "fromB": 36, "toB": 37, "inserted": ["I"]}}
{"dateTime": "2025-08-26T20:04:39.124Z", "eventType": "input.type", "fullPath": "/main.py", "details": {"fromA": 37, "toA": 37, "fromB": 37, "toB": 38, "inserted": ["n"]}}
{"dateTime": "2025-08-26T20:04:39.315Z", "eventType": "input.type", "fullPath": "/main.py", "details": {"fromA": 38, "toA": 38, "fromB": 38, "toB": 39, "inserted": ["s"]}}
{"dateTime": "2025-08-26T20:04:39.491Z", "eventType": "input.type", "fullPath": "/main.py", "details": {"fromA": 39, "toA": 39, "fromB": 39, "toB": 40, "inserted": ["i"]}}
{"dateTime": "2025-08-26T20:04:39.795Z", "eventType": "input.type", "fullPath": "/main.py", "details": {"fromA": 40, "toA": 40, "fromB": 40, "toB": 41, "inserted": ["r"]}}
{"dateTime": "2025-08-26T20:04:39.939Z", "eventType": "input.type", "fullPath": "/main.py", "details": {"fromA": 41, "toA": 41, "fromB": 41, "toB": 42, "inserted": ["a"]}}
{"dateTime": "2025-08-26T20:04:40.100Z", "eventType": "input.type", "fullPath": "/main.py", "details": {"fromA": 42, "toA": 42, "fromB": 42, "toB": 43, "inserted": [" "]}}
{"dateTime": "2025-08-26T20:04:40.355Z", "eventType": "input.type", "fullPath": "/main.py", "details": {"fromA": 43, "toA": 43, "fromB": 43, "toB": 44, "inserted": ["o"]}}
{"dateTime": "2025-08-26T20:04:40.563Z", "eventType": "input.type", "fullPath": "/main.py", "details": {"fromA": 44, "toA": 44, "fromB": 44, "toB": 45, "inserted": [" "]}}
{"dateTime": "2025-08-26T20:04:40.772Z", "eventType": "input.type", "fullPath": "/main.py", "details": {"fromA": 45, "toA": 45, "fromB": 45, "toB": 46, "inserted": ["c"]}}
{"dateTime": "2025-08-26T20:04:40.879Z", "eventType": "input.type", "fullPath": "/main.py", "details": {"fromA": 46, "toA": 46, "fromB": 46, "toB": 47, "inserted": ["o"]}}
{"dateTime": "2025-08-26T20:04:41.075Z", "eventType": "input.type", "fullPath": "/main.py", "details": {"fromA": 47, "toA": 47, "fromB": 47, "toB": 48, "inserted": ["m"]}}
{"dateTime": "2025-08-26T20:04:41.364Z", "eventType": "input.type", "fullPath": "/main.py", "details": {"fromA": 48, "toA": 48, "fromB": 48, "toB": 49, "inserted": ["p"]}}
{"dateTime": "2025-08-26T20:04:41.539Z", "eventType": "input.type", "fullPath": "/main.py", "details": {"fromA": 49, "toA": 49, "fromB": 49, "toB": 50, "inserted": ["r"]}}
{"dateTime": "2025-08-26T20:04:41.716Z", "eventType": "input.type", "fullPath": "/main.py", "details": {"fromA": 50, "toA": 50, "fromB": 50, "toB": 51, "inserted": ["i"]}}
{"dateTime": "2025-08-26T20:04:41.955Z", "eventType": "input.type", "fullPath": "/main.py", "details": {"fromA": 51, "toA": 51, "fromB": 51, "toB": 52, "inserted": ["m"]}}
{"dateTime": "2025-08-26T20:04:42.083Z", "eventType": "input.type", "fullPath": "/main.py", "details": {"fromA": 52, "toA": 52, "fromB": 52, "toB": 53, "inserted": ["e"]}}
{"dateTime": "2025-08-26T20:04:42.195Z", "eventType": "input.type", "fullPath": "/main.py", "details": {"fromA": 53, "toA": 53, "fromB": 53, "toB": 54, "inserted": ["n"]}}
{"dateTime": "2025-08-26T20:04:42.500Z", "eventType": "input.type", "fullPath": "/main.py", "details": {"fromA": 54, "toA": 54, "fromB": 54, "toB": 55, "inserted": ["t"]}}
{"dateTime": "2025-08-26T20:04:42.607Z", "eventType": "input.type", "fullPath": "/main.py", "details": {"fromA": 55, "toA": 55, "fromB": 55, "toB": 56, "inserted": ["o"]}}
{"dateTime": "2025-08-26T20:04:42.835Z", "eventType": "input.type", "fullPath": "/main.py", "details": {"fromA": 56, "toA": 56, "fromB": 56, "toB": 57, "inserted": [" "]}}
{"dateTime": "2025-08-26T20:04:43.043Z", "eventType": "input.type", "fullPath": "/main.py", "details": {"fromA": 57, "toA": 57, "fromB": 57, "toB": 58, "inserted": ["d"]}}
{"dateTime": "2025-08-26T20:04:43.219Z", "eventType": "input.type", "fullPath": "/main.py", "details": {"fromA": 58, "toA": 58, "fromB": 58, "toB": 59, "inserted": ["o"]}}
{"dateTime": "2025-08-26T20:04:43.396Z", "eventType": "input.type", "fullPath": "/main.py", "details": {"fromA": 59, "toA": 59, "fromB": 59, "toB": 60, "inserted": [" "]}}
{"dateTime": "2025-08-26T20:04:43.619Z", "eventType": "input.type", "fullPath": "/main.py", "details": {"fromA": 60, "toA": 60, "fromB": 60, "toB": 61, "inserted": ["l"]}}
{"dateTime": "2025-08-26T20:04:43.780Z", "eventType": "input.type", "fullPath": "/main.py", "details": {"fromA": 61, "toA": 61, "fromB": 61, "toB": 62, "inserted": ["a"]}}
{"dateTime": "2025-08-26T20:04:43.951Z", "eventType": "input.type", "fullPath": "/main.py", "details": {"fromA": 62, "toA": 62, "fromB": 62, "toB": 63, "inserted": ["d"]}}
{"dateTime": "2025-08-26T20:04:44.099Z", "eventType": "input.type", "fullPath": "/main.py", "details": {"fromA": 63, "toA": 63, "fromB": 63, "toB": 64, "inserted": ["o"]}}
{"dateTime": "2025-08-26T20:04:46.755Z", "eventType": "input.type", "fullPath": "/main.py", "details": {"fromA": 64, "toA": 64, "fromB": 64, "toB": 65, "inserted": [":"]}}
{"dateTime": "2025-08-26T20:04:48.172Z", "eventType": "select.pointer", "fullPath": "/main.py", "details": {"selection": {"from": 68, "to": 68}}}
{"dateTime": "2025-08-26T20:04:48.980Z", "eventType": "input", "fullPath": "/main.py", "details": {"fromA": 68, "toA": 68, "fromB": 68, "toB": 69, "inserted": ["", ""]}}
{"dateTime": "2025-08-26T20:04:54.644Z", "eventType": "input.type", "fullPath": "/main.py", "details": {"fromA": 69, "toA": 69, "fromB": 69, "toB": 70, "inserted": ["A"]}}
{"dateTime": "2025-08-26T20:04:57.892Z", "eventType": "input.type", "fullPath": "/main.py", "details": {"fromA": 70, "toA": 70, "fromB": 70, "toB": 71, "inserted": [" "]}}
{"dateTime": "2025-08-26T20:04:59.076Z", "eventType": "input.type", "fullPath": "/main.py", "details": {"fromA": 71, "toA": 71, "fromB": 71, "toB": 72, "inserted": ["+"]}}
{"dateTime": "2025-08-26T20:04:59.954Z", "eventType": "delete.backward", "fullPath": "/main.py", "details": {"fromA": 71, "toA": 72, "fromB": 71, "toB": 71, "inserted": [""]}}
{"dateTime": "2025-08-26T20:05:00.435Z", "eventType": "input.type", "fullPath": "/main.py", "details": {"fromA": 71, "toA": 71, "fromB": 71, "toB": 72, "inserted": ["="]}}
{"dateTime": "2025-08-26T20:05:03.315Z", "eventType": "input.type", "fullPath": "/main.py", "details": {"fromA": 72, "toA": 72, "fromB": 72, "toB": 73, "inserted": [" "]}}
{"dateTime": "2025-08-26T20:05:03.620Z", "eventType": "input.type", "fullPath": "/main.py", "details": {"fromA": 73, "toA": 73, "fromB": 73, "toB": 74, "inserted": ["a"]}}
{"dateTime": "2025-08-26T20:05:03.746Z", "eventType": "input.type", "fullPath": "/main.py", "details": {"fromA": 74, "toA": 74, "fromB": 74, "toB": 75, "inserted": ["p"]}}
{"dateTime": "2025-08-26T20:05:03.910Z", "eventType": "input.type", "fullPath": "/main.py", "details": {"fromA": 75, "toA": 75, "fromB": 75, "toB": 76, "inserted": ["o"]}}
{"dateTime": "2025-08-26T20:05:04.227Z", "eventType": "input.type", "fullPath": "/main.py", "details": {"fromA": 76, "toA": 76, "fromB": 76, "toB": 77, "inserted": ["t"]}}
{"dateTime": "2025-08-26T20:05:04.341Z", "eventType": "input.type", "fullPath": "/main.py", "details": {"fromA": 77, "toA": 77, "fromB": 77, "toB": 78, "inserted": ["e"]}}
{"dateTime": "2025-08-26T20:05:04.596Z", "eventType": "input.type", "fullPath": "/main.py", "details": {"fromA": 78, "toA": 78, "fromB": 78, "toB": 79, "inserted": [","]}}
{"dateTime": "2025-08-26T20:05:05.155Z", "eventType": "delete.backward", "fullPath": "/main.py", "details": {"fromA": 78, "toA": 79, "fromB": 78, "toB": 78, "inserted": [""]}}
{"dateTime": "2025-08-26T20:05:05.522Z", "eventType": "input.type", "fullPath": "/main.py", "details": {"fromA": 78, "toA": 78, "fromB": 78, "toB": 79, "inserted": ["m"]}}
{"dateTime": "2025-08-26T20:05:05.631Z", "eventType": "input.type", "fullPath": "/main.py", "details": {"fromA": 79, "toA": 79, "fromB": 79, "toB": 80, "inserted": ["a"]}}
{"dateTime": "2025-08-26T20:05:05.732Z", "eventType": "input.type", "fullPath": "/main.py", "details": {"fromA": 80, "toA": 80, "fromB": 80, "toB": 81, "inserted": [" "]}}
{"dateTime": "2025-08-26T20:05:15.780Z", "eventType": "select.pointer", "fullPath": "/main.py", "details": {"selection": {"from": 73, "to": 73}}}
{"dateTime": "2025-08-26T20:05:17.572Z", "eventType": "input.type", "fullPath": "/main.py", "details": {"fromA": 73, "toA": 73, "fromB": 73, "toB": 74, "inserted": ["("]}}
{"dateTime": "2025-08-26T20:05:18.972Z", "eventType": "select.pointer", "fullPath": "/main.py", "details": {"selection": {"from": 82, "to": 82}}}
{"dateTime": "2025-08-26T20:05:20.452Z", "eventType": "input.type", "fullPath": "/main.py", "details": {"fromA": 82, "toA": 82, "fromB": 82, "toB": 83, "inserted": ["="]}}
{"dateTime": "2025-08-26T20:05:22.640Z", "eventType": "input.type", "fullPath": "/main.py", "details": {"fromA": 83, "toA": 83, "fromB": 83, "toB": 84, "inserted": [" "]}}
{"dateTime": "2025-08-26T20:05:24.068Z", "eventType": "input.type", "fullPath": "/main.py", "details": {"fromA": 84, "toA": 84, "fromB": 84, "toB": 85, "inserted": ["C"]}}
{"dateTime": "2025-08-26T20:05:24.223Z", "eventType": "input.type", "fullPath": "/main.py", "details": {"fromA": 85, "toA": 85, "fromB": 85, "toB": 86, "inserted": ["l"]}}
{"dateTime": "2025-08-26T20:05:25.092Z", "eventType": "input.type", "fullPath": "/main.py", "details": {"fromA": 86, "toA": 86, "fromB": 86, "toB": 87, "inserted": ["/"]}}
{"dateTime": "2025-08-26T20:05:27.268Z", "eventType": "input.type", "fullPath": "/main.py", "details": {"fromA": 87, "toA": 87, "fromB": 87, "toB": 88, "inserted": ["2"]}}
{"dateTime": "2025-08-26T20:05:28.100Z", "eventType": "input.type", "fullPath": "/main.py", "details": {"fromA": 88, "toA": 88, "fromB": 88, "toB": 89, "inserted": ["*"]}}
{"dateTime": "2025-08-26T20:05:28.500Z", "eventType": "input.type", "fullPath": "/main.py", "details": {"fromA": 89, "toA": 89, "fromB": 89, "toB": 90, "inserted": ["t"]}}
{"dateTime": "2025-08-26T20:05:28.696Z", "eventType": "input.type", "fullPath": "/main.py", "details": {"fromA": 90, "toA": 90, "fromB": 90, "toB": 91, "inserted": ["a"]}}
{"dateTime": "2025-08-26T20:05:28.890Z", "eventType": "input.type", "fullPath": "/main.py", "details": {"fromA": 91, "toA": 91, "fromB": 91, "toB": 92, "inserted": ["n"]}}
{"dateTime": "2025-08-26T20:05:33.508Z", "eventType": "input.type", "fullPath": "/main.py", "details": {"fromA": 92, "toA": 92, "fromB": 92, "toB": 93, "inserted": ["*"]}}
{"dateTime": "2025-08-26T20:05:34.260Z", "eventType": "input.type", "fullPath": "/main.py", "details": {"fromA": 93, "toA": 93, "fromB": 93, "toB": 95, "inserted": ["()"]}}
{"dateTime": "2025-08-26T20:05:36.516Z", "eventType": "input.type", "fullPath": "/main.py", "details": {"fromA": 94, "toA": 94, "fromB": 94, "toB": 95, "inserted": ["p"]}}
{"dateTime": "2025-08-26T20:05:36.806Z", "eventType": "input.type", "fullPath": "/main.py", "details": {"fromA": 95, "toA": 95, "fromB": 95, "toB": 96, "inserted": ["i"]}}
{"dateTime": "2025-08-26T20:05:37.685Z", "eventType": "input.type", "fullPath": "/main.py", "details": {"fromA": 96, "toA": 96, "fromB": 96, "toB": 97, "inserted": ["/"]}}
{"dateTime": "2025-08-26T20:05:38.228Z", "eventType": "input.type", "fullPath": "/main.py", "details": {"fromA": 97, "toA": 97, "fromB": 97, "toB": 98, "inserted": ["5"]}}
{"dateTime": "2025-08-26T20:05:38.739Z", "eventType": "input.type", "fullPath": "/main.py", "details": {"fromA": 98, "toA": 99, "fromB": 98, "toB": 99, "inserted": [")"]}}
{"dateTime": "2025-08-26T20:05:40.230Z", "eventType": "input", "fullPath": "/main.py", "details": {"fromA": 99, "toA": 99, "fromB": 99, "toB": 100, "inserted": ["", ""]}}
{"dateTime": "2025-08-26T20:05:43.684Z", "eventType": "input.type", "fullPath": "/main.py", "details": {"fromA": 100, "toA": 100, "fromB": 100, "toB": 101, "inserted": ["p"]}}
{"dateTime": "2025-08-26T20:05:43.846Z", "eventType": "input.type", "fullPath": "/main.py", "details": {"fromA": 101, "toA": 101, "fromB": 101, "toB": 102, "inserted": ["r"]}}
{"dateTime": "2025-08-26T20:05:43.959Z", "eventType": "input.type", "fullPath": "/main.py", "details": {"fromA": 102, "toA": 102, "fromB": 102, "toB": 103, "inserted": ["i"]}}
{"dateTime": "2025-08-26T20:05:44.200Z", "eventType": "input.type", "fullPath": "/main.py", "details": {"fromA": 103, "toA": 103, "fromB": 103, "toB": 104, "inserted": ["n"]}}
{"dateTime": "2025-08-26T20:05:44.436Z", "eventType": "input.type", "fullPath": "/main.py", "details": {"fromA": 104, "toA": 104, "fromB": 104, "toB": 105, "inserted": ["t"]}}
{"dateTime": "2025-08-26T20:05:47.013Z", "eventType": "input.type", "fullPath": "/main.py", "details": {"fromA": 105, "toA": 105, "fromB": 105, "toB": 107, "inserted": ["()"]}}
{"dateTime": "2025-08-26T20:05:48.532Z", "eventType": "input.type", "fullPath": "/main.py", "details": {"fromA": 106, "toA": 106, "fromB": 106, "toB": 107, "inserted": ["r"]}}
{"dateTime": "2025-08-26T20:05:48.645Z", "eventType": "input.type", "fullPath": "/main.py", "details": {"fromA": 107, "toA": 107, "fromB": 107, "toB": 108, "inserted": ["o"]}}
{"dateTime": "2025-08-26T20:05:48.839Z", "eventType": "input.type", "fullPath": "/main.py", "details": {"fromA": 108, "toA": 108, "fromB": 108, "toB": 109, "inserted": ["u"]}}
{"dateTime": "2025-08-26T20:05:49.046Z", "eventType": "input.type", "fullPath": "/main.py", "details": {"fromA": 109, "toA": 109, "fromB": 109, "toB": 110, "inserted": ["n"]}}
{"dateTime": "2025-08-26T20:05:49.173Z", "eventType": "input.type", "fullPath": "/main.py", "details": {"fromA": 110, "toA": 110, "fromB": 110, "toB": 111, "inserted": ["d"]}}
{"dateTime": "2025-08-26T20:05:49.684Z", "eventType": "input.type", "fullPath": "/main.py", "details": {"fromA": 111, "toA": 111, "fromB": 111, "toB": 113, "inserted": ["()"]}}
{"dateTime": "2025-08-26T20:05:51.908Z", "eventType": "input.type", "fullPath": "/main.py", "details": {"fromA": 112, "toA": 112, "fromB": 112, "toB": 113, "inserted": ["A"]}}
{"dateTime": "2025-08-26T20:05:52.900Z", "eventType": "input.type", "fullPath": "/main.py", "details": {"fromA": 113, "toA": 113, "fromB": 113, "toB": 114, "inserted": [","]}}
{"dateTime": "2025-08-26T20:05:54.916Z", "eventType": "input.type", "fullPath": "/main.py", "details": {"fromA": 114, "toA": 114, "fromB": 114, "toB": 115, "inserted": ["2"]}}
{"dateTime": "2025-08-26T20:05:56.899Z", "eventType": "input.type", "fullPath": "/main.py", "details": {"fromA": 115, "toA": 116, "fromB": 115, "toB": 116, "inserted": [")"]}}
{"dateTime": "2025-08-26T20:05:58.615Z", "eventType": "blur", "fullPath": "/main.py"}
{"dateTime": "2025-08-26T20:05:58.981Z", "eventType": "submission", "details": {"correctness": 0, "commit": "0e74fe06f3e3e5c430db944f397f07c8235fd565", "executionTime": 0}}
{"dateTime": "2025-08-26T20:06:02.042Z", "eventType": "submission", "details": {"correctness": 0, "commit": "0e74fe06f3e3e5c430db944f397f07c8235fd565", "executionTime": 0}}
{"dateTime": "2025-08-26T20:06:03.823Z", "eventType": "focus", "fullPath": "/main.py"}
{"dateTime": "2025-08-26T20:06:03.824Z", "eventType": "select.pointer", "fullPath": "/main.py", "details": {"selection": {"from": 99, "to": 99}}}
{"dateTime": "2025-08-26T20:06:10.612Z", "eventType": "select.pointer", "fullPath": "/main.py", "details": {"selection": {"from": 87, "to": 87}}}
{"dateTime": "2025-08-26T20:06:11.988Z", "eventType": "input.type", "fullPath": "/main.py", "details": {"fromA": 87, "toA": 87, "fromB": 87, "toB": 88, "inserted": ["("]}}
{"dateTime": "2025-08-26T20:06:13.325Z", "eventType": "select.pointer", "fullPath": "/main.py", "details": {"selection": {"from": 100, "to": 100}}}
{"dateTime": "2025-08-26T20:06:14.132Z", "eventType": "input.type", "fullPath": "/main.py", "details": {"fromA": 100, "toA": 100, "fromB": 100, "toB": 101, "inserted": [")"]}}
{"dateTime": "2025-08-26T20:06:15.528Z", "eventType": "blur", "fullPath": "/main.py"}
{"dateTime": "2025-08-26T20:06:15.900Z", "eventType": "submission", "details": {"correctness": 0, "commit": "19c229d4e59fd9cfdee6c67b271aa4ba019aef91", "executionTime": 0}}
{"dateTime": "2025-08-26T20:06:16.872Z", "eventType": "submission", "details": {"correctness": 0, "commit": "19c229d4e59fd9cfdee6c67b271aa4ba019aef91", "executionTime": 0}}
{"dateTime": "2025-08-26T20:06:17.509Z", "eventType": "submission", "details": {"correctness": 0, "commit": "19c229d4e59fd9cfdee6c67b271aa4ba019aef91", "executionTime": 0}}
{"dateTime": "2025-08-26T20:06:18.818Z", "eventType": "submission", "details": {"correctness": 0, "commit": "19c229d4e59fd9cfdee6c67b271aa4ba019aef91", "executionTime": 0}}
{"dateTime": "2025-08-26T20:06:41.587Z", "eventType": "focus", "fullPath": "/main.py"}
{"dateTime": "2025-08-26T20:06:41.589Z", "eventType": "select.pointer", "fullPath": "/main.py", "details": {"selection": {"from": 94, "to": 94}}}
{"dateTime": "2025-08-26T20:06:42.607Z", "eventType": "delete.backward", "fullPath": "/main.py", "details": {"fromA": 93, "toA": 94, "fromB": 93, "toB": 93, "inserted": [""]}}
{"dateTime": "2025-08-26T20:06:43.878Z", "eventType": "blur", "fullPath": "/main.py"}
{"dateTime": "2025-08-26T20:06:44.273Z", "eventType": "submission", "details": {"correctness": 0, "commit": "d9493a07902cc6ed421f694d65b736a97cc37f26", "executionTime": 0}}
{"dateTime": "2025-08-26T20:06:45.128Z", "eventType": "submission", "details": {"correctness": 0, "commit": "d9493a07902cc6ed421f694d65b736a97cc37f26", "executionTime": 0}}
{"dateTime": "2025-08-26T20:06:45.786Z", "eventType": "run", "details": {"commit": "d9493a07902cc6ed421f694d65b736a97cc37f26"}}
{"dateTime": "2025-08-26T20:06:47.317Z", "eventType": "submission", "details": {"correctness": 0, "commit": "d9493a07902cc6ed421f694d65b736a97cc37f26", "executionTime": 0}}
{"dateTime": "2025-08-26T20:07:14.682Z", "eventType": "submission", "details": {"correctness": 0, "commit": "d9493a07902cc6ed421f694d65b736a97cc37f26", "executionTime": 0}}
{"dateTime": "2025-08-26T20:07:41.100Z", "eventType": "focus", "fullPath": "/main.py"}
{"dateTime": "2025-08-26T20:07:41.101Z", "eventType": "select.pointer", "fullPath": "/main.py", "details": {"selection": {"from": 94, "to": 94}}}
{"dateTime": "2025-08-26T20:07:42.483Z", "eventType": "select.pointer", "fullPath": "/main.py", "details": {"selection": {"from": 93, "to": 93}}}
{"dateTime": "2025-08-26T20:07:43.979Z", "eventType": "delete.backward", "fullPath": "/main.py", "details": {"fromA": 92, "toA": 93, "fromB": 92, "toB": 92, "inserted": [""]}}
{"dateTime": "2025-08-26T20:07:44.150Z", "eventType": "delete.backward", "fullPath": "/main.py", "details": {"fromA": 91, "toA": 92, "fromB": 91, "toB": 91, "inserted": [""]}}
{"dateTime": "2025-08-26T20:07:44.308Z", "eventType": "delete.backward", "fullPath": "/main.py", "details": {"fromA": 90, "toA": 91, "fromB": 90, "toB": 90, "inserted": [""]}}
{"dateTime": "2025-08-26T20:07:45.812Z", "eventType": "input.type", "fullPath": "/main.py", "details": {"fromA": 90, "toA": 90, "fromB": 90, "toB": 91, "inserted": ["t"]}}
{"dateTime": "2025-08-26T20:07:46.390Z", "eventType": "input.type", "fullPath": "/main.py", "details": {"fromA": 91, "toA": 91, "fromB": 91, "toB": 92, "inserted": ["a"]}}
{"dateTime": "2025-08-26T20:07:46.603Z", "eventType": "input.type", "fullPath": "/main.py", "details": {"fromA": 92, "toA": 92, "fromB": 92, "toB": 93, "inserted": ["n"]}}
{"dateTime": "2025-08-26T20:07:49.238Z", "eventType": "input.type", "fullPath": "/main.py", "details": {"fromA": 93, "toA": 93, "fromB": 93, "toB": 94, "inserted": ["g"]}}
{"dateTime": "2025-08-26T20:07:49.362Z", "eventType": "input.type", "fullPath": "/main.py", "details": {"fromA": 94, "toA": 94, "fromB": 94, "toB": 95, "inserted": ["e"]}}
{"dateTime": "2025-08-26T20:07:49.479Z", "eventType": "input.type", "fullPath": "/main.py", "details": {"fromA": 95, "toA": 95, "fromB": 95, "toB": 96, "inserted": ["n"]}}
{"dateTime": "2025-08-26T20:07:50.418Z", "eventType": "delete.backward", "fullPath": "/main.py", "details": {"fromA": 95, "toA": 96, "fromB": 95, "toB": 95, "inserted": [""]}}
{"dateTime": "2025-08-26T20:07:50.564Z", "eventType": "delete.backward", "fullPath": "/main.py", "details": {"fromA": 94, "toA": 95, "fromB": 94, "toB": 94, "inserted": [""]}}
{"dateTime": "2025-08-26T20:07:50.758Z", "eventType": "delete.backward", "fullPath": "/main.py", "details": {"fromA": 93, "toA": 94, "fromB": 93, "toB": 93, "inserted": [""]}}
{"dateTime": "2025-08-26T20:07:50.981Z", "eventType": "delete.backward", "fullPath": "/main.py", "details": {"fromA": 92, "toA": 93, "fromB": 92, "toB": 92, "inserted": [""]}}
{"dateTime": "2025-08-26T20:07:51.364Z", "eventType": "delete.backward", "fullPath": "/main.py", "details": {"fromA": 91, "toA": 92, "fromB": 91, "toB": 91, "inserted": [""]}}
{"dateTime": "2025-08-26T20:07:51.703Z", "eventType": "input.type", "fullPath": "/main.py", "details": {"fromA": 91, "toA": 91, "fromB": 91, "toB": 92, "inserted": ["g"]}}
{"dateTime": "2025-08-26T20:07:52.196Z", "eventType": "delete.backward", "fullPath": "/main.py", "details": {"fromA": 91, "toA": 92, "fromB": 91, "toB": 91, "inserted": [""]}}
{"dateTime": "2025-08-26T20:07:52.820Z", "eventType": "input.type", "fullPath": "/main.py", "details": {"fromA": 91, "toA": 91, "fromB": 91, "toB": 92, "inserted": ["a"]}}
{"dateTime": "2025-08-26T20:07:52.895Z", "eventType": "input.type", "fullPath": "/main.py", "details": {"fromA": 92, "toA": 92, "fromB": 92, "toB": 93, "inserted": ["n"]}}
{"dateTime": "2025-08-26T20:07:55.511Z", "eventType": "blur", "fullPath": "/main.py"}
{"dateTime": "2025-08-26T20:07:55.918Z", "eventType": "submission", "details": {"correctness": 0, "commit": "d9493a07902cc6ed421f694d65b736a97cc37f26", "executionTime": 0}}
{"dateTime": "2025-08-26T20:07:56.951Z", "eventType": "submission", "details": {"correctness": 0, "commit": "d9493a07902cc6ed421f694d65b736a97cc37f26", "executionTime": 0}}
{"dateTime": "2025-08-26T20:07:58.716Z", "eventType": "submission", "details": {"correctness": 0, "commit": "d9493a07902cc6ed421f694d65b736a97cc37f26", "executionTime": 0}}
{"dateTime": "2025-08-26T20:08:00.501Z", "eventType": "submission", "details": {"correctness": 0, "commit": "d9493a07902cc6ed421f694d65b736a97cc37f26", "executionTime": 0}}
{"dateTime": "2025-08-26T20:08:13.075Z", "eventType": "focus", "fullPath": "/main.py"}
{"dateTime": "2025-08-26T20:08:13.077Z", "eventType": "select.pointer", "fullPath": "/main.py", "details": {"selection": {"from": 34, "to": 34}}}
{"dateTime": "2025-08-26T20:08:13.858Z", "eventType": "input.type", "fullPath": "/main.py", "details": {"fromA": 34, "toA": 34, "fromB": 34, "toB": 35, "inserted": ["t"]}}
{"dateTime": "2025-08-26T20:08:14.462Z", "eventType": "blur", "fullPath": "/main.py"}
{"dateTime": "2025-08-26T20:08:14.835Z", "eventType": "submission", "details": {"correctness": 0, "commit": "f8c5fc03fc16d4ebbe0255f9152cea5ef5130ad4", "executionTime": 0}}
{"dateTime": "2025-08-26T20:08:15.767Z", "eventType": "submission", "details": {"correctness": 0, "commit": "f8c5fc03fc16d4ebbe0255f9152cea5ef5130ad4", "executionTime": 0}}
{"dateTime": "2025-08-26T20:08:16.479Z", "eventType": "submission", "details": {"correctness": 0, "commit": "f8c5fc03fc16d4ebbe0255f9152cea5ef5130ad4", "executionTime": 0}}
{"dateTime": "2025-08-26T20:09:14.456Z", "eventType": "focus", "fullPath": "/main.py"}
{"dateTime": "2025-08-26T20:09:14.458Z", "eventType": "select.pointer", "fullPath": "/main.py", "details": {"selection": {"from": 82, "to": 82}}}
{"dateTime": "2025-08-26T20:09:15.585Z", "eventType": "delete.backward", "fullPath": "/main.py", "details": {"fromA": 81, "toA": 82, "fromB": 81, "toB": 81, "inserted": [""]}}
{"dateTime": "2025-08-26T20:09:15.729Z", "eventType": "delete.backward", "fullPath": "/main.py", "details": {"fromA": 80, "toA": 81, "fromB": 80, "toB": 80, "inserted": [""]}}
{"dateTime": "2025-08-26T20:09:15.889Z", "eventType": "delete.backward", "fullPath": "/main.py", "details": {"fromA": 79, "toA": 80, "fromB": 79, "toB": 79, "inserted": [""]}}
{"dateTime": "2025-08-26T20:09:16.033Z", "eventType": "delete.backward", "fullPath": "/main.py", "details": {"fromA": 78, "toA": 79, "fromB": 78, "toB": 78, "inserted": [""]}}
{"dateTime": "2025-08-26T20:09:16.193Z", "eventType": "delete.backward", "fullPath": "/main.py", "details": {"fromA": 77, "toA": 78, "fromB": 77, "toB": 77, "inserted": [""]}}
{"dateTime": "2025-08-26T20:09:16.351Z", "eventType": "delete.backward", "fullPath": "/main.py", "details": {"fromA": 76, "toA": 77, "fromB": 76, "toB": 76, "inserted": [""]}}
{"dateTime": "2025-08-26T20:09:16.495Z", "eventType": "delete.backward", "fullPath": "/main.py", "details": {"fromA": 75, "toA": 76, "fromB": 75, "toB": 75, "inserted": [""]}}
{"dateTime": "2025-08-26T20:09:17.662Z", "eventType": "input.type", "fullPath": "/main.py", "details": {"fromA": 75, "toA": 75, "fromB": 75, "toB": 76, "inserted": ["A"]}}
{"dateTime": "2025-08-26T20:09:42.557Z", "eventType": "delete.backward", "fullPath": "/main.py", "details": {"fromA": 75, "toA": 76, "fromB": 75, "toB": 75, "inserted": [""]}}
{"dateTime": "2025-08-26T20:09:42.699Z", "eventType": "delete.backward", "fullPath": "/main.py", "details": {"fromA": 74, "toA": 75, "fromB": 74, "toB": 74, "inserted": [""]}}
{"dateTime": "2025-08-26T20:09:45.278Z", "eventType": "select.pointer", "fullPath": "/main.py", "details": {"selection": {"from": 76, "to": 76}}}
{"dateTime": "2025-08-26T20:09:45.763Z", "eventType": "delete.backward", "fullPath": "/main.py", "details": {"fromA": 75, "toA": 76, "fromB": 75, "toB": 75, "inserted": [""]}}
{"dateTime": "2025-08-26T20:09:46.544Z", "eventType": "select.pointer", "fullPath": "/main.py", "details": {"selection": {"from": 92, "to": 92}}}
{"dateTime": "2025-08-26T20:09:49.054Z", "eventType": "delete.backward", "fullPath": "/main.py", "details": {"fromA": 91, "toA": 92, "fromB": 91, "toB": 91, "inserted": [""]}}
{"dateTime": "2025-08-26T20:09:50.031Z", "eventType": "input.type", "fullPath": "/main.py", "details": {"fromA": 91, "toA": 91, "fromB": 91, "toB": 92, "inserted": ["/"]}}
{"dateTime": "2025-08-26T20:09:50.431Z", "eventType": "input.type", "fullPath": "/main.py", "details": {"fromA": 92, "toA": 92, "fromB": 92, "toB": 93, "inserted": ["2"]}}
{"dateTime": "2025-08-26T20:09:51.774Z", "eventType": "blur", "fullPath": "/main.py"}
{"dateTime": "2025-08-26T20:09:52.145Z", "eventType": "submission", "details": {"correctness": 0, "commit": "f0ec6e6d001fa9c9fe836bbf39973f9f9e1099eb", "executionTime": 0}}
{"dateTime": "2025-08-26T20:09:52.849Z", "eventType": "submission", "details": {"correctness": 0, "commit": "f0ec6e6d001fa9c9fe836bbf39973f9f9e1099eb", "executionTime": 0}}
{"dateTime": "2025-08-26T20:09:54.038Z", "eventType": "focus", "fullPath": "/main.py"}
{"dateTime": "2025-08-26T20:09:54.041Z", "eventType": "select.pointer", "fullPath": "/main.py", "details": {"selection": {"from": 78, "to": 78}}}
{"dateTime": "2025-08-26T20:09:57.750Z", "eventType": "select.pointer", "fullPath": "/main.py", "details": {"selection": {"from": 76, "to": 76}}}
{"dateTime": "2025-08-26T20:10:01.359Z", "eventType": "input.type", "fullPath": "/main.py", "details": {"fromA": 76, "toA": 76, "fromB": 76, "toB": 77, "inserted": ["("]}}
{"dateTime": "2025-08-26T20:10:02.792Z", "eventType": "select.pointer", "fullPath": "/main.py", "details": {"selection": {"from": 79, "to": 79}}}
{"dateTime": "2025-08-26T20:10:05.258Z", "eventType": "input.type", "fullPath": "/main.py", "details": {"fromA": 79, "toA": 79, "fromB": 79, "toB": 80, "inserted": [" "]}}
{"dateTime": "2025-08-26T20:10:05.983Z", "eventType": "input.type", "fullPath": "/main.py", "details": {"fromA": 80, "toA": 80, "fromB": 80, "toB": 81, "inserted": ["*"]}}
{"dateTime": "2025-08-26T20:10:06.303Z", "eventType": "input.type", "fullPath": "/main.py", "details": {"fromA": 81, "toA": 81, "fromB": 81, "toB": 82, "inserted": [" "]}}
{"dateTime": "2025-08-26T20:10:07.567Z", "eventType": "input.type", "fullPath": "/main.py", "details": {"fromA": 82, "toA": 82, "fromB": 82, "toB": 83, "inserted": ["C"]}}
{"dateTime": "2025-08-26T20:10:07.722Z", "eventType": "input.type", "fullPath": "/main.py", "details": {"fromA": 83, "toA": 83, "fromB": 83, "toB": 84, "inserted": ["L"]}}
{"dateTime": "2025-08-26T20:10:09.023Z", "eventType": "blur", "fullPath": "/main.py"}
{"dateTime": "2025-08-26T20:10:09.376Z", "eventType": "submission", "details": {"correctness": 0, "commit": "2393d73551d17275d3e7511507ab2dfb4c23c127", "executionTime": 0}}
{"dateTime": "2025-08-26T20:10:10.345Z", "eventType": "submission", "details": {"correctness": 0, "commit": "2393d73551d17275d3e7511507ab2dfb4c23c127", "executionTime": 0}}
{"dateTime": "2025-08-26T20:10:14.548Z", "eventType": "focus", "fullPath": "/main.py"}
{"dateTime": "2025-08-26T20:10:14.555Z", "eventType": "select.pointer", "fullPath": "/main.py", "details": {"selection": {"from": 86, "to": 86}}}
{"dateTime": "2025-08-26T20:10:16.473Z", "eventType": "delete.backward", "fullPath": "/main.py", "details": {"fromA": 85, "toA": 86, "fromB": 85, "toB": 85, "inserted": [""]}}
{"dateTime": "2025-08-26T20:10:17.306Z", "eventType": "blur", "fullPath": "/main.py"}
{"dateTime": "2025-08-26T20:10:17.640Z", "eventType": "submission", "details": {"correctness": 0, "commit": "e2810d761ac7fefe7120af0d371b3fc874430c7e", "executionTime": 0}}
{"dateTime": "2025-08-26T20:10:22.021Z", "eventType": "focus", "fullPath": "/main.py"}
{"dateTime": "2025-08-26T20:10:22.023Z", "eventType": "select.pointer", "fullPath": "/main.py", "details": {"selection": {"from": 85, "to": 85}}}
{"dateTime": "2025-08-26T20:10:23.323Z", "eventType": "input.type", "fullPath": "/main.py", "details": {"fromA": 85, "toA": 85, "fromB": 85, "toB": 86, "inserted": ["("]}}
{"dateTime": "2025-08-26T20:10:30.814Z", "eventType": "select.pointer", "fullPath": "/main.py", "details": {"selection": {"from": 98, "to": 98}}}
{"dateTime": "2025-08-26T20:10:31.902Z", "eventType": "select.pointer", "fullPath": "/main.py", "details": {"selection": {"from": 97, "to": 97}}}
{"dateTime": "2025-08-26T20:10:33.552Z", "eventType": "input.type", "fullPath": "/main.py", "details": {"fromA": 97, "toA": 97, "fromB": 97, "toB": 98, "inserted": [")"]}}
{"dateTime": "2025-08-26T20:10:34.755Z", "eventType": "blur", "fullPath": "/main.py"}
{"dateTime": "2025-08-26T20:10:35.090Z", "eventType": "submission", "details": {"correctness": 0, "commit": "2219a3428b608e267c502ea633effe0bd5662d02", "executionTime": 0}}
{"dateTime": "2025-08-26T20:10:35.969Z", "eventType": "submission", "details": {"correctness": 0, "commit": "2219a3428b608e267c502ea633effe0bd5662d02", "executionTime": 0}}
{"dateTime": "2025-08-26T20:10:38.916Z", "eventType": "focus", "fullPath": "/main.py"}
{"dateTime": "2025-08-26T20:10:38.919Z", "eventType": "select.pointer", "fullPath": "/main.py", "details": {"selection": {"from": 118, "to": 118}}}
{"dateTime": "2025-08-26T20:11:10.477Z", "eventType": "select.pointer", "fullPath": "/main.py", "details": {"selection": {"from": 97, "to": 97}}}
{"dateTime": "2025-08-26T20:11:18.415Z", "eventType": "select.pointer", "fullPath": "/main.py", "details": {"selection": {"from": 98, "to": 98}}}
{"dateTime": "2025-08-26T20:11:22.040Z", "eventType": "input.type", "fullPath": "/main.py", "details": {"fromA": 98, "toA": 98, "fromB": 98, "toB": 99, "inserted": [" "]}}
{"dateTime": "2025-08-26T20:11:26.092Z", "eventType": "input.type", "fullPath": "/main.py", "details": {"fromA": 99, "toA": 99, "fromB": 99, "toB": 100, "inserted": ["*"]}}
{"dateTime": "2025-08-26T20:11:26.397Z", "eventType": "input.type", "fullPath": "/main.py", "details": {"fromA": 100, "toA": 100, "fromB": 100, "toB": 101, "inserted": ["6"]}}
{"dateTime": "2025-08-26T20:11:27.079Z", "eventType": "delete.backward", "fullPath": "/main.py", "details": {"fromA": 100, "toA": 101, "fromB": 100, "toB": 100, "inserted": [""]}}
{"dateTime": "2025-08-26T20:11:27.228Z", "eventType": "input.type", "fullPath": "/main.py", "details": {"fromA": 100, "toA": 100, "fromB": 100, "toB": 101, "inserted": ["5"]}}
{"dateTime": "2025-08-26T20:11:28.790Z", "eventType": "blur", "fullPath": "/main.py"}
{"dateTime": "2025-08-26T20:11:29.202Z", "eventType": "submission", "details": {"correctness": 0, "commit": "cbfa414e2bba52d22d17e9840bfe801b3f23e15d", "executionTime": 0}}
{"dateTime": "2025-08-26T20:11:30.194Z", "eventType": "focus", "fullPath": "/main.py"}
{"dateTime": "2025-08-26T20:11:30.196Z", "eventType": "select.pointer", "fullPath": "/main.py", "details": {"selection": {"from": 102, "to": 102}}}
{"dateTime": "2025-08-26T20:11:30.890Z", "eventType": "select.pointer", "fullPath": "/main.py", "details": {"selection": {"from": 101, "to": 101}}}
{"dateTime": "2025-08-26T20:11:32.365Z", "eventType": "input.type", "fullPath": "/main.py", "details": {"fromA": 101, "toA": 101, "fromB": 101, "toB": 102, "inserted": [")"]}}
{"dateTime": "2025-08-26T20:11:33.704Z", "eventType": "blur", "fullPath": "/main.py"}
{"dateTime": "2025-08-26T20:11:34.095Z", "eventType": "submission", "details": {"correctness": 0, "commit": "4b895fac2261dbcf9423a80e9f47cceb0b3833e4", "executionTime": 0}}
{"dateTime": "2025-08-26T20:11:38.857Z", "eventType": "focus", "fullPath": "/main.py"}
{"dateTime": "2025-08-26T20:11:38.860Z", "eventType": "select.pointer", "fullPath": "/main.py", "details": {"selection": {"from": 83, "to": 83}}}
{"dateTime": "2025-08-26T20:11:40.586Z", "eventType": "select.pointer", "fullPath": "/main.py", "details": {"selection": {"from": 82, "to": 82}}}
{"dateTime": "2025-08-26T20:11:42.059Z", "eventType": "input.type", "fullPath": "/main.py", "details": {"fromA": 82, "toA": 82, "fromB": 82, "toB": 83, "inserted": ["("]}}
{"dateTime": "2025-08-26T20:11:43.503Z", "eventType": "blur", "fullPath": "/main.py"}
{"dateTime": "2025-08-26T20:11:43.891Z", "eventType": "submission", "details": {"correctness": 0, "commit": "11920db80ba6b32062413773f4cff1fcbbf4d576", "executionTime": 0}}
{"dateTime": "2025-08-26T20:11:44.851Z", "eventType": "submission", "details": {"correctness": 0, "commit": "11920db80ba6b32062413773f4cff1fcbbf4d576", "executionTime": 0}}
{"dateTime": "2025-08-26T20:11:45.371Z", "eventType": "submission", "details": {"correctness": 0, "commit": "11920db80ba6b32062413773f4cff1fcbbf4d576", "executionTime": 0}}
{"dateTime": "2025-08-26T20:11:58.143Z", "eventType": "submission", "details": {"correctness": 0, "commit": "11920db80ba6b32062413773f4cff1fcbbf4d576", "executionTime": 0}}
{"dateTime": "2025-08-26T20:11:59.026Z", "eventType": "submission", "details": {"correctness": 0, "commit": "11920db80ba6b32062413773f4cff1fcbbf4d576", "executionTime": 0}}
{"dateTime": "2025-08-26T20:12:00.789Z", "eventType": "focus", "fullPath": "/main.py"}
{"dateTime": "2025-08-26T20:12:00.791Z", "eventType": "select.pointer", "fullPath": "/main.py", "details": {"selection": {"from": 76, "to": 76}}}
{"dateTime": "2025-08-26T20:12:02.086Z", "eventType": "delete.backward", "fullPath": "/main.py", "details": {"fromA": 75, "toA": 76, "fromB": 75, "toB": 75, "inserted": [""]}}
{"dateTime": "2025-08-26T20:12:02.630Z", "eventType": "delete.backward", "fullPath": "/main.py", "details": {"fromA": 74, "toA": 75, "fromB": 74, "toB": 74, "inserted": [""]}}
{"dateTime": "2025-08-26T20:12:04.453Z", "eventType": "blur", "fullPath": "/main.py"}
{"dateTime": "2025-08-26T20:12:04.818Z", "eventType": "submission", "details": {"correctness": 0, "commit": "5539b8712f611b67921dac4f1467f74f2fc332ef", "executionTime": 0}}
{"dateTime": "2025-08-26T20:12:05.930Z", "eventType": "submission", "details": {"correctness": 0, "commit": "5539b8712f611b67921dac4f1467f74f2fc332ef", "executionTime": 0}}
{"dateTime": "2025-08-26T20:12:06.549Z", "eventType": "run", "details": {"commit": "5539b8712f611b67921dac4f1467f74f2fc332ef"}}
{"dateTime": "2025-08-26T20:12:07.515Z", "eventType": "submission", "details": {"correctness": 0, "commit": "5539b8712f611b67921dac4f1467f74f2fc332ef", "executionTime": 0}}
{"dateTime": "2025-08-26T20:12:13.209Z", "eventType": "focus", "fullPath": "/main.py"}
{"dateTime": "2025-08-26T20:12:13.211Z", "eventType": "select.pointer", "fullPath": "/main.py", "details": {"selection": {"from": 82, "to": 82}}}
{"dateTime": "2025-08-26T20:12:16.714Z", "eventType": "select.pointer", "fullPath": "/main.py", "details": {"selection": {"from": 81, "to": 81}}}
{"dateTime": "2025-08-26T20:12:18.264Z", "eventType": "delete.backward", "fullPath": "/main.py", "details": {"fromA": 80, "toA": 81, "fromB": 80, "toB": 80, "inserted": [""]}}
{"dateTime": "2025-08-26T20:12:19.715Z", "eventType": "blur", "fullPath": "/main.py"}
{"dateTime": "2025-08-26T20:12:20.491Z", "eventType": "submission", "details": {"correctness": 0, "commit": "0851a38b2b829eff67d915dc0e9f75eedf0b35cb", "executionTime": 0}}
{"dateTime": "2025-08-26T20:12:21.156Z", "eventType": "submission", "details": {"correctness": 0, "commit": "0851a38b2b829eff67d915dc0e9f75eedf0b35cb", "executionTime": 0}}
{"dateTime": "2025-08-26T20:12:21.639Z", "eventType": "submission", "details": {"correctness": 0, "commit": "0851a38b2b829eff67d915dc0e9f75eedf0b35cb", "executionTime": 0}}
{"dateTime": "2025-08-26T20:12:25.738Z", "eventType": "submission", "details": {"correctness": 0, "commit": "0851a38b2b829eff67d915dc0e9f75eedf0b35cb", "executionTime": 0}}
{"dateTime": "2025-08-26T20:12:55.792Z", "eventType": "focus", "fullPath": "/main.py"}
{"dateTime": "2025-08-26T20:12:55.795Z", "eventType": "select.pointer", "fullPath": "/main.py", "details": {"selection": {"from": 65, "to": 65}}}
{"dateTime": "2025-08-26T20:12:57.866Z", "eventType": "delete.backward", "fullPath": "/main.py", "details": {"fromA": 64, "toA": 65, "fromB": 64, "toB": 64, "inserted": [""]}}
{"dateTime": "2025-08-26T20:12:58.041Z", "eventType": "delete.backward", "fullPath": "/main.py", "details": {"fromA": 63, "toA": 64, "fromB": 63, "toB": 63, "inserted": [""]}}
{"dateTime": "2025-08-26T20:12:58.184Z", "eventType": "delete.backward", "fullPath": "/main.py", "details": {"fromA": 62, "toA": 63, "fromB": 62, "toB": 62, "inserted": [""]}}
{"dateTime": "2025-08-26T20:12:58.341Z", "eventType": "delete.backward", "fullPath": "/main.py", "details": {"fromA": 61, "toA": 62, "fromB": 61, "toB": 61, "inserted": [""]}}
{"dateTime": "2025-08-26T20:12:58.552Z", "eventType": "delete.backward", "fullPath": "/main.py", "details": {"fromA": 60, "toA": 61, "fromB": 60, "toB": 60, "inserted": [""]}}
{"dateTime": "2025-08-26T20:12:58.680Z", "eventType": "delete.backward", "fullPath": "/main.py", "details": {"fromA": 59, "toA": 60, "fromB": 59, "toB": 59, "inserted": [""]}}
{"dateTime": "2025-08-26T20:12:58.873Z", "eventType": "delete.backward", "fullPath": "/main.py", "details": {"fromA": 58, "toA": 59, "fromB": 58, "toB": 58, "inserted": [""]}}
{"dateTime": "2025-08-26T20:12:59.048Z", "eventType": "delete.backward", "fullPath": "/main.py", "details": {"fromA": 57, "toA": 58, "fromB": 57, "toB": 57, "inserted": [""]}}
{"dateTime": "2025-08-26T20:12:59.208Z", "eventType": "delete.backward", "fullPath": "/main.py", "details": {"fromA": 56, "toA": 57, "fromB": 56, "toB": 56, "inserted": [""]}}
{"dateTime": "2025-08-26T20:12:59.385Z", "eventType": "delete.backward", "fullPath": "/main.py", "details": {"fromA": 55, "toA": 56, "fromB": 55, "toB": 55, "inserted": [""]}}
{"dateTime": "2025-08-26T20:12:59.528Z", "eventType": "delete.backward", "fullPath": "/main.py", "details": {"fromA": 54, "toA": 55, "fromB": 54, "toB": 54, "inserted": [""]}}
{"dateTime": "2025-08-26T20:12:59.689Z", "eventType": "delete.backward", "fullPath": "/main.py", "details": {"fromA": 53, "toA": 54, "fromB": 53, "toB": 53, "inserted": [""]}}
{"dateTime": "2025-08-26T20:12:59.848Z", "eventType": "delete.backward", "fullPath": "/main.py", "details": {"fromA": 52, "toA": 53, "fromB": 52, "toB": 52, "inserted": [""]}}
{"dateTime": "2025-08-26T20:13:00.024Z", "eventType": "delete.backward", "fullPath": "/main.py", "details": {"fromA": 51, "toA": 52, "fromB": 51, "toB": 51, "inserted": [""]}}
{"dateTime": "2025-08-26T20:13:00.200Z", "eventType": "delete.backward", "fullPath": "/main.py", "details": {"fromA": 50, "toA": 51, "fromB": 50, "toB": 50, "inserted": [""]}}
{"dateTime": "2025-08-26T20:13:00.361Z", "eventType": "delete.backward", "fullPath": "/main.py", "details": {"fromA": 49, "toA": 50, "fromB": 49, "toB": 49, "inserted": [""]}}
{"dateTime": "2025-08-26T20:13:00.536Z", "eventType": "delete.backward", "fullPath": "/main.py", "details": {"fromA": 48, "toA": 49, "fromB": 48, "toB": 48, "inserted": [""]}}
{"dateTime": "2025-08-26T20:13:00.696Z", "eventType": "delete.backward", "fullPath": "/main.py", "details": {"fromA": 47, "toA": 48, "fromB": 47, "toB": 47, "inserted": [""]}}
{"dateTime": "2025-08-26T20:13:00.904Z", "eventType": "delete.backward", "fullPath": "/main.py", "details": {"fromA": 46, "toA": 47, "fromB": 46, "toB": 46, "inserted": [""]}}
{"dateTime": "2025-08-26T20:13:02.520Z", "eventType": "input.type", "fullPath": "/main.py", "details": {"fromA": 46, "toA": 46, "fromB": 46, "toB": 47, "inserted": ["l"]}}
{"dateTime": "2025-08-26T20:13:02.628Z", "eventType": "input.type", "fullPath": "/main.py", "details": {"fromA": 47, "toA": 47, "fromB": 47, "toB": 48, "inserted": ["a"]}}
{"dateTime": "2025-08-26T20:13:02.809Z", "eventType": "input.type", "fullPath": "/main.py", "details": {"fromA": 48, "toA": 48, "fromB": 48, "toB": 49, "inserted": ["o"]}}
{"dateTime": "2025-08-26T20:13:03.652Z", "eventType": "delete.backward", "fullPath": "/main.py", "details": {"fromA": 48, "toA": 49, "fromB": 48, "toB": 48, "inserted": [""]}}
{"dateTime": "2025-08-26T20:13:03.817Z", "eventType": "input.type", "fullPath": "/main.py", "details": {"fromA": 48, "toA": 48, "fromB": 48, "toB": 49, "inserted": ["d"]}}
{"dateTime": "2025-08-26T20:13:04.328Z", "eventType": "input.type", "fullPath": "/main.py", "details": {"fromA": 49, "toA": 49, "fromB": 49, "toB": 50, "inserted": ["o"]}}
{"dateTime": "2025-08-26T20:13:09.537Z", "eventType": "select.pointer", "fullPath": "/main.py", "details": {"selection": {"from": 65, "to": 65}}}
{"dateTime": "2025-08-26T20:13:11.658Z", "eventType": "input.type", "fullPath": "/main.py", "details": {"fromA": 65, "toA": 65, "fromB": 65, "toB": 66, "inserted": ["("]}}
{"dateTime": "2025-08-26T20:13:12.761Z", "eventType": "input", "fullPath": "/main.py", "details": {"fromA": 66, "toA": 66, "fromB": 66, "toB": 69, "inserted": ["", "  "]}}
{"dateTime": "2025-08-26T20:13:14.759Z", "eventType": "delete.backward", "fullPath": "/main.py", "details": {"fromA": 67, "toA": 69, "fromB": 67, "toB": 67, "inserted": [""]}}
{"dateTime": "2025-08-26T20:13:16.089Z", "eventType": "delete.backward", "fullPath": "/main.py", "details": {"fromA": 66, "toA": 67, "fromB": 66, "toB": 66, "inserted": [""]}}
{"dateTime": "2025-08-26T20:13:20.272Z", "eventType": "blur", "fullPath": "/main.py"}
{"dateTime": "2025-08-26T20:13:22.884Z", "eventType": "run", "details": {"commit": "2951c1678c89bf3d8dae980c43e870378f96e907"}}
{"dateTime": "2025-08-26T20:13:23.709Z", "eventType": "run", "details": {"commit": "2951c1678c89bf3d8dae980c43e870378f96e907"}}
{"dateTime": "2025-08-26T20:13:38.927Z", "eventType": "focus", "fullPath": "/main.py"}
{"dateTime": "2025-08-26T20:13:38.932Z", "eventType": "select.pointer", "fullPath": "/main.py", "details": {"selection": {"from": 67, "to": 67}}}
{"dateTime": "2025-08-26T20:13:39.422Z", "eventType": "select.pointer", "fullPath": "/main.py", "details": {"selection": {"from": 68, "to": 68}}}
{"dateTime": "2025-08-26T20:13:39.475Z", "eventType": "select.pointer", "fullPath": "/main.py", "details": {"selection": {"from": 68, "to": 89}}}
{"dateTime": "2025-08-26T20:13:40.218Z", "eventType": "select.pointer", "fullPath": "/main.py", "details": {"selection": {"from": 67, "to": 67}}}
{"dateTime": "2025-08-26T20:13:40.782Z", "eventType": "select.pointer", "fullPath": "/main.py", "details": {"selection": {"from": 67, "to": 67}}}
{"dateTime": "2025-08-26T20:13:41.711Z", "eventType": "select.pointer", "fullPath": "/main.py", "details": {"selection": {"from": 68, "to": 68}}}
{"dateTime": "2025-08-26T20:13:43.603Z", "eventType": "input.type", "fullPath": "/main.py", "details": {"fromA": 68, "toA": 68, "fromB": 68, "toB": 69, "inserted": [" "]}}
{"dateTime": "2025-08-26T20:13:46.318Z", "eventType": "select.pointer", "fullPath": "/main.py", "details": {"selection": {"from": 55, "to": 55}}}
{"dateTime": "2025-08-26T20:13:48.393Z", "eventType": "select.pointer", "fullPath": "/main.py", "details": {"selection": {"from": 70, "to": 70}}}
{"dateTime": "2025-08-26T20:13:49.336Z", "eventType": "input.type", "fullPath": "/main.py", "details": {"fromA": 70, "toA": 70, "fromB": 70, "toB": 71, "inserted": [" "]}}
{"dateTime": "2025-08-26T20:13:52.233Z", "eventType": "blur", "fullPath": "/main.py"}
{"dateTime": "2025-08-26T20:13:52.515Z", "eventType": "run", "details": {"commit": "edcf97cc0ef3a009da3f5f5dd2d2f70ce6d2af7a"}}
{"dateTime": "2025-08-26T20:13:53.315Z", "eventType": "run", "details": {"commit": "edcf97cc0ef3a009da3f5f5dd2d2f70ce6d2af7a"}}
{"dateTime": "2025-08-26T20:14:00.166Z", "eventType": "focus", "fullPath": "/main.py"}
{"dateTime": "2025-08-26T20:14:00.168Z", "eventType": "select.pointer", "fullPath": "/main.py", "details": {"selection": {"from": 66, "to": 66}}}
{"dateTime": "2025-08-26T20:14:01.031Z", "eventType": "delete.backward", "fullPath": "/main.py", "details": {"fromA": 65, "toA": 66, "fromB": 65, "toB": 65, "inserted": [""]}}
{"dateTime": "2025-08-26T20:14:03.570Z", "eventType": "blur", "fullPath": "/main.py"}
{"dateTime": "2025-08-26T20:14:03.952Z", "eventType": "run", "details": {"commit": "09e35c8e5ada8924307a47bf47d869b8ae5ab378"}}
{"dateTime": "2025-08-26T20:14:16.014Z", "eventType": "submission", "details": {"correctness": 0, "commit": "09e35c8e5ada8924307a47bf47d869b8ae5ab378", "executionTime": 0}}
{"dateTime": "2025-08-26T20:14:16.814Z", "eventType": "submission", "details": {"correctness": 0, "commit": "09e35c8e5ada8924307a47bf47d869b8ae5ab378", "executionTime": 0}}
{"dateTime": "2025-08-26T20:14:32.326Z", "eventType": "focus", "fullPath": "/main.py"}
{"dateTime": "2025-08-26T20:14:32.329Z", "eventType": "select.pointer", "fullPath": "/main.py", "details": {"selection": {"from": 52, "to": 52}}}
{"dateTime": "2025-08-26T20:14:34.393Z", "eventType": "select.pointer", "fullPath": "/main.py", "details": {"selection": {"from": 88, "to": 88}}}
{"dateTime": "2025-08-26T20:14:35.273Z", "eventType": "input.type", "fullPath": "/main.py", "details": {"fromA": 88, "toA": 88, "fromB": 88, "toB": 89, "inserted": [" "]}}
{"dateTime": "2025-08-26T20:14:36.333Z", "eventType": "blur", "fullPath": "/main.py"}
{"dateTime": "2025-08-26T20:14:36.768Z", "eventType": "submission", "details": {"correctness": 0, "commit": "0bd23815dac0d7f6097e1f7adbbc5d809ac28cbb", "executionTime": 0}}
{"dateTime": "2025-08-26T20:14:37.551Z", "eventType": "submission", "details": {"correctness": 0, "commit": "0bd23815dac0d7f6097e1f7adbbc5d809ac28cbb", "executionTime": 0}}
{"dateTime": "2025-08-26T20:14:40.053Z", "eventType": "focus", "fullPath": "/main.py"}
{"dateTime": "2025-08-26T20:14:40.055Z", "eventType": "select.pointer", "fullPath": "/main.py", "details": {"selection": {"from": 89, "to": 89}}}
{"dateTime": "2025-08-26T20:14:41.171Z", "eventType": "delete.backward", "fullPath": "/main.py", "details": {"fromA": 88, "toA": 89, "fromB": 88, "toB": 88, "inserted": [""]}}
{"dateTime": "2025-08-26T20:14:42.095Z", "eventType": "select.pointer", "fullPath": "/main.py", "details": {"selection": {"from": 87, "to": 87}}}
{"dateTime": "2025-08-26T20:14:42.983Z", "eventType": "input.type", "fullPath": "/main.py", "details": {"fromA": 87, "toA": 87, "fromB": 87, "toB": 88, "inserted": [" "]}}
{"dateTime": "2025-08-26T20:14:43.557Z", "eventType": "blur", "fullPath": "/main.py"}
{"dateTime": "2025-08-26T20:14:43.914Z", "eventType": "submission", "details": {"correctness": 0, "commit": "892b357ecafef2831f286bf60b9fad5fd9adb90a", "executionTime": 0}}
{"dateTime": "2025-08-26T20:14:47.244Z", "eventType": "focus", "fullPath": "/main.py"}
{"dateTime": "2025-08-26T20:14:47.249Z", "eventType": "select.pointer", "fullPath": "/main.py", "details": {"selection": {"from": 57, "to": 57}}}
{"dateTime": "2025-08-26T20:14:48.251Z", "eventType": "select.pointer", "fullPath": "/main.py", "details": {"selection": {"from": 56, "to": 56}}}
{"dateTime": "2025-08-26T20:14:49.457Z", "eventType": "input.type", "fullPath": "/main.py", "details": {"fromA": 56, "toA": 56, "fromB": 56, "toB": 57, "inserted": ["r"]}}
{"dateTime": "2025-08-26T20:14:51.149Z", "eventType": "input.complete", "fullPath": "/main.py", "details": {"fromA": 55, "toA": 57, "fromB": 55, "toB": 57, "inserted": ["Ar"]}}
{"dateTime": "2025-08-26T20:14:52.264Z", "eventType": "select.pointer", "fullPath": "/main.py", "details": {"selection": {"from": 105, "to": 105}}}
{"dateTime": "2025-08-26T20:14:53.405Z", "eventType": "input.type", "fullPath": "/main.py", "details": {"fromA": 105, "toA": 105, "fromB": 105, "toB": 106, "inserted": ["r"]}}
{"dateTime": "2025-08-26T20:14:54.478Z", "eventType": "input.complete", "fullPath": "/main.py", "details": {"fromA": 104, "toA": 106, "fromB": 104, "toB": 106, "inserted": ["Ar"]}}
{"dateTime": "2025-08-26T20:14:55.352Z", "eventType": "blur", "fullPath": "/main.py"}
{"dateTime": "2025-08-26T20:14:55.746Z", "eventType": "submission", "details": {"correctness": 0, "commit": "181d7802fd04a4d6b62a2c1789236cfac351a72c", "executionTime": 0}}
{"dateTime": "2025-08-26T20:14:56.556Z", "eventType": "submission", "details": {"correctness": 0, "commit": "181d7802fd04a4d6b62a2c1789236cfac351a72c", "executionTime": 0}}
{"dateTime": "2025-08-26T20:15:14.532Z", "eventType": "focus", "fullPath": "/main.py"}
{"dateTime": "2025-08-26T20:15:14.535Z", "eventType": "select.pointer", "fullPath": "/main.py", "details": {"selection": {"from": 89, "to": 89}}}
{"dateTime": "2025-08-26T20:15:15.445Z", "eventType": "delete.backward", "fullPath": "/main.py", "details": {"fromA": 88, "toA": 89, "fromB": 88, "toB": 88, "inserted": [""]}}
{"dateTime": "2025-08-26T20:15:16.309Z", "eventType": "blur", "fullPath": "/main.py"}
{"dateTime": "2025-08-26T20:15:16.718Z", "eventType": "submission", "details": {"correctness": 0, "commit": "00339b43b672ca1afaec20a98e9cc510996dc5b6", "executionTime": 0}}
{"dateTime": "2025-08-26T20:15:17.476Z", "eventType": "submission", "details": {"correctness": 0, "commit": "00339b43b672ca1afaec20a98e9cc510996dc5b6", "executionTime": 0}}
{"dateTime": "2025-08-26T20:15:18.065Z", "eventType": "focus", "fullPath": "/main.py"}
{"dateTime": "2025-08-26T20:15:18.066Z", "eventType": "select", "fullPath": "/main.py", "details": {"selection": {"from": 109, "to": 109}}}
{"dateTime": "2025-08-26T20:15:23.214Z", "eventType": "select.pointer", "fullPath": "/main.py", "details": {"selection": {"from": 55, "to": 55}}}
{"dateTime": "2025-08-26T20:15:24.038Z", "eventType": "input", "fullPath": "/main.py", "details": {"fromA": 55, "toA": 55, "fromB": 55, "toB": 56, "inserted": ["", ""]}}
{"dateTime": "2025-08-26T20:15:24.934Z", "eventType": "select.pointer", "fullPath": "/main.py", "details": {"selection": {"from": 92, "to": 92}}}
{"dateTime": "2025-08-26T20:15:25.241Z", "eventType": "input", "fullPath": "/main.py", "details": {"fromA": 92, "toA": 92, "fromB": 92, "toB": 93, "inserted": ["", ""]}}
{"dateTime": "2025-08-26T20:15:26.232Z", "eventType": "blur", "fullPath": "/main.py"}
{"dateTime": "2025-08-26T20:15:26.605Z", "eventType": "submission", "details": {"correctness": 0, "commit": "adf6f5547c552d35db90f6f813d1f503ccdcfe93", "executionTime": 0}}
{"dateTime": "2025-08-26T20:15:29.858Z", "eventType": "focus", "fullPath": "/main.py"}
{"dateTime": "2025-08-26T20:15:29.861Z", "eventType": "select.pointer", "fullPath": "/main.py", "details": {"selection": {"from": 20, "to": 20}}}
{"dateTime": "2025-08-26T20:15:30.756Z", "eventType": "delete.backward", "fullPath": "/main.py", "details": {"fromA": 19, "toA": 20, "fromB": 19, "toB": 19, "inserted": [""]}}
{"dateTime": "2025-08-26T20:15:31.831Z", "eventType": "blur", "fullPath": "/main.py"}
{"dateTime": "2025-08-26T20:15:32.186Z", "eventType": "submission", "details": {"correctness": 0, "commit": "2f93af0c96b0174cbcf9b35d224152690652b966", "executionTime": 0}}
{"dateTime": "2025-08-26T20:15:33.320Z", "eventType": "submission", "details": {"correctness": 0, "commit": "2f93af0c96b0174cbcf9b35d224152690652b966", "executionTime": 0}}
{"dateTime": "2025-08-26T20:15:33.887Z", "eventType": "focus", "fullPath": "/main.py"}
{"dateTime": "2025-08-26T20:15:33.888Z", "eventType": "select", "fullPath": "/main.py", "details": {"selection": {"from": 110, "to": 110}}}
{"dateTime": "2025-08-26T20:15:34.481Z", "eventType": "blur", "fullPath": "/main.py"}
{"dateTime": "2025-08-26T20:15:41.011Z", "eventType": "focus", "fullPath": "/main.py"}
{"dateTime": "2025-08-26T20:15:41.015Z", "eventType": "select.pointer", "fullPath": "/main.py", "details": {"selection": {"from": 63, "to": 63}}}
{"dateTime": "2025-08-26T20:15:42.037Z", "eventType": "delete.backward", "fullPath": "/main.py", "details": {"fromA": 62, "toA": 63, "fromB": 62, "toB": 62, "inserted": [""]}}
{"dateTime": "2025-08-26T20:15:42.243Z", "eventType": "delete.backward", "fullPath": "/main.py", "details": {"fromA": 61, "toA": 62, "fromB": 61, "toB": 61, "inserted": [""]}}
{"dateTime": "2025-08-26T20:15:43.301Z", "eventType": "input.type", "fullPath": "/main.py", "details": {"fromA": 61, "toA": 61, "fromB": 61, "toB": 62, "inserted": ["L"]}}
{"dateTime": "2025-08-26T20:15:45.028Z", "eventType": "select.pointer", "fullPath": "/main.py", "details": {"selection": {"from": 66, "to": 66}}}
{"dateTime": "2025-08-26T20:15:46.180Z", "eventType": "delete.backward", "fullPath": "/main.py", "details": {"fromA": 65, "toA": 66, "fromB": 65, "toB": 65, "inserted": [""]}}
{"dateTime": "2025-08-26T20:15:46.752Z", "eventType": "blur", "fullPath": "/main.py"}
{"dateTime": "2025-08-26T20:15:46.756Z", "eventType": "focus", "fullPath": "/main.py"}
{"dateTime": "2025-08-26T20:15:46.757Z", "eventType": "select", "fullPath": "/main.py", "details": {"selection": {"from": 108, "to": 108}}}
{"dateTime": "2025-08-26T20:15:47.548Z", "eventType": "blur", "fullPath": "/main.py"}
{"dateTime": "2025-08-26T20:15:47.931Z", "eventType": "submission", "details": {"correctness": 1, "commit": "bfb8ede00fd5061a518346fcae1f9fb5b1210916", "executionTime": 0.01}}
{"dateTime": "2025-08-26T20:15:48.670Z", "eventType": "submission", "details": {"correctness": 1, "commit": "bfb8ede00fd5061a518346fcae1f9fb5b1210916", "executionTime": 0.01}}
