{"dateTime": "2025-08-28T22:04:27.169Z", "eventType": "submission", "details": {"correctness": 1, "commit": "3e4b507c4a7f984c97980343192f7c88d9ad6a43", "executionTime": 0.01}}
{"dateTime": "2025-08-28T22:04:41.781Z", "eventType": "focus", "fullPath": "/main.py"}
{"dateTime": "2025-08-28T22:04:41.784Z", "eventType": "select.pointer", "fullPath": "/main.py", "details": {"selection": {"from": 0, "to": 0}}}
{"dateTime": "2025-08-28T22:04:43.487Z", "eventType": "input.type", "fullPath": "/main.py", "details": {"fromA": 0, "toA": 0, "fromB": 0, "toB": 1, "inserted": ["s"]}}
{"dateTime": "2025-08-28T22:04:43.666Z", "eventType": "input.type", "fullPath": "/main.py", "details": {"fromA": 1, "toA": 1, "fromB": 1, "toB": 2, "inserted": ["a"]}}
{"dateTime": "2025-08-28T22:04:43.938Z", "eventType": "input.type", "fullPath": "/main.py", "details": {"fromA": 2, "toA": 2, "fromB": 2, "toB": 3, "inserted": ["c"]}}
{"dateTime": "2025-08-28T22:04:44.081Z", "eventType": "input.type", "fullPath": "/main.py", "details": {"fromA": 3, "toA": 3, "fromB": 3, "toB": 4, "inserted": ["o"]}}
{"dateTime": "2025-08-28T22:04:44.606Z", "eventType": "input.type", "fullPath": "/main.py", "details": {"fromA": 4, "toA": 4, "fromB": 4, "toB": 5, "inserted": [" "]}}
{"dateTime": "2025-08-28T22:04:44.734Z", "eventType": "input.type", "fullPath": "/main.py", "details": {"fromA": 5, "toA": 5, "fromB": 5, "toB": 6, "inserted": ["="]}}
{"dateTime": "2025-08-28T22:04:44.846Z", "eventType": "input.type", "fullPath": "/main.py", "details": {"fromA": 6, "toA": 6, "fromB": 6, "toB": 7, "inserted": [" "]}}
{"dateTime": "2025-08-28T22:04:45.870Z", "eventType": "input.type", "fullPath": "/main.py", "details": {"fromA": 7, "toA": 7, "fromB": 7, "toB": 8, "inserted": ["f"]}}
{"dateTime": "2025-08-28T22:04:45.965Z", "eventType": "input.type", "fullPath": "/main.py", "details": {"fromA": 8, "toA": 8, "fromB": 8, "toB": 9, "inserted": ["l"]}}
{"dateTime": "2025-08-28T22:04:46.096Z", "eventType": "input.type", "fullPath": "/main.py", "details": {"fromA": 9, "toA": 9, "fromB": 9, "toB": 10, "inserted": ["o"]}}
{"dateTime": "2025-08-28T22:04:46.207Z", "eventType": "input.type", "fullPath": "/main.py", "details": {"fromA": 10, "toA": 10, "fromB": 10, "toB": 11, "inserted": ["a"]}}
{"dateTime": "2025-08-28T22:04:50.781Z", "eventType": "input.type", "fullPath": "/main.py", "details": {"fromA": 11, "toA": 11, "fromB": 11, "toB": 12, "inserted": ["t"]}}
{"dateTime": "2025-08-28T22:04:56.840Z", "eventType": "input.type", "fullPath": "/main.py", "details": {"fromA": 12, "toA": 12, "fromB": 12, "toB": 14, "inserted": ["()"]}}
{"dateTime": "2025-08-28T22:04:57.132Z", "eventType": "input.type", "fullPath": "/main.py", "details": {"fromA": 13, "toA": 13, "fromB": 13, "toB": 14, "inserted": ["i"]}}
{"dateTime": "2025-08-28T22:04:57.381Z", "eventType": "input.type", "fullPath": "/main.py", "details": {"fromA": 14, "toA": 14, "fromB": 14, "toB": 15, "inserted": ["n"]}}
{"dateTime": "2025-08-28T22:04:57.535Z", "eventType": "input.type", "fullPath": "/main.py", "details": {"fromA": 15, "toA": 15, "fromB": 15, "toB": 16, "inserted": ["p"]}}
{"dateTime": "2025-08-28T22:04:57.723Z", "eventType": "input.type", "fullPath": "/main.py", "details": {"fromA": 16, "toA": 16, "fromB": 16, "toB": 17, "inserted": ["u"]}}
{"dateTime": "2025-08-28T22:04:57.944Z", "eventType": "input.type", "fullPath": "/main.py", "details": {"fromA": 17, "toA": 17, "fromB": 17, "toB": 18, "inserted": ["t"]}}
{"dateTime": "2025-08-28T22:04:59.004Z", "eventType": "input.type", "fullPath": "/main.py", "details": {"fromA": 18, "toA": 18, "fromB": 18, "toB": 20, "inserted": ["()"]}}
{"dateTime": "2025-08-28T22:05:00.040Z", "eventType": "input.type", "fullPath": "/main.py", "details": {"fromA": 19, "toA": 19, "fromB": 19, "toB": 21, "inserted": ["\"\""]}}
{"dateTime": "2025-08-28T22:05:00.492Z", "eventType": "input.type", "fullPath": "/main.py", "details": {"fromA": 20, "toA": 20, "fromB": 20, "toB": 21, "inserted": ["s"]}}
{"dateTime": "2025-08-28T22:05:00.635Z", "eventType": "input.type", "fullPath": "/main.py", "details": {"fromA": 21, "toA": 21, "fromB": 21, "toB": 22, "inserted": ["a"]}}
{"dateTime": "2025-08-28T22:05:00.780Z", "eventType": "input.type", "fullPath": "/main.py", "details": {"fromA": 22, "toA": 22, "fromB": 22, "toB": 23, "inserted": ["c"]}}
{"dateTime": "2025-08-28T22:05:00.987Z", "eventType": "input.type", "fullPath": "/main.py", "details": {"fromA": 23, "toA": 23, "fromB": 23, "toB": 24, "inserted": ["o"]}}
{"dateTime": "2025-08-28T22:05:01.259Z", "eventType": "delete.backward", "fullPath": "/main.py", "details": {"fromA": 23, "toA": 24, "fromB": 23, "toB": 23, "inserted": [""]}}
{"dateTime": "2025-08-28T22:05:01.403Z", "eventType": "delete.backward", "fullPath": "/main.py", "details": {"fromA": 22, "toA": 23, "fromB": 22, "toB": 22, "inserted": [""]}}
{"dateTime": "2025-08-28T22:05:01.547Z", "eventType": "delete.backward", "fullPath": "/main.py", "details": {"fromA": 21, "toA": 22, "fromB": 21, "toB": 21, "inserted": [""]}}
{"dateTime": "2025-08-28T22:05:01.947Z", "eventType": "delete.backward", "fullPath": "/main.py", "details": {"fromA": 20, "toA": 21, "fromB": 20, "toB": 20, "inserted": [""]}}
{"dateTime": "2025-08-28T22:05:02.188Z", "eventType": "input.type", "fullPath": "/main.py", "details": {"fromA": 20, "toA": 20, "fromB": 20, "toB": 21, "inserted": ["r"]}}
{"dateTime": "2025-08-28T22:05:02.315Z", "eventType": "input.type", "fullPath": "/main.py", "details": {"fromA": 21, "toA": 21, "fromB": 21, "toB": 22, "inserted": ["a"]}}
{"dateTime": "2025-08-28T22:05:02.810Z", "eventType": "delete.backward", "fullPath": "/main.py", "details": {"fromA": 21, "toA": 22, "fromB": 21, "toB": 21, "inserted": [""]}}
{"dateTime": "2025-08-28T22:05:02.987Z", "eventType": "delete.backward", "fullPath": "/main.py", "details": {"fromA": 20, "toA": 21, "fromB": 20, "toB": 20, "inserted": [""]}}
{"dateTime": "2025-08-28T22:05:03.739Z", "eventType": "input.type", "fullPath": "/main.py", "details": {"fromA": 20, "toA": 20, "fromB": 20, "toB": 21, "inserted": ["p"]}}
{"dateTime": "2025-08-28T22:05:03.867Z", "eventType": "input.type", "fullPath": "/main.py", "details": {"fromA": 21, "toA": 21, "fromB": 21, "toB": 22, "inserted": ["e"]}}
{"dateTime": "2025-08-28T22:05:04.027Z", "eventType": "input.type", "fullPath": "/main.py", "details": {"fromA": 22, "toA": 22, "fromB": 22, "toB": 23, "inserted": ["s"]}}
{"dateTime": "2025-08-28T22:05:04.171Z", "eventType": "input.type", "fullPath": "/main.py", "details": {"fromA": 23, "toA": 23, "fromB": 23, "toB": 24, "inserted": ["o"]}}
{"dateTime": "2025-08-28T22:05:04.315Z", "eventType": "input.type", "fullPath": "/main.py", "details": {"fromA": 24, "toA": 24, "fromB": 24, "toB": 25, "inserted": [" "]}}
{"dateTime": "2025-08-28T22:05:04.651Z", "eventType": "input.type", "fullPath": "/main.py", "details": {"fromA": 25, "toA": 25, "fromB": 25, "toB": 26, "inserted": ["r"]}}
{"dateTime": "2025-08-28T22:05:04.779Z", "eventType": "input.type", "fullPath": "/main.py", "details": {"fromA": 26, "toA": 26, "fromB": 26, "toB": 27, "inserted": ["a"]}}
{"dateTime": "2025-08-28T22:05:05.211Z", "eventType": "input.type", "fullPath": "/main.py", "details": {"fromA": 27, "toA": 27, "fromB": 27, "toB": 28, "inserted": ["\u00e7"]}}
{"dateTime": "2025-08-28T22:05:05.606Z", "eventType": "input.type", "fullPath": "/main.py", "details": {"fromA": 28, "toA": 28, "fromB": 28, "toB": 29, "inserted": ["a"]}}
{"dateTime": "2025-08-28T22:05:05.787Z", "eventType": "input.type", "fullPath": "/main.py", "details": {"fromA": 29, "toA": 29, "fromB": 29, "toB": 30, "inserted": ["o"]}}
{"dateTime": "2025-08-28T22:05:05.978Z", "eventType": "delete.backward", "fullPath": "/main.py", "details": {"fromA": 29, "toA": 30, "fromB": 29, "toB": 29, "inserted": [""]}}
{"dateTime": "2025-08-28T22:05:06.138Z", "eventType": "delete.backward", "fullPath": "/main.py", "details": {"fromA": 28, "toA": 29, "fromB": 28, "toB": 28, "inserted": [""]}}
{"dateTime": "2025-08-28T22:05:06.298Z", "eventType": "delete.backward", "fullPath": "/main.py", "details": {"fromA": 27, "toA": 28, "fromB": 27, "toB": 27, "inserted": [""]}}
{"dateTime": "2025-08-28T22:05:06.443Z", "eventType": "input.type", "fullPath": "/main.py", "details": {"fromA": 27, "toA": 27, "fromB": 27, "toB": 28, "inserted": ["c"]}}
{"dateTime": "2025-08-28T22:05:06.507Z", "eventType": "input.type", "fullPath": "/main.py", "details": {"fromA": 28, "toA": 28, "fromB": 28, "toB": 29, "inserted": ["a"]}}
{"dateTime": "2025-08-28T22:05:06.571Z", "eventType": "input.type", "fullPath": "/main.py", "details": {"fromA": 29, "toA": 29, "fromB": 29, "toB": 30, "inserted": ["o"]}}
{"dateTime": "2025-08-28T22:05:07.387Z", "eventType": "input.type", "fullPath": "/main.py", "details": {"fromA": 30, "toA": 30, "fromB": 30, "toB": 31, "inserted": [":"]}}
{"dateTime": "2025-08-28T22:05:07.515Z", "eventType": "input.type", "fullPath": "/main.py", "details": {"fromA": 31, "toA": 31, "fromB": 31, "toB": 32, "inserted": [" "]}}
{"dateTime": "2025-08-28T22:05:08.252Z", "eventType": "select", "fullPath": "/main.py", "details": {"selection": {"from": 33, "to": 33}}}
{"dateTime": "2025-08-28T22:05:08.392Z", "eventType": "select", "fullPath": "/main.py", "details": {"selection": {"from": 34, "to": 34}}}
{"dateTime": "2025-08-28T22:05:08.539Z", "eventType": "select", "fullPath": "/main.py", "details": {"selection": {"from": 35, "to": 35}}}
{"dateTime": "2025-08-28T22:05:09.099Z", "eventType": "input", "fullPath": "/main.py", "details": {"fromA": 35, "toA": 35, "fromB": 35, "toB": 36, "inserted": ["", ""]}}
{"dateTime": "2025-08-28T22:05:20.985Z", "eventType": "input.type", "fullPath": "/main.py", "details": {"fromA": 36, "toA": 36, "fromB": 36, "toB": 37, "inserted": ["c"]}}
{"dateTime": "2025-08-28T22:05:21.139Z", "eventType": "input.type", "fullPath": "/main.py", "details": {"fromA": 37, "toA": 37, "fromB": 37, "toB": 38, "inserted": ["o"]}}
{"dateTime": "2025-08-28T22:05:21.327Z", "eventType": "input.type", "fullPath": "/main.py", "details": {"fromA": 38, "toA": 38, "fromB": 38, "toB": 39, "inserted": ["n"]}}
{"dateTime": "2025-08-28T22:05:21.785Z", "eventType": "input.type", "fullPath": "/main.py", "details": {"fromA": 39, "toA": 39, "fromB": 39, "toB": 40, "inserted": ["s"]}}
{"dateTime": "2025-08-28T22:05:21.881Z", "eventType": "input.type", "fullPath": "/main.py", "details": {"fromA": 40, "toA": 40, "fromB": 40, "toB": 41, "inserted": ["u"]}}
{"dateTime": "2025-08-28T22:05:22.069Z", "eventType": "input.type", "fullPath": "/main.py", "details": {"fromA": 41, "toA": 41, "fromB": 41, "toB": 42, "inserted": ["m"]}}
{"dateTime": "2025-08-28T22:05:22.217Z", "eventType": "input.type", "fullPath": "/main.py", "details": {"fromA": 42, "toA": 42, "fromB": 42, "toB": 43, "inserted": ["o"]}}
{"dateTime": "2025-08-28T22:05:22.441Z", "eventType": "input.type", "fullPath": "/main.py", "details": {"fromA": 43, "toA": 43, "fromB": 43, "toB": 44, "inserted": [" "]}}
{"dateTime": "2025-08-28T22:05:22.937Z", "eventType": "input.type", "fullPath": "/main.py", "details": {"fromA": 44, "toA": 44, "fromB": 44, "toB": 45, "inserted": ["d"]}}
{"dateTime": "2025-08-28T22:05:23.132Z", "eventType": "input.type", "fullPath": "/main.py", "details": {"fromA": 45, "toA": 45, "fromB": 45, "toB": 46, "inserted": ["i"]}}
{"dateTime": "2025-08-28T22:05:23.255Z", "eventType": "input.type", "fullPath": "/main.py", "details": {"fromA": 46, "toA": 46, "fromB": 46, "toB": 47, "inserted": ["a"]}}
{"dateTime": "2025-08-28T22:05:23.547Z", "eventType": "input.type", "fullPath": "/main.py", "details": {"fromA": 47, "toA": 47, "fromB": 47, "toB": 48, "inserted": ["r"]}}
{"dateTime": "2025-08-28T22:05:23.654Z", "eventType": "input.type", "fullPath": "/main.py", "details": {"fromA": 48, "toA": 48, "fromB": 48, "toB": 49, "inserted": ["i"]}}
{"dateTime": "2025-08-28T22:05:23.783Z", "eventType": "input.type", "fullPath": "/main.py", "details": {"fromA": 49, "toA": 49, "fromB": 49, "toB": 50, "inserted": ["o"]}}
{"dateTime": "2025-08-28T22:05:24.297Z", "eventType": "delete.backward", "fullPath": "/main.py", "details": {"fromA": 49, "toA": 50, "fromB": 49, "toB": 49, "inserted": [""]}}
{"dateTime": "2025-08-28T22:05:24.473Z", "eventType": "delete.backward", "fullPath": "/main.py", "details": {"fromA": 48, "toA": 49, "fromB": 48, "toB": 48, "inserted": [""]}}
{"dateTime": "2025-08-28T22:05:24.617Z", "eventType": "delete.backward", "fullPath": "/main.py", "details": {"fromA": 47, "toA": 48, "fromB": 47, "toB": 47, "inserted": [""]}}
{"dateTime": "2025-08-28T22:05:24.760Z", "eventType": "delete.backward", "fullPath": "/main.py", "details": {"fromA": 46, "toA": 47, "fromB": 46, "toB": 46, "inserted": [""]}}
{"dateTime": "2025-08-28T22:05:24.920Z", "eventType": "delete.backward", "fullPath": "/main.py", "details": {"fromA": 45, "toA": 46, "fromB": 45, "toB": 45, "inserted": [""]}}
{"dateTime": "2025-08-28T22:05:25.079Z", "eventType": "delete.backward", "fullPath": "/main.py", "details": {"fromA": 44, "toA": 45, "fromB": 44, "toB": 44, "inserted": [""]}}
{"dateTime": "2025-08-28T22:05:25.700Z", "eventType": "input.type", "fullPath": "/main.py", "details": {"fromA": 44, "toA": 44, "fromB": 44, "toB": 45, "inserted": ["="]}}
{"dateTime": "2025-08-28T22:05:25.764Z", "eventType": "input.type", "fullPath": "/main.py", "details": {"fromA": 45, "toA": 45, "fromB": 45, "toB": 46, "inserted": [" "]}}
{"dateTime": "2025-08-28T22:05:31.656Z", "eventType": "input.type", "fullPath": "/main.py", "details": {"fromA": 46, "toA": 46, "fromB": 46, "toB": 47, "inserted": ["f"]}}
{"dateTime": "2025-08-28T22:05:31.765Z", "eventType": "input.type", "fullPath": "/main.py", "details": {"fromA": 47, "toA": 47, "fromB": 47, "toB": 48, "inserted": ["l"]}}
{"dateTime": "2025-08-28T22:05:31.901Z", "eventType": "input.type", "fullPath": "/main.py", "details": {"fromA": 48, "toA": 48, "fromB": 48, "toB": 49, "inserted": ["o"]}}
{"dateTime": "2025-08-28T22:05:32.025Z", "eventType": "input.type", "fullPath": "/main.py", "details": {"fromA": 49, "toA": 49, "fromB": 49, "toB": 50, "inserted": ["a"]}}
{"dateTime": "2025-08-28T22:05:32.201Z", "eventType": "input.type", "fullPath": "/main.py", "details": {"fromA": 50, "toA": 50, "fromB": 50, "toB": 51, "inserted": ["t"]}}
{"dateTime": "2025-08-28T22:05:33.272Z", "eventType": "input.type", "fullPath": "/main.py", "details": {"fromA": 51, "toA": 51, "fromB": 51, "toB": 52, "inserted": ["9"]}}
{"dateTime": "2025-08-28T22:05:33.479Z", "eventType": "input.type", "fullPath": "/main.py", "details": {"fromA": 52, "toA": 52, "fromB": 52, "toB": 53, "inserted": ["i"]}}
{"dateTime": "2025-08-28T22:05:33.672Z", "eventType": "input.type", "fullPath": "/main.py", "details": {"fromA": 53, "toA": 53, "fromB": 53, "toB": 54, "inserted": ["n"]}}
{"dateTime": "2025-08-28T22:05:33.831Z", "eventType": "input.type", "fullPath": "/main.py", "details": {"fromA": 54, "toA": 54, "fromB": 54, "toB": 55, "inserted": ["p"]}}
{"dateTime": "2025-08-28T22:05:34.023Z", "eventType": "input.type", "fullPath": "/main.py", "details": {"fromA": 55, "toA": 55, "fromB": 55, "toB": 56, "inserted": ["u"]}}
{"dateTime": "2025-08-28T22:05:34.455Z", "eventType": "input.type", "fullPath": "/main.py", "details": {"fromA": 56, "toA": 56, "fromB": 56, "toB": 57, "inserted": ["t"]}}
{"dateTime": "2025-08-28T22:05:34.952Z", "eventType": "input.type", "fullPath": "/main.py", "details": {"fromA": 57, "toA": 57, "fromB": 57, "toB": 59, "inserted": ["()"]}}
{"dateTime": "2025-08-28T22:05:36.164Z", "eventType": "input.type", "fullPath": "/main.py", "details": {"fromA": 58, "toA": 58, "fromB": 58, "toB": 60, "inserted": ["\"\""]}}
{"dateTime": "2025-08-28T22:05:36.967Z", "eventType": "input.type", "fullPath": "/main.py", "details": {"fromA": 59, "toA": 59, "fromB": 59, "toB": 60, "inserted": ["c"]}}
{"dateTime": "2025-08-28T22:05:37.143Z", "eventType": "input.type", "fullPath": "/main.py", "details": {"fromA": 60, "toA": 60, "fromB": 60, "toB": 61, "inserted": ["o"]}}
{"dateTime": "2025-08-28T22:05:37.303Z", "eventType": "input.type", "fullPath": "/main.py", "details": {"fromA": 61, "toA": 61, "fromB": 61, "toB": 62, "inserted": ["n"]}}
{"dateTime": "2025-08-28T22:05:37.431Z", "eventType": "input.type", "fullPath": "/main.py", "details": {"fromA": 62, "toA": 62, "fromB": 62, "toB": 63, "inserted": ["s"]}}
{"dateTime": "2025-08-28T22:05:37.559Z", "eventType": "input.type", "fullPath": "/main.py", "details": {"fromA": 63, "toA": 63, "fromB": 63, "toB": 64, "inserted": ["u"]}}
{"dateTime": "2025-08-28T22:05:37.736Z", "eventType": "input.type", "fullPath": "/main.py", "details": {"fromA": 64, "toA": 64, "fromB": 64, "toB": 65, "inserted": ["m"]}}
{"dateTime": "2025-08-28T22:05:37.831Z", "eventType": "input.type", "fullPath": "/main.py", "details": {"fromA": 65, "toA": 65, "fromB": 65, "toB": 66, "inserted": ["o"]}}
{"dateTime": "2025-08-28T22:05:38.839Z", "eventType": "input.type", "fullPath": "/main.py", "details": {"fromA": 66, "toA": 66, "fromB": 66, "toB": 67, "inserted": [":"]}}
{"dateTime": "2025-08-28T22:05:38.967Z", "eventType": "input.type", "fullPath": "/main.py", "details": {"fromA": 67, "toA": 67, "fromB": 67, "toB": 68, "inserted": [" "]}}
{"dateTime": "2025-08-28T22:05:39.415Z", "eventType": "select", "fullPath": "/main.py", "details": {"selection": {"from": 69, "to": 69}}}
{"dateTime": "2025-08-28T22:05:39.572Z", "eventType": "select", "fullPath": "/main.py", "details": {"selection": {"from": 70, "to": 70}}}
{"dateTime": "2025-08-28T22:05:41.428Z", "eventType": "select", "fullPath": "/main.py", "details": {"selection": {"from": 69, "to": 69}}}
{"dateTime": "2025-08-28T22:05:41.558Z", "eventType": "select", "fullPath": "/main.py", "details": {"selection": {"from": 68, "to": 68}}}
{"dateTime": "2025-08-28T22:05:41.717Z", "eventType": "select", "fullPath": "/main.py", "details": {"selection": {"from": 67, "to": 67}}}
{"dateTime": "2025-08-28T22:05:41.844Z", "eventType": "select", "fullPath": "/main.py", "details": {"selection": {"from": 66, "to": 66}}}
{"dateTime": "2025-08-28T22:05:41.987Z", "eventType": "select", "fullPath": "/main.py", "details": {"selection": {"from": 65, "to": 65}}}
{"dateTime": "2025-08-28T22:05:42.131Z", "eventType": "select", "fullPath": "/main.py", "details": {"selection": {"from": 64, "to": 64}}}
{"dateTime": "2025-08-28T22:05:42.307Z", "eventType": "select", "fullPath": "/main.py", "details": {"selection": {"from": 63, "to": 63}}}
{"dateTime": "2025-08-28T22:05:42.451Z", "eventType": "select", "fullPath": "/main.py", "details": {"selection": {"from": 62, "to": 62}}}
{"dateTime": "2025-08-28T22:05:42.611Z", "eventType": "select", "fullPath": "/main.py", "details": {"selection": {"from": 61, "to": 61}}}
{"dateTime": "2025-08-28T22:05:42.755Z", "eventType": "select", "fullPath": "/main.py", "details": {"selection": {"from": 60, "to": 60}}}
{"dateTime": "2025-08-28T22:05:42.883Z", "eventType": "select", "fullPath": "/main.py", "details": {"selection": {"from": 59, "to": 59}}}
{"dateTime": "2025-08-28T22:05:43.386Z", "eventType": "select", "fullPath": "/main.py", "details": {"selection": {"from": 58, "to": 58}}}
{"dateTime": "2025-08-28T22:05:43.431Z", "eventType": "select", "fullPath": "/main.py", "details": {"selection": {"from": 57, "to": 57}}}
{"dateTime": "2025-08-28T22:05:43.486Z", "eventType": "select", "fullPath": "/main.py", "details": {"selection": {"from": 56, "to": 56}}}
{"dateTime": "2025-08-28T22:05:43.534Z", "eventType": "select", "fullPath": "/main.py", "details": {"selection": {"from": 55, "to": 55}}}
{"dateTime": "2025-08-28T22:05:43.585Z", "eventType": "select", "fullPath": "/main.py", "details": {"selection": {"from": 54, "to": 54}}}
{"dateTime": "2025-08-28T22:05:43.843Z", "eventType": "select", "fullPath": "/main.py", "details": {"selection": {"from": 53, "to": 53}}}
{"dateTime": "2025-08-28T22:05:43.987Z", "eventType": "select", "fullPath": "/main.py", "details": {"selection": {"from": 52, "to": 52}}}
{"dateTime": "2025-08-28T22:05:44.678Z", "eventType": "delete.backward", "fullPath": "/main.py", "details": {"fromA": 51, "toA": 52, "fromB": 51, "toB": 51, "inserted": [""]}}
{"dateTime": "2025-08-28T22:05:44.999Z", "eventType": "input.type", "fullPath": "/main.py", "details": {"fromA": 51, "toA": 51, "fromB": 51, "toB": 52, "inserted": ["("]}}
{"dateTime": "2025-08-28T22:05:45.957Z", "eventType": "select", "fullPath": "/main.py", "details": {"selection": {"from": 53, "to": 53}}}
{"dateTime": "2025-08-28T22:05:46.455Z", "eventType": "select", "fullPath": "/main.py", "details": {"selection": {"from": 54, "to": 54}}}
{"dateTime": "2025-08-28T22:05:46.504Z", "eventType": "select", "fullPath": "/main.py", "details": {"selection": {"from": 55, "to": 55}}}
{"dateTime": "2025-08-28T22:05:46.554Z", "eventType": "select", "fullPath": "/main.py", "details": {"selection": {"from": 56, "to": 56}}}
{"dateTime": "2025-08-28T22:05:46.606Z", "eventType": "select", "fullPath": "/main.py", "details": {"selection": {"from": 57, "to": 57}}}
{"dateTime": "2025-08-28T22:05:46.659Z", "eventType": "select", "fullPath": "/main.py", "details": {"selection": {"from": 58, "to": 58}}}
{"dateTime": "2025-08-28T22:05:46.711Z", "eventType": "select", "fullPath": "/main.py", "details": {"selection": {"from": 59, "to": 59}}}
{"dateTime": "2025-08-28T22:05:46.760Z", "eventType": "select", "fullPath": "/main.py", "details": {"selection": {"from": 60, "to": 60}}}
{"dateTime": "2025-08-28T22:05:46.810Z", "eventType": "select", "fullPath": "/main.py", "details": {"selection": {"from": 61, "to": 61}}}
{"dateTime": "2025-08-28T22:05:46.861Z", "eventType": "select", "fullPath": "/main.py", "details": {"selection": {"from": 62, "to": 62}}}
{"dateTime": "2025-08-28T22:05:46.912Z", "eventType": "select", "fullPath": "/main.py", "details": {"selection": {"from": 63, "to": 63}}}
{"dateTime": "2025-08-28T22:05:46.963Z", "eventType": "select", "fullPath": "/main.py", "details": {"selection": {"from": 64, "to": 64}}}
{"dateTime": "2025-08-28T22:05:47.014Z", "eventType": "select", "fullPath": "/main.py", "details": {"selection": {"from": 65, "to": 65}}}
{"dateTime": "2025-08-28T22:05:47.064Z", "eventType": "select", "fullPath": "/main.py", "details": {"selection": {"from": 66, "to": 66}}}
{"dateTime": "2025-08-28T22:05:47.115Z", "eventType": "select", "fullPath": "/main.py", "details": {"selection": {"from": 67, "to": 67}}}
{"dateTime": "2025-08-28T22:05:47.166Z", "eventType": "select", "fullPath": "/main.py", "details": {"selection": {"from": 68, "to": 68}}}
{"dateTime": "2025-08-28T22:05:47.317Z", "eventType": "select", "fullPath": "/main.py", "details": {"selection": {"from": 69, "to": 69}}}
{"dateTime": "2025-08-28T22:05:47.555Z", "eventType": "select", "fullPath": "/main.py", "details": {"selection": {"from": 70, "to": 70}}}
{"dateTime": "2025-08-28T22:05:48.326Z", "eventType": "input.type", "fullPath": "/main.py", "details": {"fromA": 70, "toA": 70, "fromB": 70, "toB": 71, "inserted": [")"]}}
{"dateTime": "2025-08-28T22:05:49.046Z", "eventType": "input", "fullPath": "/main.py", "details": {"fromA": 71, "toA": 71, "fromB": 71, "toB": 72, "inserted": ["", ""]}}
{"dateTime": "2025-08-28T22:06:23.777Z", "eventType": "input.type", "fullPath": "/main.py", "details": {"fromA": 72, "toA": 72, "fromB": 72, "toB": 73, "inserted": ["o"]}}
{"dateTime": "2025-08-28T22:06:23.836Z", "eventType": "input.type", "fullPath": "/main.py", "details": {"fromA": 73, "toA": 73, "fromB": 73, "toB": 74, "inserted": ["t"]}}
{"dateTime": "2025-08-28T22:06:23.997Z", "eventType": "input.type", "fullPath": "/main.py", "details": {"fromA": 74, "toA": 74, "fromB": 74, "toB": 75, "inserted": ["a"]}}
{"dateTime": "2025-08-28T22:06:24.259Z", "eventType": "delete.backward", "fullPath": "/main.py", "details": {"fromA": 74, "toA": 75, "fromB": 74, "toB": 74, "inserted": [""]}}
{"dateTime": "2025-08-28T22:06:24.436Z", "eventType": "delete.backward", "fullPath": "/main.py", "details": {"fromA": 73, "toA": 74, "fromB": 73, "toB": 73, "inserted": [""]}}
{"dateTime": "2025-08-28T22:06:24.592Z", "eventType": "delete.backward", "fullPath": "/main.py", "details": {"fromA": 72, "toA": 73, "fromB": 72, "toB": 72, "inserted": [""]}}
{"dateTime": "2025-08-28T22:06:25.249Z", "eventType": "input.type", "fullPath": "/main.py", "details": {"fromA": 72, "toA": 72, "fromB": 72, "toB": 73, "inserted": ["t"]}}
{"dateTime": "2025-08-28T22:06:25.340Z", "eventType": "input.type", "fullPath": "/main.py", "details": {"fromA": 73, "toA": 73, "fromB": 73, "toB": 74, "inserted": ["o"]}}
{"dateTime": "2025-08-28T22:06:25.425Z", "eventType": "input.type", "fullPath": "/main.py", "details": {"fromA": 74, "toA": 74, "fromB": 74, "toB": 75, "inserted": ["t"]}}
{"dateTime": "2025-08-28T22:06:25.504Z", "eventType": "input.type", "fullPath": "/main.py", "details": {"fromA": 75, "toA": 75, "fromB": 75, "toB": 76, "inserted": ["a"]}}
{"dateTime": "2025-08-28T22:06:25.628Z", "eventType": "input.type", "fullPath": "/main.py", "details": {"fromA": 76, "toA": 76, "fromB": 76, "toB": 77, "inserted": ["l"]}}
{"dateTime": "2025-08-28T22:06:25.724Z", "eventType": "input.type", "fullPath": "/main.py", "details": {"fromA": 77, "toA": 77, "fromB": 77, "toB": 78, "inserted": [" "]}}
{"dateTime": "2025-08-28T22:06:26.544Z", "eventType": "input.type", "fullPath": "/main.py", "details": {"fromA": 78, "toA": 78, "fromB": 78, "toB": 79, "inserted": ["="]}}
{"dateTime": "2025-08-28T22:06:26.673Z", "eventType": "input.type", "fullPath": "/main.py", "details": {"fromA": 79, "toA": 79, "fromB": 79, "toB": 80, "inserted": [" "]}}
{"dateTime": "2025-08-28T22:06:27.584Z", "eventType": "input.type", "fullPath": "/main.py", "details": {"fromA": 80, "toA": 80, "fromB": 80, "toB": 81, "inserted": ["s"]}}
{"dateTime": "2025-08-28T22:06:27.692Z", "eventType": "input.type", "fullPath": "/main.py", "details": {"fromA": 81, "toA": 81, "fromB": 81, "toB": 82, "inserted": ["a"]}}
{"dateTime": "2025-08-28T22:06:27.884Z", "eventType": "input.type", "fullPath": "/main.py", "details": {"fromA": 82, "toA": 82, "fromB": 82, "toB": 83, "inserted": ["c"]}}
{"dateTime": "2025-08-28T22:06:28.012Z", "eventType": "input.type", "fullPath": "/main.py", "details": {"fromA": 83, "toA": 83, "fromB": 83, "toB": 84, "inserted": ["o"]}}
{"dateTime": "2025-08-28T22:06:28.091Z", "eventType": "input.type", "fullPath": "/main.py", "details": {"fromA": 84, "toA": 84, "fromB": 84, "toB": 85, "inserted": [" "]}}
{"dateTime": "2025-08-28T22:06:28.667Z", "eventType": "input.type", "fullPath": "/main.py", "details": {"fromA": 85, "toA": 85, "fromB": 85, "toB": 86, "inserted": ["*"]}}
{"dateTime": "2025-08-28T22:06:30.171Z", "eventType": "delete.backward", "fullPath": "/main.py", "details": {"fromA": 85, "toA": 86, "fromB": 85, "toB": 85, "inserted": [""]}}
{"dateTime": "2025-08-28T22:06:30.299Z", "eventType": "delete.backward", "fullPath": "/main.py", "details": {"fromA": 84, "toA": 85, "fromB": 84, "toB": 84, "inserted": [""]}}
{"dateTime": "2025-08-28T22:06:30.427Z", "eventType": "delete.backward", "fullPath": "/main.py", "details": {"fromA": 83, "toA": 84, "fromB": 83, "toB": 83, "inserted": [""]}}
{"dateTime": "2025-08-28T22:06:30.571Z", "eventType": "delete.backward", "fullPath": "/main.py", "details": {"fromA": 82, "toA": 83, "fromB": 82, "toB": 82, "inserted": [""]}}
{"dateTime": "2025-08-28T22:06:30.715Z", "eventType": "delete.backward", "fullPath": "/main.py", "details": {"fromA": 81, "toA": 82, "fromB": 81, "toB": 81, "inserted": [""]}}
{"dateTime": "2025-08-28T22:06:31.019Z", "eventType": "delete.backward", "fullPath": "/main.py", "details": {"fromA": 80, "toA": 81, "fromB": 80, "toB": 80, "inserted": [""]}}
{"dateTime": "2025-08-28T22:06:31.387Z", "eventType": "input.type", "fullPath": "/main.py", "details": {"fromA": 80, "toA": 80, "fromB": 80, "toB": 82, "inserted": ["()"]}}
{"dateTime": "2025-08-28T22:06:31.611Z", "eventType": "input.type", "fullPath": "/main.py", "details": {"fromA": 81, "toA": 81, "fromB": 81, "toB": 82, "inserted": ["s"]}}
{"dateTime": "2025-08-28T22:06:31.739Z", "eventType": "input.type", "fullPath": "/main.py", "details": {"fromA": 82, "toA": 82, "fromB": 82, "toB": 83, "inserted": ["s"]}}
{"dateTime": "2025-08-28T22:06:31.996Z", "eventType": "input.type", "fullPath": "/main.py", "details": {"fromA": 83, "toA": 83, "fromB": 83, "toB": 84, "inserted": ["a"]}}
{"dateTime": "2025-08-28T22:06:32.192Z", "eventType": "input.type", "fullPath": "/main.py", "details": {"fromA": 84, "toA": 84, "fromB": 84, "toB": 85, "inserted": ["c"]}}
{"dateTime": "2025-08-28T22:06:32.434Z", "eventType": "delete.backward", "fullPath": "/main.py", "details": {"fromA": 84, "toA": 85, "fromB": 84, "toB": 84, "inserted": [""]}}
{"dateTime": "2025-08-28T22:06:32.571Z", "eventType": "delete.backward", "fullPath": "/main.py", "details": {"fromA": 83, "toA": 84, "fromB": 83, "toB": 83, "inserted": [""]}}
{"dateTime": "2025-08-28T22:06:32.705Z", "eventType": "delete.backward", "fullPath": "/main.py", "details": {"fromA": 82, "toA": 83, "fromB": 82, "toB": 82, "inserted": [""]}}
{"dateTime": "2025-08-28T22:06:32.780Z", "eventType": "input.type", "fullPath": "/main.py", "details": {"fromA": 82, "toA": 82, "fromB": 82, "toB": 83, "inserted": ["a"]}}
{"dateTime": "2025-08-28T22:06:32.867Z", "eventType": "input.type", "fullPath": "/main.py", "details": {"fromA": 83, "toA": 83, "fromB": 83, "toB": 84, "inserted": ["c"]}}
{"dateTime": "2025-08-28T22:06:32.994Z", "eventType": "input.type", "fullPath": "/main.py", "details": {"fromA": 84, "toA": 84, "fromB": 84, "toB": 85, "inserted": ["o"]}}
{"dateTime": "2025-08-28T22:06:33.888Z", "eventType": "input.type", "fullPath": "/main.py", "details": {"fromA": 85, "toA": 85, "fromB": 85, "toB": 86, "inserted": [" "]}}
{"dateTime": "2025-08-28T22:06:34.395Z", "eventType": "input.type", "fullPath": "/main.py", "details": {"fromA": 86, "toA": 86, "fromB": 86, "toB": 87, "inserted": ["*"]}}
{"dateTime": "2025-08-28T22:06:34.576Z", "eventType": "input.type", "fullPath": "/main.py", "details": {"fromA": 87, "toA": 87, "fromB": 87, "toB": 88, "inserted": [" "]}}
{"dateTime": "2025-08-28T22:06:34.799Z", "eventType": "input.type", "fullPath": "/main.py", "details": {"fromA": 88, "toA": 88, "fromB": 88, "toB": 89, "inserted": ["c"]}}
{"dateTime": "2025-08-28T22:06:34.923Z", "eventType": "input.type", "fullPath": "/main.py", "details": {"fromA": 89, "toA": 89, "fromB": 89, "toB": 90, "inserted": ["o"]}}
{"dateTime": "2025-08-28T22:06:35.643Z", "eventType": "delete.backward", "fullPath": "/main.py", "details": {"fromA": 89, "toA": 90, "fromB": 89, "toB": 89, "inserted": [""]}}
{"dateTime": "2025-08-28T22:06:35.899Z", "eventType": "delete.backward", "fullPath": "/main.py", "details": {"fromA": 88, "toA": 89, "fromB": 88, "toB": 88, "inserted": [""]}}
{"dateTime": "2025-08-28T22:06:36.719Z", "eventType": "input.type", "fullPath": "/main.py", "details": {"fromA": 88, "toA": 88, "fromB": 88, "toB": 89, "inserted": ["c"]}}
{"dateTime": "2025-08-28T22:06:37.217Z", "eventType": "input.type", "fullPath": "/main.py", "details": {"fromA": 89, "toA": 89, "fromB": 89, "toB": 90, "inserted": ["o"]}}
{"dateTime": "2025-08-28T22:06:37.436Z", "eventType": "input.type", "fullPath": "/main.py", "details": {"fromA": 90, "toA": 90, "fromB": 90, "toB": 91, "inserted": ["n"]}}
{"dateTime": "2025-08-28T22:06:37.618Z", "eventType": "input.type", "fullPath": "/main.py", "details": {"fromA": 91, "toA": 91, "fromB": 91, "toB": 92, "inserted": ["s"]}}
{"dateTime": "2025-08-28T22:06:37.761Z", "eventType": "input.type", "fullPath": "/main.py", "details": {"fromA": 92, "toA": 92, "fromB": 92, "toB": 93, "inserted": ["u"]}}
{"dateTime": "2025-08-28T22:06:37.967Z", "eventType": "input.type", "fullPath": "/main.py", "details": {"fromA": 93, "toA": 93, "fromB": 93, "toB": 94, "inserted": ["m"]}}
{"dateTime": "2025-08-28T22:06:38.097Z", "eventType": "input.type", "fullPath": "/main.py", "details": {"fromA": 94, "toA": 94, "fromB": 94, "toB": 95, "inserted": ["o"]}}
{"dateTime": "2025-08-28T22:06:47.386Z", "eventType": "delete.backward", "fullPath": "/main.py", "details": {"fromA": 94, "toA": 95, "fromB": 94, "toB": 94, "inserted": [""]}}
{"dateTime": "2025-08-28T22:06:47.563Z", "eventType": "delete.backward", "fullPath": "/main.py", "details": {"fromA": 93, "toA": 94, "fromB": 93, "toB": 93, "inserted": [""]}}
{"dateTime": "2025-08-28T22:06:47.709Z", "eventType": "delete.backward", "fullPath": "/main.py", "details": {"fromA": 92, "toA": 93, "fromB": 92, "toB": 92, "inserted": [""]}}
{"dateTime": "2025-08-28T22:06:47.873Z", "eventType": "delete.backward", "fullPath": "/main.py", "details": {"fromA": 91, "toA": 92, "fromB": 91, "toB": 91, "inserted": [""]}}
{"dateTime": "2025-08-28T22:06:48.033Z", "eventType": "delete.backward", "fullPath": "/main.py", "details": {"fromA": 90, "toA": 91, "fromB": 90, "toB": 90, "inserted": [""]}}
{"dateTime": "2025-08-28T22:06:48.198Z", "eventType": "delete.backward", "fullPath": "/main.py", "details": {"fromA": 89, "toA": 90, "fromB": 89, "toB": 89, "inserted": [""]}}
{"dateTime": "2025-08-28T22:06:48.348Z", "eventType": "delete.backward", "fullPath": "/main.py", "details": {"fromA": 88, "toA": 89, "fromB": 88, "toB": 88, "inserted": [""]}}
{"dateTime": "2025-08-28T22:06:48.525Z", "eventType": "delete.backward", "fullPath": "/main.py", "details": {"fromA": 87, "toA": 88, "fromB": 87, "toB": 87, "inserted": [""]}}
{"dateTime": "2025-08-28T22:06:48.748Z", "eventType": "delete.backward", "fullPath": "/main.py", "details": {"fromA": 86, "toA": 87, "fromB": 86, "toB": 86, "inserted": [""]}}
{"dateTime": "2025-08-28T22:06:49.745Z", "eventType": "input.type", "fullPath": "/main.py", "details": {"fromA": 86, "toA": 86, "fromB": 86, "toB": 87, "inserted": ["-"]}}
{"dateTime": "2025-08-28T22:06:49.890Z", "eventType": "input.type", "fullPath": "/main.py", "details": {"fromA": 87, "toA": 87, "fromB": 87, "toB": 88, "inserted": [" "]}}
{"dateTime": "2025-08-28T22:06:50.900Z", "eventType": "input.type", "fullPath": "/main.py", "details": {"fromA": 88, "toA": 88, "fromB": 88, "toB": 89, "inserted": ["c"]}}
{"dateTime": "2025-08-28T22:06:51.066Z", "eventType": "input.type", "fullPath": "/main.py", "details": {"fromA": 89, "toA": 89, "fromB": 89, "toB": 90, "inserted": ["o"]}}
{"dateTime": "2025-08-28T22:06:51.479Z", "eventType": "input.type", "fullPath": "/main.py", "details": {"fromA": 90, "toA": 90, "fromB": 90, "toB": 91, "inserted": ["n"]}}
{"dateTime": "2025-08-28T22:06:51.674Z", "eventType": "input.type", "fullPath": "/main.py", "details": {"fromA": 91, "toA": 91, "fromB": 91, "toB": 92, "inserted": ["s"]}}
{"dateTime": "2025-08-28T22:06:51.801Z", "eventType": "input.type", "fullPath": "/main.py", "details": {"fromA": 92, "toA": 92, "fromB": 92, "toB": 93, "inserted": ["u"]}}
{"dateTime": "2025-08-28T22:06:51.992Z", "eventType": "input.type", "fullPath": "/main.py", "details": {"fromA": 93, "toA": 93, "fromB": 93, "toB": 94, "inserted": ["m"]}}
{"dateTime": "2025-08-28T22:06:52.122Z", "eventType": "input.type", "fullPath": "/main.py", "details": {"fromA": 94, "toA": 94, "fromB": 94, "toB": 95, "inserted": ["o"]}}
{"dateTime": "2025-08-28T22:06:52.265Z", "eventType": "input.type", "fullPath": "/main.py", "details": {"fromA": 95, "toA": 95, "fromB": 95, "toB": 96, "inserted": [" "]}}
{"dateTime": "2025-08-28T22:06:53.527Z", "eventType": "delete.backward", "fullPath": "/main.py", "details": {"fromA": 95, "toA": 96, "fromB": 95, "toB": 95, "inserted": [""]}}
{"dateTime": "2025-08-28T22:06:53.899Z", "eventType": "select", "fullPath": "/main.py", "details": {"selection": {"from": 96, "to": 96}}}
{"dateTime": "2025-08-28T22:06:55.170Z", "eventType": "input.type", "fullPath": "/main.py", "details": {"fromA": 96, "toA": 96, "fromB": 96, "toB": 97, "inserted": ["*"]}}
{"dateTime": "2025-08-28T22:06:55.822Z", "eventType": "input.type", "fullPath": "/main.py", "details": {"fromA": 97, "toA": 97, "fromB": 97, "toB": 98, "inserted": [" "]}}
{"dateTime": "2025-08-28T22:06:55.987Z", "eventType": "input.type", "fullPath": "/main.py", "details": {"fromA": 98, "toA": 98, "fromB": 98, "toB": 99, "inserted": ["5"]}}
{"dateTime": "2025-08-28T22:06:57.319Z", "eventType": "input", "fullPath": "/main.py", "details": {"fromA": 99, "toA": 99, "fromB": 99, "toB": 100, "inserted": ["", ""]}}
{"dateTime": "2025-08-28T22:06:57.688Z", "eventType": "input.type", "fullPath": "/main.py", "details": {"fromA": 100, "toA": 100, "fromB": 100, "toB": 101, "inserted": ["p"]}}
{"dateTime": "2025-08-28T22:06:57.860Z", "eventType": "input.type", "fullPath": "/main.py", "details": {"fromA": 101, "toA": 101, "fromB": 101, "toB": 102, "inserted": ["r"]}}
{"dateTime": "2025-08-28T22:06:57.963Z", "eventType": "input.type", "fullPath": "/main.py", "details": {"fromA": 102, "toA": 102, "fromB": 102, "toB": 103, "inserted": ["i"]}}
{"dateTime": "2025-08-28T22:06:58.140Z", "eventType": "input.type", "fullPath": "/main.py", "details": {"fromA": 103, "toA": 103, "fromB": 103, "toB": 104, "inserted": ["n"]}}
{"dateTime": "2025-08-28T22:06:58.235Z", "eventType": "input.type", "fullPath": "/main.py", "details": {"fromA": 104, "toA": 104, "fromB": 104, "toB": 105, "inserted": ["t"]}}
{"dateTime": "2025-08-28T22:06:58.474Z", "eventType": "input.type", "fullPath": "/main.py", "details": {"fromA": 105, "toA": 105, "fromB": 105, "toB": 107, "inserted": ["()"]}}
{"dateTime": "2025-08-28T22:06:58.587Z", "eventType": "input.type", "fullPath": "/main.py", "details": {"fromA": 106, "toA": 106, "fromB": 106, "toB": 107, "inserted": [" "]}}
{"dateTime": "2025-08-28T22:06:59.386Z", "eventType": "delete.backward", "fullPath": "/main.py", "details": {"fromA": 106, "toA": 107, "fromB": 106, "toB": 106, "inserted": [""]}}
{"dateTime": "2025-08-28T22:07:00.205Z", "eventType": "input.type", "fullPath": "/main.py", "details": {"fromA": 106, "toA": 106, "fromB": 106, "toB": 107, "inserted": ["t"]}}
{"dateTime": "2025-08-28T22:07:00.322Z", "eventType": "input.type", "fullPath": "/main.py", "details": {"fromA": 107, "toA": 107, "fromB": 107, "toB": 108, "inserted": ["o"]}}
{"dateTime": "2025-08-28T22:07:00.378Z", "eventType": "input.type", "fullPath": "/main.py", "details": {"fromA": 108, "toA": 108, "fromB": 108, "toB": 109, "inserted": ["t"]}}
{"dateTime": "2025-08-28T22:07:00.481Z", "eventType": "input.type", "fullPath": "/main.py", "details": {"fromA": 109, "toA": 109, "fromB": 109, "toB": 110, "inserted": ["a"]}}
{"dateTime": "2025-08-28T22:07:00.560Z", "eventType": "input.type", "fullPath": "/main.py", "details": {"fromA": 110, "toA": 110, "fromB": 110, "toB": 111, "inserted": ["l"]}}
{"dateTime": "2025-08-28T22:07:03.717Z", "eventType": "input.type", "fullPath": "/main.py", "details": {"fromA": 111, "toA": 111, "fromB": 111, "toB": 112, "inserted": [","]}}
{"dateTime": "2025-08-28T22:07:03.942Z", "eventType": "input.type", "fullPath": "/main.py", "details": {"fromA": 112, "toA": 112, "fromB": 112, "toB": 113, "inserted": [" "]}}
{"dateTime": "2025-08-28T22:07:04.342Z", "eventType": "input.type", "fullPath": "/main.py", "details": {"fromA": 113, "toA": 113, "fromB": 113, "toB": 114, "inserted": ["2"]}}
{"dateTime": "2025-08-28T22:07:04.822Z", "eventType": "delete.backward", "fullPath": "/main.py", "details": {"fromA": 113, "toA": 114, "fromB": 113, "toB": 113, "inserted": [""]}}
{"dateTime": "2025-08-28T22:07:04.948Z", "eventType": "delete.backward", "fullPath": "/main.py", "details": {"fromA": 112, "toA": 113, "fromB": 112, "toB": 112, "inserted": [""]}}
{"dateTime": "2025-08-28T22:07:05.112Z", "eventType": "delete.backward", "fullPath": "/main.py", "details": {"fromA": 111, "toA": 112, "fromB": 111, "toB": 111, "inserted": [""]}}
{"dateTime": "2025-08-28T22:07:05.272Z", "eventType": "delete.backward", "fullPath": "/main.py", "details": {"fromA": 110, "toA": 111, "fromB": 110, "toB": 110, "inserted": [""]}}
{"dateTime": "2025-08-28T22:07:05.416Z", "eventType": "delete.backward", "fullPath": "/main.py", "details": {"fromA": 109, "toA": 110, "fromB": 109, "toB": 109, "inserted": [""]}}
{"dateTime": "2025-08-28T22:07:05.592Z", "eventType": "delete.backward", "fullPath": "/main.py", "details": {"fromA": 108, "toA": 109, "fromB": 108, "toB": 108, "inserted": [""]}}
{"dateTime": "2025-08-28T22:07:05.753Z", "eventType": "delete.backward", "fullPath": "/main.py", "details": {"fromA": 107, "toA": 108, "fromB": 107, "toB": 107, "inserted": [""]}}
{"dateTime": "2025-08-28T22:07:06.104Z", "eventType": "delete.backward", "fullPath": "/main.py", "details": {"fromA": 106, "toA": 107, "fromB": 106, "toB": 106, "inserted": [""]}}
{"dateTime": "2025-08-28T22:07:06.395Z", "eventType": "input.type", "fullPath": "/main.py", "details": {"fromA": 106, "toA": 106, "fromB": 106, "toB": 107, "inserted": ["r"]}}
{"dateTime": "2025-08-28T22:07:06.491Z", "eventType": "input.type", "fullPath": "/main.py", "details": {"fromA": 107, "toA": 107, "fromB": 107, "toB": 108, "inserted": ["o"]}}
{"dateTime": "2025-08-28T22:07:06.751Z", "eventType": "input.type", "fullPath": "/main.py", "details": {"fromA": 108, "toA": 108, "fromB": 108, "toB": 109, "inserted": ["u"]}}
{"dateTime": "2025-08-28T22:07:06.935Z", "eventType": "input.type", "fullPath": "/main.py", "details": {"fromA": 109, "toA": 109, "fromB": 109, "toB": 110, "inserted": ["n"]}}
{"dateTime": "2025-08-28T22:07:07.100Z", "eventType": "input.type", "fullPath": "/main.py", "details": {"fromA": 110, "toA": 110, "fromB": 110, "toB": 111, "inserted": ["d"]}}
{"dateTime": "2025-08-28T22:07:07.406Z", "eventType": "input.type", "fullPath": "/main.py", "details": {"fromA": 111, "toA": 111, "fromB": 111, "toB": 113, "inserted": ["()"]}}
{"dateTime": "2025-08-28T22:07:07.870Z", "eventType": "input.type", "fullPath": "/main.py", "details": {"fromA": 112, "toA": 112, "fromB": 112, "toB": 113, "inserted": ["t"]}}
{"dateTime": "2025-08-28T22:07:07.980Z", "eventType": "input.type", "fullPath": "/main.py", "details": {"fromA": 113, "toA": 113, "fromB": 113, "toB": 114, "inserted": ["o"]}}
{"dateTime": "2025-08-28T22:07:08.041Z", "eventType": "input.type", "fullPath": "/main.py", "details": {"fromA": 114, "toA": 114, "fromB": 114, "toB": 115, "inserted": ["t"]}}
{"dateTime": "2025-08-28T22:07:08.160Z", "eventType": "input.type", "fullPath": "/main.py", "details": {"fromA": 115, "toA": 115, "fromB": 115, "toB": 116, "inserted": ["a"]}}
{"dateTime": "2025-08-28T22:07:08.256Z", "eventType": "input.type", "fullPath": "/main.py", "details": {"fromA": 116, "toA": 116, "fromB": 116, "toB": 117, "inserted": ["l"]}}
{"dateTime": "2025-08-28T22:07:09.360Z", "eventType": "input.type", "fullPath": "/main.py", "details": {"fromA": 117, "toA": 117, "fromB": 117, "toB": 118, "inserted": [","]}}
{"dateTime": "2025-08-28T22:07:09.568Z", "eventType": "input.type", "fullPath": "/main.py", "details": {"fromA": 118, "toA": 118, "fromB": 118, "toB": 119, "inserted": [" "]}}
{"dateTime": "2025-08-28T22:07:09.713Z", "eventType": "input.type", "fullPath": "/main.py", "details": {"fromA": 119, "toA": 119, "fromB": 119, "toB": 120, "inserted": ["2"]}}
{"dateTime": "2025-08-28T22:07:10.671Z", "eventType": "select", "fullPath": "/main.py", "details": {"selection": {"from": 121, "to": 121}}}
{"dateTime": "2025-08-28T22:07:10.834Z", "eventType": "select", "fullPath": "/main.py", "details": {"selection": {"from": 122, "to": 122}}}
{"dateTime": "2025-08-28T22:07:15.309Z", "eventType": "blur", "fullPath": "/main.py"}
{"dateTime": "2025-08-28T22:07:33.241Z", "eventType": "focus", "fullPath": "/main.py"}
{"dateTime": "2025-08-28T22:07:33.242Z", "eventType": "select.pointer", "fullPath": "/main.py", "details": {"selection": {"from": 97, "to": 97}}}
{"dateTime": "2025-08-28T22:07:34.145Z", "eventType": "delete.backward", "fullPath": "/main.py", "details": {"fromA": 96, "toA": 97, "fromB": 96, "toB": 96, "inserted": [""]}}
{"dateTime": "2025-08-28T22:07:34.914Z", "eventType": "input.type", "fullPath": "/main.py", "details": {"fromA": 96, "toA": 96, "fromB": 96, "toB": 97, "inserted": ["/"]}}
{"dateTime": "2025-08-28T22:07:36.382Z", "eventType": "blur", "fullPath": "/main.py"}
{"dateTime": "2025-08-28T22:08:02.477Z", "eventType": "focus", "fullPath": "/main.py"}
{"dateTime": "2025-08-28T22:08:02.480Z", "eventType": "select.pointer", "fullPath": "/main.py", "details": {"selection": {"from": 88, "to": 88}}}
{"dateTime": "2025-08-28T22:08:03.687Z", "eventType": "select.pointer", "fullPath": "/main.py", "details": {"selection": {"from": 96, "to": 96}}}
{"dateTime": "2025-08-28T22:08:04.535Z", "eventType": "delete.backward", "fullPath": "/main.py", "details": {"fromA": 95, "toA": 96, "fromB": 95, "toB": 95, "inserted": [""]}}
{"dateTime": "2025-08-28T22:08:05.651Z", "eventType": "select", "fullPath": "/main.py", "details": {"selection": {"from": 94, "to": 94}}}
{"dateTime": "2025-08-28T22:08:05.797Z", "eventType": "select", "fullPath": "/main.py", "details": {"selection": {"from": 93, "to": 93}}}
{"dateTime": "2025-08-28T22:08:06.021Z", "eventType": "select", "fullPath": "/main.py", "details": {"selection": {"from": 92, "to": 92}}}
{"dateTime": "2025-08-28T22:08:06.213Z", "eventType": "select", "fullPath": "/main.py", "details": {"selection": {"from": 91, "to": 91}}}
{"dateTime": "2025-08-28T22:08:06.357Z", "eventType": "select", "fullPath": "/main.py", "details": {"selection": {"from": 90, "to": 90}}}
{"dateTime": "2025-08-28T22:08:06.789Z", "eventType": "select", "fullPath": "/main.py", "details": {"selection": {"from": 89, "to": 89}}}
{"dateTime": "2025-08-28T22:08:06.950Z", "eventType": "select", "fullPath": "/main.py", "details": {"selection": {"from": 88, "to": 88}}}
{"dateTime": "2025-08-28T22:08:07.158Z", "eventType": "select", "fullPath": "/main.py", "details": {"selection": {"from": 87, "to": 87}}}
{"dateTime": "2025-08-28T22:08:07.753Z", "eventType": "delete.backward", "fullPath": "/main.py", "details": {"fromA": 86, "toA": 87, "fromB": 86, "toB": 86, "inserted": [""]}}
{"dateTime": "2025-08-28T22:08:08.006Z", "eventType": "select", "fullPath": "/main.py", "details": {"selection": {"from": 85, "to": 85}}}
{"dateTime": "2025-08-28T22:08:08.214Z", "eventType": "select", "fullPath": "/main.py", "details": {"selection": {"from": 84, "to": 84}}}
{"dateTime": "2025-08-28T22:08:08.374Z", "eventType": "select", "fullPath": "/main.py", "details": {"selection": {"from": 83, "to": 83}}}
{"dateTime": "2025-08-28T22:08:08.534Z", "eventType": "select", "fullPath": "/main.py", "details": {"selection": {"from": 82, "to": 82}}}
{"dateTime": "2025-08-28T22:08:08.713Z", "eventType": "select", "fullPath": "/main.py", "details": {"selection": {"from": 81, "to": 81}}}
{"dateTime": "2025-08-28T22:08:09.177Z", "eventType": "delete.backward", "fullPath": "/main.py", "details": {"fromA": 80, "toA": 81, "fromB": 80, "toB": 80, "inserted": [""]}}
{"dateTime": "2025-08-28T22:08:09.911Z", "eventType": "select", "fullPath": "/main.py", "details": {"selection": {"from": 81, "to": 81}}}
{"dateTime": "2025-08-28T22:08:10.071Z", "eventType": "select", "fullPath": "/main.py", "details": {"selection": {"from": 82, "to": 82}}}
{"dateTime": "2025-08-28T22:08:10.231Z", "eventType": "select", "fullPath": "/main.py", "details": {"selection": {"from": 83, "to": 83}}}
{"dateTime": "2025-08-28T22:08:10.390Z", "eventType": "select", "fullPath": "/main.py", "details": {"selection": {"from": 84, "to": 84}}}
{"dateTime": "2025-08-28T22:08:10.536Z", "eventType": "select", "fullPath": "/main.py", "details": {"selection": {"from": 85, "to": 85}}}
{"dateTime": "2025-08-28T22:08:11.798Z", "eventType": "input.type", "fullPath": "/main.py", "details": {"fromA": 85, "toA": 85, "fromB": 85, "toB": 86, "inserted": ["-"]}}
{"dateTime": "2025-08-28T22:08:12.761Z", "eventType": "select", "fullPath": "/main.py", "details": {"selection": {"from": 87, "to": 87}}}
{"dateTime": "2025-08-28T22:08:12.905Z", "eventType": "select", "fullPath": "/main.py", "details": {"selection": {"from": 88, "to": 88}}}
{"dateTime": "2025-08-28T22:08:13.049Z", "eventType": "select", "fullPath": "/main.py", "details": {"selection": {"from": 89, "to": 89}}}
{"dateTime": "2025-08-28T22:08:13.193Z", "eventType": "select", "fullPath": "/main.py", "details": {"selection": {"from": 90, "to": 90}}}
{"dateTime": "2025-08-28T22:08:13.353Z", "eventType": "select", "fullPath": "/main.py", "details": {"selection": {"from": 91, "to": 91}}}
{"dateTime": "2025-08-28T22:08:13.481Z", "eventType": "select", "fullPath": "/main.py", "details": {"selection": {"from": 92, "to": 92}}}
{"dateTime": "2025-08-28T22:08:13.641Z", "eventType": "select", "fullPath": "/main.py", "details": {"selection": {"from": 93, "to": 93}}}
{"dateTime": "2025-08-28T22:08:13.801Z", "eventType": "select", "fullPath": "/main.py", "details": {"selection": {"from": 94, "to": 94}}}
{"dateTime": "2025-08-28T22:08:14.009Z", "eventType": "select", "fullPath": "/main.py", "details": {"selection": {"from": 95, "to": 95}}}
{"dateTime": "2025-08-28T22:08:14.604Z", "eventType": "delete.backward", "fullPath": "/main.py", "details": {"fromA": 94, "toA": 95, "fromB": 94, "toB": 94, "inserted": [""]}}
{"dateTime": "2025-08-28T22:08:15.005Z", "eventType": "input.type", "fullPath": "/main.py", "details": {"fromA": 94, "toA": 94, "fromB": 94, "toB": 95, "inserted": ["*"]}}
{"dateTime": "2025-08-28T22:08:16.644Z", "eventType": "select.pointer", "fullPath": "/main.py", "details": {"selection": {"from": 87, "to": 87}}}
{"dateTime": "2025-08-28T22:08:16.756Z", "eventType": "select.pointer", "fullPath": "/main.py", "details": {"selection": {"from": 87, "to": 87}}}
{"dateTime": "2025-08-28T22:08:16.776Z", "eventType": "select.pointer", "fullPath": "/main.py", "details": {"selection": {"from": 87, "to": 113}}}
{"dateTime": "2025-08-28T22:08:18.473Z", "eventType": "blur", "fullPath": "/main.py"}
{"dateTime": "2025-08-28T22:08:18.474Z", "eventType": "select", "fullPath": "/main.py", "details": {"selection": {"from": 120, "to": 120}}}
{"dateTime": "2025-08-28T22:08:19.591Z", "eventType": "select.pointer", "fullPath": "/main.py", "details": {"selection": {"from": 87, "to": 87}}}
{"dateTime": "2025-08-28T22:08:20.624Z", "eventType": "input.type", "fullPath": "/main.py", "details": {"fromA": 87, "toA": 87, "fromB": 87, "toB": 88, "inserted": ["("]}}
{"dateTime": "2025-08-28T22:08:21.323Z", "eventType": "select", "fullPath": "/main.py", "details": {"selection": {"from": 89, "to": 89}}}
{"dateTime": "2025-08-28T22:08:21.825Z", "eventType": "select", "fullPath": "/main.py", "details": {"selection": {"from": 90, "to": 90}}}
{"dateTime": "2025-08-28T22:08:21.872Z", "eventType": "select", "fullPath": "/main.py", "details": {"selection": {"from": 91, "to": 91}}}
{"dateTime": "2025-08-28T22:08:21.922Z", "eventType": "select", "fullPath": "/main.py", "details": {"selection": {"from": 92, "to": 92}}}
{"dateTime": "2025-08-28T22:08:21.974Z", "eventType": "select", "fullPath": "/main.py", "details": {"selection": {"from": 93, "to": 93}}}
{"dateTime": "2025-08-28T22:08:22.021Z", "eventType": "select", "fullPath": "/main.py", "details": {"selection": {"from": 94, "to": 94}}}
{"dateTime": "2025-08-28T22:08:22.072Z", "eventType": "select", "fullPath": "/main.py", "details": {"selection": {"from": 95, "to": 95}}}
{"dateTime": "2025-08-28T22:08:22.349Z", "eventType": "select", "fullPath": "/main.py", "details": {"selection": {"from": 96, "to": 96}}}
{"dateTime": "2025-08-28T22:08:22.590Z", "eventType": "select", "fullPath": "/main.py", "details": {"selection": {"from": 97, "to": 97}}}
{"dateTime": "2025-08-28T22:08:22.797Z", "eventType": "select", "fullPath": "/main.py", "details": {"selection": {"from": 98, "to": 98}}}
{"dateTime": "2025-08-28T22:08:23.485Z", "eventType": "input.type", "fullPath": "/main.py", "details": {"fromA": 98, "toA": 98, "fromB": 98, "toB": 99, "inserted": [")"]}}
{"dateTime": "2025-08-28T22:08:24.302Z", "eventType": "select", "fullPath": "/main.py", "details": {"selection": {"from": 98, "to": 98}}}
{"dateTime": "2025-08-28T22:08:24.448Z", "eventType": "select", "fullPath": "/main.py", "details": {"selection": {"from": 97, "to": 97}}}
{"dateTime": "2025-08-28T22:08:24.590Z", "eventType": "select", "fullPath": "/main.py", "details": {"selection": {"from": 96, "to": 96}}}
{"dateTime": "2025-08-28T22:08:24.878Z", "eventType": "select", "fullPath": "/main.py", "details": {"selection": {"from": 95, "to": 95}}}
{"dateTime": "2025-08-28T22:08:25.282Z", "eventType": "input.type", "fullPath": "/main.py", "details": {"fromA": 95, "toA": 95, "fromB": 95, "toB": 96, "inserted": [" "]}}
{"dateTime": "2025-08-28T22:08:27.910Z", "eventType": "blur", "fullPath": "/main.py"}
