== RUN (2025-08-26 17:54:35)
-- CODE: 
nome = input("insina o seu nome: ")
idade = int(input("insira a sua idade: "))
altura = float(input("insira a sua altura: "))
print("nome:", nome)
print("25:" ,idade)
print("2.0:" ,altura)
-- EXECUTION TIME: 
0.0
-- TEST CASE 1:
---- input:
Teresa
13
1.45
---- correct output:
Nome: Teresa
Idade: 13
Altura: 1.45
---- user output:
2.0: 1.45
-- TEST CASE 2:
---- input:
Marcelo
34
1.79
---- correct output:
Nome: Marcelo
Idade: 34
Altura: 1.79
---- user output:
2.0: 1.79
-- TEST CASE 3:
---- input:
Larissa
23
1.68
---- correct output:
Nome: Larissa
Idade: 23
Altura: 1.68
---- user output:
2.0: 1.68
-- TEST CASE 4:
---- input:
Jose
45
1.89
---- correct output:
Nome: Jose
Idade: 45
Altura: 1.89
---- user output:
2.0: 1.89
*-*-*-*-*-*-*-*-*-*-*-*-*-*-*-*-*-*-*-*-*-*-*-*
== RUN (2025-08-26 17:16:29)
-- CODE: 
nome = input("Ricardo")
idade = int(input("25 anos"))
altura = float(input("2 metros"))
print("Ricardo:", nome)
print("25 anos:", idade)
print("2 metros:", altura)
-- EXECUTION TIME: 
0.0
-- TEST CASE 1:
---- input:
Teresa
13
1.45
---- correct output:
Nome: Teresa
Idade: 13
Altura: 1.45
---- user output:
2 metros: 1.45
-- TEST CASE 2:
---- input:
Marcelo
34
1.79
---- correct output:
Nome: Marcelo
Idade: 34
Altura: 1.79
---- user output:
2 metros: 1.79
-- TEST CASE 3:
---- input:
Larissa
23
1.68
---- correct output:
Nome: Larissa
Idade: 23
Altura: 1.68
---- user output:
2 metros: 1.68
-- TEST CASE 4:
---- input:
Jose
45
1.89
---- correct output:
Nome: Jose
Idade: 45
Altura: 1.89
---- user output:
2 metros: 1.89
*-*-*-*-*-*-*-*-*-*-*-*-*-*-*-*-*-*-*-*-*-*-*-*
== RUN (2025-08-26 17:53:14)
-- CODE: 
nome = input("insina o seu nome: ")
idade = int(input("insira a sua idade: "))
altura = float(input("insira a sua altura: "))
print("Ricardo:", nome)
print("25:" ,idade)
print("2,0:" ,altura)
-- EXECUTION TIME: 
0.0
-- TEST CASE 1:
---- input:
Teresa
13
1.45
---- correct output:
Nome: Teresa
Idade: 13
Altura: 1.45
---- user output:
2,0: 1.45
-- TEST CASE 2:
---- input:
Marcelo
34
1.79
---- correct output:
Nome: Marcelo
Idade: 34
Altura: 1.79
---- user output:
2,0: 1.79
-- TEST CASE 3:
---- input:
Larissa
23
1.68
---- correct output:
Nome: Larissa
Idade: 23
Altura: 1.68
---- user output:
2,0: 1.68
-- TEST CASE 4:
---- input:
Jose
45
1.89
---- correct output:
Nome: Jose
Idade: 45
Altura: 1.89
---- user output:
2,0: 1.89
*-*-*-*-*-*-*-*-*-*-*-*-*-*-*-*-*-*-*-*-*-*-*-*
== RUN (2025-08-26 17:15:29)
-- CODE: 
nome = input("Ricardo")
idade = int(input("25"))
altura = float(input("2m"))
print("Ricardo: ", nome)
print("25: ", idade)
print("2m: ", altura)
-- EXECUTION TIME: 
0.0
-- TEST CASE 1:
---- input:
Teresa
13
1.45
---- correct output:
Nome: Teresa
Idade: 13
Altura: 1.45
---- user output:
2m:  1.45
-- TEST CASE 2:
---- input:
Marcelo
34
1.79
---- correct output:
Nome: Marcelo
Idade: 34
Altura: 1.79
---- user output:
2m:  1.79
-- TEST CASE 3:
---- input:
Larissa
23
1.68
---- correct output:
Nome: Larissa
Idade: 23
Altura: 1.68
---- user output:
2m:  1.68
-- TEST CASE 4:
---- input:
Jose
45
1.89
---- correct output:
Nome: Jose
Idade: 45
Altura: 1.89
---- user output:
2m:  1.89
*-*-*-*-*-*-*-*-*-*-*-*-*-*-*-*-*-*-*-*-*-*-*-*
== SUBMISSION (2025-08-26 17:21:27)
-- CODE: 
nome = input("insira seu nome: Ricardo")
idade = int(input("insira sua idade: 25"))
altura = float(input("insira sia altura: 2"))
print("Ricardo:", nome)
print("25 anos:", idade)
print("2 metros:", altura)
-- EXECUTION TIME: 
0.01
-- TEST CASE 1:
---- input:
Teresa
13
1.45
---- correct output:
Nome: Teresa
Idade: 13
Altura: 1.45
---- user output:
2 metros: 1.45
-- TEST CASE 2:
---- input:
Marcelo
34
1.79
---- correct output:
Nome: Marcelo
Idade: 34
Altura: 1.79
---- user output:
2 metros: 1.79
-- TEST CASE 3:
---- input:
Larissa
23
1.68
---- correct output:
Nome: Larissa
Idade: 23
Altura: 1.68
---- user output:
2 metros: 1.68
-- TEST CASE 4:
---- input:
Jose
45
1.89
---- correct output:
Nome: Jose
Idade: 45
Altura: 1.89
---- user output:
2 metros: 1.89
-- GRADE:
0%
*-*-*-*-*-*-*-*-*-*-*-*-*-*-*-*-*-*-*-*-*-*-*-*
== SUBMISSION (2025-08-26 17:15:31)
-- CODE: 
nome = input("Ricardo")
idade = int(input("25"))
altura = float(input("2m"))
print("Ricardo: ", nome)
print("25: ", idade)
print("2m: ", altura)
-- EXECUTION TIME: 
0.01
-- TEST CASE 1:
---- input:
Teresa
13
1.45
---- correct output:
Nome: Teresa
Idade: 13
Altura: 1.45
---- user output:
2m:  1.45
-- TEST CASE 2:
---- input:
Marcelo
34
1.79
---- correct output:
Nome: Marcelo
Idade: 34
Altura: 1.79
---- user output:
2m:  1.79
-- TEST CASE 3:
---- input:
Larissa
23
1.68
---- correct output:
Nome: Larissa
Idade: 23
Altura: 1.68
---- user output:
2m:  1.68
-- TEST CASE 4:
---- input:
Jose
45
1.89
---- correct output:
Nome: Jose
Idade: 45
Altura: 1.89
---- user output:
2m:  1.89
-- GRADE:
0%
*-*-*-*-*-*-*-*-*-*-*-*-*-*-*-*-*-*-*-*-*-*-*-*
== RUN (2025-08-26 17:13:42)
-- CODE: 
nome = input("Fulano")
idade = int(input("YY"))
altura = float(input("XXX"))
print("Fulano: ", nome)
print("YY: ", idade)
print("XXX: ", altura)
-- EXECUTION TIME: 
0.0
-- TEST CASE 1:
---- input:
Teresa
13
1.45
---- correct output:
Nome: Teresa
Idade: 13
Altura: 1.45
---- user output:
XXX:  1.45
-- TEST CASE 2:
---- input:
Marcelo
34
1.79
---- correct output:
Nome: Marcelo
Idade: 34
Altura: 1.79
---- user output:
XXX:  1.79
-- TEST CASE 3:
---- input:
Larissa
23
1.68
---- correct output:
Nome: Larissa
Idade: 23
Altura: 1.68
---- user output:
XXX:  1.68
-- TEST CASE 4:
---- input:
Jose
45
1.89
---- correct output:
Nome: Jose
Idade: 45
Altura: 1.89
---- user output:
XXX:  1.89
*-*-*-*-*-*-*-*-*-*-*-*-*-*-*-*-*-*-*-*-*-*-*-*
== RUN (2025-08-27 16:13:54)
-- CODE: 
nome = input("insina o seu nome")
idade = int(input("insira a sua idade"))
altura = float(input("insira a sua altura"))
print("nome:" , nome)
print("idade:" , idade)
print("altura:" , altura)
-- EXECUTION TIME: 
0.0
-- TEST CASE 1:
---- input:
Teresa
13
1.45
---- correct output:
Nome: Teresa
Idade: 13
Altura: 1.45
---- user output:
altura: 1.45
-- TEST CASE 2:
---- input:
Marcelo
34
1.79
---- correct output:
Nome: Marcelo
Idade: 34
Altura: 1.79
---- user output:
altura: 1.79
-- TEST CASE 3:
---- input:
Larissa
23
1.68
---- correct output:
Nome: Larissa
Idade: 23
Altura: 1.68
---- user output:
altura: 1.68
-- TEST CASE 4:
---- input:
Jose
45
1.89
---- correct output:
Nome: Jose
Idade: 45
Altura: 1.89
---- user output:
altura: 1.89
*-*-*-*-*-*-*-*-*-*-*-*-*-*-*-*-*-*-*-*-*-*-*-*
== RUN (2025-08-26 17:15:34)
-- CODE: 
nome = input("Ricardo")
idade = int(input("25"))
altura = float(input("2m"))
print("Ricardo: ", nome)
print("25: ", idade)
print("2m: ", altura)
-- EXECUTION TIME: 
0.0
-- TEST CASE 1:
---- input:
Teresa
13
1.45
---- correct output:
Nome: Teresa
Idade: 13
Altura: 1.45
---- user output:
2m:  1.45
-- TEST CASE 2:
---- input:
Marcelo
34
1.79
---- correct output:
Nome: Marcelo
Idade: 34
Altura: 1.79
---- user output:
2m:  1.79
-- TEST CASE 3:
---- input:
Larissa
23
1.68
---- correct output:
Nome: Larissa
Idade: 23
Altura: 1.68
---- user output:
2m:  1.68
-- TEST CASE 4:
---- input:
Jose
45
1.89
---- correct output:
Nome: Jose
Idade: 45
Altura: 1.89
---- user output:
2m:  1.89
*-*-*-*-*-*-*-*-*-*-*-*-*-*-*-*-*-*-*-*-*-*-*-*
== SUBMISSION (2025-08-26 17:20:50)
-- CODE: 
nome = input("insira seu nome: ")
idade = int(input("insira sua idade: "))
altura = float(input("insira sia altura: "))
print("Ricardo:", nome)
print("25 anos:", idade)
print("2 metros:", altura)
-- EXECUTION TIME: 
0.01
-- TEST CASE 1:
---- input:
Teresa
13
1.45
---- correct output:
Nome: Teresa
Idade: 13
Altura: 1.45
---- user output:
2 metros: 1.45
-- TEST CASE 2:
---- input:
Marcelo
34
1.79
---- correct output:
Nome: Marcelo
Idade: 34
Altura: 1.79
---- user output:
2 metros: 1.79
-- TEST CASE 3:
---- input:
Larissa
23
1.68
---- correct output:
Nome: Larissa
Idade: 23
Altura: 1.68
---- user output:
2 metros: 1.68
-- TEST CASE 4:
---- input:
Jose
45
1.89
---- correct output:
Nome: Jose
Idade: 45
Altura: 1.89
---- user output:
2 metros: 1.89
-- GRADE:
0%
*-*-*-*-*-*-*-*-*-*-*-*-*-*-*-*-*-*-*-*-*-*-*-*
== SUBMISSION (2025-08-22 02:45:22)
-- CODE: 
nome = input()
idade = input()
altura = input()
print("nome:", nome)
print("idade:", idade)
print(altura:, altura)
-- EXECUTION TIME: 
0.0
-- TEST CASE 1:
---- input:
Teresa
13
1.45
---- correct output:
Nome: Teresa
Idade: 13
Altura: 1.45
-- ERROR:
File "XXXX", line 6
    print(altura:, altura)
                ^
SyntaxError: invalid syntax
-- TEST CASE 2:
---- input:
Marcelo
34
1.79
---- correct output:
Nome: Marcelo
Idade: 34
Altura: 1.79
-- ERROR:
File "XXXX", line 6
    print(altura:, altura)
                ^
SyntaxError: invalid syntax
-- TEST CASE 3:
---- input:
Larissa
23
1.68
---- correct output:
Nome: Larissa
Idade: 23
Altura: 1.68
-- ERROR:
File "XXXX", line 6
    print(altura:, altura)
                ^
SyntaxError: invalid syntax
-- TEST CASE 4:
---- input:
Jose
45
1.89
---- correct output:
Nome: Jose
Idade: 45
Altura: 1.89
-- ERROR:
File "XXXX", line 6
    print(altura:, altura)
                ^
SyntaxError: invalid syntax
-- GRADE:
0%
*-*-*-*-*-*-*-*-*-*-*-*-*-*-*-*-*-*-*-*-*-*-*-*
== RUN (2025-08-26 17:18:00)
-- CODE: 
nome = input("Ricardo")
idade = int(input("25 anos"))
altura = float(input("2 metros"))
print("Ricardo:", nome)
print("25 anos:", idade)
print("2 metros:", altura)
-- EXECUTION TIME: 
0.0
-- TEST CASE 1:
---- input:
Teresa
13
1.45
---- correct output:
Nome: Teresa
Idade: 13
Altura: 1.45
---- user output:
2 metros: 1.45
-- TEST CASE 2:
---- input:
Marcelo
34
1.79
---- correct output:
Nome: Marcelo
Idade: 34
Altura: 1.79
---- user output:
2 metros: 1.79
-- TEST CASE 3:
---- input:
Larissa
23
1.68
---- correct output:
Nome: Larissa
Idade: 23
Altura: 1.68
---- user output:
2 metros: 1.68
-- TEST CASE 4:
---- input:
Jose
45
1.89
---- correct output:
Nome: Jose
Idade: 45
Altura: 1.89
---- user output:
2 metros: 1.89
*-*-*-*-*-*-*-*-*-*-*-*-*-*-*-*-*-*-*-*-*-*-*-*
== RUN (2025-08-26 17:05:46)
-- CODE: 
nome = input()
idade = input()
altura = input()
print("nome:fulano")
print("idade:YY")
print("altura:XXX")
-- EXECUTION TIME: 
0.0
-- TEST CASE 1:
---- input:
Teresa
13
1.45
---- correct output:
Nome: Teresa
Idade: 13
Altura: 1.45
---- user output:
altura:XXX
-- TEST CASE 2:
---- input:
Marcelo
34
1.79
---- correct output:
Nome: Marcelo
Idade: 34
Altura: 1.79
---- user output:
altura:XXX
-- TEST CASE 3:
---- input:
Larissa
23
1.68
---- correct output:
Nome: Larissa
Idade: 23
Altura: 1.68
---- user output:
altura:XXX
-- TEST CASE 4:
---- input:
Jose
45
1.89
---- correct output:
Nome: Jose
Idade: 45
Altura: 1.89
---- user output:
altura:XXX
*-*-*-*-*-*-*-*-*-*-*-*-*-*-*-*-*-*-*-*-*-*-*-*
== RUN (2025-08-22 02:45:18)
-- CODE: 
nome = input()
idade = input()
altura = input()
print("nome:", nome)
print("idade:", idade)
print(altura:, altura)
-- EXECUTION TIME: 
0.0
-- TEST CASE 1:
---- input:
Teresa
13
1.45
---- correct output:
Nome: Teresa
Idade: 13
Altura: 1.45
-- ERROR:
File "XXXX", line 6
    print(altura:, altura)
                ^
SyntaxError: invalid syntax
-- TEST CASE 2:
---- input:
Marcelo
34
1.79
---- correct output:
Nome: Marcelo
Idade: 34
Altura: 1.79
-- ERROR:
File "XXXX", line 6
    print(altura:, altura)
                ^
SyntaxError: invalid syntax
-- TEST CASE 3:
---- input:
Larissa
23
1.68
---- correct output:
Nome: Larissa
Idade: 23
Altura: 1.68
-- ERROR:
File "XXXX", line 6
    print(altura:, altura)
                ^
SyntaxError: invalid syntax
-- TEST CASE 4:
---- input:
Jose
45
1.89
---- correct output:
Nome: Jose
Idade: 45
Altura: 1.89
-- ERROR:
File "XXXX", line 6
    print(altura:, altura)
                ^
SyntaxError: invalid syntax
*-*-*-*-*-*-*-*-*-*-*-*-*-*-*-*-*-*-*-*-*-*-*-*
== SUBMISSION (2025-08-27 16:13:53)
-- CODE: 
nome = input("insina o seu nome")
idade = int(input("insira a sua idade"))
altura = float(input("insira a sua altura"))
print("nome:" , nome)
print("idade:" , idade)
print("altura:" , altura)
-- EXECUTION TIME: 
0.01
-- TEST CASE 1:
---- input:
Teresa
13
1.45
---- correct output:
Nome: Teresa
Idade: 13
Altura: 1.45
---- user output:
altura: 1.45
-- TEST CASE 2:
---- input:
Marcelo
34
1.79
---- correct output:
Nome: Marcelo
Idade: 34
Altura: 1.79
---- user output:
altura: 1.79
-- TEST CASE 3:
---- input:
Larissa
23
1.68
---- correct output:
Nome: Larissa
Idade: 23
Altura: 1.68
---- user output:
altura: 1.68
-- TEST CASE 4:
---- input:
Jose
45
1.89
---- correct output:
Nome: Jose
Idade: 45
Altura: 1.89
---- user output:
altura: 1.89
-- GRADE:
0%
*-*-*-*-*-*-*-*-*-*-*-*-*-*-*-*-*-*-*-*-*-*-*-*
== SUBMISSION (2025-08-26 17:55:15)
-- CODE: 
nome = input("insina o seu nome: ")
idade = int(input("insira a sua idade: "))
altura = float(input("insira a sua altura: "))
print("nome:", nome)
print("idade:" ,idade)
print("altura:" ,altura)
-- EXECUTION TIME: 
0.015
-- TEST CASE 1:
---- input:
Teresa
13
1.45
---- correct output:
Nome: Teresa
Idade: 13
Altura: 1.45
---- user output:
altura: 1.45
-- TEST CASE 2:
---- input:
Marcelo
34
1.79
---- correct output:
Nome: Marcelo
Idade: 34
Altura: 1.79
---- user output:
altura: 1.79
-- TEST CASE 3:
---- input:
Larissa
23
1.68
---- correct output:
Nome: Larissa
Idade: 23
Altura: 1.68
---- user output:
altura: 1.68
-- TEST CASE 4:
---- input:
Jose
45
1.89
---- correct output:
Nome: Jose
Idade: 45
Altura: 1.89
---- user output:
altura: 1.89
-- GRADE:
0%
*-*-*-*-*-*-*-*-*-*-*-*-*-*-*-*-*-*-*-*-*-*-*-*
== RUN (2025-08-26 17:21:29)
-- CODE: 
nome = input("insira seu nome: Ricardo")
idade = int(input("insira sua idade: 25"))
altura = float(input("insira sia altura: 2"))
print("Ricardo:", nome)
print("25 anos:", idade)
print("2 metros:", altura)
-- EXECUTION TIME: 
0.0
-- TEST CASE 1:
---- input:
Teresa
13
1.45
---- correct output:
Nome: Teresa
Idade: 13
Altura: 1.45
---- user output:
2 metros: 1.45
-- TEST CASE 2:
---- input:
Marcelo
34
1.79
---- correct output:
Nome: Marcelo
Idade: 34
Altura: 1.79
---- user output:
2 metros: 1.79
-- TEST CASE 3:
---- input:
Larissa
23
1.68
---- correct output:
Nome: Larissa
Idade: 23
Altura: 1.68
---- user output:
2 metros: 1.68
-- TEST CASE 4:
---- input:
Jose
45
1.89
---- correct output:
Nome: Jose
Idade: 45
Altura: 1.89
---- user output:
2 metros: 1.89
*-*-*-*-*-*-*-*-*-*-*-*-*-*-*-*-*-*-*-*-*-*-*-*
== RUN (2025-08-22 02:41:19)
-- CODE: 
nome = input()
idade = input()
altura = input()
-- EXECUTION TIME: 
0.0
-- TEST CASE 1:
---- input:
Teresa
13
1.45
---- correct output:
Nome: Teresa
Idade: 13
Altura: 1.45
---- user output:
None
-- TEST CASE 2:
---- input:
Marcelo
34
1.79
---- correct output:
Nome: Marcelo
Idade: 34
Altura: 1.79
---- user output:
None
-- TEST CASE 3:
---- input:
Larissa
23
1.68
---- correct output:
Nome: Larissa
Idade: 23
Altura: 1.68
---- user output:
None
-- TEST CASE 4:
---- input:
Jose
45
1.89
---- correct output:
Nome: Jose
Idade: 45
Altura: 1.89
---- user output:
None
*-*-*-*-*-*-*-*-*-*-*-*-*-*-*-*-*-*-*-*-*-*-*-*
== SUBMISSION (2025-08-26 17:54:16)
-- CODE: 
nome = input("insina o seu nome: ")
idade = int(input("insira a sua idade: "))
altura = float(input("insira a sua altura: "))
print("Ricardo:", nome)
print("25:" ,idade)
print("2.0:" ,altura)
-- EXECUTION TIME: 
0.01
-- TEST CASE 1:
---- input:
Teresa
13
1.45
---- correct output:
Nome: Teresa
Idade: 13
Altura: 1.45
---- user output:
2.0: 1.45
-- TEST CASE 2:
---- input:
Marcelo
34
1.79
---- correct output:
Nome: Marcelo
Idade: 34
Altura: 1.79
---- user output:
2.0: 1.79
-- TEST CASE 3:
---- input:
Larissa
23
1.68
---- correct output:
Nome: Larissa
Idade: 23
Altura: 1.68
---- user output:
2.0: 1.68
-- TEST CASE 4:
---- input:
Jose
45
1.89
---- correct output:
Nome: Jose
Idade: 45
Altura: 1.89
---- user output:
2.0: 1.89
-- GRADE:
0%
*-*-*-*-*-*-*-*-*-*-*-*-*-*-*-*-*-*-*-*-*-*-*-*
== SUBMISSION (2025-08-26 17:55:01)
-- CODE: 
nome = input("insina o seu nome: ")
idade = int(input("insira a sua idade: "))
altura = float(input("insira a sua altura: "))
print("nome:", nome)
print("idade:" ,idade)
print("altura:" ,altura)
-- EXECUTION TIME: 
0.01
-- TEST CASE 1:
---- input:
Teresa
13
1.45
---- correct output:
Nome: Teresa
Idade: 13
Altura: 1.45
---- user output:
altura: 1.45
-- TEST CASE 2:
---- input:
Marcelo
34
1.79
---- correct output:
Nome: Marcelo
Idade: 34
Altura: 1.79
---- user output:
altura: 1.79
-- TEST CASE 3:
---- input:
Larissa
23
1.68
---- correct output:
Nome: Larissa
Idade: 23
Altura: 1.68
---- user output:
altura: 1.68
-- TEST CASE 4:
---- input:
Jose
45
1.89
---- correct output:
Nome: Jose
Idade: 45
Altura: 1.89
---- user output:
altura: 1.89
-- GRADE:
0%
*-*-*-*-*-*-*-*-*-*-*-*-*-*-*-*-*-*-*-*-*-*-*-*
== RUN (2025-08-26 17:05:05)
-- CODE: 
nome = input()
idade = input()
altura = input()
print("nome:, fulano")
print("idade:, YY")
print("altura:, XXX")
-- EXECUTION TIME: 
0.0
-- TEST CASE 1:
---- input:
Teresa
13
1.45
---- correct output:
Nome: Teresa
Idade: 13
Altura: 1.45
---- user output:
altura:, XXX
-- TEST CASE 2:
---- input:
Marcelo
34
1.79
---- correct output:
Nome: Marcelo
Idade: 34
Altura: 1.79
---- user output:
altura:, XXX
-- TEST CASE 3:
---- input:
Larissa
23
1.68
---- correct output:
Nome: Larissa
Idade: 23
Altura: 1.68
---- user output:
altura:, XXX
-- TEST CASE 4:
---- input:
Jose
45
1.89
---- correct output:
Nome: Jose
Idade: 45
Altura: 1.89
---- user output:
altura:, XXX
*-*-*-*-*-*-*-*-*-*-*-*-*-*-*-*-*-*-*-*-*-*-*-*
== RUN (2025-08-26 17:03:16)
-- CODE: 
nome = input()
idade = input()
altura = input()
print("nome:", nome)
print("idade:", idade)
print(altura:, altura)
-- EXECUTION TIME: 
0.0
-- TEST CASE 1:
---- input:
Teresa
13
1.45
---- correct output:
Nome: Teresa
Idade: 13
Altura: 1.45
-- ERROR:
File "XXXX", line 6
    print(altura:, altura)
                ^
SyntaxError: invalid syntax
-- TEST CASE 2:
---- input:
Marcelo
34
1.79
---- correct output:
Nome: Marcelo
Idade: 34
Altura: 1.79
-- ERROR:
File "XXXX", line 6
    print(altura:, altura)
                ^
SyntaxError: invalid syntax
-- TEST CASE 3:
---- input:
Larissa
23
1.68
---- correct output:
Nome: Larissa
Idade: 23
Altura: 1.68
-- ERROR:
File "XXXX", line 6
    print(altura:, altura)
                ^
SyntaxError: invalid syntax
-- TEST CASE 4:
---- input:
Jose
45
1.89
---- correct output:
Nome: Jose
Idade: 45
Altura: 1.89
-- ERROR:
File "XXXX", line 6
    print(altura:, altura)
                ^
SyntaxError: invalid syntax
*-*-*-*-*-*-*-*-*-*-*-*-*-*-*-*-*-*-*-*-*-*-*-*
== RUN (2025-08-26 17:13:02)
-- CODE: 
nome = input("Fulano")
idade = int(input("YY"))
altura = float(input("XXX"))
print("Fulano:", nome)
print("YY:", idade)
print("XXX:", altura)
-- EXECUTION TIME: 
0.0
-- TEST CASE 1:
---- input:
Teresa
13
1.45
---- correct output:
Nome: Teresa
Idade: 13
Altura: 1.45
---- user output:
XXX: 1.45
-- TEST CASE 2:
---- input:
Marcelo
34
1.79
---- correct output:
Nome: Marcelo
Idade: 34
Altura: 1.79
---- user output:
XXX: 1.79
-- TEST CASE 3:
---- input:
Larissa
23
1.68
---- correct output:
Nome: Larissa
Idade: 23
Altura: 1.68
---- user output:
XXX: 1.68
-- TEST CASE 4:
---- input:
Jose
45
1.89
---- correct output:
Nome: Jose
Idade: 45
Altura: 1.89
---- user output:
XXX: 1.89
*-*-*-*-*-*-*-*-*-*-*-*-*-*-*-*-*-*-*-*-*-*-*-*
== RUN (2025-08-26 17:54:00)
-- CODE: 
nome = input("insina o seu nome: ")
idade = int(input("insira a sua idade: "))
altura = float(input("insira a sua altura: "))
print("Ricardo:", nome)
print("25:" ,idade)
print("2.0:" ,altura)
-- EXECUTION TIME: 
0.0
-- TEST CASE 1:
---- input:
Teresa
13
1.45
---- correct output:
Nome: Teresa
Idade: 13
Altura: 1.45
---- user output:
2.0: 1.45
-- TEST CASE 2:
---- input:
Marcelo
34
1.79
---- correct output:
Nome: Marcelo
Idade: 34
Altura: 1.79
---- user output:
2.0: 1.79
-- TEST CASE 3:
---- input:
Larissa
23
1.68
---- correct output:
Nome: Larissa
Idade: 23
Altura: 1.68
---- user output:
2.0: 1.68
-- TEST CASE 4:
---- input:
Jose
45
1.89
---- correct output:
Nome: Jose
Idade: 45
Altura: 1.89
---- user output:
2.0: 1.89
*-*-*-*-*-*-*-*-*-*-*-*-*-*-*-*-*-*-*-*-*-*-*-*
== SUBMISSION (2025-08-26 17:13:40)
-- CODE: 
nome = input("Fulano")
idade = int(input("YY"))
altura = float(input("XXX"))
print("Fulano: ", nome)
print("YY: ", idade)
print("XXX: ", altura)
-- EXECUTION TIME: 
0.01
-- TEST CASE 1:
---- input:
Teresa
13
1.45
---- correct output:
Nome: Teresa
Idade: 13
Altura: 1.45
---- user output:
XXX:  1.45
-- TEST CASE 2:
---- input:
Marcelo
34
1.79
---- correct output:
Nome: Marcelo
Idade: 34
Altura: 1.79
---- user output:
XXX:  1.79
-- TEST CASE 3:
---- input:
Larissa
23
1.68
---- correct output:
Nome: Larissa
Idade: 23
Altura: 1.68
---- user output:
XXX:  1.68
-- TEST CASE 4:
---- input:
Jose
45
1.89
---- correct output:
Nome: Jose
Idade: 45
Altura: 1.89
---- user output:
XXX:  1.89
-- GRADE:
0%
*-*-*-*-*-*-*-*-*-*-*-*-*-*-*-*-*-*-*-*-*-*-*-*
== SUBMISSION (2025-08-22 02:41:22)
-- CODE: 
nome = input()
idade = input()
altura = input()
-- EXECUTION TIME: 
0.01
-- TEST CASE 1:
---- input:
Teresa
13
1.45
---- correct output:
Nome: Teresa
Idade: 13
Altura: 1.45
---- user output:
None
-- TEST CASE 2:
---- input:
Marcelo
34
1.79
---- correct output:
Nome: Marcelo
Idade: 34
Altura: 1.79
---- user output:
None
-- TEST CASE 3:
---- input:
Larissa
23
1.68
---- correct output:
Nome: Larissa
Idade: 23
Altura: 1.68
---- user output:
None
-- TEST CASE 4:
---- input:
Jose
45
1.89
---- correct output:
Nome: Jose
Idade: 45
Altura: 1.89
---- user output:
None
-- GRADE:
0%
*-*-*-*-*-*-*-*-*-*-*-*-*-*-*-*-*-*-*-*-*-*-*-*
== SUBMISSION (2025-08-26 17:53:13)
-- CODE: 
nome = input("insina o seu nome: ")
idade = int(input("insira a sua idade: "))
altura = float(input("insira a sua altura: "))
print("Ricardo:", nome)
print("25:" ,idade)
print("2,0:" ,altura)
-- EXECUTION TIME: 
0.01
-- TEST CASE 1:
---- input:
Teresa
13
1.45
---- correct output:
Nome: Teresa
Idade: 13
Altura: 1.45
---- user output:
2,0: 1.45
-- TEST CASE 2:
---- input:
Marcelo
34
1.79
---- correct output:
Nome: Marcelo
Idade: 34
Altura: 1.79
---- user output:
2,0: 1.79
-- TEST CASE 3:
---- input:
Larissa
23
1.68
---- correct output:
Nome: Larissa
Idade: 23
Altura: 1.68
---- user output:
2,0: 1.68
-- TEST CASE 4:
---- input:
Jose
45
1.89
---- correct output:
Nome: Jose
Idade: 45
Altura: 1.89
---- user output:
2,0: 1.89
-- GRADE:
0%
*-*-*-*-*-*-*-*-*-*-*-*-*-*-*-*-*-*-*-*-*-*-*-*
== SUBMISSION (2025-08-26 17:22:14)
-- CODE: 
nome = input("Ricardo")
idade = int(input("25"))
altura = float(input("2,0"))
print("Ricardo:", nome)
print("25 anos:", idade)
print("2 metros:", altura)
-- EXECUTION TIME: 
0.01
-- TEST CASE 1:
---- input:
Teresa
13
1.45
---- correct output:
Nome: Teresa
Idade: 13
Altura: 1.45
---- user output:
2 metros: 1.45
-- TEST CASE 2:
---- input:
Marcelo
34
1.79
---- correct output:
Nome: Marcelo
Idade: 34
Altura: 1.79
---- user output:
2 metros: 1.79
-- TEST CASE 3:
---- input:
Larissa
23
1.68
---- correct output:
Nome: Larissa
Idade: 23
Altura: 1.68
---- user output:
2 metros: 1.68
-- TEST CASE 4:
---- input:
Jose
45
1.89
---- correct output:
Nome: Jose
Idade: 45
Altura: 1.89
---- user output:
2 metros: 1.89
-- GRADE:
0%
*-*-*-*-*-*-*-*-*-*-*-*-*-*-*-*-*-*-*-*-*-*-*-*
== SUBMISSION (2025-08-26 17:22:17)
-- CODE: 
nome = input("Ricardo")
idade = int(input("25"))
altura = float(input("2,0"))
print("Ricardo:", nome)
print("25 anos:", idade)
print("2 metros:", altura)
-- EXECUTION TIME: 
0.01
-- TEST CASE 1:
---- input:
Teresa
13
1.45
---- correct output:
Nome: Teresa
Idade: 13
Altura: 1.45
---- user output:
2 metros: 1.45
-- TEST CASE 2:
---- input:
Marcelo
34
1.79
---- correct output:
Nome: Marcelo
Idade: 34
Altura: 1.79
---- user output:
2 metros: 1.79
-- TEST CASE 3:
---- input:
Larissa
23
1.68
---- correct output:
Nome: Larissa
Idade: 23
Altura: 1.68
---- user output:
2 metros: 1.68
-- TEST CASE 4:
---- input:
Jose
45
1.89
---- correct output:
Nome: Jose
Idade: 45
Altura: 1.89
---- user output:
2 metros: 1.89
-- GRADE:
0%
*-*-*-*-*-*-*-*-*-*-*-*-*-*-*-*-*-*-*-*-*-*-*-*
== RUN (2025-08-26 17:50:58)
-- CODE: 
nome = input("insina o seu nome: ")
idade = int(input("insira a sua idade: "))
altura = float(input("insira a sua altura: "))
print("Ricardo:", nome)
print("25 anos:", idade)
print("2 metros:", altura)
-- EXECUTION TIME: 
0.0
-- TEST CASE 1:
---- input:
Teresa
13
1.45
---- correct output:
Nome: Teresa
Idade: 13
Altura: 1.45
---- user output:
2 metros: 1.45
-- TEST CASE 2:
---- input:
Marcelo
34
1.79
---- correct output:
Nome: Marcelo
Idade: 34
Altura: 1.79
---- user output:
2 metros: 1.79
-- TEST CASE 3:
---- input:
Larissa
23
1.68
---- correct output:
Nome: Larissa
Idade: 23
Altura: 1.68
---- user output:
2 metros: 1.68
-- TEST CASE 4:
---- input:
Jose
45
1.89
---- correct output:
Nome: Jose
Idade: 45
Altura: 1.89
---- user output:
2 metros: 1.89
*-*-*-*-*-*-*-*-*-*-*-*-*-*-*-*-*-*-*-*-*-*-*-*
== SUBMISSION (2025-08-26 17:52:44)
-- CODE: 
nome = input("insina o seu nome: ")
idade = int(input("insira a sua idade: "))
altura = float(input("insira a sua altura: "))
print("Ricardo:", nome)
print("25:" ,idade)
print("2:" ,altura)
-- EXECUTION TIME: 
0.01
-- TEST CASE 1:
---- input:
Teresa
13
1.45
---- correct output:
Nome: Teresa
Idade: 13
Altura: 1.45
---- user output:
2: 1.45
-- TEST CASE 2:
---- input:
Marcelo
34
1.79
---- correct output:
Nome: Marcelo
Idade: 34
Altura: 1.79
---- user output:
2: 1.79
-- TEST CASE 3:
---- input:
Larissa
23
1.68
---- correct output:
Nome: Larissa
Idade: 23
Altura: 1.68
---- user output:
2: 1.68
-- TEST CASE 4:
---- input:
Jose
45
1.89
---- correct output:
Nome: Jose
Idade: 45
Altura: 1.89
---- user output:
2: 1.89
-- GRADE:
0%
*-*-*-*-*-*-*-*-*-*-*-*-*-*-*-*-*-*-*-*-*-*-*-*
== SUBMISSION (2025-08-26 17:04:27)
-- CODE: 
nome = input()
idade = input()
altura = input()
print("nome:", fulano)
print("idade:", YY)
print("altura":, XXX)
-- EXECUTION TIME: 
0.0
-- TEST CASE 1:
---- input:
Teresa
13
1.45
---- correct output:
Nome: Teresa
Idade: 13
Altura: 1.45
-- ERROR:
File "XXXX", line 6
    print("altura":, XXX)
                  ^
SyntaxError: invalid syntax
-- TEST CASE 2:
---- input:
Marcelo
34
1.79
---- correct output:
Nome: Marcelo
Idade: 34
Altura: 1.79
-- ERROR:
File "XXXX", line 6
    print("altura":, XXX)
                  ^
SyntaxError: invalid syntax
-- TEST CASE 3:
---- input:
Larissa
23
1.68
---- correct output:
Nome: Larissa
Idade: 23
Altura: 1.68
-- ERROR:
File "XXXX", line 6
    print("altura":, XXX)
                  ^
SyntaxError: invalid syntax
-- TEST CASE 4:
---- input:
Jose
45
1.89
---- correct output:
Nome: Jose
Idade: 45
Altura: 1.89
-- ERROR:
File "XXXX", line 6
    print("altura":, XXX)
                  ^
SyntaxError: invalid syntax
-- GRADE:
0%
*-*-*-*-*-*-*-*-*-*-*-*-*-*-*-*-*-*-*-*-*-*-*-*
== SUBMISSION (2025-08-27 16:11:46)
-- CODE: 
nome = input("insina o seu nome: ")
idade = int(input("insira a sua idade: "))
altura = float(input("insira a sua altura: "))
print("nome: , nome")
print("idade: , idade")
print("altura: , altura")
-- EXECUTION TIME: 
0.01
-- TEST CASE 1:
---- input:
Teresa
13
1.45
---- correct output:
Nome: Teresa
Idade: 13
Altura: 1.45
---- user output:
altura: , altura
-- TEST CASE 2:
---- input:
Marcelo
34
1.79
---- correct output:
Nome: Marcelo
Idade: 34
Altura: 1.79
---- user output:
altura: , altura
-- TEST CASE 3:
---- input:
Larissa
23
1.68
---- correct output:
Nome: Larissa
Idade: 23
Altura: 1.68
---- user output:
altura: , altura
-- TEST CASE 4:
---- input:
Jose
45
1.89
---- correct output:
Nome: Jose
Idade: 45
Altura: 1.89
---- user output:
altura: , altura
-- GRADE:
0%
*-*-*-*-*-*-*-*-*-*-*-*-*-*-*-*-*-*-*-*-*-*-*-*
== SUBMISSION (2025-08-26 17:53:57)
-- CODE: 
nome = input("insina o seu nome: ")
idade = int(input("insira a sua idade: "))
altura = float(input("insira a sua altura: "))
print("Ricardo:", nome)
print("25:" ,idade)
print("2.0:" ,altura)
-- EXECUTION TIME: 
0.01
-- TEST CASE 1:
---- input:
Teresa
13
1.45
---- correct output:
Nome: Teresa
Idade: 13
Altura: 1.45
---- user output:
2.0: 1.45
-- TEST CASE 2:
---- input:
Marcelo
34
1.79
---- correct output:
Nome: Marcelo
Idade: 34
Altura: 1.79
---- user output:
2.0: 1.79
-- TEST CASE 3:
---- input:
Larissa
23
1.68
---- correct output:
Nome: Larissa
Idade: 23
Altura: 1.68
---- user output:
2.0: 1.68
-- TEST CASE 4:
---- input:
Jose
45
1.89
---- correct output:
Nome: Jose
Idade: 45
Altura: 1.89
---- user output:
2.0: 1.89
-- GRADE:
0%
*-*-*-*-*-*-*-*-*-*-*-*-*-*-*-*-*-*-*-*-*-*-*-*
== SUBMISSION (2025-08-26 17:53:27)
-- CODE: 
nome = input("insina o seu nome: ")
idade = int(input("insira a sua idade: "))
altura = float(input("insira a sua altura: "))
print("Ricardo:", nome)
print("25:" ,idade)
print("2,0:" ,altura)
-- EXECUTION TIME: 
0.01
-- TEST CASE 1:
---- input:
Teresa
13
1.45
---- correct output:
Nome: Teresa
Idade: 13
Altura: 1.45
---- user output:
2,0: 1.45
-- TEST CASE 2:
---- input:
Marcelo
34
1.79
---- correct output:
Nome: Marcelo
Idade: 34
Altura: 1.79
---- user output:
2,0: 1.79
-- TEST CASE 3:
---- input:
Larissa
23
1.68
---- correct output:
Nome: Larissa
Idade: 23
Altura: 1.68
---- user output:
2,0: 1.68
-- TEST CASE 4:
---- input:
Jose
45
1.89
---- correct output:
Nome: Jose
Idade: 45
Altura: 1.89
---- user output:
2,0: 1.89
-- GRADE:
0%
*-*-*-*-*-*-*-*-*-*-*-*-*-*-*-*-*-*-*-*-*-*-*-*
== RUN (2025-08-26 17:53:38)
-- CODE: 
nome = input("insina o seu nome: ")
idade = int(input("insira a sua idade: "))
altura = float(input("insira a sua altura: "))
print("Ricardo:", nome)
print("25:" ,idade)
print("2:" ,altura)
-- EXECUTION TIME: 
0.0
-- TEST CASE 1:
---- input:
Teresa
13
1.45
---- correct output:
Nome: Teresa
Idade: 13
Altura: 1.45
---- user output:
2: 1.45
-- TEST CASE 2:
---- input:
Marcelo
34
1.79
---- correct output:
Nome: Marcelo
Idade: 34
Altura: 1.79
---- user output:
2: 1.79
-- TEST CASE 3:
---- input:
Larissa
23
1.68
---- correct output:
Nome: Larissa
Idade: 23
Altura: 1.68
---- user output:
2: 1.68
-- TEST CASE 4:
---- input:
Jose
45
1.89
---- correct output:
Nome: Jose
Idade: 45
Altura: 1.89
---- user output:
2: 1.89
*-*-*-*-*-*-*-*-*-*-*-*-*-*-*-*-*-*-*-*-*-*-*-*
== RUN (2025-08-22 02:42:47)
-- CODE: 
nome = input("fulano")
idade = input("YY")
altura = input("XXX")
-- EXECUTION TIME: 
0.0
-- TEST CASE 1:
---- input:
Teresa
13
1.45
---- correct output:
Nome: Teresa
Idade: 13
Altura: 1.45
---- user output:
fulanoYYXXX
-- TEST CASE 2:
---- input:
Marcelo
34
1.79
---- correct output:
Nome: Marcelo
Idade: 34
Altura: 1.79
---- user output:
fulanoYYXXX
-- TEST CASE 3:
---- input:
Larissa
23
1.68
---- correct output:
Nome: Larissa
Idade: 23
Altura: 1.68
---- user output:
fulanoYYXXX
-- TEST CASE 4:
---- input:
Jose
45
1.89
---- correct output:
Nome: Jose
Idade: 45
Altura: 1.89
---- user output:
fulanoYYXXX
*-*-*-*-*-*-*-*-*-*-*-*-*-*-*-*-*-*-*-*-*-*-*-*
== RUN (2025-08-26 17:55:02)
-- CODE: 
nome = input("insina o seu nome: ")
idade = int(input("insira a sua idade: "))
altura = float(input("insira a sua altura: "))
print("nome:", nome)
print("idade:" ,idade)
print("altura:" ,altura)
-- EXECUTION TIME: 
0.0
-- TEST CASE 1:
---- input:
Teresa
13
1.45
---- correct output:
Nome: Teresa
Idade: 13
Altura: 1.45
---- user output:
altura: 1.45
-- TEST CASE 2:
---- input:
Marcelo
34
1.79
---- correct output:
Nome: Marcelo
Idade: 34
Altura: 1.79
---- user output:
altura: 1.79
-- TEST CASE 3:
---- input:
Larissa
23
1.68
---- correct output:
Nome: Larissa
Idade: 23
Altura: 1.68
---- user output:
altura: 1.68
-- TEST CASE 4:
---- input:
Jose
45
1.89
---- correct output:
Nome: Jose
Idade: 45
Altura: 1.89
---- user output:
altura: 1.89
*-*-*-*-*-*-*-*-*-*-*-*-*-*-*-*-*-*-*-*-*-*-*-*
== SUBMISSION (2025-08-26 17:16:04)
-- CODE: 
nome = input("Ricardo")
idade = int(input("25 anos"))
altura = float(input("2 metros"))
print("Ricardo: ", nome)
print("25 anos: ", idade)
print("2 metros: ", altura)
-- EXECUTION TIME: 
0.01
-- TEST CASE 1:
---- input:
Teresa
13
1.45
---- correct output:
Nome: Teresa
Idade: 13
Altura: 1.45
---- user output:
2 metros:  1.45
-- TEST CASE 2:
---- input:
Marcelo
34
1.79
---- correct output:
Nome: Marcelo
Idade: 34
Altura: 1.79
---- user output:
2 metros:  1.79
-- TEST CASE 3:
---- input:
Larissa
23
1.68
---- correct output:
Nome: Larissa
Idade: 23
Altura: 1.68
---- user output:
2 metros:  1.68
-- TEST CASE 4:
---- input:
Jose
45
1.89
---- correct output:
Nome: Jose
Idade: 45
Altura: 1.89
---- user output:
2 metros:  1.89
-- GRADE:
0%
*-*-*-*-*-*-*-*-*-*-*-*-*-*-*-*-*-*-*-*-*-*-*-*
== SUBMISSION (2025-08-26 17:10:33)
-- CODE: 
nome = input("Fulano")
idade = int(input("YY"))
altura = float(input("XXX"))
print("nome:fulano")
print("idade:YY")
print("altura:XXX")
-- EXECUTION TIME: 
0.01
-- TEST CASE 1:
---- input:
Teresa
13
1.45
---- correct output:
Nome: Teresa
Idade: 13
Altura: 1.45
---- user output:
altura:XXX
-- TEST CASE 2:
---- input:
Marcelo
34
1.79
---- correct output:
Nome: Marcelo
Idade: 34
Altura: 1.79
---- user output:
altura:XXX
-- TEST CASE 3:
---- input:
Larissa
23
1.68
---- correct output:
Nome: Larissa
Idade: 23
Altura: 1.68
---- user output:
altura:XXX
-- TEST CASE 4:
---- input:
Jose
45
1.89
---- correct output:
Nome: Jose
Idade: 45
Altura: 1.89
---- user output:
altura:XXX
-- GRADE:
0%
*-*-*-*-*-*-*-*-*-*-*-*-*-*-*-*-*-*-*-*-*-*-*-*
== SUBMISSION (2025-08-27 16:32:41)
-- CODE: 
nome = input("insina o seu nome: ")
idade = input("insira a sua idade: ")
altura = input("insira a sua altura: ")
print("nNome:", nome)
print("Idade:", idade)
print("Altura:", altura)
-- EXECUTION TIME: 
0.01
-- TEST CASE 1:
---- input:
Teresa
13
1.45
---- correct output:
Nome: Teresa
Idade: 13
Altura: 1.45
---- user output:
Altura: 1.45
-- TEST CASE 2:
---- input:
Marcelo
34
1.79
---- correct output:
Nome: Marcelo
Idade: 34
Altura: 1.79
---- user output:
Altura: 1.79
-- TEST CASE 3:
---- input:
Larissa
23
1.68
---- correct output:
Nome: Larissa
Idade: 23
Altura: 1.68
---- user output:
Altura: 1.68
-- TEST CASE 4:
---- input:
Jose
45
1.89
---- correct output:
Nome: Jose
Idade: 45
Altura: 1.89
---- user output:
Altura: 1.89
-- GRADE:
100%
*-*-*-*-*-*-*-*-*-*-*-*-*-*-*-*-*-*-*-*-*-*-*-*
== RUN (2025-08-26 17:16:05)
-- CODE: 
nome = input("Ricardo")
idade = int(input("25 anos"))
altura = float(input("2 metros"))
print("Ricardo: ", nome)
print("25 anos: ", idade)
print("2 metros: ", altura)
-- EXECUTION TIME: 
0.0
-- TEST CASE 1:
---- input:
Teresa
13
1.45
---- correct output:
Nome: Teresa
Idade: 13
Altura: 1.45
---- user output:
2 metros:  1.45
-- TEST CASE 2:
---- input:
Marcelo
34
1.79
---- correct output:
Nome: Marcelo
Idade: 34
Altura: 1.79
---- user output:
2 metros:  1.79
-- TEST CASE 3:
---- input:
Larissa
23
1.68
---- correct output:
Nome: Larissa
Idade: 23
Altura: 1.68
---- user output:
2 metros:  1.68
-- TEST CASE 4:
---- input:
Jose
45
1.89
---- correct output:
Nome: Jose
Idade: 45
Altura: 1.89
---- user output:
2 metros:  1.89
*-*-*-*-*-*-*-*-*-*-*-*-*-*-*-*-*-*-*-*-*-*-*-*
== SUBMISSION (2025-08-22 02:42:51)
-- CODE: 
nome = input("fulano")
idade = input("YY")
altura = input("XXX")
-- EXECUTION TIME: 
0.01
-- TEST CASE 1:
---- input:
Teresa
13
1.45
---- correct output:
Nome: Teresa
Idade: 13
Altura: 1.45
---- user output:
fulanoYYXXX
-- TEST CASE 2:
---- input:
Marcelo
34
1.79
---- correct output:
Nome: Marcelo
Idade: 34
Altura: 1.79
---- user output:
fulanoYYXXX
-- TEST CASE 3:
---- input:
Larissa
23
1.68
---- correct output:
Nome: Larissa
Idade: 23
Altura: 1.68
---- user output:
fulanoYYXXX
-- TEST CASE 4:
---- input:
Jose
45
1.89
---- correct output:
Nome: Jose
Idade: 45
Altura: 1.89
---- user output:
fulanoYYXXX
-- GRADE:
0%
*-*-*-*-*-*-*-*-*-*-*-*-*-*-*-*-*-*-*-*-*-*-*-*
== RUN (2025-08-26 17:22:16)
-- CODE: 
nome = input("Ricardo")
idade = int(input("25"))
altura = float(input("2,0"))
print("Ricardo:", nome)
print("25 anos:", idade)
print("2 metros:", altura)
-- EXECUTION TIME: 
0.0
-- TEST CASE 1:
---- input:
Teresa
13
1.45
---- correct output:
Nome: Teresa
Idade: 13
Altura: 1.45
---- user output:
2 metros: 1.45
-- TEST CASE 2:
---- input:
Marcelo
34
1.79
---- correct output:
Nome: Marcelo
Idade: 34
Altura: 1.79
---- user output:
2 metros: 1.79
-- TEST CASE 3:
---- input:
Larissa
23
1.68
---- correct output:
Nome: Larissa
Idade: 23
Altura: 1.68
---- user output:
2 metros: 1.68
-- TEST CASE 4:
---- input:
Jose
45
1.89
---- correct output:
Nome: Jose
Idade: 45
Altura: 1.89
---- user output:
2 metros: 1.89
*-*-*-*-*-*-*-*-*-*-*-*-*-*-*-*-*-*-*-*-*-*-*-*
== SUBMISSION (2025-08-27 16:09:26)
-- CODE: 
nome = input("insina o seu nome: ")
idade = int(input("insira a sua idade: "))
altura = float(input("insira a sua altura: "))
print("nome:", nome)
print("idade:" ,idade)
print("altura:" ,altura)
-- EXECUTION TIME: 
0.01
-- TEST CASE 1:
---- input:
Teresa
13
1.45
---- correct output:
Nome: Teresa
Idade: 13
Altura: 1.45
---- user output:
altura: 1.45
-- TEST CASE 2:
---- input:
Marcelo
34
1.79
---- correct output:
Nome: Marcelo
Idade: 34
Altura: 1.79
---- user output:
altura: 1.79
-- TEST CASE 3:
---- input:
Larissa
23
1.68
---- correct output:
Nome: Larissa
Idade: 23
Altura: 1.68
---- user output:
altura: 1.68
-- TEST CASE 4:
---- input:
Jose
45
1.89
---- correct output:
Nome: Jose
Idade: 45
Altura: 1.89
---- user output:
altura: 1.89
-- GRADE:
0%
*-*-*-*-*-*-*-*-*-*-*-*-*-*-*-*-*-*-*-*-*-*-*-*
== RUN (2025-08-26 17:20:51)
-- CODE: 
nome = input("insira seu nome: ")
idade = int(input("insira sua idade: "))
altura = float(input("insira sia altura: "))
print("Ricardo:", nome)
print("25 anos:", idade)
print("2 metros:", altura)
-- EXECUTION TIME: 
0.0
-- TEST CASE 1:
---- input:
Teresa
13
1.45
---- correct output:
Nome: Teresa
Idade: 13
Altura: 1.45
---- user output:
2 metros: 1.45
-- TEST CASE 2:
---- input:
Marcelo
34
1.79
---- correct output:
Nome: Marcelo
Idade: 34
Altura: 1.79
---- user output:
2 metros: 1.79
-- TEST CASE 3:
---- input:
Larissa
23
1.68
---- correct output:
Nome: Larissa
Idade: 23
Altura: 1.68
---- user output:
2 metros: 1.68
-- TEST CASE 4:
---- input:
Jose
45
1.89
---- correct output:
Nome: Jose
Idade: 45
Altura: 1.89
---- user output:
2 metros: 1.89
*-*-*-*-*-*-*-*-*-*-*-*-*-*-*-*-*-*-*-*-*-*-*-*
== RUN (2025-08-26 17:52:46)
-- CODE: 
nome = input("insina o seu nome: ")
idade = int(input("insira a sua idade: "))
altura = float(input("insira a sua altura: "))
print("Ricardo:", nome)
print("25:" ,idade)
print("2:" ,altura)
-- EXECUTION TIME: 
0.0
-- TEST CASE 1:
---- input:
Teresa
13
1.45
---- correct output:
Nome: Teresa
Idade: 13
Altura: 1.45
---- user output:
2: 1.45
-- TEST CASE 2:
---- input:
Marcelo
34
1.79
---- correct output:
Nome: Marcelo
Idade: 34
Altura: 1.79
---- user output:
2: 1.79
-- TEST CASE 3:
---- input:
Larissa
23
1.68
---- correct output:
Nome: Larissa
Idade: 23
Altura: 1.68
---- user output:
2: 1.68
-- TEST CASE 4:
---- input:
Jose
45
1.89
---- correct output:
Nome: Jose
Idade: 45
Altura: 1.89
---- user output:
2: 1.89
*-*-*-*-*-*-*-*-*-*-*-*-*-*-*-*-*-*-*-*-*-*-*-*
== SUBMISSION (2025-08-26 17:16:31)
-- CODE: 
nome = input("Ricardo")
idade = int(input("25 anos"))
altura = float(input("2 metros"))
print("Ricardo:", nome)
print("25 anos:", idade)
print("2 metros:", altura)
-- EXECUTION TIME: 
0.01
-- TEST CASE 1:
---- input:
Teresa
13
1.45
---- correct output:
Nome: Teresa
Idade: 13
Altura: 1.45
---- user output:
2 metros: 1.45
-- TEST CASE 2:
---- input:
Marcelo
34
1.79
---- correct output:
Nome: Marcelo
Idade: 34
Altura: 1.79
---- user output:
2 metros: 1.79
-- TEST CASE 3:
---- input:
Larissa
23
1.68
---- correct output:
Nome: Larissa
Idade: 23
Altura: 1.68
---- user output:
2 metros: 1.68
-- TEST CASE 4:
---- input:
Jose
45
1.89
---- correct output:
Nome: Jose
Idade: 45
Altura: 1.89
---- user output:
2 metros: 1.89
-- GRADE:
0%
*-*-*-*-*-*-*-*-*-*-*-*-*-*-*-*-*-*-*-*-*-*-*-*
== SUBMISSION (2025-08-27 16:15:18)
-- CODE: 
nome = input("insina o seu nome: ")
idade = input("insira a sua idade: ")
altura = input("insira a sua altura: ")
print("nome:" , nome)
print("idade:" , idade)
print("altura:" , altura)
-- EXECUTION TIME: 
0.01
-- TEST CASE 1:
---- input:
Teresa
13
1.45
---- correct output:
Nome: Teresa
Idade: 13
Altura: 1.45
---- user output:
altura: 1.45
-- TEST CASE 2:
---- input:
Marcelo
34
1.79
---- correct output:
Nome: Marcelo
Idade: 34
Altura: 1.79
---- user output:
altura: 1.79
-- TEST CASE 3:
---- input:
Larissa
23
1.68
---- correct output:
Nome: Larissa
Idade: 23
Altura: 1.68
---- user output:
altura: 1.68
-- TEST CASE 4:
---- input:
Jose
45
1.89
---- correct output:
Nome: Jose
Idade: 45
Altura: 1.89
---- user output:
altura: 1.89
-- GRADE:
0%
*-*-*-*-*-*-*-*-*-*-*-*-*-*-*-*-*-*-*-*-*-*-*-*
== SUBMISSION (2025-08-26 17:51:23)
-- CODE: 
nome = input("insina o seu nome: ")
idade = int(input("insira a sua idade: "))
altura = float(input("insira a sua altura: "))
print("Ricardo:", nome)
print("25 anos:", idade)
print("2 metros:", altura)
-- EXECUTION TIME: 
0.01
-- TEST CASE 1:
---- input:
Teresa
13
1.45
---- correct output:
Nome: Teresa
Idade: 13
Altura: 1.45
---- user output:
2 metros: 1.45
-- TEST CASE 2:
---- input:
Marcelo
34
1.79
---- correct output:
Nome: Marcelo
Idade: 34
Altura: 1.79
---- user output:
2 metros: 1.79
-- TEST CASE 3:
---- input:
Larissa
23
1.68
---- correct output:
Nome: Larissa
Idade: 23
Altura: 1.68
---- user output:
2 metros: 1.68
-- TEST CASE 4:
---- input:
Jose
45
1.89
---- correct output:
Nome: Jose
Idade: 45
Altura: 1.89
---- user output:
2 metros: 1.89
-- GRADE:
0%
*-*-*-*-*-*-*-*-*-*-*-*-*-*-*-*-*-*-*-*-*-*-*-*
== SUBMISSION (2025-08-22 02:48:57)
-- CODE: 
nome = input()
idade = input()
altura = input()
print("nome:", nome)
print("idade:", idade)
print(altura:, altura)
-- EXECUTION TIME: 
0.0
-- TEST CASE 1:
---- input:
Teresa
13
1.45
---- correct output:
Nome: Teresa
Idade: 13
Altura: 1.45
-- ERROR:
File "XXXX", line 6
    print(altura:, altura)
                ^
SyntaxError: invalid syntax
-- TEST CASE 2:
---- input:
Marcelo
34
1.79
---- correct output:
Nome: Marcelo
Idade: 34
Altura: 1.79
-- ERROR:
File "XXXX", line 6
    print(altura:, altura)
                ^
SyntaxError: invalid syntax
-- TEST CASE 3:
---- input:
Larissa
23
1.68
---- correct output:
Nome: Larissa
Idade: 23
Altura: 1.68
-- ERROR:
File "XXXX", line 6
    print(altura:, altura)
                ^
SyntaxError: invalid syntax
-- TEST CASE 4:
---- input:
Jose
45
1.89
---- correct output:
Nome: Jose
Idade: 45
Altura: 1.89
-- ERROR:
File "XXXX", line 6
    print(altura:, altura)
                ^
SyntaxError: invalid syntax
-- GRADE:
0%
*-*-*-*-*-*-*-*-*-*-*-*-*-*-*-*-*-*-*-*-*-*-*-*
== RUN (2025-08-26 17:20:01)
-- CODE: 
nome = input("insira seu nome: ")
idade = int(input("insira sua idade: "))
altura = float(input("insira sia altura: "))
print("Ricardo:", nome)
print("25 anos:", idade)
print("2 metros:", altura)
-- EXECUTION TIME: 
0.0
-- TEST CASE 1:
---- input:
Teresa
13
1.45
---- correct output:
Nome: Teresa
Idade: 13
Altura: 1.45
---- user output:
2 metros: 1.45
-- TEST CASE 2:
---- input:
Marcelo
34
1.79
---- correct output:
Nome: Marcelo
Idade: 34
Altura: 1.79
---- user output:
2 metros: 1.79
-- TEST CASE 3:
---- input:
Larissa
23
1.68
---- correct output:
Nome: Larissa
Idade: 23
Altura: 1.68
---- user output:
2 metros: 1.68
-- TEST CASE 4:
---- input:
Jose
45
1.89
---- correct output:
Nome: Jose
Idade: 45
Altura: 1.89
---- user output:
2 metros: 1.89
*-*-*-*-*-*-*-*-*-*-*-*-*-*-*-*-*-*-*-*-*-*-*-*
== SUBMISSION (2025-08-26 17:21:39)
-- CODE: 
nome = input("insira seu nome: Ricardo")
idade = int(input("insira sua idade: 25"))
altura = float(input("insira sia altura: 2,0"))
print("Ricardo:", nome)
print("25 anos:", idade)
print("2 metros:", altura)
-- EXECUTION TIME: 
0.01
-- TEST CASE 1:
---- input:
Teresa
13
1.45
---- correct output:
Nome: Teresa
Idade: 13
Altura: 1.45
---- user output:
2 metros: 1.45
-- TEST CASE 2:
---- input:
Marcelo
34
1.79
---- correct output:
Nome: Marcelo
Idade: 34
Altura: 1.79
---- user output:
2 metros: 1.79
-- TEST CASE 3:
---- input:
Larissa
23
1.68
---- correct output:
Nome: Larissa
Idade: 23
Altura: 1.68
---- user output:
2 metros: 1.68
-- TEST CASE 4:
---- input:
Jose
45
1.89
---- correct output:
Nome: Jose
Idade: 45
Altura: 1.89
---- user output:
2 metros: 1.89
-- GRADE:
0%
*-*-*-*-*-*-*-*-*-*-*-*-*-*-*-*-*-*-*-*-*-*-*-*
== RUN (2025-08-27 16:11:48)
-- CODE: 
nome = input("insina o seu nome: ")
idade = int(input("insira a sua idade: "))
altura = float(input("insira a sua altura: "))
print("nome: , nome")
print("idade: , idade")
print("altura: , altura")
-- EXECUTION TIME: 
0.0
-- TEST CASE 1:
---- input:
Teresa
13
1.45
---- correct output:
Nome: Teresa
Idade: 13
Altura: 1.45
---- user output:
altura: , altura
-- TEST CASE 2:
---- input:
Marcelo
34
1.79
---- correct output:
Nome: Marcelo
Idade: 34
Altura: 1.79
---- user output:
altura: , altura
-- TEST CASE 3:
---- input:
Larissa
23
1.68
---- correct output:
Nome: Larissa
Idade: 23
Altura: 1.68
---- user output:
altura: , altura
-- TEST CASE 4:
---- input:
Jose
45
1.89
---- correct output:
Nome: Jose
Idade: 45
Altura: 1.89
---- user output:
altura: , altura
*-*-*-*-*-*-*-*-*-*-*-*-*-*-*-*-*-*-*-*-*-*-*-*
== SUBMISSION (2025-08-27 16:31:04)
-- CODE: 
nome = input("insina o seu nome: ")
idade = input("insira a sua idade: ")
altura = input("insira a sua altura: ")
print("nome:", nome)
print("idade:", idade)
print("altura:", altura)
-- EXECUTION TIME: 
0.01
-- TEST CASE 1:
---- input:
Teresa
13
1.45
---- correct output:
Nome: Teresa
Idade: 13
Altura: 1.45
---- user output:
altura: 1.45
-- TEST CASE 2:
---- input:
Marcelo
34
1.79
---- correct output:
Nome: Marcelo
Idade: 34
Altura: 1.79
---- user output:
altura: 1.79
-- TEST CASE 3:
---- input:
Larissa
23
1.68
---- correct output:
Nome: Larissa
Idade: 23
Altura: 1.68
---- user output:
altura: 1.68
-- TEST CASE 4:
---- input:
Jose
45
1.89
---- correct output:
Nome: Jose
Idade: 45
Altura: 1.89
---- user output:
altura: 1.89
-- GRADE:
0%
*-*-*-*-*-*-*-*-*-*-*-*-*-*-*-*-*-*-*-*-*-*-*-*
== RUN (2025-08-27 16:17:28)
-- CODE: 
nome = input("insina o seu nome: ")
idade = int(input("insira a sua idade: "))
altura = float(input("insira a sua altura: "))
print("nome:" , nome)
print("idade:" , idade)
print("altura:" , altura)
-- EXECUTION TIME: 
0.0
-- TEST CASE 1:
---- input:
Teresa
13
1.45
---- correct output:
Nome: Teresa
Idade: 13
Altura: 1.45
---- user output:
altura: 1.45
-- TEST CASE 2:
---- input:
Marcelo
34
1.79
---- correct output:
Nome: Marcelo
Idade: 34
Altura: 1.79
---- user output:
altura: 1.79
-- TEST CASE 3:
---- input:
Larissa
23
1.68
---- correct output:
Nome: Larissa
Idade: 23
Altura: 1.68
---- user output:
altura: 1.68
-- TEST CASE 4:
---- input:
Jose
45
1.89
---- correct output:
Nome: Jose
Idade: 45
Altura: 1.89
---- user output:
altura: 1.89
*-*-*-*-*-*-*-*-*-*-*-*-*-*-*-*-*-*-*-*-*-*-*-*
== RUN (2025-08-27 16:04:54)
-- CODE: 
nome = input("insina o seu nome: ")
idade = int(input("insira a sua idade: "))
altura = float(input("insira a sua altura: "))
print("nome:", nome)
print("idade:" ,idade)
print("altura:" ,altura)
-- EXECUTION TIME: 
0.0
-- TEST CASE 1:
---- input:
Teresa
13
1.45
---- correct output:
Nome: Teresa
Idade: 13
Altura: 1.45
---- user output:
altura: 1.45
-- TEST CASE 2:
---- input:
Marcelo
34
1.79
---- correct output:
Nome: Marcelo
Idade: 34
Altura: 1.79
---- user output:
altura: 1.79
-- TEST CASE 3:
---- input:
Larissa
23
1.68
---- correct output:
Nome: Larissa
Idade: 23
Altura: 1.68
---- user output:
altura: 1.68
-- TEST CASE 4:
---- input:
Jose
45
1.89
---- correct output:
Nome: Jose
Idade: 45
Altura: 1.89
---- user output:
altura: 1.89
*-*-*-*-*-*-*-*-*-*-*-*-*-*-*-*-*-*-*-*-*-*-*-*
== SUBMISSION (2025-08-27 16:12:25)
-- CODE: 
nome = input("insina o seu nome: ")
idade = int(input("insira a sua idade: "))
altura = float(input("insira a sua altura: "))
print("nome:" , nome)
print("idade:" , idade)
print("altura:" , altura)
-- EXECUTION TIME: 
0.01
-- TEST CASE 1:
---- input:
Teresa
13
1.45
---- correct output:
Nome: Teresa
Idade: 13
Altura: 1.45
---- user output:
altura: 1.45
-- TEST CASE 2:
---- input:
Marcelo
34
1.79
---- correct output:
Nome: Marcelo
Idade: 34
Altura: 1.79
---- user output:
altura: 1.79
-- TEST CASE 3:
---- input:
Larissa
23
1.68
---- correct output:
Nome: Larissa
Idade: 23
Altura: 1.68
---- user output:
altura: 1.68
-- TEST CASE 4:
---- input:
Jose
45
1.89
---- correct output:
Nome: Jose
Idade: 45
Altura: 1.89
---- user output:
altura: 1.89
-- GRADE:
0%
*-*-*-*-*-*-*-*-*-*-*-*-*-*-*-*-*-*-*-*-*-*-*-*
== RUN (2025-08-22 02:48:53)
-- CODE: 
nome = input()
idade = input()
altura = input()
print("nome:", nome)
print("idade:", idade)
print(altura:, altura)
-- EXECUTION TIME: 
0.0
-- TEST CASE 1:
---- input:
Teresa
13
1.45
---- correct output:
Nome: Teresa
Idade: 13
Altura: 1.45
-- ERROR:
File "XXXX", line 6
    print(altura:, altura)
                ^
SyntaxError: invalid syntax
-- TEST CASE 2:
---- input:
Marcelo
34
1.79
---- correct output:
Nome: Marcelo
Idade: 34
Altura: 1.79
-- ERROR:
File "XXXX", line 6
    print(altura:, altura)
                ^
SyntaxError: invalid syntax
-- TEST CASE 3:
---- input:
Larissa
23
1.68
---- correct output:
Nome: Larissa
Idade: 23
Altura: 1.68
-- ERROR:
File "XXXX", line 6
    print(altura:, altura)
                ^
SyntaxError: invalid syntax
-- TEST CASE 4:
---- input:
Jose
45
1.89
---- correct output:
Nome: Jose
Idade: 45
Altura: 1.89
-- ERROR:
File "XXXX", line 6
    print(altura:, altura)
                ^
SyntaxError: invalid syntax
*-*-*-*-*-*-*-*-*-*-*-*-*-*-*-*-*-*-*-*-*-*-*-*
== RUN (2025-08-26 17:19:34)
-- CODE: 
nome = input("insira seu nome: ")
idade = int(input("insira sua idade: "))
altura = float(input("insira sia altura: "))
print("Ricardo:", nome)
print("25 anos:", idade)
print("2 metros:", altura)
-- EXECUTION TIME: 
0.0
-- TEST CASE 1:
---- input:
Teresa
13
1.45
---- correct output:
Nome: Teresa
Idade: 13
Altura: 1.45
---- user output:
2 metros: 1.45
-- TEST CASE 2:
---- input:
Marcelo
34
1.79
---- correct output:
Nome: Marcelo
Idade: 34
Altura: 1.79
---- user output:
2 metros: 1.79
-- TEST CASE 3:
---- input:
Larissa
23
1.68
---- correct output:
Nome: Larissa
Idade: 23
Altura: 1.68
---- user output:
2 metros: 1.68
-- TEST CASE 4:
---- input:
Jose
45
1.89
---- correct output:
Nome: Jose
Idade: 45
Altura: 1.89
---- user output:
2 metros: 1.89
*-*-*-*-*-*-*-*-*-*-*-*-*-*-*-*-*-*-*-*-*-*-*-*
== RUN (2025-08-26 17:04:24)
-- CODE: 
nome = input()
idade = input()
altura = input()
print("nome:", fulano)
print("idade:", YY)
print("altura":, XXX)
-- EXECUTION TIME: 
0.0
-- TEST CASE 1:
---- input:
Teresa
13
1.45
---- correct output:
Nome: Teresa
Idade: 13
Altura: 1.45
-- ERROR:
File "XXXX", line 6
    print("altura":, XXX)
                  ^
SyntaxError: invalid syntax
-- TEST CASE 2:
---- input:
Marcelo
34
1.79
---- correct output:
Nome: Marcelo
Idade: 34
Altura: 1.79
-- ERROR:
File "XXXX", line 6
    print("altura":, XXX)
                  ^
SyntaxError: invalid syntax
-- TEST CASE 3:
---- input:
Larissa
23
1.68
---- correct output:
Nome: Larissa
Idade: 23
Altura: 1.68
-- ERROR:
File "XXXX", line 6
    print("altura":, XXX)
                  ^
SyntaxError: invalid syntax
-- TEST CASE 4:
---- input:
Jose
45
1.89
---- correct output:
Nome: Jose
Idade: 45
Altura: 1.89
-- ERROR:
File "XXXX", line 6
    print("altura":, XXX)
                  ^
SyntaxError: invalid syntax
*-*-*-*-*-*-*-*-*-*-*-*-*-*-*-*-*-*-*-*-*-*-*-*
== SUBMISSION (2025-08-27 16:13:13)
-- CODE: 
nome = input("insina o seu nome: ")
idade = float(input("insira a sua idade: "))
altura = float(input("insira a sua altura: "))
print("nome:" , nome)
print("idade:" , idade)
print("altura:" , altura)
-- EXECUTION TIME: 
0.015
-- TEST CASE 1:
---- input:
Teresa
13
1.45
---- correct output:
Nome: Teresa
Idade: 13
Altura: 1.45
---- user output:
altura: 1.45
-- TEST CASE 2:
---- input:
Marcelo
34
1.79
---- correct output:
Nome: Marcelo
Idade: 34
Altura: 1.79
---- user output:
altura: 1.79
-- TEST CASE 3:
---- input:
Larissa
23
1.68
---- correct output:
Nome: Larissa
Idade: 23
Altura: 1.68
---- user output:
altura: 1.68
-- TEST CASE 4:
---- input:
Jose
45
1.89
---- correct output:
Nome: Jose
Idade: 45
Altura: 1.89
---- user output:
altura: 1.89
-- GRADE:
0%
*-*-*-*-*-*-*-*-*-*-*-*-*-*-*-*-*-*-*-*-*-*-*-*
== RUN (2025-08-26 17:11:59)
-- CODE: 
nome = input("Fulano")
idade = int(input("YY"))
altura = float(input("XXX"))
print("Fulano:nome")
print("YY:idade")
print("XXX:altura")
-- EXECUTION TIME: 
0.0
-- TEST CASE 1:
---- input:
Teresa
13
1.45
---- correct output:
Nome: Teresa
Idade: 13
Altura: 1.45
---- user output:
XXX:altura
-- TEST CASE 2:
---- input:
Marcelo
34
1.79
---- correct output:
Nome: Marcelo
Idade: 34
Altura: 1.79
---- user output:
XXX:altura
-- TEST CASE 3:
---- input:
Larissa
23
1.68
---- correct output:
Nome: Larissa
Idade: 23
Altura: 1.68
---- user output:
XXX:altura
-- TEST CASE 4:
---- input:
Jose
45
1.89
---- correct output:
Nome: Jose
Idade: 45
Altura: 1.89
---- user output:
XXX:altura
*-*-*-*-*-*-*-*-*-*-*-*-*-*-*-*-*-*-*-*-*-*-*-*
== RUN (2025-08-22 02:46:10)
-- CODE: 
nome = input()
idade = input()
altura = input()
print("nome:", fulano)
print("idade:", YY)
print(altura:, XXX)
-- EXECUTION TIME: 
0.0
-- TEST CASE 1:
---- input:
Teresa
13
1.45
---- correct output:
Nome: Teresa
Idade: 13
Altura: 1.45
-- ERROR:
File "XXXX", line 6
    print(altura:, XXX)
                ^
SyntaxError: invalid syntax
-- TEST CASE 2:
---- input:
Marcelo
34
1.79
---- correct output:
Nome: Marcelo
Idade: 34
Altura: 1.79
-- ERROR:
File "XXXX", line 6
    print(altura:, XXX)
                ^
SyntaxError: invalid syntax
-- TEST CASE 3:
---- input:
Larissa
23
1.68
---- correct output:
Nome: Larissa
Idade: 23
Altura: 1.68
-- ERROR:
File "XXXX", line 6
    print(altura:, XXX)
                ^
SyntaxError: invalid syntax
-- TEST CASE 4:
---- input:
Jose
45
1.89
---- correct output:
Nome: Jose
Idade: 45
Altura: 1.89
-- ERROR:
File "XXXX", line 6
    print(altura:, XXX)
                ^
SyntaxError: invalid syntax
*-*-*-*-*-*-*-*-*-*-*-*-*-*-*-*-*-*-*-*-*-*-*-*
== SUBMISSION (2025-08-27 16:10:41)
-- CODE: 
nome = input("insina o seu nome: ")
idade = int(input("insira a sua idade: "))
altura = float(input("insira a sua altura: "))
print("nome:" ,nome)
print("idade:" ,idade)
print("altura:" ,altura)
-- EXECUTION TIME: 
0.01
-- TEST CASE 1:
---- input:
Teresa
13
1.45
---- correct output:
Nome: Teresa
Idade: 13
Altura: 1.45
---- user output:
altura: 1.45
-- TEST CASE 2:
---- input:
Marcelo
34
1.79
---- correct output:
Nome: Marcelo
Idade: 34
Altura: 1.79
---- user output:
altura: 1.79
-- TEST CASE 3:
---- input:
Larissa
23
1.68
---- correct output:
Nome: Larissa
Idade: 23
Altura: 1.68
---- user output:
altura: 1.68
-- TEST CASE 4:
---- input:
Jose
45
1.89
---- correct output:
Nome: Jose
Idade: 45
Altura: 1.89
---- user output:
altura: 1.89
-- GRADE:
0%
*-*-*-*-*-*-*-*-*-*-*-*-*-*-*-*-*-*-*-*-*-*-*-*
== SUBMISSION (2025-08-26 17:05:08)
-- CODE: 
nome = input()
idade = input()
altura = input()
print("nome:, fulano")
print("idade:, YY")
print("altura:, XXX")
-- EXECUTION TIME: 
0.01
-- TEST CASE 1:
---- input:
Teresa
13
1.45
---- correct output:
Nome: Teresa
Idade: 13
Altura: 1.45
---- user output:
altura:, XXX
-- TEST CASE 2:
---- input:
Marcelo
34
1.79
---- correct output:
Nome: Marcelo
Idade: 34
Altura: 1.79
---- user output:
altura:, XXX
-- TEST CASE 3:
---- input:
Larissa
23
1.68
---- correct output:
Nome: Larissa
Idade: 23
Altura: 1.68
---- user output:
altura:, XXX
-- TEST CASE 4:
---- input:
Jose
45
1.89
---- correct output:
Nome: Jose
Idade: 45
Altura: 1.89
---- user output:
altura:, XXX
-- GRADE:
0%
*-*-*-*-*-*-*-*-*-*-*-*-*-*-*-*-*-*-*-*-*-*-*-*
== RUN (2025-08-27 16:15:24)
-- CODE: 
nome = input("insina o seu nome: ")
idade = input("insira a sua idade: ")
altura = input("insira a sua altura: ")
print("nome:" , nome)
print("idade:" , idade)
print("altura:" , altura)
-- EXECUTION TIME: 
0.0
-- TEST CASE 1:
---- input:
Teresa
13
1.45
---- correct output:
Nome: Teresa
Idade: 13
Altura: 1.45
---- user output:
altura: 1.45
-- TEST CASE 2:
---- input:
Marcelo
34
1.79
---- correct output:
Nome: Marcelo
Idade: 34
Altura: 1.79
---- user output:
altura: 1.79
-- TEST CASE 3:
---- input:
Larissa
23
1.68
---- correct output:
Nome: Larissa
Idade: 23
Altura: 1.68
---- user output:
altura: 1.68
-- TEST CASE 4:
---- input:
Jose
45
1.89
---- correct output:
Nome: Jose
Idade: 45
Altura: 1.89
---- user output:
altura: 1.89
*-*-*-*-*-*-*-*-*-*-*-*-*-*-*-*-*-*-*-*-*-*-*-*
== SUBMISSION (2025-08-22 02:46:15)
-- CODE: 
nome = input()
idade = input()
altura = input()
print("nome:", fulano)
print("idade:", YY)
print(altura:, XXX)
-- EXECUTION TIME: 
0.0
-- TEST CASE 1:
---- input:
Teresa
13
1.45
---- correct output:
Nome: Teresa
Idade: 13
Altura: 1.45
-- ERROR:
File "XXXX", line 6
    print(altura:, XXX)
                ^
SyntaxError: invalid syntax
-- TEST CASE 2:
---- input:
Marcelo
34
1.79
---- correct output:
Nome: Marcelo
Idade: 34
Altura: 1.79
-- ERROR:
File "XXXX", line 6
    print(altura:, XXX)
                ^
SyntaxError: invalid syntax
-- TEST CASE 3:
---- input:
Larissa
23
1.68
---- correct output:
Nome: Larissa
Idade: 23
Altura: 1.68
-- ERROR:
File "XXXX", line 6
    print(altura:, XXX)
                ^
SyntaxError: invalid syntax
-- TEST CASE 4:
---- input:
Jose
45
1.89
---- correct output:
Nome: Jose
Idade: 45
Altura: 1.89
-- ERROR:
File "XXXX", line 6
    print(altura:, XXX)
                ^
SyntaxError: invalid syntax
-- GRADE:
0%
*-*-*-*-*-*-*-*-*-*-*-*-*-*-*-*-*-*-*-*-*-*-*-*
== RUN (2025-08-26 17:55:17)
-- CODE: 
nome = input("insina o seu nome: ")
idade = int(input("insira a sua idade: "))
altura = float(input("insira a sua altura: "))
print("nome:", nome)
print("idade:" ,idade)
print("altura:" ,altura)
-- EXECUTION TIME: 
0.0
-- TEST CASE 1:
---- input:
Teresa
13
1.45
---- correct output:
Nome: Teresa
Idade: 13
Altura: 1.45
---- user output:
altura: 1.45
-- TEST CASE 2:
---- input:
Marcelo
34
1.79
---- correct output:
Nome: Marcelo
Idade: 34
Altura: 1.79
---- user output:
altura: 1.79
-- TEST CASE 3:
---- input:
Larissa
23
1.68
---- correct output:
Nome: Larissa
Idade: 23
Altura: 1.68
---- user output:
altura: 1.68
-- TEST CASE 4:
---- input:
Jose
45
1.89
---- correct output:
Nome: Jose
Idade: 45
Altura: 1.89
---- user output:
altura: 1.89
*-*-*-*-*-*-*-*-*-*-*-*-*-*-*-*-*-*-*-*-*-*-*-*
== SUBMISSION (2025-08-26 17:05:47)
-- CODE: 
nome = input()
idade = input()
altura = input()
print("nome:fulano")
print("idade:YY")
print("altura:XXX")
-- EXECUTION TIME: 
0.01
-- TEST CASE 1:
---- input:
Teresa
13
1.45
---- correct output:
Nome: Teresa
Idade: 13
Altura: 1.45
---- user output:
altura:XXX
-- TEST CASE 2:
---- input:
Marcelo
34
1.79
---- correct output:
Nome: Marcelo
Idade: 34
Altura: 1.79
---- user output:
altura:XXX
-- TEST CASE 3:
---- input:
Larissa
23
1.68
---- correct output:
Nome: Larissa
Idade: 23
Altura: 1.68
---- user output:
altura:XXX
-- TEST CASE 4:
---- input:
Jose
45
1.89
---- correct output:
Nome: Jose
Idade: 45
Altura: 1.89
---- user output:
altura:XXX
-- GRADE:
0%
*-*-*-*-*-*-*-*-*-*-*-*-*-*-*-*-*-*-*-*-*-*-*-*
== SUBMISSION (2025-08-26 17:12:00)
-- CODE: 
nome = input("Fulano")
idade = int(input("YY"))
altura = float(input("XXX"))
print("Fulano:nome")
print("YY:idade")
print("XXX:altura")
-- EXECUTION TIME: 
0.01
-- TEST CASE 1:
---- input:
Teresa
13
1.45
---- correct output:
Nome: Teresa
Idade: 13
Altura: 1.45
---- user output:
XXX:altura
-- TEST CASE 2:
---- input:
Marcelo
34
1.79
---- correct output:
Nome: Marcelo
Idade: 34
Altura: 1.79
---- user output:
XXX:altura
-- TEST CASE 3:
---- input:
Larissa
23
1.68
---- correct output:
Nome: Larissa
Idade: 23
Altura: 1.68
---- user output:
XXX:altura
-- TEST CASE 4:
---- input:
Jose
45
1.89
---- correct output:
Nome: Jose
Idade: 45
Altura: 1.89
---- user output:
XXX:altura
-- GRADE:
0%
*-*-*-*-*-*-*-*-*-*-*-*-*-*-*-*-*-*-*-*-*-*-*-*
== SUBMISSION (2025-08-27 16:17:25)
-- CODE: 
nome = input("insina o seu nome: ")
idade = int(input("insira a sua idade: "))
altura = float(input("insira a sua altura: "))
print("nome:" , nome)
print("idade:" , idade)
print("altura:" , altura)
-- EXECUTION TIME: 
0.01
-- TEST CASE 1:
---- input:
Teresa
13
1.45
---- correct output:
Nome: Teresa
Idade: 13
Altura: 1.45
---- user output:
altura: 1.45
-- TEST CASE 2:
---- input:
Marcelo
34
1.79
---- correct output:
Nome: Marcelo
Idade: 34
Altura: 1.79
---- user output:
altura: 1.79
-- TEST CASE 3:
---- input:
Larissa
23
1.68
---- correct output:
Nome: Larissa
Idade: 23
Altura: 1.68
---- user output:
altura: 1.68
-- TEST CASE 4:
---- input:
Jose
45
1.89
---- correct output:
Nome: Jose
Idade: 45
Altura: 1.89
---- user output:
altura: 1.89
-- GRADE:
0%
*-*-*-*-*-*-*-*-*-*-*-*-*-*-*-*-*-*-*-*-*-*-*-*
== SUBMISSION (2025-08-26 17:13:43)
-- CODE: 
nome = input("Fulano")
idade = int(input("YY"))
altura = float(input("XXX"))
print("Fulano: ", nome)
print("YY: ", idade)
print("XXX: ", altura)
-- EXECUTION TIME: 
0.01
-- TEST CASE 1:
---- input:
Teresa
13
1.45
---- correct output:
Nome: Teresa
Idade: 13
Altura: 1.45
---- user output:
XXX:  1.45
-- TEST CASE 2:
---- input:
Marcelo
34
1.79
---- correct output:
Nome: Marcelo
Idade: 34
Altura: 1.79
---- user output:
XXX:  1.79
-- TEST CASE 3:
---- input:
Larissa
23
1.68
---- correct output:
Nome: Larissa
Idade: 23
Altura: 1.68
---- user output:
XXX:  1.68
-- TEST CASE 4:
---- input:
Jose
45
1.89
---- correct output:
Nome: Jose
Idade: 45
Altura: 1.89
---- user output:
XXX:  1.89
-- GRADE:
0%
*-*-*-*-*-*-*-*-*-*-*-*-*-*-*-*-*-*-*-*-*-*-*-*
== RUN (2025-08-26 17:20:28)
-- CODE: 
nome = input("insira seu nome: ")
idade = int(input("insira sua idade: "))
altura = float(input("insira sia altura: "))
print("Ricardo:", nome)
print("25 anos:", idade)
print("2 metros:", altura)
-- EXECUTION TIME: 
0.0
-- TEST CASE 1:
---- input:
Teresa
13
1.45
---- correct output:
Nome: Teresa
Idade: 13
Altura: 1.45
---- user output:
2 metros: 1.45
-- TEST CASE 2:
---- input:
Marcelo
34
1.79
---- correct output:
Nome: Marcelo
Idade: 34
Altura: 1.79
---- user output:
2 metros: 1.79
-- TEST CASE 3:
---- input:
Larissa
23
1.68
---- correct output:
Nome: Larissa
Idade: 23
Altura: 1.68
---- user output:
2 metros: 1.68
-- TEST CASE 4:
---- input:
Jose
45
1.89
---- correct output:
Nome: Jose
Idade: 45
Altura: 1.89
---- user output:
2 metros: 1.89
*-*-*-*-*-*-*-*-*-*-*-*-*-*-*-*-*-*-*-*-*-*-*-*
== SUBMISSION (2025-08-26 17:19:19)
-- CODE: 
nome = input("insira seu nome:")
idade = int(input("insira sua idade:"))
altura = float(input("insira sia altura:"))
print("Ricardo:", nome)
print("25 anos:", idade)
print("2 metros:", altura)
-- EXECUTION TIME: 
0.01
-- TEST CASE 1:
---- input:
Teresa
13
1.45
---- correct output:
Nome: Teresa
Idade: 13
Altura: 1.45
---- user output:
2 metros: 1.45
-- TEST CASE 2:
---- input:
Marcelo
34
1.79
---- correct output:
Nome: Marcelo
Idade: 34
Altura: 1.79
---- user output:
2 metros: 1.79
-- TEST CASE 3:
---- input:
Larissa
23
1.68
---- correct output:
Nome: Larissa
Idade: 23
Altura: 1.68
---- user output:
2 metros: 1.68
-- TEST CASE 4:
---- input:
Jose
45
1.89
---- correct output:
Nome: Jose
Idade: 45
Altura: 1.89
---- user output:
2 metros: 1.89
-- GRADE:
0%
*-*-*-*-*-*-*-*-*-*-*-*-*-*-*-*-*-*-*-*-*-*-*-*
== SUBMISSION (2025-08-27 16:04:49)
-- CODE: 
nome = input("insina o seu nome: ")
idade = int(input("insira a sua idade: "))
altura = float(input("insira a sua altura: "))
print("nome:", nome)
print("idade:" ,idade)
print("altura:" ,altura)
-- EXECUTION TIME: 
0.01
-- TEST CASE 1:
---- input:
Teresa
13
1.45
---- correct output:
Nome: Teresa
Idade: 13
Altura: 1.45
---- user output:
altura: 1.45
-- TEST CASE 2:
---- input:
Marcelo
34
1.79
---- correct output:
Nome: Marcelo
Idade: 34
Altura: 1.79
---- user output:
altura: 1.79
-- TEST CASE 3:
---- input:
Larissa
23
1.68
---- correct output:
Nome: Larissa
Idade: 23
Altura: 1.68
---- user output:
altura: 1.68
-- TEST CASE 4:
---- input:
Jose
45
1.89
---- correct output:
Nome: Jose
Idade: 45
Altura: 1.89
---- user output:
altura: 1.89
-- GRADE:
0%
*-*-*-*-*-*-*-*-*-*-*-*-*-*-*-*-*-*-*-*-*-*-*-*
== SUBMISSION (2025-08-27 16:25:37)
-- CODE: 
nome = input("insina o seu nome: ")
idade = input("insira a sua idade: ")
altura = input("insira a sua altura: ")
print("nome:" , nome)
print("idade:" , idade)
print("altura:" , altura)
-- EXECUTION TIME: 
0.01
-- TEST CASE 1:
---- input:
Teresa
13
1.45
---- correct output:
Nome: Teresa
Idade: 13
Altura: 1.45
---- user output:
altura: 1.45
-- TEST CASE 2:
---- input:
Marcelo
34
1.79
---- correct output:
Nome: Marcelo
Idade: 34
Altura: 1.79
---- user output:
altura: 1.79
-- TEST CASE 3:
---- input:
Larissa
23
1.68
---- correct output:
Nome: Larissa
Idade: 23
Altura: 1.68
---- user output:
altura: 1.68
-- TEST CASE 4:
---- input:
Jose
45
1.89
---- correct output:
Nome: Jose
Idade: 45
Altura: 1.89
---- user output:
altura: 1.89
-- GRADE:
0%
*-*-*-*-*-*-*-*-*-*-*-*-*-*-*-*-*-*-*-*-*-*-*-*
== RUN (2025-08-27 16:10:43)
-- CODE: 
nome = input("insina o seu nome: ")
idade = int(input("insira a sua idade: "))
altura = float(input("insira a sua altura: "))
print("nome:" ,nome)
print("idade:" ,idade)
print("altura:" ,altura)
-- EXECUTION TIME: 
0.0
-- TEST CASE 1:
---- input:
Teresa
13
1.45
---- correct output:
Nome: Teresa
Idade: 13
Altura: 1.45
---- user output:
altura: 1.45
-- TEST CASE 2:
---- input:
Marcelo
34
1.79
---- correct output:
Nome: Marcelo
Idade: 34
Altura: 1.79
---- user output:
altura: 1.79
-- TEST CASE 3:
---- input:
Larissa
23
1.68
---- correct output:
Nome: Larissa
Idade: 23
Altura: 1.68
---- user output:
altura: 1.68
-- TEST CASE 4:
---- input:
Jose
45
1.89
---- correct output:
Nome: Jose
Idade: 45
Altura: 1.89
---- user output:
altura: 1.89
*-*-*-*-*-*-*-*-*-*-*-*-*-*-*-*-*-*-*-*-*-*-*-*
== SUBMISSION (2025-08-26 17:13:03)
-- CODE: 
nome = input("Fulano")
idade = int(input("YY"))
altura = float(input("XXX"))
print("Fulano:", nome)
print("YY:", idade)
print("XXX:", altura)
-- EXECUTION TIME: 
0.01
-- TEST CASE 1:
---- input:
Teresa
13
1.45
---- correct output:
Nome: Teresa
Idade: 13
Altura: 1.45
---- user output:
XXX: 1.45
-- TEST CASE 2:
---- input:
Marcelo
34
1.79
---- correct output:
Nome: Marcelo
Idade: 34
Altura: 1.79
---- user output:
XXX: 1.79
-- TEST CASE 3:
---- input:
Larissa
23
1.68
---- correct output:
Nome: Larissa
Idade: 23
Altura: 1.68
---- user output:
XXX: 1.68
-- TEST CASE 4:
---- input:
Jose
45
1.89
---- correct output:
Nome: Jose
Idade: 45
Altura: 1.89
---- user output:
XXX: 1.89
-- GRADE:
0%
*-*-*-*-*-*-*-*-*-*-*-*-*-*-*-*-*-*-*-*-*-*-*-*
== SUBMISSION (2025-08-26 17:03:24)
-- CODE: 
nome = input()
idade = input()
altura = input()
print("nome:", nome)
print("idade:", idade)
print(altura:, altura)
-- EXECUTION TIME: 
0.0
-- TEST CASE 1:
---- input:
Teresa
13
1.45
---- correct output:
Nome: Teresa
Idade: 13
Altura: 1.45
-- ERROR:
File "XXXX", line 6
    print(altura:, altura)
                ^
SyntaxError: invalid syntax
-- TEST CASE 2:
---- input:
Marcelo
34
1.79
---- correct output:
Nome: Marcelo
Idade: 34
Altura: 1.79
-- ERROR:
File "XXXX", line 6
    print(altura:, altura)
                ^
SyntaxError: invalid syntax
-- TEST CASE 3:
---- input:
Larissa
23
1.68
---- correct output:
Nome: Larissa
Idade: 23
Altura: 1.68
-- ERROR:
File "XXXX", line 6
    print(altura:, altura)
                ^
SyntaxError: invalid syntax
-- TEST CASE 4:
---- input:
Jose
45
1.89
---- correct output:
Nome: Jose
Idade: 45
Altura: 1.89
-- ERROR:
File "XXXX", line 6
    print(altura:, altura)
                ^
SyntaxError: invalid syntax
-- GRADE:
0%
*-*-*-*-*-*-*-*-*-*-*-*-*-*-*-*-*-*-*-*-*-*-*-*
== RUN (2025-08-26 17:10:30)
-- CODE: 
nome = input("Fulano")
idade = int(input("YY"))
altura = float(input("XXX"))
print("nome:fulano")
print("idade:YY")
print("altura:XXX")
-- EXECUTION TIME: 
0.0
-- TEST CASE 1:
---- input:
Teresa
13
1.45
---- correct output:
Nome: Teresa
Idade: 13
Altura: 1.45
---- user output:
altura:XXX
-- TEST CASE 2:
---- input:
Marcelo
34
1.79
---- correct output:
Nome: Marcelo
Idade: 34
Altura: 1.79
---- user output:
altura:XXX
-- TEST CASE 3:
---- input:
Larissa
23
1.68
---- correct output:
Nome: Larissa
Idade: 23
Altura: 1.68
---- user output:
altura:XXX
-- TEST CASE 4:
---- input:
Jose
45
1.89
---- correct output:
Nome: Jose
Idade: 45
Altura: 1.89
---- user output:
altura:XXX
*-*-*-*-*-*-*-*-*-*-*-*-*-*-*-*-*-*-*-*-*-*-*-*
