== RUN (2025-08-26 18:55:13)
-- CODE: 
raio = float(input())
area = pi * raio**2
print(round(area,4))
-- EXECUTION TIME: 
0.0
-- TEST CASE 1:
---- input:
0.05
---- correct output:
0.0079
-- ERROR:
Traceback (most recent call last):
  File "XXXX", line 2, in <module>
    area = pi * raio**2
           ^^
NameError: name 'pi' is not defined
-- TEST CASE 2:
---- input:
3.2
---- correct output:
32.1699
-- ERROR:
Traceback (most recent call last):
  File "XXXX", line 2, in <module>
    area = pi * raio**2
           ^^
NameError: name 'pi' is not defined
-- TEST CASE 3:
---- input:
3.5
---- correct output:
38.4845
-- ERROR:
Traceback (most recent call last):
  File "XXXX", line 2, in <module>
    area = pi * raio**2
           ^^
NameError: name 'pi' is not defined
-- TEST CASE 4:
---- input:
12.0
---- correct output:
452.3893
-- ERROR:
Traceback (most recent call last):
  File "XXXX", line 2, in <module>
    area = pi * raio**2
           ^^
NameError: name 'pi' is not defined
-- TEST CASE 5:
---- input:
8.4
---- correct output:
221.6708
-- ERROR:
Traceback (most recent call last):
  File "XXXX", line 2, in <module>
    area = pi * raio**2
           ^^
NameError: name 'pi' is not defined
-- TEST CASE 6:
---- input:
10.5
---- correct output:
346.3606
-- ERROR:
Traceback (most recent call last):
  File "XXXX", line 2, in <module>
    area = pi * raio**2
           ^^
NameError: name 'pi' is not defined
*-*-*-*-*-*-*-*-*-*-*-*-*-*-*-*-*-*-*-*-*-*-*-*
== RUN (2025-08-26 19:59:50)
-- CODE: 
raio = float(input())
area = 3.14159 * raio**2
print(round(area, 4))
-- EXECUTION TIME: 
0.0
-- TEST CASE 1:
---- input:
0.05
---- correct output:
0.0079
---- user output:
0.0079
-- TEST CASE 2:
---- input:
3.2
---- correct output:
32.1699
---- user output:
32.1699
-- TEST CASE 3:
---- input:
3.5
---- correct output:
38.4845
---- user output:
38.4845
-- TEST CASE 4:
---- input:
12.0
---- correct output:
452.3893
---- user output:
452.389
-- TEST CASE 5:
---- input:
8.4
---- correct output:
221.6708
---- user output:
221.6706
-- TEST CASE 6:
---- input:
10.5
---- correct output:
346.3606
---- user output:
346.3603
*-*-*-*-*-*-*-*-*-*-*-*-*-*-*-*-*-*-*-*-*-*-*-*
== RUN (2025-08-26 20:00:09)
-- CODE: 
raio = float(input())
area = 3.14159 * raio**2
print(round(area, 4))
-- EXECUTION TIME: 
0.0
-- TEST CASE 1:
---- input:
0.05
---- correct output:
0.0079
---- user output:
0.0079
-- TEST CASE 2:
---- input:
3.2
---- correct output:
32.1699
---- user output:
32.1699
-- TEST CASE 3:
---- input:
3.5
---- correct output:
38.4845
---- user output:
38.4845
-- TEST CASE 4:
---- input:
12.0
---- correct output:
452.3893
---- user output:
452.389
-- TEST CASE 5:
---- input:
8.4
---- correct output:
221.6708
---- user output:
221.6706
-- TEST CASE 6:
---- input:
10.5
---- correct output:
346.3606
---- user output:
346.3603
*-*-*-*-*-*-*-*-*-*-*-*-*-*-*-*-*-*-*-*-*-*-*-*
== RUN (2025-08-26 19:00:41)
-- CODE: 
raio = float(input())
area = 3.14 * raio**2
print(round(area, 4))
-- EXECUTION TIME: 
0.0
-- TEST CASE 1:
---- input:
0.05
---- correct output:
0.0079
---- user output:
0.0079
-- TEST CASE 2:
---- input:
3.2
---- correct output:
32.1699
---- user output:
32.1536
-- TEST CASE 3:
---- input:
3.5
---- correct output:
38.4845
---- user output:
38.465
-- TEST CASE 4:
---- input:
12.0
---- correct output:
452.3893
---- user output:
452.16
-- TEST CASE 5:
---- input:
8.4
---- correct output:
221.6708
---- user output:
221.5584
-- TEST CASE 6:
---- input:
10.5
---- correct output:
346.3606
---- user output:
346.185
*-*-*-*-*-*-*-*-*-*-*-*-*-*-*-*-*-*-*-*-*-*-*-*
== SUBMISSION (2025-08-26 19:00:39)
-- CODE: 
raio = float(input())
area = 3.14 * raio**2
print(round(area, 4))
-- EXECUTION TIME: 
0.01
-- TEST CASE 1:
---- input:
0.05
---- correct output:
0.0079
---- user output:
0.0079
-- TEST CASE 2:
---- input:
3.2
---- correct output:
32.1699
---- user output:
32.1536
-- TEST CASE 3:
---- input:
3.5
---- correct output:
38.4845
---- user output:
38.465
-- TEST CASE 4:
---- input:
12.0
---- correct output:
452.3893
---- user output:
452.16
-- TEST CASE 5:
---- input:
8.4
---- correct output:
221.6708
---- user output:
221.5584
-- TEST CASE 6:
---- input:
10.5
---- correct output:
346.3606
---- user output:
346.185
-- GRADE:
0%
*-*-*-*-*-*-*-*-*-*-*-*-*-*-*-*-*-*-*-*-*-*-*-*
== RUN (2025-08-26 18:58:21)
-- CODE: 
raio = float(input())
area = pi * raio**2
print(round(area, 4))
-- EXECUTION TIME: 
0.0
-- TEST CASE 1:
---- input:
0.05
---- correct output:
0.0079
-- ERROR:
Traceback (most recent call last):
  File "XXXX", line 2, in <module>
    area = pi * raio**2
           ^^
NameError: name 'pi' is not defined
-- TEST CASE 2:
---- input:
3.2
---- correct output:
32.1699
-- ERROR:
Traceback (most recent call last):
  File "XXXX", line 2, in <module>
    area = pi * raio**2
           ^^
NameError: name 'pi' is not defined
-- TEST CASE 3:
---- input:
3.5
---- correct output:
38.4845
-- ERROR:
Traceback (most recent call last):
  File "XXXX", line 2, in <module>
    area = pi * raio**2
           ^^
NameError: name 'pi' is not defined
-- TEST CASE 4:
---- input:
12.0
---- correct output:
452.3893
-- ERROR:
Traceback (most recent call last):
  File "XXXX", line 2, in <module>
    area = pi * raio**2
           ^^
NameError: name 'pi' is not defined
-- TEST CASE 5:
---- input:
8.4
---- correct output:
221.6708
-- ERROR:
Traceback (most recent call last):
  File "XXXX", line 2, in <module>
    area = pi * raio**2
           ^^
NameError: name 'pi' is not defined
-- TEST CASE 6:
---- input:
10.5
---- correct output:
346.3606
-- ERROR:
Traceback (most recent call last):
  File "XXXX", line 2, in <module>
    area = pi * raio**2
           ^^
NameError: name 'pi' is not defined
*-*-*-*-*-*-*-*-*-*-*-*-*-*-*-*-*-*-*-*-*-*-*-*
== SUBMISSION (2025-08-26 19:02:03)
-- CODE: 
raio = float(input())
area = 3.1416 * raio**2
print(round(area, 4))
-- EXECUTION TIME: 
0.01
-- TEST CASE 1:
---- input:
0.05
---- correct output:
0.0079
---- user output:
0.0079
-- TEST CASE 2:
---- input:
3.2
---- correct output:
32.1699
---- user output:
32.17
-- TEST CASE 3:
---- input:
3.5
---- correct output:
38.4845
---- user output:
38.4846
-- TEST CASE 4:
---- input:
12.0
---- correct output:
452.3893
---- user output:
452.3904
-- TEST CASE 5:
---- input:
8.4
---- correct output:
221.6708
---- user output:
221.6713
-- TEST CASE 6:
---- input:
10.5
---- correct output:
346.3606
---- user output:
346.3614
-- GRADE:
0%
*-*-*-*-*-*-*-*-*-*-*-*-*-*-*-*-*-*-*-*-*-*-*-*
== SUBMISSION (2025-08-26 19:59:47)
-- CODE: 
raio = float(input())
area = 3.14159 * raio**2
print(round(area, 4))
-- EXECUTION TIME: 
0.01
-- TEST CASE 1:
---- input:
0.05
---- correct output:
0.0079
---- user output:
0.0079
-- TEST CASE 2:
---- input:
3.2
---- correct output:
32.1699
---- user output:
32.1699
-- TEST CASE 3:
---- input:
3.5
---- correct output:
38.4845
---- user output:
38.4845
-- TEST CASE 4:
---- input:
12.0
---- correct output:
452.3893
---- user output:
452.389
-- TEST CASE 5:
---- input:
8.4
---- correct output:
221.6708
---- user output:
221.6706
-- TEST CASE 6:
---- input:
10.5
---- correct output:
346.3606
---- user output:
346.3603
-- GRADE:
0%
*-*-*-*-*-*-*-*-*-*-*-*-*-*-*-*-*-*-*-*-*-*-*-*
== RUN (2025-08-26 19:00:16)
-- CODE: 
raio = float(input())
area = pi * raio**2
print(round(area, 4))
-- EXECUTION TIME: 
0.0
-- TEST CASE 1:
---- input:
0.05
---- correct output:
0.0079
-- ERROR:
Traceback (most recent call last):
  File "XXXX", line 2, in <module>
    area = pi * raio**2
           ^^
NameError: name 'pi' is not defined
-- TEST CASE 2:
---- input:
3.2
---- correct output:
32.1699
-- ERROR:
Traceback (most recent call last):
  File "XXXX", line 2, in <module>
    area = pi * raio**2
           ^^
NameError: name 'pi' is not defined
-- TEST CASE 3:
---- input:
3.5
---- correct output:
38.4845
-- ERROR:
Traceback (most recent call last):
  File "XXXX", line 2, in <module>
    area = pi * raio**2
           ^^
NameError: name 'pi' is not defined
-- TEST CASE 4:
---- input:
12.0
---- correct output:
452.3893
-- ERROR:
Traceback (most recent call last):
  File "XXXX", line 2, in <module>
    area = pi * raio**2
           ^^
NameError: name 'pi' is not defined
-- TEST CASE 5:
---- input:
8.4
---- correct output:
221.6708
-- ERROR:
Traceback (most recent call last):
  File "XXXX", line 2, in <module>
    area = pi * raio**2
           ^^
NameError: name 'pi' is not defined
-- TEST CASE 6:
---- input:
10.5
---- correct output:
346.3606
-- ERROR:
Traceback (most recent call last):
  File "XXXX", line 2, in <module>
    area = pi * raio**2
           ^^
NameError: name 'pi' is not defined
*-*-*-*-*-*-*-*-*-*-*-*-*-*-*-*-*-*-*-*-*-*-*-*
== RUN (2025-08-26 18:58:10)
-- CODE: 
raio = float(input())
area = pi * raio**2
print(round(area))
-- EXECUTION TIME: 
0.0
-- TEST CASE 1:
---- input:
0.05
---- correct output:
0.0079
-- ERROR:
Traceback (most recent call last):
  File "XXXX", line 2, in <module>
    area = pi * raio**2
           ^^
NameError: name 'pi' is not defined
-- TEST CASE 2:
---- input:
3.2
---- correct output:
32.1699
-- ERROR:
Traceback (most recent call last):
  File "XXXX", line 2, in <module>
    area = pi * raio**2
           ^^
NameError: name 'pi' is not defined
-- TEST CASE 3:
---- input:
3.5
---- correct output:
38.4845
-- ERROR:
Traceback (most recent call last):
  File "XXXX", line 2, in <module>
    area = pi * raio**2
           ^^
NameError: name 'pi' is not defined
-- TEST CASE 4:
---- input:
12.0
---- correct output:
452.3893
-- ERROR:
Traceback (most recent call last):
  File "XXXX", line 2, in <module>
    area = pi * raio**2
           ^^
NameError: name 'pi' is not defined
-- TEST CASE 5:
---- input:
8.4
---- correct output:
221.6708
-- ERROR:
Traceback (most recent call last):
  File "XXXX", line 2, in <module>
    area = pi * raio**2
           ^^
NameError: name 'pi' is not defined
-- TEST CASE 6:
---- input:
10.5
---- correct output:
346.3606
-- ERROR:
Traceback (most recent call last):
  File "XXXX", line 2, in <module>
    area = pi * raio**2
           ^^
NameError: name 'pi' is not defined
*-*-*-*-*-*-*-*-*-*-*-*-*-*-*-*-*-*-*-*-*-*-*-*
== RUN (2025-08-26 19:02:23)
-- CODE: 
raio = float(input())
area = 3.1415,5 * raio**2
print(round(area, 4))
-- EXECUTION TIME: 
0.0
-- TEST CASE 1:
---- input:
0.05
---- correct output:
0.0079
-- ERROR:
Traceback (most recent call last):
  File "XXXX", line 3, in <module>
    print(round(area, 4))
          ^^^^^^^^^^^^^^
TypeError: type tuple doesn't define __round__ method
-- TEST CASE 2:
---- input:
3.2
---- correct output:
32.1699
-- ERROR:
Traceback (most recent call last):
  File "XXXX", line 3, in <module>
    print(round(area, 4))
          ^^^^^^^^^^^^^^
TypeError: type tuple doesn't define __round__ method
-- TEST CASE 3:
---- input:
3.5
---- correct output:
38.4845
-- ERROR:
Traceback (most recent call last):
  File "XXXX", line 3, in <module>
    print(round(area, 4))
          ^^^^^^^^^^^^^^
TypeError: type tuple doesn't define __round__ method
-- TEST CASE 4:
---- input:
12.0
---- correct output:
452.3893
-- ERROR:
Traceback (most recent call last):
  File "XXXX", line 3, in <module>
    print(round(area, 4))
          ^^^^^^^^^^^^^^
TypeError: type tuple doesn't define __round__ method
-- TEST CASE 5:
---- input:
8.4
---- correct output:
221.6708
-- ERROR:
Traceback (most recent call last):
  File "XXXX", line 3, in <module>
    print(round(area, 4))
          ^^^^^^^^^^^^^^
TypeError: type tuple doesn't define __round__ method
-- TEST CASE 6:
---- input:
10.5
---- correct output:
346.3606
-- ERROR:
Traceback (most recent call last):
  File "XXXX", line 3, in <module>
    print(round(area, 4))
          ^^^^^^^^^^^^^^
TypeError: type tuple doesn't define __round__ method
*-*-*-*-*-*-*-*-*-*-*-*-*-*-*-*-*-*-*-*-*-*-*-*
== RUN (2025-08-26 18:56:53)
-- CODE: 
raio = int(input())
area = pi * raio**2
print(round(area,4))
-- EXECUTION TIME: 
0.0
-- TEST CASE 1:
---- input:
0.05
---- correct output:
0.0079
-- ERROR:
Traceback (most recent call last):
  File "XXXX", line 1, in <module>
    raio = int(input())
           ^^^^^^^^^^^^
ValueError: invalid literal for int() with base 10: '0.05'
-- TEST CASE 2:
---- input:
3.2
---- correct output:
32.1699
-- ERROR:
Traceback (most recent call last):
  File "XXXX", line 1, in <module>
    raio = int(input())
           ^^^^^^^^^^^^
ValueError: invalid literal for int() with base 10: '3.2'
-- TEST CASE 3:
---- input:
3.5
---- correct output:
38.4845
-- ERROR:
Traceback (most recent call last):
  File "XXXX", line 1, in <module>
    raio = int(input())
           ^^^^^^^^^^^^
ValueError: invalid literal for int() with base 10: '3.5'
-- TEST CASE 4:
---- input:
12.0
---- correct output:
452.3893
-- ERROR:
Traceback (most recent call last):
  File "XXXX", line 1, in <module>
    raio = int(input())
           ^^^^^^^^^^^^
ValueError: invalid literal for int() with base 10: '12.0'
-- TEST CASE 5:
---- input:
8.4
---- correct output:
221.6708
-- ERROR:
Traceback (most recent call last):
  File "XXXX", line 1, in <module>
    raio = int(input())
           ^^^^^^^^^^^^
ValueError: invalid literal for int() with base 10: '8.4'
-- TEST CASE 6:
---- input:
10.5
---- correct output:
346.3606
-- ERROR:
Traceback (most recent call last):
  File "XXXX", line 1, in <module>
    raio = int(input())
           ^^^^^^^^^^^^
ValueError: invalid literal for int() with base 10: '10.5'
*-*-*-*-*-*-*-*-*-*-*-*-*-*-*-*-*-*-*-*-*-*-*-*
== RUN (2025-08-26 18:59:26)
-- CODE: 
raio = float(input())
area = pi * (raio**2)
print(round(area, 4))
-- EXECUTION TIME: 
0.0
-- TEST CASE 1:
---- input:
0.05
---- correct output:
0.0079
-- ERROR:
Traceback (most recent call last):
  File "XXXX", line 2, in <module>
    area = pi * (raio**2)
           ^^
NameError: name 'pi' is not defined
-- TEST CASE 2:
---- input:
3.2
---- correct output:
32.1699
-- ERROR:
Traceback (most recent call last):
  File "XXXX", line 2, in <module>
    area = pi * (raio**2)
           ^^
NameError: name 'pi' is not defined
-- TEST CASE 3:
---- input:
3.5
---- correct output:
38.4845
-- ERROR:
Traceback (most recent call last):
  File "XXXX", line 2, in <module>
    area = pi * (raio**2)
           ^^
NameError: name 'pi' is not defined
-- TEST CASE 4:
---- input:
12.0
---- correct output:
452.3893
-- ERROR:
Traceback (most recent call last):
  File "XXXX", line 2, in <module>
    area = pi * (raio**2)
           ^^
NameError: name 'pi' is not defined
-- TEST CASE 5:
---- input:
8.4
---- correct output:
221.6708
-- ERROR:
Traceback (most recent call last):
  File "XXXX", line 2, in <module>
    area = pi * (raio**2)
           ^^
NameError: name 'pi' is not defined
-- TEST CASE 6:
---- input:
10.5
---- correct output:
346.3606
-- ERROR:
Traceback (most recent call last):
  File "XXXX", line 2, in <module>
    area = pi * (raio**2)
           ^^
NameError: name 'pi' is not defined
*-*-*-*-*-*-*-*-*-*-*-*-*-*-*-*-*-*-*-*-*-*-*-*
== RUN (2025-08-26 18:59:11)
-- CODE: 
raio = float(input())
area = (pi) * (raio**2)
print(round(area, 4))
-- EXECUTION TIME: 
0.0
-- TEST CASE 1:
---- input:
0.05
---- correct output:
0.0079
-- ERROR:
Traceback (most recent call last):
  File "XXXX", line 2, in <module>
    area = (pi) * (raio**2)
            ^^
NameError: name 'pi' is not defined
-- TEST CASE 2:
---- input:
3.2
---- correct output:
32.1699
-- ERROR:
Traceback (most recent call last):
  File "XXXX", line 2, in <module>
    area = (pi) * (raio**2)
            ^^
NameError: name 'pi' is not defined
-- TEST CASE 3:
---- input:
3.5
---- correct output:
38.4845
-- ERROR:
Traceback (most recent call last):
  File "XXXX", line 2, in <module>
    area = (pi) * (raio**2)
            ^^
NameError: name 'pi' is not defined
-- TEST CASE 4:
---- input:
12.0
---- correct output:
452.3893
-- ERROR:
Traceback (most recent call last):
  File "XXXX", line 2, in <module>
    area = (pi) * (raio**2)
            ^^
NameError: name 'pi' is not defined
-- TEST CASE 5:
---- input:
8.4
---- correct output:
221.6708
-- ERROR:
Traceback (most recent call last):
  File "XXXX", line 2, in <module>
    area = (pi) * (raio**2)
            ^^
NameError: name 'pi' is not defined
-- TEST CASE 6:
---- input:
10.5
---- correct output:
346.3606
-- ERROR:
Traceback (most recent call last):
  File "XXXX", line 2, in <module>
    area = (pi) * (raio**2)
            ^^
NameError: name 'pi' is not defined
*-*-*-*-*-*-*-*-*-*-*-*-*-*-*-*-*-*-*-*-*-*-*-*
== RUN (2025-08-26 19:02:04)
-- CODE: 
raio = float(input())
area = 3.1416 * raio**2
print(round(area, 4))
-- EXECUTION TIME: 
0.0
-- TEST CASE 1:
---- input:
0.05
---- correct output:
0.0079
---- user output:
0.0079
-- TEST CASE 2:
---- input:
3.2
---- correct output:
32.1699
---- user output:
32.17
-- TEST CASE 3:
---- input:
3.5
---- correct output:
38.4845
---- user output:
38.4846
-- TEST CASE 4:
---- input:
12.0
---- correct output:
452.3893
---- user output:
452.3904
-- TEST CASE 5:
---- input:
8.4
---- correct output:
221.6708
---- user output:
221.6713
-- TEST CASE 6:
---- input:
10.5
---- correct output:
346.3606
---- user output:
346.3614
*-*-*-*-*-*-*-*-*-*-*-*-*-*-*-*-*-*-*-*-*-*-*-*
