{"dateTime": "2025-08-21T16:06:43.016Z", "eventType": "focus", "fullPath": "/main.py"}
{"dateTime": "2025-08-21T16:06:43.019Z", "eventType": "select.pointer", "fullPath": "/main.py", "details": {"selection": {"from": 5, "to": 5}}}
{"dateTime": "2025-08-21T16:06:45.531Z", "eventType": "select.pointer", "fullPath": "/main.py", "details": {"selection": {"from": 181, "to": 181}}}
{"dateTime": "2025-08-21T16:06:45.670Z", "eventType": "select.pointer", "fullPath": "/main.py", "details": {"selection": {"from": 178, "to": 181}}}
{"dateTime": "2025-08-21T16:06:45.683Z", "eventType": "select.pointer", "fullPath": "/main.py", "details": {"selection": {"from": 175, "to": 181}}}
{"dateTime": "2025-08-21T16:06:45.701Z", "eventType": "select.pointer", "fullPath": "/main.py", "details": {"selection": {"from": 173, "to": 181}}}
{"dateTime": "2025-08-21T16:06:45.718Z", "eventType": "select.pointer", "fullPath": "/main.py", "details": {"selection": {"from": 170, "to": 181}}}
{"dateTime": "2025-08-21T16:06:45.736Z", "eventType": "select.pointer", "fullPath": "/main.py", "details": {"selection": {"from": 168, "to": 181}}}
{"dateTime": "2025-08-21T16:06:45.752Z", "eventType": "select.pointer", "fullPath": "/main.py", "details": {"selection": {"from": 166, "to": 181}}}
{"dateTime": "2025-08-21T16:06:45.769Z", "eventType": "select.pointer", "fullPath": "/main.py", "details": {"selection": {"from": 164, "to": 181}}}
{"dateTime": "2025-08-21T16:06:45.786Z", "eventType": "select.pointer", "fullPath": "/main.py", "details": {"selection": {"from": 161, "to": 181}}}
{"dateTime": "2025-08-21T16:06:45.802Z", "eventType": "select.pointer", "fullPath": "/main.py", "details": {"selection": {"from": 181, "to": 181}}}
{"dateTime": "2025-08-21T16:06:46.069Z", "eventType": "select.pointer", "fullPath": "/main.py", "details": {"selection": {"from": 123, "to": 181}}}
{"dateTime": "2025-08-21T16:06:46.086Z", "eventType": "select.pointer", "fullPath": "/main.py", "details": {"selection": {"from": 121, "to": 181}}}
{"dateTime": "2025-08-21T16:06:46.103Z", "eventType": "select.pointer", "fullPath": "/main.py", "details": {"selection": {"from": 119, "to": 181}}}
{"dateTime": "2025-08-21T16:06:46.119Z", "eventType": "select.pointer", "fullPath": "/main.py", "details": {"selection": {"from": 117, "to": 181}}}
{"dateTime": "2025-08-21T16:06:46.135Z", "eventType": "select.pointer", "fullPath": "/main.py", "details": {"selection": {"from": 116, "to": 181}}}
{"dateTime": "2025-08-21T16:06:46.152Z", "eventType": "select.pointer", "fullPath": "/main.py", "details": {"selection": {"from": 115, "to": 181}}}
{"dateTime": "2025-08-21T16:06:46.237Z", "eventType": "select.pointer", "fullPath": "/main.py", "details": {"selection": {"from": 42, "to": 181}}}
{"dateTime": "2025-08-21T16:06:46.285Z", "eventType": "select.pointer", "fullPath": "/main.py", "details": {"selection": {"from": 41, "to": 181}}}
{"dateTime": "2025-08-21T16:06:46.319Z", "eventType": "select.pointer", "fullPath": "/main.py", "details": {"selection": {"from": 40, "to": 181}}}
{"dateTime": "2025-08-21T16:06:46.351Z", "eventType": "select.pointer", "fullPath": "/main.py", "details": {"selection": {"from": 39, "to": 181}}}
{"dateTime": "2025-08-21T16:06:46.369Z", "eventType": "select.pointer", "fullPath": "/main.py", "details": {"selection": {"from": 31, "to": 181}}}
{"dateTime": "2025-08-21T16:06:46.404Z", "eventType": "select.pointer", "fullPath": "/main.py", "details": {"selection": {"from": 6, "to": 181}}}
{"dateTime": "2025-08-21T16:06:46.419Z", "eventType": "select.pointer", "fullPath": "/main.py", "details": {"selection": {"from": 5, "to": 181}}}
{"dateTime": "2025-08-21T16:06:46.469Z", "eventType": "select.pointer", "fullPath": "/main.py", "details": {"selection": {"from": 4, "to": 181}}}
{"dateTime": "2025-08-21T16:06:46.518Z", "eventType": "select.pointer", "fullPath": "/main.py", "details": {"selection": {"from": 3, "to": 181}}}
{"dateTime": "2025-08-21T16:06:48.146Z", "eventType": "delete.selection", "fullPath": "/main.py", "details": {"fromA": 3, "toA": 181, "fromB": 3, "toB": 3, "inserted": [""]}}
{"dateTime": "2025-08-21T16:06:48.512Z", "eventType": "delete.backward", "fullPath": "/main.py", "details": {"fromA": 2, "toA": 3, "fromB": 2, "toB": 2, "inserted": [""]}}
{"dateTime": "2025-08-21T16:06:48.752Z", "eventType": "delete.backward", "fullPath": "/main.py", "details": {"fromA": 1, "toA": 2, "fromB": 1, "toB": 1, "inserted": [""]}}
{"dateTime": "2025-08-21T16:06:48.975Z", "eventType": "delete.backward", "fullPath": "/main.py", "details": {"fromA": 0, "toA": 1, "fromB": 0, "toB": 0, "inserted": [""]}}
{"dateTime": "2025-08-21T16:06:52.513Z", "eventType": "input.type", "fullPath": "/main.py", "details": {"fromA": 0, "toA": 0, "fromB": 0, "toB": 1, "inserted": ["t"]}}
{"dateTime": "2025-08-21T16:06:52.697Z", "eventType": "input.type", "fullPath": "/main.py", "details": {"fromA": 1, "toA": 1, "fromB": 1, "toB": 2, "inserted": ["e"]}}
{"dateTime": "2025-08-21T16:06:52.866Z", "eventType": "input.type", "fullPath": "/main.py", "details": {"fromA": 2, "toA": 2, "fromB": 2, "toB": 3, "inserted": ["x"]}}
{"dateTime": "2025-08-21T16:06:54.178Z", "eventType": "input.type", "fullPath": "/main.py", "details": {"fromA": 3, "toA": 3, "fromB": 3, "toB": 4, "inserted": ["t"]}}
{"dateTime": "2025-08-21T16:06:54.353Z", "eventType": "input.type", "fullPath": "/main.py", "details": {"fromA": 4, "toA": 4, "fromB": 4, "toB": 5, "inserted": ["o"]}}
{"dateTime": "2025-08-21T16:06:58.480Z", "eventType": "input.type", "fullPath": "/main.py", "details": {"fromA": 5, "toA": 5, "fromB": 5, "toB": 6, "inserted": [" "]}}
{"dateTime": "2025-08-21T16:07:00.912Z", "eventType": "input.type", "fullPath": "/main.py", "details": {"fromA": 6, "toA": 6, "fromB": 6, "toB": 7, "inserted": ["="]}}
{"dateTime": "2025-08-21T16:07:01.264Z", "eventType": "input.type", "fullPath": "/main.py", "details": {"fromA": 7, "toA": 7, "fromB": 7, "toB": 8, "inserted": [" "]}}
{"dateTime": "2025-08-21T16:07:02.800Z", "eventType": "input.type", "fullPath": "/main.py", "details": {"fromA": 8, "toA": 8, "fromB": 8, "toB": 9, "inserted": ["i"]}}
{"dateTime": "2025-08-21T16:07:03.347Z", "eventType": "input.type", "fullPath": "/main.py", "details": {"fromA": 9, "toA": 9, "fromB": 9, "toB": 10, "inserted": ["n"]}}
{"dateTime": "2025-08-21T16:07:03.937Z", "eventType": "input.type", "fullPath": "/main.py", "details": {"fromA": 10, "toA": 10, "fromB": 10, "toB": 11, "inserted": ["p"]}}
{"dateTime": "2025-08-21T16:07:04.413Z", "eventType": "input.type", "fullPath": "/main.py", "details": {"fromA": 11, "toA": 11, "fromB": 11, "toB": 12, "inserted": ["u"]}}
{"dateTime": "2025-08-21T16:07:04.784Z", "eventType": "input.type", "fullPath": "/main.py", "details": {"fromA": 12, "toA": 12, "fromB": 12, "toB": 13, "inserted": ["t"]}}
{"dateTime": "2025-08-21T16:07:05.696Z", "eventType": "input.type", "fullPath": "/main.py", "details": {"fromA": 13, "toA": 13, "fromB": 13, "toB": 14, "inserted": [" "]}}
{"dateTime": "2025-08-21T16:07:08.336Z", "eventType": "input.type", "fullPath": "/main.py", "details": {"fromA": 14, "toA": 14, "fromB": 14, "toB": 16, "inserted": ["()"]}}
{"dateTime": "2025-08-21T16:07:08.892Z", "eventType": "input.type", "fullPath": "/main.py", "details": {"fromA": 15, "toA": 16, "fromB": 15, "toB": 16, "inserted": [")"]}}
{"dateTime": "2025-08-21T16:07:12.640Z", "eventType": "input.type", "fullPath": "/main.py", "details": {"fromA": 16, "toA": 16, "fromB": 16, "toB": 17, "inserted": ["."]}}
{"dateTime": "2025-08-21T16:07:13.824Z", "eventType": "input.type", "fullPath": "/main.py", "details": {"fromA": 17, "toA": 17, "fromB": 17, "toB": 18, "inserted": ["u"]}}
{"dateTime": "2025-08-21T16:07:14.288Z", "eventType": "input.type", "fullPath": "/main.py", "details": {"fromA": 18, "toA": 18, "fromB": 18, "toB": 19, "inserted": ["p"]}}
{"dateTime": "2025-08-21T16:07:14.433Z", "eventType": "input.type", "fullPath": "/main.py", "details": {"fromA": 19, "toA": 19, "fromB": 19, "toB": 20, "inserted": ["p"]}}
{"dateTime": "2025-08-21T16:07:14.592Z", "eventType": "input.type", "fullPath": "/main.py", "details": {"fromA": 20, "toA": 20, "fromB": 20, "toB": 21, "inserted": ["e"]}}
{"dateTime": "2025-08-21T16:07:14.716Z", "eventType": "input.type", "fullPath": "/main.py", "details": {"fromA": 21, "toA": 21, "fromB": 21, "toB": 22, "inserted": ["r"]}}
{"dateTime": "2025-08-21T16:07:15.680Z", "eventType": "input.type", "fullPath": "/main.py", "details": {"fromA": 22, "toA": 22, "fromB": 22, "toB": 24, "inserted": ["()"]}}
{"dateTime": "2025-08-21T16:07:17.399Z", "eventType": "select.pointer", "fullPath": "/main.py", "details": {"selection": {"from": 24, "to": 24}}}
{"dateTime": "2025-08-21T16:07:18.048Z", "eventType": "input", "fullPath": "/main.py", "details": {"fromA": 24, "toA": 24, "fromB": 24, "toB": 25, "inserted": ["", ""]}}
{"dateTime": "2025-08-21T16:07:18.880Z", "eventType": "input.type", "fullPath": "/main.py", "details": {"fromA": 25, "toA": 25, "fromB": 25, "toB": 26, "inserted": ["p"]}}
{"dateTime": "2025-08-21T16:07:19.267Z", "eventType": "input.type", "fullPath": "/main.py", "details": {"fromA": 26, "toA": 26, "fromB": 26, "toB": 27, "inserted": ["r"]}}
{"dateTime": "2025-08-21T16:07:19.427Z", "eventType": "input.type", "fullPath": "/main.py", "details": {"fromA": 27, "toA": 27, "fromB": 27, "toB": 28, "inserted": ["i"]}}
{"dateTime": "2025-08-21T16:07:19.651Z", "eventType": "input.type", "fullPath": "/main.py", "details": {"fromA": 28, "toA": 28, "fromB": 28, "toB": 29, "inserted": ["n"]}}
{"dateTime": "2025-08-21T16:07:19.762Z", "eventType": "input.type", "fullPath": "/main.py", "details": {"fromA": 29, "toA": 29, "fromB": 29, "toB": 30, "inserted": ["t"]}}
{"dateTime": "2025-08-21T16:07:21.280Z", "eventType": "input.type", "fullPath": "/main.py", "details": {"fromA": 30, "toA": 30, "fromB": 30, "toB": 32, "inserted": ["()"]}}
{"dateTime": "2025-08-21T16:07:21.664Z", "eventType": "input.type", "fullPath": "/main.py", "details": {"fromA": 31, "toA": 31, "fromB": 31, "toB": 32, "inserted": ["t"]}}
{"dateTime": "2025-08-21T16:07:21.937Z", "eventType": "input.type", "fullPath": "/main.py", "details": {"fromA": 32, "toA": 32, "fromB": 32, "toB": 33, "inserted": ["e"]}}
{"dateTime": "2025-08-21T16:07:22.640Z", "eventType": "input.type", "fullPath": "/main.py", "details": {"fromA": 33, "toA": 33, "fromB": 33, "toB": 34, "inserted": ["x"]}}
{"dateTime": "2025-08-21T16:07:23.104Z", "eventType": "input.type", "fullPath": "/main.py", "details": {"fromA": 34, "toA": 34, "fromB": 34, "toB": 35, "inserted": ["t"]}}
{"dateTime": "2025-08-21T16:07:23.377Z", "eventType": "input.type", "fullPath": "/main.py", "details": {"fromA": 35, "toA": 35, "fromB": 35, "toB": 36, "inserted": ["o"]}}
{"dateTime": "2025-08-21T16:07:25.912Z", "eventType": "blur", "fullPath": "/main.py"}
{"dateTime": "2025-08-21T16:07:26.453Z", "eventType": "submission", "details": {"correctness": 1, "commit": "afe35ad859e7a993b9d7cadde9ae240c9ce1de31", "executionTime": 0.01}}
{"dateTime": "2025-08-21T16:07:30.398Z", "eventType": "focus", "fullPath": "/main.py"}
{"dateTime": "2025-08-21T16:07:30.405Z", "eventType": "select.pointer", "fullPath": "/main.py", "details": {"selection": {"from": 24, "to": 24}}}
{"dateTime": "2025-08-21T16:07:31.183Z", "eventType": "delete.backward", "fullPath": "/main.py", "details": {"fromA": 23, "toA": 24, "fromB": 23, "toB": 23, "inserted": [""]}}
{"dateTime": "2025-08-21T16:07:31.359Z", "eventType": "delete.backward", "fullPath": "/main.py", "details": {"fromA": 22, "toA": 23, "fromB": 22, "toB": 22, "inserted": [""]}}
{"dateTime": "2025-08-21T16:07:31.519Z", "eventType": "delete.backward", "fullPath": "/main.py", "details": {"fromA": 21, "toA": 22, "fromB": 21, "toB": 21, "inserted": [""]}}
{"dateTime": "2025-08-21T16:07:31.662Z", "eventType": "delete.backward", "fullPath": "/main.py", "details": {"fromA": 20, "toA": 21, "fromB": 20, "toB": 20, "inserted": [""]}}
{"dateTime": "2025-08-21T16:07:31.823Z", "eventType": "delete.backward", "fullPath": "/main.py", "details": {"fromA": 19, "toA": 20, "fromB": 19, "toB": 19, "inserted": [""]}}
{"dateTime": "2025-08-21T16:07:31.967Z", "eventType": "delete.backward", "fullPath": "/main.py", "details": {"fromA": 18, "toA": 19, "fromB": 18, "toB": 18, "inserted": [""]}}
{"dateTime": "2025-08-21T16:07:32.126Z", "eventType": "delete.backward", "fullPath": "/main.py", "details": {"fromA": 17, "toA": 18, "fromB": 17, "toB": 17, "inserted": [""]}}
{"dateTime": "2025-08-21T16:07:32.287Z", "eventType": "delete.backward", "fullPath": "/main.py", "details": {"fromA": 16, "toA": 17, "fromB": 16, "toB": 16, "inserted": [""]}}
{"dateTime": "2025-08-21T16:07:32.430Z", "eventType": "delete.backward", "fullPath": "/main.py", "details": {"fromA": 15, "toA": 16, "fromB": 15, "toB": 15, "inserted": [""]}}
{"dateTime": "2025-08-21T16:07:34.111Z", "eventType": "input.type", "fullPath": "/main.py", "details": {"fromA": 15, "toA": 15, "fromB": 15, "toB": 16, "inserted": [")"]}}
{"dateTime": "2025-08-21T16:07:35.256Z", "eventType": "select.pointer", "fullPath": "/main.py", "details": {"selection": {"from": 29, "to": 29}}}
{"dateTime": "2025-08-21T16:07:36.318Z", "eventType": "delete.backward", "fullPath": "/main.py", "details": {"fromA": 28, "toA": 29, "fromB": 28, "toB": 28, "inserted": [""]}}
{"dateTime": "2025-08-21T16:07:36.478Z", "eventType": "delete.backward", "fullPath": "/main.py", "details": {"fromA": 27, "toA": 28, "fromB": 27, "toB": 27, "inserted": [""]}}
{"dateTime": "2025-08-21T16:07:36.621Z", "eventType": "delete.backward", "fullPath": "/main.py", "details": {"fromA": 26, "toA": 27, "fromB": 26, "toB": 26, "inserted": [""]}}
{"dateTime": "2025-08-21T16:07:36.782Z", "eventType": "delete.backward", "fullPath": "/main.py", "details": {"fromA": 25, "toA": 26, "fromB": 25, "toB": 25, "inserted": [""]}}
{"dateTime": "2025-08-21T16:07:36.941Z", "eventType": "delete.backward", "fullPath": "/main.py", "details": {"fromA": 24, "toA": 25, "fromB": 24, "toB": 24, "inserted": [""]}}
{"dateTime": "2025-08-21T16:07:37.103Z", "eventType": "delete.backward", "fullPath": "/main.py", "details": {"fromA": 23, "toA": 24, "fromB": 23, "toB": 23, "inserted": [""]}}
{"dateTime": "2025-08-21T16:07:37.278Z", "eventType": "delete.backward", "fullPath": "/main.py", "details": {"fromA": 22, "toA": 23, "fromB": 22, "toB": 22, "inserted": [""]}}
{"dateTime": "2025-08-21T16:07:37.454Z", "eventType": "delete.backward", "fullPath": "/main.py", "details": {"fromA": 21, "toA": 22, "fromB": 21, "toB": 21, "inserted": [""]}}
{"dateTime": "2025-08-21T16:07:37.630Z", "eventType": "delete.backward", "fullPath": "/main.py", "details": {"fromA": 20, "toA": 21, "fromB": 20, "toB": 20, "inserted": [""]}}
{"dateTime": "2025-08-21T16:07:37.805Z", "eventType": "delete.backward", "fullPath": "/main.py", "details": {"fromA": 19, "toA": 20, "fromB": 19, "toB": 19, "inserted": [""]}}
{"dateTime": "2025-08-21T16:07:37.998Z", "eventType": "delete.backward", "fullPath": "/main.py", "details": {"fromA": 18, "toA": 19, "fromB": 18, "toB": 18, "inserted": [""]}}
{"dateTime": "2025-08-21T16:07:38.173Z", "eventType": "delete.backward", "fullPath": "/main.py", "details": {"fromA": 17, "toA": 18, "fromB": 17, "toB": 17, "inserted": [""]}}
{"dateTime": "2025-08-21T16:07:38.711Z", "eventType": "blur", "fullPath": "/main.py"}
{"dateTime": "2025-08-21T16:07:39.180Z", "eventType": "submission", "details": {"correctness": 0, "commit": "6db4be93f7cd63cbc21981f7f84659c2adbb6ad0", "executionTime": 0.01}}
{"dateTime": "2025-08-21T16:07:40.133Z", "eventType": "focus", "fullPath": "/main.py"}
{"dateTime": "2025-08-21T16:07:41.216Z", "eventType": "blur", "fullPath": "/main.py"}
{"dateTime": "2025-08-21T16:07:41.526Z", "eventType": "run", "details": {"commit": "6db4be93f7cd63cbc21981f7f84659c2adbb6ad0"}}
{"dateTime": "2025-08-21T16:07:42.663Z", "eventType": "run", "details": {"commit": "6db4be93f7cd63cbc21981f7f84659c2adbb6ad0"}}
{"dateTime": "2025-08-21T16:07:45.829Z", "eventType": "focus", "fullPath": "/main.py"}
{"dateTime": "2025-08-21T16:07:45.832Z", "eventType": "select.pointer", "fullPath": "/main.py", "details": {"selection": {"from": 17, "to": 17}}}
{"dateTime": "2025-08-21T16:07:46.880Z", "eventType": "input.type", "fullPath": "/main.py", "details": {"fromA": 17, "toA": 17, "fromB": 17, "toB": 18, "inserted": ["p"]}}
{"dateTime": "2025-08-21T16:07:47.282Z", "eventType": "input.type", "fullPath": "/main.py", "details": {"fromA": 18, "toA": 18, "fromB": 18, "toB": 19, "inserted": ["r"]}}
{"dateTime": "2025-08-21T16:07:47.888Z", "eventType": "input.type", "fullPath": "/main.py", "details": {"fromA": 19, "toA": 19, "fromB": 19, "toB": 20, "inserted": ["i"]}}
{"dateTime": "2025-08-21T16:07:48.175Z", "eventType": "input.type", "fullPath": "/main.py", "details": {"fromA": 20, "toA": 20, "fromB": 20, "toB": 21, "inserted": ["n"]}}
{"dateTime": "2025-08-21T16:07:48.576Z", "eventType": "input.type", "fullPath": "/main.py", "details": {"fromA": 21, "toA": 21, "fromB": 21, "toB": 22, "inserted": ["t"]}}
{"dateTime": "2025-08-21T16:07:50.206Z", "eventType": "input.type", "fullPath": "/main.py", "details": {"fromA": 22, "toA": 22, "fromB": 22, "toB": 23, "inserted": [" "]}}
{"dateTime": "2025-08-21T16:07:51.678Z", "eventType": "input.type", "fullPath": "/main.py", "details": {"fromA": 23, "toA": 23, "fromB": 23, "toB": 25, "inserted": ["()"]}}
{"dateTime": "2025-08-21T16:07:54.127Z", "eventType": "input.type", "fullPath": "/main.py", "details": {"fromA": 24, "toA": 24, "fromB": 24, "toB": 25, "inserted": ["t"]}}
{"dateTime": "2025-08-21T16:07:54.353Z", "eventType": "input.type", "fullPath": "/main.py", "details": {"fromA": 25, "toA": 25, "fromB": 25, "toB": 26, "inserted": ["e"]}}
{"dateTime": "2025-08-21T16:07:54.656Z", "eventType": "input.type", "fullPath": "/main.py", "details": {"fromA": 26, "toA": 26, "fromB": 26, "toB": 27, "inserted": ["x"]}}
{"dateTime": "2025-08-21T16:07:57.392Z", "eventType": "input.type", "fullPath": "/main.py", "details": {"fromA": 27, "toA": 27, "fromB": 27, "toB": 28, "inserted": ["t"]}}
{"dateTime": "2025-08-21T16:07:57.502Z", "eventType": "input.type", "fullPath": "/main.py", "details": {"fromA": 28, "toA": 28, "fromB": 28, "toB": 29, "inserted": ["o"]}}
{"dateTime": "2025-08-21T16:07:59.967Z", "eventType": "input.type", "fullPath": "/main.py", "details": {"fromA": 29, "toA": 29, "fromB": 29, "toB": 30, "inserted": ["."]}}
{"dateTime": "2025-08-21T16:08:00.766Z", "eventType": "input.type", "fullPath": "/main.py", "details": {"fromA": 30, "toA": 30, "fromB": 30, "toB": 31, "inserted": ["u"]}}
{"dateTime": "2025-08-21T16:08:01.390Z", "eventType": "input.type", "fullPath": "/main.py", "details": {"fromA": 31, "toA": 31, "fromB": 31, "toB": 32, "inserted": ["p"]}}
{"dateTime": "2025-08-21T16:08:01.502Z", "eventType": "input.type", "fullPath": "/main.py", "details": {"fromA": 32, "toA": 32, "fromB": 32, "toB": 33, "inserted": ["p"]}}
{"dateTime": "2025-08-21T16:08:02.174Z", "eventType": "input.type", "fullPath": "/main.py", "details": {"fromA": 33, "toA": 33, "fromB": 33, "toB": 34, "inserted": ["e"]}}
{"dateTime": "2025-08-21T16:08:02.302Z", "eventType": "input.type", "fullPath": "/main.py", "details": {"fromA": 34, "toA": 34, "fromB": 34, "toB": 35, "inserted": ["r"]}}
{"dateTime": "2025-08-21T16:08:05.614Z", "eventType": "input.type", "fullPath": "/main.py", "details": {"fromA": 35, "toA": 35, "fromB": 35, "toB": 37, "inserted": ["()"]}}
{"dateTime": "2025-08-21T16:08:07.150Z", "eventType": "input.type", "fullPath": "/main.py", "details": {"fromA": 36, "toA": 37, "fromB": 36, "toB": 37, "inserted": [")"]}}
{"dateTime": "2025-08-21T16:08:07.471Z", "eventType": "input.type", "fullPath": "/main.py", "details": {"fromA": 37, "toA": 38, "fromB": 37, "toB": 38, "inserted": [")"]}}
{"dateTime": "2025-08-21T16:08:08.958Z", "eventType": "input", "fullPath": "/main.py", "details": {"fromA": 38, "toA": 38, "fromB": 38, "toB": 39, "inserted": ["", ""]}}
{"dateTime": "2025-08-21T16:08:12.967Z", "eventType": "blur", "fullPath": "/main.py"}
{"dateTime": "2025-08-21T16:08:13.340Z", "eventType": "submission", "details": {"correctness": 1, "commit": "9ecc3e0ef9ec87cee6df4880ceeab1442a945572", "executionTime": 0.01}}
{"dateTime": "2025-08-21T16:08:15.156Z", "eventType": "run", "details": {"commit": "9ecc3e0ef9ec87cee6df4880ceeab1442a945572"}}
