{"dateTime": "2025-08-14T19:41:07.144Z", "eventType": "submission", "details": {"correctness": 0, "commit": "db1ae080082f16ea944e2cfa41a50a6bc521cb34", "executionTime": 0.01}}
{"dateTime": "2025-08-14T19:41:09.381Z", "eventType": "focus", "fullPath": "/main.py"}
{"dateTime": "2025-08-14T19:41:09.383Z", "eventType": "select.pointer", "fullPath": "/main.py", "details": {"selection": {"from": 168, "to": 168}}}
{"dateTime": "2025-08-14T19:41:13.062Z", "eventType": "select.pointer", "fullPath": "/main.py", "details": {"selection": {"from": 140, "to": 140}}}
{"dateTime": "2025-08-14T19:41:14.027Z", "eventType": "input.type", "fullPath": "/main.py", "details": {"fromA": 140, "toA": 140, "fromB": 140, "toB": 141, "inserted": ["1"]}}
{"dateTime": "2025-08-14T19:41:14.586Z", "eventType": "input.type", "fullPath": "/main.py", "details": {"fromA": 141, "toA": 141, "fromB": 141, "toB": 142, "inserted": ["+"]}}
{"dateTime": "2025-08-14T19:41:15.449Z", "eventType": "select.pointer", "fullPath": "/main.py", "details": {"selection": {"from": 93, "to": 93}}}
{"dateTime": "2025-08-14T19:41:15.461Z", "eventType": "select.pointer", "fullPath": "/main.py", "details": {"selection": {"from": 93, "to": 148}}}
{"dateTime": "2025-08-14T19:41:15.782Z", "eventType": "blur", "fullPath": "/main.py"}
{"dateTime": "2025-08-14T19:41:15.788Z", "eventType": "focus", "fullPath": "/main.py"}
{"dateTime": "2025-08-14T19:41:15.793Z", "eventType": "select", "fullPath": "/main.py", "details": {"selection": {"from": 170, "to": 170}}}
{"dateTime": "2025-08-14T19:41:16.602Z", "eventType": "blur", "fullPath": "/main.py"}
{"dateTime": "2025-08-14T19:41:16.928Z", "eventType": "run", "details": {"commit": "0d3f429babd5aaa28a4df5ac1411ae461b285bd9"}}
{"dateTime": "2025-08-14T19:41:26.613Z", "eventType": "run", "details": {"commit": "0d3f429babd5aaa28a4df5ac1411ae461b285bd9"}}
{"dateTime": "2025-08-14T19:41:32.627Z", "eventType": "focus", "fullPath": "/main.py"}
{"dateTime": "2025-08-14T19:41:32.957Z", "eventType": "select.pointer", "fullPath": "/main.py", "details": {"selection": {"from": 0, "to": 0}}}
{"dateTime": "2025-08-14T19:41:33.755Z", "eventType": "input", "fullPath": "/main.py", "details": {"fromA": 0, "toA": 0, "fromB": 0, "toB": 1, "inserted": ["", ""]}}
{"dateTime": "2025-08-14T19:41:33.949Z", "eventType": "input", "fullPath": "/main.py", "details": {"fromA": 1, "toA": 1, "fromB": 1, "toB": 2, "inserted": ["", ""]}}
{"dateTime": "2025-08-14T19:41:34.109Z", "eventType": "input", "fullPath": "/main.py", "details": {"fromA": 2, "toA": 2, "fromB": 2, "toB": 3, "inserted": ["", ""]}}
{"dateTime": "2025-08-14T19:41:34.162Z", "eventType": "focus", "fullPath": "/main.py"}
{"dateTime": "2025-08-14T19:41:34.164Z", "eventType": "select.pointer", "fullPath": "/main.py", "details": {"selection": {"from": 170, "to": 170}}}
{"dateTime": "2025-08-14T19:41:34.285Z", "eventType": "input", "fullPath": "/main.py", "details": {"fromA": 3, "toA": 3, "fromB": 3, "toB": 4, "inserted": ["", ""]}}
{"dateTime": "2025-08-14T19:41:34.461Z", "eventType": "input", "fullPath": "/main.py", "details": {"fromA": 4, "toA": 4, "fromB": 4, "toB": 5, "inserted": ["", ""]}}
{"dateTime": "2025-08-14T19:41:34.621Z", "eventType": "input", "fullPath": "/main.py", "details": {"fromA": 5, "toA": 5, "fromB": 5, "toB": 6, "inserted": ["", ""]}}
{"dateTime": "2025-08-14T19:41:35.054Z", "eventType": "select.pointer", "fullPath": "/main.py", "details": {"selection": {"from": 0, "to": 0}}}
{"dateTime": "2025-08-14T19:41:36.125Z", "eventType": "blur", "fullPath": "/main.py"}
{"dateTime": "2025-08-14T19:41:39.106Z", "eventType": "blur", "fullPath": "/main.py"}
{"dateTime": "2025-08-14T19:41:39.498Z", "eventType": "submission", "details": {"correctness": 1, "commit": "0d3f429babd5aaa28a4df5ac1411ae461b285bd9", "executionTime": 0.01}}
{"dateTime": "2025-08-14T19:41:42.620Z", "eventType": "focus", "fullPath": "/main.py"}
{"dateTime": "2025-08-14T19:41:42.627Z", "eventType": "select.pointer", "fullPath": "/main.py", "details": {"selection": {"from": 1, "to": 1}}}
{"dateTime": "2025-08-14T19:41:43.255Z", "eventType": "select.pointer", "fullPath": "/main.py", "details": {"selection": {"from": 0, "to": 0}}}
{"dateTime": "2025-08-14T19:41:49.311Z", "eventType": "input.type", "fullPath": "/main.py", "details": {"fromA": 0, "toA": 0, "fromB": 0, "toB": 1, "inserted": ["n"]}}
{"dateTime": "2025-08-14T19:41:49.473Z", "eventType": "input.type", "fullPath": "/main.py", "details": {"fromA": 1, "toA": 1, "fromB": 1, "toB": 2, "inserted": ["o"]}}
{"dateTime": "2025-08-14T19:41:49.507Z", "eventType": "input.type", "fullPath": "/main.py", "details": {"fromA": 2, "toA": 2, "fromB": 2, "toB": 3, "inserted": ["t"]}}
{"dateTime": "2025-08-14T19:41:49.632Z", "eventType": "input.type", "fullPath": "/main.py", "details": {"fromA": 3, "toA": 3, "fromB": 3, "toB": 4, "inserted": ["a"]}}
{"dateTime": "2025-08-14T19:41:49.997Z", "eventType": "input.type", "fullPath": "/main.py", "details": {"fromA": 4, "toA": 4, "fromB": 4, "toB": 5, "inserted": ["1"]}}
{"dateTime": "2025-08-14T19:41:50.301Z", "eventType": "input.type", "fullPath": "/main.py", "details": {"fromA": 5, "toA": 5, "fromB": 5, "toB": 6, "inserted": [" "]}}
{"dateTime": "2025-08-14T19:41:50.381Z", "eventType": "input.type", "fullPath": "/main.py", "details": {"fromA": 6, "toA": 6, "fromB": 6, "toB": 7, "inserted": ["="]}}
{"dateTime": "2025-08-14T19:41:50.525Z", "eventType": "input.type", "fullPath": "/main.py", "details": {"fromA": 7, "toA": 7, "fromB": 7, "toB": 8, "inserted": [" "]}}
{"dateTime": "2025-08-14T19:41:50.781Z", "eventType": "input.type", "fullPath": "/main.py", "details": {"fromA": 8, "toA": 8, "fromB": 8, "toB": 9, "inserted": ["i"]}}
{"dateTime": "2025-08-14T19:41:50.861Z", "eventType": "input.type", "fullPath": "/main.py", "details": {"fromA": 9, "toA": 9, "fromB": 9, "toB": 10, "inserted": ["n"]}}
{"dateTime": "2025-08-14T19:41:51.002Z", "eventType": "input.type", "fullPath": "/main.py", "details": {"fromA": 10, "toA": 10, "fromB": 10, "toB": 11, "inserted": ["p"]}}
{"dateTime": "2025-08-14T19:41:51.365Z", "eventType": "delete.backward", "fullPath": "/main.py", "details": {"fromA": 10, "toA": 11, "fromB": 10, "toB": 10, "inserted": [""]}}
{"dateTime": "2025-08-14T19:41:51.514Z", "eventType": "delete.backward", "fullPath": "/main.py", "details": {"fromA": 9, "toA": 10, "fromB": 9, "toB": 9, "inserted": [""]}}
{"dateTime": "2025-08-14T19:41:51.660Z", "eventType": "delete.backward", "fullPath": "/main.py", "details": {"fromA": 8, "toA": 9, "fromB": 8, "toB": 8, "inserted": [""]}}
{"dateTime": "2025-08-14T19:41:52.237Z", "eventType": "input.type", "fullPath": "/main.py", "details": {"fromA": 8, "toA": 8, "fromB": 8, "toB": 9, "inserted": ["l"]}}
{"dateTime": "2025-08-14T19:41:52.732Z", "eventType": "delete.backward", "fullPath": "/main.py", "details": {"fromA": 8, "toA": 9, "fromB": 8, "toB": 8, "inserted": [""]}}
{"dateTime": "2025-08-14T19:41:52.829Z", "eventType": "input.type", "fullPath": "/main.py", "details": {"fromA": 8, "toA": 8, "fromB": 8, "toB": 9, "inserted": ["f"]}}
{"dateTime": "2025-08-14T19:41:52.909Z", "eventType": "input.type", "fullPath": "/main.py", "details": {"fromA": 9, "toA": 9, "fromB": 9, "toB": 10, "inserted": ["l"]}}
{"dateTime": "2025-08-14T19:41:53.050Z", "eventType": "input.type", "fullPath": "/main.py", "details": {"fromA": 10, "toA": 10, "fromB": 10, "toB": 11, "inserted": ["a"]}}
{"dateTime": "2025-08-14T19:41:53.068Z", "eventType": "input.type", "fullPath": "/main.py", "details": {"fromA": 11, "toA": 11, "fromB": 11, "toB": 12, "inserted": ["o"]}}
{"dateTime": "2025-08-14T19:41:53.214Z", "eventType": "input.type", "fullPath": "/main.py", "details": {"fromA": 12, "toA": 12, "fromB": 12, "toB": 13, "inserted": ["t"]}}
{"dateTime": "2025-08-14T19:41:53.486Z", "eventType": "input.type", "fullPath": "/main.py", "details": {"fromA": 13, "toA": 13, "fromB": 13, "toB": 15, "inserted": ["()"]}}
{"dateTime": "2025-08-14T19:41:53.757Z", "eventType": "input.type", "fullPath": "/main.py", "details": {"fromA": 14, "toA": 14, "fromB": 14, "toB": 15, "inserted": ["i"]}}
{"dateTime": "2025-08-14T19:41:53.854Z", "eventType": "input.type", "fullPath": "/main.py", "details": {"fromA": 15, "toA": 15, "fromB": 15, "toB": 16, "inserted": ["n"]}}
{"dateTime": "2025-08-14T19:41:54.067Z", "eventType": "input.type", "fullPath": "/main.py", "details": {"fromA": 16, "toA": 16, "fromB": 16, "toB": 17, "inserted": ["p"]}}
{"dateTime": "2025-08-14T19:41:54.160Z", "eventType": "input.type", "fullPath": "/main.py", "details": {"fromA": 17, "toA": 17, "fromB": 17, "toB": 18, "inserted": ["t"]}}
{"dateTime": "2025-08-14T19:41:54.270Z", "eventType": "input.type", "fullPath": "/main.py", "details": {"fromA": 18, "toA": 18, "fromB": 18, "toB": 19, "inserted": ["u"]}}
{"dateTime": "2025-08-14T19:41:54.525Z", "eventType": "delete.backward", "fullPath": "/main.py", "details": {"fromA": 18, "toA": 19, "fromB": 18, "toB": 18, "inserted": [""]}}
{"dateTime": "2025-08-14T19:41:54.685Z", "eventType": "delete.backward", "fullPath": "/main.py", "details": {"fromA": 17, "toA": 18, "fromB": 17, "toB": 17, "inserted": [""]}}
{"dateTime": "2025-08-14T19:41:54.909Z", "eventType": "input.type", "fullPath": "/main.py", "details": {"fromA": 17, "toA": 17, "fromB": 17, "toB": 18, "inserted": ["u"]}}
{"dateTime": "2025-08-14T19:41:54.989Z", "eventType": "input.type", "fullPath": "/main.py", "details": {"fromA": 18, "toA": 18, "fromB": 18, "toB": 19, "inserted": ["t"]}}
{"dateTime": "2025-08-14T19:41:55.342Z", "eventType": "input.type", "fullPath": "/main.py", "details": {"fromA": 19, "toA": 19, "fromB": 19, "toB": 21, "inserted": ["()"]}}
{"dateTime": "2025-08-14T19:41:55.469Z", "eventType": "input.type", "fullPath": "/main.py", "details": {"fromA": 20, "toA": 20, "fromB": 20, "toB": 21, "inserted": ["0"]}}
{"dateTime": "2025-08-14T19:41:56.893Z", "eventType": "input.type", "fullPath": "/main.py", "details": {"fromA": 21, "toA": 21, "fromB": 21, "toB": 22, "inserted": ["="]}}
{"dateTime": "2025-08-14T19:41:57.803Z", "eventType": "delete.backward", "fullPath": "/main.py", "details": {"fromA": 21, "toA": 22, "fromB": 21, "toB": 21, "inserted": [""]}}
{"dateTime": "2025-08-14T19:41:58.077Z", "eventType": "delete.backward", "fullPath": "/main.py", "details": {"fromA": 20, "toA": 21, "fromB": 20, "toB": 20, "inserted": [""]}}
{"dateTime": "2025-08-14T19:41:59.231Z", "eventType": "select.pointer", "fullPath": "/main.py", "details": {"selection": {"from": 22, "to": 22}}}
{"dateTime": "2025-08-14T19:41:59.901Z", "eventType": "input", "fullPath": "/main.py", "details": {"fromA": 22, "toA": 22, "fromB": 22, "toB": 23, "inserted": ["", ""]}}
{"dateTime": "2025-08-14T19:42:00.204Z", "eventType": "input.type", "fullPath": "/main.py", "details": {"fromA": 23, "toA": 23, "fromB": 23, "toB": 24, "inserted": ["n"]}}
{"dateTime": "2025-08-14T19:42:00.369Z", "eventType": "input.type", "fullPath": "/main.py", "details": {"fromA": 24, "toA": 24, "fromB": 24, "toB": 25, "inserted": ["o"]}}
{"dateTime": "2025-08-14T19:42:00.389Z", "eventType": "input.type", "fullPath": "/main.py", "details": {"fromA": 25, "toA": 25, "fromB": 25, "toB": 26, "inserted": ["t"]}}
{"dateTime": "2025-08-14T19:42:00.528Z", "eventType": "input.type", "fullPath": "/main.py", "details": {"fromA": 26, "toA": 26, "fromB": 26, "toB": 27, "inserted": ["a"]}}
{"dateTime": "2025-08-14T19:42:00.702Z", "eventType": "input.type", "fullPath": "/main.py", "details": {"fromA": 27, "toA": 27, "fromB": 27, "toB": 28, "inserted": ["2"]}}
{"dateTime": "2025-08-14T19:42:00.909Z", "eventType": "input.type", "fullPath": "/main.py", "details": {"fromA": 28, "toA": 28, "fromB": 28, "toB": 29, "inserted": [" "]}}
{"dateTime": "2025-08-14T19:42:01.133Z", "eventType": "input.type", "fullPath": "/main.py", "details": {"fromA": 29, "toA": 29, "fromB": 29, "toB": 30, "inserted": ["="]}}
{"dateTime": "2025-08-14T19:42:01.261Z", "eventType": "input.type", "fullPath": "/main.py", "details": {"fromA": 30, "toA": 30, "fromB": 30, "toB": 31, "inserted": [" "]}}
{"dateTime": "2025-08-14T19:42:03.333Z", "eventType": "select.pointer", "fullPath": "/main.py", "details": {"selection": {"from": 12, "to": 12}}}
{"dateTime": "2025-08-14T19:42:04.060Z", "eventType": "delete.backward", "fullPath": "/main.py", "details": {"fromA": 11, "toA": 12, "fromB": 11, "toB": 11, "inserted": [""]}}
{"dateTime": "2025-08-14T19:42:04.221Z", "eventType": "delete.backward", "fullPath": "/main.py", "details": {"fromA": 10, "toA": 11, "fromB": 10, "toB": 10, "inserted": [""]}}
{"dateTime": "2025-08-14T19:42:04.461Z", "eventType": "input.type", "fullPath": "/main.py", "details": {"fromA": 10, "toA": 10, "fromB": 10, "toB": 11, "inserted": ["o"]}}
{"dateTime": "2025-08-14T19:42:04.751Z", "eventType": "input.type", "fullPath": "/main.py", "details": {"fromA": 11, "toA": 11, "fromB": 11, "toB": 12, "inserted": ["a"]}}
{"dateTime": "2025-08-14T19:42:05.633Z", "eventType": "select.pointer", "fullPath": "/main.py", "details": {"selection": {"from": 32, "to": 32}}}
{"dateTime": "2025-08-14T19:42:06.029Z", "eventType": "select.pointer", "fullPath": "/main.py", "details": {"selection": {"from": 23, "to": 23}}}
{"dateTime": "2025-08-14T19:42:06.495Z", "eventType": "select.pointer", "fullPath": "/main.py", "details": {"selection": {"from": 22, "to": 22}}}
{"dateTime": "2025-08-14T19:42:06.975Z", "eventType": "select.pointer", "fullPath": "/main.py", "details": {"selection": {"from": 31, "to": 31}}}
{"dateTime": "2025-08-14T19:42:07.661Z", "eventType": "input.type", "fullPath": "/main.py", "details": {"fromA": 31, "toA": 31, "fromB": 31, "toB": 32, "inserted": ["f"]}}
{"dateTime": "2025-08-14T19:42:07.839Z", "eventType": "input.type", "fullPath": "/main.py", "details": {"fromA": 32, "toA": 32, "fromB": 32, "toB": 33, "inserted": ["l"]}}
{"dateTime": "2025-08-14T19:42:08.031Z", "eventType": "input.type", "fullPath": "/main.py", "details": {"fromA": 33, "toA": 33, "fromB": 33, "toB": 34, "inserted": ["o"]}}
{"dateTime": "2025-08-14T19:42:08.095Z", "eventType": "input.type", "fullPath": "/main.py", "details": {"fromA": 34, "toA": 34, "fromB": 34, "toB": 35, "inserted": ["a"]}}
{"dateTime": "2025-08-14T19:42:08.190Z", "eventType": "input.type", "fullPath": "/main.py", "details": {"fromA": 35, "toA": 35, "fromB": 35, "toB": 36, "inserted": ["t"]}}
{"dateTime": "2025-08-14T19:42:08.477Z", "eventType": "input.type", "fullPath": "/main.py", "details": {"fromA": 36, "toA": 36, "fromB": 36, "toB": 38, "inserted": ["()"]}}
{"dateTime": "2025-08-14T19:42:09.165Z", "eventType": "input.type", "fullPath": "/main.py", "details": {"fromA": 37, "toA": 37, "fromB": 37, "toB": 38, "inserted": ["i"]}}
{"dateTime": "2025-08-14T19:42:09.261Z", "eventType": "input.type", "fullPath": "/main.py", "details": {"fromA": 38, "toA": 38, "fromB": 38, "toB": 39, "inserted": ["n"]}}
{"dateTime": "2025-08-14T19:42:09.435Z", "eventType": "input.type", "fullPath": "/main.py", "details": {"fromA": 39, "toA": 39, "fromB": 39, "toB": 40, "inserted": ["p"]}}
{"dateTime": "2025-08-14T19:42:09.598Z", "eventType": "input.type", "fullPath": "/main.py", "details": {"fromA": 40, "toA": 40, "fromB": 40, "toB": 41, "inserted": ["u"]}}
{"dateTime": "2025-08-14T19:42:09.694Z", "eventType": "input.type", "fullPath": "/main.py", "details": {"fromA": 41, "toA": 41, "fromB": 41, "toB": 42, "inserted": ["t"]}}
{"dateTime": "2025-08-14T19:42:09.966Z", "eventType": "input.type", "fullPath": "/main.py", "details": {"fromA": 42, "toA": 42, "fromB": 42, "toB": 44, "inserted": ["()"]}}
{"dateTime": "2025-08-14T19:42:10.093Z", "eventType": "input.type", "fullPath": "/main.py", "details": {"fromA": 43, "toA": 44, "fromB": 43, "toB": 44, "inserted": [")"]}}
{"dateTime": "2025-08-14T19:42:10.789Z", "eventType": "select.pointer", "fullPath": "/main.py", "details": {"selection": {"from": 45, "to": 45}}}
{"dateTime": "2025-08-14T19:42:11.597Z", "eventType": "input", "fullPath": "/main.py", "details": {"fromA": 45, "toA": 45, "fromB": 45, "toB": 46, "inserted": ["", ""]}}
{"dateTime": "2025-08-14T19:42:11.933Z", "eventType": "input.type", "fullPath": "/main.py", "details": {"fromA": 46, "toA": 46, "fromB": 46, "toB": 47, "inserted": ["n"]}}
{"dateTime": "2025-08-14T19:42:12.112Z", "eventType": "input.type", "fullPath": "/main.py", "details": {"fromA": 47, "toA": 47, "fromB": 47, "toB": 48, "inserted": ["o"]}}
{"dateTime": "2025-08-14T19:42:12.147Z", "eventType": "input.type", "fullPath": "/main.py", "details": {"fromA": 48, "toA": 48, "fromB": 48, "toB": 49, "inserted": ["t"]}}
{"dateTime": "2025-08-14T19:42:12.288Z", "eventType": "input.type", "fullPath": "/main.py", "details": {"fromA": 49, "toA": 49, "fromB": 49, "toB": 50, "inserted": ["a"]}}
{"dateTime": "2025-08-14T19:42:12.477Z", "eventType": "input.type", "fullPath": "/main.py", "details": {"fromA": 50, "toA": 50, "fromB": 50, "toB": 51, "inserted": ["4"]}}
{"dateTime": "2025-08-14T19:42:13.020Z", "eventType": "delete.backward", "fullPath": "/main.py", "details": {"fromA": 50, "toA": 51, "fromB": 50, "toB": 50, "inserted": [""]}}
{"dateTime": "2025-08-14T19:42:13.613Z", "eventType": "input.type", "fullPath": "/main.py", "details": {"fromA": 50, "toA": 50, "fromB": 50, "toB": 51, "inserted": ["3"]}}
{"dateTime": "2025-08-14T19:42:13.709Z", "eventType": "input.type", "fullPath": "/main.py", "details": {"fromA": 51, "toA": 51, "fromB": 51, "toB": 52, "inserted": [" "]}}
{"dateTime": "2025-08-14T19:42:13.949Z", "eventType": "input.type", "fullPath": "/main.py", "details": {"fromA": 52, "toA": 52, "fromB": 52, "toB": 53, "inserted": ["-"]}}
{"dateTime": "2025-08-14T19:42:14.045Z", "eventType": "input.type", "fullPath": "/main.py", "details": {"fromA": 53, "toA": 53, "fromB": 53, "toB": 54, "inserted": [" "]}}
{"dateTime": "2025-08-14T19:42:14.491Z", "eventType": "delete.backward", "fullPath": "/main.py", "details": {"fromA": 53, "toA": 54, "fromB": 53, "toB": 53, "inserted": [""]}}
{"dateTime": "2025-08-14T19:42:14.636Z", "eventType": "delete.backward", "fullPath": "/main.py", "details": {"fromA": 52, "toA": 53, "fromB": 52, "toB": 52, "inserted": [""]}}
{"dateTime": "2025-08-14T19:42:14.813Z", "eventType": "input.type", "fullPath": "/main.py", "details": {"fromA": 52, "toA": 52, "fromB": 52, "toB": 53, "inserted": ["="]}}
{"dateTime": "2025-08-14T19:42:14.909Z", "eventType": "input.type", "fullPath": "/main.py", "details": {"fromA": 53, "toA": 53, "fromB": 53, "toB": 54, "inserted": [" "]}}
{"dateTime": "2025-08-14T19:42:15.757Z", "eventType": "input.type", "fullPath": "/main.py", "details": {"fromA": 54, "toA": 54, "fromB": 54, "toB": 55, "inserted": ["f"]}}
{"dateTime": "2025-08-14T19:42:15.853Z", "eventType": "input.type", "fullPath": "/main.py", "details": {"fromA": 55, "toA": 55, "fromB": 55, "toB": 56, "inserted": ["l"]}}
{"dateTime": "2025-08-14T19:42:16.000Z", "eventType": "input.type", "fullPath": "/main.py", "details": {"fromA": 56, "toA": 56, "fromB": 56, "toB": 57, "inserted": ["o"]}}
{"dateTime": "2025-08-14T19:42:16.078Z", "eventType": "input.type", "fullPath": "/main.py", "details": {"fromA": 57, "toA": 57, "fromB": 57, "toB": 58, "inserted": ["a"]}}
{"dateTime": "2025-08-14T19:42:16.222Z", "eventType": "input.type", "fullPath": "/main.py", "details": {"fromA": 58, "toA": 58, "fromB": 58, "toB": 59, "inserted": ["t"]}}
{"dateTime": "2025-08-14T19:42:16.525Z", "eventType": "input.type", "fullPath": "/main.py", "details": {"fromA": 59, "toA": 59, "fromB": 59, "toB": 61, "inserted": ["()"]}}
{"dateTime": "2025-08-14T19:42:16.733Z", "eventType": "input.type", "fullPath": "/main.py", "details": {"fromA": 60, "toA": 60, "fromB": 60, "toB": 61, "inserted": ["i"]}}
{"dateTime": "2025-08-14T19:42:16.829Z", "eventType": "input.type", "fullPath": "/main.py", "details": {"fromA": 61, "toA": 61, "fromB": 61, "toB": 62, "inserted": ["n"]}}
{"dateTime": "2025-08-14T19:42:17.152Z", "eventType": "input.type", "fullPath": "/main.py", "details": {"fromA": 62, "toA": 62, "fromB": 62, "toB": 63, "inserted": ["p"]}}
{"dateTime": "2025-08-14T19:42:17.327Z", "eventType": "input.type", "fullPath": "/main.py", "details": {"fromA": 63, "toA": 63, "fromB": 63, "toB": 64, "inserted": ["i"]}}
{"dateTime": "2025-08-14T19:42:17.439Z", "eventType": "input.type", "fullPath": "/main.py", "details": {"fromA": 64, "toA": 64, "fromB": 64, "toB": 65, "inserted": ["t"]}}
{"dateTime": "2025-08-14T19:42:17.934Z", "eventType": "delete.backward", "fullPath": "/main.py", "details": {"fromA": 64, "toA": 65, "fromB": 64, "toB": 64, "inserted": [""]}}
{"dateTime": "2025-08-14T19:42:18.079Z", "eventType": "delete.backward", "fullPath": "/main.py", "details": {"fromA": 63, "toA": 64, "fromB": 63, "toB": 63, "inserted": [""]}}
{"dateTime": "2025-08-14T19:42:18.797Z", "eventType": "input.type", "fullPath": "/main.py", "details": {"fromA": 63, "toA": 63, "fromB": 63, "toB": 64, "inserted": ["u"]}}
{"dateTime": "2025-08-14T19:42:18.910Z", "eventType": "input.type", "fullPath": "/main.py", "details": {"fromA": 64, "toA": 64, "fromB": 64, "toB": 65, "inserted": ["t"]}}
{"dateTime": "2025-08-14T19:42:19.166Z", "eventType": "input.type", "fullPath": "/main.py", "details": {"fromA": 65, "toA": 65, "fromB": 65, "toB": 67, "inserted": ["()"]}}
{"dateTime": "2025-08-14T19:42:19.293Z", "eventType": "input.type", "fullPath": "/main.py", "details": {"fromA": 66, "toA": 67, "fromB": 66, "toB": 67, "inserted": [")"]}}
{"dateTime": "2025-08-14T19:42:20.221Z", "eventType": "select.pointer", "fullPath": "/main.py", "details": {"selection": {"from": 68, "to": 68}}}
{"dateTime": "2025-08-14T19:42:20.909Z", "eventType": "input", "fullPath": "/main.py", "details": {"fromA": 68, "toA": 68, "fromB": 68, "toB": 69, "inserted": ["", ""]}}
{"dateTime": "2025-08-14T19:42:21.133Z", "eventType": "input.type", "fullPath": "/main.py", "details": {"fromA": 69, "toA": 69, "fromB": 69, "toB": 70, "inserted": ["n"]}}
{"dateTime": "2025-08-14T19:42:21.294Z", "eventType": "input.type", "fullPath": "/main.py", "details": {"fromA": 70, "toA": 70, "fromB": 70, "toB": 71, "inserted": ["o"]}}
{"dateTime": "2025-08-14T19:42:21.378Z", "eventType": "input.type", "fullPath": "/main.py", "details": {"fromA": 71, "toA": 71, "fromB": 71, "toB": 72, "inserted": ["t"]}}
{"dateTime": "2025-08-14T19:42:21.536Z", "eventType": "input.type", "fullPath": "/main.py", "details": {"fromA": 72, "toA": 72, "fromB": 72, "toB": 73, "inserted": ["a"]}}
{"dateTime": "2025-08-14T19:42:21.821Z", "eventType": "input.type", "fullPath": "/main.py", "details": {"fromA": 73, "toA": 73, "fromB": 73, "toB": 74, "inserted": ["4"]}}
{"dateTime": "2025-08-14T19:42:22.556Z", "eventType": "input.type", "fullPath": "/main.py", "details": {"fromA": 74, "toA": 74, "fromB": 74, "toB": 75, "inserted": [" "]}}
{"dateTime": "2025-08-14T19:42:22.668Z", "eventType": "input.type", "fullPath": "/main.py", "details": {"fromA": 75, "toA": 75, "fromB": 75, "toB": 76, "inserted": ["="]}}
{"dateTime": "2025-08-14T19:42:22.797Z", "eventType": "input.type", "fullPath": "/main.py", "details": {"fromA": 76, "toA": 76, "fromB": 76, "toB": 77, "inserted": [" "]}}
{"dateTime": "2025-08-14T19:42:23.277Z", "eventType": "input.type", "fullPath": "/main.py", "details": {"fromA": 77, "toA": 77, "fromB": 77, "toB": 78, "inserted": ["f"]}}
{"dateTime": "2025-08-14T19:42:23.407Z", "eventType": "input.type", "fullPath": "/main.py", "details": {"fromA": 78, "toA": 78, "fromB": 78, "toB": 79, "inserted": ["l"]}}
{"dateTime": "2025-08-14T19:42:23.567Z", "eventType": "input.type", "fullPath": "/main.py", "details": {"fromA": 79, "toA": 79, "fromB": 79, "toB": 80, "inserted": ["o"]}}
{"dateTime": "2025-08-14T19:42:23.630Z", "eventType": "input.type", "fullPath": "/main.py", "details": {"fromA": 80, "toA": 80, "fromB": 80, "toB": 81, "inserted": ["a"]}}
{"dateTime": "2025-08-14T19:42:23.774Z", "eventType": "input.type", "fullPath": "/main.py", "details": {"fromA": 81, "toA": 81, "fromB": 81, "toB": 82, "inserted": ["t"]}}
{"dateTime": "2025-08-14T19:42:24.221Z", "eventType": "input.type", "fullPath": "/main.py", "details": {"fromA": 82, "toA": 82, "fromB": 82, "toB": 84, "inserted": ["()"]}}
{"dateTime": "2025-08-14T19:42:24.412Z", "eventType": "input.type", "fullPath": "/main.py", "details": {"fromA": 83, "toA": 84, "fromB": 83, "toB": 84, "inserted": [")"]}}
{"dateTime": "2025-08-14T19:42:24.683Z", "eventType": "delete.backward", "fullPath": "/main.py", "details": {"fromA": 83, "toA": 84, "fromB": 83, "toB": 83, "inserted": [""]}}
{"dateTime": "2025-08-14T19:42:25.310Z", "eventType": "input.type", "fullPath": "/main.py", "details": {"fromA": 83, "toA": 83, "fromB": 83, "toB": 84, "inserted": ["i"]}}
{"dateTime": "2025-08-14T19:42:25.371Z", "eventType": "input.type", "fullPath": "/main.py", "details": {"fromA": 84, "toA": 84, "fromB": 84, "toB": 85, "inserted": ["n"]}}
{"dateTime": "2025-08-14T19:42:25.552Z", "eventType": "input.type", "fullPath": "/main.py", "details": {"fromA": 85, "toA": 85, "fromB": 85, "toB": 86, "inserted": ["p"]}}
{"dateTime": "2025-08-14T19:42:25.742Z", "eventType": "input.type", "fullPath": "/main.py", "details": {"fromA": 86, "toA": 86, "fromB": 86, "toB": 87, "inserted": ["u"]}}
{"dateTime": "2025-08-14T19:42:25.823Z", "eventType": "input.type", "fullPath": "/main.py", "details": {"fromA": 87, "toA": 87, "fromB": 87, "toB": 88, "inserted": ["t"]}}
{"dateTime": "2025-08-14T19:42:26.061Z", "eventType": "input.type", "fullPath": "/main.py", "details": {"fromA": 88, "toA": 88, "fromB": 88, "toB": 90, "inserted": ["()"]}}
{"dateTime": "2025-08-14T19:42:26.188Z", "eventType": "input.type", "fullPath": "/main.py", "details": {"fromA": 89, "toA": 90, "fromB": 89, "toB": 90, "inserted": [")"]}}
{"dateTime": "2025-08-14T19:42:26.525Z", "eventType": "input.type", "fullPath": "/main.py", "details": {"fromA": 90, "toA": 90, "fromB": 90, "toB": 91, "inserted": [")"]}}
{"dateTime": "2025-08-14T19:42:27.620Z", "eventType": "select.pointer", "fullPath": "/main.py", "details": {"selection": {"from": 94, "to": 94}}}
{"dateTime": "2025-08-14T19:42:28.014Z", "eventType": "select.pointer", "fullPath": "/main.py", "details": {"selection": {"from": 97, "to": 97}}}
{"dateTime": "2025-08-14T19:42:28.194Z", "eventType": "select.pointer", "fullPath": "/main.py", "details": {"selection": {"from": 96, "to": 97}}}
{"dateTime": "2025-08-14T19:42:28.244Z", "eventType": "select.pointer", "fullPath": "/main.py", "details": {"selection": {"from": 95, "to": 97}}}
{"dateTime": "2025-08-14T19:42:28.941Z", "eventType": "delete.selection", "fullPath": "/main.py", "details": {"fromA": 95, "toA": 97, "fromB": 95, "toB": 95, "inserted": [""]}}
{"dateTime": "2025-08-14T19:42:29.180Z", "eventType": "delete.backward", "fullPath": "/main.py", "details": {"fromA": 94, "toA": 95, "fromB": 94, "toB": 94, "inserted": [""]}}
{"dateTime": "2025-08-14T19:42:29.420Z", "eventType": "delete.backward", "fullPath": "/main.py", "details": {"fromA": 93, "toA": 94, "fromB": 93, "toB": 93, "inserted": [""]}}
{"dateTime": "2025-08-14T19:42:44.029Z", "eventType": "input.type", "fullPath": "/main.py", "details": {"fromA": 93, "toA": 93, "fromB": 93, "toB": 94, "inserted": ["r"]}}
{"dateTime": "2025-08-14T19:42:44.459Z", "eventType": "delete.backward", "fullPath": "/main.py", "details": {"fromA": 93, "toA": 94, "fromB": 93, "toB": 93, "inserted": [""]}}
{"dateTime": "2025-08-14T19:42:45.004Z", "eventType": "input.type", "fullPath": "/main.py", "details": {"fromA": 93, "toA": 93, "fromB": 93, "toB": 94, "inserted": ["m"]}}
{"dateTime": "2025-08-14T19:42:45.084Z", "eventType": "input.type", "fullPath": "/main.py", "details": {"fromA": 94, "toA": 94, "fromB": 94, "toB": 95, "inserted": ["e"]}}
{"dateTime": "2025-08-14T19:42:45.180Z", "eventType": "input.type", "fullPath": "/main.py", "details": {"fromA": 95, "toA": 95, "fromB": 95, "toB": 96, "inserted": ["d"]}}
{"dateTime": "2025-08-14T19:42:45.276Z", "eventType": "input.type", "fullPath": "/main.py", "details": {"fromA": 96, "toA": 96, "fromB": 96, "toB": 97, "inserted": ["i"]}}
{"dateTime": "2025-08-14T19:42:45.372Z", "eventType": "input.type", "fullPath": "/main.py", "details": {"fromA": 97, "toA": 97, "fromB": 97, "toB": 98, "inserted": ["a"]}}
{"dateTime": "2025-08-14T19:42:45.500Z", "eventType": "input.type", "fullPath": "/main.py", "details": {"fromA": 98, "toA": 98, "fromB": 98, "toB": 99, "inserted": [" "]}}
{"dateTime": "2025-08-14T19:42:45.740Z", "eventType": "input.type", "fullPath": "/main.py", "details": {"fromA": 99, "toA": 99, "fromB": 99, "toB": 100, "inserted": ["="]}}
{"dateTime": "2025-08-14T19:42:45.852Z", "eventType": "input.type", "fullPath": "/main.py", "details": {"fromA": 100, "toA": 100, "fromB": 100, "toB": 101, "inserted": [" "]}}
{"dateTime": "2025-08-14T19:42:48.715Z", "eventType": "input.type", "fullPath": "/main.py", "details": {"fromA": 101, "toA": 101, "fromB": 101, "toB": 102, "inserted": ["n"]}}
{"dateTime": "2025-08-14T19:42:48.909Z", "eventType": "input.type", "fullPath": "/main.py", "details": {"fromA": 102, "toA": 102, "fromB": 102, "toB": 103, "inserted": ["o"]}}
{"dateTime": "2025-08-14T19:42:48.938Z", "eventType": "input.type", "fullPath": "/main.py", "details": {"fromA": 103, "toA": 103, "fromB": 103, "toB": 104, "inserted": ["t"]}}
{"dateTime": "2025-08-14T19:42:49.115Z", "eventType": "input.type", "fullPath": "/main.py", "details": {"fromA": 104, "toA": 104, "fromB": 104, "toB": 105, "inserted": ["a"]}}
{"dateTime": "2025-08-14T19:42:49.229Z", "eventType": "input.type", "fullPath": "/main.py", "details": {"fromA": 105, "toA": 105, "fromB": 105, "toB": 106, "inserted": [" "]}}
{"dateTime": "2025-08-14T19:42:49.610Z", "eventType": "delete.backward", "fullPath": "/main.py", "details": {"fromA": 105, "toA": 106, "fromB": 105, "toB": 105, "inserted": [""]}}
{"dateTime": "2025-08-14T19:42:49.706Z", "eventType": "input.type", "fullPath": "/main.py", "details": {"fromA": 105, "toA": 105, "fromB": 105, "toB": 106, "inserted": ["1"]}}
{"dateTime": "2025-08-14T19:42:49.916Z", "eventType": "input.type", "fullPath": "/main.py", "details": {"fromA": 106, "toA": 106, "fromB": 106, "toB": 107, "inserted": [" "]}}
{"dateTime": "2025-08-14T19:42:50.170Z", "eventType": "delete.backward", "fullPath": "/main.py", "details": {"fromA": 106, "toA": 107, "fromB": 106, "toB": 106, "inserted": [""]}}
{"dateTime": "2025-08-14T19:42:50.330Z", "eventType": "delete.backward", "fullPath": "/main.py", "details": {"fromA": 105, "toA": 106, "fromB": 105, "toB": 105, "inserted": [""]}}
{"dateTime": "2025-08-14T19:42:50.474Z", "eventType": "delete.backward", "fullPath": "/main.py", "details": {"fromA": 104, "toA": 105, "fromB": 104, "toB": 104, "inserted": [""]}}
{"dateTime": "2025-08-14T19:42:50.619Z", "eventType": "delete.backward", "fullPath": "/main.py", "details": {"fromA": 103, "toA": 104, "fromB": 103, "toB": 103, "inserted": [""]}}
{"dateTime": "2025-08-14T19:42:50.746Z", "eventType": "delete.backward", "fullPath": "/main.py", "details": {"fromA": 102, "toA": 103, "fromB": 102, "toB": 102, "inserted": [""]}}
{"dateTime": "2025-08-14T19:42:50.875Z", "eventType": "delete.backward", "fullPath": "/main.py", "details": {"fromA": 101, "toA": 102, "fromB": 101, "toB": 101, "inserted": [""]}}
{"dateTime": "2025-08-14T19:42:51.452Z", "eventType": "input.type", "fullPath": "/main.py", "details": {"fromA": 101, "toA": 101, "fromB": 101, "toB": 103, "inserted": ["()"]}}
{"dateTime": "2025-08-14T19:42:52.059Z", "eventType": "input.type", "fullPath": "/main.py", "details": {"fromA": 102, "toA": 102, "fromB": 102, "toB": 103, "inserted": ["n"]}}
{"dateTime": "2025-08-14T19:42:52.289Z", "eventType": "input.type", "fullPath": "/main.py", "details": {"fromA": 103, "toA": 103, "fromB": 103, "toB": 104, "inserted": ["o"]}}
{"dateTime": "2025-08-14T19:42:52.338Z", "eventType": "input.type", "fullPath": "/main.py", "details": {"fromA": 104, "toA": 104, "fromB": 104, "toB": 105, "inserted": ["t"]}}
{"dateTime": "2025-08-14T19:42:52.480Z", "eventType": "input.type", "fullPath": "/main.py", "details": {"fromA": 105, "toA": 105, "fromB": 105, "toB": 106, "inserted": ["a"]}}
{"dateTime": "2025-08-14T19:42:52.872Z", "eventType": "input.type", "fullPath": "/main.py", "details": {"fromA": 106, "toA": 106, "fromB": 106, "toB": 107, "inserted": ["1"]}}
{"dateTime": "2025-08-14T19:42:53.115Z", "eventType": "input.type", "fullPath": "/main.py", "details": {"fromA": 107, "toA": 107, "fromB": 107, "toB": 108, "inserted": [" "]}}
{"dateTime": "2025-08-14T19:42:55.227Z", "eventType": "input.type", "fullPath": "/main.py", "details": {"fromA": 108, "toA": 108, "fromB": 108, "toB": 109, "inserted": ["+"]}}
{"dateTime": "2025-08-14T19:42:55.373Z", "eventType": "input.type", "fullPath": "/main.py", "details": {"fromA": 109, "toA": 109, "fromB": 109, "toB": 110, "inserted": [" "]}}
{"dateTime": "2025-08-14T19:42:55.835Z", "eventType": "input.type", "fullPath": "/main.py", "details": {"fromA": 110, "toA": 110, "fromB": 110, "toB": 111, "inserted": ["n"]}}
{"dateTime": "2025-08-14T19:42:56.073Z", "eventType": "input.type", "fullPath": "/main.py", "details": {"fromA": 111, "toA": 111, "fromB": 111, "toB": 112, "inserted": ["t"]}}
{"dateTime": "2025-08-14T19:42:56.396Z", "eventType": "delete.backward", "fullPath": "/main.py", "details": {"fromA": 111, "toA": 112, "fromB": 111, "toB": 111, "inserted": [""]}}
{"dateTime": "2025-08-14T19:42:56.581Z", "eventType": "input.type", "fullPath": "/main.py", "details": {"fromA": 111, "toA": 111, "fromB": 111, "toB": 112, "inserted": ["o"]}}
{"dateTime": "2025-08-14T19:42:56.658Z", "eventType": "input.type", "fullPath": "/main.py", "details": {"fromA": 112, "toA": 112, "fromB": 112, "toB": 113, "inserted": ["t"]}}
{"dateTime": "2025-08-14T19:42:56.863Z", "eventType": "input.type", "fullPath": "/main.py", "details": {"fromA": 113, "toA": 113, "fromB": 113, "toB": 114, "inserted": ["a"]}}
{"dateTime": "2025-08-14T19:42:57.532Z", "eventType": "input.type", "fullPath": "/main.py", "details": {"fromA": 114, "toA": 114, "fromB": 114, "toB": 115, "inserted": ["3"]}}
{"dateTime": "2025-08-14T19:42:58.076Z", "eventType": "delete.backward", "fullPath": "/main.py", "details": {"fromA": 114, "toA": 115, "fromB": 114, "toB": 114, "inserted": [""]}}
{"dateTime": "2025-08-14T19:42:58.413Z", "eventType": "input.type", "fullPath": "/main.py", "details": {"fromA": 114, "toA": 114, "fromB": 114, "toB": 115, "inserted": ["2"]}}
{"dateTime": "2025-08-14T19:42:59.371Z", "eventType": "input.type", "fullPath": "/main.py", "details": {"fromA": 115, "toA": 115, "fromB": 115, "toB": 116, "inserted": ["*"]}}
{"dateTime": "2025-08-14T19:42:59.596Z", "eventType": "input.type", "fullPath": "/main.py", "details": {"fromA": 116, "toA": 116, "fromB": 116, "toB": 117, "inserted": ["2"]}}
{"dateTime": "2025-08-14T19:43:00.668Z", "eventType": "input.type", "fullPath": "/main.py", "details": {"fromA": 117, "toA": 117, "fromB": 117, "toB": 118, "inserted": [" "]}}
{"dateTime": "2025-08-14T19:43:01.384Z", "eventType": "input.type", "fullPath": "/main.py", "details": {"fromA": 118, "toA": 118, "fromB": 118, "toB": 119, "inserted": ["+"]}}
{"dateTime": "2025-08-14T19:43:01.612Z", "eventType": "input.type", "fullPath": "/main.py", "details": {"fromA": 119, "toA": 119, "fromB": 119, "toB": 120, "inserted": [" "]}}
{"dateTime": "2025-08-14T19:43:01.772Z", "eventType": "input.type", "fullPath": "/main.py", "details": {"fromA": 120, "toA": 120, "fromB": 120, "toB": 121, "inserted": ["n"]}}
{"dateTime": "2025-08-14T19:43:01.968Z", "eventType": "input.type", "fullPath": "/main.py", "details": {"fromA": 121, "toA": 121, "fromB": 121, "toB": 122, "inserted": ["o"]}}
{"dateTime": "2025-08-14T19:43:02.012Z", "eventType": "input.type", "fullPath": "/main.py", "details": {"fromA": 122, "toA": 122, "fromB": 122, "toB": 123, "inserted": ["t"]}}
{"dateTime": "2025-08-14T19:43:02.176Z", "eventType": "input.type", "fullPath": "/main.py", "details": {"fromA": 123, "toA": 123, "fromB": 123, "toB": 124, "inserted": ["a"]}}
{"dateTime": "2025-08-14T19:43:03.051Z", "eventType": "input.type", "fullPath": "/main.py", "details": {"fromA": 124, "toA": 124, "fromB": 124, "toB": 125, "inserted": ["3"]}}
{"dateTime": "2025-08-14T19:43:03.675Z", "eventType": "input.type", "fullPath": "/main.py", "details": {"fromA": 125, "toA": 125, "fromB": 125, "toB": 126, "inserted": ["*"]}}
{"dateTime": "2025-08-14T19:43:03.964Z", "eventType": "input.type", "fullPath": "/main.py", "details": {"fromA": 126, "toA": 126, "fromB": 126, "toB": 127, "inserted": ["3"]}}
{"dateTime": "2025-08-14T19:43:04.092Z", "eventType": "input.type", "fullPath": "/main.py", "details": {"fromA": 127, "toA": 127, "fromB": 127, "toB": 128, "inserted": [" "]}}
{"dateTime": "2025-08-14T19:43:05.260Z", "eventType": "input.type", "fullPath": "/main.py", "details": {"fromA": 128, "toA": 128, "fromB": 128, "toB": 129, "inserted": ["+"]}}
{"dateTime": "2025-08-14T19:43:05.468Z", "eventType": "input.type", "fullPath": "/main.py", "details": {"fromA": 129, "toA": 129, "fromB": 129, "toB": 130, "inserted": [" "]}}
{"dateTime": "2025-08-14T19:43:05.628Z", "eventType": "input.type", "fullPath": "/main.py", "details": {"fromA": 130, "toA": 130, "fromB": 130, "toB": 131, "inserted": ["n"]}}
{"dateTime": "2025-08-14T19:43:05.824Z", "eventType": "input.type", "fullPath": "/main.py", "details": {"fromA": 131, "toA": 131, "fromB": 131, "toB": 132, "inserted": ["o"]}}
{"dateTime": "2025-08-14T19:43:05.859Z", "eventType": "input.type", "fullPath": "/main.py", "details": {"fromA": 132, "toA": 132, "fromB": 132, "toB": 133, "inserted": ["t"]}}
{"dateTime": "2025-08-14T19:43:05.999Z", "eventType": "input.type", "fullPath": "/main.py", "details": {"fromA": 133, "toA": 133, "fromB": 133, "toB": 134, "inserted": ["a"]}}
{"dateTime": "2025-08-14T19:43:06.189Z", "eventType": "input.type", "fullPath": "/main.py", "details": {"fromA": 134, "toA": 134, "fromB": 134, "toB": 135, "inserted": ["4"]}}
{"dateTime": "2025-08-14T19:43:07.260Z", "eventType": "input.type", "fullPath": "/main.py", "details": {"fromA": 135, "toA": 135, "fromB": 135, "toB": 136, "inserted": ["*"]}}
{"dateTime": "2025-08-14T19:43:07.564Z", "eventType": "input.type", "fullPath": "/main.py", "details": {"fromA": 136, "toA": 136, "fromB": 136, "toB": 137, "inserted": ["4"]}}
{"dateTime": "2025-08-14T19:43:11.355Z", "eventType": "select.pointer", "fullPath": "/main.py", "details": {"selection": {"from": 138, "to": 138}}}
{"dateTime": "2025-08-14T19:43:12.236Z", "eventType": "input.type", "fullPath": "/main.py", "details": {"fromA": 138, "toA": 138, "fromB": 138, "toB": 139, "inserted": ["/"]}}
{"dateTime": "2025-08-14T19:43:13.116Z", "eventType": "input.type", "fullPath": "/main.py", "details": {"fromA": 139, "toA": 139, "fromB": 139, "toB": 141, "inserted": ["()"]}}
{"dateTime": "2025-08-14T19:43:13.884Z", "eventType": "input.type", "fullPath": "/main.py", "details": {"fromA": 140, "toA": 140, "fromB": 140, "toB": 141, "inserted": ["1"]}}
{"dateTime": "2025-08-14T19:43:14.476Z", "eventType": "input.type", "fullPath": "/main.py", "details": {"fromA": 141, "toA": 141, "fromB": 141, "toB": 142, "inserted": ["*"]}}
{"dateTime": "2025-08-14T19:43:14.892Z", "eventType": "input.type", "fullPath": "/main.py", "details": {"fromA": 142, "toA": 142, "fromB": 142, "toB": 143, "inserted": ["2"]}}
{"dateTime": "2025-08-14T19:43:15.256Z", "eventType": "input.type", "fullPath": "/main.py", "details": {"fromA": 143, "toA": 143, "fromB": 143, "toB": 144, "inserted": ["*"]}}
{"dateTime": "2025-08-14T19:43:16.572Z", "eventType": "input.type", "fullPath": "/main.py", "details": {"fromA": 144, "toA": 144, "fromB": 144, "toB": 145, "inserted": ["3"]}}
{"dateTime": "2025-08-14T19:43:16.909Z", "eventType": "input.type", "fullPath": "/main.py", "details": {"fromA": 145, "toA": 145, "fromB": 145, "toB": 146, "inserted": ["*"]}}
{"dateTime": "2025-08-14T19:43:17.116Z", "eventType": "input.type", "fullPath": "/main.py", "details": {"fromA": 146, "toA": 146, "fromB": 146, "toB": 147, "inserted": ["4"]}}
{"dateTime": "2025-08-14T19:43:18.723Z", "eventType": "select.pointer", "fullPath": "/main.py", "details": {"selection": {"from": 141, "to": 141}}}
{"dateTime": "2025-08-14T19:43:19.122Z", "eventType": "select.pointer", "fullPath": "/main.py", "details": {"selection": {"from": 142, "to": 142}}}
{"dateTime": "2025-08-14T19:43:19.255Z", "eventType": "select.pointer", "fullPath": "/main.py", "details": {"selection": {"from": 142, "to": 142}}}
{"dateTime": "2025-08-14T19:43:19.321Z", "eventType": "select.pointer", "fullPath": "/main.py", "details": {"selection": {"from": 141, "to": 142}}}
{"dateTime": "2025-08-14T19:43:19.542Z", "eventType": "select.pointer", "fullPath": "/main.py", "details": {"selection": {"from": 140, "to": 142}}}
{"dateTime": "2025-08-14T19:43:20.458Z", "eventType": "delete.selection", "fullPath": "/main.py", "details": {"fromA": 140, "toA": 142, "fromB": 140, "toB": 140, "inserted": [""]}}
{"dateTime": "2025-08-14T19:43:22.514Z", "eventType": "select.pointer", "fullPath": "/main.py", "details": {"selection": {"from": 146, "to": 146}}}
{"dateTime": "2025-08-14T19:43:23.564Z", "eventType": "input", "fullPath": "/main.py", "details": {"fromA": 146, "toA": 146, "fromB": 146, "toB": 147, "inserted": ["", ""]}}
{"dateTime": "2025-08-14T19:43:23.963Z", "eventType": "input.type", "fullPath": "/main.py", "details": {"fromA": 147, "toA": 147, "fromB": 147, "toB": 148, "inserted": ["p"]}}
{"dateTime": "2025-08-14T19:43:24.027Z", "eventType": "input.type", "fullPath": "/main.py", "details": {"fromA": 148, "toA": 148, "fromB": 148, "toB": 149, "inserted": ["r"]}}
{"dateTime": "2025-08-14T19:43:24.159Z", "eventType": "input.type", "fullPath": "/main.py", "details": {"fromA": 149, "toA": 149, "fromB": 149, "toB": 150, "inserted": ["i"]}}
{"dateTime": "2025-08-14T19:43:24.223Z", "eventType": "input.type", "fullPath": "/main.py", "details": {"fromA": 150, "toA": 150, "fromB": 150, "toB": 151, "inserted": ["n"]}}
{"dateTime": "2025-08-14T19:43:24.285Z", "eventType": "input.type", "fullPath": "/main.py", "details": {"fromA": 151, "toA": 151, "fromB": 151, "toB": 152, "inserted": ["t"]}}
{"dateTime": "2025-08-14T19:43:24.604Z", "eventType": "input.type", "fullPath": "/main.py", "details": {"fromA": 152, "toA": 152, "fromB": 152, "toB": 154, "inserted": ["()"]}}
{"dateTime": "2025-08-14T19:43:24.764Z", "eventType": "input.type", "fullPath": "/main.py", "details": {"fromA": 153, "toA": 153, "fromB": 153, "toB": 154, "inserted": ["m"]}}
{"dateTime": "2025-08-14T19:43:24.824Z", "eventType": "input.type", "fullPath": "/main.py", "details": {"fromA": 154, "toA": 154, "fromB": 154, "toB": 155, "inserted": ["e"]}}
{"dateTime": "2025-08-14T19:43:24.960Z", "eventType": "input.type", "fullPath": "/main.py", "details": {"fromA": 155, "toA": 155, "fromB": 155, "toB": 156, "inserted": ["d"]}}
{"dateTime": "2025-08-14T19:43:25.053Z", "eventType": "input.type", "fullPath": "/main.py", "details": {"fromA": 156, "toA": 156, "fromB": 156, "toB": 157, "inserted": ["i"]}}
{"dateTime": "2025-08-14T19:43:25.134Z", "eventType": "input.type", "fullPath": "/main.py", "details": {"fromA": 157, "toA": 157, "fromB": 157, "toB": 158, "inserted": ["a"]}}
{"dateTime": "2025-08-14T19:43:26.599Z", "eventType": "blur", "fullPath": "/main.py"}
{"dateTime": "2025-08-14T19:43:26.976Z", "eventType": "run", "details": {"commit": "6015eb43a3b50f76c39e82b264972b31e7fb90ac"}}
{"dateTime": "2025-08-14T19:43:34.745Z", "eventType": "run", "details": {"commit": "6015eb43a3b50f76c39e82b264972b31e7fb90ac"}}
{"dateTime": "2025-08-14T19:43:45.131Z", "eventType": "focus", "fullPath": "/main.py"}
{"dateTime": "2025-08-14T19:43:45.132Z", "eventType": "select.pointer", "fullPath": "/main.py", "details": {"selection": {"from": 153, "to": 153}}}
{"dateTime": "2025-08-14T19:43:46.427Z", "eventType": "input.type", "fullPath": "/main.py", "details": {"fromA": 153, "toA": 153, "fromB": 153, "toB": 154, "inserted": ["r"]}}
{"dateTime": "2025-08-14T19:43:46.554Z", "eventType": "input.type", "fullPath": "/main.py", "details": {"fromA": 154, "toA": 154, "fromB": 154, "toB": 155, "inserted": ["o"]}}
{"dateTime": "2025-08-14T19:43:46.782Z", "eventType": "input.type", "fullPath": "/main.py", "details": {"fromA": 155, "toA": 155, "fromB": 155, "toB": 156, "inserted": ["u"]}}
{"dateTime": "2025-08-14T19:43:46.893Z", "eventType": "input.type", "fullPath": "/main.py", "details": {"fromA": 156, "toA": 156, "fromB": 156, "toB": 157, "inserted": ["n"]}}
{"dateTime": "2025-08-14T19:43:46.941Z", "eventType": "input.type", "fullPath": "/main.py", "details": {"fromA": 157, "toA": 157, "fromB": 157, "toB": 158, "inserted": ["d"]}}
{"dateTime": "2025-08-14T19:43:47.289Z", "eventType": "input.type", "fullPath": "/main.py", "details": {"fromA": 158, "toA": 158, "fromB": 158, "toB": 159, "inserted": ["("]}}
{"dateTime": "2025-08-14T19:43:48.691Z", "eventType": "select.pointer", "fullPath": "/main.py", "details": {"selection": {"from": 163, "to": 163}}}
{"dateTime": "2025-08-14T19:43:49.211Z", "eventType": "select.pointer", "fullPath": "/main.py", "details": {"selection": {"from": 164, "to": 164}}}
{"dateTime": "2025-08-14T19:43:50.107Z", "eventType": "input.type", "fullPath": "/main.py", "details": {"fromA": 164, "toA": 164, "fromB": 164, "toB": 165, "inserted": [","]}}
{"dateTime": "2025-08-14T19:43:50.411Z", "eventType": "input.type", "fullPath": "/main.py", "details": {"fromA": 165, "toA": 165, "fromB": 165, "toB": 166, "inserted": ["2"]}}
{"dateTime": "2025-08-14T19:43:51.505Z", "eventType": "select.pointer", "fullPath": "/main.py", "details": {"selection": {"from": 167, "to": 167}}}
{"dateTime": "2025-08-14T19:43:52.555Z", "eventType": "input.type", "fullPath": "/main.py", "details": {"fromA": 167, "toA": 167, "fromB": 167, "toB": 168, "inserted": [")"]}}
{"dateTime": "2025-08-14T19:44:13.083Z", "eventType": "blur", "fullPath": "/main.py"}
{"dateTime": "2025-08-14T19:44:15.688Z", "eventType": "window.blur", "fullPath": "/main.py"}
{"dateTime": "2025-08-14T19:44:24.335Z", "eventType": "window.focus", "fullPath": "/main.py"}
{"dateTime": "2025-08-14T19:44:25.725Z", "eventType": "focus", "fullPath": "/main.py"}
{"dateTime": "2025-08-14T19:44:25.728Z", "eventType": "select.pointer", "fullPath": "/main.py", "details": {"selection": {"from": 142, "to": 142}}}
{"dateTime": "2025-08-14T19:44:26.490Z", "eventType": "delete.backward", "fullPath": "/main.py", "details": {"fromA": 141, "toA": 142, "fromB": 141, "toB": 141, "inserted": [""]}}
{"dateTime": "2025-08-14T19:44:26.795Z", "eventType": "input.type", "fullPath": "/main.py", "details": {"fromA": 141, "toA": 141, "fromB": 141, "toB": 142, "inserted": ["+"]}}
{"dateTime": "2025-08-14T19:44:28.024Z", "eventType": "select.pointer", "fullPath": "/main.py", "details": {"selection": {"from": 144, "to": 144}}}
{"dateTime": "2025-08-14T19:44:28.714Z", "eventType": "delete.backward", "fullPath": "/main.py", "details": {"fromA": 143, "toA": 144, "fromB": 143, "toB": 143, "inserted": [""]}}
{"dateTime": "2025-08-14T19:44:29.063Z", "eventType": "input.type", "fullPath": "/main.py", "details": {"fromA": 143, "toA": 143, "fromB": 143, "toB": 144, "inserted": ["+"]}}
{"dateTime": "2025-08-14T19:44:31.180Z", "eventType": "select.pointer", "fullPath": "/main.py", "details": {"selection": {"from": 168, "to": 168}}}
{"dateTime": "2025-08-14T19:44:32.417Z", "eventType": "blur", "fullPath": "/main.py"}
{"dateTime": "2025-08-14T19:44:32.859Z", "eventType": "run", "details": {"commit": "db1ae080082f16ea944e2cfa41a50a6bc521cb34"}}
{"dateTime": "2025-08-21T20:41:06.906Z", "eventType": "focus", "fullPath": "/main.py"}
{"dateTime": "2025-08-21T20:41:06.909Z", "eventType": "select.pointer", "fullPath": "/main.py", "details": {"selection": {"from": 102, "to": 102}}}
{"dateTime": "2025-08-21T20:41:07.025Z", "eventType": "select.pointer", "fullPath": "/main.py", "details": {"selection": {"from": 102, "to": 103}}}
{"dateTime": "2025-08-21T20:41:07.054Z", "eventType": "select.pointer", "fullPath": "/main.py", "details": {"selection": {"from": 102, "to": 104}}}
{"dateTime": "2025-08-21T20:41:07.075Z", "eventType": "select.pointer", "fullPath": "/main.py", "details": {"selection": {"from": 102, "to": 105}}}
{"dateTime": "2025-08-21T20:41:07.142Z", "eventType": "select.pointer", "fullPath": "/main.py", "details": {"selection": {"from": 102, "to": 106}}}
{"dateTime": "2025-08-21T20:41:07.210Z", "eventType": "select.pointer", "fullPath": "/main.py", "details": {"selection": {"from": 102, "to": 107}}}
{"dateTime": "2025-08-21T20:41:07.884Z", "eventType": "select.pointer", "fullPath": "/main.py", "details": {"selection": {"from": 109, "to": 109}}}
{"dateTime": "2025-08-21T20:41:09.708Z", "eventType": "select.pointer", "fullPath": "/main.py", "details": {"selection": {"from": 92, "to": 92}}}
{"dateTime": "2025-08-21T20:41:15.787Z", "eventType": "blur", "fullPath": "/main.py"}
