{"dateTime": "2025-08-19T22:24:09.153Z", "eventType": "focus", "fullPath": "/main.py"}
{"dateTime": "2025-08-19T22:24:09.156Z", "eventType": "select.pointer", "fullPath": "/main.py", "details": {"selection": {"from": 0, "to": 0}}}
{"dateTime": "2025-08-19T22:24:10.140Z", "eventType": "input.type", "fullPath": "/main.py", "details": {"fromA": 0, "toA": 0, "fromB": 0, "toB": 1, "inserted": ["i"]}}
{"dateTime": "2025-08-19T22:24:10.353Z", "eventType": "input.type", "fullPath": "/main.py", "details": {"fromA": 1, "toA": 1, "fromB": 1, "toB": 2, "inserted": ["m"]}}
{"dateTime": "2025-08-19T22:24:10.551Z", "eventType": "input.type", "fullPath": "/main.py", "details": {"fromA": 2, "toA": 2, "fromB": 2, "toB": 3, "inserted": ["p"]}}
{"dateTime": "2025-08-19T22:24:10.759Z", "eventType": "input.type", "fullPath": "/main.py", "details": {"fromA": 3, "toA": 3, "fromB": 3, "toB": 4, "inserted": ["o"]}}
{"dateTime": "2025-08-19T22:24:22.143Z", "eventType": "input.type", "fullPath": "/main.py", "details": {"fromA": 4, "toA": 4, "fromB": 4, "toB": 5, "inserted": ["r"]}}
{"dateTime": "2025-08-19T22:24:23.630Z", "eventType": "input.complete", "fullPath": "/main.py", "details": {"fromA": 0, "toA": 5, "fromB": 0, "toB": 13, "inserted": ["import module"]}}
{"dateTime": "2025-08-19T22:24:24.707Z", "eventType": "input.type", "fullPath": "/main.py", "details": {"fromA": 7, "toA": 13, "fromB": 7, "toB": 8, "inserted": ["m"]}}
{"dateTime": "2025-08-19T22:24:24.821Z", "eventType": "input.type", "fullPath": "/main.py", "details": {"fromA": 8, "toA": 8, "fromB": 8, "toB": 9, "inserted": ["a"]}}
{"dateTime": "2025-08-19T22:24:24.997Z", "eventType": "input.type", "fullPath": "/main.py", "details": {"fromA": 9, "toA": 9, "fromB": 9, "toB": 10, "inserted": ["t"]}}
{"dateTime": "2025-08-19T22:24:25.163Z", "eventType": "input.type", "fullPath": "/main.py", "details": {"fromA": 10, "toA": 10, "fromB": 10, "toB": 11, "inserted": ["g"]}}
{"dateTime": "2025-08-19T22:24:26.218Z", "eventType": "delete.backward", "fullPath": "/main.py", "details": {"fromA": 10, "toA": 11, "fromB": 10, "toB": 10, "inserted": [""]}}
{"dateTime": "2025-08-19T22:24:26.339Z", "eventType": "input.type", "fullPath": "/main.py", "details": {"fromA": 10, "toA": 10, "fromB": 10, "toB": 11, "inserted": ["h"]}}
{"dateTime": "2025-08-19T22:24:26.509Z", "eventType": "input", "fullPath": "/main.py", "details": {"fromA": 11, "toA": 11, "fromB": 11, "toB": 12, "inserted": ["", ""]}}
{"dateTime": "2025-08-19T22:24:29.531Z", "eventType": "input.type", "fullPath": "/main.py", "details": {"fromA": 12, "toA": 12, "fromB": 12, "toB": 13, "inserted": ["a"]}}
{"dateTime": "2025-08-19T22:24:29.756Z", "eventType": "input.type", "fullPath": "/main.py", "details": {"fromA": 13, "toA": 13, "fromB": 13, "toB": 14, "inserted": ["="]}}
{"dateTime": "2025-08-19T22:24:30.641Z", "eventType": "delete.backward", "fullPath": "/main.py", "details": {"fromA": 13, "toA": 14, "fromB": 13, "toB": 13, "inserted": [""]}}
{"dateTime": "2025-08-19T22:24:30.787Z", "eventType": "input.type", "fullPath": "/main.py", "details": {"fromA": 13, "toA": 13, "fromB": 13, "toB": 14, "inserted": [" "]}}
{"dateTime": "2025-08-19T22:24:30.963Z", "eventType": "input.type", "fullPath": "/main.py", "details": {"fromA": 14, "toA": 14, "fromB": 14, "toB": 15, "inserted": ["="]}}
{"dateTime": "2025-08-19T22:24:31.099Z", "eventType": "input.type", "fullPath": "/main.py", "details": {"fromA": 15, "toA": 15, "fromB": 15, "toB": 16, "inserted": [" "]}}
{"dateTime": "2025-08-19T22:24:33.011Z", "eventType": "input.type", "fullPath": "/main.py", "details": {"fromA": 16, "toA": 16, "fromB": 16, "toB": 17, "inserted": ["f"]}}
{"dateTime": "2025-08-19T22:24:33.095Z", "eventType": "input.type", "fullPath": "/main.py", "details": {"fromA": 17, "toA": 17, "fromB": 17, "toB": 18, "inserted": ["l"]}}
{"dateTime": "2025-08-19T22:24:33.262Z", "eventType": "input.type", "fullPath": "/main.py", "details": {"fromA": 18, "toA": 18, "fromB": 18, "toB": 19, "inserted": ["o"]}}
{"dateTime": "2025-08-19T22:24:33.405Z", "eventType": "input.type", "fullPath": "/main.py", "details": {"fromA": 19, "toA": 19, "fromB": 19, "toB": 20, "inserted": ["a"]}}
{"dateTime": "2025-08-19T22:24:33.581Z", "eventType": "input.type", "fullPath": "/main.py", "details": {"fromA": 20, "toA": 20, "fromB": 20, "toB": 21, "inserted": ["t"]}}
{"dateTime": "2025-08-19T22:24:35.592Z", "eventType": "input.type", "fullPath": "/main.py", "details": {"fromA": 21, "toA": 21, "fromB": 21, "toB": 22, "inserted": [" "]}}
{"dateTime": "2025-08-19T22:24:39.361Z", "eventType": "delete.backward", "fullPath": "/main.py", "details": {"fromA": 21, "toA": 22, "fromB": 21, "toB": 21, "inserted": [""]}}
{"dateTime": "2025-08-19T22:24:39.716Z", "eventType": "input.type", "fullPath": "/main.py", "details": {"fromA": 21, "toA": 21, "fromB": 21, "toB": 23, "inserted": ["()"]}}
{"dateTime": "2025-08-19T22:24:40.483Z", "eventType": "input.type", "fullPath": "/main.py", "details": {"fromA": 22, "toA": 22, "fromB": 22, "toB": 23, "inserted": ["i"]}}
{"dateTime": "2025-08-19T22:24:40.629Z", "eventType": "input.type", "fullPath": "/main.py", "details": {"fromA": 23, "toA": 23, "fromB": 23, "toB": 24, "inserted": ["n"]}}
{"dateTime": "2025-08-19T22:24:41.345Z", "eventType": "input.type", "fullPath": "/main.py", "details": {"fromA": 24, "toA": 24, "fromB": 24, "toB": 25, "inserted": ["p"]}}
{"dateTime": "2025-08-19T22:24:42.979Z", "eventType": "input.type", "fullPath": "/main.py", "details": {"fromA": 25, "toA": 25, "fromB": 25, "toB": 26, "inserted": ["u"]}}
{"dateTime": "2025-08-19T22:24:43.087Z", "eventType": "input.type", "fullPath": "/main.py", "details": {"fromA": 26, "toA": 26, "fromB": 26, "toB": 27, "inserted": ["t"]}}
{"dateTime": "2025-08-19T22:24:43.707Z", "eventType": "input.type", "fullPath": "/main.py", "details": {"fromA": 27, "toA": 28, "fromB": 27, "toB": 28, "inserted": [")"]}}
{"dateTime": "2025-08-19T22:24:44.974Z", "eventType": "delete.backward", "fullPath": "/main.py", "details": {"fromA": 27, "toA": 28, "fromB": 27, "toB": 27, "inserted": [""]}}
{"dateTime": "2025-08-19T22:24:45.308Z", "eventType": "input.type", "fullPath": "/main.py", "details": {"fromA": 27, "toA": 27, "fromB": 27, "toB": 29, "inserted": ["()"]}}
{"dateTime": "2025-08-19T22:24:46.251Z", "eventType": "input.type", "fullPath": "/main.py", "details": {"fromA": 28, "toA": 29, "fromB": 28, "toB": 29, "inserted": [")"]}}
{"dateTime": "2025-08-19T22:24:47.067Z", "eventType": "input.type", "fullPath": "/main.py", "details": {"fromA": 29, "toA": 29, "fromB": 29, "toB": 30, "inserted": [")"]}}
{"dateTime": "2025-08-19T22:24:49.923Z", "eventType": "input", "fullPath": "/main.py", "details": {"fromA": 30, "toA": 30, "fromB": 30, "toB": 31, "inserted": ["", ""]}}
{"dateTime": "2025-08-19T22:24:50.643Z", "eventType": "input.type", "fullPath": "/main.py", "details": {"fromA": 31, "toA": 31, "fromB": 31, "toB": 32, "inserted": ["b"]}}
{"dateTime": "2025-08-19T22:24:51.411Z", "eventType": "input.type", "fullPath": "/main.py", "details": {"fromA": 32, "toA": 32, "fromB": 32, "toB": 33, "inserted": [" "]}}
{"dateTime": "2025-08-19T22:24:51.572Z", "eventType": "input.type", "fullPath": "/main.py", "details": {"fromA": 33, "toA": 33, "fromB": 33, "toB": 34, "inserted": ["="]}}
{"dateTime": "2025-08-19T22:24:51.756Z", "eventType": "input.type", "fullPath": "/main.py", "details": {"fromA": 34, "toA": 34, "fromB": 34, "toB": 35, "inserted": [" "]}}
{"dateTime": "2025-08-19T22:24:53.031Z", "eventType": "input.type", "fullPath": "/main.py", "details": {"fromA": 35, "toA": 35, "fromB": 35, "toB": 36, "inserted": ["f"]}}
{"dateTime": "2025-08-19T22:24:53.111Z", "eventType": "input.type", "fullPath": "/main.py", "details": {"fromA": 36, "toA": 36, "fromB": 36, "toB": 37, "inserted": ["l"]}}
{"dateTime": "2025-08-19T22:24:53.262Z", "eventType": "input.type", "fullPath": "/main.py", "details": {"fromA": 37, "toA": 37, "fromB": 37, "toB": 38, "inserted": ["o"]}}
{"dateTime": "2025-08-19T22:24:53.397Z", "eventType": "input.type", "fullPath": "/main.py", "details": {"fromA": 38, "toA": 38, "fromB": 38, "toB": 39, "inserted": ["a"]}}
{"dateTime": "2025-08-19T22:24:53.549Z", "eventType": "input.type", "fullPath": "/main.py", "details": {"fromA": 39, "toA": 39, "fromB": 39, "toB": 40, "inserted": ["t"]}}
{"dateTime": "2025-08-19T22:24:56.071Z", "eventType": "input.type", "fullPath": "/main.py", "details": {"fromA": 40, "toA": 40, "fromB": 40, "toB": 42, "inserted": ["()"]}}
{"dateTime": "2025-08-19T22:24:57.947Z", "eventType": "input.type", "fullPath": "/main.py", "details": {"fromA": 41, "toA": 41, "fromB": 41, "toB": 42, "inserted": ["i"]}}
{"dateTime": "2025-08-19T22:24:58.096Z", "eventType": "input.type", "fullPath": "/main.py", "details": {"fromA": 42, "toA": 42, "fromB": 42, "toB": 43, "inserted": ["n"]}}
{"dateTime": "2025-08-19T22:24:58.271Z", "eventType": "input.type", "fullPath": "/main.py", "details": {"fromA": 43, "toA": 43, "fromB": 43, "toB": 44, "inserted": ["p"]}}
{"dateTime": "2025-08-19T22:24:58.532Z", "eventType": "input.type", "fullPath": "/main.py", "details": {"fromA": 44, "toA": 44, "fromB": 44, "toB": 45, "inserted": ["u"]}}
{"dateTime": "2025-08-19T22:24:58.661Z", "eventType": "input.type", "fullPath": "/main.py", "details": {"fromA": 45, "toA": 45, "fromB": 45, "toB": 46, "inserted": ["t"]}}
{"dateTime": "2025-08-19T22:24:59.147Z", "eventType": "input.type", "fullPath": "/main.py", "details": {"fromA": 46, "toA": 47, "fromB": 46, "toB": 47, "inserted": [")"]}}
{"dateTime": "2025-08-19T22:25:04.014Z", "eventType": "delete.backward", "fullPath": "/main.py", "details": {"fromA": 46, "toA": 47, "fromB": 46, "toB": 46, "inserted": [""]}}
{"dateTime": "2025-08-19T22:25:05.123Z", "eventType": "input.type", "fullPath": "/main.py", "details": {"fromA": 46, "toA": 46, "fromB": 46, "toB": 48, "inserted": ["()"]}}
{"dateTime": "2025-08-19T22:25:05.507Z", "eventType": "input.type", "fullPath": "/main.py", "details": {"fromA": 47, "toA": 48, "fromB": 47, "toB": 48, "inserted": [")"]}}
{"dateTime": "2025-08-19T22:25:06.107Z", "eventType": "input.type", "fullPath": "/main.py", "details": {"fromA": 48, "toA": 48, "fromB": 48, "toB": 49, "inserted": [")"]}}
{"dateTime": "2025-08-19T22:25:07.367Z", "eventType": "input", "fullPath": "/main.py", "details": {"fromA": 49, "toA": 49, "fromB": 49, "toB": 50, "inserted": ["", ""]}}
{"dateTime": "2025-08-19T22:25:09.281Z", "eventType": "input.type", "fullPath": "/main.py", "details": {"fromA": 50, "toA": 50, "fromB": 50, "toB": 51, "inserted": ["a"]}}
{"dateTime": "2025-08-19T22:25:09.676Z", "eventType": "input.type", "fullPath": "/main.py", "details": {"fromA": 51, "toA": 51, "fromB": 51, "toB": 52, "inserted": ["n"]}}
{"dateTime": "2025-08-19T22:25:10.026Z", "eventType": "input.type", "fullPath": "/main.py", "details": {"fromA": 52, "toA": 52, "fromB": 52, "toB": 53, "inserted": ["g"]}}
{"dateTime": "2025-08-19T22:25:12.589Z", "eventType": "input.type", "fullPath": "/main.py", "details": {"fromA": 53, "toA": 53, "fromB": 53, "toB": 54, "inserted": ["Y"]}}
{"dateTime": "2025-08-19T22:25:13.103Z", "eventType": "input.type", "fullPath": "/main.py", "details": {"fromA": 54, "toA": 54, "fromB": 54, "toB": 55, "inserted": ["a"]}}
{"dateTime": "2025-08-19T22:25:13.251Z", "eventType": "input.type", "fullPath": "/main.py", "details": {"fromA": 55, "toA": 55, "fromB": 55, "toB": 56, "inserted": ["b"]}}
{"dateTime": "2025-08-19T22:25:15.396Z", "eventType": "input.type", "fullPath": "/main.py", "details": {"fromA": 56, "toA": 56, "fromB": 56, "toB": 57, "inserted": [" "]}}
{"dateTime": "2025-08-19T22:25:15.803Z", "eventType": "input.type", "fullPath": "/main.py", "details": {"fromA": 57, "toA": 57, "fromB": 57, "toB": 58, "inserted": ["="]}}
{"dateTime": "2025-08-19T22:25:22.307Z", "eventType": "input.type", "fullPath": "/main.py", "details": {"fromA": 58, "toA": 58, "fromB": 58, "toB": 59, "inserted": [" "]}}
{"dateTime": "2025-08-19T22:25:24.179Z", "eventType": "input.type", "fullPath": "/main.py", "details": {"fromA": 59, "toA": 59, "fromB": 59, "toB": 60, "inserted": ["F"]}}
{"dateTime": "2025-08-19T22:25:24.271Z", "eventType": "input.type", "fullPath": "/main.py", "details": {"fromA": 60, "toA": 60, "fromB": 60, "toB": 61, "inserted": ["L"]}}
{"dateTime": "2025-08-19T22:25:24.446Z", "eventType": "input.type", "fullPath": "/main.py", "details": {"fromA": 61, "toA": 61, "fromB": 61, "toB": 62, "inserted": ["O"]}}
{"dateTime": "2025-08-19T22:25:24.582Z", "eventType": "input.type", "fullPath": "/main.py", "details": {"fromA": 62, "toA": 62, "fromB": 62, "toB": 63, "inserted": ["A"]}}
{"dateTime": "2025-08-19T22:25:24.806Z", "eventType": "input.type", "fullPath": "/main.py", "details": {"fromA": 63, "toA": 63, "fromB": 63, "toB": 64, "inserted": ["T"]}}
{"dateTime": "2025-08-19T22:25:25.004Z", "eventType": "input.type", "fullPath": "/main.py", "details": {"fromA": 64, "toA": 64, "fromB": 64, "toB": 65, "inserted": [" "]}}
{"dateTime": "2025-08-19T22:25:25.730Z", "eventType": "delete.backward", "fullPath": "/main.py", "details": {"fromA": 64, "toA": 65, "fromB": 64, "toB": 64, "inserted": [""]}}
{"dateTime": "2025-08-19T22:25:25.914Z", "eventType": "delete.backward", "fullPath": "/main.py", "details": {"fromA": 63, "toA": 64, "fromB": 63, "toB": 63, "inserted": [""]}}
{"dateTime": "2025-08-19T22:25:26.073Z", "eventType": "delete.backward", "fullPath": "/main.py", "details": {"fromA": 62, "toA": 63, "fromB": 62, "toB": 62, "inserted": [""]}}
{"dateTime": "2025-08-19T22:25:26.234Z", "eventType": "delete.backward", "fullPath": "/main.py", "details": {"fromA": 61, "toA": 62, "fromB": 61, "toB": 61, "inserted": [""]}}
{"dateTime": "2025-08-19T22:25:26.393Z", "eventType": "delete.backward", "fullPath": "/main.py", "details": {"fromA": 60, "toA": 61, "fromB": 60, "toB": 60, "inserted": [""]}}
{"dateTime": "2025-08-19T22:25:26.571Z", "eventType": "delete.backward", "fullPath": "/main.py", "details": {"fromA": 59, "toA": 60, "fromB": 59, "toB": 59, "inserted": [""]}}
{"dateTime": "2025-08-19T22:25:27.332Z", "eventType": "input.type", "fullPath": "/main.py", "details": {"fromA": 59, "toA": 59, "fromB": 59, "toB": 60, "inserted": ["f"]}}
{"dateTime": "2025-08-19T22:25:27.427Z", "eventType": "input.type", "fullPath": "/main.py", "details": {"fromA": 60, "toA": 60, "fromB": 60, "toB": 61, "inserted": ["l"]}}
{"dateTime": "2025-08-19T22:25:27.590Z", "eventType": "input.type", "fullPath": "/main.py", "details": {"fromA": 61, "toA": 61, "fromB": 61, "toB": 62, "inserted": ["o"]}}
{"dateTime": "2025-08-19T22:25:27.717Z", "eventType": "input.type", "fullPath": "/main.py", "details": {"fromA": 62, "toA": 62, "fromB": 62, "toB": 63, "inserted": ["a"]}}
{"dateTime": "2025-08-19T22:25:27.893Z", "eventType": "input.type", "fullPath": "/main.py", "details": {"fromA": 63, "toA": 63, "fromB": 63, "toB": 64, "inserted": ["t"]}}
{"dateTime": "2025-08-19T22:25:28.052Z", "eventType": "input.type", "fullPath": "/main.py", "details": {"fromA": 64, "toA": 64, "fromB": 64, "toB": 65, "inserted": [" "]}}
{"dateTime": "2025-08-19T22:25:29.890Z", "eventType": "delete.backward", "fullPath": "/main.py", "details": {"fromA": 64, "toA": 65, "fromB": 64, "toB": 64, "inserted": [""]}}
{"dateTime": "2025-08-19T22:25:30.276Z", "eventType": "input.type", "fullPath": "/main.py", "details": {"fromA": 64, "toA": 64, "fromB": 64, "toB": 66, "inserted": ["()"]}}
{"dateTime": "2025-08-19T22:25:30.636Z", "eventType": "input.type", "fullPath": "/main.py", "details": {"fromA": 65, "toA": 65, "fromB": 65, "toB": 66, "inserted": ["i"]}}
{"dateTime": "2025-08-19T22:25:30.786Z", "eventType": "input.type", "fullPath": "/main.py", "details": {"fromA": 66, "toA": 66, "fromB": 66, "toB": 67, "inserted": ["n"]}}
{"dateTime": "2025-08-19T22:25:31.004Z", "eventType": "input.type", "fullPath": "/main.py", "details": {"fromA": 67, "toA": 67, "fromB": 67, "toB": 68, "inserted": ["p"]}}
{"dateTime": "2025-08-19T22:25:32.425Z", "eventType": "input.type", "fullPath": "/main.py", "details": {"fromA": 68, "toA": 68, "fromB": 68, "toB": 69, "inserted": ["u"]}}
{"dateTime": "2025-08-19T22:25:32.562Z", "eventType": "input.type", "fullPath": "/main.py", "details": {"fromA": 69, "toA": 69, "fromB": 69, "toB": 70, "inserted": ["t"]}}
{"dateTime": "2025-08-19T22:25:33.572Z", "eventType": "input.type", "fullPath": "/main.py", "details": {"fromA": 70, "toA": 70, "fromB": 70, "toB": 72, "inserted": ["()"]}}
{"dateTime": "2025-08-19T22:25:34.123Z", "eventType": "input.type", "fullPath": "/main.py", "details": {"fromA": 71, "toA": 72, "fromB": 71, "toB": 72, "inserted": [")"]}}
{"dateTime": "2025-08-19T22:25:34.900Z", "eventType": "input", "fullPath": "/main.py", "details": {"fromA": 72, "toA": 72, "fromB": 72, "toB": 87, "inserted": ["", "              "]}}
{"dateTime": "2025-08-19T22:25:35.675Z", "eventType": "delete.backward", "fullPath": "/main.py", "details": {"fromA": 85, "toA": 87, "fromB": 85, "toB": 85, "inserted": [""]}}
{"dateTime": "2025-08-19T22:25:36.532Z", "eventType": "delete.backward", "fullPath": "/main.py", "details": {"fromA": 83, "toA": 85, "fromB": 83, "toB": 83, "inserted": [""]}}
{"dateTime": "2025-08-19T22:25:36.659Z", "eventType": "delete.backward", "fullPath": "/main.py", "details": {"fromA": 81, "toA": 83, "fromB": 81, "toB": 81, "inserted": [""]}}
{"dateTime": "2025-08-19T22:25:36.835Z", "eventType": "delete.backward", "fullPath": "/main.py", "details": {"fromA": 79, "toA": 81, "fromB": 79, "toB": 79, "inserted": [""]}}
{"dateTime": "2025-08-19T22:25:36.995Z", "eventType": "delete.backward", "fullPath": "/main.py", "details": {"fromA": 77, "toA": 79, "fromB": 77, "toB": 77, "inserted": [""]}}
{"dateTime": "2025-08-19T22:25:37.163Z", "eventType": "delete.backward", "fullPath": "/main.py", "details": {"fromA": 75, "toA": 77, "fromB": 75, "toB": 75, "inserted": [""]}}
{"dateTime": "2025-08-19T22:25:37.314Z", "eventType": "delete.backward", "fullPath": "/main.py", "details": {"fromA": 73, "toA": 75, "fromB": 73, "toB": 73, "inserted": [""]}}
{"dateTime": "2025-08-19T22:25:37.475Z", "eventType": "delete.backward", "fullPath": "/main.py", "details": {"fromA": 72, "toA": 73, "fromB": 72, "toB": 72, "inserted": [""]}}
{"dateTime": "2025-08-19T22:25:37.628Z", "eventType": "delete.backward", "fullPath": "/main.py", "details": {"fromA": 71, "toA": 72, "fromB": 71, "toB": 71, "inserted": [""]}}
{"dateTime": "2025-08-19T22:25:40.699Z", "eventType": "input.type", "fullPath": "/main.py", "details": {"fromA": 71, "toA": 72, "fromB": 71, "toB": 72, "inserted": [")"]}}
{"dateTime": "2025-08-19T22:25:40.853Z", "eventType": "input.type", "fullPath": "/main.py", "details": {"fromA": 72, "toA": 72, "fromB": 72, "toB": 73, "inserted": [")"]}}
{"dateTime": "2025-08-19T22:25:41.593Z", "eventType": "input", "fullPath": "/main.py", "details": {"fromA": 73, "toA": 73, "fromB": 73, "toB": 74, "inserted": ["", ""]}}
{"dateTime": "2025-08-19T22:25:43.859Z", "eventType": "input.type", "fullPath": "/main.py", "details": {"fromA": 74, "toA": 74, "fromB": 74, "toB": 75, "inserted": ["g"]}}
{"dateTime": "2025-08-19T22:25:43.961Z", "eventType": "input.type", "fullPath": "/main.py", "details": {"fromA": 75, "toA": 75, "fromB": 75, "toB": 76, "inserted": ["a"]}}
{"dateTime": "2025-08-19T22:25:44.156Z", "eventType": "input.type", "fullPath": "/main.py", "details": {"fromA": 76, "toA": 76, "fromB": 76, "toB": 77, "inserted": ["m"]}}
{"dateTime": "2025-08-19T22:25:44.292Z", "eventType": "input.type", "fullPath": "/main.py", "details": {"fromA": 77, "toA": 77, "fromB": 77, "toB": 78, "inserted": ["m"]}}
{"dateTime": "2025-08-19T22:25:44.475Z", "eventType": "input.type", "fullPath": "/main.py", "details": {"fromA": 78, "toA": 78, "fromB": 78, "toB": 79, "inserted": ["a"]}}
{"dateTime": "2025-08-19T22:25:47.132Z", "eventType": "input.type", "fullPath": "/main.py", "details": {"fromA": 79, "toA": 79, "fromB": 79, "toB": 80, "inserted": [" "]}}
{"dateTime": "2025-08-19T22:25:47.244Z", "eventType": "input.type", "fullPath": "/main.py", "details": {"fromA": 80, "toA": 80, "fromB": 80, "toB": 81, "inserted": ["="]}}
{"dateTime": "2025-08-19T22:25:47.364Z", "eventType": "input.type", "fullPath": "/main.py", "details": {"fromA": 81, "toA": 81, "fromB": 81, "toB": 82, "inserted": [" "]}}
{"dateTime": "2025-08-19T22:25:55.460Z", "eventType": "input.type", "fullPath": "/main.py", "details": {"fromA": 82, "toA": 82, "fromB": 82, "toB": 83, "inserted": ["m"]}}
{"dateTime": "2025-08-19T22:25:55.606Z", "eventType": "input.type", "fullPath": "/main.py", "details": {"fromA": 83, "toA": 83, "fromB": 83, "toB": 84, "inserted": ["a"]}}
{"dateTime": "2025-08-19T22:25:55.758Z", "eventType": "input.type", "fullPath": "/main.py", "details": {"fromA": 84, "toA": 84, "fromB": 84, "toB": 85, "inserted": ["t"]}}
{"dateTime": "2025-08-19T22:25:55.973Z", "eventType": "input.type", "fullPath": "/main.py", "details": {"fromA": 85, "toA": 85, "fromB": 85, "toB": 86, "inserted": ["h"]}}
{"dateTime": "2025-08-19T22:25:57.788Z", "eventType": "input.type", "fullPath": "/main.py", "details": {"fromA": 86, "toA": 86, "fromB": 86, "toB": 87, "inserted": ["."]}}
{"dateTime": "2025-08-19T22:25:58.212Z", "eventType": "input.type", "fullPath": "/main.py", "details": {"fromA": 87, "toA": 87, "fromB": 87, "toB": 88, "inserted": ["r"]}}
{"dateTime": "2025-08-19T22:25:58.340Z", "eventType": "input.type", "fullPath": "/main.py", "details": {"fromA": 88, "toA": 88, "fromB": 88, "toB": 89, "inserted": ["a"]}}
{"dateTime": "2025-08-19T22:25:58.532Z", "eventType": "input.type", "fullPath": "/main.py", "details": {"fromA": 89, "toA": 89, "fromB": 89, "toB": 90, "inserted": ["d"]}}
{"dateTime": "2025-08-19T22:25:58.660Z", "eventType": "input.type", "fullPath": "/main.py", "details": {"fromA": 90, "toA": 90, "fromB": 90, "toB": 91, "inserted": ["i"]}}
{"dateTime": "2025-08-19T22:25:58.796Z", "eventType": "input.type", "fullPath": "/main.py", "details": {"fromA": 91, "toA": 91, "fromB": 91, "toB": 92, "inserted": ["a"]}}
{"dateTime": "2025-08-19T22:25:58.932Z", "eventType": "input.type", "fullPath": "/main.py", "details": {"fromA": 92, "toA": 92, "fromB": 92, "toB": 93, "inserted": ["n"]}}
{"dateTime": "2025-08-19T22:25:59.044Z", "eventType": "input.type", "fullPath": "/main.py", "details": {"fromA": 93, "toA": 93, "fromB": 93, "toB": 94, "inserted": ["s"]}}
{"dateTime": "2025-08-19T22:26:01.545Z", "eventType": "input.type", "fullPath": "/main.py", "details": {"fromA": 94, "toA": 94, "fromB": 94, "toB": 95, "inserted": [" "]}}
{"dateTime": "2025-08-19T22:26:02.083Z", "eventType": "input.type", "fullPath": "/main.py", "details": {"fromA": 95, "toA": 95, "fromB": 95, "toB": 97, "inserted": ["()"]}}
{"dateTime": "2025-08-19T22:26:02.425Z", "eventType": "input.type", "fullPath": "/main.py", "details": {"fromA": 96, "toA": 96, "fromB": 96, "toB": 97, "inserted": ["a"]}}
{"dateTime": "2025-08-19T22:26:02.558Z", "eventType": "input.type", "fullPath": "/main.py", "details": {"fromA": 97, "toA": 97, "fromB": 97, "toB": 98, "inserted": ["n"]}}
{"dateTime": "2025-08-19T22:26:02.706Z", "eventType": "input.type", "fullPath": "/main.py", "details": {"fromA": 98, "toA": 98, "fromB": 98, "toB": 99, "inserted": ["g"]}}
{"dateTime": "2025-08-19T22:26:04.219Z", "eventType": "input.type", "fullPath": "/main.py", "details": {"fromA": 99, "toA": 99, "fromB": 99, "toB": 100, "inserted": ["Y"]}}
{"dateTime": "2025-08-19T22:26:04.549Z", "eventType": "input.type", "fullPath": "/main.py", "details": {"fromA": 100, "toA": 100, "fromB": 100, "toB": 101, "inserted": ["a"]}}
{"dateTime": "2025-08-19T22:26:04.693Z", "eventType": "input.type", "fullPath": "/main.py", "details": {"fromA": 101, "toA": 101, "fromB": 101, "toB": 102, "inserted": ["b"]}}
{"dateTime": "2025-08-19T22:26:06.194Z", "eventType": "select", "fullPath": "/main.py", "details": {"selection": {"from": 103, "to": 103}}}
{"dateTime": "2025-08-19T22:26:07.268Z", "eventType": "input", "fullPath": "/main.py", "details": {"fromA": 103, "toA": 103, "fromB": 103, "toB": 104, "inserted": ["", ""]}}
{"dateTime": "2025-08-19T22:26:08.732Z", "eventType": "input.type", "fullPath": "/main.py", "details": {"fromA": 104, "toA": 104, "fromB": 104, "toB": 105, "inserted": ["c"]}}
{"dateTime": "2025-08-19T22:26:08.956Z", "eventType": "input.type", "fullPath": "/main.py", "details": {"fromA": 105, "toA": 105, "fromB": 105, "toB": 106, "inserted": [" "]}}
{"dateTime": "2025-08-19T22:26:09.156Z", "eventType": "input.type", "fullPath": "/main.py", "details": {"fromA": 106, "toA": 106, "fromB": 106, "toB": 107, "inserted": ["="]}}
{"dateTime": "2025-08-19T22:26:09.268Z", "eventType": "input.type", "fullPath": "/main.py", "details": {"fromA": 107, "toA": 107, "fromB": 107, "toB": 108, "inserted": [" "]}}
{"dateTime": "2025-08-19T22:26:10.819Z", "eventType": "input.type", "fullPath": "/main.py", "details": {"fromA": 108, "toA": 108, "fromB": 108, "toB": 109, "inserted": ["m"]}}
{"dateTime": "2025-08-19T22:26:10.912Z", "eventType": "input.type", "fullPath": "/main.py", "details": {"fromA": 109, "toA": 109, "fromB": 109, "toB": 110, "inserted": ["a"]}}
{"dateTime": "2025-08-19T22:26:11.118Z", "eventType": "input.type", "fullPath": "/main.py", "details": {"fromA": 110, "toA": 110, "fromB": 110, "toB": 111, "inserted": ["t"]}}
{"dateTime": "2025-08-19T22:26:11.340Z", "eventType": "input.type", "fullPath": "/main.py", "details": {"fromA": 111, "toA": 111, "fromB": 111, "toB": 112, "inserted": ["y"]}}
{"dateTime": "2025-08-19T22:26:12.515Z", "eventType": "delete.backward", "fullPath": "/main.py", "details": {"fromA": 111, "toA": 112, "fromB": 111, "toB": 111, "inserted": [""]}}
{"dateTime": "2025-08-19T22:26:12.836Z", "eventType": "input.type", "fullPath": "/main.py", "details": {"fromA": 111, "toA": 111, "fromB": 111, "toB": 112, "inserted": ["h"]}}
{"dateTime": "2025-08-19T22:26:13.119Z", "eventType": "input.type", "fullPath": "/main.py", "details": {"fromA": 112, "toA": 112, "fromB": 112, "toB": 113, "inserted": ["."]}}
{"dateTime": "2025-08-19T22:26:14.771Z", "eventType": "input.type", "fullPath": "/main.py", "details": {"fromA": 113, "toA": 113, "fromB": 113, "toB": 114, "inserted": ["s"]}}
{"dateTime": "2025-08-19T22:26:15.291Z", "eventType": "input.type", "fullPath": "/main.py", "details": {"fromA": 114, "toA": 114, "fromB": 114, "toB": 115, "inserted": ["q"]}}
{"dateTime": "2025-08-19T22:26:15.452Z", "eventType": "input.type", "fullPath": "/main.py", "details": {"fromA": 115, "toA": 115, "fromB": 115, "toB": 116, "inserted": ["r"]}}
{"dateTime": "2025-08-19T22:26:15.644Z", "eventType": "input.type", "fullPath": "/main.py", "details": {"fromA": 116, "toA": 116, "fromB": 116, "toB": 117, "inserted": ["t"]}}
{"dateTime": "2025-08-19T22:26:17.788Z", "eventType": "input.type", "fullPath": "/main.py", "details": {"fromA": 117, "toA": 117, "fromB": 117, "toB": 119, "inserted": ["()"]}}
{"dateTime": "2025-08-19T22:26:18.180Z", "eventType": "input.type", "fullPath": "/main.py", "details": {"fromA": 118, "toA": 118, "fromB": 118, "toB": 119, "inserted": [" "]}}
{"dateTime": "2025-08-19T22:26:19.284Z", "eventType": "input.type", "fullPath": "/main.py", "details": {"fromA": 119, "toA": 119, "fromB": 119, "toB": 120, "inserted": ["a"]}}
{"dateTime": "2025-08-19T22:26:20.259Z", "eventType": "input.type", "fullPath": "/main.py", "details": {"fromA": 120, "toA": 120, "fromB": 120, "toB": 121, "inserted": ["*"]}}
{"dateTime": "2025-08-19T22:26:20.412Z", "eventType": "input.type", "fullPath": "/main.py", "details": {"fromA": 121, "toA": 121, "fromB": 121, "toB": 122, "inserted": ["*"]}}
{"dateTime": "2025-08-19T22:26:20.851Z", "eventType": "input.type", "fullPath": "/main.py", "details": {"fromA": 122, "toA": 122, "fromB": 122, "toB": 123, "inserted": ["@"]}}
{"dateTime": "2025-08-19T22:26:22.082Z", "eventType": "delete.backward", "fullPath": "/main.py", "details": {"fromA": 122, "toA": 123, "fromB": 122, "toB": 122, "inserted": [""]}}
{"dateTime": "2025-08-19T22:26:22.217Z", "eventType": "input.type", "fullPath": "/main.py", "details": {"fromA": 122, "toA": 122, "fromB": 122, "toB": 123, "inserted": ["2"]}}
{"dateTime": "2025-08-19T22:26:23.604Z", "eventType": "input.type", "fullPath": "/main.py", "details": {"fromA": 123, "toA": 123, "fromB": 123, "toB": 124, "inserted": [" "]}}
{"dateTime": "2025-08-19T22:26:24.403Z", "eventType": "input.type", "fullPath": "/main.py", "details": {"fromA": 124, "toA": 124, "fromB": 124, "toB": 125, "inserted": ["+"]}}
{"dateTime": "2025-08-19T22:26:26.420Z", "eventType": "input.type", "fullPath": "/main.py", "details": {"fromA": 125, "toA": 125, "fromB": 125, "toB": 126, "inserted": [" "]}}
{"dateTime": "2025-08-19T22:26:26.687Z", "eventType": "input.type", "fullPath": "/main.py", "details": {"fromA": 126, "toA": 126, "fromB": 126, "toB": 127, "inserted": ["b"]}}
{"dateTime": "2025-08-19T22:26:27.900Z", "eventType": "input.type", "fullPath": "/main.py", "details": {"fromA": 127, "toA": 127, "fromB": 127, "toB": 128, "inserted": ["*"]}}
{"dateTime": "2025-08-19T22:26:28.060Z", "eventType": "input.type", "fullPath": "/main.py", "details": {"fromA": 128, "toA": 128, "fromB": 128, "toB": 129, "inserted": ["*"]}}
{"dateTime": "2025-08-19T22:26:28.221Z", "eventType": "input.type", "fullPath": "/main.py", "details": {"fromA": 129, "toA": 129, "fromB": 129, "toB": 130, "inserted": ["*"]}}
{"dateTime": "2025-08-19T22:26:29.074Z", "eventType": "delete.backward", "fullPath": "/main.py", "details": {"fromA": 129, "toA": 130, "fromB": 129, "toB": 129, "inserted": [""]}}
{"dateTime": "2025-08-19T22:26:31.084Z", "eventType": "input.type", "fullPath": "/main.py", "details": {"fromA": 129, "toA": 129, "fromB": 129, "toB": 130, "inserted": ["2"]}}
{"dateTime": "2025-08-19T22:26:33.083Z", "eventType": "input.type", "fullPath": "/main.py", "details": {"fromA": 130, "toA": 130, "fromB": 130, "toB": 131, "inserted": [" "]}}
{"dateTime": "2025-08-19T22:26:33.269Z", "eventType": "input.type", "fullPath": "/main.py", "details": {"fromA": 131, "toA": 131, "fromB": 131, "toB": 132, "inserted": ["-"]}}
{"dateTime": "2025-08-19T22:26:33.444Z", "eventType": "input.type", "fullPath": "/main.py", "details": {"fromA": 132, "toA": 132, "fromB": 132, "toB": 133, "inserted": [" "]}}
{"dateTime": "2025-08-19T22:26:35.883Z", "eventType": "input.type", "fullPath": "/main.py", "details": {"fromA": 133, "toA": 133, "fromB": 133, "toB": 134, "inserted": ["2"]}}
{"dateTime": "2025-08-19T22:26:36.835Z", "eventType": "input.type", "fullPath": "/main.py", "details": {"fromA": 134, "toA": 134, "fromB": 134, "toB": 135, "inserted": ["*"]}}
{"dateTime": "2025-08-19T22:26:37.268Z", "eventType": "input.type", "fullPath": "/main.py", "details": {"fromA": 135, "toA": 135, "fromB": 135, "toB": 136, "inserted": ["a"]}}
{"dateTime": "2025-08-19T22:26:40.084Z", "eventType": "input.type", "fullPath": "/main.py", "details": {"fromA": 136, "toA": 136, "fromB": 136, "toB": 137, "inserted": ["*"]}}
{"dateTime": "2025-08-19T22:26:40.461Z", "eventType": "input.type", "fullPath": "/main.py", "details": {"fromA": 137, "toA": 137, "fromB": 137, "toB": 138, "inserted": ["b"]}}
{"dateTime": "2025-08-19T22:26:41.228Z", "eventType": "input.type", "fullPath": "/main.py", "details": {"fromA": 138, "toA": 138, "fromB": 138, "toB": 139, "inserted": ["*"]}}
{"dateTime": "2025-08-19T22:26:42.652Z", "eventType": "input.type", "fullPath": "/main.py", "details": {"fromA": 139, "toA": 139, "fromB": 139, "toB": 140, "inserted": ["m"]}}
{"dateTime": "2025-08-19T22:26:42.799Z", "eventType": "input.type", "fullPath": "/main.py", "details": {"fromA": 140, "toA": 140, "fromB": 140, "toB": 141, "inserted": ["a"]}}
{"dateTime": "2025-08-19T22:26:42.982Z", "eventType": "input.type", "fullPath": "/main.py", "details": {"fromA": 141, "toA": 141, "fromB": 141, "toB": 142, "inserted": ["t"]}}
{"dateTime": "2025-08-19T22:26:43.251Z", "eventType": "input.type", "fullPath": "/main.py", "details": {"fromA": 142, "toA": 142, "fromB": 142, "toB": 143, "inserted": ["h"]}}
{"dateTime": "2025-08-19T22:26:51.388Z", "eventType": "input.type", "fullPath": "/main.py", "details": {"fromA": 143, "toA": 143, "fromB": 143, "toB": 144, "inserted": ["."]}}
{"dateTime": "2025-08-19T22:26:51.782Z", "eventType": "input.type", "fullPath": "/main.py", "details": {"fromA": 144, "toA": 144, "fromB": 144, "toB": 145, "inserted": ["c"]}}
{"dateTime": "2025-08-19T22:26:53.171Z", "eventType": "input.type", "fullPath": "/main.py", "details": {"fromA": 145, "toA": 145, "fromB": 145, "toB": 146, "inserted": ["o"]}}
{"dateTime": "2025-08-19T22:26:53.308Z", "eventType": "input.type", "fullPath": "/main.py", "details": {"fromA": 146, "toA": 146, "fromB": 146, "toB": 147, "inserted": ["s"]}}
{"dateTime": "2025-08-19T22:26:55.459Z", "eventType": "input.type", "fullPath": "/main.py", "details": {"fromA": 147, "toA": 147, "fromB": 147, "toB": 149, "inserted": ["()"]}}
{"dateTime": "2025-08-19T22:26:55.853Z", "eventType": "input.type", "fullPath": "/main.py", "details": {"fromA": 148, "toA": 148, "fromB": 148, "toB": 149, "inserted": ["g"]}}
{"dateTime": "2025-08-19T22:26:55.974Z", "eventType": "input.type", "fullPath": "/main.py", "details": {"fromA": 149, "toA": 149, "fromB": 149, "toB": 150, "inserted": ["a"]}}
{"dateTime": "2025-08-19T22:26:56.150Z", "eventType": "input.type", "fullPath": "/main.py", "details": {"fromA": 150, "toA": 150, "fromB": 150, "toB": 151, "inserted": ["m"]}}
{"dateTime": "2025-08-19T22:26:56.286Z", "eventType": "input.type", "fullPath": "/main.py", "details": {"fromA": 151, "toA": 151, "fromB": 151, "toB": 152, "inserted": ["m"]}}
{"dateTime": "2025-08-19T22:26:56.390Z", "eventType": "input.type", "fullPath": "/main.py", "details": {"fromA": 152, "toA": 152, "fromB": 152, "toB": 153, "inserted": ["a"]}}
{"dateTime": "2025-08-19T22:26:58.246Z", "eventType": "select", "fullPath": "/main.py", "details": {"selection": {"from": 154, "to": 154}}}
{"dateTime": "2025-08-19T22:26:58.435Z", "eventType": "select", "fullPath": "/main.py", "details": {"selection": {"from": 155, "to": 155}}}
{"dateTime": "2025-08-19T22:26:59.076Z", "eventType": "input", "fullPath": "/main.py", "details": {"fromA": 155, "toA": 155, "fromB": 155, "toB": 156, "inserted": ["", ""]}}
{"dateTime": "2025-08-19T22:27:02.044Z", "eventType": "input", "fullPath": "/main.py", "details": {"fromA": 156, "toA": 156, "fromB": 156, "toB": 157, "inserted": ["", ""]}}
{"dateTime": "2025-08-19T22:27:03.676Z", "eventType": "input.type", "fullPath": "/main.py", "details": {"fromA": 157, "toA": 157, "fromB": 157, "toB": 158, "inserted": ["p"]}}
{"dateTime": "2025-08-19T22:27:03.795Z", "eventType": "input.type", "fullPath": "/main.py", "details": {"fromA": 158, "toA": 158, "fromB": 158, "toB": 159, "inserted": ["r"]}}
{"dateTime": "2025-08-19T22:27:03.921Z", "eventType": "input.type", "fullPath": "/main.py", "details": {"fromA": 159, "toA": 159, "fromB": 159, "toB": 160, "inserted": ["i"]}}
{"dateTime": "2025-08-19T22:27:04.040Z", "eventType": "input.type", "fullPath": "/main.py", "details": {"fromA": 160, "toA": 160, "fromB": 160, "toB": 161, "inserted": ["n"]}}
{"dateTime": "2025-08-19T22:27:04.190Z", "eventType": "input.type", "fullPath": "/main.py", "details": {"fromA": 161, "toA": 161, "fromB": 161, "toB": 162, "inserted": ["t"]}}
{"dateTime": "2025-08-19T22:27:05.444Z", "eventType": "input.type", "fullPath": "/main.py", "details": {"fromA": 162, "toA": 162, "fromB": 162, "toB": 164, "inserted": ["()"]}}
{"dateTime": "2025-08-19T22:27:05.843Z", "eventType": "input.type", "fullPath": "/main.py", "details": {"fromA": 163, "toA": 163, "fromB": 163, "toB": 164, "inserted": ["r"]}}
{"dateTime": "2025-08-19T22:27:05.958Z", "eventType": "input.type", "fullPath": "/main.py", "details": {"fromA": 164, "toA": 164, "fromB": 164, "toB": 165, "inserted": ["o"]}}
{"dateTime": "2025-08-19T22:27:06.183Z", "eventType": "input.type", "fullPath": "/main.py", "details": {"fromA": 165, "toA": 165, "fromB": 165, "toB": 166, "inserted": ["u"]}}
{"dateTime": "2025-08-19T22:27:06.310Z", "eventType": "input.type", "fullPath": "/main.py", "details": {"fromA": 166, "toA": 166, "fromB": 166, "toB": 167, "inserted": ["n"]}}
{"dateTime": "2025-08-19T22:27:06.453Z", "eventType": "input.type", "fullPath": "/main.py", "details": {"fromA": 167, "toA": 167, "fromB": 167, "toB": 168, "inserted": ["d"]}}
{"dateTime": "2025-08-19T22:27:07.859Z", "eventType": "input.type", "fullPath": "/main.py", "details": {"fromA": 168, "toA": 168, "fromB": 168, "toB": 170, "inserted": ["()"]}}
{"dateTime": "2025-08-19T22:27:10.092Z", "eventType": "input.type", "fullPath": "/main.py", "details": {"fromA": 169, "toA": 169, "fromB": 169, "toB": 170, "inserted": ["c"]}}
{"dateTime": "2025-08-19T22:27:10.364Z", "eventType": "input.type", "fullPath": "/main.py", "details": {"fromA": 170, "toA": 170, "fromB": 170, "toB": 171, "inserted": [","]}}
{"dateTime": "2025-08-19T22:27:10.701Z", "eventType": "input.type", "fullPath": "/main.py", "details": {"fromA": 171, "toA": 171, "fromB": 171, "toB": 172, "inserted": ["2"]}}
{"dateTime": "2025-08-19T22:27:11.872Z", "eventType": "select", "fullPath": "/main.py", "details": {"selection": {"from": 173, "to": 173}}}
{"dateTime": "2025-08-19T22:27:12.035Z", "eventType": "select", "fullPath": "/main.py", "details": {"selection": {"from": 174, "to": 174}}}
{"dateTime": "2025-08-19T22:27:15.808Z", "eventType": "blur", "fullPath": "/main.py"}
{"dateTime": "2025-08-19T22:27:16.709Z", "eventType": "submission", "details": {"correctness": 1, "commit": "dfef7d7d3f44b20bdfe65f7d72b3fa0986746d78", "executionTime": 0.01}}
