{"dateTime": "2025-08-27T18:07:33.820Z", "eventType": "focus", "fullPath": "/main.py"}
{"dateTime": "2025-08-27T18:07:33.823Z", "eventType": "select.pointer", "fullPath": "/main.py", "details": {"selection": {"from": 9, "to": 9}}}
{"dateTime": "2025-08-27T18:07:34.711Z", "eventType": "delete.backward", "fullPath": "/main.py", "details": {"fromA": 8, "toA": 9, "fromB": 8, "toB": 8, "inserted": [""]}}
{"dateTime": "2025-08-27T18:07:34.854Z", "eventType": "delete.backward", "fullPath": "/main.py", "details": {"fromA": 7, "toA": 8, "fromB": 7, "toB": 7, "inserted": [""]}}
{"dateTime": "2025-08-27T18:07:34.998Z", "eventType": "delete.backward", "fullPath": "/main.py", "details": {"fromA": 6, "toA": 7, "fromB": 6, "toB": 6, "inserted": [""]}}
{"dateTime": "2025-08-27T18:07:35.109Z", "eventType": "delete.backward", "fullPath": "/main.py", "details": {"fromA": 5, "toA": 6, "fromB": 5, "toB": 5, "inserted": [""]}}
{"dateTime": "2025-08-27T18:07:35.796Z", "eventType": "delete.backward", "fullPath": "/main.py", "details": {"fromA": 4, "toA": 5, "fromB": 4, "toB": 4, "inserted": [""]}}
{"dateTime": "2025-08-27T18:07:36.086Z", "eventType": "input.type", "fullPath": "/main.py", "details": {"fromA": 4, "toA": 4, "fromB": 4, "toB": 5, "inserted": ["o"]}}
{"dateTime": "2025-08-27T18:07:36.117Z", "eventType": "input.type", "fullPath": "/main.py", "details": {"fromA": 5, "toA": 5, "fromB": 5, "toB": 6, "inserted": ["i"]}}
{"dateTime": "2025-08-27T18:07:36.198Z", "eventType": "input.type", "fullPath": "/main.py", "details": {"fromA": 6, "toA": 6, "fromB": 6, "toB": 7, "inserted": ["n"]}}
{"dateTime": "2025-08-27T18:07:36.505Z", "eventType": "delete.backward", "fullPath": "/main.py", "details": {"fromA": 6, "toA": 7, "fromB": 6, "toB": 6, "inserted": [""]}}
{"dateTime": "2025-08-27T18:07:36.648Z", "eventType": "delete.backward", "fullPath": "/main.py", "details": {"fromA": 5, "toA": 6, "fromB": 5, "toB": 5, "inserted": [""]}}
{"dateTime": "2025-08-27T18:07:36.837Z", "eventType": "delete.backward", "fullPath": "/main.py", "details": {"fromA": 4, "toA": 5, "fromB": 4, "toB": 4, "inserted": [""]}}
{"dateTime": "2025-08-27T18:07:37.446Z", "eventType": "input.type", "fullPath": "/main.py", "details": {"fromA": 4, "toA": 4, "fromB": 4, "toB": 5, "inserted": ["i"]}}
{"dateTime": "2025-08-27T18:07:37.575Z", "eventType": "input.type", "fullPath": "/main.py", "details": {"fromA": 5, "toA": 5, "fromB": 5, "toB": 6, "inserted": ["n"]}}
{"dateTime": "2025-08-27T18:07:37.591Z", "eventType": "input.type", "fullPath": "/main.py", "details": {"fromA": 6, "toA": 6, "fromB": 6, "toB": 7, "inserted": ["t"]}}
{"dateTime": "2025-08-27T18:07:38.525Z", "eventType": "input.complete", "fullPath": "/main.py", "details": {"fromA": 4, "toA": 7, "fromB": 4, "toB": 7, "inserted": ["int"]}}
{"dateTime": "2025-08-27T18:07:39.425Z", "eventType": "select.pointer", "fullPath": "/main.py", "details": {"selection": {"from": 26, "to": 26}}}
{"dateTime": "2025-08-27T18:07:39.506Z", "eventType": "select.pointer", "fullPath": "/main.py", "details": {"selection": {"from": 26, "to": 26}}}
{"dateTime": "2025-08-27T18:07:39.545Z", "eventType": "select.pointer", "fullPath": "/main.py", "details": {"selection": {"from": 25, "to": 26}}}
{"dateTime": "2025-08-27T18:07:39.577Z", "eventType": "select.pointer", "fullPath": "/main.py", "details": {"selection": {"from": 24, "to": 26}}}
{"dateTime": "2025-08-27T18:07:39.624Z", "eventType": "select.pointer", "fullPath": "/main.py", "details": {"selection": {"from": 23, "to": 26}}}
{"dateTime": "2025-08-27T18:07:39.691Z", "eventType": "select.pointer", "fullPath": "/main.py", "details": {"selection": {"from": 22, "to": 26}}}
{"dateTime": "2025-08-27T18:07:40.549Z", "eventType": "delete.selection", "fullPath": "/main.py", "details": {"fromA": 22, "toA": 26, "fromB": 22, "toB": 22, "inserted": [""]}}
{"dateTime": "2025-08-27T18:07:40.660Z", "eventType": "delete.backward", "fullPath": "/main.py", "details": {"fromA": 21, "toA": 22, "fromB": 21, "toB": 21, "inserted": [""]}}
{"dateTime": "2025-08-27T18:07:41.381Z", "eventType": "input.type", "fullPath": "/main.py", "details": {"fromA": 21, "toA": 21, "fromB": 21, "toB": 22, "inserted": ["i"]}}
{"dateTime": "2025-08-27T18:07:41.462Z", "eventType": "input.type", "fullPath": "/main.py", "details": {"fromA": 22, "toA": 22, "fromB": 22, "toB": 23, "inserted": ["n"]}}
{"dateTime": "2025-08-27T18:07:41.526Z", "eventType": "input.type", "fullPath": "/main.py", "details": {"fromA": 23, "toA": 23, "fromB": 23, "toB": 24, "inserted": ["t"]}}
{"dateTime": "2025-08-27T18:07:42.693Z", "eventType": "input.complete", "fullPath": "/main.py", "details": {"fromA": 21, "toA": 24, "fromB": 21, "toB": 24, "inserted": ["int"]}}
{"dateTime": "2025-08-27T18:07:43.655Z", "eventType": "blur", "fullPath": "/main.py"}
{"dateTime": "2025-08-27T18:07:44.123Z", "eventType": "submission", "details": {"correctness": 1, "commit": "29451a4bcc854f3850522b7e5f06e8089f4dc222", "executionTime": 0.01}}
