{"dateTime": "2025-08-11T18:05:01.510Z", "eventType": "input.type", "fullPath": "/main.py", "details": {"fromA": 114, "toA": 114, "fromB": 114, "toB": 116, "inserted": ["\"\""]}}
{"dateTime": "2025-08-11T18:05:01.672Z", "eventType": "input.type", "fullPath": "/main.py", "details": {"fromA": 115, "toA": 116, "fromB": 115, "toB": 116, "inserted": ["\""]}}
{"dateTime": "2025-08-11T18:05:02.325Z", "eventType": "select", "fullPath": "/main.py", "details": {"selection": {"from": 115, "to": 115}}}
{"dateTime": "2025-08-11T18:05:04.406Z", "eventType": "input.type", "fullPath": "/main.py", "details": {"fromA": 115, "toA": 115, "fromB": 115, "toB": 116, "inserted": ["D"]}}
{"dateTime": "2025-08-11T18:05:04.726Z", "eventType": "input.type", "fullPath": "/main.py", "details": {"fromA": 116, "toA": 116, "fromB": 116, "toB": 117, "inserted": ["i"]}}
{"dateTime": "2025-08-11T18:05:04.966Z", "eventType": "input.type", "fullPath": "/main.py", "details": {"fromA": 117, "toA": 117, "fromB": 117, "toB": 118, "inserted": ["g"]}}
{"dateTime": "2025-08-11T18:05:05.094Z", "eventType": "input.type", "fullPath": "/main.py", "details": {"fromA": 118, "toA": 118, "fromB": 118, "toB": 119, "inserted": ["i"]}}
{"dateTime": "2025-08-11T18:05:06.006Z", "eventType": "input.type", "fullPath": "/main.py", "details": {"fromA": 119, "toA": 119, "fromB": 119, "toB": 120, "inserted": ["t"]}}
{"dateTime": "2025-08-11T18:05:06.102Z", "eventType": "input.type", "fullPath": "/main.py", "details": {"fromA": 120, "toA": 120, "fromB": 120, "toB": 121, "inserted": ["e"]}}
{"dateTime": "2025-08-11T18:05:06.198Z", "eventType": "input.type", "fullPath": "/main.py", "details": {"fromA": 121, "toA": 121, "fromB": 121, "toB": 122, "inserted": [" "]}}
{"dateTime": "2025-08-11T18:05:06.358Z", "eventType": "input.type", "fullPath": "/main.py", "details": {"fromA": 122, "toA": 122, "fromB": 122, "toB": 123, "inserted": ["o"]}}
{"dateTime": "2025-08-11T18:05:06.502Z", "eventType": "input.type", "fullPath": "/main.py", "details": {"fromA": 123, "toA": 123, "fromB": 123, "toB": 124, "inserted": [" "]}}
{"dateTime": "2025-08-11T18:05:06.886Z", "eventType": "input.type", "fullPath": "/main.py", "details": {"fromA": 124, "toA": 124, "fromB": 124, "toB": 125, "inserted": ["n"]}}
{"dateTime": "2025-08-11T18:05:07.606Z", "eventType": "input.type.compose.start", "fullPath": "/main.py", "details": {"fromA": 125, "toA": 125, "fromB": 125, "toB": 126, "inserted": ["\u00b4"]}}
{"dateTime": "2025-08-11T18:05:07.894Z", "eventType": "input.type.compose", "fullPath": "/main.py", "details": {"fromA": 125, "toA": 126, "fromB": 125, "toB": 126, "inserted": ["\u00fa"]}}
{"dateTime": "2025-08-11T18:05:08.038Z", "eventType": "input.type", "fullPath": "/main.py", "details": {"fromA": 126, "toA": 126, "fromB": 126, "toB": 127, "inserted": ["m"]}}
{"dateTime": "2025-08-11T18:05:08.198Z", "eventType": "input.type", "fullPath": "/main.py", "details": {"fromA": 127, "toA": 127, "fromB": 127, "toB": 128, "inserted": ["e"]}}
{"dateTime": "2025-08-11T18:05:08.326Z", "eventType": "input.type", "fullPath": "/main.py", "details": {"fromA": 128, "toA": 128, "fromB": 128, "toB": 129, "inserted": ["r"]}}
{"dateTime": "2025-08-11T18:05:09.590Z", "eventType": "delete.backward", "fullPath": "/main.py", "details": {"fromA": 128, "toA": 129, "fromB": 128, "toB": 128, "inserted": [""]}}
{"dateTime": "2025-08-11T18:05:09.766Z", "eventType": "delete.backward", "fullPath": "/main.py", "details": {"fromA": 127, "toA": 128, "fromB": 127, "toB": 127, "inserted": [""]}}
{"dateTime": "2025-08-11T18:05:09.910Z", "eventType": "delete.backward", "fullPath": "/main.py", "details": {"fromA": 126, "toA": 127, "fromB": 126, "toB": 126, "inserted": [""]}}
{"dateTime": "2025-08-11T18:05:10.066Z", "eventType": "delete.backward", "fullPath": "/main.py", "details": {"fromA": 125, "toA": 126, "fromB": 125, "toB": 125, "inserted": [""]}}
{"dateTime": "2025-08-11T18:05:10.630Z", "eventType": "input.type", "fullPath": "/main.py", "details": {"fromA": 125, "toA": 125, "fromB": 125, "toB": 126, "inserted": ["u"]}}
{"dateTime": "2025-08-11T18:05:10.790Z", "eventType": "input.type", "fullPath": "/main.py", "details": {"fromA": 126, "toA": 126, "fromB": 126, "toB": 127, "inserted": ["m"]}}
{"dateTime": "2025-08-11T18:05:10.950Z", "eventType": "input.type", "fullPath": "/main.py", "details": {"fromA": 127, "toA": 127, "fromB": 127, "toB": 128, "inserted": ["e"]}}
{"dateTime": "2025-08-11T18:05:11.062Z", "eventType": "input.type", "fullPath": "/main.py", "details": {"fromA": 128, "toA": 128, "fromB": 128, "toB": 129, "inserted": ["r"]}}
{"dateTime": "2025-08-11T18:05:11.222Z", "eventType": "input.type", "fullPath": "/main.py", "details": {"fromA": 129, "toA": 129, "fromB": 129, "toB": 130, "inserted": ["o"]}}
{"dateTime": "2025-08-11T18:05:12.710Z", "eventType": "input.type", "fullPath": "/main.py", "details": {"fromA": 130, "toA": 130, "fromB": 130, "toB": 131, "inserted": [":"]}}
{"dateTime": "2025-08-11T18:05:13.446Z", "eventType": "input.type", "fullPath": "/main.py", "details": {"fromA": 131, "toA": 131, "fromB": 131, "toB": 132, "inserted": [" "]}}
{"dateTime": "2025-08-11T18:05:18.415Z", "eventType": "select.pointer", "fullPath": "/main.py", "details": {"selection": {"from": 174, "to": 174}}}
{"dateTime": "2025-08-11T18:05:22.263Z", "eventType": "input.type", "fullPath": "/main.py", "details": {"fromA": 174, "toA": 174, "fromB": 174, "toB": 175, "inserted": ["n"]}}
{"dateTime": "2025-08-11T18:05:22.420Z", "eventType": "input.type", "fullPath": "/main.py", "details": {"fromA": 175, "toA": 175, "fromB": 175, "toB": 176, "inserted": ["u"]}}
{"dateTime": "2025-08-11T18:05:22.472Z", "eventType": "input.type", "fullPath": "/main.py", "details": {"fromA": 176, "toA": 176, "fromB": 176, "toB": 177, "inserted": ["m"]}}
{"dateTime": "2025-08-11T18:05:26.562Z", "eventType": "blur", "fullPath": "/main.py"}
{"dateTime": "2025-08-11T18:05:26.953Z", "eventType": "run", "details": {"commit": "099cbae399ace54e5d6f0f89146343903fa51097"}}
{"dateTime": "2025-08-11T18:05:38.301Z", "eventType": "focus", "fullPath": "/main.py"}
{"dateTime": "2025-08-11T18:05:38.306Z", "eventType": "select.pointer", "fullPath": "/main.py", "details": {"selection": {"from": 175, "to": 175}}}
{"dateTime": "2025-08-11T18:05:38.377Z", "eventType": "select.pointer", "fullPath": "/main.py", "details": {"selection": {"from": 174, "to": 175}}}
{"dateTime": "2025-08-11T18:05:39.542Z", "eventType": "select", "fullPath": "/main.py", "details": {"selection": {"from": 174, "to": 174}}}
{"dateTime": "2025-08-11T18:05:41.526Z", "eventType": "input.type", "fullPath": "/main.py", "details": {"fromA": 174, "toA": 174, "fromB": 174, "toB": 175, "inserted": ["2"]}}
{"dateTime": "2025-08-11T18:05:42.150Z", "eventType": "input.type", "fullPath": "/main.py", "details": {"fromA": 175, "toA": 175, "fromB": 175, "toB": 176, "inserted": ["*"]}}
{"dateTime": "2025-08-11T18:05:43.901Z", "eventType": "blur", "fullPath": "/main.py"}
{"dateTime": "2025-08-11T18:05:44.211Z", "eventType": "run", "details": {"commit": "c56aea2c05661c689d5f05c1a68388217c9afdcc"}}
{"dateTime": "2025-08-11T18:05:49.120Z", "eventType": "submission", "details": {"correctness": 1, "commit": "c56aea2c05661c689d5f05c1a68388217c9afdcc", "executionTime": 0.01}}
{"dateTime": "2025-08-11T18:06:42.164Z", "eventType": "submission", "details": {"correctness": 1, "commit": "c56aea2c05661c689d5f05c1a68388217c9afdcc", "executionTime": 0.01}}
{"dateTime": "2025-08-11T18:07:29.361Z", "eventType": "submission", "details": {"correctness": 1, "commit": "c56aea2c05661c689d5f05c1a68388217c9afdcc", "executionTime": 0.01}}
{"dateTime": "2025-08-11T18:08:48.470Z", "eventType": "focus", "fullPath": "/main.py"}
{"dateTime": "2025-08-11T18:08:48.473Z", "eventType": "select.pointer", "fullPath": "/main.py", "details": {"selection": {"from": 108, "to": 108}}}
{"dateTime": "2025-08-11T18:09:21.008Z", "eventType": "input.type", "fullPath": "/main.py", "details": {"fromA": 108, "toA": 108, "fromB": 108, "toB": 109, "inserted": ["i"]}}
{"dateTime": "2025-08-11T18:09:21.152Z", "eventType": "input.type", "fullPath": "/main.py", "details": {"fromA": 109, "toA": 109, "fromB": 109, "toB": 110, "inserted": ["n"]}}
{"dateTime": "2025-08-11T18:09:21.395Z", "eventType": "input.type", "fullPath": "/main.py", "details": {"fromA": 110, "toA": 110, "fromB": 110, "toB": 111, "inserted": ["p"]}}
{"dateTime": "2025-08-11T18:09:21.553Z", "eventType": "input.type", "fullPath": "/main.py", "details": {"fromA": 111, "toA": 111, "fromB": 111, "toB": 112, "inserted": ["u"]}}
{"dateTime": "2025-08-11T18:09:22.159Z", "eventType": "input.type", "fullPath": "/main.py", "details": {"fromA": 112, "toA": 112, "fromB": 112, "toB": 113, "inserted": ["t"]}}
{"dateTime": "2025-08-11T18:09:23.343Z", "eventType": "input.type", "fullPath": "/main.py", "details": {"fromA": 113, "toA": 113, "fromB": 113, "toB": 115, "inserted": ["()"]}}
{"dateTime": "2025-08-11T18:09:23.486Z", "eventType": "input.type", "fullPath": "/main.py", "details": {"fromA": 114, "toA": 115, "fromB": 114, "toB": 115, "inserted": [")"]}}
{"dateTime": "2025-08-11T18:09:23.836Z", "eventType": "select", "fullPath": "/main.py", "details": {"selection": {"from": 114, "to": 114}}}
{"dateTime": "2025-08-11T18:09:36.335Z", "eventType": "input.type.compose.start", "fullPath": "/main.py", "details": {"fromA": 114, "toA": 114, "fromB": 114, "toB": 115, "inserted": ["`"]}}
{"dateTime": "2025-08-11T18:09:37.599Z", "eventType": "input.type.compose", "fullPath": "/main.py", "details": {"fromA": 114, "toA": 115, "fromB": 114, "toB": 114, "inserted": [""]}}
{"dateTime": "2025-08-13T16:11:01.627Z", "eventType": "window.focus", "fullPath": "/main.py"}
{"dateTime": "2025-08-13T16:12:11.931Z", "eventType": "window.blur", "fullPath": "/main.py"}
