{"dateTime": "2025-09-01T17:59:37.864Z", "eventType": "input.type", "fullPath": "/main.py", "details": {"fromA": 10, "toA": 10, "fromB": 10, "toB": 11, "inserted": ["f"]}}
{"dateTime": "2025-09-01T17:59:37.925Z", "eventType": "input.type", "fullPath": "/main.py", "details": {"fromA": 11, "toA": 11, "fromB": 11, "toB": 12, "inserted": ["l"]}}
{"dateTime": "2025-09-01T17:59:38.107Z", "eventType": "input.type", "fullPath": "/main.py", "details": {"fromA": 12, "toA": 12, "fromB": 12, "toB": 13, "inserted": ["o"]}}
{"dateTime": "2025-09-01T17:59:38.581Z", "eventType": "input.complete", "fullPath": "/main.py", "details": {"fromA": 10, "toA": 13, "fromB": 10, "toB": 15, "inserted": ["float"]}}
{"dateTime": "2025-09-01T17:59:39.208Z", "eventType": "input.type", "fullPath": "/main.py", "details": {"fromA": 15, "toA": 15, "fromB": 15, "toB": 17, "inserted": ["()"]}}
{"dateTime": "2025-09-01T17:59:42.392Z", "eventType": "input.type", "fullPath": "/main.py", "details": {"fromA": 16, "toA": 16, "fromB": 16, "toB": 17, "inserted": ["i"]}}
{"dateTime": "2025-09-01T17:59:42.612Z", "eventType": "input.type", "fullPath": "/main.py", "details": {"fromA": 17, "toA": 17, "fromB": 17, "toB": 18, "inserted": ["n"]}}
{"dateTime": "2025-09-01T17:59:43.032Z", "eventType": "input.complete", "fullPath": "/main.py", "details": {"fromA": 16, "toA": 18, "fromB": 16, "toB": 21, "inserted": ["input"]}}
{"dateTime": "2025-09-01T17:59:43.688Z", "eventType": "input.type", "fullPath": "/main.py", "details": {"fromA": 21, "toA": 21, "fromB": 21, "toB": 23, "inserted": ["()"]}}
{"dateTime": "2025-09-01T17:59:44.165Z", "eventType": "select", "fullPath": "/main.py", "details": {"selection": {"from": 23, "to": 23}}}
{"dateTime": "2025-09-01T17:59:44.407Z", "eventType": "select", "fullPath": "/main.py", "details": {"selection": {"from": 24, "to": 24}}}
{"dateTime": "2025-09-01T17:59:44.840Z", "eventType": "input", "fullPath": "/main.py", "details": {"fromA": 24, "toA": 24, "fromB": 24, "toB": 25, "inserted": ["", ""]}}
{"dateTime": "2025-09-01T17:59:45.082Z", "eventType": "input", "fullPath": "/main.py", "details": {"fromA": 25, "toA": 25, "fromB": 25, "toB": 26, "inserted": ["", ""]}}
{"dateTime": "2025-09-01T17:59:45.848Z", "eventType": "input.type", "fullPath": "/main.py", "details": {"fromA": 26, "toA": 26, "fromB": 26, "toB": 27, "inserted": ["r"]}}
{"dateTime": "2025-09-01T17:59:45.912Z", "eventType": "input.type", "fullPath": "/main.py", "details": {"fromA": 27, "toA": 27, "fromB": 27, "toB": 28, "inserted": ["e"]}}
{"dateTime": "2025-09-01T17:59:46.124Z", "eventType": "input.type", "fullPath": "/main.py", "details": {"fromA": 28, "toA": 28, "fromB": 28, "toB": 29, "inserted": ["a"]}}
{"dateTime": "2025-09-01T17:59:46.204Z", "eventType": "input.type", "fullPath": "/main.py", "details": {"fromA": 29, "toA": 29, "fromB": 29, "toB": 30, "inserted": ["i"]}}
{"dateTime": "2025-09-01T17:59:46.345Z", "eventType": "input.type", "fullPath": "/main.py", "details": {"fromA": 30, "toA": 30, "fromB": 30, "toB": 31, "inserted": ["s"]}}
{"dateTime": "2025-09-01T17:59:46.456Z", "eventType": "input.type", "fullPath": "/main.py", "details": {"fromA": 31, "toA": 31, "fromB": 31, "toB": 32, "inserted": [" "]}}
{"dateTime": "2025-09-01T17:59:46.824Z", "eventType": "input.type", "fullPath": "/main.py", "details": {"fromA": 32, "toA": 32, "fromB": 32, "toB": 33, "inserted": ["="]}}
{"dateTime": "2025-09-01T17:59:46.920Z", "eventType": "input.type", "fullPath": "/main.py", "details": {"fromA": 33, "toA": 33, "fromB": 33, "toB": 34, "inserted": [" "]}}
{"dateTime": "2025-09-01T17:59:50.728Z", "eventType": "input.type", "fullPath": "/main.py", "details": {"fromA": 34, "toA": 34, "fromB": 34, "toB": 35, "inserted": ["d"]}}
{"dateTime": "2025-09-01T17:59:50.906Z", "eventType": "input.type", "fullPath": "/main.py", "details": {"fromA": 35, "toA": 35, "fromB": 35, "toB": 36, "inserted": ["o"]}}
{"dateTime": "2025-09-01T17:59:51.147Z", "eventType": "input.type", "fullPath": "/main.py", "details": {"fromA": 36, "toA": 36, "fromB": 36, "toB": 37, "inserted": ["l"]}}
{"dateTime": "2025-09-01T17:59:51.448Z", "eventType": "input.complete", "fullPath": "/main.py", "details": {"fromA": 34, "toA": 37, "fromB": 34, "toB": 41, "inserted": ["dolares"]}}
{"dateTime": "2025-09-01T17:59:52.408Z", "eventType": "input.type", "fullPath": "/main.py", "details": {"fromA": 41, "toA": 41, "fromB": 41, "toB": 42, "inserted": [" "]}}
{"dateTime": "2025-09-01T17:59:53.608Z", "eventType": "input.type", "fullPath": "/main.py", "details": {"fromA": 42, "toA": 42, "fromB": 42, "toB": 43, "inserted": ["*"]}}
{"dateTime": "2025-09-01T17:59:54.057Z", "eventType": "input.type", "fullPath": "/main.py", "details": {"fromA": 43, "toA": 43, "fromB": 43, "toB": 44, "inserted": [" "]}}
{"dateTime": "2025-09-01T17:59:55.432Z", "eventType": "input.type", "fullPath": "/main.py", "details": {"fromA": 44, "toA": 44, "fromB": 44, "toB": 45, "inserted": ["3"]}}
{"dateTime": "2025-09-01T17:59:56.088Z", "eventType": "input.type", "fullPath": "/main.py", "details": {"fromA": 45, "toA": 45, "fromB": 45, "toB": 46, "inserted": ["."]}}
{"dateTime": "2025-09-01T17:59:57.255Z", "eventType": "input.type", "fullPath": "/main.py", "details": {"fromA": 46, "toA": 46, "fromB": 46, "toB": 47, "inserted": ["6"]}}
{"dateTime": "2025-09-01T17:59:57.447Z", "eventType": "input.type", "fullPath": "/main.py", "details": {"fromA": 47, "toA": 47, "fromB": 47, "toB": 48, "inserted": ["1"]}}
{"dateTime": "2025-09-01T17:59:57.656Z", "eventType": "input", "fullPath": "/main.py", "details": {"fromA": 48, "toA": 48, "fromB": 48, "toB": 49, "inserted": ["", ""]}}
{"dateTime": "2025-09-01T17:59:57.880Z", "eventType": "input", "fullPath": "/main.py", "details": {"fromA": 49, "toA": 49, "fromB": 49, "toB": 50, "inserted": ["", ""]}}
{"dateTime": "2025-09-01T17:59:58.648Z", "eventType": "input.type", "fullPath": "/main.py", "details": {"fromA": 50, "toA": 50, "fromB": 50, "toB": 51, "inserted": ["r"]}}
{"dateTime": "2025-09-01T17:59:58.935Z", "eventType": "delete.backward", "fullPath": "/main.py", "details": {"fromA": 50, "toA": 51, "fromB": 50, "toB": 50, "inserted": [""]}}
{"dateTime": "2025-09-01T17:59:59.336Z", "eventType": "input.type", "fullPath": "/main.py", "details": {"fromA": 50, "toA": 50, "fromB": 50, "toB": 51, "inserted": ["p"]}}
{"dateTime": "2025-09-01T17:59:59.432Z", "eventType": "input.type", "fullPath": "/main.py", "details": {"fromA": 51, "toA": 51, "fromB": 51, "toB": 52, "inserted": ["r"]}}
{"dateTime": "2025-09-01T17:59:59.579Z", "eventType": "input.type", "fullPath": "/main.py", "details": {"fromA": 52, "toA": 52, "fromB": 52, "toB": 53, "inserted": ["i"]}}
{"dateTime": "2025-09-01T17:59:59.820Z", "eventType": "input.type", "fullPath": "/main.py", "details": {"fromA": 53, "toA": 53, "fromB": 53, "toB": 54, "inserted": ["n"]}}
{"dateTime": "2025-09-01T17:59:59.898Z", "eventType": "input.type", "fullPath": "/main.py", "details": {"fromA": 54, "toA": 54, "fromB": 54, "toB": 55, "inserted": ["t"]}}
{"dateTime": "2025-09-01T18:00:00.456Z", "eventType": "input.type", "fullPath": "/main.py", "details": {"fromA": 55, "toA": 55, "fromB": 55, "toB": 57, "inserted": ["()"]}}
{"dateTime": "2025-09-01T18:00:00.856Z", "eventType": "input.type", "fullPath": "/main.py", "details": {"fromA": 56, "toA": 56, "fromB": 56, "toB": 57, "inserted": ["r"]}}
{"dateTime": "2025-09-01T18:00:00.936Z", "eventType": "input.type", "fullPath": "/main.py", "details": {"fromA": 57, "toA": 57, "fromB": 57, "toB": 58, "inserted": ["o"]}}
{"dateTime": "2025-09-01T18:00:01.148Z", "eventType": "input.type", "fullPath": "/main.py", "details": {"fromA": 58, "toA": 58, "fromB": 58, "toB": 59, "inserted": ["u"]}}
{"dateTime": "2025-09-01T18:00:01.386Z", "eventType": "input.type", "fullPath": "/main.py", "details": {"fromA": 59, "toA": 59, "fromB": 59, "toB": 60, "inserted": ["n"]}}
{"dateTime": "2025-09-01T18:00:01.466Z", "eventType": "input.type", "fullPath": "/main.py", "details": {"fromA": 60, "toA": 60, "fromB": 60, "toB": 61, "inserted": ["d"]}}
{"dateTime": "2025-09-01T18:00:02.008Z", "eventType": "input.type", "fullPath": "/main.py", "details": {"fromA": 61, "toA": 61, "fromB": 61, "toB": 63, "inserted": ["()"]}}
{"dateTime": "2025-09-01T18:00:05.064Z", "eventType": "input.type", "fullPath": "/main.py", "details": {"fromA": 62, "toA": 62, "fromB": 62, "toB": 63, "inserted": ["r"]}}
{"dateTime": "2025-09-01T18:00:05.512Z", "eventType": "input.complete", "fullPath": "/main.py", "details": {"fromA": 62, "toA": 63, "fromB": 62, "toB": 67, "inserted": ["range"]}}
{"dateTime": "2025-09-01T18:00:05.859Z", "eventType": "delete.backward", "fullPath": "/main.py", "details": {"fromA": 66, "toA": 67, "fromB": 66, "toB": 66, "inserted": [""]}}
{"dateTime": "2025-09-01T18:00:06.344Z", "eventType": "delete.backward", "fullPath": "/main.py", "details": {"fromA": 65, "toA": 66, "fromB": 65, "toB": 65, "inserted": [""]}}
{"dateTime": "2025-09-01T18:00:06.532Z", "eventType": "delete.backward", "fullPath": "/main.py", "details": {"fromA": 64, "toA": 65, "fromB": 64, "toB": 64, "inserted": [""]}}
{"dateTime": "2025-09-01T18:00:06.707Z", "eventType": "delete.backward", "fullPath": "/main.py", "details": {"fromA": 63, "toA": 64, "fromB": 63, "toB": 63, "inserted": [""]}}
{"dateTime": "2025-09-01T18:00:06.856Z", "eventType": "input.type", "fullPath": "/main.py", "details": {"fromA": 63, "toA": 63, "fromB": 63, "toB": 64, "inserted": ["w"]}}
{"dateTime": "2025-09-01T18:00:07.056Z", "eventType": "input.type", "fullPath": "/main.py", "details": {"fromA": 64, "toA": 64, "fromB": 64, "toB": 65, "inserted": ["a"]}}
{"dateTime": "2025-09-01T18:00:07.180Z", "eventType": "input.type", "fullPath": "/main.py", "details": {"fromA": 65, "toA": 65, "fromB": 65, "toB": 66, "inserted": ["i"]}}
{"dateTime": "2025-09-01T18:00:07.387Z", "eventType": "delete.backward", "fullPath": "/main.py", "details": {"fromA": 65, "toA": 66, "fromB": 65, "toB": 65, "inserted": [""]}}
{"dateTime": "2025-09-01T18:00:07.417Z", "eventType": "input.type", "fullPath": "/main.py", "details": {"fromA": 65, "toA": 65, "fromB": 65, "toB": 66, "inserted": ["="]}}
{"dateTime": "2025-09-01T18:00:07.590Z", "eventType": "delete.backward", "fullPath": "/main.py", "details": {"fromA": 65, "toA": 66, "fromB": 65, "toB": 65, "inserted": [""]}}
{"dateTime": "2025-09-01T18:00:07.814Z", "eventType": "delete.backward", "fullPath": "/main.py", "details": {"fromA": 64, "toA": 65, "fromB": 64, "toB": 64, "inserted": [""]}}
{"dateTime": "2025-09-01T18:00:08.006Z", "eventType": "delete.backward", "fullPath": "/main.py", "details": {"fromA": 63, "toA": 64, "fromB": 63, "toB": 63, "inserted": [""]}}
{"dateTime": "2025-09-01T18:00:08.631Z", "eventType": "input.type", "fullPath": "/main.py", "details": {"fromA": 63, "toA": 63, "fromB": 63, "toB": 64, "inserted": ["e"]}}
{"dateTime": "2025-09-01T18:00:08.762Z", "eventType": "input.type", "fullPath": "/main.py", "details": {"fromA": 64, "toA": 64, "fromB": 64, "toB": 65, "inserted": ["a"]}}
{"dateTime": "2025-09-01T18:00:08.891Z", "eventType": "input.type", "fullPath": "/main.py", "details": {"fromA": 65, "toA": 65, "fromB": 65, "toB": 66, "inserted": ["i"]}}
{"dateTime": "2025-09-01T18:00:08.984Z", "eventType": "input.type", "fullPath": "/main.py", "details": {"fromA": 66, "toA": 66, "fromB": 66, "toB": 67, "inserted": ["s"]}}
{"dateTime": "2025-09-01T18:00:10.199Z", "eventType": "input.type", "fullPath": "/main.py", "details": {"fromA": 67, "toA": 67, "fromB": 67, "toB": 68, "inserted": [","]}}
{"dateTime": "2025-09-01T18:00:10.696Z", "eventType": "input.type", "fullPath": "/main.py", "details": {"fromA": 68, "toA": 68, "fromB": 68, "toB": 69, "inserted": ["2"]}}
{"dateTime": "2025-09-01T18:00:12.820Z", "eventType": "blur", "fullPath": "/main.py"}
{"dateTime": "2025-09-01T18:00:17.444Z", "eventType": "submission", "details": {"correctness": 1, "commit": "cb15fab1686968fe66cab30787021b6a5e368d40", "executionTime": 0.01}}
{"dateTime": "2025-09-01T18:00:21.016Z", "eventType": "focus", "fullPath": "/main.py"}
{"dateTime": "2025-09-01T18:00:59.718Z", "eventType": "blur", "fullPath": "/main.py"}
{"dateTime": "2025-09-01T18:01:11.103Z", "eventType": "focus", "fullPath": "/main.py"}
{"dateTime": "2025-09-01T18:01:11.106Z", "eventType": "select.pointer", "fullPath": "/main.py", "details": {"selection": {"from": 0, "to": 0}}}
{"dateTime": "2025-09-01T18:01:11.820Z", "eventType": "input.type", "fullPath": "/main.py", "details": {"fromA": 0, "toA": 0, "fromB": 0, "toB": 1, "inserted": ["d"]}}
{"dateTime": "2025-09-01T18:01:12.003Z", "eventType": "input.type", "fullPath": "/main.py", "details": {"fromA": 1, "toA": 1, "fromB": 1, "toB": 2, "inserted": ["o"]}}
{"dateTime": "2025-09-01T18:01:12.443Z", "eventType": "input.type", "fullPath": "/main.py", "details": {"fromA": 2, "toA": 2, "fromB": 2, "toB": 3, "inserted": ["l"]}}
{"dateTime": "2025-09-01T18:01:12.656Z", "eventType": "input.type", "fullPath": "/main.py", "details": {"fromA": 3, "toA": 3, "fromB": 3, "toB": 4, "inserted": ["R"]}}
{"dateTime": "2025-09-01T18:01:12.780Z", "eventType": "input.type", "fullPath": "/main.py", "details": {"fromA": 4, "toA": 4, "fromB": 4, "toB": 5, "inserted": ["W"]}}
{"dateTime": "2025-09-01T18:01:13.210Z", "eventType": "delete.backward", "fullPath": "/main.py", "details": {"fromA": 4, "toA": 5, "fromB": 4, "toB": 4, "inserted": [""]}}
{"dateTime": "2025-09-01T18:01:13.482Z", "eventType": "delete.backward", "fullPath": "/main.py", "details": {"fromA": 3, "toA": 4, "fromB": 3, "toB": 3, "inserted": [""]}}
{"dateTime": "2025-09-01T18:01:13.802Z", "eventType": "input.type", "fullPath": "/main.py", "details": {"fromA": 3, "toA": 3, "fromB": 3, "toB": 4, "inserted": ["E"]}}
{"dateTime": "2025-09-01T18:01:14.027Z", "eventType": "input.type", "fullPath": "/main.py", "details": {"fromA": 4, "toA": 4, "fromB": 4, "toB": 5, "inserted": ["S"]}}
{"dateTime": "2025-09-01T18:01:14.393Z", "eventType": "delete.backward", "fullPath": "/main.py", "details": {"fromA": 4, "toA": 5, "fromB": 4, "toB": 4, "inserted": [""]}}
{"dateTime": "2025-09-01T18:01:14.617Z", "eventType": "delete.backward", "fullPath": "/main.py", "details": {"fromA": 3, "toA": 4, "fromB": 3, "toB": 3, "inserted": [""]}}
{"dateTime": "2025-09-01T18:01:15.545Z", "eventType": "input.type", "fullPath": "/main.py", "details": {"fromA": 3, "toA": 3, "fromB": 3, "toB": 4, "inserted": ["a"]}}
{"dateTime": "2025-09-01T18:01:15.722Z", "eventType": "input.type", "fullPath": "/main.py", "details": {"fromA": 4, "toA": 4, "fromB": 4, "toB": 5, "inserted": ["r"]}}
{"dateTime": "2025-09-01T18:01:15.818Z", "eventType": "input.type", "fullPath": "/main.py", "details": {"fromA": 5, "toA": 5, "fromB": 5, "toB": 6, "inserted": ["e"]}}
{"dateTime": "2025-09-01T18:01:16.025Z", "eventType": "input.type", "fullPath": "/main.py", "details": {"fromA": 6, "toA": 6, "fromB": 6, "toB": 7, "inserted": ["s"]}}
{"dateTime": "2025-09-01T18:01:16.154Z", "eventType": "input.type", "fullPath": "/main.py", "details": {"fromA": 7, "toA": 7, "fromB": 7, "toB": 8, "inserted": [" "]}}
{"dateTime": "2025-09-01T18:01:16.714Z", "eventType": "input.type", "fullPath": "/main.py", "details": {"fromA": 8, "toA": 8, "fromB": 8, "toB": 9, "inserted": ["="]}}
{"dateTime": "2025-09-01T18:01:16.810Z", "eventType": "input.type", "fullPath": "/main.py", "details": {"fromA": 9, "toA": 9, "fromB": 9, "toB": 10, "inserted": [" "]}}
