{"dateTime": "2025-08-21T00:21:31.310Z", "eventType": "window.blur", "fullPath": "/main.py"}
{"dateTime": "2025-08-21T00:21:32.075Z", "eventType": "window.focus", "fullPath": "/main.py"}
{"dateTime": "2025-08-21T00:21:33.224Z", "eventType": "window.blur", "fullPath": "/main.py"}
{"dateTime": "2025-08-21T00:22:53.914Z", "eventType": "window.focus", "fullPath": "/main.py"}
{"dateTime": "2025-08-26T00:29:00.543Z", "eventType": "focus", "fullPath": "/main.py"}
{"dateTime": "2025-08-26T00:29:00.546Z", "eventType": "select.pointer", "fullPath": "/main.py", "details": {"selection": {"from": 0, "to": 0}}}
{"dateTime": "2025-08-26T00:29:07.506Z", "eventType": "blur", "fullPath": "/main.py"}
{"dateTime": "2025-08-26T00:29:21.236Z", "eventType": "focus", "fullPath": "/main.py"}
{"dateTime": "2025-08-26T00:29:21.238Z", "eventType": "select.pointer", "fullPath": "/main.py", "details": {"selection": {"from": 0, "to": 0}}}
{"dateTime": "2025-08-26T00:29:29.682Z", "eventType": "window.blur", "fullPath": "/main.py"}
{"dateTime": "2025-08-26T00:29:29.770Z", "eventType": "window.focus", "fullPath": "/main.py"}
{"dateTime": "2025-08-27T20:26:01.295Z", "eventType": "window.blur", "fullPath": "/main.py"}
{"dateTime": "2025-08-27T20:26:02.082Z", "eventType": "window.focus", "fullPath": "/main.py"}
{"dateTime": "2025-08-27T20:26:02.775Z", "eventType": "window.blur", "fullPath": "/main.py"}
{"dateTime": "2025-08-27T20:26:09.689Z", "eventType": "window.focus", "fullPath": "/main.py"}
{"dateTime": "2025-08-27T20:27:20.557Z", "eventType": "window.blur", "fullPath": "/main.py"}
{"dateTime": "2025-08-27T20:28:27.237Z", "eventType": "window.focus", "fullPath": "/main.py"}
{"dateTime": "2025-08-27T20:28:28.223Z", "eventType": "window.blur", "fullPath": "/main.py"}
{"dateTime": "2025-08-27T20:28:30.357Z", "eventType": "window.focus", "fullPath": "/main.py"}
{"dateTime": "2025-08-27T20:28:32.660Z", "eventType": "focus", "fullPath": "/main.py"}
{"dateTime": "2025-08-27T20:28:32.687Z", "eventType": "select.pointer", "fullPath": "/main.py", "details": {"selection": {"from": 0, "to": 0}}}
{"dateTime": "2025-08-27T20:28:34.526Z", "eventType": "input.type", "fullPath": "/main.py", "details": {"fromA": 0, "toA": 0, "fromB": 0, "toB": 1, "inserted": ["p"]}}
{"dateTime": "2025-08-27T20:28:34.855Z", "eventType": "input.type", "fullPath": "/main.py", "details": {"fromA": 1, "toA": 1, "fromB": 1, "toB": 2, "inserted": ["r"]}}
{"dateTime": "2025-08-27T20:28:35.083Z", "eventType": "input.type", "fullPath": "/main.py", "details": {"fromA": 2, "toA": 2, "fromB": 2, "toB": 3, "inserted": ["o"]}}
{"dateTime": "2025-08-27T20:28:35.738Z", "eventType": "input.type", "fullPath": "/main.py", "details": {"fromA": 3, "toA": 3, "fromB": 3, "toB": 4, "inserted": ["c"]}}
{"dateTime": "2025-08-27T20:28:36.104Z", "eventType": "input.type", "fullPath": "/main.py", "details": {"fromA": 4, "toA": 4, "fromB": 4, "toB": 5, "inserted": ["e"]}}
{"dateTime": "2025-08-27T20:28:36.354Z", "eventType": "input.type", "fullPath": "/main.py", "details": {"fromA": 5, "toA": 5, "fromB": 5, "toB": 6, "inserted": ["n"]}}
{"dateTime": "2025-08-27T20:28:36.553Z", "eventType": "input.type", "fullPath": "/main.py", "details": {"fromA": 6, "toA": 6, "fromB": 6, "toB": 7, "inserted": ["t"]}}
{"dateTime": "2025-08-27T20:28:36.963Z", "eventType": "input.type", "fullPath": "/main.py", "details": {"fromA": 7, "toA": 7, "fromB": 7, "toB": 8, "inserted": ["a"]}}
{"dateTime": "2025-08-27T20:28:37.313Z", "eventType": "input.type", "fullPath": "/main.py", "details": {"fromA": 8, "toA": 8, "fromB": 8, "toB": 9, "inserted": ["h"]}}
{"dateTime": "2025-08-27T20:28:38.073Z", "eventType": "delete.backward", "fullPath": "/main.py", "details": {"fromA": 8, "toA": 9, "fromB": 8, "toB": 8, "inserted": [""]}}
{"dateTime": "2025-08-27T20:30:22.256Z", "eventType": "input.type", "fullPath": "/main.py", "details": {"fromA": 8, "toA": 8, "fromB": 8, "toB": 9, "inserted": ["g"]}}
{"dateTime": "2025-08-27T20:30:22.425Z", "eventType": "input.type", "fullPath": "/main.py", "details": {"fromA": 9, "toA": 9, "fromB": 9, "toB": 10, "inserted": ["e"]}}
{"dateTime": "2025-08-27T20:30:22.615Z", "eventType": "input.type", "fullPath": "/main.py", "details": {"fromA": 10, "toA": 10, "fromB": 10, "toB": 11, "inserted": ["m"]}}
{"dateTime": "2025-08-27T20:30:38.164Z", "eventType": "select", "fullPath": "/main.py", "details": {"selection": {"from": 10, "to": 10}}}
{"dateTime": "2025-08-27T20:30:38.674Z", "eventType": "select", "fullPath": "/main.py", "details": {"selection": {"from": 9, "to": 9}}}
{"dateTime": "2025-08-27T20:30:38.703Z", "eventType": "select", "fullPath": "/main.py", "details": {"selection": {"from": 8, "to": 8}}}
{"dateTime": "2025-08-27T20:30:38.733Z", "eventType": "select", "fullPath": "/main.py", "details": {"selection": {"from": 7, "to": 7}}}
{"dateTime": "2025-08-27T20:30:38.763Z", "eventType": "select", "fullPath": "/main.py", "details": {"selection": {"from": 6, "to": 6}}}
{"dateTime": "2025-08-27T20:30:38.793Z", "eventType": "select", "fullPath": "/main.py", "details": {"selection": {"from": 5, "to": 5}}}
{"dateTime": "2025-08-27T20:30:38.824Z", "eventType": "select", "fullPath": "/main.py", "details": {"selection": {"from": 4, "to": 4}}}
{"dateTime": "2025-08-27T20:30:38.853Z", "eventType": "select", "fullPath": "/main.py", "details": {"selection": {"from": 3, "to": 3}}}
{"dateTime": "2025-08-27T20:30:38.882Z", "eventType": "select", "fullPath": "/main.py", "details": {"selection": {"from": 2, "to": 2}}}
{"dateTime": "2025-08-27T20:30:38.915Z", "eventType": "select", "fullPath": "/main.py", "details": {"selection": {"from": 1, "to": 1}}}
{"dateTime": "2025-08-27T20:30:38.945Z", "eventType": "select", "fullPath": "/main.py", "details": {"selection": {"from": 0, "to": 0}}}
{"dateTime": "2025-08-27T20:30:39.745Z", "eventType": "input.type", "fullPath": "/main.py", "details": {"fromA": 0, "toA": 0, "fromB": 0, "toB": 1, "inserted": ["d"]}}
{"dateTime": "2025-08-27T20:30:39.960Z", "eventType": "input.type", "fullPath": "/main.py", "details": {"fromA": 1, "toA": 1, "fromB": 1, "toB": 2, "inserted": ["e"]}}
{"dateTime": "2025-08-27T20:30:40.164Z", "eventType": "input.type", "fullPath": "/main.py", "details": {"fromA": 2, "toA": 2, "fromB": 2, "toB": 3, "inserted": ["s"]}}
{"dateTime": "2025-08-27T20:30:40.401Z", "eventType": "input.type", "fullPath": "/main.py", "details": {"fromA": 3, "toA": 3, "fromB": 3, "toB": 4, "inserted": ["c"]}}
{"dateTime": "2025-08-27T20:30:40.677Z", "eventType": "input.type", "fullPath": "/main.py", "details": {"fromA": 4, "toA": 4, "fromB": 4, "toB": 5, "inserted": ["o"]}}
{"dateTime": "2025-08-27T20:30:40.953Z", "eventType": "input.type", "fullPath": "/main.py", "details": {"fromA": 5, "toA": 5, "fromB": 5, "toB": 6, "inserted": ["n"]}}
{"dateTime": "2025-08-27T20:30:41.178Z", "eventType": "input.type", "fullPath": "/main.py", "details": {"fromA": 6, "toA": 6, "fromB": 6, "toB": 7, "inserted": ["t"]}}
{"dateTime": "2025-08-27T20:30:41.383Z", "eventType": "input.type", "fullPath": "/main.py", "details": {"fromA": 7, "toA": 7, "fromB": 7, "toB": 8, "inserted": ["o"]}}
{"dateTime": "2025-08-27T20:30:42.658Z", "eventType": "input.type", "fullPath": "/main.py", "details": {"fromA": 8, "toA": 8, "fromB": 8, "toB": 9, "inserted": [" "]}}
{"dateTime": "2025-08-27T20:30:42.884Z", "eventType": "input.type", "fullPath": "/main.py", "details": {"fromA": 9, "toA": 9, "fromB": 9, "toB": 10, "inserted": ["d"]}}
{"dateTime": "2025-08-27T20:30:43.496Z", "eventType": "input.type", "fullPath": "/main.py", "details": {"fromA": 10, "toA": 10, "fromB": 10, "toB": 11, "inserted": ["e"]}}
{"dateTime": "2025-08-27T20:30:43.661Z", "eventType": "input.type", "fullPath": "/main.py", "details": {"fromA": 11, "toA": 11, "fromB": 11, "toB": 12, "inserted": [" "]}}
{"dateTime": "2025-08-27T20:30:45.054Z", "eventType": "select.pointer", "fullPath": "/main.py", "details": {"selection": {"from": 23, "to": 23}}}
{"dateTime": "2025-08-27T20:30:45.588Z", "eventType": "input", "fullPath": "/main.py", "details": {"fromA": 23, "toA": 23, "fromB": 23, "toB": 24, "inserted": ["", ""]}}
{"dateTime": "2025-08-27T20:30:50.849Z", "eventType": "input.type", "fullPath": "/main.py", "details": {"fromA": 24, "toA": 24, "fromB": 24, "toB": 25, "inserted": ["P"]}}
{"dateTime": "2025-08-27T20:30:53.746Z", "eventType": "input.type", "fullPath": "/main.py", "details": {"fromA": 25, "toA": 25, "fromB": 25, "toB": 26, "inserted": [" "]}}
{"dateTime": "2025-08-27T20:30:55.695Z", "eventType": "delete.backward", "fullPath": "/main.py", "details": {"fromA": 25, "toA": 26, "fromB": 25, "toB": 25, "inserted": [""]}}
{"dateTime": "2025-08-27T20:31:02.000Z", "eventType": "input.type", "fullPath": "/main.py", "details": {"fromA": 25, "toA": 25, "fromB": 25, "toB": 26, "inserted": ["r"]}}
{"dateTime": "2025-08-27T20:31:02.869Z", "eventType": "input.type", "fullPath": "/main.py", "details": {"fromA": 26, "toA": 26, "fromB": 26, "toB": 27, "inserted": ["o"]}}
{"dateTime": "2025-08-27T20:31:03.021Z", "eventType": "input.type", "fullPath": "/main.py", "details": {"fromA": 27, "toA": 27, "fromB": 27, "toB": 28, "inserted": ["d"]}}
{"dateTime": "2025-08-27T20:31:03.720Z", "eventType": "input.type", "fullPath": "/main.py", "details": {"fromA": 28, "toA": 28, "fromB": 28, "toB": 29, "inserted": [" "]}}
{"dateTime": "2025-08-27T20:31:04.877Z", "eventType": "input.type", "fullPath": "/main.py", "details": {"fromA": 29, "toA": 29, "fromB": 29, "toB": 30, "inserted": ["="]}}
{"dateTime": "2025-08-27T20:31:05.861Z", "eventType": "input.type", "fullPath": "/main.py", "details": {"fromA": 30, "toA": 30, "fromB": 30, "toB": 31, "inserted": [" "]}}
{"dateTime": "2025-08-27T20:31:06.516Z", "eventType": "input.type", "fullPath": "/main.py", "details": {"fromA": 31, "toA": 31, "fromB": 31, "toB": 32, "inserted": ["2"]}}
{"dateTime": "2025-08-27T20:31:06.813Z", "eventType": "input.type", "fullPath": "/main.py", "details": {"fromA": 32, "toA": 32, "fromB": 32, "toB": 33, "inserted": ["0"]}}
{"dateTime": "2025-08-27T20:31:07.045Z", "eventType": "input.type", "fullPath": "/main.py", "details": {"fromA": 33, "toA": 33, "fromB": 33, "toB": 34, "inserted": ["0"]}}
{"dateTime": "2025-08-27T20:31:08.029Z", "eventType": "input", "fullPath": "/main.py", "details": {"fromA": 34, "toA": 34, "fromB": 34, "toB": 35, "inserted": ["", ""]}}
{"dateTime": "2025-08-27T20:31:10.703Z", "eventType": "input.indent", "fullPath": "/main.py", "details": {"fromA": 35, "toA": 35, "fromB": 35, "toB": 37, "inserted": ["  "]}}
{"dateTime": "2025-08-27T20:31:13.581Z", "eventType": "blur", "fullPath": "/main.py"}
{"dateTime": "2025-08-27T20:31:13.583Z", "eventType": "window.blur", "fullPath": "/main.py"}
{"dateTime": "2025-08-27T20:31:45.522Z", "eventType": "window.focus", "fullPath": "/main.py"}
{"dateTime": "2025-08-27T20:31:45.524Z", "eventType": "focus", "fullPath": "/main.py"}
{"dateTime": "2025-08-27T20:31:46.234Z", "eventType": "blur", "fullPath": "/main.py"}
{"dateTime": "2025-08-27T20:31:46.246Z", "eventType": "window.blur", "fullPath": "/main.py"}
{"dateTime": "2025-08-27T20:31:48.793Z", "eventType": "window.focus", "fullPath": "/main.py"}
{"dateTime": "2025-08-27T20:31:48.794Z", "eventType": "focus", "fullPath": "/main.py"}
{"dateTime": "2025-08-27T20:33:00.811Z", "eventType": "blur", "fullPath": "/main.py"}
{"dateTime": "2025-08-27T20:33:00.812Z", "eventType": "window.blur", "fullPath": "/main.py"}
{"dateTime": "2025-08-27T20:33:03.185Z", "eventType": "window.focus", "fullPath": "/main.py"}
{"dateTime": "2025-08-27T20:33:03.187Z", "eventType": "focus", "fullPath": "/main.py"}
{"dateTime": "2025-08-27T20:33:05.669Z", "eventType": "delete.backward", "fullPath": "/main.py", "details": {"fromA": 35, "toA": 37, "fromB": 35, "toB": 35, "inserted": [""]}}
{"dateTime": "2025-08-27T20:33:06.165Z", "eventType": "delete.backward", "fullPath": "/main.py", "details": {"fromA": 34, "toA": 35, "fromB": 34, "toB": 34, "inserted": [""]}}
{"dateTime": "2025-08-27T20:33:06.195Z", "eventType": "delete.backward", "fullPath": "/main.py", "details": {"fromA": 33, "toA": 34, "fromB": 33, "toB": 33, "inserted": [""]}}
{"dateTime": "2025-08-27T20:33:06.223Z", "eventType": "delete.backward", "fullPath": "/main.py", "details": {"fromA": 32, "toA": 33, "fromB": 32, "toB": 32, "inserted": [""]}}
{"dateTime": "2025-08-27T20:33:06.256Z", "eventType": "delete.backward", "fullPath": "/main.py", "details": {"fromA": 31, "toA": 32, "fromB": 31, "toB": 31, "inserted": [""]}}
{"dateTime": "2025-08-27T20:33:06.288Z", "eventType": "delete.backward", "fullPath": "/main.py", "details": {"fromA": 30, "toA": 31, "fromB": 30, "toB": 30, "inserted": [""]}}
{"dateTime": "2025-08-27T20:33:06.314Z", "eventType": "delete.backward", "fullPath": "/main.py", "details": {"fromA": 29, "toA": 30, "fromB": 29, "toB": 29, "inserted": [""]}}
{"dateTime": "2025-08-27T20:33:06.346Z", "eventType": "delete.backward", "fullPath": "/main.py", "details": {"fromA": 28, "toA": 29, "fromB": 28, "toB": 28, "inserted": [""]}}
{"dateTime": "2025-08-27T20:33:06.374Z", "eventType": "delete.backward", "fullPath": "/main.py", "details": {"fromA": 27, "toA": 28, "fromB": 27, "toB": 27, "inserted": [""]}}
{"dateTime": "2025-08-27T20:33:06.407Z", "eventType": "delete.backward", "fullPath": "/main.py", "details": {"fromA": 26, "toA": 27, "fromB": 26, "toB": 26, "inserted": [""]}}
{"dateTime": "2025-08-27T20:33:06.579Z", "eventType": "delete.backward", "fullPath": "/main.py", "details": {"fromA": 25, "toA": 26, "fromB": 25, "toB": 25, "inserted": [""]}}
{"dateTime": "2025-08-27T20:33:06.759Z", "eventType": "delete.backward", "fullPath": "/main.py", "details": {"fromA": 24, "toA": 25, "fromB": 24, "toB": 24, "inserted": [""]}}
{"dateTime": "2025-08-27T20:34:12.656Z", "eventType": "window.blur", "fullPath": "/main.py"}
{"dateTime": "2025-08-27T20:34:14.161Z", "eventType": "focus", "fullPath": "/main.py"}
{"dateTime": "2025-08-27T20:34:15.451Z", "eventType": "input.type", "fullPath": "/main.py", "details": {"fromA": 24, "toA": 24, "fromB": 24, "toB": 25, "inserted": ["N"]}}
{"dateTime": "2025-08-27T20:34:16.214Z", "eventType": "input.type", "fullPath": "/main.py", "details": {"fromA": 25, "toA": 25, "fromB": 25, "toB": 26, "inserted": [" "]}}
{"dateTime": "2025-08-27T20:34:16.721Z", "eventType": "input.type", "fullPath": "/main.py", "details": {"fromA": 26, "toA": 26, "fromB": 26, "toB": 27, "inserted": ["="]}}
{"dateTime": "2025-08-27T20:34:17.018Z", "eventType": "input.type", "fullPath": "/main.py", "details": {"fromA": 27, "toA": 27, "fromB": 27, "toB": 28, "inserted": [" "]}}
{"dateTime": "2025-08-27T20:34:18.560Z", "eventType": "input.type", "fullPath": "/main.py", "details": {"fromA": 28, "toA": 28, "fromB": 28, "toB": 30, "inserted": ["()"]}}
{"dateTime": "2025-08-27T20:34:20.874Z", "eventType": "blur", "fullPath": "/main.py"}
{"dateTime": "2025-08-27T20:34:20.875Z", "eventType": "window.blur", "fullPath": "/main.py"}
{"dateTime": "2025-08-27T20:34:22.105Z", "eventType": "focus", "fullPath": "/main.py"}
{"dateTime": "2025-08-27T20:34:23.136Z", "eventType": "window.blur", "fullPath": "/main.py"}
{"dateTime": "2025-08-27T20:34:24.705Z", "eventType": "window.focus", "fullPath": "/main.py"}
{"dateTime": "2025-08-27T20:34:24.707Z", "eventType": "focus", "fullPath": "/main.py"}
{"dateTime": "2025-08-27T20:34:25.606Z", "eventType": "input.type", "fullPath": "/main.py", "details": {"fromA": 29, "toA": 29, "fromB": 29, "toB": 30, "inserted": ["F"]}}
{"dateTime": "2025-08-27T20:34:26.092Z", "eventType": "input.type", "fullPath": "/main.py", "details": {"fromA": 30, "toA": 30, "fromB": 30, "toB": 31, "inserted": ["L"]}}
{"dateTime": "2025-08-27T20:34:26.386Z", "eventType": "input.type", "fullPath": "/main.py", "details": {"fromA": 31, "toA": 31, "fromB": 31, "toB": 32, "inserted": ["I"]}}
{"dateTime": "2025-08-27T20:34:27.642Z", "eventType": "delete.backward", "fullPath": "/main.py", "details": {"fromA": 31, "toA": 32, "fromB": 31, "toB": 31, "inserted": [""]}}
{"dateTime": "2025-08-27T20:34:29.854Z", "eventType": "select.pointer", "fullPath": "/main.py", "details": {"selection": {"from": 32, "to": 32}}}
{"dateTime": "2025-08-27T20:34:32.151Z", "eventType": "select.pointer", "fullPath": "/main.py", "details": {"selection": {"from": 31, "to": 31}}}
{"dateTime": "2025-08-27T20:34:33.223Z", "eventType": "delete.backward", "fullPath": "/main.py", "details": {"fromA": 30, "toA": 31, "fromB": 30, "toB": 30, "inserted": [""]}}
{"dateTime": "2025-08-27T20:34:33.641Z", "eventType": "input.type", "fullPath": "/main.py", "details": {"fromA": 30, "toA": 30, "fromB": 30, "toB": 31, "inserted": ["L"]}}
{"dateTime": "2025-08-27T20:34:35.627Z", "eventType": "input.complete", "fullPath": "/main.py", "details": {"fromA": 29, "toA": 31, "fromB": 29, "toB": 34, "inserted": ["float"]}}
{"dateTime": "2025-08-27T20:34:37.552Z", "eventType": "input.type", "fullPath": "/main.py", "details": {"fromA": 34, "toA": 34, "fromB": 34, "toB": 36, "inserted": ["()"]}}
{"dateTime": "2025-08-27T20:34:39.346Z", "eventType": "blur", "fullPath": "/main.py"}
{"dateTime": "2025-08-27T20:34:39.349Z", "eventType": "window.blur", "fullPath": "/main.py"}
{"dateTime": "2025-08-27T20:34:40.806Z", "eventType": "window.focus", "fullPath": "/main.py"}
{"dateTime": "2025-08-27T20:34:40.808Z", "eventType": "focus", "fullPath": "/main.py"}
{"dateTime": "2025-08-27T20:34:42.243Z", "eventType": "input.type", "fullPath": "/main.py", "details": {"fromA": 35, "toA": 35, "fromB": 35, "toB": 36, "inserted": ["I"]}}
{"dateTime": "2025-08-27T20:34:42.828Z", "eventType": "input.type", "fullPath": "/main.py", "details": {"fromA": 36, "toA": 36, "fromB": 36, "toB": 37, "inserted": ["N"]}}
{"dateTime": "2025-08-27T20:34:44.023Z", "eventType": "delete.backward", "fullPath": "/main.py", "details": {"fromA": 36, "toA": 37, "fromB": 36, "toB": 36, "inserted": [""]}}
{"dateTime": "2025-08-27T20:34:46.198Z", "eventType": "delete.backward", "fullPath": "/main.py", "details": {"fromA": 35, "toA": 36, "fromB": 35, "toB": 35, "inserted": [""]}}
{"dateTime": "2025-08-27T20:34:46.540Z", "eventType": "input.type", "fullPath": "/main.py", "details": {"fromA": 35, "toA": 35, "fromB": 35, "toB": 36, "inserted": ["i"]}}
{"dateTime": "2025-08-27T20:34:46.836Z", "eventType": "input.type", "fullPath": "/main.py", "details": {"fromA": 36, "toA": 36, "fromB": 36, "toB": 37, "inserted": ["n"]}}
{"dateTime": "2025-08-27T20:34:47.289Z", "eventType": "input.type", "fullPath": "/main.py", "details": {"fromA": 37, "toA": 37, "fromB": 37, "toB": 38, "inserted": ["p"]}}
{"dateTime": "2025-08-27T20:34:49.985Z", "eventType": "input.complete", "fullPath": "/main.py", "details": {"fromA": 35, "toA": 38, "fromB": 35, "toB": 40, "inserted": ["input"]}}
{"dateTime": "2025-08-27T20:34:51.043Z", "eventType": "select.pointer", "fullPath": "/main.py", "details": {"selection": {"from": 42, "to": 42}}}
{"dateTime": "2025-08-27T20:34:51.687Z", "eventType": "input", "fullPath": "/main.py", "details": {"fromA": 42, "toA": 42, "fromB": 42, "toB": 43, "inserted": ["", ""]}}
{"dateTime": "2025-08-27T20:35:28.823Z", "eventType": "blur", "fullPath": "/main.py"}
{"dateTime": "2025-08-27T20:35:28.825Z", "eventType": "window.blur", "fullPath": "/main.py"}
{"dateTime": "2025-08-27T20:35:29.691Z", "eventType": "window.focus", "fullPath": "/main.py"}
{"dateTime": "2025-08-27T20:35:29.693Z", "eventType": "focus", "fullPath": "/main.py"}
{"dateTime": "2025-08-27T20:35:30.403Z", "eventType": "blur", "fullPath": "/main.py"}
{"dateTime": "2025-08-27T20:35:30.404Z", "eventType": "window.blur", "fullPath": "/main.py"}
{"dateTime": "2025-08-27T20:36:05.020Z", "eventType": "focus", "fullPath": "/main.py"}
{"dateTime": "2025-08-27T20:36:14.853Z", "eventType": "blur", "fullPath": "/main.py"}
{"dateTime": "2025-08-27T20:36:14.856Z", "eventType": "window.blur", "fullPath": "/main.py"}
{"dateTime": "2025-08-27T20:36:15.802Z", "eventType": "focus", "fullPath": "/main.py"}
{"dateTime": "2025-08-27T20:36:16.925Z", "eventType": "blur", "fullPath": "/main.py"}
{"dateTime": "2025-08-27T20:36:16.928Z", "eventType": "window.blur", "fullPath": "/main.py"}
{"dateTime": "2025-08-27T20:36:20.144Z", "eventType": "window.focus", "fullPath": "/main.py"}
{"dateTime": "2025-08-27T20:36:20.147Z", "eventType": "focus", "fullPath": "/main.py"}
{"dateTime": "2025-08-27T20:36:21.958Z", "eventType": "input", "fullPath": "/main.py", "details": {"fromA": 43, "toA": 43, "fromB": 43, "toB": 44, "inserted": ["", ""]}}
{"dateTime": "2025-08-27T20:36:22.522Z", "eventType": "input.type", "fullPath": "/main.py", "details": {"fromA": 44, "toA": 44, "fromB": 44, "toB": 45, "inserted": ["c"]}}
{"dateTime": "2025-08-27T20:36:22.769Z", "eventType": "input.type", "fullPath": "/main.py", "details": {"fromA": 45, "toA": 45, "fromB": 45, "toB": 46, "inserted": ["a"]}}
{"dateTime": "2025-08-27T20:36:22.969Z", "eventType": "input.type", "fullPath": "/main.py", "details": {"fromA": 46, "toA": 46, "fromB": 46, "toB": 47, "inserted": ["l"]}}
{"dateTime": "2025-08-27T20:36:23.699Z", "eventType": "input.type", "fullPath": "/main.py", "details": {"fromA": 47, "toA": 47, "fromB": 47, "toB": 48, "inserted": ["c"]}}
{"dateTime": "2025-08-27T20:36:23.985Z", "eventType": "input.type", "fullPath": "/main.py", "details": {"fromA": 48, "toA": 48, "fromB": 48, "toB": 49, "inserted": ["u"]}}
{"dateTime": "2025-08-27T20:36:24.249Z", "eventType": "input.type", "fullPath": "/main.py", "details": {"fromA": 49, "toA": 49, "fromB": 49, "toB": 50, "inserted": ["l"]}}
{"dateTime": "2025-08-27T20:36:24.403Z", "eventType": "input.type", "fullPath": "/main.py", "details": {"fromA": 50, "toA": 50, "fromB": 50, "toB": 51, "inserted": ["a"]}}
{"dateTime": "2025-08-27T20:36:24.814Z", "eventType": "input.type", "fullPath": "/main.py", "details": {"fromA": 51, "toA": 51, "fromB": 51, "toB": 52, "inserted": ["n"]}}
{"dateTime": "2025-08-27T20:36:24.966Z", "eventType": "input.type", "fullPath": "/main.py", "details": {"fromA": 52, "toA": 52, "fromB": 52, "toB": 53, "inserted": ["d"]}}
{"dateTime": "2025-08-27T20:36:25.900Z", "eventType": "input.type", "fullPath": "/main.py", "details": {"fromA": 53, "toA": 53, "fromB": 53, "toB": 54, "inserted": ["o"]}}
{"dateTime": "2025-08-27T20:36:26.267Z", "eventType": "input.type", "fullPath": "/main.py", "details": {"fromA": 54, "toA": 54, "fromB": 54, "toB": 55, "inserted": [" "]}}
{"dateTime": "2025-08-27T20:36:26.460Z", "eventType": "input.type", "fullPath": "/main.py", "details": {"fromA": 55, "toA": 55, "fromB": 55, "toB": 56, "inserted": ["a"]}}
{"dateTime": "2025-08-27T20:36:26.642Z", "eventType": "input.type", "fullPath": "/main.py", "details": {"fromA": 56, "toA": 56, "fromB": 56, "toB": 57, "inserted": [" "]}}
{"dateTime": "2025-08-27T20:36:27.182Z", "eventType": "input.type", "fullPath": "/main.py", "details": {"fromA": 57, "toA": 57, "fromB": 57, "toB": 58, "inserted": ["p"]}}
{"dateTime": "2025-08-27T20:36:27.386Z", "eventType": "input.type", "fullPath": "/main.py", "details": {"fromA": 58, "toA": 58, "fromB": 58, "toB": 59, "inserted": ["o"]}}
{"dateTime": "2025-08-27T20:36:27.561Z", "eventType": "input.type", "fullPath": "/main.py", "details": {"fromA": 59, "toA": 59, "fromB": 59, "toB": 60, "inserted": ["r"]}}
{"dateTime": "2025-08-27T20:36:27.801Z", "eventType": "input.type", "fullPath": "/main.py", "details": {"fromA": 60, "toA": 60, "fromB": 60, "toB": 61, "inserted": ["c"]}}
{"dateTime": "2025-08-27T20:36:28.070Z", "eventType": "input.type", "fullPath": "/main.py", "details": {"fromA": 61, "toA": 61, "fromB": 61, "toB": 62, "inserted": ["e"]}}
{"dateTime": "2025-08-27T20:36:28.605Z", "eventType": "input.type", "fullPath": "/main.py", "details": {"fromA": 62, "toA": 62, "fromB": 62, "toB": 63, "inserted": ["n"]}}
{"dateTime": "2025-08-27T20:36:28.932Z", "eventType": "input.type", "fullPath": "/main.py", "details": {"fromA": 63, "toA": 63, "fromB": 63, "toB": 64, "inserted": ["t"]}}
{"dateTime": "2025-08-27T20:36:29.042Z", "eventType": "input.type", "fullPath": "/main.py", "details": {"fromA": 64, "toA": 64, "fromB": 64, "toB": 65, "inserted": ["a"]}}
{"dateTime": "2025-08-27T20:36:29.172Z", "eventType": "input.type", "fullPath": "/main.py", "details": {"fromA": 65, "toA": 65, "fromB": 65, "toB": 66, "inserted": ["g"]}}
{"dateTime": "2025-08-27T20:36:29.316Z", "eventType": "input.type", "fullPath": "/main.py", "details": {"fromA": 66, "toA": 66, "fromB": 66, "toB": 67, "inserted": ["e"]}}
{"dateTime": "2025-08-27T20:36:29.589Z", "eventType": "input.type", "fullPath": "/main.py", "details": {"fromA": 67, "toA": 67, "fromB": 67, "toB": 68, "inserted": ["m"]}}
{"dateTime": "2025-08-27T20:36:30.534Z", "eventType": "input", "fullPath": "/main.py", "details": {"fromA": 68, "toA": 68, "fromB": 68, "toB": 69, "inserted": ["", ""]}}
{"dateTime": "2025-08-27T20:36:30.772Z", "eventType": "input", "fullPath": "/main.py", "details": {"fromA": 69, "toA": 69, "fromB": 69, "toB": 70, "inserted": ["", ""]}}
{"dateTime": "2025-08-27T20:36:32.886Z", "eventType": "blur", "fullPath": "/main.py"}
{"dateTime": "2025-08-27T20:36:32.887Z", "eventType": "window.blur", "fullPath": "/main.py"}
{"dateTime": "2025-08-27T20:36:34.717Z", "eventType": "window.focus", "fullPath": "/main.py"}
{"dateTime": "2025-08-27T20:36:34.718Z", "eventType": "focus", "fullPath": "/main.py"}
{"dateTime": "2025-08-27T20:36:52.589Z", "eventType": "blur", "fullPath": "/main.py"}
{"dateTime": "2025-08-27T20:37:21.071Z", "eventType": "focus", "fullPath": "/main.py"}
{"dateTime": "2025-08-27T20:37:21.080Z", "eventType": "select.pointer", "fullPath": "/main.py", "details": {"selection": {"from": 69, "to": 69}}}
{"dateTime": "2025-08-27T20:37:23.043Z", "eventType": "blur", "fullPath": "/main.py"}
{"dateTime": "2025-08-27T20:37:23.045Z", "eventType": "window.blur", "fullPath": "/main.py"}
{"dateTime": "2025-08-27T20:37:24.450Z", "eventType": "window.focus", "fullPath": "/main.py"}
{"dateTime": "2025-08-27T20:37:24.451Z", "eventType": "focus", "fullPath": "/main.py"}
{"dateTime": "2025-08-27T20:37:31.278Z", "eventType": "window.blur", "fullPath": "/main.py"}
{"dateTime": "2025-08-27T20:37:32.193Z", "eventType": "window.focus", "fullPath": "/main.py"}
{"dateTime": "2025-08-27T20:37:32.193Z", "eventType": "focus", "fullPath": "/main.py"}
{"dateTime": "2025-08-27T20:37:33.266Z", "eventType": "blur", "fullPath": "/main.py"}
{"dateTime": "2025-08-27T20:37:33.268Z", "eventType": "window.blur", "fullPath": "/main.py"}
{"dateTime": "2025-08-27T20:37:34.669Z", "eventType": "window.focus", "fullPath": "/main.py"}
{"dateTime": "2025-08-27T20:37:34.670Z", "eventType": "focus", "fullPath": "/main.py"}
{"dateTime": "2025-08-27T20:37:36.981Z", "eventType": "input.type", "fullPath": "/main.py", "details": {"fromA": 69, "toA": 69, "fromB": 69, "toB": 70, "inserted": ["p"]}}
{"dateTime": "2025-08-27T20:37:38.049Z", "eventType": "input.type", "fullPath": "/main.py", "details": {"fromA": 70, "toA": 70, "fromB": 70, "toB": 71, "inserted": [" "]}}
{"dateTime": "2025-08-27T20:37:40.260Z", "eventType": "blur", "fullPath": "/main.py"}
{"dateTime": "2025-08-27T20:37:40.261Z", "eventType": "window.blur", "fullPath": "/main.py"}
{"dateTime": "2025-08-27T20:37:41.183Z", "eventType": "window.focus", "fullPath": "/main.py"}
{"dateTime": "2025-08-27T20:37:41.188Z", "eventType": "focus", "fullPath": "/main.py"}
{"dateTime": "2025-08-27T20:37:42.162Z", "eventType": "blur", "fullPath": "/main.py"}
{"dateTime": "2025-08-27T20:37:42.164Z", "eventType": "window.blur", "fullPath": "/main.py"}
{"dateTime": "2025-08-27T20:37:43.650Z", "eventType": "window.focus", "fullPath": "/main.py"}
{"dateTime": "2025-08-27T20:37:43.651Z", "eventType": "focus", "fullPath": "/main.py"}
{"dateTime": "2025-08-27T20:37:44.778Z", "eventType": "blur", "fullPath": "/main.py"}
{"dateTime": "2025-08-27T20:37:44.780Z", "eventType": "focus", "fullPath": "/main.py"}
{"dateTime": "2025-08-27T20:37:44.792Z", "eventType": "select", "fullPath": "/main.py", "details": {"selection": {"from": 72, "to": 72}}}
{"dateTime": "2025-08-27T20:37:45.450Z", "eventType": "input.type", "fullPath": "/main.py", "details": {"fromA": 72, "toA": 72, "fromB": 72, "toB": 73, "inserted": ["="]}}
{"dateTime": "2025-08-27T20:37:46.401Z", "eventType": "delete.backward", "fullPath": "/main.py", "details": {"fromA": 72, "toA": 73, "fromB": 72, "toB": 72, "inserted": [""]}}
{"dateTime": "2025-08-27T20:37:46.701Z", "eventType": "delete.backward", "fullPath": "/main.py", "details": {"fromA": 71, "toA": 72, "fromB": 71, "toB": 71, "inserted": [""]}}
{"dateTime": "2025-08-27T20:37:47.758Z", "eventType": "input.type", "fullPath": "/main.py", "details": {"fromA": 71, "toA": 71, "fromB": 71, "toB": 72, "inserted": ["="]}}
{"dateTime": "2025-08-27T20:37:50.710Z", "eventType": "blur", "fullPath": "/main.py"}
{"dateTime": "2025-08-27T20:37:50.711Z", "eventType": "window.blur", "fullPath": "/main.py"}
{"dateTime": "2025-08-27T20:37:51.582Z", "eventType": "window.focus", "fullPath": "/main.py"}
{"dateTime": "2025-08-27T20:37:51.583Z", "eventType": "focus", "fullPath": "/main.py"}
{"dateTime": "2025-08-27T20:37:52.632Z", "eventType": "blur", "fullPath": "/main.py"}
{"dateTime": "2025-08-27T20:37:52.632Z", "eventType": "window.blur", "fullPath": "/main.py"}
{"dateTime": "2025-08-27T20:37:53.857Z", "eventType": "window.focus", "fullPath": "/main.py"}
{"dateTime": "2025-08-27T20:37:53.861Z", "eventType": "focus", "fullPath": "/main.py"}
{"dateTime": "2025-08-27T20:38:06.249Z", "eventType": "blur", "fullPath": "/main.py"}
{"dateTime": "2025-08-27T20:38:06.250Z", "eventType": "window.blur", "fullPath": "/main.py"}
{"dateTime": "2025-08-27T20:38:08.842Z", "eventType": "window.focus", "fullPath": "/main.py"}
{"dateTime": "2025-08-27T20:38:08.843Z", "eventType": "focus", "fullPath": "/main.py"}
{"dateTime": "2025-08-27T20:38:09.883Z", "eventType": "blur", "fullPath": "/main.py"}
{"dateTime": "2025-08-27T20:38:09.887Z", "eventType": "window.blur", "fullPath": "/main.py"}
{"dateTime": "2025-08-27T20:38:16.160Z", "eventType": "window.focus", "fullPath": "/main.py"}
{"dateTime": "2025-08-27T20:38:16.161Z", "eventType": "focus", "fullPath": "/main.py"}
{"dateTime": "2025-08-27T20:38:18.296Z", "eventType": "blur", "fullPath": "/main.py"}
{"dateTime": "2025-08-27T20:39:29.571Z", "eventType": "focus", "fullPath": "/main.py"}
{"dateTime": "2025-08-27T20:39:29.574Z", "eventType": "select.pointer", "fullPath": "/main.py", "details": {"selection": {"from": 72, "to": 72}}}
{"dateTime": "2025-08-27T20:39:30.324Z", "eventType": "input.type", "fullPath": "/main.py", "details": {"fromA": 72, "toA": 72, "fromB": 72, "toB": 73, "inserted": [" "]}}
{"dateTime": "2025-08-27T20:39:33.433Z", "eventType": "blur", "fullPath": "/main.py"}
{"dateTime": "2025-08-27T20:39:33.435Z", "eventType": "window.blur", "fullPath": "/main.py"}
{"dateTime": "2025-08-27T20:39:34.301Z", "eventType": "window.focus", "fullPath": "/main.py"}
{"dateTime": "2025-08-27T20:39:34.302Z", "eventType": "focus", "fullPath": "/main.py"}
{"dateTime": "2025-08-27T20:39:37.379Z", "eventType": "blur", "fullPath": "/main.py"}
{"dateTime": "2025-08-27T20:39:37.386Z", "eventType": "window.blur", "fullPath": "/main.py"}
{"dateTime": "2025-08-27T20:39:40.508Z", "eventType": "window.focus", "fullPath": "/main.py"}
{"dateTime": "2025-08-27T20:39:40.509Z", "eventType": "focus", "fullPath": "/main.py"}
{"dateTime": "2025-08-27T20:39:43.110Z", "eventType": "blur", "fullPath": "/main.py"}
{"dateTime": "2025-08-27T20:39:43.111Z", "eventType": "window.blur", "fullPath": "/main.py"}
{"dateTime": "2025-08-27T20:39:43.938Z", "eventType": "window.focus", "fullPath": "/main.py"}
{"dateTime": "2025-08-27T20:39:43.939Z", "eventType": "focus", "fullPath": "/main.py"}
{"dateTime": "2025-08-27T20:39:46.405Z", "eventType": "window.blur", "fullPath": "/main.py"}
{"dateTime": "2025-08-27T20:39:47.724Z", "eventType": "window.focus", "fullPath": "/main.py"}
{"dateTime": "2025-08-27T20:39:47.725Z", "eventType": "focus", "fullPath": "/main.py"}
{"dateTime": "2025-08-27T20:39:51.130Z", "eventType": "blur", "fullPath": "/main.py"}
{"dateTime": "2025-08-27T20:40:47.368Z", "eventType": "focus", "fullPath": "/main.py"}
{"dateTime": "2025-08-27T20:40:47.371Z", "eventType": "select.pointer", "fullPath": "/main.py", "details": {"selection": {"from": 73, "to": 73}}}
{"dateTime": "2025-08-27T20:41:01.291Z", "eventType": "select.pointer", "fullPath": "/main.py", "details": {"selection": {"from": 72, "to": 73}}}
{"dateTime": "2025-08-27T20:41:01.939Z", "eventType": "select.pointer", "fullPath": "/main.py", "details": {"selection": {"from": 73, "to": 73}}}
{"dateTime": "2025-08-27T20:41:51.134Z", "eventType": "blur", "fullPath": "/main.py"}
{"dateTime": "2025-08-27T20:41:51.135Z", "eventType": "window.blur", "fullPath": "/main.py"}
{"dateTime": "2025-08-27T20:41:55.689Z", "eventType": "window.focus", "fullPath": "/main.py"}
{"dateTime": "2025-08-27T20:41:55.690Z", "eventType": "focus", "fullPath": "/main.py"}
{"dateTime": "2025-08-27T20:41:58.349Z", "eventType": "input.type", "fullPath": "/main.py", "details": {"fromA": 73, "toA": 73, "fromB": 73, "toB": 74, "inserted": ["1"]}}
{"dateTime": "2025-08-27T20:41:58.642Z", "eventType": "input.type", "fullPath": "/main.py", "details": {"fromA": 74, "toA": 74, "fromB": 74, "toB": 75, "inserted": ["8"]}}
{"dateTime": "2025-08-27T20:42:00.532Z", "eventType": "blur", "fullPath": "/main.py"}
{"dateTime": "2025-08-27T20:42:00.533Z", "eventType": "window.blur", "fullPath": "/main.py"}
{"dateTime": "2025-08-27T20:42:02.118Z", "eventType": "window.focus", "fullPath": "/main.py"}
{"dateTime": "2025-08-27T20:42:02.119Z", "eventType": "focus", "fullPath": "/main.py"}
{"dateTime": "2025-08-27T20:42:08.088Z", "eventType": "input.type", "fullPath": "/main.py", "details": {"fromA": 75, "toA": 75, "fromB": 75, "toB": 76, "inserted": ["/"]}}
{"dateTime": "2025-08-27T20:42:08.541Z", "eventType": "input.type", "fullPath": "/main.py", "details": {"fromA": 76, "toA": 76, "fromB": 76, "toB": 77, "inserted": ["1"]}}
{"dateTime": "2025-08-27T20:42:08.785Z", "eventType": "input.type", "fullPath": "/main.py", "details": {"fromA": 77, "toA": 77, "fromB": 77, "toB": 78, "inserted": ["0"]}}
{"dateTime": "2025-08-27T20:42:08.947Z", "eventType": "input.type", "fullPath": "/main.py", "details": {"fromA": 78, "toA": 78, "fromB": 78, "toB": 79, "inserted": ["0"]}}
{"dateTime": "2025-08-27T20:42:09.722Z", "eventType": "input", "fullPath": "/main.py", "details": {"fromA": 79, "toA": 79, "fromB": 79, "toB": 80, "inserted": ["", ""]}}
{"dateTime": "2025-08-27T20:42:17.580Z", "eventType": "blur", "fullPath": "/main.py"}
{"dateTime": "2025-08-27T20:42:17.581Z", "eventType": "window.blur", "fullPath": "/main.py"}
{"dateTime": "2025-08-27T20:42:19.853Z", "eventType": "window.focus", "fullPath": "/main.py"}
{"dateTime": "2025-08-27T20:42:19.854Z", "eventType": "focus", "fullPath": "/main.py"}
{"dateTime": "2025-08-27T20:42:20.283Z", "eventType": "blur", "fullPath": "/main.py"}
{"dateTime": "2025-08-27T20:42:20.285Z", "eventType": "window.blur", "fullPath": "/main.py"}
{"dateTime": "2025-08-27T20:42:21.778Z", "eventType": "window.focus", "fullPath": "/main.py"}
{"dateTime": "2025-08-27T20:42:21.780Z", "eventType": "focus", "fullPath": "/main.py"}
{"dateTime": "2025-08-27T20:42:22.182Z", "eventType": "blur", "fullPath": "/main.py"}
{"dateTime": "2025-08-27T20:42:22.184Z", "eventType": "window.blur", "fullPath": "/main.py"}
{"dateTime": "2025-08-27T20:43:29.565Z", "eventType": "window.focus", "fullPath": "/main.py"}
{"dateTime": "2025-08-27T20:43:29.566Z", "eventType": "focus", "fullPath": "/main.py"}
{"dateTime": "2025-08-27T20:43:31.683Z", "eventType": "input.type", "fullPath": "/main.py", "details": {"fromA": 80, "toA": 80, "fromB": 80, "toB": 81, "inserted": ["p"]}}
{"dateTime": "2025-08-27T20:43:33.194Z", "eventType": "input.type", "fullPath": "/main.py", "details": {"fromA": 81, "toA": 81, "fromB": 81, "toB": 82, "inserted": [" "]}}
{"dateTime": "2025-08-27T20:43:39.646Z", "eventType": "blur", "fullPath": "/main.py"}
{"dateTime": "2025-08-27T20:43:39.647Z", "eventType": "window.blur", "fullPath": "/main.py"}
{"dateTime": "2025-08-27T20:43:40.525Z", "eventType": "window.focus", "fullPath": "/main.py"}
{"dateTime": "2025-08-27T20:43:40.526Z", "eventType": "focus", "fullPath": "/main.py"}
{"dateTime": "2025-08-27T20:43:41.686Z", "eventType": "blur", "fullPath": "/main.py"}
{"dateTime": "2025-08-27T20:43:41.687Z", "eventType": "window.blur", "fullPath": "/main.py"}
{"dateTime": "2025-08-27T20:43:43.419Z", "eventType": "focus", "fullPath": "/main.py"}
{"dateTime": "2025-08-27T20:43:54.777Z", "eventType": "select.pointer", "fullPath": "/main.py", "details": {"selection": {"from": 75, "to": 75}}}
{"dateTime": "2025-08-27T20:43:55.572Z", "eventType": "delete.backward", "fullPath": "/main.py", "details": {"fromA": 74, "toA": 75, "fromB": 74, "toB": 74, "inserted": [""]}}
{"dateTime": "2025-08-27T20:43:55.765Z", "eventType": "delete.backward", "fullPath": "/main.py", "details": {"fromA": 73, "toA": 74, "fromB": 73, "toB": 73, "inserted": [""]}}
{"dateTime": "2025-08-27T20:43:56.611Z", "eventType": "input.type", "fullPath": "/main.py", "details": {"fromA": 73, "toA": 73, "fromB": 73, "toB": 74, "inserted": ["2"]}}
{"dateTime": "2025-08-27T20:43:57.199Z", "eventType": "input.type", "fullPath": "/main.py", "details": {"fromA": 74, "toA": 74, "fromB": 74, "toB": 75, "inserted": ["7"]}}
{"dateTime": "2025-08-27T20:44:00.902Z", "eventType": "blur", "fullPath": "/main.py"}
{"dateTime": "2025-08-27T20:44:31.081Z", "eventType": "focus", "fullPath": "/main.py"}
{"dateTime": "2025-08-27T20:44:31.089Z", "eventType": "select.pointer", "fullPath": "/main.py", "details": {"selection": {"from": 82, "to": 82}}}
{"dateTime": "2025-08-27T20:44:51.392Z", "eventType": "input.type", "fullPath": "/main.py", "details": {"fromA": 82, "toA": 82, "fromB": 82, "toB": 83, "inserted": ["="]}}
{"dateTime": "2025-08-27T20:44:54.423Z", "eventType": "delete.backward", "fullPath": "/main.py", "details": {"fromA": 82, "toA": 83, "fromB": 82, "toB": 82, "inserted": [""]}}
{"dateTime": "2025-08-27T20:44:54.595Z", "eventType": "delete.backward", "fullPath": "/main.py", "details": {"fromA": 81, "toA": 82, "fromB": 81, "toB": 81, "inserted": [""]}}
{"dateTime": "2025-08-27T20:44:54.770Z", "eventType": "delete.backward", "fullPath": "/main.py", "details": {"fromA": 80, "toA": 81, "fromB": 80, "toB": 80, "inserted": [""]}}
{"dateTime": "2025-08-27T20:44:57.178Z", "eventType": "input.type", "fullPath": "/main.py", "details": {"fromA": 80, "toA": 80, "fromB": 80, "toB": 81, "inserted": ["P"]}}
{"dateTime": "2025-08-27T20:44:57.540Z", "eventType": "input.type", "fullPath": "/main.py", "details": {"fromA": 81, "toA": 81, "fromB": 81, "toB": 82, "inserted": ["P"]}}
{"dateTime": "2025-08-27T20:45:17.025Z", "eventType": "select.pointer", "fullPath": "/main.py", "details": {"selection": {"from": 44, "to": 44}}}
{"dateTime": "2025-08-27T20:45:20.001Z", "eventType": "input.type", "fullPath": "/main.py", "details": {"fromA": 44, "toA": 44, "fromB": 44, "toB": 45, "inserted": ["3"]}}
{"dateTime": "2025-08-27T20:45:25.074Z", "eventType": "delete.backward", "fullPath": "/main.py", "details": {"fromA": 44, "toA": 45, "fromB": 44, "toB": 44, "inserted": [""]}}
{"dateTime": "2025-08-27T20:45:26.077Z", "eventType": "input.type", "fullPath": "/main.py", "details": {"fromA": 44, "toA": 44, "fromB": 44, "toB": 45, "inserted": ["#"]}}
{"dateTime": "2025-08-27T20:45:26.951Z", "eventType": "select.pointer", "fullPath": "/main.py", "details": {"selection": {"from": 44, "to": 44}}}
{"dateTime": "2025-08-27T20:45:29.687Z", "eventType": "select.pointer", "fullPath": "/main.py", "details": {"selection": {"from": 0, "to": 0}}}
{"dateTime": "2025-08-27T20:45:31.159Z", "eventType": "input.type", "fullPath": "/main.py", "details": {"fromA": 0, "toA": 0, "fromB": 0, "toB": 1, "inserted": ["#"]}}
{"dateTime": "2025-08-27T20:45:34.431Z", "eventType": "select.pointer", "fullPath": "/main.py", "details": {"selection": {"from": 84, "to": 84}}}
{"dateTime": "2025-08-27T20:45:36.073Z", "eventType": "select.pointer", "fullPath": "/main.py", "details": {"selection": {"from": 81, "to": 81}}}
{"dateTime": "2025-08-27T20:45:36.863Z", "eventType": "delete.backward", "fullPath": "/main.py", "details": {"fromA": 80, "toA": 81, "fromB": 80, "toB": 80, "inserted": [""]}}
{"dateTime": "2025-08-27T20:45:37.013Z", "eventType": "delete.backward", "fullPath": "/main.py", "details": {"fromA": 79, "toA": 80, "fromB": 79, "toB": 79, "inserted": [""]}}
{"dateTime": "2025-08-27T20:45:37.161Z", "eventType": "delete.backward", "fullPath": "/main.py", "details": {"fromA": 78, "toA": 79, "fromB": 78, "toB": 78, "inserted": [""]}}
{"dateTime": "2025-08-27T20:45:37.321Z", "eventType": "delete.backward", "fullPath": "/main.py", "details": {"fromA": 77, "toA": 78, "fromB": 77, "toB": 77, "inserted": [""]}}
{"dateTime": "2025-08-27T20:45:37.482Z", "eventType": "delete.backward", "fullPath": "/main.py", "details": {"fromA": 76, "toA": 77, "fromB": 76, "toB": 76, "inserted": [""]}}
{"dateTime": "2025-08-27T20:45:37.839Z", "eventType": "delete.backward", "fullPath": "/main.py", "details": {"fromA": 75, "toA": 76, "fromB": 75, "toB": 75, "inserted": [""]}}
{"dateTime": "2025-08-27T20:45:40.157Z", "eventType": "input.type", "fullPath": "/main.py", "details": {"fromA": 75, "toA": 75, "fromB": 75, "toB": 76, "inserted": ["n"]}}
{"dateTime": "2025-08-27T20:45:41.238Z", "eventType": "delete.backward", "fullPath": "/main.py", "details": {"fromA": 75, "toA": 76, "fromB": 75, "toB": 75, "inserted": [""]}}
{"dateTime": "2025-08-27T20:45:41.819Z", "eventType": "input.type", "fullPath": "/main.py", "details": {"fromA": 75, "toA": 75, "fromB": 75, "toB": 76, "inserted": ["N"]}}
{"dateTime": "2025-08-27T20:45:42.874Z", "eventType": "input.type", "fullPath": "/main.py", "details": {"fromA": 76, "toA": 76, "fromB": 76, "toB": 77, "inserted": [" "]}}
{"dateTime": "2025-08-27T20:45:44.839Z", "eventType": "input.type", "fullPath": "/main.py", "details": {"fromA": 77, "toA": 77, "fromB": 77, "toB": 78, "inserted": ["*"]}}
{"dateTime": "2025-08-27T20:45:45.657Z", "eventType": "input.type", "fullPath": "/main.py", "details": {"fromA": 78, "toA": 78, "fromB": 78, "toB": 79, "inserted": [" "]}}
{"dateTime": "2025-08-27T20:45:46.474Z", "eventType": "input.type", "fullPath": "/main.py", "details": {"fromA": 79, "toA": 79, "fromB": 79, "toB": 80, "inserted": ["0"]}}
{"dateTime": "2025-08-27T20:45:47.137Z", "eventType": "input.type", "fullPath": "/main.py", "details": {"fromA": 80, "toA": 80, "fromB": 80, "toB": 81, "inserted": ["."]}}
{"dateTime": "2025-08-27T20:45:49.617Z", "eventType": "input.type", "fullPath": "/main.py", "details": {"fromA": 81, "toA": 81, "fromB": 81, "toB": 82, "inserted": ["2"]}}
{"dateTime": "2025-08-27T20:45:50.066Z", "eventType": "input.type", "fullPath": "/main.py", "details": {"fromA": 82, "toA": 82, "fromB": 82, "toB": 83, "inserted": ["5"]}}
{"dateTime": "2025-08-27T20:45:50.086Z", "eventType": "input.type", "fullPath": "/main.py", "details": {"fromA": 83, "toA": 83, "fromB": 83, "toB": 84, "inserted": ["2"]}}
{"dateTime": "2025-08-27T20:45:50.707Z", "eventType": "input.type", "fullPath": "/main.py", "details": {"fromA": 84, "toA": 84, "fromB": 84, "toB": 85, "inserted": ["7"]}}
{"dateTime": "2025-08-27T20:45:51.173Z", "eventType": "delete.backward", "fullPath": "/main.py", "details": {"fromA": 84, "toA": 85, "fromB": 84, "toB": 84, "inserted": [""]}}
{"dateTime": "2025-08-27T20:45:51.427Z", "eventType": "delete.backward", "fullPath": "/main.py", "details": {"fromA": 83, "toA": 84, "fromB": 83, "toB": 83, "inserted": [""]}}
{"dateTime": "2025-08-27T20:45:51.619Z", "eventType": "delete.backward", "fullPath": "/main.py", "details": {"fromA": 82, "toA": 83, "fromB": 82, "toB": 82, "inserted": [""]}}
{"dateTime": "2025-08-27T20:45:52.434Z", "eventType": "input.type", "fullPath": "/main.py", "details": {"fromA": 82, "toA": 82, "fromB": 82, "toB": 83, "inserted": ["7"]}}
{"dateTime": "2025-08-27T20:45:53.856Z", "eventType": "select.pointer", "fullPath": "/main.py", "details": {"selection": {"from": 86, "to": 86}}}
{"dateTime": "2025-08-27T20:45:54.625Z", "eventType": "input.type", "fullPath": "/main.py", "details": {"fromA": 86, "toA": 86, "fromB": 86, "toB": 87, "inserted": [" "]}}
{"dateTime": "2025-08-27T20:45:55.227Z", "eventType": "input.type", "fullPath": "/main.py", "details": {"fromA": 87, "toA": 87, "fromB": 87, "toB": 88, "inserted": ["="]}}
{"dateTime": "2025-08-27T20:45:57.234Z", "eventType": "input.type", "fullPath": "/main.py", "details": {"fromA": 88, "toA": 88, "fromB": 88, "toB": 89, "inserted": [" "]}}
{"dateTime": "2025-08-27T20:45:58.647Z", "eventType": "input.type", "fullPath": "/main.py", "details": {"fromA": 89, "toA": 89, "fromB": 89, "toB": 90, "inserted": ["N"]}}
{"dateTime": "2025-08-27T20:45:59.422Z", "eventType": "input.type", "fullPath": "/main.py", "details": {"fromA": 90, "toA": 90, "fromB": 90, "toB": 91, "inserted": [" "]}}
{"dateTime": "2025-08-27T20:46:03.996Z", "eventType": "input.type", "fullPath": "/main.py", "details": {"fromA": 91, "toA": 91, "fromB": 91, "toB": 92, "inserted": ["*"]}}
{"dateTime": "2025-08-27T20:46:06.239Z", "eventType": "input.type", "fullPath": "/main.py", "details": {"fromA": 92, "toA": 92, "fromB": 92, "toB": 93, "inserted": [" "]}}
{"dateTime": "2025-08-27T20:46:06.603Z", "eventType": "input.type", "fullPath": "/main.py", "details": {"fromA": 93, "toA": 93, "fromB": 93, "toB": 94, "inserted": ["0"]}}
{"dateTime": "2025-08-27T20:46:10.125Z", "eventType": "input.type", "fullPath": "/main.py", "details": {"fromA": 94, "toA": 94, "fromB": 94, "toB": 95, "inserted": ["."]}}
{"dateTime": "2025-08-27T20:46:11.104Z", "eventType": "input.type", "fullPath": "/main.py", "details": {"fromA": 95, "toA": 95, "fromB": 95, "toB": 96, "inserted": ["4"]}}
{"dateTime": "2025-08-27T20:46:11.294Z", "eventType": "input.type", "fullPath": "/main.py", "details": {"fromA": 96, "toA": 96, "fromB": 96, "toB": 97, "inserted": ["2"]}}
{"dateTime": "2025-08-27T20:46:13.095Z", "eventType": "input", "fullPath": "/main.py", "details": {"fromA": 97, "toA": 97, "fromB": 97, "toB": 98, "inserted": ["", ""]}}
{"dateTime": "2025-08-27T20:46:15.217Z", "eventType": "input.type", "fullPath": "/main.py", "details": {"fromA": 98, "toA": 98, "fromB": 98, "toB": 99, "inserted": ["P"]}}
{"dateTime": "2025-08-27T20:46:15.451Z", "eventType": "input.type", "fullPath": "/main.py", "details": {"fromA": 99, "toA": 99, "fromB": 99, "toB": 100, "inserted": ["P"]}}
{"dateTime": "2025-08-27T20:46:15.739Z", "eventType": "input.type", "fullPath": "/main.py", "details": {"fromA": 100, "toA": 100, "fromB": 100, "toB": 101, "inserted": ["P"]}}
{"dateTime": "2025-08-27T20:46:16.792Z", "eventType": "input.type", "fullPath": "/main.py", "details": {"fromA": 101, "toA": 101, "fromB": 101, "toB": 102, "inserted": [" "]}}
{"dateTime": "2025-08-27T20:46:20.470Z", "eventType": "input.type", "fullPath": "/main.py", "details": {"fromA": 102, "toA": 102, "fromB": 102, "toB": 103, "inserted": ["="]}}
{"dateTime": "2025-08-27T20:46:21.321Z", "eventType": "input.type", "fullPath": "/main.py", "details": {"fromA": 103, "toA": 103, "fromB": 103, "toB": 104, "inserted": [" "]}}
{"dateTime": "2025-08-27T20:46:21.959Z", "eventType": "input.type", "fullPath": "/main.py", "details": {"fromA": 104, "toA": 104, "fromB": 104, "toB": 105, "inserted": ["N"]}}
{"dateTime": "2025-08-27T20:46:22.445Z", "eventType": "input.type", "fullPath": "/main.py", "details": {"fromA": 105, "toA": 105, "fromB": 105, "toB": 106, "inserted": [" "]}}
{"dateTime": "2025-08-27T20:46:28.522Z", "eventType": "input.type", "fullPath": "/main.py", "details": {"fromA": 106, "toA": 106, "fromB": 106, "toB": 107, "inserted": ["+"]}}
{"dateTime": "2025-08-27T20:46:29.122Z", "eventType": "input.type", "fullPath": "/main.py", "details": {"fromA": 107, "toA": 107, "fromB": 107, "toB": 108, "inserted": [" "]}}
{"dateTime": "2025-08-27T20:46:33.669Z", "eventType": "input.type", "fullPath": "/main.py", "details": {"fromA": 108, "toA": 108, "fromB": 108, "toB": 109, "inserted": ["P"]}}
{"dateTime": "2025-08-27T20:46:33.849Z", "eventType": "input.type", "fullPath": "/main.py", "details": {"fromA": 109, "toA": 109, "fromB": 109, "toB": 110, "inserted": ["P"]}}
{"dateTime": "2025-08-27T20:46:36.119Z", "eventType": "input.complete", "fullPath": "/main.py", "details": {"fromA": 108, "toA": 110, "fromB": 108, "toB": 110, "inserted": ["PP"]}}
{"dateTime": "2025-08-27T20:46:37.165Z", "eventType": "input", "fullPath": "/main.py", "details": {"fromA": 110, "toA": 110, "fromB": 110, "toB": 111, "inserted": ["", ""]}}
{"dateTime": "2025-08-27T20:46:37.633Z", "eventType": "input", "fullPath": "/main.py", "details": {"fromA": 111, "toA": 111, "fromB": 111, "toB": 112, "inserted": ["", ""]}}
{"dateTime": "2025-08-27T20:46:43.944Z", "eventType": "select.pointer", "fullPath": "/main.py", "details": {"selection": {"from": 111, "to": 111}}}
{"dateTime": "2025-08-27T20:46:44.951Z", "eventType": "input.type", "fullPath": "/main.py", "details": {"fromA": 111, "toA": 111, "fromB": 111, "toB": 112, "inserted": ["P"]}}
{"dateTime": "2025-08-27T20:46:45.769Z", "eventType": "input.type", "fullPath": "/main.py", "details": {"fromA": 112, "toA": 112, "fromB": 112, "toB": 113, "inserted": ["O"]}}
{"dateTime": "2025-08-27T20:46:46.008Z", "eventType": "input.type", "fullPath": "/main.py", "details": {"fromA": 113, "toA": 113, "fromB": 113, "toB": 114, "inserted": ["P"]}}
{"dateTime": "2025-08-27T20:46:47.503Z", "eventType": "blur", "fullPath": "/main.py"}
{"dateTime": "2025-08-27T20:46:49.674Z", "eventType": "focus", "fullPath": "/main.py"}
{"dateTime": "2025-08-27T20:46:49.678Z", "eventType": "select.pointer", "fullPath": "/main.py", "details": {"selection": {"from": 114, "to": 114}}}
{"dateTime": "2025-08-27T20:46:50.194Z", "eventType": "input.type", "fullPath": "/main.py", "details": {"fromA": 114, "toA": 114, "fromB": 114, "toB": 115, "inserted": [" "]}}
{"dateTime": "2025-08-27T20:46:50.776Z", "eventType": "input.type", "fullPath": "/main.py", "details": {"fromA": 115, "toA": 115, "fromB": 115, "toB": 116, "inserted": ["="]}}
{"dateTime": "2025-08-27T20:46:51.131Z", "eventType": "input.type", "fullPath": "/main.py", "details": {"fromA": 116, "toA": 116, "fromB": 116, "toB": 117, "inserted": [" "]}}
{"dateTime": "2025-08-27T20:46:52.334Z", "eventType": "input.type", "fullPath": "/main.py", "details": {"fromA": 117, "toA": 117, "fromB": 117, "toB": 118, "inserted": ["N"]}}
{"dateTime": "2025-08-27T20:46:52.686Z", "eventType": "input.type", "fullPath": "/main.py", "details": {"fromA": 118, "toA": 118, "fromB": 118, "toB": 119, "inserted": [" "]}}
{"dateTime": "2025-08-27T20:46:53.820Z", "eventType": "input.type", "fullPath": "/main.py", "details": {"fromA": 119, "toA": 119, "fromB": 119, "toB": 120, "inserted": ["-"]}}
{"dateTime": "2025-08-27T20:46:57.291Z", "eventType": "delete.backward", "fullPath": "/main.py", "details": {"fromA": 119, "toA": 120, "fromB": 119, "toB": 119, "inserted": [""]}}
{"dateTime": "2025-08-27T20:46:57.473Z", "eventType": "delete.backward", "fullPath": "/main.py", "details": {"fromA": 118, "toA": 119, "fromB": 118, "toB": 118, "inserted": [""]}}
{"dateTime": "2025-08-27T20:46:57.633Z", "eventType": "delete.backward", "fullPath": "/main.py", "details": {"fromA": 117, "toA": 118, "fromB": 117, "toB": 117, "inserted": [""]}}
{"dateTime": "2025-08-27T20:46:57.790Z", "eventType": "delete.backward", "fullPath": "/main.py", "details": {"fromA": 116, "toA": 117, "fromB": 116, "toB": 116, "inserted": [""]}}
{"dateTime": "2025-08-27T20:46:57.957Z", "eventType": "delete.backward", "fullPath": "/main.py", "details": {"fromA": 115, "toA": 116, "fromB": 115, "toB": 115, "inserted": [""]}}
{"dateTime": "2025-08-27T20:46:58.407Z", "eventType": "delete.backward", "fullPath": "/main.py", "details": {"fromA": 114, "toA": 115, "fromB": 114, "toB": 114, "inserted": [""]}}
{"dateTime": "2025-08-27T20:46:58.580Z", "eventType": "delete.backward", "fullPath": "/main.py", "details": {"fromA": 113, "toA": 114, "fromB": 113, "toB": 113, "inserted": [""]}}
{"dateTime": "2025-08-27T20:46:58.755Z", "eventType": "delete.backward", "fullPath": "/main.py", "details": {"fromA": 112, "toA": 113, "fromB": 112, "toB": 112, "inserted": [""]}}
{"dateTime": "2025-08-27T20:46:58.952Z", "eventType": "delete.backward", "fullPath": "/main.py", "details": {"fromA": 111, "toA": 112, "fromB": 111, "toB": 111, "inserted": [""]}}
{"dateTime": "2025-08-27T20:47:06.323Z", "eventType": "input.type", "fullPath": "/main.py", "details": {"fromA": 111, "toA": 111, "fromB": 111, "toB": 112, "inserted": ["P"]}}
{"dateTime": "2025-08-27T20:47:06.537Z", "eventType": "input.type", "fullPath": "/main.py", "details": {"fromA": 112, "toA": 112, "fromB": 112, "toB": 113, "inserted": ["O"]}}
{"dateTime": "2025-08-27T20:47:06.723Z", "eventType": "input.type", "fullPath": "/main.py", "details": {"fromA": 113, "toA": 113, "fromB": 113, "toB": 114, "inserted": ["P"]}}
{"dateTime": "2025-08-27T20:47:07.265Z", "eventType": "input.type", "fullPath": "/main.py", "details": {"fromA": 114, "toA": 114, "fromB": 114, "toB": 115, "inserted": [" "]}}
{"dateTime": "2025-08-27T20:47:08.205Z", "eventType": "input.type", "fullPath": "/main.py", "details": {"fromA": 115, "toA": 115, "fromB": 115, "toB": 116, "inserted": ["="]}}
{"dateTime": "2025-08-27T20:47:08.554Z", "eventType": "input.type", "fullPath": "/main.py", "details": {"fromA": 116, "toA": 116, "fromB": 116, "toB": 117, "inserted": [" "]}}
{"dateTime": "2025-08-27T20:47:09.402Z", "eventType": "input.type", "fullPath": "/main.py", "details": {"fromA": 117, "toA": 117, "fromB": 117, "toB": 118, "inserted": ["N"]}}
{"dateTime": "2025-08-27T20:47:10.319Z", "eventType": "input.type", "fullPath": "/main.py", "details": {"fromA": 118, "toA": 118, "fromB": 118, "toB": 119, "inserted": [" "]}}
{"dateTime": "2025-08-27T20:47:12.603Z", "eventType": "input.type", "fullPath": "/main.py", "details": {"fromA": 119, "toA": 119, "fromB": 119, "toB": 120, "inserted": ["*"]}}
{"dateTime": "2025-08-27T20:47:15.867Z", "eventType": "input.type", "fullPath": "/main.py", "details": {"fromA": 120, "toA": 120, "fromB": 120, "toB": 121, "inserted": ["0"]}}
{"dateTime": "2025-08-27T20:47:18.156Z", "eventType": "input.type", "fullPath": "/main.py", "details": {"fromA": 121, "toA": 121, "fromB": 121, "toB": 122, "inserted": ["."]}}
{"dateTime": "2025-08-27T20:47:18.748Z", "eventType": "input.type", "fullPath": "/main.py", "details": {"fromA": 122, "toA": 122, "fromB": 122, "toB": 123, "inserted": ["6"]}}
{"dateTime": "2025-08-27T20:47:18.969Z", "eventType": "input.type", "fullPath": "/main.py", "details": {"fromA": 123, "toA": 123, "fromB": 123, "toB": 124, "inserted": ["3"]}}
{"dateTime": "2025-08-27T20:47:21.057Z", "eventType": "input.type", "fullPath": "/main.py", "details": {"fromA": 124, "toA": 124, "fromB": 124, "toB": 125, "inserted": [" "]}}
{"dateTime": "2025-08-27T20:47:21.612Z", "eventType": "input.type", "fullPath": "/main.py", "details": {"fromA": 125, "toA": 125, "fromB": 125, "toB": 127, "inserted": ["()"]}}
{"dateTime": "2025-08-27T20:47:23.537Z", "eventType": "delete.backward", "fullPath": "/main.py", "details": {"fromA": 125, "toA": 127, "fromB": 125, "toB": 125, "inserted": [""]}}
{"dateTime": "2025-08-27T20:47:23.731Z", "eventType": "delete.backward", "fullPath": "/main.py", "details": {"fromA": 124, "toA": 125, "fromB": 124, "toB": 124, "inserted": [""]}}
{"dateTime": "2025-08-27T20:47:26.983Z", "eventType": "select", "fullPath": "/main.py", "details": {"selection": {"from": 123, "to": 123}}}
{"dateTime": "2025-08-27T20:47:27.176Z", "eventType": "select", "fullPath": "/main.py", "details": {"selection": {"from": 122, "to": 122}}}
{"dateTime": "2025-08-27T20:47:27.337Z", "eventType": "select", "fullPath": "/main.py", "details": {"selection": {"from": 121, "to": 121}}}
{"dateTime": "2025-08-27T20:47:27.502Z", "eventType": "select", "fullPath": "/main.py", "details": {"selection": {"from": 120, "to": 120}}}
{"dateTime": "2025-08-27T20:47:29.231Z", "eventType": "input.type", "fullPath": "/main.py", "details": {"fromA": 120, "toA": 120, "fromB": 120, "toB": 121, "inserted": ["("]}}
{"dateTime": "2025-08-27T20:47:30.414Z", "eventType": "delete.backward", "fullPath": "/main.py", "details": {"fromA": 120, "toA": 121, "fromB": 120, "toB": 120, "inserted": [""]}}
{"dateTime": "2025-08-27T20:47:33.802Z", "eventType": "input.type", "fullPath": "/main.py", "details": {"fromA": 120, "toA": 120, "fromB": 120, "toB": 121, "inserted": ["9"]}}
{"dateTime": "2025-08-27T20:47:38.573Z", "eventType": "select", "fullPath": "/main.py", "details": {"selection": {"from": 120, "to": 120}}}
{"dateTime": "2025-08-27T20:47:38.765Z", "eventType": "select", "fullPath": "/main.py", "details": {"selection": {"from": 119, "to": 119}}}
{"dateTime": "2025-08-27T20:47:38.940Z", "eventType": "select", "fullPath": "/main.py", "details": {"selection": {"from": 118, "to": 118}}}
{"dateTime": "2025-08-27T20:47:39.086Z", "eventType": "select", "fullPath": "/main.py", "details": {"selection": {"from": 117, "to": 117}}}
{"dateTime": "2025-08-27T20:47:40.061Z", "eventType": "input.type", "fullPath": "/main.py", "details": {"fromA": 117, "toA": 117, "fromB": 117, "toB": 118, "inserted": ["("]}}
{"dateTime": "2025-08-27T20:47:41.484Z", "eventType": "select.pointer", "fullPath": "/main.py", "details": {"selection": {"from": 126, "to": 126}}}
{"dateTime": "2025-08-27T20:47:42.959Z", "eventType": "input.type", "fullPath": "/main.py", "details": {"fromA": 126, "toA": 126, "fromB": 126, "toB": 127, "inserted": [")"]}}
{"dateTime": "2025-08-27T20:47:44.024Z", "eventType": "select", "fullPath": "/main.py", "details": {"selection": {"from": 126, "to": 126}}}
{"dateTime": "2025-08-27T20:47:44.218Z", "eventType": "select", "fullPath": "/main.py", "details": {"selection": {"from": 125, "to": 125}}}
{"dateTime": "2025-08-27T20:47:44.375Z", "eventType": "select", "fullPath": "/main.py", "details": {"selection": {"from": 124, "to": 124}}}
{"dateTime": "2025-08-27T20:47:44.537Z", "eventType": "select", "fullPath": "/main.py", "details": {"selection": {"from": 123, "to": 123}}}
{"dateTime": "2025-08-27T20:47:44.691Z", "eventType": "select", "fullPath": "/main.py", "details": {"selection": {"from": 122, "to": 122}}}
{"dateTime": "2025-08-27T20:47:45.416Z", "eventType": "delete.backward", "fullPath": "/main.py", "details": {"fromA": 121, "toA": 122, "fromB": 121, "toB": 121, "inserted": [""]}}
{"dateTime": "2025-08-27T20:47:47.362Z", "eventType": "select.pointer", "fullPath": "/main.py", "details": {"selection": {"from": 117, "to": 117}}}
{"dateTime": "2025-08-27T20:47:50.003Z", "eventType": "input.type", "fullPath": "/main.py", "details": {"fromA": 117, "toA": 117, "fromB": 117, "toB": 118, "inserted": ["N"]}}
{"dateTime": "2025-08-27T20:47:52.352Z", "eventType": "input.type", "fullPath": "/main.py", "details": {"fromA": 118, "toA": 118, "fromB": 118, "toB": 119, "inserted": [" "]}}
{"dateTime": "2025-08-27T20:47:52.583Z", "eventType": "input.type", "fullPath": "/main.py", "details": {"fromA": 119, "toA": 119, "fromB": 119, "toB": 120, "inserted": ["-"]}}
{"dateTime": "2025-08-27T20:47:52.959Z", "eventType": "input.type", "fullPath": "/main.py", "details": {"fromA": 120, "toA": 120, "fromB": 120, "toB": 121, "inserted": [" "]}}
{"dateTime": "2025-08-27T20:48:05.792Z", "eventType": "select.pointer", "fullPath": "/main.py", "details": {"selection": {"from": 130, "to": 130}}}
{"dateTime": "2025-08-27T20:48:06.533Z", "eventType": "input", "fullPath": "/main.py", "details": {"fromA": 130, "toA": 130, "fromB": 130, "toB": 131, "inserted": ["", ""]}}
{"dateTime": "2025-08-27T20:48:06.728Z", "eventType": "input", "fullPath": "/main.py", "details": {"fromA": 131, "toA": 131, "fromB": 131, "toB": 132, "inserted": ["", ""]}}
{"dateTime": "2025-08-27T20:48:07.798Z", "eventType": "input.type", "fullPath": "/main.py", "details": {"fromA": 132, "toA": 132, "fromB": 132, "toB": 133, "inserted": ["P"]}}
{"dateTime": "2025-08-27T20:48:08.381Z", "eventType": "input.type", "fullPath": "/main.py", "details": {"fromA": 133, "toA": 133, "fromB": 133, "toB": 134, "inserted": ["R"]}}
{"dateTime": "2025-08-27T20:48:09.392Z", "eventType": "delete.backward", "fullPath": "/main.py", "details": {"fromA": 133, "toA": 134, "fromB": 133, "toB": 133, "inserted": [""]}}
{"dateTime": "2025-08-27T20:48:10.585Z", "eventType": "input.type", "fullPath": "/main.py", "details": {"fromA": 133, "toA": 133, "fromB": 133, "toB": 134, "inserted": ["r"]}}
{"dateTime": "2025-08-27T20:48:10.723Z", "eventType": "input.type", "fullPath": "/main.py", "details": {"fromA": 134, "toA": 134, "fromB": 134, "toB": 135, "inserted": ["i"]}}
{"dateTime": "2025-08-27T20:48:10.947Z", "eventType": "input.type", "fullPath": "/main.py", "details": {"fromA": 135, "toA": 135, "fromB": 135, "toB": 136, "inserted": ["n"]}}
{"dateTime": "2025-08-27T20:48:11.248Z", "eventType": "input.type", "fullPath": "/main.py", "details": {"fromA": 136, "toA": 136, "fromB": 136, "toB": 137, "inserted": ["t"]}}
{"dateTime": "2025-08-27T20:48:12.483Z", "eventType": "input.complete", "fullPath": "/main.py", "details": {"fromA": 132, "toA": 137, "fromB": 132, "toB": 137, "inserted": ["print"]}}
{"dateTime": "2025-08-27T20:48:13.695Z", "eventType": "input.type", "fullPath": "/main.py", "details": {"fromA": 137, "toA": 137, "fromB": 137, "toB": 138, "inserted": [" "]}}
{"dateTime": "2025-08-27T20:48:14.346Z", "eventType": "input.type", "fullPath": "/main.py", "details": {"fromA": 138, "toA": 138, "fromB": 138, "toB": 140, "inserted": ["()"]}}
{"dateTime": "2025-08-27T20:48:15.426Z", "eventType": "select.pointer", "fullPath": "/main.py", "details": {"selection": {"from": 130, "to": 130}}}
{"dateTime": "2025-08-27T20:48:16.645Z", "eventType": "input.type", "fullPath": "/main.py", "details": {"fromA": 130, "toA": 130, "fromB": 130, "toB": 131, "inserted": ["r"]}}
{"dateTime": "2025-08-27T20:48:16.849Z", "eventType": "input.type", "fullPath": "/main.py", "details": {"fromA": 131, "toA": 131, "fromB": 131, "toB": 132, "inserted": ["o"]}}
{"dateTime": "2025-08-27T20:48:17.201Z", "eventType": "input.type", "fullPath": "/main.py", "details": {"fromA": 132, "toA": 132, "fromB": 132, "toB": 133, "inserted": ["u"]}}
{"dateTime": "2025-08-27T20:48:17.945Z", "eventType": "delete.backward", "fullPath": "/main.py", "details": {"fromA": 132, "toA": 133, "fromB": 132, "toB": 132, "inserted": [""]}}
{"dateTime": "2025-08-27T20:48:19.010Z", "eventType": "delete.backward", "fullPath": "/main.py", "details": {"fromA": 131, "toA": 132, "fromB": 131, "toB": 131, "inserted": [""]}}
{"dateTime": "2025-08-27T20:48:19.236Z", "eventType": "delete.backward", "fullPath": "/main.py", "details": {"fromA": 130, "toA": 131, "fromB": 130, "toB": 130, "inserted": [""]}}
{"dateTime": "2025-08-27T20:48:21.160Z", "eventType": "select.pointer", "fullPath": "/main.py", "details": {"selection": {"from": 138, "to": 138}}}
{"dateTime": "2025-08-27T20:48:23.210Z", "eventType": "select", "fullPath": "/main.py", "details": {"selection": {"from": 139, "to": 139}}}
{"dateTime": "2025-08-27T20:48:23.584Z", "eventType": "select.pointer", "fullPath": "/main.py", "details": {"selection": {"from": 138, "to": 138}}}
{"dateTime": "2025-08-27T20:48:23.657Z", "eventType": "input.type", "fullPath": "/main.py", "details": {"fromA": 138, "toA": 138, "fromB": 138, "toB": 139, "inserted": ["r"]}}
{"dateTime": "2025-08-27T20:48:23.982Z", "eventType": "input.type", "fullPath": "/main.py", "details": {"fromA": 139, "toA": 139, "fromB": 139, "toB": 140, "inserted": ["o"]}}
{"dateTime": "2025-08-27T20:48:25.130Z", "eventType": "delete.backward", "fullPath": "/main.py", "details": {"fromA": 139, "toA": 140, "fromB": 139, "toB": 139, "inserted": [""]}}
{"dateTime": "2025-08-27T20:48:25.399Z", "eventType": "delete.backward", "fullPath": "/main.py", "details": {"fromA": 138, "toA": 139, "fromB": 138, "toB": 138, "inserted": [""]}}
{"dateTime": "2025-08-27T20:48:26.978Z", "eventType": "select.pointer", "fullPath": "/main.py", "details": {"selection": {"from": 139, "to": 139}}}
{"dateTime": "2025-08-27T20:48:27.766Z", "eventType": "input.type", "fullPath": "/main.py", "details": {"fromA": 139, "toA": 139, "fromB": 139, "toB": 140, "inserted": ["r"]}}
{"dateTime": "2025-08-27T20:48:27.963Z", "eventType": "input.type", "fullPath": "/main.py", "details": {"fromA": 140, "toA": 140, "fromB": 140, "toB": 141, "inserted": ["o"]}}
{"dateTime": "2025-08-27T20:48:28.265Z", "eventType": "input.type", "fullPath": "/main.py", "details": {"fromA": 141, "toA": 141, "fromB": 141, "toB": 142, "inserted": ["u"]}}
{"dateTime": "2025-08-27T20:48:28.491Z", "eventType": "input.type", "fullPath": "/main.py", "details": {"fromA": 142, "toA": 142, "fromB": 142, "toB": 143, "inserted": ["n"]}}
{"dateTime": "2025-08-27T20:48:28.628Z", "eventType": "input.type", "fullPath": "/main.py", "details": {"fromA": 143, "toA": 143, "fromB": 143, "toB": 144, "inserted": ["d"]}}
{"dateTime": "2025-08-27T20:48:29.904Z", "eventType": "input.complete", "fullPath": "/main.py", "details": {"fromA": 139, "toA": 144, "fromB": 139, "toB": 144, "inserted": ["round"]}}
{"dateTime": "2025-08-27T20:48:31.029Z", "eventType": "input.type", "fullPath": "/main.py", "details": {"fromA": 144, "toA": 144, "fromB": 144, "toB": 146, "inserted": ["()"]}}
{"dateTime": "2025-08-27T20:48:32.271Z", "eventType": "input.type", "fullPath": "/main.py", "details": {"fromA": 145, "toA": 145, "fromB": 145, "toB": 146, "inserted": ["p"]}}
{"dateTime": "2025-08-27T20:48:33.781Z", "eventType": "select.pointer", "fullPath": "/main.py", "details": {"selection": {"from": 148, "to": 148}}}
{"dateTime": "2025-08-27T20:48:35.995Z", "eventType": "input", "fullPath": "/main.py", "details": {"fromA": 148, "toA": 148, "fromB": 148, "toB": 149, "inserted": ["", ""]}}
{"dateTime": "2025-08-27T20:48:37.796Z", "eventType": "input.type", "fullPath": "/main.py", "details": {"fromA": 149, "toA": 149, "fromB": 149, "toB": 150, "inserted": ["p"]}}
{"dateTime": "2025-08-27T20:48:37.979Z", "eventType": "input.type", "fullPath": "/main.py", "details": {"fromA": 150, "toA": 150, "fromB": 150, "toB": 151, "inserted": ["r"]}}
{"dateTime": "2025-08-27T20:48:40.367Z", "eventType": "input.type", "fullPath": "/main.py", "details": {"fromA": 151, "toA": 151, "fromB": 151, "toB": 152, "inserted": ["i"]}}
{"dateTime": "2025-08-27T20:48:40.884Z", "eventType": "input.type", "fullPath": "/main.py", "details": {"fromA": 152, "toA": 152, "fromB": 152, "toB": 153, "inserted": ["n"]}}
{"dateTime": "2025-08-27T20:48:41.227Z", "eventType": "input.type", "fullPath": "/main.py", "details": {"fromA": 153, "toA": 153, "fromB": 153, "toB": 154, "inserted": ["t"]}}
{"dateTime": "2025-08-27T20:48:43.971Z", "eventType": "select.pointer", "fullPath": "/main.py", "details": {"selection": {"from": 146, "to": 146}}}
{"dateTime": "2025-08-27T20:48:45.730Z", "eventType": "input.type", "fullPath": "/main.py", "details": {"fromA": 146, "toA": 146, "fromB": 146, "toB": 147, "inserted": [","]}}
{"dateTime": "2025-08-27T20:48:48.049Z", "eventType": "input.type", "fullPath": "/main.py", "details": {"fromA": 147, "toA": 147, "fromB": 147, "toB": 148, "inserted": [" "]}}
{"dateTime": "2025-08-27T20:48:49.599Z", "eventType": "input.type", "fullPath": "/main.py", "details": {"fromA": 148, "toA": 148, "fromB": 148, "toB": 149, "inserted": ["2"]}}
{"dateTime": "2025-08-27T20:48:51.345Z", "eventType": "select.pointer", "fullPath": "/main.py", "details": {"selection": {"from": 157, "to": 157}}}
{"dateTime": "2025-08-27T20:48:51.981Z", "eventType": "input.type", "fullPath": "/main.py", "details": {"fromA": 157, "toA": 157, "fromB": 157, "toB": 158, "inserted": [" "]}}
{"dateTime": "2025-08-27T20:48:52.677Z", "eventType": "input.type", "fullPath": "/main.py", "details": {"fromA": 158, "toA": 158, "fromB": 158, "toB": 160, "inserted": ["()"]}}
{"dateTime": "2025-08-27T20:48:53.800Z", "eventType": "input.type", "fullPath": "/main.py", "details": {"fromA": 159, "toA": 159, "fromB": 159, "toB": 160, "inserted": ["r"]}}
{"dateTime": "2025-08-27T20:48:54.060Z", "eventType": "input.type", "fullPath": "/main.py", "details": {"fromA": 160, "toA": 160, "fromB": 160, "toB": 161, "inserted": ["o"]}}
{"dateTime": "2025-08-27T20:48:54.312Z", "eventType": "input.type", "fullPath": "/main.py", "details": {"fromA": 161, "toA": 161, "fromB": 161, "toB": 162, "inserted": ["u"]}}
{"dateTime": "2025-08-27T20:48:54.532Z", "eventType": "input.type", "fullPath": "/main.py", "details": {"fromA": 162, "toA": 162, "fromB": 162, "toB": 163, "inserted": ["n"]}}
{"dateTime": "2025-08-27T20:48:54.727Z", "eventType": "input.type", "fullPath": "/main.py", "details": {"fromA": 163, "toA": 163, "fromB": 163, "toB": 164, "inserted": ["d"]}}
{"dateTime": "2025-08-27T20:48:55.612Z", "eventType": "input.complete", "fullPath": "/main.py", "details": {"fromA": 159, "toA": 164, "fromB": 159, "toB": 164, "inserted": ["round"]}}
{"dateTime": "2025-08-27T20:48:57.047Z", "eventType": "input.type", "fullPath": "/main.py", "details": {"fromA": 164, "toA": 164, "fromB": 164, "toB": 166, "inserted": ["()"]}}
{"dateTime": "2025-08-27T20:48:59.083Z", "eventType": "input.type", "fullPath": "/main.py", "details": {"fromA": 165, "toA": 165, "fromB": 165, "toB": 166, "inserted": ["p"]}}
{"dateTime": "2025-08-27T20:49:04.625Z", "eventType": "input.type", "fullPath": "/main.py", "details": {"fromA": 166, "toA": 166, "fromB": 166, "toB": 167, "inserted": ["p"]}}
{"dateTime": "2025-08-27T20:49:06.788Z", "eventType": "input.type", "fullPath": "/main.py", "details": {"fromA": 167, "toA": 167, "fromB": 167, "toB": 168, "inserted": ["p"]}}
{"dateTime": "2025-08-27T20:49:09.150Z", "eventType": "input.complete", "fullPath": "/main.py", "details": {"fromA": 165, "toA": 168, "fromB": 165, "toB": 168, "inserted": ["PPP"]}}
{"dateTime": "2025-08-27T20:49:13.514Z", "eventType": "input.type", "fullPath": "/main.py", "details": {"fromA": 168, "toA": 168, "fromB": 168, "toB": 169, "inserted": [","]}}
{"dateTime": "2025-08-27T20:49:13.816Z", "eventType": "input.type", "fullPath": "/main.py", "details": {"fromA": 169, "toA": 169, "fromB": 169, "toB": 170, "inserted": [" "]}}
{"dateTime": "2025-08-27T20:49:14.225Z", "eventType": "input.type", "fullPath": "/main.py", "details": {"fromA": 170, "toA": 170, "fromB": 170, "toB": 171, "inserted": ["2"]}}
{"dateTime": "2025-08-27T20:49:15.798Z", "eventType": "select.pointer", "fullPath": "/main.py", "details": {"selection": {"from": 174, "to": 174}}}
{"dateTime": "2025-08-27T20:49:29.651Z", "eventType": "input.type", "fullPath": "/main.py", "details": {"fromA": 174, "toA": 174, "fromB": 174, "toB": 175, "inserted": ["p"]}}
{"dateTime": "2025-08-27T20:49:30.051Z", "eventType": "input.type", "fullPath": "/main.py", "details": {"fromA": 175, "toA": 175, "fromB": 175, "toB": 176, "inserted": ["r"]}}
{"dateTime": "2025-08-27T20:49:32.769Z", "eventType": "input.complete", "fullPath": "/main.py", "details": {"fromA": 174, "toA": 176, "fromB": 174, "toB": 179, "inserted": ["print"]}}
{"dateTime": "2025-08-27T20:49:40.712Z", "eventType": "input.type", "fullPath": "/main.py", "details": {"fromA": 179, "toA": 179, "fromB": 179, "toB": 180, "inserted": [" "]}}
{"dateTime": "2025-08-27T20:49:42.074Z", "eventType": "delete.backward", "fullPath": "/main.py", "details": {"fromA": 179, "toA": 180, "fromB": 179, "toB": 179, "inserted": [""]}}
{"dateTime": "2025-08-27T20:49:42.299Z", "eventType": "delete.backward", "fullPath": "/main.py", "details": {"fromA": 178, "toA": 179, "fromB": 178, "toB": 178, "inserted": [""]}}
{"dateTime": "2025-08-27T20:49:42.481Z", "eventType": "delete.backward", "fullPath": "/main.py", "details": {"fromA": 177, "toA": 178, "fromB": 177, "toB": 177, "inserted": [""]}}
{"dateTime": "2025-08-27T20:49:42.659Z", "eventType": "delete.backward", "fullPath": "/main.py", "details": {"fromA": 176, "toA": 177, "fromB": 176, "toB": 176, "inserted": [""]}}
{"dateTime": "2025-08-27T20:49:44.276Z", "eventType": "delete.backward", "fullPath": "/main.py", "details": {"fromA": 175, "toA": 176, "fromB": 175, "toB": 175, "inserted": [""]}}
{"dateTime": "2025-08-27T20:49:44.525Z", "eventType": "delete.backward", "fullPath": "/main.py", "details": {"fromA": 174, "toA": 175, "fromB": 174, "toB": 174, "inserted": [""]}}
{"dateTime": "2025-08-27T20:49:49.980Z", "eventType": "input.type", "fullPath": "/main.py", "details": {"fromA": 174, "toA": 174, "fromB": 174, "toB": 175, "inserted": ["p"]}}
{"dateTime": "2025-08-27T20:49:50.322Z", "eventType": "input.type", "fullPath": "/main.py", "details": {"fromA": 175, "toA": 175, "fromB": 175, "toB": 176, "inserted": ["r"]}}
{"dateTime": "2025-08-27T20:49:50.601Z", "eventType": "input.type", "fullPath": "/main.py", "details": {"fromA": 176, "toA": 176, "fromB": 176, "toB": 177, "inserted": ["i"]}}
{"dateTime": "2025-08-27T20:49:50.833Z", "eventType": "input.type", "fullPath": "/main.py", "details": {"fromA": 177, "toA": 177, "fromB": 177, "toB": 178, "inserted": ["n"]}}
{"dateTime": "2025-08-27T20:49:51.039Z", "eventType": "input.type", "fullPath": "/main.py", "details": {"fromA": 178, "toA": 178, "fromB": 178, "toB": 179, "inserted": ["t"]}}
{"dateTime": "2025-08-27T20:49:52.416Z", "eventType": "input.complete", "fullPath": "/main.py", "details": {"fromA": 174, "toA": 179, "fromB": 174, "toB": 179, "inserted": ["print"]}}
{"dateTime": "2025-08-27T20:49:53.277Z", "eventType": "input.type", "fullPath": "/main.py", "details": {"fromA": 179, "toA": 179, "fromB": 179, "toB": 180, "inserted": [" "]}}
{"dateTime": "2025-08-27T20:49:54.624Z", "eventType": "input.type", "fullPath": "/main.py", "details": {"fromA": 180, "toA": 180, "fromB": 180, "toB": 182, "inserted": ["()"]}}
{"dateTime": "2025-08-27T20:49:56.280Z", "eventType": "input.type", "fullPath": "/main.py", "details": {"fromA": 181, "toA": 181, "fromB": 181, "toB": 182, "inserted": ["r"]}}
{"dateTime": "2025-08-27T20:49:56.510Z", "eventType": "input.type", "fullPath": "/main.py", "details": {"fromA": 182, "toA": 182, "fromB": 182, "toB": 183, "inserted": ["o"]}}
{"dateTime": "2025-08-27T20:49:56.785Z", "eventType": "input.type", "fullPath": "/main.py", "details": {"fromA": 183, "toA": 183, "fromB": 183, "toB": 184, "inserted": ["u"]}}
{"dateTime": "2025-08-27T20:49:57.056Z", "eventType": "input.type", "fullPath": "/main.py", "details": {"fromA": 184, "toA": 184, "fromB": 184, "toB": 185, "inserted": ["n"]}}
{"dateTime": "2025-08-27T20:49:57.289Z", "eventType": "input.type", "fullPath": "/main.py", "details": {"fromA": 185, "toA": 185, "fromB": 185, "toB": 186, "inserted": ["d"]}}
{"dateTime": "2025-08-27T20:49:58.561Z", "eventType": "input.type", "fullPath": "/main.py", "details": {"fromA": 186, "toA": 186, "fromB": 186, "toB": 187, "inserted": [" "]}}
{"dateTime": "2025-08-27T20:49:59.875Z", "eventType": "input.type", "fullPath": "/main.py", "details": {"fromA": 187, "toA": 187, "fromB": 187, "toB": 189, "inserted": ["()"]}}
{"dateTime": "2025-08-27T20:50:01.514Z", "eventType": "input.type", "fullPath": "/main.py", "details": {"fromA": 188, "toA": 188, "fromB": 188, "toB": 189, "inserted": ["P"]}}
{"dateTime": "2025-08-27T20:50:01.734Z", "eventType": "input.type", "fullPath": "/main.py", "details": {"fromA": 189, "toA": 189, "fromB": 189, "toB": 190, "inserted": ["O"]}}
{"dateTime": "2025-08-27T20:50:01.887Z", "eventType": "input.type", "fullPath": "/main.py", "details": {"fromA": 190, "toA": 190, "fromB": 190, "toB": 191, "inserted": ["P"]}}
{"dateTime": "2025-08-27T20:50:03.869Z", "eventType": "input.type", "fullPath": "/main.py", "details": {"fromA": 191, "toA": 191, "fromB": 191, "toB": 192, "inserted": [","]}}
{"dateTime": "2025-08-27T20:50:04.067Z", "eventType": "input.type", "fullPath": "/main.py", "details": {"fromA": 192, "toA": 192, "fromB": 192, "toB": 193, "inserted": [" "]}}
{"dateTime": "2025-08-27T20:50:04.608Z", "eventType": "input.type", "fullPath": "/main.py", "details": {"fromA": 193, "toA": 193, "fromB": 193, "toB": 194, "inserted": ["2"]}}
{"dateTime": "2025-08-27T20:50:12.274Z", "eventType": "blur", "fullPath": "/main.py"}
{"dateTime": "2025-08-27T20:50:15.707Z", "eventType": "window.blur", "fullPath": "/main.py"}
{"dateTime": "2025-08-27T20:50:17.849Z", "eventType": "window.focus", "fullPath": "/main.py"}
{"dateTime": "2025-08-27T20:50:17.861Z", "eventType": "focus", "fullPath": "/main.py"}
{"dateTime": "2025-08-27T20:50:17.873Z", "eventType": "select.pointer", "fullPath": "/main.py", "details": {"selection": {"from": 70, "to": 70}}}
{"dateTime": "2025-08-27T20:50:22.946Z", "eventType": "blur", "fullPath": "/main.py"}
{"dateTime": "2025-08-27T20:50:30.308Z", "eventType": "focus", "fullPath": "/main.py"}
{"dateTime": "2025-08-27T20:50:30.315Z", "eventType": "select.pointer", "fullPath": "/main.py", "details": {"selection": {"from": 43, "to": 43}}}
{"dateTime": "2025-08-27T20:50:31.120Z", "eventType": "delete.backward", "fullPath": "/main.py", "details": {"fromA": 42, "toA": 43, "fromB": 42, "toB": 42, "inserted": [""]}}
{"dateTime": "2025-08-27T20:50:33.299Z", "eventType": "select.pointer", "fullPath": "/main.py", "details": {"selection": {"from": 30, "to": 30}}}
{"dateTime": "2025-08-27T20:50:33.962Z", "eventType": "delete.backward", "fullPath": "/main.py", "details": {"fromA": 29, "toA": 30, "fromB": 29, "toB": 29, "inserted": [""]}}
{"dateTime": "2025-08-27T20:50:38.163Z", "eventType": "blur", "fullPath": "/main.py"}
{"dateTime": "2025-08-27T20:50:45.222Z", "eventType": "focus", "fullPath": "/main.py"}
{"dateTime": "2025-08-27T20:50:45.228Z", "eventType": "select.pointer", "fullPath": "/main.py", "details": {"selection": {"from": 40, "to": 40}}}
{"dateTime": "2025-08-27T20:50:47.156Z", "eventType": "input.type", "fullPath": "/main.py", "details": {"fromA": 40, "toA": 40, "fromB": 40, "toB": 42, "inserted": ["()"]}}
{"dateTime": "2025-08-27T20:50:51.174Z", "eventType": "blur", "fullPath": "/main.py"}
{"dateTime": "2025-08-27T20:50:58.775Z", "eventType": "submission", "details": {"correctness": 1, "commit": "875086ff82877d151b3c28ce270e51214c793d7c", "executionTime": 0.01}}
