{"dateTime": "2025-08-26T12:16:01.627Z", "eventType": "submission", "details": {"correctness": 1, "commit": "83587235a4f1079635d74a4499bd28442f69f22f", "executionTime": 0.01}}
{"dateTime": "2025-08-26T12:20:25.538Z", "eventType": "focus", "fullPath": "/main.py"}
{"dateTime": "2025-08-26T12:20:25.541Z", "eventType": "select.pointer", "fullPath": "/main.py", "details": {"selection": {"from": 38, "to": 38}}}
{"dateTime": "2025-08-26T12:20:26.122Z", "eventType": "select.pointer", "fullPath": "/main.py", "details": {"selection": {"from": 37, "to": 37}}}
{"dateTime": "2025-08-26T12:20:28.436Z", "eventType": "input.type", "fullPath": "/main.py", "details": {"fromA": 37, "toA": 37, "fromB": 37, "toB": 38, "inserted": ["("]}}
{"dateTime": "2025-08-26T12:20:29.394Z", "eventType": "select", "fullPath": "/main.py", "details": {"selection": {"from": 39, "to": 39}}}
{"dateTime": "2025-08-26T12:20:29.648Z", "eventType": "select", "fullPath": "/main.py", "details": {"selection": {"from": 40, "to": 40}}}
{"dateTime": "2025-08-26T12:20:29.840Z", "eventType": "select", "fullPath": "/main.py", "details": {"selection": {"from": 41, "to": 41}}}
{"dateTime": "2025-08-26T12:20:30.016Z", "eventType": "select", "fullPath": "/main.py", "details": {"selection": {"from": 42, "to": 42}}}
{"dateTime": "2025-08-26T12:20:30.224Z", "eventType": "select", "fullPath": "/main.py", "details": {"selection": {"from": 43, "to": 43}}}
{"dateTime": "2025-08-26T12:20:30.384Z", "eventType": "select", "fullPath": "/main.py", "details": {"selection": {"from": 44, "to": 44}}}
{"dateTime": "2025-08-26T12:20:30.560Z", "eventType": "select", "fullPath": "/main.py", "details": {"selection": {"from": 45, "to": 45}}}
{"dateTime": "2025-08-26T12:20:30.752Z", "eventType": "select", "fullPath": "/main.py", "details": {"selection": {"from": 46, "to": 46}}}
{"dateTime": "2025-08-26T12:20:32.016Z", "eventType": "input.type", "fullPath": "/main.py", "details": {"fromA": 46, "toA": 46, "fromB": 46, "toB": 47, "inserted": [")"]}}
{"dateTime": "2025-08-26T12:20:32.928Z", "eventType": "select", "fullPath": "/main.py", "details": {"selection": {"from": 46, "to": 46}}}
{"dateTime": "2025-08-26T12:20:33.122Z", "eventType": "select", "fullPath": "/main.py", "details": {"selection": {"from": 45, "to": 45}}}
{"dateTime": "2025-08-26T12:20:33.296Z", "eventType": "select", "fullPath": "/main.py", "details": {"selection": {"from": 44, "to": 44}}}
{"dateTime": "2025-08-26T12:20:33.505Z", "eventType": "select", "fullPath": "/main.py", "details": {"selection": {"from": 43, "to": 43}}}
{"dateTime": "2025-08-26T12:20:34.147Z", "eventType": "delete.backward", "fullPath": "/main.py", "details": {"fromA": 42, "toA": 43, "fromB": 42, "toB": 42, "inserted": [""]}}
{"dateTime": "2025-08-26T12:20:35.008Z", "eventType": "select", "fullPath": "/main.py", "details": {"selection": {"from": 41, "to": 41}}}
{"dateTime": "2025-08-26T12:20:35.442Z", "eventType": "delete.backward", "fullPath": "/main.py", "details": {"fromA": 40, "toA": 41, "fromB": 40, "toB": 40, "inserted": [""]}}
{"dateTime": "2025-08-26T12:20:36.273Z", "eventType": "select", "fullPath": "/main.py", "details": {"selection": {"from": 41, "to": 41}}}
{"dateTime": "2025-08-26T12:20:36.464Z", "eventType": "select", "fullPath": "/main.py", "details": {"selection": {"from": 42, "to": 42}}}
{"dateTime": "2025-08-26T12:20:36.656Z", "eventType": "select", "fullPath": "/main.py", "details": {"selection": {"from": 43, "to": 43}}}
{"dateTime": "2025-08-26T12:20:36.866Z", "eventType": "select", "fullPath": "/main.py", "details": {"selection": {"from": 44, "to": 44}}}
{"dateTime": "2025-08-26T12:20:37.218Z", "eventType": "select", "fullPath": "/main.py", "details": {"selection": {"from": 43, "to": 43}}}
{"dateTime": "2025-08-26T12:20:37.716Z", "eventType": "select", "fullPath": "/main.py", "details": {"selection": {"from": 42, "to": 42}}}
{"dateTime": "2025-08-26T12:20:37.766Z", "eventType": "select", "fullPath": "/main.py", "details": {"selection": {"from": 41, "to": 41}}}
{"dateTime": "2025-08-26T12:20:37.817Z", "eventType": "select", "fullPath": "/main.py", "details": {"selection": {"from": 40, "to": 40}}}
{"dateTime": "2025-08-26T12:20:37.868Z", "eventType": "select", "fullPath": "/main.py", "details": {"selection": {"from": 39, "to": 39}}}
{"dateTime": "2025-08-26T12:20:37.919Z", "eventType": "select", "fullPath": "/main.py", "details": {"selection": {"from": 38, "to": 38}}}
{"dateTime": "2025-08-26T12:20:37.969Z", "eventType": "select", "fullPath": "/main.py", "details": {"selection": {"from": 37, "to": 37}}}
{"dateTime": "2025-08-26T12:20:39.124Z", "eventType": "input.type", "fullPath": "/main.py", "details": {"fromA": 37, "toA": 37, "fromB": 37, "toB": 38, "inserted": ["("]}}
{"dateTime": "2025-08-26T12:20:39.700Z", "eventType": "select", "fullPath": "/main.py", "details": {"selection": {"from": 54, "to": 54}}}
{"dateTime": "2025-08-26T12:20:40.723Z", "eventType": "input.type", "fullPath": "/main.py", "details": {"fromA": 54, "toA": 54, "fromB": 54, "toB": 55, "inserted": [")"]}}
{"dateTime": "2025-08-26T12:20:41.585Z", "eventType": "select", "fullPath": "/main.py", "details": {"selection": {"from": 54, "to": 54}}}
{"dateTime": "2025-08-26T12:20:42.086Z", "eventType": "select", "fullPath": "/main.py", "details": {"selection": {"from": 53, "to": 53}}}
{"dateTime": "2025-08-26T12:20:42.134Z", "eventType": "select", "fullPath": "/main.py", "details": {"selection": {"from": 52, "to": 52}}}
{"dateTime": "2025-08-26T12:20:42.184Z", "eventType": "select", "fullPath": "/main.py", "details": {"selection": {"from": 51, "to": 51}}}
{"dateTime": "2025-08-26T12:20:42.235Z", "eventType": "select", "fullPath": "/main.py", "details": {"selection": {"from": 50, "to": 50}}}
{"dateTime": "2025-08-26T12:20:42.285Z", "eventType": "select", "fullPath": "/main.py", "details": {"selection": {"from": 49, "to": 49}}}
{"dateTime": "2025-08-26T12:20:42.335Z", "eventType": "select", "fullPath": "/main.py", "details": {"selection": {"from": 48, "to": 48}}}
{"dateTime": "2025-08-26T12:20:42.384Z", "eventType": "select", "fullPath": "/main.py", "details": {"selection": {"from": 47, "to": 47}}}
{"dateTime": "2025-08-26T12:20:42.436Z", "eventType": "select", "fullPath": "/main.py", "details": {"selection": {"from": 46, "to": 46}}}
{"dateTime": "2025-08-26T12:20:42.485Z", "eventType": "select", "fullPath": "/main.py", "details": {"selection": {"from": 45, "to": 45}}}
{"dateTime": "2025-08-26T12:20:42.536Z", "eventType": "select", "fullPath": "/main.py", "details": {"selection": {"from": 44, "to": 44}}}
{"dateTime": "2025-08-26T12:20:42.584Z", "eventType": "select", "fullPath": "/main.py", "details": {"selection": {"from": 43, "to": 43}}}
{"dateTime": "2025-08-26T12:20:42.635Z", "eventType": "select", "fullPath": "/main.py", "details": {"selection": {"from": 42, "to": 42}}}
{"dateTime": "2025-08-26T12:20:42.683Z", "eventType": "select", "fullPath": "/main.py", "details": {"selection": {"from": 41, "to": 41}}}
{"dateTime": "2025-08-26T12:20:42.735Z", "eventType": "select", "fullPath": "/main.py", "details": {"selection": {"from": 40, "to": 40}}}
{"dateTime": "2025-08-26T12:20:42.946Z", "eventType": "select", "fullPath": "/main.py", "details": {"selection": {"from": 39, "to": 39}}}
{"dateTime": "2025-08-26T12:20:43.154Z", "eventType": "select", "fullPath": "/main.py", "details": {"selection": {"from": 38, "to": 38}}}
{"dateTime": "2025-08-26T12:20:43.329Z", "eventType": "select", "fullPath": "/main.py", "details": {"selection": {"from": 37, "to": 37}}}
{"dateTime": "2025-08-26T12:20:44.084Z", "eventType": "input.type", "fullPath": "/main.py", "details": {"fromA": 37, "toA": 37, "fromB": 37, "toB": 38, "inserted": ["p"]}}
{"dateTime": "2025-08-26T12:20:44.288Z", "eventType": "input.type", "fullPath": "/main.py", "details": {"fromA": 38, "toA": 38, "fromB": 38, "toB": 39, "inserted": ["r"]}}
{"dateTime": "2025-08-26T12:20:44.372Z", "eventType": "input.type", "fullPath": "/main.py", "details": {"fromA": 39, "toA": 39, "fromB": 39, "toB": 40, "inserted": ["e"]}}
{"dateTime": "2025-08-26T12:20:44.867Z", "eventType": "input.type", "fullPath": "/main.py", "details": {"fromA": 40, "toA": 40, "fromB": 40, "toB": 41, "inserted": ["c"]}}
{"dateTime": "2025-08-26T12:20:45.060Z", "eventType": "input.type", "fullPath": "/main.py", "details": {"fromA": 41, "toA": 41, "fromB": 41, "toB": 42, "inserted": ["o"]}}
{"dateTime": "2025-08-26T12:20:45.188Z", "eventType": "input.type", "fullPath": "/main.py", "details": {"fromA": 42, "toA": 42, "fromB": 42, "toB": 43, "inserted": [" "]}}
{"dateTime": "2025-08-26T12:20:46.036Z", "eventType": "input.type", "fullPath": "/main.py", "details": {"fromA": 43, "toA": 43, "fromB": 43, "toB": 44, "inserted": ["-"]}}
{"dateTime": "2025-08-26T12:20:46.180Z", "eventType": "input.type", "fullPath": "/main.py", "details": {"fromA": 44, "toA": 44, "fromB": 44, "toB": 45, "inserted": [" "]}}
{"dateTime": "2025-08-26T12:20:51.248Z", "eventType": "blur", "fullPath": "/main.py"}
