{"dateTime": "2025-08-28T18:25:10.822Z", "eventType": "focus", "fullPath": "/main.py"}
{"dateTime": "2025-08-28T18:25:10.833Z", "eventType": "select.pointer", "fullPath": "/main.py", "details": {"selection": {"from": 0, "to": 0}}}
{"dateTime": "2025-08-28T18:25:12.090Z", "eventType": "input.type", "fullPath": "/main.py", "details": {"fromA": 0, "toA": 0, "fromB": 0, "toB": 1, "inserted": ["t"]}}
{"dateTime": "2025-08-28T18:25:12.142Z", "eventType": "input.type", "fullPath": "/main.py", "details": {"fromA": 1, "toA": 1, "fromB": 1, "toB": 2, "inserted": ["e"]}}
{"dateTime": "2025-08-28T18:25:12.194Z", "eventType": "input.type", "fullPath": "/main.py", "details": {"fromA": 2, "toA": 2, "fromB": 2, "toB": 3, "inserted": ["m"]}}
{"dateTime": "2025-08-28T18:25:12.356Z", "eventType": "input.type", "fullPath": "/main.py", "details": {"fromA": 3, "toA": 3, "fromB": 3, "toB": 4, "inserted": ["p"]}}
{"dateTime": "2025-08-28T18:25:12.417Z", "eventType": "input.type", "fullPath": "/main.py", "details": {"fromA": 4, "toA": 4, "fromB": 4, "toB": 5, "inserted": ["o"]}}
{"dateTime": "2025-08-28T18:25:13.105Z", "eventType": "input.type", "fullPath": "/main.py", "details": {"fromA": 5, "toA": 5, "fromB": 5, "toB": 6, "inserted": ["_"]}}
{"dateTime": "2025-08-28T18:25:13.216Z", "eventType": "input.type", "fullPath": "/main.py", "details": {"fromA": 6, "toA": 6, "fromB": 6, "toB": 7, "inserted": ["e"]}}
{"dateTime": "2025-08-28T18:25:13.505Z", "eventType": "input.type", "fullPath": "/main.py", "details": {"fromA": 7, "toA": 7, "fromB": 7, "toB": 8, "inserted": ["s"]}}
{"dateTime": "2025-08-28T18:25:13.613Z", "eventType": "input.type", "fullPath": "/main.py", "details": {"fromA": 8, "toA": 8, "fromB": 8, "toB": 9, "inserted": ["t"]}}
{"dateTime": "2025-08-28T18:25:13.905Z", "eventType": "input.type", "fullPath": "/main.py", "details": {"fromA": 9, "toA": 9, "fromB": 9, "toB": 10, "inserted": ["a"]}}
{"dateTime": "2025-08-28T18:25:14.030Z", "eventType": "input.type", "fullPath": "/main.py", "details": {"fromA": 10, "toA": 10, "fromB": 10, "toB": 11, "inserted": ["c"]}}
{"dateTime": "2025-08-28T18:25:15.136Z", "eventType": "input.type", "fullPath": "/main.py", "details": {"fromA": 11, "toA": 11, "fromB": 11, "toB": 12, "inserted": ["i"]}}
{"dateTime": "2025-08-28T18:25:15.581Z", "eventType": "delete.backward", "fullPath": "/main.py", "details": {"fromA": 11, "toA": 12, "fromB": 11, "toB": 11, "inserted": [""]}}
{"dateTime": "2025-08-28T18:25:15.727Z", "eventType": "delete.backward", "fullPath": "/main.py", "details": {"fromA": 10, "toA": 11, "fromB": 10, "toB": 10, "inserted": [""]}}
{"dateTime": "2025-08-28T18:25:15.870Z", "eventType": "delete.backward", "fullPath": "/main.py", "details": {"fromA": 9, "toA": 10, "fromB": 9, "toB": 9, "inserted": [""]}}
{"dateTime": "2025-08-28T18:25:16.753Z", "eventType": "input.type", "fullPath": "/main.py", "details": {"fromA": 9, "toA": 9, "fromB": 9, "toB": 10, "inserted": [" "]}}
{"dateTime": "2025-08-28T18:25:16.870Z", "eventType": "input.type", "fullPath": "/main.py", "details": {"fromA": 10, "toA": 10, "fromB": 10, "toB": 11, "inserted": ["="]}}
{"dateTime": "2025-08-28T18:25:16.945Z", "eventType": "input.type", "fullPath": "/main.py", "details": {"fromA": 11, "toA": 11, "fromB": 11, "toB": 12, "inserted": [" "]}}
{"dateTime": "2025-08-28T18:25:23.240Z", "eventType": "input.type", "fullPath": "/main.py", "details": {"fromA": 12, "toA": 12, "fromB": 12, "toB": 13, "inserted": ["i"]}}
{"dateTime": "2025-08-28T18:25:23.315Z", "eventType": "input.type", "fullPath": "/main.py", "details": {"fromA": 13, "toA": 13, "fromB": 13, "toB": 14, "inserted": ["n"]}}
{"dateTime": "2025-08-28T18:25:23.444Z", "eventType": "input.type", "fullPath": "/main.py", "details": {"fromA": 14, "toA": 14, "fromB": 14, "toB": 15, "inserted": ["t"]}}
{"dateTime": "2025-08-28T18:25:24.083Z", "eventType": "input.type", "fullPath": "/main.py", "details": {"fromA": 15, "toA": 15, "fromB": 15, "toB": 17, "inserted": ["()"]}}
{"dateTime": "2025-08-28T18:25:24.452Z", "eventType": "input.type", "fullPath": "/main.py", "details": {"fromA": 16, "toA": 16, "fromB": 16, "toB": 17, "inserted": ["i"]}}
{"dateTime": "2025-08-28T18:25:24.562Z", "eventType": "input.type", "fullPath": "/main.py", "details": {"fromA": 17, "toA": 17, "fromB": 17, "toB": 18, "inserted": ["n"]}}
{"dateTime": "2025-08-28T18:25:24.777Z", "eventType": "input.type", "fullPath": "/main.py", "details": {"fromA": 18, "toA": 18, "fromB": 18, "toB": 19, "inserted": ["p"]}}
{"dateTime": "2025-08-28T18:25:25.426Z", "eventType": "input.complete", "fullPath": "/main.py", "details": {"fromA": 16, "toA": 19, "fromB": 16, "toB": 21, "inserted": ["input"]}}
{"dateTime": "2025-08-28T18:25:26.370Z", "eventType": "input.type", "fullPath": "/main.py", "details": {"fromA": 21, "toA": 21, "fromB": 21, "toB": 23, "inserted": ["()"]}}
{"dateTime": "2025-08-28T18:25:26.798Z", "eventType": "select", "fullPath": "/main.py", "details": {"selection": {"from": 23, "to": 23}}}
{"dateTime": "2025-08-28T18:25:26.976Z", "eventType": "select", "fullPath": "/main.py", "details": {"selection": {"from": 24, "to": 24}}}
{"dateTime": "2025-08-28T18:25:27.213Z", "eventType": "input", "fullPath": "/main.py", "details": {"fromA": 24, "toA": 24, "fromB": 24, "toB": 25, "inserted": ["", ""]}}
{"dateTime": "2025-08-28T18:25:27.393Z", "eventType": "input", "fullPath": "/main.py", "details": {"fromA": 25, "toA": 25, "fromB": 25, "toB": 26, "inserted": ["", ""]}}
{"dateTime": "2025-08-28T18:26:22.331Z", "eventType": "input.type", "fullPath": "/main.py", "details": {"fromA": 26, "toA": 26, "fromB": 26, "toB": 27, "inserted": ["c"]}}
{"dateTime": "2025-08-28T18:26:22.547Z", "eventType": "input.type", "fullPath": "/main.py", "details": {"fromA": 27, "toA": 27, "fromB": 27, "toB": 28, "inserted": ["l"]}}
{"dateTime": "2025-08-28T18:26:22.736Z", "eventType": "input.type", "fullPath": "/main.py", "details": {"fromA": 28, "toA": 28, "fromB": 28, "toB": 29, "inserted": ["a"]}}
{"dateTime": "2025-08-28T18:26:23.021Z", "eventType": "delete.backward", "fullPath": "/main.py", "details": {"fromA": 28, "toA": 29, "fromB": 28, "toB": 28, "inserted": [""]}}
{"dateTime": "2025-08-28T18:26:23.175Z", "eventType": "delete.backward", "fullPath": "/main.py", "details": {"fromA": 27, "toA": 28, "fromB": 27, "toB": 27, "inserted": [""]}}
{"dateTime": "2025-08-28T18:26:23.281Z", "eventType": "delete.backward", "fullPath": "/main.py", "details": {"fromA": 26, "toA": 27, "fromB": 26, "toB": 26, "inserted": [""]}}
{"dateTime": "2025-08-28T18:26:23.966Z", "eventType": "input.type", "fullPath": "/main.py", "details": {"fromA": 26, "toA": 26, "fromB": 26, "toB": 27, "inserted": ["c"]}}
{"dateTime": "2025-08-28T18:26:24.035Z", "eventType": "input.type", "fullPath": "/main.py", "details": {"fromA": 27, "toA": 27, "fromB": 27, "toB": 28, "inserted": ["a"]}}
{"dateTime": "2025-08-28T18:26:24.130Z", "eventType": "input.type", "fullPath": "/main.py", "details": {"fromA": 28, "toA": 28, "fromB": 28, "toB": 29, "inserted": ["l"]}}
{"dateTime": "2025-08-28T18:26:24.209Z", "eventType": "input.type", "fullPath": "/main.py", "details": {"fromA": 29, "toA": 29, "fromB": 29, "toB": 30, "inserted": ["c"]}}
{"dateTime": "2025-08-28T18:26:24.338Z", "eventType": "input.type", "fullPath": "/main.py", "details": {"fromA": 30, "toA": 30, "fromB": 30, "toB": 31, "inserted": ["u"]}}
{"dateTime": "2025-08-28T18:26:24.577Z", "eventType": "input.type", "fullPath": "/main.py", "details": {"fromA": 31, "toA": 31, "fromB": 31, "toB": 32, "inserted": ["l"]}}
{"dateTime": "2025-08-28T18:26:24.754Z", "eventType": "input.type", "fullPath": "/main.py", "details": {"fromA": 32, "toA": 32, "fromB": 32, "toB": 33, "inserted": ["o"]}}
{"dateTime": "2025-08-28T18:26:24.913Z", "eventType": "input.type", "fullPath": "/main.py", "details": {"fromA": 33, "toA": 33, "fromB": 33, "toB": 34, "inserted": [" "]}}
{"dateTime": "2025-08-28T18:26:24.995Z", "eventType": "input.type", "fullPath": "/main.py", "details": {"fromA": 34, "toA": 34, "fromB": 34, "toB": 35, "inserted": ["="]}}
{"dateTime": "2025-08-28T18:26:25.121Z", "eventType": "input.type", "fullPath": "/main.py", "details": {"fromA": 35, "toA": 35, "fromB": 35, "toB": 36, "inserted": [" "]}}
{"dateTime": "2025-08-28T18:26:30.961Z", "eventType": "delete.backward", "fullPath": "/main.py", "details": {"fromA": 35, "toA": 36, "fromB": 35, "toB": 35, "inserted": [""]}}
{"dateTime": "2025-08-28T18:26:31.459Z", "eventType": "delete.backward", "fullPath": "/main.py", "details": {"fromA": 34, "toA": 35, "fromB": 34, "toB": 34, "inserted": [""]}}
{"dateTime": "2025-08-28T18:26:31.509Z", "eventType": "delete.backward", "fullPath": "/main.py", "details": {"fromA": 33, "toA": 34, "fromB": 33, "toB": 33, "inserted": [""]}}
{"dateTime": "2025-08-28T18:26:31.559Z", "eventType": "delete.backward", "fullPath": "/main.py", "details": {"fromA": 32, "toA": 33, "fromB": 32, "toB": 32, "inserted": [""]}}
{"dateTime": "2025-08-28T18:26:31.608Z", "eventType": "delete.backward", "fullPath": "/main.py", "details": {"fromA": 31, "toA": 32, "fromB": 31, "toB": 31, "inserted": [""]}}
{"dateTime": "2025-08-28T18:26:31.657Z", "eventType": "delete.backward", "fullPath": "/main.py", "details": {"fromA": 30, "toA": 31, "fromB": 30, "toB": 30, "inserted": [""]}}
{"dateTime": "2025-08-28T18:26:32.047Z", "eventType": "delete.backward", "fullPath": "/main.py", "details": {"fromA": 29, "toA": 30, "fromB": 29, "toB": 29, "inserted": [""]}}
{"dateTime": "2025-08-28T18:26:32.222Z", "eventType": "delete.backward", "fullPath": "/main.py", "details": {"fromA": 28, "toA": 29, "fromB": 28, "toB": 28, "inserted": [""]}}
{"dateTime": "2025-08-28T18:26:32.447Z", "eventType": "delete.backward", "fullPath": "/main.py", "details": {"fromA": 27, "toA": 28, "fromB": 27, "toB": 27, "inserted": [""]}}
{"dateTime": "2025-08-28T18:26:32.702Z", "eventType": "delete.backward", "fullPath": "/main.py", "details": {"fromA": 26, "toA": 27, "fromB": 26, "toB": 26, "inserted": [""]}}
{"dateTime": "2025-08-28T18:26:33.553Z", "eventType": "input.type", "fullPath": "/main.py", "details": {"fromA": 26, "toA": 26, "fromB": 26, "toB": 27, "inserted": ["v"]}}
{"dateTime": "2025-08-28T18:26:33.649Z", "eventType": "input.type", "fullPath": "/main.py", "details": {"fromA": 27, "toA": 27, "fromB": 27, "toB": 28, "inserted": ["a"]}}
{"dateTime": "2025-08-28T18:26:33.709Z", "eventType": "input.type", "fullPath": "/main.py", "details": {"fromA": 28, "toA": 28, "fromB": 28, "toB": 29, "inserted": ["l"]}}
{"dateTime": "2025-08-28T18:26:33.861Z", "eventType": "input.type", "fullPath": "/main.py", "details": {"fromA": 29, "toA": 29, "fromB": 29, "toB": 30, "inserted": ["o"]}}
{"dateTime": "2025-08-28T18:26:33.906Z", "eventType": "input.type", "fullPath": "/main.py", "details": {"fromA": 30, "toA": 30, "fromB": 30, "toB": 31, "inserted": ["r"]}}
{"dateTime": "2025-08-28T18:26:34.657Z", "eventType": "input.type", "fullPath": "/main.py", "details": {"fromA": 31, "toA": 31, "fromB": 31, "toB": 32, "inserted": ["_"]}}
{"dateTime": "2025-08-28T18:26:34.896Z", "eventType": "input.type", "fullPath": "/main.py", "details": {"fromA": 32, "toA": 32, "fromB": 32, "toB": 33, "inserted": ["g"]}}
{"dateTime": "2025-08-28T18:26:34.976Z", "eventType": "input.type", "fullPath": "/main.py", "details": {"fromA": 33, "toA": 33, "fromB": 33, "toB": 34, "inserted": ["a"]}}
{"dateTime": "2025-08-28T18:26:35.628Z", "eventType": "input.type", "fullPath": "/main.py", "details": {"fromA": 34, "toA": 34, "fromB": 34, "toB": 35, "inserted": ["s"]}}
{"dateTime": "2025-08-28T18:26:35.760Z", "eventType": "input.type", "fullPath": "/main.py", "details": {"fromA": 35, "toA": 35, "fromB": 35, "toB": 36, "inserted": ["t"]}}
{"dateTime": "2025-08-28T18:26:35.889Z", "eventType": "input.type", "fullPath": "/main.py", "details": {"fromA": 36, "toA": 36, "fromB": 36, "toB": 37, "inserted": ["o"]}}
{"dateTime": "2025-08-28T18:26:36.060Z", "eventType": "input.type", "fullPath": "/main.py", "details": {"fromA": 37, "toA": 37, "fromB": 37, "toB": 38, "inserted": [" "]}}
{"dateTime": "2025-08-28T18:26:36.192Z", "eventType": "input.type", "fullPath": "/main.py", "details": {"fromA": 38, "toA": 38, "fromB": 38, "toB": 39, "inserted": ["="]}}
{"dateTime": "2025-08-28T18:26:36.337Z", "eventType": "input.type", "fullPath": "/main.py", "details": {"fromA": 39, "toA": 39, "fromB": 39, "toB": 40, "inserted": [" "]}}
{"dateTime": "2025-08-28T18:26:37.390Z", "eventType": "input.type", "fullPath": "/main.py", "details": {"fromA": 40, "toA": 40, "fromB": 40, "toB": 42, "inserted": ["()"]}}
{"dateTime": "2025-08-28T18:26:39.778Z", "eventType": "input.type", "fullPath": "/main.py", "details": {"fromA": 41, "toA": 41, "fromB": 41, "toB": 42, "inserted": ["t"]}}
{"dateTime": "2025-08-28T18:26:39.841Z", "eventType": "input.type", "fullPath": "/main.py", "details": {"fromA": 42, "toA": 42, "fromB": 42, "toB": 43, "inserted": ["e"]}}
{"dateTime": "2025-08-28T18:26:39.975Z", "eventType": "input.type", "fullPath": "/main.py", "details": {"fromA": 43, "toA": 43, "fromB": 43, "toB": 44, "inserted": ["m"]}}
{"dateTime": "2025-08-28T18:26:40.608Z", "eventType": "input.complete", "fullPath": "/main.py", "details": {"fromA": 41, "toA": 44, "fromB": 41, "toB": 50, "inserted": ["tempo_est"]}}
{"dateTime": "2025-08-28T18:26:40.848Z", "eventType": "input.type", "fullPath": "/main.py", "details": {"fromA": 50, "toA": 50, "fromB": 50, "toB": 51, "inserted": [" "]}}
{"dateTime": "2025-08-28T18:26:41.425Z", "eventType": "input.type", "fullPath": "/main.py", "details": {"fromA": 51, "toA": 51, "fromB": 51, "toB": 52, "inserted": ["*"]}}
{"dateTime": "2025-08-28T18:26:41.504Z", "eventType": "input.type", "fullPath": "/main.py", "details": {"fromA": 52, "toA": 52, "fromB": 52, "toB": 53, "inserted": [" "]}}
{"dateTime": "2025-08-28T18:26:42.752Z", "eventType": "input.type", "fullPath": "/main.py", "details": {"fromA": 53, "toA": 53, "fromB": 53, "toB": 54, "inserted": ["1"]}}
{"dateTime": "2025-08-28T18:26:42.976Z", "eventType": "input.type", "fullPath": "/main.py", "details": {"fromA": 54, "toA": 54, "fromB": 54, "toB": 55, "inserted": ["5"]}}
{"dateTime": "2025-08-28T18:26:43.615Z", "eventType": "input.type", "fullPath": "/main.py", "details": {"fromA": 55, "toA": 55, "fromB": 55, "toB": 56, "inserted": ["."]}}
{"dateTime": "2025-08-28T18:26:43.825Z", "eventType": "input.type", "fullPath": "/main.py", "details": {"fromA": 56, "toA": 56, "fromB": 56, "toB": 57, "inserted": ["0"]}}
{"dateTime": "2025-08-28T18:26:43.968Z", "eventType": "input.type", "fullPath": "/main.py", "details": {"fromA": 57, "toA": 57, "fromB": 57, "toB": 58, "inserted": ["0"]}}
{"dateTime": "2025-08-28T18:26:44.494Z", "eventType": "select", "fullPath": "/main.py", "details": {"selection": {"from": 59, "to": 59}}}
{"dateTime": "2025-08-28T18:27:25.521Z", "eventType": "input.type", "fullPath": "/main.py", "details": {"fromA": 59, "toA": 59, "fromB": 59, "toB": 60, "inserted": [")"]}}
{"dateTime": "2025-08-28T18:27:26.014Z", "eventType": "select", "fullPath": "/main.py", "details": {"selection": {"from": 59, "to": 59}}}
{"dateTime": "2025-08-28T18:27:26.511Z", "eventType": "select", "fullPath": "/main.py", "details": {"selection": {"from": 58, "to": 58}}}
{"dateTime": "2025-08-28T18:27:26.565Z", "eventType": "select", "fullPath": "/main.py", "details": {"selection": {"from": 57, "to": 57}}}
{"dateTime": "2025-08-28T18:27:26.615Z", "eventType": "select", "fullPath": "/main.py", "details": {"selection": {"from": 56, "to": 56}}}
{"dateTime": "2025-08-28T18:27:26.665Z", "eventType": "select", "fullPath": "/main.py", "details": {"selection": {"from": 55, "to": 55}}}
{"dateTime": "2025-08-28T18:27:26.715Z", "eventType": "select", "fullPath": "/main.py", "details": {"selection": {"from": 54, "to": 54}}}
{"dateTime": "2025-08-28T18:27:26.768Z", "eventType": "select", "fullPath": "/main.py", "details": {"selection": {"from": 53, "to": 53}}}
{"dateTime": "2025-08-28T18:27:26.816Z", "eventType": "select", "fullPath": "/main.py", "details": {"selection": {"from": 52, "to": 52}}}
{"dateTime": "2025-08-28T18:27:26.867Z", "eventType": "select", "fullPath": "/main.py", "details": {"selection": {"from": 51, "to": 51}}}
{"dateTime": "2025-08-28T18:27:26.916Z", "eventType": "select", "fullPath": "/main.py", "details": {"selection": {"from": 50, "to": 50}}}
{"dateTime": "2025-08-28T18:27:26.968Z", "eventType": "select", "fullPath": "/main.py", "details": {"selection": {"from": 49, "to": 49}}}
{"dateTime": "2025-08-28T18:27:27.018Z", "eventType": "select", "fullPath": "/main.py", "details": {"selection": {"from": 48, "to": 48}}}
{"dateTime": "2025-08-28T18:27:27.068Z", "eventType": "select", "fullPath": "/main.py", "details": {"selection": {"from": 47, "to": 47}}}
{"dateTime": "2025-08-28T18:27:27.119Z", "eventType": "select", "fullPath": "/main.py", "details": {"selection": {"from": 46, "to": 46}}}
{"dateTime": "2025-08-28T18:27:27.170Z", "eventType": "select", "fullPath": "/main.py", "details": {"selection": {"from": 45, "to": 45}}}
{"dateTime": "2025-08-28T18:27:27.342Z", "eventType": "select", "fullPath": "/main.py", "details": {"selection": {"from": 44, "to": 44}}}
{"dateTime": "2025-08-28T18:27:27.469Z", "eventType": "select", "fullPath": "/main.py", "details": {"selection": {"from": 43, "to": 43}}}
{"dateTime": "2025-08-28T18:27:27.597Z", "eventType": "select", "fullPath": "/main.py", "details": {"selection": {"from": 42, "to": 42}}}
{"dateTime": "2025-08-28T18:27:27.727Z", "eventType": "select", "fullPath": "/main.py", "details": {"selection": {"from": 41, "to": 41}}}
{"dateTime": "2025-08-28T18:27:27.933Z", "eventType": "select", "fullPath": "/main.py", "details": {"selection": {"from": 40, "to": 40}}}
{"dateTime": "2025-08-28T18:27:29.167Z", "eventType": "input.type", "fullPath": "/main.py", "details": {"fromA": 40, "toA": 40, "fromB": 40, "toB": 41, "inserted": ["("]}}
{"dateTime": "2025-08-28T18:27:29.439Z", "eventType": "select", "fullPath": "/main.py", "details": {"selection": {"from": 42, "to": 42}}}
{"dateTime": "2025-08-28T18:27:29.938Z", "eventType": "select", "fullPath": "/main.py", "details": {"selection": {"from": 43, "to": 43}}}
{"dateTime": "2025-08-28T18:27:29.985Z", "eventType": "select", "fullPath": "/main.py", "details": {"selection": {"from": 44, "to": 44}}}
{"dateTime": "2025-08-28T18:27:30.038Z", "eventType": "select", "fullPath": "/main.py", "details": {"selection": {"from": 45, "to": 45}}}
{"dateTime": "2025-08-28T18:27:30.087Z", "eventType": "select", "fullPath": "/main.py", "details": {"selection": {"from": 46, "to": 46}}}
{"dateTime": "2025-08-28T18:27:30.138Z", "eventType": "select", "fullPath": "/main.py", "details": {"selection": {"from": 47, "to": 47}}}
{"dateTime": "2025-08-28T18:27:30.187Z", "eventType": "select", "fullPath": "/main.py", "details": {"selection": {"from": 48, "to": 48}}}
{"dateTime": "2025-08-28T18:27:30.238Z", "eventType": "select", "fullPath": "/main.py", "details": {"selection": {"from": 49, "to": 49}}}
{"dateTime": "2025-08-28T18:27:30.288Z", "eventType": "select", "fullPath": "/main.py", "details": {"selection": {"from": 50, "to": 50}}}
{"dateTime": "2025-08-28T18:27:30.337Z", "eventType": "select", "fullPath": "/main.py", "details": {"selection": {"from": 51, "to": 51}}}
{"dateTime": "2025-08-28T18:27:30.388Z", "eventType": "select", "fullPath": "/main.py", "details": {"selection": {"from": 52, "to": 52}}}
{"dateTime": "2025-08-28T18:27:30.439Z", "eventType": "select", "fullPath": "/main.py", "details": {"selection": {"from": 53, "to": 53}}}
{"dateTime": "2025-08-28T18:27:30.489Z", "eventType": "select", "fullPath": "/main.py", "details": {"selection": {"from": 54, "to": 54}}}
{"dateTime": "2025-08-28T18:27:30.540Z", "eventType": "select", "fullPath": "/main.py", "details": {"selection": {"from": 55, "to": 55}}}
{"dateTime": "2025-08-28T18:27:30.589Z", "eventType": "select", "fullPath": "/main.py", "details": {"selection": {"from": 56, "to": 56}}}
{"dateTime": "2025-08-28T18:27:30.640Z", "eventType": "select", "fullPath": "/main.py", "details": {"selection": {"from": 57, "to": 57}}}
{"dateTime": "2025-08-28T18:27:30.689Z", "eventType": "select", "fullPath": "/main.py", "details": {"selection": {"from": 58, "to": 58}}}
{"dateTime": "2025-08-28T18:27:30.894Z", "eventType": "select", "fullPath": "/main.py", "details": {"selection": {"from": 59, "to": 59}}}
{"dateTime": "2025-08-28T18:27:31.086Z", "eventType": "select", "fullPath": "/main.py", "details": {"selection": {"from": 60, "to": 60}}}
{"dateTime": "2025-08-28T18:27:31.584Z", "eventType": "input.type", "fullPath": "/main.py", "details": {"fromA": 60, "toA": 60, "fromB": 60, "toB": 61, "inserted": [" "]}}
{"dateTime": "2025-08-28T18:27:31.824Z", "eventType": "input.type", "fullPath": "/main.py", "details": {"fromA": 61, "toA": 61, "fromB": 61, "toB": 62, "inserted": ["+"]}}
{"dateTime": "2025-08-28T18:27:31.932Z", "eventType": "input.type", "fullPath": "/main.py", "details": {"fromA": 62, "toA": 62, "fromB": 62, "toB": 63, "inserted": [" "]}}
{"dateTime": "2025-08-28T18:27:33.310Z", "eventType": "input.type", "fullPath": "/main.py", "details": {"fromA": 63, "toA": 63, "fromB": 63, "toB": 64, "inserted": [" "]}}
{"dateTime": "2025-08-28T18:27:33.969Z", "eventType": "input.type", "fullPath": "/main.py", "details": {"fromA": 64, "toA": 64, "fromB": 64, "toB": 65, "inserted": ["5"]}}
{"dateTime": "2025-08-28T18:27:34.241Z", "eventType": "input.type", "fullPath": "/main.py", "details": {"fromA": 65, "toA": 65, "fromB": 65, "toB": 66, "inserted": ["."]}}
{"dateTime": "2025-08-28T18:27:34.497Z", "eventType": "input.type", "fullPath": "/main.py", "details": {"fromA": 66, "toA": 66, "fromB": 66, "toB": 67, "inserted": ["0"]}}
{"dateTime": "2025-08-28T18:27:34.625Z", "eventType": "input.type", "fullPath": "/main.py", "details": {"fromA": 67, "toA": 67, "fromB": 67, "toB": 68, "inserted": ["0"]}}
{"dateTime": "2025-08-28T18:27:35.325Z", "eventType": "select", "fullPath": "/main.py", "details": {"selection": {"from": 69, "to": 69}}}
{"dateTime": "2025-08-28T18:27:36.929Z", "eventType": "input.type", "fullPath": "/main.py", "details": {"fromA": 69, "toA": 69, "fromB": 69, "toB": 70, "inserted": [" "]}}
{"dateTime": "2025-08-28T18:27:37.265Z", "eventType": "input.type", "fullPath": "/main.py", "details": {"fromA": 70, "toA": 70, "fromB": 70, "toB": 71, "inserted": ["+"]}}
{"dateTime": "2025-08-28T18:27:37.537Z", "eventType": "input.type", "fullPath": "/main.py", "details": {"fromA": 71, "toA": 71, "fromB": 71, "toB": 72, "inserted": [" "]}}
{"dateTime": "2025-08-28T18:27:38.209Z", "eventType": "input.type", "fullPath": "/main.py", "details": {"fromA": 72, "toA": 72, "fromB": 72, "toB": 74, "inserted": ["()"]}}
{"dateTime": "2025-08-28T18:28:10.816Z", "eventType": "delete.backward", "fullPath": "/main.py", "details": {"fromA": 72, "toA": 74, "fromB": 72, "toB": 72, "inserted": [""]}}
{"dateTime": "2025-08-28T18:28:10.974Z", "eventType": "delete.backward", "fullPath": "/main.py", "details": {"fromA": 71, "toA": 72, "fromB": 71, "toB": 71, "inserted": [""]}}
{"dateTime": "2025-08-28T18:28:11.102Z", "eventType": "delete.backward", "fullPath": "/main.py", "details": {"fromA": 70, "toA": 71, "fromB": 70, "toB": 70, "inserted": [""]}}
{"dateTime": "2025-08-28T18:28:11.248Z", "eventType": "delete.backward", "fullPath": "/main.py", "details": {"fromA": 69, "toA": 70, "fromB": 69, "toB": 69, "inserted": [""]}}
{"dateTime": "2025-08-28T18:28:14.350Z", "eventType": "input", "fullPath": "/main.py", "details": {"fromA": 69, "toA": 69, "fromB": 69, "toB": 70, "inserted": ["", ""]}}
{"dateTime": "2025-08-28T18:28:15.104Z", "eventType": "input.type", "fullPath": "/main.py", "details": {"fromA": 70, "toA": 70, "fromB": 70, "toB": 71, "inserted": ["a"]}}
{"dateTime": "2025-08-28T18:28:15.198Z", "eventType": "input.type", "fullPath": "/main.py", "details": {"fromA": 71, "toA": 71, "fromB": 71, "toB": 72, "inserted": ["l"]}}
{"dateTime": "2025-08-28T18:28:15.763Z", "eventType": "delete.backward", "fullPath": "/main.py", "details": {"fromA": 71, "toA": 72, "fromB": 71, "toB": 71, "inserted": [""]}}
{"dateTime": "2025-08-28T18:28:15.887Z", "eventType": "delete.backward", "fullPath": "/main.py", "details": {"fromA": 70, "toA": 71, "fromB": 70, "toB": 70, "inserted": [""]}}
