{"dateTime": "2025-08-27T22:32:36.272Z", "eventType": "blur", "fullPath": "/main.py"}
{"dateTime": "2025-08-27T22:32:52.245Z", "eventType": "focus", "fullPath": "/main.py"}
{"dateTime": "2025-08-27T22:32:52.246Z", "eventType": "select.pointer", "fullPath": "/main.py", "details": {"selection": {"from": 438, "to": 438}}}
{"dateTime": "2025-08-27T22:32:52.991Z", "eventType": "input.type", "fullPath": "/main.py", "details": {"fromA": 438, "toA": 438, "fromB": 438, "toB": 439, "inserted": ["r"]}}
{"dateTime": "2025-08-27T22:32:53.131Z", "eventType": "input.type", "fullPath": "/main.py", "details": {"fromA": 439, "toA": 439, "fromB": 439, "toB": 440, "inserted": ["o"]}}
{"dateTime": "2025-08-27T22:32:53.360Z", "eventType": "input.type", "fullPath": "/main.py", "details": {"fromA": 440, "toA": 440, "fromB": 440, "toB": 441, "inserted": ["u"]}}
{"dateTime": "2025-08-27T22:32:53.837Z", "eventType": "input.type", "fullPath": "/main.py", "details": {"fromA": 441, "toA": 441, "fromB": 441, "toB": 442, "inserted": ["n"]}}
{"dateTime": "2025-08-27T22:32:53.912Z", "eventType": "input.type", "fullPath": "/main.py", "details": {"fromA": 442, "toA": 442, "fromB": 442, "toB": 443, "inserted": ["d"]}}
{"dateTime": "2025-08-27T22:32:54.671Z", "eventType": "input.type", "fullPath": "/main.py", "details": {"fromA": 443, "toA": 443, "fromB": 443, "toB": 444, "inserted": ["("]}}
{"dateTime": "2025-08-27T22:32:56.381Z", "eventType": "delete.backward", "fullPath": "/main.py", "details": {"fromA": 443, "toA": 444, "fromB": 443, "toB": 443, "inserted": [""]}}
{"dateTime": "2025-08-27T22:32:56.556Z", "eventType": "delete.backward", "fullPath": "/main.py", "details": {"fromA": 442, "toA": 443, "fromB": 442, "toB": 442, "inserted": [""]}}
{"dateTime": "2025-08-27T22:32:56.716Z", "eventType": "delete.backward", "fullPath": "/main.py", "details": {"fromA": 441, "toA": 442, "fromB": 441, "toB": 441, "inserted": [""]}}
{"dateTime": "2025-08-27T22:32:56.956Z", "eventType": "delete.backward", "fullPath": "/main.py", "details": {"fromA": 440, "toA": 441, "fromB": 440, "toB": 440, "inserted": [""]}}
{"dateTime": "2025-08-27T22:32:57.197Z", "eventType": "delete.backward", "fullPath": "/main.py", "details": {"fromA": 439, "toA": 440, "fromB": 439, "toB": 439, "inserted": [""]}}
{"dateTime": "2025-08-27T22:32:57.837Z", "eventType": "delete.backward", "fullPath": "/main.py", "details": {"fromA": 438, "toA": 439, "fromB": 438, "toB": 438, "inserted": [""]}}
{"dateTime": "2025-08-27T22:32:58.734Z", "eventType": "input.type", "fullPath": "/main.py", "details": {"fromA": 438, "toA": 438, "fromB": 438, "toB": 439, "inserted": ["("]}}
{"dateTime": "2025-08-27T22:33:00.372Z", "eventType": "blur", "fullPath": "/main.py"}
{"dateTime": "2025-08-27T22:33:00.625Z", "eventType": "run", "details": {"commit": "15cf0127d2f97c61f7c3503ca4e40225d802bf65"}}
{"dateTime": "2025-08-27T22:33:05.427Z", "eventType": "focus", "fullPath": "/main.py"}
{"dateTime": "2025-08-27T22:33:05.428Z", "eventType": "select.pointer", "fullPath": "/main.py", "details": {"selection": {"from": 454, "to": 454}}}
{"dateTime": "2025-08-27T22:33:06.571Z", "eventType": "select", "fullPath": "/main.py", "details": {"selection": {"from": 453, "to": 453}}}
{"dateTime": "2025-08-27T22:33:07.373Z", "eventType": "input.type", "fullPath": "/main.py", "details": {"fromA": 453, "toA": 453, "fromB": 453, "toB": 454, "inserted": [")"]}}
{"dateTime": "2025-08-27T22:33:08.895Z", "eventType": "blur", "fullPath": "/main.py"}
{"dateTime": "2025-08-27T22:33:09.121Z", "eventType": "run", "details": {"commit": "8f45fb48761ca81c72e67d07b3989057af8b550e"}}
{"dateTime": "2025-08-27T22:33:15.599Z", "eventType": "submission", "details": {"correctness": 1, "commit": "8f45fb48761ca81c72e67d07b3989057af8b550e", "executionTime": 0.01}}
{"dateTime": "2025-08-27T22:33:30.451Z", "eventType": "focus", "fullPath": "/main.py"}
{"dateTime": "2025-08-27T22:33:30.453Z", "eventType": "select.pointer", "fullPath": "/main.py", "details": {"selection": {"from": 208, "to": 208}}}
{"dateTime": "2025-08-27T22:33:31.900Z", "eventType": "select.pointer", "fullPath": "/main.py", "details": {"selection": {"from": 158, "to": 158}}}
{"dateTime": "2025-08-27T22:33:34.007Z", "eventType": "select", "fullPath": "/main.py", "details": {"selection": {"from": 157, "to": 157}}}
{"dateTime": "2025-08-27T22:33:35.276Z", "eventType": "delete.backward", "fullPath": "/main.py", "details": {"fromA": 156, "toA": 157, "fromB": 156, "toB": 156, "inserted": [""]}}
{"dateTime": "2025-08-27T22:33:35.484Z", "eventType": "delete.backward", "fullPath": "/main.py", "details": {"fromA": 155, "toA": 156, "fromB": 155, "toB": 155, "inserted": [""]}}
{"dateTime": "2025-08-27T22:33:35.804Z", "eventType": "delete.backward", "fullPath": "/main.py", "details": {"fromA": 154, "toA": 155, "fromB": 154, "toB": 154, "inserted": [""]}}
{"dateTime": "2025-08-27T22:33:36.063Z", "eventType": "delete.backward", "fullPath": "/main.py", "details": {"fromA": 153, "toA": 154, "fromB": 153, "toB": 153, "inserted": [""]}}
{"dateTime": "2025-08-27T22:33:36.540Z", "eventType": "delete.backward", "fullPath": "/main.py", "details": {"fromA": 152, "toA": 153, "fromB": 152, "toB": 152, "inserted": [""]}}
{"dateTime": "2025-08-27T22:33:37.629Z", "eventType": "input.type", "fullPath": "/main.py", "details": {"fromA": 152, "toA": 152, "fromB": 152, "toB": 153, "inserted": ["j"]}}
{"dateTime": "2025-08-27T22:33:37.748Z", "eventType": "input.type", "fullPath": "/main.py", "details": {"fromA": 153, "toA": 153, "fromB": 153, "toB": 154, "inserted": ["o"]}}
{"dateTime": "2025-08-27T22:33:37.881Z", "eventType": "input.type", "fullPath": "/main.py", "details": {"fromA": 154, "toA": 154, "fromB": 154, "toB": 155, "inserted": ["g"]}}
{"dateTime": "2025-08-27T22:33:37.919Z", "eventType": "input.type", "fullPath": "/main.py", "details": {"fromA": 155, "toA": 155, "fromB": 155, "toB": 156, "inserted": ["o"]}}
{"dateTime": "2025-08-27T22:33:39.370Z", "eventType": "select", "fullPath": "/main.py", "details": {"selection": {"from": 157, "to": 157}}}
{"dateTime": "2025-08-27T22:33:41.973Z", "eventType": "select.pointer", "fullPath": "/main.py", "details": {"selection": {"from": 212, "to": 212}}}
{"dateTime": "2025-08-27T22:33:42.751Z", "eventType": "delete.backward", "fullPath": "/main.py", "details": {"fromA": 211, "toA": 212, "fromB": 211, "toB": 211, "inserted": [""]}}
{"dateTime": "2025-08-27T22:33:42.910Z", "eventType": "delete.backward", "fullPath": "/main.py", "details": {"fromA": 210, "toA": 211, "fromB": 210, "toB": 210, "inserted": [""]}}
{"dateTime": "2025-08-27T22:33:43.087Z", "eventType": "delete.backward", "fullPath": "/main.py", "details": {"fromA": 209, "toA": 210, "fromB": 209, "toB": 209, "inserted": [""]}}
{"dateTime": "2025-08-27T22:33:43.468Z", "eventType": "delete.backward", "fullPath": "/main.py", "details": {"fromA": 208, "toA": 209, "fromB": 208, "toB": 208, "inserted": [""]}}
{"dateTime": "2025-08-27T22:33:43.644Z", "eventType": "delete.backward", "fullPath": "/main.py", "details": {"fromA": 207, "toA": 208, "fromB": 207, "toB": 207, "inserted": [""]}}
{"dateTime": "2025-08-27T22:33:43.989Z", "eventType": "run", "details": {"commit": "53202f550db5d5a1eec8ee86eb27ef221de40d23"}}
{"dateTime": "2025-08-27T22:33:45.788Z", "eventType": "input.type", "fullPath": "/main.py", "details": {"fromA": 207, "toA": 207, "fromB": 207, "toB": 208, "inserted": ["v"]}}
{"dateTime": "2025-08-27T22:33:45.847Z", "eventType": "input.type", "fullPath": "/main.py", "details": {"fromA": 208, "toA": 208, "fromB": 208, "toB": 209, "inserted": ["a"]}}
{"dateTime": "2025-08-27T22:33:45.943Z", "eventType": "input.type", "fullPath": "/main.py", "details": {"fromA": 209, "toA": 209, "fromB": 209, "toB": 210, "inserted": ["l"]}}
{"dateTime": "2025-08-27T22:33:46.128Z", "eventType": "input.type", "fullPath": "/main.py", "details": {"fromA": 210, "toA": 210, "fromB": 210, "toB": 211, "inserted": ["o"]}}
{"dateTime": "2025-08-27T22:33:46.200Z", "eventType": "input.type", "fullPath": "/main.py", "details": {"fromA": 211, "toA": 211, "fromB": 211, "toB": 212, "inserted": ["r"]}}
{"dateTime": "2025-08-27T22:33:46.731Z", "eventType": "focus", "fullPath": "/main.py"}
{"dateTime": "2025-08-27T22:33:46.733Z", "eventType": "select.pointer", "fullPath": "/main.py", "details": {"selection": {"from": 157, "to": 157}}}
{"dateTime": "2025-08-27T22:34:45.063Z", "eventType": "select.pointer", "fullPath": "/main.py", "details": {"selection": {"from": 347, "to": 347}}}
{"dateTime": "2025-08-27T22:34:45.386Z", "eventType": "select.pointer", "fullPath": "/main.py", "details": {"selection": {"from": 348, "to": 348}}}
{"dateTime": "2025-08-27T22:34:46.315Z", "eventType": "delete.backward", "fullPath": "/main.py", "details": {"fromA": 347, "toA": 348, "fromB": 347, "toB": 347, "inserted": [""]}}
{"dateTime": "2025-08-27T22:34:46.492Z", "eventType": "delete.backward", "fullPath": "/main.py", "details": {"fromA": 346, "toA": 347, "fromB": 346, "toB": 346, "inserted": [""]}}
{"dateTime": "2025-08-27T22:34:46.668Z", "eventType": "delete.backward", "fullPath": "/main.py", "details": {"fromA": 345, "toA": 346, "fromB": 345, "toB": 345, "inserted": [""]}}
{"dateTime": "2025-08-27T22:34:46.844Z", "eventType": "delete.backward", "fullPath": "/main.py", "details": {"fromA": 344, "toA": 345, "fromB": 344, "toB": 344, "inserted": [""]}}
{"dateTime": "2025-08-27T22:34:47.035Z", "eventType": "delete.backward", "fullPath": "/main.py", "details": {"fromA": 343, "toA": 344, "fromB": 343, "toB": 343, "inserted": [""]}}
{"dateTime": "2025-08-27T22:34:49.719Z", "eventType": "select.pointer", "fullPath": "/main.py", "details": {"selection": {"from": 163, "to": 163}}}
{"dateTime": "2025-08-27T22:34:50.699Z", "eventType": "delete.backward", "fullPath": "/main.py", "details": {"fromA": 162, "toA": 163, "fromB": 162, "toB": 162, "inserted": [""]}}
{"dateTime": "2025-08-27T22:34:50.893Z", "eventType": "delete.backward", "fullPath": "/main.py", "details": {"fromA": 161, "toA": 162, "fromB": 161, "toB": 161, "inserted": [""]}}
{"dateTime": "2025-08-27T22:34:51.149Z", "eventType": "delete.backward", "fullPath": "/main.py", "details": {"fromA": 160, "toA": 161, "fromB": 160, "toB": 160, "inserted": [""]}}
{"dateTime": "2025-08-27T22:34:51.835Z", "eventType": "input.type", "fullPath": "/main.py", "details": {"fromA": 160, "toA": 160, "fromB": 160, "toB": 161, "inserted": ["l"]}}
{"dateTime": "2025-08-27T22:34:52.048Z", "eventType": "input.type", "fullPath": "/main.py", "details": {"fromA": 161, "toA": 161, "fromB": 161, "toB": 162, "inserted": ["o"]}}
{"dateTime": "2025-08-27T22:34:52.396Z", "eventType": "input.type", "fullPath": "/main.py", "details": {"fromA": 162, "toA": 162, "fromB": 162, "toB": 163, "inserted": ["a"]}}
{"dateTime": "2025-08-27T22:34:53.435Z", "eventType": "select.pointer", "fullPath": "/main.py", "details": {"selection": {"from": 245, "to": 245}}}
{"dateTime": "2025-08-27T22:34:54.538Z", "eventType": "select.pointer", "fullPath": "/main.py", "details": {"selection": {"from": 219, "to": 219}}}
{"dateTime": "2025-08-27T22:34:55.304Z", "eventType": "delete.backward", "fullPath": "/main.py", "details": {"fromA": 218, "toA": 219, "fromB": 218, "toB": 218, "inserted": [""]}}
{"dateTime": "2025-08-27T22:34:55.483Z", "eventType": "delete.backward", "fullPath": "/main.py", "details": {"fromA": 217, "toA": 218, "fromB": 217, "toB": 217, "inserted": [""]}}
{"dateTime": "2025-08-27T22:34:55.674Z", "eventType": "delete.backward", "fullPath": "/main.py", "details": {"fromA": 216, "toA": 217, "fromB": 216, "toB": 216, "inserted": [""]}}
{"dateTime": "2025-08-27T22:34:56.330Z", "eventType": "input.type", "fullPath": "/main.py", "details": {"fromA": 216, "toA": 216, "fromB": 216, "toB": 217, "inserted": ["l"]}}
{"dateTime": "2025-08-27T22:34:56.511Z", "eventType": "input.type", "fullPath": "/main.py", "details": {"fromA": 217, "toA": 217, "fromB": 217, "toB": 218, "inserted": ["o"]}}
{"dateTime": "2025-08-27T22:34:56.558Z", "eventType": "input.type", "fullPath": "/main.py", "details": {"fromA": 218, "toA": 218, "fromB": 218, "toB": 219, "inserted": ["a"]}}
{"dateTime": "2025-08-27T22:34:58.094Z", "eventType": "select.pointer", "fullPath": "/main.py", "details": {"selection": {"from": 355, "to": 355}}}
{"dateTime": "2025-08-27T22:34:59.035Z", "eventType": "select.pointer", "fullPath": "/main.py", "details": {"selection": {"from": 343, "to": 343}}}
{"dateTime": "2025-08-27T22:34:59.884Z", "eventType": "input.type", "fullPath": "/main.py", "details": {"fromA": 343, "toA": 343, "fromB": 343, "toB": 345, "inserted": ["()"]}}
{"dateTime": "2025-08-27T22:35:01.338Z", "eventType": "input.type", "fullPath": "/main.py", "details": {"fromA": 344, "toA": 344, "fromB": 344, "toB": 345, "inserted": ["j"]}}
{"dateTime": "2025-08-27T22:35:01.431Z", "eventType": "input.type", "fullPath": "/main.py", "details": {"fromA": 345, "toA": 345, "fromB": 345, "toB": 346, "inserted": ["o"]}}
{"dateTime": "2025-08-27T22:35:01.583Z", "eventType": "input.type", "fullPath": "/main.py", "details": {"fromA": 346, "toA": 346, "fromB": 346, "toB": 347, "inserted": ["g"]}}
{"dateTime": "2025-08-27T22:35:01.638Z", "eventType": "input.type", "fullPath": "/main.py", "details": {"fromA": 347, "toA": 347, "fromB": 347, "toB": 348, "inserted": ["o"]}}
{"dateTime": "2025-08-27T22:35:03.702Z", "eventType": "input.type", "fullPath": "/main.py", "details": {"fromA": 348, "toA": 348, "fromB": 348, "toB": 349, "inserted": ["*"]}}
{"dateTime": "2025-08-27T22:35:03.899Z", "eventType": "input.type", "fullPath": "/main.py", "details": {"fromA": 349, "toA": 349, "fromB": 349, "toB": 350, "inserted": ["*"]}}
{"dateTime": "2025-08-27T22:35:04.411Z", "eventType": "delete.backward", "fullPath": "/main.py", "details": {"fromA": 349, "toA": 350, "fromB": 349, "toB": 349, "inserted": [""]}}
{"dateTime": "2025-08-27T22:35:05.933Z", "eventType": "input.type", "fullPath": "/main.py", "details": {"fromA": 349, "toA": 349, "fromB": 349, "toB": 350, "inserted": ["8"]}}
{"dateTime": "2025-08-27T22:35:09.085Z", "eventType": "input.type", "fullPath": "/main.py", "details": {"fromA": 350, "toA": 351, "fromB": 350, "toB": 351, "inserted": [")"]}}
{"dateTime": "2025-08-27T22:35:09.752Z", "eventType": "select", "fullPath": "/main.py", "details": {"selection": {"from": 350, "to": 350}}}
{"dateTime": "2025-08-27T22:35:10.026Z", "eventType": "select", "fullPath": "/main.py", "details": {"selection": {"from": 349, "to": 349}}}
{"dateTime": "2025-08-27T22:35:10.199Z", "eventType": "select", "fullPath": "/main.py", "details": {"selection": {"from": 348, "to": 348}}}
{"dateTime": "2025-08-27T22:35:10.343Z", "eventType": "select", "fullPath": "/main.py", "details": {"selection": {"from": 347, "to": 347}}}
{"dateTime": "2025-08-27T22:35:10.504Z", "eventType": "select", "fullPath": "/main.py", "details": {"selection": {"from": 346, "to": 346}}}
{"dateTime": "2025-08-27T22:35:10.695Z", "eventType": "select", "fullPath": "/main.py", "details": {"selection": {"from": 345, "to": 345}}}
{"dateTime": "2025-08-27T22:35:10.906Z", "eventType": "select", "fullPath": "/main.py", "details": {"selection": {"from": 344, "to": 344}}}
{"dateTime": "2025-08-27T22:35:11.608Z", "eventType": "input.type", "fullPath": "/main.py", "details": {"fromA": 344, "toA": 344, "fromB": 344, "toB": 345, "inserted": ["("]}}
{"dateTime": "2025-08-27T22:35:12.122Z", "eventType": "select", "fullPath": "/main.py", "details": {"selection": {"from": 346, "to": 346}}}
{"dateTime": "2025-08-27T22:35:12.279Z", "eventType": "select", "fullPath": "/main.py", "details": {"selection": {"from": 347, "to": 347}}}
{"dateTime": "2025-08-27T22:35:12.439Z", "eventType": "select", "fullPath": "/main.py", "details": {"selection": {"from": 348, "to": 348}}}
{"dateTime": "2025-08-27T22:35:12.600Z", "eventType": "select", "fullPath": "/main.py", "details": {"selection": {"from": 349, "to": 349}}}
{"dateTime": "2025-08-27T22:35:12.775Z", "eventType": "select", "fullPath": "/main.py", "details": {"selection": {"from": 350, "to": 350}}}
{"dateTime": "2025-08-27T22:35:12.954Z", "eventType": "select", "fullPath": "/main.py", "details": {"selection": {"from": 351, "to": 351}}}
{"dateTime": "2025-08-27T22:35:13.143Z", "eventType": "select", "fullPath": "/main.py", "details": {"selection": {"from": 352, "to": 352}}}
{"dateTime": "2025-08-27T22:35:14.555Z", "eventType": "input.type", "fullPath": "/main.py", "details": {"fromA": 352, "toA": 352, "fromB": 352, "toB": 353, "inserted": ["+"]}}
{"dateTime": "2025-08-27T22:35:15.756Z", "eventType": "input.type", "fullPath": "/main.py", "details": {"fromA": 353, "toA": 353, "fromB": 353, "toB": 354, "inserted": ["4"]}}
{"dateTime": "2025-08-27T22:35:15.919Z", "eventType": "input.type", "fullPath": "/main.py", "details": {"fromA": 354, "toA": 354, "fromB": 354, "toB": 355, "inserted": ["5"]}}
{"dateTime": "2025-08-27T22:35:16.891Z", "eventType": "input.type", "fullPath": "/main.py", "details": {"fromA": 355, "toA": 355, "fromB": 355, "toB": 356, "inserted": [")"]}}
{"dateTime": "2025-08-27T22:35:18.110Z", "eventType": "select.pointer", "fullPath": "/main.py", "details": {"selection": {"from": 368, "to": 368}}}
{"dateTime": "2025-08-27T22:35:19.100Z", "eventType": "delete.backward", "fullPath": "/main.py", "details": {"fromA": 367, "toA": 368, "fromB": 367, "toB": 367, "inserted": [""]}}
{"dateTime": "2025-08-27T22:35:19.292Z", "eventType": "delete.backward", "fullPath": "/main.py", "details": {"fromA": 366, "toA": 367, "fromB": 366, "toB": 366, "inserted": [""]}}
{"dateTime": "2025-08-27T22:35:19.546Z", "eventType": "delete.backward", "fullPath": "/main.py", "details": {"fromA": 365, "toA": 366, "fromB": 365, "toB": 365, "inserted": [""]}}
{"dateTime": "2025-08-27T22:35:20.779Z", "eventType": "input.type", "fullPath": "/main.py", "details": {"fromA": 365, "toA": 365, "fromB": 365, "toB": 367, "inserted": ["()"]}}
{"dateTime": "2025-08-27T22:35:20.924Z", "eventType": "input.type", "fullPath": "/main.py", "details": {"fromA": 366, "toA": 367, "fromB": 366, "toB": 367, "inserted": [")"]}}
{"dateTime": "2025-08-27T22:35:21.960Z", "eventType": "select", "fullPath": "/main.py", "details": {"selection": {"from": 366, "to": 366}}}
{"dateTime": "2025-08-27T22:35:23.149Z", "eventType": "input.type", "fullPath": "/main.py", "details": {"fromA": 366, "toA": 366, "fromB": 366, "toB": 367, "inserted": ["v"]}}
{"dateTime": "2025-08-27T22:35:23.222Z", "eventType": "input.type", "fullPath": "/main.py", "details": {"fromA": 367, "toA": 367, "fromB": 367, "toB": 368, "inserted": ["a"]}}
{"dateTime": "2025-08-27T22:35:23.286Z", "eventType": "input.type", "fullPath": "/main.py", "details": {"fromA": 368, "toA": 368, "fromB": 368, "toB": 369, "inserted": ["l"]}}
{"dateTime": "2025-08-27T22:35:23.455Z", "eventType": "input.type", "fullPath": "/main.py", "details": {"fromA": 369, "toA": 369, "fromB": 369, "toB": 370, "inserted": ["o"]}}
{"dateTime": "2025-08-27T22:35:23.547Z", "eventType": "input.type", "fullPath": "/main.py", "details": {"fromA": 370, "toA": 370, "fromB": 370, "toB": 371, "inserted": ["r"]}}
{"dateTime": "2025-08-27T22:35:24.871Z", "eventType": "blur", "fullPath": "/main.py"}
{"dateTime": "2025-08-27T22:35:24.876Z", "eventType": "focus", "fullPath": "/main.py"}
{"dateTime": "2025-08-27T22:35:24.880Z", "eventType": "select", "fullPath": "/main.py", "details": {"selection": {"from": 438, "to": 438}}}
{"dateTime": "2025-08-27T22:35:27.411Z", "eventType": "select.pointer", "fullPath": "/main.py", "details": {"selection": {"from": 425, "to": 425}}}
{"dateTime": "2025-08-27T22:35:28.360Z", "eventType": "select", "fullPath": "/main.py", "details": {"selection": {"from": 424, "to": 424}}}
{"dateTime": "2025-08-27T22:35:28.901Z", "eventType": "delete.backward", "fullPath": "/main.py", "details": {"fromA": 423, "toA": 424, "fromB": 423, "toB": 423, "inserted": [""]}}
{"dateTime": "2025-08-27T22:35:29.067Z", "eventType": "delete.backward", "fullPath": "/main.py", "details": {"fromA": 422, "toA": 423, "fromB": 422, "toB": 422, "inserted": [""]}}
{"dateTime": "2025-08-27T22:35:29.246Z", "eventType": "delete.backward", "fullPath": "/main.py", "details": {"fromA": 421, "toA": 422, "fromB": 421, "toB": 421, "inserted": [""]}}
{"dateTime": "2025-08-27T22:35:29.388Z", "eventType": "delete.backward", "fullPath": "/main.py", "details": {"fromA": 420, "toA": 421, "fromB": 420, "toB": 420, "inserted": [""]}}
{"dateTime": "2025-08-27T22:35:29.530Z", "eventType": "delete.backward", "fullPath": "/main.py", "details": {"fromA": 419, "toA": 420, "fromB": 419, "toB": 419, "inserted": [""]}}
{"dateTime": "2025-08-27T22:35:30.203Z", "eventType": "input.type", "fullPath": "/main.py", "details": {"fromA": 419, "toA": 419, "fromB": 419, "toB": 420, "inserted": ["t"]}}
{"dateTime": "2025-08-27T22:35:30.319Z", "eventType": "input.type", "fullPath": "/main.py", "details": {"fromA": 420, "toA": 420, "fromB": 420, "toB": 421, "inserted": ["o"]}}
{"dateTime": "2025-08-27T22:35:30.459Z", "eventType": "input.type", "fullPath": "/main.py", "details": {"fromA": 421, "toA": 421, "fromB": 421, "toB": 422, "inserted": ["r"]}}
{"dateTime": "2025-08-27T22:35:30.907Z", "eventType": "delete.backward", "fullPath": "/main.py", "details": {"fromA": 421, "toA": 422, "fromB": 421, "toB": 421, "inserted": [""]}}
{"dateTime": "2025-08-27T22:35:31.057Z", "eventType": "input.type", "fullPath": "/main.py", "details": {"fromA": 421, "toA": 421, "fromB": 421, "toB": 422, "inserted": ["t"]}}
{"dateTime": "2025-08-27T22:35:31.161Z", "eventType": "input.type", "fullPath": "/main.py", "details": {"fromA": 422, "toA": 422, "fromB": 422, "toB": 423, "inserted": ["a"]}}
{"dateTime": "2025-08-27T22:35:31.294Z", "eventType": "input.type", "fullPath": "/main.py", "details": {"fromA": 423, "toA": 423, "fromB": 423, "toB": 424, "inserted": ["l"]}}
{"dateTime": "2025-08-27T22:35:32.045Z", "eventType": "input.type", "fullPath": "/main.py", "details": {"fromA": 424, "toA": 424, "fromB": 424, "toB": 425, "inserted": ["-"]}}
{"dateTime": "2025-08-27T22:35:32.252Z", "eventType": "input.type", "fullPath": "/main.py", "details": {"fromA": 425, "toA": 425, "fromB": 425, "toB": 426, "inserted": ["s"]}}
{"dateTime": "2025-08-27T22:35:32.345Z", "eventType": "input.type", "fullPath": "/main.py", "details": {"fromA": 426, "toA": 426, "fromB": 426, "toB": 427, "inserted": ["a"]}}
{"dateTime": "2025-08-27T22:35:32.558Z", "eventType": "input.type", "fullPath": "/main.py", "details": {"fromA": 427, "toA": 427, "fromB": 427, "toB": 428, "inserted": ["l"]}}
{"dateTime": "2025-08-27T22:35:32.686Z", "eventType": "input.type", "fullPath": "/main.py", "details": {"fromA": 428, "toA": 428, "fromB": 428, "toB": 429, "inserted": ["d"]}}
{"dateTime": "2025-08-27T22:35:32.798Z", "eventType": "input.type", "fullPath": "/main.py", "details": {"fromA": 429, "toA": 429, "fromB": 429, "toB": 430, "inserted": ["o"]}}
{"dateTime": "2025-08-27T22:35:34.026Z", "eventType": "select", "fullPath": "/main.py", "details": {"selection": {"from": 429, "to": 429}}}
{"dateTime": "2025-08-27T22:35:34.184Z", "eventType": "select", "fullPath": "/main.py", "details": {"selection": {"from": 428, "to": 428}}}
{"dateTime": "2025-08-27T22:35:34.360Z", "eventType": "select", "fullPath": "/main.py", "details": {"selection": {"from": 427, "to": 427}}}
{"dateTime": "2025-08-27T22:35:46.606Z", "eventType": "select.pointer", "fullPath": "/main.py", "details": {"selection": {"from": 419, "to": 419}}}
{"dateTime": "2025-08-27T22:35:47.420Z", "eventType": "input.type", "fullPath": "/main.py", "details": {"fromA": 419, "toA": 419, "fromB": 419, "toB": 420, "inserted": ["r"]}}
{"dateTime": "2025-08-27T22:35:47.516Z", "eventType": "input.type", "fullPath": "/main.py", "details": {"fromA": 420, "toA": 420, "fromB": 420, "toB": 421, "inserted": ["o"]}}
{"dateTime": "2025-08-27T22:35:47.743Z", "eventType": "input.type", "fullPath": "/main.py", "details": {"fromA": 421, "toA": 421, "fromB": 421, "toB": 422, "inserted": ["u"]}}
{"dateTime": "2025-08-27T22:35:47.949Z", "eventType": "input.type", "fullPath": "/main.py", "details": {"fromA": 422, "toA": 422, "fromB": 422, "toB": 423, "inserted": ["n"]}}
{"dateTime": "2025-08-27T22:35:48.041Z", "eventType": "input.type", "fullPath": "/main.py", "details": {"fromA": 423, "toA": 423, "fromB": 423, "toB": 424, "inserted": ["d"]}}
{"dateTime": "2025-08-27T22:35:49.226Z", "eventType": "input.type", "fullPath": "/main.py", "details": {"fromA": 424, "toA": 424, "fromB": 424, "toB": 425, "inserted": ["("]}}
{"dateTime": "2025-08-27T22:35:49.881Z", "eventType": "select", "fullPath": "/main.py", "details": {"selection": {"from": 426, "to": 426}}}
{"dateTime": "2025-08-27T22:35:50.379Z", "eventType": "select", "fullPath": "/main.py", "details": {"selection": {"from": 427, "to": 427}}}
{"dateTime": "2025-08-27T22:35:50.426Z", "eventType": "select", "fullPath": "/main.py", "details": {"selection": {"from": 428, "to": 428}}}
{"dateTime": "2025-08-27T22:35:50.476Z", "eventType": "select", "fullPath": "/main.py", "details": {"selection": {"from": 429, "to": 429}}}
{"dateTime": "2025-08-27T22:35:50.526Z", "eventType": "select", "fullPath": "/main.py", "details": {"selection": {"from": 430, "to": 430}}}
{"dateTime": "2025-08-27T22:35:50.576Z", "eventType": "select", "fullPath": "/main.py", "details": {"selection": {"from": 431, "to": 431}}}
{"dateTime": "2025-08-27T22:35:50.626Z", "eventType": "select", "fullPath": "/main.py", "details": {"selection": {"from": 432, "to": 432}}}
{"dateTime": "2025-08-27T22:35:50.676Z", "eventType": "select", "fullPath": "/main.py", "details": {"selection": {"from": 433, "to": 433}}}
{"dateTime": "2025-08-27T22:35:50.726Z", "eventType": "select", "fullPath": "/main.py", "details": {"selection": {"from": 434, "to": 434}}}
{"dateTime": "2025-08-27T22:35:50.776Z", "eventType": "select", "fullPath": "/main.py", "details": {"selection": {"from": 435, "to": 435}}}
{"dateTime": "2025-08-27T22:35:50.827Z", "eventType": "select", "fullPath": "/main.py", "details": {"selection": {"from": 436, "to": 436}}}
{"dateTime": "2025-08-27T22:35:51.735Z", "eventType": "input.type", "fullPath": "/main.py", "details": {"fromA": 436, "toA": 436, "fromB": 436, "toB": 437, "inserted": [")"]}}
{"dateTime": "2025-08-27T22:35:52.441Z", "eventType": "select", "fullPath": "/main.py", "details": {"selection": {"from": 438, "to": 438}}}
{"dateTime": "2025-08-27T22:35:52.854Z", "eventType": "select", "fullPath": "/main.py", "details": {"selection": {"from": 437, "to": 437}}}
{"dateTime": "2025-08-27T22:36:00.678Z", "eventType": "input.type", "fullPath": "/main.py", "details": {"fromA": 437, "toA": 437, "fromB": 437, "toB": 438, "inserted": [","]}}
{"dateTime": "2025-08-27T22:36:00.917Z", "eventType": "input.type", "fullPath": "/main.py", "details": {"fromA": 438, "toA": 438, "fromB": 438, "toB": 439, "inserted": ["2"]}}
{"dateTime": "2025-08-27T22:36:02.933Z", "eventType": "delete.backward", "fullPath": "/main.py", "details": {"fromA": 438, "toA": 439, "fromB": 438, "toB": 438, "inserted": [""]}}
{"dateTime": "2025-08-27T22:36:02.981Z", "eventType": "input.type", "fullPath": "/main.py", "details": {"fromA": 438, "toA": 438, "fromB": 438, "toB": 439, "inserted": ["1"]}}
{"dateTime": "2025-08-27T22:36:05.821Z", "eventType": "select.pointer", "fullPath": "/main.py", "details": {"selection": {"from": 453, "to": 453}}}
{"dateTime": "2025-08-27T22:36:06.007Z", "eventType": "select.pointer", "fullPath": "/main.py", "details": {"selection": {"from": 452, "to": 453}}}
{"dateTime": "2025-08-27T22:36:06.051Z", "eventType": "select.pointer", "fullPath": "/main.py", "details": {"selection": {"from": 451, "to": 453}}}
{"dateTime": "2025-08-27T22:36:06.068Z", "eventType": "select.pointer", "fullPath": "/main.py", "details": {"selection": {"from": 450, "to": 453}}}
{"dateTime": "2025-08-27T22:36:06.134Z", "eventType": "select.pointer", "fullPath": "/main.py", "details": {"selection": {"from": 449, "to": 453}}}
{"dateTime": "2025-08-27T22:36:06.188Z", "eventType": "select.pointer", "fullPath": "/main.py", "details": {"selection": {"from": 448, "to": 453}}}
{"dateTime": "2025-08-27T22:36:06.284Z", "eventType": "select.pointer", "fullPath": "/main.py", "details": {"selection": {"from": 447, "to": 453}}}
{"dateTime": "2025-08-27T22:36:06.351Z", "eventType": "select.pointer", "fullPath": "/main.py", "details": {"selection": {"from": 446, "to": 453}}}
{"dateTime": "2025-08-27T22:36:06.400Z", "eventType": "select.pointer", "fullPath": "/main.py", "details": {"selection": {"from": 445, "to": 453}}}
{"dateTime": "2025-08-27T22:36:06.467Z", "eventType": "select.pointer", "fullPath": "/main.py", "details": {"selection": {"from": 444, "to": 453}}}
{"dateTime": "2025-08-27T22:36:06.517Z", "eventType": "select.pointer", "fullPath": "/main.py", "details": {"selection": {"from": 443, "to": 453}}}
{"dateTime": "2025-08-27T22:36:06.617Z", "eventType": "select.pointer", "fullPath": "/main.py", "details": {"selection": {"from": 442, "to": 453}}}
{"dateTime": "2025-08-27T22:36:06.701Z", "eventType": "select.pointer", "fullPath": "/main.py", "details": {"selection": {"from": 441, "to": 453}}}
{"dateTime": "2025-08-27T22:36:08.965Z", "eventType": "select.pointer", "fullPath": "/main.py", "details": {"selection": {"from": 452, "to": 452}}}
{"dateTime": "2025-08-27T22:36:10.117Z", "eventType": "delete.backward", "fullPath": "/main.py", "details": {"fromA": 451, "toA": 452, "fromB": 451, "toB": 451, "inserted": [""]}}
{"dateTime": "2025-08-27T22:36:10.277Z", "eventType": "delete.backward", "fullPath": "/main.py", "details": {"fromA": 450, "toA": 451, "fromB": 450, "toB": 450, "inserted": [""]}}
{"dateTime": "2025-08-27T22:36:10.437Z", "eventType": "delete.backward", "fullPath": "/main.py", "details": {"fromA": 449, "toA": 450, "fromB": 449, "toB": 449, "inserted": [""]}}
{"dateTime": "2025-08-27T22:36:10.616Z", "eventType": "delete.backward", "fullPath": "/main.py", "details": {"fromA": 448, "toA": 449, "fromB": 448, "toB": 448, "inserted": [""]}}
{"dateTime": "2025-08-27T22:36:10.901Z", "eventType": "delete.backward", "fullPath": "/main.py", "details": {"fromA": 447, "toA": 448, "fromB": 447, "toB": 447, "inserted": [""]}}
{"dateTime": "2025-08-27T22:36:11.099Z", "eventType": "input.type", "fullPath": "/main.py", "details": {"fromA": 447, "toA": 447, "fromB": 447, "toB": 448, "inserted": ["s"]}}
{"dateTime": "2025-08-27T22:36:11.217Z", "eventType": "input.type", "fullPath": "/main.py", "details": {"fromA": 448, "toA": 448, "fromB": 448, "toB": 449, "inserted": ["a"]}}
{"dateTime": "2025-08-27T22:36:11.341Z", "eventType": "input.type", "fullPath": "/main.py", "details": {"fromA": 449, "toA": 449, "fromB": 449, "toB": 450, "inserted": ["l"]}}
{"dateTime": "2025-08-27T22:36:11.485Z", "eventType": "input.type", "fullPath": "/main.py", "details": {"fromA": 450, "toA": 450, "fromB": 450, "toB": 451, "inserted": ["d"]}}
{"dateTime": "2025-08-27T22:36:11.573Z", "eventType": "input.type", "fullPath": "/main.py", "details": {"fromA": 451, "toA": 451, "fromB": 451, "toB": 452, "inserted": ["o"]}}
{"dateTime": "2025-08-27T22:36:12.885Z", "eventType": "input.type", "fullPath": "/main.py", "details": {"fromA": 452, "toA": 452, "fromB": 452, "toB": 454, "inserted": ["()"]}}
{"dateTime": "2025-08-27T22:36:18.555Z", "eventType": "select.pointer", "fullPath": "/main.py", "details": {"selection": {"from": 438, "to": 438}}}
{"dateTime": "2025-08-27T22:36:19.753Z", "eventType": "select", "fullPath": "/main.py", "details": {"selection": {"from": 439, "to": 439}}}
{"dateTime": "2025-08-27T22:36:19.911Z", "eventType": "select", "fullPath": "/main.py", "details": {"selection": {"from": 440, "to": 440}}}
{"dateTime": "2025-08-27T22:36:20.407Z", "eventType": "select", "fullPath": "/main.py", "details": {"selection": {"from": 439, "to": 439}}}
{"dateTime": "2025-08-27T22:36:21.609Z", "eventType": "select.pointer", "fullPath": "/main.py", "details": {"selection": {"from": 440, "to": 440}}}
{"dateTime": "2025-08-27T22:36:21.775Z", "eventType": "select.pointer", "fullPath": "/main.py", "details": {"selection": {"from": 439, "to": 440}}}
{"dateTime": "2025-08-27T22:36:21.834Z", "eventType": "select.pointer", "fullPath": "/main.py", "details": {"selection": {"from": 437, "to": 440}}}
{"dateTime": "2025-08-27T22:36:21.850Z", "eventType": "select.pointer", "fullPath": "/main.py", "details": {"selection": {"from": 436, "to": 440}}}
{"dateTime": "2025-08-27T22:36:21.867Z", "eventType": "select.pointer", "fullPath": "/main.py", "details": {"selection": {"from": 435, "to": 440}}}
{"dateTime": "2025-08-27T22:36:21.884Z", "eventType": "select.pointer", "fullPath": "/main.py", "details": {"selection": {"from": 433, "to": 440}}}
{"dateTime": "2025-08-27T22:36:21.901Z", "eventType": "select.pointer", "fullPath": "/main.py", "details": {"selection": {"from": 432, "to": 440}}}
{"dateTime": "2025-08-27T22:36:21.951Z", "eventType": "select.pointer", "fullPath": "/main.py", "details": {"selection": {"from": 431, "to": 440}}}
{"dateTime": "2025-08-27T22:36:21.984Z", "eventType": "select.pointer", "fullPath": "/main.py", "details": {"selection": {"from": 430, "to": 440}}}
{"dateTime": "2025-08-27T22:36:22.038Z", "eventType": "select.pointer", "fullPath": "/main.py", "details": {"selection": {"from": 429, "to": 440}}}
{"dateTime": "2025-08-27T22:36:22.071Z", "eventType": "select.pointer", "fullPath": "/main.py", "details": {"selection": {"from": 428, "to": 440}}}
{"dateTime": "2025-08-27T22:36:22.104Z", "eventType": "select.pointer", "fullPath": "/main.py", "details": {"selection": {"from": 427, "to": 440}}}
{"dateTime": "2025-08-27T22:36:22.154Z", "eventType": "select.pointer", "fullPath": "/main.py", "details": {"selection": {"from": 426, "to": 440}}}
{"dateTime": "2025-08-27T22:36:22.171Z", "eventType": "select.pointer", "fullPath": "/main.py", "details": {"selection": {"from": 425, "to": 440}}}
{"dateTime": "2025-08-27T22:36:22.438Z", "eventType": "select.pointer", "fullPath": "/main.py", "details": {"selection": {"from": 424, "to": 440}}}
{"dateTime": "2025-08-27T22:36:22.455Z", "eventType": "select.pointer", "fullPath": "/main.py", "details": {"selection": {"from": 423, "to": 440}}}
{"dateTime": "2025-08-27T22:36:22.470Z", "eventType": "select.pointer", "fullPath": "/main.py", "details": {"selection": {"from": 421, "to": 440}}}
{"dateTime": "2025-08-27T22:36:22.487Z", "eventType": "select.pointer", "fullPath": "/main.py", "details": {"selection": {"from": 420, "to": 440}}}
{"dateTime": "2025-08-27T22:36:24.172Z", "eventType": "select.pointer", "fullPath": "/main.py", "details": {"selection": {"from": 419, "to": 440}}}
{"dateTime": "2025-08-27T22:36:25.580Z", "eventType": "select.pointer", "fullPath": "/main.py", "details": {"selection": {"from": 429, "to": 429}}}
{"dateTime": "2025-08-27T22:36:26.029Z", "eventType": "select.pointer", "fullPath": "/main.py", "details": {"selection": {"from": 455, "to": 455}}}
{"dateTime": "2025-08-27T22:36:26.681Z", "eventType": "delete.backward", "fullPath": "/main.py", "details": {"fromA": 454, "toA": 455, "fromB": 454, "toB": 454, "inserted": [""]}}
{"dateTime": "2025-08-27T22:36:26.842Z", "eventType": "delete.backward", "fullPath": "/main.py", "details": {"fromA": 453, "toA": 454, "fromB": 453, "toB": 453, "inserted": [""]}}
{"dateTime": "2025-08-27T22:36:27.001Z", "eventType": "delete.backward", "fullPath": "/main.py", "details": {"fromA": 452, "toA": 453, "fromB": 452, "toB": 452, "inserted": [""]}}
{"dateTime": "2025-08-27T22:36:27.177Z", "eventType": "delete.backward", "fullPath": "/main.py", "details": {"fromA": 451, "toA": 452, "fromB": 451, "toB": 451, "inserted": [""]}}
{"dateTime": "2025-08-27T22:36:27.337Z", "eventType": "delete.backward", "fullPath": "/main.py", "details": {"fromA": 450, "toA": 451, "fromB": 450, "toB": 450, "inserted": [""]}}
{"dateTime": "2025-08-27T22:36:27.497Z", "eventType": "delete.backward", "fullPath": "/main.py", "details": {"fromA": 449, "toA": 450, "fromB": 449, "toB": 449, "inserted": [""]}}
{"dateTime": "2025-08-27T22:36:27.657Z", "eventType": "delete.backward", "fullPath": "/main.py", "details": {"fromA": 448, "toA": 449, "fromB": 448, "toB": 448, "inserted": [""]}}
{"dateTime": "2025-08-27T22:36:27.866Z", "eventType": "delete.backward", "fullPath": "/main.py", "details": {"fromA": 447, "toA": 448, "fromB": 447, "toB": 447, "inserted": [""]}}
{"dateTime": "2025-08-27T22:36:28.267Z", "eventType": "generic", "fullPath": "/main.py", "details": {"fromA": 447, "toA": 447, "fromB": 447, "toB": 468, "inserted": ["round(total-saldo),1)"]}}
{"dateTime": "2025-08-27T22:36:29.875Z", "eventType": "select.pointer", "fullPath": "/main.py", "details": {"selection": {"from": 440, "to": 440}}}
{"dateTime": "2025-08-27T22:36:30.697Z", "eventType": "delete.backward", "fullPath": "/main.py", "details": {"fromA": 439, "toA": 440, "fromB": 439, "toB": 439, "inserted": [""]}}
{"dateTime": "2025-08-27T22:36:31.051Z", "eventType": "delete.backward", "fullPath": "/main.py", "details": {"fromA": 438, "toA": 439, "fromB": 438, "toB": 438, "inserted": [""]}}
{"dateTime": "2025-08-27T22:36:31.273Z", "eventType": "delete.backward", "fullPath": "/main.py", "details": {"fromA": 436, "toA": 438, "fromB": 436, "toB": 436, "inserted": [""]}}
{"dateTime": "2025-08-27T22:36:31.483Z", "eventType": "delete.backward", "fullPath": "/main.py", "details": {"fromA": 431, "toA": 436, "fromB": 431, "toB": 431, "inserted": [""]}}
{"dateTime": "2025-08-27T22:36:31.641Z", "eventType": "delete.backward", "fullPath": "/main.py", "details": {"fromA": 430, "toA": 431, "fromB": 430, "toB": 430, "inserted": [""]}}
{"dateTime": "2025-08-27T22:36:31.819Z", "eventType": "delete.backward", "fullPath": "/main.py", "details": {"fromA": 425, "toA": 430, "fromB": 425, "toB": 425, "inserted": [""]}}
{"dateTime": "2025-08-27T22:36:32.025Z", "eventType": "delete.backward", "fullPath": "/main.py", "details": {"fromA": 424, "toA": 425, "fromB": 424, "toB": 424, "inserted": [""]}}
{"dateTime": "2025-08-27T22:36:32.537Z", "eventType": "delete.backward", "fullPath": "/main.py", "details": {"fromA": 423, "toA": 424, "fromB": 423, "toB": 423, "inserted": [""]}}
{"dateTime": "2025-08-27T22:36:32.745Z", "eventType": "delete.backward", "fullPath": "/main.py", "details": {"fromA": 422, "toA": 423, "fromB": 422, "toB": 422, "inserted": [""]}}
{"dateTime": "2025-08-27T22:36:32.904Z", "eventType": "delete.backward", "fullPath": "/main.py", "details": {"fromA": 421, "toA": 422, "fromB": 421, "toB": 421, "inserted": [""]}}
{"dateTime": "2025-08-27T22:36:33.081Z", "eventType": "delete.backward", "fullPath": "/main.py", "details": {"fromA": 420, "toA": 421, "fromB": 420, "toB": 420, "inserted": [""]}}
{"dateTime": "2025-08-27T22:36:33.259Z", "eventType": "delete.backward", "fullPath": "/main.py", "details": {"fromA": 419, "toA": 420, "fromB": 419, "toB": 419, "inserted": [""]}}
{"dateTime": "2025-08-27T22:36:33.722Z", "eventType": "input.type", "fullPath": "/main.py", "details": {"fromA": 419, "toA": 419, "fromB": 419, "toB": 420, "inserted": ["t"]}}
{"dateTime": "2025-08-27T22:36:33.816Z", "eventType": "input.type", "fullPath": "/main.py", "details": {"fromA": 420, "toA": 420, "fromB": 420, "toB": 421, "inserted": ["o"]}}
{"dateTime": "2025-08-27T22:36:33.934Z", "eventType": "input.type", "fullPath": "/main.py", "details": {"fromA": 421, "toA": 421, "fromB": 421, "toB": 422, "inserted": ["t"]}}
{"dateTime": "2025-08-27T22:36:34.013Z", "eventType": "input.type", "fullPath": "/main.py", "details": {"fromA": 422, "toA": 422, "fromB": 422, "toB": 423, "inserted": ["a"]}}
{"dateTime": "2025-08-27T22:36:34.106Z", "eventType": "input.type", "fullPath": "/main.py", "details": {"fromA": 423, "toA": 423, "fromB": 423, "toB": 424, "inserted": ["l"]}}
{"dateTime": "2025-08-27T22:36:34.761Z", "eventType": "input.type", "fullPath": "/main.py", "details": {"fromA": 424, "toA": 424, "fromB": 424, "toB": 425, "inserted": [")"]}}
{"dateTime": "2025-08-27T22:36:35.669Z", "eventType": "blur", "fullPath": "/main.py"}
{"dateTime": "2025-08-27T22:36:35.674Z", "eventType": "focus", "fullPath": "/main.py"}
{"dateTime": "2025-08-27T22:36:35.678Z", "eventType": "select", "fullPath": "/main.py", "details": {"selection": {"from": 453, "to": 453}}}
{"dateTime": "2025-08-27T22:36:36.814Z", "eventType": "blur", "fullPath": "/main.py"}
{"dateTime": "2025-08-27T22:36:37.059Z", "eventType": "run", "details": {"commit": "933952535499aab7a8ccc3921e3929206548fbe3"}}
{"dateTime": "2025-08-27T22:36:51.398Z", "eventType": "submission", "details": {"correctness": 0, "commit": "933952535499aab7a8ccc3921e3929206548fbe3", "executionTime": 0.01}}
{"dateTime": "2025-08-27T22:36:56.449Z", "eventType": "focus", "fullPath": "/main.py"}
{"dateTime": "2025-08-27T22:36:56.451Z", "eventType": "select.pointer", "fullPath": "/main.py", "details": {"selection": {"from": 443, "to": 443}}}
{"dateTime": "2025-08-27T22:36:57.194Z", "eventType": "delete.backward", "fullPath": "/main.py", "details": {"fromA": 442, "toA": 443, "fromB": 442, "toB": 442, "inserted": [""]}}
{"dateTime": "2025-08-27T22:36:57.383Z", "eventType": "delete.backward", "fullPath": "/main.py", "details": {"fromA": 441, "toA": 442, "fromB": 441, "toB": 441, "inserted": [""]}}
{"dateTime": "2025-08-27T22:36:57.562Z", "eventType": "delete.backward", "fullPath": "/main.py", "details": {"fromA": 440, "toA": 441, "fromB": 440, "toB": 440, "inserted": [""]}}
{"dateTime": "2025-08-27T22:36:57.719Z", "eventType": "delete.backward", "fullPath": "/main.py", "details": {"fromA": 439, "toA": 440, "fromB": 439, "toB": 439, "inserted": [""]}}
{"dateTime": "2025-08-27T22:36:58.138Z", "eventType": "delete.backward", "fullPath": "/main.py", "details": {"fromA": 438, "toA": 439, "fromB": 438, "toB": 438, "inserted": [""]}}
{"dateTime": "2025-08-27T22:36:58.602Z", "eventType": "input.type", "fullPath": "/main.py", "details": {"fromA": 438, "toA": 438, "fromB": 438, "toB": 439, "inserted": ["s"]}}
{"dateTime": "2025-08-27T22:36:58.678Z", "eventType": "input.type", "fullPath": "/main.py", "details": {"fromA": 439, "toA": 439, "fromB": 439, "toB": 440, "inserted": ["a"]}}
{"dateTime": "2025-08-27T22:36:58.812Z", "eventType": "input.type", "fullPath": "/main.py", "details": {"fromA": 440, "toA": 440, "fromB": 440, "toB": 441, "inserted": ["l"]}}
{"dateTime": "2025-08-27T22:36:58.940Z", "eventType": "input.type", "fullPath": "/main.py", "details": {"fromA": 441, "toA": 441, "fromB": 441, "toB": 442, "inserted": ["d"]}}
{"dateTime": "2025-08-27T22:36:58.997Z", "eventType": "input.type", "fullPath": "/main.py", "details": {"fromA": 442, "toA": 442, "fromB": 442, "toB": 443, "inserted": ["o"]}}
{"dateTime": "2025-08-27T22:36:59.672Z", "eventType": "select", "fullPath": "/main.py", "details": {"selection": {"from": 444, "to": 444}}}
{"dateTime": "2025-08-27T22:36:59.846Z", "eventType": "select", "fullPath": "/main.py", "details": {"selection": {"from": 445, "to": 445}}}
{"dateTime": "2025-08-27T22:36:59.974Z", "eventType": "select", "fullPath": "/main.py", "details": {"selection": {"from": 446, "to": 446}}}
{"dateTime": "2025-08-27T22:37:00.070Z", "eventType": "select", "fullPath": "/main.py", "details": {"selection": {"from": 447, "to": 447}}}
{"dateTime": "2025-08-27T22:37:00.198Z", "eventType": "select", "fullPath": "/main.py", "details": {"selection": {"from": 448, "to": 448}}}
{"dateTime": "2025-08-27T22:37:00.345Z", "eventType": "select", "fullPath": "/main.py", "details": {"selection": {"from": 449, "to": 449}}}
{"dateTime": "2025-08-27T22:37:00.933Z", "eventType": "delete.backward", "fullPath": "/main.py", "details": {"fromA": 448, "toA": 449, "fromB": 448, "toB": 448, "inserted": [""]}}
{"dateTime": "2025-08-27T22:37:01.098Z", "eventType": "delete.backward", "fullPath": "/main.py", "details": {"fromA": 447, "toA": 448, "fromB": 447, "toB": 447, "inserted": [""]}}
{"dateTime": "2025-08-27T22:37:01.258Z", "eventType": "delete.backward", "fullPath": "/main.py", "details": {"fromA": 446, "toA": 447, "fromB": 446, "toB": 446, "inserted": [""]}}
{"dateTime": "2025-08-27T22:37:01.418Z", "eventType": "delete.backward", "fullPath": "/main.py", "details": {"fromA": 445, "toA": 446, "fromB": 445, "toB": 445, "inserted": [""]}}
{"dateTime": "2025-08-27T22:37:01.593Z", "eventType": "delete.backward", "fullPath": "/main.py", "details": {"fromA": 444, "toA": 445, "fromB": 444, "toB": 444, "inserted": [""]}}
{"dateTime": "2025-08-27T22:37:02.057Z", "eventType": "input.type", "fullPath": "/main.py", "details": {"fromA": 444, "toA": 444, "fromB": 444, "toB": 445, "inserted": ["t"]}}
{"dateTime": "2025-08-27T22:37:02.183Z", "eventType": "input.type", "fullPath": "/main.py", "details": {"fromA": 445, "toA": 445, "fromB": 445, "toB": 446, "inserted": ["o"]}}
{"dateTime": "2025-08-27T22:37:02.264Z", "eventType": "input.type", "fullPath": "/main.py", "details": {"fromA": 446, "toA": 446, "fromB": 446, "toB": 447, "inserted": ["t"]}}
{"dateTime": "2025-08-27T22:37:02.365Z", "eventType": "input.type", "fullPath": "/main.py", "details": {"fromA": 447, "toA": 447, "fromB": 447, "toB": 448, "inserted": ["a"]}}
{"dateTime": "2025-08-27T22:37:02.444Z", "eventType": "input.type", "fullPath": "/main.py", "details": {"fromA": 448, "toA": 448, "fromB": 448, "toB": 449, "inserted": ["l"]}}
{"dateTime": "2025-08-27T22:37:03.932Z", "eventType": "blur", "fullPath": "/main.py"}
{"dateTime": "2025-08-27T22:37:04.163Z", "eventType": "run", "details": {"commit": "e8b0b8885dffa856a1e440d7c6b8aaf6d3cb3565"}}
{"dateTime": "2025-08-27T22:37:12.118Z", "eventType": "submission", "details": {"correctness": 0, "commit": "e8b0b8885dffa856a1e440d7c6b8aaf6d3cb3565", "executionTime": 0.01}}
{"dateTime": "2025-08-27T22:37:16.065Z", "eventType": "run", "details": {"commit": "e8b0b8885dffa856a1e440d7c6b8aaf6d3cb3565"}}
