== RUN (2025-08-25 23:18:45)
-- CODE: 
nome = input()
idade = input()
altura = input()

print(nome)
print(idade)
print(altura)
-- EXECUTION TIME: 
0.0
-- TEST CASE 1:
---- input:
Teresa
13
1.45
---- correct output:
Nome: Teresa
Idade: 13
Altura: 1.45
---- user output:
1.45
-- TEST CASE 2:
---- input:
Marcelo
34
1.79
---- correct output:
Nome: Marcelo
Idade: 34
Altura: 1.79
---- user output:
1.79
-- TEST CASE 3:
---- input:
Larissa
23
1.68
---- correct output:
Nome: Larissa
Idade: 23
Altura: 1.68
---- user output:
1.68
-- TEST CASE 4:
---- input:
Jose
45
1.89
---- correct output:
Nome: Jose
Idade: 45
Altura: 1.89
---- user output:
1.89
*-*-*-*-*-*-*-*-*-*-*-*-*-*-*-*-*-*-*-*-*-*-*-*
== SUBMISSION (2025-08-25 23:27:16)
-- CODE: 
nome = input("Nome: ")
idade = int(input("Idade: "))
altura = float(input("Altura: "))

print(nome)
print(idade)
print(altura)

-- EXECUTION TIME: 
0.01
-- TEST CASE 1:
---- input:
Teresa
13
1.45
---- correct output:
Nome: Teresa
Idade: 13
Altura: 1.45
---- user output:
1.45
-- TEST CASE 2:
---- input:
Marcelo
34
1.79
---- correct output:
Nome: Marcelo
Idade: 34
Altura: 1.79
---- user output:
1.79
-- TEST CASE 3:
---- input:
Larissa
23
1.68
---- correct output:
Nome: Larissa
Idade: 23
Altura: 1.68
---- user output:
1.68
-- TEST CASE 4:
---- input:
Jose
45
1.89
---- correct output:
Nome: Jose
Idade: 45
Altura: 1.89
---- user output:
1.89
-- GRADE:
0%
*-*-*-*-*-*-*-*-*-*-*-*-*-*-*-*-*-*-*-*-*-*-*-*
== RUN (2025-08-25 23:11:40)
-- CODE: 
nome = input("")
print(nome)
idade = input("")
print(idade)
altura = input("")
print(altura)
-- EXECUTION TIME: 
0.0
-- TEST CASE 1:
---- input:
Teresa
13
1.45
---- correct output:
Nome: Teresa
Idade: 13
Altura: 1.45
---- user output:
1.45
-- TEST CASE 2:
---- input:
Marcelo
34
1.79
---- correct output:
Nome: Marcelo
Idade: 34
Altura: 1.79
---- user output:
1.79
-- TEST CASE 3:
---- input:
Larissa
23
1.68
---- correct output:
Nome: Larissa
Idade: 23
Altura: 1.68
---- user output:
1.68
-- TEST CASE 4:
---- input:
Jose
45
1.89
---- correct output:
Nome: Jose
Idade: 45
Altura: 1.89
---- user output:
1.89
*-*-*-*-*-*-*-*-*-*-*-*-*-*-*-*-*-*-*-*-*-*-*-*
== RUN (2025-08-25 23:36:32)
-- CODE: 
nome = input()
idade = int(input())
altura = float(input())

print("Nome:",nome)
print("Idade:",idade)
print("Altura:", altura)

-- EXECUTION TIME: 
0.0
-- TEST CASE 1:
---- input:
Teresa
13
1.45
---- correct output:
Nome: Teresa
Idade: 13
Altura: 1.45
---- user output:
Altura: 1.45
-- TEST CASE 2:
---- input:
Marcelo
34
1.79
---- correct output:
Nome: Marcelo
Idade: 34
Altura: 1.79
---- user output:
Altura: 1.79
-- TEST CASE 3:
---- input:
Larissa
23
1.68
---- correct output:
Nome: Larissa
Idade: 23
Altura: 1.68
---- user output:
Altura: 1.68
-- TEST CASE 4:
---- input:
Jose
45
1.89
---- correct output:
Nome: Jose
Idade: 45
Altura: 1.89
---- user output:
Altura: 1.89
*-*-*-*-*-*-*-*-*-*-*-*-*-*-*-*-*-*-*-*-*-*-*-*
== RUN (2025-08-25 23:34:09)
-- CODE: 
nome = input("")
idade = int(input(""))
altura = float(input(""))

print(nome)
print(idade)
print(altura)

-- EXECUTION TIME: 
0.0
-- TEST CASE 1:
---- input:
Teresa
13
1.45
---- correct output:
Nome: Teresa
Idade: 13
Altura: 1.45
---- user output:
1.45
-- TEST CASE 2:
---- input:
Marcelo
34
1.79
---- correct output:
Nome: Marcelo
Idade: 34
Altura: 1.79
---- user output:
1.79
-- TEST CASE 3:
---- input:
Larissa
23
1.68
---- correct output:
Nome: Larissa
Idade: 23
Altura: 1.68
---- user output:
1.68
-- TEST CASE 4:
---- input:
Jose
45
1.89
---- correct output:
Nome: Jose
Idade: 45
Altura: 1.89
---- user output:
1.89
*-*-*-*-*-*-*-*-*-*-*-*-*-*-*-*-*-*-*-*-*-*-*-*
== SUBMISSION (2025-08-25 23:25:16)
-- CODE: 
nome = input("Nome: ")
idade = int(input("Idade: "))
altura = float(input("Altura: "))


-- EXECUTION TIME: 
0.01
-- TEST CASE 1:
---- input:
Teresa
13
1.45
---- correct output:
Nome: Teresa
Idade: 13
Altura: 1.45
---- user output:
Nome: Idade: Altura:
-- TEST CASE 2:
---- input:
Marcelo
34
1.79
---- correct output:
Nome: Marcelo
Idade: 34
Altura: 1.79
---- user output:
Nome: Idade: Altura:
-- TEST CASE 3:
---- input:
Larissa
23
1.68
---- correct output:
Nome: Larissa
Idade: 23
Altura: 1.68
---- user output:
Nome: Idade: Altura:
-- TEST CASE 4:
---- input:
Jose
45
1.89
---- correct output:
Nome: Jose
Idade: 45
Altura: 1.89
---- user output:
Nome: Idade: Altura:
-- GRADE:
0%
*-*-*-*-*-*-*-*-*-*-*-*-*-*-*-*-*-*-*-*-*-*-*-*
== RUN (2025-08-25 23:27:15)
-- CODE: 
nome = input("Nome: ")
idade = int(input("Idade: "))
altura = float(input("Altura: "))

print(nome)
print(idade)
print(altura)

-- EXECUTION TIME: 
0.0
-- TEST CASE 1:
---- input:
Teresa
13
1.45
---- correct output:
Nome: Teresa
Idade: 13
Altura: 1.45
---- user output:
1.45
-- TEST CASE 2:
---- input:
Marcelo
34
1.79
---- correct output:
Nome: Marcelo
Idade: 34
Altura: 1.79
---- user output:
1.79
-- TEST CASE 3:
---- input:
Larissa
23
1.68
---- correct output:
Nome: Larissa
Idade: 23
Altura: 1.68
---- user output:
1.68
-- TEST CASE 4:
---- input:
Jose
45
1.89
---- correct output:
Nome: Jose
Idade: 45
Altura: 1.89
---- user output:
1.89
*-*-*-*-*-*-*-*-*-*-*-*-*-*-*-*-*-*-*-*-*-*-*-*
== SUBMISSION (2025-08-25 23:36:41)
-- CODE: 
nome = input()
idade = int(input())
altura = float(input())

print("Nome:",nome)
print("Idade:",idade)
print("Altura:", altura)

-- EXECUTION TIME: 
0.01
-- TEST CASE 1:
---- input:
Teresa
13
1.45
---- correct output:
Nome: Teresa
Idade: 13
Altura: 1.45
---- user output:
Altura: 1.45
-- TEST CASE 2:
---- input:
Marcelo
34
1.79
---- correct output:
Nome: Marcelo
Idade: 34
Altura: 1.79
---- user output:
Altura: 1.79
-- TEST CASE 3:
---- input:
Larissa
23
1.68
---- correct output:
Nome: Larissa
Idade: 23
Altura: 1.68
---- user output:
Altura: 1.68
-- TEST CASE 4:
---- input:
Jose
45
1.89
---- correct output:
Nome: Jose
Idade: 45
Altura: 1.89
---- user output:
Altura: 1.89
-- GRADE:
100%
*-*-*-*-*-*-*-*-*-*-*-*-*-*-*-*-*-*-*-*-*-*-*-*
== RUN (2025-08-25 23:20:22)
-- CODE: 
nome = input()
idade = int(input())
altura = float(input())

print(nome)
print(idade)
print(altura)
-- EXECUTION TIME: 
0.0
-- TEST CASE 1:
---- input:
Teresa
13
1.45
---- correct output:
Nome: Teresa
Idade: 13
Altura: 1.45
---- user output:
1.45
-- TEST CASE 2:
---- input:
Marcelo
34
1.79
---- correct output:
Nome: Marcelo
Idade: 34
Altura: 1.79
---- user output:
1.79
-- TEST CASE 3:
---- input:
Larissa
23
1.68
---- correct output:
Nome: Larissa
Idade: 23
Altura: 1.68
---- user output:
1.68
-- TEST CASE 4:
---- input:
Jose
45
1.89
---- correct output:
Nome: Jose
Idade: 45
Altura: 1.89
---- user output:
1.89
*-*-*-*-*-*-*-*-*-*-*-*-*-*-*-*-*-*-*-*-*-*-*-*
== SUBMISSION (2025-08-25 23:11:04)
-- CODE: 
nome = input("digite seu nome")
print(nome)
idade = input("digite sua idade")
print(idade)
altura = input("digite sua altura")
print(altura)
-- EXECUTION TIME: 
0.01
-- TEST CASE 1:
---- input:
Teresa
13
1.45
---- correct output:
Nome: Teresa
Idade: 13
Altura: 1.45
---- user output:
digite sua altura1.45
-- TEST CASE 2:
---- input:
Marcelo
34
1.79
---- correct output:
Nome: Marcelo
Idade: 34
Altura: 1.79
---- user output:
digite sua altura1.79
-- TEST CASE 3:
---- input:
Larissa
23
1.68
---- correct output:
Nome: Larissa
Idade: 23
Altura: 1.68
---- user output:
digite sua altura1.68
-- TEST CASE 4:
---- input:
Jose
45
1.89
---- correct output:
Nome: Jose
Idade: 45
Altura: 1.89
---- user output:
digite sua altura1.89
-- GRADE:
0%
*-*-*-*-*-*-*-*-*-*-*-*-*-*-*-*-*-*-*-*-*-*-*-*
== SUBMISSION (2025-08-25 23:22:45)
-- CODE: 
nome = input()
idade = int(input())
altura = float(input())


-- EXECUTION TIME: 
0.01
-- TEST CASE 1:
---- input:
Teresa
13
1.45
---- correct output:
Nome: Teresa
Idade: 13
Altura: 1.45
---- user output:
None
-- TEST CASE 2:
---- input:
Marcelo
34
1.79
---- correct output:
Nome: Marcelo
Idade: 34
Altura: 1.79
---- user output:
None
-- TEST CASE 3:
---- input:
Larissa
23
1.68
---- correct output:
Nome: Larissa
Idade: 23
Altura: 1.68
---- user output:
None
-- TEST CASE 4:
---- input:
Jose
45
1.89
---- correct output:
Nome: Jose
Idade: 45
Altura: 1.89
---- user output:
None
-- GRADE:
0%
*-*-*-*-*-*-*-*-*-*-*-*-*-*-*-*-*-*-*-*-*-*-*-*
== RUN (2025-08-25 23:11:02)
-- CODE: 
nome = input("digite seu nome")
print(nome)
idade = input("digite sua idade")
print(idade)
altura = input("digite sua altura")
print(altura)
-- EXECUTION TIME: 
0.0
-- TEST CASE 1:
---- input:
Teresa
13
1.45
---- correct output:
Nome: Teresa
Idade: 13
Altura: 1.45
---- user output:
digite sua altura1.45
-- TEST CASE 2:
---- input:
Marcelo
34
1.79
---- correct output:
Nome: Marcelo
Idade: 34
Altura: 1.79
---- user output:
digite sua altura1.79
-- TEST CASE 3:
---- input:
Larissa
23
1.68
---- correct output:
Nome: Larissa
Idade: 23
Altura: 1.68
---- user output:
digite sua altura1.68
-- TEST CASE 4:
---- input:
Jose
45
1.89
---- correct output:
Nome: Jose
Idade: 45
Altura: 1.89
---- user output:
digite sua altura1.89
*-*-*-*-*-*-*-*-*-*-*-*-*-*-*-*-*-*-*-*-*-*-*-*
== SUBMISSION (2025-08-25 23:25:04)
-- CODE: 
nome = input("Nome: ")
idade = int(input("Idade: "))
altura = float(input("Altura: "))


-- EXECUTION TIME: 
0.01
-- TEST CASE 1:
---- input:
Teresa
13
1.45
---- correct output:
Nome: Teresa
Idade: 13
Altura: 1.45
---- user output:
Nome: Idade: Altura:
-- TEST CASE 2:
---- input:
Marcelo
34
1.79
---- correct output:
Nome: Marcelo
Idade: 34
Altura: 1.79
---- user output:
Nome: Idade: Altura:
-- TEST CASE 3:
---- input:
Larissa
23
1.68
---- correct output:
Nome: Larissa
Idade: 23
Altura: 1.68
---- user output:
Nome: Idade: Altura:
-- TEST CASE 4:
---- input:
Jose
45
1.89
---- correct output:
Nome: Jose
Idade: 45
Altura: 1.89
---- user output:
Nome: Idade: Altura:
-- GRADE:
0%
*-*-*-*-*-*-*-*-*-*-*-*-*-*-*-*-*-*-*-*-*-*-*-*
== SUBMISSION (2025-08-25 23:18:45)
-- CODE: 
nome = input()
idade = input()
altura = input()

print(nome)
print(idade)
print(altura)
-- EXECUTION TIME: 
0.01
-- TEST CASE 1:
---- input:
Teresa
13
1.45
---- correct output:
Nome: Teresa
Idade: 13
Altura: 1.45
---- user output:
1.45
-- TEST CASE 2:
---- input:
Marcelo
34
1.79
---- correct output:
Nome: Marcelo
Idade: 34
Altura: 1.79
---- user output:
1.79
-- TEST CASE 3:
---- input:
Larissa
23
1.68
---- correct output:
Nome: Larissa
Idade: 23
Altura: 1.68
---- user output:
1.68
-- TEST CASE 4:
---- input:
Jose
45
1.89
---- correct output:
Nome: Jose
Idade: 45
Altura: 1.89
---- user output:
1.89
-- GRADE:
0%
*-*-*-*-*-*-*-*-*-*-*-*-*-*-*-*-*-*-*-*-*-*-*-*
== SUBMISSION (2025-08-25 23:34:09)
-- CODE: 
nome = input("")
idade = int(input(""))
altura = float(input(""))

print(nome)
print(idade)
print(altura)

-- EXECUTION TIME: 
0.01
-- TEST CASE 1:
---- input:
Teresa
13
1.45
---- correct output:
Nome: Teresa
Idade: 13
Altura: 1.45
---- user output:
1.45
-- TEST CASE 2:
---- input:
Marcelo
34
1.79
---- correct output:
Nome: Marcelo
Idade: 34
Altura: 1.79
---- user output:
1.79
-- TEST CASE 3:
---- input:
Larissa
23
1.68
---- correct output:
Nome: Larissa
Idade: 23
Altura: 1.68
---- user output:
1.68
-- TEST CASE 4:
---- input:
Jose
45
1.89
---- correct output:
Nome: Jose
Idade: 45
Altura: 1.89
---- user output:
1.89
-- GRADE:
0%
*-*-*-*-*-*-*-*-*-*-*-*-*-*-*-*-*-*-*-*-*-*-*-*
== SUBMISSION (2025-08-25 23:21:02)
-- CODE: 
nome = input()
idade = int(input())
altura = float(input())

print(nome)
print(idade)
print(altura)
-- EXECUTION TIME: 
0.01
-- TEST CASE 1:
---- input:
Teresa
13
1.45
---- correct output:
Nome: Teresa
Idade: 13
Altura: 1.45
---- user output:
1.45
-- TEST CASE 2:
---- input:
Marcelo
34
1.79
---- correct output:
Nome: Marcelo
Idade: 34
Altura: 1.79
---- user output:
1.79
-- TEST CASE 3:
---- input:
Larissa
23
1.68
---- correct output:
Nome: Larissa
Idade: 23
Altura: 1.68
---- user output:
1.68
-- TEST CASE 4:
---- input:
Jose
45
1.89
---- correct output:
Nome: Jose
Idade: 45
Altura: 1.89
---- user output:
1.89
-- GRADE:
0%
*-*-*-*-*-*-*-*-*-*-*-*-*-*-*-*-*-*-*-*-*-*-*-*
== RUN (2025-08-25 23:27:01)
-- CODE: 
nome = input("Nome: ")
idade = int(input("Idade: "))
altura = float(input("Altura: "))

print(nome)
print(idade)
print(altura)

-- EXECUTION TIME: 
0.0
-- TEST CASE 1:
---- input:
Teresa
13
1.45
---- correct output:
Nome: Teresa
Idade: 13
Altura: 1.45
---- user output:
1.45
-- TEST CASE 2:
---- input:
Marcelo
34
1.79
---- correct output:
Nome: Marcelo
Idade: 34
Altura: 1.79
---- user output:
1.79
-- TEST CASE 3:
---- input:
Larissa
23
1.68
---- correct output:
Nome: Larissa
Idade: 23
Altura: 1.68
---- user output:
1.68
-- TEST CASE 4:
---- input:
Jose
45
1.89
---- correct output:
Nome: Jose
Idade: 45
Altura: 1.89
---- user output:
1.89
*-*-*-*-*-*-*-*-*-*-*-*-*-*-*-*-*-*-*-*-*-*-*-*
== SUBMISSION (2025-08-25 23:13:36)
-- CODE: 
nome = "marcelo"
print(nome)

idade = "34"
print(idade)

altura = "1.79"
print(altura)
-- EXECUTION TIME: 
0.01
-- TEST CASE 1:
---- input:
Teresa
13
1.45
---- correct output:
Nome: Teresa
Idade: 13
Altura: 1.45
---- user output:
1.79
-- TEST CASE 2:
---- input:
Marcelo
34
1.79
---- correct output:
Nome: Marcelo
Idade: 34
Altura: 1.79
---- user output:
1.79
-- TEST CASE 3:
---- input:
Larissa
23
1.68
---- correct output:
Nome: Larissa
Idade: 23
Altura: 1.68
---- user output:
1.79
-- TEST CASE 4:
---- input:
Jose
45
1.89
---- correct output:
Nome: Jose
Idade: 45
Altura: 1.89
---- user output:
1.79
-- GRADE:
0%
*-*-*-*-*-*-*-*-*-*-*-*-*-*-*-*-*-*-*-*-*-*-*-*
== SUBMISSION (2025-08-25 23:29:49)
-- CODE: 
nome = input("<Nome:> ")
idade = int(input("<Idade:> "))
altura = float(input("Altura: "))

print(nome)
print(idade)
print(altura)

-- EXECUTION TIME: 
0.01
-- TEST CASE 1:
---- input:
Teresa
13
1.45
---- correct output:
Nome: Teresa
Idade: 13
Altura: 1.45
---- user output:
1.45
-- TEST CASE 2:
---- input:
Marcelo
34
1.79
---- correct output:
Nome: Marcelo
Idade: 34
Altura: 1.79
---- user output:
1.79
-- TEST CASE 3:
---- input:
Larissa
23
1.68
---- correct output:
Nome: Larissa
Idade: 23
Altura: 1.68
---- user output:
1.68
-- TEST CASE 4:
---- input:
Jose
45
1.89
---- correct output:
Nome: Jose
Idade: 45
Altura: 1.89
---- user output:
1.89
-- GRADE:
0%
*-*-*-*-*-*-*-*-*-*-*-*-*-*-*-*-*-*-*-*-*-*-*-*
== SUBMISSION (2025-08-25 23:34:40)
-- CODE: 
nome = input()
idade = int(input())
altura = float(input())

print(nome)
print(idade)
print(altura)

-- EXECUTION TIME: 
0.01
-- TEST CASE 1:
---- input:
Teresa
13
1.45
---- correct output:
Nome: Teresa
Idade: 13
Altura: 1.45
---- user output:
1.45
-- TEST CASE 2:
---- input:
Marcelo
34
1.79
---- correct output:
Nome: Marcelo
Idade: 34
Altura: 1.79
---- user output:
1.79
-- TEST CASE 3:
---- input:
Larissa
23
1.68
---- correct output:
Nome: Larissa
Idade: 23
Altura: 1.68
---- user output:
1.68
-- TEST CASE 4:
---- input:
Jose
45
1.89
---- correct output:
Nome: Jose
Idade: 45
Altura: 1.89
---- user output:
1.89
-- GRADE:
0%
*-*-*-*-*-*-*-*-*-*-*-*-*-*-*-*-*-*-*-*-*-*-*-*
== RUN (2025-08-25 23:18:40)
-- CODE: 
nome = input()
idade = input()
altura = input()

print(nome)
print(idade)
print(altura)
-- EXECUTION TIME: 
0.0
-- TEST CASE 1:
---- input:
Teresa
13
1.45
---- correct output:
Nome: Teresa
Idade: 13
Altura: 1.45
---- user output:
1.45
-- TEST CASE 2:
---- input:
Marcelo
34
1.79
---- correct output:
Nome: Marcelo
Idade: 34
Altura: 1.79
---- user output:
1.79
-- TEST CASE 3:
---- input:
Larissa
23
1.68
---- correct output:
Nome: Larissa
Idade: 23
Altura: 1.68
---- user output:
1.68
-- TEST CASE 4:
---- input:
Jose
45
1.89
---- correct output:
Nome: Jose
Idade: 45
Altura: 1.89
---- user output:
1.89
*-*-*-*-*-*-*-*-*-*-*-*-*-*-*-*-*-*-*-*-*-*-*-*
== SUBMISSION (2025-08-25 23:25:03)
-- CODE: 
nome = input("Nome: ")
idade = int(input("Idade: "))
altura = float(input("Altura: "))


-- EXECUTION TIME: 
0.01
-- TEST CASE 1:
---- input:
Teresa
13
1.45
---- correct output:
Nome: Teresa
Idade: 13
Altura: 1.45
---- user output:
Nome: Idade: Altura:
-- TEST CASE 2:
---- input:
Marcelo
34
1.79
---- correct output:
Nome: Marcelo
Idade: 34
Altura: 1.79
---- user output:
Nome: Idade: Altura:
-- TEST CASE 3:
---- input:
Larissa
23
1.68
---- correct output:
Nome: Larissa
Idade: 23
Altura: 1.68
---- user output:
Nome: Idade: Altura:
-- TEST CASE 4:
---- input:
Jose
45
1.89
---- correct output:
Nome: Jose
Idade: 45
Altura: 1.89
---- user output:
Nome: Idade: Altura:
-- GRADE:
0%
*-*-*-*-*-*-*-*-*-*-*-*-*-*-*-*-*-*-*-*-*-*-*-*
== SUBMISSION (2025-08-25 23:19:50)
-- CODE: 
nome = input()
idade = int(input())
altura = float(input())

print(nome)
print(idade)
print(altura)
-- EXECUTION TIME: 
0.01
-- TEST CASE 1:
---- input:
Teresa
13
1.45
---- correct output:
Nome: Teresa
Idade: 13
Altura: 1.45
---- user output:
1.45
-- TEST CASE 2:
---- input:
Marcelo
34
1.79
---- correct output:
Nome: Marcelo
Idade: 34
Altura: 1.79
---- user output:
1.79
-- TEST CASE 3:
---- input:
Larissa
23
1.68
---- correct output:
Nome: Larissa
Idade: 23
Altura: 1.68
---- user output:
1.68
-- TEST CASE 4:
---- input:
Jose
45
1.89
---- correct output:
Nome: Jose
Idade: 45
Altura: 1.89
---- user output:
1.89
-- GRADE:
0%
*-*-*-*-*-*-*-*-*-*-*-*-*-*-*-*-*-*-*-*-*-*-*-*
== RUN (2025-08-25 23:11:43)
-- CODE: 
nome = input("")
print(nome)
idade = input("")
print(idade)
altura = input("")
print(altura)
-- EXECUTION TIME: 
0.0
-- TEST CASE 1:
---- input:
Teresa
13
1.45
---- correct output:
Nome: Teresa
Idade: 13
Altura: 1.45
---- user output:
1.45
-- TEST CASE 2:
---- input:
Marcelo
34
1.79
---- correct output:
Nome: Marcelo
Idade: 34
Altura: 1.79
---- user output:
1.79
-- TEST CASE 3:
---- input:
Larissa
23
1.68
---- correct output:
Nome: Larissa
Idade: 23
Altura: 1.68
---- user output:
1.68
-- TEST CASE 4:
---- input:
Jose
45
1.89
---- correct output:
Nome: Jose
Idade: 45
Altura: 1.89
---- user output:
1.89
*-*-*-*-*-*-*-*-*-*-*-*-*-*-*-*-*-*-*-*-*-*-*-*
== RUN (2025-08-25 23:22:15)
-- CODE: 
nome: = input()
idade: = int(input())
altura: = float(input())

print(nome)
print(idade)
print(altura)
-- EXECUTION TIME: 
0.0
-- TEST CASE 1:
---- input:
Teresa
13
1.45
---- correct output:
Nome: Teresa
Idade: 13
Altura: 1.45
-- ERROR:
File "XXXX", line 1
    nome: = input()
          ^
SyntaxError: invalid syntax
-- TEST CASE 2:
---- input:
Marcelo
34
1.79
---- correct output:
Nome: Marcelo
Idade: 34
Altura: 1.79
-- ERROR:
File "XXXX", line 1
    nome: = input()
          ^
SyntaxError: invalid syntax
-- TEST CASE 3:
---- input:
Larissa
23
1.68
---- correct output:
Nome: Larissa
Idade: 23
Altura: 1.68
-- ERROR:
File "XXXX", line 1
    nome: = input()
          ^
SyntaxError: invalid syntax
-- TEST CASE 4:
---- input:
Jose
45
1.89
---- correct output:
Nome: Jose
Idade: 45
Altura: 1.89
-- ERROR:
File "XXXX", line 1
    nome: = input()
          ^
SyntaxError: invalid syntax
*-*-*-*-*-*-*-*-*-*-*-*-*-*-*-*-*-*-*-*-*-*-*-*
== SUBMISSION (2025-08-25 23:13:35)
-- CODE: 
nome = "marcelo"
print(nome)

idade = "34"
print(idade)

altura = "1.79"
print(altura)
-- EXECUTION TIME: 
0.01
-- TEST CASE 1:
---- input:
Teresa
13
1.45
---- correct output:
Nome: Teresa
Idade: 13
Altura: 1.45
---- user output:
1.79
-- TEST CASE 2:
---- input:
Marcelo
34
1.79
---- correct output:
Nome: Marcelo
Idade: 34
Altura: 1.79
---- user output:
1.79
-- TEST CASE 3:
---- input:
Larissa
23
1.68
---- correct output:
Nome: Larissa
Idade: 23
Altura: 1.68
---- user output:
1.79
-- TEST CASE 4:
---- input:
Jose
45
1.89
---- correct output:
Nome: Jose
Idade: 45
Altura: 1.89
---- user output:
1.79
-- GRADE:
0%
*-*-*-*-*-*-*-*-*-*-*-*-*-*-*-*-*-*-*-*-*-*-*-*
== SUBMISSION (2025-08-25 23:15:01)
-- CODE: 
nome = input()
print(nome)

idade = input()
print(idade)

altura = input()
print(altura)
-- EXECUTION TIME: 
0.01
-- TEST CASE 1:
---- input:
Teresa
13
1.45
---- correct output:
Nome: Teresa
Idade: 13
Altura: 1.45
---- user output:
1.45
-- TEST CASE 2:
---- input:
Marcelo
34
1.79
---- correct output:
Nome: Marcelo
Idade: 34
Altura: 1.79
---- user output:
1.79
-- TEST CASE 3:
---- input:
Larissa
23
1.68
---- correct output:
Nome: Larissa
Idade: 23
Altura: 1.68
---- user output:
1.68
-- TEST CASE 4:
---- input:
Jose
45
1.89
---- correct output:
Nome: Jose
Idade: 45
Altura: 1.89
---- user output:
1.89
-- GRADE:
0%
*-*-*-*-*-*-*-*-*-*-*-*-*-*-*-*-*-*-*-*-*-*-*-*
== SUBMISSION (2025-08-25 23:32:01)
-- CODE: 
nome = input("Nome: ")
idade = int(input("Idade: "))
altura = float(input("Altura: "))

print(nome)
print(idade)
print(altura)

-- EXECUTION TIME: 
0.01
-- TEST CASE 1:
---- input:
Teresa
13
1.45
---- correct output:
Nome: Teresa
Idade: 13
Altura: 1.45
---- user output:
1.45
-- TEST CASE 2:
---- input:
Marcelo
34
1.79
---- correct output:
Nome: Marcelo
Idade: 34
Altura: 1.79
---- user output:
1.79
-- TEST CASE 3:
---- input:
Larissa
23
1.68
---- correct output:
Nome: Larissa
Idade: 23
Altura: 1.68
---- user output:
1.68
-- TEST CASE 4:
---- input:
Jose
45
1.89
---- correct output:
Nome: Jose
Idade: 45
Altura: 1.89
---- user output:
1.89
-- GRADE:
0%
*-*-*-*-*-*-*-*-*-*-*-*-*-*-*-*-*-*-*-*-*-*-*-*
== RUN (2025-08-25 23:13:23)
-- CODE: 
nome = "marcelo"
print(nome)

idade = "34"
print(idade)

altura = "1.79"
print(altura)
-- EXECUTION TIME: 
0.0
-- TEST CASE 1:
---- input:
Teresa
13
1.45
---- correct output:
Nome: Teresa
Idade: 13
Altura: 1.45
---- user output:
1.79
-- TEST CASE 2:
---- input:
Marcelo
34
1.79
---- correct output:
Nome: Marcelo
Idade: 34
Altura: 1.79
---- user output:
1.79
-- TEST CASE 3:
---- input:
Larissa
23
1.68
---- correct output:
Nome: Larissa
Idade: 23
Altura: 1.68
---- user output:
1.79
-- TEST CASE 4:
---- input:
Jose
45
1.89
---- correct output:
Nome: Jose
Idade: 45
Altura: 1.89
---- user output:
1.79
*-*-*-*-*-*-*-*-*-*-*-*-*-*-*-*-*-*-*-*-*-*-*-*
== RUN (2025-08-25 23:14:35)
-- CODE: 
nome = input()
print(nome)

idade = input()
print(idade)

altura = input()
print(altura)
-- EXECUTION TIME: 
0.0
-- TEST CASE 1:
---- input:
Teresa
13
1.45
---- correct output:
Nome: Teresa
Idade: 13
Altura: 1.45
---- user output:
1.45
-- TEST CASE 2:
---- input:
Marcelo
34
1.79
---- correct output:
Nome: Marcelo
Idade: 34
Altura: 1.79
---- user output:
1.79
-- TEST CASE 3:
---- input:
Larissa
23
1.68
---- correct output:
Nome: Larissa
Idade: 23
Altura: 1.68
---- user output:
1.68
-- TEST CASE 4:
---- input:
Jose
45
1.89
---- correct output:
Nome: Jose
Idade: 45
Altura: 1.89
---- user output:
1.89
*-*-*-*-*-*-*-*-*-*-*-*-*-*-*-*-*-*-*-*-*-*-*-*
== RUN (2025-08-25 23:21:04)
-- CODE: 
nome = input()
idade = int(input())
altura = float(input())

print(nome)
print(idade)
print(altura)
-- EXECUTION TIME: 
0.0
-- TEST CASE 1:
---- input:
Teresa
13
1.45
---- correct output:
Nome: Teresa
Idade: 13
Altura: 1.45
---- user output:
1.45
-- TEST CASE 2:
---- input:
Marcelo
34
1.79
---- correct output:
Nome: Marcelo
Idade: 34
Altura: 1.79
---- user output:
1.79
-- TEST CASE 3:
---- input:
Larissa
23
1.68
---- correct output:
Nome: Larissa
Idade: 23
Altura: 1.68
---- user output:
1.68
-- TEST CASE 4:
---- input:
Jose
45
1.89
---- correct output:
Nome: Jose
Idade: 45
Altura: 1.89
---- user output:
1.89
*-*-*-*-*-*-*-*-*-*-*-*-*-*-*-*-*-*-*-*-*-*-*-*
== SUBMISSION (2025-08-25 23:20:23)
-- CODE: 
nome = input()
idade = int(input())
altura = float(input())

print(nome)
print(idade)
print(altura)
-- EXECUTION TIME: 
0.01
-- TEST CASE 1:
---- input:
Teresa
13
1.45
---- correct output:
Nome: Teresa
Idade: 13
Altura: 1.45
---- user output:
1.45
-- TEST CASE 2:
---- input:
Marcelo
34
1.79
---- correct output:
Nome: Marcelo
Idade: 34
Altura: 1.79
---- user output:
1.79
-- TEST CASE 3:
---- input:
Larissa
23
1.68
---- correct output:
Nome: Larissa
Idade: 23
Altura: 1.68
---- user output:
1.68
-- TEST CASE 4:
---- input:
Jose
45
1.89
---- correct output:
Nome: Jose
Idade: 45
Altura: 1.89
---- user output:
1.89
-- GRADE:
0%
*-*-*-*-*-*-*-*-*-*-*-*-*-*-*-*-*-*-*-*-*-*-*-*
== RUN (2025-08-25 23:23:01)
-- CODE: 
nome = input()
idade = int(input())
altura = float(input())


-- EXECUTION TIME: 
0.0
-- TEST CASE 1:
---- input:
Teresa
13
1.45
---- correct output:
Nome: Teresa
Idade: 13
Altura: 1.45
---- user output:
None
-- TEST CASE 2:
---- input:
Marcelo
34
1.79
---- correct output:
Nome: Marcelo
Idade: 34
Altura: 1.79
---- user output:
None
-- TEST CASE 3:
---- input:
Larissa
23
1.68
---- correct output:
Nome: Larissa
Idade: 23
Altura: 1.68
---- user output:
None
-- TEST CASE 4:
---- input:
Jose
45
1.89
---- correct output:
Nome: Jose
Idade: 45
Altura: 1.89
---- user output:
None
*-*-*-*-*-*-*-*-*-*-*-*-*-*-*-*-*-*-*-*-*-*-*-*
== RUN (2025-08-25 23:20:43)
-- CODE: 
nome = input()
idade = int(input())
altura = float(input())

print(nome)
print(idade)
print(altura)
-- EXECUTION TIME: 
0.0
-- TEST CASE 1:
---- input:
Teresa
13
1.45
---- correct output:
Nome: Teresa
Idade: 13
Altura: 1.45
---- user output:
1.45
-- TEST CASE 2:
---- input:
Marcelo
34
1.79
---- correct output:
Nome: Marcelo
Idade: 34
Altura: 1.79
---- user output:
1.79
-- TEST CASE 3:
---- input:
Larissa
23
1.68
---- correct output:
Nome: Larissa
Idade: 23
Altura: 1.68
---- user output:
1.68
-- TEST CASE 4:
---- input:
Jose
45
1.89
---- correct output:
Nome: Jose
Idade: 45
Altura: 1.89
---- user output:
1.89
*-*-*-*-*-*-*-*-*-*-*-*-*-*-*-*-*-*-*-*-*-*-*-*
== SUBMISSION (2025-08-25 23:37:47)
-- CODE: 
nome = input()
idade = int(input())
altura = float(input())

print("Nome:",nome)
print("Idade:",idade)
print("Altura:",altura)

-- EXECUTION TIME: 
0.01
-- TEST CASE 1:
---- input:
Teresa
13
1.45
---- correct output:
Nome: Teresa
Idade: 13
Altura: 1.45
---- user output:
Altura: 1.45
-- TEST CASE 2:
---- input:
Marcelo
34
1.79
---- correct output:
Nome: Marcelo
Idade: 34
Altura: 1.79
---- user output:
Altura: 1.79
-- TEST CASE 3:
---- input:
Larissa
23
1.68
---- correct output:
Nome: Larissa
Idade: 23
Altura: 1.68
---- user output:
Altura: 1.68
-- TEST CASE 4:
---- input:
Jose
45
1.89
---- correct output:
Nome: Jose
Idade: 45
Altura: 1.89
---- user output:
Altura: 1.89
-- GRADE:
100%
*-*-*-*-*-*-*-*-*-*-*-*-*-*-*-*-*-*-*-*-*-*-*-*
== RUN (2025-08-25 23:13:26)
-- CODE: 
nome = "marcelo"
print(nome)

idade = "34"
print(idade)

altura = "1.79"
print(altura)
-- EXECUTION TIME: 
0.0
-- TEST CASE 1:
---- input:
Teresa
13
1.45
---- correct output:
Nome: Teresa
Idade: 13
Altura: 1.45
---- user output:
1.79
-- TEST CASE 2:
---- input:
Marcelo
34
1.79
---- correct output:
Nome: Marcelo
Idade: 34
Altura: 1.79
---- user output:
1.79
-- TEST CASE 3:
---- input:
Larissa
23
1.68
---- correct output:
Nome: Larissa
Idade: 23
Altura: 1.68
---- user output:
1.79
-- TEST CASE 4:
---- input:
Jose
45
1.89
---- correct output:
Nome: Jose
Idade: 45
Altura: 1.89
---- user output:
1.79
*-*-*-*-*-*-*-*-*-*-*-*-*-*-*-*-*-*-*-*-*-*-*-*
== SUBMISSION (2025-08-25 23:11:36)
-- CODE: 
nome = input("")
print(nome)
idade = input("")
print(idade)
altura = input("")
print(altura)
-- EXECUTION TIME: 
0.01
-- TEST CASE 1:
---- input:
Teresa
13
1.45
---- correct output:
Nome: Teresa
Idade: 13
Altura: 1.45
---- user output:
1.45
-- TEST CASE 2:
---- input:
Marcelo
34
1.79
---- correct output:
Nome: Marcelo
Idade: 34
Altura: 1.79
---- user output:
1.79
-- TEST CASE 3:
---- input:
Larissa
23
1.68
---- correct output:
Nome: Larissa
Idade: 23
Altura: 1.68
---- user output:
1.68
-- TEST CASE 4:
---- input:
Jose
45
1.89
---- correct output:
Nome: Jose
Idade: 45
Altura: 1.89
---- user output:
1.89
-- GRADE:
0%
*-*-*-*-*-*-*-*-*-*-*-*-*-*-*-*-*-*-*-*-*-*-*-*
== RUN (2025-08-25 23:34:09)
-- CODE: 
nome = input("")
idade = int(input(""))
altura = float(input(""))

print(nome)
print(idade)
print(altura)

-- EXECUTION TIME: 
0.0
-- TEST CASE 1:
---- input:
Teresa
13
1.45
---- correct output:
Nome: Teresa
Idade: 13
Altura: 1.45
---- user output:
1.45
-- TEST CASE 2:
---- input:
Marcelo
34
1.79
---- correct output:
Nome: Marcelo
Idade: 34
Altura: 1.79
---- user output:
1.79
-- TEST CASE 3:
---- input:
Larissa
23
1.68
---- correct output:
Nome: Larissa
Idade: 23
Altura: 1.68
---- user output:
1.68
-- TEST CASE 4:
---- input:
Jose
45
1.89
---- correct output:
Nome: Jose
Idade: 45
Altura: 1.89
---- user output:
1.89
*-*-*-*-*-*-*-*-*-*-*-*-*-*-*-*-*-*-*-*-*-*-*-*
== SUBMISSION (2025-08-25 23:26:14)
-- CODE: 
nome = input("Nome: ")
idade = int(input("Idade: "))
altura = float(input("Altura: "))


-- EXECUTION TIME: 
0.01
-- TEST CASE 1:
---- input:
Teresa
13
1.45
---- correct output:
Nome: Teresa
Idade: 13
Altura: 1.45
---- user output:
Nome: Idade: Altura:
-- TEST CASE 2:
---- input:
Marcelo
34
1.79
---- correct output:
Nome: Marcelo
Idade: 34
Altura: 1.79
---- user output:
Nome: Idade: Altura:
-- TEST CASE 3:
---- input:
Larissa
23
1.68
---- correct output:
Nome: Larissa
Idade: 23
Altura: 1.68
---- user output:
Nome: Idade: Altura:
-- TEST CASE 4:
---- input:
Jose
45
1.89
---- correct output:
Nome: Jose
Idade: 45
Altura: 1.89
---- user output:
Nome: Idade: Altura:
-- GRADE:
0%
*-*-*-*-*-*-*-*-*-*-*-*-*-*-*-*-*-*-*-*-*-*-*-*
== RUN (2025-08-25 23:15:02)
-- CODE: 
nome = input()
print(nome)

idade = input()
print(idade)

altura = input()
print(altura)
-- EXECUTION TIME: 
0.0
-- TEST CASE 1:
---- input:
Teresa
13
1.45
---- correct output:
Nome: Teresa
Idade: 13
Altura: 1.45
---- user output:
1.45
-- TEST CASE 2:
---- input:
Marcelo
34
1.79
---- correct output:
Nome: Marcelo
Idade: 34
Altura: 1.79
---- user output:
1.79
-- TEST CASE 3:
---- input:
Larissa
23
1.68
---- correct output:
Nome: Larissa
Idade: 23
Altura: 1.68
---- user output:
1.68
-- TEST CASE 4:
---- input:
Jose
45
1.89
---- correct output:
Nome: Jose
Idade: 45
Altura: 1.89
---- user output:
1.89
*-*-*-*-*-*-*-*-*-*-*-*-*-*-*-*-*-*-*-*-*-*-*-*
== RUN (2025-08-25 23:31:58)
-- CODE: 
nome = input("Nome: ")
idade = int(input("Idade: "))
altura = float(input("Altura: "))

print(nome)
print(idade)
print(altura)

-- EXECUTION TIME: 
0.0
-- TEST CASE 1:
---- input:
Teresa
13
1.45
---- correct output:
Nome: Teresa
Idade: 13
Altura: 1.45
---- user output:
1.45
-- TEST CASE 2:
---- input:
Marcelo
34
1.79
---- correct output:
Nome: Marcelo
Idade: 34
Altura: 1.79
---- user output:
1.79
-- TEST CASE 3:
---- input:
Larissa
23
1.68
---- correct output:
Nome: Larissa
Idade: 23
Altura: 1.68
---- user output:
1.68
-- TEST CASE 4:
---- input:
Jose
45
1.89
---- correct output:
Nome: Jose
Idade: 45
Altura: 1.89
---- user output:
1.89
*-*-*-*-*-*-*-*-*-*-*-*-*-*-*-*-*-*-*-*-*-*-*-*
== RUN (2025-08-25 23:25:05)
-- CODE: 
nome = input("Nome: ")
idade = int(input("Idade: "))
altura = float(input("Altura: "))


-- EXECUTION TIME: 
0.0
-- TEST CASE 1:
---- input:
Teresa
13
1.45
---- correct output:
Nome: Teresa
Idade: 13
Altura: 1.45
---- user output:
Nome: Idade: Altura:
-- TEST CASE 2:
---- input:
Marcelo
34
1.79
---- correct output:
Nome: Marcelo
Idade: 34
Altura: 1.79
---- user output:
Nome: Idade: Altura:
-- TEST CASE 3:
---- input:
Larissa
23
1.68
---- correct output:
Nome: Larissa
Idade: 23
Altura: 1.68
---- user output:
Nome: Idade: Altura:
-- TEST CASE 4:
---- input:
Jose
45
1.89
---- correct output:
Nome: Jose
Idade: 45
Altura: 1.89
---- user output:
Nome: Idade: Altura:
*-*-*-*-*-*-*-*-*-*-*-*-*-*-*-*-*-*-*-*-*-*-*-*
== RUN (2025-08-25 23:18:06)
-- CODE: 
nome = input()
idade = input()
altura = input()

print(nome)
print(idade)
print(altura)
-- EXECUTION TIME: 
0.0
-- TEST CASE 1:
---- input:
Teresa
13
1.45
---- correct output:
Nome: Teresa
Idade: 13
Altura: 1.45
---- user output:
1.45
-- TEST CASE 2:
---- input:
Marcelo
34
1.79
---- correct output:
Nome: Marcelo
Idade: 34
Altura: 1.79
---- user output:
1.79
-- TEST CASE 3:
---- input:
Larissa
23
1.68
---- correct output:
Nome: Larissa
Idade: 23
Altura: 1.68
---- user output:
1.68
-- TEST CASE 4:
---- input:
Jose
45
1.89
---- correct output:
Nome: Jose
Idade: 45
Altura: 1.89
---- user output:
1.89
*-*-*-*-*-*-*-*-*-*-*-*-*-*-*-*-*-*-*-*-*-*-*-*
== SUBMISSION (2025-08-25 23:18:28)
-- CODE: 
nome = input()
idade = input()
altura = input()

print(nome)
print(idade)
print(altura)
-- EXECUTION TIME: 
0.01
-- TEST CASE 1:
---- input:
Teresa
13
1.45
---- correct output:
Nome: Teresa
Idade: 13
Altura: 1.45
---- user output:
1.45
-- TEST CASE 2:
---- input:
Marcelo
34
1.79
---- correct output:
Nome: Marcelo
Idade: 34
Altura: 1.79
---- user output:
1.79
-- TEST CASE 3:
---- input:
Larissa
23
1.68
---- correct output:
Nome: Larissa
Idade: 23
Altura: 1.68
---- user output:
1.68
-- TEST CASE 4:
---- input:
Jose
45
1.89
---- correct output:
Nome: Jose
Idade: 45
Altura: 1.89
---- user output:
1.89
-- GRADE:
0%
*-*-*-*-*-*-*-*-*-*-*-*-*-*-*-*-*-*-*-*-*-*-*-*
== SUBMISSION (2025-08-25 23:11:37)
-- CODE: 
nome = input("")
print(nome)
idade = input("")
print(idade)
altura = input("")
print(altura)
-- EXECUTION TIME: 
0.01
-- TEST CASE 1:
---- input:
Teresa
13
1.45
---- correct output:
Nome: Teresa
Idade: 13
Altura: 1.45
---- user output:
1.45
-- TEST CASE 2:
---- input:
Marcelo
34
1.79
---- correct output:
Nome: Marcelo
Idade: 34
Altura: 1.79
---- user output:
1.79
-- TEST CASE 3:
---- input:
Larissa
23
1.68
---- correct output:
Nome: Larissa
Idade: 23
Altura: 1.68
---- user output:
1.68
-- TEST CASE 4:
---- input:
Jose
45
1.89
---- correct output:
Nome: Jose
Idade: 45
Altura: 1.89
---- user output:
1.89
-- GRADE:
0%
*-*-*-*-*-*-*-*-*-*-*-*-*-*-*-*-*-*-*-*-*-*-*-*
== SUBMISSION (2025-08-25 23:21:32)
-- CODE: 
nome = input()
idade = int(input())
altura = float(input())

print(nome)
print(idade)
print(altura)
-- EXECUTION TIME: 
0.01
-- TEST CASE 1:
---- input:
Teresa
13
1.45
---- correct output:
Nome: Teresa
Idade: 13
Altura: 1.45
---- user output:
1.45
-- TEST CASE 2:
---- input:
Marcelo
34
1.79
---- correct output:
Nome: Marcelo
Idade: 34
Altura: 1.79
---- user output:
1.79
-- TEST CASE 3:
---- input:
Larissa
23
1.68
---- correct output:
Nome: Larissa
Idade: 23
Altura: 1.68
---- user output:
1.68
-- TEST CASE 4:
---- input:
Jose
45
1.89
---- correct output:
Nome: Jose
Idade: 45
Altura: 1.89
---- user output:
1.89
-- GRADE:
0%
*-*-*-*-*-*-*-*-*-*-*-*-*-*-*-*-*-*-*-*-*-*-*-*
== SUBMISSION (2025-08-25 23:25:54)
-- CODE: 
nome = input("Nome: ")
idade = int(input("Idade: "))
altura = float(input("Altura: "))


-- EXECUTION TIME: 
0.01
-- TEST CASE 1:
---- input:
Teresa
13
1.45
---- correct output:
Nome: Teresa
Idade: 13
Altura: 1.45
---- user output:
Nome: Idade: Altura:
-- TEST CASE 2:
---- input:
Marcelo
34
1.79
---- correct output:
Nome: Marcelo
Idade: 34
Altura: 1.79
---- user output:
Nome: Idade: Altura:
-- TEST CASE 3:
---- input:
Larissa
23
1.68
---- correct output:
Nome: Larissa
Idade: 23
Altura: 1.68
---- user output:
Nome: Idade: Altura:
-- TEST CASE 4:
---- input:
Jose
45
1.89
---- correct output:
Nome: Jose
Idade: 45
Altura: 1.89
---- user output:
Nome: Idade: Altura:
-- GRADE:
0%
*-*-*-*-*-*-*-*-*-*-*-*-*-*-*-*-*-*-*-*-*-*-*-*
== SUBMISSION (2025-08-25 23:11:45)
-- CODE: 
nome = input("")
print(nome)
idade = input("")
print(idade)
altura = input("")
print(altura)
-- EXECUTION TIME: 
0.01
-- TEST CASE 1:
---- input:
Teresa
13
1.45
---- correct output:
Nome: Teresa
Idade: 13
Altura: 1.45
---- user output:
1.45
-- TEST CASE 2:
---- input:
Marcelo
34
1.79
---- correct output:
Nome: Marcelo
Idade: 34
Altura: 1.79
---- user output:
1.79
-- TEST CASE 3:
---- input:
Larissa
23
1.68
---- correct output:
Nome: Larissa
Idade: 23
Altura: 1.68
---- user output:
1.68
-- TEST CASE 4:
---- input:
Jose
45
1.89
---- correct output:
Nome: Jose
Idade: 45
Altura: 1.89
---- user output:
1.89
-- GRADE:
0%
*-*-*-*-*-*-*-*-*-*-*-*-*-*-*-*-*-*-*-*-*-*-*-*
== RUN (2025-08-25 23:25:03)
-- CODE: 
nome = input("Nome: ")
idade = int(input("Idade: "))
altura = float(input("Altura: "))


-- EXECUTION TIME: 
0.0
-- TEST CASE 1:
---- input:
Teresa
13
1.45
---- correct output:
Nome: Teresa
Idade: 13
Altura: 1.45
---- user output:
Nome: Idade: Altura:
-- TEST CASE 2:
---- input:
Marcelo
34
1.79
---- correct output:
Nome: Marcelo
Idade: 34
Altura: 1.79
---- user output:
Nome: Idade: Altura:
-- TEST CASE 3:
---- input:
Larissa
23
1.68
---- correct output:
Nome: Larissa
Idade: 23
Altura: 1.68
---- user output:
Nome: Idade: Altura:
-- TEST CASE 4:
---- input:
Jose
45
1.89
---- correct output:
Nome: Jose
Idade: 45
Altura: 1.89
---- user output:
Nome: Idade: Altura:
*-*-*-*-*-*-*-*-*-*-*-*-*-*-*-*-*-*-*-*-*-*-*-*
== SUBMISSION (2025-08-25 23:27:19)
-- CODE: 
nome = input("Nome: ")
idade = int(input("Idade: "))
altura = float(input("Altura: "))

print(nome)
print(idade)
print(altura)

-- EXECUTION TIME: 
0.01
-- TEST CASE 1:
---- input:
Teresa
13
1.45
---- correct output:
Nome: Teresa
Idade: 13
Altura: 1.45
---- user output:
1.45
-- TEST CASE 2:
---- input:
Marcelo
34
1.79
---- correct output:
Nome: Marcelo
Idade: 34
Altura: 1.79
---- user output:
1.79
-- TEST CASE 3:
---- input:
Larissa
23
1.68
---- correct output:
Nome: Larissa
Idade: 23
Altura: 1.68
---- user output:
1.68
-- TEST CASE 4:
---- input:
Jose
45
1.89
---- correct output:
Nome: Jose
Idade: 45
Altura: 1.89
---- user output:
1.89
-- GRADE:
0%
*-*-*-*-*-*-*-*-*-*-*-*-*-*-*-*-*-*-*-*-*-*-*-*
== RUN (2025-08-25 23:25:34)
-- CODE: 
nome = input("Nome: ")
idade = int(input("Idade: "))
altura = float(input("Altura: "))


-- EXECUTION TIME: 
0.0
-- TEST CASE 1:
---- input:
Teresa
13
1.45
---- correct output:
Nome: Teresa
Idade: 13
Altura: 1.45
---- user output:
Nome: Idade: Altura:
-- TEST CASE 2:
---- input:
Marcelo
34
1.79
---- correct output:
Nome: Marcelo
Idade: 34
Altura: 1.79
---- user output:
Nome: Idade: Altura:
-- TEST CASE 3:
---- input:
Larissa
23
1.68
---- correct output:
Nome: Larissa
Idade: 23
Altura: 1.68
---- user output:
Nome: Idade: Altura:
-- TEST CASE 4:
---- input:
Jose
45
1.89
---- correct output:
Nome: Jose
Idade: 45
Altura: 1.89
---- user output:
Nome: Idade: Altura:
*-*-*-*-*-*-*-*-*-*-*-*-*-*-*-*-*-*-*-*-*-*-*-*
