{"dateTime": "2025-08-26T14:19:28.646Z", "eventType": "select.pointer", "fullPath": "/main.py", "details": {"selection": {"from": 117, "to": 117}}}
{"dateTime": "2025-08-26T14:19:29.943Z", "eventType": "input.type", "fullPath": "/main.py", "details": {"fromA": 117, "toA": 117, "fromB": 117, "toB": 118, "inserted": ["v"]}}
{"dateTime": "2025-08-26T14:19:30.822Z", "eventType": "select.pointer", "fullPath": "/main.py", "details": {"selection": {"from": 139, "to": 139}}}
{"dateTime": "2025-08-26T14:19:33.255Z", "eventType": "delete.backward", "fullPath": "/main.py", "details": {"fromA": 138, "toA": 139, "fromB": 138, "toB": 138, "inserted": [""]}}
{"dateTime": "2025-08-26T14:19:33.720Z", "eventType": "input.type", "fullPath": "/main.py", "details": {"fromA": 138, "toA": 138, "fromB": 138, "toB": 139, "inserted": ["r"]}}
{"dateTime": "2025-08-26T14:19:33.917Z", "eventType": "input.type", "fullPath": "/main.py", "details": {"fromA": 139, "toA": 139, "fromB": 139, "toB": 140, "inserted": ["o"]}}
{"dateTime": "2025-08-26T14:19:34.248Z", "eventType": "input.type", "fullPath": "/main.py", "details": {"fromA": 140, "toA": 140, "fromB": 140, "toB": 141, "inserted": ["u"]}}
{"dateTime": "2025-08-26T14:19:34.906Z", "eventType": "input.type", "fullPath": "/main.py", "details": {"fromA": 141, "toA": 141, "fromB": 141, "toB": 142, "inserted": ["n"]}}
{"dateTime": "2025-08-26T14:19:35.096Z", "eventType": "input.type", "fullPath": "/main.py", "details": {"fromA": 142, "toA": 142, "fromB": 142, "toB": 143, "inserted": ["d"]}}
{"dateTime": "2025-08-26T14:19:38.663Z", "eventType": "input.type", "fullPath": "/main.py", "details": {"fromA": 143, "toA": 143, "fromB": 143, "toB": 145, "inserted": ["()"]}}
{"dateTime": "2025-08-26T14:19:40.599Z", "eventType": "input.type", "fullPath": "/main.py", "details": {"fromA": 144, "toA": 144, "fromB": 144, "toB": 145, "inserted": ["s"]}}
{"dateTime": "2025-08-26T14:19:40.970Z", "eventType": "input.type", "fullPath": "/main.py", "details": {"fromA": 145, "toA": 145, "fromB": 145, "toB": 146, "inserted": ["e"]}}
{"dateTime": "2025-08-26T14:19:41.131Z", "eventType": "input.type", "fullPath": "/main.py", "details": {"fromA": 146, "toA": 146, "fromB": 146, "toB": 147, "inserted": ["r"]}}
{"dateTime": "2025-08-26T14:19:41.433Z", "eventType": "input.type", "fullPath": "/main.py", "details": {"fromA": 147, "toA": 147, "fromB": 147, "toB": 148, "inserted": ["v"]}}
{"dateTime": "2025-08-26T14:19:41.721Z", "eventType": "input.type", "fullPath": "/main.py", "details": {"fromA": 148, "toA": 148, "fromB": 148, "toB": 149, "inserted": ["i"]}}
{"dateTime": "2025-08-26T14:19:42.025Z", "eventType": "input.type", "fullPath": "/main.py", "details": {"fromA": 149, "toA": 149, "fromB": 149, "toB": 150, "inserted": ["c"]}}
{"dateTime": "2025-08-26T14:19:42.137Z", "eventType": "input.type", "fullPath": "/main.py", "details": {"fromA": 150, "toA": 150, "fromB": 150, "toB": 151, "inserted": ["o"]}}
{"dateTime": "2025-08-26T14:19:43.143Z", "eventType": "input.type", "fullPath": "/main.py", "details": {"fromA": 151, "toA": 151, "fromB": 151, "toB": 152, "inserted": [","]}}
{"dateTime": "2025-08-26T14:19:43.399Z", "eventType": "input.type", "fullPath": "/main.py", "details": {"fromA": 152, "toA": 152, "fromB": 152, "toB": 153, "inserted": [" "]}}
{"dateTime": "2025-08-26T14:19:43.591Z", "eventType": "input.type", "fullPath": "/main.py", "details": {"fromA": 153, "toA": 153, "fromB": 153, "toB": 154, "inserted": ["2"]}}
{"dateTime": "2025-08-26T14:19:50.655Z", "eventType": "select.pointer", "fullPath": "/main.py", "details": {"selection": {"from": 151, "to": 151}}}
{"dateTime": "2025-08-26T14:19:51.858Z", "eventType": "focus", "fullPath": "/main.py"}
{"dateTime": "2025-08-26T14:19:51.862Z", "eventType": "select.pointer", "fullPath": "/main.py", "details": {"selection": {"from": 0, "to": 0}}}
{"dateTime": "2025-08-26T14:19:53.287Z", "eventType": "input.type", "fullPath": "/main.py", "details": {"fromA": 151, "toA": 151, "fromB": 151, "toB": 152, "inserted": [" "]}}
{"dateTime": "2025-08-26T14:19:53.528Z", "eventType": "input.type", "fullPath": "/main.py", "details": {"fromA": 152, "toA": 152, "fromB": 152, "toB": 153, "inserted": ["="]}}
{"dateTime": "2025-08-26T14:19:54.694Z", "eventType": "delete.backward", "fullPath": "/main.py", "details": {"fromA": 152, "toA": 153, "fromB": 152, "toB": 152, "inserted": [""]}}
{"dateTime": "2025-08-26T14:19:55.226Z", "eventType": "blur", "fullPath": "/main.py"}
{"dateTime": "2025-08-26T14:19:55.576Z", "eventType": "input.type", "fullPath": "/main.py", "details": {"fromA": 152, "toA": 152, "fromB": 152, "toB": 153, "inserted": ["+"]}}
{"dateTime": "2025-08-26T14:19:56.311Z", "eventType": "input.type", "fullPath": "/main.py", "details": {"fromA": 153, "toA": 153, "fromB": 153, "toB": 154, "inserted": [" "]}}
{"dateTime": "2025-08-26T14:19:57.143Z", "eventType": "input.type", "fullPath": "/main.py", "details": {"fromA": 154, "toA": 154, "fromB": 154, "toB": 155, "inserted": ["i"]}}
{"dateTime": "2025-08-26T14:19:57.434Z", "eventType": "input.type", "fullPath": "/main.py", "details": {"fromA": 155, "toA": 155, "fromB": 155, "toB": 156, "inserted": ["c"]}}
{"dateTime": "2025-08-26T14:19:57.658Z", "eventType": "input.type", "fullPath": "/main.py", "details": {"fromA": 156, "toA": 156, "fromB": 156, "toB": 157, "inserted": ["m"]}}
{"dateTime": "2025-08-26T14:19:57.816Z", "eventType": "input.type", "fullPath": "/main.py", "details": {"fromA": 157, "toA": 157, "fromB": 157, "toB": 158, "inserted": ["s"]}}
{"dateTime": "2025-08-26T14:19:59.558Z", "eventType": "select.pointer", "fullPath": "/main.py", "details": {"selection": {"from": 162, "to": 162}}}
{"dateTime": "2025-08-26T14:20:00.727Z", "eventType": "input.type", "fullPath": "/main.py", "details": {"fromA": 162, "toA": 162, "fromB": 162, "toB": 163, "inserted": [")"]}}
{"dateTime": "2025-08-26T14:20:04.128Z", "eventType": "blur", "fullPath": "/main.py"}
{"dateTime": "2025-08-26T14:20:09.896Z", "eventType": "submission", "details": {"correctness": 1, "commit": "ef02d7dec6430a343b92b70882dca28a6153f3c7", "executionTime": 0.013333333333333334}}
{"dateTime": "2025-08-26T14:20:45.321Z", "eventType": "focus", "fullPath": "/main.py"}
{"dateTime": "2025-08-26T14:20:45.325Z", "eventType": "select.pointer", "fullPath": "/main.py", "details": {"selection": {"from": 0, "to": 0}}}
{"dateTime": "2025-08-26T14:20:54.015Z", "eventType": "input.type", "fullPath": "/main.py", "details": {"fromA": 0, "toA": 0, "fromB": 0, "toB": 1, "inserted": ["l"]}}
{"dateTime": "2025-08-26T14:20:54.269Z", "eventType": "input.type", "fullPath": "/main.py", "details": {"fromA": 1, "toA": 1, "fromB": 1, "toB": 2, "inserted": ["i"]}}
{"dateTime": "2025-08-26T14:20:54.556Z", "eventType": "input.type", "fullPath": "/main.py", "details": {"fromA": 2, "toA": 2, "fromB": 2, "toB": 3, "inserted": ["t"]}}
{"dateTime": "2025-08-26T14:20:54.717Z", "eventType": "input.type", "fullPath": "/main.py", "details": {"fromA": 3, "toA": 3, "fromB": 3, "toB": 4, "inserted": ["r"]}}
{"dateTime": "2025-08-26T14:20:54.876Z", "eventType": "input.type", "fullPath": "/main.py", "details": {"fromA": 4, "toA": 4, "fromB": 4, "toB": 5, "inserted": ["o"]}}
{"dateTime": "2025-08-26T14:20:55.355Z", "eventType": "input.type", "fullPath": "/main.py", "details": {"fromA": 5, "toA": 5, "fromB": 5, "toB": 6, "inserted": ["s"]}}
{"dateTime": "2025-08-26T14:21:01.077Z", "eventType": "input.type", "fullPath": "/main.py", "details": {"fromA": 6, "toA": 6, "fromB": 6, "toB": 8, "inserted": ["()"]}}
{"dateTime": "2025-08-26T14:21:01.674Z", "eventType": "delete.backward", "fullPath": "/main.py", "details": {"fromA": 6, "toA": 8, "fromB": 6, "toB": 6, "inserted": [""]}}
{"dateTime": "2025-08-26T14:21:03.739Z", "eventType": "input.type", "fullPath": "/main.py", "details": {"fromA": 6, "toA": 6, "fromB": 6, "toB": 7, "inserted": [" "]}}
{"dateTime": "2025-08-26T14:21:04.011Z", "eventType": "input.type", "fullPath": "/main.py", "details": {"fromA": 7, "toA": 7, "fromB": 7, "toB": 8, "inserted": ["="]}}
{"dateTime": "2025-08-26T14:21:04.410Z", "eventType": "input.type", "fullPath": "/main.py", "details": {"fromA": 8, "toA": 8, "fromB": 8, "toB": 9, "inserted": [" "]}}
{"dateTime": "2025-08-26T14:21:05.722Z", "eventType": "input.type", "fullPath": "/main.py", "details": {"fromA": 9, "toA": 9, "fromB": 9, "toB": 10, "inserted": ["f"]}}
{"dateTime": "2025-08-26T14:21:05.933Z", "eventType": "input.type", "fullPath": "/main.py", "details": {"fromA": 10, "toA": 10, "fromB": 10, "toB": 11, "inserted": ["l"]}}
{"dateTime": "2025-08-26T14:21:06.124Z", "eventType": "input.type", "fullPath": "/main.py", "details": {"fromA": 11, "toA": 11, "fromB": 11, "toB": 12, "inserted": ["o"]}}
{"dateTime": "2025-08-26T14:21:06.971Z", "eventType": "input.type", "fullPath": "/main.py", "details": {"fromA": 12, "toA": 12, "fromB": 12, "toB": 13, "inserted": ["a"]}}
{"dateTime": "2025-08-26T14:21:07.163Z", "eventType": "input.type", "fullPath": "/main.py", "details": {"fromA": 13, "toA": 13, "fromB": 13, "toB": 14, "inserted": ["t"]}}
{"dateTime": "2025-08-26T14:21:08.794Z", "eventType": "input.type", "fullPath": "/main.py", "details": {"fromA": 14, "toA": 14, "fromB": 14, "toB": 16, "inserted": ["()"]}}
{"dateTime": "2025-08-26T14:21:09.818Z", "eventType": "input.type", "fullPath": "/main.py", "details": {"fromA": 15, "toA": 15, "fromB": 15, "toB": 16, "inserted": ["i"]}}
{"dateTime": "2025-08-26T14:21:10.093Z", "eventType": "input.type", "fullPath": "/main.py", "details": {"fromA": 16, "toA": 16, "fromB": 16, "toB": 17, "inserted": ["n"]}}
{"dateTime": "2025-08-26T14:21:10.588Z", "eventType": "input.type", "fullPath": "/main.py", "details": {"fromA": 17, "toA": 17, "fromB": 17, "toB": 18, "inserted": ["p"]}}
{"dateTime": "2025-08-26T14:21:10.923Z", "eventType": "input.type", "fullPath": "/main.py", "details": {"fromA": 18, "toA": 18, "fromB": 18, "toB": 19, "inserted": ["u"]}}
{"dateTime": "2025-08-26T14:21:11.291Z", "eventType": "input.type", "fullPath": "/main.py", "details": {"fromA": 19, "toA": 19, "fromB": 19, "toB": 20, "inserted": ["t"]}}
{"dateTime": "2025-08-26T14:21:13.801Z", "eventType": "input.type", "fullPath": "/main.py", "details": {"fromA": 20, "toA": 20, "fromB": 20, "toB": 22, "inserted": ["()"]}}
{"dateTime": "2025-08-26T14:21:16.586Z", "eventType": "input.type", "fullPath": "/main.py", "details": {"fromA": 21, "toA": 21, "fromB": 21, "toB": 23, "inserted": ["\"\""]}}
{"dateTime": "2025-08-26T14:21:18.905Z", "eventType": "input.type", "fullPath": "/main.py", "details": {"fromA": 22, "toA": 22, "fromB": 22, "toB": 23, "inserted": ["l"]}}
{"dateTime": "2025-08-26T14:21:19.129Z", "eventType": "input.type", "fullPath": "/main.py", "details": {"fromA": 23, "toA": 23, "fromB": 23, "toB": 24, "inserted": ["i"]}}
{"dateTime": "2025-08-26T14:21:19.482Z", "eventType": "input.type", "fullPath": "/main.py", "details": {"fromA": 24, "toA": 24, "fromB": 24, "toB": 25, "inserted": ["t"]}}
{"dateTime": "2025-08-26T14:21:21.673Z", "eventType": "input.type", "fullPath": "/main.py", "details": {"fromA": 25, "toA": 25, "fromB": 25, "toB": 26, "inserted": ["o"]}}
{"dateTime": "2025-08-26T14:21:22.089Z", "eventType": "input.type", "fullPath": "/main.py", "details": {"fromA": 26, "toA": 26, "fromB": 26, "toB": 27, "inserted": ["s"]}}
{"dateTime": "2025-08-26T14:21:23.209Z", "eventType": "delete.backward", "fullPath": "/main.py", "details": {"fromA": 26, "toA": 27, "fromB": 26, "toB": 26, "inserted": [""]}}
{"dateTime": "2025-08-26T14:21:23.369Z", "eventType": "delete.backward", "fullPath": "/main.py", "details": {"fromA": 25, "toA": 26, "fromB": 25, "toB": 25, "inserted": [""]}}
{"dateTime": "2025-08-26T14:21:24.345Z", "eventType": "input.type", "fullPath": "/main.py", "details": {"fromA": 25, "toA": 25, "fromB": 25, "toB": 26, "inserted": ["r"]}}
{"dateTime": "2025-08-26T14:21:24.570Z", "eventType": "input.type", "fullPath": "/main.py", "details": {"fromA": 26, "toA": 26, "fromB": 26, "toB": 27, "inserted": ["o"]}}
{"dateTime": "2025-08-26T14:21:24.729Z", "eventType": "input.type", "fullPath": "/main.py", "details": {"fromA": 27, "toA": 27, "fromB": 27, "toB": 28, "inserted": ["s"]}}
{"dateTime": "2025-08-26T14:21:29.705Z", "eventType": "input.type", "fullPath": "/main.py", "details": {"fromA": 28, "toA": 28, "fromB": 28, "toB": 29, "inserted": [" "]}}
{"dateTime": "2025-08-26T14:21:30.282Z", "eventType": "input.type", "fullPath": "/main.py", "details": {"fromA": 29, "toA": 29, "fromB": 29, "toB": 30, "inserted": ["q"]}}
{"dateTime": "2025-08-26T14:21:30.585Z", "eventType": "input.type", "fullPath": "/main.py", "details": {"fromA": 30, "toA": 30, "fromB": 30, "toB": 31, "inserted": ["u"]}}
{"dateTime": "2025-08-26T14:21:30.794Z", "eventType": "input.type", "fullPath": "/main.py", "details": {"fromA": 31, "toA": 31, "fromB": 31, "toB": 32, "inserted": ["a"]}}
{"dateTime": "2025-08-26T14:21:31.641Z", "eventType": "input.type", "fullPath": "/main.py", "details": {"fromA": 32, "toA": 32, "fromB": 32, "toB": 33, "inserted": ["n"]}}
{"dateTime": "2025-08-26T14:21:32.121Z", "eventType": "input.type", "fullPath": "/main.py", "details": {"fromA": 33, "toA": 33, "fromB": 33, "toB": 34, "inserted": ["t"]}}
{"dateTime": "2025-08-26T14:21:32.537Z", "eventType": "input.type", "fullPath": "/main.py", "details": {"fromA": 34, "toA": 34, "fromB": 34, "toB": 35, "inserted": ["i"]}}
{"dateTime": "2025-08-26T14:21:32.794Z", "eventType": "input.type", "fullPath": "/main.py", "details": {"fromA": 35, "toA": 35, "fromB": 35, "toB": 36, "inserted": ["d"]}}
{"dateTime": "2025-08-26T14:21:32.968Z", "eventType": "input.type", "fullPath": "/main.py", "details": {"fromA": 36, "toA": 36, "fromB": 36, "toB": 37, "inserted": ["a"]}}
{"dateTime": "2025-08-26T14:21:33.161Z", "eventType": "input.type", "fullPath": "/main.py", "details": {"fromA": 37, "toA": 37, "fromB": 37, "toB": 38, "inserted": ["d"]}}
{"dateTime": "2025-08-26T14:21:33.321Z", "eventType": "input.type", "fullPath": "/main.py", "details": {"fromA": 38, "toA": 38, "fromB": 38, "toB": 39, "inserted": ["e"]}}
{"dateTime": "2025-08-26T14:21:37.097Z", "eventType": "input.type", "fullPath": "/main.py", "details": {"fromA": 39, "toA": 39, "fromB": 39, "toB": 40, "inserted": [":"]}}
{"dateTime": "2025-08-26T14:21:39.536Z", "eventType": "blur", "fullPath": "/main.py"}
{"dateTime": "2025-08-26T14:21:40.136Z", "eventType": "focus", "fullPath": "/main.py"}
{"dateTime": "2025-08-26T14:21:40.139Z", "eventType": "select.pointer", "fullPath": "/main.py", "details": {"selection": {"from": 43, "to": 43}}}
{"dateTime": "2025-08-26T14:21:47.649Z", "eventType": "select.pointer", "fullPath": "/main.py", "details": {"selection": {"from": 40, "to": 40}}}
{"dateTime": "2025-08-26T14:21:49.552Z", "eventType": "select.pointer", "fullPath": "/main.py", "details": {"selection": {"from": 39, "to": 39}}}
{"dateTime": "2025-08-26T14:21:50.680Z", "eventType": "delete.backward", "fullPath": "/main.py", "details": {"fromA": 38, "toA": 39, "fromB": 38, "toB": 38, "inserted": [""]}}
{"dateTime": "2025-08-26T14:21:50.825Z", "eventType": "delete.backward", "fullPath": "/main.py", "details": {"fromA": 37, "toA": 38, "fromB": 37, "toB": 37, "inserted": [""]}}
{"dateTime": "2025-08-26T14:21:50.984Z", "eventType": "delete.backward", "fullPath": "/main.py", "details": {"fromA": 36, "toA": 37, "fromB": 36, "toB": 36, "inserted": [""]}}
{"dateTime": "2025-08-26T14:21:51.144Z", "eventType": "delete.backward", "fullPath": "/main.py", "details": {"fromA": 35, "toA": 36, "fromB": 35, "toB": 35, "inserted": [""]}}
{"dateTime": "2025-08-26T14:21:51.288Z", "eventType": "delete.backward", "fullPath": "/main.py", "details": {"fromA": 34, "toA": 35, "fromB": 34, "toB": 34, "inserted": [""]}}
{"dateTime": "2025-08-26T14:21:51.449Z", "eventType": "delete.backward", "fullPath": "/main.py", "details": {"fromA": 33, "toA": 34, "fromB": 33, "toB": 33, "inserted": [""]}}
{"dateTime": "2025-08-26T14:21:51.608Z", "eventType": "delete.backward", "fullPath": "/main.py", "details": {"fromA": 32, "toA": 33, "fromB": 32, "toB": 32, "inserted": [""]}}
{"dateTime": "2025-08-26T14:21:51.768Z", "eventType": "delete.backward", "fullPath": "/main.py", "details": {"fromA": 31, "toA": 32, "fromB": 31, "toB": 31, "inserted": [""]}}
{"dateTime": "2025-08-26T14:21:51.912Z", "eventType": "delete.backward", "fullPath": "/main.py", "details": {"fromA": 30, "toA": 31, "fromB": 30, "toB": 30, "inserted": [""]}}
{"dateTime": "2025-08-26T14:21:52.056Z", "eventType": "delete.backward", "fullPath": "/main.py", "details": {"fromA": 29, "toA": 30, "fromB": 29, "toB": 29, "inserted": [""]}}
{"dateTime": "2025-08-26T14:21:52.217Z", "eventType": "delete.backward", "fullPath": "/main.py", "details": {"fromA": 28, "toA": 29, "fromB": 28, "toB": 28, "inserted": [""]}}
{"dateTime": "2025-08-26T14:21:52.376Z", "eventType": "delete.backward", "fullPath": "/main.py", "details": {"fromA": 27, "toA": 28, "fromB": 27, "toB": 27, "inserted": [""]}}
{"dateTime": "2025-08-26T14:21:52.536Z", "eventType": "delete.backward", "fullPath": "/main.py", "details": {"fromA": 26, "toA": 27, "fromB": 26, "toB": 26, "inserted": [""]}}
{"dateTime": "2025-08-26T14:21:52.712Z", "eventType": "delete.backward", "fullPath": "/main.py", "details": {"fromA": 25, "toA": 26, "fromB": 25, "toB": 25, "inserted": [""]}}
{"dateTime": "2025-08-26T14:21:52.873Z", "eventType": "delete.backward", "fullPath": "/main.py", "details": {"fromA": 24, "toA": 25, "fromB": 24, "toB": 24, "inserted": [""]}}
{"dateTime": "2025-08-26T14:21:53.288Z", "eventType": "delete.backward", "fullPath": "/main.py", "details": {"fromA": 23, "toA": 24, "fromB": 23, "toB": 23, "inserted": [""]}}
{"dateTime": "2025-08-26T14:21:53.545Z", "eventType": "delete.backward", "fullPath": "/main.py", "details": {"fromA": 22, "toA": 23, "fromB": 22, "toB": 22, "inserted": [""]}}
{"dateTime": "2025-08-26T14:21:54.665Z", "eventType": "input.type", "fullPath": "/main.py", "details": {"fromA": 22, "toA": 22, "fromB": 22, "toB": 23, "inserted": ["q"]}}
{"dateTime": "2025-08-26T14:21:54.856Z", "eventType": "input.type", "fullPath": "/main.py", "details": {"fromA": 23, "toA": 23, "fromB": 23, "toB": 24, "inserted": ["u"]}}
{"dateTime": "2025-08-26T14:21:55.754Z", "eventType": "input.type", "fullPath": "/main.py", "details": {"fromA": 24, "toA": 24, "fromB": 24, "toB": 25, "inserted": ["a"]}}
{"dateTime": "2025-08-26T14:21:55.929Z", "eventType": "input.type", "fullPath": "/main.py", "details": {"fromA": 25, "toA": 25, "fromB": 25, "toB": 26, "inserted": ["n"]}}
{"dateTime": "2025-08-26T14:21:56.233Z", "eventType": "input.type", "fullPath": "/main.py", "details": {"fromA": 26, "toA": 26, "fromB": 26, "toB": 27, "inserted": ["t"]}}
{"dateTime": "2025-08-26T14:21:56.537Z", "eventType": "input.type", "fullPath": "/main.py", "details": {"fromA": 27, "toA": 27, "fromB": 27, "toB": 28, "inserted": ["i"]}}
{"dateTime": "2025-08-26T14:21:56.888Z", "eventType": "input.type", "fullPath": "/main.py", "details": {"fromA": 28, "toA": 28, "fromB": 28, "toB": 29, "inserted": ["d"]}}
{"dateTime": "2025-08-26T14:21:57.049Z", "eventType": "input.type", "fullPath": "/main.py", "details": {"fromA": 29, "toA": 29, "fromB": 29, "toB": 30, "inserted": ["a"]}}
{"dateTime": "2025-08-26T14:21:57.241Z", "eventType": "input.type", "fullPath": "/main.py", "details": {"fromA": 30, "toA": 30, "fromB": 30, "toB": 31, "inserted": ["d"]}}
{"dateTime": "2025-08-26T14:21:57.417Z", "eventType": "input.type", "fullPath": "/main.py", "details": {"fromA": 31, "toA": 31, "fromB": 31, "toB": 32, "inserted": ["e"]}}
{"dateTime": "2025-08-26T14:21:57.705Z", "eventType": "input.type", "fullPath": "/main.py", "details": {"fromA": 32, "toA": 32, "fromB": 32, "toB": 33, "inserted": [" "]}}
{"dateTime": "2025-08-26T14:21:57.897Z", "eventType": "input.type", "fullPath": "/main.py", "details": {"fromA": 33, "toA": 33, "fromB": 33, "toB": 34, "inserted": ["d"]}}
{"dateTime": "2025-08-26T14:21:58.073Z", "eventType": "input.type", "fullPath": "/main.py", "details": {"fromA": 34, "toA": 34, "fromB": 34, "toB": 35, "inserted": ["e"]}}
{"dateTime": "2025-08-26T14:21:58.169Z", "eventType": "input.type", "fullPath": "/main.py", "details": {"fromA": 35, "toA": 35, "fromB": 35, "toB": 36, "inserted": [" "]}}
{"dateTime": "2025-08-26T14:21:58.649Z", "eventType": "input.type", "fullPath": "/main.py", "details": {"fromA": 36, "toA": 36, "fromB": 36, "toB": 37, "inserted": ["l"]}}
{"dateTime": "2025-08-26T14:21:58.873Z", "eventType": "input.type", "fullPath": "/main.py", "details": {"fromA": 37, "toA": 37, "fromB": 37, "toB": 38, "inserted": ["i"]}}
{"dateTime": "2025-08-26T14:21:59.257Z", "eventType": "input.type", "fullPath": "/main.py", "details": {"fromA": 38, "toA": 38, "fromB": 38, "toB": 39, "inserted": ["t"]}}
{"dateTime": "2025-08-26T14:21:59.609Z", "eventType": "input.type", "fullPath": "/main.py", "details": {"fromA": 39, "toA": 39, "fromB": 39, "toB": 40, "inserted": ["r"]}}
{"dateTime": "2025-08-26T14:22:00.249Z", "eventType": "input.type", "fullPath": "/main.py", "details": {"fromA": 40, "toA": 40, "fromB": 40, "toB": 41, "inserted": ["o"]}}
{"dateTime": "2025-08-26T14:22:01.097Z", "eventType": "input.type", "fullPath": "/main.py", "details": {"fromA": 41, "toA": 41, "fromB": 41, "toB": 42, "inserted": ["s"]}}
{"dateTime": "2025-08-26T14:22:02.440Z", "eventType": "select.pointer", "fullPath": "/main.py", "details": {"selection": {"from": 46, "to": 46}}}
{"dateTime": "2025-08-26T14:22:04.105Z", "eventType": "input", "fullPath": "/main.py", "details": {"fromA": 46, "toA": 46, "fromB": 46, "toB": 47, "inserted": ["", ""]}}
{"dateTime": "2025-08-26T14:22:24.137Z", "eventType": "input", "fullPath": "/main.py", "details": {"fromA": 47, "toA": 47, "fromB": 47, "toB": 48, "inserted": ["", ""]}}
{"dateTime": "2025-08-26T14:22:24.521Z", "eventType": "input.type", "fullPath": "/main.py", "details": {"fromA": 48, "toA": 48, "fromB": 48, "toB": 49, "inserted": ["l"]}}
{"dateTime": "2025-08-26T14:22:24.747Z", "eventType": "input.type", "fullPath": "/main.py", "details": {"fromA": 49, "toA": 49, "fromB": 49, "toB": 50, "inserted": ["i"]}}
{"dateTime": "2025-08-26T14:22:24.939Z", "eventType": "input.type", "fullPath": "/main.py", "details": {"fromA": 50, "toA": 50, "fromB": 50, "toB": 51, "inserted": ["t"]}}
{"dateTime": "2025-08-26T14:22:25.084Z", "eventType": "input.type", "fullPath": "/main.py", "details": {"fromA": 51, "toA": 51, "fromB": 51, "toB": 52, "inserted": ["r"]}}
{"dateTime": "2025-08-26T14:22:25.290Z", "eventType": "input.type", "fullPath": "/main.py", "details": {"fromA": 52, "toA": 52, "fromB": 52, "toB": 53, "inserted": ["o"]}}
{"dateTime": "2025-08-26T14:22:25.706Z", "eventType": "input.type", "fullPath": "/main.py", "details": {"fromA": 53, "toA": 53, "fromB": 53, "toB": 54, "inserted": ["s"]}}
{"dateTime": "2025-08-26T14:22:28.442Z", "eventType": "delete.backward", "fullPath": "/main.py", "details": {"fromA": 53, "toA": 54, "fromB": 53, "toB": 53, "inserted": [""]}}
{"dateTime": "2025-08-26T14:22:28.634Z", "eventType": "delete.backward", "fullPath": "/main.py", "details": {"fromA": 52, "toA": 53, "fromB": 52, "toB": 52, "inserted": [""]}}
{"dateTime": "2025-08-26T14:22:28.873Z", "eventType": "delete.backward", "fullPath": "/main.py", "details": {"fromA": 51, "toA": 52, "fromB": 51, "toB": 51, "inserted": [""]}}
{"dateTime": "2025-08-26T14:22:29.049Z", "eventType": "delete.backward", "fullPath": "/main.py", "details": {"fromA": 50, "toA": 51, "fromB": 50, "toB": 50, "inserted": [""]}}
{"dateTime": "2025-08-26T14:22:29.225Z", "eventType": "delete.backward", "fullPath": "/main.py", "details": {"fromA": 49, "toA": 50, "fromB": 49, "toB": 49, "inserted": [""]}}
{"dateTime": "2025-08-26T14:22:29.400Z", "eventType": "delete.backward", "fullPath": "/main.py", "details": {"fromA": 48, "toA": 49, "fromB": 48, "toB": 48, "inserted": [""]}}
{"dateTime": "2025-08-26T14:22:29.768Z", "eventType": "delete.backward", "fullPath": "/main.py", "details": {"fromA": 47, "toA": 48, "fromB": 47, "toB": 47, "inserted": [""]}}
{"dateTime": "2025-08-26T14:22:34.425Z", "eventType": "input.type", "fullPath": "/main.py", "details": {"fromA": 47, "toA": 47, "fromB": 47, "toB": 48, "inserted": ["v"]}}
{"dateTime": "2025-08-26T14:22:35.578Z", "eventType": "input.type", "fullPath": "/main.py", "details": {"fromA": 48, "toA": 48, "fromB": 48, "toB": 49, "inserted": ["a"]}}
{"dateTime": "2025-08-26T14:22:36.090Z", "eventType": "input.type", "fullPath": "/main.py", "details": {"fromA": 49, "toA": 49, "fromB": 49, "toB": 50, "inserted": ["l"]}}
{"dateTime": "2025-08-26T14:22:36.299Z", "eventType": "input.type", "fullPath": "/main.py", "details": {"fromA": 50, "toA": 50, "fromB": 50, "toB": 51, "inserted": ["o"]}}
{"dateTime": "2025-08-26T14:22:36.506Z", "eventType": "input.type", "fullPath": "/main.py", "details": {"fromA": 51, "toA": 51, "fromB": 51, "toB": 52, "inserted": ["r"]}}
{"dateTime": "2025-08-26T14:22:37.721Z", "eventType": "input.type", "fullPath": "/main.py", "details": {"fromA": 52, "toA": 52, "fromB": 52, "toB": 53, "inserted": ["L"]}}
{"dateTime": "2025-08-26T14:22:39.049Z", "eventType": "input.type", "fullPath": "/main.py", "details": {"fromA": 53, "toA": 53, "fromB": 53, "toB": 54, "inserted": [" "]}}
{"dateTime": "2025-08-26T14:22:40.056Z", "eventType": "input.type", "fullPath": "/main.py", "details": {"fromA": 54, "toA": 54, "fromB": 54, "toB": 55, "inserted": ["+"]}}
{"dateTime": "2025-08-26T14:22:40.584Z", "eventType": "input.type", "fullPath": "/main.py", "details": {"fromA": 55, "toA": 55, "fromB": 55, "toB": 56, "inserted": [" "]}}
{"dateTime": "2025-08-26T14:22:41.240Z", "eventType": "delete.backward", "fullPath": "/main.py", "details": {"fromA": 55, "toA": 56, "fromB": 55, "toB": 55, "inserted": [""]}}
{"dateTime": "2025-08-26T14:22:41.400Z", "eventType": "delete.backward", "fullPath": "/main.py", "details": {"fromA": 54, "toA": 55, "fromB": 54, "toB": 54, "inserted": [""]}}
{"dateTime": "2025-08-26T14:22:41.736Z", "eventType": "input.type", "fullPath": "/main.py", "details": {"fromA": 54, "toA": 54, "fromB": 54, "toB": 55, "inserted": ["="]}}
{"dateTime": "2025-08-26T14:22:42.697Z", "eventType": "input.type", "fullPath": "/main.py", "details": {"fromA": 55, "toA": 55, "fromB": 55, "toB": 56, "inserted": [" "]}}
{"dateTime": "2025-08-26T14:22:44.200Z", "eventType": "input.type", "fullPath": "/main.py", "details": {"fromA": 56, "toA": 56, "fromB": 56, "toB": 57, "inserted": ["l"]}}
{"dateTime": "2025-08-26T14:22:44.442Z", "eventType": "input.type", "fullPath": "/main.py", "details": {"fromA": 57, "toA": 57, "fromB": 57, "toB": 58, "inserted": ["i"]}}
{"dateTime": "2025-08-26T14:22:44.730Z", "eventType": "input.type", "fullPath": "/main.py", "details": {"fromA": 58, "toA": 58, "fromB": 58, "toB": 59, "inserted": ["t"]}}
{"dateTime": "2025-08-26T14:22:44.890Z", "eventType": "input.type", "fullPath": "/main.py", "details": {"fromA": 59, "toA": 59, "fromB": 59, "toB": 60, "inserted": ["r"]}}
{"dateTime": "2025-08-26T14:22:45.130Z", "eventType": "input.type", "fullPath": "/main.py", "details": {"fromA": 60, "toA": 60, "fromB": 60, "toB": 61, "inserted": ["o"]}}
{"dateTime": "2025-08-26T14:22:45.418Z", "eventType": "input.type", "fullPath": "/main.py", "details": {"fromA": 61, "toA": 61, "fromB": 61, "toB": 62, "inserted": ["s"]}}
{"dateTime": "2025-08-26T14:22:47.513Z", "eventType": "input.type", "fullPath": "/main.py", "details": {"fromA": 62, "toA": 62, "fromB": 62, "toB": 63, "inserted": [" "]}}
{"dateTime": "2025-08-26T14:22:48.617Z", "eventType": "input.type", "fullPath": "/main.py", "details": {"fromA": 63, "toA": 63, "fromB": 63, "toB": 64, "inserted": ["*"]}}
{"dateTime": "2025-08-26T14:22:50.217Z", "eventType": "input.type", "fullPath": "/main.py", "details": {"fromA": 64, "toA": 64, "fromB": 64, "toB": 65, "inserted": [" "]}}
{"dateTime": "2025-08-26T14:22:51.545Z", "eventType": "input.type", "fullPath": "/main.py", "details": {"fromA": 65, "toA": 65, "fromB": 65, "toB": 66, "inserted": ["2"]}}
{"dateTime": "2025-08-26T14:22:51.992Z", "eventType": "input.type", "fullPath": "/main.py", "details": {"fromA": 66, "toA": 66, "fromB": 66, "toB": 67, "inserted": ["."]}}
{"dateTime": "2025-08-26T14:22:53.304Z", "eventType": "input.type", "fullPath": "/main.py", "details": {"fromA": 67, "toA": 67, "fromB": 67, "toB": 68, "inserted": ["8"]}}
{"dateTime": "2025-08-26T14:22:53.641Z", "eventType": "input.type", "fullPath": "/main.py", "details": {"fromA": 68, "toA": 68, "fromB": 68, "toB": 69, "inserted": ["6"]}}
{"dateTime": "2025-08-26T14:23:06.361Z", "eventType": "input", "fullPath": "/main.py", "details": {"fromA": 69, "toA": 69, "fromB": 69, "toB": 70, "inserted": ["", ""]}}
{"dateTime": "2025-08-26T14:23:07.256Z", "eventType": "delete.backward", "fullPath": "/main.py", "details": {"fromA": 69, "toA": 70, "fromB": 69, "toB": 69, "inserted": [""]}}
{"dateTime": "2025-08-26T14:23:08.696Z", "eventType": "input", "fullPath": "/main.py", "details": {"fromA": 69, "toA": 69, "fromB": 69, "toB": 70, "inserted": ["", ""]}}
{"dateTime": "2025-08-26T14:23:13.320Z", "eventType": "input.type", "fullPath": "/main.py", "details": {"fromA": 70, "toA": 70, "fromB": 70, "toB": 71, "inserted": ["t"]}}
{"dateTime": "2025-08-26T14:23:13.483Z", "eventType": "input.type", "fullPath": "/main.py", "details": {"fromA": 71, "toA": 71, "fromB": 71, "toB": 72, "inserted": ["r"]}}
{"dateTime": "2025-08-26T14:23:13.724Z", "eventType": "input.type", "fullPath": "/main.py", "details": {"fromA": 72, "toA": 72, "fromB": 72, "toB": 73, "inserted": ["o"]}}
{"dateTime": "2025-08-26T14:23:13.960Z", "eventType": "input.type", "fullPath": "/main.py", "details": {"fromA": 73, "toA": 73, "fromB": 73, "toB": 74, "inserted": ["c"]}}
{"dateTime": "2025-08-26T14:23:14.153Z", "eventType": "input.type", "fullPath": "/main.py", "details": {"fromA": 74, "toA": 74, "fromB": 74, "toB": 75, "inserted": ["a"]}}
{"dateTime": "2025-08-26T14:23:15.160Z", "eventType": "input.type", "fullPath": "/main.py", "details": {"fromA": 75, "toA": 75, "fromB": 75, "toB": 76, "inserted": [" "]}}
{"dateTime": "2025-08-26T14:23:15.945Z", "eventType": "input.type", "fullPath": "/main.py", "details": {"fromA": 76, "toA": 76, "fromB": 76, "toB": 77, "inserted": ["="]}}
{"dateTime": "2025-08-26T14:23:16.776Z", "eventType": "input.type", "fullPath": "/main.py", "details": {"fromA": 77, "toA": 77, "fromB": 77, "toB": 78, "inserted": [" "]}}
{"dateTime": "2025-08-26T14:23:21.593Z", "eventType": "input.type", "fullPath": "/main.py", "details": {"fromA": 78, "toA": 78, "fromB": 78, "toB": 79, "inserted": ["5"]}}
{"dateTime": "2025-08-26T14:23:21.784Z", "eventType": "input.type", "fullPath": "/main.py", "details": {"fromA": 79, "toA": 79, "fromB": 79, "toB": 80, "inserted": ["0"]}}
{"dateTime": "2025-08-26T14:23:23.287Z", "eventType": "input", "fullPath": "/main.py", "details": {"fromA": 80, "toA": 80, "fromB": 80, "toB": 81, "inserted": ["", ""]}}
{"dateTime": "2025-08-26T14:23:37.689Z", "eventType": "input.type", "fullPath": "/main.py", "details": {"fromA": 81, "toA": 81, "fromB": 81, "toB": 82, "inserted": ["i"]}}
{"dateTime": "2025-08-26T14:23:37.979Z", "eventType": "input.type", "fullPath": "/main.py", "details": {"fromA": 82, "toA": 82, "fromB": 82, "toB": 83, "inserted": ["c"]}}
{"dateTime": "2025-08-26T14:23:38.618Z", "eventType": "input.type", "fullPath": "/main.py", "details": {"fromA": 83, "toA": 83, "fromB": 83, "toB": 84, "inserted": ["m"]}}
{"dateTime": "2025-08-26T14:23:39.017Z", "eventType": "input.type", "fullPath": "/main.py", "details": {"fromA": 84, "toA": 84, "fromB": 84, "toB": 85, "inserted": ["s"]}}
{"dateTime": "2025-08-26T14:23:40.184Z", "eventType": "input.type", "fullPath": "/main.py", "details": {"fromA": 85, "toA": 85, "fromB": 85, "toB": 86, "inserted": [" "]}}
{"dateTime": "2025-08-26T14:23:40.680Z", "eventType": "input.type", "fullPath": "/main.py", "details": {"fromA": 86, "toA": 86, "fromB": 86, "toB": 87, "inserted": ["="]}}
{"dateTime": "2025-08-26T14:23:41.065Z", "eventType": "input.type", "fullPath": "/main.py", "details": {"fromA": 87, "toA": 87, "fromB": 87, "toB": 88, "inserted": [" "]}}
{"dateTime": "2025-08-26T14:23:45.944Z", "eventType": "delete.backward", "fullPath": "/main.py", "details": {"fromA": 87, "toA": 88, "fromB": 87, "toB": 87, "inserted": [""]}}
{"dateTime": "2025-08-26T14:23:46.103Z", "eventType": "delete.backward", "fullPath": "/main.py", "details": {"fromA": 86, "toA": 87, "fromB": 86, "toB": 86, "inserted": [""]}}
{"dateTime": "2025-08-26T14:23:46.280Z", "eventType": "delete.backward", "fullPath": "/main.py", "details": {"fromA": 85, "toA": 86, "fromB": 85, "toB": 85, "inserted": [""]}}
{"dateTime": "2025-08-26T14:23:46.455Z", "eventType": "delete.backward", "fullPath": "/main.py", "details": {"fromA": 84, "toA": 85, "fromB": 84, "toB": 84, "inserted": [""]}}
{"dateTime": "2025-08-26T14:23:46.936Z", "eventType": "delete.backward", "fullPath": "/main.py", "details": {"fromA": 83, "toA": 84, "fromB": 83, "toB": 83, "inserted": [""]}}
{"dateTime": "2025-08-26T14:23:47.128Z", "eventType": "delete.backward", "fullPath": "/main.py", "details": {"fromA": 82, "toA": 83, "fromB": 82, "toB": 82, "inserted": [""]}}
{"dateTime": "2025-08-26T14:23:47.511Z", "eventType": "delete.backward", "fullPath": "/main.py", "details": {"fromA": 81, "toA": 82, "fromB": 81, "toB": 81, "inserted": [""]}}
{"dateTime": "2025-08-26T14:24:19.369Z", "eventType": "input.type", "fullPath": "/main.py", "details": {"fromA": 81, "toA": 81, "fromB": 81, "toB": 82, "inserted": ["s"]}}
{"dateTime": "2025-08-26T14:24:19.706Z", "eventType": "input.type", "fullPath": "/main.py", "details": {"fromA": 82, "toA": 82, "fromB": 82, "toB": 83, "inserted": ["e"]}}
{"dateTime": "2025-08-26T14:24:20.363Z", "eventType": "input.type", "fullPath": "/main.py", "details": {"fromA": 83, "toA": 83, "fromB": 83, "toB": 84, "inserted": ["r"]}}
{"dateTime": "2025-08-26T14:24:21.465Z", "eventType": "input.type", "fullPath": "/main.py", "details": {"fromA": 84, "toA": 84, "fromB": 84, "toB": 85, "inserted": ["v"]}}
{"dateTime": "2025-08-26T14:24:21.848Z", "eventType": "input.type", "fullPath": "/main.py", "details": {"fromA": 85, "toA": 85, "fromB": 85, "toB": 86, "inserted": ["i"]}}
{"dateTime": "2025-08-26T14:24:22.136Z", "eventType": "input.type", "fullPath": "/main.py", "details": {"fromA": 86, "toA": 86, "fromB": 86, "toB": 87, "inserted": ["c"]}}
{"dateTime": "2025-08-26T14:24:22.392Z", "eventType": "input.type", "fullPath": "/main.py", "details": {"fromA": 87, "toA": 87, "fromB": 87, "toB": 88, "inserted": ["o"]}}
{"dateTime": "2025-08-26T14:24:26.840Z", "eventType": "input.type", "fullPath": "/main.py", "details": {"fromA": 88, "toA": 88, "fromB": 88, "toB": 89, "inserted": [" "]}}
{"dateTime": "2025-08-26T14:24:27.384Z", "eventType": "input.type", "fullPath": "/main.py", "details": {"fromA": 89, "toA": 89, "fromB": 89, "toB": 90, "inserted": ["="]}}
{"dateTime": "2025-08-26T14:24:28.168Z", "eventType": "input.type", "fullPath": "/main.py", "details": {"fromA": 90, "toA": 90, "fromB": 90, "toB": 91, "inserted": [" "]}}
{"dateTime": "2025-08-26T14:24:30.712Z", "eventType": "input.type", "fullPath": "/main.py", "details": {"fromA": 91, "toA": 91, "fromB": 91, "toB": 92, "inserted": ["v"]}}
{"dateTime": "2025-08-26T14:24:30.954Z", "eventType": "input.type", "fullPath": "/main.py", "details": {"fromA": 92, "toA": 92, "fromB": 92, "toB": 93, "inserted": ["a"]}}
{"dateTime": "2025-08-26T14:24:31.274Z", "eventType": "input.type", "fullPath": "/main.py", "details": {"fromA": 93, "toA": 93, "fromB": 93, "toB": 94, "inserted": ["l"]}}
{"dateTime": "2025-08-26T14:24:31.449Z", "eventType": "input.type", "fullPath": "/main.py", "details": {"fromA": 94, "toA": 94, "fromB": 94, "toB": 95, "inserted": ["o"]}}
{"dateTime": "2025-08-26T14:24:31.626Z", "eventType": "input.type", "fullPath": "/main.py", "details": {"fromA": 95, "toA": 95, "fromB": 95, "toB": 96, "inserted": ["r"]}}
{"dateTime": "2025-08-26T14:24:34.281Z", "eventType": "input.type", "fullPath": "/main.py", "details": {"fromA": 96, "toA": 96, "fromB": 96, "toB": 97, "inserted": ["l"]}}
{"dateTime": "2025-08-26T14:24:35.353Z", "eventType": "delete.backward", "fullPath": "/main.py", "details": {"fromA": 96, "toA": 97, "fromB": 96, "toB": 96, "inserted": [""]}}
{"dateTime": "2025-08-26T14:24:35.929Z", "eventType": "input.type", "fullPath": "/main.py", "details": {"fromA": 96, "toA": 96, "fromB": 96, "toB": 97, "inserted": ["L"]}}
{"dateTime": "2025-08-26T14:24:36.328Z", "eventType": "input.type", "fullPath": "/main.py", "details": {"fromA": 97, "toA": 97, "fromB": 97, "toB": 98, "inserted": [" "]}}
{"dateTime": "2025-08-26T14:24:37.368Z", "eventType": "input.type", "fullPath": "/main.py", "details": {"fromA": 98, "toA": 98, "fromB": 98, "toB": 99, "inserted": ["="]}}
{"dateTime": "2025-08-26T14:24:38.584Z", "eventType": "delete.backward", "fullPath": "/main.py", "details": {"fromA": 98, "toA": 99, "fromB": 98, "toB": 98, "inserted": [""]}}
{"dateTime": "2025-08-26T14:24:39.608Z", "eventType": "input.type", "fullPath": "/main.py", "details": {"fromA": 98, "toA": 98, "fromB": 98, "toB": 99, "inserted": ["_"]}}
{"dateTime": "2025-08-26T14:24:40.151Z", "eventType": "delete.backward", "fullPath": "/main.py", "details": {"fromA": 98, "toA": 99, "fromB": 98, "toB": 98, "inserted": [""]}}
{"dateTime": "2025-08-26T14:24:40.856Z", "eventType": "input.type", "fullPath": "/main.py", "details": {"fromA": 98, "toA": 98, "fromB": 98, "toB": 99, "inserted": ["+"]}}
{"dateTime": "2025-08-26T14:24:41.272Z", "eventType": "input.type", "fullPath": "/main.py", "details": {"fromA": 99, "toA": 99, "fromB": 99, "toB": 100, "inserted": [" "]}}
{"dateTime": "2025-08-26T14:24:42.008Z", "eventType": "input.type", "fullPath": "/main.py", "details": {"fromA": 100, "toA": 100, "fromB": 100, "toB": 101, "inserted": ["t"]}}
{"dateTime": "2025-08-26T14:24:42.299Z", "eventType": "input.type", "fullPath": "/main.py", "details": {"fromA": 101, "toA": 101, "fromB": 101, "toB": 102, "inserted": ["r"]}}
{"dateTime": "2025-08-26T14:24:42.796Z", "eventType": "input.type", "fullPath": "/main.py", "details": {"fromA": 102, "toA": 102, "fromB": 102, "toB": 103, "inserted": ["o"]}}
{"dateTime": "2025-08-26T14:24:43.450Z", "eventType": "input.type", "fullPath": "/main.py", "details": {"fromA": 103, "toA": 103, "fromB": 103, "toB": 104, "inserted": ["c"]}}
{"dateTime": "2025-08-26T14:24:43.673Z", "eventType": "input.type", "fullPath": "/main.py", "details": {"fromA": 104, "toA": 104, "fromB": 104, "toB": 105, "inserted": ["a"]}}
{"dateTime": "2025-08-26T14:24:44.040Z", "eventType": "input.type", "fullPath": "/main.py", "details": {"fromA": 105, "toA": 105, "fromB": 105, "toB": 106, "inserted": [" "]}}
{"dateTime": "2025-08-26T14:24:45.864Z", "eventType": "input", "fullPath": "/main.py", "details": {"fromA": 106, "toA": 106, "fromB": 106, "toB": 107, "inserted": ["", ""]}}
{"dateTime": "2025-08-26T14:24:48.008Z", "eventType": "input.type", "fullPath": "/main.py", "details": {"fromA": 107, "toA": 107, "fromB": 107, "toB": 108, "inserted": ["i"]}}
{"dateTime": "2025-08-26T14:24:48.204Z", "eventType": "input.type", "fullPath": "/main.py", "details": {"fromA": 108, "toA": 108, "fromB": 108, "toB": 109, "inserted": ["c"]}}
{"dateTime": "2025-08-26T14:24:48.409Z", "eventType": "input.type", "fullPath": "/main.py", "details": {"fromA": 109, "toA": 109, "fromB": 109, "toB": 110, "inserted": ["m"]}}
{"dateTime": "2025-08-26T14:24:48.632Z", "eventType": "input.type", "fullPath": "/main.py", "details": {"fromA": 110, "toA": 110, "fromB": 110, "toB": 111, "inserted": ["s"]}}
{"dateTime": "2025-08-26T14:24:50.360Z", "eventType": "input.type", "fullPath": "/main.py", "details": {"fromA": 111, "toA": 111, "fromB": 111, "toB": 112, "inserted": [" "]}}
{"dateTime": "2025-08-26T14:24:50.920Z", "eventType": "input.type", "fullPath": "/main.py", "details": {"fromA": 112, "toA": 112, "fromB": 112, "toB": 113, "inserted": ["="]}}
{"dateTime": "2025-08-26T14:24:51.432Z", "eventType": "input.type", "fullPath": "/main.py", "details": {"fromA": 113, "toA": 113, "fromB": 113, "toB": 114, "inserted": [" "]}}
{"dateTime": "2025-08-26T14:24:52.616Z", "eventType": "input.type", "fullPath": "/main.py", "details": {"fromA": 114, "toA": 114, "fromB": 114, "toB": 115, "inserted": ["s"]}}
{"dateTime": "2025-08-26T14:24:52.906Z", "eventType": "input.type", "fullPath": "/main.py", "details": {"fromA": 115, "toA": 115, "fromB": 115, "toB": 116, "inserted": ["e"]}}
{"dateTime": "2025-08-26T14:24:53.147Z", "eventType": "input.type", "fullPath": "/main.py", "details": {"fromA": 116, "toA": 116, "fromB": 116, "toB": 117, "inserted": ["r"]}}
{"dateTime": "2025-08-26T14:24:53.866Z", "eventType": "input.type", "fullPath": "/main.py", "details": {"fromA": 117, "toA": 117, "fromB": 117, "toB": 118, "inserted": ["i"]}}
{"dateTime": "2025-08-26T14:24:55.001Z", "eventType": "input.type", "fullPath": "/main.py", "details": {"fromA": 118, "toA": 118, "fromB": 118, "toB": 119, "inserted": ["c"]}}
{"dateTime": "2025-08-26T14:24:55.161Z", "eventType": "input.type", "fullPath": "/main.py", "details": {"fromA": 119, "toA": 119, "fromB": 119, "toB": 120, "inserted": ["o"]}}
{"dateTime": "2025-08-26T14:24:56.329Z", "eventType": "input.type", "fullPath": "/main.py", "details": {"fromA": 120, "toA": 120, "fromB": 120, "toB": 121, "inserted": [" "]}}
{"dateTime": "2025-08-26T14:24:57.433Z", "eventType": "input.type", "fullPath": "/main.py", "details": {"fromA": 121, "toA": 121, "fromB": 121, "toB": 122, "inserted": ["="]}}
{"dateTime": "2025-08-26T14:24:58.423Z", "eventType": "delete.backward", "fullPath": "/main.py", "details": {"fromA": 121, "toA": 122, "fromB": 121, "toB": 121, "inserted": [""]}}
{"dateTime": "2025-08-26T14:25:01.176Z", "eventType": "input.type", "fullPath": "/main.py", "details": {"fromA": 121, "toA": 121, "fromB": 121, "toB": 122, "inserted": ["*"]}}
{"dateTime": "2025-08-26T14:25:01.688Z", "eventType": "input.type", "fullPath": "/main.py", "details": {"fromA": 122, "toA": 122, "fromB": 122, "toB": 123, "inserted": [" "]}}
{"dateTime": "2025-08-26T14:25:02.680Z", "eventType": "input.type", "fullPath": "/main.py", "details": {"fromA": 123, "toA": 123, "fromB": 123, "toB": 124, "inserted": ["3"]}}
{"dateTime": "2025-08-26T14:25:03.000Z", "eventType": "input.type", "fullPath": "/main.py", "details": {"fromA": 124, "toA": 124, "fromB": 124, "toB": 125, "inserted": ["4"]}}
{"dateTime": "2025-08-26T14:25:04.728Z", "eventType": "input.type", "fullPath": "/main.py", "details": {"fromA": 125, "toA": 125, "fromB": 125, "toB": 126, "inserted": ["/"]}}
{"dateTime": "2025-08-26T14:25:05.656Z", "eventType": "input.type", "fullPath": "/main.py", "details": {"fromA": 126, "toA": 126, "fromB": 126, "toB": 127, "inserted": ["1"]}}
{"dateTime": "2025-08-26T14:25:06.040Z", "eventType": "input.type", "fullPath": "/main.py", "details": {"fromA": 127, "toA": 127, "fromB": 127, "toB": 128, "inserted": ["0"]}}
{"dateTime": "2025-08-26T14:25:06.183Z", "eventType": "input.type", "fullPath": "/main.py", "details": {"fromA": 128, "toA": 128, "fromB": 128, "toB": 129, "inserted": ["0"]}}
{"dateTime": "2025-08-26T14:25:07.735Z", "eventType": "input", "fullPath": "/main.py", "details": {"fromA": 129, "toA": 129, "fromB": 129, "toB": 130, "inserted": ["", ""]}}
{"dateTime": "2025-08-26T14:25:09.080Z", "eventType": "input", "fullPath": "/main.py", "details": {"fromA": 130, "toA": 130, "fromB": 130, "toB": 131, "inserted": ["", ""]}}
{"dateTime": "2025-08-26T14:25:09.592Z", "eventType": "input.type", "fullPath": "/main.py", "details": {"fromA": 131, "toA": 131, "fromB": 131, "toB": 132, "inserted": ["p"]}}
{"dateTime": "2025-08-26T14:25:09.754Z", "eventType": "input.type", "fullPath": "/main.py", "details": {"fromA": 132, "toA": 132, "fromB": 132, "toB": 133, "inserted": ["r"]}}
{"dateTime": "2025-08-26T14:25:10.235Z", "eventType": "input.type", "fullPath": "/main.py", "details": {"fromA": 133, "toA": 133, "fromB": 133, "toB": 134, "inserted": ["i"]}}
{"dateTime": "2025-08-26T14:25:10.953Z", "eventType": "input.type", "fullPath": "/main.py", "details": {"fromA": 134, "toA": 134, "fromB": 134, "toB": 135, "inserted": ["n"]}}
{"dateTime": "2025-08-26T14:25:11.305Z", "eventType": "input.type", "fullPath": "/main.py", "details": {"fromA": 135, "toA": 135, "fromB": 135, "toB": 136, "inserted": ["t"]}}
{"dateTime": "2025-08-26T14:25:13.816Z", "eventType": "input.type", "fullPath": "/main.py", "details": {"fromA": 136, "toA": 136, "fromB": 136, "toB": 138, "inserted": ["()"]}}
{"dateTime": "2025-08-27T20:16:00.443Z", "eventType": "window.blur", "fullPath": "/main.py"}
{"dateTime": "2025-08-27T20:19:10.233Z", "eventType": "window.blur", "fullPath": "/main.py"}
{"dateTime": "2025-08-27T20:20:50.515Z", "eventType": "window.focus", "fullPath": "/main.py"}
{"dateTime": "2025-08-27T20:21:10.263Z", "eventType": "window.blur", "fullPath": "/main.py"}
{"dateTime": "2025-08-27T20:21:17.738Z", "eventType": "window.focus", "fullPath": "/main.py"}
{"dateTime": "2025-08-27T20:21:19.567Z", "eventType": "window.blur", "fullPath": "/main.py"}
{"dateTime": "2025-08-27T20:21:38.663Z", "eventType": "window.blur", "fullPath": "/main.py"}
{"dateTime": "2025-08-27T20:29:03.524Z", "eventType": "window.focus", "fullPath": "/main.py"}
{"dateTime": "2025-08-27T20:32:09.327Z", "eventType": "window.focus", "fullPath": "/main.py"}
