== SUBMISSION (2025-08-20 22:51:38)
-- CODE: 
print("*****")
print("***")
print("*")
-- EXECUTION TIME: 
0.01
-- TEST CASE 1:
---- input:
xx
---- correct output:
*****
 *** 
  *
---- user output:
*
-- TEST CASE 2:
---- input:
xx
---- correct output:
*****
 *** 
  *
---- user output:
*
-- GRADE:
100%
*-*-*-*-*-*-*-*-*-*-*-*-*-*-*-*-*-*-*-*-*-*-*-*
== RUN (2025-08-20 22:51:35)
-- CODE: 
print("*****")
print("***")
print("*")
-- EXECUTION TIME: 
0.0
-- TEST CASE 1:
---- input:
xx
---- correct output:
*****
 *** 
  *
---- user output:
*
-- TEST CASE 2:
---- input:
xx
---- correct output:
*****
 *** 
  *
---- user output:
*
*-*-*-*-*-*-*-*-*-*-*-*-*-*-*-*-*-*-*-*-*-*-*-*
