== SUBMISSION (2025-08-26 19:54:58)
-- CODE: 
medialab = float(input("media dos laboratorios: "))
mediatrab = float(input("media dos trabalhos: "))
mediaprov = float(input("media das provas: "))

ML = medialab*(25/100)
MT = mediatrab*(30/100)
MP = mediaprov*(45/100)

NF = (ML + MT + MP)

print(round(NF, 2))
-- EXECUTION TIME: 
0.01
-- TEST CASE 1:
---- input:
4.8
3.2
7.6
---- correct output:
5.58
---- user output:
media dos laboratorios: media dos trabalhos: media das provas: 5.58
-- TEST CASE 2:
---- input:
7.5
5.3
8.6
---- correct output:
7.33
---- user output:
media dos laboratorios: media dos trabalhos: media das provas: 7.33
-- TEST CASE 3:
---- input:
4.9
3.21
9.1
---- correct output:
6.28
---- user output:
media dos laboratorios: media dos trabalhos: media das provas: 6.28
-- TEST CASE 4:
---- input:
8.5
6.3
5.1
---- correct output:
6.31
---- user output:
media dos laboratorios: media dos trabalhos: media das provas: 6.31
-- TEST CASE 5:
---- input:
8.8
9.2
7.6
---- correct output:
8.38
---- user output:
media dos laboratorios: media dos trabalhos: media das provas: 8.38
-- TEST CASE 6:
---- input:
8.5
4.9
8.8
---- correct output:
7.55
---- user output:
media dos laboratorios: media dos trabalhos: media das provas: 7.55
-- GRADE:
100%
*-*-*-*-*-*-*-*-*-*-*-*-*-*-*-*-*-*-*-*-*-*-*-*
