{"dateTime": "2025-08-27T21:51:06.837Z", "eventType": "delete.backward", "fullPath": "/main.py", "details": {"fromA": 36, "toA": 37, "fromB": 36, "toB": 36, "inserted": [""]}}
{"dateTime": "2025-08-27T21:51:07.143Z", "eventType": "input.type", "fullPath": "/main.py", "details": {"fromA": 36, "toA": 36, "fromB": 36, "toB": 37, "inserted": ["="]}}
{"dateTime": "2025-08-27T21:51:08.647Z", "eventType": "input.type", "fullPath": "/main.py", "details": {"fromA": 37, "toA": 37, "fromB": 37, "toB": 38, "inserted": [" "]}}
{"dateTime": "2025-08-27T21:51:09.236Z", "eventType": "input.type", "fullPath": "/main.py", "details": {"fromA": 38, "toA": 38, "fromB": 38, "toB": 39, "inserted": ["t"]}}
{"dateTime": "2025-08-27T21:51:09.402Z", "eventType": "input.type", "fullPath": "/main.py", "details": {"fromA": 39, "toA": 39, "fromB": 39, "toB": 40, "inserted": ["o"]}}
{"dateTime": "2025-08-27T21:51:09.515Z", "eventType": "input.type", "fullPath": "/main.py", "details": {"fromA": 40, "toA": 40, "fromB": 40, "toB": 41, "inserted": ["t"]}}
{"dateTime": "2025-08-27T21:51:09.847Z", "eventType": "input.type", "fullPath": "/main.py", "details": {"fromA": 41, "toA": 41, "fromB": 41, "toB": 42, "inserted": ["a"]}}
{"dateTime": "2025-08-27T21:51:10.008Z", "eventType": "input.type", "fullPath": "/main.py", "details": {"fromA": 42, "toA": 42, "fromB": 42, "toB": 43, "inserted": ["l"]}}
{"dateTime": "2025-08-27T21:51:10.279Z", "eventType": "input.type", "fullPath": "/main.py", "details": {"fromA": 43, "toA": 43, "fromB": 43, "toB": 44, "inserted": [" "]}}
{"dateTime": "2025-08-27T21:51:11.237Z", "eventType": "delete.backward", "fullPath": "/main.py", "details": {"fromA": 43, "toA": 44, "fromB": 43, "toB": 43, "inserted": [""]}}
{"dateTime": "2025-08-27T21:51:12.005Z", "eventType": "input.type", "fullPath": "/main.py", "details": {"fromA": 43, "toA": 43, "fromB": 43, "toB": 44, "inserted": ["_"]}}
{"dateTime": "2025-08-27T21:51:13.255Z", "eventType": "input.type", "fullPath": "/main.py", "details": {"fromA": 44, "toA": 44, "fromB": 44, "toB": 45, "inserted": ["v"]}}
{"dateTime": "2025-08-27T21:51:13.383Z", "eventType": "input.type", "fullPath": "/main.py", "details": {"fromA": 45, "toA": 45, "fromB": 45, "toB": 46, "inserted": ["e"]}}
{"dateTime": "2025-08-27T21:51:13.607Z", "eventType": "input.type", "fullPath": "/main.py", "details": {"fromA": 46, "toA": 46, "fromB": 46, "toB": 47, "inserted": ["n"]}}
{"dateTime": "2025-08-27T21:51:13.751Z", "eventType": "input.type", "fullPath": "/main.py", "details": {"fromA": 47, "toA": 47, "fromB": 47, "toB": 48, "inserted": ["d"]}}
{"dateTime": "2025-08-27T21:51:14.006Z", "eventType": "input.type", "fullPath": "/main.py", "details": {"fromA": 48, "toA": 48, "fromB": 48, "toB": 49, "inserted": ["a"]}}
{"dateTime": "2025-08-27T21:51:14.231Z", "eventType": "input.type", "fullPath": "/main.py", "details": {"fromA": 49, "toA": 49, "fromB": 49, "toB": 50, "inserted": ["s"]}}
{"dateTime": "2025-08-27T21:51:15.110Z", "eventType": "input.type", "fullPath": "/main.py", "details": {"fromA": 50, "toA": 50, "fromB": 50, "toB": 51, "inserted": [" "]}}
{"dateTime": "2025-08-27T21:51:24.290Z", "eventType": "input.type", "fullPath": "/main.py", "details": {"fromA": 51, "toA": 51, "fromB": 51, "toB": 52, "inserted": ["*"]}}
{"dateTime": "2025-08-27T21:51:26.262Z", "eventType": "input.type", "fullPath": "/main.py", "details": {"fromA": 52, "toA": 52, "fromB": 52, "toB": 53, "inserted": [" "]}}
{"dateTime": "2025-08-27T21:51:32.406Z", "eventType": "input.type", "fullPath": "/main.py", "details": {"fromA": 53, "toA": 53, "fromB": 53, "toB": 54, "inserted": ["0"]}}
{"dateTime": "2025-08-27T21:51:33.221Z", "eventType": "input.type", "fullPath": "/main.py", "details": {"fromA": 54, "toA": 54, "fromB": 54, "toB": 55, "inserted": ["."]}}
{"dateTime": "2025-08-27T21:51:34.257Z", "eventType": "input.type", "fullPath": "/main.py", "details": {"fromA": 55, "toA": 55, "fromB": 55, "toB": 56, "inserted": ["3"]}}
{"dateTime": "2025-08-27T21:51:34.485Z", "eventType": "input.type", "fullPath": "/main.py", "details": {"fromA": 56, "toA": 56, "fromB": 56, "toB": 57, "inserted": ["0"]}}
{"dateTime": "2025-08-27T21:51:36.551Z", "eventType": "input", "fullPath": "/main.py", "details": {"fromA": 57, "toA": 57, "fromB": 57, "toB": 58, "inserted": ["", ""]}}
{"dateTime": "2025-08-27T21:51:37.574Z", "eventType": "input.type", "fullPath": "/main.py", "details": {"fromA": 58, "toA": 58, "fromB": 58, "toB": 59, "inserted": ["p"]}}
{"dateTime": "2025-08-27T21:51:37.826Z", "eventType": "input.type", "fullPath": "/main.py", "details": {"fromA": 59, "toA": 59, "fromB": 59, "toB": 60, "inserted": ["r"]}}
{"dateTime": "2025-08-27T21:51:37.978Z", "eventType": "input.type", "fullPath": "/main.py", "details": {"fromA": 60, "toA": 60, "fromB": 60, "toB": 61, "inserted": ["i"]}}
{"dateTime": "2025-08-27T21:51:38.215Z", "eventType": "input.type", "fullPath": "/main.py", "details": {"fromA": 61, "toA": 61, "fromB": 61, "toB": 62, "inserted": ["n"]}}
{"dateTime": "2025-08-27T21:51:38.392Z", "eventType": "input.type", "fullPath": "/main.py", "details": {"fromA": 62, "toA": 62, "fromB": 62, "toB": 63, "inserted": ["t"]}}
{"dateTime": "2025-08-27T21:51:40.166Z", "eventType": "input.type", "fullPath": "/main.py", "details": {"fromA": 63, "toA": 63, "fromB": 63, "toB": 65, "inserted": ["()"]}}
{"dateTime": "2025-08-27T21:51:40.678Z", "eventType": "input.type", "fullPath": "/main.py", "details": {"fromA": 64, "toA": 64, "fromB": 64, "toB": 65, "inserted": ["r"]}}
{"dateTime": "2025-08-27T21:51:40.822Z", "eventType": "input.type", "fullPath": "/main.py", "details": {"fromA": 65, "toA": 65, "fromB": 65, "toB": 66, "inserted": ["o"]}}
{"dateTime": "2025-08-27T21:51:41.065Z", "eventType": "input.type", "fullPath": "/main.py", "details": {"fromA": 66, "toA": 66, "fromB": 66, "toB": 67, "inserted": ["u"]}}
{"dateTime": "2025-08-27T21:51:41.334Z", "eventType": "input.type", "fullPath": "/main.py", "details": {"fromA": 67, "toA": 67, "fromB": 67, "toB": 68, "inserted": ["n"]}}
{"dateTime": "2025-08-27T21:51:41.577Z", "eventType": "input.type", "fullPath": "/main.py", "details": {"fromA": 68, "toA": 68, "fromB": 68, "toB": 69, "inserted": ["d"]}}
{"dateTime": "2025-08-27T21:51:43.031Z", "eventType": "input.type", "fullPath": "/main.py", "details": {"fromA": 69, "toA": 69, "fromB": 69, "toB": 71, "inserted": ["()"]}}
{"dateTime": "2025-08-27T21:51:43.462Z", "eventType": "input.type", "fullPath": "/main.py", "details": {"fromA": 70, "toA": 70, "fromB": 70, "toB": 71, "inserted": ["l"]}}
{"dateTime": "2025-08-27T21:51:43.737Z", "eventType": "input.type", "fullPath": "/main.py", "details": {"fromA": 71, "toA": 71, "fromB": 71, "toB": 72, "inserted": ["u"]}}
{"dateTime": "2025-08-27T21:51:43.945Z", "eventType": "input.type", "fullPath": "/main.py", "details": {"fromA": 72, "toA": 72, "fromB": 72, "toB": 73, "inserted": ["c"]}}
{"dateTime": "2025-08-27T21:51:44.199Z", "eventType": "input.type", "fullPath": "/main.py", "details": {"fromA": 73, "toA": 73, "fromB": 73, "toB": 74, "inserted": ["r"]}}
{"dateTime": "2025-08-27T21:51:44.409Z", "eventType": "input.type", "fullPath": "/main.py", "details": {"fromA": 74, "toA": 74, "fromB": 74, "toB": 75, "inserted": ["o"]}}
{"dateTime": "2025-08-27T21:51:45.734Z", "eventType": "input.type", "fullPath": "/main.py", "details": {"fromA": 75, "toA": 75, "fromB": 75, "toB": 76, "inserted": [","]}}
{"dateTime": "2025-08-27T21:51:46.198Z", "eventType": "input.type", "fullPath": "/main.py", "details": {"fromA": 76, "toA": 76, "fromB": 76, "toB": 77, "inserted": ["2"]}}
{"dateTime": "2025-08-27T21:51:48.471Z", "eventType": "select.pointer", "fullPath": "/main.py", "details": {"selection": {"from": 79, "to": 79}}}
{"dateTime": "2025-08-27T21:51:50.131Z", "eventType": "blur", "fullPath": "/main.py"}
{"dateTime": "2025-08-27T21:51:55.671Z", "eventType": "submission", "details": {"correctness": 1, "commit": "7125937fca5fc702f70af4787e39095995bd51bd", "executionTime": 0.01}}
{"dateTime": "2025-08-27T21:52:17.248Z", "eventType": "focus", "fullPath": "/main.py"}
{"dateTime": "2025-08-27T21:52:17.251Z", "eventType": "select.pointer", "fullPath": "/main.py", "details": {"selection": {"from": 181, "to": 181}}}
{"dateTime": "2025-08-27T21:52:17.352Z", "eventType": "select.pointer", "fullPath": "/main.py", "details": {"selection": {"from": 178, "to": 181}}}
{"dateTime": "2025-08-27T21:52:17.369Z", "eventType": "select.pointer", "fullPath": "/main.py", "details": {"selection": {"from": 176, "to": 181}}}
{"dateTime": "2025-08-27T21:52:17.385Z", "eventType": "select.pointer", "fullPath": "/main.py", "details": {"selection": {"from": 173, "to": 181}}}
{"dateTime": "2025-08-27T21:52:17.402Z", "eventType": "select.pointer", "fullPath": "/main.py", "details": {"selection": {"from": 181, "to": 181}}}
{"dateTime": "2025-08-27T21:52:17.737Z", "eventType": "select.pointer", "fullPath": "/main.py", "details": {"selection": {"from": 108, "to": 181}}}
{"dateTime": "2025-08-27T21:52:17.789Z", "eventType": "select.pointer", "fullPath": "/main.py", "details": {"selection": {"from": 36, "to": 181}}}
{"dateTime": "2025-08-27T21:52:18.019Z", "eventType": "select.pointer", "fullPath": "/main.py", "details": {"selection": {"from": 35, "to": 181}}}
{"dateTime": "2025-08-27T21:52:18.052Z", "eventType": "select.pointer", "fullPath": "/main.py", "details": {"selection": {"from": 31, "to": 181}}}
{"dateTime": "2025-08-27T21:52:18.072Z", "eventType": "select.pointer", "fullPath": "/main.py", "details": {"selection": {"from": 4, "to": 181}}}
{"dateTime": "2025-08-27T21:52:18.086Z", "eventType": "select.pointer", "fullPath": "/main.py", "details": {"selection": {"from": 3, "to": 181}}}
{"dateTime": "2025-08-27T21:52:18.119Z", "eventType": "select.pointer", "fullPath": "/main.py", "details": {"selection": {"from": 2, "to": 181}}}
{"dateTime": "2025-08-27T21:52:18.286Z", "eventType": "select.pointer", "fullPath": "/main.py", "details": {"selection": {"from": 1, "to": 181}}}
{"dateTime": "2025-08-27T21:52:18.519Z", "eventType": "select.pointer", "fullPath": "/main.py", "details": {"selection": {"from": 0, "to": 181}}}
{"dateTime": "2025-08-27T21:52:19.306Z", "eventType": "delete.selection", "fullPath": "/main.py", "details": {"fromA": 0, "toA": 181, "fromB": 0, "toB": 0, "inserted": [""]}}
{"dateTime": "2025-08-27T21:52:21.049Z", "eventType": "input.type", "fullPath": "/main.py", "details": {"fromA": 0, "toA": 0, "fromB": 0, "toB": 1, "inserted": ["t"]}}
{"dateTime": "2025-08-27T21:52:21.198Z", "eventType": "input.type", "fullPath": "/main.py", "details": {"fromA": 1, "toA": 1, "fromB": 1, "toB": 2, "inserted": ["o"]}}
{"dateTime": "2025-08-27T21:52:21.342Z", "eventType": "input.type", "fullPath": "/main.py", "details": {"fromA": 2, "toA": 2, "fromB": 2, "toB": 3, "inserted": ["t"]}}
{"dateTime": "2025-08-27T21:52:21.644Z", "eventType": "input.type", "fullPath": "/main.py", "details": {"fromA": 3, "toA": 3, "fromB": 3, "toB": 4, "inserted": ["a"]}}
{"dateTime": "2025-08-27T21:52:21.785Z", "eventType": "input.type", "fullPath": "/main.py", "details": {"fromA": 4, "toA": 4, "fromB": 4, "toB": 5, "inserted": ["l"]}}
{"dateTime": "2025-08-27T21:52:22.457Z", "eventType": "input.type", "fullPath": "/main.py", "details": {"fromA": 5, "toA": 5, "fromB": 5, "toB": 6, "inserted": ["-"]}}
{"dateTime": "2025-08-27T21:52:22.855Z", "eventType": "delete.backward", "fullPath": "/main.py", "details": {"fromA": 5, "toA": 6, "fromB": 5, "toB": 5, "inserted": [""]}}
{"dateTime": "2025-08-27T21:52:23.193Z", "eventType": "input.type", "fullPath": "/main.py", "details": {"fromA": 5, "toA": 5, "fromB": 5, "toB": 6, "inserted": ["-"]}}
{"dateTime": "2025-08-27T21:52:24.007Z", "eventType": "delete.backward", "fullPath": "/main.py", "details": {"fromA": 5, "toA": 6, "fromB": 5, "toB": 5, "inserted": [""]}}
{"dateTime": "2025-08-27T21:52:24.356Z", "eventType": "input.type", "fullPath": "/main.py", "details": {"fromA": 5, "toA": 5, "fromB": 5, "toB": 6, "inserted": ["_"]}}
{"dateTime": "2025-08-27T21:52:25.175Z", "eventType": "input.type", "fullPath": "/main.py", "details": {"fromA": 6, "toA": 6, "fromB": 6, "toB": 7, "inserted": ["V"]}}
{"dateTime": "2025-08-27T21:52:25.270Z", "eventType": "input.type", "fullPath": "/main.py", "details": {"fromA": 7, "toA": 7, "fromB": 7, "toB": 8, "inserted": ["E"]}}
{"dateTime": "2025-08-27T21:52:25.495Z", "eventType": "input.type", "fullPath": "/main.py", "details": {"fromA": 8, "toA": 8, "fromB": 8, "toB": 9, "inserted": ["N"]}}
{"dateTime": "2025-08-27T21:52:25.575Z", "eventType": "input.type", "fullPath": "/main.py", "details": {"fromA": 9, "toA": 9, "fromB": 9, "toB": 10, "inserted": ["D"]}}
{"dateTime": "2025-08-27T21:52:26.230Z", "eventType": "input.type", "fullPath": "/main.py", "details": {"fromA": 10, "toA": 10, "fromB": 10, "toB": 11, "inserted": ["A"]}}
{"dateTime": "2025-08-27T21:52:26.486Z", "eventType": "delete.backward", "fullPath": "/main.py", "details": {"fromA": 10, "toA": 11, "fromB": 10, "toB": 10, "inserted": [""]}}
{"dateTime": "2025-08-27T21:52:26.643Z", "eventType": "delete.backward", "fullPath": "/main.py", "details": {"fromA": 9, "toA": 10, "fromB": 9, "toB": 9, "inserted": [""]}}
{"dateTime": "2025-08-27T21:52:26.774Z", "eventType": "delete.backward", "fullPath": "/main.py", "details": {"fromA": 8, "toA": 9, "fromB": 8, "toB": 8, "inserted": [""]}}
{"dateTime": "2025-08-27T21:52:26.902Z", "eventType": "delete.backward", "fullPath": "/main.py", "details": {"fromA": 7, "toA": 8, "fromB": 7, "toB": 7, "inserted": [""]}}
{"dateTime": "2025-08-27T21:52:27.335Z", "eventType": "delete.backward", "fullPath": "/main.py", "details": {"fromA": 6, "toA": 7, "fromB": 6, "toB": 6, "inserted": [""]}}
{"dateTime": "2025-08-27T21:52:27.987Z", "eventType": "input.type", "fullPath": "/main.py", "details": {"fromA": 6, "toA": 6, "fromB": 6, "toB": 7, "inserted": ["v"]}}
{"dateTime": "2025-08-27T21:52:28.966Z", "eventType": "input.type", "fullPath": "/main.py", "details": {"fromA": 7, "toA": 7, "fromB": 7, "toB": 8, "inserted": ["e"]}}
{"dateTime": "2025-08-27T21:52:29.142Z", "eventType": "input.type", "fullPath": "/main.py", "details": {"fromA": 8, "toA": 8, "fromB": 8, "toB": 9, "inserted": ["n"]}}
{"dateTime": "2025-08-27T21:52:29.350Z", "eventType": "input.type", "fullPath": "/main.py", "details": {"fromA": 9, "toA": 9, "fromB": 9, "toB": 10, "inserted": ["d"]}}
{"dateTime": "2025-08-27T21:52:29.623Z", "eventType": "input.type", "fullPath": "/main.py", "details": {"fromA": 10, "toA": 10, "fromB": 10, "toB": 11, "inserted": ["a"]}}
{"dateTime": "2025-08-27T21:52:29.830Z", "eventType": "input.type", "fullPath": "/main.py", "details": {"fromA": 11, "toA": 11, "fromB": 11, "toB": 12, "inserted": ["s"]}}
{"dateTime": "2025-08-27T21:52:34.372Z", "eventType": "input.type", "fullPath": "/main.py", "details": {"fromA": 12, "toA": 12, "fromB": 12, "toB": 13, "inserted": [" "]}}
{"dateTime": "2025-08-27T21:52:35.401Z", "eventType": "input.type", "fullPath": "/main.py", "details": {"fromA": 13, "toA": 13, "fromB": 13, "toB": 14, "inserted": ["+"]}}
{"dateTime": "2025-08-27T21:52:35.911Z", "eventType": "delete.backward", "fullPath": "/main.py", "details": {"fromA": 13, "toA": 14, "fromB": 13, "toB": 13, "inserted": [""]}}
{"dateTime": "2025-08-27T21:52:36.217Z", "eventType": "input.type", "fullPath": "/main.py", "details": {"fromA": 13, "toA": 13, "fromB": 13, "toB": 14, "inserted": ["+"]}}
{"dateTime": "2025-08-27T21:52:36.679Z", "eventType": "delete.backward", "fullPath": "/main.py", "details": {"fromA": 13, "toA": 14, "fromB": 13, "toB": 13, "inserted": [""]}}
{"dateTime": "2025-08-27T21:52:36.905Z", "eventType": "input.type", "fullPath": "/main.py", "details": {"fromA": 13, "toA": 13, "fromB": 13, "toB": 14, "inserted": ["="]}}
{"dateTime": "2025-08-27T21:52:38.169Z", "eventType": "input.type", "fullPath": "/main.py", "details": {"fromA": 14, "toA": 14, "fromB": 14, "toB": 15, "inserted": [" "]}}
{"dateTime": "2025-08-27T21:52:38.681Z", "eventType": "input.type", "fullPath": "/main.py", "details": {"fromA": 15, "toA": 15, "fromB": 15, "toB": 16, "inserted": ["f"]}}
{"dateTime": "2025-08-27T21:52:38.827Z", "eventType": "input.type", "fullPath": "/main.py", "details": {"fromA": 16, "toA": 16, "fromB": 16, "toB": 17, "inserted": ["l"]}}
{"dateTime": "2025-08-27T21:52:39.052Z", "eventType": "input.type", "fullPath": "/main.py", "details": {"fromA": 17, "toA": 17, "fromB": 17, "toB": 18, "inserted": ["o"]}}
{"dateTime": "2025-08-27T21:52:39.243Z", "eventType": "input.type", "fullPath": "/main.py", "details": {"fromA": 18, "toA": 18, "fromB": 18, "toB": 19, "inserted": ["a"]}}
{"dateTime": "2025-08-27T21:52:39.465Z", "eventType": "input.type", "fullPath": "/main.py", "details": {"fromA": 19, "toA": 19, "fromB": 19, "toB": 20, "inserted": ["t"]}}
{"dateTime": "2025-08-27T21:52:41.817Z", "eventType": "input.type", "fullPath": "/main.py", "details": {"fromA": 20, "toA": 20, "fromB": 20, "toB": 21, "inserted": [" "]}}
{"dateTime": "2025-08-27T21:52:42.247Z", "eventType": "delete.backward", "fullPath": "/main.py", "details": {"fromA": 20, "toA": 21, "fromB": 20, "toB": 20, "inserted": [""]}}
{"dateTime": "2025-08-27T21:52:42.633Z", "eventType": "input.type", "fullPath": "/main.py", "details": {"fromA": 20, "toA": 20, "fromB": 20, "toB": 22, "inserted": ["()"]}}
{"dateTime": "2025-08-27T21:52:43.257Z", "eventType": "input.type", "fullPath": "/main.py", "details": {"fromA": 21, "toA": 21, "fromB": 21, "toB": 22, "inserted": ["i"]}}
{"dateTime": "2025-08-27T21:52:43.483Z", "eventType": "input.type", "fullPath": "/main.py", "details": {"fromA": 22, "toA": 22, "fromB": 22, "toB": 23, "inserted": ["n"]}}
{"dateTime": "2025-08-27T21:52:44.186Z", "eventType": "input.type", "fullPath": "/main.py", "details": {"fromA": 23, "toA": 23, "fromB": 23, "toB": 24, "inserted": ["o"]}}
{"dateTime": "2025-08-27T21:52:44.779Z", "eventType": "delete.backward", "fullPath": "/main.py", "details": {"fromA": 23, "toA": 24, "fromB": 23, "toB": 23, "inserted": [""]}}
{"dateTime": "2025-08-27T21:52:45.625Z", "eventType": "input.type", "fullPath": "/main.py", "details": {"fromA": 23, "toA": 23, "fromB": 23, "toB": 24, "inserted": ["p"]}}
{"dateTime": "2025-08-27T21:52:45.995Z", "eventType": "input.type", "fullPath": "/main.py", "details": {"fromA": 24, "toA": 24, "fromB": 24, "toB": 25, "inserted": ["u"]}}
{"dateTime": "2025-08-27T21:52:46.729Z", "eventType": "input.type", "fullPath": "/main.py", "details": {"fromA": 25, "toA": 25, "fromB": 25, "toB": 26, "inserted": ["t"]}}
{"dateTime": "2025-08-27T21:52:47.609Z", "eventType": "input.type", "fullPath": "/main.py", "details": {"fromA": 26, "toA": 26, "fromB": 26, "toB": 28, "inserted": ["()"]}}
{"dateTime": "2025-08-27T21:52:50.378Z", "eventType": "select.pointer", "fullPath": "/main.py", "details": {"selection": {"from": 29, "to": 29}}}
{"dateTime": "2025-08-27T21:52:51.609Z", "eventType": "input", "fullPath": "/main.py", "details": {"fromA": 29, "toA": 29, "fromB": 29, "toB": 30, "inserted": ["", ""]}}
{"dateTime": "2025-08-27T21:52:53.417Z", "eventType": "input.type", "fullPath": "/main.py", "details": {"fromA": 30, "toA": 30, "fromB": 30, "toB": 31, "inserted": ["l"]}}
{"dateTime": "2025-08-27T21:52:53.739Z", "eventType": "input.type", "fullPath": "/main.py", "details": {"fromA": 31, "toA": 31, "fromB": 31, "toB": 32, "inserted": ["u"]}}
{"dateTime": "2025-08-27T21:52:53.930Z", "eventType": "input.type", "fullPath": "/main.py", "details": {"fromA": 32, "toA": 32, "fromB": 32, "toB": 33, "inserted": ["c"]}}
{"dateTime": "2025-08-27T21:52:54.217Z", "eventType": "input.type", "fullPath": "/main.py", "details": {"fromA": 33, "toA": 33, "fromB": 33, "toB": 34, "inserted": ["r"]}}
{"dateTime": "2025-08-27T21:52:54.454Z", "eventType": "input.type", "fullPath": "/main.py", "details": {"fromA": 34, "toA": 34, "fromB": 34, "toB": 35, "inserted": ["o"]}}
{"dateTime": "2025-08-27T21:52:55.561Z", "eventType": "input.type", "fullPath": "/main.py", "details": {"fromA": 35, "toA": 35, "fromB": 35, "toB": 36, "inserted": [" "]}}
{"dateTime": "2025-08-27T21:52:56.297Z", "eventType": "input.type", "fullPath": "/main.py", "details": {"fromA": 36, "toA": 36, "fromB": 36, "toB": 37, "inserted": ["+"]}}
