== SUBMISSION (2025-08-27 13:53:54)
-- CODE: 
x = input()
print(x)
-- EXECUTION TIME: 
0.01
-- TEST CASE 1:
---- input:
1.23
---- correct output:
1.23
---- user output:
1.23
-- TEST CASE 2:
---- input:
1.23
---- correct output:
1.23
---- user output:
1.23
-- GRADE:
100%
*-*-*-*-*-*-*-*-*-*-*-*-*-*-*-*-*-*-*-*-*-*-*-*
== RUN (2025-08-27 13:53:52)
-- CODE: 
x = input()
print(x)
-- EXECUTION TIME: 
0.0
-- TEST CASE 1:
---- input:
1.23
---- correct output:
1.23
---- user output:
1.23
-- TEST CASE 2:
---- input:
1.23
---- correct output:
1.23
---- user output:
1.23
*-*-*-*-*-*-*-*-*-*-*-*-*-*-*-*-*-*-*-*-*-*-*-*
== RUN (2025-08-27 13:53:54)
-- CODE: 
x = input()
print(x)
-- EXECUTION TIME: 
0.0
-- TEST CASE 1:
---- input:
1.23
---- correct output:
1.23
---- user output:
1.23
-- TEST CASE 2:
---- input:
1.23
---- correct output:
1.23
---- user output:
1.23
*-*-*-*-*-*-*-*-*-*-*-*-*-*-*-*-*-*-*-*-*-*-*-*
== SUBMISSION (2025-08-27 13:50:28)
-- CODE: 

-- EXECUTION TIME: 
0.01
-- TEST CASE 1:
---- input:
1.23
---- correct output:
1.23
---- user output:
None
-- TEST CASE 2:
---- input:
1.23
---- correct output:
1.23
---- user output:
None
-- GRADE:
0%
*-*-*-*-*-*-*-*-*-*-*-*-*-*-*-*-*-*-*-*-*-*-*-*
== RUN (2025-08-27 13:53:49)
-- CODE: 
x = input()
print(x)
-- EXECUTION TIME: 
0.0
-- TEST CASE 1:
---- input:
1.23
---- correct output:
1.23
---- user output:
1.23
-- TEST CASE 2:
---- input:
1.23
---- correct output:
1.23
---- user output:
1.23
*-*-*-*-*-*-*-*-*-*-*-*-*-*-*-*-*-*-*-*-*-*-*-*
