== RUN (2025-08-11 15:29:51)
-- CODE: 
print(180/4)
-- EXECUTION TIME: 
0.0
-- TEST CASE 1:
---- input:
xx
---- correct output:
45.0
---- user output:
45.0
-- TEST CASE 2:
---- input:
x
---- correct output:
45.0
---- user output:
45.0
*-*-*-*-*-*-*-*-*-*-*-*-*-*-*-*-*-*-*-*-*-*-*-*
== RUN (2025-08-13 13:51:09)
-- CODE: 
print(180/4)
-- EXECUTION TIME: 
0.0
-- TEST CASE 1:
---- input:
xx
---- correct output:
45.0
---- user output:
45.0
-- TEST CASE 2:
---- input:
x
---- correct output:
45.0
---- user output:
45.0
*-*-*-*-*-*-*-*-*-*-*-*-*-*-*-*-*-*-*-*-*-*-*-*
== SUBMISSION (2025-08-13 13:51:54)
-- CODE: 
print("cada amigo deve desembolsar")
print(180/4)
-- EXECUTION TIME: 
0.01
-- TEST CASE 1:
---- input:
xx
---- correct output:
45.0
---- user output:
45.0
-- TEST CASE 2:
---- input:
x
---- correct output:
45.0
---- user output:
45.0
-- GRADE:
100%
*-*-*-*-*-*-*-*-*-*-*-*-*-*-*-*-*-*-*-*-*-*-*-*
== RUN (2025-08-13 13:51:52)
-- CODE: 
print("cada amigo deve desembolsar")
print(180/4)
-- EXECUTION TIME: 
0.0
-- TEST CASE 1:
---- input:
xx
---- correct output:
45.0
---- user output:
45.0
-- TEST CASE 2:
---- input:
x
---- correct output:
45.0
---- user output:
45.0
*-*-*-*-*-*-*-*-*-*-*-*-*-*-*-*-*-*-*-*-*-*-*-*
== SUBMISSION (2025-08-11 15:29:53)
-- CODE: 
print(180/4)
-- EXECUTION TIME: 
0.01
-- TEST CASE 1:
---- input:
xx
---- correct output:
45.0
---- user output:
45.0
-- TEST CASE 2:
---- input:
x
---- correct output:
45.0
---- user output:
45.0
-- GRADE:
100%
*-*-*-*-*-*-*-*-*-*-*-*-*-*-*-*-*-*-*-*-*-*-*-*
