== SUBMISSION (2025-08-21 00:24:31)
-- CODE: 
nome = input("Qual o seu nome?")
print(nome)
-- EXECUTION TIME: 
0.01
-- TEST CASE 1:
---- input:
Gandalf
---- correct output:
Gandalf
---- user output:
Qual o seu nome?Gandalf
-- TEST CASE 2:
---- input:
Donald Knuth
---- correct output:
Donald Knuth
---- user output:
Qual o seu nome?Donald Knuth
-- TEST CASE 3:
---- input:
Python
---- correct output:
Python
---- user output:
Qual o seu nome?Python
-- TEST CASE 4:
---- input:
Ada Lovelace
---- correct output:
Ada Lovelace
---- user output:
Qual o seu nome?Ada Lovelace
-- TEST CASE 5:
---- input:
Teste
---- correct output:
Teste
---- user output:
Qual o seu nome?Teste
-- GRADE:
100%
*-*-*-*-*-*-*-*-*-*-*-*-*-*-*-*-*-*-*-*-*-*-*-*
== RUN (2025-08-21 00:24:23)
-- CODE: 
nome = input("Qual o seu nome?")
print(nome)
-- EXECUTION TIME: 
0.0
-- TEST CASE 1:
---- input:
Gandalf
---- correct output:
Gandalf
---- user output:
Qual o seu nome?Gandalf
-- TEST CASE 2:
---- input:
Donald Knuth
---- correct output:
Donald Knuth
---- user output:
Qual o seu nome?Donald Knuth
-- TEST CASE 3:
---- input:
Python
---- correct output:
Python
---- user output:
Qual o seu nome?Python
-- TEST CASE 4:
---- input:
Ada Lovelace
---- correct output:
Ada Lovelace
---- user output:
Qual o seu nome?Ada Lovelace
-- TEST CASE 5:
---- input:
Teste
---- correct output:
Teste
---- user output:
Qual o seu nome?Teste
*-*-*-*-*-*-*-*-*-*-*-*-*-*-*-*-*-*-*-*-*-*-*-*
