{"dateTime": "2025-09-01T18:02:32.388Z", "eventType": "focus", "fullPath": "/main.py"}
{"dateTime": "2025-09-01T18:02:32.390Z", "eventType": "select.pointer", "fullPath": "/main.py", "details": {"selection": {"from": 65, "to": 65}}}
{"dateTime": "2025-09-01T18:02:33.213Z", "eventType": "input.type", "fullPath": "/main.py", "details": {"fromA": 65, "toA": 65, "fromB": 65, "toB": 66, "inserted": [" "]}}
{"dateTime": "2025-09-01T18:02:35.117Z", "eventType": "select.pointer", "fullPath": "/main.py", "details": {"selection": {"from": 78, "to": 78}}}
{"dateTime": "2025-09-01T18:02:36.893Z", "eventType": "input.type", "fullPath": "/main.py", "details": {"fromA": 78, "toA": 78, "fromB": 78, "toB": 79, "inserted": ["*"]}}
{"dateTime": "2025-09-01T18:02:38.223Z", "eventType": "blur", "fullPath": "/main.py"}
{"dateTime": "2025-09-01T18:02:38.582Z", "eventType": "submission", "details": {"correctness": 0, "commit": "a9494d2a83d92c4e9d488b6a3de15c688f362d1a", "executionTime": 0}}
{"dateTime": "2025-09-01T18:02:42.799Z", "eventType": "focus", "fullPath": "/main.py"}
{"dateTime": "2025-09-01T18:02:42.801Z", "eventType": "select.pointer", "fullPath": "/main.py", "details": {"selection": {"from": 73, "to": 73}}}
{"dateTime": "2025-09-01T18:02:43.682Z", "eventType": "focus", "fullPath": "/main.py"}
{"dateTime": "2025-09-01T18:02:43.686Z", "eventType": "select.pointer", "fullPath": "/main.py", "details": {"selection": {"from": 89, "to": 89}}}
{"dateTime": "2025-09-01T18:02:44.668Z", "eventType": "delete.backward", "fullPath": "/main.py", "details": {"fromA": 88, "toA": 89, "fromB": 88, "toB": 88, "inserted": [""]}}
{"dateTime": "2025-09-01T18:02:44.849Z", "eventType": "select.pointer", "fullPath": "/main.py", "details": {"selection": {"from": 77, "to": 77}}}
{"dateTime": "2025-09-01T18:02:44.942Z", "eventType": "delete.backward", "fullPath": "/main.py", "details": {"fromA": 87, "toA": 88, "fromB": 87, "toB": 87, "inserted": [""]}}
{"dateTime": "2025-09-01T18:02:45.232Z", "eventType": "delete.backward", "fullPath": "/main.py", "details": {"fromA": 76, "toA": 77, "fromB": 76, "toB": 76, "inserted": [""]}}
{"dateTime": "2025-09-01T18:02:47.359Z", "eventType": "select.pointer", "fullPath": "/main.py", "details": {"selection": {"from": 86, "to": 86}}}
{"dateTime": "2025-09-01T18:02:47.631Z", "eventType": "delete.backward", "fullPath": "/main.py", "details": {"fromA": 85, "toA": 86, "fromB": 85, "toB": 85, "inserted": [""]}}
{"dateTime": "2025-09-01T18:02:49.421Z", "eventType": "select.pointer", "fullPath": "/main.py", "details": {"selection": {"from": 88, "to": 88}}}
{"dateTime": "2025-09-01T18:02:49.698Z", "eventType": "delete.backward", "fullPath": "/main.py", "details": {"fromA": 87, "toA": 88, "fromB": 87, "toB": 87, "inserted": [""]}}
{"dateTime": "2025-09-01T18:02:51.654Z", "eventType": "select.pointer", "fullPath": "/main.py", "details": {"selection": {"from": 78, "to": 78}}}
{"dateTime": "2025-09-01T18:02:52.335Z", "eventType": "delete.backward", "fullPath": "/main.py", "details": {"fromA": 77, "toA": 78, "fromB": 77, "toB": 77, "inserted": [""]}}
{"dateTime": "2025-09-01T18:02:52.562Z", "eventType": "delete.backward", "fullPath": "/main.py", "details": {"fromA": 76, "toA": 77, "fromB": 76, "toB": 76, "inserted": [""]}}
{"dateTime": "2025-09-01T18:02:53.949Z", "eventType": "blur", "fullPath": "/main.py"}
{"dateTime": "2025-09-01T18:02:54.414Z", "eventType": "submission", "details": {"correctness": 0, "commit": "dfb8dfb8bc02caeedbdbd8356a4d803a4904e272", "executionTime": 0}}
{"dateTime": "2025-09-01T18:02:59.271Z", "eventType": "blur", "fullPath": "/main.py"}
{"dateTime": "2025-09-01T18:02:59.300Z", "eventType": "blur", "fullPath": "/main.py"}
{"dateTime": "2025-09-01T18:03:12.766Z", "eventType": "focus", "fullPath": "/main.py"}
{"dateTime": "2025-09-01T18:03:12.769Z", "eventType": "select.pointer", "fullPath": "/main.py", "details": {"selection": {"from": 43, "to": 43}}}
{"dateTime": "2025-09-01T18:03:13.002Z", "eventType": "select.pointer", "fullPath": "/main.py", "details": {"selection": {"from": 42, "to": 43}}}
{"dateTime": "2025-09-01T18:03:13.035Z", "eventType": "select.pointer", "fullPath": "/main.py", "details": {"selection": {"from": 41, "to": 43}}}
{"dateTime": "2025-09-01T18:03:13.069Z", "eventType": "select.pointer", "fullPath": "/main.py", "details": {"selection": {"from": 40, "to": 43}}}
{"dateTime": "2025-09-01T18:03:13.136Z", "eventType": "select.pointer", "fullPath": "/main.py", "details": {"selection": {"from": 39, "to": 43}}}
{"dateTime": "2025-09-01T18:03:13.203Z", "eventType": "select.pointer", "fullPath": "/main.py", "details": {"selection": {"from": 38, "to": 43}}}
{"dateTime": "2025-09-01T18:03:13.253Z", "eventType": "select.pointer", "fullPath": "/main.py", "details": {"selection": {"from": 37, "to": 43}}}
{"dateTime": "2025-09-01T18:03:13.286Z", "eventType": "select.pointer", "fullPath": "/main.py", "details": {"selection": {"from": 36, "to": 43}}}
{"dateTime": "2025-09-01T18:03:13.335Z", "eventType": "select.pointer", "fullPath": "/main.py", "details": {"selection": {"from": 35, "to": 43}}}
{"dateTime": "2025-09-01T18:03:13.402Z", "eventType": "select.pointer", "fullPath": "/main.py", "details": {"selection": {"from": 34, "to": 43}}}
{"dateTime": "2025-09-01T18:03:13.452Z", "eventType": "select.pointer", "fullPath": "/main.py", "details": {"selection": {"from": 33, "to": 43}}}
{"dateTime": "2025-09-01T18:03:13.503Z", "eventType": "select.pointer", "fullPath": "/main.py", "details": {"selection": {"from": 32, "to": 43}}}
{"dateTime": "2025-09-01T18:03:13.569Z", "eventType": "select.pointer", "fullPath": "/main.py", "details": {"selection": {"from": 31, "to": 43}}}
{"dateTime": "2025-09-01T18:03:13.652Z", "eventType": "select.pointer", "fullPath": "/main.py", "details": {"selection": {"from": 30, "to": 43}}}
{"dateTime": "2025-09-01T18:03:13.703Z", "eventType": "select.pointer", "fullPath": "/main.py", "details": {"selection": {"from": 29, "to": 43}}}
{"dateTime": "2025-09-01T18:03:13.736Z", "eventType": "select.pointer", "fullPath": "/main.py", "details": {"selection": {"from": 28, "to": 43}}}
{"dateTime": "2025-09-01T18:03:13.786Z", "eventType": "select.pointer", "fullPath": "/main.py", "details": {"selection": {"from": 27, "to": 43}}}
{"dateTime": "2025-09-01T18:03:13.852Z", "eventType": "select.pointer", "fullPath": "/main.py", "details": {"selection": {"from": 26, "to": 43}}}
{"dateTime": "2025-09-01T18:03:13.919Z", "eventType": "select.pointer", "fullPath": "/main.py", "details": {"selection": {"from": 25, "to": 43}}}
{"dateTime": "2025-09-01T18:03:13.969Z", "eventType": "select.pointer", "fullPath": "/main.py", "details": {"selection": {"from": 24, "to": 43}}}
{"dateTime": "2025-09-01T18:03:14.020Z", "eventType": "select.pointer", "fullPath": "/main.py", "details": {"selection": {"from": 23, "to": 43}}}
{"dateTime": "2025-09-01T18:03:14.053Z", "eventType": "select.pointer", "fullPath": "/main.py", "details": {"selection": {"from": 22, "to": 43}}}
{"dateTime": "2025-09-01T18:03:14.102Z", "eventType": "select.pointer", "fullPath": "/main.py", "details": {"selection": {"from": 21, "to": 43}}}
{"dateTime": "2025-09-01T18:03:14.170Z", "eventType": "select.pointer", "fullPath": "/main.py", "details": {"selection": {"from": 20, "to": 43}}}
{"dateTime": "2025-09-01T18:03:15.871Z", "eventType": "delete.selection", "fullPath": "/main.py", "details": {"fromA": 20, "toA": 43, "fromB": 20, "toB": 20, "inserted": [""]}}
{"dateTime": "2025-09-01T18:03:16.655Z", "eventType": "delete.backward", "fullPath": "/main.py", "details": {"fromA": 19, "toA": 20, "fromB": 19, "toB": 19, "inserted": [""]}}
{"dateTime": "2025-09-01T18:03:19.388Z", "eventType": "input", "fullPath": "/main.py", "details": {"fromA": 19, "toA": 19, "fromB": 19, "toB": 20, "inserted": ["", ""]}}
{"dateTime": "2025-09-01T18:03:19.728Z", "eventType": "input.type", "fullPath": "/main.py", "details": {"fromA": 20, "toA": 20, "fromB": 20, "toB": 21, "inserted": ["a"]}}
{"dateTime": "2025-09-01T18:03:20.065Z", "eventType": "input.type", "fullPath": "/main.py", "details": {"fromA": 21, "toA": 21, "fromB": 21, "toB": 22, "inserted": ["r"]}}
{"dateTime": "2025-09-01T18:03:20.513Z", "eventType": "input.type", "fullPath": "/main.py", "details": {"fromA": 22, "toA": 22, "fromB": 22, "toB": 23, "inserted": ["e"]}}
{"dateTime": "2025-09-01T18:03:21.601Z", "eventType": "input.type", "fullPath": "/main.py", "details": {"fromA": 23, "toA": 23, "fromB": 23, "toB": 24, "inserted": ["a"]}}
{"dateTime": "2025-09-01T18:03:22.384Z", "eventType": "input.type", "fullPath": "/main.py", "details": {"fromA": 24, "toA": 24, "fromB": 24, "toB": 25, "inserted": [" "]}}
{"dateTime": "2025-09-01T18:03:22.512Z", "eventType": "input.type", "fullPath": "/main.py", "details": {"fromA": 25, "toA": 25, "fromB": 25, "toB": 26, "inserted": ["="]}}
{"dateTime": "2025-09-01T18:03:22.608Z", "eventType": "input.type", "fullPath": "/main.py", "details": {"fromA": 26, "toA": 26, "fromB": 26, "toB": 27, "inserted": [" "]}}
{"dateTime": "2025-09-01T18:03:25.024Z", "eventType": "input.type", "fullPath": "/main.py", "details": {"fromA": 27, "toA": 27, "fromB": 27, "toB": 28, "inserted": ["5"]}}
{"dateTime": "2025-09-01T18:03:28.172Z", "eventType": "focus", "fullPath": "/main.py"}
{"dateTime": "2025-09-01T18:03:28.175Z", "eventType": "select.pointer", "fullPath": "/main.py", "details": {"selection": {"from": 31, "to": 31}}}
{"dateTime": "2025-09-01T18:03:28.528Z", "eventType": "input.type", "fullPath": "/main.py", "details": {"fromA": 28, "toA": 28, "fromB": 28, "toB": 29, "inserted": ["*"]}}
{"dateTime": "2025-09-01T18:03:29.005Z", "eventType": "delete.backward", "fullPath": "/main.py", "details": {"fromA": 30, "toA": 31, "fromB": 30, "toB": 30, "inserted": [""]}}
{"dateTime": "2025-09-01T18:03:29.197Z", "eventType": "delete.backward", "fullPath": "/main.py", "details": {"fromA": 29, "toA": 30, "fromB": 29, "toB": 29, "inserted": [""]}}
{"dateTime": "2025-09-01T18:03:29.357Z", "eventType": "delete.backward", "fullPath": "/main.py", "details": {"fromA": 28, "toA": 29, "fromB": 28, "toB": 28, "inserted": [""]}}
{"dateTime": "2025-09-01T18:03:29.518Z", "eventType": "delete.backward", "fullPath": "/main.py", "details": {"fromA": 27, "toA": 28, "fromB": 27, "toB": 27, "inserted": [""]}}
{"dateTime": "2025-09-01T18:03:29.676Z", "eventType": "delete.backward", "fullPath": "/main.py", "details": {"fromA": 26, "toA": 27, "fromB": 26, "toB": 26, "inserted": [""]}}
{"dateTime": "2025-09-01T18:03:29.727Z", "eventType": "input.type", "fullPath": "/main.py", "details": {"fromA": 29, "toA": 29, "fromB": 29, "toB": 30, "inserted": ["l"]}}
{"dateTime": "2025-09-01T18:03:29.903Z", "eventType": "input.type", "fullPath": "/main.py", "details": {"fromA": 30, "toA": 30, "fromB": 30, "toB": 31, "inserted": ["a"]}}
{"dateTime": "2025-09-01T18:03:30.209Z", "eventType": "input.type", "fullPath": "/main.py", "details": {"fromA": 31, "toA": 31, "fromB": 31, "toB": 32, "inserted": ["d"]}}
{"dateTime": "2025-09-01T18:03:30.385Z", "eventType": "input.type", "fullPath": "/main.py", "details": {"fromA": 32, "toA": 32, "fromB": 32, "toB": 33, "inserted": ["o"]}}
{"dateTime": "2025-09-01T18:03:30.542Z", "eventType": "input.type", "fullPath": "/main.py", "details": {"fromA": 26, "toA": 26, "fromB": 26, "toB": 27, "inserted": ["i"]}}
{"dateTime": "2025-09-01T18:03:30.842Z", "eventType": "input.type", "fullPath": "/main.py", "details": {"fromA": 27, "toA": 27, "fromB": 27, "toB": 28, "inserted": ["n"]}}
{"dateTime": "2025-09-01T18:03:31.049Z", "eventType": "input.type", "fullPath": "/main.py", "details": {"fromA": 28, "toA": 28, "fromB": 28, "toB": 29, "inserted": ["t"]}}
{"dateTime": "2025-09-01T18:03:32.647Z", "eventType": "blur", "fullPath": "/main.py"}
{"dateTime": "2025-09-01T18:03:32.963Z", "eventType": "run", "details": {"commit": "d6cb7014bb0d1e058618056f0def690c85ab410e"}}
{"dateTime": "2025-09-01T18:03:47.472Z", "eventType": "input.type", "fullPath": "/main.py", "details": {"fromA": 33, "toA": 33, "fromB": 33, "toB": 34, "inserted": ["*"]}}
{"dateTime": "2025-09-01T18:03:49.120Z", "eventType": "input.type", "fullPath": "/main.py", "details": {"fromA": 34, "toA": 34, "fromB": 34, "toB": 35, "inserted": ["a"]}}
{"dateTime": "2025-09-01T18:03:49.365Z", "eventType": "input.type", "fullPath": "/main.py", "details": {"fromA": 35, "toA": 35, "fromB": 35, "toB": 36, "inserted": ["p"]}}
{"dateTime": "2025-09-01T18:03:49.571Z", "eventType": "input.type", "fullPath": "/main.py", "details": {"fromA": 36, "toA": 36, "fromB": 36, "toB": 37, "inserted": ["o"]}}
{"dateTime": "2025-09-01T18:03:49.856Z", "eventType": "input.type", "fullPath": "/main.py", "details": {"fromA": 37, "toA": 37, "fromB": 37, "toB": 38, "inserted": ["t"]}}
{"dateTime": "2025-09-01T18:03:50.226Z", "eventType": "input.type", "fullPath": "/main.py", "details": {"fromA": 38, "toA": 38, "fromB": 38, "toB": 39, "inserted": ["e"]}}
{"dateTime": "2025-09-01T18:03:50.496Z", "eventType": "input.type", "fullPath": "/main.py", "details": {"fromA": 39, "toA": 39, "fromB": 39, "toB": 40, "inserted": ["m"]}}
{"dateTime": "2025-09-01T18:03:50.688Z", "eventType": "input.type", "fullPath": "/main.py", "details": {"fromA": 40, "toA": 40, "fromB": 40, "toB": 41, "inserted": ["a"]}}
{"dateTime": "2025-09-01T18:03:57.585Z", "eventType": "select.pointer", "fullPath": "/main.py", "details": {"selection": {"from": 19, "to": 19}}}
{"dateTime": "2025-09-01T18:03:58.608Z", "eventType": "input.type", "fullPath": "/main.py", "details": {"fromA": 19, "toA": 19, "fromB": 19, "toB": 20, "inserted": ["l"]}}
{"dateTime": "2025-09-01T18:03:58.851Z", "eventType": "input.type", "fullPath": "/main.py", "details": {"fromA": 20, "toA": 20, "fromB": 20, "toB": 21, "inserted": ["a"]}}
{"dateTime": "2025-09-01T18:03:59.120Z", "eventType": "input.type", "fullPath": "/main.py", "details": {"fromA": 21, "toA": 21, "fromB": 21, "toB": 22, "inserted": ["d"]}}
{"dateTime": "2025-09-01T18:03:59.345Z", "eventType": "input.type", "fullPath": "/main.py", "details": {"fromA": 22, "toA": 22, "fromB": 22, "toB": 23, "inserted": ["o"]}}
{"dateTime": "2025-09-01T18:04:00.720Z", "eventType": "input.type", "fullPath": "/main.py", "details": {"fromA": 23, "toA": 23, "fromB": 23, "toB": 24, "inserted": [" "]}}
{"dateTime": "2025-09-01T18:04:00.880Z", "eventType": "input.type", "fullPath": "/main.py", "details": {"fromA": 24, "toA": 24, "fromB": 24, "toB": 25, "inserted": ["="]}}
{"dateTime": "2025-09-01T18:04:00.944Z", "eventType": "input.type", "fullPath": "/main.py", "details": {"fromA": 25, "toA": 25, "fromB": 25, "toB": 26, "inserted": [" "]}}
{"dateTime": "2025-09-01T18:04:02.304Z", "eventType": "input.type", "fullPath": "/main.py", "details": {"fromA": 26, "toA": 26, "fromB": 26, "toB": 27, "inserted": ["i"]}}
{"dateTime": "2025-09-01T18:04:02.538Z", "eventType": "input.type", "fullPath": "/main.py", "details": {"fromA": 27, "toA": 27, "fromB": 27, "toB": 28, "inserted": ["n"]}}
{"dateTime": "2025-09-01T18:04:02.977Z", "eventType": "input.type", "fullPath": "/main.py", "details": {"fromA": 28, "toA": 28, "fromB": 28, "toB": 29, "inserted": ["p"]}}
{"dateTime": "2025-09-01T18:04:03.376Z", "eventType": "input.type", "fullPath": "/main.py", "details": {"fromA": 29, "toA": 29, "fromB": 29, "toB": 30, "inserted": ["u"]}}
{"dateTime": "2025-09-01T18:04:03.665Z", "eventType": "input.type", "fullPath": "/main.py", "details": {"fromA": 30, "toA": 30, "fromB": 30, "toB": 31, "inserted": ["t"]}}
{"dateTime": "2025-09-01T18:04:14.888Z", "eventType": "select.pointer", "fullPath": "/main.py", "details": {"selection": {"from": 26, "to": 26}}}
{"dateTime": "2025-09-01T18:04:16.176Z", "eventType": "input.type", "fullPath": "/main.py", "details": {"fromA": 26, "toA": 26, "fromB": 26, "toB": 27, "inserted": ["f"]}}
{"dateTime": "2025-09-01T18:04:16.317Z", "eventType": "input.type", "fullPath": "/main.py", "details": {"fromA": 27, "toA": 27, "fromB": 27, "toB": 28, "inserted": ["l"]}}
{"dateTime": "2025-09-01T18:04:16.515Z", "eventType": "input.type", "fullPath": "/main.py", "details": {"fromA": 28, "toA": 28, "fromB": 28, "toB": 29, "inserted": ["o"]}}
{"dateTime": "2025-09-01T18:04:16.737Z", "eventType": "input.type", "fullPath": "/main.py", "details": {"fromA": 29, "toA": 29, "fromB": 29, "toB": 30, "inserted": ["a"]}}
{"dateTime": "2025-09-01T18:04:17.090Z", "eventType": "input.type", "fullPath": "/main.py", "details": {"fromA": 30, "toA": 30, "fromB": 30, "toB": 31, "inserted": ["t"]}}
{"dateTime": "2025-09-01T18:04:17.921Z", "eventType": "input.type", "fullPath": "/main.py", "details": {"fromA": 31, "toA": 31, "fromB": 31, "toB": 32, "inserted": ["("]}}
{"dateTime": "2025-09-01T18:04:19.343Z", "eventType": "select", "fullPath": "/main.py", "details": {"selection": {"from": 33, "to": 33}}}
{"dateTime": "2025-09-01T18:04:19.533Z", "eventType": "select", "fullPath": "/main.py", "details": {"selection": {"from": 34, "to": 34}}}
{"dateTime": "2025-09-01T18:04:19.677Z", "eventType": "select", "fullPath": "/main.py", "details": {"selection": {"from": 35, "to": 35}}}
{"dateTime": "2025-09-01T18:04:19.853Z", "eventType": "select", "fullPath": "/main.py", "details": {"selection": {"from": 36, "to": 36}}}
{"dateTime": "2025-09-01T18:04:20.030Z", "eventType": "select", "fullPath": "/main.py", "details": {"selection": {"from": 37, "to": 37}}}
{"dateTime": "2025-09-01T18:04:21.057Z", "eventType": "input.type", "fullPath": "/main.py", "details": {"fromA": 37, "toA": 37, "fromB": 37, "toB": 38, "inserted": [")"]}}
{"dateTime": "2025-09-01T18:04:21.678Z", "eventType": "select", "fullPath": "/main.py", "details": {"selection": {"from": 37, "to": 37}}}
{"dateTime": "2025-09-01T18:04:22.593Z", "eventType": "input.type", "fullPath": "/main.py", "details": {"fromA": 37, "toA": 37, "fromB": 37, "toB": 39, "inserted": ["()"]}}
{"dateTime": "2025-09-01T18:04:25.425Z", "eventType": "input.type", "fullPath": "/main.py", "details": {"fromA": 38, "toA": 38, "fromB": 38, "toB": 40, "inserted": ["\"\""]}}
{"dateTime": "2025-09-01T18:04:26.173Z", "eventType": "focus", "fullPath": "/main.py"}
{"dateTime": "2025-09-01T18:04:26.175Z", "eventType": "select.pointer", "fullPath": "/main.py", "details": {"selection": {"from": 29, "to": 29}}}
{"dateTime": "2025-09-01T18:04:27.085Z", "eventType": "delete.backward", "fullPath": "/main.py", "details": {"fromA": 28, "toA": 29, "fromB": 28, "toB": 28, "inserted": [""]}}
{"dateTime": "2025-09-01T18:04:27.278Z", "eventType": "delete.backward", "fullPath": "/main.py", "details": {"fromA": 27, "toA": 28, "fromB": 27, "toB": 27, "inserted": [""]}}
{"dateTime": "2025-09-01T18:04:27.452Z", "eventType": "delete.backward", "fullPath": "/main.py", "details": {"fromA": 26, "toA": 27, "fromB": 26, "toB": 26, "inserted": [""]}}
{"dateTime": "2025-09-01T18:04:27.968Z", "eventType": "input.type", "fullPath": "/main.py", "details": {"fromA": 39, "toA": 39, "fromB": 39, "toB": 40, "inserted": ["l"]}}
{"dateTime": "2025-09-01T18:04:28.189Z", "eventType": "input.type", "fullPath": "/main.py", "details": {"fromA": 26, "toA": 26, "fromB": 26, "toB": 27, "inserted": ["f"]}}
{"dateTime": "2025-09-01T18:04:28.225Z", "eventType": "input.type", "fullPath": "/main.py", "details": {"fromA": 40, "toA": 40, "fromB": 40, "toB": 41, "inserted": ["a"]}}
{"dateTime": "2025-09-01T18:04:28.433Z", "eventType": "input.type", "fullPath": "/main.py", "details": {"fromA": 27, "toA": 27, "fromB": 27, "toB": 28, "inserted": ["l"]}}
{"dateTime": "2025-09-01T18:04:28.625Z", "eventType": "input.type", "fullPath": "/main.py", "details": {"fromA": 28, "toA": 28, "fromB": 28, "toB": 29, "inserted": ["o"]}}
{"dateTime": "2025-09-01T18:04:28.894Z", "eventType": "input.type", "fullPath": "/main.py", "details": {"fromA": 29, "toA": 29, "fromB": 29, "toB": 30, "inserted": ["a"]}}
{"dateTime": "2025-09-01T18:04:29.024Z", "eventType": "input.type", "fullPath": "/main.py", "details": {"fromA": 41, "toA": 41, "fromB": 41, "toB": 42, "inserted": ["d"]}}
{"dateTime": "2025-09-01T18:04:29.151Z", "eventType": "input.type", "fullPath": "/main.py", "details": {"fromA": 30, "toA": 30, "fromB": 30, "toB": 31, "inserted": ["t"]}}
{"dateTime": "2025-09-01T18:04:29.217Z", "eventType": "input.type", "fullPath": "/main.py", "details": {"fromA": 42, "toA": 42, "fromB": 42, "toB": 43, "inserted": ["o"]}}
{"dateTime": "2025-09-01T18:04:30.032Z", "eventType": "input.type", "fullPath": "/main.py", "details": {"fromA": 43, "toA": 43, "fromB": 43, "toB": 44, "inserted": [":"]}}
{"dateTime": "2025-09-01T18:04:30.544Z", "eventType": "select.pointer", "fullPath": "/main.py", "details": {"selection": {"from": 135, "to": 135}}}
{"dateTime": "2025-09-01T18:04:32.177Z", "eventType": "select.pointer", "fullPath": "/main.py", "details": {"selection": {"from": 69, "to": 69}}}
{"dateTime": "2025-09-01T18:04:33.576Z", "eventType": "select.pointer", "fullPath": "/main.py", "details": {"selection": {"from": 44, "to": 44}}}
{"dateTime": "2025-09-01T18:04:34.479Z", "eventType": "input.type", "fullPath": "/main.py", "details": {"fromA": 44, "toA": 44, "fromB": 44, "toB": 45, "inserted": [" "]}}
{"dateTime": "2025-09-01T18:04:34.673Z", "eventType": "input", "fullPath": "/main.py", "details": {"fromA": 69, "toA": 69, "fromB": 69, "toB": 70, "inserted": ["", ""]}}
{"dateTime": "2025-09-01T18:04:37.754Z", "eventType": "select.pointer", "fullPath": "/main.py", "details": {"selection": {"from": 47, "to": 47}}}
{"dateTime": "2025-09-01T18:04:38.770Z", "eventType": "input", "fullPath": "/main.py", "details": {"fromA": 47, "toA": 47, "fromB": 47, "toB": 48, "inserted": ["", ""]}}
{"dateTime": "2025-09-01T18:04:40.040Z", "eventType": "select.pointer", "fullPath": "/main.py", "details": {"selection": {"from": 49, "to": 49}}}
{"dateTime": "2025-09-01T18:04:40.185Z", "eventType": "select.pointer", "fullPath": "/main.py", "details": {"selection": {"from": 49, "to": 50}}}
{"dateTime": "2025-09-01T18:04:40.217Z", "eventType": "select.pointer", "fullPath": "/main.py", "details": {"selection": {"from": 49, "to": 51}}}
{"dateTime": "2025-09-01T18:04:40.249Z", "eventType": "select.pointer", "fullPath": "/main.py", "details": {"selection": {"from": 49, "to": 52}}}
{"dateTime": "2025-09-01T18:04:40.282Z", "eventType": "select.pointer", "fullPath": "/main.py", "details": {"selection": {"from": 49, "to": 53}}}
{"dateTime": "2025-09-01T18:04:40.332Z", "eventType": "select.pointer", "fullPath": "/main.py", "details": {"selection": {"from": 49, "to": 54}}}
{"dateTime": "2025-09-01T18:04:40.348Z", "eventType": "select.pointer", "fullPath": "/main.py", "details": {"selection": {"from": 49, "to": 55}}}
{"dateTime": "2025-09-01T18:04:40.380Z", "eventType": "select.pointer", "fullPath": "/main.py", "details": {"selection": {"from": 49, "to": 56}}}
{"dateTime": "2025-09-01T18:04:40.397Z", "eventType": "select.pointer", "fullPath": "/main.py", "details": {"selection": {"from": 49, "to": 57}}}
{"dateTime": "2025-09-01T18:04:40.430Z", "eventType": "select.pointer", "fullPath": "/main.py", "details": {"selection": {"from": 49, "to": 58}}}
{"dateTime": "2025-09-01T18:04:40.465Z", "eventType": "select.pointer", "fullPath": "/main.py", "details": {"selection": {"from": 49, "to": 59}}}
{"dateTime": "2025-09-01T18:04:40.480Z", "eventType": "select.pointer", "fullPath": "/main.py", "details": {"selection": {"from": 49, "to": 60}}}
{"dateTime": "2025-09-01T18:04:40.512Z", "eventType": "select.pointer", "fullPath": "/main.py", "details": {"selection": {"from": 49, "to": 61}}}
{"dateTime": "2025-09-01T18:04:40.563Z", "eventType": "select.pointer", "fullPath": "/main.py", "details": {"selection": {"from": 49, "to": 49}}}
{"dateTime": "2025-09-01T18:04:40.582Z", "eventType": "select.pointer", "fullPath": "/main.py", "details": {"selection": {"from": 32, "to": 49}}}
{"dateTime": "2025-09-01T18:04:40.597Z", "eventType": "select.pointer", "fullPath": "/main.py", "details": {"selection": {"from": 33, "to": 49}}}
{"dateTime": "2025-09-01T18:04:40.611Z", "eventType": "select.pointer", "fullPath": "/main.py", "details": {"selection": {"from": 34, "to": 49}}}
{"dateTime": "2025-09-01T18:04:40.664Z", "eventType": "select.pointer", "fullPath": "/main.py", "details": {"selection": {"from": 35, "to": 49}}}
{"dateTime": "2025-09-01T18:04:40.713Z", "eventType": "select.pointer", "fullPath": "/main.py", "details": {"selection": {"from": 36, "to": 49}}}
{"dateTime": "2025-09-01T18:04:40.763Z", "eventType": "select.pointer", "fullPath": "/main.py", "details": {"selection": {"from": 37, "to": 49}}}
{"dateTime": "2025-09-01T18:04:40.797Z", "eventType": "select.pointer", "fullPath": "/main.py", "details": {"selection": {"from": 38, "to": 49}}}
{"dateTime": "2025-09-01T18:04:40.863Z", "eventType": "select.pointer", "fullPath": "/main.py", "details": {"selection": {"from": 39, "to": 49}}}
{"dateTime": "2025-09-01T18:04:40.913Z", "eventType": "select.pointer", "fullPath": "/main.py", "details": {"selection": {"from": 40, "to": 49}}}
{"dateTime": "2025-09-01T18:04:40.981Z", "eventType": "select.pointer", "fullPath": "/main.py", "details": {"selection": {"from": 49, "to": 49}}}
{"dateTime": "2025-09-01T18:04:40.996Z", "eventType": "select.pointer", "fullPath": "/main.py", "details": {"selection": {"from": 49, "to": 72}}}
{"dateTime": "2025-09-01T18:04:41.046Z", "eventType": "select.pointer", "fullPath": "/main.py", "details": {"selection": {"from": 49, "to": 73}}}
{"dateTime": "2025-09-01T18:04:41.130Z", "eventType": "select.pointer", "fullPath": "/main.py", "details": {"selection": {"from": 49, "to": 74}}}
{"dateTime": "2025-09-01T18:04:41.197Z", "eventType": "select.pointer", "fullPath": "/main.py", "details": {"selection": {"from": 49, "to": 75}}}
{"dateTime": "2025-09-01T18:04:41.247Z", "eventType": "select.pointer", "fullPath": "/main.py", "details": {"selection": {"from": 49, "to": 76}}}
{"dateTime": "2025-09-01T18:04:41.280Z", "eventType": "select.pointer", "fullPath": "/main.py", "details": {"selection": {"from": 49, "to": 77}}}
{"dateTime": "2025-09-01T18:04:41.297Z", "eventType": "select.pointer", "fullPath": "/main.py", "details": {"selection": {"from": 49, "to": 78}}}
{"dateTime": "2025-09-01T18:04:41.348Z", "eventType": "select.pointer", "fullPath": "/main.py", "details": {"selection": {"from": 49, "to": 79}}}
{"dateTime": "2025-09-01T18:04:41.380Z", "eventType": "select.pointer", "fullPath": "/main.py", "details": {"selection": {"from": 49, "to": 80}}}
{"dateTime": "2025-09-01T18:04:41.414Z", "eventType": "select.pointer", "fullPath": "/main.py", "details": {"selection": {"from": 49, "to": 81}}}
{"dateTime": "2025-09-01T18:04:41.465Z", "eventType": "select.pointer", "fullPath": "/main.py", "details": {"selection": {"from": 49, "to": 82}}}
{"dateTime": "2025-09-01T18:04:41.481Z", "eventType": "select.pointer", "fullPath": "/main.py", "details": {"selection": {"from": 49, "to": 83}}}
{"dateTime": "2025-09-01T18:04:41.529Z", "eventType": "select.pointer", "fullPath": "/main.py", "details": {"selection": {"from": 49, "to": 84}}}
{"dateTime": "2025-09-01T18:04:41.563Z", "eventType": "select.pointer", "fullPath": "/main.py", "details": {"selection": {"from": 49, "to": 85}}}
{"dateTime": "2025-09-01T18:04:41.597Z", "eventType": "select.pointer", "fullPath": "/main.py", "details": {"selection": {"from": 49, "to": 86}}}
{"dateTime": "2025-09-01T18:04:41.697Z", "eventType": "select.pointer", "fullPath": "/main.py", "details": {"selection": {"from": 49, "to": 87}}}
{"dateTime": "2025-09-01T18:04:41.764Z", "eventType": "select.pointer", "fullPath": "/main.py", "details": {"selection": {"from": 49, "to": 88}}}
{"dateTime": "2025-09-01T18:04:41.830Z", "eventType": "select.pointer", "fullPath": "/main.py", "details": {"selection": {"from": 49, "to": 89}}}
{"dateTime": "2025-09-01T18:04:41.864Z", "eventType": "select.pointer", "fullPath": "/main.py", "details": {"selection": {"from": 49, "to": 90}}}
{"dateTime": "2025-09-01T18:04:42.849Z", "eventType": "input.type", "fullPath": "/main.py", "details": {"fromA": 48, "toA": 48, "fromB": 48, "toB": 49, "inserted": ["a"]}}
{"dateTime": "2025-09-01T18:04:43.090Z", "eventType": "input.type", "fullPath": "/main.py", "details": {"fromA": 49, "toA": 49, "fromB": 49, "toB": 50, "inserted": ["o"]}}
{"dateTime": "2025-09-01T18:04:44.381Z", "eventType": "select.pointer", "fullPath": "/main.py", "details": {"selection": {"from": 18, "to": 18}}}
{"dateTime": "2025-09-01T18:04:44.688Z", "eventType": "delete.backward", "fullPath": "/main.py", "details": {"fromA": 49, "toA": 50, "fromB": 49, "toB": 49, "inserted": [""]}}
{"dateTime": "2025-09-01T18:04:45.137Z", "eventType": "input.type", "fullPath": "/main.py", "details": {"fromA": 49, "toA": 49, "fromB": 49, "toB": 50, "inserted": ["p"]}}
{"dateTime": "2025-09-01T18:04:45.347Z", "eventType": "input.type", "fullPath": "/main.py", "details": {"fromA": 50, "toA": 50, "fromB": 50, "toB": 51, "inserted": ["o"]}}
{"dateTime": "2025-09-01T18:04:45.549Z", "eventType": "select.pointer", "fullPath": "/main.py", "details": {"selection": {"from": 48, "to": 48}}}
{"dateTime": "2025-09-01T18:04:45.633Z", "eventType": "input.type", "fullPath": "/main.py", "details": {"fromA": 51, "toA": 51, "fromB": 51, "toB": 52, "inserted": ["t"]}}
{"dateTime": "2025-09-01T18:04:45.971Z", "eventType": "input.type", "fullPath": "/main.py", "details": {"fromA": 52, "toA": 52, "fromB": 52, "toB": 53, "inserted": ["e"]}}
{"dateTime": "2025-09-01T18:04:46.177Z", "eventType": "input.type", "fullPath": "/main.py", "details": {"fromA": 53, "toA": 53, "fromB": 53, "toB": 54, "inserted": ["m"]}}
{"dateTime": "2025-09-01T18:04:46.385Z", "eventType": "input.type", "fullPath": "/main.py", "details": {"fromA": 54, "toA": 54, "fromB": 54, "toB": 55, "inserted": ["a"]}}
{"dateTime": "2025-09-01T18:04:46.577Z", "eventType": "input.type", "fullPath": "/main.py", "details": {"fromA": 55, "toA": 55, "fromB": 55, "toB": 56, "inserted": [" "]}}
{"dateTime": "2025-09-01T18:04:46.830Z", "eventType": "select.pointer", "fullPath": "/main.py", "details": {"selection": {"from": 74, "to": 74}}}
{"dateTime": "2025-09-01T18:04:47.681Z", "eventType": "input.type", "fullPath": "/main.py", "details": {"fromA": 56, "toA": 56, "fromB": 56, "toB": 57, "inserted": ["="]}}
{"dateTime": "2025-09-01T18:04:47.985Z", "eventType": "input.type", "fullPath": "/main.py", "details": {"fromA": 57, "toA": 57, "fromB": 57, "toB": 58, "inserted": [" "]}}
{"dateTime": "2025-09-01T18:04:50.385Z", "eventType": "input.type", "fullPath": "/main.py", "details": {"fromA": 58, "toA": 58, "fromB": 58, "toB": 59, "inserted": ["l"]}}
{"dateTime": "2025-09-01T18:04:50.565Z", "eventType": "input.type", "fullPath": "/main.py", "details": {"fromA": 59, "toA": 59, "fromB": 59, "toB": 60, "inserted": ["a"]}}
{"dateTime": "2025-09-01T18:04:50.929Z", "eventType": "input.type", "fullPath": "/main.py", "details": {"fromA": 60, "toA": 60, "fromB": 60, "toB": 61, "inserted": ["d"]}}
{"dateTime": "2025-09-01T18:04:51.138Z", "eventType": "input.type", "fullPath": "/main.py", "details": {"fromA": 61, "toA": 61, "fromB": 61, "toB": 62, "inserted": ["p"]}}
{"dateTime": "2025-09-01T18:04:52.321Z", "eventType": "delete.backward", "fullPath": "/main.py", "details": {"fromA": 61, "toA": 62, "fromB": 61, "toB": 61, "inserted": [""]}}
{"dateTime": "2025-09-01T18:04:52.721Z", "eventType": "input.type", "fullPath": "/main.py", "details": {"fromA": 61, "toA": 61, "fromB": 61, "toB": 62, "inserted": ["o"]}}
{"dateTime": "2025-09-01T18:04:53.933Z", "eventType": "delete.backward", "fullPath": "/main.py", "details": {"fromA": 73, "toA": 74, "fromB": 73, "toB": 73, "inserted": [""]}}
{"dateTime": "2025-09-01T18:04:53.969Z", "eventType": "input.type", "fullPath": "/main.py", "details": {"fromA": 62, "toA": 62, "fromB": 62, "toB": 63, "inserted": ["/"]}}
{"dateTime": "2025-09-01T18:04:54.174Z", "eventType": "delete.backward", "fullPath": "/main.py", "details": {"fromA": 72, "toA": 73, "fromB": 72, "toB": 72, "inserted": [""]}}
{"dateTime": "2025-09-01T18:04:54.350Z", "eventType": "delete.backward", "fullPath": "/main.py", "details": {"fromA": 71, "toA": 72, "fromB": 71, "toB": 71, "inserted": [""]}}
{"dateTime": "2025-09-01T18:04:54.510Z", "eventType": "delete.backward", "fullPath": "/main.py", "details": {"fromA": 70, "toA": 71, "fromB": 70, "toB": 70, "inserted": [""]}}
{"dateTime": "2025-09-01T18:04:54.734Z", "eventType": "delete.backward", "fullPath": "/main.py", "details": {"fromA": 69, "toA": 70, "fromB": 69, "toB": 69, "inserted": [""]}}
{"dateTime": "2025-09-01T18:04:55.245Z", "eventType": "delete.backward", "fullPath": "/main.py", "details": {"fromA": 68, "toA": 69, "fromB": 68, "toB": 68, "inserted": [""]}}
{"dateTime": "2025-09-01T18:04:56.485Z", "eventType": "select.pointer", "fullPath": "/main.py", "details": {"selection": {"from": 71, "to": 71}}}
{"dateTime": "2025-09-01T18:04:57.473Z", "eventType": "input.type", "fullPath": "/main.py", "details": {"fromA": 63, "toA": 63, "fromB": 63, "toB": 65, "inserted": ["()"]}}
{"dateTime": "2025-09-01T18:04:58.817Z", "eventType": "input.type", "fullPath": "/main.py", "details": {"fromA": 64, "toA": 64, "fromB": 64, "toB": 65, "inserted": ["2"]}}
{"dateTime": "2025-09-01T18:04:59.038Z", "eventType": "input.type", "fullPath": "/main.py", "details": {"fromA": 71, "toA": 71, "fromB": 71, "toB": 72, "inserted": ["("]}}
{"dateTime": "2025-09-01T18:04:59.790Z", "eventType": "input.type", "fullPath": "/main.py", "details": {"fromA": 72, "toA": 72, "fromB": 72, "toB": 73, "inserted": [")"]}}
{"dateTime": "2025-09-01T18:05:00.289Z", "eventType": "input.type", "fullPath": "/main.py", "details": {"fromA": 65, "toA": 65, "fromB": 65, "toB": 66, "inserted": ["*"]}}
{"dateTime": "2025-09-01T18:05:01.361Z", "eventType": "input.type", "fullPath": "/main.py", "details": {"fromA": 66, "toA": 66, "fromB": 66, "toB": 67, "inserted": ["t"]}}
{"dateTime": "2025-09-01T18:05:01.725Z", "eventType": "input.type", "fullPath": "/main.py", "details": {"fromA": 73, "toA": 73, "fromB": 73, "toB": 74, "inserted": ["*"]}}
{"dateTime": "2025-09-01T18:05:02.530Z", "eventType": "input.type", "fullPath": "/main.py", "details": {"fromA": 67, "toA": 67, "fromB": 67, "toB": 68, "inserted": ["a"]}}
{"dateTime": "2025-09-01T18:05:03.312Z", "eventType": "input.type", "fullPath": "/main.py", "details": {"fromA": 68, "toA": 68, "fromB": 68, "toB": 69, "inserted": ["n"]}}
{"dateTime": "2025-09-01T18:05:07.490Z", "eventType": "select", "fullPath": "/main.py", "details": {"selection": {"from": 68, "to": 68}}}
{"dateTime": "2025-09-01T18:05:07.710Z", "eventType": "select", "fullPath": "/main.py", "details": {"selection": {"from": 67, "to": 67}}}
{"dateTime": "2025-09-01T18:05:07.885Z", "eventType": "select", "fullPath": "/main.py", "details": {"selection": {"from": 66, "to": 66}}}
{"dateTime": "2025-09-01T18:05:08.977Z", "eventType": "input.type", "fullPath": "/main.py", "details": {"fromA": 66, "toA": 66, "fromB": 66, "toB": 67, "inserted": ["m"]}}
{"dateTime": "2025-09-01T18:05:09.204Z", "eventType": "input.type", "fullPath": "/main.py", "details": {"fromA": 67, "toA": 67, "fromB": 67, "toB": 68, "inserted": ["a"]}}
{"dateTime": "2025-09-01T18:05:09.587Z", "eventType": "input.type", "fullPath": "/main.py", "details": {"fromA": 68, "toA": 68, "fromB": 68, "toB": 69, "inserted": ["t"]}}
{"dateTime": "2025-09-01T18:05:09.762Z", "eventType": "input.type", "fullPath": "/main.py", "details": {"fromA": 69, "toA": 69, "fromB": 69, "toB": 70, "inserted": ["h"]}}
{"dateTime": "2025-09-01T18:05:09.902Z", "eventType": "select.pointer", "fullPath": "/main.py", "details": {"selection": {"from": 80, "to": 80}}}
{"dateTime": "2025-09-01T18:05:10.625Z", "eventType": "input.type", "fullPath": "/main.py", "details": {"fromA": 70, "toA": 70, "fromB": 70, "toB": 71, "inserted": ["."]}}
{"dateTime": "2025-09-01T18:05:10.653Z", "eventType": "delete.backward", "fullPath": "/main.py", "details": {"fromA": 79, "toA": 80, "fromB": 79, "toB": 79, "inserted": [""]}}
{"dateTime": "2025-09-01T18:05:10.846Z", "eventType": "delete.backward", "fullPath": "/main.py", "details": {"fromA": 78, "toA": 79, "fromB": 78, "toB": 78, "inserted": [""]}}
{"dateTime": "2025-09-01T18:05:11.006Z", "eventType": "delete.backward", "fullPath": "/main.py", "details": {"fromA": 77, "toA": 78, "fromB": 77, "toB": 77, "inserted": [""]}}
{"dateTime": "2025-09-01T18:05:11.182Z", "eventType": "delete.backward", "fullPath": "/main.py", "details": {"fromA": 76, "toA": 77, "fromB": 76, "toB": 76, "inserted": [""]}}
{"dateTime": "2025-09-01T18:05:11.329Z", "eventType": "delete.backward", "fullPath": "/main.py", "details": {"fromA": 75, "toA": 76, "fromB": 75, "toB": 75, "inserted": [""]}}
{"dateTime": "2025-09-01T18:05:12.421Z", "eventType": "blur", "fullPath": "/main.py"}
{"dateTime": "2025-09-01T18:05:12.458Z", "eventType": "select.pointer", "fullPath": "/main.py", "details": {"selection": {"from": 74, "to": 74}}}
{"dateTime": "2025-09-01T18:05:12.911Z", "eventType": "submission", "details": {"correctness": 0, "commit": "2d151bcf239628591ffcdab6079ea72a6de19584", "executionTime": 0}}
{"dateTime": "2025-09-01T18:05:15.806Z", "eventType": "run", "details": {"commit": "2d151bcf239628591ffcdab6079ea72a6de19584"}}
{"dateTime": "2025-09-01T18:05:16.226Z", "eventType": "input.type", "fullPath": "/main.py", "details": {"fromA": 74, "toA": 74, "fromB": 74, "toB": 76, "inserted": ["()"]}}
{"dateTime": "2025-09-01T18:05:21.347Z", "eventType": "input.type", "fullPath": "/main.py", "details": {"fromA": 75, "toA": 75, "fromB": 75, "toB": 76, "inserted": ["m"]}}
{"dateTime": "2025-09-01T18:05:21.508Z", "eventType": "input.type", "fullPath": "/main.py", "details": {"fromA": 76, "toA": 76, "fromB": 76, "toB": 77, "inserted": ["a"]}}
{"dateTime": "2025-09-01T18:05:22.002Z", "eventType": "input.type", "fullPath": "/main.py", "details": {"fromA": 77, "toA": 77, "fromB": 77, "toB": 78, "inserted": ["t"]}}
{"dateTime": "2025-09-01T18:05:24.113Z", "eventType": "input.type", "fullPath": "/main.py", "details": {"fromA": 78, "toA": 78, "fromB": 78, "toB": 79, "inserted": ["h"]}}
{"dateTime": "2025-09-01T18:05:24.898Z", "eventType": "input.type", "fullPath": "/main.py", "details": {"fromA": 79, "toA": 79, "fromB": 79, "toB": 80, "inserted": ["."]}}
{"dateTime": "2025-09-01T18:05:25.377Z", "eventType": "input.type", "fullPath": "/main.py", "details": {"fromA": 80, "toA": 80, "fromB": 80, "toB": 81, "inserted": ["p"]}}
{"dateTime": "2025-09-01T18:05:25.650Z", "eventType": "input.type", "fullPath": "/main.py", "details": {"fromA": 81, "toA": 81, "fromB": 81, "toB": 82, "inserted": ["i"]}}
{"dateTime": "2025-09-01T18:05:28.753Z", "eventType": "input.type", "fullPath": "/main.py", "details": {"fromA": 82, "toA": 82, "fromB": 82, "toB": 83, "inserted": ["/"]}}
{"dateTime": "2025-09-01T18:05:30.049Z", "eventType": "input.type", "fullPath": "/main.py", "details": {"fromA": 83, "toA": 83, "fromB": 83, "toB": 84, "inserted": ["1"]}}
{"dateTime": "2025-09-01T18:05:30.210Z", "eventType": "input.type", "fullPath": "/main.py", "details": {"fromA": 84, "toA": 84, "fromB": 84, "toB": 85, "inserted": ["0"]}}
{"dateTime": "2025-09-01T18:05:32.427Z", "eventType": "select.pointer", "fullPath": "/main.py", "details": {"selection": {"from": 109, "to": 109}}}
{"dateTime": "2025-09-01T18:05:38.893Z", "eventType": "focus", "fullPath": "/main.py"}
{"dateTime": "2025-09-01T18:05:38.894Z", "eventType": "select.pointer", "fullPath": "/main.py", "details": {"selection": {"from": 68, "to": 68}}}
{"dateTime": "2025-09-01T18:05:39.357Z", "eventType": "input", "fullPath": "/main.py", "details": {"fromA": 109, "toA": 109, "fromB": 109, "toB": 110, "inserted": ["", ""]}}
{"dateTime": "2025-09-01T18:05:39.633Z", "eventType": "input", "fullPath": "/main.py", "details": {"fromA": 110, "toA": 110, "fromB": 110, "toB": 111, "inserted": ["", ""]}}
{"dateTime": "2025-09-01T18:05:40.325Z", "eventType": "select.pointer", "fullPath": "/main.py", "details": {"selection": {"from": 67, "to": 67}}}
{"dateTime": "2025-09-01T18:05:40.497Z", "eventType": "input.type", "fullPath": "/main.py", "details": {"fromA": 111, "toA": 111, "fromB": 111, "toB": 112, "inserted": ["p"]}}
{"dateTime": "2025-09-01T18:05:40.693Z", "eventType": "input.type", "fullPath": "/main.py", "details": {"fromA": 112, "toA": 112, "fromB": 112, "toB": 113, "inserted": ["r"]}}
{"dateTime": "2025-09-01T18:05:40.885Z", "eventType": "input.type", "fullPath": "/main.py", "details": {"fromA": 113, "toA": 113, "fromB": 113, "toB": 114, "inserted": ["i"]}}
{"dateTime": "2025-09-01T18:05:41.474Z", "eventType": "input.type", "fullPath": "/main.py", "details": {"fromA": 114, "toA": 114, "fromB": 114, "toB": 115, "inserted": ["n"]}}
{"dateTime": "2025-09-01T18:05:41.502Z", "eventType": "delete.backward", "fullPath": "/main.py", "details": {"fromA": 66, "toA": 67, "fromB": 66, "toB": 66, "inserted": [""]}}
{"dateTime": "2025-09-01T18:05:41.620Z", "eventType": "input.type", "fullPath": "/main.py", "details": {"fromA": 115, "toA": 115, "fromB": 115, "toB": 116, "inserted": ["t"]}}
{"dateTime": "2025-09-01T18:05:43.452Z", "eventType": "select.pointer", "fullPath": "/main.py", "details": {"selection": {"from": 67, "to": 67}}}
{"dateTime": "2025-09-01T18:05:43.953Z", "eventType": "input.type", "fullPath": "/main.py", "details": {"fromA": 116, "toA": 116, "fromB": 116, "toB": 118, "inserted": ["()"]}}
{"dateTime": "2025-09-01T18:05:44.750Z", "eventType": "input.type", "fullPath": "/main.py", "details": {"fromA": 67, "toA": 67, "fromB": 67, "toB": 68, "inserted": ["."]}}
{"dateTime": "2025-09-01T18:05:46.946Z", "eventType": "input.type", "fullPath": "/main.py", "details": {"fromA": 117, "toA": 117, "fromB": 117, "toB": 118, "inserted": ["a"]}}
{"dateTime": "2025-09-01T18:05:47.240Z", "eventType": "input.type", "fullPath": "/main.py", "details": {"fromA": 118, "toA": 118, "fromB": 118, "toB": 119, "inserted": ["r"]}}
{"dateTime": "2025-09-01T18:05:47.447Z", "eventType": "input.type", "fullPath": "/main.py", "details": {"fromA": 119, "toA": 119, "fromB": 119, "toB": 120, "inserted": ["e"]}}
{"dateTime": "2025-09-01T18:05:47.826Z", "eventType": "input.type", "fullPath": "/main.py", "details": {"fromA": 120, "toA": 120, "fromB": 120, "toB": 121, "inserted": ["a"]}}
{"dateTime": "2025-09-01T18:05:48.107Z", "eventType": "select", "fullPath": "/main.py", "details": {"selection": {"from": 67, "to": 67}}}
{"dateTime": "2025-09-01T18:05:48.830Z", "eventType": "input.type", "fullPath": "/main.py", "details": {"fromA": 67, "toA": 67, "fromB": 67, "toB": 68, "inserted": ["m"]}}
{"dateTime": "2025-09-01T18:05:48.961Z", "eventType": "input.type", "fullPath": "/main.py", "details": {"fromA": 68, "toA": 68, "fromB": 68, "toB": 69, "inserted": ["a"]}}
{"dateTime": "2025-09-01T18:05:49.329Z", "eventType": "input.type", "fullPath": "/main.py", "details": {"fromA": 121, "toA": 121, "fromB": 121, "toB": 122, "inserted": [","]}}
{"dateTime": "2025-09-01T18:05:49.422Z", "eventType": "input.type", "fullPath": "/main.py", "details": {"fromA": 69, "toA": 69, "fromB": 69, "toB": 70, "inserted": ["t"]}}
{"dateTime": "2025-09-01T18:05:49.535Z", "eventType": "input.type", "fullPath": "/main.py", "details": {"fromA": 70, "toA": 70, "fromB": 70, "toB": 71, "inserted": ["h"]}}
{"dateTime": "2025-09-01T18:05:49.586Z", "eventType": "input.type", "fullPath": "/main.py", "details": {"fromA": 122, "toA": 122, "fromB": 122, "toB": 123, "inserted": [" "]}}
{"dateTime": "2025-09-01T18:05:52.101Z", "eventType": "select.pointer", "fullPath": "/main.py", "details": {"selection": {"from": 72, "to": 72}}}
{"dateTime": "2025-09-01T18:05:52.561Z", "eventType": "input.type", "fullPath": "/main.py", "details": {"fromA": 123, "toA": 123, "fromB": 123, "toB": 124, "inserted": ["2"]}}
{"dateTime": "2025-09-01T18:05:53.214Z", "eventType": "delete.backward", "fullPath": "/main.py", "details": {"fromA": 71, "toA": 72, "fromB": 71, "toB": 71, "inserted": [""]}}
{"dateTime": "2025-09-01T18:05:53.377Z", "eventType": "select", "fullPath": "/main.py", "details": {"selection": {"from": 123, "to": 123}}}
{"dateTime": "2025-09-01T18:05:53.551Z", "eventType": "select", "fullPath": "/main.py", "details": {"selection": {"from": 122, "to": 122}}}
{"dateTime": "2025-09-01T18:05:53.695Z", "eventType": "select", "fullPath": "/main.py", "details": {"selection": {"from": 121, "to": 121}}}
{"dateTime": "2025-09-01T18:05:53.855Z", "eventType": "select", "fullPath": "/main.py", "details": {"selection": {"from": 120, "to": 120}}}
{"dateTime": "2025-09-01T18:05:53.885Z", "eventType": "input.type", "fullPath": "/main.py", "details": {"fromA": 71, "toA": 71, "fromB": 71, "toB": 72, "inserted": ["."]}}
{"dateTime": "2025-09-01T18:05:54.015Z", "eventType": "select", "fullPath": "/main.py", "details": {"selection": {"from": 119, "to": 119}}}
{"dateTime": "2025-09-01T18:05:54.175Z", "eventType": "select", "fullPath": "/main.py", "details": {"selection": {"from": 118, "to": 118}}}
{"dateTime": "2025-09-01T18:05:54.481Z", "eventType": "select", "fullPath": "/main.py", "details": {"selection": {"from": 117, "to": 117}}}
{"dateTime": "2025-09-01T18:05:55.330Z", "eventType": "input.type", "fullPath": "/main.py", "details": {"fromA": 117, "toA": 117, "fromB": 117, "toB": 118, "inserted": ["a"]}}
{"dateTime": "2025-09-01T18:05:55.689Z", "eventType": "input.type", "fullPath": "/main.py", "details": {"fromA": 118, "toA": 118, "fromB": 118, "toB": 119, "inserted": ["r"]}}
{"dateTime": "2025-09-01T18:05:55.972Z", "eventType": "input.type", "fullPath": "/main.py", "details": {"fromA": 119, "toA": 119, "fromB": 119, "toB": 120, "inserted": ["o"]}}
{"dateTime": "2025-09-01T18:05:56.244Z", "eventType": "input.type", "fullPath": "/main.py", "details": {"fromA": 120, "toA": 120, "fromB": 120, "toB": 121, "inserted": ["u"]}}
{"dateTime": "2025-09-01T18:05:56.530Z", "eventType": "input.type", "fullPath": "/main.py", "details": {"fromA": 121, "toA": 121, "fromB": 121, "toB": 122, "inserted": ["n"]}}
{"dateTime": "2025-09-01T18:05:56.722Z", "eventType": "input.type", "fullPath": "/main.py", "details": {"fromA": 122, "toA": 122, "fromB": 122, "toB": 123, "inserted": ["d"]}}
{"dateTime": "2025-09-01T18:05:58.274Z", "eventType": "input.type", "fullPath": "/main.py", "details": {"fromA": 123, "toA": 123, "fromB": 123, "toB": 124, "inserted": ["("]}}
{"dateTime": "2025-09-01T18:05:59.468Z", "eventType": "select", "fullPath": "/main.py", "details": {"selection": {"from": 123, "to": 123}}}
{"dateTime": "2025-09-01T18:05:59.633Z", "eventType": "select", "fullPath": "/main.py", "details": {"selection": {"from": 122, "to": 122}}}
{"dateTime": "2025-09-01T18:05:59.823Z", "eventType": "select", "fullPath": "/main.py", "details": {"selection": {"from": 121, "to": 121}}}
{"dateTime": "2025-09-01T18:06:00.015Z", "eventType": "select", "fullPath": "/main.py", "details": {"selection": {"from": 120, "to": 120}}}
{"dateTime": "2025-09-01T18:06:00.127Z", "eventType": "select", "fullPath": "/main.py", "details": {"selection": {"from": 119, "to": 119}}}
{"dateTime": "2025-09-01T18:06:00.319Z", "eventType": "select", "fullPath": "/main.py", "details": {"selection": {"from": 118, "to": 118}}}
{"dateTime": "2025-09-01T18:06:01.090Z", "eventType": "delete.backward", "fullPath": "/main.py", "details": {"fromA": 117, "toA": 118, "fromB": 117, "toB": 117, "inserted": [""]}}
{"dateTime": "2025-09-01T18:06:01.361Z", "eventType": "select", "fullPath": "/main.py", "details": {"selection": {"from": 118, "to": 118}}}
{"dateTime": "2025-09-01T18:06:01.551Z", "eventType": "select", "fullPath": "/main.py", "details": {"selection": {"from": 119, "to": 119}}}
{"dateTime": "2025-09-01T18:06:01.711Z", "eventType": "select", "fullPath": "/main.py", "details": {"selection": {"from": 120, "to": 120}}}
{"dateTime": "2025-09-01T18:06:01.871Z", "eventType": "select", "fullPath": "/main.py", "details": {"selection": {"from": 121, "to": 121}}}
{"dateTime": "2025-09-01T18:06:02.049Z", "eventType": "select", "fullPath": "/main.py", "details": {"selection": {"from": 122, "to": 122}}}
{"dateTime": "2025-09-01T18:06:02.191Z", "eventType": "select", "fullPath": "/main.py", "details": {"selection": {"from": 123, "to": 123}}}
{"dateTime": "2025-09-01T18:06:02.337Z", "eventType": "select", "fullPath": "/main.py", "details": {"selection": {"from": 124, "to": 124}}}
{"dateTime": "2025-09-01T18:06:02.511Z", "eventType": "select", "fullPath": "/main.py", "details": {"selection": {"from": 125, "to": 125}}}
{"dateTime": "2025-09-01T18:06:02.671Z", "eventType": "select", "fullPath": "/main.py", "details": {"selection": {"from": 126, "to": 126}}}
{"dateTime": "2025-09-01T18:06:02.831Z", "eventType": "select", "fullPath": "/main.py", "details": {"selection": {"from": 127, "to": 127}}}
{"dateTime": "2025-09-01T18:06:02.991Z", "eventType": "select", "fullPath": "/main.py", "details": {"selection": {"from": 128, "to": 128}}}
{"dateTime": "2025-09-01T18:06:03.135Z", "eventType": "select", "fullPath": "/main.py", "details": {"selection": {"from": 129, "to": 129}}}
{"dateTime": "2025-09-01T18:06:03.265Z", "eventType": "select", "fullPath": "/main.py", "details": {"selection": {"from": 130, "to": 130}}}
{"dateTime": "2025-09-01T18:06:03.391Z", "eventType": "select", "fullPath": "/main.py", "details": {"selection": {"from": 131, "to": 131}}}
{"dateTime": "2025-09-01T18:06:04.562Z", "eventType": "input.type", "fullPath": "/main.py", "details": {"fromA": 131, "toA": 131, "fromB": 131, "toB": 132, "inserted": [")"]}}
{"dateTime": "2025-09-01T18:06:06.156Z", "eventType": "blur", "fullPath": "/main.py"}
{"dateTime": "2025-09-01T18:06:06.655Z", "eventType": "submission", "details": {"correctness": 0, "commit": "5ad9c6fb1675c3cd581bd6d5119efe3b121e2ed7", "executionTime": 0}}
{"dateTime": "2025-09-01T18:06:08.262Z", "eventType": "select.pointer", "fullPath": "/main.py", "details": {"selection": {"from": 79, "to": 79}}}
{"dateTime": "2025-09-01T18:06:09.341Z", "eventType": "input.type", "fullPath": "/main.py", "details": {"fromA": 79, "toA": 79, "fromB": 79, "toB": 80, "inserted": ["."]}}
{"dateTime": "2025-09-01T18:06:10.029Z", "eventType": "select", "fullPath": "/main.py", "details": {"selection": {"from": 79, "to": 79}}}
{"dateTime": "2025-09-01T18:06:10.814Z", "eventType": "input.type", "fullPath": "/main.py", "details": {"fromA": 79, "toA": 79, "fromB": 79, "toB": 80, "inserted": ["m"]}}
{"dateTime": "2025-09-01T18:06:11.025Z", "eventType": "input.type", "fullPath": "/main.py", "details": {"fromA": 80, "toA": 80, "fromB": 80, "toB": 81, "inserted": ["a"]}}
{"dateTime": "2025-09-01T18:06:12.718Z", "eventType": "input.type", "fullPath": "/main.py", "details": {"fromA": 81, "toA": 81, "fromB": 81, "toB": 82, "inserted": ["t"]}}
{"dateTime": "2025-09-01T18:06:13.481Z", "eventType": "input.type", "fullPath": "/main.py", "details": {"fromA": 82, "toA": 82, "fromB": 82, "toB": 83, "inserted": ["h"]}}
{"dateTime": "2025-09-01T18:06:20.302Z", "eventType": "blur", "fullPath": "/main.py"}
{"dateTime": "2025-09-01T18:06:20.627Z", "eventType": "run", "details": {"commit": "089b243ad483bec0c383313cc26d4986efbea0ab"}}
{"dateTime": "2025-09-01T18:06:27.378Z", "eventType": "focus", "fullPath": "/main.py"}
{"dateTime": "2025-09-01T18:06:27.381Z", "eventType": "select.pointer", "fullPath": "/main.py", "details": {"selection": {"from": 74, "to": 74}}}
{"dateTime": "2025-09-01T18:06:28.521Z", "eventType": "select.pointer", "fullPath": "/main.py", "details": {"selection": {"from": 87, "to": 87}}}
{"dateTime": "2025-09-01T18:06:32.078Z", "eventType": "focus", "fullPath": "/main.py"}
{"dateTime": "2025-09-01T18:06:32.079Z", "eventType": "select.pointer", "fullPath": "/main.py", "details": {"selection": {"from": 72, "to": 72}}}
{"dateTime": "2025-09-01T18:06:33.054Z", "eventType": "delete.backward", "fullPath": "/main.py", "details": {"fromA": 71, "toA": 72, "fromB": 71, "toB": 71, "inserted": [""]}}
{"dateTime": "2025-09-01T18:06:33.246Z", "eventType": "delete.backward", "fullPath": "/main.py", "details": {"fromA": 70, "toA": 71, "fromB": 70, "toB": 70, "inserted": [""]}}
{"dateTime": "2025-09-01T18:06:33.423Z", "eventType": "delete.backward", "fullPath": "/main.py", "details": {"fromA": 69, "toA": 70, "fromB": 69, "toB": 69, "inserted": [""]}}
{"dateTime": "2025-09-01T18:06:33.582Z", "eventType": "delete.backward", "fullPath": "/main.py", "details": {"fromA": 68, "toA": 69, "fromB": 68, "toB": 68, "inserted": [""]}}
{"dateTime": "2025-09-01T18:06:33.758Z", "eventType": "delete.backward", "fullPath": "/main.py", "details": {"fromA": 67, "toA": 68, "fromB": 67, "toB": 67, "inserted": [""]}}
{"dateTime": "2025-09-01T18:06:33.979Z", "eventType": "select.pointer", "fullPath": "/main.py", "details": {"selection": {"from": 74, "to": 74}}}
{"dateTime": "2025-09-01T18:06:34.749Z", "eventType": "select.pointer", "fullPath": "/main.py", "details": {"selection": {"from": 79, "to": 79}}}
{"dateTime": "2025-09-01T18:06:34.911Z", "eventType": "delete.backward", "fullPath": "/main.py", "details": {"fromA": 78, "toA": 79, "fromB": 78, "toB": 78, "inserted": [""]}}
{"dateTime": "2025-09-01T18:06:35.102Z", "eventType": "delete.backward", "fullPath": "/main.py", "details": {"fromA": 77, "toA": 78, "fromB": 77, "toB": 77, "inserted": [""]}}
{"dateTime": "2025-09-01T18:06:35.172Z", "eventType": "input.type", "fullPath": "/main.py", "details": {"fromA": 74, "toA": 74, "fromB": 74, "toB": 75, "inserted": ["*"]}}
{"dateTime": "2025-09-01T18:06:35.263Z", "eventType": "delete.backward", "fullPath": "/main.py", "details": {"fromA": 76, "toA": 77, "fromB": 76, "toB": 76, "inserted": [""]}}
{"dateTime": "2025-09-01T18:06:35.422Z", "eventType": "delete.backward", "fullPath": "/main.py", "details": {"fromA": 75, "toA": 76, "fromB": 75, "toB": 75, "inserted": [""]}}
{"dateTime": "2025-09-01T18:06:35.742Z", "eventType": "delete.backward", "fullPath": "/main.py", "details": {"fromA": 74, "toA": 75, "fromB": 74, "toB": 74, "inserted": [""]}}
{"dateTime": "2025-09-01T18:06:36.901Z", "eventType": "blur", "fullPath": "/main.py"}
{"dateTime": "2025-09-01T18:06:37.090Z", "eventType": "blur", "fullPath": "/main.py"}
{"dateTime": "2025-09-01T18:06:37.219Z", "eventType": "run", "details": {"commit": "ac8504543cceea322c38c7c5ebdc61c2cec1f290"}}
{"dateTime": "2025-09-01T18:06:37.509Z", "eventType": "submission", "details": {"correctness": 0, "commit": "87c358f5c42daf21b71d9fcc4324ae0504f11dad", "executionTime": 0}}
{"dateTime": "2025-09-01T18:06:48.234Z", "eventType": "focus", "fullPath": "/main.py"}
{"dateTime": "2025-09-01T18:06:48.236Z", "eventType": "select.pointer", "fullPath": "/main.py", "details": {"selection": {"from": 66, "to": 66}}}
{"dateTime": "2025-09-01T18:06:50.500Z", "eventType": "input.type", "fullPath": "/main.py", "details": {"fromA": 66, "toA": 66, "fromB": 66, "toB": 67, "inserted": [" "]}}
{"dateTime": "2025-09-01T18:06:53.315Z", "eventType": "select.pointer", "fullPath": "/main.py", "details": {"selection": {"from": 77, "to": 77}}}
{"dateTime": "2025-09-01T18:06:54.843Z", "eventType": "select.pointer", "fullPath": "/main.py", "details": {"selection": {"from": 84, "to": 84}}}
{"dateTime": "2025-09-01T18:06:55.109Z", "eventType": "input.type", "fullPath": "/main.py", "details": {"fromA": 84, "toA": 84, "fromB": 84, "toB": 85, "inserted": [" "]}}
{"dateTime": "2025-09-01T18:06:55.550Z", "eventType": "focus", "fullPath": "/main.py"}
{"dateTime": "2025-09-01T18:06:55.552Z", "eventType": "select.pointer", "fullPath": "/main.py", "details": {"selection": {"from": 67, "to": 67}}}
{"dateTime": "2025-09-01T18:06:56.409Z", "eventType": "select.pointer", "fullPath": "/main.py", "details": {"selection": {"from": 86, "to": 86}}}
{"dateTime": "2025-09-01T18:06:56.548Z", "eventType": "input.type", "fullPath": "/main.py", "details": {"fromA": 86, "toA": 86, "fromB": 86, "toB": 87, "inserted": [" "]}}
{"dateTime": "2025-09-01T18:06:57.070Z", "eventType": "input.type", "fullPath": "/main.py", "details": {"fromA": 67, "toA": 67, "fromB": 67, "toB": 68, "inserted": ["m"]}}
{"dateTime": "2025-09-01T18:06:57.210Z", "eventType": "input.type", "fullPath": "/main.py", "details": {"fromA": 68, "toA": 68, "fromB": 68, "toB": 69, "inserted": ["a"]}}
{"dateTime": "2025-09-01T18:06:57.706Z", "eventType": "input.type", "fullPath": "/main.py", "details": {"fromA": 69, "toA": 69, "fromB": 69, "toB": 70, "inserted": ["t"]}}
{"dateTime": "2025-09-01T18:06:58.371Z", "eventType": "blur", "fullPath": "/main.py"}
{"dateTime": "2025-09-01T18:06:58.623Z", "eventType": "input.type", "fullPath": "/main.py", "details": {"fromA": 70, "toA": 70, "fromB": 70, "toB": 71, "inserted": ["h"]}}
{"dateTime": "2025-09-01T18:06:59.374Z", "eventType": "input.type", "fullPath": "/main.py", "details": {"fromA": 71, "toA": 71, "fromB": 71, "toB": 72, "inserted": ["."]}}
{"dateTime": "2025-09-01T18:06:59.664Z", "eventType": "run", "details": {"commit": "4b6c786812c99bb0aedeb4e6c252a755f6461083"}}
{"dateTime": "2025-09-01T18:07:06.723Z", "eventType": "focus", "fullPath": "/main.py"}
{"dateTime": "2025-09-01T18:07:06.724Z", "eventType": "select.pointer", "fullPath": "/main.py", "details": {"selection": {"from": 72, "to": 72}}}
{"dateTime": "2025-09-01T18:07:07.507Z", "eventType": "delete.backward", "fullPath": "/main.py", "details": {"fromA": 71, "toA": 72, "fromB": 71, "toB": 71, "inserted": [""]}}
{"dateTime": "2025-09-01T18:07:07.716Z", "eventType": "delete.backward", "fullPath": "/main.py", "details": {"fromA": 70, "toA": 71, "fromB": 70, "toB": 70, "inserted": [""]}}
{"dateTime": "2025-09-01T18:07:07.875Z", "eventType": "delete.backward", "fullPath": "/main.py", "details": {"fromA": 69, "toA": 70, "fromB": 69, "toB": 69, "inserted": [""]}}
{"dateTime": "2025-09-01T18:07:08.035Z", "eventType": "delete.backward", "fullPath": "/main.py", "details": {"fromA": 68, "toA": 69, "fromB": 68, "toB": 68, "inserted": [""]}}
{"dateTime": "2025-09-01T18:07:08.228Z", "eventType": "delete.backward", "fullPath": "/main.py", "details": {"fromA": 67, "toA": 68, "fromB": 67, "toB": 67, "inserted": [""]}}
{"dateTime": "2025-09-01T18:07:08.418Z", "eventType": "delete.backward", "fullPath": "/main.py", "details": {"fromA": 66, "toA": 67, "fromB": 66, "toB": 66, "inserted": [""]}}
{"dateTime": "2025-09-01T18:07:09.735Z", "eventType": "blur", "fullPath": "/main.py"}
{"dateTime": "2025-09-01T18:07:09.810Z", "eventType": "select.pointer", "fullPath": "/main.py", "details": {"selection": {"from": 76, "to": 76}}}
{"dateTime": "2025-09-01T18:07:10.052Z", "eventType": "delete.backward", "fullPath": "/main.py", "details": {"fromA": 75, "toA": 76, "fromB": 75, "toB": 75, "inserted": [""]}}
{"dateTime": "2025-09-01T18:07:10.212Z", "eventType": "delete.backward", "fullPath": "/main.py", "details": {"fromA": 74, "toA": 75, "fromB": 74, "toB": 74, "inserted": [""]}}
{"dateTime": "2025-09-01T18:07:10.219Z", "eventType": "submission", "details": {"correctness": 0, "commit": "267cd2bdc3e457ea302b9c6d8e022ec6a828e7c4", "executionTime": 0}}
{"dateTime": "2025-09-01T18:07:10.375Z", "eventType": "delete.backward", "fullPath": "/main.py", "details": {"fromA": 73, "toA": 74, "fromB": 73, "toB": 73, "inserted": [""]}}
{"dateTime": "2025-09-01T18:07:10.532Z", "eventType": "delete.backward", "fullPath": "/main.py", "details": {"fromA": 72, "toA": 73, "fromB": 72, "toB": 72, "inserted": [""]}}
{"dateTime": "2025-09-01T18:07:10.708Z", "eventType": "delete.backward", "fullPath": "/main.py", "details": {"fromA": 71, "toA": 72, "fromB": 71, "toB": 71, "inserted": [""]}}
{"dateTime": "2025-09-01T18:07:11.523Z", "eventType": "blur", "fullPath": "/main.py"}
{"dateTime": "2025-09-01T18:07:11.975Z", "eventType": "submission", "details": {"correctness": 0, "commit": "0d226afeec1bb9bf09a3b6221b93cd48d4aeaa35", "executionTime": 0}}
{"dateTime": "2025-09-01T18:07:12.735Z", "eventType": "run", "details": {"commit": "267cd2bdc3e457ea302b9c6d8e022ec6a828e7c4"}}
{"dateTime": "2025-09-01T18:07:23.986Z", "eventType": "focus", "fullPath": "/main.py"}
{"dateTime": "2025-09-01T18:07:23.988Z", "eventType": "select.pointer", "fullPath": "/main.py", "details": {"selection": {"from": 69, "to": 69}}}
{"dateTime": "2025-09-01T18:07:25.893Z", "eventType": "input.type", "fullPath": "/main.py", "details": {"fromA": 69, "toA": 69, "fromB": 69, "toB": 70, "inserted": ["("]}}
{"dateTime": "2025-09-01T18:07:26.981Z", "eventType": "input.type", "fullPath": "/main.py", "details": {"fromA": 70, "toA": 70, "fromB": 70, "toB": 71, "inserted": [")"]}}
{"dateTime": "2025-09-01T18:07:31.427Z", "eventType": "blur", "fullPath": "/main.py"}
{"dateTime": "2025-09-01T18:07:31.724Z", "eventType": "run", "details": {"commit": "4e8a0f8c931a074552c3dbb3fbcd908560d63b16"}}
{"dateTime": "2025-09-01T18:07:36.950Z", "eventType": "focus", "fullPath": "/main.py"}
{"dateTime": "2025-09-01T18:07:36.951Z", "eventType": "select.pointer", "fullPath": "/main.py", "details": {"selection": {"from": 95, "to": 95}}}
{"dateTime": "2025-09-01T18:07:37.823Z", "eventType": "input.type", "fullPath": "/main.py", "details": {"fromA": 95, "toA": 95, "fromB": 95, "toB": 96, "inserted": [" "]}}
{"dateTime": "2025-09-01T18:07:38.582Z", "eventType": "select.pointer", "fullPath": "/main.py", "details": {"selection": {"from": 97, "to": 97}}}
{"dateTime": "2025-09-01T18:07:38.770Z", "eventType": "input.type", "fullPath": "/main.py", "details": {"fromA": 97, "toA": 97, "fromB": 97, "toB": 98, "inserted": [" "]}}
{"dateTime": "2025-09-01T18:07:39.469Z", "eventType": "select.pointer", "fullPath": "/main.py", "details": {"selection": {"from": 102, "to": 102}}}
{"dateTime": "2025-09-01T18:07:39.585Z", "eventType": "input.type", "fullPath": "/main.py", "details": {"fromA": 102, "toA": 102, "fromB": 102, "toB": 103, "inserted": [" "]}}
{"dateTime": "2025-09-01T18:07:40.333Z", "eventType": "select.pointer", "fullPath": "/main.py", "details": {"selection": {"from": 104, "to": 104}}}
{"dateTime": "2025-09-01T18:07:40.465Z", "eventType": "input.type", "fullPath": "/main.py", "details": {"fromA": 104, "toA": 104, "fromB": 104, "toB": 105, "inserted": [" "]}}
{"dateTime": "2025-09-01T18:07:43.182Z", "eventType": "blur", "fullPath": "/main.py"}
{"dateTime": "2025-09-01T18:07:43.499Z", "eventType": "run", "details": {"commit": "1308705add596d323d2ba2bfc0b1e0948819f565"}}
{"dateTime": "2025-09-01T18:07:54.691Z", "eventType": "focus", "fullPath": "/main.py"}
{"dateTime": "2025-09-01T18:07:54.693Z", "eventType": "select.pointer", "fullPath": "/main.py", "details": {"selection": {"from": 67, "to": 67}}}
{"dateTime": "2025-09-01T18:07:55.691Z", "eventType": "select.pointer", "fullPath": "/main.py", "details": {"selection": {"from": 66, "to": 66}}}
{"dateTime": "2025-09-01T18:07:58.051Z", "eventType": "input.type", "fullPath": "/main.py", "details": {"fromA": 66, "toA": 66, "fromB": 66, "toB": 67, "inserted": ["."]}}
{"dateTime": "2025-09-01T18:07:59.920Z", "eventType": "select", "fullPath": "/main.py", "details": {"selection": {"from": 66, "to": 66}}}
{"dateTime": "2025-09-01T18:08:01.028Z", "eventType": "input.type", "fullPath": "/main.py", "details": {"fromA": 66, "toA": 66, "fromB": 66, "toB": 67, "inserted": ["m"]}}
{"dateTime": "2025-09-01T18:08:01.144Z", "eventType": "input.type", "fullPath": "/main.py", "details": {"fromA": 67, "toA": 67, "fromB": 67, "toB": 68, "inserted": ["a"]}}
{"dateTime": "2025-09-01T18:08:01.571Z", "eventType": "input.type", "fullPath": "/main.py", "details": {"fromA": 68, "toA": 68, "fromB": 68, "toB": 69, "inserted": ["t"]}}
{"dateTime": "2025-09-01T18:08:01.717Z", "eventType": "input.type", "fullPath": "/main.py", "details": {"fromA": 69, "toA": 69, "fromB": 69, "toB": 70, "inserted": ["h"]}}
{"dateTime": "2025-09-01T18:08:05.076Z", "eventType": "run", "details": {"commit": "1308705add596d323d2ba2bfc0b1e0948819f565"}}
{"dateTime": "2025-09-01T18:08:07.531Z", "eventType": "blur", "fullPath": "/main.py"}
{"dateTime": "2025-09-01T18:08:07.961Z", "eventType": "submission", "details": {"correctness": 0, "commit": "d22c5b15f32e66720f89bf84d733c55e2de042fe", "executionTime": 0}}
{"dateTime": "2025-09-01T18:08:09.739Z", "eventType": "focus", "fullPath": "/main.py"}
{"dateTime": "2025-09-01T18:08:09.745Z", "eventType": "select.pointer", "fullPath": "/main.py", "details": {"selection": {"from": 78, "to": 78}}}
{"dateTime": "2025-09-01T18:08:11.146Z", "eventType": "select.pointer", "fullPath": "/main.py", "details": {"selection": {"from": 77, "to": 77}}}
{"dateTime": "2025-09-01T18:08:11.859Z", "eventType": "delete.backward", "fullPath": "/main.py", "details": {"fromA": 76, "toA": 77, "fromB": 76, "toB": 76, "inserted": [""]}}
{"dateTime": "2025-09-01T18:08:12.371Z", "eventType": "delete.backward", "fullPath": "/main.py", "details": {"fromA": 75, "toA": 76, "fromB": 75, "toB": 75, "inserted": [""]}}
{"dateTime": "2025-09-01T18:08:12.532Z", "eventType": "delete.backward", "fullPath": "/main.py", "details": {"fromA": 74, "toA": 75, "fromB": 74, "toB": 74, "inserted": [""]}}
{"dateTime": "2025-09-01T18:08:13.579Z", "eventType": "blur", "fullPath": "/main.py"}
{"dateTime": "2025-09-01T18:08:14.020Z", "eventType": "submission", "details": {"correctness": 0, "commit": "8974fef9c052e7c2d538a476d516518173329988", "executionTime": 0}}
{"dateTime": "2025-09-01T18:08:35.455Z", "eventType": "focus", "fullPath": "/main.py"}
{"dateTime": "2025-09-01T18:08:35.465Z", "eventType": "select.pointer", "fullPath": "/main.py", "details": {"selection": {"from": 79, "to": 79}}}
{"dateTime": "2025-09-01T18:08:36.671Z", "eventType": "input.type", "fullPath": "/main.py", "details": {"fromA": 79, "toA": 79, "fromB": 79, "toB": 80, "inserted": ["m"]}}
{"dateTime": "2025-09-01T18:08:36.812Z", "eventType": "input.type", "fullPath": "/main.py", "details": {"fromA": 80, "toA": 80, "fromB": 80, "toB": 81, "inserted": ["a"]}}
{"dateTime": "2025-09-01T18:08:37.203Z", "eventType": "input.type", "fullPath": "/main.py", "details": {"fromA": 81, "toA": 81, "fromB": 81, "toB": 82, "inserted": ["t"]}}
{"dateTime": "2025-09-01T18:08:37.871Z", "eventType": "input.type", "fullPath": "/main.py", "details": {"fromA": 82, "toA": 82, "fromB": 82, "toB": 83, "inserted": ["h"]}}
{"dateTime": "2025-09-01T18:08:39.519Z", "eventType": "input.type", "fullPath": "/main.py", "details": {"fromA": 83, "toA": 83, "fromB": 83, "toB": 84, "inserted": ["."]}}
{"dateTime": "2025-09-01T18:08:41.598Z", "eventType": "blur", "fullPath": "/main.py"}
{"dateTime": "2025-09-01T18:08:42.043Z", "eventType": "submission", "details": {"correctness": 0, "commit": "d3a04940d22b9bc55cb527c3eaea6bdc2e3f6d42", "executionTime": 0}}
{"dateTime": "2025-09-01T18:08:47.027Z", "eventType": "focus", "fullPath": "/main.py"}
{"dateTime": "2025-09-01T18:08:47.029Z", "eventType": "select.pointer", "fullPath": "/main.py", "details": {"selection": {"from": 66, "to": 66}}}
{"dateTime": "2025-09-01T18:08:48.565Z", "eventType": "input.type", "fullPath": "/main.py", "details": {"fromA": 66, "toA": 66, "fromB": 66, "toB": 67, "inserted": [" "]}}
{"dateTime": "2025-09-01T18:08:53.276Z", "eventType": "select.pointer", "fullPath": "/main.py", "details": {"selection": {"from": 76, "to": 76}}}
{"dateTime": "2025-09-01T18:08:54.410Z", "eventType": "select.pointer", "fullPath": "/main.py", "details": {"selection": {"from": 75, "to": 75}}}
{"dateTime": "2025-09-01T18:08:56.069Z", "eventType": "input.type", "fullPath": "/main.py", "details": {"fromA": 75, "toA": 75, "fromB": 75, "toB": 76, "inserted": ["("]}}
{"dateTime": "2025-09-01T18:08:56.548Z", "eventType": "input.type", "fullPath": "/main.py", "details": {"fromA": 76, "toA": 76, "fromB": 76, "toB": 77, "inserted": [")"]}}
{"dateTime": "2025-09-01T18:08:58.740Z", "eventType": "select.pointer", "fullPath": "/main.py", "details": {"selection": {"from": 109, "to": 109}}}
{"dateTime": "2025-09-01T18:08:59.358Z", "eventType": "select.pointer", "fullPath": "/main.py", "details": {"selection": {"from": 80, "to": 80}}}
{"dateTime": "2025-09-01T18:09:00.724Z", "eventType": "input.type", "fullPath": "/main.py", "details": {"fromA": 80, "toA": 80, "fromB": 80, "toB": 82, "inserted": ["()"]}}
{"dateTime": "2025-09-01T18:09:00.916Z", "eventType": "input.type", "fullPath": "/main.py", "details": {"fromA": 81, "toA": 82, "fromB": 81, "toB": 82, "inserted": [")"]}}
{"dateTime": "2025-09-01T18:09:02.321Z", "eventType": "select", "fullPath": "/main.py", "details": {"selection": {"from": 81, "to": 81}}}
{"dateTime": "2025-09-01T18:09:02.657Z", "eventType": "select", "fullPath": "/main.py", "details": {"selection": {"from": 80, "to": 80}}}
{"dateTime": "2025-09-01T18:09:02.835Z", "eventType": "select", "fullPath": "/main.py", "details": {"selection": {"from": 79, "to": 79}}}
{"dateTime": "2025-09-01T18:09:03.123Z", "eventType": "select", "fullPath": "/main.py", "details": {"selection": {"from": 78, "to": 78}}}
{"dateTime": "2025-09-01T18:09:03.940Z", "eventType": "input.type", "fullPath": "/main.py", "details": {"fromA": 78, "toA": 78, "fromB": 78, "toB": 79, "inserted": ["."]}}
{"dateTime": "2025-09-01T18:09:04.371Z", "eventType": "select", "fullPath": "/main.py", "details": {"selection": {"from": 78, "to": 78}}}
{"dateTime": "2025-09-01T18:09:05.491Z", "eventType": "input.type", "fullPath": "/main.py", "details": {"fromA": 78, "toA": 78, "fromB": 78, "toB": 79, "inserted": ["m"]}}
{"dateTime": "2025-09-01T18:09:05.632Z", "eventType": "input.type", "fullPath": "/main.py", "details": {"fromA": 79, "toA": 79, "fromB": 79, "toB": 80, "inserted": ["a"]}}
{"dateTime": "2025-09-01T18:09:05.988Z", "eventType": "input.type", "fullPath": "/main.py", "details": {"fromA": 80, "toA": 80, "fromB": 80, "toB": 81, "inserted": ["t"]}}
{"dateTime": "2025-09-01T18:09:06.148Z", "eventType": "input.type", "fullPath": "/main.py", "details": {"fromA": 81, "toA": 81, "fromB": 81, "toB": 82, "inserted": ["h"]}}
{"dateTime": "2025-09-01T18:09:08.899Z", "eventType": "blur", "fullPath": "/main.py"}
{"dateTime": "2025-09-01T18:09:09.361Z", "eventType": "submission", "details": {"correctness": 0, "commit": "5c70de39e6cd64ab27ebd6f53b521a279bd41bfd", "executionTime": 0}}
{"dateTime": "2025-09-01T18:09:16.886Z", "eventType": "focus", "fullPath": "/main.py"}
{"dateTime": "2025-09-01T18:09:16.889Z", "eventType": "select.pointer", "fullPath": "/main.py", "details": {"selection": {"from": 32, "to": 32}}}
{"dateTime": "2025-09-01T18:09:18.432Z", "eventType": "select.pointer", "fullPath": "/main.py", "details": {"selection": {"from": 46, "to": 46}}}
{"dateTime": "2025-09-01T18:09:19.903Z", "eventType": "select.pointer", "fullPath": "/main.py", "details": {"selection": {"from": 48, "to": 48}}}
{"dateTime": "2025-09-01T18:09:21.312Z", "eventType": "select.pointer", "fullPath": "/main.py", "details": {"selection": {"from": 65, "to": 65}}}
{"dateTime": "2025-09-01T18:09:23.344Z", "eventType": "select.pointer", "fullPath": "/main.py", "details": {"selection": {"from": 76, "to": 76}}}
{"dateTime": "2025-09-01T18:09:24.552Z", "eventType": "select.pointer", "fullPath": "/main.py", "details": {"selection": {"from": 79, "to": 79}}}
{"dateTime": "2025-09-01T18:09:27.563Z", "eventType": "focus", "fullPath": "/main.py"}
{"dateTime": "2025-09-01T18:09:27.565Z", "eventType": "select.pointer", "fullPath": "/main.py", "details": {"selection": {"from": 77, "to": 77}}}
{"dateTime": "2025-09-01T18:09:33.296Z", "eventType": "select.pointer", "fullPath": "/main.py", "details": {"selection": {"from": 91, "to": 91}}}
{"dateTime": "2025-09-01T18:09:33.449Z", "eventType": "select.pointer", "fullPath": "/main.py", "details": {"selection": {"from": 90, "to": 91}}}
{"dateTime": "2025-09-01T18:09:33.501Z", "eventType": "select.pointer", "fullPath": "/main.py", "details": {"selection": {"from": 89, "to": 91}}}
{"dateTime": "2025-09-01T18:09:33.517Z", "eventType": "select.pointer", "fullPath": "/main.py", "details": {"selection": {"from": 88, "to": 91}}}
{"dateTime": "2025-09-01T18:09:33.565Z", "eventType": "select.pointer", "fullPath": "/main.py", "details": {"selection": {"from": 87, "to": 91}}}
{"dateTime": "2025-09-01T18:09:33.631Z", "eventType": "select.pointer", "fullPath": "/main.py", "details": {"selection": {"from": 86, "to": 91}}}
{"dateTime": "2025-09-01T18:09:33.682Z", "eventType": "select.pointer", "fullPath": "/main.py", "details": {"selection": {"from": 85, "to": 91}}}
{"dateTime": "2025-09-01T18:09:33.715Z", "eventType": "select.pointer", "fullPath": "/main.py", "details": {"selection": {"from": 84, "to": 91}}}
{"dateTime": "2025-09-01T18:09:33.766Z", "eventType": "select.pointer", "fullPath": "/main.py", "details": {"selection": {"from": 83, "to": 91}}}
{"dateTime": "2025-09-01T18:09:33.782Z", "eventType": "select.pointer", "fullPath": "/main.py", "details": {"selection": {"from": 81, "to": 91}}}
{"dateTime": "2025-09-01T18:09:33.798Z", "eventType": "select.pointer", "fullPath": "/main.py", "details": {"selection": {"from": 80, "to": 91}}}
{"dateTime": "2025-09-01T18:09:33.815Z", "eventType": "select.pointer", "fullPath": "/main.py", "details": {"selection": {"from": 79, "to": 91}}}
{"dateTime": "2025-09-01T18:09:33.847Z", "eventType": "select.pointer", "fullPath": "/main.py", "details": {"selection": {"from": 78, "to": 91}}}
{"dateTime": "2025-09-01T18:09:33.864Z", "eventType": "select.pointer", "fullPath": "/main.py", "details": {"selection": {"from": 77, "to": 91}}}
{"dateTime": "2025-09-01T18:09:33.882Z", "eventType": "select.pointer", "fullPath": "/main.py", "details": {"selection": {"from": 76, "to": 91}}}
{"dateTime": "2025-09-01T18:09:33.899Z", "eventType": "select.pointer", "fullPath": "/main.py", "details": {"selection": {"from": 75, "to": 91}}}
{"dateTime": "2025-09-01T18:09:33.916Z", "eventType": "select.pointer", "fullPath": "/main.py", "details": {"selection": {"from": 74, "to": 91}}}
{"dateTime": "2025-09-01T18:09:33.931Z", "eventType": "select.pointer", "fullPath": "/main.py", "details": {"selection": {"from": 73, "to": 91}}}
{"dateTime": "2025-09-01T18:09:33.965Z", "eventType": "select.pointer", "fullPath": "/main.py", "details": {"selection": {"from": 72, "to": 91}}}
{"dateTime": "2025-09-01T18:09:33.982Z", "eventType": "select.pointer", "fullPath": "/main.py", "details": {"selection": {"from": 71, "to": 91}}}
{"dateTime": "2025-09-01T18:09:33.998Z", "eventType": "select.pointer", "fullPath": "/main.py", "details": {"selection": {"from": 70, "to": 91}}}
{"dateTime": "2025-09-01T18:09:34.013Z", "eventType": "select.pointer", "fullPath": "/main.py", "details": {"selection": {"from": 69, "to": 91}}}
{"dateTime": "2025-09-01T18:09:34.031Z", "eventType": "select.pointer", "fullPath": "/main.py", "details": {"selection": {"from": 68, "to": 91}}}
{"dateTime": "2025-09-01T18:09:34.050Z", "eventType": "select.pointer", "fullPath": "/main.py", "details": {"selection": {"from": 67, "to": 91}}}
{"dateTime": "2025-09-01T18:09:34.066Z", "eventType": "select.pointer", "fullPath": "/main.py", "details": {"selection": {"from": 66, "to": 91}}}
{"dateTime": "2025-09-01T18:09:34.082Z", "eventType": "select.pointer", "fullPath": "/main.py", "details": {"selection": {"from": 65, "to": 91}}}
{"dateTime": "2025-09-01T18:09:34.130Z", "eventType": "select.pointer", "fullPath": "/main.py", "details": {"selection": {"from": 64, "to": 91}}}
{"dateTime": "2025-09-01T18:09:34.266Z", "eventType": "select.pointer", "fullPath": "/main.py", "details": {"selection": {"from": 63, "to": 91}}}
{"dateTime": "2025-09-01T18:09:34.349Z", "eventType": "select.pointer", "fullPath": "/main.py", "details": {"selection": {"from": 62, "to": 91}}}
{"dateTime": "2025-09-01T18:09:34.398Z", "eventType": "select.pointer", "fullPath": "/main.py", "details": {"selection": {"from": 61, "to": 91}}}
{"dateTime": "2025-09-01T18:09:34.450Z", "eventType": "select.pointer", "fullPath": "/main.py", "details": {"selection": {"from": 60, "to": 91}}}
{"dateTime": "2025-09-01T18:09:36.336Z", "eventType": "delete.selection", "fullPath": "/main.py", "details": {"fromA": 60, "toA": 91, "fromB": 60, "toB": 60, "inserted": [""]}}
{"dateTime": "2025-09-01T18:09:37.967Z", "eventType": "input.type", "fullPath": "/main.py", "details": {"fromA": 60, "toA": 60, "fromB": 60, "toB": 61, "inserted": ["a"]}}
{"dateTime": "2025-09-01T18:09:38.275Z", "eventType": "input.type", "fullPath": "/main.py", "details": {"fromA": 61, "toA": 61, "fromB": 61, "toB": 62, "inserted": ["d"]}}
{"dateTime": "2025-09-01T18:09:38.459Z", "eventType": "input.type", "fullPath": "/main.py", "details": {"fromA": 62, "toA": 62, "fromB": 62, "toB": 63, "inserted": ["o"]}}
{"dateTime": "2025-09-01T18:09:39.905Z", "eventType": "input.type", "fullPath": "/main.py", "details": {"fromA": 63, "toA": 63, "fromB": 63, "toB": 64, "inserted": ["/"]}}
{"dateTime": "2025-09-01T18:09:47.553Z", "eventType": "input.type", "fullPath": "/main.py", "details": {"fromA": 64, "toA": 64, "fromB": 64, "toB": 65, "inserted": ["2"]}}
{"dateTime": "2025-09-01T18:09:48.368Z", "eventType": "input.type", "fullPath": "/main.py", "details": {"fromA": 65, "toA": 65, "fromB": 65, "toB": 66, "inserted": ["*"]}}
{"dateTime": "2025-09-01T18:09:51.919Z", "eventType": "input.type", "fullPath": "/main.py", "details": {"fromA": 66, "toA": 66, "fromB": 66, "toB": 67, "inserted": ["t"]}}
{"dateTime": "2025-09-01T18:09:52.478Z", "eventType": "input.type", "fullPath": "/main.py", "details": {"fromA": 67, "toA": 67, "fromB": 67, "toB": 68, "inserted": ["a"]}}
{"dateTime": "2025-09-01T18:09:52.793Z", "eventType": "input.type", "fullPath": "/main.py", "details": {"fromA": 68, "toA": 68, "fromB": 68, "toB": 69, "inserted": ["n"]}}
{"dateTime": "2025-09-01T18:09:53.600Z", "eventType": "input.type", "fullPath": "/main.py", "details": {"fromA": 69, "toA": 69, "fromB": 69, "toB": 71, "inserted": ["()"]}}
{"dateTime": "2025-09-01T18:09:56.093Z", "eventType": "select", "fullPath": "/main.py", "details": {"selection": {"from": 71, "to": 71}}}
