{"dateTime": "2025-08-21T00:14:18.681Z", "eventType": "window.focus", "fullPath": "/main.py"}
{"dateTime": "2025-08-21T00:15:36.508Z", "eventType": "focus", "fullPath": "/main.py"}
{"dateTime": "2025-08-21T00:15:36.509Z", "eventType": "select.pointer", "fullPath": "/main.py", "details": {"selection": {"from": 0, "to": 0}}}
{"dateTime": "2025-08-21T00:15:38.099Z", "eventType": "input.type", "fullPath": "/main.py", "details": {"fromA": 0, "toA": 0, "fromB": 0, "toB": 1, "inserted": ["i"]}}
{"dateTime": "2025-08-21T00:15:38.401Z", "eventType": "input.type", "fullPath": "/main.py", "details": {"fromA": 1, "toA": 1, "fromB": 1, "toB": 2, "inserted": ["n"]}}
{"dateTime": "2025-08-21T00:15:39.187Z", "eventType": "input.type", "fullPath": "/main.py", "details": {"fromA": 2, "toA": 2, "fromB": 2, "toB": 3, "inserted": ["p"]}}
{"dateTime": "2025-08-21T00:15:41.291Z", "eventType": "input.complete", "fullPath": "/main.py", "details": {"fromA": 0, "toA": 3, "fromB": 0, "toB": 5, "inserted": ["input"]}}
{"dateTime": "2025-08-21T00:15:50.145Z", "eventType": "input.type", "fullPath": "/main.py", "details": {"fromA": 5, "toA": 5, "fromB": 5, "toB": 6, "inserted": ["\""]}}
{"dateTime": "2025-08-21T00:15:52.414Z", "eventType": "delete.backward", "fullPath": "/main.py", "details": {"fromA": 5, "toA": 6, "fromB": 5, "toB": 5, "inserted": [""]}}
{"dateTime": "2025-08-21T00:15:53.168Z", "eventType": "input.type", "fullPath": "/main.py", "details": {"fromA": 5, "toA": 5, "fromB": 5, "toB": 6, "inserted": ["\""]}}
{"dateTime": "2025-08-21T00:15:54.238Z", "eventType": "delete.backward", "fullPath": "/main.py", "details": {"fromA": 5, "toA": 6, "fromB": 5, "toB": 5, "inserted": [""]}}
{"dateTime": "2025-08-21T00:15:55.120Z", "eventType": "input.type", "fullPath": "/main.py", "details": {"fromA": 5, "toA": 5, "fromB": 5, "toB": 7, "inserted": ["()"]}}
{"dateTime": "2025-08-21T00:15:55.744Z", "eventType": "input.type", "fullPath": "/main.py", "details": {"fromA": 6, "toA": 6, "fromB": 6, "toB": 8, "inserted": ["\"\""]}}
{"dateTime": "2025-08-21T00:15:59.087Z", "eventType": "input.type", "fullPath": "/main.py", "details": {"fromA": 7, "toA": 7, "fromB": 7, "toB": 8, "inserted": ["n"]}}
{"dateTime": "2025-08-21T00:15:59.536Z", "eventType": "input.type", "fullPath": "/main.py", "details": {"fromA": 8, "toA": 8, "fromB": 8, "toB": 9, "inserted": ["o"]}}
{"dateTime": "2025-08-21T00:15:59.866Z", "eventType": "input.type", "fullPath": "/main.py", "details": {"fromA": 9, "toA": 9, "fromB": 9, "toB": 10, "inserted": ["m"]}}
{"dateTime": "2025-08-21T00:16:00.207Z", "eventType": "input.type", "fullPath": "/main.py", "details": {"fromA": 10, "toA": 10, "fromB": 10, "toB": 11, "inserted": ["e"]}}
{"dateTime": "2025-08-21T00:16:07.215Z", "eventType": "delete.backward", "fullPath": "/main.py", "details": {"fromA": 10, "toA": 11, "fromB": 10, "toB": 10, "inserted": [""]}}
{"dateTime": "2025-08-21T00:16:07.454Z", "eventType": "delete.backward", "fullPath": "/main.py", "details": {"fromA": 9, "toA": 10, "fromB": 9, "toB": 9, "inserted": [""]}}
{"dateTime": "2025-08-21T00:16:07.630Z", "eventType": "delete.backward", "fullPath": "/main.py", "details": {"fromA": 8, "toA": 9, "fromB": 8, "toB": 8, "inserted": [""]}}
{"dateTime": "2025-08-21T00:16:07.929Z", "eventType": "delete.backward", "fullPath": "/main.py", "details": {"fromA": 7, "toA": 8, "fromB": 7, "toB": 7, "inserted": [""]}}
{"dateTime": "2025-08-21T00:16:09.262Z", "eventType": "input.type", "fullPath": "/main.py", "details": {"fromA": 7, "toA": 7, "fromB": 7, "toB": 8, "inserted": ["n"]}}
{"dateTime": "2025-08-21T00:16:09.950Z", "eventType": "input.type", "fullPath": "/main.py", "details": {"fromA": 8, "toA": 8, "fromB": 8, "toB": 9, "inserted": ["o"]}}
{"dateTime": "2025-08-21T00:16:10.222Z", "eventType": "input.type", "fullPath": "/main.py", "details": {"fromA": 9, "toA": 9, "fromB": 9, "toB": 10, "inserted": ["s"]}}
{"dateTime": "2025-08-21T00:16:10.398Z", "eventType": "input.type", "fullPath": "/main.py", "details": {"fromA": 10, "toA": 10, "fromB": 10, "toB": 11, "inserted": ["s"]}}
{"dateTime": "2025-08-21T00:16:10.574Z", "eventType": "input.type", "fullPath": "/main.py", "details": {"fromA": 11, "toA": 11, "fromB": 11, "toB": 12, "inserted": ["o"]}}
{"dateTime": "2025-08-21T00:16:13.741Z", "eventType": "input.type", "fullPath": "/main.py", "details": {"fromA": 12, "toA": 12, "fromB": 12, "toB": 13, "inserted": [" "]}}
{"dateTime": "2025-08-21T00:16:13.982Z", "eventType": "input.type", "fullPath": "/main.py", "details": {"fromA": 13, "toA": 13, "fromB": 13, "toB": 14, "inserted": ["n"]}}
{"dateTime": "2025-08-21T00:16:14.094Z", "eventType": "input.type", "fullPath": "/main.py", "details": {"fromA": 14, "toA": 14, "fromB": 14, "toB": 15, "inserted": ["o"]}}
{"dateTime": "2025-08-21T00:16:14.330Z", "eventType": "input.type", "fullPath": "/main.py", "details": {"fromA": 15, "toA": 15, "fromB": 15, "toB": 16, "inserted": ["m"]}}
{"dateTime": "2025-08-21T00:16:14.845Z", "eventType": "input.type", "fullPath": "/main.py", "details": {"fromA": 16, "toA": 16, "fromB": 16, "toB": 17, "inserted": ["e"]}}
{"dateTime": "2025-08-21T00:16:18.270Z", "eventType": "select.pointer", "fullPath": "/main.py", "details": {"selection": {"from": 19, "to": 19}}}
{"dateTime": "2025-08-21T00:16:19.870Z", "eventType": "input", "fullPath": "/main.py", "details": {"fromA": 19, "toA": 19, "fromB": 19, "toB": 20, "inserted": ["", ""]}}
{"dateTime": "2025-08-21T00:16:22.525Z", "eventType": "input.type", "fullPath": "/main.py", "details": {"fromA": 20, "toA": 20, "fromB": 20, "toB": 21, "inserted": ["i"]}}
{"dateTime": "2025-08-21T00:16:24.558Z", "eventType": "input.type", "fullPath": "/main.py", "details": {"fromA": 21, "toA": 21, "fromB": 21, "toB": 22, "inserted": ["n"]}}
{"dateTime": "2025-08-21T00:16:25.211Z", "eventType": "input.type", "fullPath": "/main.py", "details": {"fromA": 22, "toA": 22, "fromB": 22, "toB": 23, "inserted": ["p"]}}
{"dateTime": "2025-08-21T00:16:25.725Z", "eventType": "input.type", "fullPath": "/main.py", "details": {"fromA": 23, "toA": 23, "fromB": 23, "toB": 24, "inserted": ["u"]}}
{"dateTime": "2025-08-21T00:16:26.078Z", "eventType": "input.type", "fullPath": "/main.py", "details": {"fromA": 24, "toA": 24, "fromB": 24, "toB": 25, "inserted": ["t"]}}
{"dateTime": "2025-08-21T00:16:28.428Z", "eventType": "input.complete", "fullPath": "/main.py", "details": {"fromA": 20, "toA": 25, "fromB": 20, "toB": 25, "inserted": ["input"]}}
{"dateTime": "2025-08-21T00:16:30.670Z", "eventType": "input.type", "fullPath": "/main.py", "details": {"fromA": 25, "toA": 25, "fromB": 25, "toB": 26, "inserted": ["\""]}}
{"dateTime": "2025-08-21T00:16:32.347Z", "eventType": "delete.backward", "fullPath": "/main.py", "details": {"fromA": 25, "toA": 26, "fromB": 25, "toB": 25, "inserted": [""]}}
{"dateTime": "2025-08-21T00:16:33.244Z", "eventType": "input.type", "fullPath": "/main.py", "details": {"fromA": 25, "toA": 25, "fromB": 25, "toB": 27, "inserted": ["()"]}}
{"dateTime": "2025-08-21T00:16:34.476Z", "eventType": "input.type", "fullPath": "/main.py", "details": {"fromA": 26, "toA": 26, "fromB": 26, "toB": 28, "inserted": ["\"\""]}}
{"dateTime": "2025-08-21T00:16:59.851Z", "eventType": "input.type", "fullPath": "/main.py", "details": {"fromA": 27, "toA": 27, "fromB": 27, "toB": 28, "inserted": ["n"]}}
{"dateTime": "2025-08-21T00:17:00.330Z", "eventType": "input.type", "fullPath": "/main.py", "details": {"fromA": 28, "toA": 28, "fromB": 28, "toB": 29, "inserted": ["o"]}}
{"dateTime": "2025-08-21T00:17:00.842Z", "eventType": "input.type", "fullPath": "/main.py", "details": {"fromA": 29, "toA": 29, "fromB": 29, "toB": 30, "inserted": ["s"]}}
{"dateTime": "2025-08-21T00:17:00.986Z", "eventType": "input.type", "fullPath": "/main.py", "details": {"fromA": 30, "toA": 30, "fromB": 30, "toB": 31, "inserted": ["s"]}}
{"dateTime": "2025-08-21T00:17:01.129Z", "eventType": "input.type", "fullPath": "/main.py", "details": {"fromA": 31, "toA": 31, "fromB": 31, "toB": 32, "inserted": ["a"]}}
{"dateTime": "2025-08-21T00:17:01.274Z", "eventType": "input.type", "fullPath": "/main.py", "details": {"fromA": 32, "toA": 32, "fromB": 32, "toB": 33, "inserted": [" "]}}
{"dateTime": "2025-08-21T00:17:01.850Z", "eventType": "input.type", "fullPath": "/main.py", "details": {"fromA": 33, "toA": 33, "fromB": 33, "toB": 34, "inserted": ["i"]}}
{"dateTime": "2025-08-21T00:17:02.218Z", "eventType": "input.type", "fullPath": "/main.py", "details": {"fromA": 34, "toA": 34, "fromB": 34, "toB": 35, "inserted": ["d"]}}
{"dateTime": "2025-08-21T00:17:02.309Z", "eventType": "input.type", "fullPath": "/main.py", "details": {"fromA": 35, "toA": 35, "fromB": 35, "toB": 36, "inserted": ["a"]}}
{"dateTime": "2025-08-21T00:17:02.390Z", "eventType": "input.type", "fullPath": "/main.py", "details": {"fromA": 36, "toA": 36, "fromB": 36, "toB": 37, "inserted": ["d"]}}
{"dateTime": "2025-08-21T00:17:02.553Z", "eventType": "input.type", "fullPath": "/main.py", "details": {"fromA": 37, "toA": 37, "fromB": 37, "toB": 38, "inserted": ["e"]}}
{"dateTime": "2025-08-21T00:17:06.722Z", "eventType": "select.pointer", "fullPath": "/main.py", "details": {"selection": {"from": 40, "to": 40}}}
{"dateTime": "2025-08-21T00:17:07.210Z", "eventType": "input", "fullPath": "/main.py", "details": {"fromA": 40, "toA": 40, "fromB": 40, "toB": 41, "inserted": ["", ""]}}
{"dateTime": "2025-08-21T00:17:09.145Z", "eventType": "input.type", "fullPath": "/main.py", "details": {"fromA": 41, "toA": 41, "fromB": 41, "toB": 42, "inserted": ["i"]}}
{"dateTime": "2025-08-21T00:17:09.476Z", "eventType": "input.type", "fullPath": "/main.py", "details": {"fromA": 42, "toA": 42, "fromB": 42, "toB": 43, "inserted": ["n"]}}
{"dateTime": "2025-08-21T00:17:10.538Z", "eventType": "input.complete", "fullPath": "/main.py", "details": {"fromA": 41, "toA": 43, "fromB": 41, "toB": 46, "inserted": ["input"]}}
{"dateTime": "2025-08-21T00:17:13.145Z", "eventType": "input.type", "fullPath": "/main.py", "details": {"fromA": 46, "toA": 46, "fromB": 46, "toB": 48, "inserted": ["()"]}}
{"dateTime": "2025-08-21T00:17:13.995Z", "eventType": "input.type", "fullPath": "/main.py", "details": {"fromA": 47, "toA": 47, "fromB": 47, "toB": 49, "inserted": ["\"\""]}}
{"dateTime": "2025-08-21T00:17:16.713Z", "eventType": "input.type", "fullPath": "/main.py", "details": {"fromA": 48, "toA": 48, "fromB": 48, "toB": 49, "inserted": ["n"]}}
{"dateTime": "2025-08-21T00:17:17.209Z", "eventType": "input.type", "fullPath": "/main.py", "details": {"fromA": 49, "toA": 49, "fromB": 49, "toB": 50, "inserted": ["o"]}}
{"dateTime": "2025-08-21T00:17:17.498Z", "eventType": "input.type", "fullPath": "/main.py", "details": {"fromA": 50, "toA": 50, "fromB": 50, "toB": 51, "inserted": ["s"]}}
{"dateTime": "2025-08-21T00:17:17.657Z", "eventType": "input.type", "fullPath": "/main.py", "details": {"fromA": 51, "toA": 51, "fromB": 51, "toB": 52, "inserted": ["s"]}}
{"dateTime": "2025-08-21T00:17:21.193Z", "eventType": "input.type", "fullPath": "/main.py", "details": {"fromA": 52, "toA": 52, "fromB": 52, "toB": 53, "inserted": ["a"]}}
{"dateTime": "2025-08-21T00:17:22.105Z", "eventType": "input.type", "fullPath": "/main.py", "details": {"fromA": 53, "toA": 53, "fromB": 53, "toB": 54, "inserted": [" "]}}
{"dateTime": "2025-08-21T00:17:22.857Z", "eventType": "input.type", "fullPath": "/main.py", "details": {"fromA": 54, "toA": 54, "fromB": 54, "toB": 55, "inserted": ["a"]}}
{"dateTime": "2025-08-21T00:17:23.177Z", "eventType": "input.type", "fullPath": "/main.py", "details": {"fromA": 55, "toA": 55, "fromB": 55, "toB": 56, "inserted": ["l"]}}
{"dateTime": "2025-08-21T00:17:23.684Z", "eventType": "input.type", "fullPath": "/main.py", "details": {"fromA": 56, "toA": 56, "fromB": 56, "toB": 57, "inserted": ["t"]}}
{"dateTime": "2025-08-21T00:17:23.977Z", "eventType": "input.type", "fullPath": "/main.py", "details": {"fromA": 57, "toA": 57, "fromB": 57, "toB": 58, "inserted": ["u"]}}
{"dateTime": "2025-08-21T00:17:24.809Z", "eventType": "input.type", "fullPath": "/main.py", "details": {"fromA": 58, "toA": 58, "fromB": 58, "toB": 59, "inserted": ["r"]}}
{"dateTime": "2025-08-21T00:17:24.922Z", "eventType": "input.type", "fullPath": "/main.py", "details": {"fromA": 59, "toA": 59, "fromB": 59, "toB": 60, "inserted": ["a"]}}
{"dateTime": "2025-08-21T00:17:43.217Z", "eventType": "select.pointer", "fullPath": "/main.py", "details": {"selection": {"from": 0, "to": 0}}}
{"dateTime": "2025-08-21T00:17:46.356Z", "eventType": "input.type", "fullPath": "/main.py", "details": {"fromA": 0, "toA": 0, "fromB": 0, "toB": 1, "inserted": ["n"]}}
{"dateTime": "2025-08-21T00:17:46.936Z", "eventType": "input.type", "fullPath": "/main.py", "details": {"fromA": 1, "toA": 1, "fromB": 1, "toB": 2, "inserted": ["o"]}}
{"dateTime": "2025-08-21T00:17:47.669Z", "eventType": "input.type", "fullPath": "/main.py", "details": {"fromA": 2, "toA": 2, "fromB": 2, "toB": 3, "inserted": ["m"]}}
{"dateTime": "2025-08-21T00:17:47.768Z", "eventType": "input.type", "fullPath": "/main.py", "details": {"fromA": 3, "toA": 3, "fromB": 3, "toB": 4, "inserted": ["e"]}}
{"dateTime": "2025-08-21T00:17:58.393Z", "eventType": "input.type", "fullPath": "/main.py", "details": {"fromA": 4, "toA": 4, "fromB": 4, "toB": 5, "inserted": [" "]}}
{"dateTime": "2025-08-21T00:17:58.681Z", "eventType": "input.type", "fullPath": "/main.py", "details": {"fromA": 5, "toA": 5, "fromB": 5, "toB": 6, "inserted": ["="]}}
{"dateTime": "2025-08-21T00:17:59.879Z", "eventType": "input.type", "fullPath": "/main.py", "details": {"fromA": 6, "toA": 6, "fromB": 6, "toB": 7, "inserted": [" "]}}
{"dateTime": "2025-08-21T00:18:03.087Z", "eventType": "select.pointer", "fullPath": "/main.py", "details": {"selection": {"from": 0, "to": 0}}}
{"dateTime": "2025-08-21T00:18:03.568Z", "eventType": "select.pointer", "fullPath": "/main.py", "details": {"selection": {"from": 26, "to": 26}}}
{"dateTime": "2025-08-21T00:18:04.719Z", "eventType": "select.pointer", "fullPath": "/main.py", "details": {"selection": {"from": 12, "to": 12}}}
{"dateTime": "2025-08-21T00:18:04.801Z", "eventType": "select.pointer", "fullPath": "/main.py", "details": {"selection": {"from": 12, "to": 13}}}
{"dateTime": "2025-08-21T00:18:04.817Z", "eventType": "select.pointer", "fullPath": "/main.py", "details": {"selection": {"from": 12, "to": 14}}}
{"dateTime": "2025-08-21T00:18:04.861Z", "eventType": "select.pointer", "fullPath": "/main.py", "details": {"selection": {"from": 12, "to": 16}}}
{"dateTime": "2025-08-21T00:18:04.877Z", "eventType": "select.pointer", "fullPath": "/main.py", "details": {"selection": {"from": 12, "to": 18}}}
{"dateTime": "2025-08-21T00:18:04.912Z", "eventType": "select.pointer", "fullPath": "/main.py", "details": {"selection": {"from": 12, "to": 46}}}
{"dateTime": "2025-08-21T00:18:04.945Z", "eventType": "select.pointer", "fullPath": "/main.py", "details": {"selection": {"from": 12, "to": 47}}}
{"dateTime": "2025-08-21T00:18:04.978Z", "eventType": "select.pointer", "fullPath": "/main.py", "details": {"selection": {"from": 12, "to": 69}}}
{"dateTime": "2025-08-21T00:18:06.183Z", "eventType": "delete.selection", "fullPath": "/main.py", "details": {"fromA": 12, "toA": 69, "fromB": 12, "toB": 12, "inserted": [""]}}
{"dateTime": "2025-08-21T00:18:09.891Z", "eventType": "input.type", "fullPath": "/main.py", "details": {"fromA": 12, "toA": 12, "fromB": 12, "toB": 14, "inserted": ["()"]}}
{"dateTime": "2025-08-21T00:18:11.497Z", "eventType": "input", "fullPath": "/main.py", "details": {"fromA": 13, "toA": 13, "fromB": 13, "toB": 17, "inserted": ["", "  ", ""]}}
{"dateTime": "2025-08-21T00:18:12.886Z", "eventType": "delete.backward", "fullPath": "/main.py", "details": {"fromA": 14, "toA": 16, "fromB": 14, "toB": 14, "inserted": [""]}}
{"dateTime": "2025-08-21T00:18:13.927Z", "eventType": "delete.backward", "fullPath": "/main.py", "details": {"fromA": 13, "toA": 14, "fromB": 13, "toB": 13, "inserted": [""]}}
{"dateTime": "2025-08-21T00:18:14.646Z", "eventType": "delete.backward", "fullPath": "/main.py", "details": {"fromA": 12, "toA": 13, "fromB": 12, "toB": 12, "inserted": [""]}}
{"dateTime": "2025-08-21T00:18:18.327Z", "eventType": "input.type", "fullPath": "/main.py", "details": {"fromA": 12, "toA": 12, "fromB": 12, "toB": 14, "inserted": ["()"]}}
{"dateTime": "2025-08-21T00:18:20.016Z", "eventType": "select.pointer", "fullPath": "/main.py", "details": {"selection": {"from": 16, "to": 16}}}
{"dateTime": "2025-08-21T00:18:22.005Z", "eventType": "delete.backward", "fullPath": "/main.py", "details": {"fromA": 15, "toA": 16, "fromB": 15, "toB": 15, "inserted": [""]}}
{"dateTime": "2025-08-21T00:18:22.631Z", "eventType": "input.type", "fullPath": "/main.py", "details": {"fromA": 15, "toA": 15, "fromB": 15, "toB": 16, "inserted": ["i"]}}
{"dateTime": "2025-08-21T00:18:23.034Z", "eventType": "input.type", "fullPath": "/main.py", "details": {"fromA": 16, "toA": 16, "fromB": 16, "toB": 17, "inserted": ["d"]}}
{"dateTime": "2025-08-21T00:18:23.098Z", "eventType": "input.type", "fullPath": "/main.py", "details": {"fromA": 17, "toA": 17, "fromB": 17, "toB": 18, "inserted": ["a"]}}
{"dateTime": "2025-08-21T00:18:23.224Z", "eventType": "input.type", "fullPath": "/main.py", "details": {"fromA": 18, "toA": 18, "fromB": 18, "toB": 19, "inserted": ["d"]}}
{"dateTime": "2025-08-21T00:18:23.351Z", "eventType": "input.type", "fullPath": "/main.py", "details": {"fromA": 19, "toA": 19, "fromB": 19, "toB": 20, "inserted": ["e"]}}
{"dateTime": "2025-08-21T00:18:26.039Z", "eventType": "input.type", "fullPath": "/main.py", "details": {"fromA": 20, "toA": 20, "fromB": 20, "toB": 21, "inserted": [" "]}}
{"dateTime": "2025-08-21T00:18:26.967Z", "eventType": "input.type", "fullPath": "/main.py", "details": {"fromA": 21, "toA": 21, "fromB": 21, "toB": 22, "inserted": ["-"]}}
{"dateTime": "2025-08-21T00:18:28.773Z", "eventType": "delete.backward", "fullPath": "/main.py", "details": {"fromA": 21, "toA": 22, "fromB": 21, "toB": 21, "inserted": [""]}}
{"dateTime": "2025-08-21T00:18:29.399Z", "eventType": "input.type", "fullPath": "/main.py", "details": {"fromA": 21, "toA": 21, "fromB": 21, "toB": 22, "inserted": ["="]}}
{"dateTime": "2025-08-21T00:18:31.911Z", "eventType": "input.type", "fullPath": "/main.py", "details": {"fromA": 22, "toA": 22, "fromB": 22, "toB": 23, "inserted": [" "]}}
{"dateTime": "2025-08-21T00:18:32.695Z", "eventType": "input.type", "fullPath": "/main.py", "details": {"fromA": 23, "toA": 23, "fromB": 23, "toB": 24, "inserted": ["i"]}}
{"dateTime": "2025-08-21T00:18:33.009Z", "eventType": "input.type", "fullPath": "/main.py", "details": {"fromA": 24, "toA": 24, "fromB": 24, "toB": 25, "inserted": ["n"]}}
{"dateTime": "2025-08-21T00:18:34.215Z", "eventType": "input.complete", "fullPath": "/main.py", "details": {"fromA": 23, "toA": 25, "fromB": 23, "toB": 28, "inserted": ["input"]}}
{"dateTime": "2025-08-21T00:18:37.127Z", "eventType": "input.type", "fullPath": "/main.py", "details": {"fromA": 28, "toA": 28, "fromB": 28, "toB": 30, "inserted": ["()"]}}
{"dateTime": "2025-08-21T00:18:38.884Z", "eventType": "select", "fullPath": "/main.py", "details": {"selection": {"from": 30, "to": 30}}}
{"dateTime": "2025-08-21T00:18:39.239Z", "eventType": "input", "fullPath": "/main.py", "details": {"fromA": 30, "toA": 30, "fromB": 30, "toB": 31, "inserted": ["", ""]}}
{"dateTime": "2025-08-21T00:18:56.152Z", "eventType": "select", "fullPath": "/main.py", "details": {"selection": {"from": 15, "to": 15}}}
{"dateTime": "2025-08-21T00:18:56.884Z", "eventType": "select", "fullPath": "/main.py", "details": {"selection": {"from": 16, "to": 16}}}
{"dateTime": "2025-08-21T00:18:57.076Z", "eventType": "select", "fullPath": "/main.py", "details": {"selection": {"from": 17, "to": 17}}}
{"dateTime": "2025-08-21T00:18:57.428Z", "eventType": "select", "fullPath": "/main.py", "details": {"selection": {"from": 18, "to": 18}}}
{"dateTime": "2025-08-21T00:18:57.652Z", "eventType": "select", "fullPath": "/main.py", "details": {"selection": {"from": 19, "to": 19}}}
{"dateTime": "2025-08-21T00:18:57.828Z", "eventType": "select", "fullPath": "/main.py", "details": {"selection": {"from": 20, "to": 20}}}
{"dateTime": "2025-08-21T00:18:58.036Z", "eventType": "select", "fullPath": "/main.py", "details": {"selection": {"from": 21, "to": 21}}}
{"dateTime": "2025-08-21T00:18:58.244Z", "eventType": "select", "fullPath": "/main.py", "details": {"selection": {"from": 22, "to": 22}}}
{"dateTime": "2025-08-21T00:18:58.468Z", "eventType": "select", "fullPath": "/main.py", "details": {"selection": {"from": 23, "to": 23}}}
{"dateTime": "2025-08-21T00:19:00.009Z", "eventType": "input.type", "fullPath": "/main.py", "details": {"fromA": 23, "toA": 23, "fromB": 23, "toB": 24, "inserted": ["i"]}}
{"dateTime": "2025-08-21T00:19:00.424Z", "eventType": "input.type", "fullPath": "/main.py", "details": {"fromA": 24, "toA": 24, "fromB": 24, "toB": 25, "inserted": ["n"]}}
{"dateTime": "2025-08-21T00:19:01.640Z", "eventType": "input.type", "fullPath": "/main.py", "details": {"fromA": 25, "toA": 25, "fromB": 25, "toB": 26, "inserted": ["t"]}}
{"dateTime": "2025-08-21T00:19:06.383Z", "eventType": "input.complete", "fullPath": "/main.py", "details": {"fromA": 23, "toA": 26, "fromB": 23, "toB": 26, "inserted": ["int"]}}
{"dateTime": "2025-08-21T00:19:13.927Z", "eventType": "input.type", "fullPath": "/main.py", "details": {"fromA": 26, "toA": 26, "fromB": 26, "toB": 27, "inserted": ["("]}}
{"dateTime": "2025-08-21T00:19:18.251Z", "eventType": "select.pointer", "fullPath": "/main.py", "details": {"selection": {"from": 34, "to": 34}}}
{"dateTime": "2025-08-21T00:19:20.313Z", "eventType": "input.type", "fullPath": "/main.py", "details": {"fromA": 34, "toA": 34, "fromB": 34, "toB": 35, "inserted": [")"]}}
{"dateTime": "2025-08-21T00:19:22.396Z", "eventType": "blur", "fullPath": "/main.py"}
{"dateTime": "2025-08-21T00:19:22.399Z", "eventType": "focus", "fullPath": "/main.py"}
{"dateTime": "2025-08-21T00:19:22.403Z", "eventType": "select", "fullPath": "/main.py", "details": {"selection": {"from": 36, "to": 36}}}
{"dateTime": "2025-08-21T00:19:28.840Z", "eventType": "input.type", "fullPath": "/main.py", "details": {"fromA": 36, "toA": 36, "fromB": 36, "toB": 37, "inserted": ["a"]}}
{"dateTime": "2025-08-21T00:19:29.000Z", "eventType": "input.type", "fullPath": "/main.py", "details": {"fromA": 37, "toA": 37, "fromB": 37, "toB": 38, "inserted": ["l"]}}
{"dateTime": "2025-08-21T00:19:29.415Z", "eventType": "input.type", "fullPath": "/main.py", "details": {"fromA": 38, "toA": 38, "fromB": 38, "toB": 39, "inserted": ["t"]}}
{"dateTime": "2025-08-21T00:19:29.641Z", "eventType": "input.type", "fullPath": "/main.py", "details": {"fromA": 39, "toA": 39, "fromB": 39, "toB": 40, "inserted": ["u"]}}
{"dateTime": "2025-08-21T00:19:30.183Z", "eventType": "input.type", "fullPath": "/main.py", "details": {"fromA": 40, "toA": 40, "fromB": 40, "toB": 41, "inserted": ["r"]}}
{"dateTime": "2025-08-21T00:19:30.328Z", "eventType": "input.type", "fullPath": "/main.py", "details": {"fromA": 41, "toA": 41, "fromB": 41, "toB": 42, "inserted": ["a"]}}
{"dateTime": "2025-08-21T00:19:32.007Z", "eventType": "input.type", "fullPath": "/main.py", "details": {"fromA": 42, "toA": 42, "fromB": 42, "toB": 43, "inserted": [" "]}}
{"dateTime": "2025-08-21T00:19:36.087Z", "eventType": "input.type", "fullPath": "/main.py", "details": {"fromA": 43, "toA": 43, "fromB": 43, "toB": 44, "inserted": ["+"]}}
{"dateTime": "2025-08-21T00:19:37.330Z", "eventType": "delete.backward", "fullPath": "/main.py", "details": {"fromA": 43, "toA": 44, "fromB": 43, "toB": 43, "inserted": [""]}}
{"dateTime": "2025-08-21T00:19:37.864Z", "eventType": "input.type", "fullPath": "/main.py", "details": {"fromA": 43, "toA": 43, "fromB": 43, "toB": 44, "inserted": ["="]}}
{"dateTime": "2025-08-21T00:19:39.304Z", "eventType": "input.type", "fullPath": "/main.py", "details": {"fromA": 44, "toA": 44, "fromB": 44, "toB": 45, "inserted": [" "]}}
{"dateTime": "2025-08-21T00:19:40.215Z", "eventType": "input.type", "fullPath": "/main.py", "details": {"fromA": 45, "toA": 45, "fromB": 45, "toB": 46, "inserted": ["i"]}}
{"dateTime": "2025-08-21T00:19:41.239Z", "eventType": "input.type", "fullPath": "/main.py", "details": {"fromA": 46, "toA": 46, "fromB": 46, "toB": 47, "inserted": ["p"]}}
{"dateTime": "2025-08-21T00:19:42.760Z", "eventType": "delete.backward", "fullPath": "/main.py", "details": {"fromA": 46, "toA": 47, "fromB": 46, "toB": 46, "inserted": [""]}}
{"dateTime": "2025-08-21T00:19:43.465Z", "eventType": "input.type", "fullPath": "/main.py", "details": {"fromA": 46, "toA": 46, "fromB": 46, "toB": 47, "inserted": ["n"]}}
{"dateTime": "2025-08-21T00:19:44.184Z", "eventType": "input.type", "fullPath": "/main.py", "details": {"fromA": 47, "toA": 47, "fromB": 47, "toB": 48, "inserted": ["p"]}}
{"dateTime": "2025-08-21T00:19:45.239Z", "eventType": "input.complete", "fullPath": "/main.py", "details": {"fromA": 45, "toA": 48, "fromB": 45, "toB": 50, "inserted": ["input"]}}
{"dateTime": "2025-08-21T00:20:23.831Z", "eventType": "select.pointer", "fullPath": "/main.py", "details": {"selection": {"from": 45, "to": 45}}}
{"dateTime": "2025-08-21T00:20:25.672Z", "eventType": "input.type", "fullPath": "/main.py", "details": {"fromA": 45, "toA": 45, "fromB": 45, "toB": 46, "inserted": ["f"]}}
{"dateTime": "2025-08-21T00:20:25.963Z", "eventType": "input.type", "fullPath": "/main.py", "details": {"fromA": 46, "toA": 46, "fromB": 46, "toB": 47, "inserted": ["l"]}}
{"dateTime": "2025-08-21T00:20:26.472Z", "eventType": "input.type", "fullPath": "/main.py", "details": {"fromA": 47, "toA": 47, "fromB": 47, "toB": 48, "inserted": ["o"]}}
{"dateTime": "2025-08-21T00:20:27.715Z", "eventType": "input.complete", "fullPath": "/main.py", "details": {"fromA": 45, "toA": 48, "fromB": 45, "toB": 50, "inserted": ["float"]}}
{"dateTime": "2025-08-21T00:20:34.073Z", "eventType": "input.type", "fullPath": "/main.py", "details": {"fromA": 50, "toA": 50, "fromB": 50, "toB": 51, "inserted": ["("]}}
{"dateTime": "2025-08-21T00:20:36.055Z", "eventType": "select", "fullPath": "/main.py", "details": {"selection": {"from": 52, "to": 52}}}
{"dateTime": "2025-08-21T00:20:36.277Z", "eventType": "select", "fullPath": "/main.py", "details": {"selection": {"from": 53, "to": 53}}}
{"dateTime": "2025-08-21T00:20:36.501Z", "eventType": "select", "fullPath": "/main.py", "details": {"selection": {"from": 54, "to": 54}}}
{"dateTime": "2025-08-21T00:20:36.709Z", "eventType": "select", "fullPath": "/main.py", "details": {"selection": {"from": 55, "to": 55}}}
{"dateTime": "2025-08-21T00:20:37.158Z", "eventType": "select", "fullPath": "/main.py", "details": {"selection": {"from": 56, "to": 56}}}
{"dateTime": "2025-08-21T00:20:39.011Z", "eventType": "input.type", "fullPath": "/main.py", "details": {"fromA": 56, "toA": 56, "fromB": 56, "toB": 58, "inserted": ["()"]}}
{"dateTime": "2025-08-21T00:20:40.757Z", "eventType": "select", "fullPath": "/main.py", "details": {"selection": {"from": 58, "to": 58}}}
{"dateTime": "2025-08-21T00:20:41.396Z", "eventType": "input.type", "fullPath": "/main.py", "details": {"fromA": 58, "toA": 58, "fromB": 58, "toB": 59, "inserted": [")"]}}
{"dateTime": "2025-08-21T00:20:44.793Z", "eventType": "input", "fullPath": "/main.py", "details": {"fromA": 59, "toA": 59, "fromB": 59, "toB": 60, "inserted": ["", ""]}}
{"dateTime": "2025-08-21T00:21:20.259Z", "eventType": "input", "fullPath": "/main.py", "details": {"fromA": 60, "toA": 60, "fromB": 60, "toB": 61, "inserted": ["", ""]}}
{"dateTime": "2025-08-21T00:21:22.263Z", "eventType": "input.type", "fullPath": "/main.py", "details": {"fromA": 61, "toA": 61, "fromB": 61, "toB": 62, "inserted": ["p"]}}
{"dateTime": "2025-08-21T00:21:22.523Z", "eventType": "input.type", "fullPath": "/main.py", "details": {"fromA": 62, "toA": 62, "fromB": 62, "toB": 63, "inserted": ["r"]}}
{"dateTime": "2025-08-21T00:21:22.780Z", "eventType": "input.type", "fullPath": "/main.py", "details": {"fromA": 63, "toA": 63, "fromB": 63, "toB": 64, "inserted": ["i"]}}
{"dateTime": "2025-08-21T00:21:23.864Z", "eventType": "input.complete", "fullPath": "/main.py", "details": {"fromA": 61, "toA": 64, "fromB": 61, "toB": 66, "inserted": ["print"]}}
{"dateTime": "2025-08-21T00:21:27.971Z", "eventType": "input.type", "fullPath": "/main.py", "details": {"fromA": 66, "toA": 66, "fromB": 66, "toB": 68, "inserted": ["()"]}}
{"dateTime": "2025-08-21T00:21:35.337Z", "eventType": "input.type", "fullPath": "/main.py", "details": {"fromA": 67, "toA": 67, "fromB": 67, "toB": 69, "inserted": ["\"\""]}}
{"dateTime": "2025-08-21T00:21:43.482Z", "eventType": "input.type", "fullPath": "/main.py", "details": {"fromA": 68, "toA": 68, "fromB": 68, "toB": 69, "inserted": ["n"]}}
{"dateTime": "2025-08-21T00:21:43.699Z", "eventType": "input.type", "fullPath": "/main.py", "details": {"fromA": 69, "toA": 69, "fromB": 69, "toB": 70, "inserted": ["o"]}}
{"dateTime": "2025-08-21T00:21:44.231Z", "eventType": "input.type", "fullPath": "/main.py", "details": {"fromA": 70, "toA": 70, "fromB": 70, "toB": 71, "inserted": ["m"]}}
{"dateTime": "2025-08-21T00:21:44.424Z", "eventType": "input.type", "fullPath": "/main.py", "details": {"fromA": 71, "toA": 71, "fromB": 71, "toB": 72, "inserted": ["e"]}}
{"dateTime": "2025-08-21T00:21:46.695Z", "eventType": "input.type", "fullPath": "/main.py", "details": {"fromA": 72, "toA": 72, "fromB": 72, "toB": 73, "inserted": [":"]}}
{"dateTime": "2025-08-21T00:21:59.954Z", "eventType": "select", "fullPath": "/main.py", "details": {"selection": {"from": 74, "to": 74}}}
{"dateTime": "2025-08-21T00:22:06.038Z", "eventType": "input.type", "fullPath": "/main.py", "details": {"fromA": 74, "toA": 74, "fromB": 74, "toB": 75, "inserted": [","]}}
{"dateTime": "2025-08-21T00:22:12.071Z", "eventType": "input.type", "fullPath": "/main.py", "details": {"fromA": 75, "toA": 75, "fromB": 75, "toB": 76, "inserted": ["n"]}}
{"dateTime": "2025-08-21T00:22:12.447Z", "eventType": "input.type", "fullPath": "/main.py", "details": {"fromA": 76, "toA": 76, "fromB": 76, "toB": 77, "inserted": ["i"]}}
{"dateTime": "2025-08-21T00:22:13.351Z", "eventType": "input.type", "fullPath": "/main.py", "details": {"fromA": 77, "toA": 77, "fromB": 77, "toB": 78, "inserted": ["m"]}}
{"dateTime": "2025-08-21T00:22:14.872Z", "eventType": "delete.backward", "fullPath": "/main.py", "details": {"fromA": 77, "toA": 78, "fromB": 77, "toB": 77, "inserted": [""]}}
{"dateTime": "2025-08-21T00:22:15.056Z", "eventType": "delete.backward", "fullPath": "/main.py", "details": {"fromA": 76, "toA": 77, "fromB": 76, "toB": 76, "inserted": [""]}}
{"dateTime": "2025-08-21T00:22:15.463Z", "eventType": "input.type", "fullPath": "/main.py", "details": {"fromA": 76, "toA": 76, "fromB": 76, "toB": 77, "inserted": ["o"]}}
{"dateTime": "2025-08-21T00:22:19.687Z", "eventType": "input.type", "fullPath": "/main.py", "details": {"fromA": 77, "toA": 77, "fromB": 77, "toB": 78, "inserted": ["m"]}}
{"dateTime": "2025-08-21T00:22:19.850Z", "eventType": "input.type", "fullPath": "/main.py", "details": {"fromA": 78, "toA": 78, "fromB": 78, "toB": 79, "inserted": ["e"]}}
{"dateTime": "2025-08-21T00:22:30.382Z", "eventType": "input.complete", "fullPath": "/main.py", "details": {"fromA": 75, "toA": 79, "fromB": 75, "toB": 79, "inserted": ["nome"]}}
{"dateTime": "2025-08-21T00:22:31.406Z", "eventType": "select.pointer", "fullPath": "/main.py", "details": {"selection": {"from": 80, "to": 80}}}
{"dateTime": "2025-08-21T00:22:32.553Z", "eventType": "input", "fullPath": "/main.py", "details": {"fromA": 80, "toA": 80, "fromB": 80, "toB": 81, "inserted": ["", ""]}}
{"dateTime": "2025-08-21T00:22:36.919Z", "eventType": "input.type", "fullPath": "/main.py", "details": {"fromA": 81, "toA": 81, "fromB": 81, "toB": 82, "inserted": ["p"]}}
{"dateTime": "2025-08-21T00:22:37.146Z", "eventType": "input.type", "fullPath": "/main.py", "details": {"fromA": 82, "toA": 82, "fromB": 82, "toB": 83, "inserted": ["r"]}}
{"dateTime": "2025-08-21T00:22:37.479Z", "eventType": "input.type", "fullPath": "/main.py", "details": {"fromA": 83, "toA": 83, "fromB": 83, "toB": 84, "inserted": ["i"]}}
{"dateTime": "2025-08-21T00:22:37.852Z", "eventType": "input.type", "fullPath": "/main.py", "details": {"fromA": 84, "toA": 84, "fromB": 84, "toB": 85, "inserted": ["n"]}}
{"dateTime": "2025-08-21T00:22:38.199Z", "eventType": "input.type", "fullPath": "/main.py", "details": {"fromA": 85, "toA": 85, "fromB": 85, "toB": 86, "inserted": ["t"]}}
{"dateTime": "2025-08-21T00:22:41.558Z", "eventType": "input.complete", "fullPath": "/main.py", "details": {"fromA": 81, "toA": 86, "fromB": 81, "toB": 86, "inserted": ["print"]}}
{"dateTime": "2025-08-21T00:22:45.606Z", "eventType": "input.type", "fullPath": "/main.py", "details": {"fromA": 86, "toA": 86, "fromB": 86, "toB": 88, "inserted": ["()"]}}
{"dateTime": "2025-08-21T00:22:48.216Z", "eventType": "input.type", "fullPath": "/main.py", "details": {"fromA": 87, "toA": 87, "fromB": 87, "toB": 88, "inserted": [" "]}}
{"dateTime": "2025-08-21T00:22:50.129Z", "eventType": "delete.backward", "fullPath": "/main.py", "details": {"fromA": 87, "toA": 88, "fromB": 87, "toB": 87, "inserted": [""]}}
{"dateTime": "2025-08-21T00:22:53.542Z", "eventType": "input.type", "fullPath": "/main.py", "details": {"fromA": 87, "toA": 87, "fromB": 87, "toB": 89, "inserted": ["\"\""]}}
{"dateTime": "2025-08-21T00:23:00.615Z", "eventType": "input.type", "fullPath": "/main.py", "details": {"fromA": 88, "toA": 88, "fromB": 88, "toB": 89, "inserted": ["i"]}}
{"dateTime": "2025-08-21T00:23:01.014Z", "eventType": "input.type", "fullPath": "/main.py", "details": {"fromA": 89, "toA": 89, "fromB": 89, "toB": 90, "inserted": ["d"]}}
{"dateTime": "2025-08-21T00:23:01.090Z", "eventType": "input.type", "fullPath": "/main.py", "details": {"fromA": 90, "toA": 90, "fromB": 90, "toB": 91, "inserted": ["a"]}}
{"dateTime": "2025-08-21T00:23:01.335Z", "eventType": "input.type", "fullPath": "/main.py", "details": {"fromA": 91, "toA": 91, "fromB": 91, "toB": 92, "inserted": ["e"]}}
{"dateTime": "2025-08-21T00:23:03.414Z", "eventType": "delete.backward", "fullPath": "/main.py", "details": {"fromA": 91, "toA": 92, "fromB": 91, "toB": 91, "inserted": [""]}}
{"dateTime": "2025-08-21T00:23:03.894Z", "eventType": "input.type", "fullPath": "/main.py", "details": {"fromA": 91, "toA": 91, "fromB": 91, "toB": 92, "inserted": ["d"]}}
{"dateTime": "2025-08-21T00:23:04.071Z", "eventType": "input.type", "fullPath": "/main.py", "details": {"fromA": 92, "toA": 92, "fromB": 92, "toB": 93, "inserted": ["e"]}}
{"dateTime": "2025-08-21T00:23:09.494Z", "eventType": "input.type", "fullPath": "/main.py", "details": {"fromA": 93, "toA": 93, "fromB": 93, "toB": 94, "inserted": [":"]}}
{"dateTime": "2025-08-21T00:23:10.967Z", "eventType": "input.type", "fullPath": "/main.py", "details": {"fromA": 94, "toA": 94, "fromB": 94, "toB": 95, "inserted": [","]}}
{"dateTime": "2025-08-21T00:23:14.982Z", "eventType": "input.type", "fullPath": "/main.py", "details": {"fromA": 95, "toA": 95, "fromB": 95, "toB": 96, "inserted": [" "]}}
{"dateTime": "2025-08-21T00:23:16.150Z", "eventType": "input.type", "fullPath": "/main.py", "details": {"fromA": 96, "toA": 96, "fromB": 96, "toB": 97, "inserted": ["i"]}}
{"dateTime": "2025-08-21T00:23:16.614Z", "eventType": "input.type", "fullPath": "/main.py", "details": {"fromA": 97, "toA": 97, "fromB": 97, "toB": 98, "inserted": ["d"]}}
{"dateTime": "2025-08-21T00:23:16.723Z", "eventType": "input.type", "fullPath": "/main.py", "details": {"fromA": 98, "toA": 98, "fromB": 98, "toB": 99, "inserted": ["a"]}}
{"dateTime": "2025-08-21T00:23:16.983Z", "eventType": "input.type", "fullPath": "/main.py", "details": {"fromA": 99, "toA": 99, "fromB": 99, "toB": 100, "inserted": ["e"]}}
{"dateTime": "2025-08-21T00:23:18.758Z", "eventType": "delete.backward", "fullPath": "/main.py", "details": {"fromA": 99, "toA": 100, "fromB": 99, "toB": 99, "inserted": [""]}}
{"dateTime": "2025-08-21T00:23:19.254Z", "eventType": "input.type", "fullPath": "/main.py", "details": {"fromA": 99, "toA": 99, "fromB": 99, "toB": 100, "inserted": ["d"]}}
{"dateTime": "2025-08-21T00:23:19.415Z", "eventType": "input.type", "fullPath": "/main.py", "details": {"fromA": 100, "toA": 100, "fromB": 100, "toB": 101, "inserted": ["e"]}}
{"dateTime": "2025-08-21T00:23:22.454Z", "eventType": "select", "fullPath": "/main.py", "details": {"selection": {"from": 103, "to": 103}}}
{"dateTime": "2025-08-21T00:23:27.591Z", "eventType": "input", "fullPath": "/main.py", "details": {"fromA": 103, "toA": 103, "fromB": 103, "toB": 104, "inserted": ["", ""]}}
{"dateTime": "2025-08-21T00:23:31.142Z", "eventType": "input.type", "fullPath": "/main.py", "details": {"fromA": 104, "toA": 104, "fromB": 104, "toB": 105, "inserted": ["p"]}}
{"dateTime": "2025-08-21T00:23:31.274Z", "eventType": "input.type", "fullPath": "/main.py", "details": {"fromA": 105, "toA": 105, "fromB": 105, "toB": 106, "inserted": ["r"]}}
{"dateTime": "2025-08-21T00:23:31.552Z", "eventType": "input.type", "fullPath": "/main.py", "details": {"fromA": 106, "toA": 106, "fromB": 106, "toB": 107, "inserted": ["i"]}}
{"dateTime": "2025-08-21T00:23:33.143Z", "eventType": "input.complete", "fullPath": "/main.py", "details": {"fromA": 104, "toA": 107, "fromB": 104, "toB": 109, "inserted": ["print"]}}
{"dateTime": "2025-08-21T00:23:41.766Z", "eventType": "input.type", "fullPath": "/main.py", "details": {"fromA": 109, "toA": 109, "fromB": 109, "toB": 111, "inserted": ["()"]}}
{"dateTime": "2025-08-21T00:23:42.614Z", "eventType": "input.type", "fullPath": "/main.py", "details": {"fromA": 110, "toA": 110, "fromB": 110, "toB": 112, "inserted": ["\"\""]}}
{"dateTime": "2025-08-21T00:23:45.126Z", "eventType": "input.type", "fullPath": "/main.py", "details": {"fromA": 111, "toA": 111, "fromB": 111, "toB": 112, "inserted": [" "]}}
{"dateTime": "2025-08-21T00:23:45.826Z", "eventType": "input.type", "fullPath": "/main.py", "details": {"fromA": 112, "toA": 112, "fromB": 112, "toB": 113, "inserted": ["a"]}}
{"dateTime": "2025-08-21T00:23:46.150Z", "eventType": "input.type", "fullPath": "/main.py", "details": {"fromA": 113, "toA": 113, "fromB": 113, "toB": 114, "inserted": ["l"]}}
{"dateTime": "2025-08-21T00:23:46.662Z", "eventType": "input.type", "fullPath": "/main.py", "details": {"fromA": 114, "toA": 114, "fromB": 114, "toB": 115, "inserted": ["t"]}}
{"dateTime": "2025-08-21T00:23:48.070Z", "eventType": "input.type", "fullPath": "/main.py", "details": {"fromA": 115, "toA": 115, "fromB": 115, "toB": 116, "inserted": ["u"]}}
{"dateTime": "2025-08-21T00:23:49.222Z", "eventType": "input.type", "fullPath": "/main.py", "details": {"fromA": 116, "toA": 116, "fromB": 116, "toB": 117, "inserted": ["r"]}}
{"dateTime": "2025-08-21T00:23:49.335Z", "eventType": "input.type", "fullPath": "/main.py", "details": {"fromA": 117, "toA": 117, "fromB": 117, "toB": 118, "inserted": ["a"]}}
{"dateTime": "2025-08-21T00:23:53.206Z", "eventType": "input.type", "fullPath": "/main.py", "details": {"fromA": 118, "toA": 118, "fromB": 118, "toB": 119, "inserted": [";"]}}
{"dateTime": "2025-08-21T00:23:55.271Z", "eventType": "input.type", "fullPath": "/main.py", "details": {"fromA": 119, "toA": 119, "fromB": 119, "toB": 120, "inserted": [","]}}
{"dateTime": "2025-08-21T00:23:57.922Z", "eventType": "input.type", "fullPath": "/main.py", "details": {"fromA": 120, "toA": 120, "fromB": 120, "toB": 121, "inserted": ["a"]}}
{"dateTime": "2025-08-21T00:23:58.134Z", "eventType": "input.type", "fullPath": "/main.py", "details": {"fromA": 121, "toA": 121, "fromB": 121, "toB": 122, "inserted": ["l"]}}
{"dateTime": "2025-08-21T00:23:58.614Z", "eventType": "input.type", "fullPath": "/main.py", "details": {"fromA": 122, "toA": 122, "fromB": 122, "toB": 123, "inserted": ["t"]}}
{"dateTime": "2025-08-21T00:23:58.792Z", "eventType": "input.type", "fullPath": "/main.py", "details": {"fromA": 123, "toA": 123, "fromB": 123, "toB": 124, "inserted": ["u"]}}
{"dateTime": "2025-08-21T00:23:59.286Z", "eventType": "input.type", "fullPath": "/main.py", "details": {"fromA": 124, "toA": 124, "fromB": 124, "toB": 125, "inserted": ["r"]}}
{"dateTime": "2025-08-21T00:23:59.479Z", "eventType": "input.type", "fullPath": "/main.py", "details": {"fromA": 125, "toA": 125, "fromB": 125, "toB": 126, "inserted": ["a"]}}
{"dateTime": "2025-08-21T00:24:08.279Z", "eventType": "select.pointer", "fullPath": "/main.py", "details": {"selection": {"from": 69, "to": 69}}}
{"dateTime": "2025-08-21T00:24:09.814Z", "eventType": "delete.backward", "fullPath": "/main.py", "details": {"fromA": 68, "toA": 69, "fromB": 68, "toB": 68, "inserted": [""]}}
{"dateTime": "2025-08-21T00:24:12.710Z", "eventType": "input.type", "fullPath": "/main.py", "details": {"fromA": 68, "toA": 68, "fromB": 68, "toB": 69, "inserted": ["N"]}}
{"dateTime": "2025-08-21T00:24:15.736Z", "eventType": "select.pointer", "fullPath": "/main.py", "details": {"selection": {"from": 89, "to": 89}}}
{"dateTime": "2025-08-21T00:24:15.874Z", "eventType": "select.pointer", "fullPath": "/main.py", "details": {"selection": {"from": 89, "to": 89}}}
{"dateTime": "2025-08-21T00:24:16.886Z", "eventType": "delete.backward", "fullPath": "/main.py", "details": {"fromA": 88, "toA": 89, "fromB": 88, "toB": 88, "inserted": [""]}}
{"dateTime": "2025-08-21T00:24:17.686Z", "eventType": "input.type", "fullPath": "/main.py", "details": {"fromA": 88, "toA": 88, "fromB": 88, "toB": 89, "inserted": ["I"]}}
{"dateTime": "2025-08-21T00:24:19.655Z", "eventType": "select.pointer", "fullPath": "/main.py", "details": {"selection": {"from": 113, "to": 113}}}
{"dateTime": "2025-08-21T00:24:21.078Z", "eventType": "delete.backward", "fullPath": "/main.py", "details": {"fromA": 112, "toA": 113, "fromB": 112, "toB": 112, "inserted": [""]}}
{"dateTime": "2025-08-21T00:24:22.598Z", "eventType": "delete.backward", "fullPath": "/main.py", "details": {"fromA": 111, "toA": 112, "fromB": 111, "toB": 111, "inserted": [""]}}
{"dateTime": "2025-08-21T00:24:25.366Z", "eventType": "input.type", "fullPath": "/main.py", "details": {"fromA": 111, "toA": 111, "fromB": 111, "toB": 112, "inserted": ["A"]}}
{"dateTime": "2025-08-21T00:24:32.863Z", "eventType": "select.pointer", "fullPath": "/main.py", "details": {"selection": {"from": 96, "to": 96}}}
{"dateTime": "2025-08-21T00:24:37.015Z", "eventType": "select.pointer", "fullPath": "/main.py", "details": {"selection": {"from": 118, "to": 118}}}
{"dateTime": "2025-08-21T00:24:38.503Z", "eventType": "delete.backward", "fullPath": "/main.py", "details": {"fromA": 117, "toA": 118, "fromB": 117, "toB": 117, "inserted": [""]}}
{"dateTime": "2025-08-21T00:24:40.832Z", "eventType": "generic", "fullPath": "/main.py", "details": {"fromA": 104, "toA": 104, "fromB": 104, "toB": 106, "inserted": ["# "]}}
{"dateTime": "2025-08-21T00:24:53.415Z", "eventType": "select.pointer", "fullPath": "/main.py", "details": {"selection": {"from": 106, "to": 106}}}
{"dateTime": "2025-08-21T00:24:54.454Z", "eventType": "delete.backward", "fullPath": "/main.py", "details": {"fromA": 105, "toA": 106, "fromB": 105, "toB": 105, "inserted": [""]}}
{"dateTime": "2025-08-21T00:24:55.014Z", "eventType": "delete.backward", "fullPath": "/main.py", "details": {"fromA": 104, "toA": 105, "fromB": 104, "toB": 104, "inserted": [""]}}
{"dateTime": "2025-08-21T00:24:58.366Z", "eventType": "select.pointer", "fullPath": "/main.py", "details": {"selection": {"from": 117, "to": 117}}}
{"dateTime": "2025-08-21T00:25:01.111Z", "eventType": "input.type", "fullPath": "/main.py", "details": {"fromA": 117, "toA": 117, "fromB": 117, "toB": 118, "inserted": [":"]}}
{"dateTime": "2025-08-21T00:25:09.328Z", "eventType": "select.pointer", "fullPath": "/main.py", "details": {"selection": {"from": 13, "to": 13}}}
{"dateTime": "2025-08-21T00:25:11.607Z", "eventType": "input.type", "fullPath": "/main.py", "details": {"fromA": 13, "toA": 13, "fromB": 13, "toB": 14, "inserted": ["c"]}}
{"dateTime": "2025-08-21T00:25:12.680Z", "eventType": "input.type", "fullPath": "/main.py", "details": {"fromA": 14, "toA": 14, "fromB": 14, "toB": 15, "inserted": ["o"]}}
{"dateTime": "2025-08-21T00:25:13.683Z", "eventType": "input.type", "fullPath": "/main.py", "details": {"fromA": 15, "toA": 15, "fromB": 15, "toB": 16, "inserted": ["l"]}}
{"dateTime": "2025-08-21T00:25:13.975Z", "eventType": "input.type", "fullPath": "/main.py", "details": {"fromA": 16, "toA": 16, "fromB": 16, "toB": 17, "inserted": ["o"]}}
{"dateTime": "2025-08-21T00:25:17.783Z", "eventType": "input.type", "fullPath": "/main.py", "details": {"fromA": 17, "toA": 17, "fromB": 17, "toB": 18, "inserted": ["q"]}}
{"dateTime": "2025-08-21T00:25:17.923Z", "eventType": "input.type", "fullPath": "/main.py", "details": {"fromA": 18, "toA": 18, "fromB": 18, "toB": 19, "inserted": ["u"]}}
{"dateTime": "2025-08-21T00:25:18.136Z", "eventType": "input.type", "fullPath": "/main.py", "details": {"fromA": 19, "toA": 19, "fromB": 19, "toB": 20, "inserted": ["e"]}}
{"dateTime": "2025-08-21T00:25:18.280Z", "eventType": "input.type", "fullPath": "/main.py", "details": {"fromA": 20, "toA": 20, "fromB": 20, "toB": 21, "inserted": [" "]}}
{"dateTime": "2025-08-21T00:25:18.727Z", "eventType": "input.type", "fullPath": "/main.py", "details": {"fromA": 21, "toA": 21, "fromB": 21, "toB": 22, "inserted": ["i"]}}
{"dateTime": "2025-08-21T00:25:19.224Z", "eventType": "input.type", "fullPath": "/main.py", "details": {"fromA": 22, "toA": 22, "fromB": 22, "toB": 23, "inserted": ["d"]}}
{"dateTime": "2025-08-21T00:25:19.333Z", "eventType": "input.type", "fullPath": "/main.py", "details": {"fromA": 23, "toA": 23, "fromB": 23, "toB": 24, "inserted": ["a"]}}
{"dateTime": "2025-08-21T00:25:19.595Z", "eventType": "input.type", "fullPath": "/main.py", "details": {"fromA": 24, "toA": 24, "fromB": 24, "toB": 25, "inserted": ["e"]}}
{"dateTime": "2025-08-21T00:25:22.456Z", "eventType": "input.complete", "fullPath": "/main.py", "details": {"fromA": 21, "toA": 25, "fromB": 21, "toB": 26, "inserted": ["idade"]}}
{"dateTime": "2025-08-21T00:25:29.335Z", "eventType": "delete.backward", "fullPath": "/main.py", "details": {"fromA": 25, "toA": 26, "fromB": 25, "toB": 25, "inserted": [""]}}
{"dateTime": "2025-08-21T00:25:29.512Z", "eventType": "delete.backward", "fullPath": "/main.py", "details": {"fromA": 24, "toA": 25, "fromB": 24, "toB": 24, "inserted": [""]}}
{"dateTime": "2025-08-21T00:25:29.688Z", "eventType": "delete.backward", "fullPath": "/main.py", "details": {"fromA": 23, "toA": 24, "fromB": 23, "toB": 23, "inserted": [""]}}
{"dateTime": "2025-08-21T00:25:29.864Z", "eventType": "delete.backward", "fullPath": "/main.py", "details": {"fromA": 22, "toA": 23, "fromB": 22, "toB": 22, "inserted": [""]}}
{"dateTime": "2025-08-21T00:25:30.040Z", "eventType": "delete.backward", "fullPath": "/main.py", "details": {"fromA": 21, "toA": 22, "fromB": 21, "toB": 21, "inserted": [""]}}
{"dateTime": "2025-08-21T00:25:31.207Z", "eventType": "input.type", "fullPath": "/main.py", "details": {"fromA": 21, "toA": 21, "fromB": 21, "toB": 22, "inserted": ["o"]}}
{"dateTime": "2025-08-21T00:25:32.359Z", "eventType": "delete.backward", "fullPath": "/main.py", "details": {"fromA": 21, "toA": 22, "fromB": 21, "toB": 21, "inserted": [""]}}
{"dateTime": "2025-08-21T00:25:32.598Z", "eventType": "delete.backward", "fullPath": "/main.py", "details": {"fromA": 20, "toA": 21, "fromB": 20, "toB": 20, "inserted": [""]}}
{"dateTime": "2025-08-21T00:25:38.296Z", "eventType": "select.pointer", "fullPath": "/main.py", "details": {"selection": {"from": 13, "to": 13}}}
{"dateTime": "2025-08-21T00:25:39.992Z", "eventType": "input.type", "fullPath": "/main.py", "details": {"fromA": 13, "toA": 13, "fromB": 13, "toB": 14, "inserted": ["\""]}}
{"dateTime": "2025-08-21T00:25:41.552Z", "eventType": "select.pointer", "fullPath": "/main.py", "details": {"selection": {"from": 21, "to": 21}}}
{"dateTime": "2025-08-21T00:25:42.649Z", "eventType": "input.type", "fullPath": "/main.py", "details": {"fromA": 21, "toA": 21, "fromB": 21, "toB": 22, "inserted": ["\""]}}
{"dateTime": "2025-08-21T00:25:44.607Z", "eventType": "select.pointer", "fullPath": "/main.py", "details": {"selection": {"from": 21, "to": 21}}}
{"dateTime": "2025-08-21T00:25:44.756Z", "eventType": "select.pointer", "fullPath": "/main.py", "details": {"selection": {"from": 21, "to": 21}}}
{"dateTime": "2025-08-21T00:25:46.663Z", "eventType": "input.type", "fullPath": "/main.py", "details": {"fromA": 21, "toA": 21, "fromB": 21, "toB": 22, "inserted": [" "]}}
{"dateTime": "2025-08-21T00:25:46.872Z", "eventType": "input.type", "fullPath": "/main.py", "details": {"fromA": 22, "toA": 22, "fromB": 22, "toB": 23, "inserted": ["o"]}}
{"dateTime": "2025-08-21T00:25:47.049Z", "eventType": "input.type", "fullPath": "/main.py", "details": {"fromA": 23, "toA": 23, "fromB": 23, "toB": 24, "inserted": [" "]}}
{"dateTime": "2025-08-21T00:25:47.431Z", "eventType": "input.type", "fullPath": "/main.py", "details": {"fromA": 24, "toA": 24, "fromB": 24, "toB": 25, "inserted": ["n"]}}
{"dateTime": "2025-08-21T00:25:47.848Z", "eventType": "input.type", "fullPath": "/main.py", "details": {"fromA": 25, "toA": 25, "fromB": 25, "toB": 26, "inserted": ["o"]}}
{"dateTime": "2025-08-21T00:25:48.168Z", "eventType": "input.type", "fullPath": "/main.py", "details": {"fromA": 26, "toA": 26, "fromB": 26, "toB": 27, "inserted": ["m"]}}
{"dateTime": "2025-08-21T00:25:48.615Z", "eventType": "input.type", "fullPath": "/main.py", "details": {"fromA": 27, "toA": 27, "fromB": 27, "toB": 28, "inserted": ["e"]}}
{"dateTime": "2025-08-21T00:25:51.457Z", "eventType": "select.pointer", "fullPath": "/main.py", "details": {"selection": {"from": 49, "to": 49}}}
{"dateTime": "2025-08-21T00:25:54.680Z", "eventType": "input.type", "fullPath": "/main.py", "details": {"fromA": 49, "toA": 49, "fromB": 49, "toB": 51, "inserted": ["\"\""]}}
{"dateTime": "2025-08-21T00:25:57.447Z", "eventType": "input.type", "fullPath": "/main.py", "details": {"fromA": 50, "toA": 50, "fromB": 50, "toB": 51, "inserted": ["c"]}}
{"dateTime": "2025-08-21T00:25:57.672Z", "eventType": "input.type", "fullPath": "/main.py", "details": {"fromA": 51, "toA": 51, "fromB": 51, "toB": 52, "inserted": ["o"]}}
{"dateTime": "2025-08-21T00:25:57.897Z", "eventType": "input.type", "fullPath": "/main.py", "details": {"fromA": 52, "toA": 52, "fromB": 52, "toB": 53, "inserted": ["l"]}}
{"dateTime": "2025-08-21T00:25:58.073Z", "eventType": "input.type", "fullPath": "/main.py", "details": {"fromA": 53, "toA": 53, "fromB": 53, "toB": 54, "inserted": ["o"]}}
{"dateTime": "2025-08-21T00:26:00.531Z", "eventType": "input.type", "fullPath": "/main.py", "details": {"fromA": 54, "toA": 54, "fromB": 54, "toB": 55, "inserted": ["q"]}}
{"dateTime": "2025-08-21T00:26:00.824Z", "eventType": "input.type", "fullPath": "/main.py", "details": {"fromA": 55, "toA": 55, "fromB": 55, "toB": 56, "inserted": ["u"]}}
{"dateTime": "2025-08-21T00:26:01.033Z", "eventType": "input.type", "fullPath": "/main.py", "details": {"fromA": 56, "toA": 56, "fromB": 56, "toB": 57, "inserted": ["e"]}}
{"dateTime": "2025-08-21T00:26:01.288Z", "eventType": "input.type", "fullPath": "/main.py", "details": {"fromA": 57, "toA": 57, "fromB": 57, "toB": 58, "inserted": [" "]}}
{"dateTime": "2025-08-21T00:26:01.976Z", "eventType": "input.type", "fullPath": "/main.py", "details": {"fromA": 58, "toA": 58, "fromB": 58, "toB": 59, "inserted": ["i"]}}
{"dateTime": "2025-08-21T00:26:02.888Z", "eventType": "input.type", "fullPath": "/main.py", "details": {"fromA": 59, "toA": 59, "fromB": 59, "toB": 60, "inserted": ["d"]}}
{"dateTime": "2025-08-21T00:26:03.017Z", "eventType": "input.type", "fullPath": "/main.py", "details": {"fromA": 60, "toA": 60, "fromB": 60, "toB": 61, "inserted": ["a"]}}
{"dateTime": "2025-08-21T00:26:03.113Z", "eventType": "input.type", "fullPath": "/main.py", "details": {"fromA": 61, "toA": 61, "fromB": 61, "toB": 62, "inserted": ["d"]}}
{"dateTime": "2025-08-21T00:26:03.289Z", "eventType": "input.type", "fullPath": "/main.py", "details": {"fromA": 62, "toA": 62, "fromB": 62, "toB": 63, "inserted": ["e"]}}
{"dateTime": "2025-08-21T00:26:07.520Z", "eventType": "select.pointer", "fullPath": "/main.py", "details": {"selection": {"from": 88, "to": 88}}}
{"dateTime": "2025-08-21T00:26:08.952Z", "eventType": "input.type", "fullPath": "/main.py", "details": {"fromA": 88, "toA": 88, "fromB": 88, "toB": 89, "inserted": ["c"]}}
{"dateTime": "2025-08-21T00:26:09.246Z", "eventType": "input.type", "fullPath": "/main.py", "details": {"fromA": 89, "toA": 89, "fromB": 89, "toB": 90, "inserted": ["o"]}}
{"dateTime": "2025-08-21T00:26:09.468Z", "eventType": "input.type", "fullPath": "/main.py", "details": {"fromA": 90, "toA": 90, "fromB": 90, "toB": 91, "inserted": ["l"]}}
{"dateTime": "2025-08-21T00:26:09.659Z", "eventType": "input.type", "fullPath": "/main.py", "details": {"fromA": 91, "toA": 91, "fromB": 91, "toB": 92, "inserted": ["o"]}}
{"dateTime": "2025-08-21T00:26:10.323Z", "eventType": "input.type", "fullPath": "/main.py", "details": {"fromA": 92, "toA": 92, "fromB": 92, "toB": 93, "inserted": ["q"]}}
{"dateTime": "2025-08-21T00:26:10.664Z", "eventType": "input.type", "fullPath": "/main.py", "details": {"fromA": 93, "toA": 93, "fromB": 93, "toB": 94, "inserted": ["u"]}}
{"dateTime": "2025-08-21T00:26:11.544Z", "eventType": "input.type", "fullPath": "/main.py", "details": {"fromA": 94, "toA": 94, "fromB": 94, "toB": 95, "inserted": ["e"]}}
{"dateTime": "2025-08-21T00:26:14.153Z", "eventType": "delete.backward", "fullPath": "/main.py", "details": {"fromA": 94, "toA": 95, "fromB": 94, "toB": 94, "inserted": [""]}}
{"dateTime": "2025-08-21T00:26:14.392Z", "eventType": "delete.backward", "fullPath": "/main.py", "details": {"fromA": 93, "toA": 94, "fromB": 93, "toB": 93, "inserted": [""]}}
{"dateTime": "2025-08-21T00:26:14.600Z", "eventType": "delete.backward", "fullPath": "/main.py", "details": {"fromA": 92, "toA": 93, "fromB": 92, "toB": 92, "inserted": [""]}}
{"dateTime": "2025-08-21T00:26:14.809Z", "eventType": "delete.backward", "fullPath": "/main.py", "details": {"fromA": 91, "toA": 92, "fromB": 91, "toB": 91, "inserted": [""]}}
{"dateTime": "2025-08-21T00:26:15.017Z", "eventType": "delete.backward", "fullPath": "/main.py", "details": {"fromA": 90, "toA": 91, "fromB": 90, "toB": 90, "inserted": [""]}}
{"dateTime": "2025-08-21T00:26:15.320Z", "eventType": "delete.backward", "fullPath": "/main.py", "details": {"fromA": 89, "toA": 90, "fromB": 89, "toB": 89, "inserted": [""]}}
{"dateTime": "2025-08-21T00:26:15.623Z", "eventType": "delete.backward", "fullPath": "/main.py", "details": {"fromA": 88, "toA": 89, "fromB": 88, "toB": 88, "inserted": [""]}}
{"dateTime": "2025-08-21T00:26:17.096Z", "eventType": "input.type", "fullPath": "/main.py", "details": {"fromA": 88, "toA": 88, "fromB": 88, "toB": 90, "inserted": ["\"\""]}}
{"dateTime": "2025-08-21T00:26:19.960Z", "eventType": "input.type", "fullPath": "/main.py", "details": {"fromA": 89, "toA": 89, "fromB": 89, "toB": 90, "inserted": ["c"]}}
{"dateTime": "2025-08-21T00:26:20.201Z", "eventType": "input.type", "fullPath": "/main.py", "details": {"fromA": 90, "toA": 90, "fromB": 90, "toB": 91, "inserted": ["o"]}}
{"dateTime": "2025-08-21T00:26:20.441Z", "eventType": "input.type", "fullPath": "/main.py", "details": {"fromA": 91, "toA": 91, "fromB": 91, "toB": 92, "inserted": ["l"]}}
{"dateTime": "2025-08-21T00:26:20.617Z", "eventType": "input.type", "fullPath": "/main.py", "details": {"fromA": 92, "toA": 92, "fromB": 92, "toB": 93, "inserted": ["o"]}}
{"dateTime": "2025-08-21T00:26:21.112Z", "eventType": "input.type", "fullPath": "/main.py", "details": {"fromA": 93, "toA": 93, "fromB": 93, "toB": 94, "inserted": ["q"]}}
{"dateTime": "2025-08-21T00:26:21.337Z", "eventType": "input.type", "fullPath": "/main.py", "details": {"fromA": 94, "toA": 94, "fromB": 94, "toB": 95, "inserted": ["u"]}}
{"dateTime": "2025-08-21T00:26:21.624Z", "eventType": "input.type", "fullPath": "/main.py", "details": {"fromA": 95, "toA": 95, "fromB": 95, "toB": 96, "inserted": ["e"]}}
{"dateTime": "2025-08-21T00:26:24.985Z", "eventType": "input.type", "fullPath": "/main.py", "details": {"fromA": 96, "toA": 96, "fromB": 96, "toB": 97, "inserted": [" "]}}
{"dateTime": "2025-08-21T00:26:25.257Z", "eventType": "input.type", "fullPath": "/main.py", "details": {"fromA": 97, "toA": 97, "fromB": 97, "toB": 98, "inserted": ["a"]}}
{"dateTime": "2025-08-21T00:26:25.401Z", "eventType": "input.type", "fullPath": "/main.py", "details": {"fromA": 98, "toA": 98, "fromB": 98, "toB": 99, "inserted": [" "]}}
{"dateTime": "2025-08-21T00:26:25.513Z", "eventType": "input.type", "fullPath": "/main.py", "details": {"fromA": 99, "toA": 99, "fromB": 99, "toB": 100, "inserted": ["a"]}}
{"dateTime": "2025-08-21T00:26:26.424Z", "eventType": "input.type", "fullPath": "/main.py", "details": {"fromA": 100, "toA": 100, "fromB": 100, "toB": 101, "inserted": ["a"]}}
{"dateTime": "2025-08-21T00:26:26.595Z", "eventType": "input.type", "fullPath": "/main.py", "details": {"fromA": 101, "toA": 101, "fromB": 101, "toB": 102, "inserted": ["l"]}}
{"dateTime": "2025-08-21T00:26:27.301Z", "eventType": "input.type", "fullPath": "/main.py", "details": {"fromA": 102, "toA": 102, "fromB": 102, "toB": 103, "inserted": ["t"]}}
{"dateTime": "2025-08-21T00:26:27.672Z", "eventType": "input.type", "fullPath": "/main.py", "details": {"fromA": 103, "toA": 103, "fromB": 103, "toB": 104, "inserted": ["u"]}}
{"dateTime": "2025-08-21T00:26:28.040Z", "eventType": "input.type", "fullPath": "/main.py", "details": {"fromA": 104, "toA": 104, "fromB": 104, "toB": 105, "inserted": ["r"]}}
{"dateTime": "2025-08-21T00:26:28.153Z", "eventType": "input.type", "fullPath": "/main.py", "details": {"fromA": 105, "toA": 105, "fromB": 105, "toB": 106, "inserted": ["a"]}}
{"dateTime": "2025-08-21T00:26:30.150Z", "eventType": "select", "fullPath": "/main.py", "details": {"selection": {"from": 105, "to": 105}}}
{"dateTime": "2025-08-21T00:26:30.373Z", "eventType": "select", "fullPath": "/main.py", "details": {"selection": {"from": 104, "to": 104}}}
{"dateTime": "2025-08-21T00:26:30.517Z", "eventType": "select", "fullPath": "/main.py", "details": {"selection": {"from": 103, "to": 103}}}
{"dateTime": "2025-08-21T00:26:30.982Z", "eventType": "select", "fullPath": "/main.py", "details": {"selection": {"from": 102, "to": 102}}}
{"dateTime": "2025-08-21T00:26:31.381Z", "eventType": "select", "fullPath": "/main.py", "details": {"selection": {"from": 101, "to": 101}}}
{"dateTime": "2025-08-21T00:26:32.408Z", "eventType": "delete.backward", "fullPath": "/main.py", "details": {"fromA": 100, "toA": 101, "fromB": 100, "toB": 100, "inserted": [""]}}
{"dateTime": "2025-08-21T00:26:38.032Z", "eventType": "select.pointer", "fullPath": "/main.py", "details": {"selection": {"from": 105, "to": 105}}}
{"dateTime": "2025-08-21T00:26:40.549Z", "eventType": "input.type", "fullPath": "/main.py", "details": {"fromA": 105, "toA": 105, "fromB": 105, "toB": 106, "inserted": [";"]}}
{"dateTime": "2025-08-21T00:26:42.264Z", "eventType": "delete.backward", "fullPath": "/main.py", "details": {"fromA": 105, "toA": 106, "fromB": 105, "toB": 105, "inserted": [""]}}
{"dateTime": "2025-08-21T00:26:43.352Z", "eventType": "input.type", "fullPath": "/main.py", "details": {"fromA": 105, "toA": 105, "fromB": 105, "toB": 106, "inserted": [":"]}}
{"dateTime": "2025-08-21T00:26:45.276Z", "eventType": "select.pointer", "fullPath": "/main.py", "details": {"selection": {"from": 63, "to": 63}}}
{"dateTime": "2025-08-21T00:26:47.988Z", "eventType": "input.type", "fullPath": "/main.py", "details": {"fromA": 63, "toA": 63, "fromB": 63, "toB": 64, "inserted": [":"]}}
{"dateTime": "2025-08-21T00:26:49.418Z", "eventType": "select", "fullPath": "/main.py", "details": {"selection": {"from": 30, "to": 30}}}
{"dateTime": "2025-08-21T00:26:51.153Z", "eventType": "select.pointer", "fullPath": "/main.py", "details": {"selection": {"from": 28, "to": 28}}}
{"dateTime": "2025-08-21T00:26:52.857Z", "eventType": "input.type", "fullPath": "/main.py", "details": {"fromA": 28, "toA": 28, "fromB": 28, "toB": 29, "inserted": [":"]}}
{"dateTime": "2025-08-21T00:27:14.293Z", "eventType": "blur", "fullPath": "/main.py"}
{"dateTime": "2025-08-21T00:27:14.752Z", "eventType": "submission", "details": {"correctness": 0, "commit": "a2cb056277fcc7a4c5026bfc60d23a853ac5bf75", "executionTime": 0.01}}
{"dateTime": "2025-08-21T00:28:00.010Z", "eventType": "focus", "fullPath": "/main.py"}
{"dateTime": "2025-08-21T00:28:00.012Z", "eventType": "select.pointer", "fullPath": "/main.py", "details": {"selection": {"from": 152, "to": 152}}}
{"dateTime": "2025-08-21T00:28:01.353Z", "eventType": "select.pointer", "fullPath": "/main.py", "details": {"selection": {"from": 148, "to": 148}}}
{"dateTime": "2025-08-21T00:28:01.572Z", "eventType": "select.pointer", "fullPath": "/main.py", "details": {"selection": {"from": 148, "to": 149}}}
{"dateTime": "2025-08-21T00:28:01.587Z", "eventType": "select.pointer", "fullPath": "/main.py", "details": {"selection": {"from": 148, "to": 150}}}
{"dateTime": "2025-08-21T00:28:01.599Z", "eventType": "select.pointer", "fullPath": "/main.py", "details": {"selection": {"from": 148, "to": 151}}}
{"dateTime": "2025-08-21T00:28:01.632Z", "eventType": "select.pointer", "fullPath": "/main.py", "details": {"selection": {"from": 148, "to": 152}}}
{"dateTime": "2025-08-21T00:28:02.253Z", "eventType": "select.pointer", "fullPath": "/main.py", "details": {"selection": {"from": 148, "to": 153}}}
{"dateTime": "2025-08-21T00:28:03.643Z", "eventType": "select.pointer", "fullPath": "/main.py", "details": {"selection": {"from": 176, "to": 176}}}
{"dateTime": "2025-08-21T00:28:04.954Z", "eventType": "select.pointer", "fullPath": "/main.py", "details": {"selection": {"from": 152, "to": 152}}}
{"dateTime": "2025-08-21T00:28:07.297Z", "eventType": "select.pointer", "fullPath": "/main.py", "details": {"selection": {"from": 148, "to": 148}}}
{"dateTime": "2025-08-21T00:28:08.523Z", "eventType": "delete.backward", "fullPath": "/main.py", "details": {"fromA": 147, "toA": 148, "fromB": 147, "toB": 147, "inserted": [""]}}
{"dateTime": "2025-08-21T00:28:12.170Z", "eventType": "select.pointer", "fullPath": "/main.py", "details": {"selection": {"from": 152, "to": 152}}}
{"dateTime": "2025-08-21T00:28:13.274Z", "eventType": "delete.backward", "fullPath": "/main.py", "details": {"fromA": 151, "toA": 152, "fromB": 151, "toB": 151, "inserted": [""]}}
{"dateTime": "2025-08-21T00:28:15.749Z", "eventType": "input.type", "fullPath": "/main.py", "details": {"fromA": 151, "toA": 151, "fromB": 151, "toB": 152, "inserted": ["e"]}}
{"dateTime": "2025-08-21T00:28:16.949Z", "eventType": "delete.backward", "fullPath": "/main.py", "details": {"fromA": 151, "toA": 152, "fromB": 151, "toB": 151, "inserted": [""]}}
{"dateTime": "2025-08-21T00:28:17.163Z", "eventType": "delete.backward", "fullPath": "/main.py", "details": {"fromA": 150, "toA": 151, "fromB": 150, "toB": 150, "inserted": [""]}}
{"dateTime": "2025-08-21T00:28:17.355Z", "eventType": "delete.backward", "fullPath": "/main.py", "details": {"fromA": 149, "toA": 150, "fromB": 149, "toB": 149, "inserted": [""]}}
{"dateTime": "2025-08-21T00:28:17.578Z", "eventType": "delete.backward", "fullPath": "/main.py", "details": {"fromA": 148, "toA": 149, "fromB": 148, "toB": 148, "inserted": [""]}}
{"dateTime": "2025-08-21T00:28:18.426Z", "eventType": "delete.backward", "fullPath": "/main.py", "details": {"fromA": 147, "toA": 148, "fromB": 147, "toB": 147, "inserted": [""]}}
{"dateTime": "2025-08-21T00:28:18.906Z", "eventType": "input.type", "fullPath": "/main.py", "details": {"fromA": 147, "toA": 147, "fromB": 147, "toB": 148, "inserted": ["i"]}}
{"dateTime": "2025-08-21T00:28:20.214Z", "eventType": "input.type", "fullPath": "/main.py", "details": {"fromA": 148, "toA": 148, "fromB": 148, "toB": 149, "inserted": ["d"]}}
{"dateTime": "2025-08-21T00:28:20.314Z", "eventType": "input.type", "fullPath": "/main.py", "details": {"fromA": 149, "toA": 149, "fromB": 149, "toB": 150, "inserted": ["a"]}}
{"dateTime": "2025-08-21T00:28:20.475Z", "eventType": "input.type", "fullPath": "/main.py", "details": {"fromA": 150, "toA": 150, "fromB": 150, "toB": 151, "inserted": ["e"]}}
{"dateTime": "2025-08-21T00:28:22.155Z", "eventType": "delete.backward", "fullPath": "/main.py", "details": {"fromA": 150, "toA": 151, "fromB": 150, "toB": 150, "inserted": [""]}}
{"dateTime": "2025-08-21T00:28:24.235Z", "eventType": "input.type", "fullPath": "/main.py", "details": {"fromA": 150, "toA": 150, "fromB": 150, "toB": 151, "inserted": ["d"]}}
{"dateTime": "2025-08-21T00:28:24.395Z", "eventType": "input.type", "fullPath": "/main.py", "details": {"fromA": 151, "toA": 151, "fromB": 151, "toB": 152, "inserted": ["e"]}}
{"dateTime": "2025-08-21T00:28:45.076Z", "eventType": "select.pointer", "fullPath": "/main.py", "details": {"selection": {"from": 30, "to": 30}}}
{"dateTime": "2025-08-21T00:28:46.548Z", "eventType": "select.pointer", "fullPath": "/main.py", "details": {"selection": {"from": 29, "to": 29}}}
{"dateTime": "2025-08-21T00:28:48.434Z", "eventType": "select.pointer", "fullPath": "/main.py", "details": {"selection": {"from": 24, "to": 24}}}
{"dateTime": "2025-08-21T00:28:55.515Z", "eventType": "select.pointer", "fullPath": "/main.py", "details": {"selection": {"from": 1, "to": 1}}}
{"dateTime": "2025-08-21T00:29:01.035Z", "eventType": "delete.backward", "fullPath": "/main.py", "details": {"fromA": 0, "toA": 1, "fromB": 0, "toB": 0, "inserted": [""]}}
{"dateTime": "2025-08-21T00:29:02.427Z", "eventType": "input.type", "fullPath": "/main.py", "details": {"fromA": 0, "toA": 0, "fromB": 0, "toB": 1, "inserted": ["N"]}}
{"dateTime": "2025-08-21T00:29:06.216Z", "eventType": "blur", "fullPath": "/main.py"}
{"dateTime": "2025-08-21T00:29:06.220Z", "eventType": "focus", "fullPath": "/main.py"}
{"dateTime": "2025-08-21T00:29:06.221Z", "eventType": "select", "fullPath": "/main.py", "details": {"selection": {"from": 178, "to": 178}}}
{"dateTime": "2025-08-21T00:29:07.734Z", "eventType": "select.pointer", "fullPath": "/main.py", "details": {"selection": {"from": 33, "to": 33}}}
{"dateTime": "2025-08-21T00:29:08.937Z", "eventType": "delete.backward", "fullPath": "/main.py", "details": {"fromA": 32, "toA": 33, "fromB": 32, "toB": 32, "inserted": [""]}}
{"dateTime": "2025-08-21T00:29:10.216Z", "eventType": "input.type", "fullPath": "/main.py", "details": {"fromA": 32, "toA": 32, "fromB": 32, "toB": 33, "inserted": ["I"]}}
{"dateTime": "2025-08-21T00:29:12.357Z", "eventType": "input.complete", "fullPath": "/main.py", "details": {"fromA": 32, "toA": 33, "fromB": 32, "toB": 37, "inserted": ["Idade"]}}
{"dateTime": "2025-08-21T00:29:13.309Z", "eventType": "select.pointer", "fullPath": "/main.py", "details": {"selection": {"from": 74, "to": 74}}}
{"dateTime": "2025-08-21T00:29:14.522Z", "eventType": "delete.backward", "fullPath": "/main.py", "details": {"fromA": 73, "toA": 74, "fromB": 73, "toB": 73, "inserted": [""]}}
{"dateTime": "2025-08-21T00:29:15.901Z", "eventType": "input.type", "fullPath": "/main.py", "details": {"fromA": 73, "toA": 73, "fromB": 73, "toB": 74, "inserted": ["A"]}}
{"dateTime": "2025-08-21T00:29:18.412Z", "eventType": "blur", "fullPath": "/main.py"}
{"dateTime": "2025-08-21T00:29:18.415Z", "eventType": "focus", "fullPath": "/main.py"}
{"dateTime": "2025-08-21T00:29:18.417Z", "eventType": "select", "fullPath": "/main.py", "details": {"selection": {"from": 182, "to": 182}}}
{"dateTime": "2025-08-21T00:29:20.700Z", "eventType": "select.pointer", "fullPath": "/main.py", "details": {"selection": {"from": 132, "to": 132}}}
{"dateTime": "2025-08-21T00:29:21.900Z", "eventType": "delete.backward", "fullPath": "/main.py", "details": {"fromA": 131, "toA": 132, "fromB": 131, "toB": 131, "inserted": [""]}}
{"dateTime": "2025-08-21T00:29:22.892Z", "eventType": "input.type", "fullPath": "/main.py", "details": {"fromA": 131, "toA": 131, "fromB": 131, "toB": 132, "inserted": ["N"]}}
{"dateTime": "2025-08-21T00:29:24.472Z", "eventType": "blur", "fullPath": "/main.py"}
{"dateTime": "2025-08-21T00:29:24.476Z", "eventType": "focus", "fullPath": "/main.py"}
{"dateTime": "2025-08-21T00:29:24.477Z", "eventType": "select", "fullPath": "/main.py", "details": {"selection": {"from": 182, "to": 182}}}
{"dateTime": "2025-08-21T00:29:26.749Z", "eventType": "select.pointer", "fullPath": "/main.py", "details": {"selection": {"from": 152, "to": 152}}}
{"dateTime": "2025-08-21T00:29:27.804Z", "eventType": "delete.backward", "fullPath": "/main.py", "details": {"fromA": 151, "toA": 152, "fromB": 151, "toB": 151, "inserted": [""]}}
{"dateTime": "2025-08-21T00:29:30.045Z", "eventType": "input.type", "fullPath": "/main.py", "details": {"fromA": 151, "toA": 151, "fromB": 151, "toB": 152, "inserted": ["I"]}}
{"dateTime": "2025-08-21T00:29:31.724Z", "eventType": "select.pointer", "fullPath": "/main.py", "details": {"selection": {"from": 175, "to": 175}}}
{"dateTime": "2025-08-21T00:29:31.887Z", "eventType": "select.pointer", "fullPath": "/main.py", "details": {"selection": {"from": 175, "to": 182}}}
{"dateTime": "2025-08-21T00:29:33.777Z", "eventType": "blur", "fullPath": "/main.py"}
{"dateTime": "2025-08-21T00:29:34.602Z", "eventType": "focus", "fullPath": "/main.py"}
{"dateTime": "2025-08-21T00:29:35.740Z", "eventType": "select.pointer", "fullPath": "/main.py", "details": {"selection": {"from": 175, "to": 175}}}
{"dateTime": "2025-08-21T00:29:35.891Z", "eventType": "select.pointer", "fullPath": "/main.py", "details": {"selection": {"from": 175, "to": 182}}}
{"dateTime": "2025-08-21T00:29:36.687Z", "eventType": "select.pointer", "fullPath": "/main.py", "details": {"selection": {"from": 175, "to": 175}}}
{"dateTime": "2025-08-21T00:29:36.691Z", "eventType": "select.pointer", "fullPath": "/main.py", "details": {"selection": {"from": 175, "to": 176}}}
{"dateTime": "2025-08-21T00:29:42.029Z", "eventType": "select", "fullPath": "/main.py", "details": {"selection": {"from": 176, "to": 176}}}
{"dateTime": "2025-08-21T00:29:43.450Z", "eventType": "select", "fullPath": "/main.py", "details": {"selection": {"from": 175, "to": 175}}}
{"dateTime": "2025-08-21T00:29:44.696Z", "eventType": "delete.backward", "fullPath": "/main.py", "details": {"fromA": 174, "toA": 175, "fromB": 174, "toB": 174, "inserted": [""]}}
{"dateTime": "2025-08-21T00:29:45.675Z", "eventType": "input.type", "fullPath": "/main.py", "details": {"fromA": 174, "toA": 174, "fromB": 174, "toB": 175, "inserted": ["A"]}}
{"dateTime": "2025-08-21T00:29:48.287Z", "eventType": "blur", "fullPath": "/main.py"}
{"dateTime": "2025-08-21T00:29:48.757Z", "eventType": "submission", "details": {"correctness": 0, "commit": "859ae3108795b18dd277ea37eb42d5241aeb7c0c", "executionTime": 0.01}}
{"dateTime": "2025-08-21T00:29:49.815Z", "eventType": "submission", "details": {"correctness": 0, "commit": "859ae3108795b18dd277ea37eb42d5241aeb7c0c", "executionTime": 0.01}}
{"dateTime": "2025-08-21T00:29:52.332Z", "eventType": "focus", "fullPath": "/main.py"}
{"dateTime": "2025-08-21T00:29:52.335Z", "eventType": "select.pointer", "fullPath": "/main.py", "details": {"selection": {"from": 82, "to": 82}}}
{"dateTime": "2025-08-21T00:29:52.488Z", "eventType": "select.pointer", "fullPath": "/main.py", "details": {"selection": {"from": 82, "to": 83}}}
{"dateTime": "2025-08-21T00:29:52.501Z", "eventType": "select.pointer", "fullPath": "/main.py", "details": {"selection": {"from": 82, "to": 116}}}
{"dateTime": "2025-08-21T00:29:58.638Z", "eventType": "select.pointer", "fullPath": "/main.py", "details": {"selection": {"from": 5, "to": 5}}}
{"dateTime": "2025-08-21T00:29:59.693Z", "eventType": "input.type", "fullPath": "/main.py", "details": {"fromA": 5, "toA": 5, "fromB": 5, "toB": 6, "inserted": [" "]}}
{"dateTime": "2025-08-21T00:30:00.141Z", "eventType": "input.type", "fullPath": "/main.py", "details": {"fromA": 6, "toA": 6, "fromB": 6, "toB": 7, "inserted": [" "]}}
{"dateTime": "2025-08-21T00:30:00.430Z", "eventType": "input.type", "fullPath": "/main.py", "details": {"fromA": 7, "toA": 7, "fromB": 7, "toB": 8, "inserted": [" "]}}
{"dateTime": "2025-08-21T00:30:03.646Z", "eventType": "input.type", "fullPath": "/main.py", "details": {"fromA": 8, "toA": 8, "fromB": 8, "toB": 9, "inserted": [" "]}}
{"dateTime": "2025-08-21T00:30:03.870Z", "eventType": "input.type", "fullPath": "/main.py", "details": {"fromA": 9, "toA": 9, "fromB": 9, "toB": 10, "inserted": [" "]}}
{"dateTime": "2025-08-21T00:30:09.401Z", "eventType": "delete.backward", "fullPath": "/main.py", "details": {"fromA": 9, "toA": 10, "fromB": 9, "toB": 9, "inserted": [""]}}
{"dateTime": "2025-08-21T00:30:10.973Z", "eventType": "select.pointer", "fullPath": "/main.py", "details": {"selection": {"from": 45, "to": 45}}}
{"dateTime": "2025-08-21T00:30:12.061Z", "eventType": "delete.backward", "fullPath": "/main.py", "details": {"fromA": 44, "toA": 45, "fromB": 44, "toB": 44, "inserted": [""]}}
{"dateTime": "2025-08-21T00:30:12.302Z", "eventType": "delete.backward", "fullPath": "/main.py", "details": {"fromA": 43, "toA": 44, "fromB": 43, "toB": 43, "inserted": [""]}}
{"dateTime": "2025-08-21T00:30:12.829Z", "eventType": "delete.backward", "fullPath": "/main.py", "details": {"fromA": 42, "toA": 43, "fromB": 42, "toB": 42, "inserted": [""]}}
{"dateTime": "2025-08-21T00:30:13.150Z", "eventType": "delete.backward", "fullPath": "/main.py", "details": {"fromA": 41, "toA": 42, "fromB": 41, "toB": 41, "inserted": [""]}}
{"dateTime": "2025-08-21T00:30:15.927Z", "eventType": "select.pointer", "fullPath": "/main.py", "details": {"selection": {"from": 9, "to": 9}}}
{"dateTime": "2025-08-21T00:30:17.150Z", "eventType": "delete.backward", "fullPath": "/main.py", "details": {"fromA": 8, "toA": 9, "fromB": 8, "toB": 8, "inserted": [""]}}
{"dateTime": "2025-08-21T00:30:17.517Z", "eventType": "delete.backward", "fullPath": "/main.py", "details": {"fromA": 7, "toA": 8, "fromB": 7, "toB": 7, "inserted": [""]}}
{"dateTime": "2025-08-21T00:30:18.811Z", "eventType": "delete.backward", "fullPath": "/main.py", "details": {"fromA": 6, "toA": 7, "fromB": 6, "toB": 6, "inserted": [""]}}
{"dateTime": "2025-08-21T00:30:19.310Z", "eventType": "delete.backward", "fullPath": "/main.py", "details": {"fromA": 5, "toA": 6, "fromB": 5, "toB": 5, "inserted": [""]}}
{"dateTime": "2025-08-21T00:30:23.648Z", "eventType": "blur", "fullPath": "/main.py"}
{"dateTime": "2025-08-21T00:30:24.088Z", "eventType": "submission", "details": {"correctness": 0, "commit": "c9dbc451723f6f8ea38b26ffeb0e2881a3696b14", "executionTime": 0.01}}
{"dateTime": "2025-08-21T00:30:25.643Z", "eventType": "submission", "details": {"correctness": 0, "commit": "c9dbc451723f6f8ea38b26ffeb0e2881a3696b14", "executionTime": 0.01}}
{"dateTime": "2025-08-21T00:30:26.015Z", "eventType": "submission", "details": {"correctness": 0, "commit": "c9dbc451723f6f8ea38b26ffeb0e2881a3696b14", "executionTime": 0.01}}
{"dateTime": "2025-08-21T00:30:31.589Z", "eventType": "focus", "fullPath": "/main.py"}
{"dateTime": "2025-08-21T00:30:31.592Z", "eventType": "select.pointer", "fullPath": "/main.py", "details": {"selection": {"from": 148, "to": 148}}}
{"dateTime": "2025-08-21T00:30:33.301Z", "eventType": "select.pointer", "fullPath": "/main.py", "details": {"selection": {"from": 152, "to": 152}}}
{"dateTime": "2025-08-21T00:30:34.334Z", "eventType": "delete.backward", "fullPath": "/main.py", "details": {"fromA": 151, "toA": 152, "fromB": 151, "toB": 151, "inserted": [""]}}
{"dateTime": "2025-08-21T00:30:34.542Z", "eventType": "delete.backward", "fullPath": "/main.py", "details": {"fromA": 150, "toA": 151, "fromB": 150, "toB": 150, "inserted": [""]}}
{"dateTime": "2025-08-21T00:30:34.734Z", "eventType": "delete.backward", "fullPath": "/main.py", "details": {"fromA": 149, "toA": 150, "fromB": 149, "toB": 149, "inserted": [""]}}
{"dateTime": "2025-08-21T00:30:34.894Z", "eventType": "delete.backward", "fullPath": "/main.py", "details": {"fromA": 148, "toA": 149, "fromB": 148, "toB": 148, "inserted": [""]}}
{"dateTime": "2025-08-21T00:30:35.198Z", "eventType": "delete.backward", "fullPath": "/main.py", "details": {"fromA": 147, "toA": 148, "fromB": 147, "toB": 147, "inserted": [""]}}
{"dateTime": "2025-08-21T00:30:36.222Z", "eventType": "input.type", "fullPath": "/main.py", "details": {"fromA": 147, "toA": 147, "fromB": 147, "toB": 148, "inserted": ["i"]}}
{"dateTime": "2025-08-21T00:30:37.625Z", "eventType": "delete.backward", "fullPath": "/main.py", "details": {"fromA": 147, "toA": 148, "fromB": 147, "toB": 147, "inserted": [""]}}
{"dateTime": "2025-08-21T00:30:38.622Z", "eventType": "input.type", "fullPath": "/main.py", "details": {"fromA": 147, "toA": 147, "fromB": 147, "toB": 148, "inserted": ["I"]}}
{"dateTime": "2025-08-21T00:30:39.726Z", "eventType": "input.type", "fullPath": "/main.py", "details": {"fromA": 148, "toA": 148, "fromB": 148, "toB": 149, "inserted": ["d"]}}
{"dateTime": "2025-08-21T00:30:39.871Z", "eventType": "input.type", "fullPath": "/main.py", "details": {"fromA": 149, "toA": 149, "fromB": 149, "toB": 150, "inserted": ["a"]}}
{"dateTime": "2025-08-21T00:30:41.161Z", "eventType": "input.type", "fullPath": "/main.py", "details": {"fromA": 150, "toA": 150, "fromB": 150, "toB": 151, "inserted": ["d"]}}
{"dateTime": "2025-08-21T00:30:42.671Z", "eventType": "input.type", "fullPath": "/main.py", "details": {"fromA": 151, "toA": 151, "fromB": 151, "toB": 152, "inserted": ["e"]}}
{"dateTime": "2025-08-21T00:30:44.030Z", "eventType": "delete.backward", "fullPath": "/main.py", "details": {"fromA": 151, "toA": 152, "fromB": 151, "toB": 151, "inserted": [""]}}
{"dateTime": "2025-08-21T00:30:44.270Z", "eventType": "delete.backward", "fullPath": "/main.py", "details": {"fromA": 150, "toA": 151, "fromB": 150, "toB": 150, "inserted": [""]}}
{"dateTime": "2025-08-21T00:30:44.734Z", "eventType": "delete.backward", "fullPath": "/main.py", "details": {"fromA": 149, "toA": 150, "fromB": 149, "toB": 149, "inserted": [""]}}
{"dateTime": "2025-08-21T00:30:45.054Z", "eventType": "delete.backward", "fullPath": "/main.py", "details": {"fromA": 148, "toA": 149, "fromB": 148, "toB": 148, "inserted": [""]}}
{"dateTime": "2025-08-21T00:30:56.671Z", "eventType": "delete.backward", "fullPath": "/main.py", "details": {"fromA": 147, "toA": 148, "fromB": 147, "toB": 147, "inserted": [""]}}
{"dateTime": "2025-08-21T00:31:05.754Z", "eventType": "delete.backward", "fullPath": "/main.py", "details": {"fromA": 146, "toA": 147, "fromB": 146, "toB": 146, "inserted": [""]}}
{"dateTime": "2025-08-21T00:31:13.002Z", "eventType": "select.pointer", "fullPath": "/main.py", "details": {"selection": {"from": 148, "to": 148}}}
{"dateTime": "2025-08-21T00:31:14.182Z", "eventType": "select.pointer", "fullPath": "/main.py", "details": {"selection": {"from": 147, "to": 147}}}
{"dateTime": "2025-08-21T00:31:17.119Z", "eventType": "input.type", "fullPath": "/main.py", "details": {"fromA": 147, "toA": 147, "fromB": 147, "toB": 148, "inserted": [","]}}
{"dateTime": "2025-08-21T00:31:21.647Z", "eventType": "input.type", "fullPath": "/main.py", "details": {"fromA": 148, "toA": 148, "fromB": 148, "toB": 149, "inserted": ["I"]}}
{"dateTime": "2025-08-21T00:31:23.936Z", "eventType": "input.complete", "fullPath": "/main.py", "details": {"fromA": 148, "toA": 149, "fromB": 148, "toB": 153, "inserted": ["Idade"]}}
{"dateTime": "2025-08-21T00:31:26.096Z", "eventType": "select.pointer", "fullPath": "/main.py", "details": {"selection": {"from": 176, "to": 176}}}
{"dateTime": "2025-08-21T00:31:28.095Z", "eventType": "delete.backward", "fullPath": "/main.py", "details": {"fromA": 175, "toA": 176, "fromB": 175, "toB": 175, "inserted": [""]}}
{"dateTime": "2025-08-21T00:31:28.415Z", "eventType": "delete.backward", "fullPath": "/main.py", "details": {"fromA": 174, "toA": 175, "fromB": 174, "toB": 174, "inserted": [""]}}
{"dateTime": "2025-08-21T00:31:28.640Z", "eventType": "delete.backward", "fullPath": "/main.py", "details": {"fromA": 173, "toA": 174, "fromB": 173, "toB": 173, "inserted": [""]}}
{"dateTime": "2025-08-21T00:31:28.849Z", "eventType": "delete.backward", "fullPath": "/main.py", "details": {"fromA": 172, "toA": 173, "fromB": 172, "toB": 172, "inserted": [""]}}
{"dateTime": "2025-08-21T00:31:29.215Z", "eventType": "delete.backward", "fullPath": "/main.py", "details": {"fromA": 171, "toA": 172, "fromB": 171, "toB": 171, "inserted": [""]}}
{"dateTime": "2025-08-21T00:31:29.791Z", "eventType": "delete.backward", "fullPath": "/main.py", "details": {"fromA": 170, "toA": 171, "fromB": 170, "toB": 170, "inserted": [""]}}
{"dateTime": "2025-08-21T00:31:51.265Z", "eventType": "delete.backward", "fullPath": "/main.py", "details": {"fromA": 169, "toA": 170, "fromB": 169, "toB": 169, "inserted": [""]}}
{"dateTime": "2025-08-21T00:31:52.555Z", "eventType": "select.pointer", "fullPath": "/main.py", "details": {"selection": {"from": 170, "to": 170}}}
{"dateTime": "2025-08-21T00:31:54.784Z", "eventType": "input.type", "fullPath": "/main.py", "details": {"fromA": 170, "toA": 170, "fromB": 170, "toB": 171, "inserted": [","]}}
{"dateTime": "2025-08-21T00:31:57.964Z", "eventType": "input.type", "fullPath": "/main.py", "details": {"fromA": 171, "toA": 171, "fromB": 171, "toB": 172, "inserted": ["A"]}}
{"dateTime": "2025-08-21T00:31:58.652Z", "eventType": "input.type", "fullPath": "/main.py", "details": {"fromA": 172, "toA": 172, "fromB": 172, "toB": 173, "inserted": ["l"]}}
{"dateTime": "2025-08-21T00:31:59.933Z", "eventType": "input.complete", "fullPath": "/main.py", "details": {"fromA": 171, "toA": 173, "fromB": 171, "toB": 177, "inserted": ["Altura"]}}
{"dateTime": "2025-08-21T00:32:02.388Z", "eventType": "select.pointer", "fullPath": "/main.py", "details": {"selection": {"from": 29, "to": 29}}}
{"dateTime": "2025-08-21T00:32:04.317Z", "eventType": "input.type", "fullPath": "/main.py", "details": {"fromA": 29, "toA": 29, "fromB": 29, "toB": 30, "inserted": [" "]}}
{"dateTime": "2025-08-21T00:32:06.276Z", "eventType": "select.pointer", "fullPath": "/main.py", "details": {"selection": {"from": 66, "to": 66}}}
{"dateTime": "2025-08-21T00:32:06.834Z", "eventType": "input.type", "fullPath": "/main.py", "details": {"fromA": 66, "toA": 66, "fromB": 66, "toB": 67, "inserted": [" "]}}
{"dateTime": "2025-08-21T00:32:07.699Z", "eventType": "select.pointer", "fullPath": "/main.py", "details": {"selection": {"from": 111, "to": 111}}}
{"dateTime": "2025-08-21T00:32:08.921Z", "eventType": "select.pointer", "fullPath": "/main.py", "details": {"selection": {"from": 110, "to": 110}}}
{"dateTime": "2025-08-21T00:32:09.600Z", "eventType": "input.type", "fullPath": "/main.py", "details": {"fromA": 110, "toA": 110, "fromB": 110, "toB": 111, "inserted": [" "]}}
{"dateTime": "2025-08-21T00:32:11.129Z", "eventType": "blur", "fullPath": "/main.py"}
{"dateTime": "2025-08-21T00:32:11.582Z", "eventType": "submission", "details": {"correctness": 1, "commit": "3072c69b772cb880a9ea897f610bd27bfa0b6ede", "executionTime": 0.01}}
{"dateTime": "2025-08-21T00:32:15.169Z", "eventType": "submission", "details": {"correctness": 1, "commit": "3072c69b772cb880a9ea897f610bd27bfa0b6ede", "executionTime": 0.01}}
{"dateTime": "2025-08-21T00:32:23.102Z", "eventType": "window.blur", "fullPath": "/main.py"}
{"dateTime": "2025-08-26T00:12:19.438Z", "eventType": "submission", "details": {"correctness": 1, "commit": "3072c69b772cb880a9ea897f610bd27bfa0b6ede", "executionTime": 0.01}}
