{"dateTime": "2025-09-02T22:23:10.510Z", "eventType": "blur", "fullPath": "/main.py"}
{"dateTime": "2025-09-02T22:23:18.989Z", "eventType": "submission", "details": {"correctness": 1, "commit": "1a79267569635eca1620df11dff3f8d62496d624", "executionTime": 0.01}}
{"dateTime": "2025-09-02T22:26:07.782Z", "eventType": "focus", "fullPath": "/main.py"}
{"dateTime": "2025-09-02T22:26:07.785Z", "eventType": "select.pointer", "fullPath": "/main.py", "details": {"selection": {"from": 0, "to": 0}}}
{"dateTime": "2025-09-02T22:26:09.024Z", "eventType": "input.type", "fullPath": "/main.py", "details": {"fromA": 0, "toA": 0, "fromB": 0, "toB": 1, "inserted": ["X"]}}
{"dateTime": "2025-09-02T22:26:09.456Z", "eventType": "input.type", "fullPath": "/main.py", "details": {"fromA": 1, "toA": 1, "fromB": 1, "toB": 2, "inserted": [" "]}}
{"dateTime": "2025-09-02T22:26:10.192Z", "eventType": "input.type", "fullPath": "/main.py", "details": {"fromA": 2, "toA": 2, "fromB": 2, "toB": 3, "inserted": ["="]}}
{"dateTime": "2025-09-02T22:26:10.880Z", "eventType": "input.type", "fullPath": "/main.py", "details": {"fromA": 3, "toA": 3, "fromB": 3, "toB": 4, "inserted": [" "]}}
{"dateTime": "2025-09-02T22:26:11.727Z", "eventType": "input.type", "fullPath": "/main.py", "details": {"fromA": 4, "toA": 4, "fromB": 4, "toB": 5, "inserted": ["i"]}}
{"dateTime": "2025-09-02T22:26:12.040Z", "eventType": "input.type", "fullPath": "/main.py", "details": {"fromA": 5, "toA": 5, "fromB": 5, "toB": 6, "inserted": ["n"]}}
{"dateTime": "2025-09-02T22:26:12.529Z", "eventType": "input.type", "fullPath": "/main.py", "details": {"fromA": 6, "toA": 6, "fromB": 6, "toB": 7, "inserted": ["t"]}}
{"dateTime": "2025-09-02T22:26:13.952Z", "eventType": "input.type", "fullPath": "/main.py", "details": {"fromA": 7, "toA": 7, "fromB": 7, "toB": 9, "inserted": ["()"]}}
{"dateTime": "2025-09-02T22:26:14.239Z", "eventType": "input.type", "fullPath": "/main.py", "details": {"fromA": 8, "toA": 8, "fromB": 8, "toB": 9, "inserted": ["i"]}}
{"dateTime": "2025-09-02T22:26:16.402Z", "eventType": "input.type", "fullPath": "/main.py", "details": {"fromA": 9, "toA": 9, "fromB": 9, "toB": 10, "inserted": ["n"]}}
{"dateTime": "2025-09-02T22:26:17.472Z", "eventType": "input.complete", "fullPath": "/main.py", "details": {"fromA": 8, "toA": 10, "fromB": 8, "toB": 13, "inserted": ["input"]}}
{"dateTime": "2025-09-02T22:26:18.191Z", "eventType": "input.type", "fullPath": "/main.py", "details": {"fromA": 13, "toA": 13, "fromB": 13, "toB": 14, "inserted": ["9"]}}
{"dateTime": "2025-09-02T22:26:18.863Z", "eventType": "delete.backward", "fullPath": "/main.py", "details": {"fromA": 13, "toA": 14, "fromB": 13, "toB": 13, "inserted": [""]}}
{"dateTime": "2025-09-02T22:26:19.312Z", "eventType": "input.type", "fullPath": "/main.py", "details": {"fromA": 13, "toA": 13, "fromB": 13, "toB": 15, "inserted": ["()"]}}
{"dateTime": "2025-09-02T22:26:20.877Z", "eventType": "select", "fullPath": "/main.py", "details": {"selection": {"from": 15, "to": 15}}}
{"dateTime": "2025-09-02T22:26:21.119Z", "eventType": "select", "fullPath": "/main.py", "details": {"selection": {"from": 16, "to": 16}}}
{"dateTime": "2025-09-02T22:26:21.760Z", "eventType": "input", "fullPath": "/main.py", "details": {"fromA": 16, "toA": 16, "fromB": 16, "toB": 17, "inserted": ["", ""]}}
{"dateTime": "2025-09-02T22:26:28.768Z", "eventType": "input.type", "fullPath": "/main.py", "details": {"fromA": 17, "toA": 17, "fromB": 17, "toB": 18, "inserted": ["Y"]}}
{"dateTime": "2025-09-02T22:26:29.503Z", "eventType": "input.type", "fullPath": "/main.py", "details": {"fromA": 18, "toA": 18, "fromB": 18, "toB": 19, "inserted": [" "]}}
{"dateTime": "2025-09-02T22:26:29.871Z", "eventType": "input.type", "fullPath": "/main.py", "details": {"fromA": 19, "toA": 19, "fromB": 19, "toB": 20, "inserted": ["="]}}
{"dateTime": "2025-09-02T22:26:30.175Z", "eventType": "input.type", "fullPath": "/main.py", "details": {"fromA": 20, "toA": 20, "fromB": 20, "toB": 21, "inserted": [" "]}}
{"dateTime": "2025-09-02T22:26:30.463Z", "eventType": "input.type", "fullPath": "/main.py", "details": {"fromA": 21, "toA": 21, "fromB": 21, "toB": 22, "inserted": ["i"]}}
{"dateTime": "2025-09-02T22:26:30.729Z", "eventType": "input.type", "fullPath": "/main.py", "details": {"fromA": 22, "toA": 22, "fromB": 22, "toB": 23, "inserted": ["n"]}}
{"dateTime": "2025-09-02T22:26:31.840Z", "eventType": "input.complete", "fullPath": "/main.py", "details": {"fromA": 21, "toA": 23, "fromB": 21, "toB": 26, "inserted": ["input"]}}
{"dateTime": "2025-09-02T22:26:32.304Z", "eventType": "input.type", "fullPath": "/main.py", "details": {"fromA": 26, "toA": 26, "fromB": 26, "toB": 28, "inserted": ["()"]}}
{"dateTime": "2025-09-02T22:26:33.615Z", "eventType": "input.type", "fullPath": "/main.py", "details": {"fromA": 27, "toA": 27, "fromB": 27, "toB": 28, "inserted": ["i"]}}
{"dateTime": "2025-09-02T22:26:34.545Z", "eventType": "input.type", "fullPath": "/main.py", "details": {"fromA": 28, "toA": 28, "fromB": 28, "toB": 29, "inserted": ["n"]}}
{"dateTime": "2025-09-02T22:26:35.296Z", "eventType": "input.type", "fullPath": "/main.py", "details": {"fromA": 29, "toA": 29, "fromB": 29, "toB": 30, "inserted": ["]"]}}
{"dateTime": "2025-09-02T22:26:36.208Z", "eventType": "delete.backward", "fullPath": "/main.py", "details": {"fromA": 29, "toA": 30, "fromB": 29, "toB": 29, "inserted": [""]}}
{"dateTime": "2025-09-02T22:26:37.151Z", "eventType": "input.type", "fullPath": "/main.py", "details": {"fromA": 29, "toA": 29, "fromB": 29, "toB": 30, "inserted": ["p"]}}
{"dateTime": "2025-09-02T22:26:37.712Z", "eventType": "input.complete", "fullPath": "/main.py", "details": {"fromA": 27, "toA": 30, "fromB": 27, "toB": 32, "inserted": ["input"]}}
{"dateTime": "2025-09-02T22:26:38.416Z", "eventType": "input.type", "fullPath": "/main.py", "details": {"fromA": 32, "toA": 32, "fromB": 32, "toB": 34, "inserted": ["()"]}}
{"dateTime": "2025-09-02T22:26:38.607Z", "eventType": "input.type", "fullPath": "/main.py", "details": {"fromA": 33, "toA": 34, "fromB": 33, "toB": 34, "inserted": [")"]}}
{"dateTime": "2025-09-02T22:26:39.631Z", "eventType": "select", "fullPath": "/main.py", "details": {"selection": {"from": 35, "to": 35}}}
{"dateTime": "2025-09-02T22:26:40.416Z", "eventType": "input", "fullPath": "/main.py", "details": {"fromA": 35, "toA": 35, "fromB": 35, "toB": 36, "inserted": ["", ""]}}
{"dateTime": "2025-09-02T22:26:50.175Z", "eventType": "input", "fullPath": "/main.py", "details": {"fromA": 36, "toA": 36, "fromB": 36, "toB": 37, "inserted": ["", ""]}}
{"dateTime": "2025-09-02T22:26:50.560Z", "eventType": "input.type", "fullPath": "/main.py", "details": {"fromA": 37, "toA": 37, "fromB": 37, "toB": 38, "inserted": ["i"]}}
{"dateTime": "2025-09-02T22:26:51.216Z", "eventType": "input.type", "fullPath": "/main.py", "details": {"fromA": 38, "toA": 38, "fromB": 38, "toB": 39, "inserted": ["f"]}}
{"dateTime": "2025-09-02T22:26:53.041Z", "eventType": "input.complete", "fullPath": "/main.py", "details": {"fromA": 37, "toA": 39, "fromB": 37, "toB": 53, "inserted": ["if :", "  ", "else:", "  "]}}
{"dateTime": "2025-09-02T22:26:54.352Z", "eventType": "input.type", "fullPath": "/main.py", "details": {"fromA": 40, "toA": 40, "fromB": 40, "toB": 42, "inserted": ["()"]}}
{"dateTime": "2025-09-02T22:26:58.352Z", "eventType": "delete.backward", "fullPath": "/main.py", "details": {"fromA": 40, "toA": 42, "fromB": 40, "toB": 40, "inserted": [""]}}
{"dateTime": "2025-09-02T22:26:59.792Z", "eventType": "input.type", "fullPath": "/main.py", "details": {"fromA": 40, "toA": 40, "fromB": 40, "toB": 42, "inserted": ["()"]}}
{"dateTime": "2025-09-02T22:27:00.859Z", "eventType": "input.type", "fullPath": "/main.py", "details": {"fromA": 41, "toA": 41, "fromB": 41, "toB": 42, "inserted": ["x"]}}
{"dateTime": "2025-09-02T22:27:04.176Z", "eventType": "input.type", "fullPath": "/main.py", "details": {"fromA": 42, "toA": 42, "fromB": 42, "toB": 43, "inserted": ["5"]}}
{"dateTime": "2025-09-02T22:27:04.747Z", "eventType": "input.type", "fullPath": "/main.py", "details": {"fromA": 43, "toA": 43, "fromB": 43, "toB": 44, "inserted": ["y"]}}
{"dateTime": "2025-09-02T22:27:06.639Z", "eventType": "delete.backward", "fullPath": "/main.py", "details": {"fromA": 43, "toA": 44, "fromB": 43, "toB": 43, "inserted": [""]}}
{"dateTime": "2025-09-02T22:27:07.261Z", "eventType": "input.type", "fullPath": "/main.py", "details": {"fromA": 43, "toA": 43, "fromB": 43, "toB": 44, "inserted": ["Y"]}}
{"dateTime": "2025-09-02T22:27:08.142Z", "eventType": "select", "fullPath": "/main.py", "details": {"selection": {"from": 43, "to": 43}}}
{"dateTime": "2025-09-02T22:27:08.316Z", "eventType": "select", "fullPath": "/main.py", "details": {"selection": {"from": 42, "to": 42}}}
{"dateTime": "2025-09-02T22:27:09.248Z", "eventType": "delete.backward", "fullPath": "/main.py", "details": {"fromA": 41, "toA": 42, "fromB": 41, "toB": 41, "inserted": [""]}}
{"dateTime": "2025-09-02T22:27:11.648Z", "eventType": "input.type", "fullPath": "/main.py", "details": {"fromA": 41, "toA": 41, "fromB": 41, "toB": 42, "inserted": ["X"]}}
{"dateTime": "2025-09-02T22:27:13.391Z", "eventType": "input.type", "fullPath": "/main.py", "details": {"fromA": 42, "toA": 42, "fromB": 42, "toB": 43, "inserted": ["0"]}}
{"dateTime": "2025-09-02T22:27:14.527Z", "eventType": "delete.backward", "fullPath": "/main.py", "details": {"fromA": 42, "toA": 43, "fromB": 42, "toB": 42, "inserted": [""]}}
{"dateTime": "2025-09-02T22:27:16.076Z", "eventType": "select", "fullPath": "/main.py", "details": {"selection": {"from": 43, "to": 43}}}
{"dateTime": "2025-09-02T22:27:16.927Z", "eventType": "delete.backward", "fullPath": "/main.py", "details": {"fromA": 42, "toA": 43, "fromB": 42, "toB": 42, "inserted": [""]}}
{"dateTime": "2025-09-02T22:27:18.656Z", "eventType": "input.type", "fullPath": "/main.py", "details": {"fromA": 42, "toA": 42, "fromB": 42, "toB": 43, "inserted": ["%"]}}
{"dateTime": "2025-09-02T22:27:25.678Z", "eventType": "select", "fullPath": "/main.py", "details": {"selection": {"from": 44, "to": 44}}}
{"dateTime": "2025-09-02T22:27:26.671Z", "eventType": "input.type", "fullPath": "/main.py", "details": {"fromA": 44, "toA": 44, "fromB": 44, "toB": 45, "inserted": [" "]}}
{"dateTime": "2025-09-02T22:27:27.278Z", "eventType": "input.type", "fullPath": "/main.py", "details": {"fromA": 45, "toA": 45, "fromB": 45, "toB": 46, "inserted": ["="]}}
{"dateTime": "2025-09-02T22:27:27.617Z", "eventType": "input.type", "fullPath": "/main.py", "details": {"fromA": 46, "toA": 46, "fromB": 46, "toB": 47, "inserted": ["="]}}
{"dateTime": "2025-09-02T22:27:28.335Z", "eventType": "input.type", "fullPath": "/main.py", "details": {"fromA": 47, "toA": 47, "fromB": 47, "toB": 48, "inserted": ["0"]}}
{"dateTime": "2025-09-02T22:27:33.374Z", "eventType": "input.type", "fullPath": "/main.py", "details": {"fromA": 53, "toA": 53, "fromB": 53, "toB": 54, "inserted": ["p"]}}
{"dateTime": "2025-09-02T22:27:33.856Z", "eventType": "input.type", "fullPath": "/main.py", "details": {"fromA": 54, "toA": 54, "fromB": 54, "toB": 55, "inserted": ["r"]}}
{"dateTime": "2025-09-02T22:27:34.003Z", "eventType": "input.type", "fullPath": "/main.py", "details": {"fromA": 55, "toA": 55, "fromB": 55, "toB": 56, "inserted": ["i"]}}
{"dateTime": "2025-09-02T22:27:34.259Z", "eventType": "input.type", "fullPath": "/main.py", "details": {"fromA": 56, "toA": 56, "fromB": 56, "toB": 57, "inserted": ["n"]}}
{"dateTime": "2025-09-02T22:27:34.655Z", "eventType": "input.type", "fullPath": "/main.py", "details": {"fromA": 57, "toA": 57, "fromB": 57, "toB": 58, "inserted": ["t"]}}
{"dateTime": "2025-09-02T22:27:34.945Z", "eventType": "input.type", "fullPath": "/main.py", "details": {"fromA": 58, "toA": 58, "fromB": 58, "toB": 59, "inserted": ["e"]}}
{"dateTime": "2025-09-02T22:27:35.921Z", "eventType": "delete.backward", "fullPath": "/main.py", "details": {"fromA": 58, "toA": 59, "fromB": 58, "toB": 58, "inserted": [""]}}
{"dateTime": "2025-09-02T22:27:36.271Z", "eventType": "input.type", "fullPath": "/main.py", "details": {"fromA": 58, "toA": 58, "fromB": 58, "toB": 60, "inserted": ["()"]}}
{"dateTime": "2025-09-02T22:27:38.863Z", "eventType": "input.type", "fullPath": "/main.py", "details": {"fromA": 59, "toA": 59, "fromB": 59, "toB": 60, "inserted": ["s"]}}
{"dateTime": "2025-09-02T22:27:39.074Z", "eventType": "input.type", "fullPath": "/main.py", "details": {"fromA": 60, "toA": 60, "fromB": 60, "toB": 61, "inserted": ["i"]}}
{"dateTime": "2025-09-02T22:27:39.840Z", "eventType": "delete.backward", "fullPath": "/main.py", "details": {"fromA": 60, "toA": 61, "fromB": 60, "toB": 60, "inserted": [""]}}
{"dateTime": "2025-09-02T22:27:40.159Z", "eventType": "delete.backward", "fullPath": "/main.py", "details": {"fromA": 59, "toA": 60, "fromB": 59, "toB": 59, "inserted": [""]}}
{"dateTime": "2025-09-02T22:27:41.023Z", "eventType": "input.type", "fullPath": "/main.py", "details": {"fromA": 59, "toA": 59, "fromB": 59, "toB": 61, "inserted": ["\"\""]}}
{"dateTime": "2025-09-02T22:27:41.610Z", "eventType": "input.type", "fullPath": "/main.py", "details": {"fromA": 60, "toA": 60, "fromB": 60, "toB": 61, "inserted": ["s"]}}
{"dateTime": "2025-09-02T22:27:41.743Z", "eventType": "input.type", "fullPath": "/main.py", "details": {"fromA": 61, "toA": 61, "fromB": 61, "toB": 62, "inserted": ["i"]}}
{"dateTime": "2025-09-02T22:27:41.984Z", "eventType": "input.type", "fullPath": "/main.py", "details": {"fromA": 62, "toA": 62, "fromB": 62, "toB": 63, "inserted": ["m"]}}
{"dateTime": "2025-09-02T22:27:44.074Z", "eventType": "select", "fullPath": "/main.py", "details": {"selection": {"from": 64, "to": 64}}}
{"dateTime": "2025-09-02T22:27:44.380Z", "eventType": "select", "fullPath": "/main.py", "details": {"selection": {"from": 65, "to": 65}}}
{"dateTime": "2025-09-02T22:27:45.104Z", "eventType": "input", "fullPath": "/main.py", "details": {"fromA": 65, "toA": 65, "fromB": 65, "toB": 68, "inserted": ["", "  "]}}
{"dateTime": "2025-09-02T22:27:46.220Z", "eventType": "delete.backward", "fullPath": "/main.py", "details": {"fromA": 66, "toA": 68, "fromB": 66, "toB": 66, "inserted": [""]}}
{"dateTime": "2025-09-02T22:27:48.303Z", "eventType": "delete.backward", "fullPath": "/main.py", "details": {"fromA": 65, "toA": 66, "fromB": 65, "toB": 65, "inserted": [""]}}
{"dateTime": "2025-09-02T22:27:49.927Z", "eventType": "select.pointer", "fullPath": "/main.py", "details": {"selection": {"from": 71, "to": 71}}}
{"dateTime": "2025-09-02T22:27:50.663Z", "eventType": "select.pointer", "fullPath": "/main.py", "details": {"selection": {"from": 74, "to": 74}}}
{"dateTime": "2025-09-02T22:27:52.671Z", "eventType": "input.type", "fullPath": "/main.py", "details": {"fromA": 74, "toA": 74, "fromB": 74, "toB": 75, "inserted": ["p"]}}
{"dateTime": "2025-09-02T22:27:52.962Z", "eventType": "input.type", "fullPath": "/main.py", "details": {"fromA": 75, "toA": 75, "fromB": 75, "toB": 76, "inserted": ["r"]}}
{"dateTime": "2025-09-02T22:27:53.186Z", "eventType": "input.type", "fullPath": "/main.py", "details": {"fromA": 76, "toA": 76, "fromB": 76, "toB": 77, "inserted": ["i"]}}
{"dateTime": "2025-09-02T22:27:53.440Z", "eventType": "input.type", "fullPath": "/main.py", "details": {"fromA": 77, "toA": 77, "fromB": 77, "toB": 78, "inserted": ["n"]}}
{"dateTime": "2025-09-02T22:27:53.793Z", "eventType": "input.type", "fullPath": "/main.py", "details": {"fromA": 78, "toA": 78, "fromB": 78, "toB": 79, "inserted": ["t"]}}
{"dateTime": "2025-09-02T22:27:56.910Z", "eventType": "input.type", "fullPath": "/main.py", "details": {"fromA": 79, "toA": 79, "fromB": 79, "toB": 81, "inserted": ["()"]}}
{"dateTime": "2025-09-02T22:28:05.447Z", "eventType": "select.pointer", "fullPath": "/main.py", "details": {"selection": {"from": 47, "to": 47}}}
{"dateTime": "2025-09-02T22:28:06.415Z", "eventType": "input.type", "fullPath": "/main.py", "details": {"fromA": 47, "toA": 47, "fromB": 47, "toB": 48, "inserted": [" "]}}
{"dateTime": "2025-09-02T22:28:22.817Z", "eventType": "blur", "fullPath": "/main.py"}
{"dateTime": "2025-09-02T22:28:27.445Z", "eventType": "focus", "fullPath": "/main.py"}
{"dateTime": "2025-09-02T22:28:27.448Z", "eventType": "select.pointer", "fullPath": "/main.py", "details": {"selection": {"from": 81, "to": 81}}}
{"dateTime": "2025-09-02T22:28:29.759Z", "eventType": "input.type", "fullPath": "/main.py", "details": {"fromA": 81, "toA": 81, "fromB": 81, "toB": 83, "inserted": ["\"\""]}}
{"dateTime": "2025-09-02T22:28:30.366Z", "eventType": "input.type", "fullPath": "/main.py", "details": {"fromA": 82, "toA": 82, "fromB": 82, "toB": 83, "inserted": ["n"]}}
{"dateTime": "2025-09-02T22:28:30.607Z", "eventType": "input.type", "fullPath": "/main.py", "details": {"fromA": 83, "toA": 83, "fromB": 83, "toB": 84, "inserted": ["a"]}}
{"dateTime": "2025-09-02T22:28:30.847Z", "eventType": "input.type", "fullPath": "/main.py", "details": {"fromA": 84, "toA": 84, "fromB": 84, "toB": 85, "inserted": ["o"]}}
{"dateTime": "2025-09-02T22:28:33.003Z", "eventType": "blur", "fullPath": "/main.py"}
{"dateTime": "2025-09-02T22:28:41.068Z", "eventType": "focus", "fullPath": "/main.py"}
{"dateTime": "2025-09-02T22:28:41.075Z", "eventType": "select.pointer", "fullPath": "/main.py", "details": {"selection": {"from": 72, "to": 72}}}
{"dateTime": "2025-09-02T22:28:42.191Z", "eventType": "input.type", "fullPath": "/main.py", "details": {"fromA": 72, "toA": 72, "fromB": 72, "toB": 74, "inserted": ["()"]}}
{"dateTime": "2025-09-02T22:28:43.023Z", "eventType": "input.type", "fullPath": "/main.py", "details": {"fromA": 73, "toA": 73, "fromB": 73, "toB": 74, "inserted": ["X"]}}
{"dateTime": "2025-09-02T22:28:45.231Z", "eventType": "input.type", "fullPath": "/main.py", "details": {"fromA": 74, "toA": 74, "fromB": 74, "toB": 75, "inserted": ["/"]}}
{"dateTime": "2025-09-02T22:28:51.567Z", "eventType": "input.type", "fullPath": "/main.py", "details": {"fromA": 75, "toA": 75, "fromB": 75, "toB": 76, "inserted": ["Y"]}}
{"dateTime": "2025-09-02T22:28:54.841Z", "eventType": "blur", "fullPath": "/main.py"}
{"dateTime": "2025-09-02T22:29:00.709Z", "eventType": "focus", "fullPath": "/main.py"}
{"dateTime": "2025-09-02T22:29:00.711Z", "eventType": "select.pointer", "fullPath": "/main.py", "details": {"selection": {"from": 77, "to": 77}}}
{"dateTime": "2025-09-02T22:29:01.551Z", "eventType": "delete.backward", "fullPath": "/main.py", "details": {"fromA": 76, "toA": 77, "fromB": 76, "toB": 76, "inserted": [""]}}
{"dateTime": "2025-09-02T22:29:01.726Z", "eventType": "delete.backward", "fullPath": "/main.py", "details": {"fromA": 75, "toA": 76, "fromB": 75, "toB": 75, "inserted": [""]}}
{"dateTime": "2025-09-02T22:29:01.949Z", "eventType": "delete.backward", "fullPath": "/main.py", "details": {"fromA": 74, "toA": 75, "fromB": 74, "toB": 74, "inserted": [""]}}
{"dateTime": "2025-09-02T22:29:02.158Z", "eventType": "delete.backward", "fullPath": "/main.py", "details": {"fromA": 73, "toA": 74, "fromB": 73, "toB": 73, "inserted": [""]}}
{"dateTime": "2025-09-02T22:29:02.380Z", "eventType": "delete.backward", "fullPath": "/main.py", "details": {"fromA": 72, "toA": 73, "fromB": 72, "toB": 72, "inserted": [""]}}
{"dateTime": "2025-09-02T22:29:06.880Z", "eventType": "blur", "fullPath": "/main.py"}
{"dateTime": "2025-09-02T22:29:19.117Z", "eventType": "focus", "fullPath": "/main.py"}
{"dateTime": "2025-09-02T22:29:19.119Z", "eventType": "select.pointer", "fullPath": "/main.py", "details": {"selection": {"from": 60, "to": 60}}}
{"dateTime": "2025-09-02T22:29:21.406Z", "eventType": "input.type", "fullPath": "/main.py", "details": {"fromA": 60, "toA": 60, "fromB": 60, "toB": 61, "inserted": ["x"]}}
{"dateTime": "2025-09-02T22:29:22.638Z", "eventType": "input.type", "fullPath": "/main.py", "details": {"fromA": 61, "toA": 61, "fromB": 61, "toB": 62, "inserted": ["?"]}}
{"dateTime": "2025-09-02T22:29:22.781Z", "eventType": "input.type", "fullPath": "/main.py", "details": {"fromA": 62, "toA": 62, "fromB": 62, "toB": 63, "inserted": ["?"]}}
{"dateTime": "2025-09-02T22:29:23.486Z", "eventType": "input.type", "fullPath": "/main.py", "details": {"fromA": 63, "toA": 63, "fromB": 63, "toB": 64, "inserted": ["y"]}}
{"dateTime": "2025-09-02T22:29:24.558Z", "eventType": "input.type", "fullPath": "/main.py", "details": {"fromA": 64, "toA": 64, "fromB": 64, "toB": 65, "inserted": [","]}}
{"dateTime": "2025-09-02T22:29:26.251Z", "eventType": "select", "fullPath": "/main.py", "details": {"selection": {"from": 64, "to": 64}}}
{"dateTime": "2025-09-02T22:29:26.427Z", "eventType": "select", "fullPath": "/main.py", "details": {"selection": {"from": 63, "to": 63}}}
{"dateTime": "2025-09-02T22:29:27.182Z", "eventType": "delete.backward", "fullPath": "/main.py", "details": {"fromA": 62, "toA": 63, "fromB": 62, "toB": 62, "inserted": [""]}}
{"dateTime": "2025-09-02T22:29:27.342Z", "eventType": "delete.backward", "fullPath": "/main.py", "details": {"fromA": 61, "toA": 62, "fromB": 61, "toB": 61, "inserted": [""]}}
{"dateTime": "2025-09-02T22:29:28.302Z", "eventType": "input.type", "fullPath": "/main.py", "details": {"fromA": 61, "toA": 61, "fromB": 61, "toB": 62, "inserted": ["?"]}}
{"dateTime": "2025-09-02T22:29:28.542Z", "eventType": "input.type", "fullPath": "/main.py", "details": {"fromA": 62, "toA": 62, "fromB": 62, "toB": 63, "inserted": ["?"]}}
{"dateTime": "2025-09-02T22:29:29.694Z", "eventType": "delete.backward", "fullPath": "/main.py", "details": {"fromA": 62, "toA": 63, "fromB": 62, "toB": 62, "inserted": [""]}}
{"dateTime": "2025-09-02T22:29:29.886Z", "eventType": "delete.backward", "fullPath": "/main.py", "details": {"fromA": 61, "toA": 62, "fromB": 61, "toB": 61, "inserted": [""]}}
{"dateTime": "2025-09-02T22:29:30.238Z", "eventType": "delete.backward", "fullPath": "/main.py", "details": {"fromA": 60, "toA": 61, "fromB": 60, "toB": 60, "inserted": [""]}}
{"dateTime": "2025-09-02T22:29:31.885Z", "eventType": "select", "fullPath": "/main.py", "details": {"selection": {"from": 61, "to": 61}}}
{"dateTime": "2025-09-02T22:29:32.123Z", "eventType": "select", "fullPath": "/main.py", "details": {"selection": {"from": 62, "to": 62}}}
{"dateTime": "2025-09-02T22:29:33.053Z", "eventType": "delete.backward", "fullPath": "/main.py", "details": {"fromA": 61, "toA": 62, "fromB": 61, "toB": 61, "inserted": [""]}}
{"dateTime": "2025-09-02T22:29:33.230Z", "eventType": "delete.backward", "fullPath": "/main.py", "details": {"fromA": 60, "toA": 61, "fromB": 60, "toB": 60, "inserted": [""]}}
{"dateTime": "2025-09-02T22:29:34.446Z", "eventType": "input.type", "fullPath": "/main.py", "details": {"fromA": 60, "toA": 60, "fromB": 60, "toB": 61, "inserted": ["X"]}}
{"dateTime": "2025-09-02T22:29:35.118Z", "eventType": "input.type", "fullPath": "/main.py", "details": {"fromA": 61, "toA": 61, "fromB": 61, "toB": 62, "inserted": ["?"]}}
{"dateTime": "2025-09-02T22:29:35.390Z", "eventType": "input.type", "fullPath": "/main.py", "details": {"fromA": 62, "toA": 62, "fromB": 62, "toB": 63, "inserted": ["?"]}}
{"dateTime": "2025-09-02T22:29:36.142Z", "eventType": "delete.backward", "fullPath": "/main.py", "details": {"fromA": 62, "toA": 63, "fromB": 62, "toB": 62, "inserted": [""]}}
{"dateTime": "2025-09-02T22:29:36.397Z", "eventType": "delete.backward", "fullPath": "/main.py", "details": {"fromA": 61, "toA": 62, "fromB": 61, "toB": 61, "inserted": [""]}}
{"dateTime": "2025-09-02T22:29:36.814Z", "eventType": "input.type", "fullPath": "/main.py", "details": {"fromA": 61, "toA": 61, "fromB": 61, "toB": 62, "inserted": ["/"]}}
{"dateTime": "2025-09-02T22:29:37.054Z", "eventType": "input.type", "fullPath": "/main.py", "details": {"fromA": 62, "toA": 62, "fromB": 62, "toB": 63, "inserted": ["/"]}}
{"dateTime": "2025-09-02T22:29:37.950Z", "eventType": "input.type", "fullPath": "/main.py", "details": {"fromA": 63, "toA": 63, "fromB": 63, "toB": 64, "inserted": ["Y"]}}
{"dateTime": "2025-09-02T22:29:39.102Z", "eventType": "input.type", "fullPath": "/main.py", "details": {"fromA": 64, "toA": 64, "fromB": 64, "toB": 65, "inserted": [","]}}
{"dateTime": "2025-09-02T22:29:41.256Z", "eventType": "blur", "fullPath": "/main.py"}
{"dateTime": "2025-09-02T22:29:48.300Z", "eventType": "focus", "fullPath": "/main.py"}
{"dateTime": "2025-09-02T22:29:48.303Z", "eventType": "select.pointer", "fullPath": "/main.py", "details": {"selection": {"from": 87, "to": 87}}}
{"dateTime": "2025-09-02T22:29:49.438Z", "eventType": "select", "fullPath": "/main.py", "details": {"selection": {"from": 86, "to": 86}}}
{"dateTime": "2025-09-02T22:29:56.798Z", "eventType": "input.type", "fullPath": "/main.py", "details": {"fromA": 86, "toA": 86, "fromB": 86, "toB": 87, "inserted": ["x"]}}
{"dateTime": "2025-09-02T22:29:58.814Z", "eventType": "input.type", "fullPath": "/main.py", "details": {"fromA": 87, "toA": 87, "fromB": 87, "toB": 88, "inserted": ["/"]}}
{"dateTime": "2025-09-02T22:29:58.974Z", "eventType": "input.type", "fullPath": "/main.py", "details": {"fromA": 88, "toA": 88, "fromB": 88, "toB": 89, "inserted": ["/"]}}
{"dateTime": "2025-09-02T22:29:59.470Z", "eventType": "input.type", "fullPath": "/main.py", "details": {"fromA": 89, "toA": 89, "fromB": 89, "toB": 90, "inserted": ["y"]}}
{"dateTime": "2025-09-02T22:30:02.350Z", "eventType": "input.complete", "fullPath": "/main.py", "details": {"fromA": 89, "toA": 90, "fromB": 89, "toB": 90, "inserted": ["Y"]}}
{"dateTime": "2025-09-02T22:30:03.886Z", "eventType": "select.pointer", "fullPath": "/main.py", "details": {"selection": {"from": 87, "to": 87}}}
{"dateTime": "2025-09-02T22:30:04.717Z", "eventType": "delete.backward", "fullPath": "/main.py", "details": {"fromA": 86, "toA": 87, "fromB": 86, "toB": 86, "inserted": [""]}}
{"dateTime": "2025-09-02T22:30:05.598Z", "eventType": "input.type", "fullPath": "/main.py", "details": {"fromA": 86, "toA": 86, "fromB": 86, "toB": 87, "inserted": ["X"]}}
{"dateTime": "2025-09-02T22:30:07.653Z", "eventType": "select.pointer", "fullPath": "/main.py", "details": {"selection": {"from": 89, "to": 89}}}
{"dateTime": "2025-09-02T22:30:08.696Z", "eventType": "select", "fullPath": "/main.py", "details": {"selection": {"from": 90, "to": 90}}}
{"dateTime": "2025-09-02T22:30:09.613Z", "eventType": "input.type", "fullPath": "/main.py", "details": {"fromA": 90, "toA": 90, "fromB": 90, "toB": 91, "inserted": [","]}}
{"dateTime": "2025-09-02T22:30:12.336Z", "eventType": "blur", "fullPath": "/main.py"}
{"dateTime": "2025-09-02T22:30:36.884Z", "eventType": "focus", "fullPath": "/main.py"}
{"dateTime": "2025-09-02T22:30:36.887Z", "eventType": "select.pointer", "fullPath": "/main.py", "details": {"selection": {"from": 66, "to": 66}}}
{"dateTime": "2025-09-02T22:30:38.333Z", "eventType": "delete.backward", "fullPath": "/main.py", "details": {"fromA": 65, "toA": 66, "fromB": 65, "toB": 65, "inserted": [""]}}
{"dateTime": "2025-09-02T22:30:38.717Z", "eventType": "delete.backward", "fullPath": "/main.py", "details": {"fromA": 64, "toA": 65, "fromB": 64, "toB": 64, "inserted": [""]}}
{"dateTime": "2025-09-02T22:30:39.469Z", "eventType": "input.type", "fullPath": "/main.py", "details": {"fromA": 64, "toA": 64, "fromB": 64, "toB": 65, "inserted": [")"]}}
{"dateTime": "2025-09-02T22:30:40.127Z", "eventType": "input", "fullPath": "/main.py", "details": {"fromA": 65, "toA": 65, "fromB": 65, "toB": 68, "inserted": ["", "  "]}}
{"dateTime": "2025-09-02T22:30:40.750Z", "eventType": "input.type", "fullPath": "/main.py", "details": {"fromA": 68, "toA": 68, "fromB": 68, "toB": 69, "inserted": ["p"]}}
{"dateTime": "2025-09-02T22:30:41.170Z", "eventType": "input.type", "fullPath": "/main.py", "details": {"fromA": 69, "toA": 69, "fromB": 69, "toB": 70, "inserted": ["r"]}}
{"dateTime": "2025-09-02T22:30:41.362Z", "eventType": "input.type", "fullPath": "/main.py", "details": {"fromA": 70, "toA": 70, "fromB": 70, "toB": 71, "inserted": ["i"]}}
{"dateTime": "2025-09-02T22:30:41.631Z", "eventType": "input.type", "fullPath": "/main.py", "details": {"fromA": 71, "toA": 71, "fromB": 71, "toB": 72, "inserted": ["n"]}}
{"dateTime": "2025-09-02T22:30:41.952Z", "eventType": "input.type", "fullPath": "/main.py", "details": {"fromA": 72, "toA": 72, "fromB": 72, "toB": 73, "inserted": ["t"]}}
{"dateTime": "2025-09-02T22:30:42.991Z", "eventType": "input.type", "fullPath": "/main.py", "details": {"fromA": 73, "toA": 73, "fromB": 73, "toB": 74, "inserted": ["("]}}
{"dateTime": "2025-09-02T22:30:43.952Z", "eventType": "input.type", "fullPath": "/main.py", "details": {"fromA": 74, "toA": 74, "fromB": 74, "toB": 75, "inserted": ["'"]}}
{"dateTime": "2025-09-02T22:30:44.974Z", "eventType": "delete.backward", "fullPath": "/main.py", "details": {"fromA": 74, "toA": 75, "fromB": 74, "toB": 74, "inserted": [""]}}
{"dateTime": "2025-09-02T22:30:45.470Z", "eventType": "input.type", "fullPath": "/main.py", "details": {"fromA": 74, "toA": 74, "fromB": 74, "toB": 75, "inserted": ["'"]}}
{"dateTime": "2025-09-02T22:30:46.537Z", "eventType": "delete.backward", "fullPath": "/main.py", "details": {"fromA": 74, "toA": 75, "fromB": 74, "toB": 74, "inserted": [""]}}
{"dateTime": "2025-09-02T22:30:47.022Z", "eventType": "input.type", "fullPath": "/main.py", "details": {"fromA": 74, "toA": 74, "fromB": 74, "toB": 75, "inserted": ["\""]}}
{"dateTime": "2025-09-02T22:30:49.414Z", "eventType": "select.pointer", "fullPath": "/main.py", "details": {"selection": {"from": 100, "to": 100}}}
{"dateTime": "2025-09-02T22:30:49.431Z", "eventType": "select.pointer", "fullPath": "/main.py", "details": {"selection": {"from": 100, "to": 100}}}
{"dateTime": "2025-09-02T22:30:50.525Z", "eventType": "delete.backward", "fullPath": "/main.py", "details": {"fromA": 99, "toA": 100, "fromB": 99, "toB": 99, "inserted": [""]}}
{"dateTime": "2025-09-02T22:30:51.401Z", "eventType": "input.type", "fullPath": "/main.py", "details": {"fromA": 99, "toA": 99, "fromB": 99, "toB": 100, "inserted": [")"]}}
{"dateTime": "2025-09-02T22:30:52.254Z", "eventType": "input", "fullPath": "/main.py", "details": {"fromA": 100, "toA": 100, "fromB": 100, "toB": 103, "inserted": ["", "  "]}}
{"dateTime": "2025-09-02T22:30:53.308Z", "eventType": "input.type", "fullPath": "/main.py", "details": {"fromA": 103, "toA": 103, "fromB": 103, "toB": 104, "inserted": ["p"]}}
{"dateTime": "2025-09-02T22:30:53.746Z", "eventType": "input.type", "fullPath": "/main.py", "details": {"fromA": 104, "toA": 104, "fromB": 104, "toB": 105, "inserted": ["r"]}}
{"dateTime": "2025-09-02T22:30:53.890Z", "eventType": "input.type", "fullPath": "/main.py", "details": {"fromA": 105, "toA": 105, "fromB": 105, "toB": 106, "inserted": ["i"]}}
{"dateTime": "2025-09-02T22:30:54.159Z", "eventType": "input.type", "fullPath": "/main.py", "details": {"fromA": 106, "toA": 106, "fromB": 106, "toB": 107, "inserted": ["n"]}}
{"dateTime": "2025-09-02T22:30:54.448Z", "eventType": "input.type", "fullPath": "/main.py", "details": {"fromA": 107, "toA": 107, "fromB": 107, "toB": 108, "inserted": ["t"]}}
{"dateTime": "2025-09-02T22:30:54.878Z", "eventType": "input.type", "fullPath": "/main.py", "details": {"fromA": 108, "toA": 108, "fromB": 108, "toB": 109, "inserted": ["("]}}
{"dateTime": "2025-09-02T22:30:57.552Z", "eventType": "blur", "fullPath": "/main.py"}
{"dateTime": "2025-09-02T22:31:18.876Z", "eventType": "focus", "fullPath": "/main.py"}
{"dateTime": "2025-09-02T22:31:18.879Z", "eventType": "select.pointer", "fullPath": "/main.py", "details": {"selection": {"from": 98, "to": 98}}}
{"dateTime": "2025-09-02T22:31:19.839Z", "eventType": "delete.backward", "fullPath": "/main.py", "details": {"fromA": 97, "toA": 98, "fromB": 97, "toB": 97, "inserted": [""]}}
{"dateTime": "2025-09-02T22:31:20.017Z", "eventType": "delete.backward", "fullPath": "/main.py", "details": {"fromA": 96, "toA": 97, "fromB": 96, "toB": 96, "inserted": [""]}}
{"dateTime": "2025-09-02T22:31:21.010Z", "eventType": "input.type", "fullPath": "/main.py", "details": {"fromA": 96, "toA": 96, "fromB": 96, "toB": 97, "inserted": ["%"]}}
{"dateTime": "2025-09-02T22:31:27.712Z", "eventType": "blur", "fullPath": "/main.py"}
{"dateTime": "2025-09-02T22:31:43.636Z", "eventType": "focus", "fullPath": "/main.py"}
{"dateTime": "2025-09-02T22:31:43.639Z", "eventType": "select.pointer", "fullPath": "/main.py", "details": {"selection": {"from": 26, "to": 26}}}
{"dateTime": "2025-09-02T22:31:46.623Z", "eventType": "delete.backward", "fullPath": "/main.py", "details": {"fromA": 25, "toA": 26, "fromB": 25, "toB": 25, "inserted": [""]}}
{"dateTime": "2025-09-02T22:31:47.261Z", "eventType": "delete.backward", "fullPath": "/main.py", "details": {"fromA": 24, "toA": 25, "fromB": 24, "toB": 24, "inserted": [""]}}
{"dateTime": "2025-09-02T22:31:47.618Z", "eventType": "delete.backward", "fullPath": "/main.py", "details": {"fromA": 23, "toA": 24, "fromB": 23, "toB": 23, "inserted": [""]}}
{"dateTime": "2025-09-02T22:31:49.998Z", "eventType": "input.type", "fullPath": "/main.py", "details": {"fromA": 23, "toA": 23, "fromB": 23, "toB": 24, "inserted": ["t"]}}
