{"dateTime": "2025-08-20T18:06:19.121Z", "eventType": "focus", "fullPath": "/main.py"}
{"dateTime": "2025-08-20T18:06:19.123Z", "eventType": "select.pointer", "fullPath": "/main.py", "details": {"selection": {"from": 0, "to": 0}}}
{"dateTime": "2025-08-20T18:06:21.451Z", "eventType": "input.type", "fullPath": "/main.py", "details": {"fromA": 0, "toA": 0, "fromB": 0, "toB": 1, "inserted": ["f"]}}
{"dateTime": "2025-08-20T18:06:21.742Z", "eventType": "input.type", "fullPath": "/main.py", "details": {"fromA": 1, "toA": 1, "fromB": 1, "toB": 2, "inserted": ["r"]}}
{"dateTime": "2025-08-20T18:06:22.043Z", "eventType": "input.type", "fullPath": "/main.py", "details": {"fromA": 2, "toA": 2, "fromB": 2, "toB": 3, "inserted": ["a"]}}
{"dateTime": "2025-08-20T18:06:22.363Z", "eventType": "input.type", "fullPath": "/main.py", "details": {"fromA": 3, "toA": 3, "fromB": 3, "toB": 4, "inserted": ["u"]}}
{"dateTime": "2025-08-20T18:06:22.490Z", "eventType": "input.type", "fullPath": "/main.py", "details": {"fromA": 4, "toA": 4, "fromB": 4, "toB": 5, "inserted": ["s"]}}
{"dateTime": "2025-08-20T18:06:24.090Z", "eventType": "input.type", "fullPath": "/main.py", "details": {"fromA": 5, "toA": 5, "fromB": 5, "toB": 6, "inserted": ["_"]}}
{"dateTime": "2025-08-20T18:06:24.666Z", "eventType": "input.type", "fullPath": "/main.py", "details": {"fromA": 6, "toA": 6, "fromB": 6, "toB": 7, "inserted": ["c"]}}
{"dateTime": "2025-08-20T18:06:24.986Z", "eventType": "input.type", "fullPath": "/main.py", "details": {"fromA": 7, "toA": 7, "fromB": 7, "toB": 8, "inserted": ["e"]}}
{"dateTime": "2025-08-20T18:06:25.418Z", "eventType": "input.type", "fullPath": "/main.py", "details": {"fromA": 8, "toA": 8, "fromB": 8, "toB": 9, "inserted": ["l"]}}
{"dateTime": "2025-08-20T18:06:27.146Z", "eventType": "input.type", "fullPath": "/main.py", "details": {"fromA": 9, "toA": 9, "fromB": 9, "toB": 10, "inserted": ["c"]}}
{"dateTime": "2025-08-20T18:06:27.450Z", "eventType": "input.type", "fullPath": "/main.py", "details": {"fromA": 10, "toA": 10, "fromB": 10, "toB": 11, "inserted": ["i"]}}
{"dateTime": "2025-08-20T18:06:27.690Z", "eventType": "input.type", "fullPath": "/main.py", "details": {"fromA": 11, "toA": 11, "fromB": 11, "toB": 12, "inserted": ["u"]}}
{"dateTime": "2025-08-20T18:06:27.962Z", "eventType": "input.type", "fullPath": "/main.py", "details": {"fromA": 12, "toA": 12, "fromB": 12, "toB": 13, "inserted": ["s"]}}
{"dateTime": "2025-08-20T18:06:29.915Z", "eventType": "input.type", "fullPath": "/main.py", "details": {"fromA": 13, "toA": 13, "fromB": 13, "toB": 14, "inserted": ["="]}}
{"dateTime": "2025-08-20T18:06:32.632Z", "eventType": "delete.backward", "fullPath": "/main.py", "details": {"fromA": 13, "toA": 14, "fromB": 13, "toB": 13, "inserted": [""]}}
{"dateTime": "2025-08-20T18:07:10.649Z", "eventType": "delete.backward", "fullPath": "/main.py", "details": {"fromA": 12, "toA": 13, "fromB": 12, "toB": 12, "inserted": [""]}}
{"dateTime": "2025-08-20T18:07:11.149Z", "eventType": "delete.backward", "fullPath": "/main.py", "details": {"fromA": 11, "toA": 12, "fromB": 11, "toB": 11, "inserted": [""]}}
{"dateTime": "2025-08-20T18:07:11.198Z", "eventType": "delete.backward", "fullPath": "/main.py", "details": {"fromA": 10, "toA": 11, "fromB": 10, "toB": 10, "inserted": [""]}}
{"dateTime": "2025-08-20T18:07:11.248Z", "eventType": "delete.backward", "fullPath": "/main.py", "details": {"fromA": 9, "toA": 10, "fromB": 9, "toB": 9, "inserted": [""]}}
{"dateTime": "2025-08-20T18:07:11.300Z", "eventType": "delete.backward", "fullPath": "/main.py", "details": {"fromA": 8, "toA": 9, "fromB": 8, "toB": 8, "inserted": [""]}}
{"dateTime": "2025-08-20T18:07:11.351Z", "eventType": "delete.backward", "fullPath": "/main.py", "details": {"fromA": 7, "toA": 8, "fromB": 7, "toB": 7, "inserted": [""]}}
{"dateTime": "2025-08-20T18:07:11.402Z", "eventType": "delete.backward", "fullPath": "/main.py", "details": {"fromA": 6, "toA": 7, "fromB": 6, "toB": 6, "inserted": [""]}}
{"dateTime": "2025-08-20T18:07:11.452Z", "eventType": "delete.backward", "fullPath": "/main.py", "details": {"fromA": 5, "toA": 6, "fromB": 5, "toB": 5, "inserted": [""]}}
{"dateTime": "2025-08-20T18:07:11.503Z", "eventType": "delete.backward", "fullPath": "/main.py", "details": {"fromA": 4, "toA": 5, "fromB": 4, "toB": 4, "inserted": [""]}}
{"dateTime": "2025-08-20T18:07:11.554Z", "eventType": "delete.backward", "fullPath": "/main.py", "details": {"fromA": 3, "toA": 4, "fromB": 3, "toB": 3, "inserted": [""]}}
{"dateTime": "2025-08-20T18:07:11.604Z", "eventType": "delete.backward", "fullPath": "/main.py", "details": {"fromA": 2, "toA": 3, "fromB": 2, "toB": 2, "inserted": [""]}}
{"dateTime": "2025-08-20T18:07:11.655Z", "eventType": "delete.backward", "fullPath": "/main.py", "details": {"fromA": 1, "toA": 2, "fromB": 1, "toB": 1, "inserted": [""]}}
{"dateTime": "2025-08-20T18:07:11.706Z", "eventType": "delete.backward", "fullPath": "/main.py", "details": {"fromA": 0, "toA": 1, "fromB": 0, "toB": 0, "inserted": [""]}}
{"dateTime": "2025-08-25T18:05:55.597Z", "eventType": "submission", "details": {"correctness": 1, "commit": "f58533818aa199d34cd660be869ed95d28507cd3", "executionTime": 0.013333333333333334}}
{"dateTime": "2025-08-25T18:06:06.736Z", "eventType": "focus", "fullPath": "/main.py"}
{"dateTime": "2025-08-25T18:06:06.739Z", "eventType": "select.pointer", "fullPath": "/main.py", "details": {"selection": {"from": 0, "to": 0}}}
{"dateTime": "2025-08-25T18:06:24.140Z", "eventType": "input.type", "fullPath": "/main.py", "details": {"fromA": 0, "toA": 0, "fromB": 0, "toB": 1, "inserted": ["C"]}}
{"dateTime": "2025-08-25T18:06:25.527Z", "eventType": "input.type", "fullPath": "/main.py", "details": {"fromA": 1, "toA": 1, "fromB": 1, "toB": 2, "inserted": ["e"]}}
{"dateTime": "2025-08-25T18:06:26.111Z", "eventType": "input.type", "fullPath": "/main.py", "details": {"fromA": 2, "toA": 2, "fromB": 2, "toB": 3, "inserted": ["u"]}}
{"dateTime": "2025-08-25T18:06:28.266Z", "eventType": "delete.backward", "fullPath": "/main.py", "details": {"fromA": 2, "toA": 3, "fromB": 2, "toB": 2, "inserted": [""]}}
{"dateTime": "2025-08-25T18:06:30.458Z", "eventType": "input.type", "fullPath": "/main.py", "details": {"fromA": 2, "toA": 2, "fromB": 2, "toB": 3, "inserted": ["l"]}}
{"dateTime": "2025-08-25T18:06:31.013Z", "eventType": "input.type", "fullPath": "/main.py", "details": {"fromA": 3, "toA": 3, "fromB": 3, "toB": 4, "inserted": ["c"]}}
{"dateTime": "2025-08-25T18:06:31.496Z", "eventType": "input.type", "fullPath": "/main.py", "details": {"fromA": 4, "toA": 4, "fromB": 4, "toB": 5, "inserted": ["u"]}}
{"dateTime": "2025-08-25T18:06:32.390Z", "eventType": "delete.backward", "fullPath": "/main.py", "details": {"fromA": 4, "toA": 5, "fromB": 4, "toB": 4, "inserted": [""]}}
{"dateTime": "2025-08-25T18:06:32.808Z", "eventType": "input.type", "fullPath": "/main.py", "details": {"fromA": 4, "toA": 4, "fromB": 4, "toB": 5, "inserted": ["i"]}}
{"dateTime": "2025-08-25T18:06:33.015Z", "eventType": "input.type", "fullPath": "/main.py", "details": {"fromA": 5, "toA": 5, "fromB": 5, "toB": 6, "inserted": ["u"]}}
{"dateTime": "2025-08-25T18:06:33.352Z", "eventType": "input.type", "fullPath": "/main.py", "details": {"fromA": 6, "toA": 6, "fromB": 6, "toB": 7, "inserted": ["s"]}}
{"dateTime": "2025-08-25T18:06:37.318Z", "eventType": "delete.backward", "fullPath": "/main.py", "details": {"fromA": 6, "toA": 7, "fromB": 6, "toB": 6, "inserted": [""]}}
{"dateTime": "2025-08-25T18:06:37.526Z", "eventType": "delete.backward", "fullPath": "/main.py", "details": {"fromA": 5, "toA": 6, "fromB": 5, "toB": 5, "inserted": [""]}}
{"dateTime": "2025-08-25T18:06:37.669Z", "eventType": "delete.backward", "fullPath": "/main.py", "details": {"fromA": 4, "toA": 5, "fromB": 4, "toB": 4, "inserted": [""]}}
{"dateTime": "2025-08-25T18:06:37.830Z", "eventType": "delete.backward", "fullPath": "/main.py", "details": {"fromA": 3, "toA": 4, "fromB": 3, "toB": 3, "inserted": [""]}}
{"dateTime": "2025-08-25T18:06:38.600Z", "eventType": "input.type", "fullPath": "/main.py", "details": {"fromA": 3, "toA": 3, "fromB": 3, "toB": 4, "inserted": ["s"]}}
{"dateTime": "2025-08-25T18:06:39.111Z", "eventType": "input.type", "fullPath": "/main.py", "details": {"fromA": 4, "toA": 4, "fromB": 4, "toB": 5, "inserted": ["i"]}}
{"dateTime": "2025-08-25T18:06:40.360Z", "eventType": "input.type", "fullPath": "/main.py", "details": {"fromA": 5, "toA": 5, "fromB": 5, "toB": 6, "inserted": ["u"]}}
{"dateTime": "2025-08-25T18:06:40.744Z", "eventType": "input.type", "fullPath": "/main.py", "details": {"fromA": 6, "toA": 6, "fromB": 6, "toB": 7, "inserted": ["s"]}}
{"dateTime": "2025-08-25T18:06:43.016Z", "eventType": "input.type", "fullPath": "/main.py", "details": {"fromA": 7, "toA": 7, "fromB": 7, "toB": 8, "inserted": [" "]}}
{"dateTime": "2025-08-25T18:06:43.896Z", "eventType": "input.type", "fullPath": "/main.py", "details": {"fromA": 8, "toA": 8, "fromB": 8, "toB": 9, "inserted": ["="]}}
{"dateTime": "2025-08-25T18:06:44.664Z", "eventType": "input.type", "fullPath": "/main.py", "details": {"fromA": 9, "toA": 9, "fromB": 9, "toB": 10, "inserted": [" "]}}
{"dateTime": "2025-08-25T18:06:55.892Z", "eventType": "input.type", "fullPath": "/main.py", "details": {"fromA": 10, "toA": 10, "fromB": 10, "toB": 11, "inserted": ["f"]}}
{"dateTime": "2025-08-25T18:06:56.485Z", "eventType": "input.type", "fullPath": "/main.py", "details": {"fromA": 11, "toA": 11, "fromB": 11, "toB": 12, "inserted": ["l"]}}
{"dateTime": "2025-08-25T18:06:56.701Z", "eventType": "input.type", "fullPath": "/main.py", "details": {"fromA": 12, "toA": 12, "fromB": 12, "toB": 13, "inserted": ["o"]}}
{"dateTime": "2025-08-25T18:06:58.538Z", "eventType": "input.type", "fullPath": "/main.py", "details": {"fromA": 13, "toA": 13, "fromB": 13, "toB": 14, "inserted": ["a"]}}
{"dateTime": "2025-08-25T18:06:58.939Z", "eventType": "input.type", "fullPath": "/main.py", "details": {"fromA": 14, "toA": 14, "fromB": 14, "toB": 15, "inserted": ["t"]}}
{"dateTime": "2025-08-25T18:07:26.602Z", "eventType": "input.type", "fullPath": "/main.py", "details": {"fromA": 15, "toA": 15, "fromB": 15, "toB": 16, "inserted": ["i"]}}
{"dateTime": "2025-08-25T18:07:28.089Z", "eventType": "delete.backward", "fullPath": "/main.py", "details": {"fromA": 15, "toA": 16, "fromB": 15, "toB": 15, "inserted": [""]}}
{"dateTime": "2025-08-25T18:07:29.305Z", "eventType": "input.type", "fullPath": "/main.py", "details": {"fromA": 15, "toA": 15, "fromB": 15, "toB": 17, "inserted": ["()"]}}
{"dateTime": "2025-08-25T18:07:30.345Z", "eventType": "input.type", "fullPath": "/main.py", "details": {"fromA": 16, "toA": 16, "fromB": 16, "toB": 17, "inserted": ["i"]}}
{"dateTime": "2025-08-25T18:07:30.936Z", "eventType": "input.type", "fullPath": "/main.py", "details": {"fromA": 17, "toA": 17, "fromB": 17, "toB": 18, "inserted": ["n"]}}
{"dateTime": "2025-08-25T18:07:31.471Z", "eventType": "input.type", "fullPath": "/main.py", "details": {"fromA": 18, "toA": 18, "fromB": 18, "toB": 19, "inserted": ["p"]}}
{"dateTime": "2025-08-25T18:07:31.789Z", "eventType": "input.type", "fullPath": "/main.py", "details": {"fromA": 19, "toA": 19, "fromB": 19, "toB": 20, "inserted": ["u"]}}
{"dateTime": "2025-08-25T18:07:32.042Z", "eventType": "input.type", "fullPath": "/main.py", "details": {"fromA": 20, "toA": 20, "fromB": 20, "toB": 21, "inserted": ["t"]}}
{"dateTime": "2025-08-25T18:10:18.506Z", "eventType": "input.type", "fullPath": "/main.py", "details": {"fromA": 21, "toA": 21, "fromB": 21, "toB": 23, "inserted": ["()"]}}
{"dateTime": "2025-08-25T18:10:20.505Z", "eventType": "input.type", "fullPath": "/main.py", "details": {"fromA": 22, "toA": 22, "fromB": 22, "toB": 24, "inserted": ["\"\""]}}
{"dateTime": "2025-08-25T18:10:21.160Z", "eventType": "input.type", "fullPath": "/main.py", "details": {"fromA": 23, "toA": 23, "fromB": 23, "toB": 24, "inserted": ["d"]}}
{"dateTime": "2025-08-25T18:10:21.416Z", "eventType": "input.type", "fullPath": "/main.py", "details": {"fromA": 24, "toA": 24, "fromB": 24, "toB": 25, "inserted": ["i"]}}
{"dateTime": "2025-08-25T18:10:21.736Z", "eventType": "input.type", "fullPath": "/main.py", "details": {"fromA": 25, "toA": 25, "fromB": 25, "toB": 26, "inserted": ["g"]}}
{"dateTime": "2025-08-25T18:10:22.056Z", "eventType": "input.type", "fullPath": "/main.py", "details": {"fromA": 26, "toA": 26, "fromB": 26, "toB": 27, "inserted": ["i"]}}
{"dateTime": "2025-08-25T18:10:22.392Z", "eventType": "input.type", "fullPath": "/main.py", "details": {"fromA": 27, "toA": 27, "fromB": 27, "toB": 28, "inserted": ["t"]}}
{"dateTime": "2025-08-25T18:10:22.920Z", "eventType": "input.type", "fullPath": "/main.py", "details": {"fromA": 28, "toA": 28, "fromB": 28, "toB": 29, "inserted": ["e"]}}
{"dateTime": "2025-08-25T18:10:23.065Z", "eventType": "input.type", "fullPath": "/main.py", "details": {"fromA": 29, "toA": 29, "fromB": 29, "toB": 30, "inserted": [" "]}}
{"dateTime": "2025-08-25T18:10:23.320Z", "eventType": "input.type", "fullPath": "/main.py", "details": {"fromA": 30, "toA": 30, "fromB": 30, "toB": 31, "inserted": ["u"]}}
{"dateTime": "2025-08-25T18:10:23.608Z", "eventType": "input.type", "fullPath": "/main.py", "details": {"fromA": 31, "toA": 31, "fromB": 31, "toB": 32, "inserted": ["m"]}}
{"dateTime": "2025-08-25T18:10:23.816Z", "eventType": "input.type", "fullPath": "/main.py", "details": {"fromA": 32, "toA": 32, "fromB": 32, "toB": 33, "inserted": [" "]}}
{"dateTime": "2025-08-25T18:10:24.040Z", "eventType": "input.type", "fullPath": "/main.py", "details": {"fromA": 33, "toA": 33, "fromB": 33, "toB": 34, "inserted": ["n"]}}
{"dateTime": "2025-08-25T18:10:24.615Z", "eventType": "input.type", "fullPath": "/main.py", "details": {"fromA": 34, "toA": 34, "fromB": 34, "toB": 35, "inserted": ["u"]}}
{"dateTime": "2025-08-25T18:10:24.919Z", "eventType": "input.type", "fullPath": "/main.py", "details": {"fromA": 35, "toA": 35, "fromB": 35, "toB": 36, "inserted": ["m"]}}
{"dateTime": "2025-08-25T18:10:25.047Z", "eventType": "input.type", "fullPath": "/main.py", "details": {"fromA": 36, "toA": 36, "fromB": 36, "toB": 37, "inserted": ["e"]}}
{"dateTime": "2025-08-25T18:10:25.336Z", "eventType": "input.type", "fullPath": "/main.py", "details": {"fromA": 37, "toA": 37, "fromB": 37, "toB": 38, "inserted": ["r"]}}
{"dateTime": "2025-08-25T18:10:25.463Z", "eventType": "input.type", "fullPath": "/main.py", "details": {"fromA": 38, "toA": 38, "fromB": 38, "toB": 39, "inserted": ["o"]}}
{"dateTime": "2025-08-25T18:13:17.017Z", "eventType": "input.type", "fullPath": "/main.py", "details": {"fromA": 39, "toA": 39, "fromB": 39, "toB": 40, "inserted": [" "]}}
{"dateTime": "2025-08-25T18:13:19.063Z", "eventType": "delete.backward", "fullPath": "/main.py", "details": {"fromA": 39, "toA": 40, "fromB": 39, "toB": 39, "inserted": [""]}}
{"dateTime": "2025-08-25T18:13:23.016Z", "eventType": "input.type", "fullPath": "/main.py", "details": {"fromA": 39, "toA": 39, "fromB": 39, "toB": 40, "inserted": [":"]}}
{"dateTime": "2025-08-25T18:13:23.480Z", "eventType": "input.type", "fullPath": "/main.py", "details": {"fromA": 40, "toA": 40, "fromB": 40, "toB": 41, "inserted": [" "]}}
{"dateTime": "2025-08-25T18:13:27.239Z", "eventType": "select", "fullPath": "/main.py", "details": {"selection": {"from": 42, "to": 42}}}
{"dateTime": "2025-08-25T18:13:27.477Z", "eventType": "select", "fullPath": "/main.py", "details": {"selection": {"from": 43, "to": 43}}}
{"dateTime": "2025-08-25T18:13:27.687Z", "eventType": "select", "fullPath": "/main.py", "details": {"selection": {"from": 44, "to": 44}}}
{"dateTime": "2025-08-25T18:13:29.449Z", "eventType": "input", "fullPath": "/main.py", "details": {"fromA": 44, "toA": 44, "fromB": 44, "toB": 45, "inserted": ["", ""]}}
{"dateTime": "2025-08-25T18:13:32.601Z", "eventType": "input.type", "fullPath": "/main.py", "details": {"fromA": 45, "toA": 45, "fromB": 45, "toB": 46, "inserted": ["k"]}}
{"dateTime": "2025-08-25T18:13:33.418Z", "eventType": "input.type", "fullPath": "/main.py", "details": {"fromA": 46, "toA": 46, "fromB": 46, "toB": 47, "inserted": ["e"]}}
{"dateTime": "2025-08-25T18:13:34.201Z", "eventType": "input.type", "fullPath": "/main.py", "details": {"fromA": 47, "toA": 47, "fromB": 47, "toB": 48, "inserted": ["l"]}}
{"dateTime": "2025-08-25T18:13:35.048Z", "eventType": "input.type", "fullPath": "/main.py", "details": {"fromA": 48, "toA": 48, "fromB": 48, "toB": 49, "inserted": ["v"]}}
{"dateTime": "2025-08-25T18:13:35.592Z", "eventType": "input.type", "fullPath": "/main.py", "details": {"fromA": 49, "toA": 49, "fromB": 49, "toB": 50, "inserted": ["i"]}}
{"dateTime": "2025-08-25T18:13:35.896Z", "eventType": "input.type", "fullPath": "/main.py", "details": {"fromA": 50, "toA": 50, "fromB": 50, "toB": 51, "inserted": ["n"]}}
{"dateTime": "2025-08-25T18:13:37.992Z", "eventType": "input.type", "fullPath": "/main.py", "details": {"fromA": 51, "toA": 51, "fromB": 51, "toB": 52, "inserted": [" "]}}
{"dateTime": "2025-08-25T18:13:38.856Z", "eventType": "input.type", "fullPath": "/main.py", "details": {"fromA": 52, "toA": 52, "fromB": 52, "toB": 53, "inserted": ["+"]}}
{"dateTime": "2025-08-25T18:13:40.439Z", "eventType": "delete.backward", "fullPath": "/main.py", "details": {"fromA": 52, "toA": 53, "fromB": 52, "toB": 52, "inserted": [""]}}
{"dateTime": "2025-08-25T18:13:40.745Z", "eventType": "input.type", "fullPath": "/main.py", "details": {"fromA": 52, "toA": 52, "fromB": 52, "toB": 53, "inserted": ["="]}}
{"dateTime": "2025-08-25T18:13:41.737Z", "eventType": "input.type", "fullPath": "/main.py", "details": {"fromA": 53, "toA": 53, "fromB": 53, "toB": 54, "inserted": [" "]}}
{"dateTime": "2025-08-25T18:13:42.538Z", "eventType": "input.type", "fullPath": "/main.py", "details": {"fromA": 54, "toA": 54, "fromB": 54, "toB": 55, "inserted": ["C"]}}
{"dateTime": "2025-08-25T18:13:45.329Z", "eventType": "input.type", "fullPath": "/main.py", "details": {"fromA": 55, "toA": 55, "fromB": 55, "toB": 56, "inserted": ["e"]}}
{"dateTime": "2025-08-25T18:13:46.094Z", "eventType": "input.type", "fullPath": "/main.py", "details": {"fromA": 56, "toA": 56, "fromB": 56, "toB": 57, "inserted": ["l"]}}
{"dateTime": "2025-08-25T18:13:56.440Z", "eventType": "input.type", "fullPath": "/main.py", "details": {"fromA": 57, "toA": 57, "fromB": 57, "toB": 58, "inserted": ["s"]}}
{"dateTime": "2025-08-25T18:13:56.740Z", "eventType": "input.type", "fullPath": "/main.py", "details": {"fromA": 58, "toA": 58, "fromB": 58, "toB": 59, "inserted": ["i"]}}
{"dateTime": "2025-08-25T18:13:57.017Z", "eventType": "input.type", "fullPath": "/main.py", "details": {"fromA": 59, "toA": 59, "fromB": 59, "toB": 60, "inserted": ["u"]}}
{"dateTime": "2025-08-25T18:13:57.241Z", "eventType": "input.type", "fullPath": "/main.py", "details": {"fromA": 60, "toA": 60, "fromB": 60, "toB": 61, "inserted": ["s"]}}
{"dateTime": "2025-08-25T18:14:06.424Z", "eventType": "input.type", "fullPath": "/main.py", "details": {"fromA": 61, "toA": 61, "fromB": 61, "toB": 62, "inserted": [" "]}}
{"dateTime": "2025-08-25T18:14:08.329Z", "eventType": "input.type", "fullPath": "/main.py", "details": {"fromA": 62, "toA": 62, "fromB": 62, "toB": 63, "inserted": ["="]}}
{"dateTime": "2025-08-25T18:14:10.295Z", "eventType": "delete.backward", "fullPath": "/main.py", "details": {"fromA": 62, "toA": 63, "fromB": 62, "toB": 62, "inserted": [""]}}
{"dateTime": "2025-08-25T18:14:10.729Z", "eventType": "input.type", "fullPath": "/main.py", "details": {"fromA": 62, "toA": 62, "fromB": 62, "toB": 63, "inserted": ["+"]}}
{"dateTime": "2025-08-25T18:14:11.240Z", "eventType": "input.type", "fullPath": "/main.py", "details": {"fromA": 63, "toA": 63, "fromB": 63, "toB": 64, "inserted": [" "]}}
{"dateTime": "2025-08-25T18:14:16.585Z", "eventType": "input.type", "fullPath": "/main.py", "details": {"fromA": 64, "toA": 64, "fromB": 64, "toB": 65, "inserted": ["2"]}}
{"dateTime": "2025-08-25T18:14:17.609Z", "eventType": "input.type", "fullPath": "/main.py", "details": {"fromA": 65, "toA": 65, "fromB": 65, "toB": 66, "inserted": ["7"]}}
{"dateTime": "2025-08-25T18:14:18.616Z", "eventType": "input.type", "fullPath": "/main.py", "details": {"fromA": 66, "toA": 66, "fromB": 66, "toB": 67, "inserted": ["5"]}}
{"dateTime": "2025-08-25T18:14:20.392Z", "eventType": "input.type", "fullPath": "/main.py", "details": {"fromA": 67, "toA": 67, "fromB": 67, "toB": 68, "inserted": ["."]}}
{"dateTime": "2025-08-25T18:14:27.578Z", "eventType": "input.type", "fullPath": "/main.py", "details": {"fromA": 68, "toA": 68, "fromB": 68, "toB": 69, "inserted": ["1"]}}
{"dateTime": "2025-08-25T18:14:28.856Z", "eventType": "input.type", "fullPath": "/main.py", "details": {"fromA": 69, "toA": 69, "fromB": 69, "toB": 70, "inserted": ["5"]}}
{"dateTime": "2025-08-25T18:14:31.608Z", "eventType": "input", "fullPath": "/main.py", "details": {"fromA": 70, "toA": 70, "fromB": 70, "toB": 71, "inserted": ["", ""]}}
{"dateTime": "2025-08-25T18:14:33.864Z", "eventType": "input.type", "fullPath": "/main.py", "details": {"fromA": 71, "toA": 71, "fromB": 71, "toB": 72, "inserted": ["P"]}}
{"dateTime": "2025-08-25T18:14:35.624Z", "eventType": "delete.backward", "fullPath": "/main.py", "details": {"fromA": 71, "toA": 72, "fromB": 71, "toB": 71, "inserted": [""]}}
{"dateTime": "2025-08-25T18:14:37.016Z", "eventType": "input.type", "fullPath": "/main.py", "details": {"fromA": 71, "toA": 71, "fromB": 71, "toB": 72, "inserted": ["p"]}}
{"dateTime": "2025-08-25T18:14:37.594Z", "eventType": "input.type", "fullPath": "/main.py", "details": {"fromA": 72, "toA": 72, "fromB": 72, "toB": 73, "inserted": ["r"]}}
{"dateTime": "2025-08-25T18:14:39.337Z", "eventType": "delete.backward", "fullPath": "/main.py", "details": {"fromA": 72, "toA": 73, "fromB": 72, "toB": 72, "inserted": [""]}}
{"dateTime": "2025-08-25T18:14:39.543Z", "eventType": "delete.backward", "fullPath": "/main.py", "details": {"fromA": 71, "toA": 72, "fromB": 71, "toB": 71, "inserted": [""]}}
{"dateTime": "2025-08-25T18:14:39.719Z", "eventType": "delete.backward", "fullPath": "/main.py", "details": {"fromA": 70, "toA": 71, "fromB": 70, "toB": 70, "inserted": [""]}}
{"dateTime": "2025-08-25T18:14:41.895Z", "eventType": "input", "fullPath": "/main.py", "details": {"fromA": 70, "toA": 70, "fromB": 70, "toB": 71, "inserted": ["", ""]}}
{"dateTime": "2025-08-25T18:14:42.968Z", "eventType": "input.type", "fullPath": "/main.py", "details": {"fromA": 71, "toA": 71, "fromB": 71, "toB": 72, "inserted": ["P"]}}
{"dateTime": "2025-08-25T18:14:49.592Z", "eventType": "delete.backward", "fullPath": "/main.py", "details": {"fromA": 71, "toA": 72, "fromB": 71, "toB": 71, "inserted": [""]}}
{"dateTime": "2025-08-25T18:14:51.368Z", "eventType": "input.type", "fullPath": "/main.py", "details": {"fromA": 71, "toA": 71, "fromB": 71, "toB": 72, "inserted": ["P"]}}
{"dateTime": "2025-08-25T18:14:54.010Z", "eventType": "input.type", "fullPath": "/main.py", "details": {"fromA": 72, "toA": 72, "fromB": 72, "toB": 73, "inserted": ["r"]}}
{"dateTime": "2025-08-25T18:14:54.158Z", "eventType": "input.type", "fullPath": "/main.py", "details": {"fromA": 73, "toA": 73, "fromB": 73, "toB": 74, "inserted": ["i"]}}
{"dateTime": "2025-08-25T18:14:54.415Z", "eventType": "input.type", "fullPath": "/main.py", "details": {"fromA": 74, "toA": 74, "fromB": 74, "toB": 75, "inserted": ["n"]}}
{"dateTime": "2025-08-25T18:14:54.650Z", "eventType": "input.type", "fullPath": "/main.py", "details": {"fromA": 75, "toA": 75, "fromB": 75, "toB": 76, "inserted": ["t"]}}
{"dateTime": "2025-08-25T18:14:58.809Z", "eventType": "input.type", "fullPath": "/main.py", "details": {"fromA": 76, "toA": 76, "fromB": 76, "toB": 78, "inserted": ["()"]}}
{"dateTime": "2025-08-25T18:15:01.513Z", "eventType": "input.type", "fullPath": "/main.py", "details": {"fromA": 77, "toA": 77, "fromB": 77, "toB": 78, "inserted": ["r"]}}
{"dateTime": "2025-08-25T18:15:01.804Z", "eventType": "input.type", "fullPath": "/main.py", "details": {"fromA": 78, "toA": 78, "fromB": 78, "toB": 79, "inserted": ["o"]}}
{"dateTime": "2025-08-25T18:15:03.294Z", "eventType": "input.type", "fullPath": "/main.py", "details": {"fromA": 79, "toA": 79, "fromB": 79, "toB": 80, "inserted": ["u"]}}
{"dateTime": "2025-08-25T18:15:03.628Z", "eventType": "input.type", "fullPath": "/main.py", "details": {"fromA": 80, "toA": 80, "fromB": 80, "toB": 81, "inserted": ["n"]}}
{"dateTime": "2025-08-25T18:15:08.744Z", "eventType": "input.type", "fullPath": "/main.py", "details": {"fromA": 81, "toA": 81, "fromB": 81, "toB": 83, "inserted": ["()"]}}
{"dateTime": "2025-08-25T18:15:12.584Z", "eventType": "input.type", "fullPath": "/main.py", "details": {"fromA": 82, "toA": 82, "fromB": 82, "toB": 83, "inserted": ["k"]}}
{"dateTime": "2025-08-25T18:15:13.241Z", "eventType": "input.type", "fullPath": "/main.py", "details": {"fromA": 83, "toA": 83, "fromB": 83, "toB": 84, "inserted": ["e"]}}
{"dateTime": "2025-08-25T18:15:13.436Z", "eventType": "input.type", "fullPath": "/main.py", "details": {"fromA": 84, "toA": 84, "fromB": 84, "toB": 85, "inserted": ["l"]}}
{"dateTime": "2025-08-25T18:15:13.930Z", "eventType": "input.type", "fullPath": "/main.py", "details": {"fromA": 85, "toA": 85, "fromB": 85, "toB": 86, "inserted": ["v"]}}
{"dateTime": "2025-08-25T18:15:14.218Z", "eventType": "input.type", "fullPath": "/main.py", "details": {"fromA": 86, "toA": 86, "fromB": 86, "toB": 87, "inserted": ["i"]}}
{"dateTime": "2025-08-25T18:15:14.522Z", "eventType": "input.type", "fullPath": "/main.py", "details": {"fromA": 87, "toA": 87, "fromB": 87, "toB": 88, "inserted": ["n"]}}
{"dateTime": "2025-08-25T18:15:17.176Z", "eventType": "input.type", "fullPath": "/main.py", "details": {"fromA": 88, "toA": 88, "fromB": 88, "toB": 89, "inserted": [","]}}
{"dateTime": "2025-08-25T18:15:18.952Z", "eventType": "input.type", "fullPath": "/main.py", "details": {"fromA": 89, "toA": 89, "fromB": 89, "toB": 90, "inserted": ["2"]}}
{"dateTime": "2025-08-25T18:15:21.277Z", "eventType": "blur", "fullPath": "/main.py"}
{"dateTime": "2025-08-25T18:15:21.827Z", "eventType": "submission", "details": {"correctness": 0, "commit": "9d6681e5c61156c9b911839630ad59474879d6ca", "executionTime": 0}}
{"dateTime": "2025-08-25T18:15:39.721Z", "eventType": "focus", "fullPath": "/main.py"}
{"dateTime": "2025-08-25T18:15:39.724Z", "eventType": "select.pointer", "fullPath": "/main.py", "details": {"selection": {"from": 72, "to": 72}}}
{"dateTime": "2025-08-25T18:15:40.953Z", "eventType": "delete.backward", "fullPath": "/main.py", "details": {"fromA": 71, "toA": 72, "fromB": 71, "toB": 71, "inserted": [""]}}
{"dateTime": "2025-08-25T18:15:41.432Z", "eventType": "input.type", "fullPath": "/main.py", "details": {"fromA": 71, "toA": 71, "fromB": 71, "toB": 72, "inserted": ["p"]}}
{"dateTime": "2025-08-25T18:15:44.162Z", "eventType": "blur", "fullPath": "/main.py"}
{"dateTime": "2025-08-25T18:15:44.761Z", "eventType": "submission", "details": {"correctness": 0, "commit": "f407d6aad6b662c8bda043782cd7fbae3e718ca1", "executionTime": 0}}
{"dateTime": "2025-08-25T18:15:45.843Z", "eventType": "submission", "details": {"correctness": 0, "commit": "f407d6aad6b662c8bda043782cd7fbae3e718ca1", "executionTime": 0}}
{"dateTime": "2025-08-25T18:15:46.291Z", "eventType": "submission", "details": {"correctness": 0, "commit": "f407d6aad6b662c8bda043782cd7fbae3e718ca1", "executionTime": 0}}
{"dateTime": "2025-08-25T18:15:55.347Z", "eventType": "focus", "fullPath": "/main.py"}
{"dateTime": "2025-08-25T18:15:55.353Z", "eventType": "select.pointer", "fullPath": "/main.py", "details": {"selection": {"from": 89, "to": 89}}}
{"dateTime": "2025-08-25T18:15:56.352Z", "eventType": "input.type", "fullPath": "/main.py", "details": {"fromA": 89, "toA": 89, "fromB": 89, "toB": 90, "inserted": [" "]}}
{"dateTime": "2025-08-25T18:15:58.267Z", "eventType": "blur", "fullPath": "/main.py"}
{"dateTime": "2025-08-25T18:15:58.824Z", "eventType": "submission", "details": {"correctness": 0, "commit": "e52f38186c4678aa15154f049cc8b2514ecd3443", "executionTime": 0}}
{"dateTime": "2025-08-25T18:16:05.616Z", "eventType": "focus", "fullPath": "/main.py"}
{"dateTime": "2025-08-25T18:16:05.618Z", "eventType": "select.pointer", "fullPath": "/main.py", "details": {"selection": {"from": 68, "to": 68}}}
{"dateTime": "2025-08-25T18:16:07.897Z", "eventType": "select", "fullPath": "/main.py", "details": {"selection": {"from": 67, "to": 67}}}
{"dateTime": "2025-08-25T18:16:08.969Z", "eventType": "delete.backward", "fullPath": "/main.py", "details": {"fromA": 66, "toA": 67, "fromB": 66, "toB": 66, "inserted": [""]}}
{"dateTime": "2025-08-25T18:16:10.026Z", "eventType": "input.type", "fullPath": "/main.py", "details": {"fromA": 66, "toA": 66, "fromB": 66, "toB": 67, "inserted": ["3"]}}
{"dateTime": "2025-08-25T18:16:12.306Z", "eventType": "blur", "fullPath": "/main.py"}
{"dateTime": "2025-08-25T18:16:12.789Z", "eventType": "submission", "details": {"correctness": 0, "commit": "75df7ec9490ffb7663844fd2c7ae1e8cbff02fd8", "executionTime": 0}}
{"dateTime": "2025-08-25T18:16:14.784Z", "eventType": "focus", "fullPath": "/main.py"}
{"dateTime": "2025-08-25T18:16:14.786Z", "eventType": "select.pointer", "fullPath": "/main.py", "details": {"selection": {"from": 70, "to": 70}}}
{"dateTime": "2025-08-25T18:16:25.714Z", "eventType": "select.pointer", "fullPath": "/main.py", "details": {"selection": {"from": 24, "to": 24}}}
{"dateTime": "2025-08-25T18:16:26.744Z", "eventType": "delete.backward", "fullPath": "/main.py", "details": {"fromA": 23, "toA": 24, "fromB": 23, "toB": 23, "inserted": [""]}}
{"dateTime": "2025-08-25T18:16:29.177Z", "eventType": "input.type", "fullPath": "/main.py", "details": {"fromA": 23, "toA": 23, "fromB": 23, "toB": 24, "inserted": ["D"]}}
{"dateTime": "2025-08-25T18:16:37.490Z", "eventType": "blur", "fullPath": "/main.py"}
{"dateTime": "2025-08-25T18:16:38.140Z", "eventType": "submission", "details": {"correctness": 0, "commit": "b42863493186e796eda51fc94cc584f4d0d64290", "executionTime": 0}}
{"dateTime": "2025-08-25T18:16:39.294Z", "eventType": "submission", "details": {"correctness": 0, "commit": "b42863493186e796eda51fc94cc584f4d0d64290", "executionTime": 0}}
{"dateTime": "2025-08-25T18:16:59.530Z", "eventType": "focus", "fullPath": "/main.py"}
{"dateTime": "2025-08-25T18:16:59.539Z", "eventType": "select.pointer", "fullPath": "/main.py", "details": {"selection": {"from": 81, "to": 81}}}
{"dateTime": "2025-08-25T18:17:01.887Z", "eventType": "input.type", "fullPath": "/main.py", "details": {"fromA": 81, "toA": 81, "fromB": 81, "toB": 82, "inserted": ["d"]}}
{"dateTime": "2025-08-25T18:17:03.933Z", "eventType": "blur", "fullPath": "/main.py"}
{"dateTime": "2025-08-27T18:41:56.494Z", "eventType": "input.type", "fullPath": "/main.py", "details": {"fromA": 91, "toA": 91, "fromB": 91, "toB": 92, "inserted": ["="]}}
{"dateTime": "2025-08-27T18:41:56.589Z", "eventType": "input.type", "fullPath": "/main.py", "details": {"fromA": 92, "toA": 92, "fromB": 92, "toB": 93, "inserted": [" "]}}
{"dateTime": "2025-08-27T18:41:58.313Z", "eventType": "generic", "fullPath": "/main.py", "details": {"fromA": 93, "toA": 93, "fromB": 93, "toB": 108, "inserted": ["round(kelvin,2)"]}}
{"dateTime": "2025-08-27T18:42:01.776Z", "eventType": "select.pointer", "fullPath": "/main.py", "details": {"selection": {"from": 49, "to": 49}}}
{"dateTime": "2025-08-27T18:42:01.960Z", "eventType": "select.pointer", "fullPath": "/main.py", "details": {"selection": {"from": 46, "to": 52}}}
{"dateTime": "2025-08-27T18:42:03.117Z", "eventType": "select.pointer", "fullPath": "/main.py", "details": {"selection": {"from": 82, "to": 82}}}
{"dateTime": "2025-08-27T18:42:03.304Z", "eventType": "select.pointer", "fullPath": "/main.py", "details": {"selection": {"from": 72, "to": 90}}}
{"dateTime": "2025-08-27T18:42:07.460Z", "eventType": "select.pointer", "fullPath": "/main.py", "details": {"selection": {"from": 93, "to": 93}}}
{"dateTime": "2025-08-27T18:42:07.595Z", "eventType": "select.pointer", "fullPath": "/main.py", "details": {"selection": {"from": 93, "to": 94}}}
{"dateTime": "2025-08-27T18:42:07.608Z", "eventType": "select.pointer", "fullPath": "/main.py", "details": {"selection": {"from": 93, "to": 97}}}
{"dateTime": "2025-08-27T18:42:07.624Z", "eventType": "select.pointer", "fullPath": "/main.py", "details": {"selection": {"from": 93, "to": 99}}}
{"dateTime": "2025-08-27T18:42:07.641Z", "eventType": "select.pointer", "fullPath": "/main.py", "details": {"selection": {"from": 93, "to": 101}}}
{"dateTime": "2025-08-27T18:42:07.659Z", "eventType": "select.pointer", "fullPath": "/main.py", "details": {"selection": {"from": 71, "to": 93}}}
{"dateTime": "2025-08-27T18:42:07.930Z", "eventType": "select.pointer", "fullPath": "/main.py", "details": {"selection": {"from": 93, "to": 108}}}
{"dateTime": "2025-08-27T18:42:09.908Z", "eventType": "select.pointer", "fullPath": "/main.py", "details": {"selection": {"from": 81, "to": 81}}}
{"dateTime": "2025-08-27T18:42:10.100Z", "eventType": "select.pointer", "fullPath": "/main.py", "details": {"selection": {"from": 72, "to": 90}}}
{"dateTime": "2025-08-27T18:42:11.466Z", "eventType": "select", "fullPath": "/main.py", "details": {"selection": {"from": 90, "to": 90}}}
{"dateTime": "2025-08-27T18:42:11.613Z", "eventType": "select", "fullPath": "/main.py", "details": {"selection": {"from": 109, "to": 109}}}
{"dateTime": "2025-08-27T18:42:11.758Z", "eventType": "select", "fullPath": "/main.py", "details": {"selection": {"from": 117, "to": 117}}}
{"dateTime": "2025-08-27T18:42:12.298Z", "eventType": "select", "fullPath": "/main.py", "details": {"selection": {"from": 116, "to": 116}}}
{"dateTime": "2025-08-27T18:42:13.710Z", "eventType": "generic", "fullPath": "/main.py", "details": {"fromA": 116, "toA": 116, "fromB": 116, "toB": 134, "inserted": ["kelvin_arredondado"]}}
{"dateTime": "2025-08-27T18:42:16.501Z", "eventType": "blur", "fullPath": "/main.py"}
{"dateTime": "2025-08-27T18:42:21.843Z", "eventType": "focus", "fullPath": "/main.py"}
{"dateTime": "2025-08-27T18:42:21.846Z", "eventType": "select.pointer", "fullPath": "/main.py", "details": {"selection": {"from": 1, "to": 1}}}
{"dateTime": "2025-08-27T18:42:21.996Z", "eventType": "select.pointer", "fullPath": "/main.py", "details": {"selection": {"from": 1, "to": 2}}}
{"dateTime": "2025-08-27T18:42:22.013Z", "eventType": "select.pointer", "fullPath": "/main.py", "details": {"selection": {"from": 1, "to": 6}}}
{"dateTime": "2025-08-27T18:42:22.031Z", "eventType": "select.pointer", "fullPath": "/main.py", "details": {"selection": {"from": 1, "to": 45}}}
{"dateTime": "2025-08-27T18:42:22.197Z", "eventType": "select.pointer", "fullPath": "/main.py", "details": {"selection": {"from": 1, "to": 38}}}
{"dateTime": "2025-08-27T18:42:22.211Z", "eventType": "select.pointer", "fullPath": "/main.py", "details": {"selection": {"from": 1, "to": 39}}}
{"dateTime": "2025-08-27T18:42:22.241Z", "eventType": "select.pointer", "fullPath": "/main.py", "details": {"selection": {"from": 1, "to": 40}}}
{"dateTime": "2025-08-27T18:42:22.261Z", "eventType": "select.pointer", "fullPath": "/main.py", "details": {"selection": {"from": 1, "to": 41}}}
{"dateTime": "2025-08-27T18:42:22.294Z", "eventType": "select.pointer", "fullPath": "/main.py", "details": {"selection": {"from": 1, "to": 42}}}
{"dateTime": "2025-08-27T18:42:22.327Z", "eventType": "select.pointer", "fullPath": "/main.py", "details": {"selection": {"from": 1, "to": 43}}}
{"dateTime": "2025-08-27T18:42:22.361Z", "eventType": "select.pointer", "fullPath": "/main.py", "details": {"selection": {"from": 1, "to": 44}}}
{"dateTime": "2025-08-27T18:42:24.965Z", "eventType": "select.pointer", "fullPath": "/main.py", "details": {"selection": {"from": 46, "to": 46}}}
{"dateTime": "2025-08-27T18:42:25.045Z", "eventType": "select.pointer", "fullPath": "/main.py", "details": {"selection": {"from": 46, "to": 47}}}
{"dateTime": "2025-08-27T18:42:25.096Z", "eventType": "select.pointer", "fullPath": "/main.py", "details": {"selection": {"from": 46, "to": 48}}}
{"dateTime": "2025-08-27T18:42:25.112Z", "eventType": "select.pointer", "fullPath": "/main.py", "details": {"selection": {"from": 46, "to": 49}}}
{"dateTime": "2025-08-27T18:42:25.129Z", "eventType": "select.pointer", "fullPath": "/main.py", "details": {"selection": {"from": 46, "to": 50}}}
{"dateTime": "2025-08-27T18:42:25.144Z", "eventType": "select.pointer", "fullPath": "/main.py", "details": {"selection": {"from": 46, "to": 51}}}
{"dateTime": "2025-08-27T18:42:25.160Z", "eventType": "select.pointer", "fullPath": "/main.py", "details": {"selection": {"from": 46, "to": 54}}}
{"dateTime": "2025-08-27T18:42:25.175Z", "eventType": "select.pointer", "fullPath": "/main.py", "details": {"selection": {"from": 46, "to": 57}}}
{"dateTime": "2025-08-27T18:42:25.191Z", "eventType": "select.pointer", "fullPath": "/main.py", "details": {"selection": {"from": 46, "to": 59}}}
{"dateTime": "2025-08-27T18:42:25.209Z", "eventType": "select.pointer", "fullPath": "/main.py", "details": {"selection": {"from": 46, "to": 63}}}
{"dateTime": "2025-08-27T18:42:25.225Z", "eventType": "select.pointer", "fullPath": "/main.py", "details": {"selection": {"from": 46, "to": 68}}}
{"dateTime": "2025-08-27T18:42:25.242Z", "eventType": "select.pointer", "fullPath": "/main.py", "details": {"selection": {"from": 46, "to": 70}}}
{"dateTime": "2025-08-27T18:42:25.261Z", "eventType": "select.pointer", "fullPath": "/main.py", "details": {"selection": {"from": 46, "to": 71}}}
{"dateTime": "2025-08-27T18:42:25.796Z", "eventType": "select.pointer", "fullPath": "/main.py", "details": {"selection": {"from": 46, "to": 108}}}
{"dateTime": "2025-08-27T18:42:27.545Z", "eventType": "blur", "fullPath": "/main.py"}
{"dateTime": "2025-08-27T18:42:43.295Z", "eventType": "submission", "details": {"correctness": 1, "commit": "5d331b18332cab3f5df19ff580c8b619bde37aee", "executionTime": 0.01}}
{"dateTime": "2025-08-27T18:42:51.020Z", "eventType": "focus", "fullPath": "/main.py"}
{"dateTime": "2025-08-27T18:42:51.025Z", "eventType": "select", "fullPath": "/main.py", "details": {"selection": {"from": 94, "to": 94}}}
{"dateTime": "2025-08-27T18:42:53.035Z", "eventType": "blur", "fullPath": "/main.py"}
{"dateTime": "2025-08-27T18:43:29.133Z", "eventType": "focus", "fullPath": "/main.py"}
{"dateTime": "2025-08-27T18:43:29.136Z", "eventType": "select.pointer", "fullPath": "/main.py", "details": {"selection": {"from": 18, "to": 18}}}
{"dateTime": "2025-08-27T18:43:29.306Z", "eventType": "select.pointer", "fullPath": "/main.py", "details": {"selection": {"from": 16, "to": 21}}}
{"dateTime": "2025-08-27T18:43:30.207Z", "eventType": "select.pointer", "fullPath": "/main.py", "details": {"selection": {"from": 22, "to": 22}}}
{"dateTime": "2025-08-27T18:43:30.369Z", "eventType": "select.pointer", "fullPath": "/main.py", "details": {"selection": {"from": 22, "to": 23}}}
{"dateTime": "2025-08-27T18:43:30.451Z", "eventType": "select.pointer", "fullPath": "/main.py", "details": {"selection": {"from": 22, "to": 24}}}
{"dateTime": "2025-08-27T18:43:30.483Z", "eventType": "select.pointer", "fullPath": "/main.py", "details": {"selection": {"from": 22, "to": 25}}}
{"dateTime": "2025-08-27T18:43:30.500Z", "eventType": "select.pointer", "fullPath": "/main.py", "details": {"selection": {"from": 22, "to": 26}}}
{"dateTime": "2025-08-27T18:43:30.517Z", "eventType": "select.pointer", "fullPath": "/main.py", "details": {"selection": {"from": 22, "to": 28}}}
{"dateTime": "2025-08-27T18:43:30.534Z", "eventType": "select.pointer", "fullPath": "/main.py", "details": {"selection": {"from": 22, "to": 29}}}
{"dateTime": "2025-08-27T18:43:30.580Z", "eventType": "select.pointer", "fullPath": "/main.py", "details": {"selection": {"from": 22, "to": 30}}}
{"dateTime": "2025-08-27T18:43:30.634Z", "eventType": "select.pointer", "fullPath": "/main.py", "details": {"selection": {"from": 22, "to": 31}}}
{"dateTime": "2025-08-27T18:43:30.683Z", "eventType": "select.pointer", "fullPath": "/main.py", "details": {"selection": {"from": 22, "to": 32}}}
{"dateTime": "2025-08-27T18:43:30.750Z", "eventType": "select.pointer", "fullPath": "/main.py", "details": {"selection": {"from": 22, "to": 33}}}
{"dateTime": "2025-08-27T18:43:30.783Z", "eventType": "select.pointer", "fullPath": "/main.py", "details": {"selection": {"from": 22, "to": 34}}}
{"dateTime": "2025-08-27T18:43:30.866Z", "eventType": "select.pointer", "fullPath": "/main.py", "details": {"selection": {"from": 22, "to": 35}}}
{"dateTime": "2025-08-27T18:43:30.899Z", "eventType": "select.pointer", "fullPath": "/main.py", "details": {"selection": {"from": 22, "to": 36}}}
{"dateTime": "2025-08-27T18:43:30.918Z", "eventType": "select.pointer", "fullPath": "/main.py", "details": {"selection": {"from": 22, "to": 37}}}
{"dateTime": "2025-08-27T18:43:30.949Z", "eventType": "select.pointer", "fullPath": "/main.py", "details": {"selection": {"from": 22, "to": 38}}}
{"dateTime": "2025-08-27T18:43:31.049Z", "eventType": "select.pointer", "fullPath": "/main.py", "details": {"selection": {"from": 22, "to": 39}}}
{"dateTime": "2025-08-27T18:43:31.133Z", "eventType": "select.pointer", "fullPath": "/main.py", "details": {"selection": {"from": 22, "to": 40}}}
{"dateTime": "2025-08-27T18:43:31.216Z", "eventType": "select.pointer", "fullPath": "/main.py", "details": {"selection": {"from": 22, "to": 41}}}
{"dateTime": "2025-08-27T18:43:34.939Z", "eventType": "blur", "fullPath": "/main.py"}
{"dateTime": "2025-08-27T18:43:57.125Z", "eventType": "focus", "fullPath": "/main.py"}
{"dateTime": "2025-08-27T18:43:57.128Z", "eventType": "select.pointer", "fullPath": "/main.py", "details": {"selection": {"from": 3, "to": 3}}}
{"dateTime": "2025-08-27T18:43:57.312Z", "eventType": "select.pointer", "fullPath": "/main.py", "details": {"selection": {"from": 0, "to": 7}}}
{"dateTime": "2025-08-27T18:44:01.392Z", "eventType": "select.pointer", "fullPath": "/main.py", "details": {"selection": {"from": 16, "to": 16}}}
{"dateTime": "2025-08-27T18:44:01.603Z", "eventType": "select.pointer", "fullPath": "/main.py", "details": {"selection": {"from": 16, "to": 17}}}
{"dateTime": "2025-08-27T18:44:01.719Z", "eventType": "select.pointer", "fullPath": "/main.py", "details": {"selection": {"from": 16, "to": 18}}}
{"dateTime": "2025-08-27T18:44:01.765Z", "eventType": "select.pointer", "fullPath": "/main.py", "details": {"selection": {"from": 16, "to": 19}}}
{"dateTime": "2025-08-27T18:44:01.833Z", "eventType": "select.pointer", "fullPath": "/main.py", "details": {"selection": {"from": 16, "to": 20}}}
{"dateTime": "2025-08-27T18:44:01.883Z", "eventType": "select.pointer", "fullPath": "/main.py", "details": {"selection": {"from": 16, "to": 21}}}
{"dateTime": "2025-08-27T18:44:01.913Z", "eventType": "select.pointer", "fullPath": "/main.py", "details": {"selection": {"from": 16, "to": 22}}}
{"dateTime": "2025-08-27T18:44:01.949Z", "eventType": "select.pointer", "fullPath": "/main.py", "details": {"selection": {"from": 16, "to": 23}}}
{"dateTime": "2025-08-27T18:44:01.967Z", "eventType": "select.pointer", "fullPath": "/main.py", "details": {"selection": {"from": 16, "to": 24}}}
{"dateTime": "2025-08-27T18:44:02.000Z", "eventType": "select.pointer", "fullPath": "/main.py", "details": {"selection": {"from": 16, "to": 25}}}
{"dateTime": "2025-08-27T18:44:02.033Z", "eventType": "select.pointer", "fullPath": "/main.py", "details": {"selection": {"from": 16, "to": 26}}}
{"dateTime": "2025-08-27T18:44:02.064Z", "eventType": "select.pointer", "fullPath": "/main.py", "details": {"selection": {"from": 16, "to": 27}}}
{"dateTime": "2025-08-27T18:44:02.100Z", "eventType": "select.pointer", "fullPath": "/main.py", "details": {"selection": {"from": 16, "to": 28}}}
{"dateTime": "2025-08-27T18:44:02.117Z", "eventType": "select.pointer", "fullPath": "/main.py", "details": {"selection": {"from": 16, "to": 29}}}
{"dateTime": "2025-08-27T18:44:02.134Z", "eventType": "select.pointer", "fullPath": "/main.py", "details": {"selection": {"from": 16, "to": 31}}}
{"dateTime": "2025-08-27T18:44:02.166Z", "eventType": "select.pointer", "fullPath": "/main.py", "details": {"selection": {"from": 16, "to": 32}}}
{"dateTime": "2025-08-27T18:44:02.234Z", "eventType": "select.pointer", "fullPath": "/main.py", "details": {"selection": {"from": 16, "to": 33}}}
{"dateTime": "2025-08-27T18:44:02.267Z", "eventType": "select.pointer", "fullPath": "/main.py", "details": {"selection": {"from": 16, "to": 34}}}
{"dateTime": "2025-08-27T18:44:02.300Z", "eventType": "select.pointer", "fullPath": "/main.py", "details": {"selection": {"from": 16, "to": 35}}}
{"dateTime": "2025-08-27T18:44:02.366Z", "eventType": "select.pointer", "fullPath": "/main.py", "details": {"selection": {"from": 16, "to": 36}}}
{"dateTime": "2025-08-27T18:44:02.400Z", "eventType": "select.pointer", "fullPath": "/main.py", "details": {"selection": {"from": 16, "to": 37}}}
{"dateTime": "2025-08-27T18:44:02.417Z", "eventType": "select.pointer", "fullPath": "/main.py", "details": {"selection": {"from": 16, "to": 38}}}
{"dateTime": "2025-08-27T18:44:02.450Z", "eventType": "select.pointer", "fullPath": "/main.py", "details": {"selection": {"from": 16, "to": 39}}}
{"dateTime": "2025-08-27T18:44:02.516Z", "eventType": "select.pointer", "fullPath": "/main.py", "details": {"selection": {"from": 16, "to": 40}}}
{"dateTime": "2025-08-27T18:44:02.533Z", "eventType": "select.pointer", "fullPath": "/main.py", "details": {"selection": {"from": 16, "to": 41}}}
{"dateTime": "2025-08-27T18:44:02.566Z", "eventType": "select.pointer", "fullPath": "/main.py", "details": {"selection": {"from": 16, "to": 42}}}
{"dateTime": "2025-08-27T18:44:03.000Z", "eventType": "select.pointer", "fullPath": "/main.py", "details": {"selection": {"from": 16, "to": 43}}}
{"dateTime": "2025-08-27T18:44:16.783Z", "eventType": "select.pointer", "fullPath": "/main.py", "details": {"selection": {"from": 11, "to": 11}}}
{"dateTime": "2025-08-27T18:44:16.974Z", "eventType": "select.pointer", "fullPath": "/main.py", "details": {"selection": {"from": 10, "to": 15}}}
{"dateTime": "2025-08-27T18:44:20.544Z", "eventType": "select.pointer", "fullPath": "/main.py", "details": {"selection": {"from": 84, "to": 84}}}
{"dateTime": "2025-08-27T18:44:21.792Z", "eventType": "select.pointer", "fullPath": "/main.py", "details": {"selection": {"from": 12, "to": 12}}}
{"dateTime": "2025-08-27T18:44:21.982Z", "eventType": "select.pointer", "fullPath": "/main.py", "details": {"selection": {"from": 10, "to": 15}}}
{"dateTime": "2025-08-27T18:44:26.948Z", "eventType": "blur", "fullPath": "/main.py"}
{"dateTime": "2025-08-27T18:44:41.973Z", "eventType": "focus", "fullPath": "/main.py"}
{"dateTime": "2025-08-27T18:44:41.976Z", "eventType": "select.pointer", "fullPath": "/main.py", "details": {"selection": {"from": 12, "to": 12}}}
{"dateTime": "2025-08-27T18:44:42.159Z", "eventType": "select.pointer", "fullPath": "/main.py", "details": {"selection": {"from": 10, "to": 15}}}
{"dateTime": "2025-08-27T18:44:47.968Z", "eventType": "select.pointer", "fullPath": "/main.py", "details": {"selection": {"from": 44, "to": 44}}}
{"dateTime": "2025-08-27T18:44:48.319Z", "eventType": "select.pointer", "fullPath": "/main.py", "details": {"selection": {"from": 43, "to": 44}}}
{"dateTime": "2025-08-27T18:44:48.336Z", "eventType": "select.pointer", "fullPath": "/main.py", "details": {"selection": {"from": 40, "to": 44}}}
{"dateTime": "2025-08-27T18:44:48.350Z", "eventType": "select.pointer", "fullPath": "/main.py", "details": {"selection": {"from": 38, "to": 44}}}
{"dateTime": "2025-08-27T18:44:48.365Z", "eventType": "select.pointer", "fullPath": "/main.py", "details": {"selection": {"from": 36, "to": 44}}}
{"dateTime": "2025-08-27T18:44:48.381Z", "eventType": "select.pointer", "fullPath": "/main.py", "details": {"selection": {"from": 34, "to": 44}}}
{"dateTime": "2025-08-27T18:44:48.400Z", "eventType": "select.pointer", "fullPath": "/main.py", "details": {"selection": {"from": 33, "to": 44}}}
{"dateTime": "2025-08-27T18:44:48.416Z", "eventType": "select.pointer", "fullPath": "/main.py", "details": {"selection": {"from": 31, "to": 44}}}
{"dateTime": "2025-08-27T18:44:48.433Z", "eventType": "select.pointer", "fullPath": "/main.py", "details": {"selection": {"from": 29, "to": 44}}}
{"dateTime": "2025-08-27T18:44:48.450Z", "eventType": "select.pointer", "fullPath": "/main.py", "details": {"selection": {"from": 26, "to": 44}}}
{"dateTime": "2025-08-27T18:44:48.467Z", "eventType": "select.pointer", "fullPath": "/main.py", "details": {"selection": {"from": 24, "to": 44}}}
{"dateTime": "2025-08-27T18:44:48.485Z", "eventType": "select.pointer", "fullPath": "/main.py", "details": {"selection": {"from": 22, "to": 44}}}
{"dateTime": "2025-08-27T18:44:48.500Z", "eventType": "select.pointer", "fullPath": "/main.py", "details": {"selection": {"from": 20, "to": 44}}}
{"dateTime": "2025-08-27T18:44:48.516Z", "eventType": "select.pointer", "fullPath": "/main.py", "details": {"selection": {"from": 18, "to": 44}}}
{"dateTime": "2025-08-27T18:44:48.533Z", "eventType": "select.pointer", "fullPath": "/main.py", "details": {"selection": {"from": 16, "to": 44}}}
{"dateTime": "2025-08-27T18:44:48.551Z", "eventType": "select.pointer", "fullPath": "/main.py", "details": {"selection": {"from": 15, "to": 44}}}
{"dateTime": "2025-08-27T18:44:48.567Z", "eventType": "select.pointer", "fullPath": "/main.py", "details": {"selection": {"from": 14, "to": 44}}}
{"dateTime": "2025-08-27T18:44:48.584Z", "eventType": "select.pointer", "fullPath": "/main.py", "details": {"selection": {"from": 13, "to": 44}}}
{"dateTime": "2025-08-27T18:44:48.616Z", "eventType": "select.pointer", "fullPath": "/main.py", "details": {"selection": {"from": 12, "to": 44}}}
{"dateTime": "2025-08-27T18:44:48.634Z", "eventType": "select.pointer", "fullPath": "/main.py", "details": {"selection": {"from": 11, "to": 44}}}
{"dateTime": "2025-08-27T18:44:48.651Z", "eventType": "select.pointer", "fullPath": "/main.py", "details": {"selection": {"from": 10, "to": 44}}}
{"dateTime": "2025-08-27T18:44:48.666Z", "eventType": "select.pointer", "fullPath": "/main.py", "details": {"selection": {"from": 9, "to": 44}}}
{"dateTime": "2025-08-27T18:44:48.682Z", "eventType": "select.pointer", "fullPath": "/main.py", "details": {"selection": {"from": 8, "to": 44}}}
{"dateTime": "2025-08-27T18:44:48.699Z", "eventType": "select.pointer", "fullPath": "/main.py", "details": {"selection": {"from": 7, "to": 44}}}
{"dateTime": "2025-08-27T18:44:48.732Z", "eventType": "select.pointer", "fullPath": "/main.py", "details": {"selection": {"from": 6, "to": 44}}}
{"dateTime": "2025-08-27T18:44:48.749Z", "eventType": "select.pointer", "fullPath": "/main.py", "details": {"selection": {"from": 5, "to": 44}}}
{"dateTime": "2025-08-27T18:44:48.765Z", "eventType": "select.pointer", "fullPath": "/main.py", "details": {"selection": {"from": 4, "to": 44}}}
{"dateTime": "2025-08-27T18:44:48.782Z", "eventType": "select.pointer", "fullPath": "/main.py", "details": {"selection": {"from": 3, "to": 44}}}
{"dateTime": "2025-08-27T18:44:48.799Z", "eventType": "select.pointer", "fullPath": "/main.py", "details": {"selection": {"from": 2, "to": 44}}}
{"dateTime": "2025-08-27T18:44:48.832Z", "eventType": "select.pointer", "fullPath": "/main.py", "details": {"selection": {"from": 1, "to": 44}}}
{"dateTime": "2025-08-27T18:44:48.850Z", "eventType": "select.pointer", "fullPath": "/main.py", "details": {"selection": {"from": 0, "to": 44}}}
{"dateTime": "2025-08-27T18:44:56.876Z", "eventType": "blur", "fullPath": "/main.py"}
{"dateTime": "2025-08-27T18:45:00.390Z", "eventType": "focus", "fullPath": "/main.py"}
{"dateTime": "2025-08-27T18:45:00.393Z", "eventType": "select.pointer", "fullPath": "/main.py", "details": {"selection": {"from": 48, "to": 48}}}
{"dateTime": "2025-08-27T18:45:00.592Z", "eventType": "select.pointer", "fullPath": "/main.py", "details": {"selection": {"from": 45, "to": 51}}}
{"dateTime": "2025-08-27T18:45:05.904Z", "eventType": "select.pointer", "fullPath": "/main.py", "details": {"selection": {"from": 56, "to": 56}}}
{"dateTime": "2025-08-27T18:45:06.088Z", "eventType": "select.pointer", "fullPath": "/main.py", "details": {"selection": {"from": 54, "to": 61}}}
{"dateTime": "2025-08-27T18:45:07.057Z", "eventType": "select.pointer", "fullPath": "/main.py", "details": {"selection": {"from": 5, "to": 5}}}
{"dateTime": "2025-08-27T18:45:07.256Z", "eventType": "select.pointer", "fullPath": "/main.py", "details": {"selection": {"from": 0, "to": 7}}}
{"dateTime": "2025-08-27T18:45:08.012Z", "eventType": "select.pointer", "fullPath": "/main.py", "details": {"selection": {"from": 55, "to": 55}}}
{"dateTime": "2025-08-27T18:45:08.192Z", "eventType": "select.pointer", "fullPath": "/main.py", "details": {"selection": {"from": 54, "to": 61}}}
{"dateTime": "2025-08-27T18:45:08.960Z", "eventType": "select.pointer", "fullPath": "/main.py", "details": {"selection": {"from": 64, "to": 64}}}
{"dateTime": "2025-08-27T18:45:09.116Z", "eventType": "select.pointer", "fullPath": "/main.py", "details": {"selection": {"from": 64, "to": 64}}}
{"dateTime": "2025-08-27T18:45:09.151Z", "eventType": "select.pointer", "fullPath": "/main.py", "details": {"selection": {"from": 64, "to": 65}}}
{"dateTime": "2025-08-27T18:45:09.236Z", "eventType": "select.pointer", "fullPath": "/main.py", "details": {"selection": {"from": 64, "to": 66}}}
{"dateTime": "2025-08-27T18:45:09.267Z", "eventType": "select.pointer", "fullPath": "/main.py", "details": {"selection": {"from": 64, "to": 67}}}
{"dateTime": "2025-08-27T18:45:09.301Z", "eventType": "select.pointer", "fullPath": "/main.py", "details": {"selection": {"from": 45, "to": 64}}}
{"dateTime": "2025-08-27T18:45:09.332Z", "eventType": "select.pointer", "fullPath": "/main.py", "details": {"selection": {"from": 22, "to": 64}}}
{"dateTime": "2025-08-27T18:45:09.347Z", "eventType": "select.pointer", "fullPath": "/main.py", "details": {"selection": {"from": 23, "to": 64}}}
{"dateTime": "2025-08-27T18:45:09.400Z", "eventType": "select.pointer", "fullPath": "/main.py", "details": {"selection": {"from": 24, "to": 64}}}
{"dateTime": "2025-08-27T18:45:09.451Z", "eventType": "select.pointer", "fullPath": "/main.py", "details": {"selection": {"from": 25, "to": 64}}}
{"dateTime": "2025-08-27T18:45:09.517Z", "eventType": "select.pointer", "fullPath": "/main.py", "details": {"selection": {"from": 26, "to": 64}}}
{"dateTime": "2025-08-27T18:45:09.568Z", "eventType": "select.pointer", "fullPath": "/main.py", "details": {"selection": {"from": 27, "to": 64}}}
{"dateTime": "2025-08-27T18:45:09.836Z", "eventType": "select.pointer", "fullPath": "/main.py", "details": {"selection": {"from": 64, "to": 70}}}
{"dateTime": "2025-08-27T18:45:11.198Z", "eventType": "blur", "fullPath": "/main.py"}
{"dateTime": "2025-08-27T18:45:13.933Z", "eventType": "focus", "fullPath": "/main.py"}
{"dateTime": "2025-08-27T18:45:13.936Z", "eventType": "select.pointer", "fullPath": "/main.py", "details": {"selection": {"from": 73, "to": 73}}}
{"dateTime": "2025-08-27T18:45:14.103Z", "eventType": "select.pointer", "fullPath": "/main.py", "details": {"selection": {"from": 71, "to": 76}}}
{"dateTime": "2025-08-27T18:45:24.936Z", "eventType": "select.pointer", "fullPath": "/main.py", "details": {"selection": {"from": 1, "to": 1}}}
{"dateTime": "2025-08-27T18:45:25.286Z", "eventType": "select.pointer", "fullPath": "/main.py", "details": {"selection": {"from": 0, "to": 1}}}
{"dateTime": "2025-08-27T18:45:26.840Z", "eventType": "select.pointer", "fullPath": "/main.py", "details": {"selection": {"from": 55, "to": 55}}}
{"dateTime": "2025-08-27T18:45:28.297Z", "eventType": "delete.backward", "fullPath": "/main.py", "details": {"fromA": 54, "toA": 55, "fromB": 54, "toB": 54, "inserted": [""]}}
{"dateTime": "2025-08-27T18:45:28.744Z", "eventType": "input.type", "fullPath": "/main.py", "details": {"fromA": 54, "toA": 54, "fromB": 54, "toB": 55, "inserted": ["c"]}}
{"dateTime": "2025-08-27T18:45:30.151Z", "eventType": "delete.backward", "fullPath": "/main.py", "details": {"fromA": 54, "toA": 55, "fromB": 54, "toB": 54, "inserted": [""]}}
{"dateTime": "2025-08-27T18:45:30.711Z", "eventType": "input.type", "fullPath": "/main.py", "details": {"fromA": 54, "toA": 54, "fromB": 54, "toB": 55, "inserted": ["C"]}}
{"dateTime": "2025-08-27T18:45:32.400Z", "eventType": "select.pointer", "fullPath": "/main.py", "details": {"selection": {"from": 1, "to": 1}}}
{"dateTime": "2025-08-27T18:45:32.577Z", "eventType": "select.pointer", "fullPath": "/main.py", "details": {"selection": {"from": 0, "to": 7}}}
{"dateTime": "2025-08-27T18:45:34.768Z", "eventType": "select.pointer", "fullPath": "/main.py", "details": {"selection": {"from": 46, "to": 46}}}
{"dateTime": "2025-08-27T18:45:34.985Z", "eventType": "select.pointer", "fullPath": "/main.py", "details": {"selection": {"from": 45, "to": 51}}}
{"dateTime": "2025-08-27T18:45:36.944Z", "eventType": "select.pointer", "fullPath": "/main.py", "details": {"selection": {"from": 84, "to": 84}}}
{"dateTime": "2025-08-27T18:45:37.153Z", "eventType": "select.pointer", "fullPath": "/main.py", "details": {"selection": {"from": 83, "to": 89}}}
{"dateTime": "2025-08-27T18:45:41.320Z", "eventType": "select.pointer", "fullPath": "/main.py", "details": {"selection": {"from": 44, "to": 44}}}
{"dateTime": "2025-08-27T18:45:41.662Z", "eventType": "input", "fullPath": "/main.py", "details": {"fromA": 44, "toA": 44, "fromB": 44, "toB": 45, "inserted": ["", ""]}}
{"dateTime": "2025-08-27T18:45:42.241Z", "eventType": "select.pointer", "fullPath": "/main.py", "details": {"selection": {"from": 71, "to": 71}}}
{"dateTime": "2025-08-27T18:45:42.456Z", "eventType": "input", "fullPath": "/main.py", "details": {"fromA": 71, "toA": 71, "fromB": 71, "toB": 72, "inserted": ["", ""]}}
{"dateTime": "2025-08-27T18:45:43.274Z", "eventType": "select.pointer", "fullPath": "/main.py", "details": {"selection": {"from": 44, "to": 44}}}
{"dateTime": "2025-08-27T18:45:43.720Z", "eventType": "select.pointer", "fullPath": "/main.py", "details": {"selection": {"from": 43, "to": 44}}}
{"dateTime": "2025-08-27T18:45:43.770Z", "eventType": "select.pointer", "fullPath": "/main.py", "details": {"selection": {"from": 42, "to": 44}}}
{"dateTime": "2025-08-27T18:45:43.785Z", "eventType": "select.pointer", "fullPath": "/main.py", "details": {"selection": {"from": 41, "to": 44}}}
{"dateTime": "2025-08-27T18:45:43.801Z", "eventType": "select.pointer", "fullPath": "/main.py", "details": {"selection": {"from": 40, "to": 44}}}
{"dateTime": "2025-08-27T18:45:43.816Z", "eventType": "select.pointer", "fullPath": "/main.py", "details": {"selection": {"from": 38, "to": 44}}}
{"dateTime": "2025-08-27T18:45:43.834Z", "eventType": "select.pointer", "fullPath": "/main.py", "details": {"selection": {"from": 37, "to": 44}}}
{"dateTime": "2025-08-27T18:45:43.851Z", "eventType": "select.pointer", "fullPath": "/main.py", "details": {"selection": {"from": 36, "to": 44}}}
{"dateTime": "2025-08-27T18:45:43.866Z", "eventType": "select.pointer", "fullPath": "/main.py", "details": {"selection": {"from": 35, "to": 44}}}
{"dateTime": "2025-08-27T18:45:43.882Z", "eventType": "select.pointer", "fullPath": "/main.py", "details": {"selection": {"from": 33, "to": 44}}}
{"dateTime": "2025-08-27T18:45:43.899Z", "eventType": "select.pointer", "fullPath": "/main.py", "details": {"selection": {"from": 32, "to": 44}}}
{"dateTime": "2025-08-27T18:45:43.916Z", "eventType": "select.pointer", "fullPath": "/main.py", "details": {"selection": {"from": 31, "to": 44}}}
{"dateTime": "2025-08-27T18:45:43.932Z", "eventType": "select.pointer", "fullPath": "/main.py", "details": {"selection": {"from": 30, "to": 44}}}
{"dateTime": "2025-08-27T18:45:43.949Z", "eventType": "select.pointer", "fullPath": "/main.py", "details": {"selection": {"from": 29, "to": 44}}}
{"dateTime": "2025-08-27T18:45:43.965Z", "eventType": "select.pointer", "fullPath": "/main.py", "details": {"selection": {"from": 27, "to": 44}}}
{"dateTime": "2025-08-27T18:45:43.982Z", "eventType": "select.pointer", "fullPath": "/main.py", "details": {"selection": {"from": 26, "to": 44}}}
{"dateTime": "2025-08-27T18:45:44.001Z", "eventType": "select.pointer", "fullPath": "/main.py", "details": {"selection": {"from": 25, "to": 44}}}
{"dateTime": "2025-08-27T18:45:44.018Z", "eventType": "select.pointer", "fullPath": "/main.py", "details": {"selection": {"from": 23, "to": 44}}}
{"dateTime": "2025-08-27T18:45:44.034Z", "eventType": "select.pointer", "fullPath": "/main.py", "details": {"selection": {"from": 22, "to": 44}}}
{"dateTime": "2025-08-27T18:45:44.051Z", "eventType": "select.pointer", "fullPath": "/main.py", "details": {"selection": {"from": 18, "to": 44}}}
{"dateTime": "2025-08-27T18:45:44.064Z", "eventType": "select.pointer", "fullPath": "/main.py", "details": {"selection": {"from": 0, "to": 44}}}
{"dateTime": "2025-08-27T18:45:47.244Z", "eventType": "blur", "fullPath": "/main.py"}
{"dateTime": "2025-08-27T18:45:50.558Z", "eventType": "focus", "fullPath": "/main.py"}
{"dateTime": "2025-08-27T18:45:50.561Z", "eventType": "select.pointer", "fullPath": "/main.py", "details": {"selection": {"from": 71, "to": 71}}}
{"dateTime": "2025-08-27T18:45:50.901Z", "eventType": "select.pointer", "fullPath": "/main.py", "details": {"selection": {"from": 70, "to": 71}}}
{"dateTime": "2025-08-27T18:45:50.918Z", "eventType": "select.pointer", "fullPath": "/main.py", "details": {"selection": {"from": 64, "to": 71}}}
{"dateTime": "2025-08-27T18:45:50.935Z", "eventType": "select.pointer", "fullPath": "/main.py", "details": {"selection": {"from": 49, "to": 71}}}
{"dateTime": "2025-08-27T18:45:50.952Z", "eventType": "select.pointer", "fullPath": "/main.py", "details": {"selection": {"from": 46, "to": 71}}}
{"dateTime": "2025-08-27T18:45:52.451Z", "eventType": "select.pointer", "fullPath": "/main.py", "details": {"selection": {"from": 96, "to": 96}}}
{"dateTime": "2025-08-27T18:45:52.553Z", "eventType": "select.pointer", "fullPath": "/main.py", "details": {"selection": {"from": 95, "to": 96}}}
{"dateTime": "2025-08-27T18:45:52.570Z", "eventType": "select.pointer", "fullPath": "/main.py", "details": {"selection": {"from": 94, "to": 96}}}
{"dateTime": "2025-08-27T18:45:52.600Z", "eventType": "select.pointer", "fullPath": "/main.py", "details": {"selection": {"from": 93, "to": 96}}}
{"dateTime": "2025-08-27T18:45:52.616Z", "eventType": "select.pointer", "fullPath": "/main.py", "details": {"selection": {"from": 92, "to": 96}}}
{"dateTime": "2025-08-27T18:45:52.634Z", "eventType": "select.pointer", "fullPath": "/main.py", "details": {"selection": {"from": 89, "to": 96}}}
{"dateTime": "2025-08-27T18:45:52.651Z", "eventType": "select.pointer", "fullPath": "/main.py", "details": {"selection": {"from": 86, "to": 96}}}
{"dateTime": "2025-08-27T18:45:52.668Z", "eventType": "select.pointer", "fullPath": "/main.py", "details": {"selection": {"from": 79, "to": 96}}}
{"dateTime": "2025-08-27T18:45:52.684Z", "eventType": "select.pointer", "fullPath": "/main.py", "details": {"selection": {"from": 73, "to": 96}}}
{"dateTime": "2025-08-27T18:45:52.702Z", "eventType": "select.pointer", "fullPath": "/main.py", "details": {"selection": {"from": 72, "to": 96}}}
{"dateTime": "2025-08-27T18:45:53.369Z", "eventType": "select.pointer", "fullPath": "/main.py", "details": {"selection": {"from": 73, "to": 96}}}
{"dateTime": "2025-08-27T18:45:55.091Z", "eventType": "select.pointer", "fullPath": "/main.py", "details": {"selection": {"from": 44, "to": 44}}}
{"dateTime": "2025-08-27T18:45:55.270Z", "eventType": "select.pointer", "fullPath": "/main.py", "details": {"selection": {"from": 37, "to": 44}}}
{"dateTime": "2025-08-27T18:45:55.284Z", "eventType": "select.pointer", "fullPath": "/main.py", "details": {"selection": {"from": 27, "to": 44}}}
{"dateTime": "2025-08-27T18:45:55.301Z", "eventType": "select.pointer", "fullPath": "/main.py", "details": {"selection": {"from": 0, "to": 44}}}
{"dateTime": "2025-08-27T18:45:56.474Z", "eventType": "select.pointer", "fullPath": "/main.py", "details": {"selection": {"from": 71, "to": 71}}}
{"dateTime": "2025-08-27T18:45:56.551Z", "eventType": "select.pointer", "fullPath": "/main.py", "details": {"selection": {"from": 70, "to": 71}}}
{"dateTime": "2025-08-27T18:45:56.571Z", "eventType": "select.pointer", "fullPath": "/main.py", "details": {"selection": {"from": 71, "to": 72}}}
{"dateTime": "2025-08-27T18:45:56.638Z", "eventType": "select.pointer", "fullPath": "/main.py", "details": {"selection": {"from": 58, "to": 71}}}
{"dateTime": "2025-08-27T18:45:56.651Z", "eventType": "select.pointer", "fullPath": "/main.py", "details": {"selection": {"from": 50, "to": 71}}}
{"dateTime": "2025-08-27T18:45:56.670Z", "eventType": "select.pointer", "fullPath": "/main.py", "details": {"selection": {"from": 46, "to": 71}}}
{"dateTime": "2025-08-27T18:45:56.702Z", "eventType": "select.pointer", "fullPath": "/main.py", "details": {"selection": {"from": 45, "to": 71}}}
{"dateTime": "2025-08-27T18:45:57.728Z", "eventType": "select.pointer", "fullPath": "/main.py", "details": {"selection": {"from": 96, "to": 96}}}
{"dateTime": "2025-08-27T18:45:57.819Z", "eventType": "select.pointer", "fullPath": "/main.py", "details": {"selection": {"from": 95, "to": 96}}}
{"dateTime": "2025-08-27T18:45:57.836Z", "eventType": "select.pointer", "fullPath": "/main.py", "details": {"selection": {"from": 96, "to": 96}}}
{"dateTime": "2025-08-27T18:45:57.886Z", "eventType": "select.pointer", "fullPath": "/main.py", "details": {"selection": {"from": 81, "to": 96}}}
{"dateTime": "2025-08-27T18:45:57.901Z", "eventType": "select.pointer", "fullPath": "/main.py", "details": {"selection": {"from": 74, "to": 96}}}
{"dateTime": "2025-08-27T18:45:57.918Z", "eventType": "select.pointer", "fullPath": "/main.py", "details": {"selection": {"from": 73, "to": 96}}}
{"dateTime": "2025-08-27T18:45:57.939Z", "eventType": "select.pointer", "fullPath": "/main.py", "details": {"selection": {"from": 72, "to": 96}}}
{"dateTime": "2025-08-27T18:45:59.100Z", "eventType": "blur", "fullPath": "/main.py"}
{"dateTime": "2025-08-27T18:45:59.742Z", "eventType": "focus", "fullPath": "/main.py"}
{"dateTime": "2025-08-27T18:45:59.745Z", "eventType": "select", "fullPath": "/main.py", "details": {"selection": {"from": 85, "to": 85}}}
{"dateTime": "2025-08-27T18:45:59.805Z", "eventType": "select.pointer", "fullPath": "/main.py", "details": {"selection": {"from": 85, "to": 85}}}
{"dateTime": "2025-08-27T18:46:02.723Z", "eventType": "select.pointer", "fullPath": "/main.py", "details": {"selection": {"from": 79, "to": 79}}}
{"dateTime": "2025-08-27T18:46:06.002Z", "eventType": "select.pointer", "fullPath": "/main.py", "details": {"selection": {"from": 79, "to": 80}}}
{"dateTime": "2025-08-27T18:46:06.102Z", "eventType": "select.pointer", "fullPath": "/main.py", "details": {"selection": {"from": 79, "to": 81}}}
{"dateTime": "2025-08-27T18:46:06.152Z", "eventType": "select.pointer", "fullPath": "/main.py", "details": {"selection": {"from": 79, "to": 82}}}
{"dateTime": "2025-08-27T18:46:06.217Z", "eventType": "select.pointer", "fullPath": "/main.py", "details": {"selection": {"from": 79, "to": 83}}}
{"dateTime": "2025-08-27T18:46:06.268Z", "eventType": "select.pointer", "fullPath": "/main.py", "details": {"selection": {"from": 79, "to": 84}}}
{"dateTime": "2025-08-27T18:46:06.317Z", "eventType": "select.pointer", "fullPath": "/main.py", "details": {"selection": {"from": 79, "to": 85}}}
{"dateTime": "2025-08-27T18:46:06.417Z", "eventType": "select.pointer", "fullPath": "/main.py", "details": {"selection": {"from": 79, "to": 86}}}
{"dateTime": "2025-08-27T18:46:06.466Z", "eventType": "select.pointer", "fullPath": "/main.py", "details": {"selection": {"from": 79, "to": 87}}}
{"dateTime": "2025-08-27T18:46:06.515Z", "eventType": "select.pointer", "fullPath": "/main.py", "details": {"selection": {"from": 79, "to": 88}}}
{"dateTime": "2025-08-27T18:46:06.567Z", "eventType": "select.pointer", "fullPath": "/main.py", "details": {"selection": {"from": 79, "to": 89}}}
{"dateTime": "2025-08-27T18:46:06.601Z", "eventType": "select.pointer", "fullPath": "/main.py", "details": {"selection": {"from": 79, "to": 90}}}
{"dateTime": "2025-08-27T18:46:06.634Z", "eventType": "select.pointer", "fullPath": "/main.py", "details": {"selection": {"from": 79, "to": 91}}}
{"dateTime": "2025-08-27T18:46:06.667Z", "eventType": "select.pointer", "fullPath": "/main.py", "details": {"selection": {"from": 79, "to": 92}}}
{"dateTime": "2025-08-27T18:46:06.734Z", "eventType": "select.pointer", "fullPath": "/main.py", "details": {"selection": {"from": 79, "to": 93}}}
{"dateTime": "2025-08-27T18:46:06.934Z", "eventType": "select.pointer", "fullPath": "/main.py", "details": {"selection": {"from": 79, "to": 94}}}
{"dateTime": "2025-08-27T18:46:07.067Z", "eventType": "select.pointer", "fullPath": "/main.py", "details": {"selection": {"from": 79, "to": 95}}}
{"dateTime": "2025-08-27T18:46:09.788Z", "eventType": "blur", "fullPath": "/main.py"}
{"dateTime": "2025-08-27T18:46:09.792Z", "eventType": "focus", "fullPath": "/main.py"}
{"dateTime": "2025-08-27T18:46:09.793Z", "eventType": "select", "fullPath": "/main.py", "details": {"selection": {"from": 96, "to": 96}}}
{"dateTime": "2025-08-27T18:46:11.617Z", "eventType": "select.pointer", "fullPath": "/main.py", "details": {"selection": {"from": 48, "to": 48}}}
{"dateTime": "2025-08-27T18:46:11.809Z", "eventType": "select.pointer", "fullPath": "/main.py", "details": {"selection": {"from": 46, "to": 52}}}
{"dateTime": "2025-08-27T18:46:13.457Z", "eventType": "select.pointer", "fullPath": "/main.py", "details": {"selection": {"from": 88, "to": 88}}}
{"dateTime": "2025-08-27T18:46:13.641Z", "eventType": "select.pointer", "fullPath": "/main.py", "details": {"selection": {"from": 85, "to": 91}}}
{"dateTime": "2025-08-27T18:46:15.040Z", "eventType": "select.pointer", "fullPath": "/main.py", "details": {"selection": {"from": 79, "to": 79}}}
{"dateTime": "2025-08-27T18:46:15.270Z", "eventType": "select.pointer", "fullPath": "/main.py", "details": {"selection": {"from": 79, "to": 80}}}
{"dateTime": "2025-08-27T18:46:15.336Z", "eventType": "select.pointer", "fullPath": "/main.py", "details": {"selection": {"from": 79, "to": 81}}}
{"dateTime": "2025-08-27T18:46:15.369Z", "eventType": "select.pointer", "fullPath": "/main.py", "details": {"selection": {"from": 79, "to": 82}}}
{"dateTime": "2025-08-27T18:46:15.417Z", "eventType": "select.pointer", "fullPath": "/main.py", "details": {"selection": {"from": 79, "to": 83}}}
{"dateTime": "2025-08-27T18:46:15.451Z", "eventType": "select.pointer", "fullPath": "/main.py", "details": {"selection": {"from": 79, "to": 84}}}
{"dateTime": "2025-08-27T18:46:15.468Z", "eventType": "select.pointer", "fullPath": "/main.py", "details": {"selection": {"from": 79, "to": 85}}}
{"dateTime": "2025-08-27T18:46:15.484Z", "eventType": "select.pointer", "fullPath": "/main.py", "details": {"selection": {"from": 79, "to": 86}}}
{"dateTime": "2025-08-27T18:46:15.501Z", "eventType": "select.pointer", "fullPath": "/main.py", "details": {"selection": {"from": 79, "to": 87}}}
{"dateTime": "2025-08-27T18:46:15.534Z", "eventType": "select.pointer", "fullPath": "/main.py", "details": {"selection": {"from": 79, "to": 89}}}
{"dateTime": "2025-08-27T18:46:15.568Z", "eventType": "select.pointer", "fullPath": "/main.py", "details": {"selection": {"from": 79, "to": 90}}}
{"dateTime": "2025-08-27T18:46:15.631Z", "eventType": "select.pointer", "fullPath": "/main.py", "details": {"selection": {"from": 79, "to": 91}}}
{"dateTime": "2025-08-27T18:46:15.665Z", "eventType": "select.pointer", "fullPath": "/main.py", "details": {"selection": {"from": 79, "to": 92}}}
{"dateTime": "2025-08-27T18:46:15.717Z", "eventType": "select.pointer", "fullPath": "/main.py", "details": {"selection": {"from": 79, "to": 93}}}
{"dateTime": "2025-08-27T18:46:15.834Z", "eventType": "select.pointer", "fullPath": "/main.py", "details": {"selection": {"from": 79, "to": 94}}}
{"dateTime": "2025-08-27T18:46:15.885Z", "eventType": "select.pointer", "fullPath": "/main.py", "details": {"selection": {"from": 79, "to": 96}}}
{"dateTime": "2025-08-27T18:46:16.551Z", "eventType": "select.pointer", "fullPath": "/main.py", "details": {"selection": {"from": 79, "to": 95}}}
{"dateTime": "2025-08-27T18:46:19.480Z", "eventType": "select.pointer", "fullPath": "/main.py", "details": {"selection": {"from": 48, "to": 48}}}
{"dateTime": "2025-08-27T18:46:19.665Z", "eventType": "select.pointer", "fullPath": "/main.py", "details": {"selection": {"from": 46, "to": 52}}}
{"dateTime": "2025-08-27T18:46:25.385Z", "eventType": "select.pointer", "fullPath": "/main.py", "details": {"selection": {"from": 79, "to": 79}}}
{"dateTime": "2025-08-27T18:46:25.514Z", "eventType": "select.pointer", "fullPath": "/main.py", "details": {"selection": {"from": 79, "to": 79}}}
{"dateTime": "2025-08-27T18:46:25.549Z", "eventType": "select.pointer", "fullPath": "/main.py", "details": {"selection": {"from": 79, "to": 80}}}
{"dateTime": "2025-08-27T18:46:25.602Z", "eventType": "select.pointer", "fullPath": "/main.py", "details": {"selection": {"from": 79, "to": 81}}}
{"dateTime": "2025-08-27T18:46:25.632Z", "eventType": "select.pointer", "fullPath": "/main.py", "details": {"selection": {"from": 79, "to": 82}}}
{"dateTime": "2025-08-27T18:46:25.667Z", "eventType": "select.pointer", "fullPath": "/main.py", "details": {"selection": {"from": 79, "to": 83}}}
{"dateTime": "2025-08-27T18:46:25.784Z", "eventType": "select.pointer", "fullPath": "/main.py", "details": {"selection": {"from": 79, "to": 84}}}
{"dateTime": "2025-08-27T18:46:26.217Z", "eventType": "select.pointer", "fullPath": "/main.py", "details": {"selection": {"from": 79, "to": 85}}}
{"dateTime": "2025-08-27T18:46:26.904Z", "eventType": "delete.selection", "fullPath": "/main.py", "details": {"fromA": 79, "toA": 85, "fromB": 79, "toB": 79, "inserted": [""]}}
{"dateTime": "2025-08-27T18:46:28.119Z", "eventType": "select.pointer", "fullPath": "/main.py", "details": {"selection": {"from": 85, "to": 85}}}
{"dateTime": "2025-08-27T18:46:28.615Z", "eventType": "delete.forward", "fullPath": "/main.py", "details": {"fromA": 85, "toA": 86, "fromB": 85, "toB": 85, "inserted": [""]}}
{"dateTime": "2025-08-27T18:46:28.824Z", "eventType": "delete.forward", "fullPath": "/main.py", "details": {"fromA": 85, "toA": 86, "fromB": 85, "toB": 85, "inserted": [""]}}
{"dateTime": "2025-08-27T18:46:29.000Z", "eventType": "delete.forward", "fullPath": "/main.py", "details": {"fromA": 85, "toA": 86, "fromB": 85, "toB": 85, "inserted": [""]}}
{"dateTime": "2025-08-27T18:46:29.174Z", "eventType": "delete.forward", "fullPath": "/main.py", "details": {"fromA": 85, "toA": 86, "fromB": 85, "toB": 85, "inserted": [""]}}
{"dateTime": "2025-08-27T18:46:29.478Z", "eventType": "delete.forward", "fullPath": "/main.py", "details": {"fromA": 85, "toA": 86, "fromB": 85, "toB": 85, "inserted": [""]}}
{"dateTime": "2025-08-27T18:46:30.728Z", "eventType": "input.type", "fullPath": "/main.py", "details": {"fromA": 85, "toA": 85, "fromB": 85, "toB": 86, "inserted": [")"]}}
{"dateTime": "2025-08-27T18:46:31.698Z", "eventType": "select.pointer", "fullPath": "/main.py", "details": {"selection": {"from": 72, "to": 72}}}
{"dateTime": "2025-08-27T18:46:32.804Z", "eventType": "blur", "fullPath": "/main.py"}
{"dateTime": "2025-08-27T18:46:33.170Z", "eventType": "run", "details": {"commit": "81ff3f893a56b8405d0366afa0086051c99b3320"}}
{"dateTime": "2025-08-27T18:46:50.047Z", "eventType": "focus", "fullPath": "/main.py"}
{"dateTime": "2025-08-27T18:46:50.049Z", "eventType": "select.pointer", "fullPath": "/main.py", "details": {"selection": {"from": 65, "to": 65}}}
{"dateTime": "2025-08-27T18:46:50.066Z", "eventType": "select.pointer", "fullPath": "/main.py", "details": {"selection": {"from": 65, "to": 65}}}
{"dateTime": "2025-08-27T18:46:50.216Z", "eventType": "select.pointer", "fullPath": "/main.py", "details": {"selection": {"from": 65, "to": 65}}}
{"dateTime": "2025-08-27T18:46:50.251Z", "eventType": "select.pointer", "fullPath": "/main.py", "details": {"selection": {"from": 65, "to": 66}}}
{"dateTime": "2025-08-27T18:46:50.285Z", "eventType": "select.pointer", "fullPath": "/main.py", "details": {"selection": {"from": 65, "to": 67}}}
{"dateTime": "2025-08-27T18:46:50.302Z", "eventType": "select.pointer", "fullPath": "/main.py", "details": {"selection": {"from": 65, "to": 68}}}
{"dateTime": "2025-08-27T18:46:50.318Z", "eventType": "select.pointer", "fullPath": "/main.py", "details": {"selection": {"from": 65, "to": 69}}}
{"dateTime": "2025-08-27T18:46:50.551Z", "eventType": "select.pointer", "fullPath": "/main.py", "details": {"selection": {"from": 65, "to": 70}}}
{"dateTime": "2025-08-27T18:46:50.768Z", "eventType": "select.pointer", "fullPath": "/main.py", "details": {"selection": {"from": 65, "to": 71}}}
{"dateTime": "2025-08-27T18:46:52.356Z", "eventType": "blur", "fullPath": "/main.py"}
{"dateTime": "2025-08-27T18:46:58.656Z", "eventType": "focus", "fullPath": "/main.py"}
{"dateTime": "2025-08-27T18:46:58.658Z", "eventType": "select.pointer", "fullPath": "/main.py", "details": {"selection": {"from": 74, "to": 74}}}
{"dateTime": "2025-08-27T18:46:58.848Z", "eventType": "select.pointer", "fullPath": "/main.py", "details": {"selection": {"from": 73, "to": 78}}}
{"dateTime": "2025-08-27T18:47:02.225Z", "eventType": "select.pointer", "fullPath": "/main.py", "details": {"selection": {"from": 79, "to": 79}}}
{"dateTime": "2025-08-27T18:47:04.517Z", "eventType": "input.type", "fullPath": "/main.py", "details": {"fromA": 79, "toA": 79, "fromB": 79, "toB": 80, "inserted": ["r"]}}
{"dateTime": "2025-08-27T18:47:04.631Z", "eventType": "input.type", "fullPath": "/main.py", "details": {"fromA": 80, "toA": 80, "fromB": 80, "toB": 81, "inserted": ["o"]}}
{"dateTime": "2025-08-27T18:47:04.805Z", "eventType": "input.type", "fullPath": "/main.py", "details": {"fromA": 81, "toA": 81, "fromB": 81, "toB": 82, "inserted": ["u"]}}
{"dateTime": "2025-08-27T18:47:05.060Z", "eventType": "input.type", "fullPath": "/main.py", "details": {"fromA": 82, "toA": 82, "fromB": 82, "toB": 83, "inserted": ["n"]}}
{"dateTime": "2025-08-27T18:47:05.172Z", "eventType": "input.type", "fullPath": "/main.py", "details": {"fromA": 83, "toA": 83, "fromB": 83, "toB": 84, "inserted": ["d"]}}
{"dateTime": "2025-08-27T18:47:06.169Z", "eventType": "input.type", "fullPath": "/main.py", "details": {"fromA": 84, "toA": 84, "fromB": 84, "toB": 85, "inserted": ["("]}}
{"dateTime": "2025-08-27T18:47:08.502Z", "eventType": "select", "fullPath": "/main.py", "details": {"selection": {"from": 92, "to": 92}}}
{"dateTime": "2025-08-27T18:47:08.871Z", "eventType": "select", "fullPath": "/main.py", "details": {"selection": {"from": 91, "to": 91}}}
{"dateTime": "2025-08-27T18:47:09.753Z", "eventType": "input.type", "fullPath": "/main.py", "details": {"fromA": 91, "toA": 91, "fromB": 91, "toB": 92, "inserted": [","]}}
{"dateTime": "2025-08-27T18:47:10.265Z", "eventType": "input.type", "fullPath": "/main.py", "details": {"fromA": 92, "toA": 92, "fromB": 92, "toB": 93, "inserted": ["2"]}}
{"dateTime": "2025-08-27T18:47:10.809Z", "eventType": "input.type", "fullPath": "/main.py", "details": {"fromA": 93, "toA": 93, "fromB": 93, "toB": 94, "inserted": [")"]}}
{"dateTime": "2025-08-27T18:47:11.257Z", "eventType": "input.type", "fullPath": "/main.py", "details": {"fromA": 94, "toA": 94, "fromB": 94, "toB": 95, "inserted": [")"]}}
{"dateTime": "2025-08-27T18:47:11.769Z", "eventType": "delete.backward", "fullPath": "/main.py", "details": {"fromA": 94, "toA": 95, "fromB": 94, "toB": 94, "inserted": [""]}}
{"dateTime": "2025-08-27T18:47:14.401Z", "eventType": "select.pointer", "fullPath": "/main.py", "details": {"selection": {"from": 79, "to": 79}}}
{"dateTime": "2025-08-27T18:47:14.566Z", "eventType": "select.pointer", "fullPath": "/main.py", "details": {"selection": {"from": 79, "to": 79}}}
{"dateTime": "2025-08-27T18:47:14.604Z", "eventType": "select.pointer", "fullPath": "/main.py", "details": {"selection": {"from": 79, "to": 80}}}
{"dateTime": "2025-08-27T18:47:14.654Z", "eventType": "select.pointer", "fullPath": "/main.py", "details": {"selection": {"from": 79, "to": 81}}}
{"dateTime": "2025-08-27T18:47:14.670Z", "eventType": "select.pointer", "fullPath": "/main.py", "details": {"selection": {"from": 79, "to": 82}}}
{"dateTime": "2025-08-27T18:47:14.702Z", "eventType": "select.pointer", "fullPath": "/main.py", "details": {"selection": {"from": 79, "to": 83}}}
{"dateTime": "2025-08-27T18:47:14.718Z", "eventType": "select.pointer", "fullPath": "/main.py", "details": {"selection": {"from": 79, "to": 84}}}
{"dateTime": "2025-08-27T18:47:14.736Z", "eventType": "select.pointer", "fullPath": "/main.py", "details": {"selection": {"from": 79, "to": 85}}}
{"dateTime": "2025-08-27T18:47:14.751Z", "eventType": "select.pointer", "fullPath": "/main.py", "details": {"selection": {"from": 79, "to": 95}}}
{"dateTime": "2025-08-27T18:47:14.934Z", "eventType": "select.pointer", "fullPath": "/main.py", "details": {"selection": {"from": 79, "to": 90}}}
{"dateTime": "2025-08-27T18:47:15.051Z", "eventType": "select.pointer", "fullPath": "/main.py", "details": {"selection": {"from": 79, "to": 91}}}
{"dateTime": "2025-08-27T18:47:15.102Z", "eventType": "select.pointer", "fullPath": "/main.py", "details": {"selection": {"from": 79, "to": 92}}}
{"dateTime": "2025-08-27T18:47:15.334Z", "eventType": "select.pointer", "fullPath": "/main.py", "details": {"selection": {"from": 79, "to": 93}}}
{"dateTime": "2025-08-27T18:47:15.618Z", "eventType": "select.pointer", "fullPath": "/main.py", "details": {"selection": {"from": 79, "to": 94}}}
{"dateTime": "2025-08-27T18:47:18.380Z", "eventType": "blur", "fullPath": "/main.py"}
{"dateTime": "2025-08-27T18:47:19.999Z", "eventType": "run", "details": {"commit": "2be1a9eed1eb22ef394eb35ab3ae4e5823726241"}}
{"dateTime": "2025-08-27T18:47:30.191Z", "eventType": "focus", "fullPath": "/main.py"}
{"dateTime": "2025-08-27T18:47:30.195Z", "eventType": "select", "fullPath": "/main.py", "details": {"selection": {"from": 95, "to": 95}}}
{"dateTime": "2025-08-27T18:47:31.424Z", "eventType": "select.pointer", "fullPath": "/main.py", "details": {"selection": {"from": 79, "to": 79}}}
{"dateTime": "2025-08-27T18:47:31.600Z", "eventType": "select.pointer", "fullPath": "/main.py", "details": {"selection": {"from": 79, "to": 79}}}
{"dateTime": "2025-08-27T18:47:31.621Z", "eventType": "select.pointer", "fullPath": "/main.py", "details": {"selection": {"from": 79, "to": 80}}}
{"dateTime": "2025-08-27T18:47:31.637Z", "eventType": "select.pointer", "fullPath": "/main.py", "details": {"selection": {"from": 79, "to": 81}}}
{"dateTime": "2025-08-27T18:47:31.719Z", "eventType": "select.pointer", "fullPath": "/main.py", "details": {"selection": {"from": 79, "to": 82}}}
{"dateTime": "2025-08-27T18:47:31.751Z", "eventType": "select.pointer", "fullPath": "/main.py", "details": {"selection": {"from": 79, "to": 83}}}
{"dateTime": "2025-08-27T18:47:31.768Z", "eventType": "select.pointer", "fullPath": "/main.py", "details": {"selection": {"from": 79, "to": 84}}}
{"dateTime": "2025-08-27T18:47:31.801Z", "eventType": "select.pointer", "fullPath": "/main.py", "details": {"selection": {"from": 79, "to": 85}}}
{"dateTime": "2025-08-27T18:47:31.834Z", "eventType": "select.pointer", "fullPath": "/main.py", "details": {"selection": {"from": 79, "to": 86}}}
{"dateTime": "2025-08-27T18:47:31.851Z", "eventType": "select.pointer", "fullPath": "/main.py", "details": {"selection": {"from": 79, "to": 87}}}
{"dateTime": "2025-08-27T18:47:31.868Z", "eventType": "select.pointer", "fullPath": "/main.py", "details": {"selection": {"from": 79, "to": 88}}}
{"dateTime": "2025-08-27T18:47:31.886Z", "eventType": "select.pointer", "fullPath": "/main.py", "details": {"selection": {"from": 79, "to": 89}}}
{"dateTime": "2025-08-27T18:47:31.902Z", "eventType": "select.pointer", "fullPath": "/main.py", "details": {"selection": {"from": 79, "to": 90}}}
{"dateTime": "2025-08-27T18:47:31.917Z", "eventType": "select.pointer", "fullPath": "/main.py", "details": {"selection": {"from": 79, "to": 91}}}
{"dateTime": "2025-08-27T18:47:32.102Z", "eventType": "select.pointer", "fullPath": "/main.py", "details": {"selection": {"from": 79, "to": 92}}}
{"dateTime": "2025-08-27T18:47:32.268Z", "eventType": "select.pointer", "fullPath": "/main.py", "details": {"selection": {"from": 79, "to": 93}}}
{"dateTime": "2025-08-27T18:47:35.050Z", "eventType": "select.pointer", "fullPath": "/main.py", "details": {"selection": {"from": 94, "to": 94}}}
{"dateTime": "2025-08-27T18:47:35.171Z", "eventType": "select.pointer", "fullPath": "/main.py", "details": {"selection": {"from": 93, "to": 94}}}
{"dateTime": "2025-08-27T18:47:35.204Z", "eventType": "select.pointer", "fullPath": "/main.py", "details": {"selection": {"from": 92, "to": 94}}}
{"dateTime": "2025-08-27T18:47:35.235Z", "eventType": "select.pointer", "fullPath": "/main.py", "details": {"selection": {"from": 91, "to": 94}}}
{"dateTime": "2025-08-27T18:47:35.268Z", "eventType": "select.pointer", "fullPath": "/main.py", "details": {"selection": {"from": 90, "to": 94}}}
{"dateTime": "2025-08-27T18:47:35.335Z", "eventType": "select.pointer", "fullPath": "/main.py", "details": {"selection": {"from": 89, "to": 94}}}
{"dateTime": "2025-08-27T18:47:35.384Z", "eventType": "select.pointer", "fullPath": "/main.py", "details": {"selection": {"from": 88, "to": 94}}}
{"dateTime": "2025-08-27T18:47:35.435Z", "eventType": "select.pointer", "fullPath": "/main.py", "details": {"selection": {"from": 87, "to": 94}}}
{"dateTime": "2025-08-27T18:47:35.485Z", "eventType": "select.pointer", "fullPath": "/main.py", "details": {"selection": {"from": 86, "to": 94}}}
{"dateTime": "2025-08-27T18:47:35.534Z", "eventType": "select.pointer", "fullPath": "/main.py", "details": {"selection": {"from": 85, "to": 94}}}
{"dateTime": "2025-08-27T18:47:35.584Z", "eventType": "select.pointer", "fullPath": "/main.py", "details": {"selection": {"from": 84, "to": 94}}}
{"dateTime": "2025-08-27T18:47:35.668Z", "eventType": "select.pointer", "fullPath": "/main.py", "details": {"selection": {"from": 83, "to": 94}}}
{"dateTime": "2025-08-27T18:47:35.751Z", "eventType": "select.pointer", "fullPath": "/main.py", "details": {"selection": {"from": 82, "to": 94}}}
{"dateTime": "2025-08-27T18:47:35.818Z", "eventType": "select.pointer", "fullPath": "/main.py", "details": {"selection": {"from": 81, "to": 94}}}
{"dateTime": "2025-08-27T18:47:35.951Z", "eventType": "select.pointer", "fullPath": "/main.py", "details": {"selection": {"from": 80, "to": 94}}}
{"dateTime": "2025-08-27T18:47:36.768Z", "eventType": "select.pointer", "fullPath": "/main.py", "details": {"selection": {"from": 79, "to": 94}}}
{"dateTime": "2025-08-27T18:47:39.545Z", "eventType": "generic", "fullPath": "/main.py", "details": {"fromA": 79, "toA": 94, "fromB": 79, "toB": 79, "inserted": [""]}}
{"dateTime": "2025-08-27T18:47:39.945Z", "eventType": "select", "fullPath": "/main.py", "details": {"selection": {"from": 72, "to": 72}}}
{"dateTime": "2025-08-27T18:47:40.218Z", "eventType": "select", "fullPath": "/main.py", "details": {"selection": {"from": 52, "to": 52}}}
{"dateTime": "2025-08-27T18:47:40.486Z", "eventType": "select", "fullPath": "/main.py", "details": {"selection": {"from": 71, "to": 71}}}
{"dateTime": "2025-08-27T18:47:40.842Z", "eventType": "input", "fullPath": "/main.py", "details": {"fromA": 71, "toA": 71, "fromB": 71, "toB": 72, "inserted": ["", ""]}}
{"dateTime": "2025-08-27T18:47:41.848Z", "eventType": "input.type", "fullPath": "/main.py", "details": {"fromA": 72, "toA": 72, "fromB": 72, "toB": 73, "inserted": ["k"]}}
{"dateTime": "2025-08-27T18:47:41.997Z", "eventType": "input.type", "fullPath": "/main.py", "details": {"fromA": 73, "toA": 73, "fromB": 73, "toB": 74, "inserted": ["e"]}}
{"dateTime": "2025-08-27T18:47:42.140Z", "eventType": "input.type", "fullPath": "/main.py", "details": {"fromA": 74, "toA": 74, "fromB": 74, "toB": 75, "inserted": ["l"]}}
{"dateTime": "2025-08-27T18:47:42.649Z", "eventType": "input.type", "fullPath": "/main.py", "details": {"fromA": 75, "toA": 75, "fromB": 75, "toB": 76, "inserted": ["v"]}}
{"dateTime": "2025-08-27T18:47:42.694Z", "eventType": "input.type", "fullPath": "/main.py", "details": {"fromA": 76, "toA": 76, "fromB": 76, "toB": 77, "inserted": ["e"]}}
{"dateTime": "2025-08-27T18:47:43.384Z", "eventType": "delete.backward", "fullPath": "/main.py", "details": {"fromA": 76, "toA": 77, "fromB": 76, "toB": 76, "inserted": [""]}}
{"dateTime": "2025-08-27T18:47:43.832Z", "eventType": "input.type", "fullPath": "/main.py", "details": {"fromA": 76, "toA": 76, "fromB": 76, "toB": 77, "inserted": ["n"]}}
{"dateTime": "2025-08-27T18:47:44.313Z", "eventType": "delete.backward", "fullPath": "/main.py", "details": {"fromA": 76, "toA": 77, "fromB": 76, "toB": 76, "inserted": [""]}}
{"dateTime": "2025-08-27T18:47:44.716Z", "eventType": "input.type", "fullPath": "/main.py", "details": {"fromA": 76, "toA": 76, "fromB": 76, "toB": 77, "inserted": ["i"]}}
{"dateTime": "2025-08-27T18:47:44.828Z", "eventType": "input.type", "fullPath": "/main.py", "details": {"fromA": 77, "toA": 77, "fromB": 77, "toB": 78, "inserted": ["n"]}}
{"dateTime": "2025-08-27T18:47:45.625Z", "eventType": "input.type", "fullPath": "/main.py", "details": {"fromA": 78, "toA": 78, "fromB": 78, "toB": 79, "inserted": ["_"]}}
{"dateTime": "2025-08-27T18:47:45.962Z", "eventType": "input.type", "fullPath": "/main.py", "details": {"fromA": 79, "toA": 79, "fromB": 79, "toB": 80, "inserted": ["a"]}}
{"dateTime": "2025-08-27T18:47:46.073Z", "eventType": "input.type", "fullPath": "/main.py", "details": {"fromA": 80, "toA": 80, "fromB": 80, "toB": 81, "inserted": ["r"]}}
{"dateTime": "2025-08-27T18:47:46.234Z", "eventType": "input.type", "fullPath": "/main.py", "details": {"fromA": 81, "toA": 81, "fromB": 81, "toB": 82, "inserted": ["r"]}}
{"dateTime": "2025-08-27T18:47:46.425Z", "eventType": "input.type", "fullPath": "/main.py", "details": {"fromA": 82, "toA": 82, "fromB": 82, "toB": 83, "inserted": ["e"]}}
{"dateTime": "2025-08-27T18:47:47.062Z", "eventType": "input.type", "fullPath": "/main.py", "details": {"fromA": 83, "toA": 83, "fromB": 83, "toB": 84, "inserted": ["d"]}}
{"dateTime": "2025-08-27T18:47:47.188Z", "eventType": "input.type", "fullPath": "/main.py", "details": {"fromA": 84, "toA": 84, "fromB": 84, "toB": 85, "inserted": ["o"]}}
{"dateTime": "2025-08-27T18:47:47.338Z", "eventType": "input.type", "fullPath": "/main.py", "details": {"fromA": 85, "toA": 85, "fromB": 85, "toB": 86, "inserted": ["n"]}}
{"dateTime": "2025-08-27T18:47:47.562Z", "eventType": "input.type", "fullPath": "/main.py", "details": {"fromA": 86, "toA": 86, "fromB": 86, "toB": 87, "inserted": ["d"]}}
{"dateTime": "2025-08-27T18:47:47.657Z", "eventType": "input.type", "fullPath": "/main.py", "details": {"fromA": 87, "toA": 87, "fromB": 87, "toB": 88, "inserted": ["a"]}}
{"dateTime": "2025-08-27T18:47:47.881Z", "eventType": "input.type", "fullPath": "/main.py", "details": {"fromA": 88, "toA": 88, "fromB": 88, "toB": 89, "inserted": ["d"]}}
{"dateTime": "2025-08-27T18:47:47.993Z", "eventType": "input.type", "fullPath": "/main.py", "details": {"fromA": 89, "toA": 89, "fromB": 89, "toB": 90, "inserted": ["o"]}}
{"dateTime": "2025-08-27T18:47:48.281Z", "eventType": "input.type", "fullPath": "/main.py", "details": {"fromA": 90, "toA": 90, "fromB": 90, "toB": 91, "inserted": [" "]}}
{"dateTime": "2025-08-28T00:03:09.546Z", "eventType": "run", "details": {"commit": "5d331b18332cab3f5df19ff580c8b619bde37aee"}}
{"dateTime": "2025-08-28T00:03:14.036Z", "eventType": "focus", "fullPath": "/main.py"}
{"dateTime": "2025-08-28T00:03:14.043Z", "eventType": "select.pointer", "fullPath": "/main.py", "details": {"selection": {"from": 105, "to": 105}}}
{"dateTime": "2025-08-28T00:03:16.233Z", "eventType": "blur", "fullPath": "/main.py"}
{"dateTime": "2025-08-28T00:03:17.834Z", "eventType": "run", "details": {"commit": "5d331b18332cab3f5df19ff580c8b619bde37aee"}}
