{"dateTime": "2025-09-02T19:10:13.692Z", "eventType": "window.focus", "fullPath": "/main.py"}
{"dateTime": "2025-09-02T19:10:13.694Z", "eventType": "focus", "fullPath": "/main.py"}
{"dateTime": "2025-09-02T19:10:24.168Z", "eventType": "blur", "fullPath": "/main.py"}
{"dateTime": "2025-09-02T19:10:29.413Z", "eventType": "window.focus", "fullPath": "/main.py"}
{"dateTime": "2025-09-02T19:10:33.492Z", "eventType": "focus", "fullPath": "/main.py"}
{"dateTime": "2025-09-02T19:10:33.497Z", "eventType": "select.pointer", "fullPath": "/main.py", "details": {"selection": {"from": 0, "to": 0}}}
{"dateTime": "2025-09-02T19:10:33.575Z", "eventType": "window.blur", "fullPath": "/main.py"}
{"dateTime": "2025-09-02T19:10:34.044Z", "eventType": "window.focus", "fullPath": "/main.py"}
{"dateTime": "2025-09-02T19:10:34.076Z", "eventType": "window.blur", "fullPath": "/main.py"}
{"dateTime": "2025-09-02T19:10:37.855Z", "eventType": "blur", "fullPath": "/main.py"}
{"dateTime": "2025-09-02T19:10:38.843Z", "eventType": "focus", "fullPath": "/main.py"}
{"dateTime": "2025-09-02T19:10:38.846Z", "eventType": "select.pointer", "fullPath": "/main.py", "details": {"selection": {"from": 0, "to": 0}}}
{"dateTime": "2025-09-02T19:10:51.763Z", "eventType": "window.focus", "fullPath": "/main.py"}
{"dateTime": "2025-09-02T19:10:54.058Z", "eventType": "window.blur", "fullPath": "/main.py"}
{"dateTime": "2025-09-02T19:10:54.890Z", "eventType": "window.focus", "fullPath": "/main.py"}
{"dateTime": "2025-09-02T19:10:55.228Z", "eventType": "window.blur", "fullPath": "/main.py"}
{"dateTime": "2025-09-02T19:10:55.995Z", "eventType": "window.focus", "fullPath": "/main.py"}
{"dateTime": "2025-09-02T19:10:56.010Z", "eventType": "window.blur", "fullPath": "/main.py"}
{"dateTime": "2025-09-02T19:11:16.956Z", "eventType": "window.focus", "fullPath": "/main.py"}
{"dateTime": "2025-09-02T19:11:32.647Z", "eventType": "window.blur", "fullPath": "/main.py"}
{"dateTime": "2025-09-02T19:11:34.072Z", "eventType": "window.focus", "fullPath": "/main.py"}
{"dateTime": "2025-09-02T19:11:37.431Z", "eventType": "window.blur", "fullPath": "/main.py"}
{"dateTime": "2025-09-02T19:11:37.947Z", "eventType": "window.focus", "fullPath": "/main.py"}
{"dateTime": "2025-09-02T19:11:37.962Z", "eventType": "window.blur", "fullPath": "/main.py"}
{"dateTime": "2025-09-02T19:11:46.474Z", "eventType": "blur", "fullPath": "/main.py"}
{"dateTime": "2025-09-02T19:11:46.475Z", "eventType": "window.blur", "fullPath": "/main.py"}
