{"dateTime": "2025-08-17T01:56:21.049Z", "eventType": "blur", "fullPath": "/main.py"}
{"dateTime": "2025-08-17T01:56:21.606Z", "eventType": "run", "details": {"commit": "c09e159757b1c5f9a60eca31cfe8aa94e968ca1e"}}
{"dateTime": "2025-08-17T01:56:29.550Z", "eventType": "run", "details": {"commit": "c09e159757b1c5f9a60eca31cfe8aa94e968ca1e"}}
{"dateTime": "2025-08-17T01:56:39.225Z", "eventType": "focus", "fullPath": "/main.py"}
{"dateTime": "2025-08-17T01:56:39.230Z", "eventType": "select.pointer", "fullPath": "/main.py", "details": {"selection": {"from": 48, "to": 48}}}
{"dateTime": "2025-08-17T01:56:39.619Z", "eventType": "undo", "fullPath": "/main.py", "details": {"fromA": 45, "toA": 47, "fromB": 45, "toB": 45, "inserted": [""]}}
{"dateTime": "2025-08-17T01:56:39.978Z", "eventType": "undo", "fullPath": "/main.py", "details": {"fromA": 22, "toA": 23, "fromB": 22, "toB": 22, "inserted": [""]}}
{"dateTime": "2025-08-17T01:56:40.625Z", "eventType": "undo", "fullPath": "/main.py", "details": {"fromA": 21, "toA": 22, "fromB": 21, "toB": 21, "inserted": [""]}}
{"dateTime": "2025-08-17T01:56:41.496Z", "eventType": "select.pointer", "fullPath": "/main.py", "details": {"selection": {"from": 45, "to": 45}}}
{"dateTime": "2025-08-17T01:56:44.821Z", "eventType": "blur", "fullPath": "/main.py"}
{"dateTime": "2025-08-17T01:56:58.948Z", "eventType": "submission", "details": {"correctness": 1, "commit": "8323548f776a87252e62cfa874ce1a5205e2e126", "executionTime": 0.01}}
{"dateTime": "2025-08-17T01:57:06.711Z", "eventType": "focus", "fullPath": "/main.py"}
{"dateTime": "2025-08-17T01:57:06.720Z", "eventType": "select.pointer", "fullPath": "/main.py", "details": {"selection": {"from": 49, "to": 49}}}
{"dateTime": "2025-08-17T01:57:06.841Z", "eventType": "select.pointer", "fullPath": "/main.py", "details": {"selection": {"from": 48, "to": 49}}}
{"dateTime": "2025-08-17T01:57:06.877Z", "eventType": "select.pointer", "fullPath": "/main.py", "details": {"selection": {"from": 47, "to": 49}}}
{"dateTime": "2025-08-17T01:57:06.925Z", "eventType": "select.pointer", "fullPath": "/main.py", "details": {"selection": {"from": 46, "to": 49}}}
{"dateTime": "2025-08-17T01:57:07.042Z", "eventType": "select.pointer", "fullPath": "/main.py", "details": {"selection": {"from": 45, "to": 49}}}
{"dateTime": "2025-08-17T01:57:07.362Z", "eventType": "select.pointer", "fullPath": "/main.py", "details": {"selection": {"from": 44, "to": 49}}}
{"dateTime": "2025-08-17T01:57:07.913Z", "eventType": "select.pointer", "fullPath": "/main.py", "details": {"selection": {"from": 43, "to": 49}}}
{"dateTime": "2025-08-17T01:57:08.682Z", "eventType": "delete.selection", "fullPath": "/main.py", "details": {"fromA": 43, "toA": 49, "fromB": 43, "toB": 43, "inserted": [""]}}
{"dateTime": "2025-08-17T01:57:09.625Z", "eventType": "select.pointer", "fullPath": "/main.py", "details": {"selection": {"from": 53, "to": 53}}}
{"dateTime": "2025-08-17T01:57:10.282Z", "eventType": "focus", "fullPath": "/main.py"}
{"dateTime": "2025-08-17T01:57:10.286Z", "eventType": "select.pointer", "fullPath": "/main.py", "details": {"selection": {"from": 0, "to": 0}}}
{"dateTime": "2025-08-17T01:57:13.126Z", "eventType": "select.pointer", "fullPath": "/main.py", "details": {"selection": {"from": 55, "to": 55}}}
{"dateTime": "2025-08-17T01:57:13.228Z", "eventType": "select.pointer", "fullPath": "/main.py", "details": {"selection": {"from": 55, "to": 55}}}
{"dateTime": "2025-08-17T01:57:13.251Z", "eventType": "select.pointer", "fullPath": "/main.py", "details": {"selection": {"from": 55, "to": 56}}}
{"dateTime": "2025-08-17T01:57:13.266Z", "eventType": "select.pointer", "fullPath": "/main.py", "details": {"selection": {"from": 55, "to": 57}}}
{"dateTime": "2025-08-17T01:57:13.298Z", "eventType": "select.pointer", "fullPath": "/main.py", "details": {"selection": {"from": 55, "to": 58}}}
{"dateTime": "2025-08-17T01:57:13.315Z", "eventType": "select.pointer", "fullPath": "/main.py", "details": {"selection": {"from": 55, "to": 59}}}
{"dateTime": "2025-08-17T01:57:13.381Z", "eventType": "select.pointer", "fullPath": "/main.py", "details": {"selection": {"from": 55, "to": 60}}}
{"dateTime": "2025-08-17T01:57:13.531Z", "eventType": "select.pointer", "fullPath": "/main.py", "details": {"selection": {"from": 55, "to": 61}}}
{"dateTime": "2025-08-17T01:57:13.969Z", "eventType": "delete.selection", "fullPath": "/main.py", "details": {"fromA": 55, "toA": 61, "fromB": 55, "toB": 55, "inserted": [""]}}
{"dateTime": "2025-08-17T01:57:16.110Z", "eventType": "select.pointer", "fullPath": "/main.py", "details": {"selection": {"from": 63, "to": 63}}}
{"dateTime": "2025-08-17T01:57:16.472Z", "eventType": "delete.backward", "fullPath": "/main.py", "details": {"fromA": 62, "toA": 63, "fromB": 62, "toB": 62, "inserted": [""]}}
{"dateTime": "2025-08-17T01:57:17.449Z", "eventType": "select.pointer", "fullPath": "/main.py", "details": {"selection": {"from": 52, "to": 52}}}
{"dateTime": "2025-08-17T01:57:18.379Z", "eventType": "select.pointer", "fullPath": "/main.py", "details": {"selection": {"from": 53, "to": 53}}}
{"dateTime": "2025-08-17T01:57:18.750Z", "eventType": "delete.backward", "fullPath": "/main.py", "details": {"fromA": 52, "toA": 53, "fromB": 52, "toB": 52, "inserted": [""]}}
{"dateTime": "2025-08-17T01:57:22.578Z", "eventType": "select.pointer", "fullPath": "/main.py", "details": {"selection": {"from": 61, "to": 61}}}
{"dateTime": "2025-08-17T01:57:22.698Z", "eventType": "select.pointer", "fullPath": "/main.py", "details": {"selection": {"from": 60, "to": 61}}}
{"dateTime": "2025-08-17T01:57:22.732Z", "eventType": "select.pointer", "fullPath": "/main.py", "details": {"selection": {"from": 59, "to": 61}}}
{"dateTime": "2025-08-17T01:57:22.750Z", "eventType": "select.pointer", "fullPath": "/main.py", "details": {"selection": {"from": 58, "to": 61}}}
{"dateTime": "2025-08-17T01:57:22.781Z", "eventType": "select.pointer", "fullPath": "/main.py", "details": {"selection": {"from": 57, "to": 61}}}
{"dateTime": "2025-08-17T01:57:22.831Z", "eventType": "select.pointer", "fullPath": "/main.py", "details": {"selection": {"from": 56, "to": 61}}}
{"dateTime": "2025-08-17T01:57:22.898Z", "eventType": "select.pointer", "fullPath": "/main.py", "details": {"selection": {"from": 55, "to": 61}}}
{"dateTime": "2025-08-17T01:57:22.948Z", "eventType": "select.pointer", "fullPath": "/main.py", "details": {"selection": {"from": 54, "to": 61}}}
{"dateTime": "2025-08-17T01:57:22.981Z", "eventType": "select.pointer", "fullPath": "/main.py", "details": {"selection": {"from": 53, "to": 61}}}
{"dateTime": "2025-08-17T01:57:23.666Z", "eventType": "select.pointer", "fullPath": "/main.py", "details": {"selection": {"from": 52, "to": 61}}}
{"dateTime": "2025-08-17T01:57:24.730Z", "eventType": "generic", "fullPath": "/main.py", "details": {"fromA": 52, "toA": 61, "fromB": 52, "toB": 52, "inserted": [""]}}
{"dateTime": "2025-08-17T01:57:28.774Z", "eventType": "blur", "fullPath": "/main.py"}
{"dateTime": "2025-08-17T01:57:32.441Z", "eventType": "input.type", "fullPath": "/main.py", "details": {"fromA": 0, "toA": 0, "fromB": 0, "toB": 1, "inserted": ["p"]}}
{"dateTime": "2025-08-17T01:57:32.540Z", "eventType": "input.type", "fullPath": "/main.py", "details": {"fromA": 1, "toA": 1, "fromB": 1, "toB": 2, "inserted": ["r"]}}
{"dateTime": "2025-08-17T01:57:32.672Z", "eventType": "input.type", "fullPath": "/main.py", "details": {"fromA": 2, "toA": 2, "fromB": 2, "toB": 3, "inserted": ["i"]}}
{"dateTime": "2025-08-17T01:57:32.922Z", "eventType": "input.type", "fullPath": "/main.py", "details": {"fromA": 3, "toA": 3, "fromB": 3, "toB": 4, "inserted": ["n"]}}
{"dateTime": "2025-08-17T01:57:34.452Z", "eventType": "input.complete", "fullPath": "/main.py", "details": {"fromA": 0, "toA": 4, "fromB": 0, "toB": 5, "inserted": ["print"]}}
{"dateTime": "2025-08-17T01:57:34.788Z", "eventType": "input.type", "fullPath": "/main.py", "details": {"fromA": 5, "toA": 5, "fromB": 5, "toB": 7, "inserted": ["()"]}}
{"dateTime": "2025-08-17T01:57:37.459Z", "eventType": "input.type", "fullPath": "/main.py", "details": {"fromA": 6, "toA": 6, "fromB": 6, "toB": 7, "inserted": ["2"]}}
{"dateTime": "2025-08-17T01:57:38.219Z", "eventType": "input.type", "fullPath": "/main.py", "details": {"fromA": 7, "toA": 7, "fromB": 7, "toB": 8, "inserted": ["*"]}}
{"dateTime": "2025-08-17T01:57:38.403Z", "eventType": "input.type", "fullPath": "/main.py", "details": {"fromA": 8, "toA": 8, "fromB": 8, "toB": 9, "inserted": ["*"]}}
{"dateTime": "2025-08-17T01:57:38.955Z", "eventType": "input.type", "fullPath": "/main.py", "details": {"fromA": 9, "toA": 9, "fromB": 9, "toB": 10, "inserted": ["2"]}}
{"dateTime": "2025-08-17T01:57:39.892Z", "eventType": "focus", "fullPath": "/main.py"}
{"dateTime": "2025-08-17T01:57:39.897Z", "eventType": "select.pointer", "fullPath": "/main.py", "details": {"selection": {"from": 52, "to": 52}}}
{"dateTime": "2025-08-17T01:57:41.556Z", "eventType": "blur", "fullPath": "/main.py"}
{"dateTime": "2025-08-17T01:57:41.588Z", "eventType": "blur", "fullPath": "/main.py"}
{"dateTime": "2025-08-17T01:57:41.590Z", "eventType": "window.blur", "fullPath": "/main.py"}
{"dateTime": "2025-08-17T01:57:42.421Z", "eventType": "run", "details": {"commit": "548782d5a1440fe68f99730cf355fab254632734"}}
{"dateTime": "2025-08-17T01:57:43.317Z", "eventType": "focus", "fullPath": "/main.py"}
{"dateTime": "2025-08-17T01:57:43.322Z", "eventType": "select.pointer", "fullPath": "/main.py", "details": {"selection": {"from": 10, "to": 10}}}
{"dateTime": "2025-08-17T01:57:44.819Z", "eventType": "delete.backward", "fullPath": "/main.py", "details": {"fromA": 9, "toA": 10, "fromB": 9, "toB": 9, "inserted": [""]}}
{"dateTime": "2025-08-17T01:57:44.979Z", "eventType": "input.type", "fullPath": "/main.py", "details": {"fromA": 9, "toA": 9, "fromB": 9, "toB": 10, "inserted": ["6"]}}
{"dateTime": "2025-08-17T01:57:46.740Z", "eventType": "blur", "fullPath": "/main.py"}
{"dateTime": "2025-08-17T01:57:47.286Z", "eventType": "run", "details": {"commit": "93fcc77bf5639aca7cadd976571d4dfadba3b5ec"}}
{"dateTime": "2025-08-17T01:57:52.027Z", "eventType": "focus", "fullPath": "/main.py"}
{"dateTime": "2025-08-17T01:57:52.033Z", "eventType": "select.pointer", "fullPath": "/main.py", "details": {"selection": {"from": 10, "to": 10}}}
{"dateTime": "2025-08-17T01:57:53.739Z", "eventType": "delete.backward", "fullPath": "/main.py", "details": {"fromA": 9, "toA": 10, "fromB": 9, "toB": 9, "inserted": [""]}}
{"dateTime": "2025-08-17T01:57:54.074Z", "eventType": "delete.backward", "fullPath": "/main.py", "details": {"fromA": 8, "toA": 9, "fromB": 8, "toB": 8, "inserted": [""]}}
{"dateTime": "2025-08-17T01:57:54.306Z", "eventType": "delete.backward", "fullPath": "/main.py", "details": {"fromA": 7, "toA": 8, "fromB": 7, "toB": 7, "inserted": [""]}}
{"dateTime": "2025-08-17T01:57:54.523Z", "eventType": "delete.backward", "fullPath": "/main.py", "details": {"fromA": 6, "toA": 7, "fromB": 6, "toB": 6, "inserted": [""]}}
{"dateTime": "2025-08-17T01:57:55.021Z", "eventType": "select.pointer", "fullPath": "/main.py", "details": {"selection": {"from": 7, "to": 7}}}
{"dateTime": "2025-08-17T01:57:55.182Z", "eventType": "select.pointer", "fullPath": "/main.py", "details": {"selection": {"from": 6, "to": 7}}}
{"dateTime": "2025-08-17T01:57:55.479Z", "eventType": "select.pointer", "fullPath": "/main.py", "details": {"selection": {"from": 5, "to": 7}}}
{"dateTime": "2025-08-17T01:57:55.563Z", "eventType": "select.pointer", "fullPath": "/main.py", "details": {"selection": {"from": 4, "to": 7}}}
{"dateTime": "2025-08-17T01:57:55.597Z", "eventType": "select.pointer", "fullPath": "/main.py", "details": {"selection": {"from": 3, "to": 7}}}
{"dateTime": "2025-08-17T01:57:55.630Z", "eventType": "select.pointer", "fullPath": "/main.py", "details": {"selection": {"from": 2, "to": 7}}}
{"dateTime": "2025-08-17T01:57:55.648Z", "eventType": "select.pointer", "fullPath": "/main.py", "details": {"selection": {"from": 1, "to": 7}}}
{"dateTime": "2025-08-17T01:57:55.664Z", "eventType": "select.pointer", "fullPath": "/main.py", "details": {"selection": {"from": 0, "to": 7}}}
{"dateTime": "2025-08-17T01:57:55.885Z", "eventType": "delete.selection", "fullPath": "/main.py", "details": {"fromA": 0, "toA": 7, "fromB": 0, "toB": 0, "inserted": [""]}}
{"dateTime": "2025-08-17T01:58:20.287Z", "eventType": "input.type", "fullPath": "/main.py", "details": {"fromA": 0, "toA": 0, "fromB": 0, "toB": 1, "inserted": ["d"]}}
{"dateTime": "2025-08-17T01:58:20.333Z", "eventType": "input.type", "fullPath": "/main.py", "details": {"fromA": 1, "toA": 1, "fromB": 1, "toB": 2, "inserted": ["i"]}}
{"dateTime": "2025-08-17T01:58:20.420Z", "eventType": "input.type", "fullPath": "/main.py", "details": {"fromA": 2, "toA": 2, "fromB": 2, "toB": 3, "inserted": ["v"]}}
{"dateTime": "2025-08-17T01:58:20.508Z", "eventType": "input.type", "fullPath": "/main.py", "details": {"fromA": 3, "toA": 3, "fromB": 3, "toB": 4, "inserted": ["i"]}}
{"dateTime": "2025-08-17T01:58:21.142Z", "eventType": "input.type", "fullPath": "/main.py", "details": {"fromA": 4, "toA": 4, "fromB": 4, "toB": 5, "inserted": ["s"]}}
{"dateTime": "2025-08-17T01:58:21.228Z", "eventType": "input.type", "fullPath": "/main.py", "details": {"fromA": 5, "toA": 5, "fromB": 5, "toB": 6, "inserted": ["o"]}}
{"dateTime": "2025-08-17T01:58:21.341Z", "eventType": "input.type", "fullPath": "/main.py", "details": {"fromA": 6, "toA": 6, "fromB": 6, "toB": 7, "inserted": ["r"]}}
{"dateTime": "2025-08-17T01:58:23.005Z", "eventType": "input.type", "fullPath": "/main.py", "details": {"fromA": 7, "toA": 7, "fromB": 7, "toB": 8, "inserted": [":"]}}
{"dateTime": "2025-08-17T01:58:23.414Z", "eventType": "input", "fullPath": "/main.py", "details": {"fromA": 8, "toA": 8, "fromB": 8, "toB": 9, "inserted": ["", ""]}}
{"dateTime": "2025-08-17T01:58:24.316Z", "eventType": "input.type", "fullPath": "/main.py", "details": {"fromA": 9, "toA": 9, "fromB": 9, "toB": 10, "inserted": ["d"]}}
{"dateTime": "2025-08-17T01:58:24.463Z", "eventType": "input.type", "fullPath": "/main.py", "details": {"fromA": 10, "toA": 10, "fromB": 10, "toB": 11, "inserted": ["i"]}}
{"dateTime": "2025-08-17T01:58:24.558Z", "eventType": "input.type", "fullPath": "/main.py", "details": {"fromA": 11, "toA": 11, "fromB": 11, "toB": 12, "inserted": ["v"]}}
{"dateTime": "2025-08-17T01:58:24.669Z", "eventType": "input.type", "fullPath": "/main.py", "details": {"fromA": 12, "toA": 12, "fromB": 12, "toB": 13, "inserted": ["i"]}}
{"dateTime": "2025-08-17T01:58:24.773Z", "eventType": "input.type", "fullPath": "/main.py", "details": {"fromA": 13, "toA": 13, "fromB": 13, "toB": 14, "inserted": ["d"]}}
{"dateTime": "2025-08-17T01:58:24.875Z", "eventType": "input.type", "fullPath": "/main.py", "details": {"fromA": 14, "toA": 14, "fromB": 14, "toB": 15, "inserted": ["e"]}}
{"dateTime": "2025-08-17T01:58:25.116Z", "eventType": "input.type", "fullPath": "/main.py", "details": {"fromA": 15, "toA": 15, "fromB": 15, "toB": 16, "inserted": ["n"]}}
{"dateTime": "2025-08-17T01:58:25.244Z", "eventType": "input.type", "fullPath": "/main.py", "details": {"fromA": 16, "toA": 16, "fromB": 16, "toB": 17, "inserted": ["d"]}}
{"dateTime": "2025-08-17T01:58:25.372Z", "eventType": "input.type", "fullPath": "/main.py", "details": {"fromA": 17, "toA": 17, "fromB": 17, "toB": 18, "inserted": ["o"]}}
{"dateTime": "2025-08-17T01:58:31.229Z", "eventType": "input.type", "fullPath": "/main.py", "details": {"fromA": 18, "toA": 18, "fromB": 18, "toB": 19, "inserted": [":"]}}
{"dateTime": "2025-08-17T01:58:31.813Z", "eventType": "select", "fullPath": "/main.py", "details": {"selection": {"from": 8, "to": 8}}}
{"dateTime": "2025-08-17T01:58:32.025Z", "eventType": "select", "fullPath": "/main.py", "details": {"selection": {"from": 7, "to": 7}}}
{"dateTime": "2025-08-17T01:58:32.193Z", "eventType": "select", "fullPath": "/main.py", "details": {"selection": {"from": 6, "to": 6}}}
{"dateTime": "2025-08-17T01:58:32.361Z", "eventType": "select", "fullPath": "/main.py", "details": {"selection": {"from": 5, "to": 5}}}
{"dateTime": "2025-08-17T01:58:32.513Z", "eventType": "select", "fullPath": "/main.py", "details": {"selection": {"from": 4, "to": 4}}}
{"dateTime": "2025-08-17T01:58:32.673Z", "eventType": "select", "fullPath": "/main.py", "details": {"selection": {"from": 3, "to": 3}}}
{"dateTime": "2025-08-17T01:58:32.865Z", "eventType": "select", "fullPath": "/main.py", "details": {"selection": {"from": 2, "to": 2}}}
{"dateTime": "2025-08-17T01:58:33.010Z", "eventType": "select", "fullPath": "/main.py", "details": {"selection": {"from": 1, "to": 1}}}
{"dateTime": "2025-08-17T01:58:34.010Z", "eventType": "select", "fullPath": "/main.py", "details": {"selection": {"from": 0, "to": 0}}}
{"dateTime": "2025-08-17T01:58:34.450Z", "eventType": "select", "fullPath": "/main.py", "details": {"selection": {"from": 0, "to": 7}}}
{"dateTime": "2025-08-17T01:58:34.634Z", "eventType": "select", "fullPath": "/main.py", "details": {"selection": {"from": 0, "to": 8}}}
{"dateTime": "2025-08-17T01:58:35.445Z", "eventType": "generic", "fullPath": "/main.py", "details": {"fromA": 0, "toA": 8, "fromB": 0, "toB": 0, "inserted": [""]}}
{"dateTime": "2025-08-17T01:58:35.780Z", "eventType": "select", "fullPath": "/main.py", "details": {"selection": {"from": 1, "to": 1}}}
{"dateTime": "2025-08-17T01:58:36.493Z", "eventType": "delete.backward", "fullPath": "/main.py", "details": {"fromA": 0, "toA": 1, "fromB": 0, "toB": 0, "inserted": [""]}}
{"dateTime": "2025-08-17T01:58:37.090Z", "eventType": "select", "fullPath": "/main.py", "details": {"selection": {"from": 1, "to": 1}}}
{"dateTime": "2025-08-17T01:58:37.589Z", "eventType": "select", "fullPath": "/main.py", "details": {"selection": {"from": 2, "to": 2}}}
{"dateTime": "2025-08-17T01:58:37.636Z", "eventType": "select", "fullPath": "/main.py", "details": {"selection": {"from": 3, "to": 3}}}
{"dateTime": "2025-08-17T01:58:37.668Z", "eventType": "select", "fullPath": "/main.py", "details": {"selection": {"from": 4, "to": 4}}}
{"dateTime": "2025-08-17T01:58:37.699Z", "eventType": "select", "fullPath": "/main.py", "details": {"selection": {"from": 5, "to": 5}}}
{"dateTime": "2025-08-17T01:58:37.730Z", "eventType": "select", "fullPath": "/main.py", "details": {"selection": {"from": 6, "to": 6}}}
{"dateTime": "2025-08-17T01:58:37.761Z", "eventType": "select", "fullPath": "/main.py", "details": {"selection": {"from": 7, "to": 7}}}
{"dateTime": "2025-08-17T01:58:37.792Z", "eventType": "select", "fullPath": "/main.py", "details": {"selection": {"from": 8, "to": 8}}}
{"dateTime": "2025-08-17T01:58:37.823Z", "eventType": "select", "fullPath": "/main.py", "details": {"selection": {"from": 9, "to": 9}}}
{"dateTime": "2025-08-17T01:58:37.855Z", "eventType": "select", "fullPath": "/main.py", "details": {"selection": {"from": 10, "to": 10}}}
{"dateTime": "2025-08-17T01:58:38.421Z", "eventType": "input", "fullPath": "/main.py", "details": {"fromA": 10, "toA": 10, "fromB": 10, "toB": 11, "inserted": ["", ""]}}
{"dateTime": "2025-08-17T01:58:38.736Z", "eventType": "generic", "fullPath": "/main.py", "details": {"fromA": 11, "toA": 11, "fromB": 11, "toB": 19, "inserted": ["divisor:"]}}
{"dateTime": "2025-08-17T01:58:43.480Z", "eventType": "select.pointer", "fullPath": "/main.py", "details": {"selection": {"from": 9, "to": 9}}}
{"dateTime": "2025-08-17T01:58:45.379Z", "eventType": "select.pointer", "fullPath": "/main.py", "details": {"selection": {"from": 10, "to": 10}}}
{"dateTime": "2025-08-17T01:58:47.998Z", "eventType": "input.type", "fullPath": "/main.py", "details": {"fromA": 10, "toA": 10, "fromB": 10, "toB": 11, "inserted": [" "]}}
{"dateTime": "2025-08-17T01:58:48.228Z", "eventType": "input.type", "fullPath": "/main.py", "details": {"fromA": 11, "toA": 11, "fromB": 11, "toB": 12, "inserted": ["i"]}}
{"dateTime": "2025-08-17T01:58:48.476Z", "eventType": "input.complete", "fullPath": "/main.py", "details": {"fromA": 11, "toA": 12, "fromB": 11, "toB": 13, "inserted": ["id"]}}
{"dateTime": "2025-08-17T01:58:49.163Z", "eventType": "delete.backward", "fullPath": "/main.py", "details": {"fromA": 12, "toA": 13, "fromB": 12, "toB": 12, "inserted": [""]}}
{"dateTime": "2025-08-17T01:58:49.652Z", "eventType": "input.type", "fullPath": "/main.py", "details": {"fromA": 12, "toA": 12, "fromB": 12, "toB": 13, "inserted": ["n"]}}
{"dateTime": "2025-08-17T01:58:49.763Z", "eventType": "input.indent", "fullPath": "/main.py", "details": {"fromA": 0, "toA": 0, "fromB": 0, "toB": 2, "inserted": ["  "]}}
{"dateTime": "2025-08-17T01:58:51.052Z", "eventType": "undo", "fullPath": "/main.py", "details": {"fromA": 0, "toA": 2, "fromB": 0, "toB": 0, "inserted": [""]}}
{"dateTime": "2025-08-17T01:58:51.275Z", "eventType": "window.focus", "fullPath": "/main.py"}
{"dateTime": "2025-08-17T01:58:51.278Z", "eventType": "focus", "fullPath": "/main.py"}
{"dateTime": "2025-08-17T01:58:52.043Z", "eventType": "undo", "fullPath": "/main.py", "details": {"fromA": 12, "toA": 13, "fromB": 12, "toB": 12, "inserted": [""]}}
{"dateTime": "2025-08-17T01:58:52.044Z", "eventType": "undo", "fullPath": "/main.py", "details": {"fromA": 13, "toA": 13, "fromB": 12, "toB": 13, "inserted": ["d"]}}
{"dateTime": "2025-08-17T01:58:52.303Z", "eventType": "select.pointer", "fullPath": "/main.py", "details": {"selection": {"from": 11, "to": 11}}}
{"dateTime": "2025-08-17T01:58:52.980Z", "eventType": "delete.backward", "fullPath": "/main.py", "details": {"fromA": 12, "toA": 13, "fromB": 12, "toB": 12, "inserted": [""]}}
{"dateTime": "2025-08-17T01:58:53.470Z", "eventType": "input.type", "fullPath": "/main.py", "details": {"fromA": 12, "toA": 12, "fromB": 12, "toB": 13, "inserted": ["n"]}}
{"dateTime": "2025-08-17T01:58:53.771Z", "eventType": "input.type", "fullPath": "/main.py", "details": {"fromA": 11, "toA": 11, "fromB": 11, "toB": 12, "inserted": ["i"]}}
{"dateTime": "2025-08-17T01:58:53.865Z", "eventType": "input.type", "fullPath": "/main.py", "details": {"fromA": 12, "toA": 12, "fromB": 12, "toB": 13, "inserted": ["n"]}}
{"dateTime": "2025-08-17T01:58:53.953Z", "eventType": "input.type", "fullPath": "/main.py", "details": {"fromA": 13, "toA": 13, "fromB": 13, "toB": 14, "inserted": ["t"]}}
{"dateTime": "2025-08-17T01:58:54.741Z", "eventType": "input.complete", "fullPath": "/main.py", "details": {"fromA": 11, "toA": 13, "fromB": 11, "toB": 16, "inserted": ["input"]}}
{"dateTime": "2025-08-17T01:58:55.396Z", "eventType": "input.type", "fullPath": "/main.py", "details": {"fromA": 14, "toA": 14, "fromB": 14, "toB": 15, "inserted": ["("]}}
{"dateTime": "2025-08-17T01:58:55.694Z", "eventType": "input.type", "fullPath": "/main.py", "details": {"fromA": 16, "toA": 16, "fromB": 16, "toB": 18, "inserted": ["()"]}}
{"dateTime": "2025-08-17T01:58:56.184Z", "eventType": "select", "fullPath": "/main.py", "details": {"selection": {"from": 16, "to": 16}}}
{"dateTime": "2025-08-17T01:58:56.690Z", "eventType": "select", "fullPath": "/main.py", "details": {"selection": {"from": 17, "to": 17}}}
{"dateTime": "2025-08-17T01:58:56.720Z", "eventType": "select", "fullPath": "/main.py", "details": {"selection": {"from": 18, "to": 18}}}
{"dateTime": "2025-08-17T01:58:56.751Z", "eventType": "select", "fullPath": "/main.py", "details": {"selection": {"from": 19, "to": 19}}}
{"dateTime": "2025-08-17T01:58:56.783Z", "eventType": "select", "fullPath": "/main.py", "details": {"selection": {"from": 20, "to": 20}}}
{"dateTime": "2025-08-17T01:58:56.830Z", "eventType": "select", "fullPath": "/main.py", "details": {"selection": {"from": 21, "to": 21}}}
{"dateTime": "2025-08-17T01:58:57.365Z", "eventType": "select", "fullPath": "/main.py", "details": {"selection": {"from": 27, "to": 27}}}
{"dateTime": "2025-08-17T01:58:57.812Z", "eventType": "input.type", "fullPath": "/main.py", "details": {"fromA": 27, "toA": 27, "fromB": 27, "toB": 28, "inserted": [" "]}}
{"dateTime": "2025-08-17T01:58:58.439Z", "eventType": "select", "fullPath": "/main.py", "details": {"selection": {"from": 22, "to": 22}}}
{"dateTime": "2025-08-17T01:58:58.652Z", "eventType": "input.type", "fullPath": "/main.py", "details": {"fromA": 28, "toA": 28, "fromB": 28, "toB": 29, "inserted": ["i"]}}
{"dateTime": "2025-08-17T01:58:58.740Z", "eventType": "input.type", "fullPath": "/main.py", "details": {"fromA": 29, "toA": 29, "fromB": 29, "toB": 30, "inserted": ["n"]}}
{"dateTime": "2025-08-17T01:58:58.886Z", "eventType": "input.type", "fullPath": "/main.py", "details": {"fromA": 30, "toA": 30, "fromB": 30, "toB": 31, "inserted": ["p"]}}
{"dateTime": "2025-08-17T01:58:59.109Z", "eventType": "input.complete", "fullPath": "/main.py", "details": {"fromA": 28, "toA": 31, "fromB": 28, "toB": 33, "inserted": ["input"]}}
{"dateTime": "2025-08-17T01:58:59.258Z", "eventType": "input.type", "fullPath": "/main.py", "details": {"fromA": 22, "toA": 22, "fromB": 22, "toB": 23, "inserted": [")"]}}
{"dateTime": "2025-08-17T01:58:59.971Z", "eventType": "select", "fullPath": "/main.py", "details": {"selection": {"from": 40, "to": 40}}}
{"dateTime": "2025-08-17T01:59:00.084Z", "eventType": "input.type", "fullPath": "/main.py", "details": {"fromA": 33, "toA": 33, "fromB": 33, "toB": 35, "inserted": ["()"]}}
{"dateTime": "2025-08-17T01:59:00.175Z", "eventType": "select", "fullPath": "/main.py", "details": {"selection": {"from": 39, "to": 39}}}
{"dateTime": "2025-08-17T01:59:00.479Z", "eventType": "select", "fullPath": "/main.py", "details": {"selection": {"from": 38, "to": 38}}}
{"dateTime": "2025-08-17T01:59:00.608Z", "eventType": "select", "fullPath": "/main.py", "details": {"selection": {"from": 37, "to": 37}}}
{"dateTime": "2025-08-17T01:59:00.815Z", "eventType": "select", "fullPath": "/main.py", "details": {"selection": {"from": 36, "to": 36}}}
{"dateTime": "2025-08-17T01:59:00.974Z", "eventType": "select", "fullPath": "/main.py", "details": {"selection": {"from": 35, "to": 35}}}
{"dateTime": "2025-08-17T01:59:01.151Z", "eventType": "select", "fullPath": "/main.py", "details": {"selection": {"from": 34, "to": 34}}}
{"dateTime": "2025-08-17T01:59:01.327Z", "eventType": "select", "fullPath": "/main.py", "details": {"selection": {"from": 33, "to": 33}}}
{"dateTime": "2025-08-17T01:59:01.733Z", "eventType": "blur", "fullPath": "/main.py"}
{"dateTime": "2025-08-17T01:59:01.736Z", "eventType": "focus", "fullPath": "/main.py"}
{"dateTime": "2025-08-17T01:59:01.746Z", "eventType": "select", "fullPath": "/main.py", "details": {"selection": {"from": 35, "to": 35}}}
{"dateTime": "2025-08-17T01:59:02.018Z", "eventType": "input.type", "fullPath": "/main.py", "details": {"fromA": 33, "toA": 33, "fromB": 33, "toB": 34, "inserted": ["i"]}}
{"dateTime": "2025-08-17T01:59:02.105Z", "eventType": "input.type", "fullPath": "/main.py", "details": {"fromA": 34, "toA": 34, "fromB": 34, "toB": 35, "inserted": ["n"]}}
{"dateTime": "2025-08-17T01:59:02.202Z", "eventType": "select.pointer", "fullPath": "/main.py", "details": {"selection": {"from": 35, "to": 35}}}
{"dateTime": "2025-08-17T01:59:02.235Z", "eventType": "input.type", "fullPath": "/main.py", "details": {"fromA": 35, "toA": 35, "fromB": 35, "toB": 36, "inserted": ["t"]}}
{"dateTime": "2025-08-17T01:59:02.554Z", "eventType": "input.type", "fullPath": "/main.py", "details": {"fromA": 36, "toA": 36, "fromB": 36, "toB": 37, "inserted": ["("]}}
{"dateTime": "2025-08-17T01:59:03.186Z", "eventType": "select", "fullPath": "/main.py", "details": {"selection": {"from": 42, "to": 42}}}
{"dateTime": "2025-08-17T01:59:03.607Z", "eventType": "select", "fullPath": "/main.py", "details": {"selection": {"from": 44, "to": 44}}}
{"dateTime": "2025-08-17T01:59:04.224Z", "eventType": "select", "fullPath": "/main.py", "details": {"selection": {"from": 42, "to": 42}}}
{"dateTime": "2025-08-17T01:59:04.576Z", "eventType": "select", "fullPath": "/main.py", "details": {"selection": {"from": 44, "to": 44}}}
{"dateTime": "2025-08-17T01:59:05.588Z", "eventType": "input.type", "fullPath": "/main.py", "details": {"fromA": 44, "toA": 44, "fromB": 44, "toB": 45, "inserted": [")"]}}
{"dateTime": "2025-08-17T01:59:07.761Z", "eventType": "select.pointer", "fullPath": "/main.py", "details": {"selection": {"from": 62, "to": 62}}}
{"dateTime": "2025-08-17T01:59:09.913Z", "eventType": "input.type", "fullPath": "/main.py", "details": {"fromA": 62, "toA": 62, "fromB": 62, "toB": 63, "inserted": ["/"]}}
{"dateTime": "2025-08-17T01:59:11.322Z", "eventType": "input.type", "fullPath": "/main.py", "details": {"fromA": 63, "toA": 63, "fromB": 63, "toB": 64, "inserted": ["/"]}}
{"dateTime": "2025-08-17T01:59:13.338Z", "eventType": "input.type", "fullPath": "/main.py", "details": {"fromA": 64, "toA": 64, "fromB": 64, "toB": 65, "inserted": ["d"]}}
{"dateTime": "2025-08-17T01:59:13.493Z", "eventType": "input.type", "fullPath": "/main.py", "details": {"fromA": 65, "toA": 65, "fromB": 65, "toB": 66, "inserted": ["i"]}}
{"dateTime": "2025-08-17T01:59:13.588Z", "eventType": "input.type", "fullPath": "/main.py", "details": {"fromA": 66, "toA": 66, "fromB": 66, "toB": 67, "inserted": ["v"]}}
{"dateTime": "2025-08-17T01:59:13.707Z", "eventType": "input.type", "fullPath": "/main.py", "details": {"fromA": 67, "toA": 67, "fromB": 67, "toB": 68, "inserted": ["i"]}}
{"dateTime": "2025-08-17T01:59:13.859Z", "eventType": "input.type", "fullPath": "/main.py", "details": {"fromA": 68, "toA": 68, "fromB": 68, "toB": 69, "inserted": ["s"]}}
{"dateTime": "2025-08-17T01:59:14.338Z", "eventType": "input.complete", "fullPath": "/main.py", "details": {"fromA": 64, "toA": 69, "fromB": 64, "toB": 71, "inserted": ["divisor"]}}
{"dateTime": "2025-08-17T01:59:16.118Z", "eventType": "blur", "fullPath": "/main.py"}
{"dateTime": "2025-08-17T01:59:17.407Z", "eventType": "blur", "fullPath": "/main.py"}
{"dateTime": "2025-08-17T01:59:18.090Z", "eventType": "window.blur", "fullPath": "/main.py"}
{"dateTime": "2025-08-17T01:59:23.666Z", "eventType": "window.focus", "fullPath": "/main.py"}
{"dateTime": "2025-08-17T01:59:25.065Z", "eventType": "focus", "fullPath": "/main.py"}
{"dateTime": "2025-08-17T01:59:25.069Z", "eventType": "select.pointer", "fullPath": "/main.py", "details": {"selection": {"from": 35, "to": 35}}}
{"dateTime": "2025-08-17T01:59:28.015Z", "eventType": "input", "fullPath": "/main.py", "details": {"fromA": 35, "toA": 35, "fromB": 35, "toB": 36, "inserted": ["", ""]}}
{"dateTime": "2025-08-17T01:59:29.844Z", "eventType": "input", "fullPath": "/main.py", "details": {"fromA": 36, "toA": 36, "fromB": 36, "toB": 37, "inserted": ["", ""]}}
{"dateTime": "2025-08-17T01:59:30.077Z", "eventType": "input.type", "fullPath": "/main.py", "details": {"fromA": 37, "toA": 37, "fromB": 37, "toB": 38, "inserted": ["p"]}}
{"dateTime": "2025-08-17T01:59:30.193Z", "eventType": "focus", "fullPath": "/main.py"}
{"dateTime": "2025-08-17T01:59:30.200Z", "eventType": "select.pointer", "fullPath": "/main.py", "details": {"selection": {"from": 33, "to": 33}}}
{"dateTime": "2025-08-17T01:59:30.248Z", "eventType": "select.pointer", "fullPath": "/main.py", "details": {"selection": {"from": 33, "to": 34}}}
{"dateTime": "2025-08-17T01:59:30.263Z", "eventType": "input.type", "fullPath": "/main.py", "details": {"fromA": 38, "toA": 38, "fromB": 38, "toB": 39, "inserted": ["r"]}}
{"dateTime": "2025-08-17T01:59:30.312Z", "eventType": "select.pointer", "fullPath": "/main.py", "details": {"selection": {"from": 33, "to": 35}}}
{"dateTime": "2025-08-17T01:59:30.375Z", "eventType": "input.type", "fullPath": "/main.py", "details": {"fromA": 39, "toA": 39, "fromB": 39, "toB": 40, "inserted": ["i"]}}
{"dateTime": "2025-08-17T01:59:30.464Z", "eventType": "input.type", "fullPath": "/main.py", "details": {"fromA": 40, "toA": 40, "fromB": 40, "toB": 41, "inserted": ["n"]}}
{"dateTime": "2025-08-17T01:59:30.549Z", "eventType": "input.complete", "fullPath": "/main.py", "details": {"fromA": 37, "toA": 41, "fromB": 37, "toB": 42, "inserted": ["print"]}}
{"dateTime": "2025-08-17T01:59:30.598Z", "eventType": "select.pointer", "fullPath": "/main.py", "details": {"selection": {"from": 33, "to": 34}}}
{"dateTime": "2025-08-17T01:59:30.664Z", "eventType": "select.pointer", "fullPath": "/main.py", "details": {"selection": {"from": 33, "to": 35}}}
{"dateTime": "2025-08-17T01:59:30.712Z", "eventType": "select.pointer", "fullPath": "/main.py", "details": {"selection": {"from": 33, "to": 36}}}
{"dateTime": "2025-08-17T01:59:31.173Z", "eventType": "input.type", "fullPath": "/main.py", "details": {"fromA": 42, "toA": 42, "fromB": 42, "toB": 44, "inserted": ["()"]}}
{"dateTime": "2025-08-17T01:59:31.719Z", "eventType": "blur", "fullPath": "/main.py"}
{"dateTime": "2025-08-17T01:59:32.403Z", "eventType": "focus", "fullPath": "/main.py"}
{"dateTime": "2025-08-17T01:59:32.410Z", "eventType": "select.pointer", "fullPath": "/main.py", "details": {"selection": {"from": 76, "to": 76}}}
{"dateTime": "2025-08-17T01:59:33.111Z", "eventType": "blur", "fullPath": "/main.py"}
{"dateTime": "2025-08-17T01:59:33.119Z", "eventType": "window.blur", "fullPath": "/main.py"}
{"dateTime": "2025-08-17T01:59:34.517Z", "eventType": "input.type", "fullPath": "/main.py", "details": {"fromA": 43, "toA": 43, "fromB": 43, "toB": 44, "inserted": ["d"]}}
{"dateTime": "2025-08-17T01:59:34.656Z", "eventType": "input.type", "fullPath": "/main.py", "details": {"fromA": 44, "toA": 44, "fromB": 44, "toB": 45, "inserted": ["i"]}}
{"dateTime": "2025-08-17T01:59:35.519Z", "eventType": "input.type", "fullPath": "/main.py", "details": {"fromA": 45, "toA": 45, "fromB": 45, "toB": 46, "inserted": ["v"]}}
{"dateTime": "2025-08-17T01:59:35.583Z", "eventType": "input.type", "fullPath": "/main.py", "details": {"fromA": 46, "toA": 46, "fromB": 46, "toB": 47, "inserted": ["i"]}}
{"dateTime": "2025-08-17T01:59:35.784Z", "eventType": "input.type", "fullPath": "/main.py", "details": {"fromA": 47, "toA": 47, "fromB": 47, "toB": 48, "inserted": ["d"]}}
{"dateTime": "2025-08-17T01:59:35.886Z", "eventType": "input.type", "fullPath": "/main.py", "details": {"fromA": 48, "toA": 48, "fromB": 48, "toB": 49, "inserted": ["e"]}}
{"dateTime": "2025-08-17T01:59:36.118Z", "eventType": "input.complete", "fullPath": "/main.py", "details": {"fromA": 43, "toA": 49, "fromB": 43, "toB": 52, "inserted": ["dividendo"]}}
{"dateTime": "2025-08-17T01:59:40.429Z", "eventType": "window.focus", "fullPath": "/main.py"}
{"dateTime": "2025-08-17T01:59:40.432Z", "eventType": "focus", "fullPath": "/main.py"}
{"dateTime": "2025-08-17T01:59:42.774Z", "eventType": "input.type", "fullPath": "/main.py", "details": {"fromA": 52, "toA": 52, "fromB": 52, "toB": 53, "inserted": ["/"]}}
{"dateTime": "2025-08-17T01:59:42.909Z", "eventType": "input.type", "fullPath": "/main.py", "details": {"fromA": 53, "toA": 53, "fromB": 53, "toB": 54, "inserted": ["/"]}}
{"dateTime": "2025-08-17T01:59:44.087Z", "eventType": "blur", "fullPath": "/main.py"}
{"dateTime": "2025-08-17T01:59:44.092Z", "eventType": "window.blur", "fullPath": "/main.py"}
{"dateTime": "2025-08-17T01:59:45.470Z", "eventType": "input.type", "fullPath": "/main.py", "details": {"fromA": 54, "toA": 54, "fromB": 54, "toB": 55, "inserted": ["d"]}}
{"dateTime": "2025-08-17T01:59:45.620Z", "eventType": "input.type", "fullPath": "/main.py", "details": {"fromA": 55, "toA": 55, "fromB": 55, "toB": 56, "inserted": ["i"]}}
{"dateTime": "2025-08-17T01:59:45.793Z", "eventType": "input.type", "fullPath": "/main.py", "details": {"fromA": 56, "toA": 56, "fromB": 56, "toB": 57, "inserted": ["v"]}}
{"dateTime": "2025-08-17T01:59:45.863Z", "eventType": "input.type", "fullPath": "/main.py", "details": {"fromA": 57, "toA": 57, "fromB": 57, "toB": 58, "inserted": ["i"]}}
{"dateTime": "2025-08-17T01:59:47.381Z", "eventType": "input.complete", "fullPath": "/main.py", "details": {"fromA": 54, "toA": 58, "fromB": 54, "toB": 61, "inserted": ["divisor"]}}
{"dateTime": "2025-08-17T01:59:49.267Z", "eventType": "select", "fullPath": "/main.py", "details": {"selection": {"from": 62, "to": 62}}}
{"dateTime": "2025-08-17T01:59:50.135Z", "eventType": "input", "fullPath": "/main.py", "details": {"fromA": 62, "toA": 62, "fromB": 62, "toB": 63, "inserted": ["", ""]}}
{"dateTime": "2025-08-17T01:59:50.822Z", "eventType": "input.type", "fullPath": "/main.py", "details": {"fromA": 63, "toA": 63, "fromB": 63, "toB": 64, "inserted": ["p"]}}
{"dateTime": "2025-08-17T01:59:50.926Z", "eventType": "input.type", "fullPath": "/main.py", "details": {"fromA": 64, "toA": 64, "fromB": 64, "toB": 65, "inserted": ["r"]}}
{"dateTime": "2025-08-17T01:59:51.183Z", "eventType": "input.complete", "fullPath": "/main.py", "details": {"fromA": 63, "toA": 65, "fromB": 63, "toB": 68, "inserted": ["print"]}}
{"dateTime": "2025-08-17T01:59:52.486Z", "eventType": "input.type", "fullPath": "/main.py", "details": {"fromA": 68, "toA": 68, "fromB": 68, "toB": 70, "inserted": ["()"]}}
{"dateTime": "2025-08-17T01:59:53.390Z", "eventType": "input.type", "fullPath": "/main.py", "details": {"fromA": 69, "toA": 69, "fromB": 69, "toB": 70, "inserted": ["d"]}}
{"dateTime": "2025-08-17T01:59:53.560Z", "eventType": "input.type", "fullPath": "/main.py", "details": {"fromA": 70, "toA": 70, "fromB": 70, "toB": 71, "inserted": ["i"]}}
{"dateTime": "2025-08-17T01:59:53.727Z", "eventType": "input.type", "fullPath": "/main.py", "details": {"fromA": 71, "toA": 71, "fromB": 71, "toB": 72, "inserted": ["v"]}}
{"dateTime": "2025-08-17T01:59:53.789Z", "eventType": "input.type", "fullPath": "/main.py", "details": {"fromA": 72, "toA": 72, "fromB": 72, "toB": 73, "inserted": ["i"]}}
{"dateTime": "2025-08-17T01:59:54.094Z", "eventType": "input.complete", "fullPath": "/main.py", "details": {"fromA": 69, "toA": 73, "fromB": 69, "toB": 78, "inserted": ["dividendo"]}}
{"dateTime": "2025-08-17T01:59:56.319Z", "eventType": "input.type", "fullPath": "/main.py", "details": {"fromA": 78, "toA": 78, "fromB": 78, "toB": 79, "inserted": ["%"]}}
{"dateTime": "2025-08-17T01:59:56.791Z", "eventType": "input.type", "fullPath": "/main.py", "details": {"fromA": 79, "toA": 79, "fromB": 79, "toB": 80, "inserted": ["d"]}}
{"dateTime": "2025-08-17T01:59:56.969Z", "eventType": "input.type", "fullPath": "/main.py", "details": {"fromA": 80, "toA": 80, "fromB": 80, "toB": 81, "inserted": ["i"]}}
{"dateTime": "2025-08-17T01:59:57.623Z", "eventType": "input.type", "fullPath": "/main.py", "details": {"fromA": 81, "toA": 81, "fromB": 81, "toB": 82, "inserted": ["v"]}}
{"dateTime": "2025-08-17T01:59:57.679Z", "eventType": "input.type", "fullPath": "/main.py", "details": {"fromA": 82, "toA": 82, "fromB": 82, "toB": 83, "inserted": ["i"]}}
{"dateTime": "2025-08-17T01:59:57.880Z", "eventType": "input.type", "fullPath": "/main.py", "details": {"fromA": 83, "toA": 83, "fromB": 83, "toB": 84, "inserted": ["s"]}}
{"dateTime": "2025-08-17T01:59:57.958Z", "eventType": "input.type", "fullPath": "/main.py", "details": {"fromA": 84, "toA": 84, "fromB": 84, "toB": 85, "inserted": ["p"]}}
{"dateTime": "2025-08-17T01:59:58.741Z", "eventType": "delete.backward", "fullPath": "/main.py", "details": {"fromA": 84, "toA": 85, "fromB": 84, "toB": 84, "inserted": [""]}}
{"dateTime": "2025-08-17T01:59:58.940Z", "eventType": "input.indent", "fullPath": "/main.py", "details": {"fromA": 63, "toA": 63, "fromB": 63, "toB": 65, "inserted": ["  "]}}
{"dateTime": "2025-08-17T02:00:00.069Z", "eventType": "undo", "fullPath": "/main.py", "details": {"fromA": 63, "toA": 65, "fromB": 63, "toB": 63, "inserted": [""]}}
{"dateTime": "2025-08-17T02:00:01.118Z", "eventType": "input.type", "fullPath": "/main.py", "details": {"fromA": 84, "toA": 84, "fromB": 84, "toB": 85, "inserted": ["o"]}}
{"dateTime": "2025-08-17T02:00:01.806Z", "eventType": "input.complete", "fullPath": "/main.py", "details": {"fromA": 79, "toA": 85, "fromB": 79, "toB": 86, "inserted": ["divisor"]}}
{"dateTime": "2025-08-17T02:00:04.826Z", "eventType": "select.pointer", "fullPath": "/main.py", "details": {"selection": {"from": 87, "to": 87}}}
{"dateTime": "2025-08-17T02:00:05.282Z", "eventType": "select.pointer", "fullPath": "/main.py", "details": {"selection": {"from": 62, "to": 62}}}
{"dateTime": "2025-08-17T02:00:29.553Z", "eventType": "blur", "fullPath": "/main.py"}
{"dateTime": "2025-08-17T02:00:29.554Z", "eventType": "window.blur", "fullPath": "/main.py"}
{"dateTime": "2025-08-17T02:00:31.918Z", "eventType": "window.focus", "fullPath": "/main.py"}
{"dateTime": "2025-08-17T02:00:31.921Z", "eventType": "focus", "fullPath": "/main.py"}
{"dateTime": "2025-08-17T02:00:49.738Z", "eventType": "window.focus", "fullPath": "/main.py"}
{"dateTime": "2025-08-17T02:00:49.740Z", "eventType": "focus", "fullPath": "/main.py"}
{"dateTime": "2025-08-17T02:00:53.618Z", "eventType": "select.pointer", "fullPath": "/main.py", "details": {"selection": {"from": 21, "to": 21}}}
{"dateTime": "2025-08-17T02:00:54.679Z", "eventType": "select.pointer", "fullPath": "/main.py", "details": {"selection": {"from": 87, "to": 87}}}
{"dateTime": "2025-08-17T02:00:55.774Z", "eventType": "input.type", "fullPath": "/main.py", "details": {"fromA": 21, "toA": 21, "fromB": 21, "toB": 22, "inserted": ["1"]}}
{"dateTime": "2025-08-17T02:00:56.659Z", "eventType": "input.type", "fullPath": "/main.py", "details": {"fromA": 22, "toA": 22, "fromB": 22, "toB": 23, "inserted": ["0"]}}
{"dateTime": "2025-08-17T02:00:58.285Z", "eventType": "select.pointer", "fullPath": "/main.py", "details": {"selection": {"from": 45, "to": 45}}}
{"dateTime": "2025-08-17T02:01:01.068Z", "eventType": "input.type", "fullPath": "/main.py", "details": {"fromA": 45, "toA": 45, "fromB": 45, "toB": 46, "inserted": ["1"]}}
{"dateTime": "2025-08-17T02:01:01.268Z", "eventType": "input.type", "fullPath": "/main.py", "details": {"fromA": 46, "toA": 46, "fromB": 46, "toB": 47, "inserted": ["0"]}}
{"dateTime": "2025-08-17T02:01:03.247Z", "eventType": "select.pointer", "fullPath": "/main.py", "details": {"selection": {"from": 49, "to": 49}}}
{"dateTime": "2025-08-17T02:01:04.829Z", "eventType": "input", "fullPath": "/main.py", "details": {"fromA": 87, "toA": 87, "fromB": 87, "toB": 88, "inserted": ["", ""]}}
{"dateTime": "2025-08-17T02:01:04.992Z", "eventType": "input", "fullPath": "/main.py", "details": {"fromA": 88, "toA": 88, "fromB": 88, "toB": 89, "inserted": ["", ""]}}
{"dateTime": "2025-08-17T02:01:08.664Z", "eventType": "select", "fullPath": "/main.py", "details": {"selection": {"from": 88, "to": 88}}}
{"dateTime": "2025-08-17T02:01:09.616Z", "eventType": "input.type", "fullPath": "/main.py", "details": {"fromA": 88, "toA": 88, "fromB": 88, "toB": 89, "inserted": ["-"]}}
{"dateTime": "2025-08-17T02:01:10.031Z", "eventType": "input.type", "fullPath": "/main.py", "details": {"fromA": 89, "toA": 89, "fromB": 89, "toB": 90, "inserted": ["-"]}}
{"dateTime": "2025-08-17T02:01:10.223Z", "eventType": "input.type", "fullPath": "/main.py", "details": {"fromA": 90, "toA": 90, "fromB": 90, "toB": 91, "inserted": ["-"]}}
{"dateTime": "2025-08-17T02:01:10.512Z", "eventType": "input.type", "fullPath": "/main.py", "details": {"fromA": 91, "toA": 91, "fromB": 91, "toB": 92, "inserted": ["-"]}}
{"dateTime": "2025-08-17T02:01:11.223Z", "eventType": "select", "fullPath": "/main.py", "details": {"selection": {"from": 67, "to": 67}}}
{"dateTime": "2025-08-17T02:01:11.438Z", "eventType": "select", "fullPath": "/main.py", "details": {"selection": {"from": 41, "to": 41}}}
{"dateTime": "2025-08-17T02:01:11.647Z", "eventType": "select", "fullPath": "/main.py", "details": {"selection": {"from": 36, "to": 36}}}
{"dateTime": "2025-08-17T02:01:12.520Z", "eventType": "input.type", "fullPath": "/main.py", "details": {"fromA": 36, "toA": 36, "fromB": 36, "toB": 37, "inserted": ["-"]}}
{"dateTime": "2025-08-17T02:01:12.695Z", "eventType": "input.type", "fullPath": "/main.py", "details": {"fromA": 37, "toA": 37, "fromB": 37, "toB": 38, "inserted": ["-"]}}
{"dateTime": "2025-08-17T02:01:13.000Z", "eventType": "input.type", "fullPath": "/main.py", "details": {"fromA": 38, "toA": 38, "fromB": 38, "toB": 39, "inserted": ["-"]}}
{"dateTime": "2025-08-17T02:01:13.311Z", "eventType": "input.type", "fullPath": "/main.py", "details": {"fromA": 39, "toA": 39, "fromB": 39, "toB": 40, "inserted": ["-"]}}
{"dateTime": "2025-08-17T02:01:14.247Z", "eventType": "select", "fullPath": "/main.py", "details": {"selection": {"from": 45, "to": 45}}}
{"dateTime": "2025-08-17T02:01:14.438Z", "eventType": "select", "fullPath": "/main.py", "details": {"selection": {"from": 71, "to": 71}}}
{"dateTime": "2025-08-17T02:01:14.630Z", "eventType": "select", "fullPath": "/main.py", "details": {"selection": {"from": 96, "to": 96}}}
{"dateTime": "2025-08-17T02:01:14.816Z", "eventType": "select", "fullPath": "/main.py", "details": {"selection": {"from": 97, "to": 97}}}
{"dateTime": "2025-08-17T02:01:22.689Z", "eventType": "input.type", "fullPath": "/main.py", "details": {"fromA": 97, "toA": 97, "fromB": 97, "toB": 98, "inserted": ["p"]}}
{"dateTime": "2025-08-17T02:01:22.962Z", "eventType": "input.type", "fullPath": "/main.py", "details": {"fromA": 98, "toA": 98, "fromB": 98, "toB": 99, "inserted": ["r"]}}
{"dateTime": "2025-08-17T02:01:23.057Z", "eventType": "input.type", "fullPath": "/main.py", "details": {"fromA": 99, "toA": 99, "fromB": 99, "toB": 100, "inserted": ["i"]}}
{"dateTime": "2025-08-17T02:01:23.153Z", "eventType": "input.type", "fullPath": "/main.py", "details": {"fromA": 100, "toA": 100, "fromB": 100, "toB": 101, "inserted": ["n"]}}
{"dateTime": "2025-08-17T02:01:23.489Z", "eventType": "input.complete", "fullPath": "/main.py", "details": {"fromA": 97, "toA": 101, "fromB": 97, "toB": 102, "inserted": ["print"]}}
{"dateTime": "2025-08-17T02:01:24.256Z", "eventType": "input.type", "fullPath": "/main.py", "details": {"fromA": 102, "toA": 102, "fromB": 102, "toB": 104, "inserted": ["()"]}}
{"dateTime": "2025-08-17T02:01:24.920Z", "eventType": "input.type", "fullPath": "/main.py", "details": {"fromA": 103, "toA": 103, "fromB": 103, "toB": 104, "inserted": ["d"]}}
{"dateTime": "2025-08-17T02:01:25.092Z", "eventType": "input.type", "fullPath": "/main.py", "details": {"fromA": 104, "toA": 104, "fromB": 104, "toB": 105, "inserted": ["i"]}}
{"dateTime": "2025-08-17T02:01:25.242Z", "eventType": "input.type", "fullPath": "/main.py", "details": {"fromA": 105, "toA": 105, "fromB": 105, "toB": 106, "inserted": ["v"]}}
{"dateTime": "2025-08-17T02:01:25.337Z", "eventType": "input.type", "fullPath": "/main.py", "details": {"fromA": 106, "toA": 106, "fromB": 106, "toB": 107, "inserted": ["i"]}}
{"dateTime": "2025-08-17T02:01:25.569Z", "eventType": "input.complete", "fullPath": "/main.py", "details": {"fromA": 103, "toA": 107, "fromB": 103, "toB": 112, "inserted": ["dividendo"]}}
{"dateTime": "2025-08-17T02:01:27.264Z", "eventType": "input.type", "fullPath": "/main.py", "details": {"fromA": 112, "toA": 112, "fromB": 112, "toB": 113, "inserted": ["/"]}}
{"dateTime": "2025-08-17T02:01:27.544Z", "eventType": "input.type", "fullPath": "/main.py", "details": {"fromA": 113, "toA": 113, "fromB": 113, "toB": 114, "inserted": ["d"]}}
{"dateTime": "2025-08-17T02:01:27.715Z", "eventType": "input.type", "fullPath": "/main.py", "details": {"fromA": 114, "toA": 114, "fromB": 114, "toB": 115, "inserted": ["i"]}}
{"dateTime": "2025-08-17T02:01:27.889Z", "eventType": "input.type", "fullPath": "/main.py", "details": {"fromA": 115, "toA": 115, "fromB": 115, "toB": 116, "inserted": ["v"]}}
{"dateTime": "2025-08-17T02:01:27.969Z", "eventType": "input.type", "fullPath": "/main.py", "details": {"fromA": 116, "toA": 116, "fromB": 116, "toB": 117, "inserted": ["i"]}}
{"dateTime": "2025-08-17T02:01:28.152Z", "eventType": "input.type", "fullPath": "/main.py", "details": {"fromA": 117, "toA": 117, "fromB": 117, "toB": 118, "inserted": ["s"]}}
{"dateTime": "2025-08-17T02:01:28.201Z", "eventType": "input.type", "fullPath": "/main.py", "details": {"fromA": 118, "toA": 118, "fromB": 118, "toB": 119, "inserted": ["o"]}}
{"dateTime": "2025-08-17T02:01:28.418Z", "eventType": "input.type", "fullPath": "/main.py", "details": {"fromA": 119, "toA": 119, "fromB": 119, "toB": 120, "inserted": ["r"]}}
{"dateTime": "2025-08-17T02:01:28.694Z", "eventType": "input.complete", "fullPath": "/main.py", "details": {"fromA": 113, "toA": 120, "fromB": 113, "toB": 120, "inserted": ["divisor"]}}
{"dateTime": "2025-08-17T02:01:29.965Z", "eventType": "select", "fullPath": "/main.py", "details": {"selection": {"from": 121, "to": 121}}}
{"dateTime": "2025-08-17T02:01:30.410Z", "eventType": "input", "fullPath": "/main.py", "details": {"fromA": 121, "toA": 121, "fromB": 121, "toB": 122, "inserted": ["", ""]}}
{"dateTime": "2025-08-17T02:01:35.328Z", "eventType": "input.type", "fullPath": "/main.py", "details": {"fromA": 122, "toA": 122, "fromB": 122, "toB": 123, "inserted": ["-"]}}
{"dateTime": "2025-08-17T02:01:35.503Z", "eventType": "input.type", "fullPath": "/main.py", "details": {"fromA": 123, "toA": 123, "fromB": 123, "toB": 124, "inserted": ["-"]}}
{"dateTime": "2025-08-17T02:01:35.672Z", "eventType": "input.type", "fullPath": "/main.py", "details": {"fromA": 124, "toA": 124, "fromB": 124, "toB": 125, "inserted": ["-"]}}
{"dateTime": "2025-08-17T02:01:35.976Z", "eventType": "input.type", "fullPath": "/main.py", "details": {"fromA": 125, "toA": 125, "fromB": 125, "toB": 126, "inserted": ["-"]}}
{"dateTime": "2025-08-17T02:01:36.618Z", "eventType": "input", "fullPath": "/main.py", "details": {"fromA": 126, "toA": 126, "fromB": 126, "toB": 127, "inserted": ["", ""]}}
{"dateTime": "2025-08-17T02:01:41.785Z", "eventType": "input.type", "fullPath": "/main.py", "details": {"fromA": 127, "toA": 127, "fromB": 127, "toB": 128, "inserted": ["p"]}}
{"dateTime": "2025-08-17T02:01:41.899Z", "eventType": "input.type", "fullPath": "/main.py", "details": {"fromA": 128, "toA": 128, "fromB": 128, "toB": 129, "inserted": ["r"]}}
{"dateTime": "2025-08-17T02:01:42.026Z", "eventType": "input.type", "fullPath": "/main.py", "details": {"fromA": 129, "toA": 129, "fromB": 129, "toB": 130, "inserted": ["i"]}}
{"dateTime": "2025-08-17T02:01:42.138Z", "eventType": "input.type", "fullPath": "/main.py", "details": {"fromA": 130, "toA": 130, "fromB": 130, "toB": 131, "inserted": ["n"]}}
{"dateTime": "2025-08-17T02:01:42.217Z", "eventType": "input.complete", "fullPath": "/main.py", "details": {"fromA": 127, "toA": 131, "fromB": 127, "toB": 132, "inserted": ["print"]}}
{"dateTime": "2025-08-17T02:01:42.832Z", "eventType": "input.type", "fullPath": "/main.py", "details": {"fromA": 132, "toA": 132, "fromB": 132, "toB": 134, "inserted": ["()"]}}
{"dateTime": "2025-08-17T02:01:46.129Z", "eventType": "input.type", "fullPath": "/main.py", "details": {"fromA": 133, "toA": 133, "fromB": 133, "toB": 134, "inserted": ["d"]}}
{"dateTime": "2025-08-17T02:01:46.244Z", "eventType": "input.type", "fullPath": "/main.py", "details": {"fromA": 134, "toA": 134, "fromB": 134, "toB": 135, "inserted": ["i"]}}
{"dateTime": "2025-08-17T02:01:46.353Z", "eventType": "input.type", "fullPath": "/main.py", "details": {"fromA": 135, "toA": 135, "fromB": 135, "toB": 136, "inserted": ["v"]}}
{"dateTime": "2025-08-17T02:01:46.449Z", "eventType": "input.type", "fullPath": "/main.py", "details": {"fromA": 136, "toA": 136, "fromB": 136, "toB": 137, "inserted": ["i"]}}
{"dateTime": "2025-08-17T02:01:46.594Z", "eventType": "input.type", "fullPath": "/main.py", "details": {"fromA": 137, "toA": 137, "fromB": 137, "toB": 138, "inserted": ["s"]}}
{"dateTime": "2025-08-17T02:01:46.672Z", "eventType": "input.type", "fullPath": "/main.py", "details": {"fromA": 138, "toA": 138, "fromB": 138, "toB": 139, "inserted": ["o"]}}
{"dateTime": "2025-08-17T02:01:46.833Z", "eventType": "input.type", "fullPath": "/main.py", "details": {"fromA": 139, "toA": 139, "fromB": 139, "toB": 140, "inserted": ["r"]}}
{"dateTime": "2025-08-17T02:01:48.185Z", "eventType": "input.type", "fullPath": "/main.py", "details": {"fromA": 140, "toA": 140, "fromB": 140, "toB": 141, "inserted": ["*"]}}
{"dateTime": "2025-08-17T02:01:50.417Z", "eventType": "input.type", "fullPath": "/main.py", "details": {"fromA": 141, "toA": 141, "fromB": 141, "toB": 142, "inserted": ["d"]}}
{"dateTime": "2025-08-17T02:01:50.572Z", "eventType": "input.type", "fullPath": "/main.py", "details": {"fromA": 142, "toA": 142, "fromB": 142, "toB": 143, "inserted": ["i"]}}
{"dateTime": "2025-08-17T02:01:50.698Z", "eventType": "input.type", "fullPath": "/main.py", "details": {"fromA": 143, "toA": 143, "fromB": 143, "toB": 144, "inserted": ["v"]}}
{"dateTime": "2025-08-17T02:01:50.785Z", "eventType": "input.type", "fullPath": "/main.py", "details": {"fromA": 144, "toA": 144, "fromB": 144, "toB": 145, "inserted": ["i"]}}
{"dateTime": "2025-08-17T02:01:50.930Z", "eventType": "input.type", "fullPath": "/main.py", "details": {"fromA": 145, "toA": 145, "fromB": 145, "toB": 146, "inserted": ["d"]}}
{"dateTime": "2025-08-17T02:01:51.042Z", "eventType": "input.type", "fullPath": "/main.py", "details": {"fromA": 146, "toA": 146, "fromB": 146, "toB": 147, "inserted": ["e"]}}
{"dateTime": "2025-08-17T02:01:51.129Z", "eventType": "input.type", "fullPath": "/main.py", "details": {"fromA": 147, "toA": 147, "fromB": 147, "toB": 148, "inserted": ["n"]}}
{"dateTime": "2025-08-17T02:01:51.249Z", "eventType": "input.type", "fullPath": "/main.py", "details": {"fromA": 148, "toA": 148, "fromB": 148, "toB": 149, "inserted": ["d"]}}
{"dateTime": "2025-08-17T02:01:51.345Z", "eventType": "input.type", "fullPath": "/main.py", "details": {"fromA": 149, "toA": 149, "fromB": 149, "toB": 150, "inserted": ["o"]}}
{"dateTime": "2025-08-17T02:01:51.910Z", "eventType": "input.complete", "fullPath": "/main.py", "details": {"fromA": 141, "toA": 150, "fromB": 141, "toB": 150, "inserted": ["dividendo"]}}
{"dateTime": "2025-08-17T02:01:54.165Z", "eventType": "select", "fullPath": "/main.py", "details": {"selection": {"from": 151, "to": 151}}}
{"dateTime": "2025-08-17T02:01:55.313Z", "eventType": "input", "fullPath": "/main.py", "details": {"fromA": 151, "toA": 151, "fromB": 151, "toB": 152, "inserted": ["", ""]}}
{"dateTime": "2025-08-17T02:02:12.571Z", "eventType": "input.type", "fullPath": "/main.py", "details": {"fromA": 152, "toA": 152, "fromB": 152, "toB": 153, "inserted": ["p"]}}
{"dateTime": "2025-08-17T02:02:12.668Z", "eventType": "input.type", "fullPath": "/main.py", "details": {"fromA": 153, "toA": 153, "fromB": 153, "toB": 154, "inserted": ["r"]}}
{"dateTime": "2025-08-17T02:02:12.832Z", "eventType": "input.type", "fullPath": "/main.py", "details": {"fromA": 154, "toA": 154, "fromB": 154, "toB": 155, "inserted": ["i"]}}
{"dateTime": "2025-08-17T02:02:12.920Z", "eventType": "input.complete", "fullPath": "/main.py", "details": {"fromA": 152, "toA": 155, "fromB": 152, "toB": 157, "inserted": ["print"]}}
{"dateTime": "2025-08-17T02:02:13.890Z", "eventType": "input.type", "fullPath": "/main.py", "details": {"fromA": 157, "toA": 157, "fromB": 157, "toB": 159, "inserted": ["()"]}}
{"dateTime": "2025-08-17T02:02:14.249Z", "eventType": "input.type", "fullPath": "/main.py", "details": {"fromA": 158, "toA": 158, "fromB": 158, "toB": 159, "inserted": ["d"]}}
{"dateTime": "2025-08-17T02:02:14.388Z", "eventType": "input.type", "fullPath": "/main.py", "details": {"fromA": 159, "toA": 159, "fromB": 159, "toB": 160, "inserted": ["i"]}}
{"dateTime": "2025-08-17T02:02:14.498Z", "eventType": "input.type", "fullPath": "/main.py", "details": {"fromA": 160, "toA": 160, "fromB": 160, "toB": 161, "inserted": ["v"]}}
{"dateTime": "2025-08-17T02:02:14.578Z", "eventType": "input.type", "fullPath": "/main.py", "details": {"fromA": 161, "toA": 161, "fromB": 161, "toB": 162, "inserted": ["i"]}}
{"dateTime": "2025-08-17T02:02:14.681Z", "eventType": "input.type", "fullPath": "/main.py", "details": {"fromA": 162, "toA": 162, "fromB": 162, "toB": 163, "inserted": ["s"]}}
{"dateTime": "2025-08-17T02:02:14.770Z", "eventType": "input.type", "fullPath": "/main.py", "details": {"fromA": 163, "toA": 163, "fromB": 163, "toB": 164, "inserted": ["o"]}}
{"dateTime": "2025-08-17T02:02:14.905Z", "eventType": "input.type", "fullPath": "/main.py", "details": {"fromA": 164, "toA": 164, "fromB": 164, "toB": 165, "inserted": ["r"]}}
{"dateTime": "2025-08-17T02:02:15.263Z", "eventType": "input.complete", "fullPath": "/main.py", "details": {"fromA": 158, "toA": 165, "fromB": 158, "toB": 165, "inserted": ["divisor"]}}
{"dateTime": "2025-08-17T02:02:16.352Z", "eventType": "input.type", "fullPath": "/main.py", "details": {"fromA": 165, "toA": 165, "fromB": 165, "toB": 166, "inserted": ["*"]}}
{"dateTime": "2025-08-17T02:02:16.512Z", "eventType": "input.type", "fullPath": "/main.py", "details": {"fromA": 166, "toA": 166, "fromB": 166, "toB": 167, "inserted": ["*"]}}
{"dateTime": "2025-08-17T02:02:16.769Z", "eventType": "input.type", "fullPath": "/main.py", "details": {"fromA": 167, "toA": 167, "fromB": 167, "toB": 168, "inserted": ["3"]}}
{"dateTime": "2025-08-17T02:02:18.520Z", "eventType": "select.pointer", "fullPath": "/main.py", "details": {"selection": {"from": 169, "to": 169}}}
{"dateTime": "2025-08-17T02:02:19.101Z", "eventType": "input", "fullPath": "/main.py", "details": {"fromA": 169, "toA": 169, "fromB": 169, "toB": 170, "inserted": ["", ""]}}
{"dateTime": "2025-08-17T02:02:40.353Z", "eventType": "blur", "fullPath": "/main.py"}
{"dateTime": "2025-08-17T02:03:07.356Z", "eventType": "focus", "fullPath": "/main.py"}
{"dateTime": "2025-08-17T02:03:07.364Z", "eventType": "select.pointer", "fullPath": "/main.py", "details": {"selection": {"from": 17, "to": 17}}}
{"dateTime": "2025-08-17T02:03:08.633Z", "eventType": "input.type", "fullPath": "/main.py", "details": {"fromA": 17, "toA": 17, "fromB": 17, "toB": 18, "inserted": ["i"]}}
{"dateTime": "2025-08-17T02:03:08.716Z", "eventType": "input.type", "fullPath": "/main.py", "details": {"fromA": 18, "toA": 18, "fromB": 18, "toB": 19, "inserted": ["n"]}}
{"dateTime": "2025-08-17T02:03:08.771Z", "eventType": "input.type", "fullPath": "/main.py", "details": {"fromA": 19, "toA": 19, "fromB": 19, "toB": 20, "inserted": ["t"]}}
{"dateTime": "2025-08-17T02:03:09.635Z", "eventType": "input.type", "fullPath": "/main.py", "details": {"fromA": 20, "toA": 20, "fromB": 20, "toB": 22, "inserted": ["()"]}}
{"dateTime": "2025-08-17T02:03:10.379Z", "eventType": "select", "fullPath": "/main.py", "details": {"selection": {"from": 40, "to": 40}}}
{"dateTime": "2025-08-17T02:03:10.767Z", "eventType": "select", "fullPath": "/main.py", "details": {"selection": {"from": 39, "to": 39}}}
{"dateTime": "2025-08-17T02:03:11.450Z", "eventType": "input.type", "fullPath": "/main.py", "details": {"fromA": 39, "toA": 39, "fromB": 39, "toB": 40, "inserted": ["i"]}}
{"dateTime": "2025-08-17T02:03:11.515Z", "eventType": "input.type", "fullPath": "/main.py", "details": {"fromA": 40, "toA": 40, "fromB": 40, "toB": 41, "inserted": ["n"]}}
{"dateTime": "2025-08-17T02:03:11.636Z", "eventType": "input.type", "fullPath": "/main.py", "details": {"fromA": 41, "toA": 41, "fromB": 41, "toB": 42, "inserted": ["t"]}}
{"dateTime": "2025-08-17T02:03:11.882Z", "eventType": "input.type", "fullPath": "/main.py", "details": {"fromA": 42, "toA": 42, "fromB": 42, "toB": 44, "inserted": ["()"]}}
{"dateTime": "2025-08-17T02:03:13.100Z", "eventType": "select.pointer", "fullPath": "/main.py", "details": {"selection": {"from": 45, "to": 45}}}
{"dateTime": "2025-08-17T02:03:23.129Z", "eventType": "select.pointer", "fullPath": "/main.py", "details": {"selection": {"from": 9, "to": 9}}}
{"dateTime": "2025-08-17T02:03:24.564Z", "eventType": "input.type", "fullPath": "/main.py", "details": {"fromA": 9, "toA": 9, "fromB": 9, "toB": 10, "inserted": ["x"]}}
{"dateTime": "2025-08-17T02:03:26.483Z", "eventType": "delete.backward", "fullPath": "/main.py", "details": {"fromA": 9, "toA": 10, "fromB": 9, "toB": 9, "inserted": [""]}}
{"dateTime": "2025-08-17T02:03:27.559Z", "eventType": "select.pointer", "fullPath": "/main.py", "details": {"selection": {"from": 45, "to": 45}}}
{"dateTime": "2025-08-17T02:03:28.917Z", "eventType": "select.pointer", "fullPath": "/main.py", "details": {"selection": {"from": 9, "to": 9}}}
{"dateTime": "2025-08-17T02:04:38.257Z", "eventType": "blur", "fullPath": "/main.py"}
{"dateTime": "2025-08-17T02:04:44.899Z", "eventType": "focus", "fullPath": "/main.py"}
{"dateTime": "2025-08-17T02:04:44.906Z", "eventType": "select.pointer", "fullPath": "/main.py", "details": {"selection": {"from": 50, "to": 50}}}
{"dateTime": "2025-08-17T02:04:45.016Z", "eventType": "select.pointer", "fullPath": "/main.py", "details": {"selection": {"from": 49, "to": 50}}}
{"dateTime": "2025-08-17T02:04:45.050Z", "eventType": "select.pointer", "fullPath": "/main.py", "details": {"selection": {"from": 48, "to": 50}}}
{"dateTime": "2025-08-17T02:04:45.081Z", "eventType": "select.pointer", "fullPath": "/main.py", "details": {"selection": {"from": 47, "to": 50}}}
{"dateTime": "2025-08-17T02:04:45.131Z", "eventType": "select.pointer", "fullPath": "/main.py", "details": {"selection": {"from": 46, "to": 50}}}
{"dateTime": "2025-08-17T02:04:46.487Z", "eventType": "delete.selection", "fullPath": "/main.py", "details": {"fromA": 46, "toA": 50, "fromB": 46, "toB": 46, "inserted": [""]}}
{"dateTime": "2025-08-17T02:04:47.292Z", "eventType": "select", "fullPath": "/main.py", "details": {"selection": {"from": 47, "to": 47}}}
{"dateTime": "2025-08-17T02:04:47.451Z", "eventType": "select", "fullPath": "/main.py", "details": {"selection": {"from": 73, "to": 73}}}
{"dateTime": "2025-08-17T02:04:47.642Z", "eventType": "select", "fullPath": "/main.py", "details": {"selection": {"from": 98, "to": 98}}}
{"dateTime": "2025-08-17T02:04:48.370Z", "eventType": "select", "fullPath": "/main.py", "details": {"selection": {"from": 98, "to": 102}}}
{"dateTime": "2025-08-17T02:04:48.843Z", "eventType": "delete.selection", "fullPath": "/main.py", "details": {"fromA": 98, "toA": 102, "fromB": 98, "toB": 98, "inserted": [""]}}
{"dateTime": "2025-08-17T02:04:49.387Z", "eventType": "select", "fullPath": "/main.py", "details": {"selection": {"from": 99, "to": 99}}}
{"dateTime": "2025-08-17T02:04:49.547Z", "eventType": "select", "fullPath": "/main.py", "details": {"selection": {"from": 124, "to": 124}}}
{"dateTime": "2025-08-17T02:04:49.985Z", "eventType": "select", "fullPath": "/main.py", "details": {"selection": {"from": 124, "to": 128}}}
{"dateTime": "2025-08-17T02:04:50.449Z", "eventType": "delete.selection", "fullPath": "/main.py", "details": {"fromA": 124, "toA": 128, "fromB": 124, "toB": 124, "inserted": [""]}}
{"dateTime": "2025-08-17T02:04:52.838Z", "eventType": "blur", "fullPath": "/main.py"}
{"dateTime": "2025-08-17T02:05:11.017Z", "eventType": "focus", "fullPath": "/main.py"}
{"dateTime": "2025-08-17T02:05:11.023Z", "eventType": "select.pointer", "fullPath": "/main.py", "details": {"selection": {"from": 31, "to": 31}}}
{"dateTime": "2025-08-17T02:05:12.001Z", "eventType": "select", "fullPath": "/main.py", "details": {"selection": {"from": 32, "to": 32}}}
{"dateTime": "2025-08-17T02:05:12.391Z", "eventType": "delete.backward", "fullPath": "/main.py", "details": {"fromA": 31, "toA": 32, "fromB": 31, "toB": 31, "inserted": [""]}}
{"dateTime": "2025-08-17T02:05:12.893Z", "eventType": "input.type", "fullPath": "/main.py", "details": {"fromA": 31, "toA": 31, "fromB": 31, "toB": 32, "inserted": ["="]}}
{"dateTime": "2025-08-17T02:05:13.403Z", "eventType": "select", "fullPath": "/main.py", "details": {"selection": {"from": 8, "to": 8}}}
{"dateTime": "2025-08-17T02:05:13.568Z", "eventType": "select", "fullPath": "/main.py", "details": {"selection": {"from": 9, "to": 9}}}
{"dateTime": "2025-08-17T02:05:13.832Z", "eventType": "select", "fullPath": "/main.py", "details": {"selection": {"from": 10, "to": 10}}}
{"dateTime": "2025-08-17T02:05:14.236Z", "eventType": "delete.backward", "fullPath": "/main.py", "details": {"fromA": 9, "toA": 10, "fromB": 9, "toB": 9, "inserted": [""]}}
{"dateTime": "2025-08-17T02:05:14.660Z", "eventType": "input.type", "fullPath": "/main.py", "details": {"fromA": 9, "toA": 9, "fromB": 9, "toB": 10, "inserted": ["="]}}
{"dateTime": "2025-08-17T02:05:19.205Z", "eventType": "blur", "fullPath": "/main.py"}
{"dateTime": "2025-08-17T02:05:53.287Z", "eventType": "focus", "fullPath": "/main.py"}
{"dateTime": "2025-08-17T02:05:53.292Z", "eventType": "select.pointer", "fullPath": "/main.py", "details": {"selection": {"from": 20, "to": 20}}}
{"dateTime": "2025-08-17T02:05:53.386Z", "eventType": "select.pointer", "fullPath": "/main.py", "details": {"selection": {"from": 20, "to": 20}}}
{"dateTime": "2025-08-17T02:05:53.421Z", "eventType": "select.pointer", "fullPath": "/main.py", "details": {"selection": {"from": 19, "to": 20}}}
{"dateTime": "2025-08-17T02:05:53.505Z", "eventType": "select.pointer", "fullPath": "/main.py", "details": {"selection": {"from": 18, "to": 20}}}
{"dateTime": "2025-08-17T02:05:54.142Z", "eventType": "select.pointer", "fullPath": "/main.py", "details": {"selection": {"from": 17, "to": 20}}}
{"dateTime": "2025-08-17T02:06:04.885Z", "eventType": "delete.selection", "fullPath": "/main.py", "details": {"fromA": 17, "toA": 20, "fromB": 17, "toB": 17, "inserted": [""]}}
{"dateTime": "2025-08-17T02:06:05.541Z", "eventType": "select", "fullPath": "/main.py", "details": {"selection": {"from": 38, "to": 38}}}
{"dateTime": "2025-08-17T02:06:05.707Z", "eventType": "select", "fullPath": "/main.py", "details": {"selection": {"from": 39, "to": 39}}}
{"dateTime": "2025-08-17T02:06:06.277Z", "eventType": "delete.backward", "fullPath": "/main.py", "details": {"fromA": 38, "toA": 39, "fromB": 38, "toB": 38, "inserted": [""]}}
{"dateTime": "2025-08-17T02:06:06.460Z", "eventType": "delete.backward", "fullPath": "/main.py", "details": {"fromA": 37, "toA": 38, "fromB": 37, "toB": 37, "inserted": [""]}}
{"dateTime": "2025-08-17T02:06:06.620Z", "eventType": "delete.backward", "fullPath": "/main.py", "details": {"fromA": 36, "toA": 37, "fromB": 36, "toB": 36, "inserted": [""]}}
{"dateTime": "2025-08-17T02:06:08.267Z", "eventType": "select", "fullPath": "/main.py", "details": {"selection": {"from": 37, "to": 37}}}
{"dateTime": "2025-08-17T02:06:08.556Z", "eventType": "delete.backward", "fullPath": "/main.py", "details": {"fromA": 36, "toA": 38, "fromB": 36, "toB": 36, "inserted": [""]}}
{"dateTime": "2025-08-17T02:06:08.845Z", "eventType": "select", "fullPath": "/main.py", "details": {"selection": {"from": 15, "to": 15}}}
{"dateTime": "2025-08-17T02:06:09.091Z", "eventType": "select", "fullPath": "/main.py", "details": {"selection": {"from": 16, "to": 16}}}
{"dateTime": "2025-08-17T02:06:09.330Z", "eventType": "select", "fullPath": "/main.py", "details": {"selection": {"from": 17, "to": 17}}}
{"dateTime": "2025-08-17T02:06:09.507Z", "eventType": "select", "fullPath": "/main.py", "details": {"selection": {"from": 18, "to": 18}}}
{"dateTime": "2025-08-17T02:06:09.757Z", "eventType": "delete.backward", "fullPath": "/main.py", "details": {"fromA": 17, "toA": 19, "fromB": 17, "toB": 17, "inserted": [""]}}
{"dateTime": "2025-08-17T02:06:18.321Z", "eventType": "blur", "fullPath": "/main.py"}
{"dateTime": "2025-08-17T02:07:25.071Z", "eventType": "focus", "fullPath": "/main.py"}
{"dateTime": "2025-08-17T02:07:25.077Z", "eventType": "select.pointer", "fullPath": "/main.py", "details": {"selection": {"from": 37, "to": 37}}}
{"dateTime": "2025-08-17T02:08:09.723Z", "eventType": "blur", "fullPath": "/main.py"}
{"dateTime": "2025-08-17T02:08:09.726Z", "eventType": "window.blur", "fullPath": "/main.py"}
{"dateTime": "2025-08-17T02:08:13.721Z", "eventType": "window.focus", "fullPath": "/main.py"}
{"dateTime": "2025-08-17T02:08:13.731Z", "eventType": "focus", "fullPath": "/main.py"}
{"dateTime": "2025-08-17T02:08:55.062Z", "eventType": "select.pointer", "fullPath": "/main.py", "details": {"selection": {"from": 53, "to": 53}}}
{"dateTime": "2025-08-17T02:08:55.962Z", "eventType": "delete.backward", "fullPath": "/main.py", "details": {"fromA": 52, "toA": 53, "fromB": 52, "toB": 52, "inserted": [""]}}
{"dateTime": "2025-08-17T02:09:03.298Z", "eventType": "blur", "fullPath": "/main.py"}
{"dateTime": "2025-08-17T02:09:20.953Z", "eventType": "focus", "fullPath": "/main.py"}
{"dateTime": "2025-08-17T02:09:20.957Z", "eventType": "select.pointer", "fullPath": "/main.py", "details": {"selection": {"from": 53, "to": 53}}}
{"dateTime": "2025-08-17T02:09:22.363Z", "eventType": "input.type", "fullPath": "/main.py", "details": {"fromA": 53, "toA": 53, "fromB": 53, "toB": 54, "inserted": ["/"]}}
{"dateTime": "2025-08-17T02:09:26.177Z", "eventType": "select.pointer", "fullPath": "/main.py", "details": {"selection": {"from": 52, "to": 52}}}
{"dateTime": "2025-08-17T02:09:26.960Z", "eventType": "input.type", "fullPath": "/main.py", "details": {"fromA": 52, "toA": 52, "fromB": 52, "toB": 53, "inserted": [","]}}
{"dateTime": "2025-08-17T02:09:28.055Z", "eventType": "select.pointer", "fullPath": "/main.py", "details": {"selection": {"from": 54, "to": 54}}}
{"dateTime": "2025-08-17T02:09:28.457Z", "eventType": "select.pointer", "fullPath": "/main.py", "details": {"selection": {"from": 55, "to": 55}}}
{"dateTime": "2025-08-17T02:09:28.705Z", "eventType": "input.type", "fullPath": "/main.py", "details": {"fromA": 55, "toA": 55, "fromB": 55, "toB": 56, "inserted": [","]}}
{"dateTime": "2025-08-17T02:09:29.551Z", "eventType": "delete.backward", "fullPath": "/main.py", "details": {"fromA": 55, "toA": 56, "fromB": 55, "toB": 55, "inserted": [""]}}
{"dateTime": "2025-08-17T02:09:30.201Z", "eventType": "select.pointer", "fullPath": "/main.py", "details": {"selection": {"from": 53, "to": 53}}}
{"dateTime": "2025-08-17T02:09:30.505Z", "eventType": "delete.backward", "fullPath": "/main.py", "details": {"fromA": 52, "toA": 53, "fromB": 52, "toB": 52, "inserted": [""]}}
{"dateTime": "2025-08-17T02:09:52.311Z", "eventType": "select.pointer", "fullPath": "/main.py", "details": {"selection": {"from": 48, "to": 48}}}
{"dateTime": "2025-08-17T02:09:57.227Z", "eventType": "select.pointer", "fullPath": "/main.py", "details": {"selection": {"from": 43, "to": 43}}}
{"dateTime": "2025-08-17T02:10:18.461Z", "eventType": "input.type", "fullPath": "/main.py", "details": {"fromA": 43, "toA": 43, "fromB": 43, "toB": 44, "inserted": ["i"]}}
{"dateTime": "2025-08-17T02:10:19.804Z", "eventType": "input.type", "fullPath": "/main.py", "details": {"fromA": 44, "toA": 44, "fromB": 44, "toB": 45, "inserted": ["n"]}}
{"dateTime": "2025-08-17T02:10:20.969Z", "eventType": "input.complete", "fullPath": "/main.py", "details": {"fromA": 43, "toA": 45, "fromB": 43, "toB": 48, "inserted": ["input"]}}
{"dateTime": "2025-08-17T02:10:22.387Z", "eventType": "input.type", "fullPath": "/main.py", "details": {"fromA": 48, "toA": 48, "fromB": 48, "toB": 49, "inserted": ["("]}}
{"dateTime": "2025-08-17T02:10:24.872Z", "eventType": "select", "fullPath": "/main.py", "details": {"selection": {"from": 50, "to": 50}}}
{"dateTime": "2025-08-17T02:10:25.375Z", "eventType": "select", "fullPath": "/main.py", "details": {"selection": {"from": 51, "to": 51}}}
{"dateTime": "2025-08-17T02:10:25.405Z", "eventType": "select", "fullPath": "/main.py", "details": {"selection": {"from": 52, "to": 52}}}
{"dateTime": "2025-08-17T02:10:25.450Z", "eventType": "select", "fullPath": "/main.py", "details": {"selection": {"from": 53, "to": 53}}}
{"dateTime": "2025-08-17T02:10:25.481Z", "eventType": "select", "fullPath": "/main.py", "details": {"selection": {"from": 54, "to": 54}}}
{"dateTime": "2025-08-17T02:10:25.514Z", "eventType": "select", "fullPath": "/main.py", "details": {"selection": {"from": 55, "to": 55}}}
{"dateTime": "2025-08-17T02:10:25.735Z", "eventType": "select", "fullPath": "/main.py", "details": {"selection": {"from": 56, "to": 56}}}
{"dateTime": "2025-08-17T02:10:25.943Z", "eventType": "select", "fullPath": "/main.py", "details": {"selection": {"from": 57, "to": 57}}}
{"dateTime": "2025-08-17T02:10:26.143Z", "eventType": "select", "fullPath": "/main.py", "details": {"selection": {"from": 58, "to": 58}}}
{"dateTime": "2025-08-17T02:10:26.939Z", "eventType": "input.type", "fullPath": "/main.py", "details": {"fromA": 58, "toA": 58, "fromB": 58, "toB": 59, "inserted": [")"]}}
{"dateTime": "2025-08-17T02:10:27.952Z", "eventType": "select", "fullPath": "/main.py", "details": {"selection": {"from": 60, "to": 60}}}
{"dateTime": "2025-08-17T02:10:28.174Z", "eventType": "select", "fullPath": "/main.py", "details": {"selection": {"from": 61, "to": 61}}}
{"dateTime": "2025-08-17T02:10:28.406Z", "eventType": "select", "fullPath": "/main.py", "details": {"selection": {"from": 62, "to": 62}}}
{"dateTime": "2025-08-17T02:10:28.775Z", "eventType": "select", "fullPath": "/main.py", "details": {"selection": {"from": 61, "to": 61}}}
{"dateTime": "2025-08-17T02:10:29.587Z", "eventType": "input.type", "fullPath": "/main.py", "details": {"fromA": 61, "toA": 61, "fromB": 61, "toB": 62, "inserted": ["i"]}}
{"dateTime": "2025-08-17T02:10:29.722Z", "eventType": "input.type", "fullPath": "/main.py", "details": {"fromA": 62, "toA": 62, "fromB": 62, "toB": 63, "inserted": ["n"]}}
{"dateTime": "2025-08-17T02:10:30.675Z", "eventType": "input.complete", "fullPath": "/main.py", "details": {"fromA": 61, "toA": 63, "fromB": 61, "toB": 66, "inserted": ["input"]}}
{"dateTime": "2025-08-17T02:10:31.418Z", "eventType": "input.type", "fullPath": "/main.py", "details": {"fromA": 66, "toA": 66, "fromB": 66, "toB": 67, "inserted": ["("]}}
{"dateTime": "2025-08-17T02:10:32.544Z", "eventType": "select", "fullPath": "/main.py", "details": {"selection": {"from": 68, "to": 68}}}
{"dateTime": "2025-08-17T02:10:33.050Z", "eventType": "select", "fullPath": "/main.py", "details": {"selection": {"from": 69, "to": 69}}}
{"dateTime": "2025-08-17T02:10:33.081Z", "eventType": "select", "fullPath": "/main.py", "details": {"selection": {"from": 70, "to": 70}}}
{"dateTime": "2025-08-17T02:10:33.112Z", "eventType": "select", "fullPath": "/main.py", "details": {"selection": {"from": 71, "to": 71}}}
{"dateTime": "2025-08-17T02:10:33.144Z", "eventType": "select", "fullPath": "/main.py", "details": {"selection": {"from": 72, "to": 72}}}
{"dateTime": "2025-08-17T02:10:33.189Z", "eventType": "select", "fullPath": "/main.py", "details": {"selection": {"from": 73, "to": 73}}}
{"dateTime": "2025-08-17T02:10:33.560Z", "eventType": "select", "fullPath": "/main.py", "details": {"selection": {"from": 74, "to": 74}}}
{"dateTime": "2025-08-17T02:10:34.170Z", "eventType": "input.type", "fullPath": "/main.py", "details": {"fromA": 74, "toA": 74, "fromB": 74, "toB": 75, "inserted": [")"]}}
{"dateTime": "2025-08-17T02:10:36.197Z", "eventType": "select.pointer", "fullPath": "/main.py", "details": {"selection": {"from": 76, "to": 76}}}
{"dateTime": "2025-08-17T02:10:44.247Z", "eventType": "blur", "fullPath": "/main.py"}
