{"dateTime": "2025-09-02T00:00:50.388Z", "eventType": "blur", "fullPath": "/main.py"}
{"dateTime": "2025-09-02T00:00:57.921Z", "eventType": "submission", "details": {"correctness": 1, "commit": "44d28790aff887df4847171ec8a51ebec6f26397", "executionTime": 0.01}}
{"dateTime": "2025-09-02T00:01:04.358Z", "eventType": "focus", "fullPath": "/main.py"}
{"dateTime": "2025-09-02T00:01:04.361Z", "eventType": "select.pointer", "fullPath": "/main.py", "details": {"selection": {"from": 19, "to": 19}}}
{"dateTime": "2025-09-02T00:01:05.800Z", "eventType": "select.pointer", "fullPath": "/main.py", "details": {"selection": {"from": 43, "to": 43}}}
{"dateTime": "2025-09-02T00:01:06.808Z", "eventType": "input", "fullPath": "/main.py", "details": {"fromA": 43, "toA": 43, "fromB": 43, "toB": 44, "inserted": ["", ""]}}
{"dateTime": "2025-09-02T00:01:23.847Z", "eventType": "input.type", "fullPath": "/main.py", "details": {"fromA": 44, "toA": 44, "fromB": 44, "toB": 45, "inserted": ["l"]}}
{"dateTime": "2025-09-02T00:01:23.959Z", "eventType": "input.type", "fullPath": "/main.py", "details": {"fromA": 45, "toA": 45, "fromB": 45, "toB": 46, "inserted": ["a"]}}
{"dateTime": "2025-09-02T00:01:24.250Z", "eventType": "input.type", "fullPath": "/main.py", "details": {"fromA": 46, "toA": 46, "fromB": 46, "toB": 47, "inserted": ["d"]}}
{"dateTime": "2025-09-02T00:01:24.423Z", "eventType": "input.type", "fullPath": "/main.py", "details": {"fromA": 47, "toA": 47, "fromB": 47, "toB": 48, "inserted": ["o"]}}
{"dateTime": "2025-09-02T00:01:25.975Z", "eventType": "input.type", "fullPath": "/main.py", "details": {"fromA": 48, "toA": 48, "fromB": 48, "toB": 49, "inserted": [" "]}}
{"dateTime": "2025-09-02T00:01:26.087Z", "eventType": "input.type", "fullPath": "/main.py", "details": {"fromA": 49, "toA": 49, "fromB": 49, "toB": 50, "inserted": ["="]}}
{"dateTime": "2025-09-02T00:01:26.212Z", "eventType": "input.type", "fullPath": "/main.py", "details": {"fromA": 50, "toA": 50, "fromB": 50, "toB": 51, "inserted": [" "]}}
{"dateTime": "2025-09-02T00:01:27.446Z", "eventType": "input.type", "fullPath": "/main.py", "details": {"fromA": 51, "toA": 51, "fromB": 51, "toB": 52, "inserted": ["f"]}}
{"dateTime": "2025-09-02T00:01:27.547Z", "eventType": "input.type", "fullPath": "/main.py", "details": {"fromA": 52, "toA": 52, "fromB": 52, "toB": 53, "inserted": ["r"]}}
{"dateTime": "2025-09-02T00:01:27.756Z", "eventType": "input.type", "fullPath": "/main.py", "details": {"fromA": 53, "toA": 53, "fromB": 53, "toB": 54, "inserted": ["o"]}}
{"dateTime": "2025-09-02T00:01:27.868Z", "eventType": "input.type", "fullPath": "/main.py", "details": {"fromA": 54, "toA": 54, "fromB": 54, "toB": 55, "inserted": ["m"]}}
{"dateTime": "2025-09-02T00:01:28.424Z", "eventType": "delete.backward", "fullPath": "/main.py", "details": {"fromA": 54, "toA": 55, "fromB": 54, "toB": 54, "inserted": [""]}}
{"dateTime": "2025-09-02T00:01:28.632Z", "eventType": "delete.backward", "fullPath": "/main.py", "details": {"fromA": 53, "toA": 54, "fromB": 53, "toB": 53, "inserted": [""]}}
{"dateTime": "2025-09-02T00:01:28.778Z", "eventType": "delete.backward", "fullPath": "/main.py", "details": {"fromA": 52, "toA": 53, "fromB": 52, "toB": 52, "inserted": [""]}}
{"dateTime": "2025-09-02T00:01:29.198Z", "eventType": "delete.backward", "fullPath": "/main.py", "details": {"fromA": 51, "toA": 52, "fromB": 51, "toB": 51, "inserted": [""]}}
{"dateTime": "2025-09-02T00:01:30.443Z", "eventType": "input.type", "fullPath": "/main.py", "details": {"fromA": 51, "toA": 51, "fromB": 51, "toB": 52, "inserted": ["i"]}}
{"dateTime": "2025-09-02T00:01:30.556Z", "eventType": "input.type", "fullPath": "/main.py", "details": {"fromA": 52, "toA": 52, "fromB": 52, "toB": 53, "inserted": ["n"]}}
{"dateTime": "2025-09-02T00:01:30.686Z", "eventType": "input.type", "fullPath": "/main.py", "details": {"fromA": 53, "toA": 53, "fromB": 53, "toB": 54, "inserted": ["t"]}}
{"dateTime": "2025-09-02T00:01:32.215Z", "eventType": "input.type", "fullPath": "/main.py", "details": {"fromA": 54, "toA": 54, "fromB": 54, "toB": 56, "inserted": ["()"]}}
{"dateTime": "2025-09-02T00:01:33.543Z", "eventType": "input.type", "fullPath": "/main.py", "details": {"fromA": 55, "toA": 55, "fromB": 55, "toB": 56, "inserted": ["i"]}}
{"dateTime": "2025-09-02T00:01:33.663Z", "eventType": "input.type", "fullPath": "/main.py", "details": {"fromA": 56, "toA": 56, "fromB": 56, "toB": 57, "inserted": ["n"]}}
{"dateTime": "2025-09-02T00:01:33.863Z", "eventType": "input.type", "fullPath": "/main.py", "details": {"fromA": 57, "toA": 57, "fromB": 57, "toB": 58, "inserted": ["o"]}}
{"dateTime": "2025-09-02T00:01:33.888Z", "eventType": "input.type", "fullPath": "/main.py", "details": {"fromA": 58, "toA": 58, "fromB": 58, "toB": 59, "inserted": ["p"]}}
{"dateTime": "2025-09-02T00:01:34.087Z", "eventType": "input.type", "fullPath": "/main.py", "details": {"fromA": 59, "toA": 59, "fromB": 59, "toB": 60, "inserted": ["u"]}}
{"dateTime": "2025-09-02T00:01:34.183Z", "eventType": "input.type", "fullPath": "/main.py", "details": {"fromA": 60, "toA": 60, "fromB": 60, "toB": 61, "inserted": ["t"]}}
{"dateTime": "2025-09-02T00:01:34.990Z", "eventType": "delete.backward", "fullPath": "/main.py", "details": {"fromA": 60, "toA": 61, "fromB": 60, "toB": 60, "inserted": [""]}}
{"dateTime": "2025-09-02T00:01:35.166Z", "eventType": "delete.backward", "fullPath": "/main.py", "details": {"fromA": 59, "toA": 60, "fromB": 59, "toB": 59, "inserted": [""]}}
{"dateTime": "2025-09-02T00:01:35.326Z", "eventType": "delete.backward", "fullPath": "/main.py", "details": {"fromA": 58, "toA": 59, "fromB": 58, "toB": 58, "inserted": [""]}}
{"dateTime": "2025-09-02T00:01:35.463Z", "eventType": "delete.backward", "fullPath": "/main.py", "details": {"fromA": 57, "toA": 58, "fromB": 57, "toB": 57, "inserted": [""]}}
{"dateTime": "2025-09-02T00:01:36.295Z", "eventType": "input.type", "fullPath": "/main.py", "details": {"fromA": 57, "toA": 57, "fromB": 57, "toB": 58, "inserted": ["p"]}}
{"dateTime": "2025-09-02T00:01:36.632Z", "eventType": "input.type", "fullPath": "/main.py", "details": {"fromA": 58, "toA": 58, "fromB": 58, "toB": 59, "inserted": ["u"]}}
{"dateTime": "2025-09-02T00:01:36.768Z", "eventType": "input.type", "fullPath": "/main.py", "details": {"fromA": 59, "toA": 59, "fromB": 59, "toB": 60, "inserted": ["t"]}}
{"dateTime": "2025-09-02T00:01:38.768Z", "eventType": "delete.backward", "fullPath": "/main.py", "details": {"fromA": 59, "toA": 60, "fromB": 59, "toB": 59, "inserted": [""]}}
{"dateTime": "2025-09-02T00:01:38.949Z", "eventType": "delete.backward", "fullPath": "/main.py", "details": {"fromA": 58, "toA": 59, "fromB": 58, "toB": 58, "inserted": [""]}}
{"dateTime": "2025-09-02T00:01:39.127Z", "eventType": "delete.backward", "fullPath": "/main.py", "details": {"fromA": 57, "toA": 58, "fromB": 57, "toB": 57, "inserted": [""]}}
{"dateTime": "2025-09-02T00:01:39.261Z", "eventType": "delete.backward", "fullPath": "/main.py", "details": {"fromA": 56, "toA": 57, "fromB": 56, "toB": 56, "inserted": [""]}}
{"dateTime": "2025-09-02T00:01:39.414Z", "eventType": "delete.backward", "fullPath": "/main.py", "details": {"fromA": 55, "toA": 56, "fromB": 55, "toB": 55, "inserted": [""]}}
{"dateTime": "2025-09-02T00:01:39.558Z", "eventType": "delete.backward", "fullPath": "/main.py", "details": {"fromA": 54, "toA": 56, "fromB": 54, "toB": 54, "inserted": [""]}}
{"dateTime": "2025-09-02T00:01:39.718Z", "eventType": "delete.backward", "fullPath": "/main.py", "details": {"fromA": 53, "toA": 54, "fromB": 53, "toB": 53, "inserted": [""]}}
{"dateTime": "2025-09-02T00:01:39.862Z", "eventType": "delete.backward", "fullPath": "/main.py", "details": {"fromA": 52, "toA": 53, "fromB": 52, "toB": 52, "inserted": [""]}}
{"dateTime": "2025-09-02T00:01:40.061Z", "eventType": "delete.backward", "fullPath": "/main.py", "details": {"fromA": 51, "toA": 52, "fromB": 51, "toB": 51, "inserted": [""]}}
{"dateTime": "2025-09-02T00:01:40.926Z", "eventType": "input.type", "fullPath": "/main.py", "details": {"fromA": 51, "toA": 51, "fromB": 51, "toB": 52, "inserted": ["f"]}}
{"dateTime": "2025-09-02T00:01:41.153Z", "eventType": "input.type", "fullPath": "/main.py", "details": {"fromA": 52, "toA": 52, "fromB": 52, "toB": 53, "inserted": ["l"]}}
{"dateTime": "2025-09-02T00:01:41.345Z", "eventType": "input.type", "fullPath": "/main.py", "details": {"fromA": 53, "toA": 53, "fromB": 53, "toB": 54, "inserted": ["o"]}}
{"dateTime": "2025-09-02T00:01:41.463Z", "eventType": "input.type", "fullPath": "/main.py", "details": {"fromA": 54, "toA": 54, "fromB": 54, "toB": 55, "inserted": ["a"]}}
{"dateTime": "2025-09-02T00:01:41.751Z", "eventType": "input.type", "fullPath": "/main.py", "details": {"fromA": 55, "toA": 55, "fromB": 55, "toB": 56, "inserted": ["t"]}}
{"dateTime": "2025-09-02T00:01:42.863Z", "eventType": "input.type", "fullPath": "/main.py", "details": {"fromA": 56, "toA": 56, "fromB": 56, "toB": 58, "inserted": ["()"]}}
{"dateTime": "2025-09-02T00:01:43.894Z", "eventType": "input.type", "fullPath": "/main.py", "details": {"fromA": 57, "toA": 57, "fromB": 57, "toB": 58, "inserted": ["i"]}}
{"dateTime": "2025-09-02T00:01:43.938Z", "eventType": "input.type", "fullPath": "/main.py", "details": {"fromA": 58, "toA": 58, "fromB": 58, "toB": 59, "inserted": ["n"]}}
{"dateTime": "2025-09-02T00:01:44.207Z", "eventType": "input.type", "fullPath": "/main.py", "details": {"fromA": 59, "toA": 59, "fromB": 59, "toB": 60, "inserted": ["o"]}}
{"dateTime": "2025-09-02T00:01:44.273Z", "eventType": "input.type", "fullPath": "/main.py", "details": {"fromA": 60, "toA": 60, "fromB": 60, "toB": 61, "inserted": ["u"]}}
{"dateTime": "2025-09-02T00:01:44.399Z", "eventType": "input.type", "fullPath": "/main.py", "details": {"fromA": 61, "toA": 61, "fromB": 61, "toB": 62, "inserted": ["t"]}}
{"dateTime": "2025-09-02T00:01:45.222Z", "eventType": "delete.backward", "fullPath": "/main.py", "details": {"fromA": 61, "toA": 62, "fromB": 61, "toB": 61, "inserted": [""]}}
{"dateTime": "2025-09-02T00:01:45.366Z", "eventType": "delete.backward", "fullPath": "/main.py", "details": {"fromA": 60, "toA": 61, "fromB": 60, "toB": 60, "inserted": [""]}}
{"dateTime": "2025-09-02T00:01:45.527Z", "eventType": "delete.backward", "fullPath": "/main.py", "details": {"fromA": 59, "toA": 60, "fromB": 59, "toB": 59, "inserted": [""]}}
{"dateTime": "2025-09-02T00:01:46.839Z", "eventType": "input.type", "fullPath": "/main.py", "details": {"fromA": 59, "toA": 59, "fromB": 59, "toB": 60, "inserted": ["p"]}}
{"dateTime": "2025-09-02T00:01:47.009Z", "eventType": "input.type", "fullPath": "/main.py", "details": {"fromA": 60, "toA": 60, "fromB": 60, "toB": 61, "inserted": ["u"]}}
{"dateTime": "2025-09-02T00:01:47.160Z", "eventType": "input.type", "fullPath": "/main.py", "details": {"fromA": 61, "toA": 61, "fromB": 61, "toB": 62, "inserted": ["t"]}}
{"dateTime": "2025-09-02T00:01:48.808Z", "eventType": "input.type", "fullPath": "/main.py", "details": {"fromA": 62, "toA": 62, "fromB": 62, "toB": 64, "inserted": ["()"]}}
{"dateTime": "2025-09-02T00:01:50.501Z", "eventType": "select", "fullPath": "/main.py", "details": {"selection": {"from": 64, "to": 64}}}
{"dateTime": "2025-09-02T00:01:50.654Z", "eventType": "select", "fullPath": "/main.py", "details": {"selection": {"from": 65, "to": 65}}}
{"dateTime": "2025-09-02T00:01:52.359Z", "eventType": "input", "fullPath": "/main.py", "details": {"fromA": 65, "toA": 65, "fromB": 65, "toB": 66, "inserted": ["", ""]}}
{"dateTime": "2025-09-02T00:02:15.095Z", "eventType": "input.type", "fullPath": "/main.py", "details": {"fromA": 66, "toA": 66, "fromB": 66, "toB": 67, "inserted": ["a"]}}
{"dateTime": "2025-09-02T00:02:15.397Z", "eventType": "input.type", "fullPath": "/main.py", "details": {"fromA": 67, "toA": 67, "fromB": 67, "toB": 68, "inserted": ["r"]}}
{"dateTime": "2025-09-02T00:02:15.547Z", "eventType": "input.type", "fullPath": "/main.py", "details": {"fromA": 68, "toA": 68, "fromB": 68, "toB": 69, "inserted": ["e"]}}
{"dateTime": "2025-09-02T00:02:15.719Z", "eventType": "input.type", "fullPath": "/main.py", "details": {"fromA": 69, "toA": 69, "fromB": 69, "toB": 70, "inserted": ["a"]}}
{"dateTime": "2025-09-02T00:02:17.126Z", "eventType": "input.type", "fullPath": "/main.py", "details": {"fromA": 70, "toA": 70, "fromB": 70, "toB": 71, "inserted": ["="]}}
{"dateTime": "2025-09-02T00:02:18.213Z", "eventType": "delete.backward", "fullPath": "/main.py", "details": {"fromA": 70, "toA": 71, "fromB": 70, "toB": 70, "inserted": [""]}}
{"dateTime": "2025-09-02T00:02:18.423Z", "eventType": "input.type", "fullPath": "/main.py", "details": {"fromA": 70, "toA": 70, "fromB": 70, "toB": 71, "inserted": [" "]}}
{"dateTime": "2025-09-02T00:02:18.631Z", "eventType": "input.type", "fullPath": "/main.py", "details": {"fromA": 71, "toA": 71, "fromB": 71, "toB": 72, "inserted": ["="]}}
{"dateTime": "2025-09-02T00:02:18.815Z", "eventType": "input.type", "fullPath": "/main.py", "details": {"fromA": 72, "toA": 72, "fromB": 72, "toB": 73, "inserted": [" "]}}
{"dateTime": "2025-09-02T00:02:22.319Z", "eventType": "input.type", "fullPath": "/main.py", "details": {"fromA": 73, "toA": 73, "fromB": 73, "toB": 75, "inserted": ["()"]}}
{"dateTime": "2025-09-02T00:02:23.855Z", "eventType": "input.type", "fullPath": "/main.py", "details": {"fromA": 74, "toA": 74, "fromB": 74, "toB": 75, "inserted": ["7"]}}
{"dateTime": "2025-09-02T00:02:24.063Z", "eventType": "input.type", "fullPath": "/main.py", "details": {"fromA": 75, "toA": 75, "fromB": 75, "toB": 76, "inserted": ["/"]}}
{"dateTime": "2025-09-02T00:02:26.135Z", "eventType": "input.type", "fullPath": "/main.py", "details": {"fromA": 76, "toA": 76, "fromB": 76, "toB": 77, "inserted": ["2"]}}
{"dateTime": "2025-09-02T00:02:26.874Z", "eventType": "select", "fullPath": "/main.py", "details": {"selection": {"from": 78, "to": 78}}}
{"dateTime": "2025-09-02T00:02:29.031Z", "eventType": "input.type", "fullPath": "/main.py", "details": {"fromA": 78, "toA": 78, "fromB": 78, "toB": 79, "inserted": [" "]}}
{"dateTime": "2025-09-02T00:02:31.007Z", "eventType": "input.type", "fullPath": "/main.py", "details": {"fromA": 79, "toA": 79, "fromB": 79, "toB": 80, "inserted": ["*"]}}
{"dateTime": "2025-09-02T00:02:31.690Z", "eventType": "input.type", "fullPath": "/main.py", "details": {"fromA": 80, "toA": 80, "fromB": 80, "toB": 81, "inserted": [" "]}}
{"dateTime": "2025-09-02T00:02:31.830Z", "eventType": "input.type", "fullPath": "/main.py", "details": {"fromA": 81, "toA": 81, "fromB": 81, "toB": 82, "inserted": ["a"]}}
{"dateTime": "2025-09-02T00:02:32.998Z", "eventType": "delete.backward", "fullPath": "/main.py", "details": {"fromA": 81, "toA": 82, "fromB": 81, "toB": 81, "inserted": [""]}}
{"dateTime": "2025-09-02T00:02:34.631Z", "eventType": "input.type", "fullPath": "/main.py", "details": {"fromA": 81, "toA": 81, "fromB": 81, "toB": 82, "inserted": ["l"]}}
{"dateTime": "2025-09-02T00:02:34.818Z", "eventType": "input.type", "fullPath": "/main.py", "details": {"fromA": 82, "toA": 82, "fromB": 82, "toB": 83, "inserted": ["a"]}}
{"dateTime": "2025-09-02T00:02:35.167Z", "eventType": "input.type", "fullPath": "/main.py", "details": {"fromA": 83, "toA": 83, "fromB": 83, "toB": 84, "inserted": ["d"]}}
{"dateTime": "2025-09-02T00:02:35.267Z", "eventType": "input.type", "fullPath": "/main.py", "details": {"fromA": 84, "toA": 84, "fromB": 84, "toB": 85, "inserted": ["o"]}}
{"dateTime": "2025-09-02T00:02:39.839Z", "eventType": "input.type", "fullPath": "/main.py", "details": {"fromA": 85, "toA": 85, "fromB": 85, "toB": 86, "inserted": [" "]}}
{"dateTime": "2025-09-02T00:02:40.886Z", "eventType": "input.type", "fullPath": "/main.py", "details": {"fromA": 86, "toA": 86, "fromB": 86, "toB": 87, "inserted": ["*"]}}
{"dateTime": "2025-09-02T00:02:41.887Z", "eventType": "input.type", "fullPath": "/main.py", "details": {"fromA": 87, "toA": 87, "fromB": 87, "toB": 88, "inserted": [" "]}}
{"dateTime": "2025-09-02T00:02:42.870Z", "eventType": "input.type", "fullPath": "/main.py", "details": {"fromA": 88, "toA": 88, "fromB": 88, "toB": 89, "inserted": ["a"]}}
{"dateTime": "2025-09-02T00:02:43.032Z", "eventType": "input.type", "fullPath": "/main.py", "details": {"fromA": 89, "toA": 89, "fromB": 89, "toB": 90, "inserted": ["p"]}}
{"dateTime": "2025-09-02T00:02:43.121Z", "eventType": "input.type", "fullPath": "/main.py", "details": {"fromA": 90, "toA": 90, "fromB": 90, "toB": 91, "inserted": ["o"]}}
{"dateTime": "2025-09-02T00:02:43.458Z", "eventType": "input.type", "fullPath": "/main.py", "details": {"fromA": 91, "toA": 91, "fromB": 91, "toB": 92, "inserted": ["t"]}}
{"dateTime": "2025-09-02T00:02:43.623Z", "eventType": "input.type", "fullPath": "/main.py", "details": {"fromA": 92, "toA": 92, "fromB": 92, "toB": 93, "inserted": ["e"]}}
{"dateTime": "2025-09-02T00:02:43.791Z", "eventType": "input.type", "fullPath": "/main.py", "details": {"fromA": 93, "toA": 93, "fromB": 93, "toB": 94, "inserted": ["m"]}}
{"dateTime": "2025-09-02T00:02:44.007Z", "eventType": "input.type", "fullPath": "/main.py", "details": {"fromA": 94, "toA": 94, "fromB": 94, "toB": 95, "inserted": ["a"]}}
{"dateTime": "2025-09-02T00:02:47.641Z", "eventType": "select.pointer", "fullPath": "/main.py", "details": {"selection": {"from": 65, "to": 65}}}
{"dateTime": "2025-09-02T00:02:48.455Z", "eventType": "input", "fullPath": "/main.py", "details": {"fromA": 65, "toA": 65, "fromB": 65, "toB": 66, "inserted": ["", ""]}}
{"dateTime": "2025-09-02T00:02:48.751Z", "eventType": "input.type", "fullPath": "/main.py", "details": {"fromA": 66, "toA": 66, "fromB": 66, "toB": 67, "inserted": ["a"]}}
{"dateTime": "2025-09-02T00:02:49.435Z", "eventType": "input.type", "fullPath": "/main.py", "details": {"fromA": 67, "toA": 67, "fromB": 67, "toB": 68, "inserted": ["p"]}}
{"dateTime": "2025-09-02T00:02:49.529Z", "eventType": "input.type", "fullPath": "/main.py", "details": {"fromA": 68, "toA": 68, "fromB": 68, "toB": 69, "inserted": ["o"]}}
{"dateTime": "2025-09-02T00:02:49.872Z", "eventType": "input.type", "fullPath": "/main.py", "details": {"fromA": 69, "toA": 69, "fromB": 69, "toB": 70, "inserted": ["t"]}}
{"dateTime": "2025-09-02T00:02:49.985Z", "eventType": "input.type", "fullPath": "/main.py", "details": {"fromA": 70, "toA": 70, "fromB": 70, "toB": 71, "inserted": ["e"]}}
{"dateTime": "2025-09-02T00:02:50.119Z", "eventType": "input.type", "fullPath": "/main.py", "details": {"fromA": 71, "toA": 71, "fromB": 71, "toB": 72, "inserted": ["m"]}}
{"dateTime": "2025-09-02T00:02:50.261Z", "eventType": "input.type", "fullPath": "/main.py", "details": {"fromA": 72, "toA": 72, "fromB": 72, "toB": 73, "inserted": ["a"]}}
{"dateTime": "2025-09-02T00:02:51.303Z", "eventType": "input.type", "fullPath": "/main.py", "details": {"fromA": 73, "toA": 73, "fromB": 73, "toB": 74, "inserted": [" "]}}
{"dateTime": "2025-09-02T00:02:51.919Z", "eventType": "input.type", "fullPath": "/main.py", "details": {"fromA": 74, "toA": 74, "fromB": 74, "toB": 75, "inserted": ["="]}}
{"dateTime": "2025-09-02T00:02:52.010Z", "eventType": "input.type", "fullPath": "/main.py", "details": {"fromA": 75, "toA": 75, "fromB": 75, "toB": 76, "inserted": [" "]}}
{"dateTime": "2025-09-02T00:02:53.679Z", "eventType": "input.type", "fullPath": "/main.py", "details": {"fromA": 76, "toA": 76, "fromB": 76, "toB": 77, "inserted": ["l"]}}
{"dateTime": "2025-09-02T00:02:53.767Z", "eventType": "input.type", "fullPath": "/main.py", "details": {"fromA": 77, "toA": 77, "fromB": 77, "toB": 78, "inserted": ["a"]}}
{"dateTime": "2025-09-02T00:02:55.191Z", "eventType": "input.type", "fullPath": "/main.py", "details": {"fromA": 78, "toA": 78, "fromB": 78, "toB": 79, "inserted": ["d"]}}
{"dateTime": "2025-09-02T00:02:55.344Z", "eventType": "input.type", "fullPath": "/main.py", "details": {"fromA": 79, "toA": 79, "fromB": 79, "toB": 80, "inserted": ["o"]}}
{"dateTime": "2025-09-02T00:03:00.327Z", "eventType": "input.type", "fullPath": "/main.py", "details": {"fromA": 80, "toA": 80, "fromB": 80, "toB": 81, "inserted": [" "]}}
{"dateTime": "2025-09-02T00:03:03.845Z", "eventType": "delete.backward", "fullPath": "/main.py", "details": {"fromA": 80, "toA": 81, "fromB": 80, "toB": 80, "inserted": [""]}}
{"dateTime": "2025-09-02T00:03:05.230Z", "eventType": "input.type", "fullPath": "/main.py", "details": {"fromA": 80, "toA": 80, "fromB": 80, "toB": 81, "inserted": [" "]}}
{"dateTime": "2025-09-02T00:03:05.464Z", "eventType": "input.type", "fullPath": "/main.py", "details": {"fromA": 81, "toA": 81, "fromB": 81, "toB": 82, "inserted": ["/"]}}
{"dateTime": "2025-09-02T00:03:05.555Z", "eventType": "input.type", "fullPath": "/main.py", "details": {"fromA": 82, "toA": 82, "fromB": 82, "toB": 83, "inserted": [" "]}}
{"dateTime": "2025-09-02T00:03:06.975Z", "eventType": "input.type", "fullPath": "/main.py", "details": {"fromA": 83, "toA": 83, "fromB": 83, "toB": 85, "inserted": ["()"]}}
{"dateTime": "2025-09-02T00:03:09.095Z", "eventType": "input.type", "fullPath": "/main.py", "details": {"fromA": 84, "toA": 84, "fromB": 84, "toB": 85, "inserted": ["2"]}}
{"dateTime": "2025-09-02T00:03:10.343Z", "eventType": "input.type", "fullPath": "/main.py", "details": {"fromA": 85, "toA": 85, "fromB": 85, "toB": 86, "inserted": ["*"]}}
{"dateTime": "2025-09-02T00:03:11.989Z", "eventType": "delete.backward", "fullPath": "/main.py", "details": {"fromA": 85, "toA": 86, "fromB": 85, "toB": 85, "inserted": [""]}}
{"dateTime": "2025-09-02T00:03:12.342Z", "eventType": "input.type", "fullPath": "/main.py", "details": {"fromA": 85, "toA": 85, "fromB": 85, "toB": 86, "inserted": [" "]}}
{"dateTime": "2025-09-02T00:03:12.735Z", "eventType": "input.type", "fullPath": "/main.py", "details": {"fromA": 86, "toA": 86, "fromB": 86, "toB": 87, "inserted": ["*"]}}
{"dateTime": "2025-09-02T00:03:12.944Z", "eventType": "input.type", "fullPath": "/main.py", "details": {"fromA": 87, "toA": 87, "fromB": 87, "toB": 88, "inserted": [" "]}}
{"dateTime": "2025-09-02T00:03:13.303Z", "eventType": "input.type", "fullPath": "/main.py", "details": {"fromA": 88, "toA": 88, "fromB": 88, "toB": 89, "inserted": ["t"]}}
{"dateTime": "2025-09-02T00:03:13.425Z", "eventType": "input.type", "fullPath": "/main.py", "details": {"fromA": 89, "toA": 89, "fromB": 89, "toB": 90, "inserted": ["a"]}}
{"dateTime": "2025-09-02T00:03:13.698Z", "eventType": "input.type", "fullPath": "/main.py", "details": {"fromA": 90, "toA": 90, "fromB": 90, "toB": 91, "inserted": ["n"]}}
{"dateTime": "2025-09-02T00:03:18.903Z", "eventType": "input.type", "fullPath": "/main.py", "details": {"fromA": 91, "toA": 91, "fromB": 91, "toB": 93, "inserted": ["()"]}}
{"dateTime": "2025-09-02T00:03:21.978Z", "eventType": "input.type", "fullPath": "/main.py", "details": {"fromA": 92, "toA": 92, "fromB": 92, "toB": 93, "inserted": ["o"]}}
{"dateTime": "2025-09-02T00:03:22.104Z", "eventType": "input.type", "fullPath": "/main.py", "details": {"fromA": 93, "toA": 93, "fromB": 93, "toB": 94, "inserted": ["i"]}}
{"dateTime": "2025-09-02T00:03:24.487Z", "eventType": "delete.backward", "fullPath": "/main.py", "details": {"fromA": 93, "toA": 94, "fromB": 93, "toB": 93, "inserted": [""]}}
{"dateTime": "2025-09-02T00:03:24.654Z", "eventType": "delete.backward", "fullPath": "/main.py", "details": {"fromA": 92, "toA": 93, "fromB": 92, "toB": 92, "inserted": [""]}}
{"dateTime": "2025-09-02T00:03:25.079Z", "eventType": "input.type", "fullPath": "/main.py", "details": {"fromA": 92, "toA": 92, "fromB": 92, "toB": 93, "inserted": ["p"]}}
{"dateTime": "2025-09-02T00:03:25.184Z", "eventType": "input.type", "fullPath": "/main.py", "details": {"fromA": 93, "toA": 93, "fromB": 93, "toB": 94, "inserted": ["i"]}}
{"dateTime": "2025-09-02T00:03:25.188Z", "eventType": "input.type", "fullPath": "/main.py", "details": {"fromA": 94, "toA": 94, "fromB": 94, "toB": 95, "inserted": ["u"]}}
{"dateTime": "2025-09-02T00:03:26.295Z", "eventType": "delete.backward", "fullPath": "/main.py", "details": {"fromA": 94, "toA": 95, "fromB": 94, "toB": 94, "inserted": [""]}}
{"dateTime": "2025-09-02T00:03:28.048Z", "eventType": "input.type", "fullPath": "/main.py", "details": {"fromA": 94, "toA": 94, "fromB": 94, "toB": 95, "inserted": ["/"]}}
{"dateTime": "2025-09-02T00:03:29.775Z", "eventType": "input.type", "fullPath": "/main.py", "details": {"fromA": 95, "toA": 95, "fromB": 95, "toB": 96, "inserted": ["7"]}}
{"dateTime": "2025-09-02T00:03:31.384Z", "eventType": "select.pointer", "fullPath": "/main.py", "details": {"selection": {"from": 128, "to": 128}}}
{"dateTime": "2025-09-02T00:03:32.464Z", "eventType": "input", "fullPath": "/main.py", "details": {"fromA": 128, "toA": 128, "fromB": 128, "toB": 129, "inserted": ["", ""]}}
{"dateTime": "2025-09-02T00:03:34.487Z", "eventType": "input.type", "fullPath": "/main.py", "details": {"fromA": 129, "toA": 129, "fromB": 129, "toB": 130, "inserted": ["p"]}}
{"dateTime": "2025-09-02T00:03:34.598Z", "eventType": "input.type", "fullPath": "/main.py", "details": {"fromA": 130, "toA": 130, "fromB": 130, "toB": 131, "inserted": ["r"]}}
{"dateTime": "2025-09-02T00:03:34.794Z", "eventType": "input.type", "fullPath": "/main.py", "details": {"fromA": 131, "toA": 131, "fromB": 131, "toB": 132, "inserted": ["i"]}}
{"dateTime": "2025-09-02T00:03:34.907Z", "eventType": "input.type", "fullPath": "/main.py", "details": {"fromA": 132, "toA": 132, "fromB": 132, "toB": 133, "inserted": ["n"]}}
{"dateTime": "2025-09-02T00:03:35.073Z", "eventType": "input.type", "fullPath": "/main.py", "details": {"fromA": 133, "toA": 133, "fromB": 133, "toB": 134, "inserted": ["t"]}}
{"dateTime": "2025-09-02T00:03:36.119Z", "eventType": "input.type", "fullPath": "/main.py", "details": {"fromA": 134, "toA": 134, "fromB": 134, "toB": 136, "inserted": ["()"]}}
{"dateTime": "2025-09-02T00:03:37.959Z", "eventType": "input.type", "fullPath": "/main.py", "details": {"fromA": 135, "toA": 135, "fromB": 135, "toB": 136, "inserted": ["a"]}}
{"dateTime": "2025-09-02T00:03:38.676Z", "eventType": "delete.backward", "fullPath": "/main.py", "details": {"fromA": 135, "toA": 136, "fromB": 135, "toB": 135, "inserted": [""]}}
{"dateTime": "2025-09-02T00:03:39.463Z", "eventType": "input.type", "fullPath": "/main.py", "details": {"fromA": 135, "toA": 135, "fromB": 135, "toB": 136, "inserted": ["r"]}}
{"dateTime": "2025-09-02T00:03:39.929Z", "eventType": "input.type", "fullPath": "/main.py", "details": {"fromA": 136, "toA": 136, "fromB": 136, "toB": 137, "inserted": ["o"]}}
{"dateTime": "2025-09-02T00:03:40.036Z", "eventType": "input.type", "fullPath": "/main.py", "details": {"fromA": 137, "toA": 137, "fromB": 137, "toB": 138, "inserted": ["u"]}}
{"dateTime": "2025-09-02T00:03:40.257Z", "eventType": "input.type", "fullPath": "/main.py", "details": {"fromA": 138, "toA": 138, "fromB": 138, "toB": 139, "inserted": ["n"]}}
{"dateTime": "2025-09-02T00:03:40.465Z", "eventType": "input.type", "fullPath": "/main.py", "details": {"fromA": 139, "toA": 139, "fromB": 139, "toB": 140, "inserted": ["d"]}}
{"dateTime": "2025-09-02T00:03:53.599Z", "eventType": "input.type", "fullPath": "/main.py", "details": {"fromA": 140, "toA": 140, "fromB": 140, "toB": 142, "inserted": ["()"]}}
{"dateTime": "2025-09-02T00:03:56.674Z", "eventType": "input.type", "fullPath": "/main.py", "details": {"fromA": 141, "toA": 141, "fromB": 141, "toB": 142, "inserted": ["a"]}}
{"dateTime": "2025-09-02T00:03:56.917Z", "eventType": "input.type", "fullPath": "/main.py", "details": {"fromA": 142, "toA": 142, "fromB": 142, "toB": 143, "inserted": ["r"]}}
{"dateTime": "2025-09-02T00:03:57.020Z", "eventType": "input.type", "fullPath": "/main.py", "details": {"fromA": 143, "toA": 143, "fromB": 143, "toB": 144, "inserted": ["e"]}}
{"dateTime": "2025-09-02T00:03:57.225Z", "eventType": "input.type", "fullPath": "/main.py", "details": {"fromA": 144, "toA": 144, "fromB": 144, "toB": 145, "inserted": ["a"]}}
{"dateTime": "2025-09-02T00:03:58.415Z", "eventType": "input.type", "fullPath": "/main.py", "details": {"fromA": 145, "toA": 145, "fromB": 145, "toB": 146, "inserted": [","]}}
{"dateTime": "2025-09-02T00:03:58.591Z", "eventType": "input.type", "fullPath": "/main.py", "details": {"fromA": 146, "toA": 146, "fromB": 146, "toB": 147, "inserted": [" "]}}
{"dateTime": "2025-09-02T00:03:58.903Z", "eventType": "input.type", "fullPath": "/main.py", "details": {"fromA": 147, "toA": 147, "fromB": 147, "toB": 148, "inserted": ["2"]}}
