== SUBMISSION (2025-08-26 21:28:48)
-- CODE: 
from math import *
r=float(input())
a= pi*(r**2)
v=(4/3)*pi*(r**3)
print(round(a,3))
print(round(v, 3))

-- EXECUTION TIME: 
0.01
-- TEST CASE 1:
---- input:
0.1
---- correct output:
0.031
0.004
---- user output:
0.004
-- TEST CASE 2:
---- input:
4.5

---- correct output:
63.617
381.704
---- user output:
381.704
-- TEST CASE 3:
---- input:
12.34
---- correct output:
478.388
7871.076
---- user output:
7871.076
-- TEST CASE 4:
---- input:
11.0
---- correct output:
380.133
5575.28
---- user output:
5575.28
-- TEST CASE 5:
---- input:
67.34
---- correct output:
14246.104
1279110.151
---- user output:
1279110.151
-- TEST CASE 6:
---- input:
2.0
---- correct output:
12.566
33.51
---- user output:
33.51
-- GRADE:
100%
*-*-*-*-*-*-*-*-*-*-*-*-*-*-*-*-*-*-*-*-*-*-*-*
== SUBMISSION (2025-08-26 21:28:08)
-- CODE: 
from math import *
r=float(input("raio:"))
a= pi*(r**2)
v=(4/3)*pi*(r**3)
print("area:",round(a,3))
print("valome:",round(v, 3))

-- EXECUTION TIME: 
0.0133333
-- TEST CASE 1:
---- input:
0.1
---- correct output:
0.031
0.004
---- user output:
valome: 0.004
-- TEST CASE 2:
---- input:
4.5

---- correct output:
63.617
381.704
---- user output:
valome: 381.704
-- TEST CASE 3:
---- input:
12.34
---- correct output:
478.388
7871.076
---- user output:
valome: 7871.076
-- TEST CASE 4:
---- input:
11.0
---- correct output:
380.133
5575.28
---- user output:
valome: 5575.28
-- TEST CASE 5:
---- input:
67.34
---- correct output:
14246.104
1279110.151
---- user output:
valome: 1279110.151
-- TEST CASE 6:
---- input:
2.0
---- correct output:
12.566
33.51
---- user output:
valome: 33.51
-- GRADE:
0%
*-*-*-*-*-*-*-*-*-*-*-*-*-*-*-*-*-*-*-*-*-*-*-*
