{"dateTime": "2025-08-19T18:32:12.014Z", "eventType": "window.blur", "fullPath": "/main.py"}
{"dateTime": "2025-08-19T18:32:32.565Z", "eventType": "window.focus", "fullPath": "/main.py"}
{"dateTime": "2025-08-19T18:33:07.528Z", "eventType": "window.focus", "fullPath": "/main.py"}
{"dateTime": "2025-08-19T18:33:11.357Z", "eventType": "focus", "fullPath": "/main.py"}
{"dateTime": "2025-08-19T18:33:11.358Z", "eventType": "select.pointer", "fullPath": "/main.py", "details": {"selection": {"from": 0, "to": 0}}}
{"dateTime": "2025-08-19T18:33:12.265Z", "eventType": "blur", "fullPath": "/main.py"}
{"dateTime": "2025-08-19T18:33:12.266Z", "eventType": "window.blur", "fullPath": "/main.py"}
{"dateTime": "2025-08-19T18:33:14.932Z", "eventType": "window.focus", "fullPath": "/main.py"}
{"dateTime": "2025-08-19T18:33:14.933Z", "eventType": "focus", "fullPath": "/main.py"}
{"dateTime": "2025-08-19T18:33:17.221Z", "eventType": "input.type", "fullPath": "/main.py", "details": {"fromA": 0, "toA": 0, "fromB": 0, "toB": 1, "inserted": ["t"]}}
{"dateTime": "2025-08-19T18:33:17.534Z", "eventType": "input.type", "fullPath": "/main.py", "details": {"fromA": 1, "toA": 1, "fromB": 1, "toB": 2, "inserted": ["e"]}}
{"dateTime": "2025-08-19T18:33:18.022Z", "eventType": "input.type", "fullPath": "/main.py", "details": {"fromA": 2, "toA": 2, "fromB": 2, "toB": 3, "inserted": ["m"]}}
{"dateTime": "2025-08-19T18:33:20.794Z", "eventType": "blur", "fullPath": "/main.py"}
{"dateTime": "2025-08-19T18:33:20.795Z", "eventType": "window.blur", "fullPath": "/main.py"}
{"dateTime": "2025-08-19T18:33:22.222Z", "eventType": "window.focus", "fullPath": "/main.py"}
{"dateTime": "2025-08-19T18:33:22.223Z", "eventType": "focus", "fullPath": "/main.py"}
{"dateTime": "2025-08-19T18:33:23.604Z", "eventType": "input.type", "fullPath": "/main.py", "details": {"fromA": 3, "toA": 3, "fromB": 3, "toB": 4, "inserted": ["p"]}}
{"dateTime": "2025-08-19T18:33:24.708Z", "eventType": "input.type", "fullPath": "/main.py", "details": {"fromA": 4, "toA": 4, "fromB": 4, "toB": 5, "inserted": ["C"]}}
{"dateTime": "2025-08-19T18:33:26.225Z", "eventType": "blur", "fullPath": "/main.py"}
{"dateTime": "2025-08-19T18:33:26.226Z", "eventType": "window.blur", "fullPath": "/main.py"}
{"dateTime": "2025-08-19T18:34:03.324Z", "eventType": "window.focus", "fullPath": "/main.py"}
{"dateTime": "2025-08-19T18:34:03.325Z", "eventType": "focus", "fullPath": "/main.py"}
{"dateTime": "2025-08-19T18:34:05.529Z", "eventType": "blur", "fullPath": "/main.py"}
{"dateTime": "2025-08-19T18:34:05.532Z", "eventType": "window.blur", "fullPath": "/main.py"}
{"dateTime": "2025-08-19T18:34:06.518Z", "eventType": "focus", "fullPath": "/main.py"}
{"dateTime": "2025-08-19T18:34:07.637Z", "eventType": "input.type", "fullPath": "/main.py", "details": {"fromA": 5, "toA": 5, "fromB": 5, "toB": 6, "inserted": ["="]}}
{"dateTime": "2025-08-19T18:34:14.161Z", "eventType": "blur", "fullPath": "/main.py"}
{"dateTime": "2025-08-19T18:34:14.162Z", "eventType": "window.blur", "fullPath": "/main.py"}
{"dateTime": "2025-08-19T18:34:16.861Z", "eventType": "focus", "fullPath": "/main.py"}
{"dateTime": "2025-08-19T18:34:19.285Z", "eventType": "input.type", "fullPath": "/main.py", "details": {"fromA": 6, "toA": 6, "fromB": 6, "toB": 7, "inserted": ["f"]}}
{"dateTime": "2025-08-19T18:34:19.861Z", "eventType": "input.type", "fullPath": "/main.py", "details": {"fromA": 7, "toA": 7, "fromB": 7, "toB": 8, "inserted": ["l"]}}
{"dateTime": "2025-08-19T18:34:20.152Z", "eventType": "input.type", "fullPath": "/main.py", "details": {"fromA": 8, "toA": 8, "fromB": 8, "toB": 9, "inserted": ["o"]}}
{"dateTime": "2025-08-19T18:34:20.597Z", "eventType": "input.type", "fullPath": "/main.py", "details": {"fromA": 9, "toA": 9, "fromB": 9, "toB": 10, "inserted": ["a"]}}
{"dateTime": "2025-08-19T18:34:20.903Z", "eventType": "input.type", "fullPath": "/main.py", "details": {"fromA": 10, "toA": 10, "fromB": 10, "toB": 11, "inserted": ["t"]}}
{"dateTime": "2025-08-19T18:34:23.679Z", "eventType": "input.complete", "fullPath": "/main.py", "details": {"fromA": 6, "toA": 11, "fromB": 6, "toB": 11, "inserted": ["float"]}}
{"dateTime": "2025-08-19T18:34:24.961Z", "eventType": "blur", "fullPath": "/main.py"}
{"dateTime": "2025-08-19T18:34:24.962Z", "eventType": "window.blur", "fullPath": "/main.py"}
{"dateTime": "2025-08-19T18:34:26.215Z", "eventType": "focus", "fullPath": "/main.py"}
{"dateTime": "2025-08-19T18:34:28.500Z", "eventType": "input.type", "fullPath": "/main.py", "details": {"fromA": 11, "toA": 11, "fromB": 11, "toB": 13, "inserted": ["()"]}}
{"dateTime": "2025-08-19T18:34:31.909Z", "eventType": "input.type", "fullPath": "/main.py", "details": {"fromA": 12, "toA": 12, "fromB": 12, "toB": 13, "inserted": ["i"]}}
{"dateTime": "2025-08-19T18:34:34.007Z", "eventType": "input.type", "fullPath": "/main.py", "details": {"fromA": 13, "toA": 13, "fromB": 13, "toB": 14, "inserted": ["n"]}}
{"dateTime": "2025-08-19T18:34:34.854Z", "eventType": "input.complete", "fullPath": "/main.py", "details": {"fromA": 12, "toA": 14, "fromB": 12, "toB": 17, "inserted": ["input"]}}
{"dateTime": "2025-08-19T18:34:35.785Z", "eventType": "blur", "fullPath": "/main.py"}
{"dateTime": "2025-08-19T18:34:35.786Z", "eventType": "window.blur", "fullPath": "/main.py"}
{"dateTime": "2025-08-19T18:34:37.781Z", "eventType": "focus", "fullPath": "/main.py"}
{"dateTime": "2025-08-19T18:34:40.164Z", "eventType": "input.type", "fullPath": "/main.py", "details": {"fromA": 17, "toA": 17, "fromB": 17, "toB": 19, "inserted": ["()"]}}
{"dateTime": "2025-08-19T18:34:41.777Z", "eventType": "blur", "fullPath": "/main.py"}
{"dateTime": "2025-08-19T18:34:41.779Z", "eventType": "window.blur", "fullPath": "/main.py"}
{"dateTime": "2025-08-19T18:34:43.048Z", "eventType": "window.focus", "fullPath": "/main.py"}
{"dateTime": "2025-08-19T18:34:43.049Z", "eventType": "focus", "fullPath": "/main.py"}
{"dateTime": "2025-08-19T18:34:45.493Z", "eventType": "input.type", "fullPath": "/main.py", "details": {"fromA": 18, "toA": 18, "fromB": 18, "toB": 20, "inserted": ["\"\""]}}
{"dateTime": "2025-08-19T18:34:46.852Z", "eventType": "input.type", "fullPath": "/main.py", "details": {"fromA": 19, "toA": 19, "fromB": 19, "toB": 20, "inserted": ["t"]}}
{"dateTime": "2025-08-19T18:34:47.189Z", "eventType": "input.type", "fullPath": "/main.py", "details": {"fromA": 20, "toA": 20, "fromB": 20, "toB": 21, "inserted": ["e"]}}
{"dateTime": "2025-08-19T18:34:47.908Z", "eventType": "input.type", "fullPath": "/main.py", "details": {"fromA": 21, "toA": 21, "fromB": 21, "toB": 22, "inserted": ["m"]}}
{"dateTime": "2025-08-19T18:34:48.788Z", "eventType": "input.type", "fullPath": "/main.py", "details": {"fromA": 22, "toA": 22, "fromB": 22, "toB": 23, "inserted": ["p"]}}
{"dateTime": "2025-08-19T18:34:49.061Z", "eventType": "input.type", "fullPath": "/main.py", "details": {"fromA": 23, "toA": 23, "fromB": 23, "toB": 24, "inserted": ["e"]}}
{"dateTime": "2025-08-19T18:34:49.620Z", "eventType": "input.type", "fullPath": "/main.py", "details": {"fromA": 24, "toA": 24, "fromB": 24, "toB": 25, "inserted": ["r"]}}
{"dateTime": "2025-08-19T18:34:49.877Z", "eventType": "input.type", "fullPath": "/main.py", "details": {"fromA": 25, "toA": 25, "fromB": 25, "toB": 26, "inserted": ["a"]}}
{"dateTime": "2025-08-19T18:34:50.404Z", "eventType": "input.type", "fullPath": "/main.py", "details": {"fromA": 26, "toA": 26, "fromB": 26, "toB": 27, "inserted": ["t"]}}
{"dateTime": "2025-08-19T18:34:50.629Z", "eventType": "input.type", "fullPath": "/main.py", "details": {"fromA": 27, "toA": 27, "fromB": 27, "toB": 28, "inserted": ["u"]}}
{"dateTime": "2025-08-19T18:34:51.588Z", "eventType": "input.type", "fullPath": "/main.py", "details": {"fromA": 28, "toA": 28, "fromB": 28, "toB": 29, "inserted": ["r"]}}
{"dateTime": "2025-08-19T18:34:51.813Z", "eventType": "input.type", "fullPath": "/main.py", "details": {"fromA": 29, "toA": 29, "fromB": 29, "toB": 30, "inserted": ["a"]}}
{"dateTime": "2025-08-19T18:34:53.457Z", "eventType": "blur", "fullPath": "/main.py"}
{"dateTime": "2025-08-19T18:34:53.459Z", "eventType": "window.blur", "fullPath": "/main.py"}
{"dateTime": "2025-08-19T18:34:55.852Z", "eventType": "focus", "fullPath": "/main.py"}
{"dateTime": "2025-08-19T18:34:57.653Z", "eventType": "input.type", "fullPath": "/main.py", "details": {"fromA": 30, "toA": 30, "fromB": 30, "toB": 31, "inserted": [" "]}}
{"dateTime": "2025-08-19T18:34:57.908Z", "eventType": "input.type", "fullPath": "/main.py", "details": {"fromA": 31, "toA": 31, "fromB": 31, "toB": 32, "inserted": ["e"]}}
{"dateTime": "2025-08-19T18:34:58.196Z", "eventType": "input.type", "fullPath": "/main.py", "details": {"fromA": 32, "toA": 32, "fromB": 32, "toB": 33, "inserted": ["m"]}}
{"dateTime": "2025-08-19T18:34:58.453Z", "eventType": "input.type", "fullPath": "/main.py", "details": {"fromA": 33, "toA": 33, "fromB": 33, "toB": 34, "inserted": [" "]}}
{"dateTime": "2025-08-19T18:34:58.853Z", "eventType": "input.type", "fullPath": "/main.py", "details": {"fromA": 34, "toA": 34, "fromB": 34, "toB": 35, "inserted": ["c"]}}
{"dateTime": "2025-08-19T18:34:59.428Z", "eventType": "input.type", "fullPath": "/main.py", "details": {"fromA": 35, "toA": 35, "fromB": 35, "toB": 36, "inserted": ["e"]}}
{"dateTime": "2025-08-19T18:34:59.749Z", "eventType": "input.type", "fullPath": "/main.py", "details": {"fromA": 36, "toA": 36, "fromB": 36, "toB": 37, "inserted": ["l"]}}
{"dateTime": "2025-08-19T18:35:04.741Z", "eventType": "input.type", "fullPath": "/main.py", "details": {"fromA": 37, "toA": 37, "fromB": 37, "toB": 38, "inserted": ["s"]}}
{"dateTime": "2025-08-19T18:35:05.236Z", "eventType": "input.type", "fullPath": "/main.py", "details": {"fromA": 38, "toA": 38, "fromB": 38, "toB": 39, "inserted": ["i"]}}
{"dateTime": "2025-08-19T18:35:05.492Z", "eventType": "input.type", "fullPath": "/main.py", "details": {"fromA": 39, "toA": 39, "fromB": 39, "toB": 40, "inserted": ["u"]}}
{"dateTime": "2025-08-19T18:35:05.780Z", "eventType": "input.type", "fullPath": "/main.py", "details": {"fromA": 40, "toA": 40, "fromB": 40, "toB": 41, "inserted": ["s"]}}
{"dateTime": "2025-08-19T18:35:07.402Z", "eventType": "blur", "fullPath": "/main.py"}
{"dateTime": "2025-08-19T18:35:07.403Z", "eventType": "window.blur", "fullPath": "/main.py"}
{"dateTime": "2025-08-19T18:35:09.685Z", "eventType": "window.focus", "fullPath": "/main.py"}
{"dateTime": "2025-08-19T18:35:09.686Z", "eventType": "focus", "fullPath": "/main.py"}
{"dateTime": "2025-08-19T18:35:12.260Z", "eventType": "input.type", "fullPath": "/main.py", "details": {"fromA": 41, "toA": 41, "fromB": 41, "toB": 42, "inserted": [":"]}}
{"dateTime": "2025-08-19T18:35:14.241Z", "eventType": "blur", "fullPath": "/main.py"}
{"dateTime": "2025-08-19T18:35:14.243Z", "eventType": "window.blur", "fullPath": "/main.py"}
{"dateTime": "2025-08-19T18:35:16.503Z", "eventType": "window.focus", "fullPath": "/main.py"}
{"dateTime": "2025-08-19T18:35:16.504Z", "eventType": "focus", "fullPath": "/main.py"}
{"dateTime": "2025-08-19T18:35:18.229Z", "eventType": "select.pointer", "fullPath": "/main.py", "details": {"selection": {"from": 45, "to": 45}}}
{"dateTime": "2025-08-19T18:35:19.270Z", "eventType": "input", "fullPath": "/main.py", "details": {"fromA": 45, "toA": 45, "fromB": 45, "toB": 46, "inserted": ["", ""]}}
{"dateTime": "2025-08-19T18:35:21.715Z", "eventType": "blur", "fullPath": "/main.py"}
{"dateTime": "2025-08-19T18:35:21.717Z", "eventType": "window.blur", "fullPath": "/main.py"}
{"dateTime": "2025-08-19T18:35:23.477Z", "eventType": "focus", "fullPath": "/main.py"}
{"dateTime": "2025-08-19T18:35:25.284Z", "eventType": "input.type", "fullPath": "/main.py", "details": {"fromA": 46, "toA": 46, "fromB": 46, "toB": 47, "inserted": ["t"]}}
{"dateTime": "2025-08-19T18:35:25.654Z", "eventType": "input.type", "fullPath": "/main.py", "details": {"fromA": 47, "toA": 47, "fromB": 47, "toB": 48, "inserted": ["e"]}}
{"dateTime": "2025-08-19T18:35:26.085Z", "eventType": "input.type", "fullPath": "/main.py", "details": {"fromA": 48, "toA": 48, "fromB": 48, "toB": 49, "inserted": ["m"]}}
{"dateTime": "2025-08-19T18:35:27.893Z", "eventType": "input.type", "fullPath": "/main.py", "details": {"fromA": 49, "toA": 49, "fromB": 49, "toB": 50, "inserted": ["p"]}}
{"dateTime": "2025-08-19T18:35:28.181Z", "eventType": "input.type", "fullPath": "/main.py", "details": {"fromA": 50, "toA": 50, "fromB": 50, "toB": 51, "inserted": ["k"]}}
{"dateTime": "2025-08-19T18:35:30.234Z", "eventType": "blur", "fullPath": "/main.py"}
{"dateTime": "2025-08-19T18:35:30.235Z", "eventType": "window.blur", "fullPath": "/main.py"}
{"dateTime": "2025-08-19T18:35:31.685Z", "eventType": "focus", "fullPath": "/main.py"}
{"dateTime": "2025-08-19T18:35:32.534Z", "eventType": "input.type", "fullPath": "/main.py", "details": {"fromA": 51, "toA": 51, "fromB": 51, "toB": 52, "inserted": ["="]}}
{"dateTime": "2025-08-19T18:35:33.537Z", "eventType": "blur", "fullPath": "/main.py"}
{"dateTime": "2025-08-19T18:35:33.539Z", "eventType": "window.blur", "fullPath": "/main.py"}
{"dateTime": "2025-08-19T18:35:35.238Z", "eventType": "focus", "fullPath": "/main.py"}
{"dateTime": "2025-08-19T18:35:36.980Z", "eventType": "input.type", "fullPath": "/main.py", "details": {"fromA": 52, "toA": 52, "fromB": 52, "toB": 53, "inserted": ["t"]}}
{"dateTime": "2025-08-19T18:35:37.302Z", "eventType": "input.type", "fullPath": "/main.py", "details": {"fromA": 53, "toA": 53, "fromB": 53, "toB": 54, "inserted": ["e"]}}
{"dateTime": "2025-08-19T18:35:37.672Z", "eventType": "input.type", "fullPath": "/main.py", "details": {"fromA": 54, "toA": 54, "fromB": 54, "toB": 55, "inserted": ["m"]}}
{"dateTime": "2025-08-19T18:35:38.949Z", "eventType": "input.type", "fullPath": "/main.py", "details": {"fromA": 55, "toA": 55, "fromB": 55, "toB": 56, "inserted": ["p"]}}
{"dateTime": "2025-08-19T18:35:40.661Z", "eventType": "input.type", "fullPath": "/main.py", "details": {"fromA": 56, "toA": 56, "fromB": 56, "toB": 57, "inserted": ["C"]}}
{"dateTime": "2025-08-19T18:35:42.498Z", "eventType": "blur", "fullPath": "/main.py"}
{"dateTime": "2025-08-19T18:35:42.499Z", "eventType": "window.blur", "fullPath": "/main.py"}
{"dateTime": "2025-08-19T18:35:43.813Z", "eventType": "focus", "fullPath": "/main.py"}
{"dateTime": "2025-08-19T18:35:46.804Z", "eventType": "input.type", "fullPath": "/main.py", "details": {"fromA": 57, "toA": 57, "fromB": 57, "toB": 58, "inserted": ["+"]}}
{"dateTime": "2025-08-19T18:35:50.341Z", "eventType": "input.type", "fullPath": "/main.py", "details": {"fromA": 58, "toA": 58, "fromB": 58, "toB": 59, "inserted": ["2"]}}
{"dateTime": "2025-08-19T18:35:51.732Z", "eventType": "input.type", "fullPath": "/main.py", "details": {"fromA": 59, "toA": 59, "fromB": 59, "toB": 60, "inserted": ["7"]}}
{"dateTime": "2025-08-19T18:35:52.340Z", "eventType": "input.type", "fullPath": "/main.py", "details": {"fromA": 60, "toA": 60, "fromB": 60, "toB": 61, "inserted": ["3"]}}
{"dateTime": "2025-08-19T18:35:55.717Z", "eventType": "input.type", "fullPath": "/main.py", "details": {"fromA": 61, "toA": 61, "fromB": 61, "toB": 62, "inserted": ["."]}}
{"dateTime": "2025-08-19T18:35:57.491Z", "eventType": "input.type", "fullPath": "/main.py", "details": {"fromA": 62, "toA": 62, "fromB": 62, "toB": 63, "inserted": ["1"]}}
{"dateTime": "2025-08-19T18:35:58.595Z", "eventType": "input.type", "fullPath": "/main.py", "details": {"fromA": 63, "toA": 63, "fromB": 63, "toB": 64, "inserted": ["5"]}}
{"dateTime": "2025-08-19T18:36:00.266Z", "eventType": "blur", "fullPath": "/main.py"}
{"dateTime": "2025-08-19T18:36:00.267Z", "eventType": "window.blur", "fullPath": "/main.py"}
{"dateTime": "2025-08-19T18:36:02.548Z", "eventType": "window.focus", "fullPath": "/main.py"}
{"dateTime": "2025-08-19T18:36:02.549Z", "eventType": "focus", "fullPath": "/main.py"}
{"dateTime": "2025-08-19T18:36:03.796Z", "eventType": "input", "fullPath": "/main.py", "details": {"fromA": 64, "toA": 64, "fromB": 64, "toB": 65, "inserted": ["", ""]}}
{"dateTime": "2025-08-19T18:36:04.900Z", "eventType": "input.type", "fullPath": "/main.py", "details": {"fromA": 65, "toA": 65, "fromB": 65, "toB": 66, "inserted": ["p"]}}
{"dateTime": "2025-08-19T18:36:05.670Z", "eventType": "input.type", "fullPath": "/main.py", "details": {"fromA": 66, "toA": 66, "fromB": 66, "toB": 67, "inserted": ["r"]}}
{"dateTime": "2025-08-19T18:36:06.842Z", "eventType": "input.complete", "fullPath": "/main.py", "details": {"fromA": 65, "toA": 67, "fromB": 65, "toB": 70, "inserted": ["print"]}}
{"dateTime": "2025-08-19T18:36:08.181Z", "eventType": "input.type", "fullPath": "/main.py", "details": {"fromA": 70, "toA": 70, "fromB": 70, "toB": 72, "inserted": ["()"]}}
{"dateTime": "2025-08-19T18:36:10.277Z", "eventType": "input.type", "fullPath": "/main.py", "details": {"fromA": 71, "toA": 71, "fromB": 71, "toB": 72, "inserted": ["r"]}}
{"dateTime": "2025-08-19T18:36:12.238Z", "eventType": "input.complete", "fullPath": "/main.py", "details": {"fromA": 71, "toA": 72, "fromB": 71, "toB": 76, "inserted": ["round"]}}
{"dateTime": "2025-08-19T18:36:14.149Z", "eventType": "input.type", "fullPath": "/main.py", "details": {"fromA": 76, "toA": 76, "fromB": 76, "toB": 78, "inserted": ["()"]}}
{"dateTime": "2025-08-19T18:36:15.635Z", "eventType": "blur", "fullPath": "/main.py"}
{"dateTime": "2025-08-19T18:36:15.637Z", "eventType": "window.blur", "fullPath": "/main.py"}
{"dateTime": "2025-08-19T18:36:18.198Z", "eventType": "window.focus", "fullPath": "/main.py"}
{"dateTime": "2025-08-19T18:36:18.199Z", "eventType": "focus", "fullPath": "/main.py"}
{"dateTime": "2025-08-19T18:36:20.421Z", "eventType": "input.type", "fullPath": "/main.py", "details": {"fromA": 77, "toA": 77, "fromB": 77, "toB": 78, "inserted": ["t"]}}
{"dateTime": "2025-08-19T18:36:20.800Z", "eventType": "input.type", "fullPath": "/main.py", "details": {"fromA": 78, "toA": 78, "fromB": 78, "toB": 79, "inserted": ["e"]}}
{"dateTime": "2025-08-19T18:36:21.413Z", "eventType": "input.type", "fullPath": "/main.py", "details": {"fromA": 79, "toA": 79, "fromB": 79, "toB": 80, "inserted": ["m"]}}
{"dateTime": "2025-08-19T18:36:22.022Z", "eventType": "input.type", "fullPath": "/main.py", "details": {"fromA": 80, "toA": 80, "fromB": 80, "toB": 81, "inserted": ["p"]}}
{"dateTime": "2025-08-19T18:36:23.653Z", "eventType": "input.type", "fullPath": "/main.py", "details": {"fromA": 81, "toA": 81, "fromB": 81, "toB": 82, "inserted": ["k"]}}
{"dateTime": "2025-08-19T18:36:25.269Z", "eventType": "input.type", "fullPath": "/main.py", "details": {"fromA": 82, "toA": 82, "fromB": 82, "toB": 83, "inserted": [","]}}
{"dateTime": "2025-08-19T18:36:28.501Z", "eventType": "input.type", "fullPath": "/main.py", "details": {"fromA": 83, "toA": 83, "fromB": 83, "toB": 84, "inserted": ["2"]}}
{"dateTime": "2025-08-19T18:36:29.650Z", "eventType": "blur", "fullPath": "/main.py"}
{"dateTime": "2025-08-19T18:36:29.651Z", "eventType": "window.blur", "fullPath": "/main.py"}
{"dateTime": "2025-08-19T18:36:31.807Z", "eventType": "window.focus", "fullPath": "/main.py"}
{"dateTime": "2025-08-19T18:36:31.808Z", "eventType": "focus", "fullPath": "/main.py"}
{"dateTime": "2025-08-19T18:36:33.567Z", "eventType": "blur", "fullPath": "/main.py"}
{"dateTime": "2025-08-19T18:36:34.074Z", "eventType": "submission", "details": {"correctness": 1, "commit": "8c2870013df64275c3115084bd50da9f18644dbd", "executionTime": 0.013333333333333334}}
{"dateTime": "2025-08-19T18:36:42.538Z", "eventType": "window.blur", "fullPath": "/main.py"}
{"dateTime": "2025-08-25T22:57:12.918Z", "eventType": "input.complete", "fullPath": "/main.py", "details": {"fromA": 77, "toA": 79, "fromB": 77, "toB": 82, "inserted": ["tempk"]}}
{"dateTime": "2025-08-25T22:57:15.095Z", "eventType": "input.type", "fullPath": "/main.py", "details": {"fromA": 82, "toA": 82, "fromB": 82, "toB": 83, "inserted": [","]}}
{"dateTime": "2025-08-25T22:57:15.998Z", "eventType": "input.type", "fullPath": "/main.py", "details": {"fromA": 83, "toA": 83, "fromB": 83, "toB": 84, "inserted": ["2"]}}
{"dateTime": "2025-08-25T22:57:25.425Z", "eventType": "select.pointer", "fullPath": "/main.py", "details": {"selection": {"from": 86, "to": 86}}}
{"dateTime": "2025-08-25T22:57:26.844Z", "eventType": "blur", "fullPath": "/main.py"}
{"dateTime": "2025-08-25T22:57:27.468Z", "eventType": "submission", "details": {"correctness": 1, "commit": "8c2870013df64275c3115084bd50da9f18644dbd", "executionTime": 0.01}}
{"dateTime": "2025-08-25T22:57:27.470Z", "eventType": "submission", "details": {"correctness": 1, "commit": "8c2870013df64275c3115084bd50da9f18644dbd", "executionTime": 0.01}}
{"dateTime": "2025-08-25T22:57:36.060Z", "eventType": "focus", "fullPath": "/main.py"}
{"dateTime": "2025-08-25T22:57:36.068Z", "eventType": "select.pointer", "fullPath": "/main.py", "details": {"selection": {"from": 0, "to": 0}}}
{"dateTime": "2025-08-25T22:57:36.322Z", "eventType": "select.pointer", "fullPath": "/main.py", "details": {"selection": {"from": 0, "to": 1}}}
{"dateTime": "2025-08-25T22:57:36.350Z", "eventType": "select.pointer", "fullPath": "/main.py", "details": {"selection": {"from": 0, "to": 3}}}
{"dateTime": "2025-08-25T22:57:36.385Z", "eventType": "select.pointer", "fullPath": "/main.py", "details": {"selection": {"from": 0, "to": 5}}}
{"dateTime": "2025-08-25T22:57:36.402Z", "eventType": "select.pointer", "fullPath": "/main.py", "details": {"selection": {"from": 0, "to": 51}}}
{"dateTime": "2025-08-25T22:57:36.417Z", "eventType": "select.pointer", "fullPath": "/main.py", "details": {"selection": {"from": 0, "to": 52}}}
{"dateTime": "2025-08-25T22:57:36.435Z", "eventType": "select.pointer", "fullPath": "/main.py", "details": {"selection": {"from": 0, "to": 53}}}
{"dateTime": "2025-08-25T22:57:36.450Z", "eventType": "select.pointer", "fullPath": "/main.py", "details": {"selection": {"from": 0, "to": 54}}}
{"dateTime": "2025-08-25T22:57:36.467Z", "eventType": "select.pointer", "fullPath": "/main.py", "details": {"selection": {"from": 0, "to": 55}}}
{"dateTime": "2025-08-25T22:57:36.768Z", "eventType": "select.pointer", "fullPath": "/main.py", "details": {"selection": {"from": 0, "to": 56}}}
{"dateTime": "2025-08-25T22:57:36.786Z", "eventType": "select.pointer", "fullPath": "/main.py", "details": {"selection": {"from": 0, "to": 57}}}
{"dateTime": "2025-08-25T22:57:36.800Z", "eventType": "select.pointer", "fullPath": "/main.py", "details": {"selection": {"from": 0, "to": 58}}}
{"dateTime": "2025-08-25T22:57:36.817Z", "eventType": "select.pointer", "fullPath": "/main.py", "details": {"selection": {"from": 0, "to": 59}}}
{"dateTime": "2025-08-25T22:57:36.835Z", "eventType": "select.pointer", "fullPath": "/main.py", "details": {"selection": {"from": 0, "to": 80}}}
{"dateTime": "2025-08-25T22:57:36.850Z", "eventType": "select.pointer", "fullPath": "/main.py", "details": {"selection": {"from": 0, "to": 82}}}
{"dateTime": "2025-08-25T22:57:36.867Z", "eventType": "select.pointer", "fullPath": "/main.py", "details": {"selection": {"from": 0, "to": 83}}}
{"dateTime": "2025-08-25T22:57:36.884Z", "eventType": "select.pointer", "fullPath": "/main.py", "details": {"selection": {"from": 0, "to": 84}}}
{"dateTime": "2025-08-25T22:57:36.917Z", "eventType": "select.pointer", "fullPath": "/main.py", "details": {"selection": {"from": 0, "to": 85}}}
{"dateTime": "2025-08-25T22:57:37.000Z", "eventType": "select.pointer", "fullPath": "/main.py", "details": {"selection": {"from": 0, "to": 86}}}
{"dateTime": "2025-08-25T22:57:38.876Z", "eventType": "delete.selection", "fullPath": "/main.py", "details": {"fromA": 0, "toA": 86, "fromB": 0, "toB": 0, "inserted": [""]}}
{"dateTime": "2025-08-25T22:57:39.800Z", "eventType": "input.type", "fullPath": "/main.py", "details": {"fromA": 0, "toA": 0, "fromB": 0, "toB": 1, "inserted": ["t"]}}
{"dateTime": "2025-08-25T22:57:40.021Z", "eventType": "input.type", "fullPath": "/main.py", "details": {"fromA": 1, "toA": 1, "fromB": 1, "toB": 2, "inserted": ["e"]}}
{"dateTime": "2025-08-25T22:57:40.525Z", "eventType": "input.type", "fullPath": "/main.py", "details": {"fromA": 2, "toA": 2, "fromB": 2, "toB": 3, "inserted": ["n"]}}
{"dateTime": "2025-08-25T22:57:41.523Z", "eventType": "input.type", "fullPath": "/main.py", "details": {"fromA": 3, "toA": 3, "fromB": 3, "toB": 4, "inserted": ["c"]}}
{"dateTime": "2025-08-25T22:57:42.382Z", "eventType": "input.type", "fullPath": "/main.py", "details": {"fromA": 4, "toA": 4, "fromB": 4, "toB": 5, "inserted": ["e"]}}
{"dateTime": "2025-08-25T22:57:43.548Z", "eventType": "delete.backward", "fullPath": "/main.py", "details": {"fromA": 4, "toA": 5, "fromB": 4, "toB": 4, "inserted": [""]}}
{"dateTime": "2025-08-25T22:57:44.487Z", "eventType": "input.type", "fullPath": "/main.py", "details": {"fromA": 4, "toA": 4, "fromB": 4, "toB": 5, "inserted": ["p"]}}
{"dateTime": "2025-08-25T22:57:45.789Z", "eventType": "delete.backward", "fullPath": "/main.py", "details": {"fromA": 4, "toA": 5, "fromB": 4, "toB": 4, "inserted": [""]}}
{"dateTime": "2025-08-25T22:57:46.039Z", "eventType": "delete.backward", "fullPath": "/main.py", "details": {"fromA": 3, "toA": 4, "fromB": 3, "toB": 3, "inserted": [""]}}
{"dateTime": "2025-08-25T22:57:46.842Z", "eventType": "delete.backward", "fullPath": "/main.py", "details": {"fromA": 2, "toA": 3, "fromB": 2, "toB": 2, "inserted": [""]}}
{"dateTime": "2025-08-25T22:57:47.363Z", "eventType": "input.type", "fullPath": "/main.py", "details": {"fromA": 2, "toA": 2, "fromB": 2, "toB": 3, "inserted": ["m"]}}
{"dateTime": "2025-08-25T22:57:49.246Z", "eventType": "input.type", "fullPath": "/main.py", "details": {"fromA": 3, "toA": 3, "fromB": 3, "toB": 4, "inserted": ["p"]}}
{"dateTime": "2025-08-25T22:57:49.787Z", "eventType": "input.type", "fullPath": "/main.py", "details": {"fromA": 4, "toA": 4, "fromB": 4, "toB": 5, "inserted": ["e"]}}
{"dateTime": "2025-08-25T22:57:50.951Z", "eventType": "input.type", "fullPath": "/main.py", "details": {"fromA": 5, "toA": 5, "fromB": 5, "toB": 6, "inserted": ["C"]}}
{"dateTime": "2025-08-25T22:57:52.748Z", "eventType": "input.type", "fullPath": "/main.py", "details": {"fromA": 6, "toA": 6, "fromB": 6, "toB": 8, "inserted": ["()"]}}
{"dateTime": "2025-08-25T22:57:55.991Z", "eventType": "blur", "fullPath": "/main.py"}
{"dateTime": "2025-08-25T22:58:04.070Z", "eventType": "focus", "fullPath": "/main.py"}
{"dateTime": "2025-08-25T22:58:04.078Z", "eventType": "select.pointer", "fullPath": "/main.py", "details": {"selection": {"from": 8, "to": 8}}}
{"dateTime": "2025-08-25T22:58:04.805Z", "eventType": "delete.backward", "fullPath": "/main.py", "details": {"fromA": 7, "toA": 8, "fromB": 7, "toB": 7, "inserted": [""]}}
{"dateTime": "2025-08-25T22:58:05.948Z", "eventType": "delete.backward", "fullPath": "/main.py", "details": {"fromA": 6, "toA": 7, "fromB": 6, "toB": 6, "inserted": [""]}}
{"dateTime": "2025-08-25T22:58:29.604Z", "eventType": "blur", "fullPath": "/main.py"}
{"dateTime": "2025-08-25T22:58:51.970Z", "eventType": "focus", "fullPath": "/main.py"}
{"dateTime": "2025-08-25T22:58:51.977Z", "eventType": "select.pointer", "fullPath": "/main.py", "details": {"selection": {"from": 6, "to": 6}}}
{"dateTime": "2025-08-25T22:58:54.034Z", "eventType": "input.type", "fullPath": "/main.py", "details": {"fromA": 6, "toA": 6, "fromB": 6, "toB": 7, "inserted": ["+"]}}
{"dateTime": "2025-08-25T22:58:55.334Z", "eventType": "delete.backward", "fullPath": "/main.py", "details": {"fromA": 6, "toA": 7, "fromB": 6, "toB": 6, "inserted": [""]}}
{"dateTime": "2025-08-25T22:58:55.606Z", "eventType": "input.type", "fullPath": "/main.py", "details": {"fromA": 6, "toA": 6, "fromB": 6, "toB": 7, "inserted": ["="]}}
{"dateTime": "2025-08-25T22:58:56.363Z", "eventType": "input.type", "fullPath": "/main.py", "details": {"fromA": 7, "toA": 7, "fromB": 7, "toB": 8, "inserted": ["f"]}}
{"dateTime": "2025-08-25T22:58:56.876Z", "eventType": "input.type", "fullPath": "/main.py", "details": {"fromA": 8, "toA": 8, "fromB": 8, "toB": 9, "inserted": ["l"]}}
{"dateTime": "2025-08-25T22:58:58.913Z", "eventType": "input.complete", "fullPath": "/main.py", "details": {"fromA": 7, "toA": 9, "fromB": 7, "toB": 12, "inserted": ["float"]}}
{"dateTime": "2025-08-25T22:59:00.268Z", "eventType": "input.type", "fullPath": "/main.py", "details": {"fromA": 12, "toA": 12, "fromB": 12, "toB": 14, "inserted": ["()"]}}
{"dateTime": "2025-08-25T22:59:01.534Z", "eventType": "input.type", "fullPath": "/main.py", "details": {"fromA": 13, "toA": 13, "fromB": 13, "toB": 14, "inserted": ["i"]}}
{"dateTime": "2025-08-25T22:59:01.846Z", "eventType": "input.type", "fullPath": "/main.py", "details": {"fromA": 14, "toA": 14, "fromB": 14, "toB": 15, "inserted": ["n"]}}
{"dateTime": "2025-08-25T22:59:03.294Z", "eventType": "input.complete", "fullPath": "/main.py", "details": {"fromA": 13, "toA": 15, "fromB": 13, "toB": 18, "inserted": ["input"]}}
{"dateTime": "2025-08-25T22:59:04.869Z", "eventType": "input.type", "fullPath": "/main.py", "details": {"fromA": 18, "toA": 18, "fromB": 18, "toB": 19, "inserted": ["9"]}}
{"dateTime": "2025-08-25T22:59:06.680Z", "eventType": "delete.backward", "fullPath": "/main.py", "details": {"fromA": 18, "toA": 19, "fromB": 18, "toB": 18, "inserted": [""]}}
{"dateTime": "2025-08-25T22:59:07.131Z", "eventType": "input.type", "fullPath": "/main.py", "details": {"fromA": 18, "toA": 18, "fromB": 18, "toB": 20, "inserted": ["()"]}}
{"dateTime": "2025-08-25T22:59:10.697Z", "eventType": "input.type", "fullPath": "/main.py", "details": {"fromA": 19, "toA": 19, "fromB": 19, "toB": 21, "inserted": ["\"\""]}}
{"dateTime": "2025-08-25T22:59:11.396Z", "eventType": "input.type", "fullPath": "/main.py", "details": {"fromA": 20, "toA": 20, "fromB": 20, "toB": 21, "inserted": ["t"]}}
{"dateTime": "2025-08-25T22:59:11.605Z", "eventType": "input.type", "fullPath": "/main.py", "details": {"fromA": 21, "toA": 21, "fromB": 21, "toB": 22, "inserted": ["e"]}}
{"dateTime": "2025-08-25T22:59:12.079Z", "eventType": "input.type", "fullPath": "/main.py", "details": {"fromA": 22, "toA": 22, "fromB": 22, "toB": 23, "inserted": ["m"]}}
{"dateTime": "2025-08-25T22:59:14.538Z", "eventType": "input.type", "fullPath": "/main.py", "details": {"fromA": 23, "toA": 23, "fromB": 23, "toB": 24, "inserted": ["p"]}}
{"dateTime": "2025-08-25T22:59:14.923Z", "eventType": "input.type", "fullPath": "/main.py", "details": {"fromA": 24, "toA": 24, "fromB": 24, "toB": 25, "inserted": ["e"]}}
{"dateTime": "2025-08-25T22:59:15.332Z", "eventType": "input.type", "fullPath": "/main.py", "details": {"fromA": 25, "toA": 25, "fromB": 25, "toB": 26, "inserted": ["r"]}}
{"dateTime": "2025-08-25T22:59:15.516Z", "eventType": "input.type", "fullPath": "/main.py", "details": {"fromA": 26, "toA": 26, "fromB": 26, "toB": 27, "inserted": ["a"]}}
{"dateTime": "2025-08-25T22:59:16.191Z", "eventType": "input.type", "fullPath": "/main.py", "details": {"fromA": 27, "toA": 27, "fromB": 27, "toB": 28, "inserted": ["t"]}}
{"dateTime": "2025-08-25T22:59:16.485Z", "eventType": "input.type", "fullPath": "/main.py", "details": {"fromA": 28, "toA": 28, "fromB": 28, "toB": 29, "inserted": ["u"]}}
{"dateTime": "2025-08-25T22:59:16.889Z", "eventType": "input.type", "fullPath": "/main.py", "details": {"fromA": 29, "toA": 29, "fromB": 29, "toB": 30, "inserted": ["r"]}}
{"dateTime": "2025-08-25T22:59:17.044Z", "eventType": "input.type", "fullPath": "/main.py", "details": {"fromA": 30, "toA": 30, "fromB": 30, "toB": 31, "inserted": ["a"]}}
{"dateTime": "2025-08-25T22:59:18.601Z", "eventType": "input.type", "fullPath": "/main.py", "details": {"fromA": 31, "toA": 31, "fromB": 31, "toB": 32, "inserted": [" "]}}
{"dateTime": "2025-08-25T22:59:18.995Z", "eventType": "input.type", "fullPath": "/main.py", "details": {"fromA": 32, "toA": 32, "fromB": 32, "toB": 33, "inserted": ["e"]}}
{"dateTime": "2025-08-25T22:59:19.280Z", "eventType": "input.type", "fullPath": "/main.py", "details": {"fromA": 33, "toA": 33, "fromB": 33, "toB": 34, "inserted": ["m"]}}
{"dateTime": "2025-08-25T22:59:19.519Z", "eventType": "input.type", "fullPath": "/main.py", "details": {"fromA": 34, "toA": 34, "fromB": 34, "toB": 35, "inserted": [" "]}}
{"dateTime": "2025-08-25T22:59:20.536Z", "eventType": "input.type", "fullPath": "/main.py", "details": {"fromA": 35, "toA": 35, "fromB": 35, "toB": 36, "inserted": ["c"]}}
{"dateTime": "2025-08-25T22:59:20.767Z", "eventType": "input.type", "fullPath": "/main.py", "details": {"fromA": 36, "toA": 36, "fromB": 36, "toB": 37, "inserted": ["e"]}}
{"dateTime": "2025-08-25T22:59:21.013Z", "eventType": "input.type", "fullPath": "/main.py", "details": {"fromA": 37, "toA": 37, "fromB": 37, "toB": 38, "inserted": ["l"]}}
{"dateTime": "2025-08-25T22:59:21.538Z", "eventType": "input.type", "fullPath": "/main.py", "details": {"fromA": 38, "toA": 38, "fromB": 38, "toB": 39, "inserted": ["c"]}}
{"dateTime": "2025-08-25T22:59:21.924Z", "eventType": "input.type", "fullPath": "/main.py", "details": {"fromA": 39, "toA": 39, "fromB": 39, "toB": 40, "inserted": ["i"]}}
{"dateTime": "2025-08-25T22:59:38.138Z", "eventType": "delete.backward", "fullPath": "/main.py", "details": {"fromA": 39, "toA": 40, "fromB": 39, "toB": 39, "inserted": [""]}}
{"dateTime": "2025-08-25T22:59:38.342Z", "eventType": "delete.backward", "fullPath": "/main.py", "details": {"fromA": 38, "toA": 39, "fromB": 38, "toB": 38, "inserted": [""]}}
{"dateTime": "2025-08-25T22:59:39.162Z", "eventType": "input.type", "fullPath": "/main.py", "details": {"fromA": 38, "toA": 38, "fromB": 38, "toB": 39, "inserted": ["s"]}}
{"dateTime": "2025-08-25T22:59:39.401Z", "eventType": "input.type", "fullPath": "/main.py", "details": {"fromA": 39, "toA": 39, "fromB": 39, "toB": 40, "inserted": ["i"]}}
{"dateTime": "2025-08-25T22:59:39.665Z", "eventType": "input.type", "fullPath": "/main.py", "details": {"fromA": 40, "toA": 40, "fromB": 40, "toB": 41, "inserted": ["u"]}}
{"dateTime": "2025-08-25T22:59:39.974Z", "eventType": "input.type", "fullPath": "/main.py", "details": {"fromA": 41, "toA": 41, "fromB": 41, "toB": 42, "inserted": ["s"]}}
{"dateTime": "2025-08-25T22:59:43.389Z", "eventType": "input.type", "fullPath": "/main.py", "details": {"fromA": 42, "toA": 42, "fromB": 42, "toB": 43, "inserted": [":"]}}
{"dateTime": "2025-08-25T22:59:44.442Z", "eventType": "select.pointer", "fullPath": "/main.py", "details": {"selection": {"from": 46, "to": 46}}}
{"dateTime": "2025-08-25T22:59:45.110Z", "eventType": "input", "fullPath": "/main.py", "details": {"fromA": 46, "toA": 46, "fromB": 46, "toB": 47, "inserted": ["", ""]}}
{"dateTime": "2025-08-25T22:59:46.732Z", "eventType": "input.type", "fullPath": "/main.py", "details": {"fromA": 47, "toA": 47, "fromB": 47, "toB": 48, "inserted": ["t"]}}
{"dateTime": "2025-08-25T22:59:46.946Z", "eventType": "input.type", "fullPath": "/main.py", "details": {"fromA": 48, "toA": 48, "fromB": 48, "toB": 49, "inserted": ["e"]}}
{"dateTime": "2025-08-25T22:59:48.081Z", "eventType": "input.type", "fullPath": "/main.py", "details": {"fromA": 49, "toA": 49, "fromB": 49, "toB": 50, "inserted": ["m"]}}
{"dateTime": "2025-08-25T22:59:48.744Z", "eventType": "input.type", "fullPath": "/main.py", "details": {"fromA": 50, "toA": 50, "fromB": 50, "toB": 51, "inserted": ["p"]}}
{"dateTime": "2025-08-25T22:59:49.541Z", "eventType": "input.type", "fullPath": "/main.py", "details": {"fromA": 51, "toA": 51, "fromB": 51, "toB": 52, "inserted": ["k"]}}
{"dateTime": "2025-08-25T22:59:55.941Z", "eventType": "select.pointer", "fullPath": "/main.py", "details": {"selection": {"from": 5, "to": 5}}}
{"dateTime": "2025-08-25T22:59:56.686Z", "eventType": "delete.backward", "fullPath": "/main.py", "details": {"fromA": 4, "toA": 5, "fromB": 4, "toB": 4, "inserted": [""]}}
{"dateTime": "2025-08-25T22:59:57.707Z", "eventType": "select.pointer", "fullPath": "/main.py", "details": {"selection": {"from": 51, "to": 51}}}
{"dateTime": "2025-08-25T22:59:58.619Z", "eventType": "input.type", "fullPath": "/main.py", "details": {"fromA": 51, "toA": 51, "fromB": 51, "toB": 52, "inserted": ["="]}}
{"dateTime": "2025-08-25T23:00:00.167Z", "eventType": "input.type", "fullPath": "/main.py", "details": {"fromA": 52, "toA": 52, "fromB": 52, "toB": 53, "inserted": ["t"]}}
{"dateTime": "2025-08-25T23:00:00.410Z", "eventType": "input.type", "fullPath": "/main.py", "details": {"fromA": 53, "toA": 53, "fromB": 53, "toB": 54, "inserted": ["e"]}}
{"dateTime": "2025-08-25T23:00:00.829Z", "eventType": "input.type", "fullPath": "/main.py", "details": {"fromA": 54, "toA": 54, "fromB": 54, "toB": 55, "inserted": ["m"]}}
{"dateTime": "2025-08-25T23:00:03.307Z", "eventType": "input.complete", "fullPath": "/main.py", "details": {"fromA": 52, "toA": 55, "fromB": 52, "toB": 57, "inserted": ["tempC"]}}
{"dateTime": "2025-08-25T23:00:07.265Z", "eventType": "input.type", "fullPath": "/main.py", "details": {"fromA": 57, "toA": 57, "fromB": 57, "toB": 58, "inserted": ["+"]}}
{"dateTime": "2025-08-25T23:00:10.963Z", "eventType": "input.type", "fullPath": "/main.py", "details": {"fromA": 58, "toA": 58, "fromB": 58, "toB": 59, "inserted": ["2"]}}
{"dateTime": "2025-08-25T23:00:13.697Z", "eventType": "input.type", "fullPath": "/main.py", "details": {"fromA": 59, "toA": 59, "fromB": 59, "toB": 60, "inserted": ["7"]}}
{"dateTime": "2025-08-25T23:00:14.821Z", "eventType": "input.type", "fullPath": "/main.py", "details": {"fromA": 60, "toA": 60, "fromB": 60, "toB": 61, "inserted": ["3"]}}
{"dateTime": "2025-08-25T23:00:15.944Z", "eventType": "input.type", "fullPath": "/main.py", "details": {"fromA": 61, "toA": 61, "fromB": 61, "toB": 62, "inserted": ["."]}}
{"dateTime": "2025-08-25T23:00:16.915Z", "eventType": "input.type", "fullPath": "/main.py", "details": {"fromA": 62, "toA": 62, "fromB": 62, "toB": 63, "inserted": ["1"]}}
{"dateTime": "2025-08-25T23:00:17.534Z", "eventType": "input.type", "fullPath": "/main.py", "details": {"fromA": 63, "toA": 63, "fromB": 63, "toB": 64, "inserted": ["5"]}}
{"dateTime": "2025-08-25T23:00:19.767Z", "eventType": "input", "fullPath": "/main.py", "details": {"fromA": 64, "toA": 64, "fromB": 64, "toB": 65, "inserted": ["", ""]}}
{"dateTime": "2025-08-25T23:00:20.614Z", "eventType": "input.type", "fullPath": "/main.py", "details": {"fromA": 65, "toA": 65, "fromB": 65, "toB": 66, "inserted": ["p"]}}
{"dateTime": "2025-08-25T23:00:21.032Z", "eventType": "input.type", "fullPath": "/main.py", "details": {"fromA": 66, "toA": 66, "fromB": 66, "toB": 67, "inserted": ["r"]}}
{"dateTime": "2025-08-25T23:00:21.281Z", "eventType": "input.type", "fullPath": "/main.py", "details": {"fromA": 67, "toA": 67, "fromB": 67, "toB": 68, "inserted": ["i"]}}
{"dateTime": "2025-08-25T23:00:22.892Z", "eventType": "input.complete", "fullPath": "/main.py", "details": {"fromA": 65, "toA": 68, "fromB": 65, "toB": 70, "inserted": ["print"]}}
{"dateTime": "2025-08-25T23:00:24.058Z", "eventType": "input.type", "fullPath": "/main.py", "details": {"fromA": 70, "toA": 70, "fromB": 70, "toB": 72, "inserted": ["()"]}}
{"dateTime": "2025-08-25T23:00:24.728Z", "eventType": "input.type", "fullPath": "/main.py", "details": {"fromA": 71, "toA": 71, "fromB": 71, "toB": 72, "inserted": ["r"]}}
{"dateTime": "2025-08-25T23:00:25.127Z", "eventType": "input.type", "fullPath": "/main.py", "details": {"fromA": 72, "toA": 72, "fromB": 72, "toB": 73, "inserted": ["o"]}}
{"dateTime": "2025-08-25T23:00:25.370Z", "eventType": "input.type", "fullPath": "/main.py", "details": {"fromA": 73, "toA": 73, "fromB": 73, "toB": 74, "inserted": ["u"]}}
{"dateTime": "2025-08-25T23:00:25.675Z", "eventType": "input.type", "fullPath": "/main.py", "details": {"fromA": 74, "toA": 74, "fromB": 74, "toB": 75, "inserted": ["d"]}}
{"dateTime": "2025-08-25T23:00:27.593Z", "eventType": "input.complete", "fullPath": "/main.py", "details": {"fromA": 71, "toA": 75, "fromB": 71, "toB": 76, "inserted": ["round"]}}
{"dateTime": "2025-08-25T23:00:29.053Z", "eventType": "input.type", "fullPath": "/main.py", "details": {"fromA": 76, "toA": 76, "fromB": 76, "toB": 78, "inserted": ["()"]}}
{"dateTime": "2025-08-25T23:00:30.518Z", "eventType": "input.type", "fullPath": "/main.py", "details": {"fromA": 77, "toA": 77, "fromB": 77, "toB": 78, "inserted": ["t"]}}
{"dateTime": "2025-08-25T23:00:30.763Z", "eventType": "input.type", "fullPath": "/main.py", "details": {"fromA": 78, "toA": 78, "fromB": 78, "toB": 79, "inserted": ["e"]}}
