{"dateTime": "2025-08-20T19:08:08.748Z", "eventType": "focus", "fullPath": "/main.py"}
{"dateTime": "2025-08-20T19:08:08.752Z", "eventType": "select", "fullPath": "/main.py", "details": {"selection": {"from": 181, "to": 181}}}
{"dateTime": "2025-08-20T19:08:10.544Z", "eventType": "input", "fullPath": "/main.py", "details": {"fromA": 181, "toA": 181, "fromB": 181, "toB": 182, "inserted": ["", ""]}}
{"dateTime": "2025-08-20T19:08:11.534Z", "eventType": "input.type", "fullPath": "/main.py", "details": {"fromA": 182, "toA": 182, "fromB": 182, "toB": 183, "inserted": ["m"]}}
{"dateTime": "2025-08-20T19:08:11.685Z", "eventType": "input.type", "fullPath": "/main.py", "details": {"fromA": 209, "toA": 209, "fromB": 209, "toB": 210, "inserted": ["("]}}
{"dateTime": "2025-08-20T19:08:11.858Z", "eventType": "input.type", "fullPath": "/main.py", "details": {"fromA": 183, "toA": 183, "fromB": 183, "toB": 184, "inserted": ["i"]}}
{"dateTime": "2025-08-20T19:08:12.160Z", "eventType": "input.type", "fullPath": "/main.py", "details": {"fromA": 184, "toA": 184, "fromB": 184, "toB": 185, "inserted": ["n"]}}
{"dateTime": "2025-08-20T19:08:12.863Z", "eventType": "input.type", "fullPath": "/main.py", "details": {"fromA": 185, "toA": 185, "fromB": 185, "toB": 186, "inserted": [" "]}}
{"dateTime": "2025-08-20T19:08:13.677Z", "eventType": "delete.backward", "fullPath": "/main.py", "details": {"fromA": 185, "toA": 186, "fromB": 185, "toB": 185, "inserted": [""]}}
{"dateTime": "2025-08-20T19:08:14.990Z", "eventType": "input.type", "fullPath": "/main.py", "details": {"fromA": 185, "toA": 185, "fromB": 185, "toB": 187, "inserted": ["()"]}}
{"dateTime": "2025-08-20T19:08:15.471Z", "eventType": "input.type", "fullPath": "/main.py", "details": {"fromA": 186, "toA": 186, "fromB": 186, "toB": 187, "inserted": [" "]}}
{"dateTime": "2025-08-20T19:08:16.285Z", "eventType": "delete.backward", "fullPath": "/main.py", "details": {"fromA": 186, "toA": 187, "fromB": 186, "toB": 186, "inserted": [""]}}
{"dateTime": "2025-08-20T19:08:16.688Z", "eventType": "select", "fullPath": "/main.py", "details": {"selection": {"from": 211, "to": 211}}}
{"dateTime": "2025-08-20T19:08:16.831Z", "eventType": "select", "fullPath": "/main.py", "details": {"selection": {"from": 212, "to": 212}}}
{"dateTime": "2025-08-20T19:08:16.911Z", "eventType": "input.type", "fullPath": "/main.py", "details": {"fromA": 186, "toA": 186, "fromB": 186, "toB": 187, "inserted": ["5"]}}
{"dateTime": "2025-08-20T19:08:16.976Z", "eventType": "select", "fullPath": "/main.py", "details": {"selection": {"from": 213, "to": 213}}}
{"dateTime": "2025-08-20T19:08:16.990Z", "eventType": "input.type", "fullPath": "/main.py", "details": {"fromA": 187, "toA": 187, "fromB": 187, "toB": 188, "inserted": ["3"]}}
{"dateTime": "2025-08-20T19:08:17.086Z", "eventType": "input.type", "fullPath": "/main.py", "details": {"fromA": 188, "toA": 188, "fromB": 188, "toB": 189, "inserted": ["4"]}}
{"dateTime": "2025-08-20T19:08:17.122Z", "eventType": "select", "fullPath": "/main.py", "details": {"selection": {"from": 214, "to": 214}}}
{"dateTime": "2025-08-20T19:08:17.376Z", "eventType": "select", "fullPath": "/main.py", "details": {"selection": {"from": 215, "to": 215}}}
{"dateTime": "2025-08-20T19:08:17.508Z", "eventType": "select", "fullPath": "/main.py", "details": {"selection": {"from": 216, "to": 216}}}
{"dateTime": "2025-08-20T19:08:17.618Z", "eventType": "select", "fullPath": "/main.py", "details": {"selection": {"from": 217, "to": 217}}}
{"dateTime": "2025-08-20T19:08:18.294Z", "eventType": "input", "fullPath": "/main.py", "details": {"fromA": 217, "toA": 217, "fromB": 217, "toB": 218, "inserted": ["", ""]}}
{"dateTime": "2025-08-20T19:08:18.415Z", "eventType": "input.type", "fullPath": "/main.py", "details": {"fromA": 189, "toA": 189, "fromB": 189, "toB": 190, "inserted": [","]}}
{"dateTime": "2025-08-20T19:08:18.734Z", "eventType": "input.type", "fullPath": "/main.py", "details": {"fromA": 190, "toA": 190, "fromB": 190, "toB": 191, "inserted": ["3"]}}
{"dateTime": "2025-08-20T19:08:18.846Z", "eventType": "input.type", "fullPath": "/main.py", "details": {"fromA": 191, "toA": 191, "fromB": 191, "toB": 192, "inserted": ["5"]}}
{"dateTime": "2025-08-20T19:08:19.054Z", "eventType": "input.type", "fullPath": "/main.py", "details": {"fromA": 192, "toA": 192, "fromB": 192, "toB": 193, "inserted": ["7"]}}
{"dateTime": "2025-08-20T19:08:19.285Z", "eventType": "input.type", "fullPath": "/main.py", "details": {"fromA": 218, "toA": 218, "fromB": 218, "toB": 219, "inserted": ["p"]}}
{"dateTime": "2025-08-20T19:08:19.673Z", "eventType": "input.type", "fullPath": "/main.py", "details": {"fromA": 219, "toA": 219, "fromB": 219, "toB": 220, "inserted": ["t"]}}
{"dateTime": "2025-08-20T19:08:20.238Z", "eventType": "input.type", "fullPath": "/main.py", "details": {"fromA": 193, "toA": 193, "fromB": 193, "toB": 194, "inserted": [","]}}
{"dateTime": "2025-08-20T19:08:20.543Z", "eventType": "input.type", "fullPath": "/main.py", "details": {"fromA": 194, "toA": 194, "fromB": 194, "toB": 195, "inserted": ["3"]}}
{"dateTime": "2025-08-20T19:08:20.718Z", "eventType": "input.type", "fullPath": "/main.py", "details": {"fromA": 195, "toA": 195, "fromB": 195, "toB": 196, "inserted": ["5"]}}
{"dateTime": "2025-08-20T19:08:20.863Z", "eventType": "input.type", "fullPath": "/main.py", "details": {"fromA": 196, "toA": 196, "fromB": 196, "toB": 197, "inserted": ["4"]}}
{"dateTime": "2025-08-20T19:08:20.943Z", "eventType": "input.type", "fullPath": "/main.py", "details": {"fromA": 197, "toA": 197, "fromB": 197, "toB": 198, "inserted": ["7"]}}
{"dateTime": "2025-08-20T19:08:21.455Z", "eventType": "input.type", "fullPath": "/main.py", "details": {"fromA": 198, "toA": 198, "fromB": 198, "toB": 199, "inserted": [","]}}
{"dateTime": "2025-08-20T19:08:21.462Z", "eventType": "delete.backward", "fullPath": "/main.py", "details": {"fromA": 219, "toA": 220, "fromB": 219, "toB": 219, "inserted": [""]}}
{"dateTime": "2025-08-20T19:08:21.727Z", "eventType": "input.type", "fullPath": "/main.py", "details": {"fromA": 199, "toA": 199, "fromB": 199, "toB": 200, "inserted": ["3"]}}
{"dateTime": "2025-08-20T19:08:21.816Z", "eventType": "input.type", "fullPath": "/main.py", "details": {"fromA": 219, "toA": 219, "fromB": 219, "toB": 220, "inserted": ["r"]}}
{"dateTime": "2025-08-20T19:08:21.823Z", "eventType": "input.type", "fullPath": "/main.py", "details": {"fromA": 200, "toA": 200, "fromB": 200, "toB": 201, "inserted": ["7"]}}
{"dateTime": "2025-08-20T19:08:22.078Z", "eventType": "input.type", "fullPath": "/main.py", "details": {"fromA": 201, "toA": 201, "fromB": 201, "toB": 202, "inserted": ["8"]}}
{"dateTime": "2025-08-20T19:08:22.086Z", "eventType": "input.type", "fullPath": "/main.py", "details": {"fromA": 220, "toA": 220, "fromB": 220, "toB": 221, "inserted": ["i"]}}
{"dateTime": "2025-08-20T19:08:22.326Z", "eventType": "input.type", "fullPath": "/main.py", "details": {"fromA": 221, "toA": 221, "fromB": 221, "toB": 222, "inserted": ["n"]}}
{"dateTime": "2025-08-20T19:08:22.559Z", "eventType": "input.type", "fullPath": "/main.py", "details": {"fromA": 202, "toA": 202, "fromB": 202, "toB": 203, "inserted": [","]}}
{"dateTime": "2025-08-20T19:08:22.663Z", "eventType": "input.type", "fullPath": "/main.py", "details": {"fromA": 222, "toA": 222, "fromB": 222, "toB": 223, "inserted": ["t"]}}
{"dateTime": "2025-08-20T19:08:22.831Z", "eventType": "input.type", "fullPath": "/main.py", "details": {"fromA": 203, "toA": 203, "fromB": 203, "toB": 204, "inserted": ["3"]}}
{"dateTime": "2025-08-20T19:08:22.943Z", "eventType": "input.type", "fullPath": "/main.py", "details": {"fromA": 204, "toA": 204, "fromB": 204, "toB": 205, "inserted": ["7"]}}
{"dateTime": "2025-08-20T19:08:23.070Z", "eventType": "input.type", "fullPath": "/main.py", "details": {"fromA": 205, "toA": 205, "fromB": 205, "toB": 206, "inserted": ["3"]}}
{"dateTime": "2025-08-20T19:08:23.182Z", "eventType": "input.type", "fullPath": "/main.py", "details": {"fromA": 206, "toA": 206, "fromB": 206, "toB": 207, "inserted": ["7"]}}
{"dateTime": "2025-08-20T19:08:23.365Z", "eventType": "input.type", "fullPath": "/main.py", "details": {"fromA": 223, "toA": 223, "fromB": 223, "toB": 224, "inserted": [" "]}}
{"dateTime": "2025-08-20T19:08:23.582Z", "eventType": "input.type", "fullPath": "/main.py", "details": {"fromA": 207, "toA": 207, "fromB": 207, "toB": 208, "inserted": [","]}}
{"dateTime": "2025-08-20T19:08:23.903Z", "eventType": "input.type", "fullPath": "/main.py", "details": {"fromA": 208, "toA": 208, "fromB": 208, "toB": 209, "inserted": ["9"]}}
{"dateTime": "2025-08-20T19:08:24.047Z", "eventType": "input.type", "fullPath": "/main.py", "details": {"fromA": 209, "toA": 209, "fromB": 209, "toB": 210, "inserted": ["2"]}}
{"dateTime": "2025-08-20T19:08:24.175Z", "eventType": "input.type", "fullPath": "/main.py", "details": {"fromA": 210, "toA": 210, "fromB": 210, "toB": 211, "inserted": ["0"]}}
{"dateTime": "2025-08-20T19:08:24.227Z", "eventType": "delete.backward", "fullPath": "/main.py", "details": {"fromA": 223, "toA": 224, "fromB": 223, "toB": 223, "inserted": [""]}}
{"dateTime": "2025-08-20T19:08:24.559Z", "eventType": "input.type", "fullPath": "/main.py", "details": {"fromA": 211, "toA": 211, "fromB": 211, "toB": 212, "inserted": [","]}}
{"dateTime": "2025-08-20T19:08:26.438Z", "eventType": "input.type", "fullPath": "/main.py", "details": {"fromA": 223, "toA": 223, "fromB": 223, "toB": 225, "inserted": ["()"]}}
{"dateTime": "2025-08-20T19:08:26.917Z", "eventType": "input.type", "fullPath": "/main.py", "details": {"fromA": 224, "toA": 224, "fromB": 224, "toB": 225, "inserted": ["r"]}}
{"dateTime": "2025-08-20T19:08:27.535Z", "eventType": "input.type", "fullPath": "/main.py", "details": {"fromA": 212, "toA": 212, "fromB": 212, "toB": 213, "inserted": ["2"]}}
{"dateTime": "2025-08-20T19:08:27.608Z", "eventType": "input.type", "fullPath": "/main.py", "details": {"fromA": 225, "toA": 225, "fromB": 225, "toB": 226, "inserted": ["o"]}}
{"dateTime": "2025-08-20T19:08:27.679Z", "eventType": "input.type", "fullPath": "/main.py", "details": {"fromA": 213, "toA": 213, "fromB": 213, "toB": 214, "inserted": ["6"]}}
{"dateTime": "2025-08-20T19:08:27.848Z", "eventType": "input.type", "fullPath": "/main.py", "details": {"fromA": 226, "toA": 226, "fromB": 226, "toB": 227, "inserted": ["u"]}}
{"dateTime": "2025-08-20T19:08:28.277Z", "eventType": "input.complete", "fullPath": "/main.py", "details": {"fromA": 224, "toA": 227, "fromB": 224, "toB": 229, "inserted": ["round"]}}
{"dateTime": "2025-08-20T19:08:29.982Z", "eventType": "input.type", "fullPath": "/main.py", "details": {"fromA": 214, "toA": 215, "fromB": 214, "toB": 215, "inserted": [")"]}}
{"dateTime": "2025-08-20T19:08:31.088Z", "eventType": "input", "fullPath": "/main.py", "details": {"fromA": 215, "toA": 215, "fromB": 215, "toB": 216, "inserted": ["", ""]}}
{"dateTime": "2025-08-20T19:08:32.517Z", "eventType": "input.type", "fullPath": "/main.py", "details": {"fromA": 229, "toA": 229, "fromB": 229, "toB": 231, "inserted": ["()"]}}
{"dateTime": "2025-08-20T19:08:34.489Z", "eventType": "blur", "fullPath": "/main.py"}
{"dateTime": "2025-08-20T19:08:34.549Z", "eventType": "input.type", "fullPath": "/main.py", "details": {"fromA": 230, "toA": 230, "fromB": 230, "toB": 231, "inserted": ["l"]}}
{"dateTime": "2025-08-20T19:08:34.919Z", "eventType": "run", "details": {"commit": "4eaee9652fcf03ed6836b107fbcb990e1072846f"}}
{"dateTime": "2025-08-20T19:08:37.349Z", "eventType": "input.type", "fullPath": "/main.py", "details": {"fromA": 231, "toA": 231, "fromB": 231, "toB": 232, "inserted": [","]}}
{"dateTime": "2025-08-20T19:08:37.861Z", "eventType": "input.type", "fullPath": "/main.py", "details": {"fromA": 232, "toA": 232, "fromB": 232, "toB": 233, "inserted": [" "]}}
{"dateTime": "2025-08-20T19:08:38.069Z", "eventType": "input.type", "fullPath": "/main.py", "details": {"fromA": 233, "toA": 233, "fromB": 233, "toB": 234, "inserted": ["2"]}}
{"dateTime": "2025-08-20T19:08:38.565Z", "eventType": "input.type", "fullPath": "/main.py", "details": {"fromA": 234, "toA": 234, "fromB": 234, "toB": 235, "inserted": [" "]}}
{"dateTime": "2025-08-20T19:08:39.459Z", "eventType": "delete.backward", "fullPath": "/main.py", "details": {"fromA": 234, "toA": 235, "fromB": 234, "toB": 234, "inserted": [""]}}
{"dateTime": "2025-08-20T19:08:41.558Z", "eventType": "input", "fullPath": "/main.py", "details": {"fromA": 234, "toA": 234, "fromB": 234, "toB": 246, "inserted": ["", "           "]}}
{"dateTime": "2025-08-20T19:08:42.293Z", "eventType": "delete.backward", "fullPath": "/main.py", "details": {"fromA": 245, "toA": 246, "fromB": 245, "toB": 245, "inserted": [""]}}
{"dateTime": "2025-08-20T19:08:43.269Z", "eventType": "delete.backward", "fullPath": "/main.py", "details": {"fromA": 243, "toA": 245, "fromB": 243, "toB": 243, "inserted": [""]}}
{"dateTime": "2025-08-20T19:08:43.769Z", "eventType": "delete.backward", "fullPath": "/main.py", "details": {"fromA": 241, "toA": 243, "fromB": 241, "toB": 241, "inserted": [""]}}
{"dateTime": "2025-08-20T19:08:43.817Z", "eventType": "delete.backward", "fullPath": "/main.py", "details": {"fromA": 239, "toA": 241, "fromB": 239, "toB": 239, "inserted": [""]}}
{"dateTime": "2025-08-20T19:08:43.869Z", "eventType": "delete.backward", "fullPath": "/main.py", "details": {"fromA": 237, "toA": 239, "fromB": 237, "toB": 237, "inserted": [""]}}
{"dateTime": "2025-08-20T19:08:43.918Z", "eventType": "delete.backward", "fullPath": "/main.py", "details": {"fromA": 235, "toA": 237, "fromB": 235, "toB": 235, "inserted": [""]}}
{"dateTime": "2025-08-20T19:08:43.972Z", "eventType": "delete.backward", "fullPath": "/main.py", "details": {"fromA": 234, "toA": 235, "fromB": 234, "toB": 234, "inserted": [""]}}
{"dateTime": "2025-08-20T19:08:44.018Z", "eventType": "delete.backward", "fullPath": "/main.py", "details": {"fromA": 233, "toA": 234, "fromB": 233, "toB": 233, "inserted": [""]}}
{"dateTime": "2025-08-20T19:08:44.067Z", "eventType": "delete.backward", "fullPath": "/main.py", "details": {"fromA": 232, "toA": 233, "fromB": 232, "toB": 232, "inserted": [""]}}
{"dateTime": "2025-08-20T19:08:44.120Z", "eventType": "delete.backward", "fullPath": "/main.py", "details": {"fromA": 231, "toA": 232, "fromB": 231, "toB": 231, "inserted": [""]}}
{"dateTime": "2025-08-20T19:08:44.168Z", "eventType": "delete.backward", "fullPath": "/main.py", "details": {"fromA": 230, "toA": 231, "fromB": 230, "toB": 230, "inserted": [""]}}
{"dateTime": "2025-08-20T19:08:44.220Z", "eventType": "delete.backward", "fullPath": "/main.py", "details": {"fromA": 229, "toA": 231, "fromB": 229, "toB": 229, "inserted": [""]}}
{"dateTime": "2025-08-20T19:08:44.867Z", "eventType": "select", "fullPath": "/main.py", "details": {"selection": {"from": 230, "to": 230}}}
{"dateTime": "2025-08-20T19:08:47.573Z", "eventType": "input.type", "fullPath": "/main.py", "details": {"fromA": 230, "toA": 230, "fromB": 230, "toB": 231, "inserted": [")"]}}
{"dateTime": "2025-08-20T19:08:47.981Z", "eventType": "run", "details": {"commit": "4eaee9652fcf03ed6836b107fbcb990e1072846f"}}
{"dateTime": "2025-08-20T19:08:48.522Z", "eventType": "run", "details": {"commit": "4eaee9652fcf03ed6836b107fbcb990e1072846f"}}
{"dateTime": "2025-08-20T19:08:48.547Z", "eventType": "delete.backward", "fullPath": "/main.py", "details": {"fromA": 230, "toA": 231, "fromB": 230, "toB": 230, "inserted": [""]}}
{"dateTime": "2025-08-20T19:08:49.018Z", "eventType": "run", "details": {"commit": "4eaee9652fcf03ed6836b107fbcb990e1072846f"}}
{"dateTime": "2025-08-20T19:08:49.333Z", "eventType": "delete.backward", "fullPath": "/main.py", "details": {"fromA": 229, "toA": 230, "fromB": 229, "toB": 229, "inserted": [""]}}
{"dateTime": "2025-08-20T19:08:51.638Z", "eventType": "focus", "fullPath": "/main.py"}
{"dateTime": "2025-08-20T19:08:51.641Z", "eventType": "select.pointer", "fullPath": "/main.py", "details": {"selection": {"from": 215, "to": 215}}}
{"dateTime": "2025-08-20T19:08:52.261Z", "eventType": "input.type", "fullPath": "/main.py", "details": {"fromA": 229, "toA": 229, "fromB": 229, "toB": 231, "inserted": ["()"]}}
{"dateTime": "2025-08-20T19:08:52.654Z", "eventType": "delete.backward", "fullPath": "/main.py", "details": {"fromA": 214, "toA": 215, "fromB": 214, "toB": 214, "inserted": [""]}}
{"dateTime": "2025-08-20T19:08:53.154Z", "eventType": "delete.backward", "fullPath": "/main.py", "details": {"fromA": 213, "toA": 214, "fromB": 213, "toB": 213, "inserted": [""]}}
{"dateTime": "2025-08-20T19:08:53.188Z", "eventType": "input.type", "fullPath": "/main.py", "details": {"fromA": 230, "toA": 230, "fromB": 230, "toB": 231, "inserted": ["l"]}}
{"dateTime": "2025-08-20T19:08:53.204Z", "eventType": "delete.backward", "fullPath": "/main.py", "details": {"fromA": 212, "toA": 213, "fromB": 212, "toB": 212, "inserted": [""]}}
{"dateTime": "2025-08-20T19:08:53.253Z", "eventType": "delete.backward", "fullPath": "/main.py", "details": {"fromA": 211, "toA": 212, "fromB": 211, "toB": 211, "inserted": [""]}}
{"dateTime": "2025-08-20T19:08:53.303Z", "eventType": "delete.backward", "fullPath": "/main.py", "details": {"fromA": 210, "toA": 211, "fromB": 210, "toB": 210, "inserted": [""]}}
{"dateTime": "2025-08-20T19:08:53.353Z", "eventType": "delete.backward", "fullPath": "/main.py", "details": {"fromA": 209, "toA": 210, "fromB": 209, "toB": 209, "inserted": [""]}}
{"dateTime": "2025-08-20T19:08:53.405Z", "eventType": "delete.backward", "fullPath": "/main.py", "details": {"fromA": 208, "toA": 209, "fromB": 208, "toB": 208, "inserted": [""]}}
{"dateTime": "2025-08-20T19:08:53.453Z", "eventType": "delete.backward", "fullPath": "/main.py", "details": {"fromA": 207, "toA": 208, "fromB": 207, "toB": 207, "inserted": [""]}}
{"dateTime": "2025-08-20T19:08:53.503Z", "eventType": "delete.backward", "fullPath": "/main.py", "details": {"fromA": 206, "toA": 207, "fromB": 206, "toB": 206, "inserted": [""]}}
{"dateTime": "2025-08-20T19:08:53.553Z", "eventType": "delete.backward", "fullPath": "/main.py", "details": {"fromA": 205, "toA": 206, "fromB": 205, "toB": 205, "inserted": [""]}}
{"dateTime": "2025-08-20T19:08:53.603Z", "eventType": "delete.backward", "fullPath": "/main.py", "details": {"fromA": 204, "toA": 205, "fromB": 204, "toB": 204, "inserted": [""]}}
{"dateTime": "2025-08-20T19:08:53.606Z", "eventType": "input.type", "fullPath": "/main.py", "details": {"fromA": 231, "toA": 231, "fromB": 231, "toB": 232, "inserted": [","]}}
{"dateTime": "2025-08-20T19:08:53.655Z", "eventType": "delete.backward", "fullPath": "/main.py", "details": {"fromA": 203, "toA": 204, "fromB": 203, "toB": 203, "inserted": [""]}}
{"dateTime": "2025-08-20T19:08:53.703Z", "eventType": "delete.backward", "fullPath": "/main.py", "details": {"fromA": 202, "toA": 203, "fromB": 202, "toB": 202, "inserted": [""]}}
{"dateTime": "2025-08-20T19:08:53.753Z", "eventType": "delete.backward", "fullPath": "/main.py", "details": {"fromA": 201, "toA": 202, "fromB": 201, "toB": 201, "inserted": [""]}}
{"dateTime": "2025-08-20T19:08:53.803Z", "eventType": "delete.backward", "fullPath": "/main.py", "details": {"fromA": 200, "toA": 201, "fromB": 200, "toB": 200, "inserted": [""]}}
{"dateTime": "2025-08-20T19:08:53.855Z", "eventType": "delete.backward", "fullPath": "/main.py", "details": {"fromA": 199, "toA": 200, "fromB": 199, "toB": 199, "inserted": [""]}}
{"dateTime": "2025-08-20T19:08:53.903Z", "eventType": "delete.backward", "fullPath": "/main.py", "details": {"fromA": 198, "toA": 199, "fromB": 198, "toB": 198, "inserted": [""]}}
{"dateTime": "2025-08-20T19:08:53.953Z", "eventType": "delete.backward", "fullPath": "/main.py", "details": {"fromA": 197, "toA": 198, "fromB": 197, "toB": 197, "inserted": [""]}}
{"dateTime": "2025-08-20T19:08:54.003Z", "eventType": "delete.backward", "fullPath": "/main.py", "details": {"fromA": 196, "toA": 197, "fromB": 196, "toB": 196, "inserted": [""]}}
{"dateTime": "2025-08-20T19:08:54.053Z", "eventType": "delete.backward", "fullPath": "/main.py", "details": {"fromA": 195, "toA": 196, "fromB": 195, "toB": 195, "inserted": [""]}}
{"dateTime": "2025-08-20T19:08:54.105Z", "eventType": "delete.backward", "fullPath": "/main.py", "details": {"fromA": 194, "toA": 195, "fromB": 194, "toB": 194, "inserted": [""]}}
{"dateTime": "2025-08-20T19:08:54.153Z", "eventType": "delete.backward", "fullPath": "/main.py", "details": {"fromA": 193, "toA": 194, "fromB": 193, "toB": 193, "inserted": [""]}}
{"dateTime": "2025-08-20T19:08:54.203Z", "eventType": "delete.backward", "fullPath": "/main.py", "details": {"fromA": 192, "toA": 193, "fromB": 192, "toB": 192, "inserted": [""]}}
{"dateTime": "2025-08-20T19:08:54.253Z", "eventType": "delete.backward", "fullPath": "/main.py", "details": {"fromA": 191, "toA": 192, "fromB": 191, "toB": 191, "inserted": [""]}}
{"dateTime": "2025-08-20T19:08:54.302Z", "eventType": "delete.backward", "fullPath": "/main.py", "details": {"fromA": 190, "toA": 191, "fromB": 190, "toB": 190, "inserted": [""]}}
{"dateTime": "2025-08-20T19:08:54.353Z", "eventType": "delete.backward", "fullPath": "/main.py", "details": {"fromA": 189, "toA": 190, "fromB": 189, "toB": 189, "inserted": [""]}}
{"dateTime": "2025-08-20T19:08:54.403Z", "eventType": "delete.backward", "fullPath": "/main.py", "details": {"fromA": 188, "toA": 189, "fromB": 188, "toB": 188, "inserted": [""]}}
{"dateTime": "2025-08-20T19:08:54.453Z", "eventType": "delete.backward", "fullPath": "/main.py", "details": {"fromA": 187, "toA": 188, "fromB": 187, "toB": 187, "inserted": [""]}}
{"dateTime": "2025-08-20T19:08:54.505Z", "eventType": "delete.backward", "fullPath": "/main.py", "details": {"fromA": 186, "toA": 187, "fromB": 186, "toB": 186, "inserted": [""]}}
{"dateTime": "2025-08-20T19:08:54.553Z", "eventType": "delete.backward", "fullPath": "/main.py", "details": {"fromA": 185, "toA": 186, "fromB": 185, "toB": 185, "inserted": [""]}}
{"dateTime": "2025-08-20T19:08:54.603Z", "eventType": "delete.backward", "fullPath": "/main.py", "details": {"fromA": 184, "toA": 185, "fromB": 184, "toB": 184, "inserted": [""]}}
{"dateTime": "2025-08-20T19:08:54.757Z", "eventType": "input.type", "fullPath": "/main.py", "details": {"fromA": 232, "toA": 232, "fromB": 232, "toB": 233, "inserted": ["2"]}}
{"dateTime": "2025-08-20T19:08:54.828Z", "eventType": "delete.backward", "fullPath": "/main.py", "details": {"fromA": 183, "toA": 184, "fromB": 183, "toB": 183, "inserted": [""]}}
{"dateTime": "2025-08-20T19:08:55.069Z", "eventType": "delete.backward", "fullPath": "/main.py", "details": {"fromA": 182, "toA": 183, "fromB": 182, "toB": 182, "inserted": [""]}}
{"dateTime": "2025-08-20T19:08:55.423Z", "eventType": "delete.backward", "fullPath": "/main.py", "details": {"fromA": 181, "toA": 182, "fromB": 181, "toB": 181, "inserted": [""]}}
{"dateTime": "2025-08-20T19:08:55.860Z", "eventType": "input.type", "fullPath": "/main.py", "details": {"fromA": 233, "toA": 234, "fromB": 233, "toB": 234, "inserted": [")"]}}
{"dateTime": "2025-08-20T19:08:57.269Z", "eventType": "input.type", "fullPath": "/main.py", "details": {"fromA": 234, "toA": 234, "fromB": 234, "toB": 235, "inserted": [")"]}}
{"dateTime": "2025-08-20T19:08:58.148Z", "eventType": "blur", "fullPath": "/main.py"}
{"dateTime": "2025-08-20T19:09:01.677Z", "eventType": "blur", "fullPath": "/main.py"}
{"dateTime": "2025-08-20T19:09:02.235Z", "eventType": "submission", "details": {"correctness": 1, "commit": "f99aa46e7e2e6eda283dcbca8ea76501ca9c7a5c", "executionTime": 0.01}}
{"dateTime": "2025-08-20T19:09:22.850Z", "eventType": "focus", "fullPath": "/main.py"}
{"dateTime": "2025-08-20T19:09:22.853Z", "eventType": "select.pointer", "fullPath": "/main.py", "details": {"selection": {"from": 182, "to": 182}}}
{"dateTime": "2025-08-20T19:09:55.016Z", "eventType": "input.type", "fullPath": "/main.py", "details": {"fromA": 182, "toA": 182, "fromB": 182, "toB": 183, "inserted": ["d"]}}
{"dateTime": "2025-08-20T19:09:55.493Z", "eventType": "input.type", "fullPath": "/main.py", "details": {"fromA": 183, "toA": 183, "fromB": 183, "toB": 184, "inserted": ["i"]}}
{"dateTime": "2025-08-20T19:09:55.706Z", "eventType": "input.type", "fullPath": "/main.py", "details": {"fromA": 184, "toA": 184, "fromB": 184, "toB": 185, "inserted": ["n"]}}
{"dateTime": "2025-08-20T19:09:57.783Z", "eventType": "input.type", "fullPath": "/main.py", "details": {"fromA": 185, "toA": 185, "fromB": 185, "toB": 186, "inserted": ["h"]}}
{"dateTime": "2025-08-20T19:09:58.183Z", "eventType": "input.type", "fullPath": "/main.py", "details": {"fromA": 186, "toA": 186, "fromB": 186, "toB": 187, "inserted": ["e"]}}
{"dateTime": "2025-08-20T19:09:58.870Z", "eventType": "delete.backward", "fullPath": "/main.py", "details": {"fromA": 186, "toA": 187, "fromB": 186, "toB": 186, "inserted": [""]}}
{"dateTime": "2025-08-20T19:09:59.046Z", "eventType": "delete.backward", "fullPath": "/main.py", "details": {"fromA": 185, "toA": 186, "fromB": 185, "toB": 185, "inserted": [""]}}
{"dateTime": "2025-08-20T19:09:59.222Z", "eventType": "delete.backward", "fullPath": "/main.py", "details": {"fromA": 184, "toA": 185, "fromB": 184, "toB": 184, "inserted": [""]}}
{"dateTime": "2025-08-20T19:09:59.430Z", "eventType": "delete.backward", "fullPath": "/main.py", "details": {"fromA": 183, "toA": 184, "fromB": 183, "toB": 183, "inserted": [""]}}
{"dateTime": "2025-08-20T19:10:00.583Z", "eventType": "input.type", "fullPath": "/main.py", "details": {"fromA": 183, "toA": 183, "fromB": 183, "toB": 184, "inserted": [" "]}}
{"dateTime": "2025-08-20T19:10:01.207Z", "eventType": "input.type", "fullPath": "/main.py", "details": {"fromA": 184, "toA": 184, "fromB": 184, "toB": 185, "inserted": ["-"]}}
{"dateTime": "2025-08-20T19:10:01.749Z", "eventType": "delete.backward", "fullPath": "/main.py", "details": {"fromA": 184, "toA": 185, "fromB": 184, "toB": 184, "inserted": [""]}}
{"dateTime": "2025-08-20T19:10:02.119Z", "eventType": "input.type", "fullPath": "/main.py", "details": {"fromA": 184, "toA": 184, "fromB": 184, "toB": 185, "inserted": ["="]}}
{"dateTime": "2025-08-20T19:10:02.471Z", "eventType": "input.type", "fullPath": "/main.py", "details": {"fromA": 185, "toA": 185, "fromB": 185, "toB": 186, "inserted": [" "]}}
{"dateTime": "2025-08-20T19:10:03.159Z", "eventType": "input.type", "fullPath": "/main.py", "details": {"fromA": 186, "toA": 186, "fromB": 186, "toB": 187, "inserted": ["i"]}}
{"dateTime": "2025-08-20T19:10:03.515Z", "eventType": "input.type", "fullPath": "/main.py", "details": {"fromA": 187, "toA": 187, "fromB": 187, "toB": 188, "inserted": ["m"]}}
{"dateTime": "2025-08-20T19:10:04.040Z", "eventType": "input.type", "fullPath": "/main.py", "details": {"fromA": 188, "toA": 188, "fromB": 188, "toB": 189, "inserted": ["p"]}}
{"dateTime": "2025-08-20T19:10:05.448Z", "eventType": "delete.backward", "fullPath": "/main.py", "details": {"fromA": 188, "toA": 189, "fromB": 188, "toB": 188, "inserted": [""]}}
{"dateTime": "2025-08-20T19:10:05.645Z", "eventType": "delete.backward", "fullPath": "/main.py", "details": {"fromA": 187, "toA": 188, "fromB": 187, "toB": 187, "inserted": [""]}}
{"dateTime": "2025-08-20T19:10:05.974Z", "eventType": "delete.backward", "fullPath": "/main.py", "details": {"fromA": 186, "toA": 187, "fromB": 186, "toB": 186, "inserted": [""]}}
{"dateTime": "2025-08-20T19:10:06.358Z", "eventType": "delete.backward", "fullPath": "/main.py", "details": {"fromA": 185, "toA": 186, "fromB": 185, "toB": 185, "inserted": [""]}}
{"dateTime": "2025-08-20T19:10:06.549Z", "eventType": "delete.backward", "fullPath": "/main.py", "details": {"fromA": 184, "toA": 185, "fromB": 184, "toB": 184, "inserted": [""]}}
{"dateTime": "2025-08-20T19:10:06.707Z", "eventType": "delete.backward", "fullPath": "/main.py", "details": {"fromA": 183, "toA": 184, "fromB": 183, "toB": 183, "inserted": [""]}}
{"dateTime": "2025-08-20T19:10:07.045Z", "eventType": "delete.backward", "fullPath": "/main.py", "details": {"fromA": 182, "toA": 183, "fromB": 182, "toB": 182, "inserted": [""]}}
{"dateTime": "2025-08-20T19:10:08.151Z", "eventType": "input.type", "fullPath": "/main.py", "details": {"fromA": 182, "toA": 182, "fromB": 182, "toB": 183, "inserted": ["t"]}}
{"dateTime": "2025-08-20T19:10:08.455Z", "eventType": "input.type", "fullPath": "/main.py", "details": {"fromA": 183, "toA": 183, "fromB": 183, "toB": 184, "inserted": ["v"]}}
{"dateTime": "2025-08-20T19:10:10.087Z", "eventType": "input.type", "fullPath": "/main.py", "details": {"fromA": 184, "toA": 184, "fromB": 184, "toB": 185, "inserted": [" "]}}
{"dateTime": "2025-08-20T19:10:10.439Z", "eventType": "input.type", "fullPath": "/main.py", "details": {"fromA": 185, "toA": 185, "fromB": 185, "toB": 186, "inserted": ["="]}}
{"dateTime": "2025-08-20T19:10:10.919Z", "eventType": "input.type", "fullPath": "/main.py", "details": {"fromA": 186, "toA": 186, "fromB": 186, "toB": 187, "inserted": [" "]}}
{"dateTime": "2025-08-20T19:10:11.943Z", "eventType": "input.type", "fullPath": "/main.py", "details": {"fromA": 187, "toA": 187, "fromB": 187, "toB": 188, "inserted": ["i"]}}
{"dateTime": "2025-08-20T19:10:12.208Z", "eventType": "input.type", "fullPath": "/main.py", "details": {"fromA": 188, "toA": 188, "fromB": 188, "toB": 189, "inserted": ["n"]}}
{"dateTime": "2025-08-20T19:10:12.648Z", "eventType": "input.type", "fullPath": "/main.py", "details": {"fromA": 189, "toA": 189, "fromB": 189, "toB": 190, "inserted": ["p"]}}
{"dateTime": "2025-08-20T19:10:13.352Z", "eventType": "input.type", "fullPath": "/main.py", "details": {"fromA": 190, "toA": 190, "fromB": 190, "toB": 191, "inserted": ["u"]}}
{"dateTime": "2025-08-20T19:10:14.552Z", "eventType": "input.complete", "fullPath": "/main.py", "details": {"fromA": 187, "toA": 191, "fromB": 187, "toB": 192, "inserted": ["input"]}}
{"dateTime": "2025-08-20T19:10:16.981Z", "eventType": "select", "fullPath": "/main.py", "details": {"selection": {"from": 191, "to": 191}}}
{"dateTime": "2025-08-20T19:10:17.140Z", "eventType": "select", "fullPath": "/main.py", "details": {"selection": {"from": 190, "to": 190}}}
{"dateTime": "2025-08-20T19:10:17.284Z", "eventType": "select", "fullPath": "/main.py", "details": {"selection": {"from": 189, "to": 189}}}
{"dateTime": "2025-08-20T19:10:17.460Z", "eventType": "select", "fullPath": "/main.py", "details": {"selection": {"from": 188, "to": 188}}}
{"dateTime": "2025-08-20T19:10:17.668Z", "eventType": "select", "fullPath": "/main.py", "details": {"selection": {"from": 187, "to": 187}}}
{"dateTime": "2025-08-20T19:10:18.823Z", "eventType": "input.type", "fullPath": "/main.py", "details": {"fromA": 187, "toA": 187, "fromB": 187, "toB": 188, "inserted": ["f"]}}
{"dateTime": "2025-08-20T19:10:19.400Z", "eventType": "input.type", "fullPath": "/main.py", "details": {"fromA": 188, "toA": 188, "fromB": 188, "toB": 189, "inserted": ["l"]}}
{"dateTime": "2025-08-20T19:10:19.674Z", "eventType": "input.type", "fullPath": "/main.py", "details": {"fromA": 189, "toA": 189, "fromB": 189, "toB": 190, "inserted": ["o"]}}
{"dateTime": "2025-08-20T19:10:19.897Z", "eventType": "input.type", "fullPath": "/main.py", "details": {"fromA": 190, "toA": 190, "fromB": 190, "toB": 191, "inserted": ["a"]}}
{"dateTime": "2025-08-20T19:10:20.116Z", "eventType": "input.type", "fullPath": "/main.py", "details": {"fromA": 191, "toA": 191, "fromB": 191, "toB": 192, "inserted": ["t"]}}
{"dateTime": "2025-08-20T19:10:21.320Z", "eventType": "input.type", "fullPath": "/main.py", "details": {"fromA": 192, "toA": 192, "fromB": 192, "toB": 193, "inserted": ["("]}}
{"dateTime": "2025-08-20T19:10:23.158Z", "eventType": "select", "fullPath": "/main.py", "details": {"selection": {"from": 194, "to": 194}}}
{"dateTime": "2025-08-20T19:10:23.332Z", "eventType": "select", "fullPath": "/main.py", "details": {"selection": {"from": 195, "to": 195}}}
{"dateTime": "2025-08-20T19:10:23.700Z", "eventType": "select", "fullPath": "/main.py", "details": {"selection": {"from": 196, "to": 196}}}
{"dateTime": "2025-08-20T19:10:24.052Z", "eventType": "select", "fullPath": "/main.py", "details": {"selection": {"from": 197, "to": 197}}}
{"dateTime": "2025-08-20T19:10:24.517Z", "eventType": "select", "fullPath": "/main.py", "details": {"selection": {"from": 198, "to": 198}}}
{"dateTime": "2025-08-20T19:10:25.112Z", "eventType": "input.type", "fullPath": "/main.py", "details": {"fromA": 198, "toA": 198, "fromB": 198, "toB": 199, "inserted": [")"]}}
{"dateTime": "2025-08-20T19:10:27.863Z", "eventType": "select", "fullPath": "/main.py", "details": {"selection": {"from": 198, "to": 199}}}
{"dateTime": "2025-08-20T19:10:29.974Z", "eventType": "select", "fullPath": "/main.py", "details": {"selection": {"from": 199, "to": 199}}}
{"dateTime": "2025-08-20T19:10:31.288Z", "eventType": "input.type", "fullPath": "/main.py", "details": {"fromA": 199, "toA": 199, "fromB": 199, "toB": 201, "inserted": ["()"]}}
{"dateTime": "2025-08-20T19:10:31.478Z", "eventType": "input.type", "fullPath": "/main.py", "details": {"fromA": 200, "toA": 201, "fromB": 200, "toB": 201, "inserted": [")"]}}
{"dateTime": "2025-08-20T19:10:34.565Z", "eventType": "delete.backward", "fullPath": "/main.py", "details": {"fromA": 200, "toA": 201, "fromB": 200, "toB": 200, "inserted": [""]}}
{"dateTime": "2025-08-20T19:10:34.759Z", "eventType": "delete.backward", "fullPath": "/main.py", "details": {"fromA": 199, "toA": 200, "fromB": 199, "toB": 199, "inserted": [""]}}
{"dateTime": "2025-08-20T19:10:34.917Z", "eventType": "delete.backward", "fullPath": "/main.py", "details": {"fromA": 198, "toA": 199, "fromB": 198, "toB": 198, "inserted": [""]}}
{"dateTime": "2025-08-20T19:10:36.183Z", "eventType": "input.type", "fullPath": "/main.py", "details": {"fromA": 198, "toA": 198, "fromB": 198, "toB": 200, "inserted": ["()"]}}
{"dateTime": "2025-08-20T19:10:39.366Z", "eventType": "input.type", "fullPath": "/main.py", "details": {"fromA": 199, "toA": 200, "fromB": 199, "toB": 200, "inserted": [")"]}}
{"dateTime": "2025-08-20T19:10:40.264Z", "eventType": "input.type", "fullPath": "/main.py", "details": {"fromA": 200, "toA": 200, "fromB": 200, "toB": 201, "inserted": [")"]}}
{"dateTime": "2025-08-20T19:10:45.815Z", "eventType": "input", "fullPath": "/main.py", "details": {"fromA": 201, "toA": 201, "fromB": 201, "toB": 202, "inserted": ["", ""]}}
{"dateTime": "2025-08-20T19:10:53.175Z", "eventType": "input.type", "fullPath": "/main.py", "details": {"fromA": 202, "toA": 202, "fromB": 202, "toB": 203, "inserted": ["l"]}}
{"dateTime": "2025-08-20T19:10:53.623Z", "eventType": "input.type", "fullPath": "/main.py", "details": {"fromA": 203, "toA": 203, "fromB": 203, "toB": 204, "inserted": [" "]}}
{"dateTime": "2025-08-20T19:10:54.871Z", "eventType": "input.type", "fullPath": "/main.py", "details": {"fromA": 204, "toA": 204, "fromB": 204, "toB": 205, "inserted": ["="]}}
{"dateTime": "2025-08-20T19:10:55.703Z", "eventType": "input.type", "fullPath": "/main.py", "details": {"fromA": 205, "toA": 205, "fromB": 205, "toB": 206, "inserted": [" "]}}
{"dateTime": "2025-08-20T19:11:01.943Z", "eventType": "input.type", "fullPath": "/main.py", "details": {"fromA": 206, "toA": 206, "fromB": 206, "toB": 207, "inserted": ["6"]}}
{"dateTime": "2025-08-20T19:11:03.909Z", "eventType": "delete.backward", "fullPath": "/main.py", "details": {"fromA": 206, "toA": 207, "fromB": 206, "toB": 206, "inserted": [""]}}
{"dateTime": "2025-08-20T19:11:04.295Z", "eventType": "input.type", "fullPath": "/main.py", "details": {"fromA": 206, "toA": 206, "fromB": 206, "toB": 207, "inserted": ["t"]}}
{"dateTime": "2025-08-20T19:11:04.521Z", "eventType": "input.type", "fullPath": "/main.py", "details": {"fromA": 207, "toA": 207, "fromB": 207, "toB": 208, "inserted": ["v"]}}
{"dateTime": "2025-08-20T19:11:07.559Z", "eventType": "input.type", "fullPath": "/main.py", "details": {"fromA": 208, "toA": 208, "fromB": 208, "toB": 209, "inserted": ["*"]}}
{"dateTime": "2025-08-20T19:11:09.559Z", "eventType": "input.type", "fullPath": "/main.py", "details": {"fromA": 209, "toA": 209, "fromB": 209, "toB": 210, "inserted": ["3"]}}
{"dateTime": "2025-08-20T19:11:11.335Z", "eventType": "input.type", "fullPath": "/main.py", "details": {"fromA": 210, "toA": 210, "fromB": 210, "toB": 211, "inserted": ["0"]}}
{"dateTime": "2025-08-20T19:11:11.815Z", "eventType": "input.type", "fullPath": "/main.py", "details": {"fromA": 211, "toA": 211, "fromB": 211, "toB": 212, "inserted": ["/"]}}
{"dateTime": "2025-08-20T19:11:12.407Z", "eventType": "input.type", "fullPath": "/main.py", "details": {"fromA": 212, "toA": 212, "fromB": 212, "toB": 213, "inserted": ["1"]}}
{"dateTime": "2025-08-20T19:11:12.711Z", "eventType": "input.type", "fullPath": "/main.py", "details": {"fromA": 213, "toA": 213, "fromB": 213, "toB": 214, "inserted": ["0"]}}
{"dateTime": "2025-08-20T19:11:12.871Z", "eventType": "input.type", "fullPath": "/main.py", "details": {"fromA": 214, "toA": 214, "fromB": 214, "toB": 215, "inserted": ["0"]}}
{"dateTime": "2025-08-20T19:11:16.354Z", "eventType": "input.type", "fullPath": "/main.py", "details": {"fromA": 215, "toA": 215, "fromB": 215, "toB": 216, "inserted": [")"]}}
{"dateTime": "2025-08-20T19:11:17.396Z", "eventType": "select", "fullPath": "/main.py", "details": {"selection": {"from": 215, "to": 215}}}
{"dateTime": "2025-08-20T19:11:17.574Z", "eventType": "select", "fullPath": "/main.py", "details": {"selection": {"from": 214, "to": 214}}}
{"dateTime": "2025-08-20T19:11:17.716Z", "eventType": "select", "fullPath": "/main.py", "details": {"selection": {"from": 213, "to": 213}}}
{"dateTime": "2025-08-20T19:11:17.876Z", "eventType": "select", "fullPath": "/main.py", "details": {"selection": {"from": 212, "to": 212}}}
{"dateTime": "2025-08-20T19:11:18.292Z", "eventType": "select", "fullPath": "/main.py", "details": {"selection": {"from": 211, "to": 211}}}
{"dateTime": "2025-08-20T19:11:18.628Z", "eventType": "select", "fullPath": "/main.py", "details": {"selection": {"from": 210, "to": 210}}}
{"dateTime": "2025-08-20T19:11:19.012Z", "eventType": "select", "fullPath": "/main.py", "details": {"selection": {"from": 209, "to": 209}}}
