{"dateTime": "2025-08-11T18:09:49.789Z", "eventType": "focus", "fullPath": "/main.py"}
{"dateTime": "2025-08-11T18:09:49.804Z", "eventType": "select.pointer", "fullPath": "/main.py", "details": {"selection": {"from": 8, "to": 8}}}
{"dateTime": "2025-08-11T18:09:51.635Z", "eventType": "select", "fullPath": "/main.py", "details": {"selection": {"from": 7, "to": 7}}}
{"dateTime": "2025-08-11T18:10:00.957Z", "eventType": "input.type", "fullPath": "/main.py", "details": {"fromA": 7, "toA": 7, "fromB": 7, "toB": 8, "inserted": ["8"]}}
{"dateTime": "2025-08-11T18:10:01.557Z", "eventType": "input.type", "fullPath": "/main.py", "details": {"fromA": 8, "toA": 8, "fromB": 8, "toB": 9, "inserted": ["8"]}}
{"dateTime": "2025-08-11T18:10:02.405Z", "eventType": "delete.backward", "fullPath": "/main.py", "details": {"fromA": 8, "toA": 9, "fromB": 8, "toB": 8, "inserted": [""]}}
{"dateTime": "2025-08-11T18:10:02.806Z", "eventType": "delete.backward", "fullPath": "/main.py", "details": {"fromA": 7, "toA": 8, "fromB": 7, "toB": 7, "inserted": [""]}}
{"dateTime": "2025-08-11T18:10:04.421Z", "eventType": "input.type", "fullPath": "/main.py", "details": {"fromA": 7, "toA": 7, "fromB": 7, "toB": 8, "inserted": ["*"]}}
{"dateTime": "2025-08-11T18:10:04.694Z", "eventType": "input.type", "fullPath": "/main.py", "details": {"fromA": 8, "toA": 8, "fromB": 8, "toB": 9, "inserted": ["*"]}}
{"dateTime": "2025-08-11T18:10:05.061Z", "eventType": "input.type", "fullPath": "/main.py", "details": {"fromA": 9, "toA": 9, "fromB": 9, "toB": 10, "inserted": ["*"]}}
{"dateTime": "2025-08-11T18:10:05.429Z", "eventType": "input.type", "fullPath": "/main.py", "details": {"fromA": 10, "toA": 10, "fromB": 10, "toB": 11, "inserted": ["*"]}}
{"dateTime": "2025-08-11T18:10:05.798Z", "eventType": "input.type", "fullPath": "/main.py", "details": {"fromA": 11, "toA": 11, "fromB": 11, "toB": 12, "inserted": ["*"]}}
{"dateTime": "2025-08-11T18:10:17.015Z", "eventType": "input", "fullPath": "/main.py", "details": {"fromA": 12, "toA": 12, "fromB": 12, "toB": 13, "inserted": ["", ""]}}
{"dateTime": "2025-08-11T18:10:18.358Z", "eventType": "delete.backward", "fullPath": "/main.py", "details": {"fromA": 12, "toA": 13, "fromB": 12, "toB": 12, "inserted": [""]}}
{"dateTime": "2025-08-11T18:10:21.574Z", "eventType": "select.pointer", "fullPath": "/main.py", "details": {"selection": {"from": 8, "to": 8}}}
{"dateTime": "2025-08-11T18:10:21.785Z", "eventType": "select.pointer", "fullPath": "/main.py", "details": {"selection": {"from": 8, "to": 23}}}
{"dateTime": "2025-08-11T18:10:22.495Z", "eventType": "select.pointer", "fullPath": "/main.py", "details": {"selection": {"from": 22, "to": 22}}}
{"dateTime": "2025-08-11T18:10:26.570Z", "eventType": "input.type", "fullPath": "/main.py", "details": {"fromA": 22, "toA": 22, "fromB": 22, "toB": 23, "inserted": ["*"]}}
{"dateTime": "2025-08-11T18:10:26.869Z", "eventType": "input.type", "fullPath": "/main.py", "details": {"fromA": 23, "toA": 23, "fromB": 23, "toB": 24, "inserted": ["*"]}}
{"dateTime": "2025-08-11T18:10:27.191Z", "eventType": "input.type", "fullPath": "/main.py", "details": {"fromA": 24, "toA": 24, "fromB": 24, "toB": 25, "inserted": ["*"]}}
{"dateTime": "2025-08-11T18:10:30.038Z", "eventType": "select.pointer", "fullPath": "/main.py", "details": {"selection": {"from": 35, "to": 35}}}
{"dateTime": "2025-08-11T18:10:31.862Z", "eventType": "input.type", "fullPath": "/main.py", "details": {"fromA": 35, "toA": 35, "fromB": 35, "toB": 36, "inserted": ["*"]}}
{"dateTime": "2025-08-11T18:10:34.128Z", "eventType": "blur", "fullPath": "/main.py"}
{"dateTime": "2025-08-11T18:10:34.580Z", "eventType": "run", "details": {"commit": "ca486326f05df5a9b0aa95cbbcf2e7415dc9c684"}}
{"dateTime": "2025-08-11T18:10:37.860Z", "eventType": "submission", "details": {"correctness": 1, "commit": "ca486326f05df5a9b0aa95cbbcf2e7415dc9c684", "executionTime": 0.01}}
