{"dateTime": "2025-08-26T12:50:29.956Z", "eventType": "focus", "fullPath": "/main.py"}
{"dateTime": "2025-08-26T12:50:29.960Z", "eventType": "select", "fullPath": "/main.py", "details": {"selection": {"from": 181, "to": 181}}}
{"dateTime": "2025-08-26T12:50:56.009Z", "eventType": "blur", "fullPath": "/main.py"}
{"dateTime": "2025-08-26T12:53:13.644Z", "eventType": "focus", "fullPath": "/main.py"}
{"dateTime": "2025-08-26T12:53:15.153Z", "eventType": "input", "fullPath": "/main.py", "details": {"fromA": 181, "toA": 181, "fromB": 181, "toB": 182, "inserted": ["", ""]}}
{"dateTime": "2025-08-26T12:53:49.384Z", "eventType": "blur", "fullPath": "/main.py"}
{"dateTime": "2025-08-28T03:58:15.537Z", "eventType": "window.blur", "fullPath": "/main.py"}
{"dateTime": "2025-08-28T04:00:10.262Z", "eventType": "window.focus", "fullPath": "/main.py"}
{"dateTime": "2025-08-28T04:00:10.268Z", "eventType": "focus", "fullPath": "/main.py"}
{"dateTime": "2025-08-28T04:00:10.279Z", "eventType": "select", "fullPath": "/main.py", "details": {"selection": {"from": 182, "to": 182}}}
{"dateTime": "2025-08-28T04:00:11.763Z", "eventType": "input", "fullPath": "/main.py", "details": {"fromA": 182, "toA": 182, "fromB": 182, "toB": 183, "inserted": ["", ""]}}
{"dateTime": "2025-08-28T04:00:12.033Z", "eventType": "input", "fullPath": "/main.py", "details": {"fromA": 183, "toA": 183, "fromB": 183, "toB": 184, "inserted": ["", ""]}}
{"dateTime": "2025-08-28T04:00:12.839Z", "eventType": "input", "fullPath": "/main.py", "details": {"fromA": 184, "toA": 184, "fromB": 184, "toB": 185, "inserted": ["", ""]}}
{"dateTime": "2025-08-28T04:00:17.136Z", "eventType": "input.type", "fullPath": "/main.py", "details": {"fromA": 185, "toA": 185, "fromB": 185, "toB": 186, "inserted": ["n"]}}
{"dateTime": "2025-08-28T04:00:17.319Z", "eventType": "input.type", "fullPath": "/main.py", "details": {"fromA": 186, "toA": 186, "fromB": 186, "toB": 187, "inserted": ["e"]}}
{"dateTime": "2025-08-28T04:00:17.485Z", "eventType": "input.type", "fullPath": "/main.py", "details": {"fromA": 187, "toA": 187, "fromB": 187, "toB": 188, "inserted": ["m"]}}
{"dateTime": "2025-08-28T04:00:17.680Z", "eventType": "input.type", "fullPath": "/main.py", "details": {"fromA": 188, "toA": 188, "fromB": 188, "toB": 189, "inserted": ["e"]}}
{"dateTime": "2025-08-28T04:00:19.756Z", "eventType": "delete.backward", "fullPath": "/main.py", "details": {"fromA": 188, "toA": 189, "fromB": 188, "toB": 188, "inserted": [""]}}
{"dateTime": "2025-08-28T04:00:19.946Z", "eventType": "delete.backward", "fullPath": "/main.py", "details": {"fromA": 187, "toA": 188, "fromB": 187, "toB": 187, "inserted": [""]}}
{"dateTime": "2025-08-28T04:00:20.158Z", "eventType": "delete.backward", "fullPath": "/main.py", "details": {"fromA": 186, "toA": 187, "fromB": 186, "toB": 186, "inserted": [""]}}
{"dateTime": "2025-08-28T04:00:20.800Z", "eventType": "input.type", "fullPath": "/main.py", "details": {"fromA": 186, "toA": 186, "fromB": 186, "toB": 187, "inserted": ["o"]}}
{"dateTime": "2025-08-28T04:00:21.154Z", "eventType": "input.type", "fullPath": "/main.py", "details": {"fromA": 187, "toA": 187, "fromB": 187, "toB": 188, "inserted": ["m"]}}
{"dateTime": "2025-08-28T04:00:21.368Z", "eventType": "input.type", "fullPath": "/main.py", "details": {"fromA": 188, "toA": 188, "fromB": 188, "toB": 189, "inserted": ["e"]}}
{"dateTime": "2025-08-28T04:00:23.093Z", "eventType": "input.type", "fullPath": "/main.py", "details": {"fromA": 189, "toA": 189, "fromB": 189, "toB": 190, "inserted": ["_"]}}
{"dateTime": "2025-08-28T04:00:24.969Z", "eventType": "input.type", "fullPath": "/main.py", "details": {"fromA": 190, "toA": 190, "fromB": 190, "toB": 191, "inserted": ["c"]}}
{"dateTime": "2025-08-28T04:00:25.166Z", "eventType": "input.type", "fullPath": "/main.py", "details": {"fromA": 191, "toA": 191, "fromB": 191, "toB": 192, "inserted": ["o"]}}
{"dateTime": "2025-08-28T04:00:25.395Z", "eventType": "input.type", "fullPath": "/main.py", "details": {"fromA": 192, "toA": 192, "fromB": 192, "toB": 193, "inserted": ["m"]}}
{"dateTime": "2025-08-28T04:00:25.782Z", "eventType": "input.type", "fullPath": "/main.py", "details": {"fromA": 193, "toA": 193, "fromB": 193, "toB": 194, "inserted": ["p"]}}
{"dateTime": "2025-08-28T04:00:26.148Z", "eventType": "input.type", "fullPath": "/main.py", "details": {"fromA": 194, "toA": 194, "fromB": 194, "toB": 195, "inserted": ["l"]}}
{"dateTime": "2025-08-28T04:00:27.785Z", "eventType": "input.type", "fullPath": "/main.py", "details": {"fromA": 195, "toA": 195, "fromB": 195, "toB": 196, "inserted": ["e"]}}
{"dateTime": "2025-08-28T04:00:28.081Z", "eventType": "input.type", "fullPath": "/main.py", "details": {"fromA": 196, "toA": 196, "fromB": 196, "toB": 197, "inserted": ["t"]}}
{"dateTime": "2025-08-28T04:00:28.837Z", "eventType": "input.type", "fullPath": "/main.py", "details": {"fromA": 197, "toA": 197, "fromB": 197, "toB": 198, "inserted": ["o"]}}
{"dateTime": "2025-08-28T04:00:30.105Z", "eventType": "input.type", "fullPath": "/main.py", "details": {"fromA": 198, "toA": 198, "fromB": 198, "toB": 199, "inserted": [" "]}}
{"dateTime": "2025-08-28T04:00:30.355Z", "eventType": "input.type", "fullPath": "/main.py", "details": {"fromA": 199, "toA": 199, "fromB": 199, "toB": 200, "inserted": ["="]}}
{"dateTime": "2025-08-28T04:00:30.545Z", "eventType": "input.type", "fullPath": "/main.py", "details": {"fromA": 200, "toA": 200, "fromB": 200, "toB": 201, "inserted": [" "]}}
{"dateTime": "2025-08-28T04:00:31.675Z", "eventType": "input", "fullPath": "/main.py", "details": {"fromA": 201, "toA": 201, "fromB": 201, "toB": 202, "inserted": ["", ""]}}
{"dateTime": "2025-08-28T04:00:33.295Z", "eventType": "input.type", "fullPath": "/main.py", "details": {"fromA": 202, "toA": 202, "fromB": 202, "toB": 203, "inserted": ["n"]}}
{"dateTime": "2025-08-28T04:00:33.411Z", "eventType": "input.type", "fullPath": "/main.py", "details": {"fromA": 203, "toA": 203, "fromB": 203, "toB": 204, "inserted": ["o"]}}
{"dateTime": "2025-08-28T04:00:33.728Z", "eventType": "input.type", "fullPath": "/main.py", "details": {"fromA": 204, "toA": 204, "fromB": 204, "toB": 205, "inserted": ["m"]}}
{"dateTime": "2025-08-28T04:00:34.038Z", "eventType": "input.type", "fullPath": "/main.py", "details": {"fromA": 205, "toA": 205, "fromB": 205, "toB": 206, "inserted": ["e"]}}
{"dateTime": "2025-08-28T04:00:37.027Z", "eventType": "input.type", "fullPath": "/main.py", "details": {"fromA": 206, "toA": 206, "fromB": 206, "toB": 207, "inserted": ["_"]}}
{"dateTime": "2025-08-28T04:00:38.362Z", "eventType": "input.type", "fullPath": "/main.py", "details": {"fromA": 207, "toA": 207, "fromB": 207, "toB": 208, "inserted": ["m"]}}
{"dateTime": "2025-08-28T04:00:39.070Z", "eventType": "input.type", "fullPath": "/main.py", "details": {"fromA": 208, "toA": 208, "fromB": 208, "toB": 209, "inserted": ["a"]}}
{"dateTime": "2025-08-28T04:00:39.839Z", "eventType": "input.type", "fullPath": "/main.py", "details": {"fromA": 209, "toA": 209, "fromB": 209, "toB": 210, "inserted": ["i"]}}
{"dateTime": "2025-08-28T04:00:40.048Z", "eventType": "input.type", "fullPath": "/main.py", "details": {"fromA": 210, "toA": 210, "fromB": 210, "toB": 211, "inserted": ["s"]}}
{"dateTime": "2025-08-28T04:00:40.538Z", "eventType": "input.type", "fullPath": "/main.py", "details": {"fromA": 211, "toA": 211, "fromB": 211, "toB": 212, "inserted": ["c"]}}
{"dateTime": "2025-08-28T04:00:40.861Z", "eventType": "input.type", "fullPath": "/main.py", "details": {"fromA": 212, "toA": 212, "fromB": 212, "toB": 213, "inserted": ["u"]}}
{"dateTime": "2025-08-28T04:00:41.339Z", "eventType": "input.type", "fullPath": "/main.py", "details": {"fromA": 213, "toA": 213, "fromB": 213, "toB": 214, "inserted": ["l"]}}
{"dateTime": "2025-08-28T04:00:41.540Z", "eventType": "input.type", "fullPath": "/main.py", "details": {"fromA": 214, "toA": 214, "fromB": 214, "toB": 215, "inserted": ["o"]}}
{"dateTime": "2025-08-28T04:00:42.721Z", "eventType": "input.type", "fullPath": "/main.py", "details": {"fromA": 215, "toA": 215, "fromB": 215, "toB": 216, "inserted": [" "]}}
{"dateTime": "2025-08-28T04:00:43.951Z", "eventType": "input.type", "fullPath": "/main.py", "details": {"fromA": 216, "toA": 216, "fromB": 216, "toB": 217, "inserted": ["="]}}
{"dateTime": "2025-08-28T04:00:44.099Z", "eventType": "input.type", "fullPath": "/main.py", "details": {"fromA": 217, "toA": 217, "fromB": 217, "toB": 218, "inserted": [" "]}}
{"dateTime": "2025-08-28T04:00:45.903Z", "eventType": "select.pointer", "fullPath": "/main.py", "details": {"selection": {"from": 201, "to": 201}}}
{"dateTime": "2025-08-28T04:00:46.733Z", "eventType": "input.type", "fullPath": "/main.py", "details": {"fromA": 201, "toA": 201, "fromB": 201, "toB": 202, "inserted": ["i"]}}
{"dateTime": "2025-08-28T04:00:46.966Z", "eventType": "input.type", "fullPath": "/main.py", "details": {"fromA": 202, "toA": 202, "fromB": 202, "toB": 203, "inserted": ["n"]}}
{"dateTime": "2025-08-28T04:00:47.442Z", "eventType": "input.type", "fullPath": "/main.py", "details": {"fromA": 203, "toA": 203, "fromB": 203, "toB": 204, "inserted": ["o"]}}
{"dateTime": "2025-08-28T04:00:48.399Z", "eventType": "delete.backward", "fullPath": "/main.py", "details": {"fromA": 203, "toA": 204, "fromB": 203, "toB": 203, "inserted": [""]}}
{"dateTime": "2025-08-28T04:00:48.814Z", "eventType": "input.type", "fullPath": "/main.py", "details": {"fromA": 203, "toA": 203, "fromB": 203, "toB": 204, "inserted": ["p"]}}
{"dateTime": "2025-08-28T04:00:49.364Z", "eventType": "input.type", "fullPath": "/main.py", "details": {"fromA": 204, "toA": 204, "fromB": 204, "toB": 205, "inserted": ["u"]}}
{"dateTime": "2025-08-28T04:00:49.888Z", "eventType": "input.type", "fullPath": "/main.py", "details": {"fromA": 205, "toA": 205, "fromB": 205, "toB": 206, "inserted": ["t"]}}
{"dateTime": "2025-08-28T04:00:59.539Z", "eventType": "input.type", "fullPath": "/main.py", "details": {"fromA": 206, "toA": 206, "fromB": 206, "toB": 208, "inserted": ["()"]}}
{"dateTime": "2025-08-28T04:01:06.936Z", "eventType": "input.type", "fullPath": "/main.py", "details": {"fromA": 207, "toA": 207, "fromB": 207, "toB": 209, "inserted": ["\"\""]}}
{"dateTime": "2025-08-28T04:01:09.483Z", "eventType": "input.type", "fullPath": "/main.py", "details": {"fromA": 208, "toA": 208, "fromB": 208, "toB": 209, "inserted": ["I"]}}
{"dateTime": "2025-08-28T04:01:10.014Z", "eventType": "input.type", "fullPath": "/main.py", "details": {"fromA": 209, "toA": 209, "fromB": 209, "toB": 210, "inserted": ["n"]}}
{"dateTime": "2025-08-28T04:01:10.270Z", "eventType": "input.type", "fullPath": "/main.py", "details": {"fromA": 210, "toA": 210, "fromB": 210, "toB": 211, "inserted": ["s"]}}
{"dateTime": "2025-08-28T04:01:10.919Z", "eventType": "input.type", "fullPath": "/main.py", "details": {"fromA": 211, "toA": 211, "fromB": 211, "toB": 212, "inserted": ["i"]}}
{"dateTime": "2025-08-28T04:01:11.194Z", "eventType": "input.type", "fullPath": "/main.py", "details": {"fromA": 212, "toA": 212, "fromB": 212, "toB": 213, "inserted": ["r"]}}
{"dateTime": "2025-08-28T04:01:11.656Z", "eventType": "input.type", "fullPath": "/main.py", "details": {"fromA": 213, "toA": 213, "fromB": 213, "toB": 214, "inserted": ["a"]}}
{"dateTime": "2025-08-28T04:01:11.889Z", "eventType": "input.type", "fullPath": "/main.py", "details": {"fromA": 214, "toA": 214, "fromB": 214, "toB": 215, "inserted": [" "]}}
{"dateTime": "2025-08-28T04:01:12.471Z", "eventType": "input.type", "fullPath": "/main.py", "details": {"fromA": 215, "toA": 215, "fromB": 215, "toB": 216, "inserted": ["o"]}}
{"dateTime": "2025-08-28T04:01:12.831Z", "eventType": "input.type", "fullPath": "/main.py", "details": {"fromA": 216, "toA": 216, "fromB": 216, "toB": 217, "inserted": [" "]}}
{"dateTime": "2025-08-28T04:01:18.637Z", "eventType": "input.type", "fullPath": "/main.py", "details": {"fromA": 217, "toA": 217, "fromB": 217, "toB": 218, "inserted": ["n"]}}
{"dateTime": "2025-08-28T04:01:19.079Z", "eventType": "input.type", "fullPath": "/main.py", "details": {"fromA": 218, "toA": 218, "fromB": 218, "toB": 219, "inserted": ["o"]}}
{"dateTime": "2025-08-28T04:01:19.490Z", "eventType": "input.type", "fullPath": "/main.py", "details": {"fromA": 219, "toA": 219, "fromB": 219, "toB": 220, "inserted": ["m"]}}
{"dateTime": "2025-08-28T04:01:19.698Z", "eventType": "input.type", "fullPath": "/main.py", "details": {"fromA": 220, "toA": 220, "fromB": 220, "toB": 221, "inserted": ["e"]}}
{"dateTime": "2025-08-28T04:01:21.115Z", "eventType": "input.type", "fullPath": "/main.py", "details": {"fromA": 221, "toA": 221, "fromB": 221, "toB": 222, "inserted": [":"]}}
{"dateTime": "2025-08-28T04:01:21.604Z", "eventType": "input.type", "fullPath": "/main.py", "details": {"fromA": 222, "toA": 222, "fromB": 222, "toB": 223, "inserted": [" "]}}
{"dateTime": "2025-08-28T04:01:23.930Z", "eventType": "select", "fullPath": "/main.py", "details": {"selection": {"from": 242, "to": 242}}}
{"dateTime": "2025-08-28T04:01:26.146Z", "eventType": "input.type", "fullPath": "/main.py", "details": {"fromA": 242, "toA": 242, "fromB": 242, "toB": 243, "inserted": [" "]}}
{"dateTime": "2025-08-28T04:01:26.931Z", "eventType": "input.type", "fullPath": "/main.py", "details": {"fromA": 243, "toA": 243, "fromB": 243, "toB": 244, "inserted": ["n"]}}
{"dateTime": "2025-08-28T04:01:27.288Z", "eventType": "input.type", "fullPath": "/main.py", "details": {"fromA": 244, "toA": 244, "fromB": 244, "toB": 245, "inserted": ["o"]}}
{"dateTime": "2025-08-28T04:01:28.488Z", "eventType": "delete.backward", "fullPath": "/main.py", "details": {"fromA": 244, "toA": 245, "fromB": 244, "toB": 244, "inserted": [""]}}
{"dateTime": "2025-08-28T04:01:28.830Z", "eventType": "delete.backward", "fullPath": "/main.py", "details": {"fromA": 243, "toA": 244, "fromB": 243, "toB": 243, "inserted": [""]}}
{"dateTime": "2025-08-28T04:01:29.176Z", "eventType": "delete.backward", "fullPath": "/main.py", "details": {"fromA": 242, "toA": 243, "fromB": 242, "toB": 242, "inserted": [""]}}
{"dateTime": "2025-08-28T04:01:30.437Z", "eventType": "input.type", "fullPath": "/main.py", "details": {"fromA": 242, "toA": 242, "fromB": 242, "toB": 243, "inserted": ["n"]}}
{"dateTime": "2025-08-28T04:01:30.799Z", "eventType": "input.type", "fullPath": "/main.py", "details": {"fromA": 243, "toA": 243, "fromB": 243, "toB": 244, "inserted": ["o"]}}
{"dateTime": "2025-08-28T04:01:32.998Z", "eventType": "input.complete", "fullPath": "/main.py", "details": {"fromA": 242, "toA": 244, "fromB": 242, "toB": 255, "inserted": ["nome_completo"]}}
{"dateTime": "2025-08-28T04:01:36.385Z", "eventType": "input.type", "fullPath": "/main.py", "details": {"fromA": 255, "toA": 255, "fromB": 255, "toB": 256, "inserted": ["."]}}
{"dateTime": "2025-08-28T04:01:37.279Z", "eventType": "input.type", "fullPath": "/main.py", "details": {"fromA": 256, "toA": 256, "fromB": 256, "toB": 257, "inserted": ["u"]}}
{"dateTime": "2025-08-28T04:01:38.517Z", "eventType": "input.type", "fullPath": "/main.py", "details": {"fromA": 257, "toA": 257, "fromB": 257, "toB": 258, "inserted": ["p"]}}
{"dateTime": "2025-08-28T04:01:38.703Z", "eventType": "input.type", "fullPath": "/main.py", "details": {"fromA": 258, "toA": 258, "fromB": 258, "toB": 259, "inserted": ["p"]}}
{"dateTime": "2025-08-28T04:01:39.292Z", "eventType": "input.type", "fullPath": "/main.py", "details": {"fromA": 259, "toA": 259, "fromB": 259, "toB": 260, "inserted": ["e"]}}
{"dateTime": "2025-08-28T04:01:39.655Z", "eventType": "input.type", "fullPath": "/main.py", "details": {"fromA": 260, "toA": 260, "fromB": 260, "toB": 261, "inserted": ["r"]}}
{"dateTime": "2025-08-28T04:01:40.840Z", "eventType": "input.type", "fullPath": "/main.py", "details": {"fromA": 261, "toA": 261, "fromB": 261, "toB": 263, "inserted": ["()"]}}
{"dateTime": "2025-08-28T04:01:43.448Z", "eventType": "select", "fullPath": "/main.py", "details": {"selection": {"from": 263, "to": 263}}}
{"dateTime": "2025-08-28T04:01:44.360Z", "eventType": "input", "fullPath": "/main.py", "details": {"fromA": 263, "toA": 263, "fromB": 263, "toB": 264, "inserted": ["", ""]}}
{"dateTime": "2025-08-28T04:01:45.634Z", "eventType": "input", "fullPath": "/main.py", "details": {"fromA": 264, "toA": 264, "fromB": 264, "toB": 265, "inserted": ["", ""]}}
{"dateTime": "2025-08-28T04:01:46.444Z", "eventType": "input.type", "fullPath": "/main.py", "details": {"fromA": 265, "toA": 265, "fromB": 265, "toB": 266, "inserted": ["p"]}}
{"dateTime": "2025-08-28T04:01:47.004Z", "eventType": "input.type", "fullPath": "/main.py", "details": {"fromA": 266, "toA": 266, "fromB": 266, "toB": 267, "inserted": ["r"]}}
{"dateTime": "2025-08-28T04:01:47.203Z", "eventType": "input.type", "fullPath": "/main.py", "details": {"fromA": 267, "toA": 267, "fromB": 267, "toB": 268, "inserted": ["i"]}}
{"dateTime": "2025-08-28T04:01:47.476Z", "eventType": "input.type", "fullPath": "/main.py", "details": {"fromA": 268, "toA": 268, "fromB": 268, "toB": 269, "inserted": ["n"]}}
{"dateTime": "2025-08-28T04:01:47.662Z", "eventType": "input.type", "fullPath": "/main.py", "details": {"fromA": 269, "toA": 269, "fromB": 269, "toB": 270, "inserted": ["t"]}}
{"dateTime": "2025-08-28T04:01:48.698Z", "eventType": "input.type", "fullPath": "/main.py", "details": {"fromA": 270, "toA": 270, "fromB": 270, "toB": 272, "inserted": ["()"]}}
{"dateTime": "2025-08-28T04:01:50.798Z", "eventType": "input.type", "fullPath": "/main.py", "details": {"fromA": 271, "toA": 271, "fromB": 271, "toB": 272, "inserted": ["n"]}}
{"dateTime": "2025-08-28T04:01:51.000Z", "eventType": "input.type", "fullPath": "/main.py", "details": {"fromA": 272, "toA": 272, "fromB": 272, "toB": 273, "inserted": ["o"]}}
{"dateTime": "2025-08-28T04:01:51.187Z", "eventType": "input.type", "fullPath": "/main.py", "details": {"fromA": 273, "toA": 273, "fromB": 273, "toB": 274, "inserted": ["o"]}}
{"dateTime": "2025-08-28T04:01:52.878Z", "eventType": "input.complete", "fullPath": "/main.py", "details": {"fromA": 271, "toA": 274, "fromB": 271, "toB": 284, "inserted": ["nome_completo"]}}
{"dateTime": "2025-08-28T04:01:57.538Z", "eventType": "blur", "fullPath": "/main.py"}
{"dateTime": "2025-08-28T04:02:09.937Z", "eventType": "submission", "details": {"correctness": 0, "commit": "fc1829681523f5f7320c9a081f75d36ff068c1e6", "executionTime": 0.01}}
{"dateTime": "2025-08-28T04:02:19.163Z", "eventType": "focus", "fullPath": "/main.py"}
{"dateTime": "2025-08-28T04:02:19.171Z", "eventType": "select.pointer", "fullPath": "/main.py", "details": {"selection": {"from": 263, "to": 263}}}
{"dateTime": "2025-08-28T04:02:20.316Z", "eventType": "delete.backward", "fullPath": "/main.py", "details": {"fromA": 262, "toA": 263, "fromB": 262, "toB": 262, "inserted": [""]}}
{"dateTime": "2025-08-28T04:02:20.528Z", "eventType": "delete.backward", "fullPath": "/main.py", "details": {"fromA": 261, "toA": 262, "fromB": 261, "toB": 261, "inserted": [""]}}
{"dateTime": "2025-08-28T04:02:20.727Z", "eventType": "delete.backward", "fullPath": "/main.py", "details": {"fromA": 260, "toA": 261, "fromB": 260, "toB": 260, "inserted": [""]}}
{"dateTime": "2025-08-28T04:02:20.909Z", "eventType": "delete.backward", "fullPath": "/main.py", "details": {"fromA": 259, "toA": 260, "fromB": 259, "toB": 259, "inserted": [""]}}
{"dateTime": "2025-08-28T04:02:21.116Z", "eventType": "delete.backward", "fullPath": "/main.py", "details": {"fromA": 258, "toA": 259, "fromB": 258, "toB": 258, "inserted": [""]}}
{"dateTime": "2025-08-28T04:02:22.227Z", "eventType": "delete.backward", "fullPath": "/main.py", "details": {"fromA": 257, "toA": 258, "fromB": 257, "toB": 257, "inserted": [""]}}
{"dateTime": "2025-08-28T04:02:22.991Z", "eventType": "delete.backward", "fullPath": "/main.py", "details": {"fromA": 256, "toA": 257, "fromB": 256, "toB": 256, "inserted": [""]}}
{"dateTime": "2025-08-28T04:02:28.800Z", "eventType": "select.pointer", "fullPath": "/main.py", "details": {"selection": {"from": 225, "to": 225}}}
{"dateTime": "2025-08-28T04:02:31.093Z", "eventType": "input.type", "fullPath": "/main.py", "details": {"fromA": 225, "toA": 225, "fromB": 225, "toB": 226, "inserted": ["."]}}
{"dateTime": "2025-08-28T04:02:32.765Z", "eventType": "input.type", "fullPath": "/main.py", "details": {"fromA": 226, "toA": 226, "fromB": 226, "toB": 227, "inserted": ["u"]}}
{"dateTime": "2025-08-28T04:02:34.266Z", "eventType": "input.type", "fullPath": "/main.py", "details": {"fromA": 227, "toA": 227, "fromB": 227, "toB": 228, "inserted": ["p"]}}
{"dateTime": "2025-08-28T04:02:34.902Z", "eventType": "input.type", "fullPath": "/main.py", "details": {"fromA": 228, "toA": 228, "fromB": 228, "toB": 229, "inserted": ["p"]}}
{"dateTime": "2025-08-28T04:02:35.141Z", "eventType": "input.type", "fullPath": "/main.py", "details": {"fromA": 229, "toA": 229, "fromB": 229, "toB": 230, "inserted": ["e"]}}
{"dateTime": "2025-08-28T04:02:37.443Z", "eventType": "input.type", "fullPath": "/main.py", "details": {"fromA": 230, "toA": 230, "fromB": 230, "toB": 231, "inserted": ["r"]}}
{"dateTime": "2025-08-28T04:02:42.465Z", "eventType": "input.type", "fullPath": "/main.py", "details": {"fromA": 231, "toA": 231, "fromB": 231, "toB": 233, "inserted": ["()"]}}
{"dateTime": "2025-08-28T04:03:05.280Z", "eventType": "select.pointer", "fullPath": "/main.py", "details": {"selection": {"from": 286, "to": 286}}}
{"dateTime": "2025-08-28T04:03:07.988Z", "eventType": "select.pointer", "fullPath": "/main.py", "details": {"selection": {"from": 233, "to": 233}}}
{"dateTime": "2025-08-28T04:03:09.616Z", "eventType": "delete.backward", "fullPath": "/main.py", "details": {"fromA": 232, "toA": 233, "fromB": 232, "toB": 232, "inserted": [""]}}
{"dateTime": "2025-08-28T04:03:09.902Z", "eventType": "delete.backward", "fullPath": "/main.py", "details": {"fromA": 231, "toA": 232, "fromB": 231, "toB": 231, "inserted": [""]}}
{"dateTime": "2025-08-28T04:03:10.093Z", "eventType": "delete.backward", "fullPath": "/main.py", "details": {"fromA": 230, "toA": 231, "fromB": 230, "toB": 230, "inserted": [""]}}
{"dateTime": "2025-08-28T04:03:10.468Z", "eventType": "delete.backward", "fullPath": "/main.py", "details": {"fromA": 229, "toA": 230, "fromB": 229, "toB": 229, "inserted": [""]}}
{"dateTime": "2025-08-28T04:03:10.670Z", "eventType": "delete.backward", "fullPath": "/main.py", "details": {"fromA": 228, "toA": 229, "fromB": 228, "toB": 228, "inserted": [""]}}
{"dateTime": "2025-08-28T04:03:10.874Z", "eventType": "delete.backward", "fullPath": "/main.py", "details": {"fromA": 227, "toA": 228, "fromB": 227, "toB": 227, "inserted": [""]}}
{"dateTime": "2025-08-28T04:03:11.074Z", "eventType": "delete.backward", "fullPath": "/main.py", "details": {"fromA": 226, "toA": 227, "fromB": 226, "toB": 226, "inserted": [""]}}
{"dateTime": "2025-08-28T04:03:11.349Z", "eventType": "delete.backward", "fullPath": "/main.py", "details": {"fromA": 225, "toA": 226, "fromB": 225, "toB": 225, "inserted": [""]}}
{"dateTime": "2025-08-28T04:03:13.841Z", "eventType": "select.pointer", "fullPath": "/main.py", "details": {"selection": {"from": 256, "to": 256}}}
{"dateTime": "2025-08-28T04:03:15.161Z", "eventType": "input.type", "fullPath": "/main.py", "details": {"fromA": 256, "toA": 256, "fromB": 256, "toB": 257, "inserted": ["u"]}}
{"dateTime": "2025-08-28T04:03:15.714Z", "eventType": "input.type", "fullPath": "/main.py", "details": {"fromA": 257, "toA": 257, "fromB": 257, "toB": 258, "inserted": ["p"]}}
{"dateTime": "2025-08-28T04:03:16.555Z", "eventType": "input.type", "fullPath": "/main.py", "details": {"fromA": 258, "toA": 258, "fromB": 258, "toB": 259, "inserted": ["p"]}}
{"dateTime": "2025-08-28T04:03:16.906Z", "eventType": "input.type", "fullPath": "/main.py", "details": {"fromA": 259, "toA": 259, "fromB": 259, "toB": 260, "inserted": ["e"]}}
{"dateTime": "2025-08-28T04:03:17.300Z", "eventType": "input.type", "fullPath": "/main.py", "details": {"fromA": 260, "toA": 260, "fromB": 260, "toB": 261, "inserted": ["s"]}}
{"dateTime": "2025-08-28T04:03:18.444Z", "eventType": "delete.backward", "fullPath": "/main.py", "details": {"fromA": 260, "toA": 261, "fromB": 260, "toB": 260, "inserted": [""]}}
{"dateTime": "2025-08-28T04:03:19.075Z", "eventType": "input.type", "fullPath": "/main.py", "details": {"fromA": 260, "toA": 260, "fromB": 260, "toB": 261, "inserted": ["r"]}}
{"dateTime": "2025-08-28T04:03:21.562Z", "eventType": "input.type", "fullPath": "/main.py", "details": {"fromA": 261, "toA": 261, "fromB": 261, "toB": 263, "inserted": ["()"]}}
{"dateTime": "2025-08-28T04:03:23.283Z", "eventType": "select.pointer", "fullPath": "/main.py", "details": {"selection": {"from": 285, "to": 285}}}
{"dateTime": "2025-08-28T04:03:24.391Z", "eventType": "input.type", "fullPath": "/main.py", "details": {"fromA": 285, "toA": 285, "fromB": 285, "toB": 286, "inserted": ["."]}}
{"dateTime": "2025-08-28T04:03:25.313Z", "eventType": "input.type", "fullPath": "/main.py", "details": {"fromA": 286, "toA": 286, "fromB": 286, "toB": 287, "inserted": ["u"]}}
{"dateTime": "2025-08-28T04:03:26.385Z", "eventType": "input.type", "fullPath": "/main.py", "details": {"fromA": 287, "toA": 287, "fromB": 287, "toB": 288, "inserted": ["p"]}}
{"dateTime": "2025-08-28T04:03:26.571Z", "eventType": "input.type", "fullPath": "/main.py", "details": {"fromA": 288, "toA": 288, "fromB": 288, "toB": 289, "inserted": ["p"]}}
{"dateTime": "2025-08-28T04:03:27.449Z", "eventType": "input.type", "fullPath": "/main.py", "details": {"fromA": 289, "toA": 289, "fromB": 289, "toB": 290, "inserted": ["e"]}}
{"dateTime": "2025-08-28T04:03:27.707Z", "eventType": "input.type", "fullPath": "/main.py", "details": {"fromA": 290, "toA": 290, "fromB": 290, "toB": 291, "inserted": ["r"]}}
{"dateTime": "2025-08-28T04:03:29.257Z", "eventType": "input.type", "fullPath": "/main.py", "details": {"fromA": 291, "toA": 291, "fromB": 291, "toB": 293, "inserted": ["()"]}}
{"dateTime": "2025-08-28T04:03:30.951Z", "eventType": "blur", "fullPath": "/main.py"}
{"dateTime": "2025-08-28T04:03:45.797Z", "eventType": "focus", "fullPath": "/main.py"}
{"dateTime": "2025-08-28T04:03:45.804Z", "eventType": "select.pointer", "fullPath": "/main.py", "details": {"selection": {"from": 293, "to": 293}}}
{"dateTime": "2025-08-28T04:03:46.600Z", "eventType": "delete.backward", "fullPath": "/main.py", "details": {"fromA": 292, "toA": 293, "fromB": 292, "toB": 292, "inserted": [""]}}
{"dateTime": "2025-08-28T04:03:46.793Z", "eventType": "delete.backward", "fullPath": "/main.py", "details": {"fromA": 291, "toA": 292, "fromB": 291, "toB": 291, "inserted": [""]}}
{"dateTime": "2025-08-28T04:03:47.130Z", "eventType": "delete.backward", "fullPath": "/main.py", "details": {"fromA": 290, "toA": 291, "fromB": 290, "toB": 290, "inserted": [""]}}
{"dateTime": "2025-08-28T04:03:47.349Z", "eventType": "delete.backward", "fullPath": "/main.py", "details": {"fromA": 289, "toA": 290, "fromB": 289, "toB": 289, "inserted": [""]}}
{"dateTime": "2025-08-28T04:03:47.513Z", "eventType": "delete.backward", "fullPath": "/main.py", "details": {"fromA": 288, "toA": 289, "fromB": 288, "toB": 288, "inserted": [""]}}
{"dateTime": "2025-08-28T04:03:47.704Z", "eventType": "delete.backward", "fullPath": "/main.py", "details": {"fromA": 287, "toA": 288, "fromB": 287, "toB": 287, "inserted": [""]}}
{"dateTime": "2025-08-28T04:03:47.913Z", "eventType": "delete.backward", "fullPath": "/main.py", "details": {"fromA": 286, "toA": 287, "fromB": 286, "toB": 286, "inserted": [""]}}
{"dateTime": "2025-08-28T04:03:48.115Z", "eventType": "delete.backward", "fullPath": "/main.py", "details": {"fromA": 285, "toA": 286, "fromB": 285, "toB": 285, "inserted": [""]}}
{"dateTime": "2025-08-28T04:03:50.165Z", "eventType": "blur", "fullPath": "/main.py"}
{"dateTime": "2025-08-28T04:04:24.178Z", "eventType": "focus", "fullPath": "/main.py"}
{"dateTime": "2025-08-28T04:04:24.186Z", "eventType": "select.pointer", "fullPath": "/main.py", "details": {"selection": {"from": 263, "to": 263}}}
{"dateTime": "2025-08-28T04:04:24.844Z", "eventType": "delete.backward", "fullPath": "/main.py", "details": {"fromA": 262, "toA": 263, "fromB": 262, "toB": 262, "inserted": [""]}}
{"dateTime": "2025-08-28T04:04:25.353Z", "eventType": "delete.backward", "fullPath": "/main.py", "details": {"fromA": 261, "toA": 262, "fromB": 261, "toB": 261, "inserted": [""]}}
{"dateTime": "2025-08-28T04:04:25.383Z", "eventType": "delete.backward", "fullPath": "/main.py", "details": {"fromA": 260, "toA": 261, "fromB": 260, "toB": 260, "inserted": [""]}}
{"dateTime": "2025-08-28T04:04:25.412Z", "eventType": "delete.backward", "fullPath": "/main.py", "details": {"fromA": 259, "toA": 260, "fromB": 259, "toB": 259, "inserted": [""]}}
{"dateTime": "2025-08-28T04:04:25.443Z", "eventType": "delete.backward", "fullPath": "/main.py", "details": {"fromA": 258, "toA": 259, "fromB": 258, "toB": 258, "inserted": [""]}}
{"dateTime": "2025-08-28T04:04:25.474Z", "eventType": "delete.backward", "fullPath": "/main.py", "details": {"fromA": 257, "toA": 258, "fromB": 257, "toB": 257, "inserted": [""]}}
{"dateTime": "2025-08-28T04:04:25.505Z", "eventType": "delete.backward", "fullPath": "/main.py", "details": {"fromA": 256, "toA": 257, "fromB": 256, "toB": 256, "inserted": [""]}}
{"dateTime": "2025-08-28T04:04:25.538Z", "eventType": "delete.backward", "fullPath": "/main.py", "details": {"fromA": 255, "toA": 256, "fromB": 255, "toB": 255, "inserted": [""]}}
{"dateTime": "2025-08-28T04:04:25.567Z", "eventType": "delete.backward", "fullPath": "/main.py", "details": {"fromA": 254, "toA": 255, "fromB": 254, "toB": 254, "inserted": [""]}}
{"dateTime": "2025-08-28T04:04:25.597Z", "eventType": "delete.backward", "fullPath": "/main.py", "details": {"fromA": 253, "toA": 254, "fromB": 253, "toB": 253, "inserted": [""]}}
{"dateTime": "2025-08-28T04:04:25.629Z", "eventType": "delete.backward", "fullPath": "/main.py", "details": {"fromA": 252, "toA": 253, "fromB": 252, "toB": 252, "inserted": [""]}}
{"dateTime": "2025-08-28T04:04:25.660Z", "eventType": "delete.backward", "fullPath": "/main.py", "details": {"fromA": 251, "toA": 252, "fromB": 251, "toB": 251, "inserted": [""]}}
{"dateTime": "2025-08-28T04:04:25.691Z", "eventType": "delete.backward", "fullPath": "/main.py", "details": {"fromA": 250, "toA": 251, "fromB": 250, "toB": 250, "inserted": [""]}}
{"dateTime": "2025-08-28T04:04:25.721Z", "eventType": "delete.backward", "fullPath": "/main.py", "details": {"fromA": 249, "toA": 250, "fromB": 249, "toB": 249, "inserted": [""]}}
{"dateTime": "2025-08-28T04:04:25.750Z", "eventType": "delete.backward", "fullPath": "/main.py", "details": {"fromA": 248, "toA": 249, "fromB": 248, "toB": 248, "inserted": [""]}}
{"dateTime": "2025-08-28T04:04:25.782Z", "eventType": "delete.backward", "fullPath": "/main.py", "details": {"fromA": 247, "toA": 248, "fromB": 247, "toB": 247, "inserted": [""]}}
{"dateTime": "2025-08-28T04:04:25.813Z", "eventType": "delete.backward", "fullPath": "/main.py", "details": {"fromA": 246, "toA": 247, "fromB": 246, "toB": 246, "inserted": [""]}}
{"dateTime": "2025-08-28T04:04:25.842Z", "eventType": "delete.backward", "fullPath": "/main.py", "details": {"fromA": 245, "toA": 246, "fromB": 245, "toB": 245, "inserted": [""]}}
{"dateTime": "2025-08-28T04:04:25.875Z", "eventType": "delete.backward", "fullPath": "/main.py", "details": {"fromA": 244, "toA": 245, "fromB": 244, "toB": 244, "inserted": [""]}}
{"dateTime": "2025-08-28T04:04:25.907Z", "eventType": "delete.backward", "fullPath": "/main.py", "details": {"fromA": 243, "toA": 244, "fromB": 243, "toB": 243, "inserted": [""]}}
{"dateTime": "2025-08-28T04:04:25.935Z", "eventType": "delete.backward", "fullPath": "/main.py", "details": {"fromA": 242, "toA": 243, "fromB": 242, "toB": 242, "inserted": [""]}}
{"dateTime": "2025-08-28T04:04:25.967Z", "eventType": "delete.backward", "fullPath": "/main.py", "details": {"fromA": 241, "toA": 242, "fromB": 241, "toB": 241, "inserted": [""]}}
{"dateTime": "2025-08-28T04:04:25.998Z", "eventType": "delete.backward", "fullPath": "/main.py", "details": {"fromA": 240, "toA": 241, "fromB": 240, "toB": 240, "inserted": [""]}}
{"dateTime": "2025-08-28T04:04:26.027Z", "eventType": "delete.backward", "fullPath": "/main.py", "details": {"fromA": 239, "toA": 240, "fromB": 239, "toB": 239, "inserted": [""]}}
{"dateTime": "2025-08-28T04:04:26.059Z", "eventType": "delete.backward", "fullPath": "/main.py", "details": {"fromA": 238, "toA": 239, "fromB": 238, "toB": 238, "inserted": [""]}}
{"dateTime": "2025-08-28T04:04:26.090Z", "eventType": "delete.backward", "fullPath": "/main.py", "details": {"fromA": 237, "toA": 238, "fromB": 237, "toB": 237, "inserted": [""]}}
{"dateTime": "2025-08-28T04:04:26.120Z", "eventType": "delete.backward", "fullPath": "/main.py", "details": {"fromA": 236, "toA": 237, "fromB": 236, "toB": 236, "inserted": [""]}}
{"dateTime": "2025-08-28T04:04:26.383Z", "eventType": "delete.backward", "fullPath": "/main.py", "details": {"fromA": 235, "toA": 236, "fromB": 235, "toB": 235, "inserted": [""]}}
{"dateTime": "2025-08-28T04:04:26.580Z", "eventType": "delete.backward", "fullPath": "/main.py", "details": {"fromA": 234, "toA": 235, "fromB": 234, "toB": 234, "inserted": [""]}}
{"dateTime": "2025-08-28T04:04:26.771Z", "eventType": "delete.backward", "fullPath": "/main.py", "details": {"fromA": 233, "toA": 234, "fromB": 233, "toB": 233, "inserted": [""]}}
{"dateTime": "2025-08-28T04:04:26.975Z", "eventType": "delete.backward", "fullPath": "/main.py", "details": {"fromA": 232, "toA": 233, "fromB": 232, "toB": 232, "inserted": [""]}}
{"dateTime": "2025-08-28T04:04:27.140Z", "eventType": "delete.backward", "fullPath": "/main.py", "details": {"fromA": 231, "toA": 232, "fromB": 231, "toB": 231, "inserted": [""]}}
{"dateTime": "2025-08-28T04:04:27.371Z", "eventType": "delete.backward", "fullPath": "/main.py", "details": {"fromA": 230, "toA": 231, "fromB": 230, "toB": 230, "inserted": [""]}}
{"dateTime": "2025-08-28T04:04:27.545Z", "eventType": "delete.backward", "fullPath": "/main.py", "details": {"fromA": 229, "toA": 230, "fromB": 229, "toB": 229, "inserted": [""]}}
{"dateTime": "2025-08-28T04:04:27.746Z", "eventType": "delete.backward", "fullPath": "/main.py", "details": {"fromA": 228, "toA": 229, "fromB": 228, "toB": 228, "inserted": [""]}}
{"dateTime": "2025-08-28T04:04:27.955Z", "eventType": "delete.backward", "fullPath": "/main.py", "details": {"fromA": 227, "toA": 228, "fromB": 227, "toB": 227, "inserted": [""]}}
{"dateTime": "2025-08-28T04:04:28.144Z", "eventType": "delete.backward", "fullPath": "/main.py", "details": {"fromA": 226, "toA": 227, "fromB": 226, "toB": 226, "inserted": [""]}}
{"dateTime": "2025-08-28T04:04:28.358Z", "eventType": "delete.backward", "fullPath": "/main.py", "details": {"fromA": 225, "toA": 226, "fromB": 225, "toB": 225, "inserted": [""]}}
{"dateTime": "2025-08-28T04:04:30.172Z", "eventType": "input.type", "fullPath": "/main.py", "details": {"fromA": 225, "toA": 225, "fromB": 225, "toB": 226, "inserted": ["."]}}
{"dateTime": "2025-08-28T04:04:31.243Z", "eventType": "input.type", "fullPath": "/main.py", "details": {"fromA": 226, "toA": 226, "fromB": 226, "toB": 227, "inserted": ["u"]}}
{"dateTime": "2025-08-28T04:04:31.859Z", "eventType": "input.type", "fullPath": "/main.py", "details": {"fromA": 227, "toA": 227, "fromB": 227, "toB": 228, "inserted": ["p"]}}
{"dateTime": "2025-08-28T04:04:32.441Z", "eventType": "input.type", "fullPath": "/main.py", "details": {"fromA": 228, "toA": 228, "fromB": 228, "toB": 229, "inserted": ["p"]}}
{"dateTime": "2025-08-28T04:04:32.746Z", "eventType": "input.type", "fullPath": "/main.py", "details": {"fromA": 229, "toA": 229, "fromB": 229, "toB": 230, "inserted": ["e"]}}
{"dateTime": "2025-08-28T04:04:33.341Z", "eventType": "input.type", "fullPath": "/main.py", "details": {"fromA": 230, "toA": 230, "fromB": 230, "toB": 231, "inserted": ["r"]}}
{"dateTime": "2025-08-28T04:04:34.228Z", "eventType": "input.type", "fullPath": "/main.py", "details": {"fromA": 231, "toA": 231, "fromB": 231, "toB": 233, "inserted": ["()"]}}
{"dateTime": "2025-08-28T04:04:37.139Z", "eventType": "blur", "fullPath": "/main.py"}
{"dateTime": "2025-08-28T04:04:37.912Z", "eventType": "submission", "details": {"correctness": 1, "commit": "c590c0c83caf70a28009af18c9c7f3c1e4002e6b", "executionTime": 0.01}}
