{"dateTime": "2025-08-27T13:57:48.577Z", "eventType": "focus", "fullPath": "/main.py"}
{"dateTime": "2025-08-27T13:57:48.581Z", "eventType": "select.pointer", "fullPath": "/main.py", "details": {"selection": {"from": 66, "to": 66}}}
{"dateTime": "2025-08-27T13:57:49.690Z", "eventType": "select", "fullPath": "/main.py", "details": {"selection": {"from": 65, "to": 65}}}
{"dateTime": "2025-08-27T13:57:51.047Z", "eventType": "input.type", "fullPath": "/main.py", "details": {"fromA": 65, "toA": 65, "fromB": 65, "toB": 66, "inserted": [")"]}}
{"dateTime": "2025-08-27T13:57:53.075Z", "eventType": "select.pointer", "fullPath": "/main.py", "details": {"selection": {"from": 50, "to": 50}}}
{"dateTime": "2025-08-27T13:57:54.075Z", "eventType": "input.type", "fullPath": "/main.py", "details": {"fromA": 50, "toA": 50, "fromB": 50, "toB": 51, "inserted": ["("]}}
{"dateTime": "2025-08-27T13:57:56.325Z", "eventType": "select.pointer", "fullPath": "/main.py", "details": {"selection": {"from": 72, "to": 72}}}
{"dateTime": "2025-08-27T13:57:57.115Z", "eventType": "blur", "fullPath": "/main.py"}
{"dateTime": "2025-08-27T13:57:57.481Z", "eventType": "run", "details": {"commit": "4846b023c2ea9a559759d57e76e8f31b202a2b3c"}}
{"dateTime": "2025-08-27T13:58:09.684Z", "eventType": "focus", "fullPath": "/main.py"}
{"dateTime": "2025-08-27T13:58:09.686Z", "eventType": "select.pointer", "fullPath": "/main.py", "details": {"selection": {"from": 10, "to": 10}}}
{"dateTime": "2025-08-27T13:58:18.979Z", "eventType": "blur", "fullPath": "/main.py"}
{"dateTime": "2025-08-27T13:58:28.810Z", "eventType": "focus", "fullPath": "/main.py"}
{"dateTime": "2025-08-27T13:58:28.812Z", "eventType": "select.pointer", "fullPath": "/main.py", "details": {"selection": {"from": 10, "to": 10}}}
{"dateTime": "2025-08-27T13:58:29.756Z", "eventType": "input.type", "fullPath": "/main.py", "details": {"fromA": 10, "toA": 10, "fromB": 10, "toB": 11, "inserted": ["f"]}}
{"dateTime": "2025-08-27T13:58:29.936Z", "eventType": "input.type", "fullPath": "/main.py", "details": {"fromA": 11, "toA": 11, "fromB": 11, "toB": 12, "inserted": ["l"]}}
{"dateTime": "2025-08-27T13:58:30.128Z", "eventType": "input.type", "fullPath": "/main.py", "details": {"fromA": 12, "toA": 12, "fromB": 12, "toB": 13, "inserted": ["o"]}}
{"dateTime": "2025-08-27T13:58:30.184Z", "eventType": "input.type", "fullPath": "/main.py", "details": {"fromA": 13, "toA": 13, "fromB": 13, "toB": 14, "inserted": ["a"]}}
{"dateTime": "2025-08-27T13:58:30.492Z", "eventType": "input.type", "fullPath": "/main.py", "details": {"fromA": 14, "toA": 14, "fromB": 14, "toB": 15, "inserted": ["t"]}}
{"dateTime": "2025-08-27T13:58:33.853Z", "eventType": "input.type", "fullPath": "/main.py", "details": {"fromA": 15, "toA": 15, "fromB": 15, "toB": 16, "inserted": ["("]}}
{"dateTime": "2025-08-27T13:58:38.592Z", "eventType": "blur", "fullPath": "/main.py"}
{"dateTime": "2025-08-27T13:58:38.595Z", "eventType": "focus", "fullPath": "/main.py"}
{"dateTime": "2025-08-27T13:58:38.598Z", "eventType": "select", "fullPath": "/main.py", "details": {"selection": {"from": 105, "to": 105}}}
{"dateTime": "2025-08-27T13:58:40.446Z", "eventType": "blur", "fullPath": "/main.py"}
{"dateTime": "2025-08-27T13:58:40.721Z", "eventType": "run", "details": {"commit": "890fe51451b2354349e4b4e7dfae033fe655557c"}}
{"dateTime": "2025-08-27T13:58:44.883Z", "eventType": "focus", "fullPath": "/main.py"}
{"dateTime": "2025-08-27T13:58:44.886Z", "eventType": "select.pointer", "fullPath": "/main.py", "details": {"selection": {"from": 16, "to": 16}}}
{"dateTime": "2025-08-27T13:58:45.661Z", "eventType": "delete.backward", "fullPath": "/main.py", "details": {"fromA": 15, "toA": 16, "fromB": 15, "toB": 15, "inserted": [""]}}
{"dateTime": "2025-08-27T13:58:47.032Z", "eventType": "blur", "fullPath": "/main.py"}
{"dateTime": "2025-08-27T13:58:47.035Z", "eventType": "focus", "fullPath": "/main.py"}
{"dateTime": "2025-08-27T13:58:47.036Z", "eventType": "select", "fullPath": "/main.py", "details": {"selection": {"from": 104, "to": 104}}}
{"dateTime": "2025-08-27T13:58:49.924Z", "eventType": "blur", "fullPath": "/main.py"}
{"dateTime": "2025-08-27T13:58:50.261Z", "eventType": "run", "details": {"commit": "066689b86b48687e335e655d12a4eec218535893"}}
{"dateTime": "2025-08-27T13:59:00.583Z", "eventType": "submission", "details": {"correctness": 1, "commit": "066689b86b48687e335e655d12a4eec218535893", "executionTime": 0.01}}
{"dateTime": "2025-08-27T13:59:36.995Z", "eventType": "focus", "fullPath": "/main.py"}
{"dateTime": "2025-08-27T13:59:36.997Z", "eventType": "select.pointer", "fullPath": "/main.py", "details": {"selection": {"from": 17, "to": 17}}}
{"dateTime": "2025-08-27T13:59:38.325Z", "eventType": "input.type", "fullPath": "/main.py", "details": {"fromA": 17, "toA": 17, "fromB": 17, "toB": 19, "inserted": ["\"\""]}}
{"dateTime": "2025-08-27T13:59:39.060Z", "eventType": "input.type", "fullPath": "/main.py", "details": {"fromA": 18, "toA": 18, "fromB": 18, "toB": 19, "inserted": ["Q"]}}
{"dateTime": "2025-08-27T13:59:39.397Z", "eventType": "input.type", "fullPath": "/main.py", "details": {"fromA": 19, "toA": 19, "fromB": 19, "toB": 20, "inserted": ["U"]}}
{"dateTime": "2025-08-27T13:59:39.541Z", "eventType": "input.type", "fullPath": "/main.py", "details": {"fromA": 20, "toA": 20, "fromB": 20, "toB": 21, "inserted": ["a"]}}
{"dateTime": "2025-08-27T13:59:39.669Z", "eventType": "input.type", "fullPath": "/main.py", "details": {"fromA": 21, "toA": 21, "fromB": 21, "toB": 22, "inserted": ["n"]}}
{"dateTime": "2025-08-27T13:59:39.781Z", "eventType": "input.type", "fullPath": "/main.py", "details": {"fromA": 22, "toA": 22, "fromB": 22, "toB": 23, "inserted": ["t"]}}
{"dateTime": "2025-08-27T13:59:39.893Z", "eventType": "input.type", "fullPath": "/main.py", "details": {"fromA": 23, "toA": 23, "fromB": 23, "toB": 24, "inserted": ["o"]}}
{"dateTime": "2025-08-27T13:59:40.180Z", "eventType": "delete.backward", "fullPath": "/main.py", "details": {"fromA": 23, "toA": 24, "fromB": 23, "toB": 23, "inserted": [""]}}
{"dateTime": "2025-08-27T13:59:40.356Z", "eventType": "delete.backward", "fullPath": "/main.py", "details": {"fromA": 22, "toA": 23, "fromB": 22, "toB": 22, "inserted": [""]}}
{"dateTime": "2025-08-27T13:59:40.516Z", "eventType": "delete.backward", "fullPath": "/main.py", "details": {"fromA": 21, "toA": 22, "fromB": 21, "toB": 21, "inserted": [""]}}
{"dateTime": "2025-08-27T13:59:40.660Z", "eventType": "delete.backward", "fullPath": "/main.py", "details": {"fromA": 20, "toA": 21, "fromB": 20, "toB": 20, "inserted": [""]}}
{"dateTime": "2025-08-27T13:59:40.820Z", "eventType": "delete.backward", "fullPath": "/main.py", "details": {"fromA": 19, "toA": 20, "fromB": 19, "toB": 19, "inserted": [""]}}
{"dateTime": "2025-08-27T13:59:41.044Z", "eventType": "input.type", "fullPath": "/main.py", "details": {"fromA": 19, "toA": 19, "fromB": 19, "toB": 20, "inserted": ["u"]}}
{"dateTime": "2025-08-27T13:59:41.604Z", "eventType": "input.type", "fullPath": "/main.py", "details": {"fromA": 20, "toA": 20, "fromB": 20, "toB": 21, "inserted": ["a"]}}
{"dateTime": "2025-08-27T13:59:41.701Z", "eventType": "input.type", "fullPath": "/main.py", "details": {"fromA": 21, "toA": 21, "fromB": 21, "toB": 22, "inserted": ["n"]}}
{"dateTime": "2025-08-27T13:59:41.909Z", "eventType": "input.type", "fullPath": "/main.py", "details": {"fromA": 22, "toA": 22, "fromB": 22, "toB": 23, "inserted": ["o"]}}
{"dateTime": "2025-08-27T13:59:41.956Z", "eventType": "input.type", "fullPath": "/main.py", "details": {"fromA": 23, "toA": 23, "fromB": 23, "toB": 24, "inserted": ["t"]}}
{"dateTime": "2025-08-27T13:59:42.196Z", "eventType": "input.type", "fullPath": "/main.py", "details": {"fromA": 24, "toA": 24, "fromB": 24, "toB": 25, "inserted": ["s"]}}
{"dateTime": "2025-08-27T13:59:42.309Z", "eventType": "input.type", "fullPath": "/main.py", "details": {"fromA": 25, "toA": 25, "fromB": 25, "toB": 26, "inserted": [" "]}}
{"dateTime": "2025-08-27T13:59:42.692Z", "eventType": "delete.backward", "fullPath": "/main.py", "details": {"fromA": 25, "toA": 26, "fromB": 25, "toB": 25, "inserted": [""]}}
{"dateTime": "2025-08-27T13:59:42.852Z", "eventType": "delete.backward", "fullPath": "/main.py", "details": {"fromA": 24, "toA": 25, "fromB": 24, "toB": 24, "inserted": [""]}}
{"dateTime": "2025-08-27T13:59:43.012Z", "eventType": "delete.backward", "fullPath": "/main.py", "details": {"fromA": 23, "toA": 24, "fromB": 23, "toB": 23, "inserted": [""]}}
{"dateTime": "2025-08-27T13:59:43.156Z", "eventType": "delete.backward", "fullPath": "/main.py", "details": {"fromA": 22, "toA": 23, "fromB": 22, "toB": 22, "inserted": [""]}}
{"dateTime": "2025-08-27T13:59:43.317Z", "eventType": "input.type", "fullPath": "/main.py", "details": {"fromA": 22, "toA": 22, "fromB": 22, "toB": 23, "inserted": ["t"]}}
{"dateTime": "2025-08-27T13:59:43.424Z", "eventType": "input.type", "fullPath": "/main.py", "details": {"fromA": 23, "toA": 23, "fromB": 23, "toB": 24, "inserted": ["o"]}}
{"dateTime": "2025-08-27T13:59:43.561Z", "eventType": "input.type", "fullPath": "/main.py", "details": {"fromA": 24, "toA": 24, "fromB": 24, "toB": 25, "inserted": ["s"]}}
{"dateTime": "2025-08-27T13:59:43.719Z", "eventType": "input.type", "fullPath": "/main.py", "details": {"fromA": 25, "toA": 25, "fromB": 25, "toB": 26, "inserted": [" "]}}
{"dateTime": "2025-08-27T13:59:43.925Z", "eventType": "input.type", "fullPath": "/main.py", "details": {"fromA": 26, "toA": 26, "fromB": 26, "toB": 27, "inserted": ["G"]}}
{"dateTime": "2025-08-27T13:59:44.212Z", "eventType": "input.type", "fullPath": "/main.py", "details": {"fromA": 27, "toA": 27, "fromB": 27, "toB": 28, "inserted": ["r"]}}
{"dateTime": "2025-08-27T13:59:44.406Z", "eventType": "input.type", "fullPath": "/main.py", "details": {"fromA": 28, "toA": 28, "fromB": 28, "toB": 29, "inserted": ["a"]}}
{"dateTime": "2025-08-27T13:59:44.502Z", "eventType": "input.type", "fullPath": "/main.py", "details": {"fromA": 29, "toA": 29, "fromB": 29, "toB": 30, "inserted": ["u"]}}
{"dateTime": "2025-08-27T13:59:44.646Z", "eventType": "input.type", "fullPath": "/main.py", "details": {"fromA": 30, "toA": 30, "fromB": 30, "toB": 31, "inserted": ["s"]}}
{"dateTime": "2025-08-27T13:59:45.408Z", "eventType": "input.type", "fullPath": "/main.py", "details": {"fromA": 31, "toA": 31, "fromB": 31, "toB": 32, "inserted": [":"]}}
{"dateTime": "2025-08-27T13:59:46.004Z", "eventType": "input.type", "fullPath": "/main.py", "details": {"fromA": 32, "toA": 32, "fromB": 32, "toB": 33, "inserted": [" "]}}
{"dateTime": "2025-08-27T13:59:54.600Z", "eventType": "blur", "fullPath": "/main.py"}
{"dateTime": "2025-08-27T14:00:25.233Z", "eventType": "focus", "fullPath": "/main.py"}
{"dateTime": "2025-08-27T14:00:25.237Z", "eventType": "select.pointer", "fullPath": "/main.py", "details": {"selection": {"from": 96, "to": 96}}}
{"dateTime": "2025-08-27T14:00:26.564Z", "eventType": "input.type", "fullPath": "/main.py", "details": {"fromA": 96, "toA": 96, "fromB": 96, "toB": 97, "inserted": [")"]}}
{"dateTime": "2025-08-27T14:00:30.587Z", "eventType": "blur", "fullPath": "/main.py"}
