{"dateTime": "2025-09-02T20:09:18.866Z", "eventType": "blur", "fullPath": "/main.py"}
{"dateTime": "2025-09-02T20:09:20.286Z", "eventType": "run", "details": {"commit": "dc5454b11f465874cc2c4558806686bc0b485913"}}
{"dateTime": "2025-09-02T20:09:32.908Z", "eventType": "focus", "fullPath": "/main.py"}
{"dateTime": "2025-09-02T20:09:32.914Z", "eventType": "select.pointer", "fullPath": "/main.py", "details": {"selection": {"from": 121, "to": 121}}}
{"dateTime": "2025-09-02T20:09:39.565Z", "eventType": "blur", "fullPath": "/main.py"}
{"dateTime": "2025-09-02T20:09:43.571Z", "eventType": "focus", "fullPath": "/main.py"}
{"dateTime": "2025-09-02T20:09:43.574Z", "eventType": "select.pointer", "fullPath": "/main.py", "details": {"selection": {"from": 121, "to": 121}}}
{"dateTime": "2025-09-02T20:09:44.615Z", "eventType": "delete.backward", "fullPath": "/main.py", "details": {"fromA": 120, "toA": 121, "fromB": 120, "toB": 120, "inserted": [""]}}
{"dateTime": "2025-09-02T20:09:45.269Z", "eventType": "input.type", "fullPath": "/main.py", "details": {"fromA": 120, "toA": 120, "fromB": 120, "toB": 121, "inserted": ["*"]}}
{"dateTime": "2025-09-02T20:09:46.629Z", "eventType": "blur", "fullPath": "/main.py"}
{"dateTime": "2025-09-02T20:09:46.934Z", "eventType": "run", "details": {"commit": "235093f25e9a3d2eefd92827377ed5879ad8dc59"}}
{"dateTime": "2025-09-02T20:09:53.832Z", "eventType": "run", "details": {"commit": "235093f25e9a3d2eefd92827377ed5879ad8dc59"}}
{"dateTime": "2025-09-02T20:10:01.823Z", "eventType": "submission", "details": {"correctness": 1, "commit": "235093f25e9a3d2eefd92827377ed5879ad8dc59", "executionTime": 0.01}}
{"dateTime": "2025-09-02T20:10:30.757Z", "eventType": "focus", "fullPath": "/main.py"}
{"dateTime": "2025-09-02T20:10:30.759Z", "eventType": "select.pointer", "fullPath": "/main.py", "details": {"selection": {"from": 20, "to": 20}}}
{"dateTime": "2025-09-02T20:10:31.990Z", "eventType": "input.type", "fullPath": "/main.py", "details": {"fromA": 20, "toA": 20, "fromB": 20, "toB": 22, "inserted": ["\"\""]}}
{"dateTime": "2025-09-02T20:10:33.029Z", "eventType": "input.type", "fullPath": "/main.py", "details": {"fromA": 21, "toA": 21, "fromB": 21, "toB": 22, "inserted": ["I"]}}
{"dateTime": "2025-09-02T20:10:33.334Z", "eventType": "input.type", "fullPath": "/main.py", "details": {"fromA": 22, "toA": 22, "fromB": 22, "toB": 23, "inserted": ["n"]}}
{"dateTime": "2025-09-02T20:10:33.526Z", "eventType": "input.type", "fullPath": "/main.py", "details": {"fromA": 23, "toA": 23, "fromB": 23, "toB": 24, "inserted": ["s"]}}
{"dateTime": "2025-09-02T20:10:33.701Z", "eventType": "input.type", "fullPath": "/main.py", "details": {"fromA": 24, "toA": 24, "fromB": 24, "toB": 25, "inserted": ["i"]}}
{"dateTime": "2025-09-02T20:10:33.974Z", "eventType": "input.type", "fullPath": "/main.py", "details": {"fromA": 25, "toA": 25, "fromB": 25, "toB": 26, "inserted": ["r"]}}
{"dateTime": "2025-09-02T20:10:34.086Z", "eventType": "input.type", "fullPath": "/main.py", "details": {"fromA": 26, "toA": 26, "fromB": 26, "toB": 27, "inserted": ["a"]}}
{"dateTime": "2025-09-02T20:10:34.246Z", "eventType": "input.type", "fullPath": "/main.py", "details": {"fromA": 27, "toA": 27, "fromB": 27, "toB": 28, "inserted": [" "]}}
{"dateTime": "2025-09-02T20:10:34.437Z", "eventType": "input.type", "fullPath": "/main.py", "details": {"fromA": 28, "toA": 28, "fromB": 28, "toB": 29, "inserted": ["a"]}}
{"dateTime": "2025-09-02T20:10:34.711Z", "eventType": "input.type", "fullPath": "/main.py", "details": {"fromA": 29, "toA": 29, "fromB": 29, "toB": 30, "inserted": ["q"]}}
{"dateTime": "2025-09-02T20:10:35.653Z", "eventType": "input.type", "fullPath": "/main.py", "details": {"fromA": 30, "toA": 30, "fromB": 30, "toB": 31, "inserted": ["u"]}}
{"dateTime": "2025-09-02T20:10:35.878Z", "eventType": "input.type", "fullPath": "/main.py", "details": {"fromA": 31, "toA": 31, "fromB": 31, "toB": 32, "inserted": ["i"]}}
{"dateTime": "2025-09-02T20:10:36.133Z", "eventType": "input.type", "fullPath": "/main.py", "details": {"fromA": 32, "toA": 32, "fromB": 32, "toB": 33, "inserted": [" "]}}
{"dateTime": "2025-09-02T20:10:36.438Z", "eventType": "input.type", "fullPath": "/main.py", "details": {"fromA": 33, "toA": 33, "fromB": 33, "toB": 34, "inserted": ["u"]}}
{"dateTime": "2025-09-02T20:10:36.677Z", "eventType": "input.type", "fullPath": "/main.py", "details": {"fromA": 34, "toA": 34, "fromB": 34, "toB": 35, "inserted": ["m"]}}
{"dateTime": "2025-09-02T20:10:36.934Z", "eventType": "input.type", "fullPath": "/main.py", "details": {"fromA": 35, "toA": 35, "fromB": 35, "toB": 36, "inserted": [" "]}}
{"dateTime": "2025-09-02T20:10:37.205Z", "eventType": "input.type", "fullPath": "/main.py", "details": {"fromA": 36, "toA": 36, "fromB": 36, "toB": 37, "inserted": ["v"]}}
{"dateTime": "2025-09-02T20:10:37.317Z", "eventType": "input.type", "fullPath": "/main.py", "details": {"fromA": 37, "toA": 37, "fromB": 37, "toB": 38, "inserted": ["a"]}}
{"dateTime": "2025-09-02T20:10:37.574Z", "eventType": "input.type", "fullPath": "/main.py", "details": {"fromA": 38, "toA": 38, "fromB": 38, "toB": 39, "inserted": ["l"]}}
{"dateTime": "2025-09-02T20:10:37.765Z", "eventType": "input.type", "fullPath": "/main.py", "details": {"fromA": 39, "toA": 39, "fromB": 39, "toB": 40, "inserted": ["o"]}}
{"dateTime": "2025-09-02T20:10:39.093Z", "eventType": "input.type", "fullPath": "/main.py", "details": {"fromA": 40, "toA": 40, "fromB": 40, "toB": 41, "inserted": ["r"]}}
{"dateTime": "2025-09-02T20:10:39.781Z", "eventType": "input.type", "fullPath": "/main.py", "details": {"fromA": 41, "toA": 41, "fromB": 41, "toB": 42, "inserted": [":"]}}
{"dateTime": "2025-09-02T20:10:45.478Z", "eventType": "select.pointer", "fullPath": "/main.py", "details": {"selection": {"from": 72, "to": 72}}}
{"dateTime": "2025-09-02T20:10:47.069Z", "eventType": "select.pointer", "fullPath": "/main.py", "details": {"selection": {"from": 70, "to": 70}}}
{"dateTime": "2025-09-02T20:10:48.060Z", "eventType": "select.pointer", "fullPath": "/main.py", "details": {"selection": {"from": 69, "to": 69}}}
{"dateTime": "2025-09-02T20:10:54.549Z", "eventType": "input.type", "fullPath": "/main.py", "details": {"fromA": 69, "toA": 69, "fromB": 69, "toB": 71, "inserted": ["\"\""]}}
{"dateTime": "2025-09-02T20:10:55.589Z", "eventType": "input.type", "fullPath": "/main.py", "details": {"fromA": 70, "toA": 70, "fromB": 70, "toB": 71, "inserted": ["I"]}}
{"dateTime": "2025-09-02T20:10:55.861Z", "eventType": "input.type", "fullPath": "/main.py", "details": {"fromA": 71, "toA": 71, "fromB": 71, "toB": 72, "inserted": ["n"]}}
{"dateTime": "2025-09-02T20:10:56.069Z", "eventType": "input.type", "fullPath": "/main.py", "details": {"fromA": 72, "toA": 72, "fromB": 72, "toB": 73, "inserted": ["s"]}}
{"dateTime": "2025-09-02T20:10:56.213Z", "eventType": "input.type", "fullPath": "/main.py", "details": {"fromA": 73, "toA": 73, "fromB": 73, "toB": 74, "inserted": ["i"]}}
{"dateTime": "2025-09-02T20:10:56.517Z", "eventType": "input.type", "fullPath": "/main.py", "details": {"fromA": 74, "toA": 74, "fromB": 74, "toB": 75, "inserted": ["r"]}}
{"dateTime": "2025-09-02T20:10:56.625Z", "eventType": "input.type", "fullPath": "/main.py", "details": {"fromA": 75, "toA": 75, "fromB": 75, "toB": 76, "inserted": ["a"]}}
{"dateTime": "2025-09-02T20:10:56.789Z", "eventType": "input.type", "fullPath": "/main.py", "details": {"fromA": 76, "toA": 76, "fromB": 76, "toB": 77, "inserted": [" "]}}
{"dateTime": "2025-09-02T20:10:56.981Z", "eventType": "input.type", "fullPath": "/main.py", "details": {"fromA": 77, "toA": 77, "fromB": 77, "toB": 78, "inserted": ["a"]}}
{"dateTime": "2025-09-02T20:10:57.221Z", "eventType": "input.type", "fullPath": "/main.py", "details": {"fromA": 78, "toA": 78, "fromB": 78, "toB": 79, "inserted": ["q"]}}
{"dateTime": "2025-09-02T20:10:57.685Z", "eventType": "input.type", "fullPath": "/main.py", "details": {"fromA": 79, "toA": 79, "fromB": 79, "toB": 80, "inserted": ["u"]}}
{"dateTime": "2025-09-02T20:10:57.877Z", "eventType": "input.type", "fullPath": "/main.py", "details": {"fromA": 80, "toA": 80, "fromB": 80, "toB": 81, "inserted": ["i"]}}
{"dateTime": "2025-09-02T20:10:58.133Z", "eventType": "input.type", "fullPath": "/main.py", "details": {"fromA": 81, "toA": 81, "fromB": 81, "toB": 82, "inserted": [" "]}}
{"dateTime": "2025-09-02T20:10:58.278Z", "eventType": "input.type", "fullPath": "/main.py", "details": {"fromA": 82, "toA": 82, "fromB": 82, "toB": 83, "inserted": ["a"]}}
{"dateTime": "2025-09-02T20:10:58.405Z", "eventType": "input.type", "fullPath": "/main.py", "details": {"fromA": 83, "toA": 83, "fromB": 83, "toB": 84, "inserted": [" "]}}
{"dateTime": "2025-09-02T20:10:58.549Z", "eventType": "input.type", "fullPath": "/main.py", "details": {"fromA": 84, "toA": 84, "fromB": 84, "toB": 85, "inserted": ["q"]}}
{"dateTime": "2025-09-02T20:10:59.013Z", "eventType": "input.type", "fullPath": "/main.py", "details": {"fromA": 85, "toA": 85, "fromB": 85, "toB": 86, "inserted": ["u"]}}
{"dateTime": "2025-09-02T20:10:59.173Z", "eventType": "input.type", "fullPath": "/main.py", "details": {"fromA": 86, "toA": 86, "fromB": 86, "toB": 87, "inserted": ["a"]}}
{"dateTime": "2025-09-02T20:10:59.317Z", "eventType": "input.type", "fullPath": "/main.py", "details": {"fromA": 87, "toA": 87, "fromB": 87, "toB": 88, "inserted": ["n"]}}
{"dateTime": "2025-09-02T20:10:59.573Z", "eventType": "input.type", "fullPath": "/main.py", "details": {"fromA": 88, "toA": 88, "fromB": 88, "toB": 89, "inserted": ["t"]}}
{"dateTime": "2025-09-02T20:10:59.781Z", "eventType": "input.type", "fullPath": "/main.py", "details": {"fromA": 89, "toA": 89, "fromB": 89, "toB": 90, "inserted": ["i"]}}
{"dateTime": "2025-09-02T20:10:59.973Z", "eventType": "input.type", "fullPath": "/main.py", "details": {"fromA": 90, "toA": 90, "fromB": 90, "toB": 91, "inserted": ["d"]}}
{"dateTime": "2025-09-02T20:11:00.245Z", "eventType": "input.type", "fullPath": "/main.py", "details": {"fromA": 91, "toA": 91, "fromB": 91, "toB": 92, "inserted": ["a"]}}
{"dateTime": "2025-09-02T20:11:00.517Z", "eventType": "input.type", "fullPath": "/main.py", "details": {"fromA": 92, "toA": 92, "fromB": 92, "toB": 93, "inserted": ["d"]}}
{"dateTime": "2025-09-02T20:11:00.725Z", "eventType": "input.type", "fullPath": "/main.py", "details": {"fromA": 93, "toA": 93, "fromB": 93, "toB": 94, "inserted": ["e"]}}
{"dateTime": "2025-09-02T20:11:01.349Z", "eventType": "input.type", "fullPath": "/main.py", "details": {"fromA": 94, "toA": 94, "fromB": 94, "toB": 95, "inserted": [":"]}}
{"dateTime": "2025-09-02T20:11:03.879Z", "eventType": "select.pointer", "fullPath": "/main.py", "details": {"selection": {"from": 153, "to": 153}}}
