{"dateTime": "2025-09-02T20:08:35.732Z", "eventType": "focus", "fullPath": "/main.py"}
{"dateTime": "2025-09-02T20:08:35.735Z", "eventType": "select.pointer", "fullPath": "/main.py", "details": {"selection": {"from": 10, "to": 10}}}
{"dateTime": "2025-09-02T20:08:38.084Z", "eventType": "select.pointer", "fullPath": "/main.py", "details": {"selection": {"from": 9, "to": 9}}}
{"dateTime": "2025-09-02T20:08:38.932Z", "eventType": "delete.backward", "fullPath": "/main.py", "details": {"fromA": 8, "toA": 9, "fromB": 8, "toB": 8, "inserted": [""]}}
{"dateTime": "2025-09-02T20:08:39.092Z", "eventType": "delete.backward", "fullPath": "/main.py", "details": {"fromA": 7, "toA": 8, "fromB": 7, "toB": 7, "inserted": [""]}}
{"dateTime": "2025-09-02T20:08:39.220Z", "eventType": "delete.backward", "fullPath": "/main.py", "details": {"fromA": 6, "toA": 7, "fromB": 6, "toB": 6, "inserted": [""]}}
{"dateTime": "2025-09-02T20:08:39.380Z", "eventType": "delete.backward", "fullPath": "/main.py", "details": {"fromA": 5, "toA": 6, "fromB": 5, "toB": 5, "inserted": [""]}}
{"dateTime": "2025-09-02T20:08:39.523Z", "eventType": "delete.backward", "fullPath": "/main.py", "details": {"fromA": 4, "toA": 5, "fromB": 4, "toB": 4, "inserted": [""]}}
{"dateTime": "2025-09-02T20:08:40.261Z", "eventType": "input.type", "fullPath": "/main.py", "details": {"fromA": 4, "toA": 4, "fromB": 4, "toB": 5, "inserted": ["i"]}}
{"dateTime": "2025-09-02T20:08:40.511Z", "eventType": "input.type", "fullPath": "/main.py", "details": {"fromA": 5, "toA": 5, "fromB": 5, "toB": 6, "inserted": ["n"]}}
{"dateTime": "2025-09-02T20:08:40.684Z", "eventType": "input.type", "fullPath": "/main.py", "details": {"fromA": 6, "toA": 6, "fromB": 6, "toB": 7, "inserted": ["t"]}}
{"dateTime": "2025-09-02T20:08:42.068Z", "eventType": "input.complete", "fullPath": "/main.py", "details": {"fromA": 4, "toA": 7, "fromB": 4, "toB": 7, "inserted": ["int"]}}
{"dateTime": "2025-09-02T20:08:42.997Z", "eventType": "select.pointer", "fullPath": "/main.py", "details": {"selection": {"from": 26, "to": 26}}}
{"dateTime": "2025-09-02T20:08:43.812Z", "eventType": "delete.backward", "fullPath": "/main.py", "details": {"fromA": 25, "toA": 26, "fromB": 25, "toB": 25, "inserted": [""]}}
{"dateTime": "2025-09-02T20:08:43.972Z", "eventType": "delete.backward", "fullPath": "/main.py", "details": {"fromA": 24, "toA": 25, "fromB": 24, "toB": 24, "inserted": [""]}}
{"dateTime": "2025-09-02T20:08:44.116Z", "eventType": "delete.backward", "fullPath": "/main.py", "details": {"fromA": 23, "toA": 24, "fromB": 23, "toB": 23, "inserted": [""]}}
{"dateTime": "2025-09-02T20:08:44.276Z", "eventType": "delete.backward", "fullPath": "/main.py", "details": {"fromA": 22, "toA": 23, "fromB": 22, "toB": 22, "inserted": [""]}}
{"dateTime": "2025-09-02T20:08:44.419Z", "eventType": "delete.backward", "fullPath": "/main.py", "details": {"fromA": 21, "toA": 22, "fromB": 21, "toB": 21, "inserted": [""]}}
{"dateTime": "2025-09-02T20:08:45.268Z", "eventType": "input.type", "fullPath": "/main.py", "details": {"fromA": 21, "toA": 21, "fromB": 21, "toB": 22, "inserted": ["i"]}}
{"dateTime": "2025-09-02T20:08:45.534Z", "eventType": "input.type", "fullPath": "/main.py", "details": {"fromA": 22, "toA": 22, "fromB": 22, "toB": 23, "inserted": ["n"]}}
{"dateTime": "2025-09-02T20:08:45.708Z", "eventType": "input.type", "fullPath": "/main.py", "details": {"fromA": 23, "toA": 23, "fromB": 23, "toB": 24, "inserted": ["t"]}}
{"dateTime": "2025-09-02T20:08:46.759Z", "eventType": "input.complete", "fullPath": "/main.py", "details": {"fromA": 21, "toA": 24, "fromB": 21, "toB": 38, "inserted": ["KeyboardInterrupt"]}}
{"dateTime": "2025-09-02T20:08:49.220Z", "eventType": "delete.backward", "fullPath": "/main.py", "details": {"fromA": 37, "toA": 38, "fromB": 37, "toB": 37, "inserted": [""]}}
{"dateTime": "2025-09-02T20:08:49.720Z", "eventType": "delete.backward", "fullPath": "/main.py", "details": {"fromA": 36, "toA": 37, "fromB": 36, "toB": 36, "inserted": [""]}}
{"dateTime": "2025-09-02T20:08:49.771Z", "eventType": "delete.backward", "fullPath": "/main.py", "details": {"fromA": 35, "toA": 36, "fromB": 35, "toB": 35, "inserted": [""]}}
{"dateTime": "2025-09-02T20:08:49.822Z", "eventType": "delete.backward", "fullPath": "/main.py", "details": {"fromA": 34, "toA": 35, "fromB": 34, "toB": 34, "inserted": [""]}}
{"dateTime": "2025-09-02T20:08:49.873Z", "eventType": "delete.backward", "fullPath": "/main.py", "details": {"fromA": 33, "toA": 34, "fromB": 33, "toB": 33, "inserted": [""]}}
{"dateTime": "2025-09-02T20:08:49.920Z", "eventType": "delete.backward", "fullPath": "/main.py", "details": {"fromA": 32, "toA": 33, "fromB": 32, "toB": 32, "inserted": [""]}}
{"dateTime": "2025-09-02T20:08:49.974Z", "eventType": "delete.backward", "fullPath": "/main.py", "details": {"fromA": 31, "toA": 32, "fromB": 31, "toB": 31, "inserted": [""]}}
{"dateTime": "2025-09-02T20:08:50.025Z", "eventType": "delete.backward", "fullPath": "/main.py", "details": {"fromA": 30, "toA": 31, "fromB": 30, "toB": 30, "inserted": [""]}}
{"dateTime": "2025-09-02T20:08:50.244Z", "eventType": "delete.backward", "fullPath": "/main.py", "details": {"fromA": 29, "toA": 30, "fromB": 29, "toB": 29, "inserted": [""]}}
{"dateTime": "2025-09-02T20:08:50.388Z", "eventType": "delete.backward", "fullPath": "/main.py", "details": {"fromA": 28, "toA": 29, "fromB": 28, "toB": 28, "inserted": [""]}}
{"dateTime": "2025-09-02T20:08:50.532Z", "eventType": "delete.backward", "fullPath": "/main.py", "details": {"fromA": 27, "toA": 28, "fromB": 27, "toB": 27, "inserted": [""]}}
{"dateTime": "2025-09-02T20:08:50.660Z", "eventType": "delete.backward", "fullPath": "/main.py", "details": {"fromA": 26, "toA": 27, "fromB": 26, "toB": 26, "inserted": [""]}}
{"dateTime": "2025-09-02T20:08:50.805Z", "eventType": "delete.backward", "fullPath": "/main.py", "details": {"fromA": 25, "toA": 26, "fromB": 25, "toB": 25, "inserted": [""]}}
{"dateTime": "2025-09-02T20:08:50.948Z", "eventType": "delete.backward", "fullPath": "/main.py", "details": {"fromA": 24, "toA": 25, "fromB": 24, "toB": 24, "inserted": [""]}}
{"dateTime": "2025-09-02T20:08:51.093Z", "eventType": "delete.backward", "fullPath": "/main.py", "details": {"fromA": 23, "toA": 24, "fromB": 23, "toB": 23, "inserted": [""]}}
{"dateTime": "2025-09-02T20:08:51.252Z", "eventType": "delete.backward", "fullPath": "/main.py", "details": {"fromA": 22, "toA": 23, "fromB": 22, "toB": 22, "inserted": [""]}}
{"dateTime": "2025-09-02T20:08:51.410Z", "eventType": "delete.backward", "fullPath": "/main.py", "details": {"fromA": 21, "toA": 22, "fromB": 21, "toB": 21, "inserted": [""]}}
{"dateTime": "2025-09-02T20:08:52.448Z", "eventType": "input.type", "fullPath": "/main.py", "details": {"fromA": 21, "toA": 21, "fromB": 21, "toB": 22, "inserted": ["i"]}}
{"dateTime": "2025-09-02T20:08:52.746Z", "eventType": "input.type", "fullPath": "/main.py", "details": {"fromA": 22, "toA": 22, "fromB": 22, "toB": 23, "inserted": ["n"]}}
{"dateTime": "2025-09-02T20:08:53.078Z", "eventType": "input.type", "fullPath": "/main.py", "details": {"fromA": 23, "toA": 23, "fromB": 23, "toB": 24, "inserted": ["t"]}}
{"dateTime": "2025-09-02T20:08:54.645Z", "eventType": "select.pointer", "fullPath": "/main.py", "details": {"selection": {"from": 14, "to": 14}}}
{"dateTime": "2025-09-02T20:08:55.813Z", "eventType": "input.type", "fullPath": "/main.py", "details": {"fromA": 14, "toA": 14, "fromB": 14, "toB": 16, "inserted": ["\"\""]}}
{"dateTime": "2025-09-02T20:08:56.820Z", "eventType": "input.type", "fullPath": "/main.py", "details": {"fromA": 15, "toA": 15, "fromB": 15, "toB": 16, "inserted": ["I"]}}
{"dateTime": "2025-09-02T20:08:57.108Z", "eventType": "input.type", "fullPath": "/main.py", "details": {"fromA": 16, "toA": 16, "fromB": 16, "toB": 17, "inserted": ["n"]}}
{"dateTime": "2025-09-02T20:08:57.268Z", "eventType": "input.type", "fullPath": "/main.py", "details": {"fromA": 17, "toA": 17, "fromB": 17, "toB": 18, "inserted": ["s"]}}
{"dateTime": "2025-09-02T20:08:57.444Z", "eventType": "input.type", "fullPath": "/main.py", "details": {"fromA": 18, "toA": 18, "fromB": 18, "toB": 19, "inserted": ["i"]}}
{"dateTime": "2025-09-02T20:08:57.716Z", "eventType": "input.type", "fullPath": "/main.py", "details": {"fromA": 19, "toA": 19, "fromB": 19, "toB": 20, "inserted": ["r"]}}
{"dateTime": "2025-09-02T20:08:57.829Z", "eventType": "input.type", "fullPath": "/main.py", "details": {"fromA": 20, "toA": 20, "fromB": 20, "toB": 21, "inserted": ["a"]}}
{"dateTime": "2025-09-02T20:08:57.956Z", "eventType": "input.type", "fullPath": "/main.py", "details": {"fromA": 21, "toA": 21, "fromB": 21, "toB": 22, "inserted": [" "]}}
{"dateTime": "2025-09-02T20:08:58.948Z", "eventType": "input.type", "fullPath": "/main.py", "details": {"fromA": 22, "toA": 22, "fromB": 22, "toB": 23, "inserted": ["o"]}}
{"dateTime": "2025-09-02T20:08:59.156Z", "eventType": "input.type", "fullPath": "/main.py", "details": {"fromA": 23, "toA": 23, "fromB": 23, "toB": 24, "inserted": [" "]}}
{"dateTime": "2025-09-02T20:08:59.381Z", "eventType": "input.type", "fullPath": "/main.py", "details": {"fromA": 24, "toA": 24, "fromB": 24, "toB": 25, "inserted": ["v"]}}
{"dateTime": "2025-09-02T20:08:59.508Z", "eventType": "input.type", "fullPath": "/main.py", "details": {"fromA": 25, "toA": 25, "fromB": 25, "toB": 26, "inserted": ["a"]}}
{"dateTime": "2025-09-02T20:08:59.748Z", "eventType": "input.type", "fullPath": "/main.py", "details": {"fromA": 26, "toA": 26, "fromB": 26, "toB": 27, "inserted": ["l"]}}
{"dateTime": "2025-09-02T20:08:59.908Z", "eventType": "input.type", "fullPath": "/main.py", "details": {"fromA": 27, "toA": 27, "fromB": 27, "toB": 28, "inserted": ["o"]}}
{"dateTime": "2025-09-02T20:09:00.084Z", "eventType": "input.type", "fullPath": "/main.py", "details": {"fromA": 28, "toA": 28, "fromB": 28, "toB": 29, "inserted": ["r"]}}
{"dateTime": "2025-09-02T20:09:00.229Z", "eventType": "input.type", "fullPath": "/main.py", "details": {"fromA": 29, "toA": 29, "fromB": 29, "toB": 30, "inserted": [" "]}}
{"dateTime": "2025-09-02T20:09:00.980Z", "eventType": "input.type", "fullPath": "/main.py", "details": {"fromA": 30, "toA": 30, "fromB": 30, "toB": 31, "inserted": ["d"]}}
{"dateTime": "2025-09-02T20:09:01.188Z", "eventType": "input.type", "fullPath": "/main.py", "details": {"fromA": 31, "toA": 31, "fromB": 31, "toB": 32, "inserted": ["e"]}}
{"dateTime": "2025-09-02T20:09:01.332Z", "eventType": "input.type", "fullPath": "/main.py", "details": {"fromA": 32, "toA": 32, "fromB": 32, "toB": 33, "inserted": [" "]}}
{"dateTime": "2025-09-02T20:09:01.556Z", "eventType": "input.type", "fullPath": "/main.py", "details": {"fromA": 33, "toA": 33, "fromB": 33, "toB": 34, "inserted": ["a"]}}
{"dateTime": "2025-09-02T20:09:02.676Z", "eventType": "input.type", "fullPath": "/main.py", "details": {"fromA": 34, "toA": 34, "fromB": 34, "toB": 35, "inserted": [":"]}}
{"dateTime": "2025-09-02T20:09:04.054Z", "eventType": "select.pointer", "fullPath": "/main.py", "details": {"selection": {"from": 53, "to": 53}}}
{"dateTime": "2025-09-02T20:09:04.165Z", "eventType": "select.pointer", "fullPath": "/main.py", "details": {"selection": {"from": 53, "to": 54}}}
{"dateTime": "2025-09-02T20:09:05.980Z", "eventType": "select.pointer", "fullPath": "/main.py", "details": {"selection": {"from": 53, "to": 53}}}
{"dateTime": "2025-09-02T20:09:06.676Z", "eventType": "input.type", "fullPath": "/main.py", "details": {"fromA": 53, "toA": 53, "fromB": 53, "toB": 55, "inserted": ["\"\""]}}
{"dateTime": "2025-09-02T20:09:07.700Z", "eventType": "input.type", "fullPath": "/main.py", "details": {"fromA": 54, "toA": 54, "fromB": 54, "toB": 55, "inserted": ["I"]}}
{"dateTime": "2025-09-02T20:09:07.941Z", "eventType": "input.type", "fullPath": "/main.py", "details": {"fromA": 55, "toA": 55, "fromB": 55, "toB": 56, "inserted": ["n"]}}
{"dateTime": "2025-09-02T20:09:08.117Z", "eventType": "input.type", "fullPath": "/main.py", "details": {"fromA": 56, "toA": 56, "fromB": 56, "toB": 57, "inserted": ["s"]}}
{"dateTime": "2025-09-02T20:09:08.292Z", "eventType": "input.type", "fullPath": "/main.py", "details": {"fromA": 57, "toA": 57, "fromB": 57, "toB": 58, "inserted": ["i"]}}
{"dateTime": "2025-09-02T20:09:08.581Z", "eventType": "input.type", "fullPath": "/main.py", "details": {"fromA": 58, "toA": 58, "fromB": 58, "toB": 59, "inserted": ["r"]}}
{"dateTime": "2025-09-02T20:09:08.677Z", "eventType": "input.type", "fullPath": "/main.py", "details": {"fromA": 59, "toA": 59, "fromB": 59, "toB": 60, "inserted": ["a"]}}
{"dateTime": "2025-09-02T20:09:08.822Z", "eventType": "input.type", "fullPath": "/main.py", "details": {"fromA": 60, "toA": 60, "fromB": 60, "toB": 61, "inserted": [" "]}}
{"dateTime": "2025-09-02T20:09:09.669Z", "eventType": "input.type", "fullPath": "/main.py", "details": {"fromA": 61, "toA": 61, "fromB": 61, "toB": 62, "inserted": ["o"]}}
{"dateTime": "2025-09-02T20:09:09.893Z", "eventType": "input.type", "fullPath": "/main.py", "details": {"fromA": 62, "toA": 62, "fromB": 62, "toB": 63, "inserted": [" "]}}
{"dateTime": "2025-09-02T20:09:10.101Z", "eventType": "input.type", "fullPath": "/main.py", "details": {"fromA": 63, "toA": 63, "fromB": 63, "toB": 64, "inserted": ["v"]}}
{"dateTime": "2025-09-02T20:09:10.197Z", "eventType": "input.type", "fullPath": "/main.py", "details": {"fromA": 64, "toA": 64, "fromB": 64, "toB": 65, "inserted": ["a"]}}
{"dateTime": "2025-09-02T20:09:10.420Z", "eventType": "input.type", "fullPath": "/main.py", "details": {"fromA": 65, "toA": 65, "fromB": 65, "toB": 66, "inserted": ["l"]}}
{"dateTime": "2025-09-02T20:09:10.597Z", "eventType": "input.type", "fullPath": "/main.py", "details": {"fromA": 66, "toA": 66, "fromB": 66, "toB": 67, "inserted": ["o"]}}
{"dateTime": "2025-09-02T20:09:10.789Z", "eventType": "input.type", "fullPath": "/main.py", "details": {"fromA": 67, "toA": 67, "fromB": 67, "toB": 68, "inserted": ["r"]}}
{"dateTime": "2025-09-02T20:09:10.949Z", "eventType": "input.type", "fullPath": "/main.py", "details": {"fromA": 68, "toA": 68, "fromB": 68, "toB": 69, "inserted": [" "]}}
{"dateTime": "2025-09-02T20:09:11.076Z", "eventType": "input.type", "fullPath": "/main.py", "details": {"fromA": 69, "toA": 69, "fromB": 69, "toB": 70, "inserted": ["d"]}}
{"dateTime": "2025-09-02T20:09:11.268Z", "eventType": "input.type", "fullPath": "/main.py", "details": {"fromA": 70, "toA": 70, "fromB": 70, "toB": 71, "inserted": ["e"]}}
{"dateTime": "2025-09-02T20:09:11.397Z", "eventType": "input.type", "fullPath": "/main.py", "details": {"fromA": 71, "toA": 71, "fromB": 71, "toB": 72, "inserted": [" "]}}
{"dateTime": "2025-09-02T20:09:12.068Z", "eventType": "input.type", "fullPath": "/main.py", "details": {"fromA": 72, "toA": 72, "fromB": 72, "toB": 73, "inserted": ["b"]}}
{"dateTime": "2025-09-02T20:09:12.660Z", "eventType": "input.type", "fullPath": "/main.py", "details": {"fromA": 73, "toA": 73, "fromB": 73, "toB": 74, "inserted": [":"]}}
{"dateTime": "2025-09-02T20:09:14.085Z", "eventType": "select.pointer", "fullPath": "/main.py", "details": {"selection": {"from": 102, "to": 102}}}
{"dateTime": "2025-09-02T20:09:15.289Z", "eventType": "blur", "fullPath": "/main.py"}
{"dateTime": "2025-09-02T20:09:16.272Z", "eventType": "run", "details": {"commit": "36bc1b295834f3d52899bf718d795f8fd1505500"}}
{"dateTime": "2025-09-02T20:09:26.351Z", "eventType": "submission", "details": {"correctness": 1, "commit": "36bc1b295834f3d52899bf718d795f8fd1505500", "executionTime": 0.01}}
