{"dateTime": "2025-08-20T22:35:05.677Z", "eventType": "input.type", "fullPath": "/main.py", "details": {"fromA": 40, "toA": 40, "fromB": 40, "toB": 41, "inserted": [")"]}}
{"dateTime": "2025-08-20T22:35:07.656Z", "eventType": "blur", "fullPath": "/main.py"}
{"dateTime": "2025-08-20T22:35:08.019Z", "eventType": "submission", "details": {"correctness": 1, "commit": "6a78dd6f9e7c966ff93ae0528384aa75ca313b80", "executionTime": 0.01}}
{"dateTime": "2025-08-20T22:35:29.342Z", "eventType": "focus", "fullPath": "/main.py"}
{"dateTime": "2025-08-20T22:35:29.368Z", "eventType": "select.pointer", "fullPath": "/main.py", "details": {"selection": {"from": 8, "to": 8}}}
{"dateTime": "2025-08-20T22:35:30.227Z", "eventType": "select.pointer", "fullPath": "/main.py", "details": {"selection": {"from": 9, "to": 9}}}
{"dateTime": "2025-08-20T22:35:31.936Z", "eventType": "blur", "fullPath": "/main.py"}
{"dateTime": "2025-08-20T22:37:13.878Z", "eventType": "window.blur", "fullPath": "/main.py"}
{"dateTime": "2025-08-20T22:37:16.551Z", "eventType": "window.focus", "fullPath": "/main.py"}
{"dateTime": "2025-08-20T22:40:22.716Z", "eventType": "submission", "details": {"correctness": 0, "commit": "fc4922c3e9bd8b7538317cfd8c2dc3a5d32e0655", "executionTime": 0.01}}
{"dateTime": "2025-08-20T22:40:25.737Z", "eventType": "focus", "fullPath": "/main.py"}
{"dateTime": "2025-08-20T22:40:25.741Z", "eventType": "select.pointer", "fullPath": "/main.py", "details": {"selection": {"from": 9, "to": 9}}}
{"dateTime": "2025-08-20T22:40:30.832Z", "eventType": "input.type", "fullPath": "/main.py", "details": {"fromA": 9, "toA": 9, "fromB": 9, "toB": 10, "inserted": [")"]}}
{"dateTime": "2025-08-20T22:40:31.969Z", "eventType": "delete.backward", "fullPath": "/main.py", "details": {"fromA": 9, "toA": 10, "fromB": 9, "toB": 9, "inserted": [""]}}
{"dateTime": "2025-08-20T22:40:35.738Z", "eventType": "select.pointer", "fullPath": "/main.py", "details": {"selection": {"from": 0, "to": 0}}}
{"dateTime": "2025-08-20T22:40:36.289Z", "eventType": "select.pointer", "fullPath": "/main.py", "details": {"selection": {"from": 8, "to": 8}}}
{"dateTime": "2025-08-20T22:40:37.441Z", "eventType": "delete.backward", "fullPath": "/main.py", "details": {"fromA": 7, "toA": 8, "fromB": 7, "toB": 7, "inserted": [""]}}
{"dateTime": "2025-08-20T22:40:37.667Z", "eventType": "delete.backward", "fullPath": "/main.py", "details": {"fromA": 6, "toA": 7, "fromB": 6, "toB": 6, "inserted": [""]}}
{"dateTime": "2025-08-20T22:40:40.433Z", "eventType": "input.type.compose.start", "fullPath": "/main.py", "details": {"fromA": 6, "toA": 6, "fromB": 6, "toB": 7, "inserted": ["\u00b4"]}}
{"dateTime": "2025-08-20T22:40:40.688Z", "eventType": "input.type.compose", "fullPath": "/main.py", "details": {"fromA": 6, "toA": 7, "fromB": 6, "toB": 7, "inserted": ["\u00b4"]}}
{"dateTime": "2025-08-20T22:40:41.775Z", "eventType": "delete.backward", "fullPath": "/main.py", "details": {"fromA": 6, "toA": 7, "fromB": 6, "toB": 6, "inserted": [""]}}
{"dateTime": "2025-08-20T22:40:58.785Z", "eventType": "input.type.compose.start", "fullPath": "/main.py", "details": {"fromA": 6, "toA": 6, "fromB": 6, "toB": 7, "inserted": ["\u00b4"]}}
{"dateTime": "2025-08-20T22:40:59.019Z", "eventType": "input.type.compose", "fullPath": "/main.py", "details": {"fromA": 6, "toA": 7, "fromB": 6, "toB": 7, "inserted": ["\u00b4"]}}
{"dateTime": "2025-08-20T22:40:59.888Z", "eventType": "delete.backward", "fullPath": "/main.py", "details": {"fromA": 6, "toA": 7, "fromB": 6, "toB": 6, "inserted": [""]}}
{"dateTime": "2025-08-20T22:41:00.832Z", "eventType": "input.type.compose.start", "fullPath": "/main.py", "details": {"fromA": 6, "toA": 6, "fromB": 6, "toB": 7, "inserted": ["`"]}}
{"dateTime": "2025-08-20T22:41:02.000Z", "eventType": "input.type.compose", "fullPath": "/main.py", "details": {"fromA": 6, "toA": 7, "fromB": 6, "toB": 6, "inserted": [""]}}
{"dateTime": "2025-08-20T22:41:06.417Z", "eventType": "input.type", "fullPath": "/main.py", "details": {"fromA": 6, "toA": 6, "fromB": 6, "toB": 7, "inserted": ["<"]}}
{"dateTime": "2025-08-20T22:41:07.756Z", "eventType": "delete.backward", "fullPath": "/main.py", "details": {"fromA": 6, "toA": 7, "fromB": 6, "toB": 6, "inserted": [""]}}
{"dateTime": "2025-08-20T22:41:08.270Z", "eventType": "input.type", "fullPath": "/main.py", "details": {"fromA": 6, "toA": 6, "fromB": 6, "toB": 7, "inserted": [","]}}
{"dateTime": "2025-08-20T22:41:08.907Z", "eventType": "delete.backward", "fullPath": "/main.py", "details": {"fromA": 6, "toA": 7, "fromB": 6, "toB": 6, "inserted": [""]}}
{"dateTime": "2025-08-20T22:41:12.113Z", "eventType": "input.type", "fullPath": "/main.py", "details": {"fromA": 6, "toA": 6, "fromB": 6, "toB": 8, "inserted": ["\"\""]}}
{"dateTime": "2025-08-20T22:41:12.482Z", "eventType": "input.type", "fullPath": "/main.py", "details": {"fromA": 7, "toA": 8, "fromB": 7, "toB": 8, "inserted": ["\""]}}
{"dateTime": "2025-08-20T22:41:14.034Z", "eventType": "input", "fullPath": "/main.py", "details": {"fromA": 8, "toA": 8, "fromB": 8, "toB": 14, "inserted": ["", "     "]}}
{"dateTime": "2025-08-20T22:41:15.664Z", "eventType": "delete.backward", "fullPath": "/main.py", "details": {"fromA": 13, "toA": 14, "fromB": 13, "toB": 13, "inserted": [""]}}
{"dateTime": "2025-08-20T22:41:17.136Z", "eventType": "delete.backward", "fullPath": "/main.py", "details": {"fromA": 11, "toA": 13, "fromB": 11, "toB": 11, "inserted": [""]}}
{"dateTime": "2025-08-20T22:41:17.360Z", "eventType": "delete.backward", "fullPath": "/main.py", "details": {"fromA": 9, "toA": 11, "fromB": 9, "toB": 9, "inserted": [""]}}
{"dateTime": "2025-08-20T22:41:17.569Z", "eventType": "delete.backward", "fullPath": "/main.py", "details": {"fromA": 8, "toA": 9, "fromB": 8, "toB": 8, "inserted": [""]}}
{"dateTime": "2025-08-20T22:41:17.744Z", "eventType": "delete.backward", "fullPath": "/main.py", "details": {"fromA": 7, "toA": 8, "fromB": 7, "toB": 7, "inserted": [""]}}
{"dateTime": "2025-08-20T22:41:17.905Z", "eventType": "delete.backward", "fullPath": "/main.py", "details": {"fromA": 6, "toA": 7, "fromB": 6, "toB": 6, "inserted": [""]}}
{"dateTime": "2025-08-20T22:41:19.553Z", "eventType": "input.type", "fullPath": "/main.py", "details": {"fromA": 6, "toA": 6, "fromB": 6, "toB": 8, "inserted": ["\"\""]}}
{"dateTime": "2025-08-20T22:41:19.713Z", "eventType": "input.type", "fullPath": "/main.py", "details": {"fromA": 7, "toA": 8, "fromB": 7, "toB": 8, "inserted": ["\""]}}
{"dateTime": "2025-08-20T22:41:21.563Z", "eventType": "blur", "fullPath": "/main.py"}
{"dateTime": "2025-08-20T22:41:21.981Z", "eventType": "submission", "details": {"correctness": 0, "commit": "fc4922c3e9bd8b7538317cfd8c2dc3a5d32e0655", "executionTime": 0.01}}
{"dateTime": "2025-08-20T22:41:35.774Z", "eventType": "focus", "fullPath": "/main.py"}
{"dateTime": "2025-08-20T22:41:35.777Z", "eventType": "select.pointer", "fullPath": "/main.py", "details": {"selection": {"from": 7, "to": 7}}}
{"dateTime": "2025-08-20T22:41:36.628Z", "eventType": "blur", "fullPath": "/main.py"}
{"dateTime": "2025-08-20T22:41:36.973Z", "eventType": "focus", "fullPath": "/main.py"}
{"dateTime": "2025-08-20T22:41:36.977Z", "eventType": "select", "fullPath": "/main.py", "details": {"selection": {"from": 9, "to": 9}}}
{"dateTime": "2025-08-20T22:41:37.984Z", "eventType": "delete.backward", "fullPath": "/main.py", "details": {"fromA": 8, "toA": 9, "fromB": 8, "toB": 8, "inserted": [""]}}
{"dateTime": "2025-08-20T22:41:38.159Z", "eventType": "delete.backward", "fullPath": "/main.py", "details": {"fromA": 7, "toA": 8, "fromB": 7, "toB": 7, "inserted": [""]}}
{"dateTime": "2025-08-20T22:41:38.400Z", "eventType": "delete.backward", "fullPath": "/main.py", "details": {"fromA": 6, "toA": 7, "fromB": 6, "toB": 6, "inserted": [""]}}
{"dateTime": "2025-08-20T22:41:42.960Z", "eventType": "input.type", "fullPath": "/main.py", "details": {"fromA": 6, "toA": 6, "fromB": 6, "toB": 7, "inserted": ["u"]}}
{"dateTime": "2025-08-20T22:41:43.183Z", "eventType": "input.type", "fullPath": "/main.py", "details": {"fromA": 7, "toA": 7, "fromB": 7, "toB": 8, "inserted": ["n"]}}
{"dateTime": "2025-08-20T22:41:43.390Z", "eventType": "input.type", "fullPath": "/main.py", "details": {"fromA": 8, "toA": 8, "fromB": 8, "toB": 9, "inserted": ["i"]}}
{"dateTime": "2025-08-20T22:41:43.676Z", "eventType": "input.type", "fullPath": "/main.py", "details": {"fromA": 9, "toA": 9, "fromB": 9, "toB": 10, "inserted": ["f"]}}
{"dateTime": "2025-08-20T22:41:44.683Z", "eventType": "delete.backward", "fullPath": "/main.py", "details": {"fromA": 9, "toA": 10, "fromB": 9, "toB": 9, "inserted": [""]}}
{"dateTime": "2025-08-20T22:41:44.971Z", "eventType": "input.type", "fullPath": "/main.py", "details": {"fromA": 9, "toA": 9, "fromB": 9, "toB": 10, "inserted": ["v"]}}
{"dateTime": "2025-08-20T22:41:47.217Z", "eventType": "input.type", "fullPath": "/main.py", "details": {"fromA": 10, "toA": 10, "fromB": 10, "toB": 11, "inserted": ["e"]}}
{"dateTime": "2025-08-20T22:41:47.296Z", "eventType": "input.type", "fullPath": "/main.py", "details": {"fromA": 11, "toA": 11, "fromB": 11, "toB": 12, "inserted": ["r"]}}
{"dateTime": "2025-08-20T22:41:48.059Z", "eventType": "input.type", "fullPath": "/main.py", "details": {"fromA": 12, "toA": 12, "fromB": 12, "toB": 13, "inserted": ["s"]}}
{"dateTime": "2025-08-20T22:41:48.251Z", "eventType": "input.type", "fullPath": "/main.py", "details": {"fromA": 13, "toA": 13, "fromB": 13, "toB": 14, "inserted": ["i"]}}
{"dateTime": "2025-08-20T22:41:48.363Z", "eventType": "input.type", "fullPath": "/main.py", "details": {"fromA": 14, "toA": 14, "fromB": 14, "toB": 15, "inserted": ["d"]}}
{"dateTime": "2025-08-20T22:41:48.635Z", "eventType": "input.type", "fullPath": "/main.py", "details": {"fromA": 15, "toA": 15, "fromB": 15, "toB": 16, "inserted": ["a"]}}
{"dateTime": "2025-08-20T22:41:48.875Z", "eventType": "input.type", "fullPath": "/main.py", "details": {"fromA": 16, "toA": 16, "fromB": 16, "toB": 17, "inserted": ["d"]}}
{"dateTime": "2025-08-20T22:41:49.067Z", "eventType": "input.type", "fullPath": "/main.py", "details": {"fromA": 17, "toA": 17, "fromB": 17, "toB": 18, "inserted": ["e"]}}
{"dateTime": "2025-08-20T22:41:50.460Z", "eventType": "delete.backward", "fullPath": "/main.py", "details": {"fromA": 17, "toA": 18, "fromB": 17, "toB": 17, "inserted": [""]}}
{"dateTime": "2025-08-20T22:41:51.360Z", "eventType": "delete.backward", "fullPath": "/main.py", "details": {"fromA": 16, "toA": 17, "fromB": 16, "toB": 16, "inserted": [""]}}
{"dateTime": "2025-08-20T22:41:51.855Z", "eventType": "delete.backward", "fullPath": "/main.py", "details": {"fromA": 15, "toA": 16, "fromB": 15, "toB": 15, "inserted": [""]}}
{"dateTime": "2025-08-20T22:41:51.905Z", "eventType": "delete.backward", "fullPath": "/main.py", "details": {"fromA": 14, "toA": 15, "fromB": 14, "toB": 14, "inserted": [""]}}
{"dateTime": "2025-08-20T22:41:51.955Z", "eventType": "delete.backward", "fullPath": "/main.py", "details": {"fromA": 13, "toA": 14, "fromB": 13, "toB": 13, "inserted": [""]}}
{"dateTime": "2025-08-20T22:41:52.005Z", "eventType": "delete.backward", "fullPath": "/main.py", "details": {"fromA": 12, "toA": 13, "fromB": 12, "toB": 12, "inserted": [""]}}
{"dateTime": "2025-08-20T22:41:52.056Z", "eventType": "delete.backward", "fullPath": "/main.py", "details": {"fromA": 11, "toA": 12, "fromB": 11, "toB": 11, "inserted": [""]}}
{"dateTime": "2025-08-20T22:41:52.106Z", "eventType": "delete.backward", "fullPath": "/main.py", "details": {"fromA": 10, "toA": 11, "fromB": 10, "toB": 10, "inserted": [""]}}
{"dateTime": "2025-08-20T22:41:52.315Z", "eventType": "delete.backward", "fullPath": "/main.py", "details": {"fromA": 9, "toA": 10, "fromB": 9, "toB": 9, "inserted": [""]}}
{"dateTime": "2025-08-20T22:41:52.507Z", "eventType": "delete.backward", "fullPath": "/main.py", "details": {"fromA": 8, "toA": 9, "fromB": 8, "toB": 8, "inserted": [""]}}
{"dateTime": "2025-08-20T22:41:52.667Z", "eventType": "delete.backward", "fullPath": "/main.py", "details": {"fromA": 7, "toA": 8, "fromB": 7, "toB": 7, "inserted": [""]}}
{"dateTime": "2025-08-20T22:41:53.307Z", "eventType": "delete.backward", "fullPath": "/main.py", "details": {"fromA": 6, "toA": 7, "fromB": 6, "toB": 6, "inserted": [""]}}
{"dateTime": "2025-08-20T22:41:56.432Z", "eventType": "input.type", "fullPath": "/main.py", "details": {"fromA": 6, "toA": 6, "fromB": 6, "toB": 7, "inserted": ["U"]}}
{"dateTime": "2025-08-20T22:41:58.514Z", "eventType": "input.type", "fullPath": "/main.py", "details": {"fromA": 7, "toA": 7, "fromB": 7, "toB": 8, "inserted": ["n"]}}
{"dateTime": "2025-08-20T22:41:59.489Z", "eventType": "input.type", "fullPath": "/main.py", "details": {"fromA": 8, "toA": 8, "fromB": 8, "toB": 9, "inserted": ["i"]}}
{"dateTime": "2025-08-20T22:42:01.089Z", "eventType": "input.type", "fullPath": "/main.py", "details": {"fromA": 9, "toA": 9, "fromB": 9, "toB": 10, "inserted": ["v"]}}
{"dateTime": "2025-08-20T22:42:01.248Z", "eventType": "input.type", "fullPath": "/main.py", "details": {"fromA": 10, "toA": 10, "fromB": 10, "toB": 11, "inserted": ["e"]}}
{"dateTime": "2025-08-20T22:42:01.344Z", "eventType": "input.type", "fullPath": "/main.py", "details": {"fromA": 11, "toA": 11, "fromB": 11, "toB": 12, "inserted": ["r"]}}
{"dateTime": "2025-08-20T22:42:02.256Z", "eventType": "input.type", "fullPath": "/main.py", "details": {"fromA": 12, "toA": 12, "fromB": 12, "toB": 13, "inserted": ["s"]}}
{"dateTime": "2025-08-20T22:42:02.400Z", "eventType": "input.type", "fullPath": "/main.py", "details": {"fromA": 13, "toA": 13, "fromB": 13, "toB": 14, "inserted": ["i"]}}
{"dateTime": "2025-08-20T22:42:02.545Z", "eventType": "input.type", "fullPath": "/main.py", "details": {"fromA": 14, "toA": 14, "fromB": 14, "toB": 15, "inserted": ["d"]}}
{"dateTime": "2025-08-20T22:42:02.768Z", "eventType": "input.type", "fullPath": "/main.py", "details": {"fromA": 15, "toA": 15, "fromB": 15, "toB": 16, "inserted": ["a"]}}
{"dateTime": "2025-08-20T22:42:03.008Z", "eventType": "input.type", "fullPath": "/main.py", "details": {"fromA": 16, "toA": 16, "fromB": 16, "toB": 17, "inserted": ["d"]}}
{"dateTime": "2025-08-20T22:42:03.184Z", "eventType": "input.type", "fullPath": "/main.py", "details": {"fromA": 17, "toA": 17, "fromB": 17, "toB": 18, "inserted": ["e"]}}
{"dateTime": "2025-08-20T22:42:03.361Z", "eventType": "input.type", "fullPath": "/main.py", "details": {"fromA": 18, "toA": 18, "fromB": 18, "toB": 19, "inserted": [" "]}}
{"dateTime": "2025-08-20T22:42:05.312Z", "eventType": "input.type", "fullPath": "/main.py", "details": {"fromA": 19, "toA": 19, "fromB": 19, "toB": 20, "inserted": ["F"]}}
{"dateTime": "2025-08-20T22:42:06.193Z", "eventType": "input.type", "fullPath": "/main.py", "details": {"fromA": 20, "toA": 20, "fromB": 20, "toB": 21, "inserted": ["e"]}}
{"dateTime": "2025-08-20T22:42:06.403Z", "eventType": "input.type", "fullPath": "/main.py", "details": {"fromA": 21, "toA": 21, "fromB": 21, "toB": 22, "inserted": ["d"]}}
{"dateTime": "2025-08-20T22:42:07.456Z", "eventType": "input.type", "fullPath": "/main.py", "details": {"fromA": 22, "toA": 22, "fromB": 22, "toB": 23, "inserted": ["e"]}}
{"dateTime": "2025-08-20T22:42:08.288Z", "eventType": "input.type", "fullPath": "/main.py", "details": {"fromA": 23, "toA": 23, "fromB": 23, "toB": 24, "inserted": ["r"]}}
{"dateTime": "2025-08-20T22:42:08.912Z", "eventType": "input.type", "fullPath": "/main.py", "details": {"fromA": 24, "toA": 24, "fromB": 24, "toB": 25, "inserted": ["a"]}}
{"dateTime": "2025-08-20T22:42:09.089Z", "eventType": "input.type", "fullPath": "/main.py", "details": {"fromA": 25, "toA": 25, "fromB": 25, "toB": 26, "inserted": ["l"]}}
{"dateTime": "2025-08-20T22:42:09.297Z", "eventType": "input.type", "fullPath": "/main.py", "details": {"fromA": 26, "toA": 26, "fromB": 26, "toB": 27, "inserted": [" "]}}
{"dateTime": "2025-08-20T22:42:09.426Z", "eventType": "input.type", "fullPath": "/main.py", "details": {"fromA": 27, "toA": 27, "fromB": 27, "toB": 28, "inserted": ["d"]}}
{"dateTime": "2025-08-20T22:42:09.555Z", "eventType": "input.type", "fullPath": "/main.py", "details": {"fromA": 28, "toA": 28, "fromB": 28, "toB": 29, "inserted": ["o"]}}
{"dateTime": "2025-08-20T22:42:11.088Z", "eventType": "input.type", "fullPath": "/main.py", "details": {"fromA": 29, "toA": 29, "fromB": 29, "toB": 30, "inserted": [" "]}}
{"dateTime": "2025-08-20T22:42:12.160Z", "eventType": "input.type", "fullPath": "/main.py", "details": {"fromA": 30, "toA": 30, "fromB": 30, "toB": 31, "inserted": ["A"]}}
{"dateTime": "2025-08-20T22:42:12.673Z", "eventType": "input.type", "fullPath": "/main.py", "details": {"fromA": 31, "toA": 31, "fromB": 31, "toB": 32, "inserted": ["m"]}}
{"dateTime": "2025-08-20T22:42:12.835Z", "eventType": "input.type", "fullPath": "/main.py", "details": {"fromA": 32, "toA": 32, "fromB": 32, "toB": 33, "inserted": ["a"]}}
{"dateTime": "2025-08-20T22:42:13.106Z", "eventType": "input.type", "fullPath": "/main.py", "details": {"fromA": 33, "toA": 33, "fromB": 33, "toB": 34, "inserted": ["z"]}}
{"dateTime": "2025-08-20T22:42:13.568Z", "eventType": "input.type", "fullPath": "/main.py", "details": {"fromA": 34, "toA": 34, "fromB": 34, "toB": 35, "inserted": ["o"]}}
{"dateTime": "2025-08-20T22:42:13.779Z", "eventType": "input.type", "fullPath": "/main.py", "details": {"fromA": 35, "toA": 35, "fromB": 35, "toB": 36, "inserted": ["n"]}}
{"dateTime": "2025-08-20T22:42:13.954Z", "eventType": "input.type", "fullPath": "/main.py", "details": {"fromA": 36, "toA": 36, "fromB": 36, "toB": 37, "inserted": ["a"]}}
{"dateTime": "2025-08-20T22:42:15.040Z", "eventType": "input.type", "fullPath": "/main.py", "details": {"fromA": 37, "toA": 37, "fromB": 37, "toB": 38, "inserted": ["s"]}}
{"dateTime": "2025-08-20T22:42:19.777Z", "eventType": "input.type", "fullPath": "/main.py", "details": {"fromA": 38, "toA": 38, "fromB": 38, "toB": 39, "inserted": ["\""]}}
{"dateTime": "2025-08-20T22:42:21.560Z", "eventType": "select.pointer", "fullPath": "/main.py", "details": {"selection": {"from": 6, "to": 6}}}
{"dateTime": "2025-08-20T22:42:23.616Z", "eventType": "input.type", "fullPath": "/main.py", "details": {"fromA": 6, "toA": 6, "fromB": 6, "toB": 7, "inserted": ["\""]}}
{"dateTime": "2025-08-20T22:42:24.907Z", "eventType": "select.pointer", "fullPath": "/main.py", "details": {"selection": {"from": 40, "to": 40}}}
