{"dateTime": "2025-08-28T22:01:40.125Z", "eventType": "submission", "details": {"correctness": 1, "commit": "555399923077d5dd48934065bff9f30c056817fa", "executionTime": 0.01}}
{"dateTime": "2025-08-28T22:01:57.287Z", "eventType": "focus", "fullPath": "/main.py"}
{"dateTime": "2025-08-28T22:01:57.292Z", "eventType": "select.pointer", "fullPath": "/main.py", "details": {"selection": {"from": 0, "to": 0}}}
{"dateTime": "2025-08-28T22:01:59.798Z", "eventType": "input.type", "fullPath": "/main.py", "details": {"fromA": 0, "toA": 0, "fromB": 0, "toB": 1, "inserted": ["p"]}}
{"dateTime": "2025-08-28T22:01:59.913Z", "eventType": "input.type", "fullPath": "/main.py", "details": {"fromA": 1, "toA": 1, "fromB": 1, "toB": 2, "inserted": ["e"]}}
{"dateTime": "2025-08-28T22:02:00.178Z", "eventType": "input.type", "fullPath": "/main.py", "details": {"fromA": 2, "toA": 2, "fromB": 2, "toB": 3, "inserted": ["s"]}}
{"dateTime": "2025-08-28T22:02:00.357Z", "eventType": "input.type", "fullPath": "/main.py", "details": {"fromA": 3, "toA": 3, "fromB": 3, "toB": 4, "inserted": ["a"]}}
{"dateTime": "2025-08-28T22:02:00.598Z", "eventType": "input.type", "fullPath": "/main.py", "details": {"fromA": 4, "toA": 4, "fromB": 4, "toB": 5, "inserted": ["o"]}}
{"dateTime": "2025-08-28T22:02:01.249Z", "eventType": "delete.backward", "fullPath": "/main.py", "details": {"fromA": 4, "toA": 5, "fromB": 4, "toB": 4, "inserted": [""]}}
{"dateTime": "2025-08-28T22:02:01.395Z", "eventType": "delete.backward", "fullPath": "/main.py", "details": {"fromA": 3, "toA": 4, "fromB": 3, "toB": 3, "inserted": [""]}}
{"dateTime": "2025-08-28T22:02:01.942Z", "eventType": "input.type", "fullPath": "/main.py", "details": {"fromA": 3, "toA": 3, "fromB": 3, "toB": 4, "inserted": ["o"]}}
{"dateTime": "2025-08-28T22:02:02.710Z", "eventType": "input.type", "fullPath": "/main.py", "details": {"fromA": 4, "toA": 4, "fromB": 4, "toB": 5, "inserted": ["d"]}}
{"dateTime": "2025-08-28T22:02:02.855Z", "eventType": "input.type", "fullPath": "/main.py", "details": {"fromA": 5, "toA": 5, "fromB": 5, "toB": 6, "inserted": ["o"]}}
{"dateTime": "2025-08-28T22:02:03.047Z", "eventType": "input.type", "fullPath": "/main.py", "details": {"fromA": 6, "toA": 6, "fromB": 6, "toB": 7, "inserted": ["s"]}}
{"dateTime": "2025-08-28T22:02:03.541Z", "eventType": "input.type", "fullPath": "/main.py", "details": {"fromA": 7, "toA": 7, "fromB": 7, "toB": 8, "inserted": ["a"]}}
{"dateTime": "2025-08-28T22:02:03.733Z", "eventType": "input.type", "fullPath": "/main.py", "details": {"fromA": 8, "toA": 8, "fromB": 8, "toB": 9, "inserted": ["c"]}}
{"dateTime": "2025-08-28T22:02:04.065Z", "eventType": "input.type", "fullPath": "/main.py", "details": {"fromA": 9, "toA": 9, "fromB": 9, "toB": 10, "inserted": ["o"]}}
{"dateTime": "2025-08-28T22:02:04.547Z", "eventType": "input.type", "fullPath": "/main.py", "details": {"fromA": 10, "toA": 10, "fromB": 10, "toB": 11, "inserted": ["d"]}}
{"dateTime": "2025-08-28T22:02:04.693Z", "eventType": "input.type", "fullPath": "/main.py", "details": {"fromA": 11, "toA": 11, "fromB": 11, "toB": 12, "inserted": ["e"]}}
{"dateTime": "2025-08-28T22:02:08.044Z", "eventType": "delete.backward", "fullPath": "/main.py", "details": {"fromA": 11, "toA": 12, "fromB": 11, "toB": 11, "inserted": [""]}}
{"dateTime": "2025-08-28T22:02:08.538Z", "eventType": "delete.backward", "fullPath": "/main.py", "details": {"fromA": 10, "toA": 11, "fromB": 10, "toB": 10, "inserted": [""]}}
{"dateTime": "2025-08-28T22:02:08.583Z", "eventType": "delete.backward", "fullPath": "/main.py", "details": {"fromA": 9, "toA": 10, "fromB": 9, "toB": 9, "inserted": [""]}}
{"dateTime": "2025-08-28T22:02:08.633Z", "eventType": "delete.backward", "fullPath": "/main.py", "details": {"fromA": 8, "toA": 9, "fromB": 8, "toB": 8, "inserted": [""]}}
{"dateTime": "2025-08-28T22:02:08.682Z", "eventType": "delete.backward", "fullPath": "/main.py", "details": {"fromA": 7, "toA": 8, "fromB": 7, "toB": 7, "inserted": [""]}}
{"dateTime": "2025-08-28T22:02:08.835Z", "eventType": "delete.backward", "fullPath": "/main.py", "details": {"fromA": 6, "toA": 7, "fromB": 6, "toB": 6, "inserted": [""]}}
{"dateTime": "2025-08-28T22:02:09.012Z", "eventType": "delete.backward", "fullPath": "/main.py", "details": {"fromA": 5, "toA": 6, "fromB": 5, "toB": 5, "inserted": [""]}}
{"dateTime": "2025-08-28T22:02:09.252Z", "eventType": "delete.backward", "fullPath": "/main.py", "details": {"fromA": 4, "toA": 5, "fromB": 4, "toB": 4, "inserted": [""]}}
{"dateTime": "2025-08-28T22:02:10.486Z", "eventType": "input.type", "fullPath": "/main.py", "details": {"fromA": 4, "toA": 4, "fromB": 4, "toB": 5, "inserted": ["r"]}}
{"dateTime": "2025-08-28T22:02:10.721Z", "eventType": "input.type", "fullPath": "/main.py", "details": {"fromA": 5, "toA": 5, "fromB": 5, "toB": 6, "inserted": ["a"]}}
{"dateTime": "2025-08-28T22:02:10.950Z", "eventType": "input.type", "fullPath": "/main.py", "details": {"fromA": 6, "toA": 6, "fromB": 6, "toB": 7, "inserted": ["c"]}}
{"dateTime": "2025-08-28T22:02:11.125Z", "eventType": "input.type", "fullPath": "/main.py", "details": {"fromA": 7, "toA": 7, "fromB": 7, "toB": 8, "inserted": ["a"]}}
{"dateTime": "2025-08-28T22:02:11.333Z", "eventType": "input.type", "fullPath": "/main.py", "details": {"fromA": 8, "toA": 8, "fromB": 8, "toB": 9, "inserted": ["o"]}}
{"dateTime": "2025-08-28T22:02:12.481Z", "eventType": "input.type", "fullPath": "/main.py", "details": {"fromA": 9, "toA": 9, "fromB": 9, "toB": 10, "inserted": [" "]}}
{"dateTime": "2025-08-28T22:02:12.660Z", "eventType": "input.type", "fullPath": "/main.py", "details": {"fromA": 10, "toA": 10, "fromB": 10, "toB": 11, "inserted": ["="]}}
{"dateTime": "2025-08-28T22:02:12.774Z", "eventType": "input.type", "fullPath": "/main.py", "details": {"fromA": 11, "toA": 11, "fromB": 11, "toB": 12, "inserted": [" "]}}
{"dateTime": "2025-08-28T22:02:22.279Z", "eventType": "input.type", "fullPath": "/main.py", "details": {"fromA": 12, "toA": 12, "fromB": 12, "toB": 13, "inserted": ["f"]}}
{"dateTime": "2025-08-28T22:02:22.418Z", "eventType": "input.type", "fullPath": "/main.py", "details": {"fromA": 13, "toA": 13, "fromB": 13, "toB": 14, "inserted": ["l"]}}
{"dateTime": "2025-08-28T22:02:22.620Z", "eventType": "input.type", "fullPath": "/main.py", "details": {"fromA": 14, "toA": 14, "fromB": 14, "toB": 15, "inserted": ["o"]}}
{"dateTime": "2025-08-28T22:02:22.890Z", "eventType": "input.type", "fullPath": "/main.py", "details": {"fromA": 15, "toA": 15, "fromB": 15, "toB": 16, "inserted": ["a"]}}
{"dateTime": "2025-08-28T22:02:23.158Z", "eventType": "input.type", "fullPath": "/main.py", "details": {"fromA": 16, "toA": 16, "fromB": 16, "toB": 17, "inserted": ["t"]}}
{"dateTime": "2025-08-28T22:02:24.341Z", "eventType": "input.type", "fullPath": "/main.py", "details": {"fromA": 17, "toA": 17, "fromB": 17, "toB": 19, "inserted": ["()"]}}
{"dateTime": "2025-08-28T22:02:24.742Z", "eventType": "input.type", "fullPath": "/main.py", "details": {"fromA": 18, "toA": 18, "fromB": 18, "toB": 19, "inserted": ["i"]}}
{"dateTime": "2025-08-28T22:02:24.916Z", "eventType": "input.type", "fullPath": "/main.py", "details": {"fromA": 19, "toA": 19, "fromB": 19, "toB": 20, "inserted": ["n"]}}
{"dateTime": "2025-08-28T22:02:25.139Z", "eventType": "input.type", "fullPath": "/main.py", "details": {"fromA": 20, "toA": 20, "fromB": 20, "toB": 21, "inserted": ["o"]}}
{"dateTime": "2025-08-28T22:02:25.362Z", "eventType": "input.type", "fullPath": "/main.py", "details": {"fromA": 21, "toA": 21, "fromB": 21, "toB": 22, "inserted": ["u"]}}
{"dateTime": "2025-08-28T22:02:27.016Z", "eventType": "delete.backward", "fullPath": "/main.py", "details": {"fromA": 21, "toA": 22, "fromB": 21, "toB": 21, "inserted": [""]}}
{"dateTime": "2025-08-28T22:02:27.139Z", "eventType": "delete.backward", "fullPath": "/main.py", "details": {"fromA": 20, "toA": 21, "fromB": 20, "toB": 20, "inserted": [""]}}
{"dateTime": "2025-08-28T22:02:28.748Z", "eventType": "input.complete", "fullPath": "/main.py", "details": {"fromA": 18, "toA": 20, "fromB": 18, "toB": 23, "inserted": ["input"]}}
{"dateTime": "2025-08-28T22:02:30.499Z", "eventType": "input.type", "fullPath": "/main.py", "details": {"fromA": 23, "toA": 23, "fromB": 23, "toB": 25, "inserted": ["()"]}}
{"dateTime": "2025-08-28T22:02:31.959Z", "eventType": "select.pointer", "fullPath": "/main.py", "details": {"selection": {"from": 26, "to": 26}}}
{"dateTime": "2025-08-28T22:02:37.703Z", "eventType": "input", "fullPath": "/main.py", "details": {"fromA": 26, "toA": 26, "fromB": 26, "toB": 27, "inserted": ["", ""]}}
{"dateTime": "2025-08-28T22:02:42.567Z", "eventType": "input.type", "fullPath": "/main.py", "details": {"fromA": 27, "toA": 27, "fromB": 27, "toB": 28, "inserted": ["d"]}}
{"dateTime": "2025-08-28T22:02:42.722Z", "eventType": "input.type", "fullPath": "/main.py", "details": {"fromA": 28, "toA": 28, "fromB": 28, "toB": 29, "inserted": ["i"]}}
{"dateTime": "2025-08-28T22:02:42.882Z", "eventType": "input.type", "fullPath": "/main.py", "details": {"fromA": 29, "toA": 29, "fromB": 29, "toB": 30, "inserted": ["a"]}}
{"dateTime": "2025-08-28T22:02:42.999Z", "eventType": "input.type", "fullPath": "/main.py", "details": {"fromA": 30, "toA": 30, "fromB": 30, "toB": 31, "inserted": ["s"]}}
{"dateTime": "2025-08-28T22:02:44.133Z", "eventType": "input.type", "fullPath": "/main.py", "details": {"fromA": 31, "toA": 31, "fromB": 31, "toB": 32, "inserted": [" "]}}
{"dateTime": "2025-08-28T22:02:44.471Z", "eventType": "input.type", "fullPath": "/main.py", "details": {"fromA": 32, "toA": 32, "fromB": 32, "toB": 33, "inserted": ["="]}}
{"dateTime": "2025-08-28T22:02:44.678Z", "eventType": "input.type", "fullPath": "/main.py", "details": {"fromA": 33, "toA": 33, "fromB": 33, "toB": 34, "inserted": [" "]}}
{"dateTime": "2025-08-28T22:02:45.444Z", "eventType": "delete.backward", "fullPath": "/main.py", "details": {"fromA": 33, "toA": 34, "fromB": 33, "toB": 33, "inserted": [""]}}
{"dateTime": "2025-08-28T22:02:45.588Z", "eventType": "delete.backward", "fullPath": "/main.py", "details": {"fromA": 32, "toA": 33, "fromB": 32, "toB": 32, "inserted": [""]}}
{"dateTime": "2025-08-28T22:02:45.732Z", "eventType": "delete.backward", "fullPath": "/main.py", "details": {"fromA": 31, "toA": 32, "fromB": 31, "toB": 31, "inserted": [""]}}
{"dateTime": "2025-08-28T22:02:45.874Z", "eventType": "delete.backward", "fullPath": "/main.py", "details": {"fromA": 30, "toA": 31, "fromB": 30, "toB": 30, "inserted": [""]}}
{"dateTime": "2025-08-28T22:02:46.004Z", "eventType": "delete.backward", "fullPath": "/main.py", "details": {"fromA": 29, "toA": 30, "fromB": 29, "toB": 29, "inserted": [""]}}
{"dateTime": "2025-08-28T22:02:46.148Z", "eventType": "delete.backward", "fullPath": "/main.py", "details": {"fromA": 28, "toA": 29, "fromB": 28, "toB": 28, "inserted": [""]}}
{"dateTime": "2025-08-28T22:02:46.325Z", "eventType": "delete.backward", "fullPath": "/main.py", "details": {"fromA": 27, "toA": 28, "fromB": 27, "toB": 27, "inserted": [""]}}
{"dateTime": "2025-08-28T22:02:47.104Z", "eventType": "input.type", "fullPath": "/main.py", "details": {"fromA": 27, "toA": 27, "fromB": 27, "toB": 28, "inserted": ["q"]}}
{"dateTime": "2025-08-28T22:02:47.281Z", "eventType": "input.type", "fullPath": "/main.py", "details": {"fromA": 28, "toA": 28, "fromB": 28, "toB": 29, "inserted": ["u"]}}
{"dateTime": "2025-08-28T22:02:47.394Z", "eventType": "input.type", "fullPath": "/main.py", "details": {"fromA": 29, "toA": 29, "fromB": 29, "toB": 30, "inserted": ["a"]}}
{"dateTime": "2025-08-28T22:02:47.524Z", "eventType": "input.type", "fullPath": "/main.py", "details": {"fromA": 30, "toA": 30, "fromB": 30, "toB": 31, "inserted": ["n"]}}
{"dateTime": "2025-08-28T22:02:49.376Z", "eventType": "input.type", "fullPath": "/main.py", "details": {"fromA": 31, "toA": 31, "fromB": 31, "toB": 32, "inserted": ["t"]}}
{"dateTime": "2025-08-28T22:02:49.845Z", "eventType": "input.type", "fullPath": "/main.py", "details": {"fromA": 32, "toA": 32, "fromB": 32, "toB": 33, "inserted": ["d"]}}
{"dateTime": "2025-08-28T22:02:50.101Z", "eventType": "input.type", "fullPath": "/main.py", "details": {"fromA": 33, "toA": 33, "fromB": 33, "toB": 34, "inserted": ["i"]}}
{"dateTime": "2025-08-28T22:02:50.245Z", "eventType": "input.type", "fullPath": "/main.py", "details": {"fromA": 34, "toA": 34, "fromB": 34, "toB": 35, "inserted": ["a"]}}
{"dateTime": "2025-08-28T22:02:50.325Z", "eventType": "input.type", "fullPath": "/main.py", "details": {"fromA": 35, "toA": 35, "fromB": 35, "toB": 36, "inserted": ["s"]}}
{"dateTime": "2025-08-28T22:02:51.477Z", "eventType": "input.type", "fullPath": "/main.py", "details": {"fromA": 36, "toA": 36, "fromB": 36, "toB": 37, "inserted": [" "]}}
{"dateTime": "2025-08-28T22:02:51.621Z", "eventType": "input.type", "fullPath": "/main.py", "details": {"fromA": 37, "toA": 37, "fromB": 37, "toB": 38, "inserted": ["="]}}
{"dateTime": "2025-08-28T22:02:51.781Z", "eventType": "input.type", "fullPath": "/main.py", "details": {"fromA": 38, "toA": 38, "fromB": 38, "toB": 39, "inserted": [" "]}}
{"dateTime": "2025-08-28T22:02:53.157Z", "eventType": "input.type", "fullPath": "/main.py", "details": {"fromA": 39, "toA": 39, "fromB": 39, "toB": 40, "inserted": ["i"]}}
{"dateTime": "2025-08-28T22:02:53.346Z", "eventType": "input.type", "fullPath": "/main.py", "details": {"fromA": 40, "toA": 40, "fromB": 40, "toB": 41, "inserted": ["n"]}}
{"dateTime": "2025-08-28T22:02:53.682Z", "eventType": "input.type", "fullPath": "/main.py", "details": {"fromA": 41, "toA": 41, "fromB": 41, "toB": 42, "inserted": ["t"]}}
{"dateTime": "2025-08-28T22:02:55.662Z", "eventType": "input.type", "fullPath": "/main.py", "details": {"fromA": 42, "toA": 42, "fromB": 42, "toB": 44, "inserted": ["()"]}}
{"dateTime": "2025-08-28T22:02:56.551Z", "eventType": "input.type", "fullPath": "/main.py", "details": {"fromA": 43, "toA": 43, "fromB": 43, "toB": 44, "inserted": ["i"]}}
{"dateTime": "2025-08-28T22:02:56.709Z", "eventType": "input.type", "fullPath": "/main.py", "details": {"fromA": 44, "toA": 44, "fromB": 44, "toB": 45, "inserted": ["n"]}}
{"dateTime": "2025-08-28T22:02:56.962Z", "eventType": "input.type", "fullPath": "/main.py", "details": {"fromA": 45, "toA": 45, "fromB": 45, "toB": 46, "inserted": ["p"]}}
{"dateTime": "2025-08-28T22:02:57.207Z", "eventType": "input.type", "fullPath": "/main.py", "details": {"fromA": 46, "toA": 46, "fromB": 46, "toB": 47, "inserted": ["u"]}}
{"dateTime": "2025-08-28T22:02:59.307Z", "eventType": "input.complete", "fullPath": "/main.py", "details": {"fromA": 43, "toA": 47, "fromB": 43, "toB": 48, "inserted": ["input"]}}
{"dateTime": "2025-08-28T22:03:00.650Z", "eventType": "input.type", "fullPath": "/main.py", "details": {"fromA": 48, "toA": 48, "fromB": 48, "toB": 50, "inserted": ["()"]}}
{"dateTime": "2025-08-28T22:03:02.143Z", "eventType": "select.pointer", "fullPath": "/main.py", "details": {"selection": {"from": 51, "to": 51}}}
{"dateTime": "2025-08-28T22:03:35.034Z", "eventType": "input", "fullPath": "/main.py", "details": {"fromA": 51, "toA": 51, "fromB": 51, "toB": 52, "inserted": ["", ""]}}
{"dateTime": "2025-08-28T22:03:40.309Z", "eventType": "input.type", "fullPath": "/main.py", "details": {"fromA": 52, "toA": 52, "fromB": 52, "toB": 53, "inserted": ["t"]}}
{"dateTime": "2025-08-28T22:03:40.499Z", "eventType": "input.type", "fullPath": "/main.py", "details": {"fromA": 53, "toA": 53, "fromB": 53, "toB": 54, "inserted": ["o"]}}
{"dateTime": "2025-08-28T22:03:40.852Z", "eventType": "input.type", "fullPath": "/main.py", "details": {"fromA": 54, "toA": 54, "fromB": 54, "toB": 55, "inserted": ["r"]}}
{"dateTime": "2025-08-28T22:03:41.415Z", "eventType": "delete.backward", "fullPath": "/main.py", "details": {"fromA": 54, "toA": 55, "fromB": 54, "toB": 54, "inserted": [""]}}
{"dateTime": "2025-08-28T22:03:42.581Z", "eventType": "input.type", "fullPath": "/main.py", "details": {"fromA": 54, "toA": 54, "fromB": 54, "toB": 55, "inserted": ["t"]}}
{"dateTime": "2025-08-28T22:03:42.839Z", "eventType": "input.type", "fullPath": "/main.py", "details": {"fromA": 55, "toA": 55, "fromB": 55, "toB": 56, "inserted": ["a"]}}
{"dateTime": "2025-08-28T22:03:43.062Z", "eventType": "input.type", "fullPath": "/main.py", "details": {"fromA": 56, "toA": 56, "fromB": 56, "toB": 57, "inserted": ["l"]}}
{"dateTime": "2025-08-28T22:03:43.333Z", "eventType": "input.type", "fullPath": "/main.py", "details": {"fromA": 57, "toA": 57, "fromB": 57, "toB": 58, "inserted": [" "]}}
{"dateTime": "2025-08-28T22:03:43.511Z", "eventType": "input.type", "fullPath": "/main.py", "details": {"fromA": 58, "toA": 58, "fromB": 58, "toB": 59, "inserted": ["-"]}}
{"dateTime": "2025-08-28T22:03:43.608Z", "eventType": "input.type", "fullPath": "/main.py", "details": {"fromA": 59, "toA": 59, "fromB": 59, "toB": 60, "inserted": [" "]}}
{"dateTime": "2025-08-28T22:03:44.832Z", "eventType": "delete.backward", "fullPath": "/main.py", "details": {"fromA": 59, "toA": 60, "fromB": 59, "toB": 59, "inserted": [""]}}
{"dateTime": "2025-08-28T22:03:44.980Z", "eventType": "delete.backward", "fullPath": "/main.py", "details": {"fromA": 58, "toA": 59, "fromB": 58, "toB": 58, "inserted": [""]}}
{"dateTime": "2025-08-28T22:03:45.972Z", "eventType": "input.type", "fullPath": "/main.py", "details": {"fromA": 58, "toA": 58, "fromB": 58, "toB": 59, "inserted": ["="]}}
{"dateTime": "2025-08-28T22:03:46.166Z", "eventType": "input.type", "fullPath": "/main.py", "details": {"fromA": 59, "toA": 59, "fromB": 59, "toB": 60, "inserted": [" "]}}
{"dateTime": "2025-08-28T22:03:47.393Z", "eventType": "input.type", "fullPath": "/main.py", "details": {"fromA": 60, "toA": 60, "fromB": 60, "toB": 61, "inserted": ["p"]}}
{"dateTime": "2025-08-28T22:03:47.571Z", "eventType": "input.type", "fullPath": "/main.py", "details": {"fromA": 61, "toA": 61, "fromB": 61, "toB": 62, "inserted": ["e"]}}
{"dateTime": "2025-08-28T22:03:51.103Z", "eventType": "input.complete", "fullPath": "/main.py", "details": {"fromA": 60, "toA": 62, "fromB": 60, "toB": 69, "inserted": ["pesoracao"]}}
{"dateTime": "2025-08-28T22:03:52.245Z", "eventType": "input.type", "fullPath": "/main.py", "details": {"fromA": 69, "toA": 69, "fromB": 69, "toB": 70, "inserted": [" "]}}
{"dateTime": "2025-08-28T22:03:52.407Z", "eventType": "input.type", "fullPath": "/main.py", "details": {"fromA": 70, "toA": 70, "fromB": 70, "toB": 71, "inserted": ["*"]}}
{"dateTime": "2025-08-28T22:03:52.496Z", "eventType": "input.type", "fullPath": "/main.py", "details": {"fromA": 71, "toA": 71, "fromB": 71, "toB": 72, "inserted": [" "]}}
{"dateTime": "2025-08-28T22:03:53.605Z", "eventType": "input.type", "fullPath": "/main.py", "details": {"fromA": 72, "toA": 72, "fromB": 72, "toB": 73, "inserted": ["q"]}}
{"dateTime": "2025-08-28T22:03:53.761Z", "eventType": "input.type", "fullPath": "/main.py", "details": {"fromA": 73, "toA": 73, "fromB": 73, "toB": 74, "inserted": ["u"]}}
{"dateTime": "2025-08-28T22:03:55.293Z", "eventType": "input.complete", "fullPath": "/main.py", "details": {"fromA": 72, "toA": 74, "fromB": 72, "toB": 81, "inserted": ["quantdias"]}}
{"dateTime": "2025-08-28T22:03:56.560Z", "eventType": "input", "fullPath": "/main.py", "details": {"fromA": 81, "toA": 81, "fromB": 81, "toB": 82, "inserted": ["", ""]}}
{"dateTime": "2025-08-28T22:04:01.247Z", "eventType": "input.type", "fullPath": "/main.py", "details": {"fromA": 82, "toA": 82, "fromB": 82, "toB": 83, "inserted": ["t"]}}
{"dateTime": "2025-08-28T22:04:01.410Z", "eventType": "input.type", "fullPath": "/main.py", "details": {"fromA": 83, "toA": 83, "fromB": 83, "toB": 84, "inserted": ["o"]}}
{"dateTime": "2025-08-28T22:04:01.740Z", "eventType": "input.type", "fullPath": "/main.py", "details": {"fromA": 84, "toA": 84, "fromB": 84, "toB": 85, "inserted": ["t"]}}
{"dateTime": "2025-08-28T22:04:02.050Z", "eventType": "input.type", "fullPath": "/main.py", "details": {"fromA": 85, "toA": 85, "fromB": 85, "toB": 86, "inserted": ["a"]}}
{"dateTime": "2025-08-28T22:04:02.283Z", "eventType": "input.type", "fullPath": "/main.py", "details": {"fromA": 86, "toA": 86, "fromB": 86, "toB": 87, "inserted": ["l"]}}
{"dateTime": "2025-08-28T22:04:02.945Z", "eventType": "input.type", "fullPath": "/main.py", "details": {"fromA": 87, "toA": 87, "fromB": 87, "toB": 88, "inserted": ["a"]}}
{"dateTime": "2025-08-28T22:04:03.237Z", "eventType": "input.type", "fullPath": "/main.py", "details": {"fromA": 88, "toA": 88, "fromB": 88, "toB": 89, "inserted": ["r"]}}
{"dateTime": "2025-08-28T22:04:03.430Z", "eventType": "input.type", "fullPath": "/main.py", "details": {"fromA": 89, "toA": 89, "fromB": 89, "toB": 90, "inserted": ["r"]}}
{"dateTime": "2025-08-28T22:04:03.526Z", "eventType": "input.type", "fullPath": "/main.py", "details": {"fromA": 90, "toA": 90, "fromB": 90, "toB": 91, "inserted": ["e"]}}
{"dateTime": "2025-08-28T22:04:04.405Z", "eventType": "input.type", "fullPath": "/main.py", "details": {"fromA": 91, "toA": 91, "fromB": 91, "toB": 92, "inserted": ["d"]}}
{"dateTime": "2025-08-28T22:04:04.613Z", "eventType": "input.type", "fullPath": "/main.py", "details": {"fromA": 92, "toA": 92, "fromB": 92, "toB": 93, "inserted": ["o"]}}
{"dateTime": "2025-08-28T22:04:04.901Z", "eventType": "input.type", "fullPath": "/main.py", "details": {"fromA": 93, "toA": 93, "fromB": 93, "toB": 94, "inserted": ["n"]}}
{"dateTime": "2025-08-28T22:04:05.125Z", "eventType": "input.type", "fullPath": "/main.py", "details": {"fromA": 94, "toA": 94, "fromB": 94, "toB": 95, "inserted": ["d"]}}
{"dateTime": "2025-08-28T22:04:05.349Z", "eventType": "input.type", "fullPath": "/main.py", "details": {"fromA": 95, "toA": 95, "fromB": 95, "toB": 96, "inserted": ["a"]}}
{"dateTime": "2025-08-28T22:04:05.557Z", "eventType": "input.type", "fullPath": "/main.py", "details": {"fromA": 96, "toA": 96, "fromB": 96, "toB": 97, "inserted": ["d"]}}
{"dateTime": "2025-08-28T22:04:05.733Z", "eventType": "input.type", "fullPath": "/main.py", "details": {"fromA": 97, "toA": 97, "fromB": 97, "toB": 98, "inserted": ["o"]}}
{"dateTime": "2025-08-28T22:04:06.325Z", "eventType": "input.type", "fullPath": "/main.py", "details": {"fromA": 98, "toA": 98, "fromB": 98, "toB": 99, "inserted": [" "]}}
{"dateTime": "2025-08-28T22:04:06.471Z", "eventType": "input.type", "fullPath": "/main.py", "details": {"fromA": 99, "toA": 99, "fromB": 99, "toB": 100, "inserted": ["="]}}
{"dateTime": "2025-08-28T22:04:06.598Z", "eventType": "input.type", "fullPath": "/main.py", "details": {"fromA": 100, "toA": 100, "fromB": 100, "toB": 101, "inserted": [" "]}}
{"dateTime": "2025-08-28T22:04:09.312Z", "eventType": "input.type", "fullPath": "/main.py", "details": {"fromA": 101, "toA": 101, "fromB": 101, "toB": 102, "inserted": ["r"]}}
{"dateTime": "2025-08-28T22:04:09.445Z", "eventType": "input.type", "fullPath": "/main.py", "details": {"fromA": 102, "toA": 102, "fromB": 102, "toB": 103, "inserted": ["o"]}}
{"dateTime": "2025-08-28T22:04:09.602Z", "eventType": "input.type", "fullPath": "/main.py", "details": {"fromA": 103, "toA": 103, "fromB": 103, "toB": 104, "inserted": ["u"]}}
{"dateTime": "2025-08-28T22:04:09.830Z", "eventType": "input.type", "fullPath": "/main.py", "details": {"fromA": 104, "toA": 104, "fromB": 104, "toB": 105, "inserted": ["n"]}}
{"dateTime": "2025-08-28T22:04:10.090Z", "eventType": "input.type", "fullPath": "/main.py", "details": {"fromA": 105, "toA": 105, "fromB": 105, "toB": 106, "inserted": ["d"]}}
{"dateTime": "2025-08-28T22:04:10.662Z", "eventType": "input.type", "fullPath": "/main.py", "details": {"fromA": 106, "toA": 106, "fromB": 106, "toB": 108, "inserted": ["()"]}}
{"dateTime": "2025-08-28T22:04:12.053Z", "eventType": "input.type", "fullPath": "/main.py", "details": {"fromA": 107, "toA": 107, "fromB": 107, "toB": 108, "inserted": ["t"]}}
{"dateTime": "2025-08-28T22:04:12.433Z", "eventType": "input.type", "fullPath": "/main.py", "details": {"fromA": 108, "toA": 108, "fromB": 108, "toB": 109, "inserted": ["o"]}}
{"dateTime": "2025-08-28T22:04:12.808Z", "eventType": "input.type", "fullPath": "/main.py", "details": {"fromA": 109, "toA": 109, "fromB": 109, "toB": 110, "inserted": ["t"]}}
{"dateTime": "2025-08-28T22:04:13.073Z", "eventType": "input.type", "fullPath": "/main.py", "details": {"fromA": 110, "toA": 110, "fromB": 110, "toB": 111, "inserted": ["a"]}}
{"dateTime": "2025-08-28T22:04:13.313Z", "eventType": "input.type", "fullPath": "/main.py", "details": {"fromA": 111, "toA": 111, "fromB": 111, "toB": 112, "inserted": ["l"]}}
{"dateTime": "2025-08-28T22:04:17.349Z", "eventType": "input.type", "fullPath": "/main.py", "details": {"fromA": 112, "toA": 112, "fromB": 112, "toB": 113, "inserted": [","]}}
{"dateTime": "2025-08-28T22:04:18.084Z", "eventType": "input.type", "fullPath": "/main.py", "details": {"fromA": 113, "toA": 113, "fromB": 113, "toB": 114, "inserted": [" "]}}
{"dateTime": "2025-08-28T22:04:18.261Z", "eventType": "input.type", "fullPath": "/main.py", "details": {"fromA": 114, "toA": 114, "fromB": 114, "toB": 115, "inserted": ["2"]}}
{"dateTime": "2025-08-28T22:04:18.928Z", "eventType": "select", "fullPath": "/main.py", "details": {"selection": {"from": 116, "to": 116}}}
{"dateTime": "2025-08-28T22:04:20.424Z", "eventType": "input", "fullPath": "/main.py", "details": {"fromA": 116, "toA": 116, "fromB": 116, "toB": 117, "inserted": ["", ""]}}
{"dateTime": "2025-08-28T22:04:21.926Z", "eventType": "input.type", "fullPath": "/main.py", "details": {"fromA": 117, "toA": 117, "fromB": 117, "toB": 118, "inserted": ["p"]}}
{"dateTime": "2025-08-28T22:04:22.082Z", "eventType": "input.type", "fullPath": "/main.py", "details": {"fromA": 118, "toA": 118, "fromB": 118, "toB": 119, "inserted": ["r"]}}
{"dateTime": "2025-08-28T22:04:22.268Z", "eventType": "input.type", "fullPath": "/main.py", "details": {"fromA": 119, "toA": 119, "fromB": 119, "toB": 120, "inserted": ["i"]}}
{"dateTime": "2025-08-28T22:04:22.476Z", "eventType": "input.type", "fullPath": "/main.py", "details": {"fromA": 120, "toA": 120, "fromB": 120, "toB": 121, "inserted": ["n"]}}
{"dateTime": "2025-08-28T22:04:22.715Z", "eventType": "input.type", "fullPath": "/main.py", "details": {"fromA": 121, "toA": 121, "fromB": 121, "toB": 122, "inserted": ["t"]}}
{"dateTime": "2025-08-28T22:04:24.302Z", "eventType": "input.complete", "fullPath": "/main.py", "details": {"fromA": 117, "toA": 122, "fromB": 117, "toB": 122, "inserted": ["print"]}}
{"dateTime": "2025-08-28T22:04:25.712Z", "eventType": "input.type", "fullPath": "/main.py", "details": {"fromA": 122, "toA": 122, "fromB": 122, "toB": 124, "inserted": ["()"]}}
{"dateTime": "2025-08-28T22:04:26.934Z", "eventType": "input.type", "fullPath": "/main.py", "details": {"fromA": 123, "toA": 123, "fromB": 123, "toB": 124, "inserted": ["t"]}}
{"dateTime": "2025-08-28T22:04:27.105Z", "eventType": "input.type", "fullPath": "/main.py", "details": {"fromA": 124, "toA": 124, "fromB": 124, "toB": 125, "inserted": ["o"]}}
{"dateTime": "2025-08-28T22:04:27.405Z", "eventType": "input.type", "fullPath": "/main.py", "details": {"fromA": 125, "toA": 125, "fromB": 125, "toB": 126, "inserted": ["t"]}}
{"dateTime": "2025-08-28T22:04:27.553Z", "eventType": "input.type", "fullPath": "/main.py", "details": {"fromA": 126, "toA": 126, "fromB": 126, "toB": 127, "inserted": ["a"]}}
{"dateTime": "2025-08-28T22:04:28.892Z", "eventType": "input.complete", "fullPath": "/main.py", "details": {"fromA": 123, "toA": 127, "fromB": 123, "toB": 139, "inserted": ["totalarredondado"]}}
{"dateTime": "2025-08-28T22:04:29.634Z", "eventType": "select.pointer", "fullPath": "/main.py", "details": {"selection": {"from": 140, "to": 140}}}
{"dateTime": "2025-08-28T22:04:30.913Z", "eventType": "blur", "fullPath": "/main.py"}
{"dateTime": "2025-08-28T22:04:31.297Z", "eventType": "run", "details": {"commit": "1707206ca745d5d1be7943a5438071e8f24ec18e"}}
{"dateTime": "2025-08-28T22:04:51.980Z", "eventType": "focus", "fullPath": "/main.py"}
{"dateTime": "2025-08-28T22:04:51.982Z", "eventType": "select.pointer", "fullPath": "/main.py", "details": {"selection": {"from": 42, "to": 42}}}
{"dateTime": "2025-08-28T22:04:53.337Z", "eventType": "delete.backward", "fullPath": "/main.py", "details": {"fromA": 41, "toA": 42, "fromB": 41, "toB": 41, "inserted": [""]}}
{"dateTime": "2025-08-28T22:04:53.476Z", "eventType": "delete.backward", "fullPath": "/main.py", "details": {"fromA": 40, "toA": 41, "fromB": 40, "toB": 40, "inserted": [""]}}
{"dateTime": "2025-08-28T22:04:53.791Z", "eventType": "delete.backward", "fullPath": "/main.py", "details": {"fromA": 39, "toA": 40, "fromB": 39, "toB": 39, "inserted": [""]}}
{"dateTime": "2025-08-28T22:04:54.661Z", "eventType": "input.type", "fullPath": "/main.py", "details": {"fromA": 39, "toA": 39, "fromB": 39, "toB": 40, "inserted": ["f"]}}
{"dateTime": "2025-08-28T22:04:54.814Z", "eventType": "input.type", "fullPath": "/main.py", "details": {"fromA": 40, "toA": 40, "fromB": 40, "toB": 41, "inserted": ["l"]}}
{"dateTime": "2025-08-28T22:04:55.036Z", "eventType": "input.type", "fullPath": "/main.py", "details": {"fromA": 41, "toA": 41, "fromB": 41, "toB": 42, "inserted": ["o"]}}
{"dateTime": "2025-08-28T22:04:55.243Z", "eventType": "input.type", "fullPath": "/main.py", "details": {"fromA": 42, "toA": 42, "fromB": 42, "toB": 43, "inserted": ["a"]}}
{"dateTime": "2025-08-28T22:04:55.385Z", "eventType": "input.type", "fullPath": "/main.py", "details": {"fromA": 43, "toA": 43, "fromB": 43, "toB": 44, "inserted": ["t"]}}
{"dateTime": "2025-08-28T22:04:57.241Z", "eventType": "input.complete", "fullPath": "/main.py", "details": {"fromA": 39, "toA": 44, "fromB": 39, "toB": 44, "inserted": ["float"]}}
{"dateTime": "2025-08-28T22:04:57.953Z", "eventType": "select.pointer", "fullPath": "/main.py", "details": {"selection": {"from": 142, "to": 142}}}
{"dateTime": "2025-08-28T22:05:09.317Z", "eventType": "blur", "fullPath": "/main.py"}
{"dateTime": "2025-08-28T22:07:02.910Z", "eventType": "focus", "fullPath": "/main.py"}
{"dateTime": "2025-08-28T22:07:02.915Z", "eventType": "select.pointer", "fullPath": "/main.py", "details": {"selection": {"from": 142, "to": 142}}}
{"dateTime": "2025-08-28T22:07:03.008Z", "eventType": "select.pointer", "fullPath": "/main.py", "details": {"selection": {"from": 138, "to": 142}}}
{"dateTime": "2025-08-28T22:07:03.028Z", "eventType": "select.pointer", "fullPath": "/main.py", "details": {"selection": {"from": 100, "to": 142}}}
{"dateTime": "2025-08-28T22:07:03.043Z", "eventType": "select.pointer", "fullPath": "/main.py", "details": {"selection": {"from": 99, "to": 142}}}
{"dateTime": "2025-08-28T22:07:03.059Z", "eventType": "select.pointer", "fullPath": "/main.py", "details": {"selection": {"from": 96, "to": 142}}}
{"dateTime": "2025-08-28T22:07:03.088Z", "eventType": "select.pointer", "fullPath": "/main.py", "details": {"selection": {"from": 95, "to": 142}}}
{"dateTime": "2025-08-28T22:07:03.137Z", "eventType": "select.pointer", "fullPath": "/main.py", "details": {"selection": {"from": 94, "to": 142}}}
{"dateTime": "2025-08-28T22:07:03.187Z", "eventType": "select.pointer", "fullPath": "/main.py", "details": {"selection": {"from": 92, "to": 142}}}
{"dateTime": "2025-08-28T22:07:03.221Z", "eventType": "select.pointer", "fullPath": "/main.py", "details": {"selection": {"from": 91, "to": 142}}}
{"dateTime": "2025-08-28T22:07:03.237Z", "eventType": "select.pointer", "fullPath": "/main.py", "details": {"selection": {"from": 90, "to": 142}}}
{"dateTime": "2025-08-28T22:07:03.254Z", "eventType": "select.pointer", "fullPath": "/main.py", "details": {"selection": {"from": 89, "to": 142}}}
{"dateTime": "2025-08-28T22:07:03.270Z", "eventType": "select.pointer", "fullPath": "/main.py", "details": {"selection": {"from": 88, "to": 142}}}
{"dateTime": "2025-08-28T22:07:03.387Z", "eventType": "select.pointer", "fullPath": "/main.py", "details": {"selection": {"from": 57, "to": 142}}}
{"dateTime": "2025-08-28T22:07:03.454Z", "eventType": "select.pointer", "fullPath": "/main.py", "details": {"selection": {"from": 56, "to": 142}}}
{"dateTime": "2025-08-28T22:07:03.487Z", "eventType": "select.pointer", "fullPath": "/main.py", "details": {"selection": {"from": 55, "to": 142}}}
{"dateTime": "2025-08-28T22:07:03.520Z", "eventType": "select.pointer", "fullPath": "/main.py", "details": {"selection": {"from": 28, "to": 142}}}
{"dateTime": "2025-08-28T22:07:03.604Z", "eventType": "select.pointer", "fullPath": "/main.py", "details": {"selection": {"from": 27, "to": 142}}}
{"dateTime": "2025-08-28T22:07:03.941Z", "eventType": "select.pointer", "fullPath": "/main.py", "details": {"selection": {"from": 54, "to": 142}}}
{"dateTime": "2025-08-28T22:07:05.064Z", "eventType": "delete.selection", "fullPath": "/main.py", "details": {"fromA": 54, "toA": 142, "fromB": 54, "toB": 54, "inserted": [""]}}
{"dateTime": "2025-08-28T22:07:08.543Z", "eventType": "input.type", "fullPath": "/main.py", "details": {"fromA": 54, "toA": 54, "fromB": 54, "toB": 55, "inserted": ["c"]}}
{"dateTime": "2025-08-28T22:07:08.645Z", "eventType": "input.type", "fullPath": "/main.py", "details": {"fromA": 55, "toA": 55, "fromB": 55, "toB": 56, "inserted": ["o"]}}
{"dateTime": "2025-08-28T22:07:08.882Z", "eventType": "input.type", "fullPath": "/main.py", "details": {"fromA": 56, "toA": 56, "fromB": 56, "toB": 57, "inserted": ["n"]}}
{"dateTime": "2025-08-28T22:07:09.216Z", "eventType": "input.type", "fullPath": "/main.py", "details": {"fromA": 57, "toA": 57, "fromB": 57, "toB": 58, "inserted": ["s"]}}
{"dateTime": "2025-08-28T22:07:09.346Z", "eventType": "input.type", "fullPath": "/main.py", "details": {"fromA": 58, "toA": 58, "fromB": 58, "toB": 59, "inserted": ["u"]}}
{"dateTime": "2025-08-28T22:07:09.575Z", "eventType": "input.type", "fullPath": "/main.py", "details": {"fromA": 59, "toA": 59, "fromB": 59, "toB": 60, "inserted": ["m"]}}
{"dateTime": "2025-08-28T22:07:09.759Z", "eventType": "input.type", "fullPath": "/main.py", "details": {"fromA": 60, "toA": 60, "fromB": 60, "toB": 61, "inserted": ["o"]}}
{"dateTime": "2025-08-28T22:07:10.660Z", "eventType": "input.type", "fullPath": "/main.py", "details": {"fromA": 61, "toA": 61, "fromB": 61, "toB": 62, "inserted": ["_"]}}
{"dateTime": "2025-08-28T22:07:11.844Z", "eventType": "input.type", "fullPath": "/main.py", "details": {"fromA": 62, "toA": 62, "fromB": 62, "toB": 63, "inserted": ["e"]}}
{"dateTime": "2025-08-28T22:07:12.086Z", "eventType": "input.type", "fullPath": "/main.py", "details": {"fromA": 63, "toA": 63, "fromB": 63, "toB": 64, "inserted": ["m"]}}
{"dateTime": "2025-08-28T22:07:13.615Z", "eventType": "input.type", "fullPath": "/main.py", "details": {"fromA": 64, "toA": 64, "fromB": 64, "toB": 65, "inserted": ["5"]}}
{"dateTime": "2025-08-28T22:07:14.402Z", "eventType": "input.type", "fullPath": "/main.py", "details": {"fromA": 65, "toA": 65, "fromB": 65, "toB": 66, "inserted": ["_"]}}
{"dateTime": "2025-08-28T22:07:14.916Z", "eventType": "input.type", "fullPath": "/main.py", "details": {"fromA": 66, "toA": 66, "fromB": 66, "toB": 67, "inserted": ["d"]}}
{"dateTime": "2025-08-28T22:07:15.092Z", "eventType": "input.type", "fullPath": "/main.py", "details": {"fromA": 67, "toA": 67, "fromB": 67, "toB": 68, "inserted": ["i"]}}
{"dateTime": "2025-08-28T22:07:15.284Z", "eventType": "input.type", "fullPath": "/main.py", "details": {"fromA": 68, "toA": 68, "fromB": 68, "toB": 69, "inserted": ["a"]}}
{"dateTime": "2025-08-28T22:07:15.395Z", "eventType": "input.type", "fullPath": "/main.py", "details": {"fromA": 69, "toA": 69, "fromB": 69, "toB": 70, "inserted": ["s"]}}
{"dateTime": "2025-08-28T22:07:18.211Z", "eventType": "delete.backward", "fullPath": "/main.py", "details": {"fromA": 69, "toA": 70, "fromB": 69, "toB": 69, "inserted": [""]}}
{"dateTime": "2025-08-28T22:07:18.403Z", "eventType": "delete.backward", "fullPath": "/main.py", "details": {"fromA": 68, "toA": 69, "fromB": 68, "toB": 68, "inserted": [""]}}
{"dateTime": "2025-08-28T22:07:18.578Z", "eventType": "delete.backward", "fullPath": "/main.py", "details": {"fromA": 67, "toA": 68, "fromB": 67, "toB": 67, "inserted": [""]}}
{"dateTime": "2025-08-28T22:07:18.739Z", "eventType": "delete.backward", "fullPath": "/main.py", "details": {"fromA": 66, "toA": 67, "fromB": 66, "toB": 66, "inserted": [""]}}
{"dateTime": "2025-08-28T22:07:18.930Z", "eventType": "delete.backward", "fullPath": "/main.py", "details": {"fromA": 65, "toA": 66, "fromB": 65, "toB": 65, "inserted": [""]}}
{"dateTime": "2025-08-28T22:07:19.251Z", "eventType": "delete.backward", "fullPath": "/main.py", "details": {"fromA": 64, "toA": 65, "fromB": 64, "toB": 64, "inserted": [""]}}
{"dateTime": "2025-08-28T22:07:20.879Z", "eventType": "delete.backward", "fullPath": "/main.py", "details": {"fromA": 63, "toA": 64, "fromB": 63, "toB": 63, "inserted": [""]}}
{"dateTime": "2025-08-28T22:07:21.235Z", "eventType": "delete.backward", "fullPath": "/main.py", "details": {"fromA": 62, "toA": 63, "fromB": 62, "toB": 62, "inserted": [""]}}
{"dateTime": "2025-08-28T22:07:22.340Z", "eventType": "input.type", "fullPath": "/main.py", "details": {"fromA": 62, "toA": 62, "fromB": 62, "toB": 63, "inserted": ["5"]}}
{"dateTime": "2025-08-28T22:07:22.867Z", "eventType": "input.type", "fullPath": "/main.py", "details": {"fromA": 63, "toA": 63, "fromB": 63, "toB": 64, "inserted": ["_"]}}
{"dateTime": "2025-08-28T22:07:23.268Z", "eventType": "input.type", "fullPath": "/main.py", "details": {"fromA": 64, "toA": 64, "fromB": 64, "toB": 65, "inserted": ["d"]}}
{"dateTime": "2025-08-28T22:07:23.491Z", "eventType": "input.type", "fullPath": "/main.py", "details": {"fromA": 65, "toA": 65, "fromB": 65, "toB": 66, "inserted": ["i"]}}
{"dateTime": "2025-08-28T22:07:23.700Z", "eventType": "input.type", "fullPath": "/main.py", "details": {"fromA": 66, "toA": 66, "fromB": 66, "toB": 67, "inserted": ["a"]}}
{"dateTime": "2025-08-28T22:07:23.860Z", "eventType": "input.type", "fullPath": "/main.py", "details": {"fromA": 67, "toA": 67, "fromB": 67, "toB": 68, "inserted": ["s"]}}
{"dateTime": "2025-08-28T22:07:24.659Z", "eventType": "input.type", "fullPath": "/main.py", "details": {"fromA": 68, "toA": 68, "fromB": 68, "toB": 69, "inserted": [" "]}}
{"dateTime": "2025-08-28T22:07:24.806Z", "eventType": "input.type", "fullPath": "/main.py", "details": {"fromA": 69, "toA": 69, "fromB": 69, "toB": 70, "inserted": ["="]}}
{"dateTime": "2025-08-28T22:07:24.913Z", "eventType": "input.type", "fullPath": "/main.py", "details": {"fromA": 70, "toA": 70, "fromB": 70, "toB": 71, "inserted": [" "]}}
{"dateTime": "2025-08-28T22:07:30.159Z", "eventType": "input.type", "fullPath": "/main.py", "details": {"fromA": 71, "toA": 71, "fromB": 71, "toB": 72, "inserted": ["q"]}}
{"dateTime": "2025-08-28T22:07:30.408Z", "eventType": "input.type", "fullPath": "/main.py", "details": {"fromA": 72, "toA": 72, "fromB": 72, "toB": 73, "inserted": ["u"]}}
{"dateTime": "2025-08-28T22:07:30.537Z", "eventType": "input.type", "fullPath": "/main.py", "details": {"fromA": 73, "toA": 73, "fromB": 73, "toB": 74, "inserted": ["a"]}}
{"dateTime": "2025-08-28T22:07:30.680Z", "eventType": "input.type", "fullPath": "/main.py", "details": {"fromA": 74, "toA": 74, "fromB": 74, "toB": 75, "inserted": ["n"]}}
{"dateTime": "2025-08-28T22:07:30.936Z", "eventType": "input.type", "fullPath": "/main.py", "details": {"fromA": 75, "toA": 75, "fromB": 75, "toB": 76, "inserted": ["t"]}}
{"dateTime": "2025-08-28T22:07:33.149Z", "eventType": "input.complete", "fullPath": "/main.py", "details": {"fromA": 71, "toA": 76, "fromB": 71, "toB": 80, "inserted": ["quantdias"]}}
{"dateTime": "2025-08-28T22:07:34.116Z", "eventType": "input.type", "fullPath": "/main.py", "details": {"fromA": 80, "toA": 80, "fromB": 80, "toB": 81, "inserted": [" "]}}
{"dateTime": "2025-08-28T22:07:34.372Z", "eventType": "input.type", "fullPath": "/main.py", "details": {"fromA": 81, "toA": 81, "fromB": 81, "toB": 82, "inserted": ["*"]}}
{"dateTime": "2025-08-28T22:07:34.532Z", "eventType": "input.type", "fullPath": "/main.py", "details": {"fromA": 82, "toA": 82, "fromB": 82, "toB": 83, "inserted": [" "]}}
{"dateTime": "2025-08-28T22:07:36.436Z", "eventType": "input.type", "fullPath": "/main.py", "details": {"fromA": 83, "toA": 83, "fromB": 83, "toB": 84, "inserted": ["5"]}}
{"dateTime": "2025-08-28T22:07:36.821Z", "eventType": "input", "fullPath": "/main.py", "details": {"fromA": 84, "toA": 84, "fromB": 84, "toB": 85, "inserted": ["", ""]}}
{"dateTime": "2025-08-28T22:07:41.588Z", "eventType": "input.type", "fullPath": "/main.py", "details": {"fromA": 85, "toA": 85, "fromB": 85, "toB": 86, "inserted": ["r"]}}
{"dateTime": "2025-08-28T22:07:41.664Z", "eventType": "input.type", "fullPath": "/main.py", "details": {"fromA": 86, "toA": 86, "fromB": 86, "toB": 87, "inserted": ["e"]}}
{"dateTime": "2025-08-28T22:07:41.904Z", "eventType": "input.type", "fullPath": "/main.py", "details": {"fromA": 87, "toA": 87, "fromB": 87, "toB": 88, "inserted": ["s"]}}
{"dateTime": "2025-08-28T22:07:42.064Z", "eventType": "input.type", "fullPath": "/main.py", "details": {"fromA": 88, "toA": 88, "fromB": 88, "toB": 89, "inserted": ["t"]}}
{"dateTime": "2025-08-28T22:07:43.860Z", "eventType": "input.type", "fullPath": "/main.py", "details": {"fromA": 89, "toA": 89, "fromB": 89, "toB": 90, "inserted": ["a"]}}
{"dateTime": "2025-08-28T22:07:44.034Z", "eventType": "input.type", "fullPath": "/main.py", "details": {"fromA": 90, "toA": 90, "fromB": 90, "toB": 91, "inserted": ["n"]}}
{"dateTime": "2025-08-28T22:07:44.227Z", "eventType": "input.type", "fullPath": "/main.py", "details": {"fromA": 91, "toA": 91, "fromB": 91, "toB": 92, "inserted": ["t"]}}
{"dateTime": "2025-08-28T22:07:44.336Z", "eventType": "input.type", "fullPath": "/main.py", "details": {"fromA": 92, "toA": 92, "fromB": 92, "toB": 93, "inserted": ["e"]}}
{"dateTime": "2025-08-28T22:07:45.023Z", "eventType": "input.type", "fullPath": "/main.py", "details": {"fromA": 93, "toA": 93, "fromB": 93, "toB": 94, "inserted": [" "]}}
{"dateTime": "2025-08-28T22:07:45.540Z", "eventType": "input.type", "fullPath": "/main.py", "details": {"fromA": 94, "toA": 94, "fromB": 94, "toB": 95, "inserted": ["="]}}
{"dateTime": "2025-08-28T22:07:45.716Z", "eventType": "input.type", "fullPath": "/main.py", "details": {"fromA": 95, "toA": 95, "fromB": 95, "toB": 96, "inserted": [" "]}}
{"dateTime": "2025-08-28T22:07:49.459Z", "eventType": "input.type", "fullPath": "/main.py", "details": {"fromA": 96, "toA": 96, "fromB": 96, "toB": 97, "inserted": ["p"]}}
{"dateTime": "2025-08-28T22:07:49.866Z", "eventType": "input.type", "fullPath": "/main.py", "details": {"fromA": 97, "toA": 97, "fromB": 97, "toB": 98, "inserted": ["e"]}}
{"dateTime": "2025-08-28T22:07:50.063Z", "eventType": "input.type", "fullPath": "/main.py", "details": {"fromA": 98, "toA": 98, "fromB": 98, "toB": 99, "inserted": ["s"]}}
{"dateTime": "2025-08-28T22:07:50.196Z", "eventType": "input.type", "fullPath": "/main.py", "details": {"fromA": 99, "toA": 99, "fromB": 99, "toB": 100, "inserted": ["o"]}}
{"dateTime": "2025-08-28T22:07:52.725Z", "eventType": "input.complete", "fullPath": "/main.py", "details": {"fromA": 96, "toA": 100, "fromB": 96, "toB": 105, "inserted": ["pesoracao"]}}
{"dateTime": "2025-08-28T22:07:53.460Z", "eventType": "input.type", "fullPath": "/main.py", "details": {"fromA": 105, "toA": 105, "fromB": 105, "toB": 106, "inserted": [" "]}}
{"dateTime": "2025-08-28T22:07:53.695Z", "eventType": "input.type", "fullPath": "/main.py", "details": {"fromA": 106, "toA": 106, "fromB": 106, "toB": 107, "inserted": ["-"]}}
{"dateTime": "2025-08-28T22:07:53.855Z", "eventType": "input.type", "fullPath": "/main.py", "details": {"fromA": 107, "toA": 107, "fromB": 107, "toB": 108, "inserted": [" "]}}
{"dateTime": "2025-08-28T22:07:56.772Z", "eventType": "input.type", "fullPath": "/main.py", "details": {"fromA": 108, "toA": 108, "fromB": 108, "toB": 109, "inserted": ["c"]}}
{"dateTime": "2025-08-28T22:07:56.847Z", "eventType": "input.type", "fullPath": "/main.py", "details": {"fromA": 109, "toA": 109, "fromB": 109, "toB": 110, "inserted": ["o"]}}
{"dateTime": "2025-08-28T22:07:56.981Z", "eventType": "input.type", "fullPath": "/main.py", "details": {"fromA": 110, "toA": 110, "fromB": 110, "toB": 111, "inserted": ["n"]}}
{"dateTime": "2025-08-28T22:07:58.637Z", "eventType": "input.complete", "fullPath": "/main.py", "details": {"fromA": 108, "toA": 111, "fromB": 108, "toB": 122, "inserted": ["consumo_5_dias"]}}
{"dateTime": "2025-08-28T22:08:05.248Z", "eventType": "input", "fullPath": "/main.py", "details": {"fromA": 122, "toA": 122, "fromB": 122, "toB": 123, "inserted": ["", ""]}}
{"dateTime": "2025-08-28T22:08:06.308Z", "eventType": "input.type", "fullPath": "/main.py", "details": {"fromA": 123, "toA": 123, "fromB": 123, "toB": 124, "inserted": ["r"]}}
{"dateTime": "2025-08-28T22:08:06.399Z", "eventType": "input.type", "fullPath": "/main.py", "details": {"fromA": 124, "toA": 124, "fromB": 124, "toB": 125, "inserted": ["e"]}}
{"dateTime": "2025-08-28T22:08:06.657Z", "eventType": "input.type", "fullPath": "/main.py", "details": {"fromA": 125, "toA": 125, "fromB": 125, "toB": 126, "inserted": ["s"]}}
{"dateTime": "2025-08-28T22:08:06.832Z", "eventType": "input.type", "fullPath": "/main.py", "details": {"fromA": 126, "toA": 126, "fromB": 126, "toB": 127, "inserted": ["t"]}}
{"dateTime": "2025-08-28T22:08:06.976Z", "eventType": "input.type", "fullPath": "/main.py", "details": {"fromA": 127, "toA": 127, "fromB": 127, "toB": 128, "inserted": ["a"]}}
{"dateTime": "2025-08-28T22:08:07.108Z", "eventType": "input.type", "fullPath": "/main.py", "details": {"fromA": 128, "toA": 128, "fromB": 128, "toB": 129, "inserted": ["b"]}}
{"dateTime": "2025-08-28T22:08:07.316Z", "eventType": "input.type", "fullPath": "/main.py", "details": {"fromA": 129, "toA": 129, "fromB": 129, "toB": 130, "inserted": ["t"]}}
{"dateTime": "2025-08-28T22:08:07.396Z", "eventType": "input.type", "fullPath": "/main.py", "details": {"fromA": 130, "toA": 130, "fromB": 130, "toB": 131, "inserted": ["e"]}}
{"dateTime": "2025-08-28T22:08:08.161Z", "eventType": "delete.backward", "fullPath": "/main.py", "details": {"fromA": 130, "toA": 131, "fromB": 130, "toB": 130, "inserted": [""]}}
{"dateTime": "2025-08-28T22:08:08.347Z", "eventType": "delete.backward", "fullPath": "/main.py", "details": {"fromA": 129, "toA": 130, "fromB": 129, "toB": 129, "inserted": [""]}}
{"dateTime": "2025-08-28T22:08:08.432Z", "eventType": "delete.backward", "fullPath": "/main.py", "details": {"fromA": 128, "toA": 129, "fromB": 128, "toB": 128, "inserted": [""]}}
{"dateTime": "2025-08-28T22:08:09.420Z", "eventType": "input.type", "fullPath": "/main.py", "details": {"fromA": 128, "toA": 128, "fromB": 128, "toB": 129, "inserted": ["n"]}}
{"dateTime": "2025-08-28T22:08:09.644Z", "eventType": "input.type", "fullPath": "/main.py", "details": {"fromA": 129, "toA": 129, "fromB": 129, "toB": 130, "inserted": ["t"]}}
{"dateTime": "2025-08-28T22:08:09.802Z", "eventType": "input.type", "fullPath": "/main.py", "details": {"fromA": 130, "toA": 130, "fromB": 130, "toB": 131, "inserted": ["e"]}}
{"dateTime": "2025-08-28T22:08:10.613Z", "eventType": "input.type", "fullPath": "/main.py", "details": {"fromA": 131, "toA": 131, "fromB": 131, "toB": 132, "inserted": ["a"]}}
{"dateTime": "2025-08-28T22:08:10.975Z", "eventType": "input.type", "fullPath": "/main.py", "details": {"fromA": 132, "toA": 132, "fromB": 132, "toB": 133, "inserted": ["r"]}}
{"dateTime": "2025-08-28T22:08:11.158Z", "eventType": "input.type", "fullPath": "/main.py", "details": {"fromA": 133, "toA": 133, "fromB": 133, "toB": 134, "inserted": ["r"]}}
{"dateTime": "2025-08-28T22:08:11.301Z", "eventType": "input.type", "fullPath": "/main.py", "details": {"fromA": 134, "toA": 134, "fromB": 134, "toB": 135, "inserted": ["e"]}}
{"dateTime": "2025-08-28T22:08:12.293Z", "eventType": "input.type", "fullPath": "/main.py", "details": {"fromA": 135, "toA": 135, "fromB": 135, "toB": 136, "inserted": ["d"]}}
{"dateTime": "2025-08-28T22:08:12.550Z", "eventType": "input.type", "fullPath": "/main.py", "details": {"fromA": 136, "toA": 136, "fromB": 136, "toB": 137, "inserted": ["o"]}}
{"dateTime": "2025-08-28T22:08:13.348Z", "eventType": "input.type", "fullPath": "/main.py", "details": {"fromA": 137, "toA": 137, "fromB": 137, "toB": 138, "inserted": ["n"]}}
{"dateTime": "2025-08-28T22:08:13.525Z", "eventType": "input.type", "fullPath": "/main.py", "details": {"fromA": 138, "toA": 138, "fromB": 138, "toB": 139, "inserted": ["d"]}}
{"dateTime": "2025-08-28T22:08:13.697Z", "eventType": "input.type", "fullPath": "/main.py", "details": {"fromA": 139, "toA": 139, "fromB": 139, "toB": 140, "inserted": ["a"]}}
{"dateTime": "2025-08-28T22:08:13.892Z", "eventType": "input.type", "fullPath": "/main.py", "details": {"fromA": 140, "toA": 140, "fromB": 140, "toB": 141, "inserted": ["d"]}}
{"dateTime": "2025-08-28T22:08:14.052Z", "eventType": "input.type", "fullPath": "/main.py", "details": {"fromA": 141, "toA": 141, "fromB": 141, "toB": 142, "inserted": ["o"]}}
{"dateTime": "2025-08-28T22:08:15.727Z", "eventType": "input.type", "fullPath": "/main.py", "details": {"fromA": 142, "toA": 142, "fromB": 142, "toB": 143, "inserted": [" "]}}
{"dateTime": "2025-08-28T22:08:15.924Z", "eventType": "input.type", "fullPath": "/main.py", "details": {"fromA": 143, "toA": 143, "fromB": 143, "toB": 144, "inserted": ["="]}}
{"dateTime": "2025-08-28T22:08:16.052Z", "eventType": "input.type", "fullPath": "/main.py", "details": {"fromA": 144, "toA": 144, "fromB": 144, "toB": 145, "inserted": [" "]}}
{"dateTime": "2025-08-28T22:08:16.868Z", "eventType": "input.type", "fullPath": "/main.py", "details": {"fromA": 145, "toA": 145, "fromB": 145, "toB": 146, "inserted": ["r"]}}
{"dateTime": "2025-08-28T22:08:17.048Z", "eventType": "input.type", "fullPath": "/main.py", "details": {"fromA": 146, "toA": 146, "fromB": 146, "toB": 147, "inserted": ["o"]}}
{"dateTime": "2025-08-28T22:08:17.200Z", "eventType": "input.type", "fullPath": "/main.py", "details": {"fromA": 147, "toA": 147, "fromB": 147, "toB": 148, "inserted": ["u"]}}
{"dateTime": "2025-08-28T22:08:17.435Z", "eventType": "input.type", "fullPath": "/main.py", "details": {"fromA": 148, "toA": 148, "fromB": 148, "toB": 149, "inserted": ["n"]}}
{"dateTime": "2025-08-28T22:08:17.701Z", "eventType": "input.type", "fullPath": "/main.py", "details": {"fromA": 149, "toA": 149, "fromB": 149, "toB": 150, "inserted": ["d"]}}
{"dateTime": "2025-08-28T22:08:18.579Z", "eventType": "input.type", "fullPath": "/main.py", "details": {"fromA": 150, "toA": 150, "fromB": 150, "toB": 152, "inserted": ["()"]}}
{"dateTime": "2025-08-28T22:08:20.336Z", "eventType": "input.type", "fullPath": "/main.py", "details": {"fromA": 151, "toA": 151, "fromB": 151, "toB": 152, "inserted": ["r"]}}
{"dateTime": "2025-08-28T22:08:20.431Z", "eventType": "input.type", "fullPath": "/main.py", "details": {"fromA": 152, "toA": 152, "fromB": 152, "toB": 153, "inserted": ["e"]}}
{"dateTime": "2025-08-28T22:08:20.689Z", "eventType": "input.type", "fullPath": "/main.py", "details": {"fromA": 153, "toA": 153, "fromB": 153, "toB": 154, "inserted": ["s"]}}
{"dateTime": "2025-08-28T22:08:23.525Z", "eventType": "input.complete", "fullPath": "/main.py", "details": {"fromA": 151, "toA": 154, "fromB": 151, "toB": 159, "inserted": ["restante"]}}
{"dateTime": "2025-08-28T22:08:25.075Z", "eventType": "input.type", "fullPath": "/main.py", "details": {"fromA": 159, "toA": 159, "fromB": 159, "toB": 160, "inserted": [","]}}
{"dateTime": "2025-08-28T22:08:25.764Z", "eventType": "input.type", "fullPath": "/main.py", "details": {"fromA": 160, "toA": 160, "fromB": 160, "toB": 161, "inserted": [" "]}}
{"dateTime": "2025-08-28T22:08:25.989Z", "eventType": "input.type", "fullPath": "/main.py", "details": {"fromA": 161, "toA": 161, "fromB": 161, "toB": 162, "inserted": ["2"]}}
{"dateTime": "2025-08-28T22:08:26.705Z", "eventType": "select", "fullPath": "/main.py", "details": {"selection": {"from": 163, "to": 163}}}
{"dateTime": "2025-08-28T22:08:27.508Z", "eventType": "input", "fullPath": "/main.py", "details": {"fromA": 163, "toA": 163, "fromB": 163, "toB": 164, "inserted": ["", ""]}}
{"dateTime": "2025-08-28T22:08:28.820Z", "eventType": "input.type", "fullPath": "/main.py", "details": {"fromA": 164, "toA": 164, "fromB": 164, "toB": 165, "inserted": ["p"]}}
{"dateTime": "2025-08-28T22:08:28.976Z", "eventType": "input.type", "fullPath": "/main.py", "details": {"fromA": 165, "toA": 165, "fromB": 165, "toB": 166, "inserted": ["r"]}}
{"dateTime": "2025-08-28T22:08:29.163Z", "eventType": "input.type", "fullPath": "/main.py", "details": {"fromA": 166, "toA": 166, "fromB": 166, "toB": 167, "inserted": ["i"]}}
{"dateTime": "2025-08-28T22:08:29.339Z", "eventType": "input.type", "fullPath": "/main.py", "details": {"fromA": 167, "toA": 167, "fromB": 167, "toB": 168, "inserted": ["n"]}}
{"dateTime": "2025-08-28T22:08:29.552Z", "eventType": "input.type", "fullPath": "/main.py", "details": {"fromA": 168, "toA": 168, "fromB": 168, "toB": 169, "inserted": ["y"]}}
{"dateTime": "2025-08-28T22:08:30.115Z", "eventType": "delete.backward", "fullPath": "/main.py", "details": {"fromA": 168, "toA": 169, "fromB": 168, "toB": 168, "inserted": [""]}}
{"dateTime": "2025-08-28T22:08:30.830Z", "eventType": "input.type", "fullPath": "/main.py", "details": {"fromA": 168, "toA": 168, "fromB": 168, "toB": 169, "inserted": ["t"]}}
{"dateTime": "2025-08-28T22:08:32.624Z", "eventType": "input.type", "fullPath": "/main.py", "details": {"fromA": 169, "toA": 169, "fromB": 169, "toB": 171, "inserted": ["()"]}}
{"dateTime": "2025-08-28T22:08:34.660Z", "eventType": "input.type", "fullPath": "/main.py", "details": {"fromA": 170, "toA": 170, "fromB": 170, "toB": 171, "inserted": ["r"]}}
{"dateTime": "2025-08-28T22:08:34.781Z", "eventType": "input.type", "fullPath": "/main.py", "details": {"fromA": 171, "toA": 171, "fromB": 171, "toB": 172, "inserted": ["e"]}}
{"dateTime": "2025-08-28T22:08:35.008Z", "eventType": "input.type", "fullPath": "/main.py", "details": {"fromA": 172, "toA": 172, "fromB": 172, "toB": 173, "inserted": ["s"]}}
{"dateTime": "2025-08-28T22:08:36.839Z", "eventType": "input.complete", "fullPath": "/main.py", "details": {"fromA": 170, "toA": 173, "fromB": 170, "toB": 189, "inserted": ["restantearredondado"]}}
{"dateTime": "2025-08-28T22:08:37.511Z", "eventType": "select.pointer", "fullPath": "/main.py", "details": {"selection": {"from": 190, "to": 190}}}
{"dateTime": "2025-08-28T22:08:41.914Z", "eventType": "blur", "fullPath": "/main.py"}
{"dateTime": "2025-08-28T22:08:42.225Z", "eventType": "run", "details": {"commit": "555399923077d5dd48934065bff9f30c056817fa"}}
