== SUBMISSION (2025-09-01 14:05:31)
-- CODE: 
TE = int( input("Tempo no estacionamento"))
taxa = (TE* 15)
TF = 5.00
ICHS = ( taxa + TF)*(20/100)
V = (taxa + TF + ICHS)
print(round(V,2))
-- EXECUTION TIME: 
0.01
-- TEST CASE 1:
---- input:
1
---- correct output:
24.0
---- user output:
Tempo no estacionamento24.0
-- TEST CASE 2:
---- input:
7
---- correct output:
132.0
---- user output:
Tempo no estacionamento132.0
-- TEST CASE 3:
---- input:
9
---- correct output:
168.0
---- user output:
Tempo no estacionamento168.0
-- TEST CASE 4:
---- input:
3
---- correct output:
60.0
---- user output:
Tempo no estacionamento60.0
-- TEST CASE 5:
---- input:
5
---- correct output:
96.0
---- user output:
Tempo no estacionamento96.0
-- TEST CASE 6:
---- input:
25
---- correct output:
456.0
---- user output:
Tempo no estacionamento456.0
-- GRADE:
100%
*-*-*-*-*-*-*-*-*-*-*-*-*-*-*-*-*-*-*-*-*-*-*-*
