== SUBMISSION (2025-08-25 15:31:46)
-- CODE: 

-- EXECUTION TIME: 
0.01
-- TEST CASE 1:
---- input:
1.23
---- correct output:
1.23
---- user output:
None
-- TEST CASE 2:
---- input:
1.23
---- correct output:
1.23
---- user output:
None
-- GRADE:
0%
*-*-*-*-*-*-*-*-*-*-*-*-*-*-*-*-*-*-*-*-*-*-*-*
== SUBMISSION (2025-08-25 15:57:32)
-- CODE: 
x1 = 1.23
print(x1)
-- EXECUTION TIME: 
0.01
-- TEST CASE 1:
---- input:
1.23
---- correct output:
1.23
---- user output:
1.23
-- TEST CASE 2:
---- input:
1.23
---- correct output:
1.23
---- user output:
1.23
-- GRADE:
100%
*-*-*-*-*-*-*-*-*-*-*-*-*-*-*-*-*-*-*-*-*-*-*-*
