{"dateTime": "2025-08-28T12:07:39.027Z", "eventType": "blur", "fullPath": "/main.py"}
{"dateTime": "2025-08-28T12:07:45.564Z", "eventType": "submission", "details": {"correctness": 1, "commit": "a5372be0b382908b27fc13bcd1266181dfa09241", "executionTime": 0.01}}
{"dateTime": "2025-08-28T12:08:32.383Z", "eventType": "focus", "fullPath": "/main.py"}
{"dateTime": "2025-08-28T12:08:32.386Z", "eventType": "select.pointer", "fullPath": "/main.py", "details": {"selection": {"from": 0, "to": 0}}}
{"dateTime": "2025-08-28T12:08:40.597Z", "eventType": "input.type", "fullPath": "/main.py", "details": {"fromA": 0, "toA": 0, "fromB": 0, "toB": 1, "inserted": ["e"]}}
{"dateTime": "2025-08-28T12:08:40.880Z", "eventType": "input.type", "fullPath": "/main.py", "details": {"fromA": 1, "toA": 1, "fromB": 1, "toB": 2, "inserted": ["u"]}}
{"dateTime": "2025-08-28T12:08:41.285Z", "eventType": "input.type", "fullPath": "/main.py", "details": {"fromA": 2, "toA": 2, "fromB": 2, "toB": 3, "inserted": ["r"]}}
{"dateTime": "2025-08-28T12:08:41.537Z", "eventType": "input.type", "fullPath": "/main.py", "details": {"fromA": 3, "toA": 3, "fromB": 3, "toB": 4, "inserted": ["o"]}}
{"dateTime": "2025-08-28T12:08:42.501Z", "eventType": "input.type", "fullPath": "/main.py", "details": {"fromA": 4, "toA": 4, "fromB": 4, "toB": 5, "inserted": [" "]}}
{"dateTime": "2025-08-28T12:08:43.972Z", "eventType": "input.type", "fullPath": "/main.py", "details": {"fromA": 5, "toA": 5, "fromB": 5, "toB": 6, "inserted": ["="]}}
{"dateTime": "2025-08-28T12:08:44.436Z", "eventType": "input.type", "fullPath": "/main.py", "details": {"fromA": 6, "toA": 6, "fromB": 6, "toB": 7, "inserted": [" "]}}
{"dateTime": "2025-08-28T12:08:45.540Z", "eventType": "input.type", "fullPath": "/main.py", "details": {"fromA": 7, "toA": 7, "fromB": 7, "toB": 8, "inserted": ["i"]}}
{"dateTime": "2025-08-28T12:08:45.723Z", "eventType": "input.type", "fullPath": "/main.py", "details": {"fromA": 8, "toA": 8, "fromB": 8, "toB": 9, "inserted": ["n"]}}
{"dateTime": "2025-08-28T12:08:47.236Z", "eventType": "input.type", "fullPath": "/main.py", "details": {"fromA": 9, "toA": 9, "fromB": 9, "toB": 10, "inserted": ["t"]}}
{"dateTime": "2025-08-28T12:08:50.771Z", "eventType": "input.type", "fullPath": "/main.py", "details": {"fromA": 10, "toA": 10, "fromB": 10, "toB": 12, "inserted": ["()"]}}
{"dateTime": "2025-08-28T12:08:51.908Z", "eventType": "input.type", "fullPath": "/main.py", "details": {"fromA": 11, "toA": 11, "fromB": 11, "toB": 12, "inserted": ["i"]}}
{"dateTime": "2025-08-28T12:08:52.160Z", "eventType": "input.type", "fullPath": "/main.py", "details": {"fromA": 12, "toA": 12, "fromB": 12, "toB": 13, "inserted": ["n"]}}
{"dateTime": "2025-08-28T12:08:52.644Z", "eventType": "input.type", "fullPath": "/main.py", "details": {"fromA": 13, "toA": 13, "fromB": 13, "toB": 14, "inserted": ["p"]}}
{"dateTime": "2025-08-28T12:08:52.996Z", "eventType": "input.type", "fullPath": "/main.py", "details": {"fromA": 14, "toA": 14, "fromB": 14, "toB": 15, "inserted": ["u"]}}
{"dateTime": "2025-08-28T12:08:53.491Z", "eventType": "input.type", "fullPath": "/main.py", "details": {"fromA": 15, "toA": 15, "fromB": 15, "toB": 16, "inserted": ["t"]}}
{"dateTime": "2025-08-28T12:08:55.154Z", "eventType": "input.type", "fullPath": "/main.py", "details": {"fromA": 16, "toA": 16, "fromB": 16, "toB": 18, "inserted": ["()"]}}
{"dateTime": "2025-08-28T12:08:56.564Z", "eventType": "input.type", "fullPath": "/main.py", "details": {"fromA": 17, "toA": 17, "fromB": 17, "toB": 19, "inserted": ["\"\""]}}
{"dateTime": "2025-08-28T12:09:01.420Z", "eventType": "select.pointer", "fullPath": "/main.py", "details": {"selection": {"from": 18, "to": 18}}}
{"dateTime": "2025-08-28T12:09:04.608Z", "eventType": "input.type", "fullPath": "/main.py", "details": {"fromA": 18, "toA": 18, "fromB": 18, "toB": 19, "inserted": ["q"]}}
{"dateTime": "2025-08-28T12:09:04.929Z", "eventType": "input.type", "fullPath": "/main.py", "details": {"fromA": 19, "toA": 19, "fromB": 19, "toB": 20, "inserted": ["u"]}}
{"dateTime": "2025-08-28T12:09:05.566Z", "eventType": "delete.backward", "fullPath": "/main.py", "details": {"fromA": 19, "toA": 20, "fromB": 19, "toB": 19, "inserted": [""]}}
{"dateTime": "2025-08-28T12:09:05.744Z", "eventType": "delete.backward", "fullPath": "/main.py", "details": {"fromA": 18, "toA": 19, "fromB": 18, "toB": 18, "inserted": [""]}}
{"dateTime": "2025-08-28T12:09:07.329Z", "eventType": "input.type", "fullPath": "/main.py", "details": {"fromA": 18, "toA": 18, "fromB": 18, "toB": 19, "inserted": ["Q"]}}
{"dateTime": "2025-08-28T12:09:07.869Z", "eventType": "input.type", "fullPath": "/main.py", "details": {"fromA": 19, "toA": 19, "fromB": 19, "toB": 20, "inserted": ["u"]}}
{"dateTime": "2025-08-28T12:09:08.112Z", "eventType": "input.type", "fullPath": "/main.py", "details": {"fromA": 20, "toA": 20, "fromB": 20, "toB": 21, "inserted": ["a"]}}
{"dateTime": "2025-08-28T12:09:08.417Z", "eventType": "input.type", "fullPath": "/main.py", "details": {"fromA": 21, "toA": 21, "fromB": 21, "toB": 22, "inserted": ["n"]}}
{"dateTime": "2025-08-28T12:09:08.753Z", "eventType": "input.type", "fullPath": "/main.py", "details": {"fromA": 22, "toA": 22, "fromB": 22, "toB": 23, "inserted": ["t"]}}
{"dateTime": "2025-08-28T12:09:09.263Z", "eventType": "input.type", "fullPath": "/main.py", "details": {"fromA": 23, "toA": 23, "fromB": 23, "toB": 24, "inserted": ["i"]}}
{"dateTime": "2025-08-28T12:09:09.695Z", "eventType": "input.type", "fullPath": "/main.py", "details": {"fromA": 24, "toA": 24, "fromB": 24, "toB": 25, "inserted": ["d"]}}
{"dateTime": "2025-08-28T12:09:09.856Z", "eventType": "input.type", "fullPath": "/main.py", "details": {"fromA": 25, "toA": 25, "fromB": 25, "toB": 26, "inserted": ["a"]}}
{"dateTime": "2025-08-28T12:09:10.049Z", "eventType": "input.type", "fullPath": "/main.py", "details": {"fromA": 26, "toA": 26, "fromB": 26, "toB": 27, "inserted": ["d"]}}
{"dateTime": "2025-08-28T12:09:10.208Z", "eventType": "input.type", "fullPath": "/main.py", "details": {"fromA": 27, "toA": 27, "fromB": 27, "toB": 28, "inserted": ["e"]}}
{"dateTime": "2025-08-28T12:09:10.479Z", "eventType": "input.type", "fullPath": "/main.py", "details": {"fromA": 28, "toA": 28, "fromB": 28, "toB": 29, "inserted": [" "]}}
{"dateTime": "2025-08-28T12:09:10.639Z", "eventType": "input.type", "fullPath": "/main.py", "details": {"fromA": 29, "toA": 29, "fromB": 29, "toB": 30, "inserted": ["d"]}}
{"dateTime": "2025-08-28T12:09:10.815Z", "eventType": "input.type", "fullPath": "/main.py", "details": {"fromA": 30, "toA": 30, "fromB": 30, "toB": 31, "inserted": ["e"]}}
{"dateTime": "2025-08-28T12:09:11.008Z", "eventType": "input.type", "fullPath": "/main.py", "details": {"fromA": 31, "toA": 31, "fromB": 31, "toB": 32, "inserted": [" "]}}
{"dateTime": "2025-08-28T12:09:11.295Z", "eventType": "input.type", "fullPath": "/main.py", "details": {"fromA": 32, "toA": 32, "fromB": 32, "toB": 33, "inserted": ["e"]}}
{"dateTime": "2025-08-28T12:09:11.840Z", "eventType": "input.type", "fullPath": "/main.py", "details": {"fromA": 33, "toA": 33, "fromB": 33, "toB": 34, "inserted": ["u"]}}
{"dateTime": "2025-08-28T12:09:12.287Z", "eventType": "input.type", "fullPath": "/main.py", "details": {"fromA": 34, "toA": 34, "fromB": 34, "toB": 35, "inserted": ["r"]}}
{"dateTime": "2025-08-28T12:09:12.880Z", "eventType": "input.type", "fullPath": "/main.py", "details": {"fromA": 35, "toA": 35, "fromB": 35, "toB": 36, "inserted": ["o"]}}
{"dateTime": "2025-08-28T12:09:13.105Z", "eventType": "input.type", "fullPath": "/main.py", "details": {"fromA": 36, "toA": 36, "fromB": 36, "toB": 37, "inserted": ["s"]}}
{"dateTime": "2025-08-28T12:09:32.240Z", "eventType": "input.type", "fullPath": "/main.py", "details": {"fromA": 37, "toA": 37, "fromB": 37, "toB": 38, "inserted": [":"]}}
{"dateTime": "2025-08-28T12:09:32.719Z", "eventType": "input.type", "fullPath": "/main.py", "details": {"fromA": 38, "toA": 38, "fromB": 38, "toB": 39, "inserted": [" "]}}
{"dateTime": "2025-08-28T12:09:39.536Z", "eventType": "select.pointer", "fullPath": "/main.py", "details": {"selection": {"from": 42, "to": 42}}}
{"dateTime": "2025-08-28T12:09:47.856Z", "eventType": "input", "fullPath": "/main.py", "details": {"fromA": 42, "toA": 42, "fromB": 42, "toB": 43, "inserted": ["", ""]}}
{"dateTime": "2025-08-28T12:09:52.099Z", "eventType": "blur", "fullPath": "/main.py"}
{"dateTime": "2025-08-28T12:09:52.562Z", "eventType": "focus", "fullPath": "/main.py"}
{"dateTime": "2025-08-28T12:09:52.564Z", "eventType": "select.pointer", "fullPath": "/main.py", "details": {"selection": {"from": 43, "to": 43}}}
{"dateTime": "2025-08-28T12:09:54.720Z", "eventType": "input.type", "fullPath": "/main.py", "details": {"fromA": 43, "toA": 43, "fromB": 43, "toB": 44, "inserted": ["c"]}}
{"dateTime": "2025-08-28T12:09:55.019Z", "eventType": "input.type", "fullPath": "/main.py", "details": {"fromA": 44, "toA": 44, "fromB": 44, "toB": 45, "inserted": ["o"]}}
{"dateTime": "2025-08-28T12:09:55.339Z", "eventType": "input.type", "fullPath": "/main.py", "details": {"fromA": 45, "toA": 45, "fromB": 45, "toB": 46, "inserted": ["n"]}}
{"dateTime": "2025-08-28T12:09:55.950Z", "eventType": "input.type", "fullPath": "/main.py", "details": {"fromA": 46, "toA": 46, "fromB": 46, "toB": 47, "inserted": ["v"]}}
{"dateTime": "2025-08-28T12:09:56.270Z", "eventType": "input.type", "fullPath": "/main.py", "details": {"fromA": 47, "toA": 47, "fromB": 47, "toB": 48, "inserted": ["e"]}}
{"dateTime": "2025-08-28T12:09:56.559Z", "eventType": "input.type", "fullPath": "/main.py", "details": {"fromA": 48, "toA": 48, "fromB": 48, "toB": 49, "inserted": ["r"]}}
{"dateTime": "2025-08-28T12:09:56.942Z", "eventType": "input.type", "fullPath": "/main.py", "details": {"fromA": 49, "toA": 49, "fromB": 49, "toB": 50, "inserted": ["s"]}}
{"dateTime": "2025-08-28T12:09:57.150Z", "eventType": "input.type", "fullPath": "/main.py", "details": {"fromA": 50, "toA": 50, "fromB": 50, "toB": 51, "inserted": ["a"]}}
{"dateTime": "2025-08-28T12:09:57.709Z", "eventType": "input.type", "fullPath": "/main.py", "details": {"fromA": 51, "toA": 51, "fromB": 51, "toB": 52, "inserted": ["o"]}}
{"dateTime": "2025-08-28T12:10:19.533Z", "eventType": "delete.backward", "fullPath": "/main.py", "details": {"fromA": 51, "toA": 52, "fromB": 51, "toB": 51, "inserted": [""]}}
{"dateTime": "2025-08-28T12:10:19.720Z", "eventType": "delete.backward", "fullPath": "/main.py", "details": {"fromA": 50, "toA": 51, "fromB": 50, "toB": 50, "inserted": [""]}}
{"dateTime": "2025-08-28T12:10:21.206Z", "eventType": "input.type.compose.start", "fullPath": "/main.py", "details": {"fromA": 50, "toA": 50, "fromB": 50, "toB": 51, "inserted": ["~"]}}
{"dateTime": "2025-08-28T12:10:21.773Z", "eventType": "input.type.compose", "fullPath": "/main.py", "details": {"fromA": 50, "toA": 51, "fromB": 50, "toB": 50, "inserted": [""]}}
{"dateTime": "2025-08-28T12:10:21.774Z", "eventType": "input.type", "fullPath": "/main.py", "details": {"fromA": 50, "toA": 50, "fromB": 50, "toB": 51, "inserted": ["\u00e3"]}}
{"dateTime": "2025-08-28T12:10:22.204Z", "eventType": "input.type", "fullPath": "/main.py", "details": {"fromA": 51, "toA": 51, "fromB": 51, "toB": 52, "inserted": ["o"]}}
{"dateTime": "2025-08-28T12:10:23.277Z", "eventType": "input.type", "fullPath": "/main.py", "details": {"fromA": 52, "toA": 52, "fromB": 52, "toB": 53, "inserted": [" "]}}
{"dateTime": "2025-08-28T12:10:24.365Z", "eventType": "input.type", "fullPath": "/main.py", "details": {"fromA": 53, "toA": 53, "fromB": 53, "toB": 54, "inserted": ["="]}}
{"dateTime": "2025-08-28T12:10:24.747Z", "eventType": "input.type", "fullPath": "/main.py", "details": {"fromA": 54, "toA": 54, "fromB": 54, "toB": 55, "inserted": [" "]}}
{"dateTime": "2025-08-28T12:10:26.698Z", "eventType": "blur", "fullPath": "/main.py"}
{"dateTime": "2025-08-28T12:10:32.987Z", "eventType": "focus", "fullPath": "/main.py"}
{"dateTime": "2025-08-28T12:10:32.988Z", "eventType": "select.pointer", "fullPath": "/main.py", "details": {"selection": {"from": 55, "to": 55}}}
{"dateTime": "2025-08-28T12:10:34.551Z", "eventType": "input.type", "fullPath": "/main.py", "details": {"fromA": 55, "toA": 55, "fromB": 55, "toB": 56, "inserted": ["e"]}}
{"dateTime": "2025-08-28T12:10:34.905Z", "eventType": "input.type", "fullPath": "/main.py", "details": {"fromA": 56, "toA": 56, "fromB": 56, "toB": 57, "inserted": ["u"]}}
{"dateTime": "2025-08-28T12:10:36.833Z", "eventType": "input.type", "fullPath": "/main.py", "details": {"fromA": 57, "toA": 57, "fromB": 57, "toB": 58, "inserted": ["r"]}}
{"dateTime": "2025-08-28T12:10:37.050Z", "eventType": "input.type", "fullPath": "/main.py", "details": {"fromA": 58, "toA": 58, "fromB": 58, "toB": 59, "inserted": ["o"]}}
{"dateTime": "2025-08-28T12:10:37.464Z", "eventType": "input.type", "fullPath": "/main.py", "details": {"fromA": 59, "toA": 59, "fromB": 59, "toB": 60, "inserted": ["s"]}}
{"dateTime": "2025-08-28T12:10:38.269Z", "eventType": "input.type", "fullPath": "/main.py", "details": {"fromA": 60, "toA": 60, "fromB": 60, "toB": 61, "inserted": [" "]}}
{"dateTime": "2025-08-28T12:10:39.645Z", "eventType": "input.type", "fullPath": "/main.py", "details": {"fromA": 61, "toA": 61, "fromB": 61, "toB": 62, "inserted": [" "]}}
{"dateTime": "2025-08-28T12:10:41.995Z", "eventType": "delete.backward", "fullPath": "/main.py", "details": {"fromA": 61, "toA": 62, "fromB": 61, "toB": 61, "inserted": [""]}}
{"dateTime": "2025-08-28T12:10:44.925Z", "eventType": "input.type", "fullPath": "/main.py", "details": {"fromA": 61, "toA": 61, "fromB": 61, "toB": 62, "inserted": ["*"]}}
{"dateTime": "2025-08-28T12:10:46.028Z", "eventType": "input.type", "fullPath": "/main.py", "details": {"fromA": 62, "toA": 62, "fromB": 62, "toB": 63, "inserted": [" "]}}
{"dateTime": "2025-08-28T12:10:50.461Z", "eventType": "input.type", "fullPath": "/main.py", "details": {"fromA": 63, "toA": 63, "fromB": 63, "toB": 64, "inserted": ["5"]}}
{"dateTime": "2025-08-28T12:10:51.918Z", "eventType": "input.type", "fullPath": "/main.py", "details": {"fromA": 64, "toA": 64, "fromB": 64, "toB": 65, "inserted": ["."]}}
{"dateTime": "2025-08-28T12:10:53.039Z", "eventType": "input.type", "fullPath": "/main.py", "details": {"fromA": 65, "toA": 65, "fromB": 65, "toB": 66, "inserted": ["2"]}}
{"dateTime": "2025-08-28T12:10:54.462Z", "eventType": "input.type", "fullPath": "/main.py", "details": {"fromA": 66, "toA": 66, "fromB": 66, "toB": 67, "inserted": ["5"]}}
{"dateTime": "2025-08-28T12:10:59.149Z", "eventType": "select.pointer", "fullPath": "/main.py", "details": {"selection": {"from": 67, "to": 67}}}
{"dateTime": "2025-08-28T12:11:00.270Z", "eventType": "input", "fullPath": "/main.py", "details": {"fromA": 67, "toA": 67, "fromB": 67, "toB": 68, "inserted": ["", ""]}}
{"dateTime": "2025-08-28T12:11:00.430Z", "eventType": "input", "fullPath": "/main.py", "details": {"fromA": 68, "toA": 68, "fromB": 68, "toB": 69, "inserted": ["", ""]}}
{"dateTime": "2025-08-28T12:11:14.131Z", "eventType": "select.pointer", "fullPath": "/main.py", "details": {"selection": {"from": 69, "to": 69}}}
{"dateTime": "2025-08-28T12:11:15.354Z", "eventType": "input.type", "fullPath": "/main.py", "details": {"fromA": 69, "toA": 69, "fromB": 69, "toB": 70, "inserted": ["p"]}}
{"dateTime": "2025-08-28T12:11:15.744Z", "eventType": "input.type", "fullPath": "/main.py", "details": {"fromA": 70, "toA": 70, "fromB": 70, "toB": 71, "inserted": ["r"]}}
{"dateTime": "2025-08-28T12:11:16.018Z", "eventType": "input.type", "fullPath": "/main.py", "details": {"fromA": 71, "toA": 71, "fromB": 71, "toB": 72, "inserted": ["i"]}}
{"dateTime": "2025-08-28T12:11:16.269Z", "eventType": "input.type", "fullPath": "/main.py", "details": {"fromA": 72, "toA": 72, "fromB": 72, "toB": 73, "inserted": ["n"]}}
{"dateTime": "2025-08-28T12:11:16.619Z", "eventType": "input.type", "fullPath": "/main.py", "details": {"fromA": 73, "toA": 73, "fromB": 73, "toB": 74, "inserted": ["t"]}}
{"dateTime": "2025-08-28T12:11:18.096Z", "eventType": "input.type", "fullPath": "/main.py", "details": {"fromA": 74, "toA": 74, "fromB": 74, "toB": 76, "inserted": ["()"]}}
{"dateTime": "2025-08-28T12:11:22.896Z", "eventType": "input.type", "fullPath": "/main.py", "details": {"fromA": 75, "toA": 75, "fromB": 75, "toB": 76, "inserted": ["c"]}}
{"dateTime": "2025-08-28T12:11:23.084Z", "eventType": "input.type", "fullPath": "/main.py", "details": {"fromA": 76, "toA": 76, "fromB": 76, "toB": 77, "inserted": ["o"]}}
{"dateTime": "2025-08-28T12:11:23.421Z", "eventType": "input.type", "fullPath": "/main.py", "details": {"fromA": 77, "toA": 77, "fromB": 77, "toB": 78, "inserted": ["n"]}}
{"dateTime": "2025-08-28T12:11:23.804Z", "eventType": "input.type", "fullPath": "/main.py", "details": {"fromA": 78, "toA": 78, "fromB": 78, "toB": 79, "inserted": ["v"]}}
{"dateTime": "2025-08-28T12:11:24.161Z", "eventType": "input.type", "fullPath": "/main.py", "details": {"fromA": 79, "toA": 79, "fromB": 79, "toB": 80, "inserted": ["e"]}}
{"dateTime": "2025-08-28T12:11:24.352Z", "eventType": "input.type", "fullPath": "/main.py", "details": {"fromA": 80, "toA": 80, "fromB": 80, "toB": 81, "inserted": ["r"]}}
{"dateTime": "2025-08-28T12:11:26.098Z", "eventType": "input.type", "fullPath": "/main.py", "details": {"fromA": 81, "toA": 81, "fromB": 81, "toB": 82, "inserted": ["s"]}}
{"dateTime": "2025-08-28T12:11:27.776Z", "eventType": "input.type.compose.start", "fullPath": "/main.py", "details": {"fromA": 82, "toA": 82, "fromB": 82, "toB": 83, "inserted": ["~"]}}
{"dateTime": "2025-08-28T12:11:28.000Z", "eventType": "input.type.compose", "fullPath": "/main.py", "details": {"fromA": 82, "toA": 83, "fromB": 82, "toB": 82, "inserted": [""]}}
{"dateTime": "2025-08-28T12:11:28.002Z", "eventType": "input.type", "fullPath": "/main.py", "details": {"fromA": 82, "toA": 82, "fromB": 82, "toB": 83, "inserted": ["\u00e3"]}}
{"dateTime": "2025-08-28T12:11:28.432Z", "eventType": "input.type", "fullPath": "/main.py", "details": {"fromA": 83, "toA": 83, "fromB": 83, "toB": 84, "inserted": ["o"]}}
{"dateTime": "2025-08-28T12:11:34.625Z", "eventType": "select.pointer", "fullPath": "/main.py", "details": {"selection": {"from": 85, "to": 85}}}
{"dateTime": "2025-08-28T12:11:36.453Z", "eventType": "blur", "fullPath": "/main.py"}
{"dateTime": "2025-08-28T12:11:45.191Z", "eventType": "focus", "fullPath": "/main.py"}
{"dateTime": "2025-08-28T12:11:45.195Z", "eventType": "select.pointer", "fullPath": "/main.py", "details": {"selection": {"from": 60, "to": 60}}}
{"dateTime": "2025-08-28T12:11:46.145Z", "eventType": "delete.backward", "fullPath": "/main.py", "details": {"fromA": 59, "toA": 60, "fromB": 59, "toB": 59, "inserted": [""]}}
