== RUN (2025-08-25 14:49:43)
-- CODE: 
X = float(input("Digite um número: "))
Q1 = X*(27/100)
Q2 = X*(42/100) +X




print(round(Q1, 2))
print(round(Q2, 2))
-- EXECUTION TIME: 
0.0
-- TEST CASE 1:
---- input:
123.14
---- correct output:
33.25
174.86
45.56
---- user output:
174.86
-- TEST CASE 2:
---- input:
25.00
---- correct output:
6.75
35.5
9.25
---- user output:
35.5
-- TEST CASE 3:
---- input:
325.60
---- correct output:
87.91
462.35
120.47
---- user output:
462.35
-- TEST CASE 4:
---- input:
3567.90
---- correct output:
963.33
5066.42
1320.12
---- user output:
5066.42
-- TEST CASE 5:
---- input:
5426.20
---- correct output:
1465.07
7705.2
2007.69
---- user output:
7705.2
-- TEST CASE 6:
---- input:
12.15
---- correct output:
3.28
17.25
4.5
---- user output:
17.25
*-*-*-*-*-*-*-*-*-*-*-*-*-*-*-*-*-*-*-*-*-*-*-*
== SUBMISSION (2025-08-25 14:52:20)
-- CODE: 
X = float(input("Digite um número: "))
Q1 = X*(27/100)
Q2 = X+X*(42/100)
Q3 = X-X*(63/100)
print(round(Q1, 2))
print(round(Q2, 2))
print(round(Q3, 2))
-- EXECUTION TIME: 
0.01
-- TEST CASE 1:
---- input:
123.14
---- correct output:
33.25
174.86
45.56
---- user output:
45.56
-- TEST CASE 2:
---- input:
25.00
---- correct output:
6.75
35.5
9.25
---- user output:
9.25
-- TEST CASE 3:
---- input:
325.60
---- correct output:
87.91
462.35
120.47
---- user output:
120.47
-- TEST CASE 4:
---- input:
3567.90
---- correct output:
963.33
5066.42
1320.12
---- user output:
1320.12
-- TEST CASE 5:
---- input:
5426.20
---- correct output:
1465.07
7705.2
2007.69
---- user output:
2007.69
-- TEST CASE 6:
---- input:
12.15
---- correct output:
3.28
17.25
4.5
---- user output:
4.5
-- GRADE:
100%
*-*-*-*-*-*-*-*-*-*-*-*-*-*-*-*-*-*-*-*-*-*-*-*
== RUN (2025-08-25 14:48:51)
-- CODE: 
X = float(input("Digite um número: "))
Q1 = X*(27/100)
Q2 = X+(42/100)




print(round(Q1, 2))
print(round(Q2, 2))
-- EXECUTION TIME: 
0.0
-- TEST CASE 1:
---- input:
123.14
---- correct output:
33.25
174.86
45.56
---- user output:
123.56
-- TEST CASE 2:
---- input:
25.00
---- correct output:
6.75
35.5
9.25
---- user output:
25.42
-- TEST CASE 3:
---- input:
325.60
---- correct output:
87.91
462.35
120.47
---- user output:
326.02
-- TEST CASE 4:
---- input:
3567.90
---- correct output:
963.33
5066.42
1320.12
---- user output:
3568.32
-- TEST CASE 5:
---- input:
5426.20
---- correct output:
1465.07
7705.2
2007.69
---- user output:
5426.62
-- TEST CASE 6:
---- input:
12.15
---- correct output:
3.28
17.25
4.5
---- user output:
12.57
*-*-*-*-*-*-*-*-*-*-*-*-*-*-*-*-*-*-*-*-*-*-*-*
== RUN (2025-08-25 14:46:22)
-- CODE: 
X = float(input("Digite um número: "))
Q1 = X*(27/100)
print(round(Q1, 2))
-- EXECUTION TIME: 
0.0
-- TEST CASE 1:
---- input:
123.14
---- correct output:
33.25
174.86
45.56
---- user output:
Digite um número: 33.25
-- TEST CASE 2:
---- input:
25.00
---- correct output:
6.75
35.5
9.25
---- user output:
Digite um número: 6.75
-- TEST CASE 3:
---- input:
325.60
---- correct output:
87.91
462.35
120.47
---- user output:
Digite um número: 87.91
-- TEST CASE 4:
---- input:
3567.90
---- correct output:
963.33
5066.42
1320.12
---- user output:
Digite um número: 963.33
-- TEST CASE 5:
---- input:
5426.20
---- correct output:
1465.07
7705.2
2007.69
---- user output:
Digite um número: 1465.07
-- TEST CASE 6:
---- input:
12.15
---- correct output:
3.28
17.25
4.5
---- user output:
Digite um número: 3.28
*-*-*-*-*-*-*-*-*-*-*-*-*-*-*-*-*-*-*-*-*-*-*-*
== RUN (2025-08-25 14:49:15)
-- CODE: 
X = float(input("Digite um número: "))
Q1 = X*(27/100)
Q2 = X-X+(42/100)




print(round(Q1, 2))
print(round(Q2, 2))
-- EXECUTION TIME: 
0.0
-- TEST CASE 1:
---- input:
123.14
---- correct output:
33.25
174.86
45.56
---- user output:
0.42
-- TEST CASE 2:
---- input:
25.00
---- correct output:
6.75
35.5
9.25
---- user output:
0.42
-- TEST CASE 3:
---- input:
325.60
---- correct output:
87.91
462.35
120.47
---- user output:
0.42
-- TEST CASE 4:
---- input:
3567.90
---- correct output:
963.33
5066.42
1320.12
---- user output:
0.42
-- TEST CASE 5:
---- input:
5426.20
---- correct output:
1465.07
7705.2
2007.69
---- user output:
0.42
-- TEST CASE 6:
---- input:
12.15
---- correct output:
3.28
17.25
4.5
---- user output:
0.42
*-*-*-*-*-*-*-*-*-*-*-*-*-*-*-*-*-*-*-*-*-*-*-*
