== SUBMISSION (2025-08-13 19:45:36)
-- CODE: 
celsius = float(input())
kevin = celsius + 273.15
print(round(kevin, 2))
-- EXECUTION TIME: 
0.01
-- TEST CASE 1:
---- input:
20.25
---- correct output:
293.4
---- user output:
293.4
-- TEST CASE 2:
---- input:
-10.0
---- correct output:
263.15
---- user output:
263.15
-- TEST CASE 3:
---- input:
-40.0
---- correct output:
233.15
---- user output:
233.15
-- TEST CASE 4:
---- input:
100.0
---- correct output:
373.15
---- user output:
373.15
-- TEST CASE 5:
---- input:
0.0
---- correct output:
273.15
---- user output:
273.15
-- TEST CASE 6:
---- input:
30.5
---- correct output:
303.65
---- user output:
303.65
-- GRADE:
100%
*-*-*-*-*-*-*-*-*-*-*-*-*-*-*-*-*-*-*-*-*-*-*-*
== RUN (2025-08-31 16:31:31)
-- CODE: 
celsius = float(input())
kevin = celsius + 273.15
print(round(kevin, 2))
-- EXECUTION TIME: 
0.0
-- TEST CASE 1:
---- input:
20.25
---- correct output:
293.4
---- user output:
293.4
-- TEST CASE 2:
---- input:
-10.0
---- correct output:
263.15
---- user output:
263.15
-- TEST CASE 3:
---- input:
-40.0
---- correct output:
233.15
---- user output:
233.15
-- TEST CASE 4:
---- input:
100.0
---- correct output:
373.15
---- user output:
373.15
-- TEST CASE 5:
---- input:
0.0
---- correct output:
273.15
---- user output:
273.15
-- TEST CASE 6:
---- input:
30.5
---- correct output:
303.65
---- user output:
303.65
*-*-*-*-*-*-*-*-*-*-*-*-*-*-*-*-*-*-*-*-*-*-*-*
== SUBMISSION (2025-08-13 19:44:11)
-- CODE: 
Celsius float(input())
kevin = celsius + 273.15
print(round(kevin, 1))
-- EXECUTION TIME: 
0.0
-- TEST CASE 1:
---- input:
20.25
---- correct output:
293.4
-- ERROR:
File "XXXX", line 1
    Celsius float(input())
            ^^^^^
SyntaxError: invalid syntax
-- TEST CASE 2:
---- input:
-10.0
---- correct output:
263.15
-- ERROR:
File "XXXX", line 1
    Celsius float(input())
            ^^^^^
SyntaxError: invalid syntax
-- TEST CASE 3:
---- input:
-40.0
---- correct output:
233.15
-- ERROR:
File "XXXX", line 1
    Celsius float(input())
            ^^^^^
SyntaxError: invalid syntax
-- TEST CASE 4:
---- input:
100.0
---- correct output:
373.15
-- ERROR:
File "XXXX", line 1
    Celsius float(input())
            ^^^^^
SyntaxError: invalid syntax
-- TEST CASE 5:
---- input:
0.0
---- correct output:
273.15
-- ERROR:
File "XXXX", line 1
    Celsius float(input())
            ^^^^^
SyntaxError: invalid syntax
-- TEST CASE 6:
---- input:
30.5
---- correct output:
303.65
-- ERROR:
File "XXXX", line 1
    Celsius float(input())
            ^^^^^
SyntaxError: invalid syntax
-- GRADE:
0%
*-*-*-*-*-*-*-*-*-*-*-*-*-*-*-*-*-*-*-*-*-*-*-*
== SUBMISSION (2025-08-13 19:44:19)
-- CODE: 
Celsius float(input())
kevin = celsius + 273.15
print(round(kevin, 2))
-- EXECUTION TIME: 
0.0
-- TEST CASE 1:
---- input:
20.25
---- correct output:
293.4
-- ERROR:
File "XXXX", line 1
    Celsius float(input())
            ^^^^^
SyntaxError: invalid syntax
-- TEST CASE 2:
---- input:
-10.0
---- correct output:
263.15
-- ERROR:
File "XXXX", line 1
    Celsius float(input())
            ^^^^^
SyntaxError: invalid syntax
-- TEST CASE 3:
---- input:
-40.0
---- correct output:
233.15
-- ERROR:
File "XXXX", line 1
    Celsius float(input())
            ^^^^^
SyntaxError: invalid syntax
-- TEST CASE 4:
---- input:
100.0
---- correct output:
373.15
-- ERROR:
File "XXXX", line 1
    Celsius float(input())
            ^^^^^
SyntaxError: invalid syntax
-- TEST CASE 5:
---- input:
0.0
---- correct output:
273.15
-- ERROR:
File "XXXX", line 1
    Celsius float(input())
            ^^^^^
SyntaxError: invalid syntax
-- TEST CASE 6:
---- input:
30.5
---- correct output:
303.65
-- ERROR:
File "XXXX", line 1
    Celsius float(input())
            ^^^^^
SyntaxError: invalid syntax
-- GRADE:
0%
*-*-*-*-*-*-*-*-*-*-*-*-*-*-*-*-*-*-*-*-*-*-*-*
== RUN (2025-08-31 16:31:39)
-- CODE: 
celsius = float(input())
kevin = celsius + 273.15
print(round(kevin, 2))
-- EXECUTION TIME: 
0.0
-- TEST CASE 1:
---- input:
20.25
---- correct output:
293.4
---- user output:
293.4
-- TEST CASE 2:
---- input:
-10.0
---- correct output:
263.15
---- user output:
263.15
-- TEST CASE 3:
---- input:
-40.0
---- correct output:
233.15
---- user output:
233.15
-- TEST CASE 4:
---- input:
100.0
---- correct output:
373.15
---- user output:
373.15
-- TEST CASE 5:
---- input:
0.0
---- correct output:
273.15
---- user output:
273.15
-- TEST CASE 6:
---- input:
30.5
---- correct output:
303.65
---- user output:
303.65
*-*-*-*-*-*-*-*-*-*-*-*-*-*-*-*-*-*-*-*-*-*-*-*
== SUBMISSION (2025-08-13 19:44:17)
-- CODE: 
Celsius float(input())
kevin = celsius + 273.15
print(round(kevin, 2))
-- EXECUTION TIME: 
0.0
-- TEST CASE 1:
---- input:
20.25
---- correct output:
293.4
-- ERROR:
File "XXXX", line 1
    Celsius float(input())
            ^^^^^
SyntaxError: invalid syntax
-- TEST CASE 2:
---- input:
-10.0
---- correct output:
263.15
-- ERROR:
File "XXXX", line 1
    Celsius float(input())
            ^^^^^
SyntaxError: invalid syntax
-- TEST CASE 3:
---- input:
-40.0
---- correct output:
233.15
-- ERROR:
File "XXXX", line 1
    Celsius float(input())
            ^^^^^
SyntaxError: invalid syntax
-- TEST CASE 4:
---- input:
100.0
---- correct output:
373.15
-- ERROR:
File "XXXX", line 1
    Celsius float(input())
            ^^^^^
SyntaxError: invalid syntax
-- TEST CASE 5:
---- input:
0.0
---- correct output:
273.15
-- ERROR:
File "XXXX", line 1
    Celsius float(input())
            ^^^^^
SyntaxError: invalid syntax
-- TEST CASE 6:
---- input:
30.5
---- correct output:
303.65
-- ERROR:
File "XXXX", line 1
    Celsius float(input())
            ^^^^^
SyntaxError: invalid syntax
-- GRADE:
0%
*-*-*-*-*-*-*-*-*-*-*-*-*-*-*-*-*-*-*-*-*-*-*-*
