== SUBMISSION (2025-09-02 00:23:26)
-- CODE: 
valot_total = float(input())
total_taxa = valot_total + 15.00
total_final = total_taxa + (0.30 * total_taxa)
print(total_final)
-- EXECUTION TIME: 
0.01
-- TEST CASE 1:
---- input:
250
---- correct output:
344.5
---- user output:
344.5
-- TEST CASE 2:
---- input:
123
---- correct output:
179.4
---- user output:
179.4
-- TEST CASE 3:
---- input:
765
---- correct output:
1014.0
---- user output:
1014.0
-- TEST CASE 4:
---- input:
590
---- correct output:
786.5
---- user output:
786.5
-- TEST CASE 5:
---- input:
453
---- correct output:
608.4
---- user output:
608.4
-- TEST CASE 6:
---- input:
140
---- correct output:
201.5
---- user output:
201.5
-- GRADE:
100%
*-*-*-*-*-*-*-*-*-*-*-*-*-*-*-*-*-*-*-*-*-*-*-*
