{"dateTime": "2025-08-27T22:34:44.690Z", "eventType": "focus", "fullPath": "/main.py"}
{"dateTime": "2025-08-27T22:34:46.918Z", "eventType": "blur", "fullPath": "/main.py"}
{"dateTime": "2025-08-27T22:34:49.963Z", "eventType": "focus", "fullPath": "/main.py"}
{"dateTime": "2025-08-27T22:35:08.968Z", "eventType": "blur", "fullPath": "/main.py"}
{"dateTime": "2025-08-27T22:35:08.969Z", "eventType": "window.blur", "fullPath": "/main.py"}
{"dateTime": "2025-08-27T22:35:10.001Z", "eventType": "window.blur", "fullPath": "/main.py"}
{"dateTime": "2025-08-27T22:35:21.897Z", "eventType": "focus", "fullPath": "/main.py"}
{"dateTime": "2025-08-27T22:35:23.632Z", "eventType": "blur", "fullPath": "/main.py"}
{"dateTime": "2025-08-27T22:35:23.633Z", "eventType": "window.blur", "fullPath": "/main.py"}
{"dateTime": "2025-08-27T22:35:25.262Z", "eventType": "window.focus", "fullPath": "/main.py"}
{"dateTime": "2025-08-27T22:35:25.263Z", "eventType": "focus", "fullPath": "/main.py"}
{"dateTime": "2025-08-27T22:35:26.488Z", "eventType": "window.blur", "fullPath": "/main.py"}
{"dateTime": "2025-08-27T22:35:35.703Z", "eventType": "window.focus", "fullPath": "/main.py"}
{"dateTime": "2025-08-27T22:35:45.367Z", "eventType": "focus", "fullPath": "/main.py"}
{"dateTime": "2025-08-27T22:35:45.370Z", "eventType": "select.pointer", "fullPath": "/main.py", "details": {"selection": {"from": 0, "to": 0}}}
{"dateTime": "2025-08-27T22:35:46.498Z", "eventType": "window.blur", "fullPath": "/main.py"}
{"dateTime": "2025-08-27T22:35:54.619Z", "eventType": "focus", "fullPath": "/main.py"}
{"dateTime": "2025-08-27T22:36:02.594Z", "eventType": "window.blur", "fullPath": "/main.py"}
{"dateTime": "2025-09-01T22:01:56.176Z", "eventType": "input.type", "fullPath": "/main.py", "details": {"fromA": 49, "toA": 49, "fromB": 49, "toB": 50, "inserted": [" "]}}
{"dateTime": "2025-09-01T22:01:56.640Z", "eventType": "input.type", "fullPath": "/main.py", "details": {"fromA": 50, "toA": 50, "fromB": 50, "toB": 52, "inserted": ["()"]}}
{"dateTime": "2025-09-01T22:01:56.892Z", "eventType": "input.type", "fullPath": "/main.py", "details": {"fromA": 51, "toA": 52, "fromB": 51, "toB": 52, "inserted": [")"]}}
{"dateTime": "2025-09-01T22:01:57.533Z", "eventType": "select", "fullPath": "/main.py", "details": {"selection": {"from": 51, "to": 51}}}
{"dateTime": "2025-09-01T22:01:57.758Z", "eventType": "select", "fullPath": "/main.py", "details": {"selection": {"from": 50, "to": 50}}}
{"dateTime": "2025-09-01T22:01:58.479Z", "eventType": "delete.backward", "fullPath": "/main.py", "details": {"fromA": 49, "toA": 50, "fromB": 49, "toB": 49, "inserted": [""]}}
{"dateTime": "2025-09-01T22:01:58.813Z", "eventType": "select", "fullPath": "/main.py", "details": {"selection": {"from": 50, "to": 50}}}
{"dateTime": "2025-09-01T22:02:00.560Z", "eventType": "input.type", "fullPath": "/main.py", "details": {"fromA": 50, "toA": 50, "fromB": 50, "toB": 51, "inserted": ["r"]}}
{"dateTime": "2025-09-01T22:02:00.912Z", "eventType": "input.type", "fullPath": "/main.py", "details": {"fromA": 51, "toA": 51, "fromB": 51, "toB": 52, "inserted": ["o"]}}
{"dateTime": "2025-09-01T22:02:01.188Z", "eventType": "input.type", "fullPath": "/main.py", "details": {"fromA": 52, "toA": 52, "fromB": 52, "toB": 53, "inserted": ["u"]}}
{"dateTime": "2025-09-01T22:02:01.584Z", "eventType": "input.type", "fullPath": "/main.py", "details": {"fromA": 53, "toA": 53, "fromB": 53, "toB": 54, "inserted": ["n"]}}
{"dateTime": "2025-09-01T22:02:02.016Z", "eventType": "input.type", "fullPath": "/main.py", "details": {"fromA": 54, "toA": 54, "fromB": 54, "toB": 55, "inserted": ["d"]}}
{"dateTime": "2025-09-01T22:02:04.752Z", "eventType": "input.type", "fullPath": "/main.py", "details": {"fromA": 55, "toA": 55, "fromB": 55, "toB": 57, "inserted": ["()"]}}
{"dateTime": "2025-09-01T22:02:05.025Z", "eventType": "input.type", "fullPath": "/main.py", "details": {"fromA": 56, "toA": 56, "fromB": 56, "toB": 57, "inserted": ["0"]}}
{"dateTime": "2025-09-01T22:02:06.558Z", "eventType": "delete.backward", "fullPath": "/main.py", "details": {"fromA": 56, "toA": 57, "fromB": 56, "toB": 56, "inserted": [""]}}
{"dateTime": "2025-09-01T22:02:09.361Z", "eventType": "input.type", "fullPath": "/main.py", "details": {"fromA": 56, "toA": 56, "fromB": 56, "toB": 57, "inserted": ["t"]}}
{"dateTime": "2025-09-01T22:02:09.721Z", "eventType": "input.type", "fullPath": "/main.py", "details": {"fromA": 57, "toA": 57, "fromB": 57, "toB": 58, "inserted": ["e"]}}
{"dateTime": "2025-09-01T22:02:09.972Z", "eventType": "input.type", "fullPath": "/main.py", "details": {"fromA": 58, "toA": 58, "fromB": 58, "toB": 59, "inserted": ["m"]}}
{"dateTime": "2025-09-01T22:02:10.352Z", "eventType": "input.type", "fullPath": "/main.py", "details": {"fromA": 59, "toA": 59, "fromB": 59, "toB": 60, "inserted": ["p"]}}
{"dateTime": "2025-09-01T22:02:11.659Z", "eventType": "input.type", "fullPath": "/main.py", "details": {"fromA": 60, "toA": 60, "fromB": 60, "toB": 61, "inserted": ["F"]}}
{"dateTime": "2025-09-01T22:02:14.559Z", "eventType": "input.type", "fullPath": "/main.py", "details": {"fromA": 61, "toA": 61, "fromB": 61, "toB": 62, "inserted": [","]}}
{"dateTime": "2025-09-01T22:02:15.151Z", "eventType": "input.type", "fullPath": "/main.py", "details": {"fromA": 62, "toA": 62, "fromB": 62, "toB": 63, "inserted": ["2"]}}
{"dateTime": "2025-09-01T22:02:17.842Z", "eventType": "blur", "fullPath": "/main.py"}
{"dateTime": "2025-09-01T22:02:18.212Z", "eventType": "run", "details": {"commit": "3e8ba921566b12a7c2fa91952323039fdafdd457"}}
{"dateTime": "2025-09-01T22:02:19.558Z", "eventType": "submission", "details": {"correctness": 1, "commit": "3e8ba921566b12a7c2fa91952323039fdafdd457", "executionTime": 0.01}}
{"dateTime": "2025-09-01T22:03:09.081Z", "eventType": "focus", "fullPath": "/main.py"}
{"dateTime": "2025-09-01T22:03:09.084Z", "eventType": "select.pointer", "fullPath": "/main.py", "details": {"selection": {"from": 0, "to": 0}}}
{"dateTime": "2025-09-01T22:03:10.427Z", "eventType": "input.type", "fullPath": "/main.py", "details": {"fromA": 0, "toA": 0, "fromB": 0, "toB": 1, "inserted": [" "]}}
{"dateTime": "2025-09-01T22:03:11.882Z", "eventType": "delete.backward", "fullPath": "/main.py", "details": {"fromA": 0, "toA": 1, "fromB": 0, "toB": 0, "inserted": [""]}}
{"dateTime": "2025-09-01T22:03:13.659Z", "eventType": "input.type", "fullPath": "/main.py", "details": {"fromA": 0, "toA": 0, "fromB": 0, "toB": 1, "inserted": ["t"]}}
{"dateTime": "2025-09-01T22:03:14.165Z", "eventType": "input.type", "fullPath": "/main.py", "details": {"fromA": 1, "toA": 1, "fromB": 1, "toB": 2, "inserted": ["e"]}}
{"dateTime": "2025-09-01T22:03:14.319Z", "eventType": "input.type", "fullPath": "/main.py", "details": {"fromA": 2, "toA": 2, "fromB": 2, "toB": 3, "inserted": ["m"]}}
{"dateTime": "2025-09-01T22:03:14.619Z", "eventType": "input.type", "fullPath": "/main.py", "details": {"fromA": 3, "toA": 3, "fromB": 3, "toB": 4, "inserted": ["p"]}}
{"dateTime": "2025-09-01T22:03:16.667Z", "eventType": "input.type", "fullPath": "/main.py", "details": {"fromA": 4, "toA": 4, "fromB": 4, "toB": 5, "inserted": ["C"]}}
{"dateTime": "2025-09-01T22:03:17.035Z", "eventType": "input.type", "fullPath": "/main.py", "details": {"fromA": 5, "toA": 5, "fromB": 5, "toB": 6, "inserted": [" "]}}
{"dateTime": "2025-09-01T22:03:17.579Z", "eventType": "input.type", "fullPath": "/main.py", "details": {"fromA": 6, "toA": 6, "fromB": 6, "toB": 7, "inserted": ["="]}}
{"dateTime": "2025-09-01T22:03:19.083Z", "eventType": "input.type", "fullPath": "/main.py", "details": {"fromA": 7, "toA": 7, "fromB": 7, "toB": 8, "inserted": [" "]}}
{"dateTime": "2025-09-01T22:03:19.595Z", "eventType": "input.type", "fullPath": "/main.py", "details": {"fromA": 8, "toA": 8, "fromB": 8, "toB": 9, "inserted": ["F"]}}
{"dateTime": "2025-09-01T22:03:20.363Z", "eventType": "input.type", "fullPath": "/main.py", "details": {"fromA": 9, "toA": 9, "fromB": 9, "toB": 10, "inserted": ["L"]}}
{"dateTime": "2025-09-01T22:03:20.606Z", "eventType": "input.type", "fullPath": "/main.py", "details": {"fromA": 10, "toA": 10, "fromB": 10, "toB": 11, "inserted": ["O"]}}
{"dateTime": "2025-09-01T22:03:21.371Z", "eventType": "delete.backward", "fullPath": "/main.py", "details": {"fromA": 10, "toA": 11, "fromB": 10, "toB": 10, "inserted": [""]}}
{"dateTime": "2025-09-01T22:03:21.533Z", "eventType": "delete.backward", "fullPath": "/main.py", "details": {"fromA": 9, "toA": 10, "fromB": 9, "toB": 9, "inserted": [""]}}
{"dateTime": "2025-09-01T22:03:21.866Z", "eventType": "delete.backward", "fullPath": "/main.py", "details": {"fromA": 8, "toA": 9, "fromB": 8, "toB": 8, "inserted": [""]}}
{"dateTime": "2025-09-01T22:03:22.715Z", "eventType": "input.type", "fullPath": "/main.py", "details": {"fromA": 8, "toA": 8, "fromB": 8, "toB": 9, "inserted": ["f"]}}
{"dateTime": "2025-09-01T22:03:22.990Z", "eventType": "input.type", "fullPath": "/main.py", "details": {"fromA": 9, "toA": 9, "fromB": 9, "toB": 10, "inserted": ["l"]}}
{"dateTime": "2025-09-01T22:03:24.444Z", "eventType": "input.complete", "fullPath": "/main.py", "details": {"fromA": 8, "toA": 10, "fromB": 8, "toB": 13, "inserted": ["float"]}}
{"dateTime": "2025-09-01T22:03:29.403Z", "eventType": "input.type", "fullPath": "/main.py", "details": {"fromA": 13, "toA": 13, "fromB": 13, "toB": 14, "inserted": [" "]}}
{"dateTime": "2025-09-01T22:03:29.947Z", "eventType": "input.type", "fullPath": "/main.py", "details": {"fromA": 14, "toA": 14, "fromB": 14, "toB": 16, "inserted": ["()"]}}
{"dateTime": "2025-09-01T22:03:30.300Z", "eventType": "input.type", "fullPath": "/main.py", "details": {"fromA": 15, "toA": 16, "fromB": 15, "toB": 16, "inserted": [")"]}}
{"dateTime": "2025-09-01T22:03:31.737Z", "eventType": "select", "fullPath": "/main.py", "details": {"selection": {"from": 15, "to": 15}}}
{"dateTime": "2025-09-01T22:03:32.009Z", "eventType": "select", "fullPath": "/main.py", "details": {"selection": {"from": 14, "to": 14}}}
{"dateTime": "2025-09-01T22:03:32.203Z", "eventType": "select", "fullPath": "/main.py", "details": {"selection": {"from": 13, "to": 13}}}
{"dateTime": "2025-09-01T22:03:32.490Z", "eventType": "select", "fullPath": "/main.py", "details": {"selection": {"from": 14, "to": 14}}}
{"dateTime": "2025-09-01T22:03:33.978Z", "eventType": "delete.backward", "fullPath": "/main.py", "details": {"fromA": 13, "toA": 14, "fromB": 13, "toB": 13, "inserted": [""]}}
{"dateTime": "2025-09-01T22:03:34.473Z", "eventType": "select", "fullPath": "/main.py", "details": {"selection": {"from": 14, "to": 14}}}
{"dateTime": "2025-09-01T22:03:35.579Z", "eventType": "input.type", "fullPath": "/main.py", "details": {"fromA": 14, "toA": 14, "fromB": 14, "toB": 15, "inserted": ["i"]}}
{"dateTime": "2025-09-01T22:03:35.847Z", "eventType": "input.type", "fullPath": "/main.py", "details": {"fromA": 15, "toA": 15, "fromB": 15, "toB": 16, "inserted": ["n"]}}
{"dateTime": "2025-09-01T22:03:36.267Z", "eventType": "input.type", "fullPath": "/main.py", "details": {"fromA": 16, "toA": 16, "fromB": 16, "toB": 17, "inserted": ["p"]}}
{"dateTime": "2025-09-01T22:03:36.638Z", "eventType": "input.type", "fullPath": "/main.py", "details": {"fromA": 17, "toA": 17, "fromB": 17, "toB": 18, "inserted": ["u"]}}
{"dateTime": "2025-09-01T22:03:36.910Z", "eventType": "input.type", "fullPath": "/main.py", "details": {"fromA": 18, "toA": 18, "fromB": 18, "toB": 19, "inserted": ["t"]}}
{"dateTime": "2025-09-01T22:03:39.308Z", "eventType": "input.type", "fullPath": "/main.py", "details": {"fromA": 19, "toA": 19, "fromB": 19, "toB": 21, "inserted": ["()"]}}
{"dateTime": "2025-09-01T22:03:39.565Z", "eventType": "input.type", "fullPath": "/main.py", "details": {"fromA": 20, "toA": 21, "fromB": 20, "toB": 21, "inserted": [")"]}}
{"dateTime": "2025-09-01T22:03:40.156Z", "eventType": "select", "fullPath": "/main.py", "details": {"selection": {"from": 22, "to": 22}}}
{"dateTime": "2025-09-01T22:03:41.179Z", "eventType": "input", "fullPath": "/main.py", "details": {"fromA": 22, "toA": 22, "fromB": 22, "toB": 23, "inserted": ["", ""]}}
{"dateTime": "2025-09-01T22:03:43.435Z", "eventType": "input.type", "fullPath": "/main.py", "details": {"fromA": 23, "toA": 23, "fromB": 23, "toB": 24, "inserted": ["t"]}}
{"dateTime": "2025-09-01T22:03:44.301Z", "eventType": "input.type", "fullPath": "/main.py", "details": {"fromA": 24, "toA": 24, "fromB": 24, "toB": 25, "inserted": ["e"]}}
{"dateTime": "2025-09-01T22:03:44.543Z", "eventType": "input.type", "fullPath": "/main.py", "details": {"fromA": 25, "toA": 25, "fromB": 25, "toB": 26, "inserted": ["m"]}}
{"dateTime": "2025-09-01T22:03:44.972Z", "eventType": "input.type", "fullPath": "/main.py", "details": {"fromA": 26, "toA": 26, "fromB": 26, "toB": 27, "inserted": ["p"]}}
{"dateTime": "2025-09-01T22:03:45.548Z", "eventType": "input.type", "fullPath": "/main.py", "details": {"fromA": 27, "toA": 27, "fromB": 27, "toB": 28, "inserted": ["F"]}}
{"dateTime": "2025-09-01T22:03:46.476Z", "eventType": "input.type", "fullPath": "/main.py", "details": {"fromA": 28, "toA": 28, "fromB": 28, "toB": 29, "inserted": [" "]}}
{"dateTime": "2025-09-01T22:03:46.956Z", "eventType": "input.type", "fullPath": "/main.py", "details": {"fromA": 29, "toA": 29, "fromB": 29, "toB": 30, "inserted": ["="]}}
{"dateTime": "2025-09-01T22:03:47.276Z", "eventType": "input.type", "fullPath": "/main.py", "details": {"fromA": 30, "toA": 30, "fromB": 30, "toB": 31, "inserted": [" "]}}
{"dateTime": "2025-09-01T22:03:52.717Z", "eventType": "input.type", "fullPath": "/main.py", "details": {"fromA": 31, "toA": 31, "fromB": 31, "toB": 32, "inserted": ["T"]}}
{"dateTime": "2025-09-01T22:03:53.804Z", "eventType": "delete.backward", "fullPath": "/main.py", "details": {"fromA": 31, "toA": 32, "fromB": 31, "toB": 31, "inserted": [""]}}
{"dateTime": "2025-09-01T22:03:54.443Z", "eventType": "input.type", "fullPath": "/main.py", "details": {"fromA": 31, "toA": 31, "fromB": 31, "toB": 32, "inserted": ["t"]}}
{"dateTime": "2025-09-01T22:03:54.677Z", "eventType": "input.type", "fullPath": "/main.py", "details": {"fromA": 32, "toA": 32, "fromB": 32, "toB": 33, "inserted": ["e"]}}
{"dateTime": "2025-09-01T22:03:54.926Z", "eventType": "input.type", "fullPath": "/main.py", "details": {"fromA": 33, "toA": 33, "fromB": 33, "toB": 34, "inserted": ["m"]}}
{"dateTime": "2025-09-01T22:03:55.212Z", "eventType": "input.type", "fullPath": "/main.py", "details": {"fromA": 34, "toA": 34, "fromB": 34, "toB": 35, "inserted": ["p"]}}
{"dateTime": "2025-09-01T22:03:57.676Z", "eventType": "input.type", "fullPath": "/main.py", "details": {"fromA": 35, "toA": 35, "fromB": 35, "toB": 36, "inserted": ["C"]}}
{"dateTime": "2025-09-01T22:04:00.348Z", "eventType": "input.type", "fullPath": "/main.py", "details": {"fromA": 36, "toA": 36, "fromB": 36, "toB": 37, "inserted": ["*"]}}
{"dateTime": "2025-09-01T22:04:00.700Z", "eventType": "input.type", "fullPath": "/main.py", "details": {"fromA": 37, "toA": 37, "fromB": 37, "toB": 38, "inserted": ["9"]}}
{"dateTime": "2025-09-01T22:04:03.564Z", "eventType": "input.type", "fullPath": "/main.py", "details": {"fromA": 38, "toA": 38, "fromB": 38, "toB": 39, "inserted": ["/"]}}
{"dateTime": "2025-09-01T22:04:06.491Z", "eventType": "input.type", "fullPath": "/main.py", "details": {"fromA": 39, "toA": 39, "fromB": 39, "toB": 40, "inserted": ["5"]}}
{"dateTime": "2025-09-01T22:04:09.835Z", "eventType": "input.type", "fullPath": "/main.py", "details": {"fromA": 40, "toA": 40, "fromB": 40, "toB": 41, "inserted": ["+"]}}
{"dateTime": "2025-09-01T22:04:12.310Z", "eventType": "input.type", "fullPath": "/main.py", "details": {"fromA": 41, "toA": 41, "fromB": 41, "toB": 42, "inserted": ["3"]}}
{"dateTime": "2025-09-01T22:04:12.603Z", "eventType": "input.type", "fullPath": "/main.py", "details": {"fromA": 42, "toA": 42, "fromB": 42, "toB": 43, "inserted": ["2"]}}
{"dateTime": "2025-09-01T22:04:14.250Z", "eventType": "input", "fullPath": "/main.py", "details": {"fromA": 43, "toA": 43, "fromB": 43, "toB": 44, "inserted": ["", ""]}}
{"dateTime": "2025-09-01T22:04:16.235Z", "eventType": "input.type", "fullPath": "/main.py", "details": {"fromA": 44, "toA": 44, "fromB": 44, "toB": 45, "inserted": ["P"]}}
{"dateTime": "2025-09-01T22:04:16.543Z", "eventType": "input.type", "fullPath": "/main.py", "details": {"fromA": 45, "toA": 45, "fromB": 45, "toB": 46, "inserted": ["R"]}}
{"dateTime": "2025-09-01T22:04:16.719Z", "eventType": "input.type", "fullPath": "/main.py", "details": {"fromA": 46, "toA": 46, "fromB": 46, "toB": 47, "inserted": ["I"]}}
{"dateTime": "2025-09-01T22:04:16.959Z", "eventType": "input.type", "fullPath": "/main.py", "details": {"fromA": 47, "toA": 47, "fromB": 47, "toB": 48, "inserted": ["N"]}}
{"dateTime": "2025-09-01T22:04:17.226Z", "eventType": "input.type", "fullPath": "/main.py", "details": {"fromA": 48, "toA": 48, "fromB": 48, "toB": 49, "inserted": ["T"]}}
{"dateTime": "2025-09-01T22:04:18.315Z", "eventType": "delete.backward", "fullPath": "/main.py", "details": {"fromA": 48, "toA": 49, "fromB": 48, "toB": 48, "inserted": [""]}}
{"dateTime": "2025-09-01T22:04:18.479Z", "eventType": "delete.backward", "fullPath": "/main.py", "details": {"fromA": 47, "toA": 48, "fromB": 47, "toB": 47, "inserted": [""]}}
{"dateTime": "2025-09-01T22:04:18.638Z", "eventType": "delete.backward", "fullPath": "/main.py", "details": {"fromA": 46, "toA": 47, "fromB": 46, "toB": 46, "inserted": [""]}}
{"dateTime": "2025-09-01T22:04:18.781Z", "eventType": "delete.backward", "fullPath": "/main.py", "details": {"fromA": 45, "toA": 46, "fromB": 45, "toB": 45, "inserted": [""]}}
{"dateTime": "2025-09-01T22:04:19.130Z", "eventType": "delete.backward", "fullPath": "/main.py", "details": {"fromA": 44, "toA": 45, "fromB": 44, "toB": 44, "inserted": [""]}}
{"dateTime": "2025-09-01T22:04:19.899Z", "eventType": "input.type", "fullPath": "/main.py", "details": {"fromA": 44, "toA": 44, "fromB": 44, "toB": 45, "inserted": ["p"]}}
{"dateTime": "2025-09-01T22:04:20.299Z", "eventType": "input.type", "fullPath": "/main.py", "details": {"fromA": 45, "toA": 45, "fromB": 45, "toB": 46, "inserted": ["r"]}}
{"dateTime": "2025-09-01T22:04:20.532Z", "eventType": "input.type", "fullPath": "/main.py", "details": {"fromA": 46, "toA": 46, "fromB": 46, "toB": 47, "inserted": ["i"]}}
{"dateTime": "2025-09-01T22:04:20.847Z", "eventType": "input.type", "fullPath": "/main.py", "details": {"fromA": 47, "toA": 47, "fromB": 47, "toB": 48, "inserted": ["n"]}}
{"dateTime": "2025-09-01T22:04:21.114Z", "eventType": "input.type", "fullPath": "/main.py", "details": {"fromA": 48, "toA": 48, "fromB": 48, "toB": 49, "inserted": ["t"]}}
