{"dateTime": "2025-08-12T18:09:44.905Z", "eventType": "input.type", "fullPath": "/main.py", "details": {"fromA": 139, "toA": 139, "fromB": 139, "toB": 140, "inserted": ["b"]}}
{"dateTime": "2025-08-12T18:09:45.000Z", "eventType": "input.type", "fullPath": "/main.py", "details": {"fromA": 140, "toA": 140, "fromB": 140, "toB": 141, "inserted": ["r"]}}
{"dateTime": "2025-08-12T18:09:45.128Z", "eventType": "input.type", "fullPath": "/main.py", "details": {"fromA": 141, "toA": 141, "fromB": 141, "toB": 142, "inserted": ["e"]}}
{"dateTime": "2025-08-12T18:09:45.847Z", "eventType": "delete.backward", "fullPath": "/main.py", "details": {"fromA": 141, "toA": 142, "fromB": 141, "toB": 141, "inserted": [""]}}
{"dateTime": "2025-08-12T18:09:46.104Z", "eventType": "input.type", "fullPath": "/main.py", "details": {"fromA": 141, "toA": 141, "fromB": 141, "toB": 142, "inserted": ["o"]}}
{"dateTime": "2025-08-12T18:09:46.552Z", "eventType": "input.type", "fullPath": "/main.py", "details": {"fromA": 142, "toA": 142, "fromB": 142, "toB": 143, "inserted": [" "]}}
{"dateTime": "2025-08-12T18:09:46.744Z", "eventType": "input.type", "fullPath": "/main.py", "details": {"fromA": 143, "toA": 143, "fromB": 143, "toB": 144, "inserted": ["="]}}
{"dateTime": "2025-08-12T18:09:46.920Z", "eventType": "input.type", "fullPath": "/main.py", "details": {"fromA": 144, "toA": 144, "fromB": 144, "toB": 145, "inserted": [" "]}}
{"dateTime": "2025-08-12T18:09:48.136Z", "eventType": "input.type", "fullPath": "/main.py", "details": {"fromA": 145, "toA": 145, "fromB": 145, "toB": 146, "inserted": ["n"]}}
{"dateTime": "2025-08-12T18:09:48.266Z", "eventType": "input.type", "fullPath": "/main.py", "details": {"fromA": 146, "toA": 146, "fromB": 146, "toB": 147, "inserted": ["u"]}}
{"dateTime": "2025-08-12T18:09:48.468Z", "eventType": "input.type", "fullPath": "/main.py", "details": {"fromA": 147, "toA": 147, "fromB": 147, "toB": 148, "inserted": ["m"]}}
{"dateTime": "2025-08-12T18:09:49.400Z", "eventType": "input.type", "fullPath": "/main.py", "details": {"fromA": 148, "toA": 148, "fromB": 148, "toB": 149, "inserted": ["*"]}}
{"dateTime": "2025-08-12T18:09:50.040Z", "eventType": "input.type", "fullPath": "/main.py", "details": {"fromA": 149, "toA": 149, "fromB": 149, "toB": 150, "inserted": ["2"]}}
{"dateTime": "2025-08-12T18:09:56.024Z", "eventType": "focus", "fullPath": "/main.py"}
{"dateTime": "2025-08-12T18:09:56.032Z", "eventType": "select.pointer", "fullPath": "/main.py", "details": {"selection": {"from": 108, "to": 108}}}
{"dateTime": "2025-08-12T18:09:58.328Z", "eventType": "blur", "fullPath": "/main.py"}
{"dateTime": "2025-08-12T18:09:58.624Z", "eventType": "run", "details": {"commit": "ed446224a7af12c36a7e74863e04b7238bc4fa46"}}
{"dateTime": "2025-08-12T18:09:59.335Z", "eventType": "submission", "details": {"correctness": 0, "commit": "ed446224a7af12c36a7e74863e04b7238bc4fa46", "executionTime": 0.01}}
{"dateTime": "2025-08-12T18:10:04.290Z", "eventType": "input.type", "fullPath": "/main.py", "details": {"fromA": 108, "toA": 108, "fromB": 108, "toB": 109, "inserted": ["i"]}}
{"dateTime": "2025-08-12T18:10:04.459Z", "eventType": "input.type", "fullPath": "/main.py", "details": {"fromA": 109, "toA": 109, "fromB": 109, "toB": 110, "inserted": ["n"]}}
{"dateTime": "2025-08-12T18:10:04.661Z", "eventType": "input.type", "fullPath": "/main.py", "details": {"fromA": 110, "toA": 110, "fromB": 110, "toB": 111, "inserted": ["p"]}}
{"dateTime": "2025-08-12T18:10:04.882Z", "eventType": "input.type", "fullPath": "/main.py", "details": {"fromA": 111, "toA": 111, "fromB": 111, "toB": 112, "inserted": ["u"]}}
{"dateTime": "2025-08-12T18:10:05.091Z", "eventType": "input.type", "fullPath": "/main.py", "details": {"fromA": 112, "toA": 112, "fromB": 112, "toB": 113, "inserted": ["t"]}}
{"dateTime": "2025-08-12T18:10:07.218Z", "eventType": "input.type", "fullPath": "/main.py", "details": {"fromA": 113, "toA": 113, "fromB": 113, "toB": 115, "inserted": ["()"]}}
{"dateTime": "2025-08-12T18:10:08.498Z", "eventType": "input.type", "fullPath": "/main.py", "details": {"fromA": 114, "toA": 114, "fromB": 114, "toB": 116, "inserted": ["\"\""]}}
{"dateTime": "2025-08-12T18:10:09.760Z", "eventType": "blur", "fullPath": "/main.py"}
{"dateTime": "2025-08-12T18:10:12.151Z", "eventType": "focus", "fullPath": "/main.py"}
{"dateTime": "2025-08-12T18:10:12.154Z", "eventType": "select.pointer", "fullPath": "/main.py", "details": {"selection": {"from": 191, "to": 191}}}
{"dateTime": "2025-08-12T18:10:13.400Z", "eventType": "delete.backward", "fullPath": "/main.py", "details": {"fromA": 190, "toA": 191, "fromB": 190, "toB": 190, "inserted": [""]}}
{"dateTime": "2025-08-12T18:10:13.560Z", "eventType": "delete.backward", "fullPath": "/main.py", "details": {"fromA": 189, "toA": 190, "fromB": 189, "toB": 189, "inserted": [""]}}
{"dateTime": "2025-08-12T18:10:13.686Z", "eventType": "delete.backward", "fullPath": "/main.py", "details": {"fromA": 188, "toA": 189, "fromB": 188, "toB": 188, "inserted": [""]}}
{"dateTime": "2025-08-12T18:10:14.520Z", "eventType": "input.type", "fullPath": "/main.py", "details": {"fromA": 188, "toA": 188, "fromB": 188, "toB": 189, "inserted": ["d"]}}
{"dateTime": "2025-08-12T18:10:14.600Z", "eventType": "input.type", "fullPath": "/main.py", "details": {"fromA": 189, "toA": 189, "fromB": 189, "toB": 190, "inserted": ["o"]}}
{"dateTime": "2025-08-12T18:10:14.794Z", "eventType": "input.type", "fullPath": "/main.py", "details": {"fromA": 190, "toA": 190, "fromB": 190, "toB": 191, "inserted": ["b"]}}
{"dateTime": "2025-08-12T18:10:14.858Z", "eventType": "input.type", "fullPath": "/main.py", "details": {"fromA": 191, "toA": 191, "fromB": 191, "toB": 192, "inserted": ["r"]}}
{"dateTime": "2025-08-12T18:10:15.161Z", "eventType": "input.type", "fullPath": "/main.py", "details": {"fromA": 192, "toA": 192, "fromB": 192, "toB": 193, "inserted": ["o"]}}
{"dateTime": "2025-08-12T18:10:16.655Z", "eventType": "blur", "fullPath": "/main.py"}
{"dateTime": "2025-08-12T18:10:16.939Z", "eventType": "run", "details": {"commit": "97a793561b04ab866041aab9b2efb0001c0586b0"}}
{"dateTime": "2025-08-12T18:10:25.348Z", "eventType": "run", "details": {"commit": "97a793561b04ab866041aab9b2efb0001c0586b0"}}
{"dateTime": "2025-08-12T18:10:32.833Z", "eventType": "submission", "details": {"correctness": 1, "commit": "97a793561b04ab866041aab9b2efb0001c0586b0", "executionTime": 0.01}}
{"dateTime": "2025-08-12T18:10:48.265Z", "eventType": "focus", "fullPath": "/main.py"}
{"dateTime": "2025-08-12T18:10:48.267Z", "eventType": "select.pointer", "fullPath": "/main.py", "details": {"selection": {"from": 115, "to": 115}}}
{"dateTime": "2025-08-12T18:10:52.098Z", "eventType": "input.type", "fullPath": "/main.py", "details": {"fromA": 115, "toA": 115, "fromB": 115, "toB": 116, "inserted": ["d"]}}
{"dateTime": "2025-08-12T18:10:52.210Z", "eventType": "input.type", "fullPath": "/main.py", "details": {"fromA": 116, "toA": 116, "fromB": 116, "toB": 117, "inserted": ["i"]}}
{"dateTime": "2025-08-12T18:10:52.913Z", "eventType": "input.type", "fullPath": "/main.py", "details": {"fromA": 117, "toA": 117, "fromB": 117, "toB": 118, "inserted": ["g"]}}
{"dateTime": "2025-08-12T18:10:53.041Z", "eventType": "input.type", "fullPath": "/main.py", "details": {"fromA": 118, "toA": 118, "fromB": 118, "toB": 119, "inserted": ["i"]}}
{"dateTime": "2025-08-12T18:10:53.155Z", "eventType": "input.type", "fullPath": "/main.py", "details": {"fromA": 119, "toA": 119, "fromB": 119, "toB": 120, "inserted": ["t"]}}
{"dateTime": "2025-08-12T18:10:53.329Z", "eventType": "input.type", "fullPath": "/main.py", "details": {"fromA": 120, "toA": 120, "fromB": 120, "toB": 121, "inserted": ["e"]}}
{"dateTime": "2025-08-12T18:10:53.474Z", "eventType": "input.type", "fullPath": "/main.py", "details": {"fromA": 121, "toA": 121, "fromB": 121, "toB": 122, "inserted": [" "]}}
{"dateTime": "2025-08-12T18:10:53.617Z", "eventType": "input.type", "fullPath": "/main.py", "details": {"fromA": 122, "toA": 122, "fromB": 122, "toB": 123, "inserted": ["u"]}}
{"dateTime": "2025-08-12T18:10:53.793Z", "eventType": "input.type", "fullPath": "/main.py", "details": {"fromA": 123, "toA": 123, "fromB": 123, "toB": 124, "inserted": ["m"]}}
{"dateTime": "2025-08-12T18:10:53.905Z", "eventType": "input.type", "fullPath": "/main.py", "details": {"fromA": 124, "toA": 124, "fromB": 124, "toB": 125, "inserted": [" "]}}
{"dateTime": "2025-08-12T18:10:54.321Z", "eventType": "input.type", "fullPath": "/main.py", "details": {"fromA": 125, "toA": 125, "fromB": 125, "toB": 126, "inserted": ["n"]}}
{"dateTime": "2025-08-12T18:10:54.834Z", "eventType": "input.type", "fullPath": "/main.py", "details": {"fromA": 126, "toA": 126, "fromB": 126, "toB": 127, "inserted": ["u"]}}
{"dateTime": "2025-08-12T18:10:55.170Z", "eventType": "input.type", "fullPath": "/main.py", "details": {"fromA": 127, "toA": 127, "fromB": 127, "toB": 128, "inserted": ["m"]}}
{"dateTime": "2025-08-12T18:10:55.298Z", "eventType": "input.type", "fullPath": "/main.py", "details": {"fromA": 128, "toA": 128, "fromB": 128, "toB": 129, "inserted": ["e"]}}
{"dateTime": "2025-08-12T18:10:55.377Z", "eventType": "input.type", "fullPath": "/main.py", "details": {"fromA": 129, "toA": 129, "fromB": 129, "toB": 130, "inserted": ["r"]}}
{"dateTime": "2025-08-12T18:10:55.489Z", "eventType": "input.type", "fullPath": "/main.py", "details": {"fromA": 130, "toA": 130, "fromB": 130, "toB": 131, "inserted": ["o"]}}
{"dateTime": "2025-08-12T18:10:56.273Z", "eventType": "input.type", "fullPath": "/main.py", "details": {"fromA": 131, "toA": 131, "fromB": 131, "toB": 132, "inserted": [":"]}}
{"dateTime": "2025-08-12T18:10:56.642Z", "eventType": "input.type", "fullPath": "/main.py", "details": {"fromA": 132, "toA": 132, "fromB": 132, "toB": 133, "inserted": [" "]}}
{"dateTime": "2025-08-12T18:10:57.853Z", "eventType": "blur", "fullPath": "/main.py"}
{"dateTime": "2025-08-12T18:10:58.138Z", "eventType": "run", "details": {"commit": "a13f3cb5ccbdef7735a6521ea6281212775c8977"}}
{"dateTime": "2025-08-12T18:11:22.938Z", "eventType": "focus", "fullPath": "/main.py"}
{"dateTime": "2025-08-12T18:11:22.940Z", "eventType": "select.pointer", "fullPath": "/main.py", "details": {"selection": {"from": 175, "to": 175}}}
{"dateTime": "2025-08-12T18:11:23.539Z", "eventType": "run", "details": {"commit": "bfd41b0aa9b7ea32613153acb72c8d2428b4b154"}}
{"dateTime": "2025-08-12T18:11:24.561Z", "eventType": "input.type", "fullPath": "/main.py", "details": {"fromA": 175, "toA": 175, "fromB": 175, "toB": 176, "inserted": ["n"]}}
{"dateTime": "2025-08-12T18:11:24.708Z", "eventType": "input.type", "fullPath": "/main.py", "details": {"fromA": 176, "toA": 176, "fromB": 176, "toB": 177, "inserted": ["u"]}}
{"dateTime": "2025-08-12T18:11:24.884Z", "eventType": "input.type", "fullPath": "/main.py", "details": {"fromA": 177, "toA": 177, "fromB": 177, "toB": 178, "inserted": ["m"]}}
{"dateTime": "2025-08-12T18:11:26.570Z", "eventType": "blur", "fullPath": "/main.py"}
{"dateTime": "2025-08-12T18:11:26.818Z", "eventType": "run", "details": {"commit": "bfd41b0aa9b7ea32613153acb72c8d2428b4b154"}}
{"dateTime": "2025-08-12T18:11:41.491Z", "eventType": "focus", "fullPath": "/main.py"}
{"dateTime": "2025-08-12T18:11:41.493Z", "eventType": "select.pointer", "fullPath": "/main.py", "details": {"selection": {"from": 137, "to": 137}}}
{"dateTime": "2025-08-12T18:11:45.451Z", "eventType": "input.type", "fullPath": "/main.py", "details": {"fromA": 137, "toA": 137, "fromB": 137, "toB": 138, "inserted": ["d"]}}
{"dateTime": "2025-08-12T18:11:45.498Z", "eventType": "input.type", "fullPath": "/main.py", "details": {"fromA": 138, "toA": 138, "fromB": 138, "toB": 139, "inserted": ["o"]}}
{"dateTime": "2025-08-12T18:11:55.806Z", "eventType": "run", "details": {"commit": "bfd41b0aa9b7ea32613153acb72c8d2428b4b154"}}
