{"dateTime": "2025-09-02T20:08:28.651Z", "eventType": "focus", "fullPath": "/main.py"}
{"dateTime": "2025-09-02T20:08:28.656Z", "eventType": "select.pointer", "fullPath": "/main.py", "details": {"selection": {"from": 21, "to": 21}}}
{"dateTime": "2025-09-02T20:08:29.733Z", "eventType": "input.type", "fullPath": "/main.py", "details": {"fromA": 21, "toA": 21, "fromB": 21, "toB": 22, "inserted": [")"]}}
{"dateTime": "2025-09-02T20:08:31.312Z", "eventType": "blur", "fullPath": "/main.py"}
{"dateTime": "2025-09-02T20:08:35.540Z", "eventType": "focus", "fullPath": "/main.py"}
{"dateTime": "2025-09-02T20:08:35.542Z", "eventType": "select.pointer", "fullPath": "/main.py", "details": {"selection": {"from": 55, "to": 55}}}
{"dateTime": "2025-09-02T20:08:39.974Z", "eventType": "select", "fullPath": "/main.py", "details": {"selection": {"from": 77, "to": 77}}}
{"dateTime": "2025-09-02T20:08:41.365Z", "eventType": "input.type", "fullPath": "/main.py", "details": {"fromA": 77, "toA": 77, "fromB": 77, "toB": 78, "inserted": [")"]}}
{"dateTime": "2025-09-02T20:08:42.656Z", "eventType": "blur", "fullPath": "/main.py"}
{"dateTime": "2025-09-02T20:08:48.828Z", "eventType": "focus", "fullPath": "/main.py"}
{"dateTime": "2025-09-02T20:08:48.831Z", "eventType": "select.pointer", "fullPath": "/main.py", "details": {"selection": {"from": 22, "to": 22}}}
{"dateTime": "2025-09-02T20:08:49.846Z", "eventType": "input", "fullPath": "/main.py", "details": {"fromA": 22, "toA": 22, "fromB": 22, "toB": 23, "inserted": ["", ""]}}
{"dateTime": "2025-09-02T20:08:51.093Z", "eventType": "input.type", "fullPath": "/main.py", "details": {"fromA": 23, "toA": 23, "fromB": 23, "toB": 24, "inserted": ["p"]}}
{"dateTime": "2025-09-02T20:08:51.257Z", "eventType": "input.type", "fullPath": "/main.py", "details": {"fromA": 24, "toA": 24, "fromB": 24, "toB": 25, "inserted": ["i"]}}
{"dateTime": "2025-09-02T20:08:52.086Z", "eventType": "input.type", "fullPath": "/main.py", "details": {"fromA": 25, "toA": 25, "fromB": 25, "toB": 26, "inserted": ["="]}}
{"dateTime": "2025-09-02T20:08:56.854Z", "eventType": "input.type", "fullPath": "/main.py", "details": {"fromA": 26, "toA": 26, "fromB": 26, "toB": 27, "inserted": ["3"]}}
{"dateTime": "2025-09-02T20:08:57.765Z", "eventType": "input.type", "fullPath": "/main.py", "details": {"fromA": 27, "toA": 27, "fromB": 27, "toB": 28, "inserted": [","]}}
{"dateTime": "2025-09-02T20:08:58.166Z", "eventType": "input.type", "fullPath": "/main.py", "details": {"fromA": 28, "toA": 28, "fromB": 28, "toB": 29, "inserted": ["1"]}}
{"dateTime": "2025-09-02T20:08:58.517Z", "eventType": "input.type", "fullPath": "/main.py", "details": {"fromA": 29, "toA": 29, "fromB": 29, "toB": 30, "inserted": ["4"]}}
{"dateTime": "2025-09-02T20:08:58.838Z", "eventType": "input.type", "fullPath": "/main.py", "details": {"fromA": 30, "toA": 30, "fromB": 30, "toB": 31, "inserted": ["1"]}}
{"dateTime": "2025-09-02T20:08:59.237Z", "eventType": "input.type", "fullPath": "/main.py", "details": {"fromA": 31, "toA": 31, "fromB": 31, "toB": 32, "inserted": ["5"]}}
{"dateTime": "2025-09-02T20:09:02.321Z", "eventType": "input.type", "fullPath": "/main.py", "details": {"fromA": 32, "toA": 32, "fromB": 32, "toB": 33, "inserted": ["9"]}}
{"dateTime": "2025-09-02T20:09:04.117Z", "eventType": "input.type", "fullPath": "/main.py", "details": {"fromA": 33, "toA": 33, "fromB": 33, "toB": 34, "inserted": ["2"]}}
{"dateTime": "2025-09-02T20:09:15.477Z", "eventType": "input.type", "fullPath": "/main.py", "details": {"fromA": 34, "toA": 34, "fromB": 34, "toB": 35, "inserted": ["6"]}}
{"dateTime": "2025-09-02T20:09:15.685Z", "eventType": "input.type", "fullPath": "/main.py", "details": {"fromA": 35, "toA": 35, "fromB": 35, "toB": 36, "inserted": ["5"]}}
{"dateTime": "2025-09-02T20:09:23.286Z", "eventType": "input.type", "fullPath": "/main.py", "details": {"fromA": 36, "toA": 36, "fromB": 36, "toB": 37, "inserted": ["3"]}}
{"dateTime": "2025-09-02T20:09:24.117Z", "eventType": "input.type", "fullPath": "/main.py", "details": {"fromA": 37, "toA": 37, "fromB": 37, "toB": 38, "inserted": ["5"]}}
{"dateTime": "2025-09-02T20:09:24.805Z", "eventType": "input.type", "fullPath": "/main.py", "details": {"fromA": 38, "toA": 38, "fromB": 38, "toB": 39, "inserted": ["8"]}}
{"dateTime": "2025-09-02T20:09:25.126Z", "eventType": "input.type", "fullPath": "/main.py", "details": {"fromA": 39, "toA": 39, "fromB": 39, "toB": 40, "inserted": ["9"]}}
{"dateTime": "2025-09-02T20:09:27.568Z", "eventType": "input.type", "fullPath": "/main.py", "details": {"fromA": 40, "toA": 40, "fromB": 40, "toB": 41, "inserted": ["7"]}}
{"dateTime": "2025-09-02T20:09:27.958Z", "eventType": "input.type", "fullPath": "/main.py", "details": {"fromA": 41, "toA": 41, "fromB": 41, "toB": 42, "inserted": ["9"]}}
{"dateTime": "2025-09-02T20:09:29.216Z", "eventType": "input.type", "fullPath": "/main.py", "details": {"fromA": 42, "toA": 42, "fromB": 42, "toB": 43, "inserted": ["3"]}}
{"dateTime": "2025-09-02T20:09:30.239Z", "eventType": "blur", "fullPath": "/main.py"}
{"dateTime": "2025-09-02T20:09:44.837Z", "eventType": "focus", "fullPath": "/main.py"}
{"dateTime": "2025-09-02T20:09:44.839Z", "eventType": "select.pointer", "fullPath": "/main.py", "details": {"selection": {"from": 71, "to": 71}}}
{"dateTime": "2025-09-02T20:09:46.565Z", "eventType": "input.type", "fullPath": "/main.py", "details": {"fromA": 71, "toA": 71, "fromB": 71, "toB": 72, "inserted": ["*"]}}
{"dateTime": "2025-09-02T20:09:48.128Z", "eventType": "blur", "fullPath": "/main.py"}
