{"dateTime": "2025-09-01T21:38:58.105Z", "eventType": "focus", "fullPath": "/main.py"}
{"dateTime": "2025-09-01T21:38:58.112Z", "eventType": "select", "fullPath": "/main.py", "details": {"selection": {"from": 181, "to": 181}}}
{"dateTime": "2025-09-01T21:38:59.596Z", "eventType": "select.pointer", "fullPath": "/main.py", "details": {"selection": {"from": 13, "to": 13}}}
{"dateTime": "2025-09-01T21:39:00.148Z", "eventType": "input.type", "fullPath": "/main.py", "details": {"fromA": 13, "toA": 13, "fromB": 13, "toB": 14, "inserted": ["o"]}}
{"dateTime": "2025-09-01T21:39:00.308Z", "eventType": "input.type", "fullPath": "/main.py", "details": {"fromA": 14, "toA": 14, "fromB": 14, "toB": 15, "inserted": ["o"]}}
{"dateTime": "2025-09-01T21:39:02.515Z", "eventType": "undo", "fullPath": "/main.py", "details": {"fromA": 13, "toA": 15, "fromB": 13, "toB": 13, "inserted": [""]}}
{"dateTime": "2025-09-01T21:39:03.360Z", "eventType": "blur", "fullPath": "/main.py"}
{"dateTime": "2025-09-01T21:39:03.362Z", "eventType": "focus", "fullPath": "/main.py"}
{"dateTime": "2025-09-01T21:39:03.364Z", "eventType": "select", "fullPath": "/main.py", "details": {"selection": {"from": 181, "to": 181}}}
{"dateTime": "2025-09-01T21:39:03.752Z", "eventType": "blur", "fullPath": "/main.py"}
{"dateTime": "2025-09-01T21:39:07.561Z", "eventType": "focus", "fullPath": "/main.py"}
{"dateTime": "2025-09-01T21:39:07.563Z", "eventType": "select.pointer", "fullPath": "/main.py", "details": {"selection": {"from": 181, "to": 181}}}
{"dateTime": "2025-09-01T21:39:08.228Z", "eventType": "input", "fullPath": "/main.py", "details": {"fromA": 181, "toA": 181, "fromB": 181, "toB": 182, "inserted": ["", ""]}}
{"dateTime": "2025-09-01T21:39:08.676Z", "eventType": "input", "fullPath": "/main.py", "details": {"fromA": 182, "toA": 182, "fromB": 182, "toB": 183, "inserted": ["", ""]}}
{"dateTime": "2025-09-01T21:39:09.571Z", "eventType": "input.type", "fullPath": "/main.py", "details": {"fromA": 183, "toA": 183, "fromB": 183, "toB": 184, "inserted": ["i"]}}
{"dateTime": "2025-09-01T21:39:09.784Z", "eventType": "input.type", "fullPath": "/main.py", "details": {"fromA": 184, "toA": 184, "fromB": 184, "toB": 185, "inserted": ["m"]}}
{"dateTime": "2025-09-01T21:39:09.991Z", "eventType": "input.type", "fullPath": "/main.py", "details": {"fromA": 185, "toA": 185, "fromB": 185, "toB": 186, "inserted": ["p"]}}
{"dateTime": "2025-09-01T21:39:10.244Z", "eventType": "input.type", "fullPath": "/main.py", "details": {"fromA": 186, "toA": 186, "fromB": 186, "toB": 187, "inserted": ["o"]}}
{"dateTime": "2025-09-01T21:39:10.502Z", "eventType": "input.type", "fullPath": "/main.py", "details": {"fromA": 187, "toA": 187, "fromB": 187, "toB": 188, "inserted": ["r"]}}
{"dateTime": "2025-09-01T21:39:10.646Z", "eventType": "input.type", "fullPath": "/main.py", "details": {"fromA": 188, "toA": 188, "fromB": 188, "toB": 189, "inserted": ["t"]}}
{"dateTime": "2025-09-01T21:39:13.172Z", "eventType": "input.type", "fullPath": "/main.py", "details": {"fromA": 189, "toA": 189, "fromB": 189, "toB": 190, "inserted": [" "]}}
{"dateTime": "2025-09-01T21:39:13.395Z", "eventType": "input.type", "fullPath": "/main.py", "details": {"fromA": 190, "toA": 190, "fromB": 190, "toB": 191, "inserted": ["m"]}}
{"dateTime": "2025-09-01T21:39:13.670Z", "eventType": "input.type", "fullPath": "/main.py", "details": {"fromA": 191, "toA": 191, "fromB": 191, "toB": 192, "inserted": ["a"]}}
{"dateTime": "2025-09-01T21:39:14.084Z", "eventType": "input.type", "fullPath": "/main.py", "details": {"fromA": 192, "toA": 192, "fromB": 192, "toB": 193, "inserted": ["t"]}}
{"dateTime": "2025-09-01T21:39:14.260Z", "eventType": "input.type", "fullPath": "/main.py", "details": {"fromA": 193, "toA": 193, "fromB": 193, "toB": 194, "inserted": ["h"]}}
{"dateTime": "2025-09-01T21:39:16.179Z", "eventType": "input.type", "fullPath": "/main.py", "details": {"fromA": 194, "toA": 194, "fromB": 194, "toB": 195, "inserted": [" "]}}
{"dateTime": "2025-09-01T21:39:19.524Z", "eventType": "input", "fullPath": "/main.py", "details": {"fromA": 195, "toA": 195, "fromB": 195, "toB": 196, "inserted": ["", ""]}}
{"dateTime": "2025-09-01T21:39:19.699Z", "eventType": "input", "fullPath": "/main.py", "details": {"fromA": 196, "toA": 196, "fromB": 196, "toB": 197, "inserted": ["", ""]}}
{"dateTime": "2025-09-01T21:39:20.051Z", "eventType": "input.type", "fullPath": "/main.py", "details": {"fromA": 197, "toA": 197, "fromB": 197, "toB": 198, "inserted": ["r"]}}
{"dateTime": "2025-09-01T21:39:20.623Z", "eventType": "input.type", "fullPath": "/main.py", "details": {"fromA": 198, "toA": 198, "fromB": 198, "toB": 199, "inserted": [" "]}}
{"dateTime": "2025-09-01T21:39:20.803Z", "eventType": "input.type", "fullPath": "/main.py", "details": {"fromA": 199, "toA": 199, "fromB": 199, "toB": 200, "inserted": ["="]}}
{"dateTime": "2025-09-01T21:39:21.108Z", "eventType": "input.type", "fullPath": "/main.py", "details": {"fromA": 200, "toA": 200, "fromB": 200, "toB": 201, "inserted": [" "]}}
{"dateTime": "2025-09-01T21:39:22.627Z", "eventType": "input.type", "fullPath": "/main.py", "details": {"fromA": 201, "toA": 201, "fromB": 201, "toB": 202, "inserted": ["g"]}}
{"dateTime": "2025-09-01T21:39:23.043Z", "eventType": "delete.backward", "fullPath": "/main.py", "details": {"fromA": 201, "toA": 202, "fromB": 201, "toB": 201, "inserted": [""]}}
{"dateTime": "2025-09-01T21:39:23.251Z", "eventType": "input.type", "fullPath": "/main.py", "details": {"fromA": 201, "toA": 201, "fromB": 201, "toB": 202, "inserted": ["f"]}}
{"dateTime": "2025-09-01T21:39:23.462Z", "eventType": "input.type", "fullPath": "/main.py", "details": {"fromA": 202, "toA": 202, "fromB": 202, "toB": 203, "inserted": ["l"]}}
{"dateTime": "2025-09-01T21:39:23.665Z", "eventType": "input.type", "fullPath": "/main.py", "details": {"fromA": 203, "toA": 203, "fromB": 203, "toB": 204, "inserted": ["o"]}}
{"dateTime": "2025-09-01T21:39:23.924Z", "eventType": "input.type", "fullPath": "/main.py", "details": {"fromA": 204, "toA": 204, "fromB": 204, "toB": 205, "inserted": ["a"]}}
{"dateTime": "2025-09-01T21:39:24.053Z", "eventType": "input.type", "fullPath": "/main.py", "details": {"fromA": 205, "toA": 205, "fromB": 205, "toB": 206, "inserted": ["t"]}}
{"dateTime": "2025-09-01T21:39:25.540Z", "eventType": "input.type", "fullPath": "/main.py", "details": {"fromA": 206, "toA": 206, "fromB": 206, "toB": 208, "inserted": ["()"]}}
{"dateTime": "2025-09-01T21:39:26.259Z", "eventType": "input.type", "fullPath": "/main.py", "details": {"fromA": 207, "toA": 207, "fromB": 207, "toB": 208, "inserted": ["i"]}}
{"dateTime": "2025-09-01T21:39:26.488Z", "eventType": "input.type", "fullPath": "/main.py", "details": {"fromA": 208, "toA": 208, "fromB": 208, "toB": 209, "inserted": ["n"]}}
{"dateTime": "2025-09-01T21:39:27.012Z", "eventType": "input.type", "fullPath": "/main.py", "details": {"fromA": 209, "toA": 209, "fromB": 209, "toB": 210, "inserted": ["p"]}}
{"dateTime": "2025-09-01T21:39:27.285Z", "eventType": "input.type", "fullPath": "/main.py", "details": {"fromA": 210, "toA": 210, "fromB": 210, "toB": 211, "inserted": ["u"]}}
{"dateTime": "2025-09-01T21:39:27.524Z", "eventType": "input.type", "fullPath": "/main.py", "details": {"fromA": 211, "toA": 211, "fromB": 211, "toB": 212, "inserted": ["t"]}}
{"dateTime": "2025-09-01T21:39:29.140Z", "eventType": "input.type", "fullPath": "/main.py", "details": {"fromA": 212, "toA": 212, "fromB": 212, "toB": 214, "inserted": ["()"]}}
{"dateTime": "2025-09-01T21:39:33.355Z", "eventType": "select.pointer", "fullPath": "/main.py", "details": {"selection": {"from": 215, "to": 215}}}
{"dateTime": "2025-09-01T21:39:34.196Z", "eventType": "input", "fullPath": "/main.py", "details": {"fromA": 215, "toA": 215, "fromB": 215, "toB": 216, "inserted": ["", ""]}}
{"dateTime": "2025-09-01T21:39:34.356Z", "eventType": "input", "fullPath": "/main.py", "details": {"fromA": 216, "toA": 216, "fromB": 216, "toB": 217, "inserted": ["", ""]}}
{"dateTime": "2025-09-01T21:39:35.555Z", "eventType": "input.type", "fullPath": "/main.py", "details": {"fromA": 217, "toA": 217, "fromB": 217, "toB": 218, "inserted": ["a"]}}
{"dateTime": "2025-09-01T21:39:35.754Z", "eventType": "input.type", "fullPath": "/main.py", "details": {"fromA": 218, "toA": 218, "fromB": 218, "toB": 219, "inserted": ["r"]}}
{"dateTime": "2025-09-01T21:39:35.896Z", "eventType": "input.type", "fullPath": "/main.py", "details": {"fromA": 219, "toA": 219, "fromB": 219, "toB": 220, "inserted": ["e"]}}
{"dateTime": "2025-09-01T21:39:36.053Z", "eventType": "input.type", "fullPath": "/main.py", "details": {"fromA": 220, "toA": 220, "fromB": 220, "toB": 221, "inserted": ["a"]}}
{"dateTime": "2025-09-01T21:39:39.299Z", "eventType": "input.type", "fullPath": "/main.py", "details": {"fromA": 221, "toA": 221, "fromB": 221, "toB": 222, "inserted": [" "]}}
{"dateTime": "2025-09-01T21:39:39.618Z", "eventType": "input.type", "fullPath": "/main.py", "details": {"fromA": 222, "toA": 222, "fromB": 222, "toB": 223, "inserted": ["="]}}
{"dateTime": "2025-09-01T21:39:39.811Z", "eventType": "input.type", "fullPath": "/main.py", "details": {"fromA": 223, "toA": 223, "fromB": 223, "toB": 224, "inserted": [" "]}}
{"dateTime": "2025-09-01T21:39:40.148Z", "eventType": "input.type", "fullPath": "/main.py", "details": {"fromA": 224, "toA": 224, "fromB": 224, "toB": 225, "inserted": ["m"]}}
{"dateTime": "2025-09-01T21:39:40.358Z", "eventType": "input.type", "fullPath": "/main.py", "details": {"fromA": 225, "toA": 225, "fromB": 225, "toB": 226, "inserted": ["a"]}}
{"dateTime": "2025-09-01T21:39:40.518Z", "eventType": "input.type", "fullPath": "/main.py", "details": {"fromA": 226, "toA": 226, "fromB": 226, "toB": 227, "inserted": ["t"]}}
{"dateTime": "2025-09-01T21:39:40.724Z", "eventType": "input.type", "fullPath": "/main.py", "details": {"fromA": 227, "toA": 227, "fromB": 227, "toB": 228, "inserted": ["h"]}}
{"dateTime": "2025-09-01T21:39:42.468Z", "eventType": "input.type", "fullPath": "/main.py", "details": {"fromA": 228, "toA": 228, "fromB": 228, "toB": 229, "inserted": ["."]}}
{"dateTime": "2025-09-01T21:39:42.851Z", "eventType": "input.type", "fullPath": "/main.py", "details": {"fromA": 229, "toA": 229, "fromB": 229, "toB": 230, "inserted": ["p"]}}
{"dateTime": "2025-09-01T21:39:43.092Z", "eventType": "input.type", "fullPath": "/main.py", "details": {"fromA": 230, "toA": 230, "fromB": 230, "toB": 231, "inserted": ["i"]}}
{"dateTime": "2025-09-01T21:39:44.115Z", "eventType": "input.type", "fullPath": "/main.py", "details": {"fromA": 231, "toA": 231, "fromB": 231, "toB": 232, "inserted": [" "]}}
{"dateTime": "2025-09-01T21:39:45.443Z", "eventType": "input.type", "fullPath": "/main.py", "details": {"fromA": 232, "toA": 232, "fromB": 232, "toB": 233, "inserted": ["*"]}}
{"dateTime": "2025-09-01T21:39:46.099Z", "eventType": "input.type", "fullPath": "/main.py", "details": {"fromA": 233, "toA": 233, "fromB": 233, "toB": 234, "inserted": [" "]}}
{"dateTime": "2025-09-01T21:39:47.091Z", "eventType": "input.type", "fullPath": "/main.py", "details": {"fromA": 234, "toA": 234, "fromB": 234, "toB": 235, "inserted": ["r"]}}
{"dateTime": "2025-09-01T21:39:47.349Z", "eventType": "input.type", "fullPath": "/main.py", "details": {"fromA": 235, "toA": 235, "fromB": 235, "toB": 236, "inserted": [" "]}}
{"dateTime": "2025-09-01T21:39:48.003Z", "eventType": "input.type", "fullPath": "/main.py", "details": {"fromA": 236, "toA": 236, "fromB": 236, "toB": 237, "inserted": ["*"]}}
{"dateTime": "2025-09-01T21:39:48.195Z", "eventType": "input.type", "fullPath": "/main.py", "details": {"fromA": 237, "toA": 237, "fromB": 237, "toB": 238, "inserted": ["*"]}}
{"dateTime": "2025-09-01T21:39:49.539Z", "eventType": "input.type", "fullPath": "/main.py", "details": {"fromA": 238, "toA": 238, "fromB": 238, "toB": 239, "inserted": ["3"]}}
{"dateTime": "2025-09-01T21:39:51.636Z", "eventType": "input", "fullPath": "/main.py", "details": {"fromA": 239, "toA": 239, "fromB": 239, "toB": 240, "inserted": ["", ""]}}
{"dateTime": "2025-09-01T21:39:51.811Z", "eventType": "input", "fullPath": "/main.py", "details": {"fromA": 240, "toA": 240, "fromB": 240, "toB": 241, "inserted": ["", ""]}}
{"dateTime": "2025-09-01T21:39:52.611Z", "eventType": "delete.backward", "fullPath": "/main.py", "details": {"fromA": 240, "toA": 241, "fromB": 240, "toB": 240, "inserted": [""]}}
{"dateTime": "2025-09-01T21:39:53.539Z", "eventType": "input.type", "fullPath": "/main.py", "details": {"fromA": 240, "toA": 240, "fromB": 240, "toB": 241, "inserted": ["v"]}}
{"dateTime": "2025-09-01T21:39:53.781Z", "eventType": "input.type", "fullPath": "/main.py", "details": {"fromA": 241, "toA": 241, "fromB": 241, "toB": 242, "inserted": ["o"]}}
{"dateTime": "2025-09-01T21:39:53.939Z", "eventType": "input.type", "fullPath": "/main.py", "details": {"fromA": 242, "toA": 242, "fromB": 242, "toB": 243, "inserted": ["l"]}}
{"dateTime": "2025-09-01T21:39:54.195Z", "eventType": "input.type", "fullPath": "/main.py", "details": {"fromA": 243, "toA": 243, "fromB": 243, "toB": 244, "inserted": ["u"]}}
{"dateTime": "2025-09-01T21:39:54.565Z", "eventType": "input.type", "fullPath": "/main.py", "details": {"fromA": 244, "toA": 244, "fromB": 244, "toB": 245, "inserted": ["m"]}}
{"dateTime": "2025-09-01T21:39:54.691Z", "eventType": "input.type", "fullPath": "/main.py", "details": {"fromA": 245, "toA": 245, "fromB": 245, "toB": 246, "inserted": ["e"]}}
{"dateTime": "2025-09-01T21:39:55.459Z", "eventType": "input.type", "fullPath": "/main.py", "details": {"fromA": 246, "toA": 246, "fromB": 246, "toB": 247, "inserted": [" "]}}
{"dateTime": "2025-09-01T21:39:55.828Z", "eventType": "input.type", "fullPath": "/main.py", "details": {"fromA": 247, "toA": 247, "fromB": 247, "toB": 248, "inserted": ["="]}}
{"dateTime": "2025-09-01T21:39:56.019Z", "eventType": "input.type", "fullPath": "/main.py", "details": {"fromA": 248, "toA": 248, "fromB": 248, "toB": 249, "inserted": [" "]}}
{"dateTime": "2025-09-01T21:39:58.435Z", "eventType": "input.type", "fullPath": "/main.py", "details": {"fromA": 249, "toA": 249, "fromB": 249, "toB": 251, "inserted": ["()"]}}
{"dateTime": "2025-09-01T21:40:00.179Z", "eventType": "input.type", "fullPath": "/main.py", "details": {"fromA": 250, "toA": 250, "fromB": 250, "toB": 251, "inserted": ["4"]}}
{"dateTime": "2025-09-01T21:40:00.467Z", "eventType": "input.type", "fullPath": "/main.py", "details": {"fromA": 251, "toA": 251, "fromB": 251, "toB": 252, "inserted": ["/"]}}
{"dateTime": "2025-09-01T21:40:01.795Z", "eventType": "input.type", "fullPath": "/main.py", "details": {"fromA": 252, "toA": 252, "fromB": 252, "toB": 253, "inserted": ["3"]}}
{"dateTime": "2025-09-01T21:40:02.257Z", "eventType": "select", "fullPath": "/main.py", "details": {"selection": {"from": 254, "to": 254}}}
{"dateTime": "2025-09-01T21:40:04.307Z", "eventType": "input.type", "fullPath": "/main.py", "details": {"fromA": 254, "toA": 254, "fromB": 254, "toB": 255, "inserted": [" "]}}
{"dateTime": "2025-09-01T21:40:04.468Z", "eventType": "input.type", "fullPath": "/main.py", "details": {"fromA": 255, "toA": 255, "fromB": 255, "toB": 256, "inserted": ["*"]}}
{"dateTime": "2025-09-01T21:40:04.724Z", "eventType": "input.type", "fullPath": "/main.py", "details": {"fromA": 256, "toA": 256, "fromB": 256, "toB": 257, "inserted": [" "]}}
{"dateTime": "2025-09-01T21:40:05.571Z", "eventType": "input.type", "fullPath": "/main.py", "details": {"fromA": 257, "toA": 257, "fromB": 257, "toB": 258, "inserted": ["m"]}}
{"dateTime": "2025-09-01T21:40:05.759Z", "eventType": "input.type", "fullPath": "/main.py", "details": {"fromA": 258, "toA": 258, "fromB": 258, "toB": 259, "inserted": ["a"]}}
{"dateTime": "2025-09-01T21:40:06.022Z", "eventType": "input.type", "fullPath": "/main.py", "details": {"fromA": 259, "toA": 259, "fromB": 259, "toB": 260, "inserted": ["t"]}}
{"dateTime": "2025-09-01T21:40:06.230Z", "eventType": "input.type", "fullPath": "/main.py", "details": {"fromA": 260, "toA": 260, "fromB": 260, "toB": 261, "inserted": ["h"]}}
{"dateTime": "2025-09-01T21:40:06.835Z", "eventType": "input.type", "fullPath": "/main.py", "details": {"fromA": 261, "toA": 261, "fromB": 261, "toB": 262, "inserted": ["."]}}
{"dateTime": "2025-09-01T21:40:07.299Z", "eventType": "input.type", "fullPath": "/main.py", "details": {"fromA": 262, "toA": 262, "fromB": 262, "toB": 263, "inserted": ["p"]}}
{"dateTime": "2025-09-01T21:40:07.508Z", "eventType": "input.type", "fullPath": "/main.py", "details": {"fromA": 263, "toA": 263, "fromB": 263, "toB": 264, "inserted": ["i"]}}
{"dateTime": "2025-09-01T21:40:09.523Z", "eventType": "input.type", "fullPath": "/main.py", "details": {"fromA": 264, "toA": 264, "fromB": 264, "toB": 265, "inserted": [" "]}}
{"dateTime": "2025-09-01T21:40:10.079Z", "eventType": "input.type", "fullPath": "/main.py", "details": {"fromA": 265, "toA": 265, "fromB": 265, "toB": 266, "inserted": ["*"]}}
{"dateTime": "2025-09-01T21:40:10.483Z", "eventType": "input.type", "fullPath": "/main.py", "details": {"fromA": 266, "toA": 266, "fromB": 266, "toB": 267, "inserted": [" "]}}
{"dateTime": "2025-09-01T21:40:12.051Z", "eventType": "input.type", "fullPath": "/main.py", "details": {"fromA": 267, "toA": 267, "fromB": 267, "toB": 268, "inserted": ["r"]}}
{"dateTime": "2025-09-01T21:40:12.563Z", "eventType": "input.type", "fullPath": "/main.py", "details": {"fromA": 268, "toA": 268, "fromB": 268, "toB": 269, "inserted": ["*"]}}
{"dateTime": "2025-09-01T21:40:12.708Z", "eventType": "input.type", "fullPath": "/main.py", "details": {"fromA": 269, "toA": 269, "fromB": 269, "toB": 270, "inserted": ["*"]}}
{"dateTime": "2025-09-01T21:40:13.779Z", "eventType": "input.type", "fullPath": "/main.py", "details": {"fromA": 270, "toA": 270, "fromB": 270, "toB": 271, "inserted": ["3"]}}
{"dateTime": "2025-09-01T21:40:15.638Z", "eventType": "input", "fullPath": "/main.py", "details": {"fromA": 271, "toA": 271, "fromB": 271, "toB": 272, "inserted": ["", ""]}}
{"dateTime": "2025-09-01T21:40:15.812Z", "eventType": "input", "fullPath": "/main.py", "details": {"fromA": 272, "toA": 272, "fromB": 272, "toB": 273, "inserted": ["", ""]}}
{"dateTime": "2025-09-01T21:40:16.211Z", "eventType": "input.type", "fullPath": "/main.py", "details": {"fromA": 273, "toA": 273, "fromB": 273, "toB": 274, "inserted": ["p"]}}
{"dateTime": "2025-09-01T21:40:16.423Z", "eventType": "input.type", "fullPath": "/main.py", "details": {"fromA": 274, "toA": 274, "fromB": 274, "toB": 275, "inserted": ["r"]}}
{"dateTime": "2025-09-01T21:40:16.584Z", "eventType": "input.type", "fullPath": "/main.py", "details": {"fromA": 275, "toA": 275, "fromB": 275, "toB": 276, "inserted": ["i"]}}
{"dateTime": "2025-09-01T21:40:16.934Z", "eventType": "input.type", "fullPath": "/main.py", "details": {"fromA": 276, "toA": 276, "fromB": 276, "toB": 277, "inserted": ["t"]}}
{"dateTime": "2025-09-01T21:40:17.524Z", "eventType": "delete.backward", "fullPath": "/main.py", "details": {"fromA": 276, "toA": 277, "fromB": 276, "toB": 276, "inserted": [""]}}
{"dateTime": "2025-09-01T21:40:18.164Z", "eventType": "input.type", "fullPath": "/main.py", "details": {"fromA": 276, "toA": 276, "fromB": 276, "toB": 277, "inserted": ["n"]}}
{"dateTime": "2025-09-01T21:40:18.310Z", "eventType": "input.type", "fullPath": "/main.py", "details": {"fromA": 277, "toA": 277, "fromB": 277, "toB": 278, "inserted": ["t"]}}
{"dateTime": "2025-09-01T21:40:19.187Z", "eventType": "input.type", "fullPath": "/main.py", "details": {"fromA": 278, "toA": 278, "fromB": 278, "toB": 280, "inserted": ["()"]}}
{"dateTime": "2025-09-01T21:40:21.459Z", "eventType": "input.type", "fullPath": "/main.py", "details": {"fromA": 279, "toA": 279, "fromB": 279, "toB": 280, "inserted": ["r"]}}
{"dateTime": "2025-09-01T21:40:21.861Z", "eventType": "input.type", "fullPath": "/main.py", "details": {"fromA": 280, "toA": 280, "fromB": 280, "toB": 281, "inserted": ["o"]}}
{"dateTime": "2025-09-01T21:40:23.653Z", "eventType": "input.type", "fullPath": "/main.py", "details": {"fromA": 281, "toA": 281, "fromB": 281, "toB": 282, "inserted": ["i"]}}
{"dateTime": "2025-09-01T21:40:23.847Z", "eventType": "input.type", "fullPath": "/main.py", "details": {"fromA": 282, "toA": 282, "fromB": 282, "toB": 283, "inserted": ["n"]}}
{"dateTime": "2025-09-01T21:40:24.323Z", "eventType": "input.type", "fullPath": "/main.py", "details": {"fromA": 283, "toA": 283, "fromB": 283, "toB": 284, "inserted": ["d"]}}
{"dateTime": "2025-09-01T21:40:25.283Z", "eventType": "delete.backward", "fullPath": "/main.py", "details": {"fromA": 283, "toA": 284, "fromB": 283, "toB": 283, "inserted": [""]}}
{"dateTime": "2025-09-01T21:40:25.443Z", "eventType": "delete.backward", "fullPath": "/main.py", "details": {"fromA": 282, "toA": 283, "fromB": 282, "toB": 282, "inserted": [""]}}
{"dateTime": "2025-09-01T21:40:25.619Z", "eventType": "delete.backward", "fullPath": "/main.py", "details": {"fromA": 281, "toA": 282, "fromB": 281, "toB": 281, "inserted": [""]}}
{"dateTime": "2025-09-01T21:40:26.291Z", "eventType": "input.type", "fullPath": "/main.py", "details": {"fromA": 281, "toA": 281, "fromB": 281, "toB": 282, "inserted": ["u"]}}
{"dateTime": "2025-09-01T21:40:26.502Z", "eventType": "input.type", "fullPath": "/main.py", "details": {"fromA": 282, "toA": 282, "fromB": 282, "toB": 283, "inserted": ["n"]}}
{"dateTime": "2025-09-01T21:40:26.630Z", "eventType": "input.type", "fullPath": "/main.py", "details": {"fromA": 283, "toA": 283, "fromB": 283, "toB": 284, "inserted": ["d"]}}
{"dateTime": "2025-09-01T21:40:28.982Z", "eventType": "input.type", "fullPath": "/main.py", "details": {"fromA": 284, "toA": 284, "fromB": 284, "toB": 286, "inserted": ["()"]}}
{"dateTime": "2025-09-01T21:40:29.523Z", "eventType": "input.type", "fullPath": "/main.py", "details": {"fromA": 285, "toA": 285, "fromB": 285, "toB": 286, "inserted": ["a"]}}
{"dateTime": "2025-09-01T21:40:29.648Z", "eventType": "input.type", "fullPath": "/main.py", "details": {"fromA": 286, "toA": 286, "fromB": 286, "toB": 287, "inserted": ["r"]}}
{"dateTime": "2025-09-01T21:40:29.833Z", "eventType": "input.type", "fullPath": "/main.py", "details": {"fromA": 287, "toA": 287, "fromB": 287, "toB": 288, "inserted": ["e"]}}
{"dateTime": "2025-09-01T21:40:30.163Z", "eventType": "input.type", "fullPath": "/main.py", "details": {"fromA": 288, "toA": 288, "fromB": 288, "toB": 289, "inserted": ["a"]}}
{"dateTime": "2025-09-01T21:40:31.795Z", "eventType": "input.type", "fullPath": "/main.py", "details": {"fromA": 289, "toA": 289, "fromB": 289, "toB": 290, "inserted": [","]}}
{"dateTime": "2025-09-01T21:40:32.403Z", "eventType": "input.type", "fullPath": "/main.py", "details": {"fromA": 290, "toA": 290, "fromB": 290, "toB": 291, "inserted": ["3"]}}
{"dateTime": "2025-09-01T21:40:36.549Z", "eventType": "select.pointer", "fullPath": "/main.py", "details": {"selection": {"from": 293, "to": 293}}}
{"dateTime": "2025-09-01T21:40:37.203Z", "eventType": "input", "fullPath": "/main.py", "details": {"fromA": 293, "toA": 293, "fromB": 293, "toB": 294, "inserted": ["", ""]}}
{"dateTime": "2025-09-01T21:40:38.403Z", "eventType": "input.type", "fullPath": "/main.py", "details": {"fromA": 294, "toA": 294, "fromB": 294, "toB": 295, "inserted": ["p"]}}
{"dateTime": "2025-09-01T21:40:38.647Z", "eventType": "input.type", "fullPath": "/main.py", "details": {"fromA": 295, "toA": 295, "fromB": 295, "toB": 296, "inserted": ["r"]}}
{"dateTime": "2025-09-01T21:40:38.783Z", "eventType": "input.type", "fullPath": "/main.py", "details": {"fromA": 296, "toA": 296, "fromB": 296, "toB": 297, "inserted": ["i"]}}
{"dateTime": "2025-09-01T21:40:38.999Z", "eventType": "input.type", "fullPath": "/main.py", "details": {"fromA": 297, "toA": 297, "fromB": 297, "toB": 298, "inserted": ["n"]}}
{"dateTime": "2025-09-01T21:40:39.142Z", "eventType": "input.type", "fullPath": "/main.py", "details": {"fromA": 298, "toA": 298, "fromB": 298, "toB": 299, "inserted": ["t"]}}
{"dateTime": "2025-09-01T21:40:57.283Z", "eventType": "input.type", "fullPath": "/main.py", "details": {"fromA": 299, "toA": 299, "fromB": 299, "toB": 301, "inserted": ["()"]}}
{"dateTime": "2025-09-01T21:41:06.387Z", "eventType": "input.type", "fullPath": "/main.py", "details": {"fromA": 300, "toA": 300, "fromB": 300, "toB": 302, "inserted": ["()"]}}
{"dateTime": "2025-09-01T21:41:06.819Z", "eventType": "input.type", "fullPath": "/main.py", "details": {"fromA": 301, "toA": 301, "fromB": 301, "toB": 302, "inserted": ["r"]}}
{"dateTime": "2025-09-01T21:41:07.075Z", "eventType": "input.type", "fullPath": "/main.py", "details": {"fromA": 302, "toA": 302, "fromB": 302, "toB": 303, "inserted": ["o"]}}
{"dateTime": "2025-09-01T21:41:07.555Z", "eventType": "input.type", "fullPath": "/main.py", "details": {"fromA": 303, "toA": 303, "fromB": 303, "toB": 304, "inserted": ["u"]}}
{"dateTime": "2025-09-01T21:41:07.766Z", "eventType": "input.type", "fullPath": "/main.py", "details": {"fromA": 304, "toA": 304, "fromB": 304, "toB": 305, "inserted": ["n"]}}
{"dateTime": "2025-09-01T21:41:08.211Z", "eventType": "input.type", "fullPath": "/main.py", "details": {"fromA": 305, "toA": 305, "fromB": 305, "toB": 306, "inserted": ["d"]}}
{"dateTime": "2025-09-01T21:41:12.819Z", "eventType": "input.type", "fullPath": "/main.py", "details": {"fromA": 306, "toA": 306, "fromB": 306, "toB": 307, "inserted": ["z"]}}
{"dateTime": "2025-09-01T21:41:13.843Z", "eventType": "delete.backward", "fullPath": "/main.py", "details": {"fromA": 306, "toA": 307, "fromB": 306, "toB": 306, "inserted": [""]}}
{"dateTime": "2025-09-01T21:41:14.787Z", "eventType": "undo", "fullPath": "/main.py", "details": {"fromA": 306, "toA": 306, "fromB": 306, "toB": 307, "inserted": ["z"]}}
{"dateTime": "2025-09-01T21:41:15.155Z", "eventType": "undo", "fullPath": "/main.py", "details": {"fromA": 306, "toA": 307, "fromB": 306, "toB": 306, "inserted": [""]}}
{"dateTime": "2025-09-01T21:41:15.508Z", "eventType": "undo", "fullPath": "/main.py", "details": {"fromA": 300, "toA": 307, "fromB": 300, "toB": 300, "inserted": [""]}}
{"dateTime": "2025-09-01T21:41:16.963Z", "eventType": "input.type", "fullPath": "/main.py", "details": {"fromA": 300, "toA": 300, "fromB": 300, "toB": 301, "inserted": ["r"]}}
{"dateTime": "2025-09-01T21:41:17.202Z", "eventType": "input.type", "fullPath": "/main.py", "details": {"fromA": 301, "toA": 301, "fromB": 301, "toB": 302, "inserted": ["o"]}}
{"dateTime": "2025-09-01T21:41:17.447Z", "eventType": "input.type", "fullPath": "/main.py", "details": {"fromA": 302, "toA": 302, "fromB": 302, "toB": 303, "inserted": ["u"]}}
{"dateTime": "2025-09-01T21:41:17.664Z", "eventType": "input.type", "fullPath": "/main.py", "details": {"fromA": 303, "toA": 303, "fromB": 303, "toB": 304, "inserted": ["n"]}}
{"dateTime": "2025-09-01T21:41:17.813Z", "eventType": "input.type", "fullPath": "/main.py", "details": {"fromA": 304, "toA": 304, "fromB": 304, "toB": 305, "inserted": ["d"]}}
{"dateTime": "2025-09-01T21:41:19.043Z", "eventType": "input.type", "fullPath": "/main.py", "details": {"fromA": 305, "toA": 305, "fromB": 305, "toB": 307, "inserted": ["()"]}}
{"dateTime": "2025-09-01T21:41:22.691Z", "eventType": "input.type", "fullPath": "/main.py", "details": {"fromA": 306, "toA": 306, "fromB": 306, "toB": 307, "inserted": ["v"]}}
{"dateTime": "2025-09-01T21:41:23.093Z", "eventType": "input.type", "fullPath": "/main.py", "details": {"fromA": 307, "toA": 307, "fromB": 307, "toB": 308, "inserted": ["o"]}}
{"dateTime": "2025-09-01T21:41:23.269Z", "eventType": "input.type", "fullPath": "/main.py", "details": {"fromA": 308, "toA": 308, "fromB": 308, "toB": 309, "inserted": ["l"]}}
{"dateTime": "2025-09-01T21:41:23.491Z", "eventType": "input.type", "fullPath": "/main.py", "details": {"fromA": 309, "toA": 309, "fromB": 309, "toB": 310, "inserted": ["u"]}}
{"dateTime": "2025-09-01T21:41:23.701Z", "eventType": "input.type", "fullPath": "/main.py", "details": {"fromA": 310, "toA": 310, "fromB": 310, "toB": 311, "inserted": ["m"]}}
{"dateTime": "2025-09-01T21:41:23.861Z", "eventType": "input.type", "fullPath": "/main.py", "details": {"fromA": 311, "toA": 311, "fromB": 311, "toB": 312, "inserted": ["e"]}}
{"dateTime": "2025-09-01T21:41:24.771Z", "eventType": "input.type", "fullPath": "/main.py", "details": {"fromA": 312, "toA": 312, "fromB": 312, "toB": 313, "inserted": [","]}}
{"dateTime": "2025-09-01T21:41:25.379Z", "eventType": "input.type", "fullPath": "/main.py", "details": {"fromA": 313, "toA": 313, "fromB": 313, "toB": 314, "inserted": ["3"]}}
{"dateTime": "2025-09-01T21:41:28.699Z", "eventType": "blur", "fullPath": "/main.py"}
{"dateTime": "2025-09-01T21:41:33.398Z", "eventType": "submission", "details": {"correctness": 0, "commit": "27ce21b8082bbc9e883c67daa68ffc38476ed3a8", "executionTime": 0.01}}
{"dateTime": "2025-09-01T21:41:45.931Z", "eventType": "focus", "fullPath": "/main.py"}
{"dateTime": "2025-09-01T21:41:45.938Z", "eventType": "select.pointer", "fullPath": "/main.py", "details": {"selection": {"from": 239, "to": 239}}}
{"dateTime": "2025-09-01T21:41:46.691Z", "eventType": "delete.backward", "fullPath": "/main.py", "details": {"fromA": 238, "toA": 239, "fromB": 238, "toB": 238, "inserted": [""]}}
{"dateTime": "2025-09-01T21:41:47.219Z", "eventType": "input.type", "fullPath": "/main.py", "details": {"fromA": 238, "toA": 238, "fromB": 238, "toB": 239, "inserted": ["2"]}}
{"dateTime": "2025-09-01T21:41:49.779Z", "eventType": "blur", "fullPath": "/main.py"}
{"dateTime": "2025-09-01T21:41:53.052Z", "eventType": "submission", "details": {"correctness": 1, "commit": "c8c8a7774f9616401331768d418b3953cb0a2cfa", "executionTime": 0.01}}
