{"dateTime": "2025-08-26T20:10:39.512Z", "eventType": "submission", "details": {"correctness": 1, "commit": "e7a13dea2b6b8caae4113e85f290c4400cf7ebe1", "executionTime": 0.013333333333333334}}
{"dateTime": "2025-08-26T20:11:33.677Z", "eventType": "focus", "fullPath": "/main.py"}
{"dateTime": "2025-08-26T20:11:33.682Z", "eventType": "select.pointer", "fullPath": "/main.py", "details": {"selection": {"from": 130, "to": 130}}}
{"dateTime": "2025-08-26T20:11:35.293Z", "eventType": "select.pointer", "fullPath": "/main.py", "details": {"selection": {"from": 181, "to": 181}}}
{"dateTime": "2025-08-26T20:11:36.119Z", "eventType": "input", "fullPath": "/main.py", "details": {"fromA": 181, "toA": 181, "fromB": 181, "toB": 182, "inserted": ["", ""]}}
{"dateTime": "2025-08-26T20:12:36.350Z", "eventType": "input.type", "fullPath": "/main.py", "details": {"fromA": 182, "toA": 182, "fromB": 182, "toB": 183, "inserted": ["n"]}}
{"dateTime": "2025-08-26T20:12:36.753Z", "eventType": "input.type", "fullPath": "/main.py", "details": {"fromA": 183, "toA": 183, "fromB": 183, "toB": 184, "inserted": ["o"]}}
{"dateTime": "2025-08-26T20:12:37.108Z", "eventType": "input.type", "fullPath": "/main.py", "details": {"fromA": 184, "toA": 184, "fromB": 184, "toB": 185, "inserted": ["m"]}}
{"dateTime": "2025-08-26T20:12:37.480Z", "eventType": "input.type", "fullPath": "/main.py", "details": {"fromA": 185, "toA": 185, "fromB": 185, "toB": 186, "inserted": ["e"]}}
{"dateTime": "2025-08-26T20:12:39.170Z", "eventType": "input.type", "fullPath": "/main.py", "details": {"fromA": 186, "toA": 186, "fromB": 186, "toB": 187, "inserted": [" "]}}
{"dateTime": "2025-08-26T20:12:39.287Z", "eventType": "input.type", "fullPath": "/main.py", "details": {"fromA": 187, "toA": 187, "fromB": 187, "toB": 188, "inserted": ["="]}}
{"dateTime": "2025-08-26T20:12:39.492Z", "eventType": "input.type", "fullPath": "/main.py", "details": {"fromA": 188, "toA": 188, "fromB": 188, "toB": 189, "inserted": [" "]}}
{"dateTime": "2025-08-26T20:12:46.660Z", "eventType": "input.type", "fullPath": "/main.py", "details": {"fromA": 189, "toA": 189, "fromB": 189, "toB": 190, "inserted": ["i"]}}
{"dateTime": "2025-08-26T20:12:46.914Z", "eventType": "input.type", "fullPath": "/main.py", "details": {"fromA": 190, "toA": 190, "fromB": 190, "toB": 191, "inserted": ["n"]}}
{"dateTime": "2025-08-26T20:12:47.290Z", "eventType": "input.type", "fullPath": "/main.py", "details": {"fromA": 191, "toA": 191, "fromB": 191, "toB": 192, "inserted": ["p"]}}
{"dateTime": "2025-08-26T20:12:47.700Z", "eventType": "input.type", "fullPath": "/main.py", "details": {"fromA": 192, "toA": 192, "fromB": 192, "toB": 193, "inserted": ["u"]}}
{"dateTime": "2025-08-26T20:12:48.195Z", "eventType": "input.type", "fullPath": "/main.py", "details": {"fromA": 193, "toA": 193, "fromB": 193, "toB": 194, "inserted": ["t"]}}
{"dateTime": "2025-08-26T20:12:51.955Z", "eventType": "input.type", "fullPath": "/main.py", "details": {"fromA": 194, "toA": 194, "fromB": 194, "toB": 196, "inserted": ["()"]}}
{"dateTime": "2025-08-26T20:12:54.452Z", "eventType": "input.type", "fullPath": "/main.py", "details": {"fromA": 195, "toA": 195, "fromB": 195, "toB": 196, "inserted": ["D"]}}
{"dateTime": "2025-08-26T20:12:55.083Z", "eventType": "input.type", "fullPath": "/main.py", "details": {"fromA": 196, "toA": 196, "fromB": 196, "toB": 197, "inserted": ["i"]}}
{"dateTime": "2025-08-26T20:12:55.455Z", "eventType": "input.type", "fullPath": "/main.py", "details": {"fromA": 197, "toA": 197, "fromB": 197, "toB": 198, "inserted": ["g"]}}
{"dateTime": "2025-08-26T20:12:55.768Z", "eventType": "input.type", "fullPath": "/main.py", "details": {"fromA": 198, "toA": 198, "fromB": 198, "toB": 199, "inserted": ["i"]}}
{"dateTime": "2025-08-26T20:12:56.115Z", "eventType": "input.type", "fullPath": "/main.py", "details": {"fromA": 199, "toA": 199, "fromB": 199, "toB": 200, "inserted": ["t"]}}
{"dateTime": "2025-08-26T20:12:56.387Z", "eventType": "input.type", "fullPath": "/main.py", "details": {"fromA": 200, "toA": 200, "fromB": 200, "toB": 201, "inserted": ["e"]}}
{"dateTime": "2025-08-26T20:12:57.251Z", "eventType": "input.type", "fullPath": "/main.py", "details": {"fromA": 201, "toA": 201, "fromB": 201, "toB": 202, "inserted": [" "]}}
{"dateTime": "2025-08-26T20:12:57.507Z", "eventType": "input.type", "fullPath": "/main.py", "details": {"fromA": 202, "toA": 202, "fromB": 202, "toB": 203, "inserted": ["s"]}}
{"dateTime": "2025-08-26T20:12:57.776Z", "eventType": "input.type", "fullPath": "/main.py", "details": {"fromA": 203, "toA": 203, "fromB": 203, "toB": 204, "inserted": ["e"]}}
{"dateTime": "2025-08-26T20:12:59.275Z", "eventType": "delete.backward", "fullPath": "/main.py", "details": {"fromA": 203, "toA": 204, "fromB": 203, "toB": 203, "inserted": [""]}}
{"dateTime": "2025-08-26T20:12:59.490Z", "eventType": "delete.backward", "fullPath": "/main.py", "details": {"fromA": 202, "toA": 203, "fromB": 202, "toB": 202, "inserted": [""]}}
{"dateTime": "2025-08-26T20:12:59.697Z", "eventType": "delete.backward", "fullPath": "/main.py", "details": {"fromA": 201, "toA": 202, "fromB": 201, "toB": 201, "inserted": [""]}}
{"dateTime": "2025-08-26T20:12:59.889Z", "eventType": "delete.backward", "fullPath": "/main.py", "details": {"fromA": 200, "toA": 201, "fromB": 200, "toB": 200, "inserted": [""]}}
{"dateTime": "2025-08-26T20:13:00.081Z", "eventType": "delete.backward", "fullPath": "/main.py", "details": {"fromA": 199, "toA": 200, "fromB": 199, "toB": 199, "inserted": [""]}}
{"dateTime": "2025-08-26T20:13:00.289Z", "eventType": "delete.backward", "fullPath": "/main.py", "details": {"fromA": 198, "toA": 199, "fromB": 198, "toB": 198, "inserted": [""]}}
{"dateTime": "2025-08-26T20:13:00.545Z", "eventType": "delete.backward", "fullPath": "/main.py", "details": {"fromA": 197, "toA": 198, "fromB": 197, "toB": 197, "inserted": [""]}}
{"dateTime": "2025-08-26T20:13:00.849Z", "eventType": "delete.backward", "fullPath": "/main.py", "details": {"fromA": 196, "toA": 197, "fromB": 196, "toB": 196, "inserted": [""]}}
{"dateTime": "2025-08-26T20:13:01.185Z", "eventType": "delete.backward", "fullPath": "/main.py", "details": {"fromA": 195, "toA": 196, "fromB": 195, "toB": 195, "inserted": [""]}}
{"dateTime": "2025-08-26T20:13:03.028Z", "eventType": "input.type", "fullPath": "/main.py", "details": {"fromA": 195, "toA": 195, "fromB": 195, "toB": 197, "inserted": ["\"\""]}}
{"dateTime": "2025-08-26T20:13:04.643Z", "eventType": "input.type", "fullPath": "/main.py", "details": {"fromA": 196, "toA": 196, "fromB": 196, "toB": 197, "inserted": ["D"]}}
{"dateTime": "2025-08-26T20:13:05.618Z", "eventType": "input.type", "fullPath": "/main.py", "details": {"fromA": 197, "toA": 197, "fromB": 197, "toB": 198, "inserted": ["i"]}}
{"dateTime": "2025-08-26T20:13:06.018Z", "eventType": "input.type", "fullPath": "/main.py", "details": {"fromA": 198, "toA": 198, "fromB": 198, "toB": 199, "inserted": ["g"]}}
{"dateTime": "2025-08-26T20:13:06.386Z", "eventType": "input.type", "fullPath": "/main.py", "details": {"fromA": 199, "toA": 199, "fromB": 199, "toB": 200, "inserted": ["i"]}}
{"dateTime": "2025-08-26T20:13:06.755Z", "eventType": "input.type", "fullPath": "/main.py", "details": {"fromA": 200, "toA": 200, "fromB": 200, "toB": 201, "inserted": ["t"]}}
{"dateTime": "2025-08-26T20:13:06.930Z", "eventType": "input.type", "fullPath": "/main.py", "details": {"fromA": 201, "toA": 201, "fromB": 201, "toB": 202, "inserted": ["e"]}}
{"dateTime": "2025-08-26T20:13:07.202Z", "eventType": "input.type", "fullPath": "/main.py", "details": {"fromA": 202, "toA": 202, "fromB": 202, "toB": 203, "inserted": [" "]}}
{"dateTime": "2025-08-26T20:13:07.425Z", "eventType": "input.type", "fullPath": "/main.py", "details": {"fromA": 203, "toA": 203, "fromB": 203, "toB": 204, "inserted": ["s"]}}
{"dateTime": "2025-08-26T20:13:07.715Z", "eventType": "input.type", "fullPath": "/main.py", "details": {"fromA": 204, "toA": 204, "fromB": 204, "toB": 205, "inserted": ["e"]}}
{"dateTime": "2025-08-26T20:13:07.922Z", "eventType": "input.type", "fullPath": "/main.py", "details": {"fromA": 205, "toA": 205, "fromB": 205, "toB": 206, "inserted": ["u"]}}
{"dateTime": "2025-08-26T20:13:08.259Z", "eventType": "input.type", "fullPath": "/main.py", "details": {"fromA": 206, "toA": 206, "fromB": 206, "toB": 207, "inserted": [" "]}}
{"dateTime": "2025-08-26T20:13:08.514Z", "eventType": "input.type", "fullPath": "/main.py", "details": {"fromA": 207, "toA": 207, "fromB": 207, "toB": 208, "inserted": ["n"]}}
{"dateTime": "2025-08-26T20:13:08.898Z", "eventType": "input.type", "fullPath": "/main.py", "details": {"fromA": 208, "toA": 208, "fromB": 208, "toB": 209, "inserted": ["o"]}}
{"dateTime": "2025-08-26T20:13:09.166Z", "eventType": "input.type", "fullPath": "/main.py", "details": {"fromA": 209, "toA": 209, "fromB": 209, "toB": 210, "inserted": ["m"]}}
{"dateTime": "2025-08-26T20:13:09.326Z", "eventType": "input.type", "fullPath": "/main.py", "details": {"fromA": 210, "toA": 210, "fromB": 210, "toB": 211, "inserted": ["e"]}}
{"dateTime": "2025-08-26T20:13:12.529Z", "eventType": "select", "fullPath": "/main.py", "details": {"selection": {"from": 212, "to": 212}}}
{"dateTime": "2025-08-26T20:13:12.848Z", "eventType": "select", "fullPath": "/main.py", "details": {"selection": {"from": 213, "to": 213}}}
{"dateTime": "2025-08-26T20:13:13.779Z", "eventType": "input", "fullPath": "/main.py", "details": {"fromA": 213, "toA": 213, "fromB": 213, "toB": 214, "inserted": ["", ""]}}
{"dateTime": "2025-08-26T20:13:17.843Z", "eventType": "input.type", "fullPath": "/main.py", "details": {"fromA": 214, "toA": 214, "fromB": 214, "toB": 215, "inserted": ["p"]}}
{"dateTime": "2025-08-26T20:13:18.104Z", "eventType": "input.type", "fullPath": "/main.py", "details": {"fromA": 215, "toA": 215, "fromB": 215, "toB": 216, "inserted": ["r"]}}
{"dateTime": "2025-08-26T20:13:18.361Z", "eventType": "input.type", "fullPath": "/main.py", "details": {"fromA": 216, "toA": 216, "fromB": 216, "toB": 217, "inserted": ["i"]}}
{"dateTime": "2025-08-26T20:13:18.783Z", "eventType": "input.type", "fullPath": "/main.py", "details": {"fromA": 217, "toA": 217, "fromB": 217, "toB": 218, "inserted": ["n"]}}
{"dateTime": "2025-08-26T20:13:19.080Z", "eventType": "input.type", "fullPath": "/main.py", "details": {"fromA": 218, "toA": 218, "fromB": 218, "toB": 219, "inserted": ["t"]}}
{"dateTime": "2025-08-26T20:13:20.787Z", "eventType": "input.type", "fullPath": "/main.py", "details": {"fromA": 219, "toA": 219, "fromB": 219, "toB": 221, "inserted": ["()"]}}
{"dateTime": "2025-08-26T20:13:23.042Z", "eventType": "input.type", "fullPath": "/main.py", "details": {"fromA": 220, "toA": 220, "fromB": 220, "toB": 221, "inserted": ["n"]}}
{"dateTime": "2025-08-26T20:13:23.337Z", "eventType": "input.type", "fullPath": "/main.py", "details": {"fromA": 221, "toA": 221, "fromB": 221, "toB": 222, "inserted": ["o"]}}
{"dateTime": "2025-08-26T20:13:23.720Z", "eventType": "input.type", "fullPath": "/main.py", "details": {"fromA": 222, "toA": 222, "fromB": 222, "toB": 223, "inserted": ["m"]}}
{"dateTime": "2025-08-26T20:13:24.072Z", "eventType": "input.type", "fullPath": "/main.py", "details": {"fromA": 223, "toA": 223, "fromB": 223, "toB": 224, "inserted": ["e"]}}
{"dateTime": "2025-08-26T20:13:26.146Z", "eventType": "input.type", "fullPath": "/main.py", "details": {"fromA": 224, "toA": 224, "fromB": 224, "toB": 225, "inserted": ["."]}}
{"dateTime": "2025-08-26T20:13:26.899Z", "eventType": "input.type", "fullPath": "/main.py", "details": {"fromA": 225, "toA": 225, "fromB": 225, "toB": 226, "inserted": ["u"]}}
{"dateTime": "2025-08-26T20:13:27.330Z", "eventType": "input.type", "fullPath": "/main.py", "details": {"fromA": 226, "toA": 226, "fromB": 226, "toB": 227, "inserted": ["p"]}}
{"dateTime": "2025-08-26T20:13:27.587Z", "eventType": "input.type", "fullPath": "/main.py", "details": {"fromA": 227, "toA": 227, "fromB": 227, "toB": 228, "inserted": ["p"]}}
{"dateTime": "2025-08-26T20:13:27.824Z", "eventType": "input.type", "fullPath": "/main.py", "details": {"fromA": 228, "toA": 228, "fromB": 228, "toB": 229, "inserted": ["e"]}}
{"dateTime": "2025-08-26T20:13:28.162Z", "eventType": "input.type", "fullPath": "/main.py", "details": {"fromA": 229, "toA": 229, "fromB": 229, "toB": 230, "inserted": ["r"]}}
{"dateTime": "2025-08-26T20:13:30.371Z", "eventType": "input.type", "fullPath": "/main.py", "details": {"fromA": 230, "toA": 230, "fromB": 230, "toB": 232, "inserted": ["()"]}}
{"dateTime": "2025-08-26T20:13:32.127Z", "eventType": "blur", "fullPath": "/main.py"}
{"dateTime": "2025-08-26T20:13:32.579Z", "eventType": "run", "details": {"commit": "e7a13dea2b6b8caae4113e85f290c4400cf7ebe1"}}
