== SUBMISSION (2025-09-02 00:20:21)
-- CODE: 
vol = float(input())

valor = 0.37 * vol

icms = 1.35 * valor

conta = icms + 15

print(round(conta,2))
-- EXECUTION TIME: 
0.01
-- TEST CASE 1:
---- input:
100.0
---- correct output:
70.2
---- user output:
64.95
-- TEST CASE 2:
---- input:
259.65
---- correct output:
149.95
---- user output:
144.7
-- TEST CASE 3:
---- input:
17.08
---- correct output:
28.78
---- user output:
23.53
-- TEST CASE 4:
---- input:
21.04
---- correct output:
30.76
---- user output:
25.51
-- TEST CASE 5:
---- input:
13.31
---- correct output:
26.9
---- user output:
21.65
-- TEST CASE 6:
---- input:
77.7
---- correct output:
59.06
---- user output:
53.81
-- GRADE:
0%
*-*-*-*-*-*-*-*-*-*-*-*-*-*-*-*-*-*-*-*-*-*-*-*
== RUN (2025-09-02 00:20:25)
-- CODE: 
vol = float(input())

valor = 0.37 * vol

icms = 1.35 * valor

conta = icms + 15

print(round(conta,2))
-- EXECUTION TIME: 
0.0
-- TEST CASE 1:
---- input:
100.0
---- correct output:
70.2
---- user output:
64.95
-- TEST CASE 2:
---- input:
259.65
---- correct output:
149.95
---- user output:
144.7
-- TEST CASE 3:
---- input:
17.08
---- correct output:
28.78
---- user output:
23.53
-- TEST CASE 4:
---- input:
21.04
---- correct output:
30.76
---- user output:
25.51
-- TEST CASE 5:
---- input:
13.31
---- correct output:
26.9
---- user output:
21.65
-- TEST CASE 6:
---- input:
77.7
---- correct output:
59.06
---- user output:
53.81
*-*-*-*-*-*-*-*-*-*-*-*-*-*-*-*-*-*-*-*-*-*-*-*
== SUBMISSION (2025-09-02 00:21:28)
-- CODE: 
vol = float(input())

valor = 0.37 * vol

conta = valor + 15

icms = 1.35 * conta

print(round(icms,2))
-- EXECUTION TIME: 
0.01
-- TEST CASE 1:
---- input:
100.0
---- correct output:
70.2
---- user output:
70.2
-- TEST CASE 2:
---- input:
259.65
---- correct output:
149.95
---- user output:
149.95
-- TEST CASE 3:
---- input:
17.08
---- correct output:
28.78
---- user output:
28.78
-- TEST CASE 4:
---- input:
21.04
---- correct output:
30.76
---- user output:
30.76
-- TEST CASE 5:
---- input:
13.31
---- correct output:
26.9
---- user output:
26.9
-- TEST CASE 6:
---- input:
77.7
---- correct output:
59.06
---- user output:
59.06
-- GRADE:
100%
*-*-*-*-*-*-*-*-*-*-*-*-*-*-*-*-*-*-*-*-*-*-*-*
