== SUBMISSION (2025-08-27 14:10:09)
-- CODE: 
from math import pi
raio = float(input())
volume = 4 / 3 * pi * raio ** 3  
print(round(volume,4))
-- EXECUTION TIME: 
0.01
-- TEST CASE 1:
---- input:
5.5
---- correct output:
696.91
---- user output:
696.91
-- TEST CASE 2:
---- input:
1.0
---- correct output:
4.1888
---- user output:
4.1888
-- TEST CASE 3:
---- input:
3.2
---- correct output:
137.2583
---- user output:
137.2583
-- TEST CASE 4:
---- input:
10.0
---- correct output:
4188.7902
---- user output:
4188.7902
-- TEST CASE 5:
---- input:
12.0
---- correct output:
7238.2295
---- user output:
7238.2295
-- TEST CASE 6:
---- input:
0.5
---- correct output:
0.5236
---- user output:
0.5236
-- GRADE:
100%
*-*-*-*-*-*-*-*-*-*-*-*-*-*-*-*-*-*-*-*-*-*-*-*
