{"dateTime": "2025-09-01T14:00:00.806Z", "eventType": "input.type", "fullPath": "/main.py", "details": {"fromA": 71, "toA": 71, "fromB": 71, "toB": 72, "inserted": ["r"]}}
{"dateTime": "2025-09-01T14:00:00.897Z", "eventType": "input.type", "fullPath": "/main.py", "details": {"fromA": 72, "toA": 72, "fromB": 72, "toB": 73, "inserted": ["o"]}}
{"dateTime": "2025-09-01T14:00:01.209Z", "eventType": "input.type", "fullPath": "/main.py", "details": {"fromA": 73, "toA": 73, "fromB": 73, "toB": 74, "inserted": ["u"]}}
{"dateTime": "2025-09-01T14:00:01.446Z", "eventType": "input.type", "fullPath": "/main.py", "details": {"fromA": 74, "toA": 74, "fromB": 74, "toB": 75, "inserted": ["n"]}}
{"dateTime": "2025-09-01T14:00:01.878Z", "eventType": "input.type", "fullPath": "/main.py", "details": {"fromA": 75, "toA": 75, "fromB": 75, "toB": 76, "inserted": ["d"]}}
{"dateTime": "2025-09-01T14:00:03.062Z", "eventType": "input.type", "fullPath": "/main.py", "details": {"fromA": 76, "toA": 76, "fromB": 76, "toB": 78, "inserted": ["()"]}}
{"dateTime": "2025-09-01T14:00:06.262Z", "eventType": "input.type", "fullPath": "/main.py", "details": {"fromA": 77, "toA": 77, "fromB": 77, "toB": 78, "inserted": ["c"]}}
{"dateTime": "2025-09-01T14:00:06.342Z", "eventType": "input.type", "fullPath": "/main.py", "details": {"fromA": 78, "toA": 78, "fromB": 78, "toB": 79, "inserted": ["a"]}}
{"dateTime": "2025-09-01T14:00:06.460Z", "eventType": "input.type", "fullPath": "/main.py", "details": {"fromA": 79, "toA": 79, "fromB": 79, "toB": 80, "inserted": ["n"]}}
{"dateTime": "2025-09-01T14:00:07.270Z", "eventType": "input.type", "fullPath": "/main.py", "details": {"fromA": 80, "toA": 80, "fromB": 80, "toB": 81, "inserted": [","]}}
{"dateTime": "2025-09-01T14:00:10.885Z", "eventType": "input.type", "fullPath": "/main.py", "details": {"fromA": 81, "toA": 81, "fromB": 81, "toB": 82, "inserted": ["2"]}}
{"dateTime": "2025-09-01T14:00:14.624Z", "eventType": "blur", "fullPath": "/main.py"}
{"dateTime": "2025-09-01T14:00:23.868Z", "eventType": "submission", "details": {"correctness": 1, "commit": "ce06064403b62d05646748f48cbba54a13fb06e9", "executionTime": 0.01}}
{"dateTime": "2025-09-01T14:00:29.742Z", "eventType": "focus", "fullPath": "/main.py"}
{"dateTime": "2025-09-01T14:00:29.746Z", "eventType": "select.pointer", "fullPath": "/main.py", "details": {"selection": {"from": 0, "to": 0}}}
{"dateTime": "2025-09-01T14:00:58.754Z", "eventType": "input.type", "fullPath": "/main.py", "details": {"fromA": 0, "toA": 0, "fromB": 0, "toB": 1, "inserted": ["v"]}}
{"dateTime": "2025-09-01T14:00:58.844Z", "eventType": "input.type", "fullPath": "/main.py", "details": {"fromA": 1, "toA": 1, "fromB": 1, "toB": 2, "inserted": ["a"]}}
{"dateTime": "2025-09-01T14:00:59.174Z", "eventType": "input.type", "fullPath": "/main.py", "details": {"fromA": 2, "toA": 2, "fromB": 2, "toB": 3, "inserted": ["r"]}}
{"dateTime": "2025-09-01T14:01:02.415Z", "eventType": "input.type", "fullPath": "/main.py", "details": {"fromA": 3, "toA": 3, "fromB": 3, "toB": 4, "inserted": ["r"]}}
{"dateTime": "2025-09-01T14:01:03.535Z", "eventType": "delete.backward", "fullPath": "/main.py", "details": {"fromA": 3, "toA": 4, "fromB": 3, "toB": 3, "inserted": [""]}}
{"dateTime": "2025-09-01T14:01:08.428Z", "eventType": "input.type", "fullPath": "/main.py", "details": {"fromA": 3, "toA": 3, "fromB": 3, "toB": 4, "inserted": ["$"]}}
{"dateTime": "2025-09-01T14:01:09.709Z", "eventType": "delete.backward", "fullPath": "/main.py", "details": {"fromA": 3, "toA": 4, "fromB": 3, "toB": 3, "inserted": [""]}}
{"dateTime": "2025-09-01T14:01:10.970Z", "eventType": "input.type", "fullPath": "/main.py", "details": {"fromA": 3, "toA": 3, "fromB": 3, "toB": 4, "inserted": [" "]}}
{"dateTime": "2025-09-01T14:01:11.360Z", "eventType": "input.type", "fullPath": "/main.py", "details": {"fromA": 4, "toA": 4, "fromB": 4, "toB": 5, "inserted": ["="]}}
{"dateTime": "2025-09-01T14:01:11.455Z", "eventType": "input.type", "fullPath": "/main.py", "details": {"fromA": 5, "toA": 5, "fromB": 5, "toB": 6, "inserted": [" "]}}
{"dateTime": "2025-09-01T14:01:12.865Z", "eventType": "input.type", "fullPath": "/main.py", "details": {"fromA": 6, "toA": 6, "fromB": 6, "toB": 8, "inserted": ["()"]}}
{"dateTime": "2025-09-01T14:01:13.674Z", "eventType": "delete.backward", "fullPath": "/main.py", "details": {"fromA": 6, "toA": 8, "fromB": 6, "toB": 6, "inserted": [""]}}
{"dateTime": "2025-09-01T14:01:18.906Z", "eventType": "input.type", "fullPath": "/main.py", "details": {"fromA": 6, "toA": 6, "fromB": 6, "toB": 7, "inserted": ["f"]}}
{"dateTime": "2025-09-01T14:01:18.990Z", "eventType": "input.type", "fullPath": "/main.py", "details": {"fromA": 7, "toA": 7, "fromB": 7, "toB": 8, "inserted": ["l"]}}
{"dateTime": "2025-09-01T14:01:19.234Z", "eventType": "input.type", "fullPath": "/main.py", "details": {"fromA": 8, "toA": 8, "fromB": 8, "toB": 9, "inserted": ["o"]}}
{"dateTime": "2025-09-01T14:01:19.393Z", "eventType": "input.type", "fullPath": "/main.py", "details": {"fromA": 9, "toA": 9, "fromB": 9, "toB": 10, "inserted": ["a"]}}
{"dateTime": "2025-09-01T14:01:19.775Z", "eventType": "input.type", "fullPath": "/main.py", "details": {"fromA": 10, "toA": 10, "fromB": 10, "toB": 11, "inserted": ["t"]}}
{"dateTime": "2025-09-01T14:01:22.462Z", "eventType": "input.type", "fullPath": "/main.py", "details": {"fromA": 11, "toA": 11, "fromB": 11, "toB": 13, "inserted": ["()"]}}
{"dateTime": "2025-09-01T14:01:23.327Z", "eventType": "input.type", "fullPath": "/main.py", "details": {"fromA": 12, "toA": 12, "fromB": 12, "toB": 13, "inserted": ["i"]}}
{"dateTime": "2025-09-01T14:01:23.596Z", "eventType": "input.type", "fullPath": "/main.py", "details": {"fromA": 13, "toA": 13, "fromB": 13, "toB": 14, "inserted": ["n"]}}
{"dateTime": "2025-09-01T14:01:23.903Z", "eventType": "input.type", "fullPath": "/main.py", "details": {"fromA": 14, "toA": 14, "fromB": 14, "toB": 15, "inserted": ["p"]}}
{"dateTime": "2025-09-01T14:01:24.431Z", "eventType": "input.type", "fullPath": "/main.py", "details": {"fromA": 15, "toA": 15, "fromB": 15, "toB": 16, "inserted": ["u"]}}
{"dateTime": "2025-09-01T14:01:24.512Z", "eventType": "input.type", "fullPath": "/main.py", "details": {"fromA": 16, "toA": 16, "fromB": 16, "toB": 17, "inserted": ["t"]}}
{"dateTime": "2025-09-01T14:01:25.711Z", "eventType": "input.type", "fullPath": "/main.py", "details": {"fromA": 17, "toA": 17, "fromB": 17, "toB": 19, "inserted": ["()"]}}
{"dateTime": "2025-09-01T14:01:29.806Z", "eventType": "input.type", "fullPath": "/main.py", "details": {"fromA": 18, "toA": 18, "fromB": 18, "toB": 19, "inserted": ["I"]}}
{"dateTime": "2025-09-01T14:01:30.272Z", "eventType": "input.type", "fullPath": "/main.py", "details": {"fromA": 19, "toA": 19, "fromB": 19, "toB": 20, "inserted": ["n"]}}
{"dateTime": "2025-09-01T14:01:30.674Z", "eventType": "input.type", "fullPath": "/main.py", "details": {"fromA": 20, "toA": 20, "fromB": 20, "toB": 21, "inserted": ["s"]}}
{"dateTime": "2025-09-01T14:01:30.768Z", "eventType": "input.type", "fullPath": "/main.py", "details": {"fromA": 21, "toA": 21, "fromB": 21, "toB": 22, "inserted": ["i"]}}
{"dateTime": "2025-09-01T14:01:31.102Z", "eventType": "input.type", "fullPath": "/main.py", "details": {"fromA": 22, "toA": 22, "fromB": 22, "toB": 23, "inserted": ["r"]}}
{"dateTime": "2025-09-01T14:01:31.231Z", "eventType": "input.type", "fullPath": "/main.py", "details": {"fromA": 23, "toA": 23, "fromB": 23, "toB": 24, "inserted": ["a"]}}
{"dateTime": "2025-09-01T14:01:31.678Z", "eventType": "input.type", "fullPath": "/main.py", "details": {"fromA": 24, "toA": 24, "fromB": 24, "toB": 25, "inserted": [" "]}}
{"dateTime": "2025-09-01T14:01:32.557Z", "eventType": "delete.backward", "fullPath": "/main.py", "details": {"fromA": 24, "toA": 25, "fromB": 24, "toB": 24, "inserted": [""]}}
{"dateTime": "2025-09-01T14:01:32.733Z", "eventType": "delete.backward", "fullPath": "/main.py", "details": {"fromA": 23, "toA": 24, "fromB": 23, "toB": 23, "inserted": [""]}}
{"dateTime": "2025-09-01T14:01:32.862Z", "eventType": "delete.backward", "fullPath": "/main.py", "details": {"fromA": 22, "toA": 23, "fromB": 22, "toB": 22, "inserted": [""]}}
{"dateTime": "2025-09-01T14:01:33.005Z", "eventType": "delete.backward", "fullPath": "/main.py", "details": {"fromA": 21, "toA": 22, "fromB": 21, "toB": 21, "inserted": [""]}}
{"dateTime": "2025-09-01T14:01:33.165Z", "eventType": "delete.backward", "fullPath": "/main.py", "details": {"fromA": 20, "toA": 21, "fromB": 20, "toB": 20, "inserted": [""]}}
{"dateTime": "2025-09-01T14:01:33.308Z", "eventType": "delete.backward", "fullPath": "/main.py", "details": {"fromA": 19, "toA": 20, "fromB": 19, "toB": 19, "inserted": [""]}}
{"dateTime": "2025-09-01T14:01:33.630Z", "eventType": "delete.backward", "fullPath": "/main.py", "details": {"fromA": 18, "toA": 19, "fromB": 18, "toB": 18, "inserted": [""]}}
{"dateTime": "2025-09-01T14:01:34.431Z", "eventType": "input.type", "fullPath": "/main.py", "details": {"fromA": 18, "toA": 18, "fromB": 18, "toB": 20, "inserted": ["\"\""]}}
{"dateTime": "2025-09-01T14:01:35.310Z", "eventType": "input.type", "fullPath": "/main.py", "details": {"fromA": 19, "toA": 19, "fromB": 19, "toB": 20, "inserted": ["I"]}}
{"dateTime": "2025-09-01T14:01:35.551Z", "eventType": "input.type", "fullPath": "/main.py", "details": {"fromA": 20, "toA": 20, "fromB": 20, "toB": 21, "inserted": ["n"]}}
{"dateTime": "2025-09-01T14:01:35.774Z", "eventType": "input.type", "fullPath": "/main.py", "details": {"fromA": 21, "toA": 21, "fromB": 21, "toB": 22, "inserted": ["s"]}}
{"dateTime": "2025-09-01T14:01:35.886Z", "eventType": "input.type", "fullPath": "/main.py", "details": {"fromA": 22, "toA": 22, "fromB": 22, "toB": 23, "inserted": ["i"]}}
{"dateTime": "2025-09-01T14:01:36.222Z", "eventType": "input.type", "fullPath": "/main.py", "details": {"fromA": 23, "toA": 23, "fromB": 23, "toB": 24, "inserted": ["r"]}}
{"dateTime": "2025-09-01T14:01:36.334Z", "eventType": "input.type", "fullPath": "/main.py", "details": {"fromA": 24, "toA": 24, "fromB": 24, "toB": 25, "inserted": ["a"]}}
{"dateTime": "2025-09-01T14:01:36.460Z", "eventType": "input.type", "fullPath": "/main.py", "details": {"fromA": 25, "toA": 25, "fromB": 25, "toB": 26, "inserted": [" "]}}
{"dateTime": "2025-09-01T14:01:36.910Z", "eventType": "input.type", "fullPath": "/main.py", "details": {"fromA": 26, "toA": 26, "fromB": 26, "toB": 27, "inserted": ["o"]}}
{"dateTime": "2025-09-01T14:01:37.150Z", "eventType": "input.type", "fullPath": "/main.py", "details": {"fromA": 27, "toA": 27, "fromB": 27, "toB": 28, "inserted": [" "]}}
{"dateTime": "2025-09-01T14:01:37.406Z", "eventType": "input.type", "fullPath": "/main.py", "details": {"fromA": 28, "toA": 28, "fromB": 28, "toB": 29, "inserted": ["v"]}}
{"dateTime": "2025-09-01T14:01:37.518Z", "eventType": "input.type", "fullPath": "/main.py", "details": {"fromA": 29, "toA": 29, "fromB": 29, "toB": 30, "inserted": ["a"]}}
{"dateTime": "2025-09-01T14:01:37.610Z", "eventType": "input.type", "fullPath": "/main.py", "details": {"fromA": 30, "toA": 30, "fromB": 30, "toB": 31, "inserted": ["l"]}}
{"dateTime": "2025-09-01T14:01:37.838Z", "eventType": "input.type", "fullPath": "/main.py", "details": {"fromA": 31, "toA": 31, "fromB": 31, "toB": 32, "inserted": ["o"]}}
{"dateTime": "2025-09-01T14:01:38.206Z", "eventType": "input.type", "fullPath": "/main.py", "details": {"fromA": 32, "toA": 32, "fromB": 32, "toB": 33, "inserted": ["r"]}}
{"dateTime": "2025-09-01T14:01:38.382Z", "eventType": "input.type", "fullPath": "/main.py", "details": {"fromA": 33, "toA": 33, "fromB": 33, "toB": 34, "inserted": [" "]}}
{"dateTime": "2025-09-01T14:01:38.702Z", "eventType": "input.type", "fullPath": "/main.py", "details": {"fromA": 34, "toA": 34, "fromB": 34, "toB": 35, "inserted": ["e"]}}
{"dateTime": "2025-09-01T14:01:38.778Z", "eventType": "input.type", "fullPath": "/main.py", "details": {"fromA": 35, "toA": 35, "fromB": 35, "toB": 36, "inserted": ["m"]}}
{"dateTime": "2025-09-01T14:01:38.991Z", "eventType": "input.type", "fullPath": "/main.py", "details": {"fromA": 36, "toA": 36, "fromB": 36, "toB": 37, "inserted": [" "]}}
{"dateTime": "2025-09-01T14:01:39.902Z", "eventType": "input.type", "fullPath": "/main.py", "details": {"fromA": 37, "toA": 37, "fromB": 37, "toB": 38, "inserted": ["r"]}}
{"dateTime": "2025-09-01T14:01:40.014Z", "eventType": "input.type", "fullPath": "/main.py", "details": {"fromA": 38, "toA": 38, "fromB": 38, "toB": 39, "inserted": ["e"]}}
{"dateTime": "2025-09-01T14:01:40.366Z", "eventType": "input.type", "fullPath": "/main.py", "details": {"fromA": 39, "toA": 39, "fromB": 39, "toB": 40, "inserted": ["a"]}}
{"dateTime": "2025-09-01T14:01:40.542Z", "eventType": "input.type", "fullPath": "/main.py", "details": {"fromA": 40, "toA": 40, "fromB": 40, "toB": 41, "inserted": ["i"]}}
{"dateTime": "2025-09-01T14:01:40.650Z", "eventType": "input.type", "fullPath": "/main.py", "details": {"fromA": 41, "toA": 41, "fromB": 41, "toB": 42, "inserted": ["s"]}}
{"dateTime": "2025-09-01T14:01:41.913Z", "eventType": "input.type", "fullPath": "/main.py", "details": {"fromA": 42, "toA": 42, "fromB": 42, "toB": 43, "inserted": [":"]}}
{"dateTime": "2025-09-01T14:01:43.177Z", "eventType": "input.type", "fullPath": "/main.py", "details": {"fromA": 43, "toA": 43, "fromB": 43, "toB": 44, "inserted": [" "]}}
{"dateTime": "2025-09-01T14:01:44.607Z", "eventType": "select", "fullPath": "/main.py", "details": {"selection": {"from": 45, "to": 45}}}
{"dateTime": "2025-09-01T14:01:44.764Z", "eventType": "select", "fullPath": "/main.py", "details": {"selection": {"from": 46, "to": 46}}}
{"dateTime": "2025-09-01T14:01:44.969Z", "eventType": "select", "fullPath": "/main.py", "details": {"selection": {"from": 47, "to": 47}}}
{"dateTime": "2025-09-01T14:01:45.600Z", "eventType": "input", "fullPath": "/main.py", "details": {"fromA": 47, "toA": 47, "fromB": 47, "toB": 48, "inserted": ["", ""]}}
{"dateTime": "2025-09-01T14:01:53.359Z", "eventType": "input.type", "fullPath": "/main.py", "details": {"fromA": 48, "toA": 48, "fromB": 48, "toB": 49, "inserted": ["c"]}}
{"dateTime": "2025-09-01T14:01:53.478Z", "eventType": "input.type", "fullPath": "/main.py", "details": {"fromA": 49, "toA": 49, "fromB": 49, "toB": 50, "inserted": ["a"]}}
{"dateTime": "2025-09-01T14:01:54.223Z", "eventType": "input.type", "fullPath": "/main.py", "details": {"fromA": 50, "toA": 50, "fromB": 50, "toB": 51, "inserted": ["n"]}}
{"dateTime": "2025-09-01T14:01:55.774Z", "eventType": "input.type", "fullPath": "/main.py", "details": {"fromA": 51, "toA": 51, "fromB": 51, "toB": 52, "inserted": [" "]}}
{"dateTime": "2025-09-01T14:01:56.159Z", "eventType": "input.type", "fullPath": "/main.py", "details": {"fromA": 52, "toA": 52, "fromB": 52, "toB": 53, "inserted": ["="]}}
{"dateTime": "2025-09-01T14:01:56.350Z", "eventType": "input.type", "fullPath": "/main.py", "details": {"fromA": 53, "toA": 53, "fromB": 53, "toB": 54, "inserted": [" "]}}
{"dateTime": "2025-09-01T14:02:01.225Z", "eventType": "input.type", "fullPath": "/main.py", "details": {"fromA": 54, "toA": 54, "fromB": 54, "toB": 55, "inserted": ["v"]}}
{"dateTime": "2025-09-01T14:02:01.326Z", "eventType": "input.type", "fullPath": "/main.py", "details": {"fromA": 55, "toA": 55, "fromB": 55, "toB": 56, "inserted": ["a"]}}
{"dateTime": "2025-09-01T14:02:01.601Z", "eventType": "input.type", "fullPath": "/main.py", "details": {"fromA": 56, "toA": 56, "fromB": 56, "toB": 57, "inserted": ["r"]}}
{"dateTime": "2025-09-01T14:02:03.311Z", "eventType": "input.type", "fullPath": "/main.py", "details": {"fromA": 57, "toA": 57, "fromB": 57, "toB": 58, "inserted": [" "]}}
{"dateTime": "2025-09-01T14:02:05.967Z", "eventType": "input.type", "fullPath": "/main.py", "details": {"fromA": 58, "toA": 58, "fromB": 58, "toB": 59, "inserted": ["*"]}}
{"dateTime": "2025-09-01T14:02:06.751Z", "eventType": "input.type", "fullPath": "/main.py", "details": {"fromA": 59, "toA": 59, "fromB": 59, "toB": 60, "inserted": [" "]}}
{"dateTime": "2025-09-01T14:02:09.242Z", "eventType": "input.type", "fullPath": "/main.py", "details": {"fromA": 60, "toA": 60, "fromB": 60, "toB": 61, "inserted": ["3"]}}
{"dateTime": "2025-09-01T14:02:09.455Z", "eventType": "input.type", "fullPath": "/main.py", "details": {"fromA": 61, "toA": 61, "fromB": 61, "toB": 62, "inserted": ["."]}}
{"dateTime": "2025-09-01T14:02:10.445Z", "eventType": "input.type", "fullPath": "/main.py", "details": {"fromA": 62, "toA": 62, "fromB": 62, "toB": 63, "inserted": ["2"]}}
{"dateTime": "2025-09-01T14:02:10.588Z", "eventType": "input.type", "fullPath": "/main.py", "details": {"fromA": 63, "toA": 63, "fromB": 63, "toB": 64, "inserted": ["1"]}}
{"dateTime": "2025-09-01T14:02:14.045Z", "eventType": "delete.backward", "fullPath": "/main.py", "details": {"fromA": 63, "toA": 64, "fromB": 63, "toB": 63, "inserted": [""]}}
{"dateTime": "2025-09-01T14:02:14.189Z", "eventType": "delete.backward", "fullPath": "/main.py", "details": {"fromA": 62, "toA": 63, "fromB": 62, "toB": 62, "inserted": [""]}}
{"dateTime": "2025-09-01T14:02:15.465Z", "eventType": "input.type", "fullPath": "/main.py", "details": {"fromA": 62, "toA": 62, "fromB": 62, "toB": 63, "inserted": ["6"]}}
{"dateTime": "2025-09-01T14:02:15.724Z", "eventType": "input.type", "fullPath": "/main.py", "details": {"fromA": 63, "toA": 63, "fromB": 63, "toB": 64, "inserted": ["1"]}}
{"dateTime": "2025-09-01T14:02:16.271Z", "eventType": "input", "fullPath": "/main.py", "details": {"fromA": 64, "toA": 64, "fromB": 64, "toB": 65, "inserted": ["", ""]}}
{"dateTime": "2025-09-01T14:02:17.513Z", "eventType": "input.type.compose.start", "fullPath": "/main.py", "details": {"fromA": 65, "toA": 65, "fromB": 65, "toB": 66, "inserted": ["\u00b4"]}}
{"dateTime": "2025-09-01T14:02:18.169Z", "eventType": "input.type.compose", "fullPath": "/main.py", "details": {"fromA": 65, "toA": 66, "fromB": 65, "toB": 66, "inserted": ["\u0155"]}}
{"dateTime": "2025-09-01T14:02:18.250Z", "eventType": "input.type", "fullPath": "/main.py", "details": {"fromA": 66, "toA": 66, "fromB": 66, "toB": 67, "inserted": ["i"]}}
{"dateTime": "2025-09-01T14:02:18.499Z", "eventType": "input.type", "fullPath": "/main.py", "details": {"fromA": 67, "toA": 67, "fromB": 67, "toB": 68, "inserted": ["m"]}}
{"dateTime": "2025-09-01T14:02:19.008Z", "eventType": "delete.backward", "fullPath": "/main.py", "details": {"fromA": 67, "toA": 68, "fromB": 67, "toB": 67, "inserted": [""]}}
{"dateTime": "2025-09-01T14:02:19.272Z", "eventType": "input.type", "fullPath": "/main.py", "details": {"fromA": 67, "toA": 67, "fromB": 67, "toB": 68, "inserted": ["n"]}}
{"dateTime": "2025-09-01T14:02:20.064Z", "eventType": "input.type", "fullPath": "/main.py", "details": {"fromA": 68, "toA": 68, "fromB": 68, "toB": 69, "inserted": ["t"]}}
{"dateTime": "2025-09-01T14:02:21.112Z", "eventType": "delete.backward", "fullPath": "/main.py", "details": {"fromA": 68, "toA": 69, "fromB": 68, "toB": 68, "inserted": [""]}}
{"dateTime": "2025-09-01T14:02:21.284Z", "eventType": "delete.backward", "fullPath": "/main.py", "details": {"fromA": 67, "toA": 68, "fromB": 67, "toB": 67, "inserted": [""]}}
{"dateTime": "2025-09-01T14:02:21.407Z", "eventType": "delete.backward", "fullPath": "/main.py", "details": {"fromA": 66, "toA": 67, "fromB": 66, "toB": 66, "inserted": [""]}}
{"dateTime": "2025-09-01T14:02:21.549Z", "eventType": "delete.backward", "fullPath": "/main.py", "details": {"fromA": 65, "toA": 66, "fromB": 65, "toB": 65, "inserted": [""]}}
{"dateTime": "2025-09-01T14:02:22.334Z", "eventType": "input.type", "fullPath": "/main.py", "details": {"fromA": 65, "toA": 65, "fromB": 65, "toB": 66, "inserted": ["p"]}}
{"dateTime": "2025-09-01T14:02:22.466Z", "eventType": "input.type", "fullPath": "/main.py", "details": {"fromA": 66, "toA": 66, "fromB": 66, "toB": 67, "inserted": ["r"]}}
{"dateTime": "2025-09-01T14:02:22.763Z", "eventType": "input.type", "fullPath": "/main.py", "details": {"fromA": 67, "toA": 67, "fromB": 67, "toB": 68, "inserted": ["i"]}}
{"dateTime": "2025-09-01T14:02:23.183Z", "eventType": "input.type", "fullPath": "/main.py", "details": {"fromA": 68, "toA": 68, "fromB": 68, "toB": 69, "inserted": ["n"]}}
{"dateTime": "2025-09-01T14:02:23.313Z", "eventType": "input.type", "fullPath": "/main.py", "details": {"fromA": 69, "toA": 69, "fromB": 69, "toB": 70, "inserted": ["t"]}}
{"dateTime": "2025-09-01T14:02:24.431Z", "eventType": "input.type", "fullPath": "/main.py", "details": {"fromA": 70, "toA": 70, "fromB": 70, "toB": 72, "inserted": ["()"]}}
