== SUBMISSION (2025-09-01 06:20:49)
-- CODE: 
# Este código é apenas um ESBOÇO da solução.
# Modifique-o para atender as especificações do enunciado.

# Leitura das entradas e conversao para float:
richard = float(input())
karla = float(input())

# Calculo do valor a ser pago, incluindo o frete:
total = richard * 8 + 45
saldo = karla - (richard * 8 + 45)

# Impressao do valor total e do saldo:
print(total)
print(saldo)
-- EXECUTION TIME: 
0.01
-- TEST CASE 1:
---- input:
100.0
900.0
---- correct output:
845.0
55.0
---- user output:
55.0
-- TEST CASE 2:
---- input:
33.0
310.0
---- correct output:
309.0
1.0
---- user output:
1.0
-- TEST CASE 3:
---- input:
356.0
4200.00
---- correct output:
2893.0
1307.0
---- user output:
1307.0
-- TEST CASE 4:
---- input:
123987.0
1000000.0
---- correct output:
991941.0
8059.0
---- user output:
8059.0
-- TEST CASE 5:
---- input:
1.2
70.00
---- correct output:
54.6
15.4
---- user output:
15.399999999999999
-- TEST CASE 6:
---- input:
20.0
400.0
---- correct output:
205.0
195.0
---- user output:
195.0
-- GRADE:
0%
*-*-*-*-*-*-*-*-*-*-*-*-*-*-*-*-*-*-*-*-*-*-*-*
== SUBMISSION (2025-09-01 06:16:04)
-- CODE: 
# Este código é apenas um ESBOÇO da solução.
# Modifique-o para atender as especificações do enunciado.

# Leitura das entradas e conversao para float:
richard = float(input())
karla = float(input())

# Calculo do valor a ser pago, incluindo o frete:
total = richard * 8 + 45
saldo = karla - (richard * 8 + 45)

# Impressao do valor total e do saldo:
print(total)
print(saldo)
-- EXECUTION TIME: 
0.0133333
-- TEST CASE 1:
---- input:
100.0
900.0
---- correct output:
845.0
55.0
---- user output:
55.0
-- TEST CASE 2:
---- input:
33.0
310.0
---- correct output:
309.0
1.0
---- user output:
1.0
-- TEST CASE 3:
---- input:
356.0
4200.00
---- correct output:
2893.0
1307.0
---- user output:
1307.0
-- TEST CASE 4:
---- input:
123987.0
1000000.0
---- correct output:
991941.0
8059.0
---- user output:
8059.0
-- TEST CASE 5:
---- input:
1.2
70.00
---- correct output:
54.6
15.4
---- user output:
15.399999999999999
-- TEST CASE 6:
---- input:
20.0
400.0
---- correct output:
205.0
195.0
---- user output:
195.0
-- GRADE:
0%
*-*-*-*-*-*-*-*-*-*-*-*-*-*-*-*-*-*-*-*-*-*-*-*
== SUBMISSION (2025-09-01 06:14:24)
-- CODE: 
# Este código é apenas um ESBOÇO da solução.
# Modifique-o para atender as especificações do enunciado.

# Leitura das entradas e conversao para float:
richard = float(input())
karla = float(input())

# Calculo do valor a ser pago, incluindo o frete:
total = richard * 8 + 45
saldo = karla - (richard * 8 + 45)

# Impressao do valor total e do saldo:
print(total)
print(saldo)
-- EXECUTION TIME: 
0.01
-- TEST CASE 1:
---- input:
100.0
900.0
---- correct output:
845.0
55.0
---- user output:
55.0
-- TEST CASE 2:
---- input:
33.0
310.0
---- correct output:
309.0
1.0
---- user output:
1.0
-- TEST CASE 3:
---- input:
356.0
4200.00
---- correct output:
2893.0
1307.0
---- user output:
1307.0
-- TEST CASE 4:
---- input:
123987.0
1000000.0
---- correct output:
991941.0
8059.0
---- user output:
8059.0
-- TEST CASE 5:
---- input:
1.2
70.00
---- correct output:
54.6
15.4
---- user output:
15.399999999999999
-- TEST CASE 6:
---- input:
20.0
400.0
---- correct output:
205.0
195.0
---- user output:
195.0
-- GRADE:
0%
*-*-*-*-*-*-*-*-*-*-*-*-*-*-*-*-*-*-*-*-*-*-*-*
== SUBMISSION (2025-09-01 22:39:52)
-- CODE: 
# Este código é apenas um ESBOÇO da solução.
# Modifique-o para atender as especificações do enunciado.

# Leitura das entradas e conversao para float:
richard = float(input())
karla = float(input())

# Calculo do valor a ser pago, incluindo o frete:
total = richard * 8 + 45
saldo = karla - (richard * 8 + 45)

# Impressao do valor total e do saldo:
print(round(total, 1))
print(round(saldo, 1))
-- EXECUTION TIME: 
0.01
-- TEST CASE 1:
---- input:
100.0
900.0
---- correct output:
845.0
55.0
---- user output:
55.0
-- TEST CASE 2:
---- input:
33.0
310.0
---- correct output:
309.0
1.0
---- user output:
1.0
-- TEST CASE 3:
---- input:
356.0
4200.00
---- correct output:
2893.0
1307.0
---- user output:
1307.0
-- TEST CASE 4:
---- input:
123987.0
1000000.0
---- correct output:
991941.0
8059.0
---- user output:
8059.0
-- TEST CASE 5:
---- input:
1.2
70.00
---- correct output:
54.6
15.4
---- user output:
15.4
-- TEST CASE 6:
---- input:
20.0
400.0
---- correct output:
205.0
195.0
---- user output:
195.0
-- GRADE:
100%
*-*-*-*-*-*-*-*-*-*-*-*-*-*-*-*-*-*-*-*-*-*-*-*
== SUBMISSION (2025-09-01 22:39:19)
-- CODE: 
# Este código é apenas um ESBOÇO da solução.
# Modifique-o para atender as especificações do enunciado.

# Leitura das entradas e conversao para float:
richard = float(input())
karla = float(input())

# Calculo do valor a ser pago, incluindo o frete:
total = richard * 8 + 45
saldo = karla - (richard * 8 + 45)

# Impressao do valor total e do saldo:
print(total)
print(saldo)
-- EXECUTION TIME: 
0.01
-- TEST CASE 1:
---- input:
100.0
900.0
---- correct output:
845.0
55.0
---- user output:
55.0
-- TEST CASE 2:
---- input:
33.0
310.0
---- correct output:
309.0
1.0
---- user output:
1.0
-- TEST CASE 3:
---- input:
356.0
4200.00
---- correct output:
2893.0
1307.0
---- user output:
1307.0
-- TEST CASE 4:
---- input:
123987.0
1000000.0
---- correct output:
991941.0
8059.0
---- user output:
8059.0
-- TEST CASE 5:
---- input:
1.2
70.00
---- correct output:
54.6
15.4
---- user output:
15.399999999999999
-- TEST CASE 6:
---- input:
20.0
400.0
---- correct output:
205.0
195.0
---- user output:
195.0
-- GRADE:
0%
*-*-*-*-*-*-*-*-*-*-*-*-*-*-*-*-*-*-*-*-*-*-*-*
== SUBMISSION (2025-09-01 06:14:49)
-- CODE: 

richard = float(input())
karla = float(input())

total = richard * 8 + 45
saldo = karla - (richard * 8 + 45)

print(total)
print(saldo)
-- EXECUTION TIME: 
0.01
-- TEST CASE 1:
---- input:
100.0
900.0
---- correct output:
845.0
55.0
---- user output:
55.0
-- TEST CASE 2:
---- input:
33.0
310.0
---- correct output:
309.0
1.0
---- user output:
1.0
-- TEST CASE 3:
---- input:
356.0
4200.00
---- correct output:
2893.0
1307.0
---- user output:
1307.0
-- TEST CASE 4:
---- input:
123987.0
1000000.0
---- correct output:
991941.0
8059.0
---- user output:
8059.0
-- TEST CASE 5:
---- input:
1.2
70.00
---- correct output:
54.6
15.4
---- user output:
15.399999999999999
-- TEST CASE 6:
---- input:
20.0
400.0
---- correct output:
205.0
195.0
---- user output:
195.0
-- GRADE:
0%
*-*-*-*-*-*-*-*-*-*-*-*-*-*-*-*-*-*-*-*-*-*-*-*
== SUBMISSION (2025-09-01 06:21:58)
-- CODE: 
# Este código é apenas um ESBOÇO da solução.
# Modifique-o para atender as especificações do enunciado.

# Leitura das entradas e conversao para float:
richard = float(input())
karla = float(input())

# Calculo do valor a ser pago, incluindo o frete:
total = richard * 8 + 45
saldo = karla - (richard * 8 + 45)

# Impressao do valor total e do saldo:
print(total)
print(saldo)
-- EXECUTION TIME: 
0.01
-- TEST CASE 1:
---- input:
100.0
900.0
---- correct output:
845.0
55.0
---- user output:
55.0
-- TEST CASE 2:
---- input:
33.0
310.0
---- correct output:
309.0
1.0
---- user output:
1.0
-- TEST CASE 3:
---- input:
356.0
4200.00
---- correct output:
2893.0
1307.0
---- user output:
1307.0
-- TEST CASE 4:
---- input:
123987.0
1000000.0
---- correct output:
991941.0
8059.0
---- user output:
8059.0
-- TEST CASE 5:
---- input:
1.2
70.00
---- correct output:
54.6
15.4
---- user output:
15.399999999999999
-- TEST CASE 6:
---- input:
20.0
400.0
---- correct output:
205.0
195.0
---- user output:
195.0
-- GRADE:
0%
*-*-*-*-*-*-*-*-*-*-*-*-*-*-*-*-*-*-*-*-*-*-*-*
== SUBMISSION (2025-09-01 06:26:29)
-- CODE: 
# Este código é apenas um ESBOÇO da solução.
# Modifique-o para atender as especificações do enunciado.

# Leitura das entradas e conversao para float:
richard = float(input())
karla = float(input())

# Calculo do valor a ser pago, incluindo o frete:
total = (richard * 8) + 45
saldo = karla - (richard * 8 + 45)

# Impressao do valor total e do saldo:
print(total)
print(saldo)
-- EXECUTION TIME: 
0.01
-- TEST CASE 1:
---- input:
100.0
900.0
---- correct output:
845.0
55.0
---- user output:
55.0
-- TEST CASE 2:
---- input:
33.0
310.0
---- correct output:
309.0
1.0
---- user output:
1.0
-- TEST CASE 3:
---- input:
356.0
4200.00
---- correct output:
2893.0
1307.0
---- user output:
1307.0
-- TEST CASE 4:
---- input:
123987.0
1000000.0
---- correct output:
991941.0
8059.0
---- user output:
8059.0
-- TEST CASE 5:
---- input:
1.2
70.00
---- correct output:
54.6
15.4
---- user output:
15.399999999999999
-- TEST CASE 6:
---- input:
20.0
400.0
---- correct output:
205.0
195.0
---- user output:
195.0
-- GRADE:
0%
*-*-*-*-*-*-*-*-*-*-*-*-*-*-*-*-*-*-*-*-*-*-*-*
== SUBMISSION (2025-09-01 06:13:58)
-- CODE: 
# Este código é apenas um ESBOÇO da solução.
# Modifique-o para atender as especificações do enunciado.

# Leitura das entradas e conversao para float:
richard = float(input())
karla = float(input())

# Calculo do valor a ser pago, incluindo o frete:
total = richard * 8 + 45
saldo = karla - (richard * 8 + 45)

# Impressao do valor total e do saldo:
print(total)
print(saldo)
-- EXECUTION TIME: 
0.01
-- TEST CASE 1:
---- input:
100.0
900.0
---- correct output:
845.0
55.0
---- user output:
55.0
-- TEST CASE 2:
---- input:
33.0
310.0
---- correct output:
309.0
1.0
---- user output:
1.0
-- TEST CASE 3:
---- input:
356.0
4200.00
---- correct output:
2893.0
1307.0
---- user output:
1307.0
-- TEST CASE 4:
---- input:
123987.0
1000000.0
---- correct output:
991941.0
8059.0
---- user output:
8059.0
-- TEST CASE 5:
---- input:
1.2
70.00
---- correct output:
54.6
15.4
---- user output:
15.399999999999999
-- TEST CASE 6:
---- input:
20.0
400.0
---- correct output:
205.0
195.0
---- user output:
195.0
-- GRADE:
0%
*-*-*-*-*-*-*-*-*-*-*-*-*-*-*-*-*-*-*-*-*-*-*-*
== SUBMISSION (2025-09-01 06:31:58)
-- CODE: 
# Este código é apenas um ESBOÇO da solução.
# Modifique-o para atender as especificações do enunciado.

# Leitura das entradas e conversao para float:
richard = float(input())
karla = float(input())

# Calculo do valor a ser pago, incluindo o frete:
total = richard * 8 + 45
saldo = karla - (richard * 8 + 45)

# Impressao do valor total e do saldo:
print(saldo)
print(total)
-- EXECUTION TIME: 
0.01
-- TEST CASE 1:
---- input:
100.0
900.0
---- correct output:
845.0
55.0
---- user output:
845.0
-- TEST CASE 2:
---- input:
33.0
310.0
---- correct output:
309.0
1.0
---- user output:
309.0
-- TEST CASE 3:
---- input:
356.0
4200.00
---- correct output:
2893.0
1307.0
---- user output:
2893.0
-- TEST CASE 4:
---- input:
123987.0
1000000.0
---- correct output:
991941.0
8059.0
---- user output:
991941.0
-- TEST CASE 5:
---- input:
1.2
70.00
---- correct output:
54.6
15.4
---- user output:
54.6
-- TEST CASE 6:
---- input:
20.0
400.0
---- correct output:
205.0
195.0
---- user output:
205.0
-- GRADE:
0%
*-*-*-*-*-*-*-*-*-*-*-*-*-*-*-*-*-*-*-*-*-*-*-*
== SUBMISSION (2025-09-01 06:16:48)
-- CODE: 
# Este código é apenas um ESBOÇO da solução.
# Modifique-o para atender as especificações do enunciado.

# Leitura das entradas e conversao para float:
richard = float(input())
karla = float(input())

# Calculo do valor a ser pago, incluindo o frete:
total = richard * 8 + 45
saldo = karla - (richard * 8 + 45)

# Impressao do valor total e do saldo:
print(total)
print(saldo)
-- EXECUTION TIME: 
0.01
-- TEST CASE 1:
---- input:
100.0
900.0
---- correct output:
845.0
55.0
---- user output:
55.0
-- TEST CASE 2:
---- input:
33.0
310.0
---- correct output:
309.0
1.0
---- user output:
1.0
-- TEST CASE 3:
---- input:
356.0
4200.00
---- correct output:
2893.0
1307.0
---- user output:
1307.0
-- TEST CASE 4:
---- input:
123987.0
1000000.0
---- correct output:
991941.0
8059.0
---- user output:
8059.0
-- TEST CASE 5:
---- input:
1.2
70.00
---- correct output:
54.6
15.4
---- user output:
15.399999999999999
-- TEST CASE 6:
---- input:
20.0
400.0
---- correct output:
205.0
195.0
---- user output:
195.0
-- GRADE:
0%
*-*-*-*-*-*-*-*-*-*-*-*-*-*-*-*-*-*-*-*-*-*-*-*
== RUN (2025-09-01 06:30:32)
-- CODE: 
# Este código é apenas um ESBOÇO da solução.
# Modifique-o para atender as especificações do enunciado.

# Leitura das entradas e conversao para float:
richard = float(input())
karla = float(input())

# Calculo do valor a ser pago, incluindo o frete:
total = richard * 8 + 45
saldo = karla - (richard * 8 + 45)

# Impressao do valor total e do saldo:
print(round(total, 2))
print(saldo)
-- EXECUTION TIME: 
0.0
-- TEST CASE 1:
---- input:
100.0
900.0
---- correct output:
845.0
55.0
---- user output:
55.0
-- TEST CASE 2:
---- input:
33.0
310.0
---- correct output:
309.0
1.0
---- user output:
1.0
-- TEST CASE 3:
---- input:
356.0
4200.00
---- correct output:
2893.0
1307.0
---- user output:
1307.0
-- TEST CASE 4:
---- input:
123987.0
1000000.0
---- correct output:
991941.0
8059.0
---- user output:
8059.0
-- TEST CASE 5:
---- input:
1.2
70.00
---- correct output:
54.6
15.4
---- user output:
15.399999999999999
-- TEST CASE 6:
---- input:
20.0
400.0
---- correct output:
205.0
195.0
---- user output:
195.0
*-*-*-*-*-*-*-*-*-*-*-*-*-*-*-*-*-*-*-*-*-*-*-*
== SUBMISSION (2025-09-01 06:26:00)
-- CODE: 
# Este código é apenas um ESBOÇO da solução.
# Modifique-o para atender as especificações do enunciado.

# Leitura das entradas e conversao para float:
richard = float(input())
karla = float(input())

# Calculo do valor a ser pago, incluindo o frete:
total = (richard * 8) + 45
saldo = karla - (richard * 8 + 45)

# Impressao do valor total e do saldo:
print(total)
print(saldo)
-- EXECUTION TIME: 
0.01
-- TEST CASE 1:
---- input:
100.0
900.0
---- correct output:
845.0
55.0
---- user output:
55.0
-- TEST CASE 2:
---- input:
33.0
310.0
---- correct output:
309.0
1.0
---- user output:
1.0
-- TEST CASE 3:
---- input:
356.0
4200.00
---- correct output:
2893.0
1307.0
---- user output:
1307.0
-- TEST CASE 4:
---- input:
123987.0
1000000.0
---- correct output:
991941.0
8059.0
---- user output:
8059.0
-- TEST CASE 5:
---- input:
1.2
70.00
---- correct output:
54.6
15.4
---- user output:
15.399999999999999
-- TEST CASE 6:
---- input:
20.0
400.0
---- correct output:
205.0
195.0
---- user output:
195.0
-- GRADE:
0%
*-*-*-*-*-*-*-*-*-*-*-*-*-*-*-*-*-*-*-*-*-*-*-*
== SUBMISSION (2025-09-01 06:20:49)
-- CODE: 
# Este código é apenas um ESBOÇO da solução.
# Modifique-o para atender as especificações do enunciado.

# Leitura das entradas e conversao para float:
richard = float(input())
karla = float(input())

# Calculo do valor a ser pago, incluindo o frete:
total = richard * 8 + 45
saldo = karla - (richard * 8 + 45)

# Impressao do valor total e do saldo:
print(total)
print(saldo)
-- EXECUTION TIME: 
0.01
-- TEST CASE 1:
---- input:
100.0
900.0
---- correct output:
845.0
55.0
---- user output:
55.0
-- TEST CASE 2:
---- input:
33.0
310.0
---- correct output:
309.0
1.0
---- user output:
1.0
-- TEST CASE 3:
---- input:
356.0
4200.00
---- correct output:
2893.0
1307.0
---- user output:
1307.0
-- TEST CASE 4:
---- input:
123987.0
1000000.0
---- correct output:
991941.0
8059.0
---- user output:
8059.0
-- TEST CASE 5:
---- input:
1.2
70.00
---- correct output:
54.6
15.4
---- user output:
15.399999999999999
-- TEST CASE 6:
---- input:
20.0
400.0
---- correct output:
205.0
195.0
---- user output:
195.0
-- GRADE:
0%
*-*-*-*-*-*-*-*-*-*-*-*-*-*-*-*-*-*-*-*-*-*-*-*
== SUBMISSION (2025-09-01 06:20:47)
-- CODE: 
# Este código é apenas um ESBOÇO da solução.
# Modifique-o para atender as especificações do enunciado.

# Leitura das entradas e conversao para float:
richard = float(input())
karla = float(input())

# Calculo do valor a ser pago, incluindo o frete:
total = richard * 8 + 45
saldo = karla - (richard * 8 + 45)

# Impressao do valor total e do saldo:
print(total)
print(saldo)
-- EXECUTION TIME: 
0.01
-- TEST CASE 1:
---- input:
100.0
900.0
---- correct output:
845.0
55.0
---- user output:
55.0
-- TEST CASE 2:
---- input:
33.0
310.0
---- correct output:
309.0
1.0
---- user output:
1.0
-- TEST CASE 3:
---- input:
356.0
4200.00
---- correct output:
2893.0
1307.0
---- user output:
1307.0
-- TEST CASE 4:
---- input:
123987.0
1000000.0
---- correct output:
991941.0
8059.0
---- user output:
8059.0
-- TEST CASE 5:
---- input:
1.2
70.00
---- correct output:
54.6
15.4
---- user output:
15.399999999999999
-- TEST CASE 6:
---- input:
20.0
400.0
---- correct output:
205.0
195.0
---- user output:
195.0
-- GRADE:
0%
*-*-*-*-*-*-*-*-*-*-*-*-*-*-*-*-*-*-*-*-*-*-*-*
