{"dateTime": "2025-08-20T14:13:28.015Z", "eventType": "blur", "fullPath": "/main.py"}
{"dateTime": "2025-08-20T14:13:30.516Z", "eventType": "focus", "fullPath": "/main.py"}
{"dateTime": "2025-08-20T14:13:30.518Z", "eventType": "select.pointer", "fullPath": "/main.py", "details": {"selection": {"from": 0, "to": 0}}}
{"dateTime": "2025-08-20T14:13:35.013Z", "eventType": "input.type", "fullPath": "/main.py", "details": {"fromA": 0, "toA": 0, "fromB": 0, "toB": 1, "inserted": ["X"]}}
{"dateTime": "2025-08-20T14:13:36.006Z", "eventType": "input", "fullPath": "/main.py", "details": {"fromA": 1, "toA": 1, "fromB": 1, "toB": 2, "inserted": ["", ""]}}
{"dateTime": "2025-08-20T14:13:36.350Z", "eventType": "window.blur", "fullPath": "/main.py"}
{"dateTime": "2025-08-20T14:13:38.902Z", "eventType": "input.type", "fullPath": "/main.py", "details": {"fromA": 2, "toA": 2, "fromB": 2, "toB": 3, "inserted": ["Y"]}}
{"dateTime": "2025-08-20T14:13:43.845Z", "eventType": "input.type", "fullPath": "/main.py", "details": {"fromA": 3, "toA": 3, "fromB": 3, "toB": 4, "inserted": ["+"]}}
{"dateTime": "2025-08-20T14:13:45.011Z", "eventType": "delete.backward", "fullPath": "/main.py", "details": {"fromA": 3, "toA": 4, "fromB": 3, "toB": 3, "inserted": [""]}}
{"dateTime": "2025-08-20T14:13:46.149Z", "eventType": "input.type", "fullPath": "/main.py", "details": {"fromA": 3, "toA": 3, "fromB": 3, "toB": 4, "inserted": ["+"]}}
{"dateTime": "2025-08-20T14:13:46.723Z", "eventType": "delete.backward", "fullPath": "/main.py", "details": {"fromA": 3, "toA": 4, "fromB": 3, "toB": 3, "inserted": [""]}}
{"dateTime": "2025-08-20T14:13:49.062Z", "eventType": "input.type", "fullPath": "/main.py", "details": {"fromA": 3, "toA": 3, "fromB": 3, "toB": 4, "inserted": ["="]}}
{"dateTime": "2025-08-20T14:13:51.667Z", "eventType": "delete.backward", "fullPath": "/main.py", "details": {"fromA": 3, "toA": 4, "fromB": 3, "toB": 3, "inserted": [""]}}
{"dateTime": "2025-08-20T14:13:52.102Z", "eventType": "input.type", "fullPath": "/main.py", "details": {"fromA": 3, "toA": 3, "fromB": 3, "toB": 4, "inserted": [" "]}}
{"dateTime": "2025-08-20T14:13:52.628Z", "eventType": "window.focus", "fullPath": "/main.py"}
{"dateTime": "2025-08-20T14:13:53.189Z", "eventType": "input.type", "fullPath": "/main.py", "details": {"fromA": 4, "toA": 4, "fromB": 4, "toB": 5, "inserted": ["="]}}
{"dateTime": "2025-08-20T14:13:55.478Z", "eventType": "window.blur", "fullPath": "/main.py"}
{"dateTime": "2025-08-20T14:13:57.237Z", "eventType": "select.pointer", "fullPath": "/main.py", "details": {"selection": {"from": 1, "to": 1}}}
{"dateTime": "2025-08-20T14:13:58.133Z", "eventType": "input.type", "fullPath": "/main.py", "details": {"fromA": 1, "toA": 1, "fromB": 1, "toB": 2, "inserted": [" "]}}
{"dateTime": "2025-08-20T14:13:58.582Z", "eventType": "input.type", "fullPath": "/main.py", "details": {"fromA": 2, "toA": 2, "fromB": 2, "toB": 3, "inserted": ["="]}}
{"dateTime": "2025-08-20T14:13:59.749Z", "eventType": "input.type", "fullPath": "/main.py", "details": {"fromA": 3, "toA": 3, "fromB": 3, "toB": 4, "inserted": [" "]}}
{"dateTime": "2025-08-20T14:14:02.531Z", "eventType": "delete.backward", "fullPath": "/main.py", "details": {"fromA": 3, "toA": 4, "fromB": 3, "toB": 3, "inserted": [""]}}
{"dateTime": "2025-08-20T14:14:03.116Z", "eventType": "window.focus", "fullPath": "/main.py"}
{"dateTime": "2025-08-20T14:14:03.621Z", "eventType": "input.type", "fullPath": "/main.py", "details": {"fromA": 3, "toA": 3, "fromB": 3, "toB": 4, "inserted": ["i"]}}
{"dateTime": "2025-08-20T14:14:04.454Z", "eventType": "focus", "fullPath": "/main.py"}
{"dateTime": "2025-08-20T14:14:04.455Z", "eventType": "select.pointer", "fullPath": "/main.py", "details": {"selection": {"from": 85, "to": 85}}}
{"dateTime": "2025-08-20T14:14:04.997Z", "eventType": "delete.backward", "fullPath": "/main.py", "details": {"fromA": 3, "toA": 4, "fromB": 3, "toB": 3, "inserted": [""]}}
{"dateTime": "2025-08-20T14:14:05.381Z", "eventType": "input.type", "fullPath": "/main.py", "details": {"fromA": 3, "toA": 3, "fromB": 3, "toB": 4, "inserted": [" "]}}
{"dateTime": "2025-08-20T14:14:05.788Z", "eventType": "input", "fullPath": "/main.py", "details": {"fromA": 85, "toA": 85, "fromB": 85, "toB": 86, "inserted": ["", ""]}}
{"dateTime": "2025-08-20T14:14:06.142Z", "eventType": "input", "fullPath": "/main.py", "details": {"fromA": 86, "toA": 86, "fromB": 86, "toB": 87, "inserted": ["", ""]}}
{"dateTime": "2025-08-20T14:14:06.492Z", "eventType": "input", "fullPath": "/main.py", "details": {"fromA": 87, "toA": 87, "fromB": 87, "toB": 88, "inserted": ["", ""]}}
{"dateTime": "2025-08-20T14:14:06.862Z", "eventType": "input", "fullPath": "/main.py", "details": {"fromA": 88, "toA": 88, "fromB": 88, "toB": 89, "inserted": ["", ""]}}
{"dateTime": "2025-08-20T14:14:08.677Z", "eventType": "input.type", "fullPath": "/main.py", "details": {"fromA": 4, "toA": 4, "fromB": 4, "toB": 5, "inserted": ["i"]}}
{"dateTime": "2025-08-20T14:14:08.928Z", "eventType": "input.type", "fullPath": "/main.py", "details": {"fromA": 5, "toA": 5, "fromB": 5, "toB": 6, "inserted": ["n"]}}
{"dateTime": "2025-08-20T14:14:09.054Z", "eventType": "input.type", "fullPath": "/main.py", "details": {"fromA": 6, "toA": 6, "fromB": 6, "toB": 7, "inserted": ["t"]}}
{"dateTime": "2025-08-20T14:14:10.118Z", "eventType": "blur", "fullPath": "/main.py"}
{"dateTime": "2025-08-20T14:14:10.119Z", "eventType": "window.blur", "fullPath": "/main.py"}
{"dateTime": "2025-08-20T14:14:10.853Z", "eventType": "input.type", "fullPath": "/main.py", "details": {"fromA": 7, "toA": 7, "fromB": 7, "toB": 9, "inserted": ["()"]}}
{"dateTime": "2025-08-20T14:14:13.952Z", "eventType": "input.type", "fullPath": "/main.py", "details": {"fromA": 8, "toA": 8, "fromB": 8, "toB": 9, "inserted": ["i"]}}
{"dateTime": "2025-08-20T14:14:14.129Z", "eventType": "input.type", "fullPath": "/main.py", "details": {"fromA": 9, "toA": 9, "fromB": 9, "toB": 10, "inserted": ["n"]}}
{"dateTime": "2025-08-20T14:14:15.877Z", "eventType": "input.type", "fullPath": "/main.py", "details": {"fromA": 10, "toA": 10, "fromB": 10, "toB": 11, "inserted": ["p"]}}
{"dateTime": "2025-08-20T14:14:15.992Z", "eventType": "input.type", "fullPath": "/main.py", "details": {"fromA": 11, "toA": 11, "fromB": 11, "toB": 12, "inserted": ["u"]}}
{"dateTime": "2025-08-20T14:14:16.469Z", "eventType": "input.type", "fullPath": "/main.py", "details": {"fromA": 12, "toA": 12, "fromB": 12, "toB": 13, "inserted": ["t"]}}
{"dateTime": "2025-08-20T14:14:17.183Z", "eventType": "focus", "fullPath": "/main.py"}
{"dateTime": "2025-08-20T14:14:17.909Z", "eventType": "select.pointer", "fullPath": "/main.py", "details": {"selection": {"from": 18, "to": 18}}}
{"dateTime": "2025-08-20T14:14:18.836Z", "eventType": "input.type", "fullPath": "/main.py", "details": {"fromA": 18, "toA": 18, "fromB": 18, "toB": 19, "inserted": [" "]}}
{"dateTime": "2025-08-20T14:14:19.180Z", "eventType": "input", "fullPath": "/main.py", "details": {"fromA": 89, "toA": 89, "fromB": 89, "toB": 90, "inserted": ["", ""]}}
{"dateTime": "2025-08-20T14:14:19.749Z", "eventType": "input.type", "fullPath": "/main.py", "details": {"fromA": 19, "toA": 19, "fromB": 19, "toB": 20, "inserted": ["i"]}}
{"dateTime": "2025-08-20T14:14:19.904Z", "eventType": "input.type", "fullPath": "/main.py", "details": {"fromA": 20, "toA": 20, "fromB": 20, "toB": 21, "inserted": ["n"]}}
{"dateTime": "2025-08-20T14:14:20.118Z", "eventType": "input.type", "fullPath": "/main.py", "details": {"fromA": 21, "toA": 21, "fromB": 21, "toB": 22, "inserted": ["t"]}}
{"dateTime": "2025-08-20T14:14:20.492Z", "eventType": "select.pointer", "fullPath": "/main.py", "details": {"selection": {"from": 87, "to": 87}}}
{"dateTime": "2025-08-20T14:14:21.144Z", "eventType": "input.type", "fullPath": "/main.py", "details": {"fromA": 22, "toA": 22, "fromB": 22, "toB": 24, "inserted": ["()"]}}
{"dateTime": "2025-08-20T14:14:21.324Z", "eventType": "select.pointer", "fullPath": "/main.py", "details": {"selection": {"from": 86, "to": 86}}}
{"dateTime": "2025-08-20T14:14:21.893Z", "eventType": "input.type", "fullPath": "/main.py", "details": {"fromA": 23, "toA": 23, "fromB": 23, "toB": 24, "inserted": ["i"]}}
{"dateTime": "2025-08-20T14:14:22.096Z", "eventType": "input.type", "fullPath": "/main.py", "details": {"fromA": 24, "toA": 24, "fromB": 24, "toB": 25, "inserted": ["n"]}}
{"dateTime": "2025-08-20T14:14:22.329Z", "eventType": "input.type", "fullPath": "/main.py", "details": {"fromA": 25, "toA": 25, "fromB": 25, "toB": 26, "inserted": ["p"]}}
{"dateTime": "2025-08-20T14:14:22.693Z", "eventType": "input.type", "fullPath": "/main.py", "details": {"fromA": 26, "toA": 26, "fromB": 26, "toB": 27, "inserted": ["u"]}}
{"dateTime": "2025-08-20T14:14:23.080Z", "eventType": "input.type", "fullPath": "/main.py", "details": {"fromA": 27, "toA": 27, "fromB": 27, "toB": 28, "inserted": ["t"]}}
{"dateTime": "2025-08-20T14:14:27.822Z", "eventType": "window.blur", "fullPath": "/main.py"}
{"dateTime": "2025-08-20T14:14:31.404Z", "eventType": "focus", "fullPath": "/main.py"}
{"dateTime": "2025-08-20T14:14:35.719Z", "eventType": "input.type", "fullPath": "/main.py", "details": {"fromA": 86, "toA": 86, "fromB": 86, "toB": 87, "inserted": ["p"]}}
{"dateTime": "2025-08-20T14:14:35.820Z", "eventType": "input.type", "fullPath": "/main.py", "details": {"fromA": 87, "toA": 87, "fromB": 87, "toB": 88, "inserted": ["r"]}}
{"dateTime": "2025-08-20T14:14:35.940Z", "eventType": "input.type", "fullPath": "/main.py", "details": {"fromA": 88, "toA": 88, "fromB": 88, "toB": 89, "inserted": ["i"]}}
{"dateTime": "2025-08-20T14:14:36.114Z", "eventType": "input.type", "fullPath": "/main.py", "details": {"fromA": 89, "toA": 89, "fromB": 89, "toB": 90, "inserted": ["n"]}}
{"dateTime": "2025-08-20T14:14:36.336Z", "eventType": "input.type", "fullPath": "/main.py", "details": {"fromA": 90, "toA": 90, "fromB": 90, "toB": 91, "inserted": ["t"]}}
{"dateTime": "2025-08-20T14:14:38.009Z", "eventType": "blur", "fullPath": "/main.py"}
{"dateTime": "2025-08-20T14:14:38.955Z", "eventType": "focus", "fullPath": "/main.py"}
{"dateTime": "2025-08-20T14:14:38.958Z", "eventType": "select.pointer", "fullPath": "/main.py", "details": {"selection": {"from": 92, "to": 92}}}
{"dateTime": "2025-08-20T14:14:40.460Z", "eventType": "input.type", "fullPath": "/main.py", "details": {"fromA": 92, "toA": 92, "fromB": 92, "toB": 93, "inserted": ["p"]}}
{"dateTime": "2025-08-20T14:14:40.633Z", "eventType": "input.type", "fullPath": "/main.py", "details": {"fromA": 93, "toA": 93, "fromB": 93, "toB": 94, "inserted": ["r"]}}
{"dateTime": "2025-08-20T14:14:40.776Z", "eventType": "input.type", "fullPath": "/main.py", "details": {"fromA": 94, "toA": 94, "fromB": 94, "toB": 95, "inserted": ["i"]}}
{"dateTime": "2025-08-20T14:14:41.010Z", "eventType": "input.type", "fullPath": "/main.py", "details": {"fromA": 95, "toA": 95, "fromB": 95, "toB": 96, "inserted": ["n"]}}
{"dateTime": "2025-08-20T14:14:41.279Z", "eventType": "input.type", "fullPath": "/main.py", "details": {"fromA": 96, "toA": 96, "fromB": 96, "toB": 97, "inserted": ["y"]}}
{"dateTime": "2025-08-20T14:14:42.086Z", "eventType": "select.pointer", "fullPath": "/main.py", "details": {"selection": {"from": 13, "to": 13}}}
{"dateTime": "2025-08-20T14:14:42.364Z", "eventType": "delete.backward", "fullPath": "/main.py", "details": {"fromA": 96, "toA": 97, "fromB": 96, "toB": 96, "inserted": [""]}}
{"dateTime": "2025-08-20T14:14:42.510Z", "eventType": "input.type", "fullPath": "/main.py", "details": {"fromA": 96, "toA": 96, "fromB": 96, "toB": 97, "inserted": ["t"]}}
{"dateTime": "2025-08-20T14:14:43.864Z", "eventType": "blur", "fullPath": "/main.py"}
{"dateTime": "2025-08-20T14:14:43.868Z", "eventType": "focus", "fullPath": "/main.py"}
{"dateTime": "2025-08-20T14:14:43.869Z", "eventType": "select", "fullPath": "/main.py", "details": {"selection": {"from": 100, "to": 100}}}
{"dateTime": "2025-08-20T14:14:44.486Z", "eventType": "select.pointer", "fullPath": "/main.py", "details": {"selection": {"from": 98, "to": 98}}}
{"dateTime": "2025-08-20T14:14:44.634Z", "eventType": "select.pointer", "fullPath": "/main.py", "details": {"selection": {"from": 98, "to": 99}}}
{"dateTime": "2025-08-20T14:14:44.901Z", "eventType": "input.type", "fullPath": "/main.py", "details": {"fromA": 13, "toA": 13, "fromB": 13, "toB": 15, "inserted": ["()"]}}
{"dateTime": "2025-08-20T14:14:46.288Z", "eventType": "blur", "fullPath": "/main.py"}
{"dateTime": "2025-08-20T14:14:46.292Z", "eventType": "focus", "fullPath": "/main.py"}
{"dateTime": "2025-08-20T14:14:46.296Z", "eventType": "select", "fullPath": "/main.py", "details": {"selection": {"from": 100, "to": 100}}}
{"dateTime": "2025-08-20T14:14:46.959Z", "eventType": "select.pointer", "fullPath": "/main.py", "details": {"selection": {"from": 98, "to": 98}}}
{"dateTime": "2025-08-20T14:14:48.808Z", "eventType": "input.type", "fullPath": "/main.py", "details": {"fromA": 98, "toA": 98, "fromB": 98, "toB": 99, "inserted": ["p"]}}
{"dateTime": "2025-08-20T14:14:48.941Z", "eventType": "input.type", "fullPath": "/main.py", "details": {"fromA": 99, "toA": 99, "fromB": 99, "toB": 100, "inserted": ["r"]}}
{"dateTime": "2025-08-20T14:14:49.106Z", "eventType": "input.type", "fullPath": "/main.py", "details": {"fromA": 100, "toA": 100, "fromB": 100, "toB": 101, "inserted": ["i"]}}
{"dateTime": "2025-08-20T14:14:49.326Z", "eventType": "input.type", "fullPath": "/main.py", "details": {"fromA": 101, "toA": 101, "fromB": 101, "toB": 102, "inserted": ["n"]}}
{"dateTime": "2025-08-20T14:14:49.804Z", "eventType": "input.type", "fullPath": "/main.py", "details": {"fromA": 102, "toA": 102, "fromB": 102, "toB": 103, "inserted": ["t"]}}
{"dateTime": "2025-08-20T14:14:51.285Z", "eventType": "input.type", "fullPath": "/main.py", "details": {"fromA": 14, "toA": 14, "fromB": 14, "toB": 16, "inserted": ["\"\""]}}
{"dateTime": "2025-08-20T14:14:51.728Z", "eventType": "blur", "fullPath": "/main.py"}
{"dateTime": "2025-08-20T14:14:51.731Z", "eventType": "focus", "fullPath": "/main.py"}
{"dateTime": "2025-08-20T14:14:51.732Z", "eventType": "select", "fullPath": "/main.py", "details": {"selection": {"from": 105, "to": 105}}}
{"dateTime": "2025-08-20T14:14:52.260Z", "eventType": "select.pointer", "fullPath": "/main.py", "details": {"selection": {"from": 104, "to": 104}}}
{"dateTime": "2025-08-20T14:14:53.484Z", "eventType": "input.type", "fullPath": "/main.py", "details": {"fromA": 104, "toA": 104, "fromB": 104, "toB": 105, "inserted": ["p"]}}
{"dateTime": "2025-08-20T14:14:53.610Z", "eventType": "input.type", "fullPath": "/main.py", "details": {"fromA": 105, "toA": 105, "fromB": 105, "toB": 106, "inserted": ["r"]}}
{"dateTime": "2025-08-20T14:14:53.745Z", "eventType": "input.type", "fullPath": "/main.py", "details": {"fromA": 106, "toA": 106, "fromB": 106, "toB": 107, "inserted": ["i"]}}
{"dateTime": "2025-08-20T14:14:54.012Z", "eventType": "input.type", "fullPath": "/main.py", "details": {"fromA": 107, "toA": 107, "fromB": 107, "toB": 108, "inserted": ["n"]}}
{"dateTime": "2025-08-20T14:14:54.088Z", "eventType": "input.type", "fullPath": "/main.py", "details": {"fromA": 108, "toA": 108, "fromB": 108, "toB": 109, "inserted": ["t"]}}
{"dateTime": "2025-08-20T14:14:54.436Z", "eventType": "input.type", "fullPath": "/main.py", "details": {"fromA": 15, "toA": 15, "fromB": 15, "toB": 16, "inserted": ["E"]}}
{"dateTime": "2025-08-20T14:14:55.256Z", "eventType": "blur", "fullPath": "/main.py"}
{"dateTime": "2025-08-20T14:14:56.799Z", "eventType": "focus", "fullPath": "/main.py"}
{"dateTime": "2025-08-20T14:14:56.803Z", "eventType": "select.pointer", "fullPath": "/main.py", "details": {"selection": {"from": 110, "to": 110}}}
{"dateTime": "2025-08-20T14:14:59.271Z", "eventType": "input.type", "fullPath": "/main.py", "details": {"fromA": 110, "toA": 110, "fromB": 110, "toB": 111, "inserted": ["p"]}}
{"dateTime": "2025-08-20T14:14:59.415Z", "eventType": "input.type", "fullPath": "/main.py", "details": {"fromA": 111, "toA": 111, "fromB": 111, "toB": 112, "inserted": ["r"]}}
{"dateTime": "2025-08-20T14:14:59.529Z", "eventType": "input.type", "fullPath": "/main.py", "details": {"fromA": 112, "toA": 112, "fromB": 112, "toB": 113, "inserted": ["i"]}}
{"dateTime": "2025-08-20T14:14:59.652Z", "eventType": "input.type", "fullPath": "/main.py", "details": {"fromA": 16, "toA": 16, "fromB": 16, "toB": 17, "inserted": ["n"]}}
{"dateTime": "2025-08-20T14:14:59.777Z", "eventType": "input.type", "fullPath": "/main.py", "details": {"fromA": 113, "toA": 113, "fromB": 113, "toB": 114, "inserted": ["n"]}}
{"dateTime": "2025-08-20T14:14:59.861Z", "eventType": "input.type", "fullPath": "/main.py", "details": {"fromA": 17, "toA": 17, "fromB": 17, "toB": 18, "inserted": ["t"]}}
{"dateTime": "2025-08-20T14:15:00.116Z", "eventType": "input.type", "fullPath": "/main.py", "details": {"fromA": 18, "toA": 18, "fromB": 18, "toB": 19, "inserted": ["r"]}}
{"dateTime": "2025-08-20T14:15:00.325Z", "eventType": "input.type", "fullPath": "/main.py", "details": {"fromA": 19, "toA": 19, "fromB": 19, "toB": 20, "inserted": ["e"]}}
{"dateTime": "2025-08-20T14:15:00.708Z", "eventType": "input.type", "fullPath": "/main.py", "details": {"fromA": 20, "toA": 20, "fromB": 20, "toB": 21, "inserted": [" "]}}
{"dateTime": "2025-08-20T14:15:01.183Z", "eventType": "input.type", "fullPath": "/main.py", "details": {"fromA": 21, "toA": 21, "fromB": 21, "toB": 22, "inserted": ["c"]}}
{"dateTime": "2025-08-20T14:15:01.284Z", "eventType": "input.type", "fullPath": "/main.py", "details": {"fromA": 22, "toA": 22, "fromB": 22, "toB": 23, "inserted": ["o"]}}
{"dateTime": "2025-08-20T14:15:01.589Z", "eventType": "input.type", "fullPath": "/main.py", "details": {"fromA": 23, "toA": 23, "fromB": 23, "toB": 24, "inserted": ["m"]}}
{"dateTime": "2025-08-20T14:15:01.740Z", "eventType": "input.type", "fullPath": "/main.py", "details": {"fromA": 114, "toA": 114, "fromB": 114, "toB": 115, "inserted": ["t"]}}
{"dateTime": "2025-08-20T14:15:01.892Z", "eventType": "input.type", "fullPath": "/main.py", "details": {"fromA": 24, "toA": 24, "fromB": 24, "toB": 25, "inserted": [" "]}}
{"dateTime": "2025-08-20T14:15:02.117Z", "eventType": "input.type", "fullPath": "/main.py", "details": {"fromA": 25, "toA": 25, "fromB": 25, "toB": 26, "inserted": ["o"]}}
{"dateTime": "2025-08-20T14:15:02.767Z", "eventType": "input.type", "fullPath": "/main.py", "details": {"fromA": 26, "toA": 26, "fromB": 26, "toB": 27, "inserted": [" "]}}
{"dateTime": "2025-08-20T14:15:02.964Z", "eventType": "input.type", "fullPath": "/main.py", "details": {"fromA": 27, "toA": 27, "fromB": 27, "toB": 28, "inserted": ["v"]}}
{"dateTime": "2025-08-20T14:15:03.157Z", "eventType": "input.type", "fullPath": "/main.py", "details": {"fromA": 28, "toA": 28, "fromB": 28, "toB": 29, "inserted": ["a"]}}
{"dateTime": "2025-08-20T14:15:03.349Z", "eventType": "input.type", "fullPath": "/main.py", "details": {"fromA": 29, "toA": 29, "fromB": 29, "toB": 30, "inserted": ["l"]}}
{"dateTime": "2025-08-20T14:15:03.541Z", "eventType": "input.type", "fullPath": "/main.py", "details": {"fromA": 30, "toA": 30, "fromB": 30, "toB": 31, "inserted": ["o"]}}
{"dateTime": "2025-08-20T14:15:03.748Z", "eventType": "input.type", "fullPath": "/main.py", "details": {"fromA": 31, "toA": 31, "fromB": 31, "toB": 32, "inserted": ["r"]}}
{"dateTime": "2025-08-20T14:15:04.028Z", "eventType": "delete.backward", "fullPath": "/main.py", "details": {"fromA": 114, "toA": 115, "fromB": 114, "toB": 114, "inserted": [""]}}
{"dateTime": "2025-08-20T14:15:04.375Z", "eventType": "delete.backward", "fullPath": "/main.py", "details": {"fromA": 113, "toA": 114, "fromB": 113, "toB": 113, "inserted": [""]}}
{"dateTime": "2025-08-20T14:15:04.636Z", "eventType": "delete.backward", "fullPath": "/main.py", "details": {"fromA": 112, "toA": 113, "fromB": 112, "toB": 112, "inserted": [""]}}
{"dateTime": "2025-08-20T14:15:07.143Z", "eventType": "input.type", "fullPath": "/main.py", "details": {"fromA": 112, "toA": 112, "fromB": 112, "toB": 113, "inserted": ["i"]}}
{"dateTime": "2025-08-20T14:15:07.351Z", "eventType": "input.type", "fullPath": "/main.py", "details": {"fromA": 113, "toA": 113, "fromB": 113, "toB": 114, "inserted": ["n"]}}
{"dateTime": "2025-08-20T14:15:07.381Z", "eventType": "input.type", "fullPath": "/main.py", "details": {"fromA": 32, "toA": 32, "fromB": 32, "toB": 33, "inserted": [" "]}}
{"dateTime": "2025-08-20T14:15:07.463Z", "eventType": "input.type", "fullPath": "/main.py", "details": {"fromA": 114, "toA": 114, "fromB": 114, "toB": 115, "inserted": ["t"]}}
{"dateTime": "2025-08-20T14:15:07.637Z", "eventType": "input.type", "fullPath": "/main.py", "details": {"fromA": 33, "toA": 33, "fromB": 33, "toB": 34, "inserted": ["e"]}}
{"dateTime": "2025-08-20T14:15:08.903Z", "eventType": "input.type", "fullPath": "/main.py", "details": {"fromA": 115, "toA": 115, "fromB": 115, "toB": 116, "inserted": [" "]}}
{"dateTime": "2025-08-20T14:15:08.916Z", "eventType": "input.type", "fullPath": "/main.py", "details": {"fromA": 34, "toA": 34, "fromB": 34, "toB": 35, "inserted": ["X"]}}
{"dateTime": "2025-08-20T14:15:09.971Z", "eventType": "delete.backward", "fullPath": "/main.py", "details": {"fromA": 34, "toA": 35, "fromB": 34, "toB": 34, "inserted": [""]}}
{"dateTime": "2025-08-20T14:15:10.196Z", "eventType": "input.type", "fullPath": "/main.py", "details": {"fromA": 34, "toA": 34, "fromB": 34, "toB": 35, "inserted": [" "]}}
{"dateTime": "2025-08-20T14:15:10.847Z", "eventType": "input.type", "fullPath": "/main.py", "details": {"fromA": 35, "toA": 35, "fromB": 35, "toB": 36, "inserted": ["X"]}}
{"dateTime": "2025-08-20T14:15:16.324Z", "eventType": "input.type", "fullPath": "/main.py", "details": {"fromA": 36, "toA": 36, "fromB": 36, "toB": 37, "inserted": [":"]}}
{"dateTime": "2025-08-20T14:15:19.983Z", "eventType": "input.type", "fullPath": "/main.py", "details": {"fromA": 37, "toA": 37, "fromB": 37, "toB": 38, "inserted": [" "]}}
{"dateTime": "2025-08-20T14:15:24.821Z", "eventType": "select.pointer", "fullPath": "/main.py", "details": {"selection": {"from": 55, "to": 55}}}
{"dateTime": "2025-08-20T14:15:27.558Z", "eventType": "input.type", "fullPath": "/main.py", "details": {"fromA": 55, "toA": 55, "fromB": 55, "toB": 57, "inserted": ["()"]}}
{"dateTime": "2025-08-20T14:15:29.204Z", "eventType": "input.type", "fullPath": "/main.py", "details": {"fromA": 56, "toA": 56, "fromB": 56, "toB": 58, "inserted": ["\"\""]}}
{"dateTime": "2025-08-20T14:15:30.612Z", "eventType": "input.type", "fullPath": "/main.py", "details": {"fromA": 57, "toA": 57, "fromB": 57, "toB": 58, "inserted": ["E"]}}
{"dateTime": "2025-08-20T14:15:31.668Z", "eventType": "input.type", "fullPath": "/main.py", "details": {"fromA": 58, "toA": 58, "fromB": 58, "toB": 59, "inserted": ["n"]}}
{"dateTime": "2025-08-20T14:15:31.844Z", "eventType": "input.type", "fullPath": "/main.py", "details": {"fromA": 59, "toA": 59, "fromB": 59, "toB": 60, "inserted": ["t"]}}
{"dateTime": "2025-08-20T14:15:31.989Z", "eventType": "input.type", "fullPath": "/main.py", "details": {"fromA": 60, "toA": 60, "fromB": 60, "toB": 61, "inserted": ["r"]}}
{"dateTime": "2025-08-20T14:15:32.260Z", "eventType": "input.type", "fullPath": "/main.py", "details": {"fromA": 61, "toA": 61, "fromB": 61, "toB": 62, "inserted": ["e"]}}
{"dateTime": "2025-08-20T14:15:32.597Z", "eventType": "input.type", "fullPath": "/main.py", "details": {"fromA": 62, "toA": 62, "fromB": 62, "toB": 63, "inserted": [" "]}}
{"dateTime": "2025-08-20T14:15:34.164Z", "eventType": "input.type", "fullPath": "/main.py", "details": {"fromA": 63, "toA": 63, "fromB": 63, "toB": 64, "inserted": ["c"]}}
{"dateTime": "2025-08-20T14:15:34.291Z", "eventType": "input.type", "fullPath": "/main.py", "details": {"fromA": 64, "toA": 64, "fromB": 64, "toB": 65, "inserted": ["o"]}}
{"dateTime": "2025-08-20T14:15:34.498Z", "eventType": "input.type", "fullPath": "/main.py", "details": {"fromA": 65, "toA": 65, "fromB": 65, "toB": 66, "inserted": ["m"]}}
{"dateTime": "2025-08-20T14:15:34.729Z", "eventType": "input.type", "fullPath": "/main.py", "details": {"fromA": 66, "toA": 66, "fromB": 66, "toB": 67, "inserted": [" "]}}
{"dateTime": "2025-08-20T14:15:34.933Z", "eventType": "input.type", "fullPath": "/main.py", "details": {"fromA": 67, "toA": 67, "fromB": 67, "toB": 68, "inserted": ["o"]}}
{"dateTime": "2025-08-20T14:15:35.252Z", "eventType": "input.type", "fullPath": "/main.py", "details": {"fromA": 68, "toA": 68, "fromB": 68, "toB": 69, "inserted": [" "]}}
{"dateTime": "2025-08-20T14:15:35.684Z", "eventType": "input.type", "fullPath": "/main.py", "details": {"fromA": 69, "toA": 69, "fromB": 69, "toB": 70, "inserted": ["v"]}}
{"dateTime": "2025-08-20T14:15:36.021Z", "eventType": "input.type", "fullPath": "/main.py", "details": {"fromA": 70, "toA": 70, "fromB": 70, "toB": 71, "inserted": ["a"]}}
{"dateTime": "2025-08-20T14:15:36.164Z", "eventType": "input.type", "fullPath": "/main.py", "details": {"fromA": 71, "toA": 71, "fromB": 71, "toB": 72, "inserted": ["l"]}}
{"dateTime": "2025-08-20T14:15:36.420Z", "eventType": "input.type", "fullPath": "/main.py", "details": {"fromA": 72, "toA": 72, "fromB": 72, "toB": 73, "inserted": ["o"]}}
{"dateTime": "2025-08-20T14:15:36.789Z", "eventType": "input.type", "fullPath": "/main.py", "details": {"fromA": 73, "toA": 73, "fromB": 73, "toB": 74, "inserted": ["r"]}}
{"dateTime": "2025-08-20T14:15:37.060Z", "eventType": "input.type", "fullPath": "/main.py", "details": {"fromA": 74, "toA": 74, "fromB": 74, "toB": 75, "inserted": [" "]}}
{"dateTime": "2025-08-20T14:15:40.052Z", "eventType": "input.type", "fullPath": "/main.py", "details": {"fromA": 75, "toA": 75, "fromB": 75, "toB": 76, "inserted": ["d"]}}
{"dateTime": "2025-08-20T14:15:40.228Z", "eventType": "input.type", "fullPath": "/main.py", "details": {"fromA": 76, "toA": 76, "fromB": 76, "toB": 77, "inserted": ["e"]}}
{"dateTime": "2025-08-20T14:15:41.864Z", "eventType": "select.pointer", "fullPath": "/main.py", "details": {"selection": {"from": 33, "to": 33}}}
{"dateTime": "2025-08-20T14:15:42.281Z", "eventType": "blur", "fullPath": "/main.py"}
{"dateTime": "2025-08-20T14:15:42.282Z", "eventType": "window.blur", "fullPath": "/main.py"}
{"dateTime": "2025-08-20T14:15:43.360Z", "eventType": "input.type", "fullPath": "/main.py", "details": {"fromA": 33, "toA": 33, "fromB": 33, "toB": 34, "inserted": ["d"]}}
{"dateTime": "2025-08-20T14:15:45.029Z", "eventType": "select.pointer", "fullPath": "/main.py", "details": {"selection": {"from": 78, "to": 78}}}
{"dateTime": "2025-08-20T14:15:45.265Z", "eventType": "window.focus", "fullPath": "/main.py"}
{"dateTime": "2025-08-20T14:15:45.266Z", "eventType": "focus", "fullPath": "/main.py"}
{"dateTime": "2025-08-20T14:15:46.036Z", "eventType": "input.type", "fullPath": "/main.py", "details": {"fromA": 78, "toA": 78, "fromB": 78, "toB": 79, "inserted": [" "]}}
{"dateTime": "2025-08-20T14:15:46.565Z", "eventType": "select.pointer", "fullPath": "/main.py", "details": {"selection": {"from": 91, "to": 91}}}
{"dateTime": "2025-08-20T14:15:46.580Z", "eventType": "input.type", "fullPath": "/main.py", "details": {"fromA": 79, "toA": 79, "fromB": 79, "toB": 80, "inserted": ["Y"]}}
{"dateTime": "2025-08-20T14:15:47.685Z", "eventType": "blur", "fullPath": "/main.py"}
{"dateTime": "2025-08-20T14:15:47.686Z", "eventType": "window.blur", "fullPath": "/main.py"}
{"dateTime": "2025-08-20T14:15:48.915Z", "eventType": "window.focus", "fullPath": "/main.py"}
{"dateTime": "2025-08-20T14:15:48.916Z", "eventType": "focus", "fullPath": "/main.py"}
{"dateTime": "2025-08-20T14:15:50.212Z", "eventType": "input.type", "fullPath": "/main.py", "details": {"fromA": 80, "toA": 80, "fromB": 80, "toB": 81, "inserted": [":"]}}
{"dateTime": "2025-08-20T14:15:50.996Z", "eventType": "input.type", "fullPath": "/main.py", "details": {"fromA": 81, "toA": 81, "fromB": 81, "toB": 82, "inserted": [" "]}}
{"dateTime": "2025-08-20T14:15:51.211Z", "eventType": "input.type", "fullPath": "/main.py", "details": {"fromA": 91, "toA": 91, "fromB": 91, "toB": 93, "inserted": ["()"]}}
{"dateTime": "2025-08-20T14:15:54.380Z", "eventType": "select.pointer", "fullPath": "/main.py", "details": {"selection": {"from": 105, "to": 105}}}
{"dateTime": "2025-08-20T14:15:55.788Z", "eventType": "select.pointer", "fullPath": "/main.py", "details": {"selection": {"from": 99, "to": 99}}}
{"dateTime": "2025-08-20T14:15:57.996Z", "eventType": "input.type", "fullPath": "/main.py", "details": {"fromA": 99, "toA": 99, "fromB": 99, "toB": 101, "inserted": ["()"]}}
{"dateTime": "2025-08-20T14:15:59.396Z", "eventType": "select.pointer", "fullPath": "/main.py", "details": {"selection": {"from": 113, "to": 113}}}
{"dateTime": "2025-08-20T14:16:01.116Z", "eventType": "select.pointer", "fullPath": "/main.py", "details": {"selection": {"from": 107, "to": 107}}}
{"dateTime": "2025-08-20T14:16:02.267Z", "eventType": "input.type", "fullPath": "/main.py", "details": {"fromA": 107, "toA": 107, "fromB": 107, "toB": 109, "inserted": ["()"]}}
{"dateTime": "2025-08-20T14:16:03.836Z", "eventType": "select.pointer", "fullPath": "/main.py", "details": {"selection": {"from": 115, "to": 115}}}
{"dateTime": "2025-08-20T14:16:04.877Z", "eventType": "input.type", "fullPath": "/main.py", "details": {"fromA": 115, "toA": 115, "fromB": 115, "toB": 117, "inserted": ["()"]}}
{"dateTime": "2025-08-20T14:16:06.734Z", "eventType": "select.pointer", "fullPath": "/main.py", "details": {"selection": {"from": 124, "to": 124}}}
{"dateTime": "2025-08-20T14:16:07.915Z", "eventType": "input.type", "fullPath": "/main.py", "details": {"fromA": 124, "toA": 124, "fromB": 124, "toB": 126, "inserted": ["()"]}}
{"dateTime": "2025-08-20T14:16:09.945Z", "eventType": "delete.backward", "fullPath": "/main.py", "details": {"fromA": 124, "toA": 126, "fromB": 124, "toB": 124, "inserted": [""]}}
{"dateTime": "2025-08-20T14:16:10.444Z", "eventType": "delete.backward", "fullPath": "/main.py", "details": {"fromA": 123, "toA": 124, "fromB": 123, "toB": 123, "inserted": [""]}}
{"dateTime": "2025-08-20T14:16:12.347Z", "eventType": "input.type", "fullPath": "/main.py", "details": {"fromA": 123, "toA": 123, "fromB": 123, "toB": 125, "inserted": ["()"]}}
{"dateTime": "2025-08-20T14:16:21.233Z", "eventType": "blur", "fullPath": "/main.py"}
{"dateTime": "2025-08-20T14:16:21.235Z", "eventType": "window.blur", "fullPath": "/main.py"}
{"dateTime": "2025-08-20T14:16:26.123Z", "eventType": "window.focus", "fullPath": "/main.py"}
{"dateTime": "2025-08-20T14:16:26.124Z", "eventType": "focus", "fullPath": "/main.py"}
{"dateTime": "2025-08-20T14:16:27.487Z", "eventType": "select.pointer", "fullPath": "/main.py", "details": {"selection": {"from": 92, "to": 92}}}
{"dateTime": "2025-08-20T14:16:27.614Z", "eventType": "select.pointer", "fullPath": "/main.py", "details": {"selection": {"from": 92, "to": 93}}}
{"dateTime": "2025-08-20T14:16:29.211Z", "eventType": "select.pointer", "fullPath": "/main.py", "details": {"selection": {"from": 91, "to": 91}}}
{"dateTime": "2025-08-20T14:16:30.074Z", "eventType": "select.pointer", "fullPath": "/main.py", "details": {"selection": {"from": 92, "to": 92}}}
{"dateTime": "2025-08-20T14:16:32.846Z", "eventType": "input.type", "fullPath": "/main.py", "details": {"fromA": 92, "toA": 92, "fromB": 92, "toB": 93, "inserted": ["X"]}}
{"dateTime": "2025-08-20T14:16:34.091Z", "eventType": "input.type", "fullPath": "/main.py", "details": {"fromA": 93, "toA": 93, "fromB": 93, "toB": 94, "inserted": ["+"]}}
{"dateTime": "2025-08-20T14:16:35.350Z", "eventType": "input.type", "fullPath": "/main.py", "details": {"fromA": 94, "toA": 94, "fromB": 94, "toB": 95, "inserted": ["Y"]}}
{"dateTime": "2025-08-20T14:16:38.883Z", "eventType": "select.pointer", "fullPath": "/main.py", "details": {"selection": {"from": 103, "to": 103}}}
{"dateTime": "2025-08-20T14:16:41.691Z", "eventType": "input.type", "fullPath": "/main.py", "details": {"fromA": 103, "toA": 103, "fromB": 103, "toB": 104, "inserted": ["X"]}}
{"dateTime": "2025-08-20T14:16:44.012Z", "eventType": "input.type", "fullPath": "/main.py", "details": {"fromA": 104, "toA": 104, "fromB": 104, "toB": 105, "inserted": ["-"]}}
{"dateTime": "2025-08-20T14:16:45.629Z", "eventType": "input.type", "fullPath": "/main.py", "details": {"fromA": 105, "toA": 105, "fromB": 105, "toB": 106, "inserted": ["Y"]}}
{"dateTime": "2025-08-20T14:16:48.491Z", "eventType": "select.pointer", "fullPath": "/main.py", "details": {"selection": {"from": 114, "to": 114}}}
{"dateTime": "2025-08-20T14:16:54.907Z", "eventType": "input.type", "fullPath": "/main.py", "details": {"fromA": 114, "toA": 114, "fromB": 114, "toB": 115, "inserted": ["X"]}}
{"dateTime": "2025-08-20T14:16:57.958Z", "eventType": "input.type", "fullPath": "/main.py", "details": {"fromA": 115, "toA": 115, "fromB": 115, "toB": 116, "inserted": ["*"]}}
{"dateTime": "2025-08-20T14:16:59.341Z", "eventType": "input.type", "fullPath": "/main.py", "details": {"fromA": 116, "toA": 116, "fromB": 116, "toB": 117, "inserted": ["Y"]}}
{"dateTime": "2025-08-20T14:17:00.979Z", "eventType": "select.pointer", "fullPath": "/main.py", "details": {"selection": {"from": 125, "to": 125}}}
{"dateTime": "2025-08-20T14:17:24.923Z", "eventType": "input.type", "fullPath": "/main.py", "details": {"fromA": 125, "toA": 125, "fromB": 125, "toB": 126, "inserted": ["X"]}}
{"dateTime": "2025-08-20T14:17:31.851Z", "eventType": "input.type", "fullPath": "/main.py", "details": {"fromA": 126, "toA": 126, "fromB": 126, "toB": 127, "inserted": ["?"]}}
{"dateTime": "2025-08-20T14:17:32.906Z", "eventType": "delete.backward", "fullPath": "/main.py", "details": {"fromA": 126, "toA": 127, "fromB": 126, "toB": 126, "inserted": [""]}}
{"dateTime": "2025-08-20T14:17:33.308Z", "eventType": "input.type", "fullPath": "/main.py", "details": {"fromA": 126, "toA": 126, "fromB": 126, "toB": 127, "inserted": ["/"]}}
{"dateTime": "2025-08-20T14:17:35.035Z", "eventType": "input.type", "fullPath": "/main.py", "details": {"fromA": 127, "toA": 127, "fromB": 127, "toB": 128, "inserted": ["Y"]}}
{"dateTime": "2025-08-20T14:17:38.499Z", "eventType": "select.pointer", "fullPath": "/main.py", "details": {"selection": {"from": 136, "to": 136}}}
{"dateTime": "2025-08-20T14:17:44.956Z", "eventType": "input.type", "fullPath": "/main.py", "details": {"fromA": 136, "toA": 136, "fromB": 136, "toB": 137, "inserted": ["X"]}}
{"dateTime": "2025-08-20T14:17:48.598Z", "eventType": "input.type", "fullPath": "/main.py", "details": {"fromA": 137, "toA": 137, "fromB": 137, "toB": 138, "inserted": ["/"]}}
{"dateTime": "2025-08-20T14:17:48.764Z", "eventType": "input.type", "fullPath": "/main.py", "details": {"fromA": 138, "toA": 138, "fromB": 138, "toB": 139, "inserted": ["/"]}}
{"dateTime": "2025-08-20T14:17:50.010Z", "eventType": "input.type", "fullPath": "/main.py", "details": {"fromA": 139, "toA": 139, "fromB": 139, "toB": 140, "inserted": ["Y"]}}
{"dateTime": "2025-08-20T14:17:53.818Z", "eventType": "input.complete", "fullPath": "/main.py", "details": {"fromA": 139, "toA": 140, "fromB": 139, "toB": 140, "inserted": ["Y"]}}
{"dateTime": "2025-08-20T14:17:56.234Z", "eventType": "select.pointer", "fullPath": "/main.py", "details": {"selection": {"from": 141, "to": 141}}}
{"dateTime": "2025-08-20T14:17:57.495Z", "eventType": "input", "fullPath": "/main.py", "details": {"fromA": 141, "toA": 141, "fromB": 141, "toB": 142, "inserted": ["", ""]}}
{"dateTime": "2025-08-20T14:17:57.659Z", "eventType": "input", "fullPath": "/main.py", "details": {"fromA": 142, "toA": 142, "fromB": 142, "toB": 143, "inserted": ["", ""]}}
{"dateTime": "2025-08-20T14:17:59.483Z", "eventType": "select.pointer", "fullPath": "/main.py", "details": {"selection": {"from": 142, "to": 142}}}
{"dateTime": "2025-08-20T14:18:01.530Z", "eventType": "input.type", "fullPath": "/main.py", "details": {"fromA": 142, "toA": 142, "fromB": 142, "toB": 143, "inserted": ["p"]}}
{"dateTime": "2025-08-20T14:18:03.450Z", "eventType": "input.type", "fullPath": "/main.py", "details": {"fromA": 143, "toA": 143, "fromB": 143, "toB": 144, "inserted": ["r"]}}
{"dateTime": "2025-08-20T14:18:03.527Z", "eventType": "input.type", "fullPath": "/main.py", "details": {"fromA": 144, "toA": 144, "fromB": 144, "toB": 145, "inserted": ["i"]}}
{"dateTime": "2025-08-20T14:18:03.746Z", "eventType": "input.type", "fullPath": "/main.py", "details": {"fromA": 145, "toA": 145, "fromB": 145, "toB": 146, "inserted": ["n"]}}
{"dateTime": "2025-08-20T14:18:03.849Z", "eventType": "input.type", "fullPath": "/main.py", "details": {"fromA": 146, "toA": 146, "fromB": 146, "toB": 147, "inserted": ["t"]}}
{"dateTime": "2025-08-20T14:18:05.753Z", "eventType": "input.type", "fullPath": "/main.py", "details": {"fromA": 147, "toA": 147, "fromB": 147, "toB": 149, "inserted": ["()"]}}
{"dateTime": "2025-08-20T14:18:08.387Z", "eventType": "select.pointer", "fullPath": "/main.py", "details": {"selection": {"from": 150, "to": 150}}}
{"dateTime": "2025-08-20T14:18:10.218Z", "eventType": "input.type", "fullPath": "/main.py", "details": {"fromA": 150, "toA": 150, "fromB": 150, "toB": 151, "inserted": ["p"]}}
{"dateTime": "2025-08-20T14:18:10.303Z", "eventType": "input.type", "fullPath": "/main.py", "details": {"fromA": 151, "toA": 151, "fromB": 151, "toB": 152, "inserted": ["r"]}}
{"dateTime": "2025-08-20T14:18:10.472Z", "eventType": "input.type", "fullPath": "/main.py", "details": {"fromA": 152, "toA": 152, "fromB": 152, "toB": 153, "inserted": ["i"]}}
{"dateTime": "2025-08-20T14:18:11.483Z", "eventType": "input.type", "fullPath": "/main.py", "details": {"fromA": 153, "toA": 153, "fromB": 153, "toB": 154, "inserted": ["n"]}}
{"dateTime": "2025-08-20T14:18:11.597Z", "eventType": "input.type", "fullPath": "/main.py", "details": {"fromA": 154, "toA": 154, "fromB": 154, "toB": 155, "inserted": ["t"]}}
{"dateTime": "2025-08-20T14:18:13.195Z", "eventType": "input.type", "fullPath": "/main.py", "details": {"fromA": 155, "toA": 155, "fromB": 155, "toB": 157, "inserted": ["()"]}}
{"dateTime": "2025-08-20T14:18:16.346Z", "eventType": "input.type", "fullPath": "/main.py", "details": {"fromA": 156, "toA": 156, "fromB": 156, "toB": 157, "inserted": ["X"]}}
{"dateTime": "2025-08-20T14:18:18.794Z", "eventType": "input.type", "fullPath": "/main.py", "details": {"fromA": 157, "toA": 157, "fromB": 157, "toB": 158, "inserted": ["*"]}}
{"dateTime": "2025-08-20T14:18:18.940Z", "eventType": "input.type", "fullPath": "/main.py", "details": {"fromA": 158, "toA": 158, "fromB": 158, "toB": 159, "inserted": ["*"]}}
{"dateTime": "2025-08-20T14:18:19.786Z", "eventType": "input.type", "fullPath": "/main.py", "details": {"fromA": 159, "toA": 159, "fromB": 159, "toB": 160, "inserted": ["Y"]}}
{"dateTime": "2025-08-20T14:18:22.675Z", "eventType": "select.pointer", "fullPath": "/main.py", "details": {"selection": {"from": 148, "to": 148}}}
{"dateTime": "2025-08-20T14:18:24.074Z", "eventType": "input.type", "fullPath": "/main.py", "details": {"fromA": 148, "toA": 148, "fromB": 148, "toB": 149, "inserted": ["X"]}}
{"dateTime": "2025-08-20T14:18:26.791Z", "eventType": "input.type", "fullPath": "/main.py", "details": {"fromA": 149, "toA": 149, "fromB": 149, "toB": 150, "inserted": ["%"]}}
{"dateTime": "2025-08-20T14:18:29.723Z", "eventType": "input.type", "fullPath": "/main.py", "details": {"fromA": 150, "toA": 150, "fromB": 150, "toB": 151, "inserted": ["Y"]}}
{"dateTime": "2025-08-20T14:18:32.070Z", "eventType": "blur", "fullPath": "/main.py"}
{"dateTime": "2025-08-20T14:18:32.075Z", "eventType": "focus", "fullPath": "/main.py"}
{"dateTime": "2025-08-20T14:18:32.083Z", "eventType": "select", "fullPath": "/main.py", "details": {"selection": {"from": 164, "to": 164}}}
{"dateTime": "2025-08-20T14:18:34.324Z", "eventType": "blur", "fullPath": "/main.py"}
{"dateTime": "2025-08-20T14:18:34.702Z", "eventType": "run", "details": {"commit": "ac6ac8bb62731ef055a57bc4e222d77ace2b1c05"}}
{"dateTime": "2025-08-20T14:18:54.437Z", "eventType": "submission", "details": {"correctness": 0, "commit": "ac6ac8bb62731ef055a57bc4e222d77ace2b1c05", "executionTime": 0.01}}
{"dateTime": "2025-08-20T14:19:10.755Z", "eventType": "focus", "fullPath": "/main.py"}
{"dateTime": "2025-08-20T14:19:10.765Z", "eventType": "select.pointer", "fullPath": "/main.py", "details": {"selection": {"from": 152, "to": 152}}}
{"dateTime": "2025-08-20T14:19:13.090Z", "eventType": "select.pointer", "fullPath": "/main.py", "details": {"selection": {"from": 164, "to": 164}}}
{"dateTime": "2025-08-20T14:19:18.699Z", "eventType": "delete.backward", "fullPath": "/main.py", "details": {"fromA": 163, "toA": 164, "fromB": 163, "toB": 163, "inserted": [""]}}
{"dateTime": "2025-08-20T14:19:19.197Z", "eventType": "delete.backward", "fullPath": "/main.py", "details": {"fromA": 162, "toA": 163, "fromB": 162, "toB": 162, "inserted": [""]}}
{"dateTime": "2025-08-20T14:19:19.244Z", "eventType": "delete.backward", "fullPath": "/main.py", "details": {"fromA": 161, "toA": 162, "fromB": 161, "toB": 161, "inserted": [""]}}
{"dateTime": "2025-08-20T14:19:19.294Z", "eventType": "delete.backward", "fullPath": "/main.py", "details": {"fromA": 160, "toA": 161, "fromB": 160, "toB": 160, "inserted": [""]}}
{"dateTime": "2025-08-20T14:19:19.346Z", "eventType": "delete.backward", "fullPath": "/main.py", "details": {"fromA": 159, "toA": 160, "fromB": 159, "toB": 159, "inserted": [""]}}
{"dateTime": "2025-08-20T14:19:19.394Z", "eventType": "delete.backward", "fullPath": "/main.py", "details": {"fromA": 158, "toA": 159, "fromB": 158, "toB": 158, "inserted": [""]}}
{"dateTime": "2025-08-20T14:19:19.549Z", "eventType": "delete.backward", "fullPath": "/main.py", "details": {"fromA": 157, "toA": 158, "fromB": 157, "toB": 157, "inserted": [""]}}
{"dateTime": "2025-08-20T14:19:19.722Z", "eventType": "delete.backward", "fullPath": "/main.py", "details": {"fromA": 156, "toA": 157, "fromB": 156, "toB": 156, "inserted": [""]}}
{"dateTime": "2025-08-20T14:19:19.866Z", "eventType": "delete.backward", "fullPath": "/main.py", "details": {"fromA": 155, "toA": 156, "fromB": 155, "toB": 155, "inserted": [""]}}
{"dateTime": "2025-08-20T14:19:20.026Z", "eventType": "delete.backward", "fullPath": "/main.py", "details": {"fromA": 154, "toA": 155, "fromB": 154, "toB": 154, "inserted": [""]}}
{"dateTime": "2025-08-20T14:19:20.186Z", "eventType": "delete.backward", "fullPath": "/main.py", "details": {"fromA": 153, "toA": 154, "fromB": 153, "toB": 153, "inserted": [""]}}
{"dateTime": "2025-08-20T14:19:20.351Z", "eventType": "delete.backward", "fullPath": "/main.py", "details": {"fromA": 152, "toA": 153, "fromB": 152, "toB": 152, "inserted": [""]}}
{"dateTime": "2025-08-20T14:19:20.587Z", "eventType": "delete.backward", "fullPath": "/main.py", "details": {"fromA": 151, "toA": 152, "fromB": 151, "toB": 151, "inserted": [""]}}
{"dateTime": "2025-08-20T14:19:21.086Z", "eventType": "delete.backward", "fullPath": "/main.py", "details": {"fromA": 150, "toA": 151, "fromB": 150, "toB": 150, "inserted": [""]}}
{"dateTime": "2025-08-20T14:19:21.137Z", "eventType": "delete.backward", "fullPath": "/main.py", "details": {"fromA": 149, "toA": 150, "fromB": 149, "toB": 149, "inserted": [""]}}
{"dateTime": "2025-08-20T14:19:21.187Z", "eventType": "delete.backward", "fullPath": "/main.py", "details": {"fromA": 148, "toA": 149, "fromB": 148, "toB": 148, "inserted": [""]}}
{"dateTime": "2025-08-20T14:19:21.232Z", "eventType": "delete.backward", "fullPath": "/main.py", "details": {"fromA": 147, "toA": 148, "fromB": 147, "toB": 147, "inserted": [""]}}
{"dateTime": "2025-08-20T14:19:21.288Z", "eventType": "delete.backward", "fullPath": "/main.py", "details": {"fromA": 146, "toA": 147, "fromB": 146, "toB": 146, "inserted": [""]}}
{"dateTime": "2025-08-20T14:19:21.339Z", "eventType": "delete.backward", "fullPath": "/main.py", "details": {"fromA": 145, "toA": 146, "fromB": 145, "toB": 145, "inserted": [""]}}
{"dateTime": "2025-08-20T14:19:21.389Z", "eventType": "delete.backward", "fullPath": "/main.py", "details": {"fromA": 144, "toA": 145, "fromB": 144, "toB": 144, "inserted": [""]}}
{"dateTime": "2025-08-20T14:19:21.437Z", "eventType": "delete.backward", "fullPath": "/main.py", "details": {"fromA": 143, "toA": 144, "fromB": 143, "toB": 143, "inserted": [""]}}
{"dateTime": "2025-08-20T14:19:21.488Z", "eventType": "delete.backward", "fullPath": "/main.py", "details": {"fromA": 142, "toA": 143, "fromB": 142, "toB": 142, "inserted": [""]}}
{"dateTime": "2025-08-20T14:19:21.540Z", "eventType": "delete.backward", "fullPath": "/main.py", "details": {"fromA": 141, "toA": 142, "fromB": 141, "toB": 141, "inserted": [""]}}
{"dateTime": "2025-08-20T14:19:21.589Z", "eventType": "delete.backward", "fullPath": "/main.py", "details": {"fromA": 140, "toA": 141, "fromB": 140, "toB": 140, "inserted": [""]}}
{"dateTime": "2025-08-20T14:19:21.641Z", "eventType": "delete.backward", "fullPath": "/main.py", "details": {"fromA": 139, "toA": 140, "fromB": 139, "toB": 139, "inserted": [""]}}
{"dateTime": "2025-08-20T14:19:21.692Z", "eventType": "delete.backward", "fullPath": "/main.py", "details": {"fromA": 138, "toA": 139, "fromB": 138, "toB": 138, "inserted": [""]}}
{"dateTime": "2025-08-20T14:19:21.741Z", "eventType": "delete.backward", "fullPath": "/main.py", "details": {"fromA": 137, "toA": 138, "fromB": 137, "toB": 137, "inserted": [""]}}
{"dateTime": "2025-08-20T14:19:21.793Z", "eventType": "delete.backward", "fullPath": "/main.py", "details": {"fromA": 136, "toA": 137, "fromB": 136, "toB": 136, "inserted": [""]}}
{"dateTime": "2025-08-20T14:19:21.842Z", "eventType": "delete.backward", "fullPath": "/main.py", "details": {"fromA": 135, "toA": 136, "fromB": 135, "toB": 135, "inserted": [""]}}
{"dateTime": "2025-08-20T14:19:21.895Z", "eventType": "delete.backward", "fullPath": "/main.py", "details": {"fromA": 134, "toA": 135, "fromB": 134, "toB": 134, "inserted": [""]}}
{"dateTime": "2025-08-20T14:19:21.944Z", "eventType": "delete.backward", "fullPath": "/main.py", "details": {"fromA": 133, "toA": 134, "fromB": 133, "toB": 133, "inserted": [""]}}
{"dateTime": "2025-08-20T14:19:21.995Z", "eventType": "delete.backward", "fullPath": "/main.py", "details": {"fromA": 132, "toA": 133, "fromB": 132, "toB": 132, "inserted": [""]}}
{"dateTime": "2025-08-20T14:19:22.047Z", "eventType": "delete.backward", "fullPath": "/main.py", "details": {"fromA": 131, "toA": 132, "fromB": 131, "toB": 131, "inserted": [""]}}
{"dateTime": "2025-08-20T14:19:22.094Z", "eventType": "delete.backward", "fullPath": "/main.py", "details": {"fromA": 130, "toA": 131, "fromB": 130, "toB": 130, "inserted": [""]}}
{"dateTime": "2025-08-20T14:19:22.148Z", "eventType": "delete.backward", "fullPath": "/main.py", "details": {"fromA": 129, "toA": 130, "fromB": 129, "toB": 129, "inserted": [""]}}
{"dateTime": "2025-08-20T14:19:22.195Z", "eventType": "delete.backward", "fullPath": "/main.py", "details": {"fromA": 128, "toA": 129, "fromB": 128, "toB": 128, "inserted": [""]}}
{"dateTime": "2025-08-20T14:19:22.241Z", "eventType": "delete.backward", "fullPath": "/main.py", "details": {"fromA": 127, "toA": 128, "fromB": 127, "toB": 127, "inserted": [""]}}
{"dateTime": "2025-08-20T14:19:22.295Z", "eventType": "delete.backward", "fullPath": "/main.py", "details": {"fromA": 126, "toA": 127, "fromB": 126, "toB": 126, "inserted": [""]}}
{"dateTime": "2025-08-20T14:19:25.946Z", "eventType": "delete.backward", "fullPath": "/main.py", "details": {"fromA": 125, "toA": 126, "fromB": 125, "toB": 125, "inserted": [""]}}
{"dateTime": "2025-08-20T14:19:26.445Z", "eventType": "delete.backward", "fullPath": "/main.py", "details": {"fromA": 124, "toA": 125, "fromB": 124, "toB": 124, "inserted": [""]}}
{"dateTime": "2025-08-20T14:19:26.490Z", "eventType": "delete.backward", "fullPath": "/main.py", "details": {"fromA": 123, "toA": 124, "fromB": 123, "toB": 123, "inserted": [""]}}
{"dateTime": "2025-08-20T14:19:26.540Z", "eventType": "delete.backward", "fullPath": "/main.py", "details": {"fromA": 122, "toA": 123, "fromB": 122, "toB": 122, "inserted": [""]}}
{"dateTime": "2025-08-20T14:19:26.590Z", "eventType": "delete.backward", "fullPath": "/main.py", "details": {"fromA": 121, "toA": 122, "fromB": 121, "toB": 121, "inserted": [""]}}
{"dateTime": "2025-08-20T14:19:26.640Z", "eventType": "delete.backward", "fullPath": "/main.py", "details": {"fromA": 120, "toA": 121, "fromB": 120, "toB": 120, "inserted": [""]}}
{"dateTime": "2025-08-20T14:19:26.825Z", "eventType": "delete.backward", "fullPath": "/main.py", "details": {"fromA": 119, "toA": 120, "fromB": 119, "toB": 119, "inserted": [""]}}
{"dateTime": "2025-08-20T14:19:26.972Z", "eventType": "delete.backward", "fullPath": "/main.py", "details": {"fromA": 118, "toA": 119, "fromB": 118, "toB": 118, "inserted": [""]}}
{"dateTime": "2025-08-20T14:19:27.129Z", "eventType": "delete.backward", "fullPath": "/main.py", "details": {"fromA": 117, "toA": 118, "fromB": 117, "toB": 117, "inserted": [""]}}
{"dateTime": "2025-08-20T14:19:30.021Z", "eventType": "input.type", "fullPath": "/main.py", "details": {"fromA": 117, "toA": 117, "fromB": 117, "toB": 118, "inserted": [")"]}}
{"dateTime": "2025-08-20T14:19:37.755Z", "eventType": "select.pointer", "fullPath": "/main.py", "details": {"selection": {"from": 94, "to": 94}}}
{"dateTime": "2025-08-20T14:19:38.997Z", "eventType": "delete.backward", "fullPath": "/main.py", "details": {"fromA": 93, "toA": 94, "fromB": 93, "toB": 93, "inserted": [""]}}
{"dateTime": "2025-08-20T14:19:39.226Z", "eventType": "input.type", "fullPath": "/main.py", "details": {"fromA": 93, "toA": 93, "fromB": 93, "toB": 94, "inserted": ["/"]}}
{"dateTime": "2025-08-20T14:19:50.694Z", "eventType": "input.type", "fullPath": "/main.py", "details": {"fromA": 94, "toA": 94, "fromB": 94, "toB": 95, "inserted": ["/"]}}
{"dateTime": "2025-08-20T14:19:52.956Z", "eventType": "select.pointer", "fullPath": "/main.py", "details": {"selection": {"from": 106, "to": 106}}}
{"dateTime": "2025-08-20T14:19:54.122Z", "eventType": "delete.backward", "fullPath": "/main.py", "details": {"fromA": 105, "toA": 106, "fromB": 105, "toB": 105, "inserted": [""]}}
{"dateTime": "2025-08-20T14:19:54.460Z", "eventType": "input.type", "fullPath": "/main.py", "details": {"fromA": 105, "toA": 105, "fromB": 105, "toB": 106, "inserted": ["/"]}}
{"dateTime": "2025-08-20T14:20:26.458Z", "eventType": "delete.backward", "fullPath": "/main.py", "details": {"fromA": 105, "toA": 106, "fromB": 105, "toB": 105, "inserted": [""]}}
{"dateTime": "2025-08-20T14:20:29.961Z", "eventType": "select.pointer", "fullPath": "/main.py", "details": {"selection": {"from": 116, "to": 116}}}
{"dateTime": "2025-08-20T14:20:30.953Z", "eventType": "delete.backward", "fullPath": "/main.py", "details": {"fromA": 115, "toA": 116, "fromB": 115, "toB": 115, "inserted": [""]}}
{"dateTime": "2025-08-20T14:20:32.505Z", "eventType": "input.type", "fullPath": "/main.py", "details": {"fromA": 115, "toA": 115, "fromB": 115, "toB": 116, "inserted": ["/"]}}
{"dateTime": "2025-08-20T14:20:32.826Z", "eventType": "input.type", "fullPath": "/main.py", "details": {"fromA": 116, "toA": 116, "fromB": 116, "toB": 117, "inserted": ["/"]}}
{"dateTime": "2025-08-20T14:20:35.753Z", "eventType": "select.pointer", "fullPath": "/main.py", "details": {"selection": {"from": 119, "to": 119}}}
{"dateTime": "2025-08-20T14:20:36.603Z", "eventType": "input", "fullPath": "/main.py", "details": {"fromA": 119, "toA": 119, "fromB": 119, "toB": 120, "inserted": ["", ""]}}
{"dateTime": "2025-08-20T14:20:38.585Z", "eventType": "input.type", "fullPath": "/main.py", "details": {"fromA": 120, "toA": 120, "fromB": 120, "toB": 121, "inserted": ["p"]}}
{"dateTime": "2025-08-20T14:20:38.720Z", "eventType": "input.type", "fullPath": "/main.py", "details": {"fromA": 121, "toA": 121, "fromB": 121, "toB": 122, "inserted": ["r"]}}
{"dateTime": "2025-08-20T14:20:38.863Z", "eventType": "input.type", "fullPath": "/main.py", "details": {"fromA": 122, "toA": 122, "fromB": 122, "toB": 123, "inserted": ["i"]}}
{"dateTime": "2025-08-20T14:20:39.103Z", "eventType": "input.type", "fullPath": "/main.py", "details": {"fromA": 123, "toA": 123, "fromB": 123, "toB": 124, "inserted": ["n"]}}
{"dateTime": "2025-08-20T14:20:39.434Z", "eventType": "input.type", "fullPath": "/main.py", "details": {"fromA": 124, "toA": 124, "fromB": 124, "toB": 125, "inserted": ["t"]}}
{"dateTime": "2025-08-20T14:20:41.161Z", "eventType": "input.type", "fullPath": "/main.py", "details": {"fromA": 125, "toA": 125, "fromB": 125, "toB": 127, "inserted": ["()"]}}
{"dateTime": "2025-08-20T14:20:43.657Z", "eventType": "input.type", "fullPath": "/main.py", "details": {"fromA": 126, "toA": 126, "fromB": 126, "toB": 127, "inserted": ["X"]}}
{"dateTime": "2025-08-20T14:20:51.097Z", "eventType": "input.type", "fullPath": "/main.py", "details": {"fromA": 127, "toA": 127, "fromB": 127, "toB": 128, "inserted": ["*"]}}
{"dateTime": "2025-08-20T14:20:51.993Z", "eventType": "input.type", "fullPath": "/main.py", "details": {"fromA": 128, "toA": 128, "fromB": 128, "toB": 129, "inserted": ["Y"]}}
{"dateTime": "2025-08-20T14:20:54.514Z", "eventType": "select.pointer", "fullPath": "/main.py", "details": {"selection": {"from": 130, "to": 130}}}
{"dateTime": "2025-08-20T14:20:55.765Z", "eventType": "input", "fullPath": "/main.py", "details": {"fromA": 130, "toA": 130, "fromB": 130, "toB": 131, "inserted": ["", ""]}}
{"dateTime": "2025-08-20T14:20:57.384Z", "eventType": "input.type", "fullPath": "/main.py", "details": {"fromA": 131, "toA": 131, "fromB": 131, "toB": 132, "inserted": ["p"]}}
{"dateTime": "2025-08-20T14:20:57.509Z", "eventType": "input.type", "fullPath": "/main.py", "details": {"fromA": 132, "toA": 132, "fromB": 132, "toB": 133, "inserted": ["r"]}}
{"dateTime": "2025-08-20T14:20:57.678Z", "eventType": "input.type", "fullPath": "/main.py", "details": {"fromA": 133, "toA": 133, "fromB": 133, "toB": 134, "inserted": ["i"]}}
{"dateTime": "2025-08-20T14:20:58.602Z", "eventType": "input.type", "fullPath": "/main.py", "details": {"fromA": 134, "toA": 134, "fromB": 134, "toB": 135, "inserted": ["n"]}}
{"dateTime": "2025-08-20T14:20:58.710Z", "eventType": "input.type", "fullPath": "/main.py", "details": {"fromA": 135, "toA": 135, "fromB": 135, "toB": 136, "inserted": ["t"]}}
{"dateTime": "2025-08-20T14:21:00.376Z", "eventType": "input.type", "fullPath": "/main.py", "details": {"fromA": 136, "toA": 136, "fromB": 136, "toB": 138, "inserted": ["()"]}}
{"dateTime": "2025-08-20T14:21:12.523Z", "eventType": "input.type", "fullPath": "/main.py", "details": {"fromA": 137, "toA": 137, "fromB": 137, "toB": 138, "inserted": ["X"]}}
{"dateTime": "2025-08-20T14:21:13.461Z", "eventType": "input.type", "fullPath": "/main.py", "details": {"fromA": 138, "toA": 138, "fromB": 138, "toB": 139, "inserted": ["Y"]}}
{"dateTime": "2025-08-20T14:22:40.129Z", "eventType": "select.pointer", "fullPath": "/main.py", "details": {"selection": {"from": 105, "to": 105}}}
{"dateTime": "2025-08-20T14:22:42.104Z", "eventType": "input.type", "fullPath": "/main.py", "details": {"fromA": 105, "toA": 105, "fromB": 105, "toB": 106, "inserted": ["%"]}}
{"dateTime": "2025-08-20T14:23:08.551Z", "eventType": "select.pointer", "fullPath": "/main.py", "details": {"selection": {"from": 94, "to": 94}}}
{"dateTime": "2025-08-20T14:23:09.432Z", "eventType": "delete.backward", "fullPath": "/main.py", "details": {"fromA": 93, "toA": 94, "fromB": 93, "toB": 93, "inserted": [""]}}
{"dateTime": "2025-08-20T14:23:27.241Z", "eventType": "select.pointer", "fullPath": "/main.py", "details": {"selection": {"from": 138, "to": 138}}}
{"dateTime": "2025-08-20T14:23:30.568Z", "eventType": "input.type", "fullPath": "/main.py", "details": {"fromA": 138, "toA": 138, "fromB": 138, "toB": 139, "inserted": ["*"]}}
{"dateTime": "2025-08-20T14:23:30.761Z", "eventType": "input.type", "fullPath": "/main.py", "details": {"fromA": 139, "toA": 139, "fromB": 139, "toB": 140, "inserted": ["*"]}}
{"dateTime": "2025-08-20T14:23:33.003Z", "eventType": "blur", "fullPath": "/main.py"}
{"dateTime": "2025-08-20T14:23:33.316Z", "eventType": "run", "details": {"commit": "31cccb3e3729e043557ba260d16d912866da1909"}}
{"dateTime": "2025-08-20T14:23:54.648Z", "eventType": "focus", "fullPath": "/main.py"}
{"dateTime": "2025-08-20T14:23:54.650Z", "eventType": "select.pointer", "fullPath": "/main.py", "details": {"selection": {"from": 95, "to": 95}}}
{"dateTime": "2025-08-20T14:23:55.899Z", "eventType": "select.pointer", "fullPath": "/main.py", "details": {"selection": {"from": 94, "to": 94}}}
{"dateTime": "2025-08-20T14:23:58.263Z", "eventType": "input.type", "fullPath": "/main.py", "details": {"fromA": 94, "toA": 94, "fromB": 94, "toB": 95, "inserted": ["/"]}}
{"dateTime": "2025-08-20T14:24:00.009Z", "eventType": "select.pointer", "fullPath": "/main.py", "details": {"selection": {"from": 118, "to": 118}}}
{"dateTime": "2025-08-20T14:24:01.000Z", "eventType": "delete.backward", "fullPath": "/main.py", "details": {"fromA": 117, "toA": 118, "fromB": 117, "toB": 117, "inserted": [""]}}
{"dateTime": "2025-08-20T14:24:09.643Z", "eventType": "blur", "fullPath": "/main.py"}
{"dateTime": "2025-08-20T14:24:09.982Z", "eventType": "run", "details": {"commit": "b7cd8ae034b016affbc801f4ffd94e36723d5a01"}}
{"dateTime": "2025-08-20T14:25:46.248Z", "eventType": "focus", "fullPath": "/main.py"}
{"dateTime": "2025-08-20T14:25:46.249Z", "eventType": "select.pointer", "fullPath": "/main.py", "details": {"selection": {"from": 140, "to": 140}}}
{"dateTime": "2025-08-20T14:25:47.415Z", "eventType": "delete.backward", "fullPath": "/main.py", "details": {"fromA": 139, "toA": 140, "fromB": 139, "toB": 139, "inserted": [""]}}
{"dateTime": "2025-08-20T14:25:47.672Z", "eventType": "delete.backward", "fullPath": "/main.py", "details": {"fromA": 138, "toA": 139, "fromB": 138, "toB": 138, "inserted": [""]}}
{"dateTime": "2025-08-20T14:26:02.278Z", "eventType": "blur", "fullPath": "/main.py"}
{"dateTime": "2025-08-20T14:26:02.740Z", "eventType": "run", "details": {"commit": "6e3d79045bad35f0e0533bb3ba871bdd38f6ea89"}}
{"dateTime": "2025-08-20T14:27:39.742Z", "eventType": "focus", "fullPath": "/main.py"}
{"dateTime": "2025-08-20T14:27:39.743Z", "eventType": "select.pointer", "fullPath": "/main.py", "details": {"selection": {"from": 138, "to": 138}}}
{"dateTime": "2025-08-20T14:28:08.036Z", "eventType": "input.type", "fullPath": "/main.py", "details": {"fromA": 138, "toA": 138, "fromB": 138, "toB": 139, "inserted": ["*"]}}
{"dateTime": "2025-08-20T14:28:08.247Z", "eventType": "input.type", "fullPath": "/main.py", "details": {"fromA": 139, "toA": 139, "fromB": 139, "toB": 140, "inserted": ["*"]}}
{"dateTime": "2025-08-20T14:28:10.089Z", "eventType": "blur", "fullPath": "/main.py"}
{"dateTime": "2025-08-20T14:28:10.401Z", "eventType": "run", "details": {"commit": "bc8eb4af15cf9236f0fed8ab38a1020f3601384e"}}
{"dateTime": "2025-08-20T14:30:22.910Z", "eventType": "focus", "fullPath": "/main.py"}
{"dateTime": "2025-08-20T14:30:22.911Z", "eventType": "select.pointer", "fullPath": "/main.py", "details": {"selection": {"from": 141, "to": 141}}}
{"dateTime": "2025-08-20T14:30:24.325Z", "eventType": "delete.backward", "fullPath": "/main.py", "details": {"fromA": 140, "toA": 141, "fromB": 140, "toB": 140, "inserted": [""]}}
{"dateTime": "2025-08-20T14:30:24.596Z", "eventType": "delete.backward", "fullPath": "/main.py", "details": {"fromA": 139, "toA": 140, "fromB": 139, "toB": 139, "inserted": [""]}}
{"dateTime": "2025-08-20T14:30:24.917Z", "eventType": "delete.backward", "fullPath": "/main.py", "details": {"fromA": 138, "toA": 139, "fromB": 138, "toB": 138, "inserted": [""]}}
{"dateTime": "2025-08-20T14:30:25.684Z", "eventType": "delete.backward", "fullPath": "/main.py", "details": {"fromA": 137, "toA": 138, "fromB": 137, "toB": 137, "inserted": [""]}}
{"dateTime": "2025-08-20T14:30:28.229Z", "eventType": "input.type", "fullPath": "/main.py", "details": {"fromA": 137, "toA": 137, "fromB": 137, "toB": 138, "inserted": ["y"]}}
{"dateTime": "2025-08-20T14:30:29.621Z", "eventType": "input.type", "fullPath": "/main.py", "details": {"fromA": 138, "toA": 138, "fromB": 138, "toB": 139, "inserted": ["*"]}}
{"dateTime": "2025-08-20T14:30:29.830Z", "eventType": "input.type", "fullPath": "/main.py", "details": {"fromA": 139, "toA": 139, "fromB": 139, "toB": 140, "inserted": ["*"]}}
{"dateTime": "2025-08-20T14:30:30.757Z", "eventType": "delete.backward", "fullPath": "/main.py", "details": {"fromA": 139, "toA": 140, "fromB": 139, "toB": 139, "inserted": [""]}}
{"dateTime": "2025-08-20T14:30:30.916Z", "eventType": "delete.backward", "fullPath": "/main.py", "details": {"fromA": 138, "toA": 139, "fromB": 138, "toB": 138, "inserted": [""]}}
{"dateTime": "2025-08-20T14:30:31.029Z", "eventType": "delete.backward", "fullPath": "/main.py", "details": {"fromA": 137, "toA": 138, "fromB": 137, "toB": 137, "inserted": [""]}}
{"dateTime": "2025-08-20T14:30:33.061Z", "eventType": "input.type", "fullPath": "/main.py", "details": {"fromA": 137, "toA": 137, "fromB": 137, "toB": 138, "inserted": ["Y"]}}
{"dateTime": "2025-08-20T14:30:35.511Z", "eventType": "input.type", "fullPath": "/main.py", "details": {"fromA": 138, "toA": 138, "fromB": 138, "toB": 139, "inserted": ["*"]}}
{"dateTime": "2025-08-20T14:30:35.719Z", "eventType": "input.type", "fullPath": "/main.py", "details": {"fromA": 139, "toA": 139, "fromB": 139, "toB": 140, "inserted": ["*"]}}
{"dateTime": "2025-08-20T14:30:37.046Z", "eventType": "input", "fullPath": "/main.py", "details": {"fromA": 140, "toA": 140, "fromB": 140, "toB": 146, "inserted": ["", "     "]}}
{"dateTime": "2025-08-20T14:30:38.645Z", "eventType": "delete.backward", "fullPath": "/main.py", "details": {"fromA": 145, "toA": 146, "fromB": 145, "toB": 145, "inserted": [""]}}
{"dateTime": "2025-08-20T14:30:39.029Z", "eventType": "delete.backward", "fullPath": "/main.py", "details": {"fromA": 143, "toA": 145, "fromB": 143, "toB": 143, "inserted": [""]}}
{"dateTime": "2025-08-20T14:30:39.268Z", "eventType": "delete.backward", "fullPath": "/main.py", "details": {"fromA": 141, "toA": 143, "fromB": 141, "toB": 141, "inserted": [""]}}
{"dateTime": "2025-08-20T14:30:39.431Z", "eventType": "delete.backward", "fullPath": "/main.py", "details": {"fromA": 140, "toA": 141, "fromB": 140, "toB": 140, "inserted": [""]}}
{"dateTime": "2025-08-20T14:30:41.920Z", "eventType": "blur", "fullPath": "/main.py"}
{"dateTime": "2025-08-20T14:30:42.270Z", "eventType": "run", "details": {"commit": "d46426d366eea8f462cf4bd60641669b0101cbe1"}}
{"dateTime": "2025-08-20T14:30:44.970Z", "eventType": "run", "details": {"commit": "d46426d366eea8f462cf4bd60641669b0101cbe1"}}
{"dateTime": "2025-08-20T14:30:52.604Z", "eventType": "focus", "fullPath": "/main.py"}
{"dateTime": "2025-08-20T14:30:52.607Z", "eventType": "select.pointer", "fullPath": "/main.py", "details": {"selection": {"from": 137, "to": 137}}}
{"dateTime": "2025-08-20T14:30:54.726Z", "eventType": "input.type", "fullPath": "/main.py", "details": {"fromA": 137, "toA": 137, "fromB": 137, "toB": 138, "inserted": ["x"]}}
{"dateTime": "2025-08-20T14:30:55.847Z", "eventType": "delete.backward", "fullPath": "/main.py", "details": {"fromA": 137, "toA": 138, "fromB": 137, "toB": 137, "inserted": [""]}}
{"dateTime": "2025-08-20T14:30:56.545Z", "eventType": "input.type", "fullPath": "/main.py", "details": {"fromA": 137, "toA": 137, "fromB": 137, "toB": 138, "inserted": ["X"]}}
{"dateTime": "2025-08-20T14:30:58.911Z", "eventType": "blur", "fullPath": "/main.py"}
{"dateTime": "2025-08-20T14:30:59.251Z", "eventType": "run", "details": {"commit": "dc8c59a4104b87e3d69c96e8fbdb341779696181"}}
{"dateTime": "2025-08-20T14:31:00.187Z", "eventType": "run", "details": {"commit": "dc8c59a4104b87e3d69c96e8fbdb341779696181"}}
{"dateTime": "2025-08-20T14:31:03.316Z", "eventType": "focus", "fullPath": "/main.py"}
{"dateTime": "2025-08-20T14:31:03.318Z", "eventType": "select.pointer", "fullPath": "/main.py", "details": {"selection": {"from": 138, "to": 138}}}
{"dateTime": "2025-08-20T14:31:10.366Z", "eventType": "select.pointer", "fullPath": "/main.py", "details": {"selection": {"from": 141, "to": 141}}}
{"dateTime": "2025-08-20T14:31:11.285Z", "eventType": "delete.backward", "fullPath": "/main.py", "details": {"fromA": 140, "toA": 141, "fromB": 140, "toB": 140, "inserted": [""]}}
{"dateTime": "2025-08-20T14:31:11.475Z", "eventType": "delete.backward", "fullPath": "/main.py", "details": {"fromA": 139, "toA": 140, "fromB": 139, "toB": 139, "inserted": [""]}}
{"dateTime": "2025-08-20T14:31:11.619Z", "eventType": "delete.backward", "fullPath": "/main.py", "details": {"fromA": 138, "toA": 139, "fromB": 138, "toB": 138, "inserted": [""]}}
{"dateTime": "2025-08-20T14:31:17.092Z", "eventType": "delete.backward", "fullPath": "/main.py", "details": {"fromA": 137, "toA": 138, "fromB": 137, "toB": 137, "inserted": [""]}}
{"dateTime": "2025-08-20T14:31:21.125Z", "eventType": "input.type", "fullPath": "/main.py", "details": {"fromA": 137, "toA": 137, "fromB": 137, "toB": 138, "inserted": ["Y"]}}
{"dateTime": "2025-08-20T14:31:22.597Z", "eventType": "input.type", "fullPath": "/main.py", "details": {"fromA": 138, "toA": 138, "fromB": 138, "toB": 139, "inserted": ["*"]}}
{"dateTime": "2025-08-20T14:31:22.790Z", "eventType": "input.type", "fullPath": "/main.py", "details": {"fromA": 139, "toA": 139, "fromB": 139, "toB": 140, "inserted": ["*"]}}
{"dateTime": "2025-08-20T14:31:23.861Z", "eventType": "input.type", "fullPath": "/main.py", "details": {"fromA": 140, "toA": 140, "fromB": 140, "toB": 141, "inserted": ["X"]}}
{"dateTime": "2025-08-20T14:31:25.219Z", "eventType": "input.complete", "fullPath": "/main.py", "details": {"fromA": 140, "toA": 141, "fromB": 140, "toB": 141, "inserted": ["X"]}}
{"dateTime": "2025-08-20T14:31:27.399Z", "eventType": "blur", "fullPath": "/main.py"}
{"dateTime": "2025-08-20T14:31:27.713Z", "eventType": "run", "details": {"commit": "5590d5645d8c8b251740cecae0376e48c8aa931b"}}
{"dateTime": "2025-08-20T14:31:41.965Z", "eventType": "focus", "fullPath": "/main.py"}
{"dateTime": "2025-08-20T14:31:41.967Z", "eventType": "select.pointer", "fullPath": "/main.py", "details": {"selection": {"from": 141, "to": 141}}}
{"dateTime": "2025-08-20T14:31:44.604Z", "eventType": "delete.backward", "fullPath": "/main.py", "details": {"fromA": 140, "toA": 141, "fromB": 140, "toB": 140, "inserted": [""]}}
{"dateTime": "2025-08-20T14:31:44.855Z", "eventType": "delete.backward", "fullPath": "/main.py", "details": {"fromA": 139, "toA": 140, "fromB": 139, "toB": 139, "inserted": [""]}}
{"dateTime": "2025-08-20T14:31:45.064Z", "eventType": "delete.backward", "fullPath": "/main.py", "details": {"fromA": 138, "toA": 139, "fromB": 138, "toB": 138, "inserted": [""]}}
{"dateTime": "2025-08-20T14:31:45.458Z", "eventType": "delete.backward", "fullPath": "/main.py", "details": {"fromA": 137, "toA": 138, "fromB": 137, "toB": 137, "inserted": [""]}}
{"dateTime": "2025-08-20T14:31:46.613Z", "eventType": "input.type", "fullPath": "/main.py", "details": {"fromA": 137, "toA": 137, "fromB": 137, "toB": 138, "inserted": ["X"]}}
{"dateTime": "2025-08-20T14:31:47.545Z", "eventType": "input.type", "fullPath": "/main.py", "details": {"fromA": 138, "toA": 138, "fromB": 138, "toB": 139, "inserted": ["*"]}}
{"dateTime": "2025-08-20T14:31:47.704Z", "eventType": "input.type", "fullPath": "/main.py", "details": {"fromA": 139, "toA": 139, "fromB": 139, "toB": 140, "inserted": ["*"]}}
{"dateTime": "2025-08-20T14:31:48.385Z", "eventType": "input.type", "fullPath": "/main.py", "details": {"fromA": 140, "toA": 140, "fromB": 140, "toB": 141, "inserted": ["Y"]}}
{"dateTime": "2025-08-20T14:31:50.247Z", "eventType": "blur", "fullPath": "/main.py"}
{"dateTime": "2025-08-20T14:31:50.503Z", "eventType": "run", "details": {"commit": "165858c05afaf35ab01c3a594801b3df442adb60"}}
{"dateTime": "2025-08-20T14:32:41.980Z", "eventType": "submission", "details": {"correctness": 0, "commit": "165858c05afaf35ab01c3a594801b3df442adb60", "executionTime": 0.01}}
{"dateTime": "2025-08-20T14:33:43.979Z", "eventType": "focus", "fullPath": "/main.py"}
{"dateTime": "2025-08-20T14:33:43.981Z", "eventType": "select.pointer", "fullPath": "/main.py", "details": {"selection": {"from": 141, "to": 141}}}
{"dateTime": "2025-08-20T14:33:44.900Z", "eventType": "delete.backward", "fullPath": "/main.py", "details": {"fromA": 140, "toA": 141, "fromB": 140, "toB": 140, "inserted": [""]}}
{"dateTime": "2025-08-20T14:33:45.092Z", "eventType": "delete.backward", "fullPath": "/main.py", "details": {"fromA": 139, "toA": 140, "fromB": 139, "toB": 139, "inserted": [""]}}
{"dateTime": "2025-08-20T14:33:45.282Z", "eventType": "delete.backward", "fullPath": "/main.py", "details": {"fromA": 138, "toA": 139, "fromB": 138, "toB": 138, "inserted": [""]}}
{"dateTime": "2025-08-20T14:33:45.503Z", "eventType": "delete.backward", "fullPath": "/main.py", "details": {"fromA": 137, "toA": 138, "fromB": 137, "toB": 137, "inserted": [""]}}
{"dateTime": "2025-08-20T14:33:46.949Z", "eventType": "input.type", "fullPath": "/main.py", "details": {"fromA": 137, "toA": 137, "fromB": 137, "toB": 138, "inserted": ["Y"]}}
{"dateTime": "2025-08-20T14:33:47.764Z", "eventType": "input.type", "fullPath": "/main.py", "details": {"fromA": 138, "toA": 138, "fromB": 138, "toB": 139, "inserted": ["*"]}}
{"dateTime": "2025-08-20T14:33:47.941Z", "eventType": "input.type", "fullPath": "/main.py", "details": {"fromA": 139, "toA": 139, "fromB": 139, "toB": 140, "inserted": ["*"]}}
{"dateTime": "2025-08-20T14:33:49.076Z", "eventType": "input.type", "fullPath": "/main.py", "details": {"fromA": 140, "toA": 140, "fromB": 140, "toB": 141, "inserted": ["#"]}}
{"dateTime": "2025-08-20T14:33:50.228Z", "eventType": "delete.backward", "fullPath": "/main.py", "details": {"fromA": 140, "toA": 141, "fromB": 140, "toB": 140, "inserted": [""]}}
{"dateTime": "2025-08-20T14:33:50.820Z", "eventType": "input.type", "fullPath": "/main.py", "details": {"fromA": 140, "toA": 140, "fromB": 140, "toB": 141, "inserted": ["3"]}}
{"dateTime": "2025-08-20T14:33:51.829Z", "eventType": "input", "fullPath": "/main.py", "details": {"fromA": 141, "toA": 141, "fromB": 141, "toB": 147, "inserted": ["", "     "]}}
{"dateTime": "2025-08-20T14:33:52.900Z", "eventType": "delete.backward", "fullPath": "/main.py", "details": {"fromA": 146, "toA": 147, "fromB": 146, "toB": 146, "inserted": [""]}}
{"dateTime": "2025-08-20T14:33:53.252Z", "eventType": "delete.backward", "fullPath": "/main.py", "details": {"fromA": 144, "toA": 146, "fromB": 144, "toB": 144, "inserted": [""]}}
{"dateTime": "2025-08-20T14:33:53.427Z", "eventType": "delete.backward", "fullPath": "/main.py", "details": {"fromA": 142, "toA": 144, "fromB": 142, "toB": 142, "inserted": [""]}}
{"dateTime": "2025-08-20T14:33:53.607Z", "eventType": "delete.backward", "fullPath": "/main.py", "details": {"fromA": 141, "toA": 142, "fromB": 141, "toB": 141, "inserted": [""]}}
{"dateTime": "2025-08-20T14:33:55.958Z", "eventType": "blur", "fullPath": "/main.py"}
{"dateTime": "2025-08-20T14:33:56.231Z", "eventType": "run", "details": {"commit": "8799cc5b1ae48ab3eb6c4a22b7deca1f03a233e8"}}
{"dateTime": "2025-08-20T14:34:36.256Z", "eventType": "submission", "details": {"correctness": 1, "commit": "8799cc5b1ae48ab3eb6c4a22b7deca1f03a233e8", "executionTime": 0.01}}
