== RUN (2025-08-28 18:33:30)
-- CODE: 
input("Calcule valor_em_reais = valor_em_libras * 6,13: ")
-- EXECUTION TIME: 
0.0
-- TEST CASE 1:
---- input:
19
---- correct output:
116.47
---- user output:
Calcule valor_em_reais = valor_em_libras * 6,13:
-- TEST CASE 2:
---- input:
8
---- correct output:
49.04
---- user output:
Calcule valor_em_reais = valor_em_libras * 6,13:
-- TEST CASE 3:
---- input:
1
---- correct output:
6.13
---- user output:
Calcule valor_em_reais = valor_em_libras * 6,13:
-- TEST CASE 4:
---- input:
2
---- correct output:
12.26
---- user output:
Calcule valor_em_reais = valor_em_libras * 6,13:
-- TEST CASE 5:
---- input:
21
---- correct output:
128.73
---- user output:
Calcule valor_em_reais = valor_em_libras * 6,13:
-- TEST CASE 6:
---- input:
7
---- correct output:
42.91
---- user output:
Calcule valor_em_reais = valor_em_libras * 6,13:
*-*-*-*-*-*-*-*-*-*-*-*-*-*-*-*-*-*-*-*-*-*-*-*
== SUBMISSION (2025-08-28 18:15:18)
-- CODE: 
input("Calcule valor_em_reais = valor_em_libras * 6,13: ")
-- EXECUTION TIME: 
0.01
-- TEST CASE 1:
---- input:
19
---- correct output:
116.47
---- user output:
Calcule valor_em_reais = valor_em_libras * 6,13:
-- TEST CASE 2:
---- input:
8
---- correct output:
49.04
---- user output:
Calcule valor_em_reais = valor_em_libras * 6,13:
-- TEST CASE 3:
---- input:
1
---- correct output:
6.13
---- user output:
Calcule valor_em_reais = valor_em_libras * 6,13:
-- TEST CASE 4:
---- input:
2
---- correct output:
12.26
---- user output:
Calcule valor_em_reais = valor_em_libras * 6,13:
-- TEST CASE 5:
---- input:
21
---- correct output:
128.73
---- user output:
Calcule valor_em_reais = valor_em_libras * 6,13:
-- TEST CASE 6:
---- input:
7
---- correct output:
42.91
---- user output:
Calcule valor_em_reais = valor_em_libras * 6,13:
-- GRADE:
0%
*-*-*-*-*-*-*-*-*-*-*-*-*-*-*-*-*-*-*-*-*-*-*-*
== RUN (2025-08-28 18:15:20)
-- CODE: 
input("Calcule valor_em_reais = valor_em_libras * 6,13: ")
-- EXECUTION TIME: 
0.0
-- TEST CASE 1:
---- input:
19
---- correct output:
116.47
---- user output:
Calcule valor_em_reais = valor_em_libras * 6,13:
-- TEST CASE 2:
---- input:
8
---- correct output:
49.04
---- user output:
Calcule valor_em_reais = valor_em_libras * 6,13:
-- TEST CASE 3:
---- input:
1
---- correct output:
6.13
---- user output:
Calcule valor_em_reais = valor_em_libras * 6,13:
-- TEST CASE 4:
---- input:
2
---- correct output:
12.26
---- user output:
Calcule valor_em_reais = valor_em_libras * 6,13:
-- TEST CASE 5:
---- input:
21
---- correct output:
128.73
---- user output:
Calcule valor_em_reais = valor_em_libras * 6,13:
-- TEST CASE 6:
---- input:
7
---- correct output:
42.91
---- user output:
Calcule valor_em_reais = valor_em_libras * 6,13:
*-*-*-*-*-*-*-*-*-*-*-*-*-*-*-*-*-*-*-*-*-*-*-*
== RUN (2025-08-28 18:43:32)
-- CODE: 
input("Calcule valor_em_reais = valor_em_libras * 6,13: ")


-- EXECUTION TIME: 
0.0
-- TEST CASE 1:
---- input:
19
---- correct output:
116.47
---- user output:
Calcule valor_em_reais = valor_em_libras * 6,13:
-- TEST CASE 2:
---- input:
8
---- correct output:
49.04
---- user output:
Calcule valor_em_reais = valor_em_libras * 6,13:
-- TEST CASE 3:
---- input:
1
---- correct output:
6.13
---- user output:
Calcule valor_em_reais = valor_em_libras * 6,13:
-- TEST CASE 4:
---- input:
2
---- correct output:
12.26
---- user output:
Calcule valor_em_reais = valor_em_libras * 6,13:
-- TEST CASE 5:
---- input:
21
---- correct output:
128.73
---- user output:
Calcule valor_em_reais = valor_em_libras * 6,13:
-- TEST CASE 6:
---- input:
7
---- correct output:
42.91
---- user output:
Calcule valor_em_reais = valor_em_libras * 6,13:
*-*-*-*-*-*-*-*-*-*-*-*-*-*-*-*-*-*-*-*-*-*-*-*
