== SUBMISSION (2025-08-27 02:20:37)
-- CODE: 
import math

r = float(input())

area = math.pi * r ** 2

volume = (4/3) * math.pi * r ** 3

print(round(area,3))

print(volume,3)
-- EXECUTION TIME: 
0.01
-- TEST CASE 1:
---- input:
0.1
---- correct output:
0.031
0.004
---- user output:
0.004188790204786391 3
-- TEST CASE 2:
---- input:
4.5

---- correct output:
63.617
381.704
---- user output:
381.7035074111598 3
-- TEST CASE 3:
---- input:
12.34
---- correct output:
478.388
7871.076
---- user output:
7871.075684676355 3
-- TEST CASE 4:
---- input:
11.0
---- correct output:
380.133
5575.28
---- user output:
5575.279762570686 3
-- TEST CASE 5:
---- input:
67.34
---- correct output:
14246.104
1279110.151
---- user output:
1279110.1508659336 3
-- TEST CASE 6:
---- input:
2.0
---- correct output:
12.566
33.51
---- user output:
33.510321638291124 3
-- GRADE:
0%
*-*-*-*-*-*-*-*-*-*-*-*-*-*-*-*-*-*-*-*-*-*-*-*
== SUBMISSION (2025-08-27 02:19:11)
-- CODE: 
import math

r = float(input())
area = math.pi*r**2
volume=(4/3)*math.pi*r**3
print(round(area,3))
print(volume,3)
-- EXECUTION TIME: 
0.01
-- TEST CASE 1:
---- input:
0.1
---- correct output:
0.031
0.004
---- user output:
0.004188790204786391 3
-- TEST CASE 2:
---- input:
4.5

---- correct output:
63.617
381.704
---- user output:
381.7035074111598 3
-- TEST CASE 3:
---- input:
12.34
---- correct output:
478.388
7871.076
---- user output:
7871.075684676355 3
-- TEST CASE 4:
---- input:
11.0
---- correct output:
380.133
5575.28
---- user output:
5575.279762570686 3
-- TEST CASE 5:
---- input:
67.34
---- correct output:
14246.104
1279110.151
---- user output:
1279110.1508659336 3
-- TEST CASE 6:
---- input:
2.0
---- correct output:
12.566
33.51
---- user output:
33.510321638291124 3
-- GRADE:
0%
*-*-*-*-*-*-*-*-*-*-*-*-*-*-*-*-*-*-*-*-*-*-*-*
== SUBMISSION (2025-08-27 02:20:34)
-- CODE: 
import math

r = float(input())

area = math.pi * r ** 2

volume = (4/3) * math.pi * r ** 3

print(round(area,3))

print(volume,3)
-- EXECUTION TIME: 
0.01
-- TEST CASE 1:
---- input:
0.1
---- correct output:
0.031
0.004
---- user output:
0.004188790204786391 3
-- TEST CASE 2:
---- input:
4.5

---- correct output:
63.617
381.704
---- user output:
381.7035074111598 3
-- TEST CASE 3:
---- input:
12.34
---- correct output:
478.388
7871.076
---- user output:
7871.075684676355 3
-- TEST CASE 4:
---- input:
11.0
---- correct output:
380.133
5575.28
---- user output:
5575.279762570686 3
-- TEST CASE 5:
---- input:
67.34
---- correct output:
14246.104
1279110.151
---- user output:
1279110.1508659336 3
-- TEST CASE 6:
---- input:
2.0
---- correct output:
12.566
33.51
---- user output:
33.510321638291124 3
-- GRADE:
0%
*-*-*-*-*-*-*-*-*-*-*-*-*-*-*-*-*-*-*-*-*-*-*-*
== SUBMISSION (2025-08-27 03:10:28)
-- CODE: 
import math
r = float(input())

area = math.pi * r ** 2

volume = (4/3) * math.pi * r ** 3

print(round(area,3))
print(round(volume,3)
-- EXECUTION TIME: 
0.0
-- TEST CASE 1:
---- input:
0.1
---- correct output:
0.031
0.004
-- ERROR:
File "XXXX", line 9
    print(round(volume,3)
         ^
SyntaxError: '(' was never closed
-- TEST CASE 2:
---- input:
4.5

---- correct output:
63.617
381.704
-- ERROR:
File "XXXX", line 9
    print(round(volume,3)
         ^
SyntaxError: '(' was never closed
-- TEST CASE 3:
---- input:
12.34
---- correct output:
478.388
7871.076
-- ERROR:
File "XXXX", line 9
    print(round(volume,3)
         ^
SyntaxError: '(' was never closed
-- TEST CASE 4:
---- input:
11.0
---- correct output:
380.133
5575.28
-- ERROR:
File "XXXX", line 9
    print(round(volume,3)
         ^
SyntaxError: '(' was never closed
-- TEST CASE 5:
---- input:
67.34
---- correct output:
14246.104
1279110.151
-- ERROR:
File "XXXX", line 9
    print(round(volume,3)
         ^
SyntaxError: '(' was never closed
-- TEST CASE 6:
---- input:
2.0
---- correct output:
12.566
33.51
-- ERROR:
File "XXXX", line 9
    print(round(volume,3)
         ^
SyntaxError: '(' was never closed
-- GRADE:
0%
*-*-*-*-*-*-*-*-*-*-*-*-*-*-*-*-*-*-*-*-*-*-*-*
== RUN (2025-08-27 02:20:38)
-- CODE: 
import math

r = float(input())

area = math.pi * r ** 2

volume = (4/3) * math.pi * r ** 3

print(round(area,3))

print(volume,3)
-- EXECUTION TIME: 
0.0
-- TEST CASE 1:
---- input:
0.1
---- correct output:
0.031
0.004
---- user output:
0.004188790204786391 3
-- TEST CASE 2:
---- input:
4.5

---- correct output:
63.617
381.704
---- user output:
381.7035074111598 3
-- TEST CASE 3:
---- input:
12.34
---- correct output:
478.388
7871.076
---- user output:
7871.075684676355 3
-- TEST CASE 4:
---- input:
11.0
---- correct output:
380.133
5575.28
---- user output:
5575.279762570686 3
-- TEST CASE 5:
---- input:
67.34
---- correct output:
14246.104
1279110.151
---- user output:
1279110.1508659336 3
-- TEST CASE 6:
---- input:
2.0
---- correct output:
12.566
33.51
---- user output:
33.510321638291124 3
*-*-*-*-*-*-*-*-*-*-*-*-*-*-*-*-*-*-*-*-*-*-*-*
== SUBMISSION (2025-08-27 03:13:00)
-- CODE: 
import math

r = float(input())

area = math.pi * r ** 2  
volume = (4/3) * math.pi * r ** 3  

print(f"{area:.3f}")  
print(f"{volume:.3f}")
-- EXECUTION TIME: 
0.01
-- TEST CASE 1:
---- input:
0.1
---- correct output:
0.031
0.004
---- user output:
0.004
-- TEST CASE 2:
---- input:
4.5

---- correct output:
63.617
381.704
---- user output:
381.704
-- TEST CASE 3:
---- input:
12.34
---- correct output:
478.388
7871.076
---- user output:
7871.076
-- TEST CASE 4:
---- input:
11.0
---- correct output:
380.133
5575.28
---- user output:
5575.280
-- TEST CASE 5:
---- input:
67.34
---- correct output:
14246.104
1279110.151
---- user output:
1279110.151
-- TEST CASE 6:
---- input:
2.0
---- correct output:
12.566
33.51
---- user output:
33.510
-- GRADE:
100%
*-*-*-*-*-*-*-*-*-*-*-*-*-*-*-*-*-*-*-*-*-*-*-*
== SUBMISSION (2025-08-27 02:53:09)
-- CODE: 
math import

r = float(input())

area = math.pi * r ** 2

volume = (4/3) * math.pi * r ** 3

print(round(area,3))

print(volume,3)
-- EXECUTION TIME: 
0.0
-- TEST CASE 1:
---- input:
0.1
---- correct output:
0.031
0.004
-- ERROR:
File "XXXX", line 1
    math import
         ^^^^^^
SyntaxError: invalid syntax
-- TEST CASE 2:
---- input:
4.5

---- correct output:
63.617
381.704
-- ERROR:
File "XXXX", line 1
    math import
         ^^^^^^
SyntaxError: invalid syntax
-- TEST CASE 3:
---- input:
12.34
---- correct output:
478.388
7871.076
-- ERROR:
File "XXXX", line 1
    math import
         ^^^^^^
SyntaxError: invalid syntax
-- TEST CASE 4:
---- input:
11.0
---- correct output:
380.133
5575.28
-- ERROR:
File "XXXX", line 1
    math import
         ^^^^^^
SyntaxError: invalid syntax
-- TEST CASE 5:
---- input:
67.34
---- correct output:
14246.104
1279110.151
-- ERROR:
File "XXXX", line 1
    math import
         ^^^^^^
SyntaxError: invalid syntax
-- TEST CASE 6:
---- input:
2.0
---- correct output:
12.566
33.51
-- ERROR:
File "XXXX", line 1
    math import
         ^^^^^^
SyntaxError: invalid syntax
-- GRADE:
0%
*-*-*-*-*-*-*-*-*-*-*-*-*-*-*-*-*-*-*-*-*-*-*-*
== SUBMISSION (2025-08-27 02:55:11)
-- CODE: 
import math
r = float(input())

area = math.pi * r ** 2

volume = (4/3) * math.pi * r ** 3

print(round(area,3))
print(volume,3)
-- EXECUTION TIME: 
0.01
-- TEST CASE 1:
---- input:
0.1
---- correct output:
0.031
0.004
---- user output:
0.004188790204786391 3
-- TEST CASE 2:
---- input:
4.5

---- correct output:
63.617
381.704
---- user output:
381.7035074111598 3
-- TEST CASE 3:
---- input:
12.34
---- correct output:
478.388
7871.076
---- user output:
7871.075684676355 3
-- TEST CASE 4:
---- input:
11.0
---- correct output:
380.133
5575.28
---- user output:
5575.279762570686 3
-- TEST CASE 5:
---- input:
67.34
---- correct output:
14246.104
1279110.151
---- user output:
1279110.1508659336 3
-- TEST CASE 6:
---- input:
2.0
---- correct output:
12.566
33.51
---- user output:
33.510321638291124 3
-- GRADE:
0%
*-*-*-*-*-*-*-*-*-*-*-*-*-*-*-*-*-*-*-*-*-*-*-*
== SUBMISSION (2025-08-27 02:54:46)
-- CODE: 

r = float(input())

area = math.pi * r ** 2

volume = (4/3) * math.pi * r ** 3

print(round(area,3))
print(volume,3)
-- EXECUTION TIME: 
0.0
-- TEST CASE 1:
---- input:
0.1
---- correct output:
0.031
0.004
-- ERROR:
Traceback (most recent call last):
  File "XXXX", line 4, in <module>
    area = math.pi * r ** 2
           ^^^^
NameError: name 'math' is not defined
-- TEST CASE 2:
---- input:
4.5

---- correct output:
63.617
381.704
-- ERROR:
Traceback (most recent call last):
  File "XXXX", line 4, in <module>
    area = math.pi * r ** 2
           ^^^^
NameError: name 'math' is not defined
-- TEST CASE 3:
---- input:
12.34
---- correct output:
478.388
7871.076
-- ERROR:
Traceback (most recent call last):
  File "XXXX", line 4, in <module>
    area = math.pi * r ** 2
           ^^^^
NameError: name 'math' is not defined
-- TEST CASE 4:
---- input:
11.0
---- correct output:
380.133
5575.28
-- ERROR:
Traceback (most recent call last):
  File "XXXX", line 4, in <module>
    area = math.pi * r ** 2
           ^^^^
NameError: name 'math' is not defined
-- TEST CASE 5:
---- input:
67.34
---- correct output:
14246.104
1279110.151
-- ERROR:
Traceback (most recent call last):
  File "XXXX", line 4, in <module>
    area = math.pi * r ** 2
           ^^^^
NameError: name 'math' is not defined
-- TEST CASE 6:
---- input:
2.0
---- correct output:
12.566
33.51
-- ERROR:
Traceback (most recent call last):
  File "XXXX", line 4, in <module>
    area = math.pi * r ** 2
           ^^^^
NameError: name 'math' is not defined
-- GRADE:
0%
*-*-*-*-*-*-*-*-*-*-*-*-*-*-*-*-*-*-*-*-*-*-*-*
