{"dateTime": "2025-08-28T17:57:15.261Z", "eventType": "focus", "fullPath": "/main.py"}
{"dateTime": "2025-08-28T17:57:15.263Z", "eventType": "select.pointer", "fullPath": "/main.py", "details": {"selection": {"from": 100, "to": 100}}}
{"dateTime": "2025-08-28T17:57:16.402Z", "eventType": "input.type", "fullPath": "/main.py", "details": {"fromA": 100, "toA": 100, "fromB": 100, "toB": 101, "inserted": [" "]}}
{"dateTime": "2025-08-28T17:57:17.026Z", "eventType": "input.type", "fullPath": "/main.py", "details": {"fromA": 101, "toA": 101, "fromB": 101, "toB": 102, "inserted": ["+"]}}
{"dateTime": "2025-08-28T17:57:34.885Z", "eventType": "focus", "fullPath": "/main.py"}
{"dateTime": "2025-08-28T17:57:34.888Z", "eventType": "select.pointer", "fullPath": "/main.py", "details": {"selection": {"from": 125, "to": 125}}}
{"dateTime": "2025-08-28T17:57:35.408Z", "eventType": "delete.backward", "fullPath": "/main.py", "details": {"fromA": 101, "toA": 102, "fromB": 101, "toB": 101, "inserted": [""]}}
{"dateTime": "2025-08-28T17:57:36.594Z", "eventType": "input.type", "fullPath": "/main.py", "details": {"fromA": 101, "toA": 101, "fromB": 101, "toB": 102, "inserted": ["*"]}}
{"dateTime": "2025-08-28T17:57:39.714Z", "eventType": "input.type", "fullPath": "/main.py", "details": {"fromA": 102, "toA": 102, "fromB": 102, "toB": 103, "inserted": ["s"]}}
{"dateTime": "2025-08-28T17:57:40.689Z", "eventType": "input.type", "fullPath": "/main.py", "details": {"fromA": 103, "toA": 103, "fromB": 103, "toB": 104, "inserted": ["2"]}}
{"dateTime": "2025-08-28T17:57:41.138Z", "eventType": "input.type", "fullPath": "/main.py", "details": {"fromA": 104, "toA": 104, "fromB": 104, "toB": 105, "inserted": ["/"]}}
{"dateTime": "2025-08-28T17:57:41.617Z", "eventType": "input.type", "fullPath": "/main.py", "details": {"fromA": 105, "toA": 105, "fromB": 105, "toB": 106, "inserted": ["1"]}}
{"dateTime": "2025-08-28T17:57:42.129Z", "eventType": "input.type", "fullPath": "/main.py", "details": {"fromA": 106, "toA": 106, "fromB": 106, "toB": 107, "inserted": ["0"]}}
{"dateTime": "2025-08-28T17:57:42.929Z", "eventType": "delete.backward", "fullPath": "/main.py", "details": {"fromA": 106, "toA": 107, "fromB": 106, "toB": 106, "inserted": [""]}}
{"dateTime": "2025-08-28T17:57:43.120Z", "eventType": "delete.backward", "fullPath": "/main.py", "details": {"fromA": 105, "toA": 106, "fromB": 105, "toB": 105, "inserted": [""]}}
{"dateTime": "2025-08-28T17:57:43.281Z", "eventType": "delete.backward", "fullPath": "/main.py", "details": {"fromA": 104, "toA": 105, "fromB": 104, "toB": 104, "inserted": [""]}}
{"dateTime": "2025-08-28T17:57:43.441Z", "eventType": "delete.backward", "fullPath": "/main.py", "details": {"fromA": 103, "toA": 104, "fromB": 103, "toB": 103, "inserted": [""]}}
{"dateTime": "2025-08-28T17:57:44.144Z", "eventType": "delete.backward", "fullPath": "/main.py", "details": {"fromA": 102, "toA": 103, "fromB": 102, "toB": 102, "inserted": [""]}}
{"dateTime": "2025-08-28T17:57:45.522Z", "eventType": "input.type", "fullPath": "/main.py", "details": {"fromA": 102, "toA": 102, "fromB": 102, "toB": 103, "inserted": [" "]}}
{"dateTime": "2025-08-28T17:57:45.723Z", "eventType": "blur", "fullPath": "/main.py"}
{"dateTime": "2025-08-28T17:57:46.147Z", "eventType": "input.type", "fullPath": "/main.py", "details": {"fromA": 103, "toA": 103, "fromB": 103, "toB": 105, "inserted": ["()"]}}
{"dateTime": "2025-08-28T17:57:46.866Z", "eventType": "input.type", "fullPath": "/main.py", "details": {"fromA": 104, "toA": 104, "fromB": 104, "toB": 105, "inserted": ["2"]}}
{"dateTime": "2025-08-28T17:57:47.821Z", "eventType": "focus", "fullPath": "/main.py"}
{"dateTime": "2025-08-28T17:57:47.823Z", "eventType": "select.pointer", "fullPath": "/main.py", "details": {"selection": {"from": 125, "to": 125}}}
{"dateTime": "2025-08-28T17:57:47.845Z", "eventType": "blur", "fullPath": "/main.py"}
{"dateTime": "2025-08-28T17:57:48.290Z", "eventType": "input.type", "fullPath": "/main.py", "details": {"fromA": 105, "toA": 105, "fromB": 105, "toB": 106, "inserted": ["5"]}}
{"dateTime": "2025-08-28T17:57:49.042Z", "eventType": "input.type", "fullPath": "/main.py", "details": {"fromA": 106, "toA": 106, "fromB": 106, "toB": 107, "inserted": ["/"]}}
{"dateTime": "2025-08-28T17:57:49.506Z", "eventType": "input.type", "fullPath": "/main.py", "details": {"fromA": 107, "toA": 107, "fromB": 107, "toB": 108, "inserted": ["1"]}}
{"dateTime": "2025-08-28T17:57:49.890Z", "eventType": "input.type", "fullPath": "/main.py", "details": {"fromA": 108, "toA": 108, "fromB": 108, "toB": 109, "inserted": ["0"]}}
{"dateTime": "2025-08-28T17:57:49.957Z", "eventType": "focus", "fullPath": "/main.py"}
{"dateTime": "2025-08-28T17:57:49.960Z", "eventType": "select.pointer", "fullPath": "/main.py", "details": {"selection": {"from": 96, "to": 96}}}
{"dateTime": "2025-08-28T17:57:50.194Z", "eventType": "input.type", "fullPath": "/main.py", "details": {"fromA": 109, "toA": 109, "fromB": 109, "toB": 110, "inserted": ["0"]}}
{"dateTime": "2025-08-28T17:57:51.230Z", "eventType": "select.pointer", "fullPath": "/main.py", "details": {"selection": {"from": 95, "to": 95}}}
{"dateTime": "2025-08-28T17:57:52.071Z", "eventType": "select.pointer", "fullPath": "/main.py", "details": {"selection": {"from": 125, "to": 125}}}
{"dateTime": "2025-08-28T17:57:53.145Z", "eventType": "select.pointer", "fullPath": "/main.py", "details": {"selection": {"from": 95, "to": 95}}}
{"dateTime": "2025-08-28T17:57:53.244Z", "eventType": "select.pointer", "fullPath": "/main.py", "details": {"selection": {"from": 95, "to": 95}}}
{"dateTime": "2025-08-28T17:57:54.286Z", "eventType": "delete.backward", "fullPath": "/main.py", "details": {"fromA": 94, "toA": 95, "fromB": 94, "toB": 94, "inserted": [""]}}
{"dateTime": "2025-08-28T17:57:54.557Z", "eventType": "delete.backward", "fullPath": "/main.py", "details": {"fromA": 93, "toA": 94, "fromB": 93, "toB": 93, "inserted": [""]}}
{"dateTime": "2025-08-28T17:57:54.748Z", "eventType": "delete.backward", "fullPath": "/main.py", "details": {"fromA": 92, "toA": 93, "fromB": 92, "toB": 92, "inserted": [""]}}
{"dateTime": "2025-08-28T17:57:54.941Z", "eventType": "delete.backward", "fullPath": "/main.py", "details": {"fromA": 91, "toA": 92, "fromB": 91, "toB": 91, "inserted": [""]}}
{"dateTime": "2025-08-28T17:57:55.117Z", "eventType": "delete.backward", "fullPath": "/main.py", "details": {"fromA": 90, "toA": 91, "fromB": 90, "toB": 90, "inserted": [""]}}
{"dateTime": "2025-08-28T17:57:55.308Z", "eventType": "delete.backward", "fullPath": "/main.py", "details": {"fromA": 89, "toA": 90, "fromB": 89, "toB": 89, "inserted": [""]}}
{"dateTime": "2025-08-28T17:57:55.533Z", "eventType": "delete.backward", "fullPath": "/main.py", "details": {"fromA": 88, "toA": 89, "fromB": 88, "toB": 88, "inserted": [""]}}
{"dateTime": "2025-08-28T17:57:55.791Z", "eventType": "delete.backward", "fullPath": "/main.py", "details": {"fromA": 87, "toA": 88, "fromB": 87, "toB": 87, "inserted": [""]}}
{"dateTime": "2025-08-28T17:57:56.304Z", "eventType": "input.type", "fullPath": "/main.py", "details": {"fromA": 87, "toA": 87, "fromB": 87, "toB": 88, "inserted": ["f"]}}
{"dateTime": "2025-08-28T17:57:56.514Z", "eventType": "input.type", "fullPath": "/main.py", "details": {"fromA": 88, "toA": 88, "fromB": 88, "toB": 89, "inserted": ["o"]}}
{"dateTime": "2025-08-28T17:57:56.644Z", "eventType": "input.type", "fullPath": "/main.py", "details": {"fromA": 89, "toA": 89, "fromB": 89, "toB": 90, "inserted": ["r"]}}
{"dateTime": "2025-08-28T17:57:56.831Z", "eventType": "input.type", "fullPath": "/main.py", "details": {"fromA": 90, "toA": 90, "fromB": 90, "toB": 91, "inserted": ["m"]}}
{"dateTime": "2025-08-28T17:57:56.992Z", "eventType": "input.type", "fullPath": "/main.py", "details": {"fromA": 91, "toA": 91, "fromB": 91, "toB": 92, "inserted": ["u"]}}
{"dateTime": "2025-08-28T17:57:57.262Z", "eventType": "input.type", "fullPath": "/main.py", "details": {"fromA": 92, "toA": 92, "fromB": 92, "toB": 93, "inserted": ["\u00e7"]}}
{"dateTime": "2025-08-28T17:57:57.551Z", "eventType": "input.type", "fullPath": "/main.py", "details": {"fromA": 93, "toA": 93, "fromB": 93, "toB": 94, "inserted": ["l"]}}
{"dateTime": "2025-08-28T17:57:57.967Z", "eventType": "delete.backward", "fullPath": "/main.py", "details": {"fromA": 93, "toA": 94, "fromB": 93, "toB": 93, "inserted": [""]}}
{"dateTime": "2025-08-28T17:57:58.654Z", "eventType": "delete.backward", "fullPath": "/main.py", "details": {"fromA": 92, "toA": 93, "fromB": 92, "toB": 92, "inserted": [""]}}
{"dateTime": "2025-08-28T17:57:58.927Z", "eventType": "input.type", "fullPath": "/main.py", "details": {"fromA": 92, "toA": 92, "fromB": 92, "toB": 93, "inserted": ["l"]}}
{"dateTime": "2025-08-28T17:57:59.072Z", "eventType": "input.type", "fullPath": "/main.py", "details": {"fromA": 93, "toA": 93, "fromB": 93, "toB": 94, "inserted": ["a"]}}
{"dateTime": "2025-08-28T17:58:00.910Z", "eventType": "input.type", "fullPath": "/main.py", "details": {"fromA": 94, "toA": 94, "fromB": 94, "toB": 95, "inserted": ["*"]}}
{"dateTime": "2025-08-28T17:58:01.051Z", "eventType": "blur", "fullPath": "/main.py"}
{"dateTime": "2025-08-28T17:58:02.823Z", "eventType": "blur", "fullPath": "/main.py"}
{"dateTime": "2025-08-28T17:58:04.848Z", "eventType": "focus", "fullPath": "/main.py"}
{"dateTime": "2025-08-28T17:58:04.851Z", "eventType": "select.pointer", "fullPath": "/main.py", "details": {"selection": {"from": 0, "to": 0}}}
{"dateTime": "2025-08-28T17:58:07.331Z", "eventType": "input.type", "fullPath": "/main.py", "details": {"fromA": 0, "toA": 0, "fromB": 0, "toB": 1, "inserted": ["k"]}}
{"dateTime": "2025-08-28T17:58:08.083Z", "eventType": "input.type", "fullPath": "/main.py", "details": {"fromA": 1, "toA": 1, "fromB": 1, "toB": 2, "inserted": ["w"]}}
{"dateTime": "2025-08-28T17:58:08.370Z", "eventType": "input.type", "fullPath": "/main.py", "details": {"fromA": 2, "toA": 2, "fromB": 2, "toB": 3, "inserted": ["h"]}}
{"dateTime": "2025-08-28T17:58:08.563Z", "eventType": "submission", "details": {"correctness": 1, "commit": "8cb691ff3426825d74cbe226edf069f35455faac", "executionTime": 0.01}}
{"dateTime": "2025-08-28T17:58:09.842Z", "eventType": "input.type", "fullPath": "/main.py", "details": {"fromA": 3, "toA": 3, "fromB": 3, "toB": 4, "inserted": [" "]}}
{"dateTime": "2025-08-28T17:58:10.162Z", "eventType": "input.type", "fullPath": "/main.py", "details": {"fromA": 4, "toA": 4, "fromB": 4, "toB": 5, "inserted": ["="]}}
{"dateTime": "2025-08-28T17:58:10.242Z", "eventType": "input.type", "fullPath": "/main.py", "details": {"fromA": 5, "toA": 5, "fromB": 5, "toB": 6, "inserted": [" "]}}
{"dateTime": "2025-08-28T17:58:10.610Z", "eventType": "input.type", "fullPath": "/main.py", "details": {"fromA": 6, "toA": 6, "fromB": 6, "toB": 7, "inserted": ["f"]}}
{"dateTime": "2025-08-28T17:58:10.787Z", "eventType": "input.type", "fullPath": "/main.py", "details": {"fromA": 7, "toA": 7, "fromB": 7, "toB": 8, "inserted": ["l"]}}
{"dateTime": "2025-08-28T17:58:10.948Z", "eventType": "input.type", "fullPath": "/main.py", "details": {"fromA": 8, "toA": 8, "fromB": 8, "toB": 9, "inserted": ["o"]}}
{"dateTime": "2025-08-28T17:58:11.010Z", "eventType": "input.type", "fullPath": "/main.py", "details": {"fromA": 9, "toA": 9, "fromB": 9, "toB": 10, "inserted": ["a"]}}
{"dateTime": "2025-08-28T17:58:11.251Z", "eventType": "input.type", "fullPath": "/main.py", "details": {"fromA": 10, "toA": 10, "fromB": 10, "toB": 11, "inserted": ["t"]}}
{"dateTime": "2025-08-28T17:58:12.739Z", "eventType": "input.type", "fullPath": "/main.py", "details": {"fromA": 11, "toA": 11, "fromB": 11, "toB": 13, "inserted": ["()"]}}
{"dateTime": "2025-08-28T17:58:13.026Z", "eventType": "input.type", "fullPath": "/main.py", "details": {"fromA": 12, "toA": 12, "fromB": 12, "toB": 13, "inserted": ["i"]}}
{"dateTime": "2025-08-28T17:58:13.222Z", "eventType": "input.type", "fullPath": "/main.py", "details": {"fromA": 13, "toA": 13, "fromB": 13, "toB": 14, "inserted": ["n"]}}
{"dateTime": "2025-08-28T17:58:13.571Z", "eventType": "input.type", "fullPath": "/main.py", "details": {"fromA": 14, "toA": 14, "fromB": 14, "toB": 15, "inserted": ["p"]}}
{"dateTime": "2025-08-28T17:58:13.746Z", "eventType": "input.type", "fullPath": "/main.py", "details": {"fromA": 15, "toA": 15, "fromB": 15, "toB": 16, "inserted": ["u"]}}
{"dateTime": "2025-08-28T17:58:13.923Z", "eventType": "input.type", "fullPath": "/main.py", "details": {"fromA": 16, "toA": 16, "fromB": 16, "toB": 17, "inserted": ["t"]}}
{"dateTime": "2025-08-28T17:58:15.551Z", "eventType": "input.type", "fullPath": "/main.py", "details": {"fromA": 17, "toA": 17, "fromB": 17, "toB": 19, "inserted": ["()"]}}
{"dateTime": "2025-08-28T17:58:17.075Z", "eventType": "input.type", "fullPath": "/main.py", "details": {"fromA": 18, "toA": 18, "fromB": 18, "toB": 20, "inserted": ["\"\""]}}
{"dateTime": "2025-08-28T17:58:17.650Z", "eventType": "input.type", "fullPath": "/main.py", "details": {"fromA": 19, "toA": 19, "fromB": 19, "toB": 20, "inserted": ["d"]}}
{"dateTime": "2025-08-28T17:58:17.890Z", "eventType": "input.type", "fullPath": "/main.py", "details": {"fromA": 20, "toA": 20, "fromB": 20, "toB": 21, "inserted": ["i"]}}
{"dateTime": "2025-08-28T17:58:18.066Z", "eventType": "input.type", "fullPath": "/main.py", "details": {"fromA": 21, "toA": 21, "fromB": 21, "toB": 22, "inserted": ["g"]}}
{"dateTime": "2025-08-28T17:58:18.274Z", "eventType": "input.type", "fullPath": "/main.py", "details": {"fromA": 22, "toA": 22, "fromB": 22, "toB": 23, "inserted": ["i"]}}
{"dateTime": "2025-08-28T17:58:18.418Z", "eventType": "input.type", "fullPath": "/main.py", "details": {"fromA": 23, "toA": 23, "fromB": 23, "toB": 24, "inserted": ["t"]}}
{"dateTime": "2025-08-28T17:58:18.558Z", "eventType": "input.type", "fullPath": "/main.py", "details": {"fromA": 24, "toA": 24, "fromB": 24, "toB": 25, "inserted": ["e"]}}
{"dateTime": "2025-08-28T17:58:19.026Z", "eventType": "input.type", "fullPath": "/main.py", "details": {"fromA": 25, "toA": 25, "fromB": 25, "toB": 26, "inserted": [" "]}}
{"dateTime": "2025-08-28T17:58:19.298Z", "eventType": "input.type", "fullPath": "/main.py", "details": {"fromA": 26, "toA": 26, "fromB": 26, "toB": 27, "inserted": ["u"]}}
{"dateTime": "2025-08-28T17:58:19.986Z", "eventType": "input.type", "fullPath": "/main.py", "details": {"fromA": 27, "toA": 27, "fromB": 27, "toB": 28, "inserted": ["m"]}}
{"dateTime": "2025-08-28T17:58:20.178Z", "eventType": "input.type", "fullPath": "/main.py", "details": {"fromA": 28, "toA": 28, "fromB": 28, "toB": 29, "inserted": [" "]}}
{"dateTime": "2025-08-28T17:58:20.242Z", "eventType": "input.type", "fullPath": "/main.py", "details": {"fromA": 29, "toA": 29, "fromB": 29, "toB": 30, "inserted": ["v"]}}
{"dateTime": "2025-08-28T17:58:20.322Z", "eventType": "input.type", "fullPath": "/main.py", "details": {"fromA": 30, "toA": 30, "fromB": 30, "toB": 31, "inserted": ["a"]}}
{"dateTime": "2025-08-28T17:58:20.498Z", "eventType": "input.type", "fullPath": "/main.py", "details": {"fromA": 31, "toA": 31, "fromB": 31, "toB": 32, "inserted": ["l"]}}
{"dateTime": "2025-08-28T17:58:20.674Z", "eventType": "input.type", "fullPath": "/main.py", "details": {"fromA": 32, "toA": 32, "fromB": 32, "toB": 33, "inserted": ["o"]}}
{"dateTime": "2025-08-28T17:58:20.754Z", "eventType": "input.type", "fullPath": "/main.py", "details": {"fromA": 33, "toA": 33, "fromB": 33, "toB": 34, "inserted": ["t"]}}
{"dateTime": "2025-08-28T17:58:21.681Z", "eventType": "delete.backward", "fullPath": "/main.py", "details": {"fromA": 33, "toA": 34, "fromB": 33, "toB": 33, "inserted": [""]}}
{"dateTime": "2025-08-28T17:58:22.162Z", "eventType": "input.type", "fullPath": "/main.py", "details": {"fromA": 33, "toA": 33, "fromB": 33, "toB": 34, "inserted": ["r"]}}
{"dateTime": "2025-08-28T17:58:22.562Z", "eventType": "input.type", "fullPath": "/main.py", "details": {"fromA": 34, "toA": 34, "fromB": 34, "toB": 35, "inserted": [":"]}}
{"dateTime": "2025-08-28T17:58:28.642Z", "eventType": "input.type", "fullPath": "/main.py", "details": {"fromA": 35, "toA": 35, "fromB": 35, "toB": 36, "inserted": [" "]}}
{"dateTime": "2025-08-28T17:58:29.220Z", "eventType": "input", "fullPath": "/main.py", "details": {"fromA": 36, "toA": 36, "fromB": 36, "toB": 37, "inserted": ["", ""]}}
{"dateTime": "2025-08-28T17:58:29.330Z", "eventType": "input.type", "fullPath": "/main.py", "details": {"fromA": 37, "toA": 37, "fromB": 37, "toB": 38, "inserted": [" "]}}
{"dateTime": "2025-08-28T17:58:29.829Z", "eventType": "input.type", "fullPath": "/main.py", "details": {"fromA": 38, "toA": 38, "fromB": 38, "toB": 39, "inserted": [" "]}}
{"dateTime": "2025-08-28T17:58:29.877Z", "eventType": "input.type", "fullPath": "/main.py", "details": {"fromA": 39, "toA": 39, "fromB": 39, "toB": 40, "inserted": [" "]}}
{"dateTime": "2025-08-28T17:58:29.929Z", "eventType": "input.type", "fullPath": "/main.py", "details": {"fromA": 40, "toA": 40, "fromB": 40, "toB": 41, "inserted": [" "]}}
{"dateTime": "2025-08-28T17:58:29.980Z", "eventType": "input.type", "fullPath": "/main.py", "details": {"fromA": 41, "toA": 41, "fromB": 41, "toB": 42, "inserted": [" "]}}
{"dateTime": "2025-08-28T17:58:30.031Z", "eventType": "input.type", "fullPath": "/main.py", "details": {"fromA": 42, "toA": 42, "fromB": 42, "toB": 43, "inserted": [" "]}}
{"dateTime": "2025-08-28T17:58:30.080Z", "eventType": "input.type", "fullPath": "/main.py", "details": {"fromA": 43, "toA": 43, "fromB": 43, "toB": 44, "inserted": [" "]}}
{"dateTime": "2025-08-28T17:58:30.131Z", "eventType": "input.type", "fullPath": "/main.py", "details": {"fromA": 44, "toA": 44, "fromB": 44, "toB": 45, "inserted": [" "]}}
{"dateTime": "2025-08-28T17:58:30.976Z", "eventType": "delete.backward", "fullPath": "/main.py", "details": {"fromA": 43, "toA": 45, "fromB": 43, "toB": 43, "inserted": [""]}}
{"dateTime": "2025-08-28T17:58:31.152Z", "eventType": "delete.backward", "fullPath": "/main.py", "details": {"fromA": 41, "toA": 43, "fromB": 41, "toB": 41, "inserted": [""]}}
{"dateTime": "2025-08-28T17:58:31.328Z", "eventType": "delete.backward", "fullPath": "/main.py", "details": {"fromA": 39, "toA": 41, "fromB": 39, "toB": 39, "inserted": [""]}}
{"dateTime": "2025-08-28T17:58:31.504Z", "eventType": "delete.backward", "fullPath": "/main.py", "details": {"fromA": 37, "toA": 39, "fromB": 37, "toB": 37, "inserted": [""]}}
{"dateTime": "2025-08-28T17:58:31.811Z", "eventType": "delete.backward", "fullPath": "/main.py", "details": {"fromA": 36, "toA": 37, "fromB": 36, "toB": 36, "inserted": [""]}}
{"dateTime": "2025-08-28T17:58:32.410Z", "eventType": "window.blur", "fullPath": "/main.py"}
{"dateTime": "2025-08-28T17:58:33.083Z", "eventType": "select.pointer", "fullPath": "/main.py", "details": {"selection": {"from": 39, "to": 39}}}
{"dateTime": "2025-08-28T17:58:33.715Z", "eventType": "input", "fullPath": "/main.py", "details": {"fromA": 39, "toA": 39, "fromB": 39, "toB": 40, "inserted": ["", ""]}}
{"dateTime": "2025-08-28T17:58:33.753Z", "eventType": "window.focus", "fullPath": "/main.py"}
{"dateTime": "2025-08-28T17:58:44.577Z", "eventType": "blur", "fullPath": "/main.py"}
{"dateTime": "2025-08-28T17:58:47.069Z", "eventType": "window.blur", "fullPath": "/main.py"}
{"dateTime": "2025-08-28T17:58:50.041Z", "eventType": "focus", "fullPath": "/main.py"}
{"dateTime": "2025-08-28T17:58:55.511Z", "eventType": "window.focus", "fullPath": "/main.py"}
{"dateTime": "2025-08-28T17:59:06.883Z", "eventType": "blur", "fullPath": "/main.py"}
{"dateTime": "2025-08-28T17:59:20.480Z", "eventType": "focus", "fullPath": "/main.py"}
{"dateTime": "2025-08-28T17:59:20.483Z", "eventType": "select.pointer", "fullPath": "/main.py", "details": {"selection": {"from": 140, "to": 140}}}
{"dateTime": "2025-08-28T17:59:20.563Z", "eventType": "select.pointer", "fullPath": "/main.py", "details": {"selection": {"from": 112, "to": 140}}}
{"dateTime": "2025-08-28T17:59:20.582Z", "eventType": "select.pointer", "fullPath": "/main.py", "details": {"selection": {"from": 69, "to": 140}}}
{"dateTime": "2025-08-28T17:59:20.596Z", "eventType": "select.pointer", "fullPath": "/main.py", "details": {"selection": {"from": 65, "to": 140}}}
{"dateTime": "2025-08-28T17:59:20.616Z", "eventType": "select.pointer", "fullPath": "/main.py", "details": {"selection": {"from": 50, "to": 140}}}
{"dateTime": "2025-08-28T17:59:20.762Z", "eventType": "select.pointer", "fullPath": "/main.py", "details": {"selection": {"from": 49, "to": 140}}}
{"dateTime": "2025-08-28T17:59:20.795Z", "eventType": "select.pointer", "fullPath": "/main.py", "details": {"selection": {"from": 47, "to": 140}}}
{"dateTime": "2025-08-28T17:59:20.813Z", "eventType": "select.pointer", "fullPath": "/main.py", "details": {"selection": {"from": 46, "to": 140}}}
{"dateTime": "2025-08-28T17:59:20.830Z", "eventType": "select.pointer", "fullPath": "/main.py", "details": {"selection": {"from": 44, "to": 140}}}
{"dateTime": "2025-08-28T17:59:20.848Z", "eventType": "select.pointer", "fullPath": "/main.py", "details": {"selection": {"from": 41, "to": 140}}}
{"dateTime": "2025-08-28T17:59:20.864Z", "eventType": "select.pointer", "fullPath": "/main.py", "details": {"selection": {"from": 40, "to": 140}}}
{"dateTime": "2025-08-28T17:59:21.571Z", "eventType": "delete.selection", "fullPath": "/main.py", "details": {"fromA": 40, "toA": 140, "fromB": 40, "toB": 40, "inserted": [""]}}
{"dateTime": "2025-08-28T17:59:22.177Z", "eventType": "input.type", "fullPath": "/main.py", "details": {"fromA": 40, "toA": 40, "fromB": 40, "toB": 41, "inserted": ["f"]}}
{"dateTime": "2025-08-28T17:59:22.356Z", "eventType": "input.type", "fullPath": "/main.py", "details": {"fromA": 41, "toA": 41, "fromB": 41, "toB": 42, "inserted": ["o"]}}
{"dateTime": "2025-08-28T17:59:22.434Z", "eventType": "input.type", "fullPath": "/main.py", "details": {"fromA": 42, "toA": 42, "fromB": 42, "toB": 43, "inserted": ["r"]}}
{"dateTime": "2025-08-28T17:59:22.898Z", "eventType": "input.type", "fullPath": "/main.py", "details": {"fromA": 43, "toA": 43, "fromB": 43, "toB": 44, "inserted": ["m"]}}
{"dateTime": "2025-08-28T17:59:23.041Z", "eventType": "input.type", "fullPath": "/main.py", "details": {"fromA": 44, "toA": 44, "fromB": 44, "toB": 45, "inserted": ["u"]}}
{"dateTime": "2025-08-28T17:59:23.473Z", "eventType": "input.type", "fullPath": "/main.py", "details": {"fromA": 45, "toA": 45, "fromB": 45, "toB": 46, "inserted": ["l"]}}
{"dateTime": "2025-08-28T17:59:23.985Z", "eventType": "input.type", "fullPath": "/main.py", "details": {"fromA": 46, "toA": 46, "fromB": 46, "toB": 47, "inserted": ["a"]}}
{"dateTime": "2025-08-28T17:59:24.193Z", "eventType": "input.type", "fullPath": "/main.py", "details": {"fromA": 47, "toA": 47, "fromB": 47, "toB": 48, "inserted": [" "]}}
{"dateTime": "2025-08-28T17:59:26.849Z", "eventType": "input.type", "fullPath": "/main.py", "details": {"fromA": 48, "toA": 48, "fromB": 48, "toB": 49, "inserted": [" "]}}
{"dateTime": "2025-08-28T17:59:27.648Z", "eventType": "delete.backward", "fullPath": "/main.py", "details": {"fromA": 48, "toA": 49, "fromB": 48, "toB": 48, "inserted": [""]}}
{"dateTime": "2025-08-28T17:59:28.130Z", "eventType": "input.type", "fullPath": "/main.py", "details": {"fromA": 48, "toA": 48, "fromB": 48, "toB": 49, "inserted": ["="]}}
{"dateTime": "2025-08-28T17:59:28.337Z", "eventType": "input.type", "fullPath": "/main.py", "details": {"fromA": 49, "toA": 49, "fromB": 49, "toB": 50, "inserted": [" "]}}
{"dateTime": "2025-08-28T17:59:30.002Z", "eventType": "input.type", "fullPath": "/main.py", "details": {"fromA": 50, "toA": 50, "fromB": 50, "toB": 52, "inserted": ["()"]}}
{"dateTime": "2025-08-28T17:59:30.930Z", "eventType": "input.type", "fullPath": "/main.py", "details": {"fromA": 51, "toA": 51, "fromB": 51, "toB": 52, "inserted": ["0"]}}
{"dateTime": "2025-08-28T17:59:31.841Z", "eventType": "input.type", "fullPath": "/main.py", "details": {"fromA": 52, "toA": 52, "fromB": 52, "toB": 53, "inserted": ["."]}}
{"dateTime": "2025-08-28T17:59:32.543Z", "eventType": "input.type", "fullPath": "/main.py", "details": {"fromA": 53, "toA": 53, "fromB": 53, "toB": 54, "inserted": ["4"]}}
{"dateTime": "2025-08-28T17:59:32.639Z", "eventType": "input.type", "fullPath": "/main.py", "details": {"fromA": 54, "toA": 54, "fromB": 54, "toB": 55, "inserted": ["3"]}}
{"dateTime": "2025-08-28T17:59:33.217Z", "eventType": "input.type", "fullPath": "/main.py", "details": {"fromA": 55, "toA": 55, "fromB": 55, "toB": 56, "inserted": [" "]}}
{"dateTime": "2025-08-28T17:59:35.167Z", "eventType": "delete.backward", "fullPath": "/main.py", "details": {"fromA": 55, "toA": 56, "fromB": 55, "toB": 55, "inserted": [""]}}
{"dateTime": "2025-08-28T17:59:37.426Z", "eventType": "input.type", "fullPath": "/main.py", "details": {"fromA": 55, "toA": 55, "fromB": 55, "toB": 56, "inserted": [" "]}}
{"dateTime": "2025-08-28T17:59:38.242Z", "eventType": "input.type", "fullPath": "/main.py", "details": {"fromA": 56, "toA": 56, "fromB": 56, "toB": 57, "inserted": ["*"]}}
{"dateTime": "2025-08-28T17:59:38.722Z", "eventType": "input.type", "fullPath": "/main.py", "details": {"fromA": 57, "toA": 57, "fromB": 57, "toB": 58, "inserted": [" "]}}
{"dateTime": "2025-08-28T17:59:39.986Z", "eventType": "input.type", "fullPath": "/main.py", "details": {"fromA": 58, "toA": 58, "fromB": 58, "toB": 59, "inserted": ["k"]}}
{"dateTime": "2025-08-28T17:59:41.138Z", "eventType": "input.type", "fullPath": "/main.py", "details": {"fromA": 59, "toA": 59, "fromB": 59, "toB": 60, "inserted": ["w"]}}
{"dateTime": "2025-08-28T17:59:41.523Z", "eventType": "input.type", "fullPath": "/main.py", "details": {"fromA": 60, "toA": 60, "fromB": 60, "toB": 61, "inserted": ["h"]}}
{"dateTime": "2025-08-28T17:59:43.762Z", "eventType": "input.type", "fullPath": "/main.py", "details": {"fromA": 61, "toA": 61, "fromB": 61, "toB": 62, "inserted": [" "]}}
{"dateTime": "2025-08-28T17:59:44.465Z", "eventType": "input.type", "fullPath": "/main.py", "details": {"fromA": 62, "toA": 63, "fromB": 62, "toB": 63, "inserted": [")"]}}
{"dateTime": "2025-08-28T17:59:44.473Z", "eventType": "focus", "fullPath": "/main.py"}
{"dateTime": "2025-08-28T17:59:44.477Z", "eventType": "select.pointer", "fullPath": "/main.py", "details": {"selection": {"from": 40, "to": 40}}}
{"dateTime": "2025-08-28T17:59:45.616Z", "eventType": "delete.backward", "fullPath": "/main.py", "details": {"fromA": 62, "toA": 63, "fromB": 62, "toB": 62, "inserted": [""]}}
{"dateTime": "2025-08-28T17:59:45.921Z", "eventType": "delete.backward", "fullPath": "/main.py", "details": {"fromA": 61, "toA": 62, "fromB": 61, "toB": 61, "inserted": [""]}}
{"dateTime": "2025-08-28T17:59:47.697Z", "eventType": "input.type", "fullPath": "/main.py", "details": {"fromA": 61, "toA": 61, "fromB": 61, "toB": 62, "inserted": ["+"]}}
{"dateTime": "2025-08-28T17:59:48.223Z", "eventType": "delete.backward", "fullPath": "/main.py", "details": {"fromA": 61, "toA": 62, "fromB": 61, "toB": 61, "inserted": [""]}}
{"dateTime": "2025-08-28T17:59:48.738Z", "eventType": "input.type", "fullPath": "/main.py", "details": {"fromA": 61, "toA": 61, "fromB": 61, "toB": 62, "inserted": [" "]}}
{"dateTime": "2025-08-28T17:59:52.420Z", "eventType": "input.type", "fullPath": "/main.py", "details": {"fromA": 40, "toA": 40, "fromB": 40, "toB": 41, "inserted": ["k"]}}
{"dateTime": "2025-08-28T17:59:52.725Z", "eventType": "input.type", "fullPath": "/main.py", "details": {"fromA": 41, "toA": 41, "fromB": 41, "toB": 42, "inserted": ["w"]}}
{"dateTime": "2025-08-28T17:59:53.027Z", "eventType": "input.type", "fullPath": "/main.py", "details": {"fromA": 42, "toA": 42, "fromB": 42, "toB": 43, "inserted": ["h"]}}
{"dateTime": "2025-08-28T17:59:53.104Z", "eventType": "delete.backward", "fullPath": "/main.py", "details": {"fromA": 61, "toA": 62, "fromB": 61, "toB": 61, "inserted": [""]}}
{"dateTime": "2025-08-28T17:59:53.971Z", "eventType": "input.type", "fullPath": "/main.py", "details": {"fromA": 43, "toA": 43, "fromB": 43, "toB": 44, "inserted": [" "]}}
{"dateTime": "2025-08-28T17:59:54.259Z", "eventType": "input.type", "fullPath": "/main.py", "details": {"fromA": 44, "toA": 44, "fromB": 44, "toB": 45, "inserted": ["="]}}
{"dateTime": "2025-08-28T17:59:54.339Z", "eventType": "input.type", "fullPath": "/main.py", "details": {"fromA": 45, "toA": 45, "fromB": 45, "toB": 46, "inserted": [" "]}}
{"dateTime": "2025-08-28T17:59:54.418Z", "eventType": "input.type", "fullPath": "/main.py", "details": {"fromA": 61, "toA": 61, "fromB": 61, "toB": 62, "inserted": [")"]}}
{"dateTime": "2025-08-28T17:59:54.738Z", "eventType": "input.type", "fullPath": "/main.py", "details": {"fromA": 62, "toA": 62, "fromB": 62, "toB": 63, "inserted": [" "]}}
{"dateTime": "2025-08-28T17:59:56.418Z", "eventType": "input.type", "fullPath": "/main.py", "details": {"fromA": 63, "toA": 63, "fromB": 63, "toB": 64, "inserted": ["+"]}}
{"dateTime": "2025-08-28T17:59:59.734Z", "eventType": "blur", "fullPath": "/main.py"}
{"dateTime": "2025-08-28T18:00:01.759Z", "eventType": "focus", "fullPath": "/main.py"}
{"dateTime": "2025-08-28T18:00:01.762Z", "eventType": "select.pointer", "fullPath": "/main.py", "details": {"selection": {"from": 64, "to": 64}}}
{"dateTime": "2025-08-28T18:00:02.786Z", "eventType": "input.type", "fullPath": "/main.py", "details": {"fromA": 64, "toA": 64, "fromB": 64, "toB": 65, "inserted": [" "]}}
{"dateTime": "2025-08-28T18:00:02.946Z", "eventType": "input.type", "fullPath": "/main.py", "details": {"fromA": 65, "toA": 65, "fromB": 65, "toB": 66, "inserted": ["1"]}}
{"dateTime": "2025-08-28T18:00:03.202Z", "eventType": "input.type", "fullPath": "/main.py", "details": {"fromA": 66, "toA": 66, "fromB": 66, "toB": 67, "inserted": ["0"]}}
{"dateTime": "2025-08-28T18:00:03.267Z", "eventType": "input.type", "fullPath": "/main.py", "details": {"fromA": 46, "toA": 46, "fromB": 46, "toB": 47, "inserted": ["0"]}}
{"dateTime": "2025-08-28T18:00:03.875Z", "eventType": "input.type", "fullPath": "/main.py", "details": {"fromA": 47, "toA": 47, "fromB": 47, "toB": 48, "inserted": [","]}}
{"dateTime": "2025-08-28T18:00:04.258Z", "eventType": "input.type", "fullPath": "/main.py", "details": {"fromA": 67, "toA": 67, "fromB": 67, "toB": 68, "inserted": [" "]}}
{"dateTime": "2025-08-28T18:00:04.547Z", "eventType": "input.type", "fullPath": "/main.py", "details": {"fromA": 48, "toA": 48, "fromB": 48, "toB": 49, "inserted": ["4"]}}
{"dateTime": "2025-08-28T18:00:04.691Z", "eventType": "input.type", "fullPath": "/main.py", "details": {"fromA": 49, "toA": 49, "fromB": 49, "toB": 50, "inserted": ["3"]}}
{"dateTime": "2025-08-28T18:00:05.011Z", "eventType": "input", "fullPath": "/main.py", "details": {"fromA": 68, "toA": 68, "fromB": 68, "toB": 69, "inserted": ["", ""]}}
{"dateTime": "2025-08-28T18:00:06.225Z", "eventType": "input.type", "fullPath": "/main.py", "details": {"fromA": 69, "toA": 69, "fromB": 69, "toB": 70, "inserted": ["t"]}}
{"dateTime": "2025-08-28T18:00:06.468Z", "eventType": "input.type", "fullPath": "/main.py", "details": {"fromA": 70, "toA": 70, "fromB": 70, "toB": 71, "inserted": ["o"]}}
{"dateTime": "2025-08-28T18:00:06.597Z", "eventType": "input.type", "fullPath": "/main.py", "details": {"fromA": 71, "toA": 71, "fromB": 71, "toB": 72, "inserted": ["t"]}}
{"dateTime": "2025-08-28T18:00:06.868Z", "eventType": "input.type", "fullPath": "/main.py", "details": {"fromA": 72, "toA": 72, "fromB": 72, "toB": 73, "inserted": ["a"]}}
{"dateTime": "2025-08-28T18:00:07.122Z", "eventType": "input.type", "fullPath": "/main.py", "details": {"fromA": 73, "toA": 73, "fromB": 73, "toB": 74, "inserted": ["l"]}}
{"dateTime": "2025-08-28T18:00:07.841Z", "eventType": "input.type", "fullPath": "/main.py", "details": {"fromA": 74, "toA": 74, "fromB": 74, "toB": 75, "inserted": [" "]}}
{"dateTime": "2025-08-28T18:00:08.482Z", "eventType": "input.type", "fullPath": "/main.py", "details": {"fromA": 75, "toA": 75, "fromB": 75, "toB": 76, "inserted": ["="]}}
{"dateTime": "2025-08-28T18:00:08.786Z", "eventType": "input.type", "fullPath": "/main.py", "details": {"fromA": 76, "toA": 76, "fromB": 76, "toB": 77, "inserted": [" "]}}
{"dateTime": "2025-08-28T18:00:09.444Z", "eventType": "input", "fullPath": "/main.py", "details": {"fromA": 50, "toA": 50, "fromB": 50, "toB": 51, "inserted": ["", ""]}}
{"dateTime": "2025-08-28T18:00:09.953Z", "eventType": "input.type", "fullPath": "/main.py", "details": {"fromA": 77, "toA": 77, "fromB": 77, "toB": 78, "inserted": ["f"]}}
{"dateTime": "2025-08-28T18:00:11.090Z", "eventType": "input.type", "fullPath": "/main.py", "details": {"fromA": 78, "toA": 78, "fromB": 78, "toB": 79, "inserted": ["o"]}}
{"dateTime": "2025-08-28T18:00:11.283Z", "eventType": "input.type", "fullPath": "/main.py", "details": {"fromA": 79, "toA": 79, "fromB": 79, "toB": 80, "inserted": ["r"]}}
{"dateTime": "2025-08-28T18:00:12.098Z", "eventType": "input.type", "fullPath": "/main.py", "details": {"fromA": 80, "toA": 80, "fromB": 80, "toB": 81, "inserted": ["m"]}}
{"dateTime": "2025-08-28T18:00:12.242Z", "eventType": "input.type", "fullPath": "/main.py", "details": {"fromA": 81, "toA": 81, "fromB": 81, "toB": 82, "inserted": ["u"]}}
{"dateTime": "2025-08-28T18:00:12.515Z", "eventType": "input.type", "fullPath": "/main.py", "details": {"fromA": 82, "toA": 82, "fromB": 82, "toB": 83, "inserted": ["l"]}}
{"dateTime": "2025-08-28T18:00:12.738Z", "eventType": "input.type", "fullPath": "/main.py", "details": {"fromA": 83, "toA": 83, "fromB": 83, "toB": 84, "inserted": ["a"]}}
{"dateTime": "2025-08-28T18:00:13.554Z", "eventType": "input.type", "fullPath": "/main.py", "details": {"fromA": 84, "toA": 84, "fromB": 84, "toB": 85, "inserted": [" "]}}
{"dateTime": "2025-08-28T18:00:14.018Z", "eventType": "input.type", "fullPath": "/main.py", "details": {"fromA": 85, "toA": 85, "fromB": 85, "toB": 86, "inserted": ["+"]}}
{"dateTime": "2025-08-28T18:00:15.410Z", "eventType": "input.type", "fullPath": "/main.py", "details": {"fromA": 86, "toA": 86, "fromB": 86, "toB": 87, "inserted": [" "]}}
{"dateTime": "2025-08-28T18:00:18.637Z", "eventType": "input.type", "fullPath": "/main.py", "details": {"fromA": 87, "toA": 87, "fromB": 87, "toB": 88, "inserted": ["f"]}}
{"dateTime": "2025-08-28T18:00:18.862Z", "eventType": "input.type", "fullPath": "/main.py", "details": {"fromA": 88, "toA": 88, "fromB": 88, "toB": 89, "inserted": ["o"]}}
{"dateTime": "2025-08-28T18:00:19.007Z", "eventType": "input.type", "fullPath": "/main.py", "details": {"fromA": 89, "toA": 89, "fromB": 89, "toB": 90, "inserted": ["r"]}}
{"dateTime": "2025-08-28T18:00:19.332Z", "eventType": "input.type", "fullPath": "/main.py", "details": {"fromA": 90, "toA": 90, "fromB": 90, "toB": 91, "inserted": ["m"]}}
{"dateTime": "2025-08-28T18:00:19.442Z", "eventType": "input.type", "fullPath": "/main.py", "details": {"fromA": 91, "toA": 91, "fromB": 91, "toB": 92, "inserted": ["u"]}}
{"dateTime": "2025-08-28T18:00:20.195Z", "eventType": "input.type", "fullPath": "/main.py", "details": {"fromA": 92, "toA": 92, "fromB": 92, "toB": 93, "inserted": ["l"]}}
{"dateTime": "2025-08-28T18:00:20.450Z", "eventType": "input.type", "fullPath": "/main.py", "details": {"fromA": 93, "toA": 93, "fromB": 93, "toB": 94, "inserted": ["a"]}}
{"dateTime": "2025-08-28T18:00:21.956Z", "eventType": "input.type", "fullPath": "/main.py", "details": {"fromA": 51, "toA": 51, "fromB": 51, "toB": 52, "inserted": ["v"]}}
{"dateTime": "2025-08-28T18:00:22.064Z", "eventType": "input.type", "fullPath": "/main.py", "details": {"fromA": 52, "toA": 52, "fromB": 52, "toB": 53, "inserted": ["a"]}}
{"dateTime": "2025-08-28T18:00:22.260Z", "eventType": "input.type", "fullPath": "/main.py", "details": {"fromA": 53, "toA": 53, "fromB": 53, "toB": 54, "inserted": ["l"]}}
{"dateTime": "2025-08-28T18:00:22.468Z", "eventType": "input.type", "fullPath": "/main.py", "details": {"fromA": 54, "toA": 54, "fromB": 54, "toB": 55, "inserted": ["o"]}}
{"dateTime": "2025-08-28T18:00:22.613Z", "eventType": "input.type", "fullPath": "/main.py", "details": {"fromA": 55, "toA": 55, "fromB": 55, "toB": 56, "inserted": ["r"]}}
{"dateTime": "2025-08-28T18:00:22.771Z", "eventType": "input.type", "fullPath": "/main.py", "details": {"fromA": 56, "toA": 56, "fromB": 56, "toB": 57, "inserted": [" "]}}
{"dateTime": "2025-08-28T18:00:22.867Z", "eventType": "input.type", "fullPath": "/main.py", "details": {"fromA": 57, "toA": 57, "fromB": 57, "toB": 58, "inserted": ["f"]}}
{"dateTime": "2025-08-28T18:00:23.045Z", "eventType": "input.type", "fullPath": "/main.py", "details": {"fromA": 58, "toA": 58, "fromB": 58, "toB": 59, "inserted": ["i"]}}
{"dateTime": "2025-08-28T18:00:23.380Z", "eventType": "input.type", "fullPath": "/main.py", "details": {"fromA": 59, "toA": 59, "fromB": 59, "toB": 60, "inserted": ["x"]}}
{"dateTime": "2025-08-28T18:00:23.572Z", "eventType": "input.type", "fullPath": "/main.py", "details": {"fromA": 60, "toA": 60, "fromB": 60, "toB": 61, "inserted": ["o"]}}
{"dateTime": "2025-08-28T18:00:24.452Z", "eventType": "input.type", "fullPath": "/main.py", "details": {"fromA": 61, "toA": 61, "fromB": 61, "toB": 62, "inserted": [" "]}}
{"dateTime": "2025-08-28T18:00:24.660Z", "eventType": "input.type", "fullPath": "/main.py", "details": {"fromA": 62, "toA": 62, "fromB": 62, "toB": 63, "inserted": ["="]}}
{"dateTime": "2025-08-28T18:00:24.755Z", "eventType": "input.type", "fullPath": "/main.py", "details": {"fromA": 63, "toA": 63, "fromB": 63, "toB": 64, "inserted": [" "]}}
{"dateTime": "2025-08-28T18:00:25.644Z", "eventType": "blur", "fullPath": "/main.py"}
{"dateTime": "2025-08-28T18:00:26.692Z", "eventType": "input.type", "fullPath": "/main.py", "details": {"fromA": 64, "toA": 64, "fromB": 64, "toB": 65, "inserted": ["1"]}}
{"dateTime": "2025-08-28T18:00:26.996Z", "eventType": "input.type", "fullPath": "/main.py", "details": {"fromA": 65, "toA": 65, "fromB": 65, "toB": 66, "inserted": ["0"]}}
{"dateTime": "2025-08-28T18:00:27.651Z", "eventType": "input.type", "fullPath": "/main.py", "details": {"fromA": 66, "toA": 66, "fromB": 66, "toB": 67, "inserted": [","]}}
{"dateTime": "2025-08-28T18:00:28.180Z", "eventType": "input.type", "fullPath": "/main.py", "details": {"fromA": 67, "toA": 67, "fromB": 67, "toB": 68, "inserted": ["0"]}}
{"dateTime": "2025-08-28T18:00:28.839Z", "eventType": "focus", "fullPath": "/main.py"}
{"dateTime": "2025-08-28T18:00:28.843Z", "eventType": "select.pointer", "fullPath": "/main.py", "details": {"selection": {"from": 94, "to": 94}}}
{"dateTime": "2025-08-28T18:00:30.658Z", "eventType": "input.type", "fullPath": "/main.py", "details": {"fromA": 94, "toA": 94, "fromB": 94, "toB": 95, "inserted": ["*"]}}
{"dateTime": "2025-08-28T18:00:30.676Z", "eventType": "input.type", "fullPath": "/main.py", "details": {"fromA": 68, "toA": 68, "fromB": 68, "toB": 69, "inserted": ["0"]}}
{"dateTime": "2025-08-28T18:00:32.973Z", "eventType": "input.type", "fullPath": "/main.py", "details": {"fromA": 95, "toA": 95, "fromB": 95, "toB": 97, "inserted": ["()"]}}
{"dateTime": "2025-08-28T18:00:34.077Z", "eventType": "input.type", "fullPath": "/main.py", "details": {"fromA": 96, "toA": 96, "fromB": 96, "toB": 97, "inserted": ["2"]}}
{"dateTime": "2025-08-28T18:00:34.797Z", "eventType": "input.type", "fullPath": "/main.py", "details": {"fromA": 97, "toA": 97, "fromB": 97, "toB": 98, "inserted": ["5"]}}
{"dateTime": "2025-08-28T18:00:35.693Z", "eventType": "input.type", "fullPath": "/main.py", "details": {"fromA": 98, "toA": 98, "fromB": 98, "toB": 99, "inserted": ["/"]}}
{"dateTime": "2025-08-28T18:00:36.368Z", "eventType": "input", "fullPath": "/main.py", "details": {"fromA": 69, "toA": 69, "fromB": 69, "toB": 70, "inserted": ["", ""]}}
{"dateTime": "2025-08-28T18:00:37.213Z", "eventType": "input.type", "fullPath": "/main.py", "details": {"fromA": 99, "toA": 99, "fromB": 99, "toB": 100, "inserted": ["1"]}}
{"dateTime": "2025-08-28T18:00:38.452Z", "eventType": "input.type", "fullPath": "/main.py", "details": {"fromA": 70, "toA": 70, "fromB": 70, "toB": 71, "inserted": ["v"]}}
{"dateTime": "2025-08-28T18:00:38.547Z", "eventType": "input.type", "fullPath": "/main.py", "details": {"fromA": 71, "toA": 71, "fromB": 71, "toB": 72, "inserted": ["a"]}}
{"dateTime": "2025-08-28T18:00:38.788Z", "eventType": "input.type", "fullPath": "/main.py", "details": {"fromA": 72, "toA": 72, "fromB": 72, "toB": 73, "inserted": ["l"]}}
{"dateTime": "2025-08-28T18:00:39.013Z", "eventType": "input.type", "fullPath": "/main.py", "details": {"fromA": 73, "toA": 73, "fromB": 73, "toB": 74, "inserted": ["o"]}}
{"dateTime": "2025-08-28T18:00:39.155Z", "eventType": "input.type", "fullPath": "/main.py", "details": {"fromA": 74, "toA": 74, "fromB": 74, "toB": 75, "inserted": ["t"]}}
{"dateTime": "2025-08-28T18:00:39.569Z", "eventType": "input.type", "fullPath": "/main.py", "details": {"fromA": 100, "toA": 100, "fromB": 100, "toB": 101, "inserted": ["0"]}}
{"dateTime": "2025-08-28T18:00:39.636Z", "eventType": "input.type", "fullPath": "/main.py", "details": {"fromA": 75, "toA": 75, "fromB": 75, "toB": 76, "inserted": ["_"]}}
{"dateTime": "2025-08-28T18:00:39.825Z", "eventType": "input.type", "fullPath": "/main.py", "details": {"fromA": 101, "toA": 101, "fromB": 101, "toB": 102, "inserted": ["0"]}}
{"dateTime": "2025-08-28T18:00:40.611Z", "eventType": "delete.backward", "fullPath": "/main.py", "details": {"fromA": 75, "toA": 76, "fromB": 75, "toB": 75, "inserted": [""]}}
{"dateTime": "2025-08-28T18:00:40.803Z", "eventType": "delete.backward", "fullPath": "/main.py", "details": {"fromA": 74, "toA": 75, "fromB": 74, "toB": 74, "inserted": [""]}}
{"dateTime": "2025-08-28T18:00:41.555Z", "eventType": "input.type", "fullPath": "/main.py", "details": {"fromA": 74, "toA": 74, "fromB": 74, "toB": 75, "inserted": ["r"]}}
{"dateTime": "2025-08-28T18:00:41.629Z", "eventType": "select.pointer", "fullPath": "/main.py", "details": {"selection": {"from": 103, "to": 103}}}
{"dateTime": "2025-08-28T18:00:41.924Z", "eventType": "input.type", "fullPath": "/main.py", "details": {"fromA": 75, "toA": 75, "fromB": 75, "toB": 76, "inserted": ["_"]}}
{"dateTime": "2025-08-28T18:00:42.259Z", "eventType": "input.type", "fullPath": "/main.py", "details": {"fromA": 76, "toA": 76, "fromB": 76, "toB": 77, "inserted": ["t"]}}
{"dateTime": "2025-08-28T18:00:42.290Z", "eventType": "input", "fullPath": "/main.py", "details": {"fromA": 103, "toA": 103, "fromB": 103, "toB": 104, "inserted": ["", ""]}}
{"dateTime": "2025-08-28T18:00:42.468Z", "eventType": "input.type", "fullPath": "/main.py", "details": {"fromA": 77, "toA": 77, "fromB": 77, "toB": 78, "inserted": ["o"]}}
{"dateTime": "2025-08-28T18:00:42.596Z", "eventType": "input.type", "fullPath": "/main.py", "details": {"fromA": 78, "toA": 78, "fromB": 78, "toB": 79, "inserted": ["t"]}}
{"dateTime": "2025-08-28T18:00:42.833Z", "eventType": "input.type", "fullPath": "/main.py", "details": {"fromA": 104, "toA": 104, "fromB": 104, "toB": 105, "inserted": ["p"]}}
{"dateTime": "2025-08-28T18:00:42.868Z", "eventType": "input.type", "fullPath": "/main.py", "details": {"fromA": 79, "toA": 79, "fromB": 79, "toB": 80, "inserted": ["a"]}}
{"dateTime": "2025-08-28T18:00:43.140Z", "eventType": "input.type", "fullPath": "/main.py", "details": {"fromA": 80, "toA": 80, "fromB": 80, "toB": 81, "inserted": ["l"]}}
{"dateTime": "2025-08-28T18:00:43.342Z", "eventType": "input.type", "fullPath": "/main.py", "details": {"fromA": 105, "toA": 105, "fromB": 105, "toB": 106, "inserted": ["r"]}}
{"dateTime": "2025-08-28T18:00:43.523Z", "eventType": "input.type", "fullPath": "/main.py", "details": {"fromA": 106, "toA": 106, "fromB": 106, "toB": 107, "inserted": ["i"]}}
{"dateTime": "2025-08-28T18:00:43.636Z", "eventType": "input.type", "fullPath": "/main.py", "details": {"fromA": 81, "toA": 81, "fromB": 81, "toB": 82, "inserted": [" "]}}
{"dateTime": "2025-08-28T18:00:43.747Z", "eventType": "input.type", "fullPath": "/main.py", "details": {"fromA": 107, "toA": 107, "fromB": 107, "toB": 108, "inserted": ["n"]}}
{"dateTime": "2025-08-28T18:00:44.002Z", "eventType": "input.type", "fullPath": "/main.py", "details": {"fromA": 108, "toA": 108, "fromB": 108, "toB": 109, "inserted": ["t"]}}
{"dateTime": "2025-08-28T18:00:44.084Z", "eventType": "input.type", "fullPath": "/main.py", "details": {"fromA": 82, "toA": 82, "fromB": 82, "toB": 83, "inserted": ["="]}}
{"dateTime": "2025-08-28T18:00:44.196Z", "eventType": "input.type", "fullPath": "/main.py", "details": {"fromA": 83, "toA": 83, "fromB": 83, "toB": 84, "inserted": [" "]}}
{"dateTime": "2025-08-28T18:00:45.588Z", "eventType": "input.type", "fullPath": "/main.py", "details": {"fromA": 84, "toA": 84, "fromB": 84, "toB": 85, "inserted": ["k"]}}
{"dateTime": "2025-08-28T18:00:46.002Z", "eventType": "input.type", "fullPath": "/main.py", "details": {"fromA": 109, "toA": 109, "fromB": 109, "toB": 111, "inserted": ["()"]}}
{"dateTime": "2025-08-28T18:00:46.533Z", "eventType": "input.type", "fullPath": "/main.py", "details": {"fromA": 85, "toA": 85, "fromB": 85, "toB": 86, "inserted": ["w"]}}
{"dateTime": "2025-08-28T18:00:46.610Z", "eventType": "input.type", "fullPath": "/main.py", "details": {"fromA": 110, "toA": 110, "fromB": 110, "toB": 111, "inserted": ["r"]}}
{"dateTime": "2025-08-28T18:00:46.789Z", "eventType": "input.type", "fullPath": "/main.py", "details": {"fromA": 86, "toA": 86, "fromB": 86, "toB": 87, "inserted": ["h"]}}
{"dateTime": "2025-08-28T18:00:46.914Z", "eventType": "input.type", "fullPath": "/main.py", "details": {"fromA": 111, "toA": 111, "fromB": 111, "toB": 112, "inserted": ["p"]}}
{"dateTime": "2025-08-28T18:00:47.138Z", "eventType": "input.type", "fullPath": "/main.py", "details": {"fromA": 112, "toA": 112, "fromB": 112, "toB": 113, "inserted": ["u"]}}
{"dateTime": "2025-08-28T18:00:47.425Z", "eventType": "input.type", "fullPath": "/main.py", "details": {"fromA": 113, "toA": 113, "fromB": 113, "toB": 114, "inserted": ["n"]}}
{"dateTime": "2025-08-28T18:00:47.810Z", "eventType": "input.type", "fullPath": "/main.py", "details": {"fromA": 114, "toA": 114, "fromB": 114, "toB": 115, "inserted": ["d"]}}
{"dateTime": "2025-08-28T18:00:48.386Z", "eventType": "input.type", "fullPath": "/main.py", "details": {"fromA": 115, "toA": 115, "fromB": 115, "toB": 117, "inserted": ["()"]}}
{"dateTime": "2025-08-28T18:00:48.468Z", "eventType": "input.type", "fullPath": "/main.py", "details": {"fromA": 87, "toA": 87, "fromB": 87, "toB": 88, "inserted": ["+"]}}
{"dateTime": "2025-08-28T18:00:49.522Z", "eventType": "input.type", "fullPath": "/main.py", "details": {"fromA": 116, "toA": 116, "fromB": 116, "toB": 117, "inserted": ["t"]}}
{"dateTime": "2025-08-28T18:00:49.781Z", "eventType": "input.type", "fullPath": "/main.py", "details": {"fromA": 117, "toA": 117, "fromB": 117, "toB": 118, "inserted": ["o"]}}
{"dateTime": "2025-08-28T18:00:49.942Z", "eventType": "input.type", "fullPath": "/main.py", "details": {"fromA": 118, "toA": 118, "fromB": 118, "toB": 119, "inserted": ["t"]}}
{"dateTime": "2025-08-28T18:00:50.259Z", "eventType": "input.type", "fullPath": "/main.py", "details": {"fromA": 119, "toA": 119, "fromB": 119, "toB": 120, "inserted": ["a"]}}
{"dateTime": "2025-08-28T18:00:50.596Z", "eventType": "input.type", "fullPath": "/main.py", "details": {"fromA": 120, "toA": 120, "fromB": 120, "toB": 121, "inserted": ["l"]}}
{"dateTime": "2025-08-28T18:00:51.394Z", "eventType": "input.type", "fullPath": "/main.py", "details": {"fromA": 121, "toA": 121, "fromB": 121, "toB": 122, "inserted": [","]}}
{"dateTime": "2025-08-28T18:00:51.778Z", "eventType": "delete.backward", "fullPath": "/main.py", "details": {"fromA": 87, "toA": 88, "fromB": 87, "toB": 87, "inserted": [""]}}
{"dateTime": "2025-08-28T18:00:51.858Z", "eventType": "input.type", "fullPath": "/main.py", "details": {"fromA": 122, "toA": 122, "fromB": 122, "toB": 123, "inserted": ["2"]}}
{"dateTime": "2025-08-28T18:00:51.924Z", "eventType": "input.type", "fullPath": "/main.py", "details": {"fromA": 87, "toA": 87, "fromB": 87, "toB": 88, "inserted": [" "]}}
{"dateTime": "2025-08-28T18:00:53.511Z", "eventType": "blur", "fullPath": "/main.py"}
{"dateTime": "2025-08-28T18:00:53.572Z", "eventType": "input.type", "fullPath": "/main.py", "details": {"fromA": 88, "toA": 88, "fromB": 88, "toB": 89, "inserted": ["+"]}}
{"dateTime": "2025-08-28T18:00:54.372Z", "eventType": "input.type", "fullPath": "/main.py", "details": {"fromA": 89, "toA": 89, "fromB": 89, "toB": 90, "inserted": [" "]}}
{"dateTime": "2025-08-28T18:00:54.596Z", "eventType": "input.type", "fullPath": "/main.py", "details": {"fromA": 90, "toA": 90, "fromB": 90, "toB": 91, "inserted": ["v"]}}
{"dateTime": "2025-08-28T18:00:54.727Z", "eventType": "input.type", "fullPath": "/main.py", "details": {"fromA": 91, "toA": 91, "fromB": 91, "toB": 92, "inserted": ["a"]}}
{"dateTime": "2025-08-28T18:00:54.901Z", "eventType": "input.type", "fullPath": "/main.py", "details": {"fromA": 92, "toA": 92, "fromB": 92, "toB": 93, "inserted": ["l"]}}
{"dateTime": "2025-08-28T18:00:55.078Z", "eventType": "input.type", "fullPath": "/main.py", "details": {"fromA": 93, "toA": 93, "fromB": 93, "toB": 94, "inserted": ["o"]}}
{"dateTime": "2025-08-28T18:00:55.206Z", "eventType": "input.type", "fullPath": "/main.py", "details": {"fromA": 94, "toA": 94, "fromB": 94, "toB": 95, "inserted": ["r"]}}
{"dateTime": "2025-08-28T18:00:57.376Z", "eventType": "focus", "fullPath": "/main.py"}
{"dateTime": "2025-08-28T18:00:57.379Z", "eventType": "select.pointer", "fullPath": "/main.py", "details": {"selection": {"from": 113, "to": 113}}}
{"dateTime": "2025-08-28T18:00:57.637Z", "eventType": "input.type", "fullPath": "/main.py", "details": {"fromA": 95, "toA": 95, "fromB": 95, "toB": 96, "inserted": ["_"]}}
{"dateTime": "2025-08-28T18:00:58.161Z", "eventType": "select.pointer", "fullPath": "/main.py", "details": {"selection": {"from": 112, "to": 112}}}
{"dateTime": "2025-08-28T18:00:58.180Z", "eventType": "input.type", "fullPath": "/main.py", "details": {"fromA": 96, "toA": 96, "fromB": 96, "toB": 97, "inserted": ["f"]}}
{"dateTime": "2025-08-28T18:00:58.820Z", "eventType": "input.type", "fullPath": "/main.py", "details": {"fromA": 97, "toA": 97, "fromB": 97, "toB": 98, "inserted": ["i"]}}
{"dateTime": "2025-08-28T18:00:59.171Z", "eventType": "input.type", "fullPath": "/main.py", "details": {"fromA": 98, "toA": 98, "fromB": 98, "toB": 99, "inserted": ["x"]}}
{"dateTime": "2025-08-28T18:00:59.282Z", "eventType": "delete.backward", "fullPath": "/main.py", "details": {"fromA": 111, "toA": 112, "fromB": 111, "toB": 111, "inserted": [""]}}
{"dateTime": "2025-08-28T18:00:59.300Z", "eventType": "input.type", "fullPath": "/main.py", "details": {"fromA": 99, "toA": 99, "fromB": 99, "toB": 100, "inserted": ["o"]}}
{"dateTime": "2025-08-28T18:00:59.554Z", "eventType": "input.type", "fullPath": "/main.py", "details": {"fromA": 111, "toA": 111, "fromB": 111, "toB": 112, "inserted": ["o"]}}
{"dateTime": "2025-08-28T18:01:01.068Z", "eventType": "blur", "fullPath": "/main.py"}
{"dateTime": "2025-08-28T18:01:01.252Z", "eventType": "select.pointer", "fullPath": "/main.py", "details": {"selection": {"from": 57, "to": 57}}}
{"dateTime": "2025-08-28T18:01:02.163Z", "eventType": "delete.backward", "fullPath": "/main.py", "details": {"fromA": 56, "toA": 57, "fromB": 56, "toB": 56, "inserted": [""]}}
{"dateTime": "2025-08-28T18:01:02.675Z", "eventType": "input.type", "fullPath": "/main.py", "details": {"fromA": 56, "toA": 56, "fromB": 56, "toB": 57, "inserted": ["_"]}}
{"dateTime": "2025-08-28T18:01:03.800Z", "eventType": "blur", "fullPath": "/main.py"}
{"dateTime": "2025-08-28T18:01:03.803Z", "eventType": "focus", "fullPath": "/main.py"}
{"dateTime": "2025-08-28T18:01:03.804Z", "eventType": "select", "fullPath": "/main.py", "details": {"selection": {"from": 100, "to": 100}}}
{"dateTime": "2025-08-28T18:01:05.736Z", "eventType": "blur", "fullPath": "/main.py"}
{"dateTime": "2025-08-28T18:01:14.729Z", "eventType": "focus", "fullPath": "/main.py"}
{"dateTime": "2025-08-28T18:01:14.732Z", "eventType": "select.pointer", "fullPath": "/main.py", "details": {"selection": {"from": 100, "to": 100}}}
{"dateTime": "2025-08-28T18:01:16.196Z", "eventType": "input", "fullPath": "/main.py", "details": {"fromA": 100, "toA": 100, "fromB": 100, "toB": 101, "inserted": ["", ""]}}
{"dateTime": "2025-08-28T18:01:16.691Z", "eventType": "input.type", "fullPath": "/main.py", "details": {"fromA": 101, "toA": 101, "fromB": 101, "toB": 102, "inserted": ["p"]}}
{"dateTime": "2025-08-28T18:01:16.886Z", "eventType": "input.type", "fullPath": "/main.py", "details": {"fromA": 102, "toA": 102, "fromB": 102, "toB": 103, "inserted": ["r"]}}
{"dateTime": "2025-08-28T18:01:17.063Z", "eventType": "input.type", "fullPath": "/main.py", "details": {"fromA": 103, "toA": 103, "fromB": 103, "toB": 104, "inserted": ["i"]}}
{"dateTime": "2025-08-28T18:01:17.255Z", "eventType": "input.type", "fullPath": "/main.py", "details": {"fromA": 104, "toA": 104, "fromB": 104, "toB": 105, "inserted": ["n"]}}
{"dateTime": "2025-08-28T18:01:17.381Z", "eventType": "input.type", "fullPath": "/main.py", "details": {"fromA": 105, "toA": 105, "fromB": 105, "toB": 106, "inserted": ["t"]}}
{"dateTime": "2025-08-28T18:01:18.788Z", "eventType": "input.type", "fullPath": "/main.py", "details": {"fromA": 106, "toA": 106, "fromB": 106, "toB": 108, "inserted": ["()"]}}
{"dateTime": "2025-08-28T18:01:19.812Z", "eventType": "input.type", "fullPath": "/main.py", "details": {"fromA": 107, "toA": 107, "fromB": 107, "toB": 108, "inserted": ["e"]}}
{"dateTime": "2025-08-28T18:01:20.563Z", "eventType": "delete.backward", "fullPath": "/main.py", "details": {"fromA": 107, "toA": 108, "fromB": 107, "toB": 107, "inserted": [""]}}
{"dateTime": "2025-08-28T18:01:20.852Z", "eventType": "input.type", "fullPath": "/main.py", "details": {"fromA": 107, "toA": 107, "fromB": 107, "toB": 108, "inserted": ["r"]}}
{"dateTime": "2025-08-28T18:01:21.767Z", "eventType": "input.type", "fullPath": "/main.py", "details": {"fromA": 108, "toA": 108, "fromB": 108, "toB": 109, "inserted": ["o"]}}
{"dateTime": "2025-08-28T18:01:21.910Z", "eventType": "input.type", "fullPath": "/main.py", "details": {"fromA": 109, "toA": 109, "fromB": 109, "toB": 110, "inserted": ["u"]}}
{"dateTime": "2025-08-28T18:01:22.117Z", "eventType": "input.type", "fullPath": "/main.py", "details": {"fromA": 110, "toA": 110, "fromB": 110, "toB": 111, "inserted": ["n"]}}
{"dateTime": "2025-08-28T18:01:22.277Z", "eventType": "input.type", "fullPath": "/main.py", "details": {"fromA": 111, "toA": 111, "fromB": 111, "toB": 112, "inserted": ["d"]}}
{"dateTime": "2025-08-28T18:01:22.995Z", "eventType": "input.type", "fullPath": "/main.py", "details": {"fromA": 112, "toA": 112, "fromB": 112, "toB": 114, "inserted": ["()"]}}
{"dateTime": "2025-08-28T18:01:25.587Z", "eventType": "input.type", "fullPath": "/main.py", "details": {"fromA": 113, "toA": 113, "fromB": 113, "toB": 114, "inserted": ["v"]}}
{"dateTime": "2025-08-28T18:01:25.734Z", "eventType": "input.type", "fullPath": "/main.py", "details": {"fromA": 114, "toA": 114, "fromB": 114, "toB": 115, "inserted": ["a"]}}
{"dateTime": "2025-08-28T18:01:26.020Z", "eventType": "input.type", "fullPath": "/main.py", "details": {"fromA": 115, "toA": 115, "fromB": 115, "toB": 116, "inserted": ["l"]}}
{"dateTime": "2025-08-28T18:01:26.660Z", "eventType": "input.type", "fullPath": "/main.py", "details": {"fromA": 116, "toA": 116, "fromB": 116, "toB": 117, "inserted": ["o"]}}
{"dateTime": "2025-08-28T18:01:26.838Z", "eventType": "input.type", "fullPath": "/main.py", "details": {"fromA": 117, "toA": 117, "fromB": 117, "toB": 118, "inserted": ["r"]}}
{"dateTime": "2025-08-28T18:01:27.300Z", "eventType": "input.type", "fullPath": "/main.py", "details": {"fromA": 118, "toA": 118, "fromB": 118, "toB": 119, "inserted": ["_"]}}
{"dateTime": "2025-08-28T18:01:27.620Z", "eventType": "input.type", "fullPath": "/main.py", "details": {"fromA": 119, "toA": 119, "fromB": 119, "toB": 120, "inserted": ["t"]}}
{"dateTime": "2025-08-28T18:01:27.813Z", "eventType": "input.type", "fullPath": "/main.py", "details": {"fromA": 120, "toA": 120, "fromB": 120, "toB": 121, "inserted": ["o"]}}
{"dateTime": "2025-08-28T18:01:27.909Z", "eventType": "input.type", "fullPath": "/main.py", "details": {"fromA": 121, "toA": 121, "fromB": 121, "toB": 122, "inserted": ["t"]}}
{"dateTime": "2025-08-28T18:01:28.132Z", "eventType": "input.type", "fullPath": "/main.py", "details": {"fromA": 122, "toA": 122, "fromB": 122, "toB": 123, "inserted": ["a"]}}
{"dateTime": "2025-08-28T18:01:28.436Z", "eventType": "input.type", "fullPath": "/main.py", "details": {"fromA": 123, "toA": 123, "fromB": 123, "toB": 124, "inserted": ["l"]}}
{"dateTime": "2025-08-28T18:01:30.324Z", "eventType": "input.type", "fullPath": "/main.py", "details": {"fromA": 124, "toA": 124, "fromB": 124, "toB": 125, "inserted": [","]}}
{"dateTime": "2025-08-28T18:01:31.108Z", "eventType": "input.type", "fullPath": "/main.py", "details": {"fromA": 125, "toA": 125, "fromB": 125, "toB": 126, "inserted": [" "]}}
{"dateTime": "2025-08-28T18:01:31.763Z", "eventType": "input.type", "fullPath": "/main.py", "details": {"fromA": 126, "toA": 126, "fromB": 126, "toB": 127, "inserted": ["2"]}}
{"dateTime": "2025-08-28T18:01:34.308Z", "eventType": "blur", "fullPath": "/main.py"}
