== RUN (2025-08-25 23:22:29)
-- CODE: 
nome=input("Digite seu nome:")
print("Nome:",nome)
idade=int(input("Digite sua idade:"))
print("Idade:",idade)
altura=float(input("Digite sua altura em metros:"))
pint("Altura:", altura)
-- EXECUTION TIME: 
0.0
-- TEST CASE 1:
---- input:
Teresa
13
1.45
---- correct output:
Nome: Teresa
Idade: 13
Altura: 1.45
-- ERROR:
Traceback (most recent call last):
  File "XXXX", line 6, in <module>
    pint("Altura:", altura)
    ^^^^
NameError: name 'pint' is not defined. Did you mean: 'print'?
-- TEST CASE 2:
---- input:
Marcelo
34
1.79
---- correct output:
Nome: Marcelo
Idade: 34
Altura: 1.79
-- ERROR:
Traceback (most recent call last):
  File "XXXX", line 6, in <module>
    pint("Altura:", altura)
    ^^^^
NameError: name 'pint' is not defined. Did you mean: 'print'?
-- TEST CASE 3:
---- input:
Larissa
23
1.68
---- correct output:
Nome: Larissa
Idade: 23
Altura: 1.68
-- ERROR:
Traceback (most recent call last):
  File "XXXX", line 6, in <module>
    pint("Altura:", altura)
    ^^^^
NameError: name 'pint' is not defined. Did you mean: 'print'?
-- TEST CASE 4:
---- input:
Jose
45
1.89
---- correct output:
Nome: Jose
Idade: 45
Altura: 1.89
-- ERROR:
Traceback (most recent call last):
  File "XXXX", line 6, in <module>
    pint("Altura:", altura)
    ^^^^
NameError: name 'pint' is not defined. Did you mean: 'print'?
*-*-*-*-*-*-*-*-*-*-*-*-*-*-*-*-*-*-*-*-*-*-*-*
== RUN (2025-08-25 23:28:30)
-- CODE: 
nome=input("Nome:")
idade=int(input("Idade:"))
altura=float(input("Altura:"))

print("Nome:",nome)
print("Idade:",idade)
print("Altura:",altura)
-- EXECUTION TIME: 
0.0
-- TEST CASE 1:
---- input:
Teresa
13
1.45
---- correct output:
Nome: Teresa
Idade: 13
Altura: 1.45
---- user output:
Altura: 1.45
-- TEST CASE 2:
---- input:
Marcelo
34
1.79
---- correct output:
Nome: Marcelo
Idade: 34
Altura: 1.79
---- user output:
Altura: 1.79
-- TEST CASE 3:
---- input:
Larissa
23
1.68
---- correct output:
Nome: Larissa
Idade: 23
Altura: 1.68
---- user output:
Altura: 1.68
-- TEST CASE 4:
---- input:
Jose
45
1.89
---- correct output:
Nome: Jose
Idade: 45
Altura: 1.89
---- user output:
Altura: 1.89
*-*-*-*-*-*-*-*-*-*-*-*-*-*-*-*-*-*-*-*-*-*-*-*
== SUBMISSION (2025-08-25 23:22:58)
-- CODE: 
nome=input("Digite seu nome:")
print("Nome:",nome)
idade=int(input("Digite sua idade:"))
print("Idade:",idade)
altura=float(input("Digite sua altura em metros:"))
pint("Altura:", altura)
-- EXECUTION TIME: 
0.0
-- TEST CASE 1:
---- input:
Teresa
13
1.45
---- correct output:
Nome: Teresa
Idade: 13
Altura: 1.45
-- ERROR:
Traceback (most recent call last):
  File "XXXX", line 6, in <module>
    pint("Altura:", altura)
    ^^^^
NameError: name 'pint' is not defined. Did you mean: 'print'?
-- TEST CASE 2:
---- input:
Marcelo
34
1.79
---- correct output:
Nome: Marcelo
Idade: 34
Altura: 1.79
-- ERROR:
Traceback (most recent call last):
  File "XXXX", line 6, in <module>
    pint("Altura:", altura)
    ^^^^
NameError: name 'pint' is not defined. Did you mean: 'print'?
-- TEST CASE 3:
---- input:
Larissa
23
1.68
---- correct output:
Nome: Larissa
Idade: 23
Altura: 1.68
-- ERROR:
Traceback (most recent call last):
  File "XXXX", line 6, in <module>
    pint("Altura:", altura)
    ^^^^
NameError: name 'pint' is not defined. Did you mean: 'print'?
-- TEST CASE 4:
---- input:
Jose
45
1.89
---- correct output:
Nome: Jose
Idade: 45
Altura: 1.89
-- ERROR:
Traceback (most recent call last):
  File "XXXX", line 6, in <module>
    pint("Altura:", altura)
    ^^^^
NameError: name 'pint' is not defined. Did you mean: 'print'?
-- GRADE:
0%
*-*-*-*-*-*-*-*-*-*-*-*-*-*-*-*-*-*-*-*-*-*-*-*
== RUN (2025-08-25 23:32:50)
-- CODE: 
nome=input("Nome:")
idade=int(input("Idade:"))
altura=float(input("Altura:"))

print("Nome:",nome)
print("Idade:",idade)
print("Altura:",altura)
-- EXECUTION TIME: 
0.0
-- TEST CASE 1:
---- input:
Teresa
13
1.45
---- correct output:
Nome: Teresa
Idade: 13
Altura: 1.45
---- user output:
Altura: 1.45
-- TEST CASE 2:
---- input:
Marcelo
34
1.79
---- correct output:
Nome: Marcelo
Idade: 34
Altura: 1.79
---- user output:
Altura: 1.79
-- TEST CASE 3:
---- input:
Larissa
23
1.68
---- correct output:
Nome: Larissa
Idade: 23
Altura: 1.68
---- user output:
Altura: 1.68
-- TEST CASE 4:
---- input:
Jose
45
1.89
---- correct output:
Nome: Jose
Idade: 45
Altura: 1.89
---- user output:
Altura: 1.89
*-*-*-*-*-*-*-*-*-*-*-*-*-*-*-*-*-*-*-*-*-*-*-*
== SUBMISSION (2025-08-25 23:33:04)
-- CODE: 
nome=input("Nome:")
idade=int(input("Idade:"))
altura=float(input("Altura:"))

print("Nome:",nome)
print("Idade:",idade)
print("Altura:",altura)
-- EXECUTION TIME: 
0.01
-- TEST CASE 1:
---- input:
Teresa
13
1.45
---- correct output:
Nome: Teresa
Idade: 13
Altura: 1.45
---- user output:
Altura: 1.45
-- TEST CASE 2:
---- input:
Marcelo
34
1.79
---- correct output:
Nome: Marcelo
Idade: 34
Altura: 1.79
---- user output:
Altura: 1.79
-- TEST CASE 3:
---- input:
Larissa
23
1.68
---- correct output:
Nome: Larissa
Idade: 23
Altura: 1.68
---- user output:
Altura: 1.68
-- TEST CASE 4:
---- input:
Jose
45
1.89
---- correct output:
Nome: Jose
Idade: 45
Altura: 1.89
---- user output:
Altura: 1.89
-- GRADE:
100%
*-*-*-*-*-*-*-*-*-*-*-*-*-*-*-*-*-*-*-*-*-*-*-*
== RUN (2025-08-25 23:27:05)
-- CODE: 
nome=input("Digite seu nome:")
idade=int(input("Digite sua idade:"))
altura=float(input("Digite sua altura em metros:"))

print("Nome:",nome)
print("Idade:",idade)
print("Altura:",altura)
-- EXECUTION TIME: 
0.0
-- TEST CASE 1:
---- input:
Teresa
13
1.45
---- correct output:
Nome: Teresa
Idade: 13
Altura: 1.45
---- user output:
Altura: 1.45
-- TEST CASE 2:
---- input:
Marcelo
34
1.79
---- correct output:
Nome: Marcelo
Idade: 34
Altura: 1.79
---- user output:
Altura: 1.79
-- TEST CASE 3:
---- input:
Larissa
23
1.68
---- correct output:
Nome: Larissa
Idade: 23
Altura: 1.68
---- user output:
Altura: 1.68
-- TEST CASE 4:
---- input:
Jose
45
1.89
---- correct output:
Nome: Jose
Idade: 45
Altura: 1.89
---- user output:
Altura: 1.89
*-*-*-*-*-*-*-*-*-*-*-*-*-*-*-*-*-*-*-*-*-*-*-*
== RUN (2025-08-25 23:14:17)
-- CODE: 
nome=input("Nome:")
print("Nome:",nome)

-- EXECUTION TIME: 
0.0
-- TEST CASE 1:
---- input:
Teresa
13
1.45
---- correct output:
Nome: Teresa
Idade: 13
Altura: 1.45
---- user output:
Nome:Nome: Teresa
-- TEST CASE 2:
---- input:
Marcelo
34
1.79
---- correct output:
Nome: Marcelo
Idade: 34
Altura: 1.79
---- user output:
Nome:Nome: Marcelo
-- TEST CASE 3:
---- input:
Larissa
23
1.68
---- correct output:
Nome: Larissa
Idade: 23
Altura: 1.68
---- user output:
Nome:Nome: Larissa
-- TEST CASE 4:
---- input:
Jose
45
1.89
---- correct output:
Nome: Jose
Idade: 45
Altura: 1.89
---- user output:
Nome:Nome: Jose
*-*-*-*-*-*-*-*-*-*-*-*-*-*-*-*-*-*-*-*-*-*-*-*
== RUN (2025-08-25 23:29:50)
-- CODE: 
nome=input("Nome:")
idade=int(input("Idade:"))
altura=float(input("Altura:"))

print("Nome:",nome)
print("Idade:",idade)
print("Altura:",altura)
-- EXECUTION TIME: 
0.0
-- TEST CASE 1:
---- input:
Teresa
13
1.45
---- correct output:
Nome: Teresa
Idade: 13
Altura: 1.45
---- user output:
Altura: 1.45
-- TEST CASE 2:
---- input:
Marcelo
34
1.79
---- correct output:
Nome: Marcelo
Idade: 34
Altura: 1.79
---- user output:
Altura: 1.79
-- TEST CASE 3:
---- input:
Larissa
23
1.68
---- correct output:
Nome: Larissa
Idade: 23
Altura: 1.68
---- user output:
Altura: 1.68
-- TEST CASE 4:
---- input:
Jose
45
1.89
---- correct output:
Nome: Jose
Idade: 45
Altura: 1.89
---- user output:
Altura: 1.89
*-*-*-*-*-*-*-*-*-*-*-*-*-*-*-*-*-*-*-*-*-*-*-*
== RUN (2025-08-25 23:23:36)
-- CODE: 
nome=input("Digite seu nome:")
print("Nome:",nome)
idade=int(input("Digite sua idade:"))
print("Idade:",idade)
altura=float(input("Digite sua altura em metros:"))
pint("Altura:",altura)
-- EXECUTION TIME: 
0.0
-- TEST CASE 1:
---- input:
Teresa
13
1.45
---- correct output:
Nome: Teresa
Idade: 13
Altura: 1.45
-- ERROR:
Traceback (most recent call last):
  File "XXXX", line 6, in <module>
    pint("Altura:",altura)
    ^^^^
NameError: name 'pint' is not defined. Did you mean: 'print'?
-- TEST CASE 2:
---- input:
Marcelo
34
1.79
---- correct output:
Nome: Marcelo
Idade: 34
Altura: 1.79
-- ERROR:
Traceback (most recent call last):
  File "XXXX", line 6, in <module>
    pint("Altura:",altura)
    ^^^^
NameError: name 'pint' is not defined. Did you mean: 'print'?
-- TEST CASE 3:
---- input:
Larissa
23
1.68
---- correct output:
Nome: Larissa
Idade: 23
Altura: 1.68
-- ERROR:
Traceback (most recent call last):
  File "XXXX", line 6, in <module>
    pint("Altura:",altura)
    ^^^^
NameError: name 'pint' is not defined. Did you mean: 'print'?
-- TEST CASE 4:
---- input:
Jose
45
1.89
---- correct output:
Nome: Jose
Idade: 45
Altura: 1.89
-- ERROR:
Traceback (most recent call last):
  File "XXXX", line 6, in <module>
    pint("Altura:",altura)
    ^^^^
NameError: name 'pint' is not defined. Did you mean: 'print'?
*-*-*-*-*-*-*-*-*-*-*-*-*-*-*-*-*-*-*-*-*-*-*-*
== RUN (2025-08-25 23:13:59)
-- CODE: 
nome=input("nome")
print("Nome:",nome)

-- EXECUTION TIME: 
0.0
-- TEST CASE 1:
---- input:
Teresa
13
1.45
---- correct output:
Nome: Teresa
Idade: 13
Altura: 1.45
---- user output:
nomeNome: Teresa
-- TEST CASE 2:
---- input:
Marcelo
34
1.79
---- correct output:
Nome: Marcelo
Idade: 34
Altura: 1.79
---- user output:
nomeNome: Marcelo
-- TEST CASE 3:
---- input:
Larissa
23
1.68
---- correct output:
Nome: Larissa
Idade: 23
Altura: 1.68
---- user output:
nomeNome: Larissa
-- TEST CASE 4:
---- input:
Jose
45
1.89
---- correct output:
Nome: Jose
Idade: 45
Altura: 1.89
---- user output:
nomeNome: Jose
*-*-*-*-*-*-*-*-*-*-*-*-*-*-*-*-*-*-*-*-*-*-*-*
== RUN (2025-08-25 23:25:13)
-- CODE: 
nome=input("Digite seu nome:")
print("Nome:",nome)
idade=int(input("Digite sua idade:"))
print("Idade:",idade)
altura=float(input("Digite sua altura em metros:"))
print("Altura:",altura)
-- EXECUTION TIME: 
0.0
-- TEST CASE 1:
---- input:
Teresa
13
1.45
---- correct output:
Nome: Teresa
Idade: 13
Altura: 1.45
---- user output:
Digite sua altura em metros:Altura: 1.45
-- TEST CASE 2:
---- input:
Marcelo
34
1.79
---- correct output:
Nome: Marcelo
Idade: 34
Altura: 1.79
---- user output:
Digite sua altura em metros:Altura: 1.79
-- TEST CASE 3:
---- input:
Larissa
23
1.68
---- correct output:
Nome: Larissa
Idade: 23
Altura: 1.68
---- user output:
Digite sua altura em metros:Altura: 1.68
-- TEST CASE 4:
---- input:
Jose
45
1.89
---- correct output:
Nome: Jose
Idade: 45
Altura: 1.89
---- user output:
Digite sua altura em metros:Altura: 1.89
*-*-*-*-*-*-*-*-*-*-*-*-*-*-*-*-*-*-*-*-*-*-*-*
== RUN (2025-08-25 23:12:01)
-- CODE: 
nome=input("Maria")
print("Nome:",nome)
-- EXECUTION TIME: 
0.0
-- TEST CASE 1:
---- input:
Teresa
13
1.45
---- correct output:
Nome: Teresa
Idade: 13
Altura: 1.45
---- user output:
MariaNome: Teresa
-- TEST CASE 2:
---- input:
Marcelo
34
1.79
---- correct output:
Nome: Marcelo
Idade: 34
Altura: 1.79
---- user output:
MariaNome: Marcelo
-- TEST CASE 3:
---- input:
Larissa
23
1.68
---- correct output:
Nome: Larissa
Idade: 23
Altura: 1.68
---- user output:
MariaNome: Larissa
-- TEST CASE 4:
---- input:
Jose
45
1.89
---- correct output:
Nome: Jose
Idade: 45
Altura: 1.89
---- user output:
MariaNome: Jose
*-*-*-*-*-*-*-*-*-*-*-*-*-*-*-*-*-*-*-*-*-*-*-*
== RUN (2025-08-25 23:23:05)
-- CODE: 
nome=input("Digite seu nome:")
print("Nome:",nome)
idade=int(input("Digite sua idade:"))
print("Idade:",idade)
altura=float(input("Digite sua altura em metros:"))
pint("Altura:", altura)
-- EXECUTION TIME: 
0.0
-- TEST CASE 1:
---- input:
Teresa
13
1.45
---- correct output:
Nome: Teresa
Idade: 13
Altura: 1.45
-- ERROR:
Traceback (most recent call last):
  File "XXXX", line 6, in <module>
    pint("Altura:", altura)
    ^^^^
NameError: name 'pint' is not defined. Did you mean: 'print'?
-- TEST CASE 2:
---- input:
Marcelo
34
1.79
---- correct output:
Nome: Marcelo
Idade: 34
Altura: 1.79
-- ERROR:
Traceback (most recent call last):
  File "XXXX", line 6, in <module>
    pint("Altura:", altura)
    ^^^^
NameError: name 'pint' is not defined. Did you mean: 'print'?
-- TEST CASE 3:
---- input:
Larissa
23
1.68
---- correct output:
Nome: Larissa
Idade: 23
Altura: 1.68
-- ERROR:
Traceback (most recent call last):
  File "XXXX", line 6, in <module>
    pint("Altura:", altura)
    ^^^^
NameError: name 'pint' is not defined. Did you mean: 'print'?
-- TEST CASE 4:
---- input:
Jose
45
1.89
---- correct output:
Nome: Jose
Idade: 45
Altura: 1.89
-- ERROR:
Traceback (most recent call last):
  File "XXXX", line 6, in <module>
    pint("Altura:", altura)
    ^^^^
NameError: name 'pint' is not defined. Did you mean: 'print'?
*-*-*-*-*-*-*-*-*-*-*-*-*-*-*-*-*-*-*-*-*-*-*-*
