{"dateTime": "2025-08-11T14:26:28.125Z", "eventType": "input", "fullPath": "/main.py", "details": {"fromA": 39, "toA": 39, "fromB": 39, "toB": 40, "inserted": ["", ""]}}
{"dateTime": "2025-08-11T14:26:29.665Z", "eventType": "delete.backward", "fullPath": "/main.py", "details": {"fromA": 39, "toA": 40, "fromB": 39, "toB": 39, "inserted": [""]}}
{"dateTime": "2025-08-11T14:26:32.674Z", "eventType": "blur", "fullPath": "/main.py"}
{"dateTime": "2025-08-11T14:26:44.715Z", "eventType": "focus", "fullPath": "/main.py"}
{"dateTime": "2025-08-11T14:26:44.717Z", "eventType": "select", "fullPath": "/main.py", "details": {"selection": {"from": 41, "to": 41}}}
{"dateTime": "2025-08-11T14:26:46.051Z", "eventType": "blur", "fullPath": "/main.py"}
{"dateTime": "2025-08-11T14:26:47.917Z", "eventType": "focus", "fullPath": "/main.py"}
{"dateTime": "2025-08-11T14:26:50.384Z", "eventType": "blur", "fullPath": "/main.py"}
{"dateTime": "2025-08-11T14:29:30.049Z", "eventType": "focus", "fullPath": "/main.py"}
{"dateTime": "2025-08-11T14:29:30.053Z", "eventType": "select.pointer", "fullPath": "/main.py", "details": {"selection": {"from": 7, "to": 7}}}
{"dateTime": "2025-08-11T14:29:38.182Z", "eventType": "input.type", "fullPath": "/main.py", "details": {"fromA": 7, "toA": 7, "fromB": 7, "toB": 8, "inserted": ["U"]}}
{"dateTime": "2025-08-11T14:29:38.380Z", "eventType": "input.type", "fullPath": "/main.py", "details": {"fromA": 8, "toA": 8, "fromB": 8, "toB": 9, "inserted": ["n"]}}
{"dateTime": "2025-08-11T14:29:38.603Z", "eventType": "input.type", "fullPath": "/main.py", "details": {"fromA": 9, "toA": 9, "fromB": 9, "toB": 10, "inserted": ["i"]}}
{"dateTime": "2025-08-11T14:29:40.807Z", "eventType": "input.type", "fullPath": "/main.py", "details": {"fromA": 10, "toA": 10, "fromB": 10, "toB": 11, "inserted": ["v"]}}
{"dateTime": "2025-08-11T14:29:40.936Z", "eventType": "input.type", "fullPath": "/main.py", "details": {"fromA": 11, "toA": 11, "fromB": 11, "toB": 12, "inserted": ["e"]}}
{"dateTime": "2025-08-11T14:29:41.097Z", "eventType": "input.type", "fullPath": "/main.py", "details": {"fromA": 12, "toA": 12, "fromB": 12, "toB": 13, "inserted": ["r"]}}
{"dateTime": "2025-08-11T14:29:41.241Z", "eventType": "input.type", "fullPath": "/main.py", "details": {"fromA": 13, "toA": 13, "fromB": 13, "toB": 14, "inserted": ["s"]}}
{"dateTime": "2025-08-11T14:29:41.656Z", "eventType": "input.type", "fullPath": "/main.py", "details": {"fromA": 14, "toA": 14, "fromB": 14, "toB": 15, "inserted": ["i"]}}
{"dateTime": "2025-08-11T14:29:41.930Z", "eventType": "input.type", "fullPath": "/main.py", "details": {"fromA": 15, "toA": 15, "fromB": 15, "toB": 16, "inserted": ["d"]}}
{"dateTime": "2025-08-11T14:29:42.073Z", "eventType": "input.type", "fullPath": "/main.py", "details": {"fromA": 16, "toA": 16, "fromB": 16, "toB": 17, "inserted": ["a"]}}
{"dateTime": "2025-08-11T14:29:42.201Z", "eventType": "input.type", "fullPath": "/main.py", "details": {"fromA": 17, "toA": 17, "fromB": 17, "toB": 18, "inserted": ["d"]}}
{"dateTime": "2025-08-11T14:29:42.361Z", "eventType": "input.type", "fullPath": "/main.py", "details": {"fromA": 18, "toA": 18, "fromB": 18, "toB": 19, "inserted": ["e"]}}
{"dateTime": "2025-08-11T14:29:42.584Z", "eventType": "input.type", "fullPath": "/main.py", "details": {"fromA": 19, "toA": 19, "fromB": 19, "toB": 20, "inserted": [" "]}}
{"dateTime": "2025-08-11T14:29:42.825Z", "eventType": "input.type", "fullPath": "/main.py", "details": {"fromA": 20, "toA": 20, "fromB": 20, "toB": 21, "inserted": ["f"]}}
{"dateTime": "2025-08-11T14:29:42.953Z", "eventType": "input.type", "fullPath": "/main.py", "details": {"fromA": 21, "toA": 21, "fromB": 21, "toB": 22, "inserted": ["e"]}}
{"dateTime": "2025-08-11T14:29:43.176Z", "eventType": "input.type", "fullPath": "/main.py", "details": {"fromA": 22, "toA": 22, "fromB": 22, "toB": 23, "inserted": ["d"]}}
{"dateTime": "2025-08-11T14:29:43.336Z", "eventType": "input.type", "fullPath": "/main.py", "details": {"fromA": 23, "toA": 23, "fromB": 23, "toB": 24, "inserted": ["e"]}}
{"dateTime": "2025-08-11T14:29:43.481Z", "eventType": "input.type", "fullPath": "/main.py", "details": {"fromA": 24, "toA": 24, "fromB": 24, "toB": 25, "inserted": ["r"]}}
{"dateTime": "2025-08-11T14:29:43.673Z", "eventType": "input.type", "fullPath": "/main.py", "details": {"fromA": 25, "toA": 25, "fromB": 25, "toB": 26, "inserted": ["a"]}}
{"dateTime": "2025-08-11T14:29:44.085Z", "eventType": "input.type", "fullPath": "/main.py", "details": {"fromA": 26, "toA": 26, "fromB": 26, "toB": 27, "inserted": ["l"]}}
{"dateTime": "2025-08-11T14:29:44.296Z", "eventType": "input.type", "fullPath": "/main.py", "details": {"fromA": 27, "toA": 27, "fromB": 27, "toB": 28, "inserted": [" "]}}
{"dateTime": "2025-08-11T14:29:44.376Z", "eventType": "input.type", "fullPath": "/main.py", "details": {"fromA": 28, "toA": 28, "fromB": 28, "toB": 29, "inserted": ["d"]}}
{"dateTime": "2025-08-11T14:29:44.537Z", "eventType": "input.type", "fullPath": "/main.py", "details": {"fromA": 29, "toA": 29, "fromB": 29, "toB": 30, "inserted": ["o"]}}
{"dateTime": "2025-08-11T14:29:44.776Z", "eventType": "input.type", "fullPath": "/main.py", "details": {"fromA": 30, "toA": 30, "fromB": 30, "toB": 31, "inserted": [" "]}}
{"dateTime": "2025-08-11T14:29:44.889Z", "eventType": "input.type", "fullPath": "/main.py", "details": {"fromA": 31, "toA": 31, "fromB": 31, "toB": 32, "inserted": ["a"]}}
{"dateTime": "2025-08-11T14:29:45.396Z", "eventType": "input.type", "fullPath": "/main.py", "details": {"fromA": 32, "toA": 32, "fromB": 32, "toB": 33, "inserted": ["m"]}}
{"dateTime": "2025-08-11T14:29:45.560Z", "eventType": "input.type", "fullPath": "/main.py", "details": {"fromA": 33, "toA": 33, "fromB": 33, "toB": 34, "inserted": ["a"]}}
{"dateTime": "2025-08-11T14:29:45.784Z", "eventType": "input.type", "fullPath": "/main.py", "details": {"fromA": 34, "toA": 34, "fromB": 34, "toB": 35, "inserted": ["z"]}}
{"dateTime": "2025-08-11T14:29:48.072Z", "eventType": "input.type", "fullPath": "/main.py", "details": {"fromA": 35, "toA": 35, "fromB": 35, "toB": 36, "inserted": ["o"]}}
{"dateTime": "2025-08-11T14:29:48.600Z", "eventType": "input.type", "fullPath": "/main.py", "details": {"fromA": 36, "toA": 36, "fromB": 36, "toB": 37, "inserted": ["n"]}}
{"dateTime": "2025-08-11T14:29:48.681Z", "eventType": "input.type", "fullPath": "/main.py", "details": {"fromA": 37, "toA": 37, "fromB": 37, "toB": 38, "inserted": ["a"]}}
{"dateTime": "2025-08-11T14:29:48.890Z", "eventType": "input.type", "fullPath": "/main.py", "details": {"fromA": 38, "toA": 38, "fromB": 38, "toB": 39, "inserted": ["s"]}}
{"dateTime": "2025-08-11T14:59:53.622Z", "eventType": "submission", "details": {"correctness": 0, "commit": "09eb38c7151810eef7902f5573937d076b1e3d7e", "executionTime": 0.02}}
{"dateTime": "2025-08-11T15:00:00.063Z", "eventType": "submission", "details": {"correctness": 0, "commit": "09eb38c7151810eef7902f5573937d076b1e3d7e", "executionTime": 0.01}}
{"dateTime": "2025-08-11T15:00:24.944Z", "eventType": "submission", "details": {"correctness": 1, "commit": "8687e1cd50b3786043852a1f89c945abd4331302", "executionTime": 0.01}}
{"dateTime": "2025-08-11T15:00:28.942Z", "eventType": "focus", "fullPath": "/main.py"}
{"dateTime": "2025-08-11T15:00:28.945Z", "eventType": "select.pointer", "fullPath": "/main.py", "details": {"selection": {"from": 21, "to": 21}}}
{"dateTime": "2025-08-11T15:00:30.032Z", "eventType": "delete.backward", "fullPath": "/main.py", "details": {"fromA": 20, "toA": 21, "fromB": 20, "toB": 20, "inserted": [""]}}
{"dateTime": "2025-08-11T15:00:30.750Z", "eventType": "input.type", "fullPath": "/main.py", "details": {"fromA": 20, "toA": 20, "fromB": 20, "toB": 21, "inserted": ["f"]}}
{"dateTime": "2025-08-11T15:00:32.583Z", "eventType": "select.pointer", "fullPath": "/main.py", "details": {"selection": {"from": 32, "to": 32}}}
{"dateTime": "2025-08-11T15:00:33.696Z", "eventType": "delete.backward", "fullPath": "/main.py", "details": {"fromA": 31, "toA": 32, "fromB": 31, "toB": 31, "inserted": [""]}}
{"dateTime": "2025-08-11T15:00:34.256Z", "eventType": "input.type", "fullPath": "/main.py", "details": {"fromA": 31, "toA": 31, "fromB": 31, "toB": 32, "inserted": ["A"]}}
{"dateTime": "2025-08-11T15:00:35.570Z", "eventType": "blur", "fullPath": "/main.py"}
{"dateTime": "2025-08-11T15:00:37.853Z", "eventType": "submission", "details": {"correctness": 0, "commit": "bfe3f7e13fe059eb2cc69a8479a275a206ac74d7", "executionTime": 0.01}}
{"dateTime": "2025-08-11T15:00:48.918Z", "eventType": "focus", "fullPath": "/main.py"}
{"dateTime": "2025-08-11T15:00:48.921Z", "eventType": "select.pointer", "fullPath": "/main.py", "details": {"selection": {"from": 39, "to": 39}}}
{"dateTime": "2025-08-11T15:00:49.077Z", "eventType": "select.pointer", "fullPath": "/main.py", "details": {"selection": {"from": 38, "to": 39}}}
{"dateTime": "2025-08-11T15:00:49.091Z", "eventType": "select.pointer", "fullPath": "/main.py", "details": {"selection": {"from": 39, "to": 41}}}
{"dateTime": "2025-08-11T15:00:50.768Z", "eventType": "delete.selection", "fullPath": "/main.py", "details": {"fromA": 39, "toA": 41, "fromB": 39, "toB": 39, "inserted": [""]}}
{"dateTime": "2025-08-11T15:00:51.268Z", "eventType": "delete.backward", "fullPath": "/main.py", "details": {"fromA": 38, "toA": 39, "fromB": 38, "toB": 38, "inserted": [""]}}
{"dateTime": "2025-08-11T15:00:51.313Z", "eventType": "delete.backward", "fullPath": "/main.py", "details": {"fromA": 37, "toA": 38, "fromB": 37, "toB": 37, "inserted": [""]}}
{"dateTime": "2025-08-11T15:00:51.363Z", "eventType": "delete.backward", "fullPath": "/main.py", "details": {"fromA": 36, "toA": 37, "fromB": 36, "toB": 36, "inserted": [""]}}
{"dateTime": "2025-08-11T15:00:51.413Z", "eventType": "delete.backward", "fullPath": "/main.py", "details": {"fromA": 35, "toA": 36, "fromB": 35, "toB": 35, "inserted": [""]}}
{"dateTime": "2025-08-11T15:00:51.463Z", "eventType": "delete.backward", "fullPath": "/main.py", "details": {"fromA": 34, "toA": 35, "fromB": 34, "toB": 34, "inserted": [""]}}
{"dateTime": "2025-08-11T15:00:51.514Z", "eventType": "delete.backward", "fullPath": "/main.py", "details": {"fromA": 33, "toA": 34, "fromB": 33, "toB": 33, "inserted": [""]}}
{"dateTime": "2025-08-11T15:00:51.568Z", "eventType": "delete.backward", "fullPath": "/main.py", "details": {"fromA": 32, "toA": 33, "fromB": 32, "toB": 32, "inserted": [""]}}
{"dateTime": "2025-08-11T15:00:51.613Z", "eventType": "delete.backward", "fullPath": "/main.py", "details": {"fromA": 31, "toA": 32, "fromB": 31, "toB": 31, "inserted": [""]}}
{"dateTime": "2025-08-11T15:00:51.663Z", "eventType": "delete.backward", "fullPath": "/main.py", "details": {"fromA": 30, "toA": 31, "fromB": 30, "toB": 30, "inserted": [""]}}
{"dateTime": "2025-08-11T15:00:51.718Z", "eventType": "delete.backward", "fullPath": "/main.py", "details": {"fromA": 29, "toA": 30, "fromB": 29, "toB": 29, "inserted": [""]}}
{"dateTime": "2025-08-11T15:00:51.768Z", "eventType": "delete.backward", "fullPath": "/main.py", "details": {"fromA": 28, "toA": 29, "fromB": 28, "toB": 28, "inserted": [""]}}
{"dateTime": "2025-08-11T15:00:51.818Z", "eventType": "delete.backward", "fullPath": "/main.py", "details": {"fromA": 27, "toA": 28, "fromB": 27, "toB": 27, "inserted": [""]}}
{"dateTime": "2025-08-11T15:00:51.868Z", "eventType": "delete.backward", "fullPath": "/main.py", "details": {"fromA": 26, "toA": 27, "fromB": 26, "toB": 26, "inserted": [""]}}
{"dateTime": "2025-08-11T15:00:51.918Z", "eventType": "delete.backward", "fullPath": "/main.py", "details": {"fromA": 25, "toA": 26, "fromB": 25, "toB": 25, "inserted": [""]}}
{"dateTime": "2025-08-11T15:00:51.968Z", "eventType": "delete.backward", "fullPath": "/main.py", "details": {"fromA": 24, "toA": 25, "fromB": 24, "toB": 24, "inserted": [""]}}
{"dateTime": "2025-08-11T15:00:52.018Z", "eventType": "delete.backward", "fullPath": "/main.py", "details": {"fromA": 23, "toA": 24, "fromB": 23, "toB": 23, "inserted": [""]}}
{"dateTime": "2025-08-11T15:00:52.068Z", "eventType": "delete.backward", "fullPath": "/main.py", "details": {"fromA": 22, "toA": 23, "fromB": 22, "toB": 22, "inserted": [""]}}
{"dateTime": "2025-08-11T15:00:52.118Z", "eventType": "delete.backward", "fullPath": "/main.py", "details": {"fromA": 21, "toA": 22, "fromB": 21, "toB": 21, "inserted": [""]}}
{"dateTime": "2025-08-11T15:00:52.168Z", "eventType": "delete.backward", "fullPath": "/main.py", "details": {"fromA": 20, "toA": 21, "fromB": 20, "toB": 20, "inserted": [""]}}
{"dateTime": "2025-08-11T15:00:52.219Z", "eventType": "delete.backward", "fullPath": "/main.py", "details": {"fromA": 19, "toA": 20, "fromB": 19, "toB": 19, "inserted": [""]}}
{"dateTime": "2025-08-11T15:00:52.268Z", "eventType": "delete.backward", "fullPath": "/main.py", "details": {"fromA": 18, "toA": 19, "fromB": 18, "toB": 18, "inserted": [""]}}
{"dateTime": "2025-08-11T15:00:52.318Z", "eventType": "delete.backward", "fullPath": "/main.py", "details": {"fromA": 17, "toA": 18, "fromB": 17, "toB": 17, "inserted": [""]}}
{"dateTime": "2025-08-11T15:00:52.368Z", "eventType": "delete.backward", "fullPath": "/main.py", "details": {"fromA": 16, "toA": 17, "fromB": 16, "toB": 16, "inserted": [""]}}
{"dateTime": "2025-08-11T15:00:52.418Z", "eventType": "delete.backward", "fullPath": "/main.py", "details": {"fromA": 15, "toA": 16, "fromB": 15, "toB": 15, "inserted": [""]}}
{"dateTime": "2025-08-11T15:00:52.469Z", "eventType": "delete.backward", "fullPath": "/main.py", "details": {"fromA": 14, "toA": 15, "fromB": 14, "toB": 14, "inserted": [""]}}
{"dateTime": "2025-08-11T15:00:52.514Z", "eventType": "delete.backward", "fullPath": "/main.py", "details": {"fromA": 13, "toA": 14, "fromB": 13, "toB": 13, "inserted": [""]}}
{"dateTime": "2025-08-11T15:00:52.731Z", "eventType": "delete.backward", "fullPath": "/main.py", "details": {"fromA": 12, "toA": 13, "fromB": 12, "toB": 12, "inserted": [""]}}
{"dateTime": "2025-08-11T15:00:52.944Z", "eventType": "delete.backward", "fullPath": "/main.py", "details": {"fromA": 11, "toA": 12, "fromB": 11, "toB": 11, "inserted": [""]}}
{"dateTime": "2025-08-11T15:00:53.136Z", "eventType": "delete.backward", "fullPath": "/main.py", "details": {"fromA": 10, "toA": 11, "fromB": 10, "toB": 10, "inserted": [""]}}
{"dateTime": "2025-08-11T15:00:53.328Z", "eventType": "delete.backward", "fullPath": "/main.py", "details": {"fromA": 9, "toA": 10, "fromB": 9, "toB": 9, "inserted": [""]}}
{"dateTime": "2025-08-11T15:00:53.519Z", "eventType": "delete.backward", "fullPath": "/main.py", "details": {"fromA": 8, "toA": 9, "fromB": 8, "toB": 8, "inserted": [""]}}
{"dateTime": "2025-08-11T15:00:53.695Z", "eventType": "delete.backward", "fullPath": "/main.py", "details": {"fromA": 7, "toA": 8, "fromB": 7, "toB": 7, "inserted": [""]}}
{"dateTime": "2025-08-11T15:00:56.892Z", "eventType": "blur", "fullPath": "/main.py"}
{"dateTime": "2025-08-11T15:00:59.941Z", "eventType": "focus", "fullPath": "/main.py"}
{"dateTime": "2025-08-11T15:00:59.945Z", "eventType": "select.pointer", "fullPath": "/main.py", "details": {"selection": {"from": 7, "to": 7}}}
{"dateTime": "2025-08-11T15:01:03.835Z", "eventType": "input.type", "fullPath": "/main.py", "details": {"fromA": 7, "toA": 7, "fromB": 7, "toB": 8, "inserted": ["U"]}}
{"dateTime": "2025-08-11T15:01:05.296Z", "eventType": "input.type", "fullPath": "/main.py", "details": {"fromA": 8, "toA": 8, "fromB": 8, "toB": 9, "inserted": ["n"]}}
{"dateTime": "2025-08-11T15:01:05.520Z", "eventType": "input.type", "fullPath": "/main.py", "details": {"fromA": 9, "toA": 9, "fromB": 9, "toB": 10, "inserted": ["i"]}}
{"dateTime": "2025-08-11T15:01:05.823Z", "eventType": "input.type", "fullPath": "/main.py", "details": {"fromA": 10, "toA": 10, "fromB": 10, "toB": 11, "inserted": ["v"]}}
{"dateTime": "2025-08-11T15:01:06.076Z", "eventType": "input.type", "fullPath": "/main.py", "details": {"fromA": 11, "toA": 11, "fromB": 11, "toB": 12, "inserted": ["e"]}}
{"dateTime": "2025-08-11T15:01:06.288Z", "eventType": "input.type", "fullPath": "/main.py", "details": {"fromA": 12, "toA": 12, "fromB": 12, "toB": 13, "inserted": ["r"]}}
{"dateTime": "2025-08-11T15:01:06.623Z", "eventType": "input.type", "fullPath": "/main.py", "details": {"fromA": 13, "toA": 13, "fromB": 13, "toB": 14, "inserted": ["s"]}}
{"dateTime": "2025-08-11T15:01:06.816Z", "eventType": "input.type", "fullPath": "/main.py", "details": {"fromA": 14, "toA": 14, "fromB": 14, "toB": 15, "inserted": ["i"]}}
{"dateTime": "2025-08-11T15:01:07.120Z", "eventType": "input.type", "fullPath": "/main.py", "details": {"fromA": 15, "toA": 15, "fromB": 15, "toB": 16, "inserted": ["d"]}}
{"dateTime": "2025-08-11T15:01:07.264Z", "eventType": "input.type", "fullPath": "/main.py", "details": {"fromA": 16, "toA": 16, "fromB": 16, "toB": 17, "inserted": ["a"]}}
{"dateTime": "2025-08-11T15:01:07.376Z", "eventType": "input.type", "fullPath": "/main.py", "details": {"fromA": 17, "toA": 17, "fromB": 17, "toB": 18, "inserted": ["d"]}}
{"dateTime": "2025-08-11T15:01:07.552Z", "eventType": "input.type", "fullPath": "/main.py", "details": {"fromA": 18, "toA": 18, "fromB": 18, "toB": 19, "inserted": ["e"]}}
{"dateTime": "2025-08-11T15:01:07.872Z", "eventType": "input.type", "fullPath": "/main.py", "details": {"fromA": 19, "toA": 19, "fromB": 19, "toB": 20, "inserted": [" "]}}
{"dateTime": "2025-08-11T15:01:09.376Z", "eventType": "input.type", "fullPath": "/main.py", "details": {"fromA": 20, "toA": 20, "fromB": 20, "toB": 21, "inserted": ["F"]}}
{"dateTime": "2025-08-11T15:01:09.807Z", "eventType": "input.type", "fullPath": "/main.py", "details": {"fromA": 21, "toA": 21, "fromB": 21, "toB": 22, "inserted": ["e"]}}
{"dateTime": "2025-08-11T15:01:10.000Z", "eventType": "input.type", "fullPath": "/main.py", "details": {"fromA": 22, "toA": 22, "fromB": 22, "toB": 23, "inserted": ["d"]}}
{"dateTime": "2025-08-11T15:01:10.224Z", "eventType": "input.type", "fullPath": "/main.py", "details": {"fromA": 23, "toA": 23, "fromB": 23, "toB": 24, "inserted": ["e"]}}
{"dateTime": "2025-08-11T15:01:10.368Z", "eventType": "input.type", "fullPath": "/main.py", "details": {"fromA": 24, "toA": 24, "fromB": 24, "toB": 25, "inserted": ["r"]}}
{"dateTime": "2025-08-11T15:01:10.607Z", "eventType": "input.type", "fullPath": "/main.py", "details": {"fromA": 25, "toA": 25, "fromB": 25, "toB": 26, "inserted": ["a"]}}
{"dateTime": "2025-08-11T15:01:11.823Z", "eventType": "input.type", "fullPath": "/main.py", "details": {"fromA": 26, "toA": 26, "fromB": 26, "toB": 27, "inserted": ["l"]}}
{"dateTime": "2025-08-11T15:01:12.048Z", "eventType": "input.type", "fullPath": "/main.py", "details": {"fromA": 27, "toA": 27, "fromB": 27, "toB": 28, "inserted": [" "]}}
{"dateTime": "2025-08-11T15:01:13.232Z", "eventType": "input.type", "fullPath": "/main.py", "details": {"fromA": 28, "toA": 28, "fromB": 28, "toB": 29, "inserted": ["d"]}}
{"dateTime": "2025-08-11T15:01:13.376Z", "eventType": "input.type", "fullPath": "/main.py", "details": {"fromA": 29, "toA": 29, "fromB": 29, "toB": 30, "inserted": ["o"]}}
{"dateTime": "2025-08-11T15:01:13.776Z", "eventType": "input.type", "fullPath": "/main.py", "details": {"fromA": 30, "toA": 30, "fromB": 30, "toB": 31, "inserted": [" "]}}
{"dateTime": "2025-08-11T15:01:14.332Z", "eventType": "input.type", "fullPath": "/main.py", "details": {"fromA": 31, "toA": 31, "fromB": 31, "toB": 32, "inserted": ["A"]}}
{"dateTime": "2025-08-11T15:01:15.519Z", "eventType": "input.type", "fullPath": "/main.py", "details": {"fromA": 32, "toA": 32, "fromB": 32, "toB": 33, "inserted": ["m"]}}
{"dateTime": "2025-08-11T15:01:15.616Z", "eventType": "input.type", "fullPath": "/main.py", "details": {"fromA": 33, "toA": 33, "fromB": 33, "toB": 34, "inserted": ["a"]}}
{"dateTime": "2025-08-11T15:01:15.904Z", "eventType": "input.type", "fullPath": "/main.py", "details": {"fromA": 34, "toA": 34, "fromB": 34, "toB": 35, "inserted": ["z"]}}
{"dateTime": "2025-08-11T15:01:16.048Z", "eventType": "input.type", "fullPath": "/main.py", "details": {"fromA": 35, "toA": 35, "fromB": 35, "toB": 36, "inserted": ["o"]}}
{"dateTime": "2025-08-11T15:01:16.272Z", "eventType": "input.type", "fullPath": "/main.py", "details": {"fromA": 36, "toA": 36, "fromB": 36, "toB": 37, "inserted": ["n"]}}
{"dateTime": "2025-08-11T15:01:16.365Z", "eventType": "input.type", "fullPath": "/main.py", "details": {"fromA": 37, "toA": 37, "fromB": 37, "toB": 38, "inserted": ["a"]}}
{"dateTime": "2025-08-11T15:01:16.576Z", "eventType": "input.type", "fullPath": "/main.py", "details": {"fromA": 38, "toA": 38, "fromB": 38, "toB": 39, "inserted": ["s"]}}
{"dateTime": "2025-08-11T15:01:22.878Z", "eventType": "input.type", "fullPath": "/main.py", "details": {"fromA": 39, "toA": 39, "fromB": 39, "toB": 40, "inserted": ["\""]}}
{"dateTime": "2025-08-11T15:01:25.216Z", "eventType": "input.type", "fullPath": "/main.py", "details": {"fromA": 40, "toA": 40, "fromB": 40, "toB": 41, "inserted": [")"]}}
{"dateTime": "2025-08-11T15:01:26.730Z", "eventType": "blur", "fullPath": "/main.py"}
