{"dateTime": "2025-08-21T18:15:08.315Z", "eventType": "input.type", "fullPath": "/main.py", "details": {"fromA": 25, "toA": 25, "fromB": 25, "toB": 26, "inserted": ["a"]}}
{"dateTime": "2025-08-21T18:15:08.521Z", "eventType": "input.type", "fullPath": "/main.py", "details": {"fromA": 26, "toA": 26, "fromB": 26, "toB": 27, "inserted": ["d"]}}
{"dateTime": "2025-08-21T18:15:08.731Z", "eventType": "input.type", "fullPath": "/main.py", "details": {"fromA": 27, "toA": 27, "fromB": 27, "toB": 28, "inserted": [" "]}}
{"dateTime": "2025-08-21T18:15:10.009Z", "eventType": "delete.backward", "fullPath": "/main.py", "details": {"fromA": 27, "toA": 28, "fromB": 27, "toB": 27, "inserted": [""]}}
{"dateTime": "2025-08-21T18:15:10.169Z", "eventType": "delete.backward", "fullPath": "/main.py", "details": {"fromA": 26, "toA": 27, "fromB": 26, "toB": 26, "inserted": [""]}}
{"dateTime": "2025-08-21T18:15:10.569Z", "eventType": "input.type", "fullPath": "/main.py", "details": {"fromA": 26, "toA": 26, "fromB": 26, "toB": 27, "inserted": [" "]}}
{"dateTime": "2025-08-21T18:15:11.129Z", "eventType": "input.type", "fullPath": "/main.py", "details": {"fromA": 27, "toA": 27, "fromB": 27, "toB": 28, "inserted": ["u"]}}
{"dateTime": "2025-08-21T18:15:11.356Z", "eventType": "input.type", "fullPath": "/main.py", "details": {"fromA": 28, "toA": 28, "fromB": 28, "toB": 29, "inserted": ["m"]}}
{"dateTime": "2025-08-21T18:15:11.503Z", "eventType": "input.type", "fullPath": "/main.py", "details": {"fromA": 29, "toA": 29, "fromB": 29, "toB": 30, "inserted": [" "]}}
{"dateTime": "2025-08-21T18:15:14.217Z", "eventType": "delete.backward", "fullPath": "/main.py", "details": {"fromA": 29, "toA": 30, "fromB": 29, "toB": 29, "inserted": [""]}}
{"dateTime": "2025-08-21T18:15:14.362Z", "eventType": "delete.backward", "fullPath": "/main.py", "details": {"fromA": 28, "toA": 29, "fromB": 28, "toB": 28, "inserted": [""]}}
{"dateTime": "2025-08-21T18:15:14.651Z", "eventType": "delete.backward", "fullPath": "/main.py", "details": {"fromA": 27, "toA": 28, "fromB": 27, "toB": 27, "inserted": [""]}}
{"dateTime": "2025-08-21T18:15:14.805Z", "eventType": "delete.backward", "fullPath": "/main.py", "details": {"fromA": 26, "toA": 27, "fromB": 26, "toB": 26, "inserted": [""]}}
{"dateTime": "2025-08-21T18:15:14.885Z", "eventType": "delete.backward", "fullPath": "/main.py", "details": {"fromA": 25, "toA": 26, "fromB": 25, "toB": 25, "inserted": [""]}}
{"dateTime": "2025-08-21T18:15:15.125Z", "eventType": "delete.backward", "fullPath": "/main.py", "details": {"fromA": 24, "toA": 25, "fromB": 24, "toB": 24, "inserted": [""]}}
{"dateTime": "2025-08-21T18:15:15.300Z", "eventType": "delete.backward", "fullPath": "/main.py", "details": {"fromA": 23, "toA": 24, "fromB": 23, "toB": 23, "inserted": [""]}}
{"dateTime": "2025-08-21T18:15:15.705Z", "eventType": "delete.backward", "fullPath": "/main.py", "details": {"fromA": 22, "toA": 23, "fromB": 22, "toB": 22, "inserted": [""]}}
{"dateTime": "2025-08-21T18:15:18.275Z", "eventType": "select.pointer", "fullPath": "/main.py", "details": {"selection": {"from": 28, "to": 28}}}
{"dateTime": "2025-08-21T18:15:19.161Z", "eventType": "delete.backward", "fullPath": "/main.py", "details": {"fromA": 27, "toA": 28, "fromB": 27, "toB": 27, "inserted": [""]}}
{"dateTime": "2025-08-21T18:15:22.855Z", "eventType": "select.pointer", "fullPath": "/main.py", "details": {"selection": {"from": 36, "to": 36}}}
{"dateTime": "2025-08-21T18:15:24.762Z", "eventType": "input.type", "fullPath": "/main.py", "details": {"fromA": 36, "toA": 36, "fromB": 36, "toB": 37, "inserted": ["c"]}}
{"dateTime": "2025-08-21T18:15:24.895Z", "eventType": "input.type", "fullPath": "/main.py", "details": {"fromA": 37, "toA": 37, "fromB": 37, "toB": 38, "inserted": ["a"]}}
{"dateTime": "2025-08-21T18:15:25.021Z", "eventType": "input.type", "fullPath": "/main.py", "details": {"fromA": 38, "toA": 38, "fromB": 38, "toB": 39, "inserted": ["d"]}}
{"dateTime": "2025-08-21T18:15:25.149Z", "eventType": "input.type", "fullPath": "/main.py", "details": {"fromA": 39, "toA": 39, "fromB": 39, "toB": 40, "inserted": ["a"]}}
{"dateTime": "2025-08-21T18:15:25.307Z", "eventType": "input.type", "fullPath": "/main.py", "details": {"fromA": 40, "toA": 40, "fromB": 40, "toB": 41, "inserted": [" "]}}
{"dateTime": "2025-08-21T18:15:26.250Z", "eventType": "input.type", "fullPath": "/main.py", "details": {"fromA": 41, "toA": 41, "fromB": 41, "toB": 42, "inserted": ["u"]}}
{"dateTime": "2025-08-21T18:15:26.509Z", "eventType": "input.type", "fullPath": "/main.py", "details": {"fromA": 42, "toA": 42, "fromB": 42, "toB": 43, "inserted": ["m"]}}
{"dateTime": "2025-08-21T18:15:26.605Z", "eventType": "input.type", "fullPath": "/main.py", "details": {"fromA": 43, "toA": 43, "fromB": 43, "toB": 44, "inserted": [" "]}}
{"dateTime": "2025-08-21T18:15:27.979Z", "eventType": "input.type", "fullPath": "/main.py", "details": {"fromA": 44, "toA": 44, "fromB": 44, "toB": 45, "inserted": ["d"]}}
{"dateTime": "2025-08-21T18:15:28.102Z", "eventType": "input.type", "fullPath": "/main.py", "details": {"fromA": 45, "toA": 45, "fromB": 45, "toB": 46, "inserted": ["e"]}}
{"dateTime": "2025-08-21T18:15:28.303Z", "eventType": "input.type", "fullPath": "/main.py", "details": {"fromA": 46, "toA": 46, "fromB": 46, "toB": 47, "inserted": ["v"]}}
{"dateTime": "2025-08-21T18:15:28.461Z", "eventType": "input.type", "fullPath": "/main.py", "details": {"fromA": 47, "toA": 47, "fromB": 47, "toB": 48, "inserted": ["e"]}}
{"dateTime": "2025-08-21T18:15:30.075Z", "eventType": "input.type", "fullPath": "/main.py", "details": {"fromA": 48, "toA": 48, "fromB": 48, "toB": 49, "inserted": ["r"]}}
{"dateTime": "2025-08-21T18:15:30.267Z", "eventType": "input.type.compose.start", "fullPath": "/main.py", "details": {"fromA": 49, "toA": 49, "fromB": 49, "toB": 50, "inserted": ["\u00b4"]}}
{"dateTime": "2025-08-21T18:15:30.365Z", "eventType": "input.type.compose", "fullPath": "/main.py", "details": {"fromA": 49, "toA": 50, "fromB": 49, "toB": 50, "inserted": ["\u00e1"]}}
{"dateTime": "2025-08-21T18:15:30.508Z", "eventType": "input.type", "fullPath": "/main.py", "details": {"fromA": 50, "toA": 50, "fromB": 50, "toB": 51, "inserted": [" "]}}
{"dateTime": "2025-08-21T18:15:38.042Z", "eventType": "delete.backward", "fullPath": "/main.py", "details": {"fromA": 50, "toA": 51, "fromB": 50, "toB": 50, "inserted": [""]}}
{"dateTime": "2025-08-21T18:15:38.218Z", "eventType": "delete.backward", "fullPath": "/main.py", "details": {"fromA": 49, "toA": 50, "fromB": 49, "toB": 49, "inserted": [""]}}
{"dateTime": "2025-08-21T18:15:38.379Z", "eventType": "delete.backward", "fullPath": "/main.py", "details": {"fromA": 48, "toA": 49, "fromB": 48, "toB": 48, "inserted": [""]}}
{"dateTime": "2025-08-21T18:15:38.762Z", "eventType": "delete.backward", "fullPath": "/main.py", "details": {"fromA": 47, "toA": 48, "fromB": 47, "toB": 47, "inserted": [""]}}
{"dateTime": "2025-08-21T18:15:38.922Z", "eventType": "delete.backward", "fullPath": "/main.py", "details": {"fromA": 46, "toA": 47, "fromB": 46, "toB": 46, "inserted": [""]}}
{"dateTime": "2025-08-21T18:15:39.131Z", "eventType": "delete.backward", "fullPath": "/main.py", "details": {"fromA": 45, "toA": 46, "fromB": 45, "toB": 45, "inserted": [""]}}
{"dateTime": "2025-08-21T18:15:39.447Z", "eventType": "delete.backward", "fullPath": "/main.py", "details": {"fromA": 44, "toA": 45, "fromB": 44, "toB": 44, "inserted": [""]}}
{"dateTime": "2025-08-21T18:15:39.594Z", "eventType": "delete.backward", "fullPath": "/main.py", "details": {"fromA": 43, "toA": 44, "fromB": 43, "toB": 43, "inserted": [""]}}
{"dateTime": "2025-08-21T18:15:39.739Z", "eventType": "delete.backward", "fullPath": "/main.py", "details": {"fromA": 42, "toA": 43, "fromB": 42, "toB": 42, "inserted": [""]}}
{"dateTime": "2025-08-21T18:15:39.978Z", "eventType": "delete.backward", "fullPath": "/main.py", "details": {"fromA": 41, "toA": 42, "fromB": 41, "toB": 41, "inserted": [""]}}
{"dateTime": "2025-08-21T18:15:40.122Z", "eventType": "delete.backward", "fullPath": "/main.py", "details": {"fromA": 40, "toA": 41, "fromB": 40, "toB": 40, "inserted": [""]}}
{"dateTime": "2025-08-21T18:15:40.266Z", "eventType": "delete.backward", "fullPath": "/main.py", "details": {"fromA": 39, "toA": 40, "fromB": 39, "toB": 39, "inserted": [""]}}
{"dateTime": "2025-08-21T18:15:40.362Z", "eventType": "delete.backward", "fullPath": "/main.py", "details": {"fromA": 38, "toA": 39, "fromB": 38, "toB": 38, "inserted": [""]}}
{"dateTime": "2025-08-21T18:15:40.522Z", "eventType": "delete.backward", "fullPath": "/main.py", "details": {"fromA": 37, "toA": 38, "fromB": 37, "toB": 37, "inserted": [""]}}
{"dateTime": "2025-08-21T18:15:40.858Z", "eventType": "delete.backward", "fullPath": "/main.py", "details": {"fromA": 36, "toA": 37, "fromB": 36, "toB": 36, "inserted": [""]}}
{"dateTime": "2025-08-21T18:15:41.674Z", "eventType": "input.type", "fullPath": "/main.py", "details": {"fromA": 36, "toA": 36, "fromB": 36, "toB": 37, "inserted": ["p"]}}
{"dateTime": "2025-08-21T18:15:41.837Z", "eventType": "input.type", "fullPath": "/main.py", "details": {"fromA": 37, "toA": 37, "fromB": 37, "toB": 38, "inserted": ["a"]}}
{"dateTime": "2025-08-21T18:15:42.110Z", "eventType": "input.type", "fullPath": "/main.py", "details": {"fromA": 38, "toA": 38, "fromB": 38, "toB": 39, "inserted": ["a"]}}
{"dateTime": "2025-08-21T18:15:43.051Z", "eventType": "delete.backward", "fullPath": "/main.py", "details": {"fromA": 38, "toA": 39, "fromB": 38, "toB": 38, "inserted": [""]}}
{"dateTime": "2025-08-21T18:15:43.390Z", "eventType": "input.type", "fullPath": "/main.py", "details": {"fromA": 38, "toA": 38, "fromB": 38, "toB": 39, "inserted": ["r"]}}
{"dateTime": "2025-08-21T18:15:43.485Z", "eventType": "input.type", "fullPath": "/main.py", "details": {"fromA": 39, "toA": 39, "fromB": 39, "toB": 40, "inserted": ["a"]}}
{"dateTime": "2025-08-21T18:15:43.691Z", "eventType": "input.type", "fullPath": "/main.py", "details": {"fromA": 40, "toA": 40, "fromB": 40, "toB": 41, "inserted": [" "]}}
{"dateTime": "2025-08-21T18:15:44.363Z", "eventType": "input.type", "fullPath": "/main.py", "details": {"fromA": 41, "toA": 41, "fromB": 41, "toB": 42, "inserted": ["c"]}}
{"dateTime": "2025-08-21T18:15:44.495Z", "eventType": "input.type", "fullPath": "/main.py", "details": {"fromA": 42, "toA": 42, "fromB": 42, "toB": 43, "inserted": ["a"]}}
{"dateTime": "2025-08-21T18:15:44.638Z", "eventType": "input.type", "fullPath": "/main.py", "details": {"fromA": 43, "toA": 43, "fromB": 43, "toB": 44, "inserted": ["d"]}}
{"dateTime": "2025-08-21T18:15:44.812Z", "eventType": "input.type", "fullPath": "/main.py", "details": {"fromA": 44, "toA": 44, "fromB": 44, "toB": 45, "inserted": ["a"]}}
{"dateTime": "2025-08-21T18:15:44.939Z", "eventType": "input.type", "fullPath": "/main.py", "details": {"fromA": 45, "toA": 45, "fromB": 45, "toB": 46, "inserted": [" "]}}
{"dateTime": "2025-08-21T18:15:45.851Z", "eventType": "input.type", "fullPath": "/main.py", "details": {"fromA": 46, "toA": 46, "fromB": 46, "toB": 47, "inserted": ["u"]}}
{"dateTime": "2025-08-21T18:15:46.379Z", "eventType": "input.type", "fullPath": "/main.py", "details": {"fromA": 47, "toA": 47, "fromB": 47, "toB": 48, "inserted": ["m"]}}
{"dateTime": "2025-08-21T18:15:46.607Z", "eventType": "input.type", "fullPath": "/main.py", "details": {"fromA": 48, "toA": 48, "fromB": 48, "toB": 49, "inserted": ["a"]}}
{"dateTime": "2025-08-21T18:15:47.483Z", "eventType": "delete.backward", "fullPath": "/main.py", "details": {"fromA": 48, "toA": 49, "fromB": 48, "toB": 48, "inserted": [""]}}
{"dateTime": "2025-08-21T18:15:49.372Z", "eventType": "input.complete", "fullPath": "/main.py", "details": {"fromA": 46, "toA": 48, "fromB": 46, "toB": 49, "inserted": ["sum"]}}
{"dateTime": "2025-08-21T18:15:51.915Z", "eventType": "delete.backward", "fullPath": "/main.py", "details": {"fromA": 48, "toA": 49, "fromB": 48, "toB": 48, "inserted": [""]}}
{"dateTime": "2025-08-21T18:15:52.060Z", "eventType": "delete.backward", "fullPath": "/main.py", "details": {"fromA": 47, "toA": 48, "fromB": 47, "toB": 47, "inserted": [""]}}
{"dateTime": "2025-08-21T18:15:52.188Z", "eventType": "delete.backward", "fullPath": "/main.py", "details": {"fromA": 46, "toA": 47, "fromB": 46, "toB": 46, "inserted": [""]}}
{"dateTime": "2025-08-21T18:15:54.494Z", "eventType": "blur", "fullPath": "/main.py"}
{"dateTime": "2025-08-21T18:16:08.324Z", "eventType": "focus", "fullPath": "/main.py"}
{"dateTime": "2025-08-21T18:16:08.327Z", "eventType": "select.pointer", "fullPath": "/main.py", "details": {"selection": {"from": 0, "to": 0}}}
{"dateTime": "2025-08-21T18:16:36.502Z", "eventType": "input.type", "fullPath": "/main.py", "details": {"fromA": 0, "toA": 0, "fromB": 0, "toB": 1, "inserted": ["c"]}}
{"dateTime": "2025-08-21T18:16:36.653Z", "eventType": "input.type", "fullPath": "/main.py", "details": {"fromA": 1, "toA": 1, "fromB": 1, "toB": 2, "inserted": ["o"]}}
{"dateTime": "2025-08-21T18:16:37.080Z", "eventType": "input.type", "fullPath": "/main.py", "details": {"fromA": 2, "toA": 2, "fromB": 2, "toB": 3, "inserted": ["n"]}}
{"dateTime": "2025-08-21T18:16:37.307Z", "eventType": "input.type", "fullPath": "/main.py", "details": {"fromA": 3, "toA": 3, "fromB": 3, "toB": 4, "inserted": ["t"]}}
{"dateTime": "2025-08-21T18:16:37.878Z", "eventType": "input.type", "fullPath": "/main.py", "details": {"fromA": 4, "toA": 4, "fromB": 4, "toB": 5, "inserted": ["a"]}}
{"dateTime": "2025-08-21T18:16:42.470Z", "eventType": "input.type", "fullPath": "/main.py", "details": {"fromA": 5, "toA": 5, "fromB": 5, "toB": 6, "inserted": [" "]}}
{"dateTime": "2025-08-21T18:16:47.687Z", "eventType": "input.type", "fullPath": "/main.py", "details": {"fromA": 6, "toA": 6, "fromB": 6, "toB": 7, "inserted": ["="]}}
{"dateTime": "2025-08-21T18:16:48.342Z", "eventType": "input.type", "fullPath": "/main.py", "details": {"fromA": 7, "toA": 7, "fromB": 7, "toB": 8, "inserted": [" "]}}
{"dateTime": "2025-08-21T18:16:50.167Z", "eventType": "input.type", "fullPath": "/main.py", "details": {"fromA": 8, "toA": 8, "fromB": 8, "toB": 9, "inserted": ["2"]}}
{"dateTime": "2025-08-21T18:16:51.014Z", "eventType": "input.type", "fullPath": "/main.py", "details": {"fromA": 9, "toA": 9, "fromB": 9, "toB": 10, "inserted": ["5"]}}
{"dateTime": "2025-08-21T18:16:51.206Z", "eventType": "input.type", "fullPath": "/main.py", "details": {"fromA": 10, "toA": 10, "fromB": 10, "toB": 11, "inserted": ["0"]}}
{"dateTime": "2025-08-21T18:16:51.334Z", "eventType": "input.type", "fullPath": "/main.py", "details": {"fromA": 11, "toA": 11, "fromB": 11, "toB": 12, "inserted": [" "]}}
{"dateTime": "2025-08-21T18:16:55.719Z", "eventType": "input.type", "fullPath": "/main.py", "details": {"fromA": 12, "toA": 12, "fromB": 12, "toB": 13, "inserted": ["/"]}}
{"dateTime": "2025-08-21T18:16:56.790Z", "eventType": "input.type", "fullPath": "/main.py", "details": {"fromA": 13, "toA": 13, "fromB": 13, "toB": 14, "inserted": [" "]}}
{"dateTime": "2025-08-21T18:16:56.950Z", "eventType": "input.type", "fullPath": "/main.py", "details": {"fromA": 14, "toA": 14, "fromB": 14, "toB": 15, "inserted": ["6"]}}
{"dateTime": "2025-08-21T18:17:00.664Z", "eventType": "input", "fullPath": "/main.py", "details": {"fromA": 15, "toA": 15, "fromB": 15, "toB": 16, "inserted": ["", ""]}}
{"dateTime": "2025-08-21T18:17:09.095Z", "eventType": "input.type", "fullPath": "/main.py", "details": {"fromA": 16, "toA": 16, "fromB": 16, "toB": 17, "inserted": [" "]}}
{"dateTime": "2025-08-21T18:17:40.999Z", "eventType": "input.type", "fullPath": "/main.py", "details": {"fromA": 17, "toA": 17, "fromB": 17, "toB": 18, "inserted": ["p"]}}
{"dateTime": "2025-08-21T18:17:41.212Z", "eventType": "input.type", "fullPath": "/main.py", "details": {"fromA": 18, "toA": 18, "fromB": 18, "toB": 19, "inserted": ["r"]}}
{"dateTime": "2025-08-21T18:17:41.387Z", "eventType": "input.type", "fullPath": "/main.py", "details": {"fromA": 19, "toA": 19, "fromB": 19, "toB": 20, "inserted": ["i"]}}
{"dateTime": "2025-08-21T18:17:41.656Z", "eventType": "input.type", "fullPath": "/main.py", "details": {"fromA": 20, "toA": 20, "fromB": 20, "toB": 21, "inserted": ["n"]}}
{"dateTime": "2025-08-21T18:17:41.866Z", "eventType": "input.type", "fullPath": "/main.py", "details": {"fromA": 21, "toA": 21, "fromB": 21, "toB": 22, "inserted": ["t"]}}
{"dateTime": "2025-08-21T18:17:44.375Z", "eventType": "input.type", "fullPath": "/main.py", "details": {"fromA": 22, "toA": 22, "fromB": 22, "toB": 24, "inserted": ["()"]}}
{"dateTime": "2025-08-21T18:17:47.111Z", "eventType": "input.type", "fullPath": "/main.py", "details": {"fromA": 23, "toA": 23, "fromB": 23, "toB": 24, "inserted": ["r"]}}
{"dateTime": "2025-08-21T18:17:47.548Z", "eventType": "input.type", "fullPath": "/main.py", "details": {"fromA": 24, "toA": 24, "fromB": 24, "toB": 25, "inserted": ["o"]}}
{"dateTime": "2025-08-21T18:17:49.640Z", "eventType": "input.complete", "fullPath": "/main.py", "details": {"fromA": 23, "toA": 25, "fromB": 23, "toB": 28, "inserted": ["round"]}}
{"dateTime": "2025-08-21T18:17:54.072Z", "eventType": "input.type", "fullPath": "/main.py", "details": {"fromA": 28, "toA": 28, "fromB": 28, "toB": 30, "inserted": ["()"]}}
{"dateTime": "2025-08-21T18:18:10.440Z", "eventType": "input.type", "fullPath": "/main.py", "details": {"fromA": 29, "toA": 29, "fromB": 29, "toB": 30, "inserted": ["c"]}}
{"dateTime": "2025-08-21T18:18:10.933Z", "eventType": "input.type", "fullPath": "/main.py", "details": {"fromA": 30, "toA": 30, "fromB": 30, "toB": 31, "inserted": ["o"]}}
{"dateTime": "2025-08-21T18:18:11.611Z", "eventType": "input.type", "fullPath": "/main.py", "details": {"fromA": 31, "toA": 31, "fromB": 31, "toB": 32, "inserted": ["n"]}}
{"dateTime": "2025-08-21T18:18:11.947Z", "eventType": "input.type", "fullPath": "/main.py", "details": {"fromA": 32, "toA": 32, "fromB": 32, "toB": 33, "inserted": ["t"]}}
{"dateTime": "2025-08-21T18:18:12.218Z", "eventType": "input.type", "fullPath": "/main.py", "details": {"fromA": 33, "toA": 33, "fromB": 33, "toB": 34, "inserted": ["a"]}}
{"dateTime": "2025-08-21T18:18:13.480Z", "eventType": "input.type", "fullPath": "/main.py", "details": {"fromA": 34, "toA": 34, "fromB": 34, "toB": 35, "inserted": [","]}}
{"dateTime": "2025-08-21T18:18:14.056Z", "eventType": "input.type", "fullPath": "/main.py", "details": {"fromA": 35, "toA": 35, "fromB": 35, "toB": 36, "inserted": ["2"]}}
{"dateTime": "2025-08-21T18:18:53.180Z", "eventType": "blur", "fullPath": "/main.py"}
{"dateTime": "2025-08-21T18:18:53.182Z", "eventType": "focus", "fullPath": "/main.py"}
{"dateTime": "2025-08-21T18:18:53.184Z", "eventType": "select", "fullPath": "/main.py", "details": {"selection": {"from": 38, "to": 38}}}
{"dateTime": "2025-08-21T18:18:56.393Z", "eventType": "blur", "fullPath": "/main.py"}
{"dateTime": "2025-08-21T18:19:10.406Z", "eventType": "focus", "fullPath": "/main.py"}
{"dateTime": "2025-08-21T18:19:10.412Z", "eventType": "select.pointer", "fullPath": "/main.py", "details": {"selection": {"from": 38, "to": 38}}}
{"dateTime": "2025-08-21T18:19:11.347Z", "eventType": "blur", "fullPath": "/main.py"}
{"dateTime": "2025-08-21T18:19:11.676Z", "eventType": "run", "details": {"commit": "091a6200df189af5e6ddd62677848288cc5e16a0"}}
{"dateTime": "2025-08-21T18:19:12.749Z", "eventType": "run", "details": {"commit": "091a6200df189af5e6ddd62677848288cc5e16a0"}}
{"dateTime": "2025-08-21T18:19:13.528Z", "eventType": "run", "details": {"commit": "091a6200df189af5e6ddd62677848288cc5e16a0"}}
{"dateTime": "2025-08-21T18:19:42.784Z", "eventType": "focus", "fullPath": "/main.py"}
{"dateTime": "2025-08-21T18:19:42.787Z", "eventType": "select.pointer", "fullPath": "/main.py", "details": {"selection": {"from": 38, "to": 38}}}
{"dateTime": "2025-08-21T18:19:43.801Z", "eventType": "select.pointer", "fullPath": "/main.py", "details": {"selection": {"from": 18, "to": 18}}}
{"dateTime": "2025-08-21T18:19:44.440Z", "eventType": "select.pointer", "fullPath": "/main.py", "details": {"selection": {"from": 17, "to": 17}}}
{"dateTime": "2025-08-21T18:19:45.674Z", "eventType": "delete.backward", "fullPath": "/main.py", "details": {"fromA": 16, "toA": 17, "fromB": 16, "toB": 16, "inserted": [""]}}
{"dateTime": "2025-08-21T18:19:46.765Z", "eventType": "blur", "fullPath": "/main.py"}
{"dateTime": "2025-08-21T18:19:46.768Z", "eventType": "focus", "fullPath": "/main.py"}
{"dateTime": "2025-08-21T18:19:46.773Z", "eventType": "select", "fullPath": "/main.py", "details": {"selection": {"from": 37, "to": 37}}}
{"dateTime": "2025-08-21T18:19:47.888Z", "eventType": "blur", "fullPath": "/main.py"}
{"dateTime": "2025-08-21T18:19:48.229Z", "eventType": "run", "details": {"commit": "0c2f08a69275e935f02bc500eb00937702e32ebc"}}
{"dateTime": "2025-08-21T18:19:53.823Z", "eventType": "focus", "fullPath": "/main.py"}
{"dateTime": "2025-08-21T18:19:53.826Z", "eventType": "select.pointer", "fullPath": "/main.py", "details": {"selection": {"from": 27, "to": 27}}}
{"dateTime": "2025-08-21T18:19:55.450Z", "eventType": "input.type", "fullPath": "/main.py", "details": {"fromA": 27, "toA": 27, "fromB": 27, "toB": 28, "inserted": ["c"]}}
{"dateTime": "2025-08-21T18:19:55.562Z", "eventType": "input.type", "fullPath": "/main.py", "details": {"fromA": 28, "toA": 28, "fromB": 28, "toB": 29, "inserted": ["a"]}}
{"dateTime": "2025-08-21T18:19:57.002Z", "eventType": "delete.backward", "fullPath": "/main.py", "details": {"fromA": 28, "toA": 29, "fromB": 28, "toB": 28, "inserted": [""]}}
{"dateTime": "2025-08-21T18:20:01.121Z", "eventType": "select.pointer", "fullPath": "/main.py", "details": {"selection": {"from": 22, "to": 22}}}
{"dateTime": "2025-08-21T18:20:02.329Z", "eventType": "input.type", "fullPath": "/main.py", "details": {"fromA": 22, "toA": 22, "fromB": 22, "toB": 23, "inserted": ["a"]}}
{"dateTime": "2025-08-21T18:20:02.524Z", "eventType": "input.type", "fullPath": "/main.py", "details": {"fromA": 23, "toA": 23, "fromB": 23, "toB": 24, "inserted": ["c"]}}
{"dateTime": "2025-08-21T18:20:03.738Z", "eventType": "delete.backward", "fullPath": "/main.py", "details": {"fromA": 23, "toA": 24, "fromB": 23, "toB": 23, "inserted": [""]}}
{"dateTime": "2025-08-21T18:20:03.918Z", "eventType": "delete.backward", "fullPath": "/main.py", "details": {"fromA": 22, "toA": 23, "fromB": 22, "toB": 22, "inserted": [""]}}
{"dateTime": "2025-08-21T18:20:05.050Z", "eventType": "input.type", "fullPath": "/main.py", "details": {"fromA": 22, "toA": 22, "fromB": 22, "toB": 23, "inserted": ["c"]}}
{"dateTime": "2025-08-21T18:20:05.192Z", "eventType": "input.type", "fullPath": "/main.py", "details": {"fromA": 23, "toA": 23, "fromB": 23, "toB": 24, "inserted": ["a"]}}
{"dateTime": "2025-08-21T18:20:05.441Z", "eventType": "input.type", "fullPath": "/main.py", "details": {"fromA": 24, "toA": 24, "fromB": 24, "toB": 25, "inserted": ["d"]}}
