{"dateTime": "2025-08-21T18:29:59.074Z", "eventType": "input.type", "fullPath": "/main.py", "details": {"fromA": 24, "toA": 24, "fromB": 24, "toB": 25, "inserted": ["("]}}
{"dateTime": "2025-08-21T18:30:00.337Z", "eventType": "select", "fullPath": "/main.py", "details": {"selection": {"from": 26, "to": 26}}}
{"dateTime": "2025-08-21T18:30:01.217Z", "eventType": "select", "fullPath": "/main.py", "details": {"selection": {"from": 27, "to": 27}}}
{"dateTime": "2025-08-21T18:30:02.449Z", "eventType": "input.type", "fullPath": "/main.py", "details": {"fromA": 27, "toA": 27, "fromB": 27, "toB": 28, "inserted": [")"]}}
{"dateTime": "2025-08-21T18:30:04.002Z", "eventType": "blur", "fullPath": "/main.py"}
{"dateTime": "2025-08-21T18:30:04.273Z", "eventType": "run", "details": {"commit": "4c943b93faa9845ff9c9f17504359d8482bb09e6"}}
{"dateTime": "2025-08-21T18:30:04.826Z", "eventType": "run", "details": {"commit": "4c943b93faa9845ff9c9f17504359d8482bb09e6"}}
{"dateTime": "2025-08-21T18:30:05.663Z", "eventType": "focus", "fullPath": "/main.py"}
{"dateTime": "2025-08-21T18:30:05.666Z", "eventType": "select.pointer", "fullPath": "/main.py", "details": {"selection": {"from": 13, "to": 13}}}
{"dateTime": "2025-08-21T18:30:06.553Z", "eventType": "select.pointer", "fullPath": "/main.py", "details": {"selection": {"from": 10, "to": 10}}}
{"dateTime": "2025-08-21T18:30:06.873Z", "eventType": "select.pointer", "fullPath": "/main.py", "details": {"selection": {"from": 29, "to": 29}}}
{"dateTime": "2025-08-21T18:30:07.648Z", "eventType": "delete.backward", "fullPath": "/main.py", "details": {"fromA": 28, "toA": 29, "fromB": 28, "toB": 28, "inserted": [""]}}
{"dateTime": "2025-08-21T18:30:07.857Z", "eventType": "delete.backward", "fullPath": "/main.py", "details": {"fromA": 27, "toA": 28, "fromB": 27, "toB": 27, "inserted": [""]}}
{"dateTime": "2025-08-21T18:30:08.356Z", "eventType": "delete.backward", "fullPath": "/main.py", "details": {"fromA": 26, "toA": 27, "fromB": 26, "toB": 26, "inserted": [""]}}
{"dateTime": "2025-08-21T18:30:08.405Z", "eventType": "delete.backward", "fullPath": "/main.py", "details": {"fromA": 25, "toA": 26, "fromB": 25, "toB": 25, "inserted": [""]}}
{"dateTime": "2025-08-21T18:30:08.456Z", "eventType": "delete.backward", "fullPath": "/main.py", "details": {"fromA": 24, "toA": 25, "fromB": 24, "toB": 24, "inserted": [""]}}
{"dateTime": "2025-08-21T18:30:08.506Z", "eventType": "delete.backward", "fullPath": "/main.py", "details": {"fromA": 23, "toA": 24, "fromB": 23, "toB": 23, "inserted": [""]}}
{"dateTime": "2025-08-21T18:30:08.704Z", "eventType": "delete.backward", "fullPath": "/main.py", "details": {"fromA": 22, "toA": 23, "fromB": 22, "toB": 22, "inserted": [""]}}
{"dateTime": "2025-08-21T18:30:08.895Z", "eventType": "delete.backward", "fullPath": "/main.py", "details": {"fromA": 21, "toA": 22, "fromB": 21, "toB": 21, "inserted": [""]}}
{"dateTime": "2025-08-21T18:30:09.071Z", "eventType": "delete.backward", "fullPath": "/main.py", "details": {"fromA": 20, "toA": 21, "fromB": 20, "toB": 20, "inserted": [""]}}
{"dateTime": "2025-08-21T18:30:09.408Z", "eventType": "delete.backward", "fullPath": "/main.py", "details": {"fromA": 19, "toA": 20, "fromB": 19, "toB": 19, "inserted": [""]}}
{"dateTime": "2025-08-21T18:30:09.920Z", "eventType": "input.type", "fullPath": "/main.py", "details": {"fromA": 19, "toA": 19, "fromB": 19, "toB": 20, "inserted": ["5"]}}
{"dateTime": "2025-08-21T18:30:10.128Z", "eventType": "input.type", "fullPath": "/main.py", "details": {"fromA": 20, "toA": 20, "fromB": 20, "toB": 21, "inserted": ["0"]}}
{"dateTime": "2025-08-21T18:30:10.736Z", "eventType": "input.type", "fullPath": "/main.py", "details": {"fromA": 21, "toA": 21, "fromB": 21, "toB": 22, "inserted": ["-"]}}
{"dateTime": "2025-08-21T18:30:11.073Z", "eventType": "input.type", "fullPath": "/main.py", "details": {"fromA": 22, "toA": 22, "fromB": 22, "toB": 23, "inserted": ["1"]}}
{"dateTime": "2025-08-21T18:30:11.280Z", "eventType": "input.type", "fullPath": "/main.py", "details": {"fromA": 23, "toA": 23, "fromB": 23, "toB": 24, "inserted": ["3"]}}
{"dateTime": "2025-08-21T18:30:11.585Z", "eventType": "input.type", "fullPath": "/main.py", "details": {"fromA": 24, "toA": 24, "fromB": 24, "toB": 25, "inserted": ["*"]}}
{"dateTime": "2025-08-21T18:30:11.904Z", "eventType": "input.type", "fullPath": "/main.py", "details": {"fromA": 25, "toA": 25, "fromB": 25, "toB": 26, "inserted": ["3"]}}
{"dateTime": "2025-08-21T18:30:13.984Z", "eventType": "delete.backward", "fullPath": "/main.py", "details": {"fromA": 25, "toA": 26, "fromB": 25, "toB": 25, "inserted": [""]}}
{"dateTime": "2025-08-21T18:30:14.176Z", "eventType": "delete.backward", "fullPath": "/main.py", "details": {"fromA": 24, "toA": 25, "fromB": 24, "toB": 24, "inserted": [""]}}
{"dateTime": "2025-08-21T18:30:14.352Z", "eventType": "delete.backward", "fullPath": "/main.py", "details": {"fromA": 23, "toA": 24, "fromB": 23, "toB": 23, "inserted": [""]}}
{"dateTime": "2025-08-21T18:30:15.201Z", "eventType": "input.type", "fullPath": "/main.py", "details": {"fromA": 23, "toA": 23, "fromB": 23, "toB": 24, "inserted": ["6"]}}
{"dateTime": "2025-08-21T18:30:15.697Z", "eventType": "input.type", "fullPath": "/main.py", "details": {"fromA": 24, "toA": 24, "fromB": 24, "toB": 25, "inserted": ["*"]}}
{"dateTime": "2025-08-21T18:30:15.986Z", "eventType": "input.type", "fullPath": "/main.py", "details": {"fromA": 25, "toA": 25, "fromB": 25, "toB": 26, "inserted": ["3"]}}
{"dateTime": "2025-08-21T18:30:17.873Z", "eventType": "input.type", "fullPath": "/main.py", "details": {"fromA": 26, "toA": 26, "fromB": 26, "toB": 27, "inserted": [")"]}}
{"dateTime": "2025-08-21T18:30:19.984Z", "eventType": "blur", "fullPath": "/main.py"}
{"dateTime": "2025-08-21T18:30:20.243Z", "eventType": "run", "details": {"commit": "794ebbdac35fec014b1b665fc4df0bd46bf333c3"}}
{"dateTime": "2025-08-21T18:30:22.343Z", "eventType": "submission", "details": {"correctness": 1, "commit": "794ebbdac35fec014b1b665fc4df0bd46bf333c3", "executionTime": 0.01}}
{"dateTime": "2025-08-21T18:30:26.451Z", "eventType": "focus", "fullPath": "/main.py"}
{"dateTime": "2025-08-21T18:30:26.453Z", "eventType": "select.pointer", "fullPath": "/main.py", "details": {"selection": {"from": 0, "to": 0}}}
{"dateTime": "2025-08-21T18:33:14.990Z", "eventType": "blur", "fullPath": "/main.py"}
{"dateTime": "2025-08-21T18:33:14.991Z", "eventType": "window.blur", "fullPath": "/main.py"}
{"dateTime": "2025-08-21T18:34:28.565Z", "eventType": "focus", "fullPath": "/main.py"}
{"dateTime": "2025-08-21T18:34:29.806Z", "eventType": "window.blur", "fullPath": "/main.py"}
{"dateTime": "2025-08-21T18:35:24.443Z", "eventType": "focus", "fullPath": "/main.py"}
{"dateTime": "2025-08-21T18:35:25.600Z", "eventType": "blur", "fullPath": "/main.py"}
{"dateTime": "2025-08-21T18:35:25.968Z", "eventType": "focus", "fullPath": "/main.py"}
{"dateTime": "2025-08-21T18:35:25.969Z", "eventType": "select.pointer", "fullPath": "/main.py", "details": {"selection": {"from": 0, "to": 0}}}
{"dateTime": "2025-08-21T18:35:51.869Z", "eventType": "input.type", "fullPath": "/main.py", "details": {"fromA": 0, "toA": 0, "fromB": 0, "toB": 1, "inserted": ["p"]}}
{"dateTime": "2025-08-21T18:35:52.160Z", "eventType": "input.type", "fullPath": "/main.py", "details": {"fromA": 1, "toA": 1, "fromB": 1, "toB": 2, "inserted": ["t"]}}
{"dateTime": "2025-08-21T18:35:52.623Z", "eventType": "input.type", "fullPath": "/main.py", "details": {"fromA": 2, "toA": 2, "fromB": 2, "toB": 3, "inserted": ["i"]}}
{"dateTime": "2025-08-21T18:35:53.437Z", "eventType": "delete.backward", "fullPath": "/main.py", "details": {"fromA": 2, "toA": 3, "fromB": 2, "toB": 2, "inserted": [""]}}
{"dateTime": "2025-08-21T18:35:53.580Z", "eventType": "delete.backward", "fullPath": "/main.py", "details": {"fromA": 1, "toA": 2, "fromB": 1, "toB": 1, "inserted": [""]}}
{"dateTime": "2025-08-21T18:35:53.854Z", "eventType": "input.type", "fullPath": "/main.py", "details": {"fromA": 1, "toA": 1, "fromB": 1, "toB": 2, "inserted": ["r"]}}
{"dateTime": "2025-08-21T18:35:54.158Z", "eventType": "input.type", "fullPath": "/main.py", "details": {"fromA": 2, "toA": 2, "fromB": 2, "toB": 3, "inserted": ["i"]}}
{"dateTime": "2025-08-21T18:35:54.431Z", "eventType": "input.type", "fullPath": "/main.py", "details": {"fromA": 3, "toA": 3, "fromB": 3, "toB": 4, "inserted": ["n"]}}
{"dateTime": "2025-08-21T18:35:54.554Z", "eventType": "input.type", "fullPath": "/main.py", "details": {"fromA": 4, "toA": 4, "fromB": 4, "toB": 5, "inserted": ["t"]}}
{"dateTime": "2025-08-21T18:35:56.475Z", "eventType": "input.complete", "fullPath": "/main.py", "details": {"fromA": 0, "toA": 5, "fromB": 0, "toB": 5, "inserted": ["print"]}}
{"dateTime": "2025-08-21T18:35:56.780Z", "eventType": "input.type", "fullPath": "/main.py", "details": {"fromA": 5, "toA": 5, "fromB": 5, "toB": 6, "inserted": ["9"]}}
{"dateTime": "2025-08-21T18:35:58.140Z", "eventType": "delete.backward", "fullPath": "/main.py", "details": {"fromA": 5, "toA": 6, "fromB": 5, "toB": 5, "inserted": [""]}}
{"dateTime": "2025-08-21T18:35:58.829Z", "eventType": "input", "fullPath": "/main.py", "details": {"fromA": 5, "toA": 5, "fromB": 5, "toB": 6, "inserted": ["", ""]}}
{"dateTime": "2025-08-21T18:35:59.020Z", "eventType": "input.type", "fullPath": "/main.py", "details": {"fromA": 6, "toA": 6, "fromB": 6, "toB": 7, "inserted": ["9"]}}
{"dateTime": "2025-08-21T18:35:59.450Z", "eventType": "delete.backward", "fullPath": "/main.py", "details": {"fromA": 6, "toA": 7, "fromB": 6, "toB": 6, "inserted": [""]}}
{"dateTime": "2025-08-21T18:35:59.916Z", "eventType": "delete.backward", "fullPath": "/main.py", "details": {"fromA": 5, "toA": 6, "fromB": 5, "toB": 5, "inserted": [""]}}
{"dateTime": "2025-08-21T18:36:01.197Z", "eventType": "input.type", "fullPath": "/main.py", "details": {"fromA": 5, "toA": 5, "fromB": 5, "toB": 7, "inserted": ["()"]}}
{"dateTime": "2025-08-21T18:36:06.509Z", "eventType": "input.type", "fullPath": "/main.py", "details": {"fromA": 6, "toA": 6, "fromB": 6, "toB": 7, "inserted": ["5"]}}
{"dateTime": "2025-08-21T18:36:06.732Z", "eventType": "input.type", "fullPath": "/main.py", "details": {"fromA": 7, "toA": 7, "fromB": 7, "toB": 8, "inserted": ["0"]}}
{"dateTime": "2025-08-21T18:36:08.061Z", "eventType": "input.type", "fullPath": "/main.py", "details": {"fromA": 8, "toA": 8, "fromB": 8, "toB": 9, "inserted": ["/"]}}
{"dateTime": "2025-08-21T18:36:11.149Z", "eventType": "input.type", "fullPath": "/main.py", "details": {"fromA": 9, "toA": 9, "fromB": 9, "toB": 10, "inserted": ["6"]}}
{"dateTime": "2025-08-21T18:36:24.749Z", "eventType": "select.pointer", "fullPath": "/main.py", "details": {"selection": {"from": 11, "to": 11}}}
{"dateTime": "2025-08-21T18:36:29.806Z", "eventType": "input.type", "fullPath": "/main.py", "details": {"fromA": 11, "toA": 11, "fromB": 11, "toB": 12, "inserted": [")"]}}
{"dateTime": "2025-08-21T18:36:30.924Z", "eventType": "delete.backward", "fullPath": "/main.py", "details": {"fromA": 11, "toA": 12, "fromB": 11, "toB": 11, "inserted": [""]}}
{"dateTime": "2025-08-21T18:36:31.454Z", "eventType": "input", "fullPath": "/main.py", "details": {"fromA": 11, "toA": 11, "fromB": 11, "toB": 12, "inserted": ["", ""]}}
{"dateTime": "2025-08-21T18:36:32.446Z", "eventType": "input.type", "fullPath": "/main.py", "details": {"fromA": 12, "toA": 12, "fromB": 12, "toB": 13, "inserted": ["p"]}}
{"dateTime": "2025-08-21T18:36:32.927Z", "eventType": "input.type", "fullPath": "/main.py", "details": {"fromA": 13, "toA": 13, "fromB": 13, "toB": 14, "inserted": ["r"]}}
{"dateTime": "2025-08-21T18:36:33.010Z", "eventType": "input.type", "fullPath": "/main.py", "details": {"fromA": 14, "toA": 14, "fromB": 14, "toB": 15, "inserted": ["i"]}}
{"dateTime": "2025-08-21T18:36:33.214Z", "eventType": "input.type", "fullPath": "/main.py", "details": {"fromA": 15, "toA": 15, "fromB": 15, "toB": 16, "inserted": ["t"]}}
{"dateTime": "2025-08-21T18:36:35.567Z", "eventType": "input.complete", "fullPath": "/main.py", "details": {"fromA": 12, "toA": 16, "fromB": 12, "toB": 17, "inserted": ["print"]}}
{"dateTime": "2025-08-21T18:36:36.718Z", "eventType": "input.type", "fullPath": "/main.py", "details": {"fromA": 17, "toA": 17, "fromB": 17, "toB": 19, "inserted": ["()"]}}
{"dateTime": "2025-08-21T18:36:47.678Z", "eventType": "input.type", "fullPath": "/main.py", "details": {"fromA": 18, "toA": 18, "fromB": 18, "toB": 19, "inserted": ["5"]}}
{"dateTime": "2025-08-21T18:36:47.934Z", "eventType": "input.type", "fullPath": "/main.py", "details": {"fromA": 19, "toA": 19, "fromB": 19, "toB": 20, "inserted": ["0"]}}
{"dateTime": "2025-08-21T18:36:48.861Z", "eventType": "input.type", "fullPath": "/main.py", "details": {"fromA": 20, "toA": 20, "fromB": 20, "toB": 21, "inserted": ["6"]}}
{"dateTime": "2025-08-21T18:36:49.646Z", "eventType": "delete.backward", "fullPath": "/main.py", "details": {"fromA": 20, "toA": 21, "fromB": 20, "toB": 20, "inserted": [""]}}
{"dateTime": "2025-08-21T18:36:50.110Z", "eventType": "input.type", "fullPath": "/main.py", "details": {"fromA": 20, "toA": 20, "fromB": 20, "toB": 21, "inserted": ["/"]}}
{"dateTime": "2025-08-21T18:36:51.406Z", "eventType": "input.type", "fullPath": "/main.py", "details": {"fromA": 21, "toA": 21, "fromB": 21, "toB": 22, "inserted": ["6"]}}
{"dateTime": "2025-08-21T18:36:54.638Z", "eventType": "input.type", "fullPath": "/main.py", "details": {"fromA": 22, "toA": 22, "fromB": 22, "toB": 23, "inserted": ["-"]}}
{"dateTime": "2025-08-21T18:36:57.421Z", "eventType": "delete.backward", "fullPath": "/main.py", "details": {"fromA": 22, "toA": 23, "fromB": 22, "toB": 22, "inserted": [""]}}
{"dateTime": "2025-08-21T18:36:59.230Z", "eventType": "select.pointer", "fullPath": "/main.py", "details": {"selection": {"from": 18, "to": 18}}}
{"dateTime": "2025-08-21T18:37:00.399Z", "eventType": "input.type", "fullPath": "/main.py", "details": {"fromA": 18, "toA": 18, "fromB": 18, "toB": 19, "inserted": ["5"]}}
{"dateTime": "2025-08-21T18:37:00.606Z", "eventType": "input.type", "fullPath": "/main.py", "details": {"fromA": 19, "toA": 19, "fromB": 19, "toB": 20, "inserted": ["0"]}}
{"dateTime": "2025-08-21T18:37:01.295Z", "eventType": "input.type", "fullPath": "/main.py", "details": {"fromA": 20, "toA": 20, "fromB": 20, "toB": 21, "inserted": ["-"]}}
{"dateTime": "2025-08-21T18:37:02.047Z", "eventType": "input.type", "fullPath": "/main.py", "details": {"fromA": 21, "toA": 21, "fromB": 21, "toB": 22, "inserted": [" "]}}
{"dateTime": "2025-08-21T18:37:03.934Z", "eventType": "delete.backward", "fullPath": "/main.py", "details": {"fromA": 21, "toA": 22, "fromB": 21, "toB": 21, "inserted": [""]}}
{"dateTime": "2025-08-21T18:37:04.899Z", "eventType": "blur", "fullPath": "/main.py"}
{"dateTime": "2025-08-21T18:37:05.186Z", "eventType": "run", "details": {"commit": "8693467bb026245d5a436f536cff7a62f06dc3a1"}}
{"dateTime": "2025-08-21T18:37:06.837Z", "eventType": "focus", "fullPath": "/main.py"}
{"dateTime": "2025-08-21T18:37:06.840Z", "eventType": "select.pointer", "fullPath": "/main.py", "details": {"selection": {"from": 26, "to": 26}}}
{"dateTime": "2025-08-21T18:37:08.511Z", "eventType": "delete.backward", "fullPath": "/main.py", "details": {"fromA": 25, "toA": 26, "fromB": 25, "toB": 25, "inserted": [""]}}
{"dateTime": "2025-08-21T18:37:09.010Z", "eventType": "delete.backward", "fullPath": "/main.py", "details": {"fromA": 24, "toA": 25, "fromB": 24, "toB": 24, "inserted": [""]}}
{"dateTime": "2025-08-21T18:37:09.059Z", "eventType": "delete.backward", "fullPath": "/main.py", "details": {"fromA": 23, "toA": 24, "fromB": 23, "toB": 23, "inserted": [""]}}
{"dateTime": "2025-08-21T18:37:09.109Z", "eventType": "delete.backward", "fullPath": "/main.py", "details": {"fromA": 22, "toA": 23, "fromB": 22, "toB": 22, "inserted": [""]}}
{"dateTime": "2025-08-21T18:37:09.160Z", "eventType": "delete.backward", "fullPath": "/main.py", "details": {"fromA": 21, "toA": 22, "fromB": 21, "toB": 21, "inserted": [""]}}
{"dateTime": "2025-08-21T18:37:09.209Z", "eventType": "delete.backward", "fullPath": "/main.py", "details": {"fromA": 20, "toA": 21, "fromB": 20, "toB": 20, "inserted": [""]}}
{"dateTime": "2025-08-21T18:37:09.260Z", "eventType": "delete.backward", "fullPath": "/main.py", "details": {"fromA": 19, "toA": 20, "fromB": 19, "toB": 19, "inserted": [""]}}
{"dateTime": "2025-08-21T18:37:09.311Z", "eventType": "delete.backward", "fullPath": "/main.py", "details": {"fromA": 18, "toA": 19, "fromB": 18, "toB": 18, "inserted": [""]}}
{"dateTime": "2025-08-21T18:37:09.361Z", "eventType": "delete.backward", "fullPath": "/main.py", "details": {"fromA": 17, "toA": 18, "fromB": 17, "toB": 17, "inserted": [""]}}
{"dateTime": "2025-08-21T18:37:09.412Z", "eventType": "delete.backward", "fullPath": "/main.py", "details": {"fromA": 16, "toA": 17, "fromB": 16, "toB": 16, "inserted": [""]}}
{"dateTime": "2025-08-21T18:37:09.463Z", "eventType": "delete.backward", "fullPath": "/main.py", "details": {"fromA": 15, "toA": 16, "fromB": 15, "toB": 15, "inserted": [""]}}
{"dateTime": "2025-08-21T18:37:09.513Z", "eventType": "delete.backward", "fullPath": "/main.py", "details": {"fromA": 14, "toA": 15, "fromB": 14, "toB": 14, "inserted": [""]}}
{"dateTime": "2025-08-21T18:37:09.757Z", "eventType": "delete.backward", "fullPath": "/main.py", "details": {"fromA": 13, "toA": 14, "fromB": 13, "toB": 13, "inserted": [""]}}
{"dateTime": "2025-08-21T18:37:09.949Z", "eventType": "delete.backward", "fullPath": "/main.py", "details": {"fromA": 12, "toA": 13, "fromB": 12, "toB": 12, "inserted": [""]}}
{"dateTime": "2025-08-21T18:37:10.159Z", "eventType": "delete.backward", "fullPath": "/main.py", "details": {"fromA": 11, "toA": 12, "fromB": 11, "toB": 11, "inserted": [""]}}
{"dateTime": "2025-08-21T18:37:11.015Z", "eventType": "blur", "fullPath": "/main.py"}
{"dateTime": "2025-08-21T18:37:11.259Z", "eventType": "run", "details": {"commit": "f20c57a4ae57cb90c2821b6bb87b8a3974839925"}}
{"dateTime": "2025-08-21T18:37:14.429Z", "eventType": "focus", "fullPath": "/main.py"}
{"dateTime": "2025-08-21T18:37:14.432Z", "eventType": "select.pointer", "fullPath": "/main.py", "details": {"selection": {"from": 10, "to": 10}}}
{"dateTime": "2025-08-21T18:37:15.006Z", "eventType": "delete.backward", "fullPath": "/main.py", "details": {"fromA": 9, "toA": 10, "fromB": 9, "toB": 9, "inserted": [""]}}
{"dateTime": "2025-08-21T18:37:17.695Z", "eventType": "input.type", "fullPath": "/main.py", "details": {"fromA": 9, "toA": 9, "fromB": 9, "toB": 10, "inserted": ["3"]}}
{"dateTime": "2025-08-21T18:37:19.335Z", "eventType": "blur", "fullPath": "/main.py"}
{"dateTime": "2025-08-21T18:37:19.609Z", "eventType": "run", "details": {"commit": "07c666b66dcbdc88a11f329ef50562ec6ddfa646"}}
{"dateTime": "2025-08-21T18:37:22.493Z", "eventType": "focus", "fullPath": "/main.py"}
{"dateTime": "2025-08-21T18:37:22.495Z", "eventType": "select.pointer", "fullPath": "/main.py", "details": {"selection": {"from": 7, "to": 7}}}
{"dateTime": "2025-08-21T18:37:24.557Z", "eventType": "select.pointer", "fullPath": "/main.py", "details": {"selection": {"from": 6, "to": 6}}}
{"dateTime": "2025-08-21T18:37:26.079Z", "eventType": "input.type", "fullPath": "/main.py", "details": {"fromA": 6, "toA": 6, "fromB": 6, "toB": 7, "inserted": ["r"]}}
{"dateTime": "2025-08-21T18:37:26.212Z", "eventType": "input.type", "fullPath": "/main.py", "details": {"fromA": 7, "toA": 7, "fromB": 7, "toB": 8, "inserted": ["o"]}}
{"dateTime": "2025-08-21T18:37:26.448Z", "eventType": "input.type", "fullPath": "/main.py", "details": {"fromA": 8, "toA": 8, "fromB": 8, "toB": 9, "inserted": ["u"]}}
{"dateTime": "2025-08-21T18:37:26.671Z", "eventType": "input.type", "fullPath": "/main.py", "details": {"fromA": 9, "toA": 9, "fromB": 9, "toB": 10, "inserted": ["n"]}}
{"dateTime": "2025-08-21T18:37:26.831Z", "eventType": "input.type", "fullPath": "/main.py", "details": {"fromA": 10, "toA": 10, "fromB": 10, "toB": 11, "inserted": ["d"]}}
{"dateTime": "2025-08-21T18:37:27.664Z", "eventType": "input.type", "fullPath": "/main.py", "details": {"fromA": 11, "toA": 11, "fromB": 11, "toB": 12, "inserted": ["("]}}
{"dateTime": "2025-08-21T18:37:29.407Z", "eventType": "select.pointer", "fullPath": "/main.py", "details": {"selection": {"from": 16, "to": 16}}}
{"dateTime": "2025-08-21T18:37:32.000Z", "eventType": "input.type", "fullPath": "/main.py", "details": {"fromA": 16, "toA": 16, "fromB": 16, "toB": 17, "inserted": [","]}}
{"dateTime": "2025-08-21T18:37:32.447Z", "eventType": "input.type", "fullPath": "/main.py", "details": {"fromA": 17, "toA": 17, "fromB": 17, "toB": 18, "inserted": ["0"]}}
{"dateTime": "2025-08-21T18:37:34.207Z", "eventType": "input.type", "fullPath": "/main.py", "details": {"fromA": 18, "toA": 18, "fromB": 18, "toB": 19, "inserted": [")"]}}
{"dateTime": "2025-08-21T18:37:35.265Z", "eventType": "input", "fullPath": "/main.py", "details": {"fromA": 19, "toA": 19, "fromB": 19, "toB": 25, "inserted": ["", "     "]}}
{"dateTime": "2025-08-21T18:37:36.942Z", "eventType": "undo", "fullPath": "/main.py", "details": {"fromA": 19, "toA": 25, "fromB": 19, "toB": 19, "inserted": [""]}}
{"dateTime": "2025-08-21T18:37:37.829Z", "eventType": "blur", "fullPath": "/main.py"}
{"dateTime": "2025-08-21T18:37:38.354Z", "eventType": "run", "details": {"commit": "1272c946bc5763414768d98af8466e963bd09d87"}}
{"dateTime": "2025-08-21T18:37:39.926Z", "eventType": "focus", "fullPath": "/main.py"}
{"dateTime": "2025-08-21T18:37:39.930Z", "eventType": "select.pointer", "fullPath": "/main.py", "details": {"selection": {"from": 18, "to": 18}}}
{"dateTime": "2025-08-21T18:37:41.071Z", "eventType": "delete.backward", "fullPath": "/main.py", "details": {"fromA": 17, "toA": 18, "fromB": 17, "toB": 17, "inserted": [""]}}
{"dateTime": "2025-08-21T18:37:41.423Z", "eventType": "input.type", "fullPath": "/main.py", "details": {"fromA": 17, "toA": 17, "fromB": 17, "toB": 18, "inserted": ["1"]}}
{"dateTime": "2025-08-21T18:37:45.135Z", "eventType": "blur", "fullPath": "/main.py"}
{"dateTime": "2025-08-21T18:37:45.394Z", "eventType": "run", "details": {"commit": "a5c530c78303aefd4b9b4250b67f633f469fd585"}}
{"dateTime": "2025-08-21T18:37:47.030Z", "eventType": "focus", "fullPath": "/main.py"}
{"dateTime": "2025-08-21T18:37:47.033Z", "eventType": "select.pointer", "fullPath": "/main.py", "details": {"selection": {"from": 18, "to": 18}}}
{"dateTime": "2025-08-21T18:37:53.904Z", "eventType": "delete.backward", "fullPath": "/main.py", "details": {"fromA": 17, "toA": 18, "fromB": 17, "toB": 17, "inserted": [""]}}
{"dateTime": "2025-08-21T18:37:59.393Z", "eventType": "delete.backward", "fullPath": "/main.py", "details": {"fromA": 16, "toA": 17, "fromB": 16, "toB": 16, "inserted": [""]}}
{"dateTime": "2025-08-21T18:38:01.116Z", "eventType": "blur", "fullPath": "/main.py"}
{"dateTime": "2025-08-21T18:38:01.373Z", "eventType": "run", "details": {"commit": "30e24a258a943826613c7a4d76fe743abe8cc0cd"}}
{"dateTime": "2025-08-21T18:38:03.111Z", "eventType": "focus", "fullPath": "/main.py"}
{"dateTime": "2025-08-21T18:38:03.114Z", "eventType": "select.pointer", "fullPath": "/main.py", "details": {"selection": {"from": 11, "to": 11}}}
{"dateTime": "2025-08-21T18:38:11.113Z", "eventType": "select.pointer", "fullPath": "/main.py", "details": {"selection": {"from": 10, "to": 10}}}
{"dateTime": "2025-08-21T18:38:11.393Z", "eventType": "select.pointer", "fullPath": "/main.py", "details": {"selection": {"from": 17, "to": 17}}}
{"dateTime": "2025-08-21T18:38:11.952Z", "eventType": "select.pointer", "fullPath": "/main.py", "details": {"selection": {"from": 10, "to": 10}}}
{"dateTime": "2025-08-21T18:38:12.440Z", "eventType": "select.pointer", "fullPath": "/main.py", "details": {"selection": {"from": 17, "to": 17}}}
{"dateTime": "2025-08-21T18:38:12.936Z", "eventType": "select.pointer", "fullPath": "/main.py", "details": {"selection": {"from": 15, "to": 15}}}
{"dateTime": "2025-08-21T18:38:13.391Z", "eventType": "select.pointer", "fullPath": "/main.py", "details": {"selection": {"from": 0, "to": 0}}}
{"dateTime": "2025-08-21T18:38:13.750Z", "eventType": "blur", "fullPath": "/main.py"}
{"dateTime": "2025-08-21T18:38:13.751Z", "eventType": "focus", "fullPath": "/main.py"}
{"dateTime": "2025-08-21T18:38:13.752Z", "eventType": "select", "fullPath": "/main.py", "details": {"selection": {"from": 18, "to": 18}}}
{"dateTime": "2025-08-21T18:38:14.711Z", "eventType": "select.pointer", "fullPath": "/main.py", "details": {"selection": {"from": 18, "to": 18}}}
{"dateTime": "2025-08-21T18:38:15.016Z", "eventType": "select.pointer", "fullPath": "/main.py", "details": {"selection": {"from": 17, "to": 18}}}
{"dateTime": "2025-08-21T18:38:15.032Z", "eventType": "select.pointer", "fullPath": "/main.py", "details": {"selection": {"from": 16, "to": 18}}}
{"dateTime": "2025-08-21T18:38:15.047Z", "eventType": "select.pointer", "fullPath": "/main.py", "details": {"selection": {"from": 15, "to": 18}}}
{"dateTime": "2025-08-21T18:38:15.097Z", "eventType": "select.pointer", "fullPath": "/main.py", "details": {"selection": {"from": 14, "to": 18}}}
{"dateTime": "2025-08-21T18:38:15.148Z", "eventType": "select.pointer", "fullPath": "/main.py", "details": {"selection": {"from": 13, "to": 18}}}
{"dateTime": "2025-08-21T18:38:15.197Z", "eventType": "select.pointer", "fullPath": "/main.py", "details": {"selection": {"from": 12, "to": 18}}}
{"dateTime": "2025-08-21T18:38:15.231Z", "eventType": "select.pointer", "fullPath": "/main.py", "details": {"selection": {"from": 11, "to": 18}}}
{"dateTime": "2025-08-21T18:38:15.281Z", "eventType": "select.pointer", "fullPath": "/main.py", "details": {"selection": {"from": 10, "to": 18}}}
{"dateTime": "2025-08-21T18:38:15.381Z", "eventType": "select.pointer", "fullPath": "/main.py", "details": {"selection": {"from": 18, "to": 18}}}
{"dateTime": "2025-08-21T18:38:16.095Z", "eventType": "blur", "fullPath": "/main.py"}
{"dateTime": "2025-08-21T18:38:17.550Z", "eventType": "focus", "fullPath": "/main.py"}
{"dateTime": "2025-08-21T18:38:17.553Z", "eventType": "select.pointer", "fullPath": "/main.py", "details": {"selection": {"from": 11, "to": 11}}}
{"dateTime": "2025-08-21T18:38:17.728Z", "eventType": "delete.backward", "fullPath": "/main.py", "details": {"fromA": 10, "toA": 11, "fromB": 10, "toB": 10, "inserted": [""]}}
{"dateTime": "2025-08-21T18:38:17.936Z", "eventType": "delete.backward", "fullPath": "/main.py", "details": {"fromA": 9, "toA": 10, "fromB": 9, "toB": 9, "inserted": [""]}}
{"dateTime": "2025-08-21T18:38:18.112Z", "eventType": "delete.backward", "fullPath": "/main.py", "details": {"fromA": 8, "toA": 9, "fromB": 8, "toB": 8, "inserted": [""]}}
{"dateTime": "2025-08-21T18:38:18.272Z", "eventType": "delete.backward", "fullPath": "/main.py", "details": {"fromA": 7, "toA": 8, "fromB": 7, "toB": 7, "inserted": [""]}}
{"dateTime": "2025-08-21T18:38:18.481Z", "eventType": "delete.backward", "fullPath": "/main.py", "details": {"fromA": 6, "toA": 7, "fromB": 6, "toB": 6, "inserted": [""]}}
{"dateTime": "2025-08-21T18:38:18.944Z", "eventType": "delete.backward", "fullPath": "/main.py", "details": {"fromA": 5, "toA": 6, "fromB": 5, "toB": 5, "inserted": [""]}}
{"dateTime": "2025-08-21T18:38:20.066Z", "eventType": "blur", "fullPath": "/main.py"}
{"dateTime": "2025-08-21T18:38:20.300Z", "eventType": "run", "details": {"commit": "ad06c72d51e5e6c5a9aad60c1fd100e762f9193e"}}
{"dateTime": "2025-08-21T18:38:22.031Z", "eventType": "focus", "fullPath": "/main.py"}
{"dateTime": "2025-08-21T18:38:22.035Z", "eventType": "select.pointer", "fullPath": "/main.py", "details": {"selection": {"from": 12, "to": 12}}}
{"dateTime": "2025-08-21T18:38:22.209Z", "eventType": "delete.backward", "fullPath": "/main.py", "details": {"fromA": 11, "toA": 12, "fromB": 11, "toB": 11, "inserted": [""]}}
{"dateTime": "2025-08-21T18:38:22.933Z", "eventType": "blur", "fullPath": "/main.py"}
{"dateTime": "2025-08-21T18:38:23.149Z", "eventType": "run", "details": {"commit": "b7cb9b58bac53904269bcac5a08ce05aab333458"}}
{"dateTime": "2025-08-21T18:38:24.071Z", "eventType": "focus", "fullPath": "/main.py"}
{"dateTime": "2025-08-21T18:38:24.073Z", "eventType": "select.pointer", "fullPath": "/main.py", "details": {"selection": {"from": 0, "to": 0}}}
{"dateTime": "2025-08-21T18:38:24.535Z", "eventType": "select.pointer", "fullPath": "/main.py", "details": {"selection": {"from": 11, "to": 11}}}
{"dateTime": "2025-08-21T18:38:25.667Z", "eventType": "input", "fullPath": "/main.py", "details": {"fromA": 11, "toA": 11, "fromB": 11, "toB": 12, "inserted": ["", ""]}}
{"dateTime": "2025-08-21T18:38:26.706Z", "eventType": "input.type", "fullPath": "/main.py", "details": {"fromA": 12, "toA": 12, "fromB": 12, "toB": 13, "inserted": ["p"]}}
{"dateTime": "2025-08-21T18:38:27.204Z", "eventType": "input.type", "fullPath": "/main.py", "details": {"fromA": 13, "toA": 13, "fromB": 13, "toB": 14, "inserted": ["r"]}}
{"dateTime": "2025-08-21T18:38:27.332Z", "eventType": "input.type", "fullPath": "/main.py", "details": {"fromA": 14, "toA": 14, "fromB": 14, "toB": 15, "inserted": ["i"]}}
{"dateTime": "2025-08-21T18:38:27.604Z", "eventType": "input.type", "fullPath": "/main.py", "details": {"fromA": 15, "toA": 15, "fromB": 15, "toB": 16, "inserted": ["n"]}}
{"dateTime": "2025-08-21T18:38:27.778Z", "eventType": "input.type", "fullPath": "/main.py", "details": {"fromA": 16, "toA": 16, "fromB": 16, "toB": 17, "inserted": ["t"]}}
{"dateTime": "2025-08-21T18:38:30.322Z", "eventType": "input.type", "fullPath": "/main.py", "details": {"fromA": 17, "toA": 17, "fromB": 17, "toB": 19, "inserted": ["()"]}}
{"dateTime": "2025-08-21T18:38:34.257Z", "eventType": "input.type", "fullPath": "/main.py", "details": {"fromA": 18, "toA": 18, "fromB": 18, "toB": 19, "inserted": ["1"]}}
{"dateTime": "2025-08-21T18:38:34.480Z", "eventType": "input.type", "fullPath": "/main.py", "details": {"fromA": 19, "toA": 19, "fromB": 19, "toB": 20, "inserted": ["0"]}}
{"dateTime": "2025-08-21T18:38:34.816Z", "eventType": "input.type", "fullPath": "/main.py", "details": {"fromA": 20, "toA": 20, "fromB": 20, "toB": 21, "inserted": ["*"]}}
{"dateTime": "2025-08-21T18:38:35.104Z", "eventType": "input.type", "fullPath": "/main.py", "details": {"fromA": 21, "toA": 21, "fromB": 21, "toB": 22, "inserted": ["3"]}}
{"dateTime": "2025-08-21T18:38:36.321Z", "eventType": "input.type", "fullPath": "/main.py", "details": {"fromA": 22, "toA": 23, "fromB": 22, "toB": 23, "inserted": [")"]}}
{"dateTime": "2025-08-21T18:38:36.657Z", "eventType": "input", "fullPath": "/main.py", "details": {"fromA": 23, "toA": 23, "fromB": 23, "toB": 24, "inserted": ["", ""]}}
{"dateTime": "2025-08-21T18:38:38.400Z", "eventType": "blur", "fullPath": "/main.py"}
{"dateTime": "2025-08-21T18:38:38.659Z", "eventType": "run", "details": {"commit": "7dcb928f2a1c5f1c70bbacc21acf73f0b5096507"}}
{"dateTime": "2025-08-21T18:38:40.208Z", "eventType": "focus", "fullPath": "/main.py"}
{"dateTime": "2025-08-21T18:38:40.210Z", "eventType": "select.pointer", "fullPath": "/main.py", "details": {"selection": {"from": 24, "to": 24}}}
{"dateTime": "2025-08-21T18:38:40.281Z", "eventType": "select.pointer", "fullPath": "/main.py", "details": {"selection": {"from": 23, "to": 24}}}
{"dateTime": "2025-08-21T18:38:40.314Z", "eventType": "select.pointer", "fullPath": "/main.py", "details": {"selection": {"from": 22, "to": 24}}}
{"dateTime": "2025-08-21T18:38:40.331Z", "eventType": "select.pointer", "fullPath": "/main.py", "details": {"selection": {"from": 21, "to": 24}}}
{"dateTime": "2025-08-21T18:38:40.348Z", "eventType": "select.pointer", "fullPath": "/main.py", "details": {"selection": {"from": 19, "to": 24}}}
{"dateTime": "2025-08-21T18:38:40.364Z", "eventType": "select.pointer", "fullPath": "/main.py", "details": {"selection": {"from": 18, "to": 24}}}
{"dateTime": "2025-08-21T18:38:40.380Z", "eventType": "select.pointer", "fullPath": "/main.py", "details": {"selection": {"from": 17, "to": 24}}}
{"dateTime": "2025-08-21T18:38:40.413Z", "eventType": "select.pointer", "fullPath": "/main.py", "details": {"selection": {"from": 12, "to": 24}}}
{"dateTime": "2025-08-21T18:38:40.613Z", "eventType": "select.pointer", "fullPath": "/main.py", "details": {"selection": {"from": 17, "to": 24}}}
{"dateTime": "2025-08-21T18:38:40.630Z", "eventType": "select.pointer", "fullPath": "/main.py", "details": {"selection": {"from": 15, "to": 24}}}
{"dateTime": "2025-08-21T18:38:40.646Z", "eventType": "select.pointer", "fullPath": "/main.py", "details": {"selection": {"from": 14, "to": 24}}}
{"dateTime": "2025-08-21T18:38:40.663Z", "eventType": "select.pointer", "fullPath": "/main.py", "details": {"selection": {"from": 13, "to": 24}}}
{"dateTime": "2025-08-21T18:38:41.474Z", "eventType": "delete.selection", "fullPath": "/main.py", "details": {"fromA": 13, "toA": 24, "fromB": 13, "toB": 13, "inserted": [""]}}
{"dateTime": "2025-08-21T18:38:42.961Z", "eventType": "input.type", "fullPath": "/main.py", "details": {"fromA": 13, "toA": 13, "fromB": 13, "toB": 14, "inserted": ["r"]}}
{"dateTime": "2025-08-21T18:38:43.106Z", "eventType": "input.type", "fullPath": "/main.py", "details": {"fromA": 14, "toA": 14, "fromB": 14, "toB": 15, "inserted": ["i"]}}
{"dateTime": "2025-08-21T18:38:43.347Z", "eventType": "input.type", "fullPath": "/main.py", "details": {"fromA": 15, "toA": 15, "fromB": 15, "toB": 16, "inserted": ["m"]}}
{"dateTime": "2025-08-21T18:38:43.505Z", "eventType": "input.type", "fullPath": "/main.py", "details": {"fromA": 16, "toA": 16, "fromB": 16, "toB": 17, "inserted": ["t"]}}
{"dateTime": "2025-08-21T18:38:44.753Z", "eventType": "delete.backward", "fullPath": "/main.py", "details": {"fromA": 16, "toA": 17, "fromB": 16, "toB": 16, "inserted": [""]}}
{"dateTime": "2025-08-21T18:38:44.897Z", "eventType": "delete.backward", "fullPath": "/main.py", "details": {"fromA": 15, "toA": 16, "fromB": 15, "toB": 15, "inserted": [""]}}
{"dateTime": "2025-08-21T18:38:45.089Z", "eventType": "input.type", "fullPath": "/main.py", "details": {"fromA": 15, "toA": 15, "fromB": 15, "toB": 16, "inserted": ["n"]}}
{"dateTime": "2025-08-21T18:38:45.490Z", "eventType": "input.type", "fullPath": "/main.py", "details": {"fromA": 16, "toA": 16, "fromB": 16, "toB": 17, "inserted": ["t"]}}
{"dateTime": "2025-08-21T18:38:46.609Z", "eventType": "input.type", "fullPath": "/main.py", "details": {"fromA": 17, "toA": 17, "fromB": 17, "toB": 19, "inserted": ["()"]}}
{"dateTime": "2025-08-21T18:38:54.218Z", "eventType": "select.pointer", "fullPath": "/main.py", "details": {"selection": {"from": 9, "to": 9}}}
{"dateTime": "2025-08-21T18:38:55.218Z", "eventType": "input.type", "fullPath": "/main.py", "details": {"fromA": 9, "toA": 9, "fromB": 9, "toB": 10, "inserted": ["/"]}}
{"dateTime": "2025-08-21T18:38:56.617Z", "eventType": "blur", "fullPath": "/main.py"}
{"dateTime": "2025-08-21T18:38:56.864Z", "eventType": "run", "details": {"commit": "ab19dde78f0639211a250e2130e81896f66a1b2a"}}
{"dateTime": "2025-08-21T18:38:58.008Z", "eventType": "focus", "fullPath": "/main.py"}
{"dateTime": "2025-08-21T18:38:58.012Z", "eventType": "select.pointer", "fullPath": "/main.py", "details": {"selection": {"from": 20, "to": 20}}}
{"dateTime": "2025-08-21T18:39:00.209Z", "eventType": "delete.backward", "fullPath": "/main.py", "details": {"fromA": 19, "toA": 20, "fromB": 19, "toB": 19, "inserted": [""]}}
{"dateTime": "2025-08-21T18:39:19.826Z", "eventType": "input.type", "fullPath": "/main.py", "details": {"fromA": 19, "toA": 19, "fromB": 19, "toB": 20, "inserted": ["5"]}}
{"dateTime": "2025-08-21T18:39:20.082Z", "eventType": "input.type", "fullPath": "/main.py", "details": {"fromA": 20, "toA": 20, "fromB": 20, "toB": 21, "inserted": ["0"]}}
{"dateTime": "2025-08-21T18:39:24.162Z", "eventType": "input.type", "fullPath": "/main.py", "details": {"fromA": 21, "toA": 21, "fromB": 21, "toB": 22, "inserted": ["-"]}}
{"dateTime": "2025-08-21T18:39:30.226Z", "eventType": "input.type", "fullPath": "/main.py", "details": {"fromA": 22, "toA": 22, "fromB": 22, "toB": 24, "inserted": ["()"]}}
{"dateTime": "2025-08-21T18:39:31.490Z", "eventType": "input.type", "fullPath": "/main.py", "details": {"fromA": 23, "toA": 23, "fromB": 23, "toB": 24, "inserted": ["1"]}}
{"dateTime": "2025-08-21T18:39:31.777Z", "eventType": "input.type", "fullPath": "/main.py", "details": {"fromA": 24, "toA": 24, "fromB": 24, "toB": 25, "inserted": ["7"]}}
{"dateTime": "2025-08-21T18:39:32.323Z", "eventType": "input.type", "fullPath": "/main.py", "details": {"fromA": 25, "toA": 25, "fromB": 25, "toB": 26, "inserted": ["-"]}}
{"dateTime": "2025-08-21T18:39:32.327Z", "eventType": "input.type", "fullPath": "/main.py", "details": {"fromA": 26, "toA": 26, "fromB": 26, "toB": 27, "inserted": ["*"]}}
{"dateTime": "2025-08-21T18:39:35.074Z", "eventType": "delete.backward", "fullPath": "/main.py", "details": {"fromA": 26, "toA": 27, "fromB": 26, "toB": 26, "inserted": [""]}}
{"dateTime": "2025-08-21T18:39:36.674Z", "eventType": "delete.backward", "fullPath": "/main.py", "details": {"fromA": 25, "toA": 26, "fromB": 25, "toB": 25, "inserted": [""]}}
{"dateTime": "2025-08-21T18:39:37.378Z", "eventType": "delete.backward", "fullPath": "/main.py", "details": {"fromA": 24, "toA": 25, "fromB": 24, "toB": 24, "inserted": [""]}}
{"dateTime": "2025-08-21T18:39:38.178Z", "eventType": "input.type", "fullPath": "/main.py", "details": {"fromA": 24, "toA": 24, "fromB": 24, "toB": 25, "inserted": ["6"]}}
{"dateTime": "2025-08-21T18:39:38.787Z", "eventType": "input.type", "fullPath": "/main.py", "details": {"fromA": 25, "toA": 25, "fromB": 25, "toB": 26, "inserted": ["*"]}}
{"dateTime": "2025-08-21T18:39:39.074Z", "eventType": "input.type", "fullPath": "/main.py", "details": {"fromA": 26, "toA": 26, "fromB": 26, "toB": 27, "inserted": ["3"]}}
{"dateTime": "2025-08-21T18:39:41.635Z", "eventType": "input.type", "fullPath": "/main.py", "details": {"fromA": 27, "toA": 28, "fromB": 27, "toB": 28, "inserted": [")"]}}
{"dateTime": "2025-08-21T18:39:43.166Z", "eventType": "blur", "fullPath": "/main.py"}
{"dateTime": "2025-08-21T18:39:43.494Z", "eventType": "run", "details": {"commit": "537bc71afc4d6ace6bbb3dceaba71c695388a853"}}
{"dateTime": "2025-08-21T18:39:44.770Z", "eventType": "focus", "fullPath": "/main.py"}
{"dateTime": "2025-08-21T18:39:44.773Z", "eventType": "select.pointer", "fullPath": "/main.py", "details": {"selection": {"from": 28, "to": 28}}}
{"dateTime": "2025-08-21T18:39:44.947Z", "eventType": "select.pointer", "fullPath": "/main.py", "details": {"selection": {"from": 27, "to": 28}}}
{"dateTime": "2025-08-21T18:39:44.961Z", "eventType": "select.pointer", "fullPath": "/main.py", "details": {"selection": {"from": 26, "to": 28}}}
{"dateTime": "2025-08-21T18:39:44.978Z", "eventType": "select.pointer", "fullPath": "/main.py", "details": {"selection": {"from": 25, "to": 28}}}
{"dateTime": "2025-08-21T18:39:44.994Z", "eventType": "select.pointer", "fullPath": "/main.py", "details": {"selection": {"from": 24, "to": 28}}}
{"dateTime": "2025-08-21T18:39:45.362Z", "eventType": "select.pointer", "fullPath": "/main.py", "details": {"selection": {"from": 28, "to": 28}}}
{"dateTime": "2025-08-21T18:39:46.930Z", "eventType": "delete.backward", "fullPath": "/main.py", "details": {"fromA": 27, "toA": 28, "fromB": 27, "toB": 27, "inserted": [""]}}
{"dateTime": "2025-08-21T18:39:47.314Z", "eventType": "delete.backward", "fullPath": "/main.py", "details": {"fromA": 26, "toA": 27, "fromB": 26, "toB": 26, "inserted": [""]}}
{"dateTime": "2025-08-21T18:39:47.505Z", "eventType": "delete.backward", "fullPath": "/main.py", "details": {"fromA": 25, "toA": 26, "fromB": 25, "toB": 25, "inserted": [""]}}
{"dateTime": "2025-08-21T18:39:47.713Z", "eventType": "delete.backward", "fullPath": "/main.py", "details": {"fromA": 24, "toA": 25, "fromB": 24, "toB": 24, "inserted": [""]}}
{"dateTime": "2025-08-21T18:39:47.986Z", "eventType": "delete.backward", "fullPath": "/main.py", "details": {"fromA": 23, "toA": 24, "fromB": 23, "toB": 23, "inserted": [""]}}
{"dateTime": "2025-08-21T18:39:48.273Z", "eventType": "delete.backward", "fullPath": "/main.py", "details": {"fromA": 22, "toA": 23, "fromB": 22, "toB": 22, "inserted": [""]}}
{"dateTime": "2025-08-21T18:39:48.546Z", "eventType": "delete.backward", "fullPath": "/main.py", "details": {"fromA": 21, "toA": 22, "fromB": 21, "toB": 21, "inserted": [""]}}
{"dateTime": "2025-08-21T18:39:49.714Z", "eventType": "delete.backward", "fullPath": "/main.py", "details": {"fromA": 20, "toA": 21, "fromB": 20, "toB": 20, "inserted": [""]}}
{"dateTime": "2025-08-21T18:39:50.129Z", "eventType": "delete.backward", "fullPath": "/main.py", "details": {"fromA": 19, "toA": 20, "fromB": 19, "toB": 19, "inserted": [""]}}
{"dateTime": "2025-08-21T18:40:08.182Z", "eventType": "input.type", "fullPath": "/main.py", "details": {"fromA": 19, "toA": 19, "fromB": 19, "toB": 20, "inserted": ["1"]}}
{"dateTime": "2025-08-21T18:40:08.515Z", "eventType": "input.type", "fullPath": "/main.py", "details": {"fromA": 20, "toA": 20, "fromB": 20, "toB": 21, "inserted": ["6"]}}
{"dateTime": "2025-08-21T18:40:08.851Z", "eventType": "input.type", "fullPath": "/main.py", "details": {"fromA": 21, "toA": 21, "fromB": 21, "toB": 22, "inserted": ["*"]}}
{"dateTime": "2025-08-21T18:40:09.139Z", "eventType": "input.type", "fullPath": "/main.py", "details": {"fromA": 22, "toA": 22, "fromB": 22, "toB": 23, "inserted": ["3"]}}
{"dateTime": "2025-08-21T18:40:10.340Z", "eventType": "input.type", "fullPath": "/main.py", "details": {"fromA": 23, "toA": 23, "fromB": 23, "toB": 24, "inserted": [")"]}}
{"dateTime": "2025-08-21T18:40:12.150Z", "eventType": "blur", "fullPath": "/main.py"}
{"dateTime": "2025-08-21T18:40:12.433Z", "eventType": "run", "details": {"commit": "0deaa33dae6a0308c9edb2c26df60ea872d23768"}}
{"dateTime": "2025-08-21T18:40:13.610Z", "eventType": "focus", "fullPath": "/main.py"}
{"dateTime": "2025-08-21T18:40:13.613Z", "eventType": "select.pointer", "fullPath": "/main.py", "details": {"selection": {"from": 24, "to": 24}}}
{"dateTime": "2025-08-21T18:40:15.156Z", "eventType": "delete.backward", "fullPath": "/main.py", "details": {"fromA": 23, "toA": 24, "fromB": 23, "toB": 23, "inserted": [""]}}
{"dateTime": "2025-08-21T18:40:18.276Z", "eventType": "input.type", "fullPath": "/main.py", "details": {"fromA": 23, "toA": 23, "fromB": 23, "toB": 24, "inserted": ["-"]}}
{"dateTime": "2025-08-21T18:40:19.332Z", "eventType": "input.type", "fullPath": "/main.py", "details": {"fromA": 24, "toA": 24, "fromB": 24, "toB": 25, "inserted": ["5"]}}
{"dateTime": "2025-08-21T18:40:19.507Z", "eventType": "input.type", "fullPath": "/main.py", "details": {"fromA": 25, "toA": 25, "fromB": 25, "toB": 26, "inserted": ["0"]}}
{"dateTime": "2025-08-21T18:40:20.547Z", "eventType": "input.type", "fullPath": "/main.py", "details": {"fromA": 26, "toA": 26, "fromB": 26, "toB": 27, "inserted": [")"]}}
{"dateTime": "2025-08-21T18:40:22.283Z", "eventType": "blur", "fullPath": "/main.py"}
{"dateTime": "2025-08-21T18:40:22.577Z", "eventType": "run", "details": {"commit": "8aa26bfe0d7ce2b514db1f6f08634f3c650aeef4"}}
{"dateTime": "2025-08-21T18:40:24.018Z", "eventType": "focus", "fullPath": "/main.py"}
{"dateTime": "2025-08-21T18:40:24.020Z", "eventType": "select.pointer", "fullPath": "/main.py", "details": {"selection": {"from": 24, "to": 24}}}
