== SUBMISSION (2025-08-12 01:12:35)
-- CODE: 
print(40 + 35)
-- EXECUTION TIME: 
0.01
-- TEST CASE 1:
---- input:
xx
---- correct output:
75
---- user output:
75
-- TEST CASE 2:
---- input:
xx
---- correct output:
75
---- user output:
75
-- GRADE:
100%
*-*-*-*-*-*-*-*-*-*-*-*-*-*-*-*-*-*-*-*-*-*-*-*
== RUN (2025-08-12 00:59:55)
-- CODE: 
print("40 + 35")
-- EXECUTION TIME: 
0.0
-- TEST CASE 1:
---- input:
xx
---- correct output:
75
---- user output:
40 + 35
-- TEST CASE 2:
---- input:
xx
---- correct output:
75
---- user output:
40 + 35
*-*-*-*-*-*-*-*-*-*-*-*-*-*-*-*-*-*-*-*-*-*-*-*
== RUN (2025-08-12 01:00:22)
-- CODE: 
print(40 + 35)
-- EXECUTION TIME: 
0.0
-- TEST CASE 1:
---- input:
xx
---- correct output:
75
---- user output:
75
-- TEST CASE 2:
---- input:
xx
---- correct output:
75
---- user output:
75
*-*-*-*-*-*-*-*-*-*-*-*-*-*-*-*-*-*-*-*-*-*-*-*
