== SUBMISSION (2025-09-03 15:12:43)
-- CODE: 
idade = int(input())
print("idade")
if idade >= 18:
  print("Maior_de_idade")
else: 
  print("Menor_de_idade")
-- EXECUTION TIME: 
0.01
-- TEST CASE 1:
---- input:
28
---- correct output:
28
Maior_de_idade
---- user output:
Maior_de_idade
-- TEST CASE 2:
---- input:
17
---- correct output:
17
Menor_de_idade
---- user output:
Menor_de_idade
-- TEST CASE 3:
---- input:
10
---- correct output:
10
Menor_de_idade
---- user output:
Menor_de_idade
-- TEST CASE 4:
---- input:
18
---- correct output:
18
Maior_de_idade
---- user output:
Maior_de_idade
-- TEST CASE 5:
---- input:
22
---- correct output:
22
Maior_de_idade
---- user output:
Maior_de_idade
-- TEST CASE 6:
---- input:
18
---- correct output:
18
Maior_de_idade
---- user output:
Maior_de_idade
-- GRADE:
0%
*-*-*-*-*-*-*-*-*-*-*-*-*-*-*-*-*-*-*-*-*-*-*-*
== SUBMISSION (2025-09-03 15:14:48)
-- CODE: 
idade = int(input())
if idade >= 18:
  print("Maior_de_idade")
else:
  print("Menor_de_idade")
-- EXECUTION TIME: 
0.01
-- TEST CASE 1:
---- input:
28
---- correct output:
28
Maior_de_idade
---- user output:
Maior_de_idade
-- TEST CASE 2:
---- input:
17
---- correct output:
17
Menor_de_idade
---- user output:
Menor_de_idade
-- TEST CASE 3:
---- input:
10
---- correct output:
10
Menor_de_idade
---- user output:
Menor_de_idade
-- TEST CASE 4:
---- input:
18
---- correct output:
18
Maior_de_idade
---- user output:
Maior_de_idade
-- TEST CASE 5:
---- input:
22
---- correct output:
22
Maior_de_idade
---- user output:
Maior_de_idade
-- TEST CASE 6:
---- input:
18
---- correct output:
18
Maior_de_idade
---- user output:
Maior_de_idade
-- GRADE:
0%
*-*-*-*-*-*-*-*-*-*-*-*-*-*-*-*-*-*-*-*-*-*-*-*
== RUN (2025-09-03 15:04:23)
-- CODE: 
idade = int(input())
if (idade < 17):
  print("enor_de_idade")
else: 
  print("Maior_de_idade")
-- EXECUTION TIME: 
0.0
-- TEST CASE 1:
---- input:
28
---- correct output:
28
Maior_de_idade
---- user output:
Maior_de_idade
-- TEST CASE 2:
---- input:
17
---- correct output:
17
Menor_de_idade
---- user output:
Maior_de_idade
-- TEST CASE 3:
---- input:
10
---- correct output:
10
Menor_de_idade
---- user output:
enor_de_idade
-- TEST CASE 4:
---- input:
18
---- correct output:
18
Maior_de_idade
---- user output:
Maior_de_idade
-- TEST CASE 5:
---- input:
22
---- correct output:
22
Maior_de_idade
---- user output:
Maior_de_idade
-- TEST CASE 6:
---- input:
18
---- correct output:
18
Maior_de_idade
---- user output:
Maior_de_idade
*-*-*-*-*-*-*-*-*-*-*-*-*-*-*-*-*-*-*-*-*-*-*-*
== RUN (2025-09-03 15:02:38)
-- CODE: 
idade = int(input())
if (idade >= 18):
  print("Maior_de_idade")
else: 
  print("Menor_de_idade")
-- EXECUTION TIME: 
0.0
-- TEST CASE 1:
---- input:
28
---- correct output:
28
Maior_de_idade
---- user output:
Maior_de_idade
-- TEST CASE 2:
---- input:
17
---- correct output:
17
Menor_de_idade
---- user output:
Menor_de_idade
-- TEST CASE 3:
---- input:
10
---- correct output:
10
Menor_de_idade
---- user output:
Menor_de_idade
-- TEST CASE 4:
---- input:
18
---- correct output:
18
Maior_de_idade
---- user output:
Maior_de_idade
-- TEST CASE 5:
---- input:
22
---- correct output:
22
Maior_de_idade
---- user output:
Maior_de_idade
-- TEST CASE 6:
---- input:
18
---- correct output:
18
Maior_de_idade
---- user output:
Maior_de_idade
*-*-*-*-*-*-*-*-*-*-*-*-*-*-*-*-*-*-*-*-*-*-*-*
== RUN (2025-09-03 15:05:54)
-- CODE: 
idade = int(input())
if idade < 17:
  print("Menor_de_idade")
else: 
  print("Maior_de_idade")
-- EXECUTION TIME: 
0.0
-- TEST CASE 1:
---- input:
28
---- correct output:
28
Maior_de_idade
---- user output:
Maior_de_idade
-- TEST CASE 2:
---- input:
17
---- correct output:
17
Menor_de_idade
---- user output:
Maior_de_idade
-- TEST CASE 3:
---- input:
10
---- correct output:
10
Menor_de_idade
---- user output:
Menor_de_idade
-- TEST CASE 4:
---- input:
18
---- correct output:
18
Maior_de_idade
---- user output:
Maior_de_idade
-- TEST CASE 5:
---- input:
22
---- correct output:
22
Maior_de_idade
---- user output:
Maior_de_idade
-- TEST CASE 6:
---- input:
18
---- correct output:
18
Maior_de_idade
---- user output:
Maior_de_idade
*-*-*-*-*-*-*-*-*-*-*-*-*-*-*-*-*-*-*-*-*-*-*-*
== RUN (2025-09-03 15:13:34)
-- CODE: 
idade = int(input())
print(idade)
if idade >= 18:
  print("Maior_de_idade")
else: 
  print("Menor_de_idade")
-- EXECUTION TIME: 
0.0
-- TEST CASE 1:
---- input:
28
---- correct output:
28
Maior_de_idade
---- user output:
Maior_de_idade
-- TEST CASE 2:
---- input:
17
---- correct output:
17
Menor_de_idade
---- user output:
Menor_de_idade
-- TEST CASE 3:
---- input:
10
---- correct output:
10
Menor_de_idade
---- user output:
Menor_de_idade
-- TEST CASE 4:
---- input:
18
---- correct output:
18
Maior_de_idade
---- user output:
Maior_de_idade
-- TEST CASE 5:
---- input:
22
---- correct output:
22
Maior_de_idade
---- user output:
Maior_de_idade
-- TEST CASE 6:
---- input:
18
---- correct output:
18
Maior_de_idade
---- user output:
Maior_de_idade
*-*-*-*-*-*-*-*-*-*-*-*-*-*-*-*-*-*-*-*-*-*-*-*
== RUN (2025-09-03 15:02:01)
-- CODE: 
idade = int(input())
if (idade >= 18):
  print("Maior_de_idade")
  else
  print("Menor_de_idade")
-- EXECUTION TIME: 
0.0
-- TEST CASE 1:
---- input:
28
---- correct output:
28
Maior_de_idade
-- ERROR:
File "XXXX", line 4
    else
    ^^^^
SyntaxError: invalid syntax
-- TEST CASE 2:
---- input:
17
---- correct output:
17
Menor_de_idade
-- ERROR:
File "XXXX", line 4
    else
    ^^^^
SyntaxError: invalid syntax
-- TEST CASE 3:
---- input:
10
---- correct output:
10
Menor_de_idade
-- ERROR:
File "XXXX", line 4
    else
    ^^^^
SyntaxError: invalid syntax
-- TEST CASE 4:
---- input:
18
---- correct output:
18
Maior_de_idade
-- ERROR:
File "XXXX", line 4
    else
    ^^^^
SyntaxError: invalid syntax
-- TEST CASE 5:
---- input:
22
---- correct output:
22
Maior_de_idade
-- ERROR:
File "XXXX", line 4
    else
    ^^^^
SyntaxError: invalid syntax
-- TEST CASE 6:
---- input:
18
---- correct output:
18
Maior_de_idade
-- ERROR:
File "XXXX", line 4
    else
    ^^^^
SyntaxError: invalid syntax
*-*-*-*-*-*-*-*-*-*-*-*-*-*-*-*-*-*-*-*-*-*-*-*
== RUN (2025-09-03 15:04:41)
-- CODE: 
idade = int(input())
if (idade < 17):
  print("Menor_de_idade")
else: 
  print("Maior_de_idade")
-- EXECUTION TIME: 
0.0
-- TEST CASE 1:
---- input:
28
---- correct output:
28
Maior_de_idade
---- user output:
Maior_de_idade
-- TEST CASE 2:
---- input:
17
---- correct output:
17
Menor_de_idade
---- user output:
Maior_de_idade
-- TEST CASE 3:
---- input:
10
---- correct output:
10
Menor_de_idade
---- user output:
Menor_de_idade
-- TEST CASE 4:
---- input:
18
---- correct output:
18
Maior_de_idade
---- user output:
Maior_de_idade
-- TEST CASE 5:
---- input:
22
---- correct output:
22
Maior_de_idade
---- user output:
Maior_de_idade
-- TEST CASE 6:
---- input:
18
---- correct output:
18
Maior_de_idade
---- user output:
Maior_de_idade
*-*-*-*-*-*-*-*-*-*-*-*-*-*-*-*-*-*-*-*-*-*-*-*
== SUBMISSION (2025-09-03 15:09:58)
-- CODE: 
idade = int(input())
if idade > 17:
  print("Maior_de_idade")
else: 
  print("Menor_de_idade")
-- EXECUTION TIME: 
0.01
-- TEST CASE 1:
---- input:
28
---- correct output:
28
Maior_de_idade
---- user output:
Maior_de_idade
-- TEST CASE 2:
---- input:
17
---- correct output:
17
Menor_de_idade
---- user output:
Menor_de_idade
-- TEST CASE 3:
---- input:
10
---- correct output:
10
Menor_de_idade
---- user output:
Menor_de_idade
-- TEST CASE 4:
---- input:
18
---- correct output:
18
Maior_de_idade
---- user output:
Maior_de_idade
-- TEST CASE 5:
---- input:
22
---- correct output:
22
Maior_de_idade
---- user output:
Maior_de_idade
-- TEST CASE 6:
---- input:
18
---- correct output:
18
Maior_de_idade
---- user output:
Maior_de_idade
-- GRADE:
0%
*-*-*-*-*-*-*-*-*-*-*-*-*-*-*-*-*-*-*-*-*-*-*-*
== RUN (2025-09-03 15:13:12)
-- CODE: 
idade = int(input())
print(idade)
if idade >= 18:
  print("Maior_de_idade")
else: 
  print("Menor_de_idade")
-- EXECUTION TIME: 
0.0
-- TEST CASE 1:
---- input:
28
---- correct output:
28
Maior_de_idade
---- user output:
Maior_de_idade
-- TEST CASE 2:
---- input:
17
---- correct output:
17
Menor_de_idade
---- user output:
Menor_de_idade
-- TEST CASE 3:
---- input:
10
---- correct output:
10
Menor_de_idade
---- user output:
Menor_de_idade
-- TEST CASE 4:
---- input:
18
---- correct output:
18
Maior_de_idade
---- user output:
Maior_de_idade
-- TEST CASE 5:
---- input:
22
---- correct output:
22
Maior_de_idade
---- user output:
Maior_de_idade
-- TEST CASE 6:
---- input:
18
---- correct output:
18
Maior_de_idade
---- user output:
Maior_de_idade
*-*-*-*-*-*-*-*-*-*-*-*-*-*-*-*-*-*-*-*-*-*-*-*
== RUN (2025-09-03 15:09:32)
-- CODE: 
idade = int(input())
if idade >== 18:
  print("Maior_de_idade")
else: 
  print("Menor_de_idade")
-- EXECUTION TIME: 
0.0
-- TEST CASE 1:
---- input:
28
---- correct output:
28
Maior_de_idade
-- ERROR:
File "XXXX", line 2
    if idade >== 18:
               ^
SyntaxError: invalid syntax
-- TEST CASE 2:
---- input:
17
---- correct output:
17
Menor_de_idade
-- ERROR:
File "XXXX", line 2
    if idade >== 18:
               ^
SyntaxError: invalid syntax
-- TEST CASE 3:
---- input:
10
---- correct output:
10
Menor_de_idade
-- ERROR:
File "XXXX", line 2
    if idade >== 18:
               ^
SyntaxError: invalid syntax
-- TEST CASE 4:
---- input:
18
---- correct output:
18
Maior_de_idade
-- ERROR:
File "XXXX", line 2
    if idade >== 18:
               ^
SyntaxError: invalid syntax
-- TEST CASE 5:
---- input:
22
---- correct output:
22
Maior_de_idade
-- ERROR:
File "XXXX", line 2
    if idade >== 18:
               ^
SyntaxError: invalid syntax
-- TEST CASE 6:
---- input:
18
---- correct output:
18
Maior_de_idade
-- ERROR:
File "XXXX", line 2
    if idade >== 18:
               ^
SyntaxError: invalid syntax
*-*-*-*-*-*-*-*-*-*-*-*-*-*-*-*-*-*-*-*-*-*-*-*
== RUN (2025-09-03 15:18:47)
-- CODE: 
idade = int(input())
print(idade)

if idade >= 18:
  print("Maior_de_idade")
else:
  print("Menor_de_idade")
-- EXECUTION TIME: 
0.0
-- TEST CASE 1:
---- input:
28
---- correct output:
28
Maior_de_idade
---- user output:
Maior_de_idade
-- TEST CASE 2:
---- input:
17
---- correct output:
17
Menor_de_idade
---- user output:
Menor_de_idade
-- TEST CASE 3:
---- input:
10
---- correct output:
10
Menor_de_idade
---- user output:
Menor_de_idade
-- TEST CASE 4:
---- input:
18
---- correct output:
18
Maior_de_idade
---- user output:
Maior_de_idade
-- TEST CASE 5:
---- input:
22
---- correct output:
22
Maior_de_idade
---- user output:
Maior_de_idade
-- TEST CASE 6:
---- input:
18
---- correct output:
18
Maior_de_idade
---- user output:
Maior_de_idade
*-*-*-*-*-*-*-*-*-*-*-*-*-*-*-*-*-*-*-*-*-*-*-*
== SUBMISSION (2025-09-03 15:07:49)
-- CODE: 
idade = int(input())
if idade >= 18:
  print("Maior_de_idade")
else: 
  print("Menor_de_idade")
-- EXECUTION TIME: 
0.01
-- TEST CASE 1:
---- input:
28
---- correct output:
28
Maior_de_idade
---- user output:
Maior_de_idade
-- TEST CASE 2:
---- input:
17
---- correct output:
17
Menor_de_idade
---- user output:
Menor_de_idade
-- TEST CASE 3:
---- input:
10
---- correct output:
10
Menor_de_idade
---- user output:
Menor_de_idade
-- TEST CASE 4:
---- input:
18
---- correct output:
18
Maior_de_idade
---- user output:
Maior_de_idade
-- TEST CASE 5:
---- input:
22
---- correct output:
22
Maior_de_idade
---- user output:
Maior_de_idade
-- TEST CASE 6:
---- input:
18
---- correct output:
18
Maior_de_idade
---- user output:
Maior_de_idade
-- GRADE:
0%
*-*-*-*-*-*-*-*-*-*-*-*-*-*-*-*-*-*-*-*-*-*-*-*
== RUN (2025-09-03 15:12:35)
-- CODE: 
idade = int(input())
print("idade")
if idade >= 18:
  print("Maior_de_idade")
else: 
  print("Menor_de_idade")
-- EXECUTION TIME: 
0.0
-- TEST CASE 1:
---- input:
28
---- correct output:
28
Maior_de_idade
---- user output:
Maior_de_idade
-- TEST CASE 2:
---- input:
17
---- correct output:
17
Menor_de_idade
---- user output:
Menor_de_idade
-- TEST CASE 3:
---- input:
10
---- correct output:
10
Menor_de_idade
---- user output:
Menor_de_idade
-- TEST CASE 4:
---- input:
18
---- correct output:
18
Maior_de_idade
---- user output:
Maior_de_idade
-- TEST CASE 5:
---- input:
22
---- correct output:
22
Maior_de_idade
---- user output:
Maior_de_idade
-- TEST CASE 6:
---- input:
18
---- correct output:
18
Maior_de_idade
---- user output:
Maior_de_idade
*-*-*-*-*-*-*-*-*-*-*-*-*-*-*-*-*-*-*-*-*-*-*-*
== RUN (2025-09-03 15:02:11)
-- CODE: 
idade = int(input())
if (idade >= 18):
  print("Maior_de_idade")
  else print("Menor_de_idade")
-- EXECUTION TIME: 
0.0
-- TEST CASE 1:
---- input:
28
---- correct output:
28
Maior_de_idade
-- ERROR:
File "XXXX", line 4
    else print("Menor_de_idade")
    ^^^^
SyntaxError: invalid syntax
-- TEST CASE 2:
---- input:
17
---- correct output:
17
Menor_de_idade
-- ERROR:
File "XXXX", line 4
    else print("Menor_de_idade")
    ^^^^
SyntaxError: invalid syntax
-- TEST CASE 3:
---- input:
10
---- correct output:
10
Menor_de_idade
-- ERROR:
File "XXXX", line 4
    else print("Menor_de_idade")
    ^^^^
SyntaxError: invalid syntax
-- TEST CASE 4:
---- input:
18
---- correct output:
18
Maior_de_idade
-- ERROR:
File "XXXX", line 4
    else print("Menor_de_idade")
    ^^^^
SyntaxError: invalid syntax
-- TEST CASE 5:
---- input:
22
---- correct output:
22
Maior_de_idade
-- ERROR:
File "XXXX", line 4
    else print("Menor_de_idade")
    ^^^^
SyntaxError: invalid syntax
-- TEST CASE 6:
---- input:
18
---- correct output:
18
Maior_de_idade
-- ERROR:
File "XXXX", line 4
    else print("Menor_de_idade")
    ^^^^
SyntaxError: invalid syntax
*-*-*-*-*-*-*-*-*-*-*-*-*-*-*-*-*-*-*-*-*-*-*-*
== RUN (2025-09-03 15:09:11)
-- CODE: 
idade = int(input())
if idade > 17:
  print("Maior_de_idade")
else: 
  print("Menor_de_idade")
-- EXECUTION TIME: 
0.0
-- TEST CASE 1:
---- input:
28
---- correct output:
28
Maior_de_idade
---- user output:
Maior_de_idade
-- TEST CASE 2:
---- input:
17
---- correct output:
17
Menor_de_idade
---- user output:
Menor_de_idade
-- TEST CASE 3:
---- input:
10
---- correct output:
10
Menor_de_idade
---- user output:
Menor_de_idade
-- TEST CASE 4:
---- input:
18
---- correct output:
18
Maior_de_idade
---- user output:
Maior_de_idade
-- TEST CASE 5:
---- input:
22
---- correct output:
22
Maior_de_idade
---- user output:
Maior_de_idade
-- TEST CASE 6:
---- input:
18
---- correct output:
18
Maior_de_idade
---- user output:
Maior_de_idade
*-*-*-*-*-*-*-*-*-*-*-*-*-*-*-*-*-*-*-*-*-*-*-*
== RUN (2025-09-03 15:11:56)
-- CODE: 
idade = int(input())
pint("idade")
if idade >= 18:
  print("Maior_de_idade")
else: 
  print("Menor_de_idade")
-- EXECUTION TIME: 
0.0
-- TEST CASE 1:
---- input:
28
---- correct output:
28
Maior_de_idade
-- ERROR:
Traceback (most recent call last):
  File "XXXX", line 2, in <module>
    pint("idade")
    ^^^^
NameError: name 'pint' is not defined. Did you mean: 'print'?
-- TEST CASE 2:
---- input:
17
---- correct output:
17
Menor_de_idade
-- ERROR:
Traceback (most recent call last):
  File "XXXX", line 2, in <module>
    pint("idade")
    ^^^^
NameError: name 'pint' is not defined. Did you mean: 'print'?
-- TEST CASE 3:
---- input:
10
---- correct output:
10
Menor_de_idade
-- ERROR:
Traceback (most recent call last):
  File "XXXX", line 2, in <module>
    pint("idade")
    ^^^^
NameError: name 'pint' is not defined. Did you mean: 'print'?
-- TEST CASE 4:
---- input:
18
---- correct output:
18
Maior_de_idade
-- ERROR:
Traceback (most recent call last):
  File "XXXX", line 2, in <module>
    pint("idade")
    ^^^^
NameError: name 'pint' is not defined. Did you mean: 'print'?
-- TEST CASE 5:
---- input:
22
---- correct output:
22
Maior_de_idade
-- ERROR:
Traceback (most recent call last):
  File "XXXX", line 2, in <module>
    pint("idade")
    ^^^^
NameError: name 'pint' is not defined. Did you mean: 'print'?
-- TEST CASE 6:
---- input:
18
---- correct output:
18
Maior_de_idade
-- ERROR:
Traceback (most recent call last):
  File "XXXX", line 2, in <module>
    pint("idade")
    ^^^^
NameError: name 'pint' is not defined. Did you mean: 'print'?
*-*-*-*-*-*-*-*-*-*-*-*-*-*-*-*-*-*-*-*-*-*-*-*
== RUN (2025-09-03 15:15:21)
-- CODE: 
idade = int(input("insira sua idade"))
print(idade)
if idade >= 18:
  print("Maior_de_idade")
else:
  print("Menor_de_idade")
-- EXECUTION TIME: 
0.0
-- TEST CASE 1:
---- input:
28
---- correct output:
28
Maior_de_idade
---- user output:
Maior_de_idade
-- TEST CASE 2:
---- input:
17
---- correct output:
17
Menor_de_idade
---- user output:
Menor_de_idade
-- TEST CASE 3:
---- input:
10
---- correct output:
10
Menor_de_idade
---- user output:
Menor_de_idade
-- TEST CASE 4:
---- input:
18
---- correct output:
18
Maior_de_idade
---- user output:
Maior_de_idade
-- TEST CASE 5:
---- input:
22
---- correct output:
22
Maior_de_idade
---- user output:
Maior_de_idade
-- TEST CASE 6:
---- input:
18
---- correct output:
18
Maior_de_idade
---- user output:
Maior_de_idade
*-*-*-*-*-*-*-*-*-*-*-*-*-*-*-*-*-*-*-*-*-*-*-*
== RUN (2025-09-03 15:10:59)
-- CODE: 
idade = int(input())
if idade >= 17:
  print("Maior_de_idade")
else: 
  print("Menor_de_idade")
-- EXECUTION TIME: 
0.0
-- TEST CASE 1:
---- input:
28
---- correct output:
28
Maior_de_idade
---- user output:
Maior_de_idade
-- TEST CASE 2:
---- input:
17
---- correct output:
17
Menor_de_idade
---- user output:
Maior_de_idade
-- TEST CASE 3:
---- input:
10
---- correct output:
10
Menor_de_idade
---- user output:
Menor_de_idade
-- TEST CASE 4:
---- input:
18
---- correct output:
18
Maior_de_idade
---- user output:
Maior_de_idade
-- TEST CASE 5:
---- input:
22
---- correct output:
22
Maior_de_idade
---- user output:
Maior_de_idade
-- TEST CASE 6:
---- input:
18
---- correct output:
18
Maior_de_idade
---- user output:
Maior_de_idade
*-*-*-*-*-*-*-*-*-*-*-*-*-*-*-*-*-*-*-*-*-*-*-*
== RUN (2025-09-03 15:11:24)
-- CODE: 
idade = int(input())
if idade >= 18:
  print("Maior_de_idade")
else: 
  print("Menor_de_idade")
-- EXECUTION TIME: 
0.0
-- TEST CASE 1:
---- input:
28
---- correct output:
28
Maior_de_idade
---- user output:
Maior_de_idade
-- TEST CASE 2:
---- input:
17
---- correct output:
17
Menor_de_idade
---- user output:
Menor_de_idade
-- TEST CASE 3:
---- input:
10
---- correct output:
10
Menor_de_idade
---- user output:
Menor_de_idade
-- TEST CASE 4:
---- input:
18
---- correct output:
18
Maior_de_idade
---- user output:
Maior_de_idade
-- TEST CASE 5:
---- input:
22
---- correct output:
22
Maior_de_idade
---- user output:
Maior_de_idade
-- TEST CASE 6:
---- input:
18
---- correct output:
18
Maior_de_idade
---- user output:
Maior_de_idade
*-*-*-*-*-*-*-*-*-*-*-*-*-*-*-*-*-*-*-*-*-*-*-*
== RUN (2025-09-03 15:12:11)
-- CODE: 
idade = int(input())
printint("idade")
if idade >= 18:
  print("Maior_de_idade")
else: 
  print("Menor_de_idade")
-- EXECUTION TIME: 
0.0
-- TEST CASE 1:
---- input:
28
---- correct output:
28
Maior_de_idade
-- ERROR:
Traceback (most recent call last):
  File "XXXX", line 2, in <module>
    printint("idade")
    ^^^^^^^^
NameError: name 'printint' is not defined
-- TEST CASE 2:
---- input:
17
---- correct output:
17
Menor_de_idade
-- ERROR:
Traceback (most recent call last):
  File "XXXX", line 2, in <module>
    printint("idade")
    ^^^^^^^^
NameError: name 'printint' is not defined
-- TEST CASE 3:
---- input:
10
---- correct output:
10
Menor_de_idade
-- ERROR:
Traceback (most recent call last):
  File "XXXX", line 2, in <module>
    printint("idade")
    ^^^^^^^^
NameError: name 'printint' is not defined
-- TEST CASE 4:
---- input:
18
---- correct output:
18
Maior_de_idade
-- ERROR:
Traceback (most recent call last):
  File "XXXX", line 2, in <module>
    printint("idade")
    ^^^^^^^^
NameError: name 'printint' is not defined
-- TEST CASE 5:
---- input:
22
---- correct output:
22
Maior_de_idade
-- ERROR:
Traceback (most recent call last):
  File "XXXX", line 2, in <module>
    printint("idade")
    ^^^^^^^^
NameError: name 'printint' is not defined
-- TEST CASE 6:
---- input:
18
---- correct output:
18
Maior_de_idade
-- ERROR:
Traceback (most recent call last):
  File "XXXX", line 2, in <module>
    printint("idade")
    ^^^^^^^^
NameError: name 'printint' is not defined
*-*-*-*-*-*-*-*-*-*-*-*-*-*-*-*-*-*-*-*-*-*-*-*
== SUBMISSION (2025-09-03 15:06:41)
-- CODE: 
idade = int(input())
if idade < 17:
  print("Menor_de_idade")
else: 
  print("Maior_de_idade")
-- EXECUTION TIME: 
0.01
-- TEST CASE 1:
---- input:
28
---- correct output:
28
Maior_de_idade
---- user output:
Maior_de_idade
-- TEST CASE 2:
---- input:
17
---- correct output:
17
Menor_de_idade
---- user output:
Maior_de_idade
-- TEST CASE 3:
---- input:
10
---- correct output:
10
Menor_de_idade
---- user output:
Menor_de_idade
-- TEST CASE 4:
---- input:
18
---- correct output:
18
Maior_de_idade
---- user output:
Maior_de_idade
-- TEST CASE 5:
---- input:
22
---- correct output:
22
Maior_de_idade
---- user output:
Maior_de_idade
-- TEST CASE 6:
---- input:
18
---- correct output:
18
Maior_de_idade
---- user output:
Maior_de_idade
-- GRADE:
0%
*-*-*-*-*-*-*-*-*-*-*-*-*-*-*-*-*-*-*-*-*-*-*-*
== RUN (2025-09-03 15:17:48)
-- CODE: 
idade = int(input())

if idade >= 18:
  print("Maior_de_idade")
else:
  print("Menor_de_idade")
-- EXECUTION TIME: 
0.0
-- TEST CASE 1:
---- input:
28
---- correct output:
28
Maior_de_idade
---- user output:
Maior_de_idade
-- TEST CASE 2:
---- input:
17
---- correct output:
17
Menor_de_idade
---- user output:
Menor_de_idade
-- TEST CASE 3:
---- input:
10
---- correct output:
10
Menor_de_idade
---- user output:
Menor_de_idade
-- TEST CASE 4:
---- input:
18
---- correct output:
18
Maior_de_idade
---- user output:
Maior_de_idade
-- TEST CASE 5:
---- input:
22
---- correct output:
22
Maior_de_idade
---- user output:
Maior_de_idade
-- TEST CASE 6:
---- input:
18
---- correct output:
18
Maior_de_idade
---- user output:
Maior_de_idade
*-*-*-*-*-*-*-*-*-*-*-*-*-*-*-*-*-*-*-*-*-*-*-*
== SUBMISSION (2025-09-03 15:17:57)
-- CODE: 
idade = int(input())

if idade >= 18:
  print("Maior_de_idade")
else:
  print("Menor_de_idade")
-- EXECUTION TIME: 
0.01
-- TEST CASE 1:
---- input:
28
---- correct output:
28
Maior_de_idade
---- user output:
Maior_de_idade
-- TEST CASE 2:
---- input:
17
---- correct output:
17
Menor_de_idade
---- user output:
Menor_de_idade
-- TEST CASE 3:
---- input:
10
---- correct output:
10
Menor_de_idade
---- user output:
Menor_de_idade
-- TEST CASE 4:
---- input:
18
---- correct output:
18
Maior_de_idade
---- user output:
Maior_de_idade
-- TEST CASE 5:
---- input:
22
---- correct output:
22
Maior_de_idade
---- user output:
Maior_de_idade
-- TEST CASE 6:
---- input:
18
---- correct output:
18
Maior_de_idade
---- user output:
Maior_de_idade
-- GRADE:
0%
*-*-*-*-*-*-*-*-*-*-*-*-*-*-*-*-*-*-*-*-*-*-*-*
== RUN (2025-09-03 15:12:24)
-- CODE: 
idade = int(input())
print("idade")
if idade >= 18:
  print("Maior_de_idade")
else: 
  print("Menor_de_idade")
-- EXECUTION TIME: 
0.0
-- TEST CASE 1:
---- input:
28
---- correct output:
28
Maior_de_idade
---- user output:
Maior_de_idade
-- TEST CASE 2:
---- input:
17
---- correct output:
17
Menor_de_idade
---- user output:
Menor_de_idade
-- TEST CASE 3:
---- input:
10
---- correct output:
10
Menor_de_idade
---- user output:
Menor_de_idade
-- TEST CASE 4:
---- input:
18
---- correct output:
18
Maior_de_idade
---- user output:
Maior_de_idade
-- TEST CASE 5:
---- input:
22
---- correct output:
22
Maior_de_idade
---- user output:
Maior_de_idade
-- TEST CASE 6:
---- input:
18
---- correct output:
18
Maior_de_idade
---- user output:
Maior_de_idade
*-*-*-*-*-*-*-*-*-*-*-*-*-*-*-*-*-*-*-*-*-*-*-*
== RUN (2025-09-03 15:09:52)
-- CODE: 
idade = int(input())
if idade > 17:
  print("Maior_de_idade")
else: 
  print("Menor_de_idade")
-- EXECUTION TIME: 
0.0
-- TEST CASE 1:
---- input:
28
---- correct output:
28
Maior_de_idade
---- user output:
Maior_de_idade
-- TEST CASE 2:
---- input:
17
---- correct output:
17
Menor_de_idade
---- user output:
Menor_de_idade
-- TEST CASE 3:
---- input:
10
---- correct output:
10
Menor_de_idade
---- user output:
Menor_de_idade
-- TEST CASE 4:
---- input:
18
---- correct output:
18
Maior_de_idade
---- user output:
Maior_de_idade
-- TEST CASE 5:
---- input:
22
---- correct output:
22
Maior_de_idade
---- user output:
Maior_de_idade
-- TEST CASE 6:
---- input:
18
---- correct output:
18
Maior_de_idade
---- user output:
Maior_de_idade
*-*-*-*-*-*-*-*-*-*-*-*-*-*-*-*-*-*-*-*-*-*-*-*
== RUN (2025-09-03 15:07:09)
-- CODE: 
idade = int(input())
if idade < 17:
  print("Maior_de_idade")
else: 
  print("Menor_de_idade")
-- EXECUTION TIME: 
0.0
-- TEST CASE 1:
---- input:
28
---- correct output:
28
Maior_de_idade
---- user output:
Menor_de_idade
-- TEST CASE 2:
---- input:
17
---- correct output:
17
Menor_de_idade
---- user output:
Menor_de_idade
-- TEST CASE 3:
---- input:
10
---- correct output:
10
Menor_de_idade
---- user output:
Maior_de_idade
-- TEST CASE 4:
---- input:
18
---- correct output:
18
Maior_de_idade
---- user output:
Menor_de_idade
-- TEST CASE 5:
---- input:
22
---- correct output:
22
Maior_de_idade
---- user output:
Menor_de_idade
-- TEST CASE 6:
---- input:
18
---- correct output:
18
Maior_de_idade
---- user output:
Menor_de_idade
*-*-*-*-*-*-*-*-*-*-*-*-*-*-*-*-*-*-*-*-*-*-*-*
== SUBMISSION (2025-09-03 15:15:26)
-- CODE: 
idade = int(input("insira sua idade"))
print(idade)
if idade >= 18:
  print("Maior_de_idade")
else:
  print("Menor_de_idade")
-- EXECUTION TIME: 
0.01
-- TEST CASE 1:
---- input:
28
---- correct output:
28
Maior_de_idade
---- user output:
Maior_de_idade
-- TEST CASE 2:
---- input:
17
---- correct output:
17
Menor_de_idade
---- user output:
Menor_de_idade
-- TEST CASE 3:
---- input:
10
---- correct output:
10
Menor_de_idade
---- user output:
Menor_de_idade
-- TEST CASE 4:
---- input:
18
---- correct output:
18
Maior_de_idade
---- user output:
Maior_de_idade
-- TEST CASE 5:
---- input:
22
---- correct output:
22
Maior_de_idade
---- user output:
Maior_de_idade
-- TEST CASE 6:
---- input:
18
---- correct output:
18
Maior_de_idade
---- user output:
Maior_de_idade
-- GRADE:
100%
*-*-*-*-*-*-*-*-*-*-*-*-*-*-*-*-*-*-*-*-*-*-*-*
== SUBMISSION (2025-09-03 15:18:53)
-- CODE: 
idade = int(input())
print(idade)

if idade >= 18:
  print("Maior_de_idade")
else:
  print("Menor_de_idade")
-- EXECUTION TIME: 
0.01
-- TEST CASE 1:
---- input:
28
---- correct output:
28
Maior_de_idade
---- user output:
Maior_de_idade
-- TEST CASE 2:
---- input:
17
---- correct output:
17
Menor_de_idade
---- user output:
Menor_de_idade
-- TEST CASE 3:
---- input:
10
---- correct output:
10
Menor_de_idade
---- user output:
Menor_de_idade
-- TEST CASE 4:
---- input:
18
---- correct output:
18
Maior_de_idade
---- user output:
Maior_de_idade
-- TEST CASE 5:
---- input:
22
---- correct output:
22
Maior_de_idade
---- user output:
Maior_de_idade
-- TEST CASE 6:
---- input:
18
---- correct output:
18
Maior_de_idade
---- user output:
Maior_de_idade
-- GRADE:
100%
*-*-*-*-*-*-*-*-*-*-*-*-*-*-*-*-*-*-*-*-*-*-*-*
