{"dateTime": "2025-08-19T12:05:23.479Z", "eventType": "focus", "fullPath": "/main.py"}
{"dateTime": "2025-08-19T12:05:23.484Z", "eventType": "select.pointer", "fullPath": "/main.py", "details": {"selection": {"from": 43, "to": 43}}}
{"dateTime": "2025-08-19T12:05:24.525Z", "eventType": "input", "fullPath": "/main.py", "details": {"fromA": 43, "toA": 43, "fromB": 43, "toB": 44, "inserted": ["", ""]}}
{"dateTime": "2025-08-19T12:05:30.314Z", "eventType": "focus", "fullPath": "/main.py"}
{"dateTime": "2025-08-19T12:05:30.317Z", "eventType": "select.pointer", "fullPath": "/main.py", "details": {"selection": {"from": 15, "to": 15}}}
{"dateTime": "2025-08-19T12:05:31.551Z", "eventType": "select.pointer", "fullPath": "/main.py", "details": {"selection": {"from": 17, "to": 17}}}
{"dateTime": "2025-08-19T12:05:32.712Z", "eventType": "blur", "fullPath": "/main.py"}
{"dateTime": "2025-08-19T12:05:32.984Z", "eventType": "run", "details": {"commit": "1fcdeeee80c3f4b208b1e063572dbf0a5c6c4b54"}}
{"dateTime": "2025-08-19T12:05:39.831Z", "eventType": "focus", "fullPath": "/main.py"}
{"dateTime": "2025-08-19T12:05:39.834Z", "eventType": "select.pointer", "fullPath": "/main.py", "details": {"selection": {"from": 144, "to": 144}}}
{"dateTime": "2025-08-19T12:05:40.952Z", "eventType": "input.type", "fullPath": "/main.py", "details": {"fromA": 144, "toA": 144, "fromB": 144, "toB": 145, "inserted": ["r"]}}
{"dateTime": "2025-08-19T12:05:41.184Z", "eventType": "input.type", "fullPath": "/main.py", "details": {"fromA": 145, "toA": 145, "fromB": 145, "toB": 146, "inserted": ["o"]}}
{"dateTime": "2025-08-19T12:05:41.482Z", "eventType": "input.type", "fullPath": "/main.py", "details": {"fromA": 146, "toA": 146, "fromB": 146, "toB": 147, "inserted": ["u"]}}
{"dateTime": "2025-08-19T12:05:41.752Z", "eventType": "input.type", "fullPath": "/main.py", "details": {"fromA": 147, "toA": 147, "fromB": 147, "toB": 148, "inserted": ["n"]}}
{"dateTime": "2025-08-19T12:05:42.008Z", "eventType": "input.type", "fullPath": "/main.py", "details": {"fromA": 148, "toA": 148, "fromB": 148, "toB": 149, "inserted": ["d"]}}
{"dateTime": "2025-08-19T12:05:43.289Z", "eventType": "input.type", "fullPath": "/main.py", "details": {"fromA": 149, "toA": 149, "fromB": 149, "toB": 150, "inserted": ["("]}}
{"dateTime": "2025-08-19T12:05:44.374Z", "eventType": "select", "fullPath": "/main.py", "details": {"selection": {"from": 151, "to": 151}}}
{"dateTime": "2025-08-19T12:05:44.532Z", "eventType": "select", "fullPath": "/main.py", "details": {"selection": {"from": 152, "to": 152}}}
{"dateTime": "2025-08-19T12:05:44.693Z", "eventType": "select", "fullPath": "/main.py", "details": {"selection": {"from": 153, "to": 153}}}
{"dateTime": "2025-08-19T12:05:44.822Z", "eventType": "select", "fullPath": "/main.py", "details": {"selection": {"from": 154, "to": 154}}}
{"dateTime": "2025-08-19T12:05:46.601Z", "eventType": "input.type", "fullPath": "/main.py", "details": {"fromA": 154, "toA": 154, "fromB": 154, "toB": 155, "inserted": [","]}}
{"dateTime": "2025-08-19T12:05:47.273Z", "eventType": "input.type", "fullPath": "/main.py", "details": {"fromA": 155, "toA": 155, "fromB": 155, "toB": 156, "inserted": ["2"]}}
{"dateTime": "2025-08-19T12:05:48.905Z", "eventType": "input.type", "fullPath": "/main.py", "details": {"fromA": 156, "toA": 156, "fromB": 156, "toB": 157, "inserted": [")"]}}
{"dateTime": "2025-08-19T12:05:50.706Z", "eventType": "blur", "fullPath": "/main.py"}
{"dateTime": "2025-08-19T12:05:51.356Z", "eventType": "run", "details": {"commit": "9a12ea4eaa830ce1ae4fe296d35d8aa0989dbd1b"}}
{"dateTime": "2025-08-19T12:06:02.208Z", "eventType": "select.pointer", "fullPath": "/main.py", "details": {"selection": {"from": 44, "to": 44}}}
{"dateTime": "2025-08-19T12:06:05.151Z", "eventType": "focus", "fullPath": "/main.py"}
{"dateTime": "2025-08-19T12:06:05.155Z", "eventType": "select", "fullPath": "/main.py", "details": {"selection": {"from": 158, "to": 158}}}
{"dateTime": "2025-08-19T12:06:06.958Z", "eventType": "blur", "fullPath": "/main.py"}
{"dateTime": "2025-08-19T12:06:07.433Z", "eventType": "blur", "fullPath": "/main.py"}
{"dateTime": "2025-08-19T12:06:07.459Z", "eventType": "submission", "details": {"correctness": 1, "commit": "9a12ea4eaa830ce1ae4fe296d35d8aa0989dbd1b", "executionTime": 0.01}}
{"dateTime": "2025-08-19T12:06:12.664Z", "eventType": "focus", "fullPath": "/main.py"}
{"dateTime": "2025-08-19T12:06:12.667Z", "eventType": "select.pointer", "fullPath": "/main.py", "details": {"selection": {"from": 44, "to": 44}}}
{"dateTime": "2025-08-19T12:06:33.508Z", "eventType": "input.type", "fullPath": "/main.py", "details": {"fromA": 44, "toA": 44, "fromB": 44, "toB": 45, "inserted": ["x"]}}
{"dateTime": "2025-08-19T12:06:34.610Z", "eventType": "input.type", "fullPath": "/main.py", "details": {"fromA": 45, "toA": 45, "fromB": 45, "toB": 46, "inserted": ["="]}}
{"dateTime": "2025-08-19T12:06:36.658Z", "eventType": "input.type", "fullPath": "/main.py", "details": {"fromA": 46, "toA": 46, "fromB": 46, "toB": 47, "inserted": ["f"]}}
{"dateTime": "2025-08-19T12:06:36.852Z", "eventType": "input.type", "fullPath": "/main.py", "details": {"fromA": 47, "toA": 47, "fromB": 47, "toB": 48, "inserted": ["l"]}}
{"dateTime": "2025-08-19T12:06:37.059Z", "eventType": "input.type", "fullPath": "/main.py", "details": {"fromA": 48, "toA": 48, "fromB": 48, "toB": 49, "inserted": ["o"]}}
{"dateTime": "2025-08-19T12:06:37.858Z", "eventType": "input.complete", "fullPath": "/main.py", "details": {"fromA": 46, "toA": 49, "fromB": 46, "toB": 51, "inserted": ["float"]}}
{"dateTime": "2025-08-19T12:06:38.418Z", "eventType": "input.type", "fullPath": "/main.py", "details": {"fromA": 51, "toA": 51, "fromB": 51, "toB": 53, "inserted": ["()"]}}
{"dateTime": "2025-08-19T12:06:39.394Z", "eventType": "input.type", "fullPath": "/main.py", "details": {"fromA": 52, "toA": 52, "fromB": 52, "toB": 53, "inserted": ["i"]}}
{"dateTime": "2025-08-19T12:06:39.490Z", "eventType": "input.type", "fullPath": "/main.py", "details": {"fromA": 53, "toA": 53, "fromB": 53, "toB": 54, "inserted": ["n"]}}
{"dateTime": "2025-08-19T12:06:40.643Z", "eventType": "input.complete", "fullPath": "/main.py", "details": {"fromA": 52, "toA": 54, "fromB": 52, "toB": 57, "inserted": ["input"]}}
{"dateTime": "2025-08-19T12:06:41.554Z", "eventType": "input.type", "fullPath": "/main.py", "details": {"fromA": 57, "toA": 57, "fromB": 57, "toB": 59, "inserted": ["()"]}}
{"dateTime": "2025-08-19T12:06:42.082Z", "eventType": "input.type", "fullPath": "/main.py", "details": {"fromA": 58, "toA": 58, "fromB": 58, "toB": 60, "inserted": ["\"\""]}}
{"dateTime": "2025-08-19T12:06:43.298Z", "eventType": "input.type", "fullPath": "/main.py", "details": {"fromA": 59, "toA": 59, "fromB": 59, "toB": 60, "inserted": ["i"]}}
{"dateTime": "2025-08-19T12:06:43.442Z", "eventType": "input.type", "fullPath": "/main.py", "details": {"fromA": 60, "toA": 60, "fromB": 60, "toB": 61, "inserted": ["n"]}}
{"dateTime": "2025-08-19T12:06:43.731Z", "eventType": "input.type", "fullPath": "/main.py", "details": {"fromA": 61, "toA": 61, "fromB": 61, "toB": 62, "inserted": ["s"]}}
{"dateTime": "2025-08-19T12:06:43.874Z", "eventType": "input.type", "fullPath": "/main.py", "details": {"fromA": 62, "toA": 62, "fromB": 62, "toB": 63, "inserted": ["i"]}}
{"dateTime": "2025-08-19T12:06:44.706Z", "eventType": "input.type", "fullPath": "/main.py", "details": {"fromA": 63, "toA": 63, "fromB": 63, "toB": 64, "inserted": ["r"]}}
{"dateTime": "2025-08-19T12:06:44.882Z", "eventType": "input.type", "fullPath": "/main.py", "details": {"fromA": 64, "toA": 64, "fromB": 64, "toB": 65, "inserted": ["a"]}}
{"dateTime": "2025-08-19T12:06:45.042Z", "eventType": "input.type", "fullPath": "/main.py", "details": {"fromA": 65, "toA": 65, "fromB": 65, "toB": 66, "inserted": [" "]}}
{"dateTime": "2025-08-19T12:06:45.858Z", "eventType": "input.type", "fullPath": "/main.py", "details": {"fromA": 66, "toA": 66, "fromB": 66, "toB": 67, "inserted": ["o"]}}
{"dateTime": "2025-08-19T12:06:46.274Z", "eventType": "input.type", "fullPath": "/main.py", "details": {"fromA": 67, "toA": 67, "fromB": 67, "toB": 68, "inserted": [" "]}}
{"dateTime": "2025-08-19T12:06:46.562Z", "eventType": "input.type", "fullPath": "/main.py", "details": {"fromA": 68, "toA": 68, "fromB": 68, "toB": 69, "inserted": ["l"]}}
{"dateTime": "2025-08-19T12:06:46.739Z", "eventType": "input.type", "fullPath": "/main.py", "details": {"fromA": 69, "toA": 69, "fromB": 69, "toB": 70, "inserted": ["a"]}}
{"dateTime": "2025-08-19T12:06:46.978Z", "eventType": "input.type", "fullPath": "/main.py", "details": {"fromA": 70, "toA": 70, "fromB": 70, "toB": 71, "inserted": ["d"]}}
{"dateTime": "2025-08-19T12:06:47.154Z", "eventType": "input.type", "fullPath": "/main.py", "details": {"fromA": 71, "toA": 71, "fromB": 71, "toB": 72, "inserted": ["o"]}}
{"dateTime": "2025-08-19T12:06:47.394Z", "eventType": "input.type", "fullPath": "/main.py", "details": {"fromA": 72, "toA": 72, "fromB": 72, "toB": 73, "inserted": [" "]}}
{"dateTime": "2025-08-19T12:06:47.522Z", "eventType": "input.type", "fullPath": "/main.py", "details": {"fromA": 73, "toA": 73, "fromB": 73, "toB": 74, "inserted": ["d"]}}
{"dateTime": "2025-08-19T12:06:47.617Z", "eventType": "input.type", "fullPath": "/main.py", "details": {"fromA": 74, "toA": 74, "fromB": 74, "toB": 75, "inserted": ["o"]}}
{"dateTime": "2025-08-19T12:06:47.938Z", "eventType": "input.type", "fullPath": "/main.py", "details": {"fromA": 75, "toA": 75, "fromB": 75, "toB": 76, "inserted": [" "]}}
{"dateTime": "2025-08-19T12:06:48.514Z", "eventType": "input.type", "fullPath": "/main.py", "details": {"fromA": 76, "toA": 76, "fromB": 76, "toB": 77, "inserted": ["p"]}}
{"dateTime": "2025-08-19T12:06:48.754Z", "eventType": "input.type", "fullPath": "/main.py", "details": {"fromA": 77, "toA": 77, "fromB": 77, "toB": 78, "inserted": ["e"]}}
{"dateTime": "2025-08-19T12:06:48.962Z", "eventType": "input.type", "fullPath": "/main.py", "details": {"fromA": 78, "toA": 78, "fromB": 78, "toB": 79, "inserted": ["n"]}}
{"dateTime": "2025-08-19T12:06:49.298Z", "eventType": "input.type", "fullPath": "/main.py", "details": {"fromA": 79, "toA": 79, "fromB": 79, "toB": 80, "inserted": ["t"]}}
{"dateTime": "2025-08-19T12:06:49.378Z", "eventType": "input.type", "fullPath": "/main.py", "details": {"fromA": 80, "toA": 80, "fromB": 80, "toB": 81, "inserted": ["a"]}}
{"dateTime": "2025-08-19T12:06:49.555Z", "eventType": "input.type", "fullPath": "/main.py", "details": {"fromA": 81, "toA": 81, "fromB": 81, "toB": 82, "inserted": ["g"]}}
{"dateTime": "2025-08-19T12:06:49.922Z", "eventType": "input.type", "fullPath": "/main.py", "details": {"fromA": 82, "toA": 82, "fromB": 82, "toB": 83, "inserted": ["o"]}}
{"dateTime": "2025-08-19T12:06:50.226Z", "eventType": "input.type", "fullPath": "/main.py", "details": {"fromA": 83, "toA": 83, "fromB": 83, "toB": 84, "inserted": ["n"]}}
{"dateTime": "2025-08-19T12:06:50.354Z", "eventType": "input.type", "fullPath": "/main.py", "details": {"fromA": 84, "toA": 84, "fromB": 84, "toB": 85, "inserted": ["o"]}}
{"dateTime": "2025-08-19T12:06:53.522Z", "eventType": "input.type", "fullPath": "/main.py", "details": {"fromA": 85, "toA": 85, "fromB": 85, "toB": 86, "inserted": [":"]}}
{"dateTime": "2025-08-19T12:06:54.162Z", "eventType": "input.type", "fullPath": "/main.py", "details": {"fromA": 86, "toA": 86, "fromB": 86, "toB": 87, "inserted": [" "]}}
{"dateTime": "2025-08-19T12:06:56.082Z", "eventType": "select.pointer", "fullPath": "/main.py", "details": {"selection": {"from": 90, "to": 90}}}
{"dateTime": "2025-08-19T12:07:01.779Z", "eventType": "input", "fullPath": "/main.py", "details": {"fromA": 90, "toA": 90, "fromB": 90, "toB": 91, "inserted": ["", ""]}}
{"dateTime": "2025-08-19T12:07:13.312Z", "eventType": "select.pointer", "fullPath": "/main.py", "details": {"selection": {"from": 91, "to": 91}}}
{"dateTime": "2025-08-19T12:07:15.362Z", "eventType": "input.type", "fullPath": "/main.py", "details": {"fromA": 91, "toA": 91, "fromB": 91, "toB": 92, "inserted": ["a"]}}
{"dateTime": "2025-08-19T12:07:15.492Z", "eventType": "input.type", "fullPath": "/main.py", "details": {"fromA": 92, "toA": 92, "fromB": 92, "toB": 93, "inserted": ["p"]}}
{"dateTime": "2025-08-19T12:07:15.699Z", "eventType": "input.type", "fullPath": "/main.py", "details": {"fromA": 93, "toA": 93, "fromB": 93, "toB": 94, "inserted": ["o"]}}
{"dateTime": "2025-08-19T12:07:16.032Z", "eventType": "input.type", "fullPath": "/main.py", "details": {"fromA": 94, "toA": 94, "fromB": 94, "toB": 95, "inserted": ["t"]}}
{"dateTime": "2025-08-19T12:07:16.196Z", "eventType": "input.type", "fullPath": "/main.py", "details": {"fromA": 95, "toA": 95, "fromB": 95, "toB": 96, "inserted": ["e"]}}
{"dateTime": "2025-08-19T12:07:16.451Z", "eventType": "input.type", "fullPath": "/main.py", "details": {"fromA": 96, "toA": 96, "fromB": 96, "toB": 97, "inserted": ["m"]}}
{"dateTime": "2025-08-19T12:07:16.626Z", "eventType": "input.type", "fullPath": "/main.py", "details": {"fromA": 97, "toA": 97, "fromB": 97, "toB": 98, "inserted": ["a"]}}
{"dateTime": "2025-08-19T12:07:19.858Z", "eventType": "input.type", "fullPath": "/main.py", "details": {"fromA": 98, "toA": 98, "fromB": 98, "toB": 99, "inserted": ["="]}}
{"dateTime": "2025-08-19T12:07:22.338Z", "eventType": "input.type", "fullPath": "/main.py", "details": {"fromA": 99, "toA": 99, "fromB": 99, "toB": 100, "inserted": [" "]}}
{"dateTime": "2025-08-19T12:07:22.978Z", "eventType": "input.type", "fullPath": "/main.py", "details": {"fromA": 100, "toA": 100, "fromB": 100, "toB": 101, "inserted": ["x"]}}
{"dateTime": "2025-08-19T12:07:26.403Z", "eventType": "input.type", "fullPath": "/main.py", "details": {"fromA": 101, "toA": 101, "fromB": 101, "toB": 102, "inserted": ["/"]}}
{"dateTime": "2025-08-19T12:07:29.730Z", "eventType": "input.type", "fullPath": "/main.py", "details": {"fromA": 102, "toA": 102, "fromB": 102, "toB": 103, "inserted": ["2"]}}
{"dateTime": "2025-08-19T12:07:31.267Z", "eventType": "input.type", "fullPath": "/main.py", "details": {"fromA": 103, "toA": 103, "fromB": 103, "toB": 104, "inserted": ["*"]}}
{"dateTime": "2025-08-19T12:07:33.726Z", "eventType": "input.type", "fullPath": "/main.py", "details": {"fromA": 104, "toA": 104, "fromB": 104, "toB": 105, "inserted": ["t"]}}
{"dateTime": "2025-08-19T12:07:33.874Z", "eventType": "input.type", "fullPath": "/main.py", "details": {"fromA": 105, "toA": 105, "fromB": 105, "toB": 106, "inserted": ["a"]}}
{"dateTime": "2025-08-19T12:07:35.268Z", "eventType": "input.type", "fullPath": "/main.py", "details": {"fromA": 106, "toA": 106, "fromB": 106, "toB": 107, "inserted": ["n"]}}
{"dateTime": "2025-08-19T12:07:36.243Z", "eventType": "input.type", "fullPath": "/main.py", "details": {"fromA": 107, "toA": 107, "fromB": 107, "toB": 109, "inserted": ["()"]}}
{"dateTime": "2025-08-19T12:07:39.395Z", "eventType": "input.type", "fullPath": "/main.py", "details": {"fromA": 108, "toA": 108, "fromB": 108, "toB": 109, "inserted": ["p"]}}
{"dateTime": "2025-08-19T12:07:39.524Z", "eventType": "input.type", "fullPath": "/main.py", "details": {"fromA": 109, "toA": 109, "fromB": 109, "toB": 110, "inserted": ["i"]}}
{"dateTime": "2025-08-19T12:07:41.267Z", "eventType": "input.type", "fullPath": "/main.py", "details": {"fromA": 110, "toA": 110, "fromB": 110, "toB": 111, "inserted": ["/"]}}
{"dateTime": "2025-08-19T12:07:41.875Z", "eventType": "input.type", "fullPath": "/main.py", "details": {"fromA": 111, "toA": 111, "fromB": 111, "toB": 112, "inserted": ["5"]}}
{"dateTime": "2025-08-19T12:07:45.131Z", "eventType": "select.pointer", "fullPath": "/main.py", "details": {"selection": {"from": 103, "to": 103}}}
{"dateTime": "2025-08-19T12:07:46.499Z", "eventType": "select.pointer", "fullPath": "/main.py", "details": {"selection": {"from": 102, "to": 102}}}
{"dateTime": "2025-08-19T12:07:47.779Z", "eventType": "input.type", "fullPath": "/main.py", "details": {"fromA": 102, "toA": 102, "fromB": 102, "toB": 103, "inserted": ["("]}}
{"dateTime": "2025-08-19T12:07:49.023Z", "eventType": "select.pointer", "fullPath": "/main.py", "details": {"selection": {"from": 114, "to": 114}}}
{"dateTime": "2025-08-19T12:07:50.051Z", "eventType": "input.type", "fullPath": "/main.py", "details": {"fromA": 114, "toA": 114, "fromB": 114, "toB": 115, "inserted": [")"]}}
{"dateTime": "2025-08-19T12:07:52.160Z", "eventType": "select.pointer", "fullPath": "/main.py", "details": {"selection": {"from": 115, "to": 115}}}
{"dateTime": "2025-08-19T12:07:52.591Z", "eventType": "blur", "fullPath": "/main.py"}
{"dateTime": "2025-08-19T12:07:58.792Z", "eventType": "focus", "fullPath": "/main.py"}
{"dateTime": "2025-08-19T12:07:58.794Z", "eventType": "select.pointer", "fullPath": "/main.py", "details": {"selection": {"from": 115, "to": 115}}}
{"dateTime": "2025-08-19T12:07:59.843Z", "eventType": "input", "fullPath": "/main.py", "details": {"fromA": 115, "toA": 115, "fromB": 115, "toB": 116, "inserted": ["", ""]}}
{"dateTime": "2025-08-19T12:08:01.923Z", "eventType": "input.type", "fullPath": "/main.py", "details": {"fromA": 116, "toA": 116, "fromB": 116, "toB": 117, "inserted": ["a"]}}
{"dateTime": "2025-08-19T12:08:02.292Z", "eventType": "input.type", "fullPath": "/main.py", "details": {"fromA": 117, "toA": 117, "fromB": 117, "toB": 118, "inserted": ["r"]}}
{"dateTime": "2025-08-19T12:08:02.435Z", "eventType": "input.type", "fullPath": "/main.py", "details": {"fromA": 118, "toA": 118, "fromB": 118, "toB": 119, "inserted": ["e"]}}
{"dateTime": "2025-08-19T12:08:02.660Z", "eventType": "input.type", "fullPath": "/main.py", "details": {"fromA": 119, "toA": 119, "fromB": 119, "toB": 120, "inserted": ["a"]}}
{"dateTime": "2025-08-19T12:08:05.458Z", "eventType": "input.type", "fullPath": "/main.py", "details": {"fromA": 120, "toA": 120, "fromB": 120, "toB": 121, "inserted": ["="]}}
{"dateTime": "2025-08-19T12:08:06.930Z", "eventType": "input.type", "fullPath": "/main.py", "details": {"fromA": 121, "toA": 121, "fromB": 121, "toB": 122, "inserted": [" "]}}
{"dateTime": "2025-08-19T12:08:12.740Z", "eventType": "input.type", "fullPath": "/main.py", "details": {"fromA": 122, "toA": 122, "fromB": 122, "toB": 124, "inserted": ["()"]}}
{"dateTime": "2025-08-19T12:08:13.363Z", "eventType": "input.type", "fullPath": "/main.py", "details": {"fromA": 123, "toA": 123, "fromB": 123, "toB": 124, "inserted": ["5"]}}
{"dateTime": "2025-08-19T12:08:15.348Z", "eventType": "input.type", "fullPath": "/main.py", "details": {"fromA": 124, "toA": 124, "fromB": 124, "toB": 125, "inserted": ["/"]}}
{"dateTime": "2025-08-19T12:08:16.691Z", "eventType": "input.type", "fullPath": "/main.py", "details": {"fromA": 125, "toA": 125, "fromB": 125, "toB": 126, "inserted": ["2"]}}
{"dateTime": "2025-08-19T12:08:19.720Z", "eventType": "select.pointer", "fullPath": "/main.py", "details": {"selection": {"from": 127, "to": 127}}}
{"dateTime": "2025-08-19T12:08:21.124Z", "eventType": "input.type", "fullPath": "/main.py", "details": {"fromA": 127, "toA": 127, "fromB": 127, "toB": 128, "inserted": ["*"]}}
{"dateTime": "2025-08-19T12:08:26.672Z", "eventType": "input.type", "fullPath": "/main.py", "details": {"fromA": 128, "toA": 128, "fromB": 128, "toB": 129, "inserted": ["x"]}}
{"dateTime": "2025-08-19T12:08:27.235Z", "eventType": "input.type", "fullPath": "/main.py", "details": {"fromA": 129, "toA": 129, "fromB": 129, "toB": 130, "inserted": ["*"]}}
{"dateTime": "2025-08-19T12:08:28.164Z", "eventType": "input.type", "fullPath": "/main.py", "details": {"fromA": 130, "toA": 130, "fromB": 130, "toB": 131, "inserted": ["a"]}}
{"dateTime": "2025-08-19T12:08:29.108Z", "eventType": "input.type.compose.start", "fullPath": "/main.py", "details": {"fromA": 131, "toA": 131, "fromB": 131, "toB": 132, "inserted": ["\u00b4"]}}
{"dateTime": "2025-08-19T12:08:30.225Z", "eventType": "input.type.compose", "fullPath": "/main.py", "details": {"fromA": 131, "toA": 132, "fromB": 131, "toB": 131, "inserted": [""]}}
{"dateTime": "2025-08-19T12:08:30.596Z", "eventType": "input.type", "fullPath": "/main.py", "details": {"fromA": 131, "toA": 131, "fromB": 131, "toB": 132, "inserted": ["p"]}}
{"dateTime": "2025-08-19T12:08:30.773Z", "eventType": "input.type", "fullPath": "/main.py", "details": {"fromA": 132, "toA": 132, "fromB": 132, "toB": 133, "inserted": ["o"]}}
{"dateTime": "2025-08-19T12:08:31.836Z", "eventType": "input.complete", "fullPath": "/main.py", "details": {"fromA": 130, "toA": 133, "fromB": 130, "toB": 137, "inserted": ["apotema"]}}
{"dateTime": "2025-08-19T12:08:37.298Z", "eventType": "delete.backward", "fullPath": "/main.py", "details": {"fromA": 136, "toA": 137, "fromB": 136, "toB": 136, "inserted": [""]}}
{"dateTime": "2025-08-19T12:08:37.826Z", "eventType": "input.type", "fullPath": "/main.py", "details": {"fromA": 136, "toA": 136, "fromB": 136, "toB": 137, "inserted": ["p"]}}
{"dateTime": "2025-08-19T12:08:38.306Z", "eventType": "input.type", "fullPath": "/main.py", "details": {"fromA": 137, "toA": 137, "fromB": 137, "toB": 138, "inserted": ["r"]}}
{"dateTime": "2025-08-19T12:08:38.498Z", "eventType": "input.type", "fullPath": "/main.py", "details": {"fromA": 138, "toA": 138, "fromB": 138, "toB": 139, "inserted": ["i"]}}
{"dateTime": "2025-08-19T12:08:40.418Z", "eventType": "delete.backward", "fullPath": "/main.py", "details": {"fromA": 138, "toA": 139, "fromB": 138, "toB": 138, "inserted": [""]}}
{"dateTime": "2025-08-19T12:08:40.594Z", "eventType": "delete.backward", "fullPath": "/main.py", "details": {"fromA": 137, "toA": 138, "fromB": 137, "toB": 137, "inserted": [""]}}
{"dateTime": "2025-08-19T12:08:41.794Z", "eventType": "delete.backward", "fullPath": "/main.py", "details": {"fromA": 136, "toA": 137, "fromB": 136, "toB": 136, "inserted": [""]}}
{"dateTime": "2025-08-19T12:08:42.530Z", "eventType": "input.type", "fullPath": "/main.py", "details": {"fromA": 136, "toA": 136, "fromB": 136, "toB": 137, "inserted": ["a"]}}
{"dateTime": "2025-08-19T12:08:44.001Z", "eventType": "input.complete", "fullPath": "/main.py", "details": {"fromA": 130, "toA": 137, "fromB": 130, "toB": 137, "inserted": ["apotema"]}}
{"dateTime": "2025-08-19T12:08:44.453Z", "eventType": "input", "fullPath": "/main.py", "details": {"fromA": 137, "toA": 137, "fromB": 137, "toB": 138, "inserted": ["", ""]}}
{"dateTime": "2025-08-19T12:08:45.475Z", "eventType": "input.type", "fullPath": "/main.py", "details": {"fromA": 138, "toA": 138, "fromB": 138, "toB": 139, "inserted": ["p"]}}
{"dateTime": "2025-08-19T12:08:45.828Z", "eventType": "input.type", "fullPath": "/main.py", "details": {"fromA": 139, "toA": 139, "fromB": 139, "toB": 140, "inserted": ["r"]}}
{"dateTime": "2025-08-19T12:08:46.032Z", "eventType": "input.type", "fullPath": "/main.py", "details": {"fromA": 140, "toA": 140, "fromB": 140, "toB": 141, "inserted": ["i"]}}
{"dateTime": "2025-08-19T12:08:46.293Z", "eventType": "input.type", "fullPath": "/main.py", "details": {"fromA": 141, "toA": 141, "fromB": 141, "toB": 142, "inserted": ["n"]}}
{"dateTime": "2025-08-19T12:08:46.420Z", "eventType": "input.type", "fullPath": "/main.py", "details": {"fromA": 142, "toA": 142, "fromB": 142, "toB": 143, "inserted": ["t"]}}
{"dateTime": "2025-08-19T12:08:48.227Z", "eventType": "input.type", "fullPath": "/main.py", "details": {"fromA": 143, "toA": 143, "fromB": 143, "toB": 145, "inserted": ["()"]}}
{"dateTime": "2025-08-19T12:08:49.092Z", "eventType": "input.type", "fullPath": "/main.py", "details": {"fromA": 144, "toA": 144, "fromB": 144, "toB": 145, "inserted": ["a"]}}
{"dateTime": "2025-08-19T12:08:49.222Z", "eventType": "input.type", "fullPath": "/main.py", "details": {"fromA": 145, "toA": 145, "fromB": 145, "toB": 146, "inserted": ["r"]}}
{"dateTime": "2025-08-19T12:08:50.100Z", "eventType": "input.complete", "fullPath": "/main.py", "details": {"fromA": 144, "toA": 146, "fromB": 144, "toB": 148, "inserted": ["area"]}}
{"dateTime": "2025-08-19T12:08:52.158Z", "eventType": "blur", "fullPath": "/main.py"}
{"dateTime": "2025-08-19T12:08:52.403Z", "eventType": "run", "details": {"commit": "678ba53bb14085cba450c543d8f754810d3a61f0"}}
