{"dateTime": "2025-08-28T12:03:10.659Z", "eventType": "input.type", "fullPath": "/main.py", "details": {"fromA": 48, "toA": 48, "fromB": 48, "toB": 49, "inserted": ["p"]}}
{"dateTime": "2025-08-28T12:03:10.771Z", "eventType": "input.type", "fullPath": "/main.py", "details": {"fromA": 49, "toA": 49, "fromB": 49, "toB": 50, "inserted": ["r"]}}
{"dateTime": "2025-08-28T12:03:11.028Z", "eventType": "input.type", "fullPath": "/main.py", "details": {"fromA": 50, "toA": 50, "fromB": 50, "toB": 51, "inserted": ["i"]}}
{"dateTime": "2025-08-28T12:03:11.491Z", "eventType": "input.type", "fullPath": "/main.py", "details": {"fromA": 51, "toA": 51, "fromB": 51, "toB": 52, "inserted": ["n"]}}
{"dateTime": "2025-08-28T12:03:11.619Z", "eventType": "input.type", "fullPath": "/main.py", "details": {"fromA": 52, "toA": 52, "fromB": 52, "toB": 53, "inserted": ["t"]}}
{"dateTime": "2025-08-28T12:03:13.827Z", "eventType": "delete.backward", "fullPath": "/main.py", "details": {"fromA": 52, "toA": 53, "fromB": 52, "toB": 52, "inserted": [""]}}
{"dateTime": "2025-08-28T12:03:14.327Z", "eventType": "delete.backward", "fullPath": "/main.py", "details": {"fromA": 51, "toA": 52, "fromB": 51, "toB": 51, "inserted": [""]}}
{"dateTime": "2025-08-28T12:03:14.374Z", "eventType": "delete.backward", "fullPath": "/main.py", "details": {"fromA": 50, "toA": 51, "fromB": 50, "toB": 50, "inserted": [""]}}
{"dateTime": "2025-08-28T12:03:15.651Z", "eventType": "input.complete", "fullPath": "/main.py", "details": {"fromA": 48, "toA": 50, "fromB": 48, "toB": 53, "inserted": ["print"]}}
{"dateTime": "2025-08-28T12:03:16.466Z", "eventType": "input.type", "fullPath": "/main.py", "details": {"fromA": 53, "toA": 53, "fromB": 53, "toB": 55, "inserted": ["()"]}}
{"dateTime": "2025-08-28T12:03:18.754Z", "eventType": "input.type", "fullPath": "/main.py", "details": {"fromA": 54, "toA": 54, "fromB": 54, "toB": 55, "inserted": ["r"]}}
{"dateTime": "2025-08-28T12:03:19.125Z", "eventType": "input.type", "fullPath": "/main.py", "details": {"fromA": 55, "toA": 55, "fromB": 55, "toB": 56, "inserted": ["o"]}}
{"dateTime": "2025-08-28T12:03:19.411Z", "eventType": "input.type", "fullPath": "/main.py", "details": {"fromA": 56, "toA": 56, "fromB": 56, "toB": 57, "inserted": ["u"]}}
{"dateTime": "2025-08-28T12:03:19.603Z", "eventType": "input.type", "fullPath": "/main.py", "details": {"fromA": 57, "toA": 57, "fromB": 57, "toB": 58, "inserted": ["n"]}}
{"dateTime": "2025-08-28T12:03:19.828Z", "eventType": "input.type", "fullPath": "/main.py", "details": {"fromA": 58, "toA": 58, "fromB": 58, "toB": 59, "inserted": ["d"]}}
{"dateTime": "2025-08-28T12:03:20.720Z", "eventType": "input.complete", "fullPath": "/main.py", "details": {"fromA": 54, "toA": 59, "fromB": 54, "toB": 59, "inserted": ["round"]}}
{"dateTime": "2025-08-28T12:03:21.522Z", "eventType": "input.type", "fullPath": "/main.py", "details": {"fromA": 59, "toA": 59, "fromB": 59, "toB": 61, "inserted": ["()"]}}
{"dateTime": "2025-08-28T12:03:22.706Z", "eventType": "input.type", "fullPath": "/main.py", "details": {"fromA": 60, "toA": 60, "fromB": 60, "toB": 61, "inserted": ["c"]}}
{"dateTime": "2025-08-28T12:03:23.218Z", "eventType": "input.type", "fullPath": "/main.py", "details": {"fromA": 61, "toA": 61, "fromB": 61, "toB": 62, "inserted": [","]}}
{"dateTime": "2025-08-28T12:03:23.650Z", "eventType": "input.type", "fullPath": "/main.py", "details": {"fromA": 62, "toA": 62, "fromB": 62, "toB": 63, "inserted": ["2"]}}
{"dateTime": "2025-08-28T12:03:25.588Z", "eventType": "blur", "fullPath": "/main.py"}
{"dateTime": "2025-08-28T12:03:28.734Z", "eventType": "submission", "details": {"correctness": 1, "commit": "95c30bc272a81ed17bb3c78aced1def534f992b8", "executionTime": 0.01}}
{"dateTime": "2025-08-28T12:04:05.371Z", "eventType": "focus", "fullPath": "/main.py"}
{"dateTime": "2025-08-28T12:04:05.374Z", "eventType": "select.pointer", "fullPath": "/main.py", "details": {"selection": {"from": 0, "to": 0}}}
{"dateTime": "2025-08-28T12:04:08.830Z", "eventType": "input.type", "fullPath": "/main.py", "details": {"fromA": 0, "toA": 0, "fromB": 0, "toB": 1, "inserted": ["i"]}}
{"dateTime": "2025-08-28T12:04:08.908Z", "eventType": "input.type", "fullPath": "/main.py", "details": {"fromA": 1, "toA": 1, "fromB": 1, "toB": 2, "inserted": ["n"]}}
{"dateTime": "2025-08-28T12:04:10.333Z", "eventType": "delete.backward", "fullPath": "/main.py", "details": {"fromA": 1, "toA": 2, "fromB": 1, "toB": 1, "inserted": [""]}}
{"dateTime": "2025-08-28T12:04:10.474Z", "eventType": "delete.backward", "fullPath": "/main.py", "details": {"fromA": 0, "toA": 1, "fromB": 0, "toB": 0, "inserted": [""]}}
{"dateTime": "2025-08-28T12:04:13.148Z", "eventType": "input.type", "fullPath": "/main.py", "details": {"fromA": 0, "toA": 0, "fromB": 0, "toB": 1, "inserted": ["a"]}}
{"dateTime": "2025-08-28T12:04:13.820Z", "eventType": "input.type", "fullPath": "/main.py", "details": {"fromA": 1, "toA": 1, "fromB": 1, "toB": 2, "inserted": ["="]}}
{"dateTime": "2025-08-28T12:04:15.836Z", "eventType": "input.type", "fullPath": "/main.py", "details": {"fromA": 2, "toA": 2, "fromB": 2, "toB": 3, "inserted": ["f"]}}
{"dateTime": "2025-08-28T12:04:15.950Z", "eventType": "input.type", "fullPath": "/main.py", "details": {"fromA": 3, "toA": 3, "fromB": 3, "toB": 4, "inserted": ["l"]}}
{"dateTime": "2025-08-28T12:04:16.029Z", "eventType": "input.type", "fullPath": "/main.py", "details": {"fromA": 4, "toA": 4, "fromB": 4, "toB": 5, "inserted": ["o"]}}
{"dateTime": "2025-08-28T12:04:17.004Z", "eventType": "input.complete", "fullPath": "/main.py", "details": {"fromA": 2, "toA": 5, "fromB": 2, "toB": 7, "inserted": ["float"]}}
{"dateTime": "2025-08-28T12:04:17.800Z", "eventType": "input.type", "fullPath": "/main.py", "details": {"fromA": 7, "toA": 7, "fromB": 7, "toB": 9, "inserted": ["()"]}}
{"dateTime": "2025-08-28T12:04:18.776Z", "eventType": "input.type", "fullPath": "/main.py", "details": {"fromA": 8, "toA": 8, "fromB": 8, "toB": 9, "inserted": ["i"]}}
{"dateTime": "2025-08-28T12:04:18.856Z", "eventType": "input.type", "fullPath": "/main.py", "details": {"fromA": 9, "toA": 9, "fromB": 9, "toB": 10, "inserted": ["n"]}}
{"dateTime": "2025-08-28T12:04:19.785Z", "eventType": "input.complete", "fullPath": "/main.py", "details": {"fromA": 8, "toA": 10, "fromB": 8, "toB": 13, "inserted": ["input"]}}
{"dateTime": "2025-08-28T12:04:21.355Z", "eventType": "input.type", "fullPath": "/main.py", "details": {"fromA": 13, "toA": 13, "fromB": 13, "toB": 15, "inserted": ["()"]}}
{"dateTime": "2025-08-28T12:04:22.362Z", "eventType": "select", "fullPath": "/main.py", "details": {"selection": {"from": 15, "to": 15}}}
{"dateTime": "2025-08-28T12:04:22.490Z", "eventType": "select", "fullPath": "/main.py", "details": {"selection": {"from": 16, "to": 16}}}
{"dateTime": "2025-08-28T12:04:22.750Z", "eventType": "input", "fullPath": "/main.py", "details": {"fromA": 16, "toA": 16, "fromB": 16, "toB": 17, "inserted": ["", ""]}}
{"dateTime": "2025-08-28T12:04:30.298Z", "eventType": "input.type", "fullPath": "/main.py", "details": {"fromA": 17, "toA": 17, "fromB": 17, "toB": 18, "inserted": ["n"]}}
{"dateTime": "2025-08-28T12:04:31.032Z", "eventType": "input.type", "fullPath": "/main.py", "details": {"fromA": 18, "toA": 18, "fromB": 18, "toB": 19, "inserted": ["="]}}
{"dateTime": "2025-08-28T12:04:38.396Z", "eventType": "input.type", "fullPath": "/main.py", "details": {"fromA": 19, "toA": 19, "fromB": 19, "toB": 20, "inserted": ["9"]}}
{"dateTime": "2025-08-28T12:04:38.584Z", "eventType": "input.type", "fullPath": "/main.py", "details": {"fromA": 20, "toA": 20, "fromB": 20, "toB": 21, "inserted": ["."]}}
{"dateTime": "2025-08-28T12:04:39.146Z", "eventType": "input.type", "fullPath": "/main.py", "details": {"fromA": 21, "toA": 21, "fromB": 21, "toB": 22, "inserted": ["8"]}}
{"dateTime": "2025-08-28T12:04:39.322Z", "eventType": "input.type", "fullPath": "/main.py", "details": {"fromA": 22, "toA": 22, "fromB": 22, "toB": 23, "inserted": ["0"]}}
{"dateTime": "2025-08-28T12:04:40.635Z", "eventType": "input.type", "fullPath": "/main.py", "details": {"fromA": 23, "toA": 23, "fromB": 23, "toB": 24, "inserted": ["*"]}}
{"dateTime": "2025-08-28T12:04:41.723Z", "eventType": "input.type", "fullPath": "/main.py", "details": {"fromA": 24, "toA": 24, "fromB": 24, "toB": 25, "inserted": ["a"]}}
{"dateTime": "2025-08-28T12:04:44.106Z", "eventType": "input.complete", "fullPath": "/main.py", "details": {"fromA": 24, "toA": 25, "fromB": 24, "toB": 25, "inserted": ["a"]}}
{"dateTime": "2025-08-28T12:04:44.956Z", "eventType": "input", "fullPath": "/main.py", "details": {"fromA": 25, "toA": 25, "fromB": 25, "toB": 26, "inserted": ["", ""]}}
{"dateTime": "2025-08-28T12:04:49.739Z", "eventType": "input.type", "fullPath": "/main.py", "details": {"fromA": 26, "toA": 26, "fromB": 26, "toB": 27, "inserted": ["b"]}}
{"dateTime": "2025-08-28T12:04:51.757Z", "eventType": "input.type", "fullPath": "/main.py", "details": {"fromA": 27, "toA": 27, "fromB": 27, "toB": 28, "inserted": ["="]}}
{"dateTime": "2025-08-28T12:04:53.083Z", "eventType": "input.type", "fullPath": "/main.py", "details": {"fromA": 28, "toA": 28, "fromB": 28, "toB": 29, "inserted": ["a"]}}
{"dateTime": "2025-08-28T12:04:54.861Z", "eventType": "input.type", "fullPath": "/main.py", "details": {"fromA": 29, "toA": 29, "fromB": 29, "toB": 30, "inserted": ["="]}}
{"dateTime": "2025-08-28T12:04:55.259Z", "eventType": "delete.backward", "fullPath": "/main.py", "details": {"fromA": 29, "toA": 30, "fromB": 29, "toB": 29, "inserted": [""]}}
{"dateTime": "2025-08-28T12:04:56.221Z", "eventType": "input.type", "fullPath": "/main.py", "details": {"fromA": 29, "toA": 29, "fromB": 29, "toB": 30, "inserted": ["+"]}}
{"dateTime": "2025-08-28T12:04:57.005Z", "eventType": "input.type", "fullPath": "/main.py", "details": {"fromA": 30, "toA": 30, "fromB": 30, "toB": 31, "inserted": ["2"]}}
{"dateTime": "2025-08-28T12:04:57.515Z", "eventType": "input.type", "fullPath": "/main.py", "details": {"fromA": 31, "toA": 31, "fromB": 31, "toB": 32, "inserted": ["0"]}}
{"dateTime": "2025-08-28T12:05:01.883Z", "eventType": "select", "fullPath": "/main.py", "details": {"selection": {"from": 31, "to": 31}}}
{"dateTime": "2025-08-28T12:05:02.057Z", "eventType": "select", "fullPath": "/main.py", "details": {"selection": {"from": 30, "to": 30}}}
{"dateTime": "2025-08-28T12:05:02.249Z", "eventType": "select", "fullPath": "/main.py", "details": {"selection": {"from": 29, "to": 29}}}
{"dateTime": "2025-08-28T12:05:03.131Z", "eventType": "delete.backward", "fullPath": "/main.py", "details": {"fromA": 28, "toA": 29, "fromB": 28, "toB": 28, "inserted": [""]}}
{"dateTime": "2025-08-28T12:05:03.693Z", "eventType": "input.type", "fullPath": "/main.py", "details": {"fromA": 28, "toA": 28, "fromB": 28, "toB": 29, "inserted": ["n"]}}
{"dateTime": "2025-08-28T12:05:04.906Z", "eventType": "select", "fullPath": "/main.py", "details": {"selection": {"from": 30, "to": 30}}}
{"dateTime": "2025-08-28T12:05:05.081Z", "eventType": "select", "fullPath": "/main.py", "details": {"selection": {"from": 31, "to": 31}}}
{"dateTime": "2025-08-28T12:05:05.274Z", "eventType": "select", "fullPath": "/main.py", "details": {"selection": {"from": 32, "to": 32}}}
{"dateTime": "2025-08-28T12:05:05.853Z", "eventType": "input", "fullPath": "/main.py", "details": {"fromA": 32, "toA": 32, "fromB": 32, "toB": 33, "inserted": ["", ""]}}
{"dateTime": "2025-08-28T12:05:09.180Z", "eventType": "input.type", "fullPath": "/main.py", "details": {"fromA": 33, "toA": 33, "fromB": 33, "toB": 34, "inserted": ["c"]}}
{"dateTime": "2025-08-28T12:05:09.470Z", "eventType": "input.type", "fullPath": "/main.py", "details": {"fromA": 34, "toA": 34, "fromB": 34, "toB": 35, "inserted": ["="]}}
{"dateTime": "2025-08-28T12:05:15.053Z", "eventType": "input.type", "fullPath": "/main.py", "details": {"fromA": 35, "toA": 35, "fromB": 35, "toB": 36, "inserted": ["b"]}}
{"dateTime": "2025-08-28T12:05:16.604Z", "eventType": "input.type", "fullPath": "/main.py", "details": {"fromA": 36, "toA": 36, "fromB": 36, "toB": 37, "inserted": ["+"]}}
{"dateTime": "2025-08-28T12:05:18.588Z", "eventType": "input.type", "fullPath": "/main.py", "details": {"fromA": 37, "toA": 37, "fromB": 37, "toB": 39, "inserted": ["()"]}}
{"dateTime": "2025-08-28T12:05:19.725Z", "eventType": "input.type", "fullPath": "/main.py", "details": {"fromA": 38, "toA": 38, "fromB": 38, "toB": 39, "inserted": ["1"]}}
{"dateTime": "2025-08-28T12:05:20.045Z", "eventType": "input.type", "fullPath": "/main.py", "details": {"fromA": 39, "toA": 39, "fromB": 39, "toB": 40, "inserted": ["5"]}}
{"dateTime": "2025-08-28T12:05:21.181Z", "eventType": "input.type", "fullPath": "/main.py", "details": {"fromA": 40, "toA": 40, "fromB": 40, "toB": 41, "inserted": ["/"]}}
{"dateTime": "2025-08-28T12:05:22.588Z", "eventType": "input.type", "fullPath": "/main.py", "details": {"fromA": 41, "toA": 41, "fromB": 41, "toB": 42, "inserted": ["1"]}}
{"dateTime": "2025-08-28T12:05:22.894Z", "eventType": "input.type", "fullPath": "/main.py", "details": {"fromA": 42, "toA": 42, "fromB": 42, "toB": 43, "inserted": ["0"]}}
{"dateTime": "2025-08-28T12:05:23.229Z", "eventType": "input.type", "fullPath": "/main.py", "details": {"fromA": 43, "toA": 43, "fromB": 43, "toB": 44, "inserted": ["0"]}}
{"dateTime": "2025-08-28T12:05:24.522Z", "eventType": "select", "fullPath": "/main.py", "details": {"selection": {"from": 45, "to": 45}}}
{"dateTime": "2025-08-28T12:05:25.662Z", "eventType": "input.type", "fullPath": "/main.py", "details": {"fromA": 45, "toA": 45, "fromB": 45, "toB": 46, "inserted": ["*"]}}
{"dateTime": "2025-08-28T12:05:32.697Z", "eventType": "input.type", "fullPath": "/main.py", "details": {"fromA": 46, "toA": 46, "fromB": 46, "toB": 47, "inserted": ["b"]}}
{"dateTime": "2025-08-28T12:05:33.659Z", "eventType": "input.complete", "fullPath": "/main.py", "details": {"fromA": 46, "toA": 47, "fromB": 46, "toB": 47, "inserted": ["b"]}}
{"dateTime": "2025-08-28T12:05:34.365Z", "eventType": "input", "fullPath": "/main.py", "details": {"fromA": 47, "toA": 47, "fromB": 47, "toB": 48, "inserted": ["", ""]}}
