{"dateTime": "2025-08-26T12:03:04.852Z", "eventType": "focus", "fullPath": "/main.py"}
{"dateTime": "2025-08-26T12:03:04.856Z", "eventType": "select.pointer", "fullPath": "/main.py", "details": {"selection": {"from": 101, "to": 101}}}
{"dateTime": "2025-08-26T12:03:07.133Z", "eventType": "select.pointer", "fullPath": "/main.py", "details": {"selection": {"from": 100, "to": 100}}}
{"dateTime": "2025-08-26T12:03:07.152Z", "eventType": "select.pointer", "fullPath": "/main.py", "details": {"selection": {"from": 100, "to": 101}}}
{"dateTime": "2025-08-26T12:03:08.071Z", "eventType": "select.pointer", "fullPath": "/main.py", "details": {"selection": {"from": 101, "to": 101}}}
{"dateTime": "2025-08-26T12:03:08.887Z", "eventType": "select.pointer", "fullPath": "/main.py", "details": {"selection": {"from": 101, "to": 101}}}
{"dateTime": "2025-08-26T12:03:11.550Z", "eventType": "delete.backward", "fullPath": "/main.py", "details": {"fromA": 100, "toA": 101, "fromB": 100, "toB": 100, "inserted": [""]}}
{"dateTime": "2025-08-26T12:03:15.411Z", "eventType": "select.pointer", "fullPath": "/main.py", "details": {"selection": {"from": 99, "to": 99}}}
{"dateTime": "2025-08-26T12:03:16.517Z", "eventType": "delete.backward", "fullPath": "/main.py", "details": {"fromA": 98, "toA": 99, "fromB": 98, "toB": 98, "inserted": [""]}}
{"dateTime": "2025-08-26T12:03:18.787Z", "eventType": "blur", "fullPath": "/main.py"}
{"dateTime": "2025-08-26T12:03:44.055Z", "eventType": "submission", "details": {"correctness": 1, "commit": "833ec8aa9e4686bad1fe939545a5ec03d9b61bf4", "executionTime": 0.01}}
{"dateTime": "2025-08-26T12:03:55.607Z", "eventType": "focus", "fullPath": "/main.py"}
{"dateTime": "2025-08-26T12:03:55.617Z", "eventType": "select.pointer", "fullPath": "/main.py", "details": {"selection": {"from": 21, "to": 21}}}
{"dateTime": "2025-08-26T12:03:57.786Z", "eventType": "input.type", "fullPath": "/main.py", "details": {"fromA": 21, "toA": 21, "fromB": 21, "toB": 22, "inserted": [")"]}}
{"dateTime": "2025-08-26T12:04:00.695Z", "eventType": "select.pointer", "fullPath": "/main.py", "details": {"selection": {"from": 36, "to": 36}}}
{"dateTime": "2025-08-26T12:04:02.074Z", "eventType": "input.type", "fullPath": "/main.py", "details": {"fromA": 36, "toA": 36, "fromB": 36, "toB": 37, "inserted": ["("]}}
{"dateTime": "2025-08-26T12:04:04.949Z", "eventType": "select.pointer", "fullPath": "/main.py", "details": {"selection": {"from": 60, "to": 60}}}
{"dateTime": "2025-08-26T12:04:06.264Z", "eventType": "input.type", "fullPath": "/main.py", "details": {"fromA": 60, "toA": 60, "fromB": 60, "toB": 61, "inserted": ["("]}}
{"dateTime": "2025-08-26T12:04:15.247Z", "eventType": "select.pointer", "fullPath": "/main.py", "details": {"selection": {"from": 79, "to": 79}}}
{"dateTime": "2025-08-26T12:04:16.967Z", "eventType": "input.type", "fullPath": "/main.py", "details": {"fromA": 79, "toA": 79, "fromB": 79, "toB": 80, "inserted": ["("]}}
{"dateTime": "2025-08-26T12:04:19.398Z", "eventType": "select.pointer", "fullPath": "/main.py", "details": {"selection": {"from": 103, "to": 103}}}
{"dateTime": "2025-08-26T12:04:20.913Z", "eventType": "input.type", "fullPath": "/main.py", "details": {"fromA": 103, "toA": 103, "fromB": 103, "toB": 104, "inserted": [")"]}}
{"dateTime": "2025-08-26T12:04:24.986Z", "eventType": "blur", "fullPath": "/main.py"}
{"dateTime": "2025-08-26T12:04:37.252Z", "eventType": "focus", "fullPath": "/main.py"}
{"dateTime": "2025-08-26T12:04:37.256Z", "eventType": "select.pointer", "fullPath": "/main.py", "details": {"selection": {"from": 13, "to": 13}}}
{"dateTime": "2025-08-26T12:04:39.560Z", "eventType": "input.type", "fullPath": "/main.py", "details": {"fromA": 13, "toA": 13, "fromB": 13, "toB": 14, "inserted": ["("]}}
{"dateTime": "2025-08-26T12:04:47.003Z", "eventType": "blur", "fullPath": "/main.py"}
{"dateTime": "2025-08-26T12:05:35.493Z", "eventType": "focus", "fullPath": "/main.py"}
{"dateTime": "2025-08-26T12:05:35.508Z", "eventType": "select.pointer", "fullPath": "/main.py", "details": {"selection": {"from": 15, "to": 15}}}
{"dateTime": "2025-08-26T12:05:38.935Z", "eventType": "select.pointer", "fullPath": "/main.py", "details": {"selection": {"from": 13, "to": 13}}}
{"dateTime": "2025-08-26T12:05:41.776Z", "eventType": "select.pointer", "fullPath": "/main.py", "details": {"selection": {"from": 23, "to": 23}}}
{"dateTime": "2025-08-26T12:05:49.839Z", "eventType": "select.pointer", "fullPath": "/main.py", "details": {"selection": {"from": 14, "to": 14}}}
{"dateTime": "2025-08-26T12:05:52.108Z", "eventType": "delete.backward", "fullPath": "/main.py", "details": {"fromA": 13, "toA": 14, "fromB": 13, "toB": 13, "inserted": [""]}}
{"dateTime": "2025-08-26T12:05:55.440Z", "eventType": "select.pointer", "fullPath": "/main.py", "details": {"selection": {"from": 37, "to": 37}}}
{"dateTime": "2025-08-26T12:06:00.232Z", "eventType": "delete.backward", "fullPath": "/main.py", "details": {"fromA": 36, "toA": 37, "fromB": 36, "toB": 36, "inserted": [""]}}
{"dateTime": "2025-08-26T12:06:03.273Z", "eventType": "select.pointer", "fullPath": "/main.py", "details": {"selection": {"from": 59, "to": 59}}}
{"dateTime": "2025-08-26T12:06:05.831Z", "eventType": "select.pointer", "fullPath": "/main.py", "details": {"selection": {"from": 60, "to": 60}}}
{"dateTime": "2025-08-26T12:06:07.112Z", "eventType": "delete.backward", "fullPath": "/main.py", "details": {"fromA": 59, "toA": 60, "fromB": 59, "toB": 59, "inserted": [""]}}
{"dateTime": "2025-08-26T12:06:09.084Z", "eventType": "blur", "fullPath": "/main.py"}
