{"dateTime": "2025-09-01T13:56:04.841Z", "eventType": "focus", "fullPath": "/main.py"}
{"dateTime": "2025-09-01T13:56:04.843Z", "eventType": "select.pointer", "fullPath": "/main.py", "details": {"selection": {"from": 0, "to": 0}}}
{"dateTime": "2025-09-01T13:56:05.699Z", "eventType": "input.type", "fullPath": "/main.py", "details": {"fromA": 0, "toA": 0, "fromB": 0, "toB": 1, "inserted": ["p"]}}
{"dateTime": "2025-09-01T13:56:05.849Z", "eventType": "input.type", "fullPath": "/main.py", "details": {"fromA": 1, "toA": 1, "fromB": 1, "toB": 2, "inserted": ["e"]}}
{"dateTime": "2025-09-01T13:56:06.070Z", "eventType": "input.type", "fullPath": "/main.py", "details": {"fromA": 2, "toA": 2, "fromB": 2, "toB": 3, "inserted": ["s"]}}
{"dateTime": "2025-09-01T13:56:06.198Z", "eventType": "input.type", "fullPath": "/main.py", "details": {"fromA": 3, "toA": 3, "fromB": 3, "toB": 4, "inserted": ["o"]}}
{"dateTime": "2025-09-01T13:56:06.802Z", "eventType": "input.type", "fullPath": "/main.py", "details": {"fromA": 4, "toA": 4, "fromB": 4, "toB": 5, "inserted": [" "]}}
{"dateTime": "2025-09-01T13:56:07.570Z", "eventType": "input.type", "fullPath": "/main.py", "details": {"fromA": 5, "toA": 5, "fromB": 5, "toB": 6, "inserted": ["="]}}
{"dateTime": "2025-09-01T13:56:08.210Z", "eventType": "input.type", "fullPath": "/main.py", "details": {"fromA": 6, "toA": 6, "fromB": 6, "toB": 7, "inserted": [" "]}}
{"dateTime": "2025-09-01T13:56:09.138Z", "eventType": "input.type", "fullPath": "/main.py", "details": {"fromA": 7, "toA": 7, "fromB": 7, "toB": 8, "inserted": ["f"]}}
{"dateTime": "2025-09-01T13:56:09.287Z", "eventType": "input.type", "fullPath": "/main.py", "details": {"fromA": 8, "toA": 8, "fromB": 8, "toB": 9, "inserted": ["l"]}}
{"dateTime": "2025-09-01T13:56:09.493Z", "eventType": "input.type", "fullPath": "/main.py", "details": {"fromA": 9, "toA": 9, "fromB": 9, "toB": 10, "inserted": ["o"]}}
{"dateTime": "2025-09-01T13:56:09.583Z", "eventType": "input.type", "fullPath": "/main.py", "details": {"fromA": 10, "toA": 10, "fromB": 10, "toB": 11, "inserted": ["a"]}}
{"dateTime": "2025-09-01T13:56:09.892Z", "eventType": "input.type", "fullPath": "/main.py", "details": {"fromA": 11, "toA": 11, "fromB": 11, "toB": 12, "inserted": ["t"]}}
{"dateTime": "2025-09-01T13:56:10.067Z", "eventType": "input.type", "fullPath": "/main.py", "details": {"fromA": 12, "toA": 12, "fromB": 12, "toB": 13, "inserted": [" "]}}
{"dateTime": "2025-09-01T13:56:11.697Z", "eventType": "delete.backward", "fullPath": "/main.py", "details": {"fromA": 12, "toA": 13, "fromB": 12, "toB": 12, "inserted": [""]}}
{"dateTime": "2025-09-01T13:56:12.531Z", "eventType": "input.type", "fullPath": "/main.py", "details": {"fromA": 12, "toA": 12, "fromB": 12, "toB": 14, "inserted": ["()"]}}
{"dateTime": "2025-09-01T13:56:13.598Z", "eventType": "input.type", "fullPath": "/main.py", "details": {"fromA": 13, "toA": 13, "fromB": 13, "toB": 14, "inserted": ["i"]}}
{"dateTime": "2025-09-01T13:56:14.789Z", "eventType": "input.type", "fullPath": "/main.py", "details": {"fromA": 14, "toA": 14, "fromB": 14, "toB": 15, "inserted": ["n"]}}
{"dateTime": "2025-09-01T13:56:15.940Z", "eventType": "input.type", "fullPath": "/main.py", "details": {"fromA": 15, "toA": 15, "fromB": 15, "toB": 16, "inserted": ["p"]}}
{"dateTime": "2025-09-01T13:56:16.309Z", "eventType": "input.type", "fullPath": "/main.py", "details": {"fromA": 16, "toA": 16, "fromB": 16, "toB": 17, "inserted": ["u"]}}
{"dateTime": "2025-09-01T13:56:16.485Z", "eventType": "input.type", "fullPath": "/main.py", "details": {"fromA": 17, "toA": 17, "fromB": 17, "toB": 18, "inserted": ["t"]}}
{"dateTime": "2025-09-01T13:56:17.683Z", "eventType": "input.type", "fullPath": "/main.py", "details": {"fromA": 18, "toA": 18, "fromB": 18, "toB": 20, "inserted": ["()"]}}
{"dateTime": "2025-09-01T13:56:20.771Z", "eventType": "input.type", "fullPath": "/main.py", "details": {"fromA": 19, "toA": 19, "fromB": 19, "toB": 21, "inserted": ["\"\""]}}
{"dateTime": "2025-09-01T13:56:23.226Z", "eventType": "blur", "fullPath": "/main.py"}
{"dateTime": "2025-09-01T13:56:29.721Z", "eventType": "focus", "fullPath": "/main.py"}
{"dateTime": "2025-09-01T13:56:29.725Z", "eventType": "select.pointer", "fullPath": "/main.py", "details": {"selection": {"from": 20, "to": 20}}}
{"dateTime": "2025-09-01T13:56:31.333Z", "eventType": "input.type", "fullPath": "/main.py", "details": {"fromA": 20, "toA": 20, "fromB": 20, "toB": 21, "inserted": ["D"]}}
{"dateTime": "2025-09-01T13:56:32.211Z", "eventType": "input.type", "fullPath": "/main.py", "details": {"fromA": 21, "toA": 21, "fromB": 21, "toB": 22, "inserted": ["i"]}}
{"dateTime": "2025-09-01T13:56:32.547Z", "eventType": "input.type", "fullPath": "/main.py", "details": {"fromA": 22, "toA": 22, "fromB": 22, "toB": 23, "inserted": ["g"]}}
{"dateTime": "2025-09-01T13:56:32.706Z", "eventType": "input.type", "fullPath": "/main.py", "details": {"fromA": 23, "toA": 23, "fromB": 23, "toB": 24, "inserted": ["i"]}}
{"dateTime": "2025-09-01T13:56:32.819Z", "eventType": "input.type", "fullPath": "/main.py", "details": {"fromA": 24, "toA": 24, "fromB": 24, "toB": 25, "inserted": ["t"]}}
{"dateTime": "2025-09-01T13:56:33.251Z", "eventType": "input.type", "fullPath": "/main.py", "details": {"fromA": 25, "toA": 25, "fromB": 25, "toB": 26, "inserted": ["e"]}}
{"dateTime": "2025-09-01T13:56:33.491Z", "eventType": "input.type", "fullPath": "/main.py", "details": {"fromA": 26, "toA": 26, "fromB": 26, "toB": 27, "inserted": [" "]}}
{"dateTime": "2025-09-01T13:56:35.658Z", "eventType": "blur", "fullPath": "/main.py"}
{"dateTime": "2025-09-01T13:56:41.974Z", "eventType": "focus", "fullPath": "/main.py"}
{"dateTime": "2025-09-01T13:56:41.975Z", "eventType": "select.pointer", "fullPath": "/main.py", "details": {"selection": {"from": 27, "to": 27}}}
{"dateTime": "2025-09-01T13:56:43.172Z", "eventType": "input.type", "fullPath": "/main.py", "details": {"fromA": 27, "toA": 27, "fromB": 27, "toB": 28, "inserted": ["o"]}}
{"dateTime": "2025-09-01T13:56:43.428Z", "eventType": "input.type", "fullPath": "/main.py", "details": {"fromA": 28, "toA": 28, "fromB": 28, "toB": 29, "inserted": [" "]}}
{"dateTime": "2025-09-01T13:56:43.859Z", "eventType": "input.type", "fullPath": "/main.py", "details": {"fromA": 29, "toA": 29, "fromB": 29, "toB": 30, "inserted": ["p"]}}
{"dateTime": "2025-09-01T13:56:44.099Z", "eventType": "input.type", "fullPath": "/main.py", "details": {"fromA": 30, "toA": 30, "fromB": 30, "toB": 31, "inserted": ["e"]}}
{"dateTime": "2025-09-01T13:56:44.302Z", "eventType": "input.type", "fullPath": "/main.py", "details": {"fromA": 31, "toA": 31, "fromB": 31, "toB": 32, "inserted": ["s"]}}
{"dateTime": "2025-09-01T13:56:44.462Z", "eventType": "input.type", "fullPath": "/main.py", "details": {"fromA": 32, "toA": 32, "fromB": 32, "toB": 33, "inserted": ["o"]}}
{"dateTime": "2025-09-01T13:56:44.670Z", "eventType": "input.type", "fullPath": "/main.py", "details": {"fromA": 33, "toA": 33, "fromB": 33, "toB": 34, "inserted": [" "]}}
{"dateTime": "2025-09-01T13:56:44.830Z", "eventType": "input.type", "fullPath": "/main.py", "details": {"fromA": 34, "toA": 34, "fromB": 34, "toB": 35, "inserted": ["d"]}}
{"dateTime": "2025-09-01T13:56:44.958Z", "eventType": "input.type", "fullPath": "/main.py", "details": {"fromA": 35, "toA": 35, "fromB": 35, "toB": 36, "inserted": ["o"]}}
{"dateTime": "2025-09-01T13:56:45.150Z", "eventType": "input.type", "fullPath": "/main.py", "details": {"fromA": 36, "toA": 36, "fromB": 36, "toB": 37, "inserted": [" "]}}
{"dateTime": "2025-09-01T13:56:45.683Z", "eventType": "input.type", "fullPath": "/main.py", "details": {"fromA": 37, "toA": 37, "fromB": 37, "toB": 38, "inserted": ["s"]}}
{"dateTime": "2025-09-01T13:56:45.875Z", "eventType": "input.type", "fullPath": "/main.py", "details": {"fromA": 38, "toA": 38, "fromB": 38, "toB": 39, "inserted": ["a"]}}
{"dateTime": "2025-09-01T13:56:46.111Z", "eventType": "input.type", "fullPath": "/main.py", "details": {"fromA": 39, "toA": 39, "fromB": 39, "toB": 40, "inserted": ["c"]}}
{"dateTime": "2025-09-01T13:56:46.275Z", "eventType": "input.type", "fullPath": "/main.py", "details": {"fromA": 40, "toA": 40, "fromB": 40, "toB": 41, "inserted": ["o"]}}
{"dateTime": "2025-09-01T13:56:46.563Z", "eventType": "input.type", "fullPath": "/main.py", "details": {"fromA": 41, "toA": 41, "fromB": 41, "toB": 42, "inserted": [" "]}}
{"dateTime": "2025-09-01T13:56:47.027Z", "eventType": "input.type", "fullPath": "/main.py", "details": {"fromA": 42, "toA": 42, "fromB": 42, "toB": 43, "inserted": ["e"]}}
{"dateTime": "2025-09-01T13:56:47.187Z", "eventType": "input.type", "fullPath": "/main.py", "details": {"fromA": 43, "toA": 43, "fromB": 43, "toB": 44, "inserted": ["m"]}}
{"dateTime": "2025-09-01T13:56:47.459Z", "eventType": "input.type", "fullPath": "/main.py", "details": {"fromA": 44, "toA": 44, "fromB": 44, "toB": 45, "inserted": [" "]}}
{"dateTime": "2025-09-01T13:56:49.678Z", "eventType": "input.type", "fullPath": "/main.py", "details": {"fromA": 45, "toA": 45, "fromB": 45, "toB": 46, "inserted": ["g"]}}
{"dateTime": "2025-09-01T13:56:49.886Z", "eventType": "input.type", "fullPath": "/main.py", "details": {"fromA": 46, "toA": 46, "fromB": 46, "toB": 47, "inserted": ["r"]}}
{"dateTime": "2025-09-01T13:56:50.174Z", "eventType": "input.type", "fullPath": "/main.py", "details": {"fromA": 47, "toA": 47, "fromB": 47, "toB": 48, "inserted": ["a"]}}
{"dateTime": "2025-09-01T13:56:50.366Z", "eventType": "input.type", "fullPath": "/main.py", "details": {"fromA": 48, "toA": 48, "fromB": 48, "toB": 49, "inserted": ["m"]}}
{"dateTime": "2025-09-01T13:56:50.510Z", "eventType": "input.type", "fullPath": "/main.py", "details": {"fromA": 49, "toA": 49, "fromB": 49, "toB": 50, "inserted": ["a"]}}
{"dateTime": "2025-09-01T13:56:50.686Z", "eventType": "input.type", "fullPath": "/main.py", "details": {"fromA": 50, "toA": 50, "fromB": 50, "toB": 51, "inserted": ["s"]}}
{"dateTime": "2025-09-01T13:56:52.771Z", "eventType": "input.type", "fullPath": "/main.py", "details": {"fromA": 51, "toA": 51, "fromB": 51, "toB": 52, "inserted": [":"]}}
{"dateTime": "2025-09-01T13:56:54.951Z", "eventType": "select.pointer", "fullPath": "/main.py", "details": {"selection": {"from": 55, "to": 55}}}
{"dateTime": "2025-09-01T13:56:55.664Z", "eventType": "input", "fullPath": "/main.py", "details": {"fromA": 55, "toA": 55, "fromB": 55, "toB": 56, "inserted": ["", ""]}}
{"dateTime": "2025-09-01T13:56:57.014Z", "eventType": "blur", "fullPath": "/main.py"}
{"dateTime": "2025-09-01T13:57:09.833Z", "eventType": "focus", "fullPath": "/main.py"}
{"dateTime": "2025-09-01T13:57:12.646Z", "eventType": "input.type", "fullPath": "/main.py", "details": {"fromA": 56, "toA": 56, "fromB": 56, "toB": 57, "inserted": ["q"]}}
{"dateTime": "2025-09-01T13:57:12.855Z", "eventType": "input.type", "fullPath": "/main.py", "details": {"fromA": 57, "toA": 57, "fromB": 57, "toB": 58, "inserted": ["u"]}}
{"dateTime": "2025-09-01T13:57:13.029Z", "eventType": "input.type", "fullPath": "/main.py", "details": {"fromA": 58, "toA": 58, "fromB": 58, "toB": 59, "inserted": ["a"]}}
{"dateTime": "2025-09-01T13:57:13.172Z", "eventType": "input.type", "fullPath": "/main.py", "details": {"fromA": 59, "toA": 59, "fromB": 59, "toB": 60, "inserted": ["n"]}}
{"dateTime": "2025-09-01T13:57:13.440Z", "eventType": "input.type", "fullPath": "/main.py", "details": {"fromA": 60, "toA": 60, "fromB": 60, "toB": 61, "inserted": ["t"]}}
{"dateTime": "2025-09-01T13:57:13.552Z", "eventType": "input.type", "fullPath": "/main.py", "details": {"fromA": 61, "toA": 61, "fromB": 61, "toB": 62, "inserted": ["i"]}}
{"dateTime": "2025-09-01T13:57:13.924Z", "eventType": "input.type", "fullPath": "/main.py", "details": {"fromA": 62, "toA": 62, "fromB": 62, "toB": 63, "inserted": ["d"]}}
{"dateTime": "2025-09-01T13:57:14.116Z", "eventType": "input.type", "fullPath": "/main.py", "details": {"fromA": 63, "toA": 63, "fromB": 63, "toB": 64, "inserted": ["a"]}}
{"dateTime": "2025-09-01T13:57:14.356Z", "eventType": "input.type", "fullPath": "/main.py", "details": {"fromA": 64, "toA": 64, "fromB": 64, "toB": 65, "inserted": ["d"]}}
{"dateTime": "2025-09-01T13:57:14.516Z", "eventType": "input.type", "fullPath": "/main.py", "details": {"fromA": 65, "toA": 65, "fromB": 65, "toB": 66, "inserted": ["e"]}}
{"dateTime": "2025-09-01T13:57:15.731Z", "eventType": "delete.backward", "fullPath": "/main.py", "details": {"fromA": 65, "toA": 66, "fromB": 65, "toB": 65, "inserted": [""]}}
{"dateTime": "2025-09-01T13:57:15.955Z", "eventType": "delete.backward", "fullPath": "/main.py", "details": {"fromA": 64, "toA": 65, "fromB": 64, "toB": 64, "inserted": [""]}}
{"dateTime": "2025-09-01T13:57:16.147Z", "eventType": "delete.backward", "fullPath": "/main.py", "details": {"fromA": 63, "toA": 64, "fromB": 63, "toB": 63, "inserted": [""]}}
{"dateTime": "2025-09-01T13:57:16.323Z", "eventType": "delete.backward", "fullPath": "/main.py", "details": {"fromA": 62, "toA": 63, "fromB": 62, "toB": 62, "inserted": [""]}}
{"dateTime": "2025-09-01T13:57:16.483Z", "eventType": "delete.backward", "fullPath": "/main.py", "details": {"fromA": 61, "toA": 62, "fromB": 61, "toB": 61, "inserted": [""]}}
{"dateTime": "2025-09-01T13:57:16.676Z", "eventType": "delete.backward", "fullPath": "/main.py", "details": {"fromA": 60, "toA": 61, "fromB": 60, "toB": 60, "inserted": [""]}}
{"dateTime": "2025-09-01T13:57:16.835Z", "eventType": "delete.backward", "fullPath": "/main.py", "details": {"fromA": 59, "toA": 60, "fromB": 59, "toB": 59, "inserted": [""]}}
{"dateTime": "2025-09-01T13:57:17.027Z", "eventType": "delete.backward", "fullPath": "/main.py", "details": {"fromA": 58, "toA": 59, "fromB": 58, "toB": 58, "inserted": [""]}}
{"dateTime": "2025-09-01T13:57:17.172Z", "eventType": "delete.backward", "fullPath": "/main.py", "details": {"fromA": 57, "toA": 58, "fromB": 57, "toB": 57, "inserted": [""]}}
{"dateTime": "2025-09-01T13:57:17.362Z", "eventType": "delete.backward", "fullPath": "/main.py", "details": {"fromA": 56, "toA": 57, "fromB": 56, "toB": 56, "inserted": [""]}}
{"dateTime": "2025-09-01T13:57:20.052Z", "eventType": "input.type", "fullPath": "/main.py", "details": {"fromA": 56, "toA": 56, "fromB": 56, "toB": 57, "inserted": ["q"]}}
{"dateTime": "2025-09-01T13:57:20.357Z", "eventType": "input.type", "fullPath": "/main.py", "details": {"fromA": 57, "toA": 57, "fromB": 57, "toB": 58, "inserted": ["n"]}}
{"dateTime": "2025-09-01T13:57:20.532Z", "eventType": "input.type", "fullPath": "/main.py", "details": {"fromA": 58, "toA": 58, "fromB": 58, "toB": 59, "inserted": ["t"]}}
{"dateTime": "2025-09-01T13:57:34.676Z", "eventType": "delete.backward", "fullPath": "/main.py", "details": {"fromA": 58, "toA": 59, "fromB": 58, "toB": 58, "inserted": [""]}}
{"dateTime": "2025-09-01T13:57:34.900Z", "eventType": "delete.backward", "fullPath": "/main.py", "details": {"fromA": 57, "toA": 58, "fromB": 57, "toB": 57, "inserted": [""]}}
{"dateTime": "2025-09-01T13:57:35.619Z", "eventType": "input.type", "fullPath": "/main.py", "details": {"fromA": 57, "toA": 57, "fromB": 57, "toB": 58, "inserted": ["t"]}}
{"dateTime": "2025-09-01T13:57:39.636Z", "eventType": "blur", "fullPath": "/main.py"}
{"dateTime": "2025-09-01T13:57:43.033Z", "eventType": "focus", "fullPath": "/main.py"}
{"dateTime": "2025-09-01T13:57:43.034Z", "eventType": "select.pointer", "fullPath": "/main.py", "details": {"selection": {"from": 58, "to": 58}}}
{"dateTime": "2025-09-01T13:57:43.588Z", "eventType": "input.type", "fullPath": "/main.py", "details": {"fromA": 58, "toA": 58, "fromB": 58, "toB": 59, "inserted": [" "]}}
{"dateTime": "2025-09-01T13:57:43.957Z", "eventType": "input.type", "fullPath": "/main.py", "details": {"fromA": 59, "toA": 59, "fromB": 59, "toB": 60, "inserted": ["="]}}
{"dateTime": "2025-09-01T13:57:44.101Z", "eventType": "input.type", "fullPath": "/main.py", "details": {"fromA": 60, "toA": 60, "fromB": 60, "toB": 61, "inserted": [" "]}}
{"dateTime": "2025-09-01T13:57:44.357Z", "eventType": "input.type", "fullPath": "/main.py", "details": {"fromA": 61, "toA": 61, "fromB": 61, "toB": 62, "inserted": [" "]}}
{"dateTime": "2025-09-01T13:57:44.869Z", "eventType": "input.type", "fullPath": "/main.py", "details": {"fromA": 62, "toA": 62, "fromB": 62, "toB": 63, "inserted": ["f"]}}
{"dateTime": "2025-09-01T13:57:45.350Z", "eventType": "input.type", "fullPath": "/main.py", "details": {"fromA": 63, "toA": 63, "fromB": 63, "toB": 64, "inserted": ["l"]}}
{"dateTime": "2025-09-01T13:57:45.560Z", "eventType": "input.type", "fullPath": "/main.py", "details": {"fromA": 64, "toA": 64, "fromB": 64, "toB": 65, "inserted": ["o"]}}
{"dateTime": "2025-09-01T13:57:45.666Z", "eventType": "input.type", "fullPath": "/main.py", "details": {"fromA": 65, "toA": 65, "fromB": 65, "toB": 66, "inserted": ["a"]}}
{"dateTime": "2025-09-01T13:57:46.070Z", "eventType": "input.type", "fullPath": "/main.py", "details": {"fromA": 66, "toA": 66, "fromB": 66, "toB": 67, "inserted": ["t"]}}
{"dateTime": "2025-09-01T13:57:48.583Z", "eventType": "input.type", "fullPath": "/main.py", "details": {"fromA": 67, "toA": 67, "fromB": 67, "toB": 69, "inserted": ["()"]}}
{"dateTime": "2025-09-01T13:57:49.669Z", "eventType": "input.type", "fullPath": "/main.py", "details": {"fromA": 68, "toA": 68, "fromB": 68, "toB": 69, "inserted": ["i"]}}
{"dateTime": "2025-09-01T13:57:49.818Z", "eventType": "input.type", "fullPath": "/main.py", "details": {"fromA": 69, "toA": 69, "fromB": 69, "toB": 70, "inserted": ["n"]}}
{"dateTime": "2025-09-01T13:57:50.230Z", "eventType": "input.type", "fullPath": "/main.py", "details": {"fromA": 70, "toA": 70, "fromB": 70, "toB": 71, "inserted": ["p"]}}
{"dateTime": "2025-09-01T13:57:50.503Z", "eventType": "input.type", "fullPath": "/main.py", "details": {"fromA": 71, "toA": 71, "fromB": 71, "toB": 72, "inserted": ["u"]}}
{"dateTime": "2025-09-01T13:57:51.558Z", "eventType": "input.type", "fullPath": "/main.py", "details": {"fromA": 72, "toA": 72, "fromB": 72, "toB": 73, "inserted": ["t"]}}
{"dateTime": "2025-09-01T13:57:52.998Z", "eventType": "input.type", "fullPath": "/main.py", "details": {"fromA": 73, "toA": 73, "fromB": 73, "toB": 75, "inserted": ["()"]}}
{"dateTime": "2025-09-01T13:58:02.793Z", "eventType": "input.type", "fullPath": "/main.py", "details": {"fromA": 74, "toA": 74, "fromB": 74, "toB": 76, "inserted": ["\"\""]}}
{"dateTime": "2025-09-01T13:58:06.754Z", "eventType": "input.type", "fullPath": "/main.py", "details": {"fromA": 75, "toA": 75, "fromB": 75, "toB": 76, "inserted": ["D"]}}
{"dateTime": "2025-09-01T13:58:07.286Z", "eventType": "input.type", "fullPath": "/main.py", "details": {"fromA": 76, "toA": 76, "fromB": 76, "toB": 77, "inserted": ["i"]}}
{"dateTime": "2025-09-01T13:58:07.510Z", "eventType": "input.type", "fullPath": "/main.py", "details": {"fromA": 77, "toA": 77, "fromB": 77, "toB": 78, "inserted": ["g"]}}
{"dateTime": "2025-09-01T13:58:07.620Z", "eventType": "input.type", "fullPath": "/main.py", "details": {"fromA": 78, "toA": 78, "fromB": 78, "toB": 79, "inserted": ["i"]}}
{"dateTime": "2025-09-01T13:58:07.734Z", "eventType": "input.type", "fullPath": "/main.py", "details": {"fromA": 79, "toA": 79, "fromB": 79, "toB": 80, "inserted": ["t"]}}
{"dateTime": "2025-09-01T13:58:08.006Z", "eventType": "input.type", "fullPath": "/main.py", "details": {"fromA": 80, "toA": 80, "fromB": 80, "toB": 81, "inserted": ["e"]}}
{"dateTime": "2025-09-01T13:58:08.629Z", "eventType": "input.type", "fullPath": "/main.py", "details": {"fromA": 81, "toA": 81, "fromB": 81, "toB": 82, "inserted": [" "]}}
{"dateTime": "2025-09-01T13:58:10.710Z", "eventType": "input.type", "fullPath": "/main.py", "details": {"fromA": 82, "toA": 82, "fromB": 82, "toB": 83, "inserted": ["a"]}}
{"dateTime": "2025-09-01T13:58:10.918Z", "eventType": "input.type", "fullPath": "/main.py", "details": {"fromA": 83, "toA": 83, "fromB": 83, "toB": 84, "inserted": [" "]}}
{"dateTime": "2025-09-01T13:58:12.102Z", "eventType": "input.type", "fullPath": "/main.py", "details": {"fromA": 84, "toA": 84, "fromB": 84, "toB": 85, "inserted": ["q"]}}
{"dateTime": "2025-09-01T13:58:12.406Z", "eventType": "input.type", "fullPath": "/main.py", "details": {"fromA": 85, "toA": 85, "fromB": 85, "toB": 86, "inserted": ["u"]}}
{"dateTime": "2025-09-01T13:58:12.498Z", "eventType": "input.type", "fullPath": "/main.py", "details": {"fromA": 86, "toA": 86, "fromB": 86, "toB": 87, "inserted": ["a"]}}
{"dateTime": "2025-09-01T13:58:12.679Z", "eventType": "input.type", "fullPath": "/main.py", "details": {"fromA": 87, "toA": 87, "fromB": 87, "toB": 88, "inserted": ["n"]}}
{"dateTime": "2025-09-01T13:58:12.871Z", "eventType": "input.type", "fullPath": "/main.py", "details": {"fromA": 88, "toA": 88, "fromB": 88, "toB": 89, "inserted": ["t"]}}
{"dateTime": "2025-09-01T13:58:12.966Z", "eventType": "input.type", "fullPath": "/main.py", "details": {"fromA": 89, "toA": 89, "fromB": 89, "toB": 90, "inserted": ["i"]}}
{"dateTime": "2025-09-01T13:58:13.270Z", "eventType": "input.type", "fullPath": "/main.py", "details": {"fromA": 90, "toA": 90, "fromB": 90, "toB": 91, "inserted": ["d"]}}
{"dateTime": "2025-09-01T13:58:13.442Z", "eventType": "input.type", "fullPath": "/main.py", "details": {"fromA": 91, "toA": 91, "fromB": 91, "toB": 92, "inserted": ["a"]}}
{"dateTime": "2025-09-01T13:58:13.670Z", "eventType": "input.type", "fullPath": "/main.py", "details": {"fromA": 92, "toA": 92, "fromB": 92, "toB": 93, "inserted": ["d"]}}
{"dateTime": "2025-09-01T13:58:13.830Z", "eventType": "input.type", "fullPath": "/main.py", "details": {"fromA": 93, "toA": 93, "fromB": 93, "toB": 94, "inserted": ["e"]}}
{"dateTime": "2025-09-01T13:58:17.318Z", "eventType": "input.type", "fullPath": "/main.py", "details": {"fromA": 94, "toA": 94, "fromB": 94, "toB": 95, "inserted": [" "]}}
{"dateTime": "2025-09-01T13:58:17.782Z", "eventType": "input.type", "fullPath": "/main.py", "details": {"fromA": 95, "toA": 95, "fromB": 95, "toB": 96, "inserted": ["d"]}}
{"dateTime": "2025-09-01T13:58:18.023Z", "eventType": "input.type", "fullPath": "/main.py", "details": {"fromA": 96, "toA": 96, "fromB": 96, "toB": 97, "inserted": ["o"]}}
{"dateTime": "2025-09-01T13:58:18.215Z", "eventType": "input.type", "fullPath": "/main.py", "details": {"fromA": 97, "toA": 97, "fromB": 97, "toB": 98, "inserted": [" "]}}
{"dateTime": "2025-09-01T13:58:18.438Z", "eventType": "input.type", "fullPath": "/main.py", "details": {"fromA": 98, "toA": 98, "fromB": 98, "toB": 99, "inserted": ["p"]}}
{"dateTime": "2025-09-01T13:58:18.631Z", "eventType": "input.type", "fullPath": "/main.py", "details": {"fromA": 99, "toA": 99, "fromB": 99, "toB": 100, "inserted": ["r"]}}
{"dateTime": "2025-09-01T13:58:18.743Z", "eventType": "input.type", "fullPath": "/main.py", "details": {"fromA": 100, "toA": 100, "fromB": 100, "toB": 101, "inserted": ["o"]}}
{"dateTime": "2025-09-01T13:58:18.871Z", "eventType": "input.type", "fullPath": "/main.py", "details": {"fromA": 101, "toA": 101, "fromB": 101, "toB": 102, "inserted": ["t"]}}
{"dateTime": "2025-09-01T13:58:19.302Z", "eventType": "input.type", "fullPath": "/main.py", "details": {"fromA": 102, "toA": 102, "fromB": 102, "toB": 103, "inserted": ["d"]}}
{"dateTime": "2025-09-01T13:58:19.414Z", "eventType": "input.type", "fullPath": "/main.py", "details": {"fromA": 103, "toA": 103, "fromB": 103, "toB": 104, "inserted": ["u"]}}
{"dateTime": "2025-09-01T13:58:19.606Z", "eventType": "input.type", "fullPath": "/main.py", "details": {"fromA": 104, "toA": 104, "fromB": 104, "toB": 105, "inserted": ["t"]}}
{"dateTime": "2025-09-01T13:58:19.715Z", "eventType": "input.type", "fullPath": "/main.py", "details": {"fromA": 105, "toA": 105, "fromB": 105, "toB": 106, "inserted": ["o"]}}
{"dateTime": "2025-09-01T13:58:26.646Z", "eventType": "blur", "fullPath": "/main.py"}
{"dateTime": "2025-09-01T13:58:31.198Z", "eventType": "focus", "fullPath": "/main.py"}
{"dateTime": "2025-09-01T13:58:31.200Z", "eventType": "select.pointer", "fullPath": "/main.py", "details": {"selection": {"from": 106, "to": 106}}}
{"dateTime": "2025-09-01T13:58:32.434Z", "eventType": "input.type", "fullPath": "/main.py", "details": {"fromA": 106, "toA": 106, "fromB": 106, "toB": 107, "inserted": [":"]}}
{"dateTime": "2025-09-01T13:58:38.310Z", "eventType": "select.pointer", "fullPath": "/main.py", "details": {"selection": {"from": 107, "to": 107}}}
{"dateTime": "2025-09-01T13:58:39.830Z", "eventType": "select", "fullPath": "/main.py", "details": {"selection": {"from": 106, "to": 106}}}
{"dateTime": "2025-09-01T13:58:41.074Z", "eventType": "input.type", "fullPath": "/main.py", "details": {"fromA": 106, "toA": 106, "fromB": 106, "toB": 107, "inserted": ["e"]}}
{"dateTime": "2025-09-01T13:58:42.280Z", "eventType": "delete.backward", "fullPath": "/main.py", "details": {"fromA": 106, "toA": 107, "fromB": 106, "toB": 106, "inserted": [""]}}
{"dateTime": "2025-09-01T13:58:42.947Z", "eventType": "input.type", "fullPath": "/main.py", "details": {"fromA": 106, "toA": 106, "fromB": 106, "toB": 107, "inserted": [" "]}}
{"dateTime": "2025-09-01T13:58:43.912Z", "eventType": "input.type", "fullPath": "/main.py", "details": {"fromA": 107, "toA": 107, "fromB": 107, "toB": 108, "inserted": ["e"]}}
{"dateTime": "2025-09-01T13:58:44.120Z", "eventType": "input.type", "fullPath": "/main.py", "details": {"fromA": 108, "toA": 108, "fromB": 108, "toB": 109, "inserted": ["m"]}}
{"dateTime": "2025-09-01T13:58:44.360Z", "eventType": "input.type", "fullPath": "/main.py", "details": {"fromA": 109, "toA": 109, "fromB": 109, "toB": 110, "inserted": [" "]}}
{"dateTime": "2025-09-01T13:58:45.144Z", "eventType": "input.type", "fullPath": "/main.py", "details": {"fromA": 110, "toA": 110, "fromB": 110, "toB": 111, "inserted": ["g"]}}
{"dateTime": "2025-09-01T13:58:45.348Z", "eventType": "input.type", "fullPath": "/main.py", "details": {"fromA": 111, "toA": 111, "fromB": 111, "toB": 112, "inserted": ["r"]}}
{"dateTime": "2025-09-01T13:58:45.736Z", "eventType": "input.type", "fullPath": "/main.py", "details": {"fromA": 112, "toA": 112, "fromB": 112, "toB": 113, "inserted": ["a"]}}
{"dateTime": "2025-09-01T13:58:45.928Z", "eventType": "input.type", "fullPath": "/main.py", "details": {"fromA": 113, "toA": 113, "fromB": 113, "toB": 114, "inserted": ["m"]}}
{"dateTime": "2025-09-01T13:58:46.088Z", "eventType": "input.type", "fullPath": "/main.py", "details": {"fromA": 114, "toA": 114, "fromB": 114, "toB": 115, "inserted": ["a"]}}
{"dateTime": "2025-09-01T13:58:46.296Z", "eventType": "input.type", "fullPath": "/main.py", "details": {"fromA": 115, "toA": 115, "fromB": 115, "toB": 116, "inserted": ["s"]}}
{"dateTime": "2025-09-01T13:58:48.187Z", "eventType": "blur", "fullPath": "/main.py"}
{"dateTime": "2025-09-01T13:59:02.067Z", "eventType": "focus", "fullPath": "/main.py"}
{"dateTime": "2025-09-01T13:59:02.069Z", "eventType": "select.pointer", "fullPath": "/main.py", "details": {"selection": {"from": 120, "to": 120}}}
{"dateTime": "2025-09-01T13:59:02.860Z", "eventType": "input", "fullPath": "/main.py", "details": {"fromA": 120, "toA": 120, "fromB": 120, "toB": 121, "inserted": ["", ""]}}
{"dateTime": "2025-09-01T13:59:04.285Z", "eventType": "input", "fullPath": "/main.py", "details": {"fromA": 121, "toA": 121, "fromB": 121, "toB": 122, "inserted": ["", ""]}}
{"dateTime": "2025-09-01T13:59:13.496Z", "eventType": "blur", "fullPath": "/main.py"}
{"dateTime": "2025-09-01T13:59:48.538Z", "eventType": "focus", "fullPath": "/main.py"}
{"dateTime": "2025-09-01T13:59:48.540Z", "eventType": "select.pointer", "fullPath": "/main.py", "details": {"selection": {"from": 122, "to": 122}}}
{"dateTime": "2025-09-01T13:59:59.217Z", "eventType": "blur", "fullPath": "/main.py"}
{"dateTime": "2025-09-01T14:07:52.094Z", "eventType": "focus", "fullPath": "/main.py"}
{"dateTime": "2025-09-01T14:07:52.096Z", "eventType": "select.pointer", "fullPath": "/main.py", "details": {"selection": {"from": 0, "to": 0}}}
{"dateTime": "2025-09-01T14:07:52.952Z", "eventType": "input.type", "fullPath": "/main.py", "details": {"fromA": 0, "toA": 0, "fromB": 0, "toB": 1, "inserted": ["p"]}}
{"dateTime": "2025-09-01T14:07:53.102Z", "eventType": "input.type", "fullPath": "/main.py", "details": {"fromA": 1, "toA": 1, "fromB": 1, "toB": 2, "inserted": ["e"]}}
{"dateTime": "2025-09-01T14:07:53.323Z", "eventType": "input.type", "fullPath": "/main.py", "details": {"fromA": 2, "toA": 2, "fromB": 2, "toB": 3, "inserted": ["s"]}}
{"dateTime": "2025-09-01T14:07:53.451Z", "eventType": "input.type", "fullPath": "/main.py", "details": {"fromA": 3, "toA": 3, "fromB": 3, "toB": 4, "inserted": ["o"]}}
{"dateTime": "2025-09-01T14:07:54.055Z", "eventType": "input.type", "fullPath": "/main.py", "details": {"fromA": 4, "toA": 4, "fromB": 4, "toB": 5, "inserted": [" "]}}
{"dateTime": "2025-09-01T14:07:54.823Z", "eventType": "input.type", "fullPath": "/main.py", "details": {"fromA": 5, "toA": 5, "fromB": 5, "toB": 6, "inserted": ["="]}}
{"dateTime": "2025-09-01T14:07:55.463Z", "eventType": "input.type", "fullPath": "/main.py", "details": {"fromA": 6, "toA": 6, "fromB": 6, "toB": 7, "inserted": [" "]}}
{"dateTime": "2025-09-01T14:07:56.391Z", "eventType": "input.type", "fullPath": "/main.py", "details": {"fromA": 7, "toA": 7, "fromB": 7, "toB": 8, "inserted": ["f"]}}
{"dateTime": "2025-09-01T14:07:56.540Z", "eventType": "input.type", "fullPath": "/main.py", "details": {"fromA": 8, "toA": 8, "fromB": 8, "toB": 9, "inserted": ["l"]}}
{"dateTime": "2025-09-01T14:07:56.746Z", "eventType": "input.type", "fullPath": "/main.py", "details": {"fromA": 9, "toA": 9, "fromB": 9, "toB": 10, "inserted": ["o"]}}
{"dateTime": "2025-09-01T14:07:56.836Z", "eventType": "input.type", "fullPath": "/main.py", "details": {"fromA": 10, "toA": 10, "fromB": 10, "toB": 11, "inserted": ["a"]}}
{"dateTime": "2025-09-01T14:07:57.145Z", "eventType": "input.type", "fullPath": "/main.py", "details": {"fromA": 11, "toA": 11, "fromB": 11, "toB": 12, "inserted": ["t"]}}
{"dateTime": "2025-09-01T14:07:57.320Z", "eventType": "input.type", "fullPath": "/main.py", "details": {"fromA": 12, "toA": 12, "fromB": 12, "toB": 13, "inserted": [" "]}}
{"dateTime": "2025-09-01T14:07:58.950Z", "eventType": "delete.backward", "fullPath": "/main.py", "details": {"fromA": 12, "toA": 13, "fromB": 12, "toB": 12, "inserted": [""]}}
{"dateTime": "2025-09-01T14:07:59.784Z", "eventType": "input.type", "fullPath": "/main.py", "details": {"fromA": 12, "toA": 12, "fromB": 12, "toB": 14, "inserted": ["()"]}}
{"dateTime": "2025-09-01T14:08:00.851Z", "eventType": "input.type", "fullPath": "/main.py", "details": {"fromA": 13, "toA": 13, "fromB": 13, "toB": 14, "inserted": ["i"]}}
{"dateTime": "2025-09-01T14:08:02.042Z", "eventType": "input.type", "fullPath": "/main.py", "details": {"fromA": 14, "toA": 14, "fromB": 14, "toB": 15, "inserted": ["n"]}}
{"dateTime": "2025-09-01T14:08:03.193Z", "eventType": "input.type", "fullPath": "/main.py", "details": {"fromA": 15, "toA": 15, "fromB": 15, "toB": 16, "inserted": ["p"]}}
{"dateTime": "2025-09-01T14:08:03.562Z", "eventType": "input.type", "fullPath": "/main.py", "details": {"fromA": 16, "toA": 16, "fromB": 16, "toB": 17, "inserted": ["u"]}}
{"dateTime": "2025-09-01T14:08:03.738Z", "eventType": "input.type", "fullPath": "/main.py", "details": {"fromA": 17, "toA": 17, "fromB": 17, "toB": 18, "inserted": ["t"]}}
{"dateTime": "2025-09-01T14:08:04.936Z", "eventType": "input.type", "fullPath": "/main.py", "details": {"fromA": 18, "toA": 18, "fromB": 18, "toB": 20, "inserted": ["()"]}}
{"dateTime": "2025-09-01T14:08:08.024Z", "eventType": "input.type", "fullPath": "/main.py", "details": {"fromA": 19, "toA": 19, "fromB": 19, "toB": 21, "inserted": ["\"\""]}}
{"dateTime": "2025-09-01T14:08:10.479Z", "eventType": "blur", "fullPath": "/main.py"}
{"dateTime": "2025-09-01T14:08:16.974Z", "eventType": "focus", "fullPath": "/main.py"}
{"dateTime": "2025-09-01T14:08:16.978Z", "eventType": "select.pointer", "fullPath": "/main.py", "details": {"selection": {"from": 20, "to": 20}}}
{"dateTime": "2025-09-01T14:08:18.586Z", "eventType": "input.type", "fullPath": "/main.py", "details": {"fromA": 20, "toA": 20, "fromB": 20, "toB": 21, "inserted": ["D"]}}
{"dateTime": "2025-09-01T14:08:19.464Z", "eventType": "input.type", "fullPath": "/main.py", "details": {"fromA": 21, "toA": 21, "fromB": 21, "toB": 22, "inserted": ["i"]}}
{"dateTime": "2025-09-01T14:08:19.800Z", "eventType": "input.type", "fullPath": "/main.py", "details": {"fromA": 22, "toA": 22, "fromB": 22, "toB": 23, "inserted": ["g"]}}
{"dateTime": "2025-09-01T14:08:19.959Z", "eventType": "input.type", "fullPath": "/main.py", "details": {"fromA": 23, "toA": 23, "fromB": 23, "toB": 24, "inserted": ["i"]}}
{"dateTime": "2025-09-01T14:08:20.072Z", "eventType": "input.type", "fullPath": "/main.py", "details": {"fromA": 24, "toA": 24, "fromB": 24, "toB": 25, "inserted": ["t"]}}
{"dateTime": "2025-09-01T14:08:20.504Z", "eventType": "input.type", "fullPath": "/main.py", "details": {"fromA": 25, "toA": 25, "fromB": 25, "toB": 26, "inserted": ["e"]}}
{"dateTime": "2025-09-01T14:08:20.744Z", "eventType": "input.type", "fullPath": "/main.py", "details": {"fromA": 26, "toA": 26, "fromB": 26, "toB": 27, "inserted": [" "]}}
{"dateTime": "2025-09-01T14:08:22.911Z", "eventType": "blur", "fullPath": "/main.py"}
{"dateTime": "2025-09-01T14:08:29.227Z", "eventType": "focus", "fullPath": "/main.py"}
{"dateTime": "2025-09-01T14:08:29.228Z", "eventType": "select.pointer", "fullPath": "/main.py", "details": {"selection": {"from": 27, "to": 27}}}
{"dateTime": "2025-09-01T14:08:30.425Z", "eventType": "input.type", "fullPath": "/main.py", "details": {"fromA": 27, "toA": 27, "fromB": 27, "toB": 28, "inserted": ["o"]}}
{"dateTime": "2025-09-01T14:08:30.681Z", "eventType": "input.type", "fullPath": "/main.py", "details": {"fromA": 28, "toA": 28, "fromB": 28, "toB": 29, "inserted": [" "]}}
{"dateTime": "2025-09-01T14:08:31.112Z", "eventType": "input.type", "fullPath": "/main.py", "details": {"fromA": 29, "toA": 29, "fromB": 29, "toB": 30, "inserted": ["p"]}}
{"dateTime": "2025-09-01T14:08:31.352Z", "eventType": "input.type", "fullPath": "/main.py", "details": {"fromA": 30, "toA": 30, "fromB": 30, "toB": 31, "inserted": ["e"]}}
{"dateTime": "2025-09-01T14:08:31.555Z", "eventType": "input.type", "fullPath": "/main.py", "details": {"fromA": 31, "toA": 31, "fromB": 31, "toB": 32, "inserted": ["s"]}}
{"dateTime": "2025-09-01T14:08:31.715Z", "eventType": "input.type", "fullPath": "/main.py", "details": {"fromA": 32, "toA": 32, "fromB": 32, "toB": 33, "inserted": ["o"]}}
{"dateTime": "2025-09-01T14:08:31.923Z", "eventType": "input.type", "fullPath": "/main.py", "details": {"fromA": 33, "toA": 33, "fromB": 33, "toB": 34, "inserted": [" "]}}
{"dateTime": "2025-09-01T14:08:32.083Z", "eventType": "input.type", "fullPath": "/main.py", "details": {"fromA": 34, "toA": 34, "fromB": 34, "toB": 35, "inserted": ["d"]}}
{"dateTime": "2025-09-01T14:08:32.211Z", "eventType": "input.type", "fullPath": "/main.py", "details": {"fromA": 35, "toA": 35, "fromB": 35, "toB": 36, "inserted": ["o"]}}
{"dateTime": "2025-09-01T14:08:32.403Z", "eventType": "input.type", "fullPath": "/main.py", "details": {"fromA": 36, "toA": 36, "fromB": 36, "toB": 37, "inserted": [" "]}}
{"dateTime": "2025-09-01T14:08:32.936Z", "eventType": "input.type", "fullPath": "/main.py", "details": {"fromA": 37, "toA": 37, "fromB": 37, "toB": 38, "inserted": ["s"]}}
{"dateTime": "2025-09-01T14:08:33.128Z", "eventType": "input.type", "fullPath": "/main.py", "details": {"fromA": 38, "toA": 38, "fromB": 38, "toB": 39, "inserted": ["a"]}}
{"dateTime": "2025-09-01T14:08:33.364Z", "eventType": "input.type", "fullPath": "/main.py", "details": {"fromA": 39, "toA": 39, "fromB": 39, "toB": 40, "inserted": ["c"]}}
{"dateTime": "2025-09-01T14:08:33.528Z", "eventType": "input.type", "fullPath": "/main.py", "details": {"fromA": 40, "toA": 40, "fromB": 40, "toB": 41, "inserted": ["o"]}}
{"dateTime": "2025-09-01T14:08:33.816Z", "eventType": "input.type", "fullPath": "/main.py", "details": {"fromA": 41, "toA": 41, "fromB": 41, "toB": 42, "inserted": [" "]}}
{"dateTime": "2025-09-01T14:08:34.280Z", "eventType": "input.type", "fullPath": "/main.py", "details": {"fromA": 42, "toA": 42, "fromB": 42, "toB": 43, "inserted": ["e"]}}
{"dateTime": "2025-09-01T14:08:34.440Z", "eventType": "input.type", "fullPath": "/main.py", "details": {"fromA": 43, "toA": 43, "fromB": 43, "toB": 44, "inserted": ["m"]}}
{"dateTime": "2025-09-01T14:08:34.712Z", "eventType": "input.type", "fullPath": "/main.py", "details": {"fromA": 44, "toA": 44, "fromB": 44, "toB": 45, "inserted": [" "]}}
{"dateTime": "2025-09-01T14:08:36.931Z", "eventType": "input.type", "fullPath": "/main.py", "details": {"fromA": 45, "toA": 45, "fromB": 45, "toB": 46, "inserted": ["g"]}}
{"dateTime": "2025-09-01T14:08:37.139Z", "eventType": "input.type", "fullPath": "/main.py", "details": {"fromA": 46, "toA": 46, "fromB": 46, "toB": 47, "inserted": ["r"]}}
{"dateTime": "2025-09-01T14:08:37.427Z", "eventType": "input.type", "fullPath": "/main.py", "details": {"fromA": 47, "toA": 47, "fromB": 47, "toB": 48, "inserted": ["a"]}}
{"dateTime": "2025-09-01T14:08:37.619Z", "eventType": "input.type", "fullPath": "/main.py", "details": {"fromA": 48, "toA": 48, "fromB": 48, "toB": 49, "inserted": ["m"]}}
{"dateTime": "2025-09-01T14:08:37.763Z", "eventType": "input.type", "fullPath": "/main.py", "details": {"fromA": 49, "toA": 49, "fromB": 49, "toB": 50, "inserted": ["a"]}}
{"dateTime": "2025-09-01T14:08:37.939Z", "eventType": "input.type", "fullPath": "/main.py", "details": {"fromA": 50, "toA": 50, "fromB": 50, "toB": 51, "inserted": ["s"]}}
{"dateTime": "2025-09-01T14:08:40.024Z", "eventType": "input.type", "fullPath": "/main.py", "details": {"fromA": 51, "toA": 51, "fromB": 51, "toB": 52, "inserted": [":"]}}
{"dateTime": "2025-09-01T14:08:42.204Z", "eventType": "select.pointer", "fullPath": "/main.py", "details": {"selection": {"from": 55, "to": 55}}}
{"dateTime": "2025-09-01T14:08:42.917Z", "eventType": "input", "fullPath": "/main.py", "details": {"fromA": 55, "toA": 55, "fromB": 55, "toB": 56, "inserted": ["", ""]}}
{"dateTime": "2025-09-01T14:08:44.267Z", "eventType": "blur", "fullPath": "/main.py"}
{"dateTime": "2025-09-01T14:08:57.086Z", "eventType": "focus", "fullPath": "/main.py"}
{"dateTime": "2025-09-01T14:08:59.899Z", "eventType": "input.type", "fullPath": "/main.py", "details": {"fromA": 56, "toA": 56, "fromB": 56, "toB": 57, "inserted": ["q"]}}
{"dateTime": "2025-09-01T14:09:00.108Z", "eventType": "input.type", "fullPath": "/main.py", "details": {"fromA": 57, "toA": 57, "fromB": 57, "toB": 58, "inserted": ["u"]}}
{"dateTime": "2025-09-01T14:09:00.282Z", "eventType": "input.type", "fullPath": "/main.py", "details": {"fromA": 58, "toA": 58, "fromB": 58, "toB": 59, "inserted": ["a"]}}
{"dateTime": "2025-09-01T14:09:00.425Z", "eventType": "input.type", "fullPath": "/main.py", "details": {"fromA": 59, "toA": 59, "fromB": 59, "toB": 60, "inserted": ["n"]}}
{"dateTime": "2025-09-01T14:09:00.693Z", "eventType": "input.type", "fullPath": "/main.py", "details": {"fromA": 60, "toA": 60, "fromB": 60, "toB": 61, "inserted": ["t"]}}
{"dateTime": "2025-09-01T14:09:00.805Z", "eventType": "input.type", "fullPath": "/main.py", "details": {"fromA": 61, "toA": 61, "fromB": 61, "toB": 62, "inserted": ["i"]}}
{"dateTime": "2025-09-01T14:09:01.177Z", "eventType": "input.type", "fullPath": "/main.py", "details": {"fromA": 62, "toA": 62, "fromB": 62, "toB": 63, "inserted": ["d"]}}
{"dateTime": "2025-09-01T14:09:01.369Z", "eventType": "input.type", "fullPath": "/main.py", "details": {"fromA": 63, "toA": 63, "fromB": 63, "toB": 64, "inserted": ["a"]}}
{"dateTime": "2025-09-01T14:09:01.609Z", "eventType": "input.type", "fullPath": "/main.py", "details": {"fromA": 64, "toA": 64, "fromB": 64, "toB": 65, "inserted": ["d"]}}
{"dateTime": "2025-09-01T14:09:01.769Z", "eventType": "input.type", "fullPath": "/main.py", "details": {"fromA": 65, "toA": 65, "fromB": 65, "toB": 66, "inserted": ["e"]}}
{"dateTime": "2025-09-01T14:09:02.984Z", "eventType": "delete.backward", "fullPath": "/main.py", "details": {"fromA": 65, "toA": 66, "fromB": 65, "toB": 65, "inserted": [""]}}
{"dateTime": "2025-09-01T14:09:03.208Z", "eventType": "delete.backward", "fullPath": "/main.py", "details": {"fromA": 64, "toA": 65, "fromB": 64, "toB": 64, "inserted": [""]}}
{"dateTime": "2025-09-01T14:09:03.400Z", "eventType": "delete.backward", "fullPath": "/main.py", "details": {"fromA": 63, "toA": 64, "fromB": 63, "toB": 63, "inserted": [""]}}
{"dateTime": "2025-09-01T14:09:03.576Z", "eventType": "delete.backward", "fullPath": "/main.py", "details": {"fromA": 62, "toA": 63, "fromB": 62, "toB": 62, "inserted": [""]}}
{"dateTime": "2025-09-01T14:09:03.736Z", "eventType": "delete.backward", "fullPath": "/main.py", "details": {"fromA": 61, "toA": 62, "fromB": 61, "toB": 61, "inserted": [""]}}
{"dateTime": "2025-09-01T14:09:03.929Z", "eventType": "delete.backward", "fullPath": "/main.py", "details": {"fromA": 60, "toA": 61, "fromB": 60, "toB": 60, "inserted": [""]}}
{"dateTime": "2025-09-01T14:09:04.088Z", "eventType": "delete.backward", "fullPath": "/main.py", "details": {"fromA": 59, "toA": 60, "fromB": 59, "toB": 59, "inserted": [""]}}
{"dateTime": "2025-09-01T14:09:04.280Z", "eventType": "delete.backward", "fullPath": "/main.py", "details": {"fromA": 58, "toA": 59, "fromB": 58, "toB": 58, "inserted": [""]}}
{"dateTime": "2025-09-01T14:09:04.425Z", "eventType": "delete.backward", "fullPath": "/main.py", "details": {"fromA": 57, "toA": 58, "fromB": 57, "toB": 57, "inserted": [""]}}
{"dateTime": "2025-09-01T14:09:04.615Z", "eventType": "delete.backward", "fullPath": "/main.py", "details": {"fromA": 56, "toA": 57, "fromB": 56, "toB": 56, "inserted": [""]}}
{"dateTime": "2025-09-01T14:09:07.305Z", "eventType": "input.type", "fullPath": "/main.py", "details": {"fromA": 56, "toA": 56, "fromB": 56, "toB": 57, "inserted": ["q"]}}
{"dateTime": "2025-09-01T14:09:07.610Z", "eventType": "input.type", "fullPath": "/main.py", "details": {"fromA": 57, "toA": 57, "fromB": 57, "toB": 58, "inserted": ["n"]}}
{"dateTime": "2025-09-01T14:09:07.785Z", "eventType": "input.type", "fullPath": "/main.py", "details": {"fromA": 58, "toA": 58, "fromB": 58, "toB": 59, "inserted": ["t"]}}
{"dateTime": "2025-09-01T14:09:21.929Z", "eventType": "delete.backward", "fullPath": "/main.py", "details": {"fromA": 58, "toA": 59, "fromB": 58, "toB": 58, "inserted": [""]}}
{"dateTime": "2025-09-01T14:09:22.153Z", "eventType": "delete.backward", "fullPath": "/main.py", "details": {"fromA": 57, "toA": 58, "fromB": 57, "toB": 57, "inserted": [""]}}
{"dateTime": "2025-09-01T14:09:22.872Z", "eventType": "input.type", "fullPath": "/main.py", "details": {"fromA": 57, "toA": 57, "fromB": 57, "toB": 58, "inserted": ["t"]}}
{"dateTime": "2025-09-01T14:09:26.889Z", "eventType": "blur", "fullPath": "/main.py"}
{"dateTime": "2025-09-01T14:09:30.286Z", "eventType": "focus", "fullPath": "/main.py"}
{"dateTime": "2025-09-01T14:09:30.287Z", "eventType": "select.pointer", "fullPath": "/main.py", "details": {"selection": {"from": 58, "to": 58}}}
{"dateTime": "2025-09-01T14:09:30.841Z", "eventType": "input.type", "fullPath": "/main.py", "details": {"fromA": 58, "toA": 58, "fromB": 58, "toB": 59, "inserted": [" "]}}
{"dateTime": "2025-09-01T14:09:31.210Z", "eventType": "input.type", "fullPath": "/main.py", "details": {"fromA": 59, "toA": 59, "fromB": 59, "toB": 60, "inserted": ["="]}}
{"dateTime": "2025-09-01T14:09:31.354Z", "eventType": "input.type", "fullPath": "/main.py", "details": {"fromA": 60, "toA": 60, "fromB": 60, "toB": 61, "inserted": [" "]}}
{"dateTime": "2025-09-01T14:09:31.610Z", "eventType": "input.type", "fullPath": "/main.py", "details": {"fromA": 61, "toA": 61, "fromB": 61, "toB": 62, "inserted": [" "]}}
{"dateTime": "2025-09-01T14:09:32.122Z", "eventType": "input.type", "fullPath": "/main.py", "details": {"fromA": 62, "toA": 62, "fromB": 62, "toB": 63, "inserted": ["f"]}}
{"dateTime": "2025-09-01T14:09:32.603Z", "eventType": "input.type", "fullPath": "/main.py", "details": {"fromA": 63, "toA": 63, "fromB": 63, "toB": 64, "inserted": ["l"]}}
{"dateTime": "2025-09-01T14:09:32.813Z", "eventType": "input.type", "fullPath": "/main.py", "details": {"fromA": 64, "toA": 64, "fromB": 64, "toB": 65, "inserted": ["o"]}}
{"dateTime": "2025-09-01T14:09:32.919Z", "eventType": "input.type", "fullPath": "/main.py", "details": {"fromA": 65, "toA": 65, "fromB": 65, "toB": 66, "inserted": ["a"]}}
{"dateTime": "2025-09-01T14:09:33.323Z", "eventType": "input.type", "fullPath": "/main.py", "details": {"fromA": 66, "toA": 66, "fromB": 66, "toB": 67, "inserted": ["t"]}}
{"dateTime": "2025-09-01T14:09:35.836Z", "eventType": "input.type", "fullPath": "/main.py", "details": {"fromA": 67, "toA": 67, "fromB": 67, "toB": 69, "inserted": ["()"]}}
{"dateTime": "2025-09-01T14:09:36.922Z", "eventType": "input.type", "fullPath": "/main.py", "details": {"fromA": 68, "toA": 68, "fromB": 68, "toB": 69, "inserted": ["i"]}}
{"dateTime": "2025-09-01T14:09:37.071Z", "eventType": "input.type", "fullPath": "/main.py", "details": {"fromA": 69, "toA": 69, "fromB": 69, "toB": 70, "inserted": ["n"]}}
{"dateTime": "2025-09-01T14:09:37.483Z", "eventType": "input.type", "fullPath": "/main.py", "details": {"fromA": 70, "toA": 70, "fromB": 70, "toB": 71, "inserted": ["p"]}}
{"dateTime": "2025-09-01T14:09:37.756Z", "eventType": "input.type", "fullPath": "/main.py", "details": {"fromA": 71, "toA": 71, "fromB": 71, "toB": 72, "inserted": ["u"]}}
{"dateTime": "2025-09-01T14:09:38.811Z", "eventType": "input.type", "fullPath": "/main.py", "details": {"fromA": 72, "toA": 72, "fromB": 72, "toB": 73, "inserted": ["t"]}}
{"dateTime": "2025-09-01T14:09:40.251Z", "eventType": "input.type", "fullPath": "/main.py", "details": {"fromA": 73, "toA": 73, "fromB": 73, "toB": 75, "inserted": ["()"]}}
{"dateTime": "2025-09-01T14:09:50.046Z", "eventType": "input.type", "fullPath": "/main.py", "details": {"fromA": 74, "toA": 74, "fromB": 74, "toB": 76, "inserted": ["\"\""]}}
{"dateTime": "2025-09-01T14:09:54.007Z", "eventType": "input.type", "fullPath": "/main.py", "details": {"fromA": 75, "toA": 75, "fromB": 75, "toB": 76, "inserted": ["D"]}}
{"dateTime": "2025-09-01T14:09:54.539Z", "eventType": "input.type", "fullPath": "/main.py", "details": {"fromA": 76, "toA": 76, "fromB": 76, "toB": 77, "inserted": ["i"]}}
{"dateTime": "2025-09-01T14:09:54.763Z", "eventType": "input.type", "fullPath": "/main.py", "details": {"fromA": 77, "toA": 77, "fromB": 77, "toB": 78, "inserted": ["g"]}}
{"dateTime": "2025-09-01T14:09:54.873Z", "eventType": "input.type", "fullPath": "/main.py", "details": {"fromA": 78, "toA": 78, "fromB": 78, "toB": 79, "inserted": ["i"]}}
{"dateTime": "2025-09-01T14:09:54.987Z", "eventType": "input.type", "fullPath": "/main.py", "details": {"fromA": 79, "toA": 79, "fromB": 79, "toB": 80, "inserted": ["t"]}}
{"dateTime": "2025-09-01T14:09:55.259Z", "eventType": "input.type", "fullPath": "/main.py", "details": {"fromA": 80, "toA": 80, "fromB": 80, "toB": 81, "inserted": ["e"]}}
{"dateTime": "2025-09-01T14:09:55.882Z", "eventType": "input.type", "fullPath": "/main.py", "details": {"fromA": 81, "toA": 81, "fromB": 81, "toB": 82, "inserted": [" "]}}
{"dateTime": "2025-09-01T14:09:57.963Z", "eventType": "input.type", "fullPath": "/main.py", "details": {"fromA": 82, "toA": 82, "fromB": 82, "toB": 83, "inserted": ["a"]}}
{"dateTime": "2025-09-01T14:09:58.171Z", "eventType": "input.type", "fullPath": "/main.py", "details": {"fromA": 83, "toA": 83, "fromB": 83, "toB": 84, "inserted": [" "]}}
{"dateTime": "2025-09-01T14:09:59.355Z", "eventType": "input.type", "fullPath": "/main.py", "details": {"fromA": 84, "toA": 84, "fromB": 84, "toB": 85, "inserted": ["q"]}}
{"dateTime": "2025-09-01T14:09:59.659Z", "eventType": "input.type", "fullPath": "/main.py", "details": {"fromA": 85, "toA": 85, "fromB": 85, "toB": 86, "inserted": ["u"]}}
{"dateTime": "2025-09-01T14:09:59.751Z", "eventType": "input.type", "fullPath": "/main.py", "details": {"fromA": 86, "toA": 86, "fromB": 86, "toB": 87, "inserted": ["a"]}}
{"dateTime": "2025-09-01T14:09:59.932Z", "eventType": "input.type", "fullPath": "/main.py", "details": {"fromA": 87, "toA": 87, "fromB": 87, "toB": 88, "inserted": ["n"]}}
{"dateTime": "2025-09-01T14:10:00.124Z", "eventType": "input.type", "fullPath": "/main.py", "details": {"fromA": 88, "toA": 88, "fromB": 88, "toB": 89, "inserted": ["t"]}}
{"dateTime": "2025-09-01T14:10:00.219Z", "eventType": "input.type", "fullPath": "/main.py", "details": {"fromA": 89, "toA": 89, "fromB": 89, "toB": 90, "inserted": ["i"]}}
{"dateTime": "2025-09-01T14:10:00.523Z", "eventType": "input.type", "fullPath": "/main.py", "details": {"fromA": 90, "toA": 90, "fromB": 90, "toB": 91, "inserted": ["d"]}}
{"dateTime": "2025-09-01T14:10:00.695Z", "eventType": "input.type", "fullPath": "/main.py", "details": {"fromA": 91, "toA": 91, "fromB": 91, "toB": 92, "inserted": ["a"]}}
{"dateTime": "2025-09-01T14:10:00.923Z", "eventType": "input.type", "fullPath": "/main.py", "details": {"fromA": 92, "toA": 92, "fromB": 92, "toB": 93, "inserted": ["d"]}}
{"dateTime": "2025-09-01T14:10:01.083Z", "eventType": "input.type", "fullPath": "/main.py", "details": {"fromA": 93, "toA": 93, "fromB": 93, "toB": 94, "inserted": ["e"]}}
{"dateTime": "2025-09-01T14:10:04.571Z", "eventType": "input.type", "fullPath": "/main.py", "details": {"fromA": 94, "toA": 94, "fromB": 94, "toB": 95, "inserted": [" "]}}
{"dateTime": "2025-09-01T14:10:05.035Z", "eventType": "input.type", "fullPath": "/main.py", "details": {"fromA": 95, "toA": 95, "fromB": 95, "toB": 96, "inserted": ["d"]}}
{"dateTime": "2025-09-01T14:10:05.276Z", "eventType": "input.type", "fullPath": "/main.py", "details": {"fromA": 96, "toA": 96, "fromB": 96, "toB": 97, "inserted": ["o"]}}
{"dateTime": "2025-09-01T14:10:05.468Z", "eventType": "input.type", "fullPath": "/main.py", "details": {"fromA": 97, "toA": 97, "fromB": 97, "toB": 98, "inserted": [" "]}}
{"dateTime": "2025-09-01T14:10:05.691Z", "eventType": "input.type", "fullPath": "/main.py", "details": {"fromA": 98, "toA": 98, "fromB": 98, "toB": 99, "inserted": ["p"]}}
{"dateTime": "2025-09-01T14:10:05.884Z", "eventType": "input.type", "fullPath": "/main.py", "details": {"fromA": 99, "toA": 99, "fromB": 99, "toB": 100, "inserted": ["r"]}}
{"dateTime": "2025-09-01T14:10:05.996Z", "eventType": "input.type", "fullPath": "/main.py", "details": {"fromA": 100, "toA": 100, "fromB": 100, "toB": 101, "inserted": ["o"]}}
{"dateTime": "2025-09-01T14:10:06.124Z", "eventType": "input.type", "fullPath": "/main.py", "details": {"fromA": 101, "toA": 101, "fromB": 101, "toB": 102, "inserted": ["t"]}}
{"dateTime": "2025-09-01T14:10:06.555Z", "eventType": "input.type", "fullPath": "/main.py", "details": {"fromA": 102, "toA": 102, "fromB": 102, "toB": 103, "inserted": ["d"]}}
{"dateTime": "2025-09-01T14:10:06.667Z", "eventType": "input.type", "fullPath": "/main.py", "details": {"fromA": 103, "toA": 103, "fromB": 103, "toB": 104, "inserted": ["u"]}}
{"dateTime": "2025-09-01T14:10:06.859Z", "eventType": "input.type", "fullPath": "/main.py", "details": {"fromA": 104, "toA": 104, "fromB": 104, "toB": 105, "inserted": ["t"]}}
{"dateTime": "2025-09-01T14:10:06.968Z", "eventType": "input.type", "fullPath": "/main.py", "details": {"fromA": 105, "toA": 105, "fromB": 105, "toB": 106, "inserted": ["o"]}}
{"dateTime": "2025-09-01T14:10:13.899Z", "eventType": "blur", "fullPath": "/main.py"}
{"dateTime": "2025-09-01T14:10:18.451Z", "eventType": "focus", "fullPath": "/main.py"}
{"dateTime": "2025-09-01T14:10:18.453Z", "eventType": "select.pointer", "fullPath": "/main.py", "details": {"selection": {"from": 106, "to": 106}}}
{"dateTime": "2025-09-01T14:10:19.687Z", "eventType": "input.type", "fullPath": "/main.py", "details": {"fromA": 106, "toA": 106, "fromB": 106, "toB": 107, "inserted": [":"]}}
{"dateTime": "2025-09-01T14:10:25.563Z", "eventType": "select.pointer", "fullPath": "/main.py", "details": {"selection": {"from": 107, "to": 107}}}
{"dateTime": "2025-09-01T14:10:27.083Z", "eventType": "select", "fullPath": "/main.py", "details": {"selection": {"from": 106, "to": 106}}}
{"dateTime": "2025-09-01T14:10:28.327Z", "eventType": "input.type", "fullPath": "/main.py", "details": {"fromA": 106, "toA": 106, "fromB": 106, "toB": 107, "inserted": ["e"]}}
{"dateTime": "2025-09-01T14:10:29.533Z", "eventType": "delete.backward", "fullPath": "/main.py", "details": {"fromA": 106, "toA": 107, "fromB": 106, "toB": 106, "inserted": [""]}}
{"dateTime": "2025-09-01T14:10:30.200Z", "eventType": "input.type", "fullPath": "/main.py", "details": {"fromA": 106, "toA": 106, "fromB": 106, "toB": 107, "inserted": [" "]}}
{"dateTime": "2025-09-01T14:10:31.165Z", "eventType": "input.type", "fullPath": "/main.py", "details": {"fromA": 107, "toA": 107, "fromB": 107, "toB": 108, "inserted": ["e"]}}
{"dateTime": "2025-09-01T14:10:31.373Z", "eventType": "input.type", "fullPath": "/main.py", "details": {"fromA": 108, "toA": 108, "fromB": 108, "toB": 109, "inserted": ["m"]}}
{"dateTime": "2025-09-01T14:10:31.613Z", "eventType": "input.type", "fullPath": "/main.py", "details": {"fromA": 109, "toA": 109, "fromB": 109, "toB": 110, "inserted": [" "]}}
{"dateTime": "2025-09-01T14:10:32.397Z", "eventType": "input.type", "fullPath": "/main.py", "details": {"fromA": 110, "toA": 110, "fromB": 110, "toB": 111, "inserted": ["g"]}}
{"dateTime": "2025-09-01T14:10:32.601Z", "eventType": "input.type", "fullPath": "/main.py", "details": {"fromA": 111, "toA": 111, "fromB": 111, "toB": 112, "inserted": ["r"]}}
{"dateTime": "2025-09-01T14:10:32.989Z", "eventType": "input.type", "fullPath": "/main.py", "details": {"fromA": 112, "toA": 112, "fromB": 112, "toB": 113, "inserted": ["a"]}}
{"dateTime": "2025-09-01T14:10:33.181Z", "eventType": "input.type", "fullPath": "/main.py", "details": {"fromA": 113, "toA": 113, "fromB": 113, "toB": 114, "inserted": ["m"]}}
{"dateTime": "2025-09-01T14:10:33.341Z", "eventType": "input.type", "fullPath": "/main.py", "details": {"fromA": 114, "toA": 114, "fromB": 114, "toB": 115, "inserted": ["a"]}}
{"dateTime": "2025-09-01T14:10:33.549Z", "eventType": "input.type", "fullPath": "/main.py", "details": {"fromA": 115, "toA": 115, "fromB": 115, "toB": 116, "inserted": ["s"]}}
{"dateTime": "2025-09-01T14:10:35.440Z", "eventType": "blur", "fullPath": "/main.py"}
{"dateTime": "2025-09-01T14:10:49.320Z", "eventType": "focus", "fullPath": "/main.py"}
{"dateTime": "2025-09-01T14:10:49.322Z", "eventType": "select.pointer", "fullPath": "/main.py", "details": {"selection": {"from": 120, "to": 120}}}
{"dateTime": "2025-09-01T14:10:50.113Z", "eventType": "input", "fullPath": "/main.py", "details": {"fromA": 120, "toA": 120, "fromB": 120, "toB": 121, "inserted": ["", ""]}}
{"dateTime": "2025-09-01T14:10:51.538Z", "eventType": "input", "fullPath": "/main.py", "details": {"fromA": 121, "toA": 121, "fromB": 121, "toB": 122, "inserted": ["", ""]}}
{"dateTime": "2025-09-01T14:11:00.749Z", "eventType": "blur", "fullPath": "/main.py"}
{"dateTime": "2025-09-01T14:11:35.791Z", "eventType": "focus", "fullPath": "/main.py"}
{"dateTime": "2025-09-01T14:11:35.793Z", "eventType": "select.pointer", "fullPath": "/main.py", "details": {"selection": {"from": 122, "to": 122}}}
{"dateTime": "2025-09-01T14:11:46.470Z", "eventType": "blur", "fullPath": "/main.py"}
{"dateTime": "2025-09-01T14:12:50.443Z", "eventType": "focus", "fullPath": "/main.py"}
{"dateTime": "2025-09-01T14:12:50.445Z", "eventType": "select.pointer", "fullPath": "/main.py", "details": {"selection": {"from": 122, "to": 122}}}
{"dateTime": "2025-09-01T14:12:52.214Z", "eventType": "input.type", "fullPath": "/main.py", "details": {"fromA": 122, "toA": 122, "fromB": 122, "toB": 123, "inserted": ["v"]}}
{"dateTime": "2025-09-01T14:12:52.572Z", "eventType": "input.type", "fullPath": "/main.py", "details": {"fromA": 123, "toA": 123, "fromB": 123, "toB": 124, "inserted": ["a"]}}
{"dateTime": "2025-09-01T14:12:52.728Z", "eventType": "input.type", "fullPath": "/main.py", "details": {"fromA": 124, "toA": 124, "fromB": 124, "toB": 125, "inserted": ["l"]}}
{"dateTime": "2025-09-01T14:12:52.948Z", "eventType": "input.type", "fullPath": "/main.py", "details": {"fromA": 125, "toA": 125, "fromB": 125, "toB": 126, "inserted": ["o"]}}
{"dateTime": "2025-09-01T14:12:53.030Z", "eventType": "input.type", "fullPath": "/main.py", "details": {"fromA": 126, "toA": 126, "fromB": 126, "toB": 127, "inserted": ["r"]}}
{"dateTime": "2025-09-01T14:12:53.240Z", "eventType": "input.type", "fullPath": "/main.py", "details": {"fromA": 127, "toA": 127, "fromB": 127, "toB": 128, "inserted": [" "]}}
{"dateTime": "2025-09-01T14:12:54.164Z", "eventType": "input.type", "fullPath": "/main.py", "details": {"fromA": 128, "toA": 128, "fromB": 128, "toB": 129, "inserted": ["="]}}
{"dateTime": "2025-09-01T14:12:54.357Z", "eventType": "input.type", "fullPath": "/main.py", "details": {"fromA": 129, "toA": 129, "fromB": 129, "toB": 130, "inserted": [" "]}}
{"dateTime": "2025-09-01T14:12:55.131Z", "eventType": "focus", "fullPath": "/main.py"}
{"dateTime": "2025-09-01T14:12:55.133Z", "eventType": "select.pointer", "fullPath": "/main.py", "details": {"selection": {"from": 143, "to": 143}}}
{"dateTime": "2025-09-01T14:12:56.484Z", "eventType": "input.type", "fullPath": "/main.py", "details": {"fromA": 130, "toA": 130, "fromB": 130, "toB": 131, "inserted": ["p"]}}
{"dateTime": "2025-09-01T14:12:56.622Z", "eventType": "delete.backward", "fullPath": "/main.py", "details": {"fromA": 142, "toA": 143, "fromB": 142, "toB": 142, "inserted": [""]}}
{"dateTime": "2025-09-01T14:12:56.747Z", "eventType": "input.type", "fullPath": "/main.py", "details": {"fromA": 131, "toA": 131, "fromB": 131, "toB": 132, "inserted": ["e"]}}
{"dateTime": "2025-09-01T14:12:56.953Z", "eventType": "input.type", "fullPath": "/main.py", "details": {"fromA": 132, "toA": 132, "fromB": 132, "toB": 133, "inserted": ["s"]}}
{"dateTime": "2025-09-01T14:12:57.112Z", "eventType": "input.type", "fullPath": "/main.py", "details": {"fromA": 133, "toA": 133, "fromB": 133, "toB": 134, "inserted": ["o"]}}
{"dateTime": "2025-09-01T14:12:57.732Z", "eventType": "input.type", "fullPath": "/main.py", "details": {"fromA": 134, "toA": 134, "fromB": 134, "toB": 135, "inserted": [" "]}}
{"dateTime": "2025-09-01T14:12:59.050Z", "eventType": "input.type", "fullPath": "/main.py", "details": {"fromA": 142, "toA": 142, "fromB": 142, "toB": 143, "inserted": ["7"]}}
{"dateTime": "2025-09-01T14:13:00.835Z", "eventType": "blur", "fullPath": "/main.py"}
{"dateTime": "2025-09-01T14:13:01.197Z", "eventType": "submission", "details": {"correctness": 1, "commit": "7bc54ee5157995fceeb8f3e8888ace60a896f549", "executionTime": 0.01}}
{"dateTime": "2025-09-01T14:13:01.396Z", "eventType": "input.type", "fullPath": "/main.py", "details": {"fromA": 135, "toA": 135, "fromB": 135, "toB": 136, "inserted": ["-"]}}
{"dateTime": "2025-09-01T14:13:01.765Z", "eventType": "input.type", "fullPath": "/main.py", "details": {"fromA": 136, "toA": 136, "fromB": 136, "toB": 137, "inserted": [" "]}}
{"dateTime": "2025-09-01T14:13:04.224Z", "eventType": "input.type", "fullPath": "/main.py", "details": {"fromA": 137, "toA": 137, "fromB": 137, "toB": 139, "inserted": ["()"]}}
{"dateTime": "2025-09-01T14:13:07.477Z", "eventType": "blur", "fullPath": "/main.py"}
{"dateTime": "2025-09-01T14:13:07.509Z", "eventType": "input.type", "fullPath": "/main.py", "details": {"fromA": 138, "toA": 138, "fromB": 138, "toB": 139, "inserted": ["q"]}}
{"dateTime": "2025-09-01T14:13:07.898Z", "eventType": "submission", "details": {"correctness": 0, "commit": "11926ee6bf72ebaefcc8a08ec6b97443d58aac1f", "executionTime": 0.013333333333333334}}
{"dateTime": "2025-09-01T14:13:07.941Z", "eventType": "input.type", "fullPath": "/main.py", "details": {"fromA": 139, "toA": 139, "fromB": 139, "toB": 140, "inserted": ["t"]}}
{"dateTime": "2025-09-01T14:13:08.485Z", "eventType": "input.type", "fullPath": "/main.py", "details": {"fromA": 140, "toA": 140, "fromB": 140, "toB": 141, "inserted": [" "]}}
{"dateTime": "2025-09-01T14:13:10.693Z", "eventType": "input.type", "fullPath": "/main.py", "details": {"fromA": 141, "toA": 141, "fromB": 141, "toB": 142, "inserted": ["*"]}}
{"dateTime": "2025-09-01T14:13:11.717Z", "eventType": "input.type", "fullPath": "/main.py", "details": {"fromA": 142, "toA": 142, "fromB": 142, "toB": 143, "inserted": ["4"]}}
{"dateTime": "2025-09-01T14:13:12.277Z", "eventType": "input.type", "fullPath": "/main.py", "details": {"fromA": 143, "toA": 144, "fromB": 143, "toB": 144, "inserted": [")"]}}
{"dateTime": "2025-09-01T14:13:14.093Z", "eventType": "select.pointer", "fullPath": "/main.py", "details": {"selection": {"from": 144, "to": 144}}}
{"dateTime": "2025-09-01T14:13:14.615Z", "eventType": "input", "fullPath": "/main.py", "details": {"fromA": 144, "toA": 144, "fromB": 144, "toB": 145, "inserted": ["", ""]}}
{"dateTime": "2025-09-01T14:13:16.140Z", "eventType": "blur", "fullPath": "/main.py"}
{"dateTime": "2025-09-01T14:13:20.648Z", "eventType": "focus", "fullPath": "/main.py"}
{"dateTime": "2025-09-01T14:13:20.650Z", "eventType": "select.pointer", "fullPath": "/main.py", "details": {"selection": {"from": 192, "to": 192}}}
{"dateTime": "2025-09-01T14:13:23.636Z", "eventType": "blur", "fullPath": "/main.py"}
{"dateTime": "2025-09-01T14:13:26.623Z", "eventType": "focus", "fullPath": "/main.py"}
{"dateTime": "2025-09-01T14:13:26.626Z", "eventType": "select.pointer", "fullPath": "/main.py", "details": {"selection": {"from": 192, "to": 192}}}
{"dateTime": "2025-09-01T14:13:27.372Z", "eventType": "focus", "fullPath": "/main.py"}
{"dateTime": "2025-09-01T14:13:27.374Z", "eventType": "select.pointer", "fullPath": "/main.py", "details": {"selection": {"from": 145, "to": 145}}}
{"dateTime": "2025-09-01T14:13:27.402Z", "eventType": "input", "fullPath": "/main.py", "details": {"fromA": 192, "toA": 192, "fromB": 192, "toB": 193, "inserted": ["", ""]}}
{"dateTime": "2025-09-01T14:13:27.913Z", "eventType": "input.type", "fullPath": "/main.py", "details": {"fromA": 193, "toA": 193, "fromB": 193, "toB": 194, "inserted": ["p"]}}
{"dateTime": "2025-09-01T14:13:28.157Z", "eventType": "input.type", "fullPath": "/main.py", "details": {"fromA": 194, "toA": 194, "fromB": 194, "toB": 195, "inserted": ["r"]}}
{"dateTime": "2025-09-01T14:13:28.317Z", "eventType": "input.type", "fullPath": "/main.py", "details": {"fromA": 195, "toA": 195, "fromB": 195, "toB": 196, "inserted": ["i"]}}
{"dateTime": "2025-09-01T14:13:28.493Z", "eventType": "input.type", "fullPath": "/main.py", "details": {"fromA": 196, "toA": 196, "fromB": 196, "toB": 197, "inserted": ["n"]}}
{"dateTime": "2025-09-01T14:13:28.550Z", "eventType": "input.type", "fullPath": "/main.py", "details": {"fromA": 145, "toA": 145, "fromB": 145, "toB": 146, "inserted": ["p"]}}
{"dateTime": "2025-09-01T14:13:28.637Z", "eventType": "input.type", "fullPath": "/main.py", "details": {"fromA": 197, "toA": 197, "fromB": 197, "toB": 198, "inserted": ["t"]}}
{"dateTime": "2025-09-01T14:13:28.779Z", "eventType": "input.type", "fullPath": "/main.py", "details": {"fromA": 146, "toA": 146, "fromB": 146, "toB": 147, "inserted": ["r"]}}
{"dateTime": "2025-09-01T14:13:28.971Z", "eventType": "input.type", "fullPath": "/main.py", "details": {"fromA": 147, "toA": 147, "fromB": 147, "toB": 148, "inserted": ["i"]}}
{"dateTime": "2025-09-01T14:13:29.179Z", "eventType": "input.type", "fullPath": "/main.py", "details": {"fromA": 148, "toA": 148, "fromB": 148, "toB": 149, "inserted": ["n"]}}
{"dateTime": "2025-09-01T14:13:29.446Z", "eventType": "input.type", "fullPath": "/main.py", "details": {"fromA": 149, "toA": 149, "fromB": 149, "toB": 150, "inserted": ["t"]}}
{"dateTime": "2025-09-01T14:13:29.942Z", "eventType": "input.type", "fullPath": "/main.py", "details": {"fromA": 198, "toA": 198, "fromB": 198, "toB": 200, "inserted": ["()"]}}
{"dateTime": "2025-09-01T14:13:30.596Z", "eventType": "input.type", "fullPath": "/main.py", "details": {"fromA": 199, "toA": 199, "fromB": 199, "toB": 200, "inserted": ["r"]}}
{"dateTime": "2025-09-01T14:13:30.723Z", "eventType": "input.type", "fullPath": "/main.py", "details": {"fromA": 150, "toA": 150, "fromB": 150, "toB": 152, "inserted": ["()"]}}
{"dateTime": "2025-09-01T14:13:30.795Z", "eventType": "input.type", "fullPath": "/main.py", "details": {"fromA": 200, "toA": 200, "fromB": 200, "toB": 201, "inserted": ["o"]}}
{"dateTime": "2025-09-01T14:13:31.069Z", "eventType": "input.type", "fullPath": "/main.py", "details": {"fromA": 201, "toA": 201, "fromB": 201, "toB": 202, "inserted": ["u"]}}
{"dateTime": "2025-09-01T14:13:31.260Z", "eventType": "input.type", "fullPath": "/main.py", "details": {"fromA": 202, "toA": 202, "fromB": 202, "toB": 203, "inserted": ["n"]}}
{"dateTime": "2025-09-01T14:13:31.433Z", "eventType": "input.type", "fullPath": "/main.py", "details": {"fromA": 203, "toA": 203, "fromB": 203, "toB": 204, "inserted": ["d"]}}
{"dateTime": "2025-09-01T14:13:32.564Z", "eventType": "input.type", "fullPath": "/main.py", "details": {"fromA": 204, "toA": 204, "fromB": 204, "toB": 206, "inserted": ["()"]}}
{"dateTime": "2025-09-01T14:13:33.161Z", "eventType": "input.type", "fullPath": "/main.py", "details": {"fromA": 205, "toA": 205, "fromB": 205, "toB": 206, "inserted": ["v"]}}
{"dateTime": "2025-09-01T14:13:33.404Z", "eventType": "input.type", "fullPath": "/main.py", "details": {"fromA": 206, "toA": 206, "fromB": 206, "toB": 207, "inserted": ["a"]}}
{"dateTime": "2025-09-01T14:13:33.737Z", "eventType": "input.type", "fullPath": "/main.py", "details": {"fromA": 207, "toA": 207, "fromB": 207, "toB": 208, "inserted": ["l"]}}
{"dateTime": "2025-09-01T14:13:33.948Z", "eventType": "input.type", "fullPath": "/main.py", "details": {"fromA": 208, "toA": 208, "fromB": 208, "toB": 209, "inserted": ["o"]}}
{"dateTime": "2025-09-01T14:13:34.075Z", "eventType": "input.type", "fullPath": "/main.py", "details": {"fromA": 209, "toA": 209, "fromB": 209, "toB": 210, "inserted": ["r"]}}
{"dateTime": "2025-09-01T14:13:34.681Z", "eventType": "input.type", "fullPath": "/main.py", "details": {"fromA": 210, "toA": 210, "fromB": 210, "toB": 211, "inserted": [","]}}
{"dateTime": "2025-09-01T14:13:34.919Z", "eventType": "input.type", "fullPath": "/main.py", "details": {"fromA": 151, "toA": 151, "fromB": 151, "toB": 153, "inserted": ["\"\""]}}
{"dateTime": "2025-09-01T14:13:35.067Z", "eventType": "input.type", "fullPath": "/main.py", "details": {"fromA": 211, "toA": 211, "fromB": 211, "toB": 212, "inserted": ["2"]}}
{"dateTime": "2025-09-01T14:13:36.374Z", "eventType": "input.type", "fullPath": "/main.py", "details": {"fromA": 152, "toA": 152, "fromB": 152, "toB": 153, "inserted": ["S"]}}
{"dateTime": "2025-09-01T14:13:36.915Z", "eventType": "blur", "fullPath": "/main.py"}
{"dateTime": "2025-09-01T14:13:37.203Z", "eventType": "input.type", "fullPath": "/main.py", "details": {"fromA": 153, "toA": 153, "fromB": 153, "toB": 154, "inserted": ["a"]}}
{"dateTime": "2025-09-01T14:13:37.313Z", "eventType": "submission", "details": {"correctness": 0, "commit": "c73148f56a440fd1e3aa48a011c30f7d0cb5ac8f", "executionTime": 0.01}}
{"dateTime": "2025-09-01T14:13:37.462Z", "eventType": "input.type", "fullPath": "/main.py", "details": {"fromA": 154, "toA": 154, "fromB": 154, "toB": 155, "inserted": ["i"]}}
{"dateTime": "2025-09-01T14:13:37.670Z", "eventType": "input.type", "fullPath": "/main.py", "details": {"fromA": 155, "toA": 155, "fromB": 155, "toB": 156, "inserted": ["d"]}}
{"dateTime": "2025-09-01T14:13:37.960Z", "eventType": "input.type", "fullPath": "/main.py", "details": {"fromA": 156, "toA": 156, "fromB": 156, "toB": 157, "inserted": ["a"]}}
{"dateTime": "2025-09-01T14:13:38.949Z", "eventType": "submission", "details": {"correctness": 0, "commit": "c73148f56a440fd1e3aa48a011c30f7d0cb5ac8f", "executionTime": 0.01}}
{"dateTime": "2025-09-01T14:13:39.337Z", "eventType": "input.type", "fullPath": "/main.py", "details": {"fromA": 157, "toA": 157, "fromB": 157, "toB": 158, "inserted": [" "]}}
{"dateTime": "2025-09-01T14:13:39.672Z", "eventType": "input.type", "fullPath": "/main.py", "details": {"fromA": 158, "toA": 158, "fromB": 158, "toB": 159, "inserted": ["i"]}}
{"dateTime": "2025-09-01T14:13:39.997Z", "eventType": "submission", "details": {"correctness": 0, "commit": "c73148f56a440fd1e3aa48a011c30f7d0cb5ac8f", "executionTime": 0.01}}
{"dateTime": "2025-09-01T14:13:40.529Z", "eventType": "input.type", "fullPath": "/main.py", "details": {"fromA": 159, "toA": 159, "fromB": 159, "toB": 160, "inserted": ["n"]}}
{"dateTime": "2025-09-01T14:13:40.998Z", "eventType": "input.type", "fullPath": "/main.py", "details": {"fromA": 160, "toA": 160, "fromB": 160, "toB": 161, "inserted": ["f"]}}
{"dateTime": "2025-09-01T14:13:41.144Z", "eventType": "input.type", "fullPath": "/main.py", "details": {"fromA": 161, "toA": 161, "fromB": 161, "toB": 162, "inserted": ["o"]}}
{"dateTime": "2025-09-01T14:13:41.256Z", "eventType": "input.type", "fullPath": "/main.py", "details": {"fromA": 162, "toA": 162, "fromB": 162, "toB": 163, "inserted": ["r"]}}
{"dateTime": "2025-09-01T14:13:41.448Z", "eventType": "input.type", "fullPath": "/main.py", "details": {"fromA": 163, "toA": 163, "fromB": 163, "toB": 164, "inserted": ["m"]}}
{"dateTime": "2025-09-01T14:13:41.718Z", "eventType": "input.type", "fullPath": "/main.py", "details": {"fromA": 164, "toA": 164, "fromB": 164, "toB": 165, "inserted": ["e"]}}
{"dateTime": "2025-09-01T14:13:41.927Z", "eventType": "input.type", "fullPath": "/main.py", "details": {"fromA": 165, "toA": 165, "fromB": 165, "toB": 166, "inserted": [" "]}}
{"dateTime": "2025-09-01T14:13:43.766Z", "eventType": "input.type", "fullPath": "/main.py", "details": {"fromA": 166, "toA": 166, "fromB": 166, "toB": 167, "inserted": ["o"]}}
{"dateTime": "2025-09-01T14:13:43.974Z", "eventType": "input.type", "fullPath": "/main.py", "details": {"fromA": 167, "toA": 167, "fromB": 167, "toB": 168, "inserted": [" "]}}
{"dateTime": "2025-09-01T14:13:44.216Z", "eventType": "input.type", "fullPath": "/main.py", "details": {"fromA": 168, "toA": 168, "fromB": 168, "toB": 169, "inserted": ["p"]}}
{"dateTime": "2025-09-01T14:13:44.423Z", "eventType": "input.type", "fullPath": "/main.py", "details": {"fromA": 169, "toA": 169, "fromB": 169, "toB": 170, "inserted": ["e"]}}
{"dateTime": "2025-09-01T14:13:44.615Z", "eventType": "input.type", "fullPath": "/main.py", "details": {"fromA": 170, "toA": 170, "fromB": 170, "toB": 171, "inserted": ["s"]}}
{"dateTime": "2025-09-01T14:13:44.743Z", "eventType": "input.type", "fullPath": "/main.py", "details": {"fromA": 171, "toA": 171, "fromB": 171, "toB": 172, "inserted": ["o"]}}
{"dateTime": "2025-09-01T14:13:51.847Z", "eventType": "input.type", "fullPath": "/main.py", "details": {"fromA": 172, "toA": 172, "fromB": 172, "toB": 173, "inserted": ["d"]}}
{"dateTime": "2025-09-01T14:13:51.992Z", "eventType": "input.type", "fullPath": "/main.py", "details": {"fromA": 173, "toA": 173, "fromB": 173, "toB": 174, "inserted": ["o"]}}
{"dateTime": "2025-09-01T14:13:52.355Z", "eventType": "input.type", "fullPath": "/main.py", "details": {"fromA": 174, "toA": 174, "fromB": 174, "toB": 175, "inserted": [" "]}}
{"dateTime": "2025-09-01T14:13:52.855Z", "eventType": "delete.backward", "fullPath": "/main.py", "details": {"fromA": 174, "toA": 175, "fromB": 174, "toB": 174, "inserted": [""]}}
{"dateTime": "2025-09-01T14:13:53.079Z", "eventType": "delete.backward", "fullPath": "/main.py", "details": {"fromA": 173, "toA": 174, "fromB": 173, "toB": 173, "inserted": [""]}}
{"dateTime": "2025-09-01T14:13:53.256Z", "eventType": "delete.backward", "fullPath": "/main.py", "details": {"fromA": 172, "toA": 173, "fromB": 172, "toB": 172, "inserted": [""]}}
{"dateTime": "2025-09-01T14:13:53.687Z", "eventType": "input.type", "fullPath": "/main.py", "details": {"fromA": 172, "toA": 172, "fromB": 172, "toB": 173, "inserted": [" "]}}
{"dateTime": "2025-09-01T14:13:53.944Z", "eventType": "input.type", "fullPath": "/main.py", "details": {"fromA": 173, "toA": 173, "fromB": 173, "toB": 174, "inserted": ["d"]}}
{"dateTime": "2025-09-01T14:13:54.072Z", "eventType": "input.type", "fullPath": "/main.py", "details": {"fromA": 174, "toA": 174, "fromB": 174, "toB": 175, "inserted": ["o"]}}
{"dateTime": "2025-09-01T14:13:54.327Z", "eventType": "input.type", "fullPath": "/main.py", "details": {"fromA": 175, "toA": 175, "fromB": 175, "toB": 176, "inserted": [" "]}}
{"dateTime": "2025-09-01T14:13:54.520Z", "eventType": "input.type", "fullPath": "/main.py", "details": {"fromA": 176, "toA": 176, "fromB": 176, "toB": 177, "inserted": ["s"]}}
{"dateTime": "2025-09-01T14:13:54.727Z", "eventType": "input.type", "fullPath": "/main.py", "details": {"fromA": 177, "toA": 177, "fromB": 177, "toB": 178, "inserted": ["a"]}}
{"dateTime": "2025-09-01T14:13:55.015Z", "eventType": "input.type", "fullPath": "/main.py", "details": {"fromA": 178, "toA": 178, "fromB": 178, "toB": 179, "inserted": ["c"]}}
{"dateTime": "2025-09-01T14:13:55.170Z", "eventType": "input.type", "fullPath": "/main.py", "details": {"fromA": 179, "toA": 179, "fromB": 179, "toB": 180, "inserted": ["o"]}}
{"dateTime": "2025-09-01T14:13:55.377Z", "eventType": "input.type", "fullPath": "/main.py", "details": {"fromA": 180, "toA": 180, "fromB": 180, "toB": 181, "inserted": [" "]}}
{"dateTime": "2025-09-01T14:13:55.574Z", "eventType": "input.type", "fullPath": "/main.py", "details": {"fromA": 181, "toA": 181, "fromB": 181, "toB": 182, "inserted": ["d"]}}
{"dateTime": "2025-09-01T14:13:55.767Z", "eventType": "input.type", "fullPath": "/main.py", "details": {"fromA": 182, "toA": 182, "fromB": 182, "toB": 183, "inserted": ["e"]}}
{"dateTime": "2025-09-01T14:13:55.911Z", "eventType": "input.type", "fullPath": "/main.py", "details": {"fromA": 183, "toA": 183, "fromB": 183, "toB": 184, "inserted": [" "]}}
{"dateTime": "2025-09-01T14:13:56.146Z", "eventType": "submission", "details": {"correctness": 0, "commit": "c73148f56a440fd1e3aa48a011c30f7d0cb5ac8f", "executionTime": 0.01}}
{"dateTime": "2025-09-01T14:13:56.306Z", "eventType": "input.type", "fullPath": "/main.py", "details": {"fromA": 184, "toA": 184, "fromB": 184, "toB": 185, "inserted": ["r"]}}
{"dateTime": "2025-09-01T14:13:56.630Z", "eventType": "input.type", "fullPath": "/main.py", "details": {"fromA": 185, "toA": 185, "fromB": 185, "toB": 186, "inserted": ["a"]}}
{"dateTime": "2025-09-01T14:13:57.073Z", "eventType": "submission", "details": {"correctness": 0, "commit": "c73148f56a440fd1e3aa48a011c30f7d0cb5ac8f", "executionTime": 0.01}}
{"dateTime": "2025-09-01T14:13:57.382Z", "eventType": "input.type", "fullPath": "/main.py", "details": {"fromA": 186, "toA": 186, "fromB": 186, "toB": 187, "inserted": ["\u00e7"]}}
{"dateTime": "2025-09-01T14:13:57.388Z", "eventType": "submission", "details": {"correctness": 0, "commit": "c73148f56a440fd1e3aa48a011c30f7d0cb5ac8f", "executionTime": 0.013333333333333334}}
{"dateTime": "2025-09-01T14:13:57.864Z", "eventType": "submission", "details": {"correctness": 0, "commit": "c73148f56a440fd1e3aa48a011c30f7d0cb5ac8f", "executionTime": 0.01}}
{"dateTime": "2025-09-01T14:13:57.990Z", "eventType": "input.type.compose.start", "fullPath": "/main.py", "details": {"fromA": 187, "toA": 187, "fromB": 187, "toB": 188, "inserted": ["~"]}}
{"dateTime": "2025-09-01T14:13:58.130Z", "eventType": "input.type.compose", "fullPath": "/main.py", "details": {"fromA": 187, "toA": 188, "fromB": 187, "toB": 188, "inserted": ["\u00e3"]}}
{"dateTime": "2025-09-01T14:13:58.242Z", "eventType": "submission", "details": {"correctness": 0, "commit": "c73148f56a440fd1e3aa48a011c30f7d0cb5ac8f", "executionTime": 0.01}}
{"dateTime": "2025-09-01T14:13:58.279Z", "eventType": "input.type", "fullPath": "/main.py", "details": {"fromA": 188, "toA": 188, "fromB": 188, "toB": 189, "inserted": ["o"]}}
{"dateTime": "2025-09-01T14:13:58.798Z", "eventType": "submission", "details": {"correctness": 0, "commit": "c73148f56a440fd1e3aa48a011c30f7d0cb5ac8f", "executionTime": 0.01}}
{"dateTime": "2025-09-01T14:13:59.894Z", "eventType": "input.type", "fullPath": "/main.py", "details": {"fromA": 189, "toA": 189, "fromB": 189, "toB": 190, "inserted": [":"]}}
{"dateTime": "2025-09-01T14:14:06.163Z", "eventType": "submission", "details": {"correctness": 0, "commit": "c73148f56a440fd1e3aa48a011c30f7d0cb5ac8f", "executionTime": 0.01}}
{"dateTime": "2025-09-01T14:14:06.558Z", "eventType": "submission", "details": {"correctness": 0, "commit": "c73148f56a440fd1e3aa48a011c30f7d0cb5ac8f", "executionTime": 0.01}}
{"dateTime": "2025-09-01T14:14:06.911Z", "eventType": "submission", "details": {"correctness": 0, "commit": "c73148f56a440fd1e3aa48a011c30f7d0cb5ac8f", "executionTime": 0.01}}
{"dateTime": "2025-09-01T14:14:07.201Z", "eventType": "submission", "details": {"correctness": 0, "commit": "c73148f56a440fd1e3aa48a011c30f7d0cb5ac8f", "executionTime": 0.01}}
{"dateTime": "2025-09-01T14:14:07.543Z", "eventType": "submission", "details": {"correctness": 0, "commit": "c73148f56a440fd1e3aa48a011c30f7d0cb5ac8f", "executionTime": 0.01}}
{"dateTime": "2025-09-01T14:14:16.222Z", "eventType": "submission", "details": {"correctness": 0, "commit": "c73148f56a440fd1e3aa48a011c30f7d0cb5ac8f", "executionTime": 0.01}}
{"dateTime": "2025-09-01T14:14:18.924Z", "eventType": "run", "details": {"commit": "c73148f56a440fd1e3aa48a011c30f7d0cb5ac8f"}}
