{"dateTime": "2025-08-19T19:28:04.122Z", "eventType": "delete.backward", "fullPath": "/main.py", "details": {"fromA": 8, "toA": 9, "fromB": 8, "toB": 8, "inserted": [""]}}
{"dateTime": "2025-08-19T19:28:04.270Z", "eventType": "delete.backward", "fullPath": "/main.py", "details": {"fromA": 7, "toA": 8, "fromB": 7, "toB": 7, "inserted": [""]}}
{"dateTime": "2025-08-19T19:28:04.441Z", "eventType": "delete.backward", "fullPath": "/main.py", "details": {"fromA": 6, "toA": 7, "fromB": 6, "toB": 6, "inserted": [""]}}
{"dateTime": "2025-08-19T19:28:09.112Z", "eventType": "input.type", "fullPath": "/main.py", "details": {"fromA": 6, "toA": 6, "fromB": 6, "toB": 7, "inserted": ["5"]}}
{"dateTime": "2025-08-19T19:28:09.496Z", "eventType": "input.type", "fullPath": "/main.py", "details": {"fromA": 7, "toA": 7, "fromB": 7, "toB": 8, "inserted": ["0"]}}
{"dateTime": "2025-08-19T19:28:10.695Z", "eventType": "input.type", "fullPath": "/main.py", "details": {"fromA": 8, "toA": 8, "fromB": 8, "toB": 9, "inserted": [" "]}}
{"dateTime": "2025-08-19T19:28:11.751Z", "eventType": "input.type", "fullPath": "/main.py", "details": {"fromA": 9, "toA": 9, "fromB": 9, "toB": 10, "inserted": ["/"]}}
{"dateTime": "2025-08-19T19:28:11.897Z", "eventType": "input.type", "fullPath": "/main.py", "details": {"fromA": 10, "toA": 10, "fromB": 10, "toB": 11, "inserted": ["/"]}}
{"dateTime": "2025-08-19T19:28:12.728Z", "eventType": "input.type", "fullPath": "/main.py", "details": {"fromA": 11, "toA": 11, "fromB": 11, "toB": 12, "inserted": [" "]}}
{"dateTime": "2025-08-19T19:28:14.696Z", "eventType": "input.type", "fullPath": "/main.py", "details": {"fromA": 12, "toA": 12, "fromB": 12, "toB": 13, "inserted": ["3"]}}
{"dateTime": "2025-08-19T19:28:16.167Z", "eventType": "select.pointer", "fullPath": "/main.py", "details": {"selection": {"from": 14, "to": 14}}}
{"dateTime": "2025-08-19T19:28:17.113Z", "eventType": "input", "fullPath": "/main.py", "details": {"fromA": 14, "toA": 14, "fromB": 14, "toB": 15, "inserted": ["", ""]}}
{"dateTime": "2025-08-19T19:28:18.280Z", "eventType": "input.type", "fullPath": "/main.py", "details": {"fromA": 15, "toA": 15, "fromB": 15, "toB": 16, "inserted": ["p"]}}
{"dateTime": "2025-08-19T19:28:18.427Z", "eventType": "input.type", "fullPath": "/main.py", "details": {"fromA": 16, "toA": 16, "fromB": 16, "toB": 17, "inserted": ["r"]}}
{"dateTime": "2025-08-19T19:28:18.571Z", "eventType": "input.type", "fullPath": "/main.py", "details": {"fromA": 17, "toA": 17, "fromB": 17, "toB": 18, "inserted": ["i"]}}
{"dateTime": "2025-08-19T19:28:20.793Z", "eventType": "input.type", "fullPath": "/main.py", "details": {"fromA": 18, "toA": 18, "fromB": 18, "toB": 19, "inserted": ["n"]}}
{"dateTime": "2025-08-19T19:28:20.858Z", "eventType": "input.type", "fullPath": "/main.py", "details": {"fromA": 19, "toA": 19, "fromB": 19, "toB": 20, "inserted": ["t"]}}
{"dateTime": "2025-08-19T19:28:22.152Z", "eventType": "input.type", "fullPath": "/main.py", "details": {"fromA": 20, "toA": 20, "fromB": 20, "toB": 22, "inserted": ["()"]}}
{"dateTime": "2025-08-19T19:28:23.944Z", "eventType": "input.type", "fullPath": "/main.py", "details": {"fromA": 21, "toA": 21, "fromB": 21, "toB": 22, "inserted": ["5"]}}
{"dateTime": "2025-08-19T19:28:24.056Z", "eventType": "input.type", "fullPath": "/main.py", "details": {"fromA": 22, "toA": 22, "fromB": 22, "toB": 23, "inserted": ["0"]}}
{"dateTime": "2025-08-19T19:28:24.744Z", "eventType": "input.type", "fullPath": "/main.py", "details": {"fromA": 23, "toA": 23, "fromB": 23, "toB": 24, "inserted": [" "]}}
{"dateTime": "2025-08-19T19:28:25.688Z", "eventType": "input.type", "fullPath": "/main.py", "details": {"fromA": 24, "toA": 24, "fromB": 24, "toB": 25, "inserted": ["%"]}}
{"dateTime": "2025-08-19T19:28:26.360Z", "eventType": "input.type", "fullPath": "/main.py", "details": {"fromA": 25, "toA": 25, "fromB": 25, "toB": 26, "inserted": [" "]}}
{"dateTime": "2025-08-19T19:28:27.864Z", "eventType": "input.type", "fullPath": "/main.py", "details": {"fromA": 26, "toA": 26, "fromB": 26, "toB": 27, "inserted": ["3"]}}
{"dateTime": "2025-08-19T19:28:30.218Z", "eventType": "blur", "fullPath": "/main.py"}
{"dateTime": "2025-08-19T19:28:30.855Z", "eventType": "submission", "details": {"correctness": 1, "commit": "fc93d877c7f65917636be61d824823a4061d7700", "executionTime": 0.01}}
{"dateTime": "2025-08-19T19:28:50.670Z", "eventType": "focus", "fullPath": "/main.py"}
{"dateTime": "2025-08-19T19:28:50.674Z", "eventType": "select.pointer", "fullPath": "/main.py", "details": {"selection": {"from": 0, "to": 0}}}
{"dateTime": "2025-08-19T19:30:03.544Z", "eventType": "input.type", "fullPath": "/main.py", "details": {"fromA": 0, "toA": 0, "fromB": 0, "toB": 1, "inserted": ["p"]}}
{"dateTime": "2025-08-19T19:30:03.675Z", "eventType": "input.type", "fullPath": "/main.py", "details": {"fromA": 1, "toA": 1, "fromB": 1, "toB": 2, "inserted": ["r"]}}
{"dateTime": "2025-08-19T19:30:03.771Z", "eventType": "input.type", "fullPath": "/main.py", "details": {"fromA": 2, "toA": 2, "fromB": 2, "toB": 3, "inserted": ["i"]}}
{"dateTime": "2025-08-19T19:30:03.995Z", "eventType": "input.type", "fullPath": "/main.py", "details": {"fromA": 3, "toA": 3, "fromB": 3, "toB": 4, "inserted": ["n"]}}
{"dateTime": "2025-08-19T19:30:04.248Z", "eventType": "input.type", "fullPath": "/main.py", "details": {"fromA": 4, "toA": 4, "fromB": 4, "toB": 5, "inserted": ["t"]}}
{"dateTime": "2025-08-19T19:30:05.384Z", "eventType": "input.type", "fullPath": "/main.py", "details": {"fromA": 5, "toA": 5, "fromB": 5, "toB": 7, "inserted": ["()"]}}
{"dateTime": "2025-08-19T19:30:06.295Z", "eventType": "input.type", "fullPath": "/main.py", "details": {"fromA": 6, "toA": 6, "fromB": 6, "toB": 7, "inserted": ["i"]}}
{"dateTime": "2025-08-19T19:30:06.465Z", "eventType": "input.type", "fullPath": "/main.py", "details": {"fromA": 7, "toA": 7, "fromB": 7, "toB": 8, "inserted": ["n"]}}
{"dateTime": "2025-08-19T19:30:06.793Z", "eventType": "input.type", "fullPath": "/main.py", "details": {"fromA": 8, "toA": 8, "fromB": 8, "toB": 9, "inserted": ["t"]}}
