{"dateTime": "2025-09-01T20:36:45.187Z", "eventType": "select.pointer", "fullPath": "/main.py", "details": {"selection": {"from": 71, "to": 71}}}
{"dateTime": "2025-09-01T20:36:46.458Z", "eventType": "delete.backward", "fullPath": "/main.py", "details": {"fromA": 70, "toA": 71, "fromB": 70, "toB": 70, "inserted": [""]}}
{"dateTime": "2025-09-01T20:36:47.226Z", "eventType": "input.type", "fullPath": "/main.py", "details": {"fromA": 70, "toA": 70, "fromB": 70, "toB": 71, "inserted": ["y"]}}
{"dateTime": "2025-09-01T20:36:48.410Z", "eventType": "delete.backward", "fullPath": "/main.py", "details": {"fromA": 70, "toA": 71, "fromB": 70, "toB": 70, "inserted": [""]}}
{"dateTime": "2025-09-01T20:36:48.858Z", "eventType": "input.type", "fullPath": "/main.py", "details": {"fromA": 70, "toA": 70, "fromB": 70, "toB": 71, "inserted": ["t"]}}
{"dateTime": "2025-09-01T20:36:50.692Z", "eventType": "blur", "fullPath": "/main.py"}
{"dateTime": "2025-09-01T20:36:51.013Z", "eventType": "run", "details": {"commit": "a7ec6492d022296abf74f015e5bbb1e559f554f9"}}
{"dateTime": "2025-09-01T20:36:53.114Z", "eventType": "submission", "details": {"correctness": 1, "commit": "a7ec6492d022296abf74f015e5bbb1e559f554f9", "executionTime": 0.01}}
{"dateTime": "2025-09-01T20:37:02.291Z", "eventType": "focus", "fullPath": "/main.py"}
{"dateTime": "2025-09-01T20:37:02.293Z", "eventType": "select.pointer", "fullPath": "/main.py", "details": {"selection": {"from": 0, "to": 0}}}
{"dateTime": "2025-09-01T20:37:02.476Z", "eventType": "select.pointer", "fullPath": "/main.py", "details": {"selection": {"from": 0, "to": 5}}}
{"dateTime": "2025-09-01T20:37:02.490Z", "eventType": "select.pointer", "fullPath": "/main.py", "details": {"selection": {"from": 0, "to": 19}}}
{"dateTime": "2025-09-01T20:37:02.524Z", "eventType": "select.pointer", "fullPath": "/main.py", "details": {"selection": {"from": 0, "to": 36}}}
{"dateTime": "2025-09-01T20:37:02.543Z", "eventType": "select.pointer", "fullPath": "/main.py", "details": {"selection": {"from": 0, "to": 38}}}
{"dateTime": "2025-09-01T20:37:03.026Z", "eventType": "select.pointer", "fullPath": "/main.py", "details": {"selection": {"from": 0, "to": 41}}}
{"dateTime": "2025-09-01T20:37:03.040Z", "eventType": "select.pointer", "fullPath": "/main.py", "details": {"selection": {"from": 0, "to": 43}}}
{"dateTime": "2025-09-01T20:37:04.304Z", "eventType": "delete.selection", "fullPath": "/main.py", "details": {"fromA": 0, "toA": 43, "fromB": 0, "toB": 0, "inserted": [""]}}
{"dateTime": "2025-09-01T20:37:06.911Z", "eventType": "input.type", "fullPath": "/main.py", "details": {"fromA": 0, "toA": 0, "fromB": 0, "toB": 1, "inserted": ["i"]}}
{"dateTime": "2025-09-01T20:37:07.110Z", "eventType": "input.type", "fullPath": "/main.py", "details": {"fromA": 1, "toA": 1, "fromB": 1, "toB": 2, "inserted": ["n"]}}
{"dateTime": "2025-09-01T20:37:08.197Z", "eventType": "delete.backward", "fullPath": "/main.py", "details": {"fromA": 1, "toA": 2, "fromB": 1, "toB": 1, "inserted": [""]}}
{"dateTime": "2025-09-01T20:37:08.484Z", "eventType": "input.type", "fullPath": "/main.py", "details": {"fromA": 1, "toA": 1, "fromB": 1, "toB": 2, "inserted": ["m"]}}
{"dateTime": "2025-09-01T20:37:10.848Z", "eventType": "input.complete", "fullPath": "/main.py", "details": {"fromA": 0, "toA": 2, "fromB": 0, "toB": 13, "inserted": ["import module"]}}
{"dateTime": "2025-09-01T20:37:12.979Z", "eventType": "input.type", "fullPath": "/main.py", "details": {"fromA": 7, "toA": 13, "fromB": 7, "toB": 8, "inserted": ["m"]}}
{"dateTime": "2025-09-01T20:37:13.108Z", "eventType": "input.type", "fullPath": "/main.py", "details": {"fromA": 8, "toA": 8, "fromB": 8, "toB": 9, "inserted": ["a"]}}
{"dateTime": "2025-09-01T20:37:15.268Z", "eventType": "input.type", "fullPath": "/main.py", "details": {"fromA": 9, "toA": 9, "fromB": 9, "toB": 10, "inserted": ["t"]}}
{"dateTime": "2025-09-01T20:37:15.507Z", "eventType": "input.type", "fullPath": "/main.py", "details": {"fromA": 10, "toA": 10, "fromB": 10, "toB": 11, "inserted": ["h"]}}
{"dateTime": "2025-09-01T20:37:16.464Z", "eventType": "input", "fullPath": "/main.py", "details": {"fromA": 11, "toA": 11, "fromB": 11, "toB": 12, "inserted": ["", ""]}}
{"dateTime": "2025-09-01T20:37:17.679Z", "eventType": "input", "fullPath": "/main.py", "details": {"fromA": 12, "toA": 12, "fromB": 12, "toB": 13, "inserted": ["", ""]}}
{"dateTime": "2025-09-01T20:37:18.339Z", "eventType": "input.type", "fullPath": "/main.py", "details": {"fromA": 13, "toA": 13, "fromB": 13, "toB": 14, "inserted": ["l"]}}
{"dateTime": "2025-09-01T20:37:18.517Z", "eventType": "input.type", "fullPath": "/main.py", "details": {"fromA": 14, "toA": 14, "fromB": 14, "toB": 15, "inserted": ["a"]}}
{"dateTime": "2025-09-01T20:37:18.804Z", "eventType": "input.type", "fullPath": "/main.py", "details": {"fromA": 15, "toA": 15, "fromB": 15, "toB": 16, "inserted": ["d"]}}
{"dateTime": "2025-09-01T20:37:19.027Z", "eventType": "input.type", "fullPath": "/main.py", "details": {"fromA": 16, "toA": 16, "fromB": 16, "toB": 17, "inserted": ["o"]}}
{"dateTime": "2025-09-01T20:37:20.691Z", "eventType": "input.type", "fullPath": "/main.py", "details": {"fromA": 17, "toA": 17, "fromB": 17, "toB": 18, "inserted": [" "]}}
{"dateTime": "2025-09-01T20:37:21.443Z", "eventType": "input.type", "fullPath": "/main.py", "details": {"fromA": 18, "toA": 18, "fromB": 18, "toB": 19, "inserted": ["="]}}
{"dateTime": "2025-09-01T20:37:21.731Z", "eventType": "input.type", "fullPath": "/main.py", "details": {"fromA": 19, "toA": 19, "fromB": 19, "toB": 20, "inserted": [" "]}}
{"dateTime": "2025-09-01T20:37:22.257Z", "eventType": "input.type", "fullPath": "/main.py", "details": {"fromA": 20, "toA": 20, "fromB": 20, "toB": 21, "inserted": ["f"]}}
{"dateTime": "2025-09-01T20:37:22.724Z", "eventType": "input.type", "fullPath": "/main.py", "details": {"fromA": 21, "toA": 21, "fromB": 21, "toB": 22, "inserted": ["l"]}}
{"dateTime": "2025-09-01T20:37:22.868Z", "eventType": "input.type", "fullPath": "/main.py", "details": {"fromA": 22, "toA": 22, "fromB": 22, "toB": 23, "inserted": ["o"]}}
{"dateTime": "2025-09-01T20:37:23.936Z", "eventType": "input.complete", "fullPath": "/main.py", "details": {"fromA": 20, "toA": 23, "fromB": 20, "toB": 25, "inserted": ["float"]}}
{"dateTime": "2025-09-01T20:37:26.884Z", "eventType": "input.type", "fullPath": "/main.py", "details": {"fromA": 25, "toA": 25, "fromB": 25, "toB": 27, "inserted": ["()"]}}
{"dateTime": "2025-09-01T20:37:28.676Z", "eventType": "input.type", "fullPath": "/main.py", "details": {"fromA": 26, "toA": 26, "fromB": 26, "toB": 27, "inserted": ["i"]}}
{"dateTime": "2025-09-01T20:37:28.881Z", "eventType": "input.type", "fullPath": "/main.py", "details": {"fromA": 27, "toA": 27, "fromB": 27, "toB": 28, "inserted": ["n"]}}
{"dateTime": "2025-09-01T20:37:29.398Z", "eventType": "input.type", "fullPath": "/main.py", "details": {"fromA": 28, "toA": 28, "fromB": 28, "toB": 29, "inserted": ["p"]}}
{"dateTime": "2025-09-01T20:37:29.876Z", "eventType": "input.type", "fullPath": "/main.py", "details": {"fromA": 29, "toA": 29, "fromB": 29, "toB": 30, "inserted": ["u"]}}
{"dateTime": "2025-09-01T20:37:30.099Z", "eventType": "input.type", "fullPath": "/main.py", "details": {"fromA": 30, "toA": 30, "fromB": 30, "toB": 31, "inserted": ["t"]}}
{"dateTime": "2025-09-01T20:37:31.795Z", "eventType": "input.type", "fullPath": "/main.py", "details": {"fromA": 31, "toA": 31, "fromB": 31, "toB": 33, "inserted": ["()"]}}
{"dateTime": "2025-09-01T20:37:33.517Z", "eventType": "select.pointer", "fullPath": "/main.py", "details": {"selection": {"from": 34, "to": 34}}}
{"dateTime": "2025-09-01T20:37:34.288Z", "eventType": "input", "fullPath": "/main.py", "details": {"fromA": 34, "toA": 34, "fromB": 34, "toB": 35, "inserted": ["", ""]}}
{"dateTime": "2025-09-01T20:37:36.383Z", "eventType": "input", "fullPath": "/main.py", "details": {"fromA": 35, "toA": 35, "fromB": 35, "toB": 36, "inserted": ["", ""]}}
{"dateTime": "2025-09-01T20:37:36.928Z", "eventType": "input.type", "fullPath": "/main.py", "details": {"fromA": 36, "toA": 36, "fromB": 36, "toB": 37, "inserted": ["a"]}}
{"dateTime": "2025-09-01T20:37:37.284Z", "eventType": "input.type", "fullPath": "/main.py", "details": {"fromA": 37, "toA": 37, "fromB": 37, "toB": 38, "inserted": ["p"]}}
{"dateTime": "2025-09-01T20:37:37.440Z", "eventType": "input.type", "fullPath": "/main.py", "details": {"fromA": 38, "toA": 38, "fromB": 38, "toB": 39, "inserted": ["o"]}}
{"dateTime": "2025-09-01T20:37:39.413Z", "eventType": "input.type", "fullPath": "/main.py", "details": {"fromA": 39, "toA": 39, "fromB": 39, "toB": 40, "inserted": ["t"]}}
{"dateTime": "2025-09-01T20:37:39.572Z", "eventType": "input.type", "fullPath": "/main.py", "details": {"fromA": 40, "toA": 40, "fromB": 40, "toB": 41, "inserted": ["e"]}}
{"dateTime": "2025-09-01T20:37:39.956Z", "eventType": "input.type", "fullPath": "/main.py", "details": {"fromA": 41, "toA": 41, "fromB": 41, "toB": 42, "inserted": ["m"]}}
{"dateTime": "2025-09-01T20:37:40.163Z", "eventType": "input.type", "fullPath": "/main.py", "details": {"fromA": 42, "toA": 42, "fromB": 42, "toB": 43, "inserted": ["a"]}}
{"dateTime": "2025-09-01T20:37:41.987Z", "eventType": "input.type", "fullPath": "/main.py", "details": {"fromA": 43, "toA": 43, "fromB": 43, "toB": 44, "inserted": [" "]}}
{"dateTime": "2025-09-01T20:37:42.708Z", "eventType": "input.type", "fullPath": "/main.py", "details": {"fromA": 44, "toA": 44, "fromB": 44, "toB": 45, "inserted": ["="]}}
{"dateTime": "2025-09-01T20:37:43.139Z", "eventType": "input.type", "fullPath": "/main.py", "details": {"fromA": 45, "toA": 45, "fromB": 45, "toB": 46, "inserted": ["l"]}}
{"dateTime": "2025-09-01T20:37:43.301Z", "eventType": "input.type", "fullPath": "/main.py", "details": {"fromA": 46, "toA": 46, "fromB": 46, "toB": 47, "inserted": ["a"]}}
{"dateTime": "2025-09-01T20:37:43.541Z", "eventType": "input.type", "fullPath": "/main.py", "details": {"fromA": 47, "toA": 47, "fromB": 47, "toB": 48, "inserted": ["d"]}}
{"dateTime": "2025-09-01T20:37:43.877Z", "eventType": "input.type", "fullPath": "/main.py", "details": {"fromA": 48, "toA": 48, "fromB": 48, "toB": 49, "inserted": ["o"]}}
{"dateTime": "2025-09-01T20:37:44.964Z", "eventType": "delete.backward", "fullPath": "/main.py", "details": {"fromA": 48, "toA": 49, "fromB": 48, "toB": 48, "inserted": [""]}}
{"dateTime": "2025-09-01T20:37:45.140Z", "eventType": "delete.backward", "fullPath": "/main.py", "details": {"fromA": 47, "toA": 48, "fromB": 47, "toB": 47, "inserted": [""]}}
{"dateTime": "2025-09-01T20:37:45.300Z", "eventType": "delete.backward", "fullPath": "/main.py", "details": {"fromA": 46, "toA": 47, "fromB": 46, "toB": 46, "inserted": [""]}}
{"dateTime": "2025-09-01T20:37:45.635Z", "eventType": "delete.backward", "fullPath": "/main.py", "details": {"fromA": 45, "toA": 46, "fromB": 45, "toB": 45, "inserted": [""]}}
{"dateTime": "2025-09-01T20:37:46.163Z", "eventType": "input.type", "fullPath": "/main.py", "details": {"fromA": 45, "toA": 45, "fromB": 45, "toB": 46, "inserted": [" "]}}
{"dateTime": "2025-09-01T20:37:46.611Z", "eventType": "input.type", "fullPath": "/main.py", "details": {"fromA": 46, "toA": 46, "fromB": 46, "toB": 47, "inserted": ["l"]}}
{"dateTime": "2025-09-01T20:37:46.788Z", "eventType": "input.type", "fullPath": "/main.py", "details": {"fromA": 47, "toA": 47, "fromB": 47, "toB": 48, "inserted": ["a"]}}
{"dateTime": "2025-09-01T20:37:47.060Z", "eventType": "input.type", "fullPath": "/main.py", "details": {"fromA": 48, "toA": 48, "fromB": 48, "toB": 49, "inserted": ["d"]}}
{"dateTime": "2025-09-01T20:37:48.656Z", "eventType": "input.complete", "fullPath": "/main.py", "details": {"fromA": 46, "toA": 49, "fromB": 46, "toB": 50, "inserted": ["lado"]}}
{"dateTime": "2025-09-01T20:37:50.515Z", "eventType": "input.type", "fullPath": "/main.py", "details": {"fromA": 50, "toA": 50, "fromB": 50, "toB": 51, "inserted": [" "]}}
{"dateTime": "2025-09-01T20:37:51.907Z", "eventType": "input.type", "fullPath": "/main.py", "details": {"fromA": 51, "toA": 51, "fromB": 51, "toB": 52, "inserted": ["/"]}}
{"dateTime": "2025-09-01T20:37:53.475Z", "eventType": "input.type", "fullPath": "/main.py", "details": {"fromA": 52, "toA": 52, "fromB": 52, "toB": 53, "inserted": [" "]}}
{"dateTime": "2025-09-01T20:37:54.548Z", "eventType": "input.type", "fullPath": "/main.py", "details": {"fromA": 53, "toA": 53, "fromB": 53, "toB": 55, "inserted": ["()"]}}
{"dateTime": "2025-09-01T20:37:56.819Z", "eventType": "input.type", "fullPath": "/main.py", "details": {"fromA": 54, "toA": 54, "fromB": 54, "toB": 55, "inserted": ["2"]}}
{"dateTime": "2025-09-01T20:37:57.347Z", "eventType": "input.type", "fullPath": "/main.py", "details": {"fromA": 55, "toA": 55, "fromB": 55, "toB": 56, "inserted": [" "]}}
{"dateTime": "2025-09-01T20:37:57.747Z", "eventType": "input.type", "fullPath": "/main.py", "details": {"fromA": 56, "toA": 56, "fromB": 56, "toB": 57, "inserted": ["*"]}}
{"dateTime": "2025-09-01T20:37:59.876Z", "eventType": "input.type", "fullPath": "/main.py", "details": {"fromA": 57, "toA": 57, "fromB": 57, "toB": 58, "inserted": [" "]}}
{"dateTime": "2025-09-01T20:38:00.628Z", "eventType": "input.type", "fullPath": "/main.py", "details": {"fromA": 58, "toA": 58, "fromB": 58, "toB": 59, "inserted": ["m"]}}
{"dateTime": "2025-09-01T20:38:01.813Z", "eventType": "input.type", "fullPath": "/main.py", "details": {"fromA": 59, "toA": 59, "fromB": 59, "toB": 60, "inserted": ["a"]}}
{"dateTime": "2025-09-01T20:38:04.005Z", "eventType": "input.complete", "fullPath": "/main.py", "details": {"fromA": 58, "toA": 60, "fromB": 58, "toB": 62, "inserted": ["math"]}}
{"dateTime": "2025-09-01T20:38:06.660Z", "eventType": "input.type", "fullPath": "/main.py", "details": {"fromA": 62, "toA": 62, "fromB": 62, "toB": 63, "inserted": ["."]}}
{"dateTime": "2025-09-01T20:38:08.516Z", "eventType": "input.type", "fullPath": "/main.py", "details": {"fromA": 63, "toA": 63, "fromB": 63, "toB": 64, "inserted": ["t"]}}
{"dateTime": "2025-09-01T20:38:08.659Z", "eventType": "input.type", "fullPath": "/main.py", "details": {"fromA": 64, "toA": 64, "fromB": 64, "toB": 65, "inserted": ["a"]}}
{"dateTime": "2025-09-01T20:38:09.012Z", "eventType": "input.type", "fullPath": "/main.py", "details": {"fromA": 65, "toA": 65, "fromB": 65, "toB": 66, "inserted": [" "]}}
{"dateTime": "2025-09-01T20:38:09.014Z", "eventType": "input.type", "fullPath": "/main.py", "details": {"fromA": 66, "toA": 66, "fromB": 66, "toB": 67, "inserted": ["n"]}}
{"dateTime": "2025-09-01T20:38:10.213Z", "eventType": "delete.backward", "fullPath": "/main.py", "details": {"fromA": 66, "toA": 67, "fromB": 66, "toB": 66, "inserted": [""]}}
{"dateTime": "2025-09-01T20:38:10.434Z", "eventType": "delete.backward", "fullPath": "/main.py", "details": {"fromA": 65, "toA": 66, "fromB": 65, "toB": 65, "inserted": [""]}}
{"dateTime": "2025-09-01T20:38:11.250Z", "eventType": "input.type", "fullPath": "/main.py", "details": {"fromA": 65, "toA": 65, "fromB": 65, "toB": 66, "inserted": ["n"]}}
{"dateTime": "2025-09-01T20:38:12.625Z", "eventType": "input.type", "fullPath": "/main.py", "details": {"fromA": 66, "toA": 66, "fromB": 66, "toB": 67, "inserted": [" "]}}
{"dateTime": "2025-09-01T20:38:13.492Z", "eventType": "input.type", "fullPath": "/main.py", "details": {"fromA": 67, "toA": 67, "fromB": 67, "toB": 69, "inserted": ["()"]}}
{"dateTime": "2025-09-01T20:38:15.571Z", "eventType": "input.type", "fullPath": "/main.py", "details": {"fromA": 68, "toA": 68, "fromB": 68, "toB": 69, "inserted": ["m"]}}
{"dateTime": "2025-09-01T20:38:15.716Z", "eventType": "input.type", "fullPath": "/main.py", "details": {"fromA": 69, "toA": 69, "fromB": 69, "toB": 70, "inserted": ["a"]}}
{"dateTime": "2025-09-01T20:38:16.340Z", "eventType": "input.type", "fullPath": "/main.py", "details": {"fromA": 70, "toA": 70, "fromB": 70, "toB": 71, "inserted": ["c"]}}
{"dateTime": "2025-09-01T20:38:16.563Z", "eventType": "input.type", "fullPath": "/main.py", "details": {"fromA": 71, "toA": 71, "fromB": 71, "toB": 72, "inserted": ["h"]}}
{"dateTime": "2025-09-01T20:38:18.208Z", "eventType": "input.type", "fullPath": "/main.py", "details": {"fromA": 72, "toA": 72, "fromB": 72, "toB": 73, "inserted": ["."]}}
{"dateTime": "2025-09-01T20:38:18.528Z", "eventType": "input.type", "fullPath": "/main.py", "details": {"fromA": 73, "toA": 73, "fromB": 73, "toB": 74, "inserted": ["p"]}}
{"dateTime": "2025-09-01T20:38:18.884Z", "eventType": "input.type", "fullPath": "/main.py", "details": {"fromA": 74, "toA": 74, "fromB": 74, "toB": 75, "inserted": ["u"]}}
{"dateTime": "2025-09-01T20:38:18.885Z", "eventType": "input.type", "fullPath": "/main.py", "details": {"fromA": 75, "toA": 75, "fromB": 75, "toB": 76, "inserted": ["i"]}}
{"dateTime": "2025-09-01T20:38:20.083Z", "eventType": "delete.backward", "fullPath": "/main.py", "details": {"fromA": 75, "toA": 76, "fromB": 75, "toB": 75, "inserted": [""]}}
{"dateTime": "2025-09-01T20:38:20.275Z", "eventType": "delete.backward", "fullPath": "/main.py", "details": {"fromA": 74, "toA": 75, "fromB": 74, "toB": 74, "inserted": [""]}}
{"dateTime": "2025-09-01T20:38:21.665Z", "eventType": "input.type", "fullPath": "/main.py", "details": {"fromA": 74, "toA": 74, "fromB": 74, "toB": 75, "inserted": ["i"]}}
{"dateTime": "2025-09-01T20:38:23.604Z", "eventType": "input.type", "fullPath": "/main.py", "details": {"fromA": 75, "toA": 75, "fromB": 75, "toB": 76, "inserted": [" "]}}
{"dateTime": "2025-09-01T20:38:24.244Z", "eventType": "input.type", "fullPath": "/main.py", "details": {"fromA": 76, "toA": 76, "fromB": 76, "toB": 77, "inserted": ["/"]}}
{"dateTime": "2025-09-01T20:38:25.555Z", "eventType": "input.type", "fullPath": "/main.py", "details": {"fromA": 77, "toA": 77, "fromB": 77, "toB": 78, "inserted": [" "]}}
{"dateTime": "2025-09-01T20:38:27.076Z", "eventType": "input.type", "fullPath": "/main.py", "details": {"fromA": 78, "toA": 78, "fromB": 78, "toB": 79, "inserted": ["%"]}}
{"dateTime": "2025-09-01T20:38:28.546Z", "eventType": "delete.backward", "fullPath": "/main.py", "details": {"fromA": 78, "toA": 79, "fromB": 78, "toB": 78, "inserted": [""]}}
{"dateTime": "2025-09-01T20:38:29.504Z", "eventType": "input.type", "fullPath": "/main.py", "details": {"fromA": 78, "toA": 78, "fromB": 78, "toB": 79, "inserted": ["5"]}}
{"dateTime": "2025-09-01T20:38:32.222Z", "eventType": "select.pointer", "fullPath": "/main.py", "details": {"selection": {"from": 81, "to": 81}}}
{"dateTime": "2025-09-01T20:38:33.073Z", "eventType": "input", "fullPath": "/main.py", "details": {"fromA": 81, "toA": 81, "fromB": 81, "toB": 82, "inserted": ["", ""]}}
{"dateTime": "2025-09-01T20:38:35.059Z", "eventType": "input.type", "fullPath": "/main.py", "details": {"fromA": 82, "toA": 82, "fromB": 82, "toB": 83, "inserted": ["a"]}}
{"dateTime": "2025-09-01T20:38:36.629Z", "eventType": "input.type", "fullPath": "/main.py", "details": {"fromA": 83, "toA": 83, "fromB": 83, "toB": 84, "inserted": ["e"]}}
{"dateTime": "2025-09-01T20:38:37.440Z", "eventType": "delete.backward", "fullPath": "/main.py", "details": {"fromA": 83, "toA": 84, "fromB": 83, "toB": 83, "inserted": [""]}}
{"dateTime": "2025-09-01T20:38:38.102Z", "eventType": "input.type", "fullPath": "/main.py", "details": {"fromA": 83, "toA": 83, "fromB": 83, "toB": 84, "inserted": ["r"]}}
{"dateTime": "2025-09-01T20:38:38.229Z", "eventType": "input.type", "fullPath": "/main.py", "details": {"fromA": 84, "toA": 84, "fromB": 84, "toB": 85, "inserted": ["e"]}}
{"dateTime": "2025-09-01T20:38:39.140Z", "eventType": "input.type", "fullPath": "/main.py", "details": {"fromA": 85, "toA": 85, "fromB": 85, "toB": 86, "inserted": ["a"]}}
{"dateTime": "2025-09-01T20:38:40.739Z", "eventType": "input.type", "fullPath": "/main.py", "details": {"fromA": 86, "toA": 86, "fromB": 86, "toB": 87, "inserted": [" "]}}
{"dateTime": "2025-09-01T20:38:41.347Z", "eventType": "input.type", "fullPath": "/main.py", "details": {"fromA": 87, "toA": 87, "fromB": 87, "toB": 88, "inserted": ["="]}}
{"dateTime": "2025-09-01T20:38:42.019Z", "eventType": "input.type", "fullPath": "/main.py", "details": {"fromA": 88, "toA": 88, "fromB": 88, "toB": 89, "inserted": [" "]}}
{"dateTime": "2025-09-01T20:38:44.099Z", "eventType": "input.type", "fullPath": "/main.py", "details": {"fromA": 89, "toA": 89, "fromB": 89, "toB": 91, "inserted": ["()"]}}
{"dateTime": "2025-09-01T20:38:44.644Z", "eventType": "input.type", "fullPath": "/main.py", "details": {"fromA": 90, "toA": 90, "fromB": 90, "toB": 91, "inserted": ["5"]}}
{"dateTime": "2025-09-01T20:38:46.883Z", "eventType": "input.type", "fullPath": "/main.py", "details": {"fromA": 91, "toA": 91, "fromB": 91, "toB": 92, "inserted": [" "]}}
{"dateTime": "2025-09-01T20:38:47.523Z", "eventType": "input.type", "fullPath": "/main.py", "details": {"fromA": 92, "toA": 92, "fromB": 92, "toB": 93, "inserted": ["*"]}}
{"dateTime": "2025-09-01T20:38:49.411Z", "eventType": "input.type", "fullPath": "/main.py", "details": {"fromA": 93, "toA": 93, "fromB": 93, "toB": 94, "inserted": [" "]}}
{"dateTime": "2025-09-01T20:38:50.051Z", "eventType": "input.type", "fullPath": "/main.py", "details": {"fromA": 94, "toA": 94, "fromB": 94, "toB": 95, "inserted": ["l"]}}
{"dateTime": "2025-09-01T20:38:50.421Z", "eventType": "input.type", "fullPath": "/main.py", "details": {"fromA": 95, "toA": 95, "fromB": 95, "toB": 96, "inserted": ["a"]}}
{"dateTime": "2025-09-01T20:38:50.627Z", "eventType": "input.type", "fullPath": "/main.py", "details": {"fromA": 96, "toA": 96, "fromB": 96, "toB": 97, "inserted": ["d"]}}
{"dateTime": "2025-09-01T20:38:50.881Z", "eventType": "input.type", "fullPath": "/main.py", "details": {"fromA": 97, "toA": 97, "fromB": 97, "toB": 98, "inserted": ["a"]}}
{"dateTime": "2025-09-01T20:38:52.147Z", "eventType": "delete.backward", "fullPath": "/main.py", "details": {"fromA": 97, "toA": 98, "fromB": 97, "toB": 97, "inserted": [""]}}
{"dateTime": "2025-09-01T20:38:52.500Z", "eventType": "input.type", "fullPath": "/main.py", "details": {"fromA": 97, "toA": 97, "fromB": 97, "toB": 98, "inserted": ["o"]}}
{"dateTime": "2025-09-01T20:38:54.225Z", "eventType": "input.type", "fullPath": "/main.py", "details": {"fromA": 98, "toA": 98, "fromB": 98, "toB": 99, "inserted": [" "]}}
{"dateTime": "2025-09-01T20:38:54.944Z", "eventType": "input.type", "fullPath": "/main.py", "details": {"fromA": 99, "toA": 99, "fromB": 99, "toB": 100, "inserted": ["*"]}}
{"dateTime": "2025-09-01T20:38:56.628Z", "eventType": "input.type", "fullPath": "/main.py", "details": {"fromA": 100, "toA": 100, "fromB": 100, "toB": 101, "inserted": [" "]}}
{"dateTime": "2025-09-01T20:38:57.376Z", "eventType": "input.type", "fullPath": "/main.py", "details": {"fromA": 101, "toA": 101, "fromB": 101, "toB": 102, "inserted": ["a"]}}
{"dateTime": "2025-09-01T20:38:57.764Z", "eventType": "input.type", "fullPath": "/main.py", "details": {"fromA": 102, "toA": 102, "fromB": 102, "toB": 103, "inserted": ["p"]}}
{"dateTime": "2025-09-01T20:38:57.973Z", "eventType": "input.type", "fullPath": "/main.py", "details": {"fromA": 103, "toA": 103, "fromB": 103, "toB": 104, "inserted": ["o"]}}
{"dateTime": "2025-09-01T20:39:00.080Z", "eventType": "input.complete", "fullPath": "/main.py", "details": {"fromA": 101, "toA": 104, "fromB": 101, "toB": 108, "inserted": ["apotema"]}}
{"dateTime": "2025-09-01T20:39:01.108Z", "eventType": "input.type", "fullPath": "/main.py", "details": {"fromA": 108, "toA": 109, "fromB": 108, "toB": 109, "inserted": [")"]}}
{"dateTime": "2025-09-01T20:39:03.060Z", "eventType": "input.type", "fullPath": "/main.py", "details": {"fromA": 109, "toA": 109, "fromB": 109, "toB": 110, "inserted": [" "]}}
{"dateTime": "2025-09-01T20:39:03.588Z", "eventType": "input.type", "fullPath": "/main.py", "details": {"fromA": 110, "toA": 110, "fromB": 110, "toB": 111, "inserted": ["/"]}}
{"dateTime": "2025-09-01T20:39:05.364Z", "eventType": "input.type", "fullPath": "/main.py", "details": {"fromA": 111, "toA": 111, "fromB": 111, "toB": 112, "inserted": [" "]}}
{"dateTime": "2025-09-01T20:39:05.876Z", "eventType": "input.type", "fullPath": "/main.py", "details": {"fromA": 112, "toA": 112, "fromB": 112, "toB": 113, "inserted": ["2"]}}
{"dateTime": "2025-09-01T20:39:07.152Z", "eventType": "input", "fullPath": "/main.py", "details": {"fromA": 113, "toA": 113, "fromB": 113, "toB": 114, "inserted": ["", ""]}}
{"dateTime": "2025-09-01T20:39:07.391Z", "eventType": "input", "fullPath": "/main.py", "details": {"fromA": 114, "toA": 114, "fromB": 114, "toB": 115, "inserted": ["", ""]}}
{"dateTime": "2025-09-01T20:39:09.460Z", "eventType": "input.type", "fullPath": "/main.py", "details": {"fromA": 115, "toA": 115, "fromB": 115, "toB": 116, "inserted": ["p"]}}
{"dateTime": "2025-09-01T20:39:09.697Z", "eventType": "input.type", "fullPath": "/main.py", "details": {"fromA": 116, "toA": 116, "fromB": 116, "toB": 117, "inserted": ["r"]}}
{"dateTime": "2025-09-01T20:39:10.560Z", "eventType": "input.complete", "fullPath": "/main.py", "details": {"fromA": 115, "toA": 117, "fromB": 115, "toB": 120, "inserted": ["print"]}}
{"dateTime": "2025-09-01T20:39:12.820Z", "eventType": "input.type", "fullPath": "/main.py", "details": {"fromA": 120, "toA": 120, "fromB": 120, "toB": 122, "inserted": ["()"]}}
{"dateTime": "2025-09-01T20:39:13.428Z", "eventType": "input.type", "fullPath": "/main.py", "details": {"fromA": 121, "toA": 121, "fromB": 121, "toB": 122, "inserted": ["r"]}}
{"dateTime": "2025-09-01T20:39:13.684Z", "eventType": "input.type", "fullPath": "/main.py", "details": {"fromA": 122, "toA": 122, "fromB": 122, "toB": 123, "inserted": ["p"]}}
{"dateTime": "2025-09-01T20:39:14.371Z", "eventType": "delete.backward", "fullPath": "/main.py", "details": {"fromA": 122, "toA": 123, "fromB": 122, "toB": 122, "inserted": [""]}}
{"dateTime": "2025-09-01T20:39:15.140Z", "eventType": "input.type", "fullPath": "/main.py", "details": {"fromA": 122, "toA": 122, "fromB": 122, "toB": 123, "inserted": ["o"]}}
{"dateTime": "2025-09-01T20:39:15.348Z", "eventType": "input.type", "fullPath": "/main.py", "details": {"fromA": 123, "toA": 123, "fromB": 123, "toB": 124, "inserted": ["u"]}}
{"dateTime": "2025-09-01T20:39:16.416Z", "eventType": "input.complete", "fullPath": "/main.py", "details": {"fromA": 121, "toA": 124, "fromB": 121, "toB": 126, "inserted": ["round"]}}
{"dateTime": "2025-09-01T20:39:19.008Z", "eventType": "input.type", "fullPath": "/main.py", "details": {"fromA": 126, "toA": 126, "fromB": 126, "toB": 128, "inserted": ["()"]}}
{"dateTime": "2025-09-01T20:39:20.756Z", "eventType": "input.type", "fullPath": "/main.py", "details": {"fromA": 127, "toA": 127, "fromB": 127, "toB": 128, "inserted": ["a"]}}
{"dateTime": "2025-09-01T20:39:21.094Z", "eventType": "input.type", "fullPath": "/main.py", "details": {"fromA": 128, "toA": 128, "fromB": 128, "toB": 129, "inserted": ["r"]}}
{"dateTime": "2025-09-01T20:39:21.269Z", "eventType": "input.type", "fullPath": "/main.py", "details": {"fromA": 129, "toA": 129, "fromB": 129, "toB": 130, "inserted": ["e"]}}
{"dateTime": "2025-09-01T20:39:21.345Z", "eventType": "input.type", "fullPath": "/main.py", "details": {"fromA": 130, "toA": 130, "fromB": 130, "toB": 131, "inserted": ["a"]}}
{"dateTime": "2025-09-01T20:39:23.507Z", "eventType": "input.type", "fullPath": "/main.py", "details": {"fromA": 131, "toA": 131, "fromB": 131, "toB": 132, "inserted": [","]}}
{"dateTime": "2025-09-01T20:39:24.416Z", "eventType": "input.type", "fullPath": "/main.py", "details": {"fromA": 132, "toA": 132, "fromB": 132, "toB": 133, "inserted": [" "]}}
{"dateTime": "2025-09-01T20:39:24.608Z", "eventType": "input.type", "fullPath": "/main.py", "details": {"fromA": 133, "toA": 133, "fromB": 133, "toB": 134, "inserted": ["2"]}}
{"dateTime": "2025-09-01T20:39:26.857Z", "eventType": "blur", "fullPath": "/main.py"}
{"dateTime": "2025-09-01T20:39:27.486Z", "eventType": "run", "details": {"commit": "88d94f095e0b25d6aebfde78093a5b6a1b4b006b"}}
{"dateTime": "2025-09-01T20:39:29.131Z", "eventType": "submission", "details": {"correctness": 0, "commit": "88d94f095e0b25d6aebfde78093a5b6a1b4b006b", "executionTime": 0}}
{"dateTime": "2025-09-01T20:40:37.309Z", "eventType": "run", "details": {"commit": "88d94f095e0b25d6aebfde78093a5b6a1b4b006b"}}
{"dateTime": "2025-09-01T20:40:39.829Z", "eventType": "run", "details": {"commit": "88d94f095e0b25d6aebfde78093a5b6a1b4b006b"}}
{"dateTime": "2025-09-01T20:40:43.168Z", "eventType": "submission", "details": {"correctness": 0, "commit": "88d94f095e0b25d6aebfde78093a5b6a1b4b006b", "executionTime": 0}}
{"dateTime": "2025-09-01T20:41:07.997Z", "eventType": "focus", "fullPath": "/main.py"}
{"dateTime": "2025-09-01T20:41:07.999Z", "eventType": "select.pointer", "fullPath": "/main.py", "details": {"selection": {"from": 58, "to": 58}}}
{"dateTime": "2025-09-01T20:41:09.058Z", "eventType": "input", "fullPath": "/main.py", "details": {"fromA": 58, "toA": 58, "fromB": 58, "toB": 77, "inserted": ["", "                  "]}}
{"dateTime": "2025-09-01T20:41:10.053Z", "eventType": "delete.backward", "fullPath": "/main.py", "details": {"fromA": 75, "toA": 77, "fromB": 75, "toB": 75, "inserted": [""]}}
{"dateTime": "2025-09-01T20:41:10.884Z", "eventType": "delete.backward", "fullPath": "/main.py", "details": {"fromA": 73, "toA": 75, "fromB": 73, "toB": 73, "inserted": [""]}}
{"dateTime": "2025-09-01T20:41:11.076Z", "eventType": "delete.backward", "fullPath": "/main.py", "details": {"fromA": 71, "toA": 73, "fromB": 71, "toB": 71, "inserted": [""]}}
{"dateTime": "2025-09-01T20:41:11.252Z", "eventType": "delete.backward", "fullPath": "/main.py", "details": {"fromA": 69, "toA": 71, "fromB": 69, "toB": 69, "inserted": [""]}}
{"dateTime": "2025-09-01T20:41:11.428Z", "eventType": "delete.backward", "fullPath": "/main.py", "details": {"fromA": 67, "toA": 69, "fromB": 67, "toB": 67, "inserted": [""]}}
{"dateTime": "2025-09-01T20:41:11.604Z", "eventType": "delete.backward", "fullPath": "/main.py", "details": {"fromA": 65, "toA": 67, "fromB": 65, "toB": 65, "inserted": [""]}}
{"dateTime": "2025-09-01T20:41:11.796Z", "eventType": "delete.backward", "fullPath": "/main.py", "details": {"fromA": 63, "toA": 65, "fromB": 63, "toB": 63, "inserted": [""]}}
{"dateTime": "2025-09-01T20:41:11.973Z", "eventType": "delete.backward", "fullPath": "/main.py", "details": {"fromA": 61, "toA": 63, "fromB": 61, "toB": 61, "inserted": [""]}}
{"dateTime": "2025-09-01T20:41:12.179Z", "eventType": "delete.backward", "fullPath": "/main.py", "details": {"fromA": 59, "toA": 61, "fromB": 59, "toB": 59, "inserted": [""]}}
{"dateTime": "2025-09-01T20:41:12.516Z", "eventType": "delete.backward", "fullPath": "/main.py", "details": {"fromA": 58, "toA": 59, "fromB": 58, "toB": 58, "inserted": [""]}}
