== SUBMISSION (2025-08-12 00:52:36)
-- CODE: 
expressao = 30-3**2+8//3**2*10
print(expressao)
-- EXECUTION TIME: 
0.01
-- TEST CASE 1:
---- input:
xx
---- correct output:
21
---- user output:
21
-- TEST CASE 2:
---- input:
xx
---- correct output:
21
---- user output:
21
-- GRADE:
100%
*-*-*-*-*-*-*-*-*-*-*-*-*-*-*-*-*-*-*-*-*-*-*-*
== RUN (2025-08-12 00:52:33)
-- CODE: 
expressao = 30-3**2+8//3**2*10
print(expressao)
-- EXECUTION TIME: 
0.0
-- TEST CASE 1:
---- input:
xx
---- correct output:
21
---- user output:
21
-- TEST CASE 2:
---- input:
xx
---- correct output:
21
---- user output:
21
*-*-*-*-*-*-*-*-*-*-*-*-*-*-*-*-*-*-*-*-*-*-*-*
