== SUBMISSION (2025-08-18 15:37:25)
-- CODE: 
# Use este codigo como ponto de partida

# Leitura de valores de entrada e conversao para inteiro
num = int(input("digite o número"))
dobro=num*2
# Impressao do dobro do numero
print("o dobro é:",dobro)
-- EXECUTION TIME: 
0.01
-- TEST CASE 1:
---- input:
256
---- correct output:
512
---- user output:
digite o númeroo dobro é: 512
-- TEST CASE 2:
---- input:
1234
---- correct output:
2468
---- user output:
digite o númeroo dobro é: 2468
-- TEST CASE 3:
---- input:
5678
---- correct output:
11356
---- user output:
digite o númeroo dobro é: 11356
-- TEST CASE 4:
---- input:
444
---- correct output:
888
---- user output:
digite o númeroo dobro é: 888
-- TEST CASE 5:
---- input:
11
---- correct output:
22
---- user output:
digite o númeroo dobro é: 22
-- GRADE:
100%
*-*-*-*-*-*-*-*-*-*-*-*-*-*-*-*-*-*-*-*-*-*-*-*
