{"dateTime": "2025-08-19T22:30:27.551Z", "eventType": "focus", "fullPath": "/main.py"}
{"dateTime": "2025-08-19T22:30:27.555Z", "eventType": "select.pointer", "fullPath": "/main.py", "details": {"selection": {"from": 0, "to": 0}}}
{"dateTime": "2025-08-19T22:30:28.497Z", "eventType": "input.type", "fullPath": "/main.py", "details": {"fromA": 0, "toA": 0, "fromB": 0, "toB": 1, "inserted": ["n"]}}
{"dateTime": "2025-08-19T22:30:29.729Z", "eventType": "input.type", "fullPath": "/main.py", "details": {"fromA": 1, "toA": 1, "fromB": 1, "toB": 2, "inserted": ["u"]}}
{"dateTime": "2025-08-19T22:30:29.907Z", "eventType": "input.type", "fullPath": "/main.py", "details": {"fromA": 2, "toA": 2, "fromB": 2, "toB": 3, "inserted": ["m"]}}
{"dateTime": "2025-08-19T22:30:30.161Z", "eventType": "input.type", "fullPath": "/main.py", "details": {"fromA": 3, "toA": 3, "fromB": 3, "toB": 4, "inserted": ["b"]}}
{"dateTime": "2025-08-19T22:30:31.552Z", "eventType": "input.type", "fullPath": "/main.py", "details": {"fromA": 4, "toA": 4, "fromB": 4, "toB": 5, "inserted": ["="]}}
{"dateTime": "2025-08-19T22:30:40.415Z", "eventType": "delete.backward", "fullPath": "/main.py", "details": {"fromA": 4, "toA": 5, "fromB": 4, "toB": 4, "inserted": [""]}}
{"dateTime": "2025-08-19T22:30:40.574Z", "eventType": "delete.backward", "fullPath": "/main.py", "details": {"fromA": 3, "toA": 4, "fromB": 3, "toB": 3, "inserted": [""]}}
{"dateTime": "2025-08-19T22:30:42.525Z", "eventType": "input.type", "fullPath": "/main.py", "details": {"fromA": 3, "toA": 3, "fromB": 3, "toB": 4, "inserted": ["1"]}}
{"dateTime": "2025-08-19T22:30:43.440Z", "eventType": "input.type", "fullPath": "/main.py", "details": {"fromA": 4, "toA": 4, "fromB": 4, "toB": 5, "inserted": ["="]}}
{"dateTime": "2025-08-19T22:31:20.110Z", "eventType": "delete.backward", "fullPath": "/main.py", "details": {"fromA": 17, "toA": 18, "fromB": 17, "toB": 17, "inserted": [""]}}
{"dateTime": "2025-08-19T22:31:21.921Z", "eventType": "input.type", "fullPath": "/main.py", "details": {"fromA": 17, "toA": 17, "fromB": 17, "toB": 19, "inserted": ["\"\""]}}
{"dateTime": "2025-08-19T22:31:24.768Z", "eventType": "input.type", "fullPath": "/main.py", "details": {"fromA": 18, "toA": 18, "fromB": 18, "toB": 19, "inserted": ["d"]}}
{"dateTime": "2025-08-19T22:31:24.896Z", "eventType": "input.type", "fullPath": "/main.py", "details": {"fromA": 19, "toA": 19, "fromB": 19, "toB": 20, "inserted": ["i"]}}
{"dateTime": "2025-08-19T22:31:25.072Z", "eventType": "input.type", "fullPath": "/main.py", "details": {"fromA": 20, "toA": 20, "fromB": 20, "toB": 21, "inserted": ["g"]}}
{"dateTime": "2025-08-19T22:31:25.131Z", "eventType": "input.type", "fullPath": "/main.py", "details": {"fromA": 21, "toA": 21, "fromB": 21, "toB": 22, "inserted": ["i"]}}
{"dateTime": "2025-08-19T22:31:25.328Z", "eventType": "input.type", "fullPath": "/main.py", "details": {"fromA": 22, "toA": 22, "fromB": 22, "toB": 23, "inserted": ["t"]}}
{"dateTime": "2025-08-19T22:31:25.584Z", "eventType": "input.type", "fullPath": "/main.py", "details": {"fromA": 23, "toA": 23, "fromB": 23, "toB": 24, "inserted": ["e"]}}
{"dateTime": "2025-08-19T22:31:25.728Z", "eventType": "input.type", "fullPath": "/main.py", "details": {"fromA": 24, "toA": 24, "fromB": 24, "toB": 25, "inserted": [" "]}}
{"dateTime": "2025-08-19T22:31:26.732Z", "eventType": "input.type", "fullPath": "/main.py", "details": {"fromA": 25, "toA": 25, "fromB": 25, "toB": 26, "inserted": ["v"]}}
{"dateTime": "2025-08-19T22:31:26.992Z", "eventType": "input.type", "fullPath": "/main.py", "details": {"fromA": 26, "toA": 26, "fromB": 26, "toB": 27, "inserted": ["a"]}}
{"dateTime": "2025-08-19T22:31:27.118Z", "eventType": "input.type", "fullPath": "/main.py", "details": {"fromA": 27, "toA": 27, "fromB": 27, "toB": 28, "inserted": ["l"]}}
{"dateTime": "2025-08-19T22:31:27.264Z", "eventType": "input.type", "fullPath": "/main.py", "details": {"fromA": 28, "toA": 28, "fromB": 28, "toB": 29, "inserted": ["o"]}}
{"dateTime": "2025-08-19T22:31:27.344Z", "eventType": "input.type", "fullPath": "/main.py", "details": {"fromA": 29, "toA": 29, "fromB": 29, "toB": 30, "inserted": ["r"]}}
{"dateTime": "2025-08-19T22:31:27.488Z", "eventType": "input.type", "fullPath": "/main.py", "details": {"fromA": 30, "toA": 30, "fromB": 30, "toB": 31, "inserted": [" "]}}
{"dateTime": "2025-08-19T22:31:28.336Z", "eventType": "input.type", "fullPath": "/main.py", "details": {"fromA": 31, "toA": 31, "fromB": 31, "toB": 32, "inserted": ["1"]}}
{"dateTime": "2025-08-19T22:31:29.503Z", "eventType": "delete.backward", "fullPath": "/main.py", "details": {"fromA": 31, "toA": 32, "fromB": 31, "toB": 31, "inserted": [""]}}
{"dateTime": "2025-08-19T22:31:31.004Z", "eventType": "delete.backward", "fullPath": "/main.py", "details": {"fromA": 30, "toA": 31, "fromB": 30, "toB": 30, "inserted": [""]}}
{"dateTime": "2025-08-19T22:31:32.735Z", "eventType": "delete.backward", "fullPath": "/main.py", "details": {"fromA": 29, "toA": 30, "fromB": 29, "toB": 29, "inserted": [""]}}
{"dateTime": "2025-08-19T22:31:32.895Z", "eventType": "delete.backward", "fullPath": "/main.py", "details": {"fromA": 28, "toA": 29, "fromB": 28, "toB": 28, "inserted": [""]}}
{"dateTime": "2025-08-19T22:31:33.055Z", "eventType": "delete.backward", "fullPath": "/main.py", "details": {"fromA": 27, "toA": 28, "fromB": 27, "toB": 27, "inserted": [""]}}
{"dateTime": "2025-08-19T22:31:34.143Z", "eventType": "input.type", "fullPath": "/main.py", "details": {"fromA": 27, "toA": 27, "fromB": 27, "toB": 28, "inserted": ["l"]}}
{"dateTime": "2025-08-19T22:31:34.288Z", "eventType": "input.type", "fullPath": "/main.py", "details": {"fromA": 28, "toA": 28, "fromB": 28, "toB": 29, "inserted": ["o"]}}
{"dateTime": "2025-08-19T22:31:34.352Z", "eventType": "input.type", "fullPath": "/main.py", "details": {"fromA": 29, "toA": 29, "fromB": 29, "toB": 30, "inserted": ["r"]}}
{"dateTime": "2025-08-19T22:31:35.104Z", "eventType": "input.type", "fullPath": "/main.py", "details": {"fromA": 30, "toA": 30, "fromB": 30, "toB": 31, "inserted": [" "]}}
{"dateTime": "2025-08-19T22:31:35.520Z", "eventType": "input.type", "fullPath": "/main.py", "details": {"fromA": 31, "toA": 31, "fromB": 31, "toB": 32, "inserted": ["1"]}}
{"dateTime": "2025-08-19T22:31:36.112Z", "eventType": "input.type", "fullPath": "/main.py", "details": {"fromA": 32, "toA": 32, "fromB": 32, "toB": 33, "inserted": [" "]}}
{"dateTime": "2025-08-19T22:31:37.119Z", "eventType": "delete.backward", "fullPath": "/main.py", "details": {"fromA": 32, "toA": 33, "fromB": 32, "toB": 32, "inserted": [""]}}
{"dateTime": "2025-08-19T22:31:38.256Z", "eventType": "input.type", "fullPath": "/main.py", "details": {"fromA": 32, "toA": 32, "fromB": 32, "toB": 33, "inserted": [":"]}}
{"dateTime": "2025-08-19T22:31:40.335Z", "eventType": "select", "fullPath": "/main.py", "details": {"selection": {"from": 34, "to": 34}}}
{"dateTime": "2025-08-19T22:31:40.509Z", "eventType": "select", "fullPath": "/main.py", "details": {"selection": {"from": 35, "to": 35}}}
{"dateTime": "2025-08-19T22:31:40.639Z", "eventType": "select", "fullPath": "/main.py", "details": {"selection": {"from": 36, "to": 36}}}
{"dateTime": "2025-08-19T22:31:41.393Z", "eventType": "input", "fullPath": "/main.py", "details": {"fromA": 36, "toA": 36, "fromB": 36, "toB": 37, "inserted": ["", ""]}}
{"dateTime": "2025-08-19T22:31:42.592Z", "eventType": "input.type", "fullPath": "/main.py", "details": {"fromA": 37, "toA": 37, "fromB": 37, "toB": 38, "inserted": ["n"]}}
{"dateTime": "2025-08-19T22:31:42.798Z", "eventType": "input.type", "fullPath": "/main.py", "details": {"fromA": 38, "toA": 38, "fromB": 38, "toB": 39, "inserted": ["u"]}}
{"dateTime": "2025-08-19T22:31:43.023Z", "eventType": "input.type", "fullPath": "/main.py", "details": {"fromA": 39, "toA": 39, "fromB": 39, "toB": 40, "inserted": ["m"]}}
{"dateTime": "2025-08-19T22:31:44.112Z", "eventType": "input.type", "fullPath": "/main.py", "details": {"fromA": 40, "toA": 40, "fromB": 40, "toB": 41, "inserted": ["b"]}}
{"dateTime": "2025-08-19T22:31:45.135Z", "eventType": "delete.backward", "fullPath": "/main.py", "details": {"fromA": 40, "toA": 41, "fromB": 40, "toB": 40, "inserted": [""]}}
{"dateTime": "2025-08-19T22:31:45.456Z", "eventType": "input.type", "fullPath": "/main.py", "details": {"fromA": 40, "toA": 40, "fromB": 40, "toB": 41, "inserted": ["2"]}}
{"dateTime": "2025-08-19T22:32:27.472Z", "eventType": "input", "fullPath": "/main.py", "details": {"fromA": 79, "toA": 79, "fromB": 79, "toB": 80, "inserted": ["", ""]}}
{"dateTime": "2025-08-19T22:33:39.396Z", "eventType": "blur", "fullPath": "/main.py"}
{"dateTime": "2025-08-19T22:33:40.421Z", "eventType": "focus", "fullPath": "/main.py"}
{"dateTime": "2025-08-19T22:33:40.423Z", "eventType": "select.pointer", "fullPath": "/main.py", "details": {"selection": {"from": 93, "to": 93}}}
{"dateTime": "2025-08-19T22:33:40.923Z", "eventType": "blur", "fullPath": "/main.py"}
{"dateTime": "2025-08-19T22:33:41.381Z", "eventType": "focus", "fullPath": "/main.py"}
{"dateTime": "2025-08-19T22:33:41.382Z", "eventType": "select.pointer", "fullPath": "/main.py", "details": {"selection": {"from": 93, "to": 93}}}
{"dateTime": "2025-08-19T22:33:42.176Z", "eventType": "input", "fullPath": "/main.py", "details": {"fromA": 93, "toA": 93, "fromB": 93, "toB": 94, "inserted": ["", ""]}}
{"dateTime": "2025-08-19T22:34:23.890Z", "eventType": "input", "fullPath": "/main.py", "details": {"fromA": 94, "toA": 94, "fromB": 94, "toB": 95, "inserted": ["", ""]}}
{"dateTime": "2025-08-19T22:34:26.895Z", "eventType": "input.type", "fullPath": "/main.py", "details": {"fromA": 95, "toA": 95, "fromB": 95, "toB": 96, "inserted": ["r"]}}
{"dateTime": "2025-08-19T22:34:28.079Z", "eventType": "input.type", "fullPath": "/main.py", "details": {"fromA": 96, "toA": 96, "fromB": 96, "toB": 97, "inserted": ["s"]}}
{"dateTime": "2025-08-19T22:34:28.353Z", "eventType": "input.type", "fullPath": "/main.py", "details": {"fromA": 97, "toA": 97, "fromB": 97, "toB": 98, "inserted": ["t"]}}
{"dateTime": "2025-08-19T22:34:29.247Z", "eventType": "input.type", "fullPath": "/main.py", "details": {"fromA": 98, "toA": 98, "fromB": 98, "toB": 99, "inserted": ["="]}}
{"dateTime": "2025-08-19T22:34:30.367Z", "eventType": "input.type", "fullPath": "/main.py", "details": {"fromA": 99, "toA": 99, "fromB": 99, "toB": 100, "inserted": [" "]}}
{"dateTime": "2025-08-19T22:34:30.879Z", "eventType": "input.type", "fullPath": "/main.py", "details": {"fromA": 100, "toA": 100, "fromB": 100, "toB": 101, "inserted": ["d"]}}
{"dateTime": "2025-08-19T22:34:31.073Z", "eventType": "input.type", "fullPath": "/main.py", "details": {"fromA": 101, "toA": 101, "fromB": 101, "toB": 102, "inserted": ["v"]}}
{"dateTime": "2025-08-19T22:34:44.347Z", "eventType": "input.type", "fullPath": "/main.py", "details": {"fromA": 102, "toA": 102, "fromB": 102, "toB": 103, "inserted": ["%"]}}
{"dateTime": "2025-08-19T22:35:33.240Z", "eventType": "focus", "fullPath": "/main.py"}
{"dateTime": "2025-08-19T22:35:58.993Z", "eventType": "input", "fullPath": "/main.py", "details": {"fromA": 103, "toA": 103, "fromB": 103, "toB": 104, "inserted": ["", ""]}}
{"dateTime": "2025-08-19T22:36:03.518Z", "eventType": "window.blur", "fullPath": "/main.py"}
{"dateTime": "2025-08-19T22:36:04.399Z", "eventType": "window.focus", "fullPath": "/main.py"}
{"dateTime": "2025-08-19T22:36:04.400Z", "eventType": "focus", "fullPath": "/main.py"}
{"dateTime": "2025-08-19T22:36:21.911Z", "eventType": "select.pointer", "fullPath": "/main.py", "details": {"selection": {"from": 105, "to": 105}}}
{"dateTime": "2025-08-19T22:36:23.359Z", "eventType": "input.type", "fullPath": "/main.py", "details": {"fromA": 105, "toA": 105, "fromB": 105, "toB": 106, "inserted": ["d"]}}
{"dateTime": "2025-08-19T22:36:23.471Z", "eventType": "input.type", "fullPath": "/main.py", "details": {"fromA": 106, "toA": 106, "fromB": 106, "toB": 107, "inserted": ["v"]}}
{"dateTime": "2025-08-19T22:36:25.871Z", "eventType": "input.type", "fullPath": "/main.py", "details": {"fromA": 107, "toA": 107, "fromB": 107, "toB": 108, "inserted": ["r"]}}
{"dateTime": "2025-08-19T22:36:27.471Z", "eventType": "input.type", "fullPath": "/main.py", "details": {"fromA": 108, "toA": 108, "fromB": 108, "toB": 109, "inserted": ["="]}}
{"dateTime": "2025-08-19T22:36:28.191Z", "eventType": "input.type", "fullPath": "/main.py", "details": {"fromA": 109, "toA": 109, "fromB": 109, "toB": 110, "inserted": [" "]}}
{"dateTime": "2025-08-19T22:36:28.623Z", "eventType": "input.type", "fullPath": "/main.py", "details": {"fromA": 110, "toA": 110, "fromB": 110, "toB": 111, "inserted": ["n"]}}
{"dateTime": "2025-08-19T22:36:28.820Z", "eventType": "input.type", "fullPath": "/main.py", "details": {"fromA": 111, "toA": 111, "fromB": 111, "toB": 112, "inserted": ["u"]}}
{"dateTime": "2025-08-19T22:36:29.043Z", "eventType": "input.type", "fullPath": "/main.py", "details": {"fromA": 112, "toA": 112, "fromB": 112, "toB": 113, "inserted": ["m"]}}
{"dateTime": "2025-08-19T22:36:29.647Z", "eventType": "input.type", "fullPath": "/main.py", "details": {"fromA": 113, "toA": 113, "fromB": 113, "toB": 114, "inserted": ["1"]}}
{"dateTime": "2025-08-19T22:36:30.207Z", "eventType": "input.type", "fullPath": "/main.py", "details": {"fromA": 114, "toA": 114, "fromB": 114, "toB": 115, "inserted": ["/"]}}
{"dateTime": "2025-08-19T22:36:30.874Z", "eventType": "input.type", "fullPath": "/main.py", "details": {"fromA": 115, "toA": 115, "fromB": 115, "toB": 116, "inserted": ["n"]}}
{"dateTime": "2025-08-19T22:36:31.060Z", "eventType": "input.type", "fullPath": "/main.py", "details": {"fromA": 116, "toA": 116, "fromB": 116, "toB": 117, "inserted": ["u"]}}
{"dateTime": "2025-08-19T22:36:31.267Z", "eventType": "input.type", "fullPath": "/main.py", "details": {"fromA": 117, "toA": 117, "fromB": 117, "toB": 118, "inserted": ["m"]}}
{"dateTime": "2025-08-19T22:36:31.930Z", "eventType": "input.type", "fullPath": "/main.py", "details": {"fromA": 118, "toA": 118, "fromB": 118, "toB": 119, "inserted": ["2"]}}
{"dateTime": "2025-08-19T22:36:43.490Z", "eventType": "blur", "fullPath": "/main.py"}
{"dateTime": "2025-08-19T22:36:44.302Z", "eventType": "focus", "fullPath": "/main.py"}
{"dateTime": "2025-08-19T22:36:44.303Z", "eventType": "select.pointer", "fullPath": "/main.py", "details": {"selection": {"from": 119, "to": 119}}}
{"dateTime": "2025-08-19T22:37:11.278Z", "eventType": "input", "fullPath": "/main.py", "details": {"fromA": 119, "toA": 119, "fromB": 119, "toB": 120, "inserted": ["", ""]}}
{"dateTime": "2025-08-19T22:37:12.254Z", "eventType": "input", "fullPath": "/main.py", "details": {"fromA": 120, "toA": 120, "fromB": 120, "toB": 121, "inserted": ["", ""]}}
{"dateTime": "2025-08-19T22:37:12.448Z", "eventType": "input.type", "fullPath": "/main.py", "details": {"fromA": 121, "toA": 121, "fromB": 121, "toB": 122, "inserted": ["e"]}}
{"dateTime": "2025-08-19T22:37:12.643Z", "eventType": "input.type", "fullPath": "/main.py", "details": {"fromA": 122, "toA": 122, "fromB": 122, "toB": 123, "inserted": ["l"]}}
{"dateTime": "2025-08-19T22:37:13.055Z", "eventType": "input.type", "fullPath": "/main.py", "details": {"fromA": 123, "toA": 123, "fromB": 123, "toB": 124, "inserted": ["e"]}}
{"dateTime": "2025-08-19T22:37:13.200Z", "eventType": "input.type", "fullPath": "/main.py", "details": {"fromA": 124, "toA": 124, "fromB": 124, "toB": 125, "inserted": ["v"]}}
{"dateTime": "2025-08-19T22:37:13.423Z", "eventType": "input.type", "fullPath": "/main.py", "details": {"fromA": 125, "toA": 125, "fromB": 125, "toB": 126, "inserted": ["a"]}}
{"dateTime": "2025-08-19T22:37:14.062Z", "eventType": "input.type", "fullPath": "/main.py", "details": {"fromA": 126, "toA": 126, "fromB": 126, "toB": 127, "inserted": ["d"]}}
{"dateTime": "2025-08-19T22:37:14.202Z", "eventType": "input.type", "fullPath": "/main.py", "details": {"fromA": 127, "toA": 127, "fromB": 127, "toB": 128, "inserted": ["o"]}}
{"dateTime": "2025-08-19T22:37:15.198Z", "eventType": "input.type", "fullPath": "/main.py", "details": {"fromA": 128, "toA": 128, "fromB": 128, "toB": 129, "inserted": ["="]}}
{"dateTime": "2025-08-19T22:37:20.089Z", "eventType": "input.type", "fullPath": "/main.py", "details": {"fromA": 129, "toA": 129, "fromB": 129, "toB": 130, "inserted": ["n"]}}
{"dateTime": "2025-08-19T22:37:20.271Z", "eventType": "input.type", "fullPath": "/main.py", "details": {"fromA": 130, "toA": 130, "fromB": 130, "toB": 131, "inserted": ["u"]}}
{"dateTime": "2025-08-19T22:37:20.481Z", "eventType": "input.type", "fullPath": "/main.py", "details": {"fromA": 131, "toA": 131, "fromB": 131, "toB": 132, "inserted": ["m"]}}
{"dateTime": "2025-08-19T22:37:21.486Z", "eventType": "input.type", "fullPath": "/main.py", "details": {"fromA": 132, "toA": 132, "fromB": 132, "toB": 133, "inserted": ["2"]}}
{"dateTime": "2025-08-19T22:37:22.670Z", "eventType": "input.type", "fullPath": "/main.py", "details": {"fromA": 133, "toA": 133, "fromB": 133, "toB": 134, "inserted": ["*"]}}
{"dateTime": "2025-08-19T22:37:22.814Z", "eventType": "input.type", "fullPath": "/main.py", "details": {"fromA": 134, "toA": 134, "fromB": 134, "toB": 135, "inserted": ["*"]}}
{"dateTime": "2025-08-19T22:37:24.943Z", "eventType": "input.type", "fullPath": "/main.py", "details": {"fromA": 135, "toA": 135, "fromB": 135, "toB": 136, "inserted": [","]}}
{"dateTime": "2025-08-19T22:37:25.885Z", "eventType": "delete.backward", "fullPath": "/main.py", "details": {"fromA": 135, "toA": 136, "fromB": 135, "toB": 135, "inserted": [""]}}
{"dateTime": "2025-08-19T22:37:26.495Z", "eventType": "input.type", "fullPath": "/main.py", "details": {"fromA": 135, "toA": 135, "fromB": 135, "toB": 136, "inserted": ["3"]}}
{"dateTime": "2025-08-19T22:37:27.934Z", "eventType": "select.pointer", "fullPath": "/main.py", "details": {"selection": {"from": 120, "to": 120}}}
{"dateTime": "2025-08-19T22:37:40.238Z", "eventType": "input.type", "fullPath": "/main.py", "details": {"fromA": 120, "toA": 120, "fromB": 120, "toB": 121, "inserted": ["p"]}}
{"dateTime": "2025-08-19T22:37:40.403Z", "eventType": "input.type", "fullPath": "/main.py", "details": {"fromA": 121, "toA": 121, "fromB": 121, "toB": 122, "inserted": ["r"]}}
{"dateTime": "2025-08-19T22:37:40.550Z", "eventType": "input.type", "fullPath": "/main.py", "details": {"fromA": 122, "toA": 122, "fromB": 122, "toB": 123, "inserted": ["o"]}}
{"dateTime": "2025-08-19T22:37:40.705Z", "eventType": "input.type", "fullPath": "/main.py", "details": {"fromA": 123, "toA": 123, "fromB": 123, "toB": 124, "inserted": ["d"]}}
{"dateTime": "2025-08-19T22:37:41.902Z", "eventType": "input.type", "fullPath": "/main.py", "details": {"fromA": 124, "toA": 124, "fromB": 124, "toB": 125, "inserted": ["="]}}
{"dateTime": "2025-08-19T22:37:43.918Z", "eventType": "input.type", "fullPath": "/main.py", "details": {"fromA": 125, "toA": 125, "fromB": 125, "toB": 126, "inserted": ["n"]}}
{"dateTime": "2025-08-19T22:37:44.113Z", "eventType": "input.type", "fullPath": "/main.py", "details": {"fromA": 126, "toA": 126, "fromB": 126, "toB": 127, "inserted": ["u"]}}
{"dateTime": "2025-08-19T22:37:44.337Z", "eventType": "input.type", "fullPath": "/main.py", "details": {"fromA": 127, "toA": 127, "fromB": 127, "toB": 128, "inserted": ["m"]}}
{"dateTime": "2025-08-19T22:37:44.656Z", "eventType": "input.type", "fullPath": "/main.py", "details": {"fromA": 128, "toA": 128, "fromB": 128, "toB": 129, "inserted": ["b"]}}
{"dateTime": "2025-08-19T22:37:45.182Z", "eventType": "input.type", "fullPath": "/main.py", "details": {"fromA": 129, "toA": 129, "fromB": 129, "toB": 130, "inserted": ["1"]}}
{"dateTime": "2025-08-19T22:37:45.901Z", "eventType": "input.type", "fullPath": "/main.py", "details": {"fromA": 130, "toA": 130, "fromB": 130, "toB": 131, "inserted": ["*"]}}
{"dateTime": "2025-08-19T22:37:46.526Z", "eventType": "input.type", "fullPath": "/main.py", "details": {"fromA": 131, "toA": 131, "fromB": 131, "toB": 132, "inserted": ["n"]}}
{"dateTime": "2025-08-19T22:37:56.094Z", "eventType": "delete.backward", "fullPath": "/main.py", "details": {"fromA": 156, "toA": 157, "fromB": 156, "toB": 156, "inserted": [""]}}
{"dateTime": "2025-08-19T22:37:56.894Z", "eventType": "input.type", "fullPath": "/main.py", "details": {"fromA": 156, "toA": 156, "fromB": 156, "toB": 157, "inserted": ["n"]}}
{"dateTime": "2025-08-19T22:37:57.009Z", "eventType": "input.type", "fullPath": "/main.py", "details": {"fromA": 157, "toA": 157, "fromB": 157, "toB": 158, "inserted": ["t"]}}
{"dateTime": "2025-08-19T22:37:58.414Z", "eventType": "input.type", "fullPath": "/main.py", "details": {"fromA": 158, "toA": 158, "fromB": 158, "toB": 159, "inserted": ["\""]}}
{"dateTime": "2025-08-19T22:37:59.085Z", "eventType": "delete.backward", "fullPath": "/main.py", "details": {"fromA": 158, "toA": 159, "fromB": 158, "toB": 158, "inserted": [""]}}
{"dateTime": "2025-08-19T22:38:00.638Z", "eventType": "input.type", "fullPath": "/main.py", "details": {"fromA": 158, "toA": 158, "fromB": 158, "toB": 160, "inserted": ["()"]}}
{"dateTime": "2025-08-19T22:38:04.798Z", "eventType": "input.type", "fullPath": "/main.py", "details": {"fromA": 159, "toA": 159, "fromB": 159, "toB": 160, "inserted": ["d"]}}
{"dateTime": "2025-08-19T22:38:04.963Z", "eventType": "input.type", "fullPath": "/main.py", "details": {"fromA": 160, "toA": 160, "fromB": 160, "toB": 161, "inserted": ["v"]}}
{"dateTime": "2025-08-19T22:38:07.357Z", "eventType": "input.complete", "fullPath": "/main.py", "details": {"fromA": 159, "toA": 161, "fromB": 159, "toB": 161, "inserted": ["dv"]}}
{"dateTime": "2025-08-19T22:38:07.994Z", "eventType": "select", "fullPath": "/main.py", "details": {"selection": {"from": 162, "to": 162}}}
{"dateTime": "2025-08-19T22:38:08.649Z", "eventType": "input", "fullPath": "/main.py", "details": {"fromA": 162, "toA": 162, "fromB": 162, "toB": 163, "inserted": ["", ""]}}
{"dateTime": "2025-08-19T22:38:09.870Z", "eventType": "input.type", "fullPath": "/main.py", "details": {"fromA": 163, "toA": 163, "fromB": 163, "toB": 164, "inserted": ["p"]}}
{"dateTime": "2025-08-19T22:38:10.051Z", "eventType": "input.type", "fullPath": "/main.py", "details": {"fromA": 164, "toA": 164, "fromB": 164, "toB": 165, "inserted": ["r"]}}
{"dateTime": "2025-08-19T22:38:10.242Z", "eventType": "input.type", "fullPath": "/main.py", "details": {"fromA": 165, "toA": 165, "fromB": 165, "toB": 166, "inserted": ["i"]}}
{"dateTime": "2025-08-19T22:38:10.451Z", "eventType": "input.type", "fullPath": "/main.py", "details": {"fromA": 166, "toA": 166, "fromB": 166, "toB": 167, "inserted": ["n"]}}
{"dateTime": "2025-08-19T22:38:10.573Z", "eventType": "input.type", "fullPath": "/main.py", "details": {"fromA": 167, "toA": 167, "fromB": 167, "toB": 168, "inserted": ["t"]}}
{"dateTime": "2025-08-19T22:38:11.614Z", "eventType": "input.type", "fullPath": "/main.py", "details": {"fromA": 168, "toA": 168, "fromB": 168, "toB": 170, "inserted": ["()"]}}
{"dateTime": "2025-08-19T22:38:14.238Z", "eventType": "input.type", "fullPath": "/main.py", "details": {"fromA": 169, "toA": 169, "fromB": 169, "toB": 170, "inserted": ["r"]}}
{"dateTime": "2025-08-19T22:38:15.006Z", "eventType": "input.type", "fullPath": "/main.py", "details": {"fromA": 170, "toA": 170, "fromB": 170, "toB": 171, "inserted": ["s"]}}
{"dateTime": "2025-08-19T22:38:15.218Z", "eventType": "input.type", "fullPath": "/main.py", "details": {"fromA": 171, "toA": 171, "fromB": 171, "toB": 172, "inserted": ["t"]}}
{"dateTime": "2025-08-19T22:38:16.284Z", "eventType": "select", "fullPath": "/main.py", "details": {"selection": {"from": 173, "to": 173}}}
{"dateTime": "2025-08-19T22:38:17.150Z", "eventType": "input", "fullPath": "/main.py", "details": {"fromA": 173, "toA": 173, "fromB": 173, "toB": 174, "inserted": ["", ""]}}
{"dateTime": "2025-08-19T22:38:17.582Z", "eventType": "input.type", "fullPath": "/main.py", "details": {"fromA": 174, "toA": 174, "fromB": 174, "toB": 175, "inserted": ["p"]}}
{"dateTime": "2025-08-19T22:38:17.715Z", "eventType": "input.type", "fullPath": "/main.py", "details": {"fromA": 175, "toA": 175, "fromB": 175, "toB": 176, "inserted": ["r"]}}
{"dateTime": "2025-08-19T22:38:17.874Z", "eventType": "input.type", "fullPath": "/main.py", "details": {"fromA": 176, "toA": 176, "fromB": 176, "toB": 177, "inserted": ["i"]}}
{"dateTime": "2025-08-19T22:38:18.051Z", "eventType": "input.type", "fullPath": "/main.py", "details": {"fromA": 177, "toA": 177, "fromB": 177, "toB": 178, "inserted": ["n"]}}
{"dateTime": "2025-08-19T22:38:18.225Z", "eventType": "input.type", "fullPath": "/main.py", "details": {"fromA": 178, "toA": 178, "fromB": 178, "toB": 179, "inserted": ["t"]}}
{"dateTime": "2025-08-19T22:38:20.590Z", "eventType": "input.type", "fullPath": "/main.py", "details": {"fromA": 179, "toA": 179, "fromB": 179, "toB": 181, "inserted": ["()"]}}
{"dateTime": "2025-08-19T22:38:22.446Z", "eventType": "input.type", "fullPath": "/main.py", "details": {"fromA": 180, "toA": 180, "fromB": 180, "toB": 181, "inserted": ["d"]}}
{"dateTime": "2025-08-19T22:38:22.585Z", "eventType": "input.type", "fullPath": "/main.py", "details": {"fromA": 181, "toA": 181, "fromB": 181, "toB": 182, "inserted": ["v"]}}
{"dateTime": "2025-08-19T22:38:22.833Z", "eventType": "input.type", "fullPath": "/main.py", "details": {"fromA": 182, "toA": 182, "fromB": 182, "toB": 183, "inserted": ["r"]}}
{"dateTime": "2025-08-19T22:38:25.304Z", "eventType": "input.complete", "fullPath": "/main.py", "details": {"fromA": 180, "toA": 183, "fromB": 180, "toB": 183, "inserted": ["dvr"]}}
{"dateTime": "2025-08-19T22:38:26.330Z", "eventType": "select", "fullPath": "/main.py", "details": {"selection": {"from": 184, "to": 184}}}
{"dateTime": "2025-08-19T22:38:27.054Z", "eventType": "input", "fullPath": "/main.py", "details": {"fromA": 184, "toA": 184, "fromB": 184, "toB": 185, "inserted": ["", ""]}}
{"dateTime": "2025-08-19T22:38:28.061Z", "eventType": "input.type", "fullPath": "/main.py", "details": {"fromA": 185, "toA": 185, "fromB": 185, "toB": 186, "inserted": ["p"]}}
{"dateTime": "2025-08-19T22:38:28.275Z", "eventType": "input.type", "fullPath": "/main.py", "details": {"fromA": 186, "toA": 186, "fromB": 186, "toB": 187, "inserted": ["r"]}}
{"dateTime": "2025-08-19T22:38:28.402Z", "eventType": "input.type", "fullPath": "/main.py", "details": {"fromA": 187, "toA": 187, "fromB": 187, "toB": 188, "inserted": ["i"]}}
{"dateTime": "2025-08-19T22:38:28.643Z", "eventType": "input.type", "fullPath": "/main.py", "details": {"fromA": 188, "toA": 188, "fromB": 188, "toB": 189, "inserted": ["n"]}}
{"dateTime": "2025-08-19T22:38:28.958Z", "eventType": "input.type", "fullPath": "/main.py", "details": {"fromA": 189, "toA": 189, "fromB": 189, "toB": 190, "inserted": ["t"]}}
{"dateTime": "2025-08-19T22:38:30.824Z", "eventType": "input.type", "fullPath": "/main.py", "details": {"fromA": 190, "toA": 190, "fromB": 190, "toB": 192, "inserted": ["()"]}}
{"dateTime": "2025-08-19T22:38:32.557Z", "eventType": "input.type", "fullPath": "/main.py", "details": {"fromA": 191, "toA": 191, "fromB": 191, "toB": 192, "inserted": ["p"]}}
{"dateTime": "2025-08-19T22:38:32.990Z", "eventType": "input.type", "fullPath": "/main.py", "details": {"fromA": 192, "toA": 192, "fromB": 192, "toB": 193, "inserted": ["r"]}}
{"dateTime": "2025-08-19T22:38:33.121Z", "eventType": "input.type", "fullPath": "/main.py", "details": {"fromA": 193, "toA": 193, "fromB": 193, "toB": 194, "inserted": ["o"]}}
{"dateTime": "2025-08-19T22:38:33.329Z", "eventType": "input.type", "fullPath": "/main.py", "details": {"fromA": 194, "toA": 194, "fromB": 194, "toB": 195, "inserted": ["d"]}}
{"dateTime": "2025-08-19T22:38:33.978Z", "eventType": "select", "fullPath": "/main.py", "details": {"selection": {"from": 196, "to": 196}}}
{"dateTime": "2025-08-19T22:38:34.782Z", "eventType": "input", "fullPath": "/main.py", "details": {"fromA": 196, "toA": 196, "fromB": 196, "toB": 197, "inserted": ["", ""]}}
{"dateTime": "2025-08-19T22:38:35.950Z", "eventType": "input.type", "fullPath": "/main.py", "details": {"fromA": 197, "toA": 197, "fromB": 197, "toB": 198, "inserted": ["P"]}}
{"dateTime": "2025-08-19T22:38:36.309Z", "eventType": "input.type", "fullPath": "/main.py", "details": {"fromA": 198, "toA": 198, "fromB": 198, "toB": 199, "inserted": ["e"]}}
{"dateTime": "2025-08-19T22:38:36.734Z", "eventType": "delete.backward", "fullPath": "/main.py", "details": {"fromA": 198, "toA": 199, "fromB": 198, "toB": 198, "inserted": [""]}}
{"dateTime": "2025-08-19T22:38:37.535Z", "eventType": "input.type", "fullPath": "/main.py", "details": {"fromA": 198, "toA": 198, "fromB": 198, "toB": 199, "inserted": ["r"]}}
{"dateTime": "2025-08-19T22:38:37.731Z", "eventType": "input.type", "fullPath": "/main.py", "details": {"fromA": 199, "toA": 199, "fromB": 199, "toB": 200, "inserted": ["i"]}}
{"dateTime": "2025-08-19T22:38:37.906Z", "eventType": "input.type", "fullPath": "/main.py", "details": {"fromA": 200, "toA": 200, "fromB": 200, "toB": 201, "inserted": ["n"]}}
{"dateTime": "2025-08-19T22:38:38.032Z", "eventType": "input.type", "fullPath": "/main.py", "details": {"fromA": 201, "toA": 201, "fromB": 201, "toB": 202, "inserted": ["t"]}}
{"dateTime": "2025-08-19T22:38:39.150Z", "eventType": "input.type", "fullPath": "/main.py", "details": {"fromA": 202, "toA": 202, "fromB": 202, "toB": 204, "inserted": ["()"]}}
{"dateTime": "2025-08-19T22:38:40.733Z", "eventType": "input.type", "fullPath": "/main.py", "details": {"fromA": 203, "toA": 203, "fromB": 203, "toB": 204, "inserted": ["e"]}}
{"dateTime": "2025-08-19T22:38:40.873Z", "eventType": "input.type", "fullPath": "/main.py", "details": {"fromA": 204, "toA": 204, "fromB": 204, "toB": 205, "inserted": ["l"]}}
{"dateTime": "2025-08-19T22:38:41.041Z", "eventType": "input.type", "fullPath": "/main.py", "details": {"fromA": 205, "toA": 205, "fromB": 205, "toB": 206, "inserted": ["e"]}}
{"dateTime": "2025-08-19T22:38:41.345Z", "eventType": "input.type", "fullPath": "/main.py", "details": {"fromA": 206, "toA": 206, "fromB": 206, "toB": 207, "inserted": ["v"]}}
{"dateTime": "2025-08-19T22:38:41.472Z", "eventType": "input.type", "fullPath": "/main.py", "details": {"fromA": 207, "toA": 207, "fromB": 207, "toB": 208, "inserted": ["a"]}}
{"dateTime": "2025-08-19T22:38:41.737Z", "eventType": "input.type", "fullPath": "/main.py", "details": {"fromA": 208, "toA": 208, "fromB": 208, "toB": 209, "inserted": ["d"]}}
{"dateTime": "2025-08-19T22:38:41.918Z", "eventType": "input.type", "fullPath": "/main.py", "details": {"fromA": 209, "toA": 209, "fromB": 209, "toB": 210, "inserted": ["o"]}}
{"dateTime": "2025-08-19T22:38:43.767Z", "eventType": "input.complete", "fullPath": "/main.py", "details": {"fromA": 203, "toA": 210, "fromB": 203, "toB": 210, "inserted": ["elevado"]}}
{"dateTime": "2025-08-19T22:38:56.676Z", "eventType": "focus", "fullPath": "/main.py"}
{"dateTime": "2025-08-19T22:38:56.684Z", "eventType": "select.pointer", "fullPath": "/main.py", "details": {"selection": {"from": 104, "to": 104}}}
{"dateTime": "2025-08-19T22:38:57.181Z", "eventType": "select.pointer", "fullPath": "/main.py", "details": {"selection": {"from": 103, "to": 103}}}
{"dateTime": "2025-08-19T22:38:59.756Z", "eventType": "select.pointer", "fullPath": "/main.py", "details": {"selection": {"from": 102, "to": 102}}}
{"dateTime": "2025-08-19T22:39:02.604Z", "eventType": "select.pointer", "fullPath": "/main.py", "details": {"selection": {"from": 103, "to": 103}}}
{"dateTime": "2025-08-19T22:39:03.045Z", "eventType": "select.pointer", "fullPath": "/main.py", "details": {"selection": {"from": 102, "to": 103}}}
{"dateTime": "2025-08-19T22:39:03.189Z", "eventType": "select.pointer", "fullPath": "/main.py", "details": {"selection": {"from": 102, "to": 103}}}
{"dateTime": "2025-08-19T22:39:03.205Z", "eventType": "select.pointer", "fullPath": "/main.py", "details": {"selection": {"from": 100, "to": 103}}}
{"dateTime": "2025-08-19T22:39:03.925Z", "eventType": "select.pointer", "fullPath": "/main.py", "details": {"selection": {"from": 104, "to": 104}}}
{"dateTime": "2025-08-19T22:39:04.935Z", "eventType": "select.pointer", "fullPath": "/main.py", "details": {"selection": {"from": 173, "to": 173}}}
{"dateTime": "2025-08-19T22:39:05.019Z", "eventType": "select.pointer", "fullPath": "/main.py", "details": {"selection": {"from": 172, "to": 173}}}
{"dateTime": "2025-08-19T22:39:05.071Z", "eventType": "select.pointer", "fullPath": "/main.py", "details": {"selection": {"from": 171, "to": 173}}}
{"dateTime": "2025-08-19T22:39:05.086Z", "eventType": "select.pointer", "fullPath": "/main.py", "details": {"selection": {"from": 170, "to": 173}}}
{"dateTime": "2025-08-19T22:39:05.103Z", "eventType": "select.pointer", "fullPath": "/main.py", "details": {"selection": {"from": 169, "to": 173}}}
{"dateTime": "2025-08-19T22:39:05.137Z", "eventType": "select.pointer", "fullPath": "/main.py", "details": {"selection": {"from": 168, "to": 173}}}
{"dateTime": "2025-08-19T22:39:05.171Z", "eventType": "select.pointer", "fullPath": "/main.py", "details": {"selection": {"from": 167, "to": 173}}}
{"dateTime": "2025-08-19T22:39:05.188Z", "eventType": "select.pointer", "fullPath": "/main.py", "details": {"selection": {"from": 166, "to": 173}}}
{"dateTime": "2025-08-19T22:39:05.238Z", "eventType": "select.pointer", "fullPath": "/main.py", "details": {"selection": {"from": 165, "to": 173}}}
{"dateTime": "2025-08-19T22:39:05.286Z", "eventType": "select.pointer", "fullPath": "/main.py", "details": {"selection": {"from": 164, "to": 173}}}
{"dateTime": "2025-08-19T22:39:05.371Z", "eventType": "select.pointer", "fullPath": "/main.py", "details": {"selection": {"from": 163, "to": 173}}}
{"dateTime": "2025-08-19T22:39:06.237Z", "eventType": "delete.selection", "fullPath": "/main.py", "details": {"fromA": 163, "toA": 173, "fromB": 163, "toB": 163, "inserted": [""]}}
{"dateTime": "2025-08-19T22:39:07.520Z", "eventType": "select.pointer", "fullPath": "/main.py", "details": {"selection": {"from": 103, "to": 103}}}
{"dateTime": "2025-08-19T22:39:07.654Z", "eventType": "select.pointer", "fullPath": "/main.py", "details": {"selection": {"from": 102, "to": 103}}}
{"dateTime": "2025-08-19T22:39:07.671Z", "eventType": "select.pointer", "fullPath": "/main.py", "details": {"selection": {"from": 101, "to": 103}}}
{"dateTime": "2025-08-19T22:39:07.721Z", "eventType": "select.pointer", "fullPath": "/main.py", "details": {"selection": {"from": 100, "to": 103}}}
{"dateTime": "2025-08-19T22:39:07.755Z", "eventType": "select.pointer", "fullPath": "/main.py", "details": {"selection": {"from": 99, "to": 103}}}
{"dateTime": "2025-08-19T22:39:07.818Z", "eventType": "select.pointer", "fullPath": "/main.py", "details": {"selection": {"from": 98, "to": 103}}}
{"dateTime": "2025-08-19T22:39:07.871Z", "eventType": "select.pointer", "fullPath": "/main.py", "details": {"selection": {"from": 97, "to": 103}}}
{"dateTime": "2025-08-19T22:39:07.921Z", "eventType": "select.pointer", "fullPath": "/main.py", "details": {"selection": {"from": 96, "to": 103}}}
{"dateTime": "2025-08-19T22:39:07.971Z", "eventType": "select.pointer", "fullPath": "/main.py", "details": {"selection": {"from": 95, "to": 103}}}
{"dateTime": "2025-08-19T22:39:08.940Z", "eventType": "delete.selection", "fullPath": "/main.py", "details": {"fromA": 95, "toA": 103, "fromB": 95, "toB": 95, "inserted": [""]}}
{"dateTime": "2025-08-19T22:39:10.450Z", "eventType": "blur", "fullPath": "/main.py"}
{"dateTime": "2025-08-19T22:39:27.348Z", "eventType": "focus", "fullPath": "/main.py"}
{"dateTime": "2025-08-19T22:39:27.350Z", "eventType": "select.pointer", "fullPath": "/main.py", "details": {"selection": {"from": 121, "to": 121}}}
{"dateTime": "2025-08-19T22:39:28.205Z", "eventType": "delete.backward", "fullPath": "/main.py", "details": {"fromA": 120, "toA": 121, "fromB": 120, "toB": 120, "inserted": [""]}}
{"dateTime": "2025-08-19T22:39:32.359Z", "eventType": "blur", "fullPath": "/main.py"}
{"dateTime": "2025-08-19T22:39:55.889Z", "eventType": "select.pointer", "fullPath": "/main.py", "details": {"selection": {"from": 177, "to": 177}}}
{"dateTime": "2025-08-19T22:40:10.453Z", "eventType": "select.pointer", "fullPath": "/main.py", "details": {"selection": {"from": 154, "to": 154}}}
{"dateTime": "2025-08-19T22:40:20.070Z", "eventType": "window.blur", "fullPath": "/main.py"}
{"dateTime": "2025-08-19T22:41:00.900Z", "eventType": "focus", "fullPath": "/main.py"}
{"dateTime": "2025-08-19T22:41:02.720Z", "eventType": "select.pointer", "fullPath": "/main.py", "details": {"selection": {"from": 96, "to": 96}}}
{"dateTime": "2025-08-19T22:41:03.358Z", "eventType": "select.pointer", "fullPath": "/main.py", "details": {"selection": {"from": 95, "to": 95}}}
{"dateTime": "2025-08-19T22:41:04.447Z", "eventType": "input.type", "fullPath": "/main.py", "details": {"fromA": 95, "toA": 95, "fromB": 95, "toB": 96, "inserted": ["r"]}}
{"dateTime": "2025-08-19T22:41:04.697Z", "eventType": "input.type", "fullPath": "/main.py", "details": {"fromA": 96, "toA": 96, "fromB": 96, "toB": 97, "inserted": ["e"]}}
{"dateTime": "2025-08-19T22:41:05.133Z", "eventType": "delete.backward", "fullPath": "/main.py", "details": {"fromA": 96, "toA": 97, "fromB": 96, "toB": 96, "inserted": [""]}}
{"dateTime": "2025-08-19T22:41:06.349Z", "eventType": "input.type", "fullPath": "/main.py", "details": {"fromA": 96, "toA": 96, "fromB": 96, "toB": 97, "inserted": ["s"]}}
{"dateTime": "2025-08-19T22:41:06.451Z", "eventType": "input.type", "fullPath": "/main.py", "details": {"fromA": 97, "toA": 97, "fromB": 97, "toB": 98, "inserted": ["t"]}}
{"dateTime": "2025-08-19T22:41:07.437Z", "eventType": "input.type", "fullPath": "/main.py", "details": {"fromA": 98, "toA": 98, "fromB": 98, "toB": 99, "inserted": ["="]}}
{"dateTime": "2025-08-19T22:41:08.156Z", "eventType": "input.type", "fullPath": "/main.py", "details": {"fromA": 99, "toA": 99, "fromB": 99, "toB": 100, "inserted": [" "]}}
{"dateTime": "2025-08-19T22:41:08.749Z", "eventType": "input.type", "fullPath": "/main.py", "details": {"fromA": 100, "toA": 100, "fromB": 100, "toB": 101, "inserted": ["n"]}}
{"dateTime": "2025-08-19T22:41:08.976Z", "eventType": "input.type", "fullPath": "/main.py", "details": {"fromA": 101, "toA": 101, "fromB": 101, "toB": 102, "inserted": ["u"]}}
{"dateTime": "2025-08-19T22:41:09.309Z", "eventType": "input.type", "fullPath": "/main.py", "details": {"fromA": 102, "toA": 102, "fromB": 102, "toB": 103, "inserted": ["m"]}}
{"dateTime": "2025-08-19T22:41:09.981Z", "eventType": "input.type", "fullPath": "/main.py", "details": {"fromA": 103, "toA": 103, "fromB": 103, "toB": 104, "inserted": ["1"]}}
{"dateTime": "2025-08-19T22:41:11.853Z", "eventType": "input.type", "fullPath": "/main.py", "details": {"fromA": 104, "toA": 104, "fromB": 104, "toB": 105, "inserted": ["%"]}}
{"dateTime": "2025-08-19T22:41:13.128Z", "eventType": "input.type", "fullPath": "/main.py", "details": {"fromA": 105, "toA": 105, "fromB": 105, "toB": 106, "inserted": ["n"]}}
{"dateTime": "2025-08-19T22:41:13.344Z", "eventType": "input.type", "fullPath": "/main.py", "details": {"fromA": 106, "toA": 106, "fromB": 106, "toB": 107, "inserted": ["u"]}}
{"dateTime": "2025-08-19T22:41:13.536Z", "eventType": "input.type", "fullPath": "/main.py", "details": {"fromA": 107, "toA": 107, "fromB": 107, "toB": 108, "inserted": ["m"]}}
{"dateTime": "2025-08-19T22:41:15.372Z", "eventType": "input.type", "fullPath": "/main.py", "details": {"fromA": 108, "toA": 108, "fromB": 108, "toB": 109, "inserted": ["2"]}}
{"dateTime": "2025-08-19T22:41:16.936Z", "eventType": "select.pointer", "fullPath": "/main.py", "details": {"selection": {"from": 178, "to": 178}}}
{"dateTime": "2025-08-19T22:41:17.634Z", "eventType": "select.pointer", "fullPath": "/main.py", "details": {"selection": {"from": 168, "to": 168}}}
{"dateTime": "2025-08-19T22:41:18.430Z", "eventType": "input.type", "fullPath": "/main.py", "details": {"fromA": 168, "toA": 168, "fromB": 168, "toB": 169, "inserted": ["p"]}}
{"dateTime": "2025-08-19T22:41:18.673Z", "eventType": "input.type", "fullPath": "/main.py", "details": {"fromA": 169, "toA": 169, "fromB": 169, "toB": 170, "inserted": ["r"]}}
{"dateTime": "2025-08-19T22:41:18.881Z", "eventType": "input.type", "fullPath": "/main.py", "details": {"fromA": 170, "toA": 170, "fromB": 170, "toB": 171, "inserted": ["i"]}}
{"dateTime": "2025-08-19T22:41:19.025Z", "eventType": "input.type", "fullPath": "/main.py", "details": {"fromA": 171, "toA": 171, "fromB": 171, "toB": 172, "inserted": ["n"]}}
{"dateTime": "2025-08-19T22:41:19.137Z", "eventType": "input.type", "fullPath": "/main.py", "details": {"fromA": 172, "toA": 172, "fromB": 172, "toB": 173, "inserted": ["t"]}}
{"dateTime": "2025-08-19T22:41:20.317Z", "eventType": "input.type", "fullPath": "/main.py", "details": {"fromA": 173, "toA": 173, "fromB": 173, "toB": 175, "inserted": ["()"]}}
{"dateTime": "2025-08-19T22:41:21.437Z", "eventType": "input.type", "fullPath": "/main.py", "details": {"fromA": 174, "toA": 174, "fromB": 174, "toB": 175, "inserted": ["n"]}}
{"dateTime": "2025-08-19T22:41:21.584Z", "eventType": "input.type", "fullPath": "/main.py", "details": {"fromA": 175, "toA": 175, "fromB": 175, "toB": 176, "inserted": ["u"]}}
{"dateTime": "2025-08-19T22:41:21.757Z", "eventType": "input.type", "fullPath": "/main.py", "details": {"fromA": 176, "toA": 176, "fromB": 176, "toB": 177, "inserted": ["m"]}}
{"dateTime": "2025-08-19T22:41:22.908Z", "eventType": "delete.backward", "fullPath": "/main.py", "details": {"fromA": 176, "toA": 177, "fromB": 176, "toB": 176, "inserted": [""]}}
{"dateTime": "2025-08-19T22:41:23.267Z", "eventType": "delete.backward", "fullPath": "/main.py", "details": {"fromA": 175, "toA": 176, "fromB": 175, "toB": 175, "inserted": [""]}}
{"dateTime": "2025-08-19T22:41:23.564Z", "eventType": "delete.backward", "fullPath": "/main.py", "details": {"fromA": 174, "toA": 175, "fromB": 174, "toB": 174, "inserted": [""]}}
{"dateTime": "2025-08-19T22:41:24.413Z", "eventType": "input.type", "fullPath": "/main.py", "details": {"fromA": 174, "toA": 174, "fromB": 174, "toB": 175, "inserted": ["r"]}}
{"dateTime": "2025-08-19T22:41:24.553Z", "eventType": "input.type", "fullPath": "/main.py", "details": {"fromA": 175, "toA": 175, "fromB": 175, "toB": 176, "inserted": ["t"]}}
{"dateTime": "2025-08-19T22:41:24.735Z", "eventType": "input.type", "fullPath": "/main.py", "details": {"fromA": 176, "toA": 176, "fromB": 176, "toB": 177, "inserted": ["s"]}}
{"dateTime": "2025-08-19T22:41:27.359Z", "eventType": "blur", "fullPath": "/main.py"}
{"dateTime": "2025-08-19T22:41:38.748Z", "eventType": "focus", "fullPath": "/main.py"}
{"dateTime": "2025-08-19T22:41:38.750Z", "eventType": "select.pointer", "fullPath": "/main.py", "details": {"selection": {"from": 105, "to": 105}}}
{"dateTime": "2025-08-19T22:42:02.332Z", "eventType": "focus", "fullPath": "/main.py"}
{"dateTime": "2025-08-19T22:42:02.334Z", "eventType": "select.pointer", "fullPath": "/main.py", "details": {"selection": {"from": 47, "to": 47}}}
{"dateTime": "2025-08-19T22:42:03.133Z", "eventType": "delete.backward", "fullPath": "/main.py", "details": {"fromA": 46, "toA": 47, "fromB": 46, "toB": 46, "inserted": [""]}}
{"dateTime": "2025-08-19T22:42:03.293Z", "eventType": "delete.backward", "fullPath": "/main.py", "details": {"fromA": 45, "toA": 46, "fromB": 45, "toB": 45, "inserted": [""]}}
{"dateTime": "2025-08-19T22:42:03.469Z", "eventType": "delete.backward", "fullPath": "/main.py", "details": {"fromA": 44, "toA": 45, "fromB": 44, "toB": 44, "inserted": [""]}}
{"dateTime": "2025-08-19T22:42:04.152Z", "eventType": "delete.backward", "fullPath": "/main.py", "details": {"fromA": 43, "toA": 44, "fromB": 43, "toB": 43, "inserted": [""]}}
{"dateTime": "2025-08-19T22:42:04.491Z", "eventType": "delete.backward", "fullPath": "/main.py", "details": {"fromA": 42, "toA": 43, "fromB": 42, "toB": 42, "inserted": [""]}}
{"dateTime": "2025-08-19T22:42:05.133Z", "eventType": "input.type", "fullPath": "/main.py", "details": {"fromA": 42, "toA": 42, "fromB": 42, "toB": 43, "inserted": ["i"]}}
{"dateTime": "2025-08-19T22:42:05.303Z", "eventType": "input.type", "fullPath": "/main.py", "details": {"fromA": 43, "toA": 43, "fromB": 43, "toB": 44, "inserted": ["n"]}}
{"dateTime": "2025-08-19T22:42:05.493Z", "eventType": "input.type", "fullPath": "/main.py", "details": {"fromA": 44, "toA": 44, "fromB": 44, "toB": 45, "inserted": ["t"]}}
{"dateTime": "2025-08-19T22:42:06.667Z", "eventType": "select", "fullPath": "/main.py", "details": {"selection": {"from": 46, "to": 46}}}
{"dateTime": "2025-08-19T22:42:07.022Z", "eventType": "select", "fullPath": "/main.py", "details": {"selection": {"from": 9, "to": 9}}}
{"dateTime": "2025-08-19T22:42:07.436Z", "eventType": "select", "fullPath": "/main.py", "details": {"selection": {"from": 10, "to": 10}}}
{"dateTime": "2025-08-19T22:42:08.045Z", "eventType": "delete.backward", "fullPath": "/main.py", "details": {"fromA": 9, "toA": 10, "fromB": 9, "toB": 9, "inserted": [""]}}
{"dateTime": "2025-08-19T22:42:08.184Z", "eventType": "delete.backward", "fullPath": "/main.py", "details": {"fromA": 8, "toA": 9, "fromB": 8, "toB": 8, "inserted": [""]}}
{"dateTime": "2025-08-19T22:42:08.333Z", "eventType": "delete.backward", "fullPath": "/main.py", "details": {"fromA": 7, "toA": 8, "fromB": 7, "toB": 7, "inserted": [""]}}
{"dateTime": "2025-08-19T22:42:08.589Z", "eventType": "delete.backward", "fullPath": "/main.py", "details": {"fromA": 6, "toA": 7, "fromB": 6, "toB": 6, "inserted": [""]}}
{"dateTime": "2025-08-19T22:42:08.779Z", "eventType": "delete.backward", "fullPath": "/main.py", "details": {"fromA": 5, "toA": 6, "fromB": 5, "toB": 5, "inserted": [""]}}
{"dateTime": "2025-08-19T22:42:09.421Z", "eventType": "input.type", "fullPath": "/main.py", "details": {"fromA": 5, "toA": 5, "fromB": 5, "toB": 6, "inserted": ["i"]}}
{"dateTime": "2025-08-19T22:42:09.626Z", "eventType": "input.type", "fullPath": "/main.py", "details": {"fromA": 6, "toA": 6, "fromB": 6, "toB": 7, "inserted": ["n"]}}
{"dateTime": "2025-08-19T22:42:09.861Z", "eventType": "input.type", "fullPath": "/main.py", "details": {"fromA": 7, "toA": 7, "fromB": 7, "toB": 8, "inserted": ["t"]}}
{"dateTime": "2025-08-19T22:42:12.304Z", "eventType": "blur", "fullPath": "/main.py"}
{"dateTime": "2025-08-19T22:42:57.180Z", "eventType": "blur", "fullPath": "/main.py"}
{"dateTime": "2025-08-19T22:43:00.719Z", "eventType": "focus", "fullPath": "/main.py"}
{"dateTime": "2025-08-19T22:43:00.720Z", "eventType": "select.pointer", "fullPath": "/main.py", "details": {"selection": {"from": 150, "to": 150}}}
{"dateTime": "2025-08-19T22:43:07.932Z", "eventType": "select.pointer", "fullPath": "/main.py", "details": {"selection": {"from": 151, "to": 151}}}
{"dateTime": "2025-08-19T22:43:08.796Z", "eventType": "select.pointer", "fullPath": "/main.py", "details": {"selection": {"from": 150, "to": 150}}}
{"dateTime": "2025-08-19T22:43:09.741Z", "eventType": "input.type", "fullPath": "/main.py", "details": {"fromA": 150, "toA": 150, "fromB": 150, "toB": 151, "inserted": ["*"]}}
{"dateTime": "2025-08-19T22:43:10.884Z", "eventType": "select.pointer", "fullPath": "/main.py", "details": {"selection": {"from": 144, "to": 144}}}
{"dateTime": "2025-08-19T22:43:11.709Z", "eventType": "delete.backward", "fullPath": "/main.py", "details": {"fromA": 143, "toA": 144, "fromB": 143, "toB": 143, "inserted": [""]}}
{"dateTime": "2025-08-19T22:43:11.885Z", "eventType": "delete.backward", "fullPath": "/main.py", "details": {"fromA": 142, "toA": 143, "fromB": 142, "toB": 142, "inserted": [""]}}
{"dateTime": "2025-08-19T22:43:12.028Z", "eventType": "delete.backward", "fullPath": "/main.py", "details": {"fromA": 141, "toA": 142, "fromB": 141, "toB": 141, "inserted": [""]}}
{"dateTime": "2025-08-19T22:43:12.253Z", "eventType": "delete.backward", "fullPath": "/main.py", "details": {"fromA": 140, "toA": 141, "fromB": 140, "toB": 140, "inserted": [""]}}
{"dateTime": "2025-08-19T22:43:12.636Z", "eventType": "delete.backward", "fullPath": "/main.py", "details": {"fromA": 139, "toA": 140, "fromB": 139, "toB": 139, "inserted": [""]}}
{"dateTime": "2025-08-19T22:43:14.157Z", "eventType": "select.pointer", "fullPath": "/main.py", "details": {"selection": {"from": 206, "to": 206}}}
{"dateTime": "2025-08-19T22:43:14.312Z", "eventType": "delete.backward", "fullPath": "/main.py", "details": {"fromA": 205, "toA": 206, "fromB": 205, "toB": 205, "inserted": [""]}}
{"dateTime": "2025-08-19T22:43:14.509Z", "eventType": "delete.backward", "fullPath": "/main.py", "details": {"fromA": 204, "toA": 205, "fromB": 204, "toB": 204, "inserted": [""]}}
{"dateTime": "2025-08-19T22:43:14.669Z", "eventType": "delete.backward", "fullPath": "/main.py", "details": {"fromA": 203, "toA": 204, "fromB": 203, "toB": 203, "inserted": [""]}}
{"dateTime": "2025-08-19T22:43:14.813Z", "eventType": "delete.backward", "fullPath": "/main.py", "details": {"fromA": 202, "toA": 203, "fromB": 202, "toB": 202, "inserted": [""]}}
{"dateTime": "2025-08-19T22:43:15.036Z", "eventType": "delete.backward", "fullPath": "/main.py", "details": {"fromA": 201, "toA": 202, "fromB": 201, "toB": 201, "inserted": [""]}}
{"dateTime": "2025-08-19T22:43:15.944Z", "eventType": "blur", "fullPath": "/main.py"}
{"dateTime": "2025-08-19T22:43:15.950Z", "eventType": "focus", "fullPath": "/main.py"}
{"dateTime": "2025-08-19T22:43:15.954Z", "eventType": "select", "fullPath": "/main.py", "details": {"selection": {"from": 202, "to": 202}}}
{"dateTime": "2025-08-19T22:43:16.935Z", "eventType": "blur", "fullPath": "/main.py"}
{"dateTime": "2025-08-19T22:43:35.060Z", "eventType": "focus", "fullPath": "/main.py"}
{"dateTime": "2025-08-19T22:43:35.062Z", "eventType": "select.pointer", "fullPath": "/main.py", "details": {"selection": {"from": 192, "to": 192}}}
{"dateTime": "2025-08-19T22:43:36.367Z", "eventType": "select.pointer", "fullPath": "/main.py", "details": {"selection": {"from": 202, "to": 202}}}
{"dateTime": "2025-08-19T22:43:39.776Z", "eventType": "blur", "fullPath": "/main.py"}
{"dateTime": "2025-08-19T22:43:57.644Z", "eventType": "select.pointer", "fullPath": "/main.py", "details": {"selection": {"from": 149, "to": 149}}}
{"dateTime": "2025-08-19T22:43:57.869Z", "eventType": "input.type", "fullPath": "/main.py", "details": {"fromA": 149, "toA": 149, "fromB": 149, "toB": 150, "inserted": [" "]}}
{"dateTime": "2025-08-19T22:44:01.623Z", "eventType": "blur", "fullPath": "/main.py"}
{"dateTime": "2025-08-19T22:44:07.299Z", "eventType": "window.blur", "fullPath": "/main.py"}
{"dateTime": "2025-08-19T22:45:01.926Z", "eventType": "window.blur", "fullPath": "/main.py"}
{"dateTime": "2025-08-19T22:45:23.782Z", "eventType": "window.focus", "fullPath": "/main.py"}
{"dateTime": "2025-08-19T22:45:30.452Z", "eventType": "focus", "fullPath": "/main.py"}
{"dateTime": "2025-08-19T22:45:30.453Z", "eventType": "select.pointer", "fullPath": "/main.py", "details": {"selection": {"from": 106, "to": 106}}}
{"dateTime": "2025-08-19T22:45:32.429Z", "eventType": "delete.backward", "fullPath": "/main.py", "details": {"fromA": 105, "toA": 106, "fromB": 105, "toB": 105, "inserted": [""]}}
{"dateTime": "2025-08-19T22:45:33.996Z", "eventType": "select.pointer", "fullPath": "/main.py", "details": {"selection": {"from": 148, "to": 148}}}
{"dateTime": "2025-08-19T22:45:39.107Z", "eventType": "select.pointer", "fullPath": "/main.py", "details": {"selection": {"from": 149, "to": 149}}}
{"dateTime": "2025-08-19T22:45:40.043Z", "eventType": "delete.backward", "fullPath": "/main.py", "details": {"fromA": 148, "toA": 149, "fromB": 148, "toB": 148, "inserted": [""]}}
{"dateTime": "2025-08-19T22:45:41.563Z", "eventType": "select.pointer", "fullPath": "/main.py", "details": {"selection": {"from": 146, "to": 146}}}
{"dateTime": "2025-08-19T22:45:42.359Z", "eventType": "delete.backward", "fullPath": "/main.py", "details": {"fromA": 145, "toA": 146, "fromB": 145, "toB": 145, "inserted": [""]}}
{"dateTime": "2025-08-19T22:54:50.637Z", "eventType": "input.type", "fullPath": "/main.py", "details": {"fromA": 5, "toA": 5, "fromB": 5, "toB": 6, "inserted": ["i"]}}
{"dateTime": "2025-08-19T22:54:50.886Z", "eventType": "input.type", "fullPath": "/main.py", "details": {"fromA": 6, "toA": 6, "fromB": 6, "toB": 7, "inserted": ["n"]}}
{"dateTime": "2025-08-19T22:54:50.996Z", "eventType": "input.type", "fullPath": "/main.py", "details": {"fromA": 7, "toA": 7, "fromB": 7, "toB": 8, "inserted": ["t"]}}
{"dateTime": "2025-08-19T22:54:51.599Z", "eventType": "delete.backward", "fullPath": "/main.py", "details": {"fromA": 7, "toA": 8, "fromB": 7, "toB": 7, "inserted": [""]}}
{"dateTime": "2025-08-19T22:54:51.746Z", "eventType": "delete.backward", "fullPath": "/main.py", "details": {"fromA": 6, "toA": 7, "fromB": 6, "toB": 6, "inserted": [""]}}
{"dateTime": "2025-08-19T22:54:52.060Z", "eventType": "delete.backward", "fullPath": "/main.py", "details": {"fromA": 5, "toA": 6, "fromB": 5, "toB": 5, "inserted": [""]}}
{"dateTime": "2025-08-19T22:54:52.733Z", "eventType": "input.type", "fullPath": "/main.py", "details": {"fromA": 5, "toA": 5, "fromB": 5, "toB": 6, "inserted": ["f"]}}
{"dateTime": "2025-08-19T22:54:52.841Z", "eventType": "input.type", "fullPath": "/main.py", "details": {"fromA": 6, "toA": 6, "fromB": 6, "toB": 7, "inserted": ["l"]}}
{"dateTime": "2025-08-19T22:54:52.974Z", "eventType": "input.type", "fullPath": "/main.py", "details": {"fromA": 7, "toA": 7, "fromB": 7, "toB": 8, "inserted": ["o"]}}
{"dateTime": "2025-08-19T22:54:53.067Z", "eventType": "input.type", "fullPath": "/main.py", "details": {"fromA": 8, "toA": 8, "fromB": 8, "toB": 9, "inserted": ["a"]}}
{"dateTime": "2025-08-19T22:54:53.934Z", "eventType": "input.type", "fullPath": "/main.py", "details": {"fromA": 9, "toA": 9, "fromB": 9, "toB": 10, "inserted": ["t"]}}
{"dateTime": "2025-08-19T22:54:55.117Z", "eventType": "input.type", "fullPath": "/main.py", "details": {"fromA": 10, "toA": 10, "fromB": 10, "toB": 11, "inserted": ["9"]}}
{"dateTime": "2025-08-19T22:54:55.964Z", "eventType": "delete.backward", "fullPath": "/main.py", "details": {"fromA": 10, "toA": 11, "fromB": 10, "toB": 10, "inserted": [""]}}
{"dateTime": "2025-08-19T22:54:56.557Z", "eventType": "input.type", "fullPath": "/main.py", "details": {"fromA": 10, "toA": 10, "fromB": 10, "toB": 12, "inserted": ["()"]}}
{"dateTime": "2025-08-19T22:54:57.741Z", "eventType": "input.type", "fullPath": "/main.py", "details": {"fromA": 11, "toA": 11, "fromB": 11, "toB": 12, "inserted": ["i"]}}
{"dateTime": "2025-08-19T22:54:58.118Z", "eventType": "input.type", "fullPath": "/main.py", "details": {"fromA": 12, "toA": 12, "fromB": 12, "toB": 13, "inserted": ["n"]}}
{"dateTime": "2025-08-19T22:54:59.198Z", "eventType": "input.type", "fullPath": "/main.py", "details": {"fromA": 13, "toA": 13, "fromB": 13, "toB": 14, "inserted": ["]"]}}
{"dateTime": "2025-08-19T22:55:00.269Z", "eventType": "delete.backward", "fullPath": "/main.py", "details": {"fromA": 13, "toA": 14, "fromB": 13, "toB": 13, "inserted": [""]}}
{"dateTime": "2025-08-19T22:55:04.333Z", "eventType": "input.type", "fullPath": "/main.py", "details": {"fromA": 13, "toA": 13, "fromB": 13, "toB": 14, "inserted": ["p"]}}
{"dateTime": "2025-08-19T22:55:04.958Z", "eventType": "input.type", "fullPath": "/main.py", "details": {"fromA": 14, "toA": 14, "fromB": 14, "toB": 15, "inserted": ["u"]}}
{"dateTime": "2025-08-19T22:55:05.406Z", "eventType": "input.type", "fullPath": "/main.py", "details": {"fromA": 15, "toA": 15, "fromB": 15, "toB": 16, "inserted": ["]"]}}
{"dateTime": "2025-08-19T22:55:06.637Z", "eventType": "delete.backward", "fullPath": "/main.py", "details": {"fromA": 15, "toA": 16, "fromB": 15, "toB": 15, "inserted": [""]}}
{"dateTime": "2025-08-19T22:55:07.885Z", "eventType": "delete.backward", "fullPath": "/main.py", "details": {"fromA": 14, "toA": 15, "fromB": 14, "toB": 14, "inserted": [""]}}
{"dateTime": "2025-08-19T22:55:08.733Z", "eventType": "input.type", "fullPath": "/main.py", "details": {"fromA": 14, "toA": 14, "fromB": 14, "toB": 15, "inserted": ["u"]}}
{"dateTime": "2025-08-19T22:55:09.981Z", "eventType": "input.complete", "fullPath": "/main.py", "details": {"fromA": 11, "toA": 15, "fromB": 11, "toB": 16, "inserted": ["input"]}}
{"dateTime": "2025-08-19T22:55:11.033Z", "eventType": "input.type", "fullPath": "/main.py", "details": {"fromA": 16, "toA": 16, "fromB": 16, "toB": 18, "inserted": ["()"]}}
{"dateTime": "2025-08-19T22:55:12.797Z", "eventType": "input.type", "fullPath": "/main.py", "details": {"fromA": 17, "toA": 17, "fromB": 17, "toB": 18, "inserted": ["x"]}}
{"dateTime": "2025-08-19T22:55:43.261Z", "eventType": "input.type", "fullPath": "/main.py", "details": {"fromA": 41, "toA": 41, "fromB": 41, "toB": 42, "inserted": ["="]}}
{"dateTime": "2025-08-19T22:55:44.504Z", "eventType": "input.type", "fullPath": "/main.py", "details": {"fromA": 42, "toA": 42, "fromB": 42, "toB": 43, "inserted": ["f"]}}
{"dateTime": "2025-08-19T22:55:44.655Z", "eventType": "input.type", "fullPath": "/main.py", "details": {"fromA": 43, "toA": 43, "fromB": 43, "toB": 44, "inserted": ["l"]}}
{"dateTime": "2025-08-19T22:55:44.784Z", "eventType": "input.type", "fullPath": "/main.py", "details": {"fromA": 44, "toA": 44, "fromB": 44, "toB": 45, "inserted": ["o"]}}
{"dateTime": "2025-08-19T22:55:44.879Z", "eventType": "input.type", "fullPath": "/main.py", "details": {"fromA": 45, "toA": 45, "fromB": 45, "toB": 46, "inserted": ["a"]}}
{"dateTime": "2025-08-19T22:55:45.165Z", "eventType": "input.type", "fullPath": "/main.py", "details": {"fromA": 46, "toA": 46, "fromB": 46, "toB": 47, "inserted": ["t"]}}
{"dateTime": "2025-08-19T22:55:46.285Z", "eventType": "input.type", "fullPath": "/main.py", "details": {"fromA": 47, "toA": 47, "fromB": 47, "toB": 49, "inserted": ["()"]}}
{"dateTime": "2025-08-19T22:55:47.149Z", "eventType": "input.type", "fullPath": "/main.py", "details": {"fromA": 48, "toA": 48, "fromB": 48, "toB": 49, "inserted": ["i"]}}
{"dateTime": "2025-08-19T22:55:47.302Z", "eventType": "input.type", "fullPath": "/main.py", "details": {"fromA": 49, "toA": 49, "fromB": 49, "toB": 50, "inserted": ["n"]}}
{"dateTime": "2025-08-19T22:55:47.790Z", "eventType": "input.type", "fullPath": "/main.py", "details": {"fromA": 50, "toA": 50, "fromB": 50, "toB": 51, "inserted": ["p"]}}
{"dateTime": "2025-08-19T22:55:48.063Z", "eventType": "input.type", "fullPath": "/main.py", "details": {"fromA": 51, "toA": 51, "fromB": 51, "toB": 52, "inserted": ["u"]}}
{"dateTime": "2025-08-19T22:55:48.333Z", "eventType": "input.type", "fullPath": "/main.py", "details": {"fromA": 52, "toA": 52, "fromB": 52, "toB": 53, "inserted": ["t"]}}
{"dateTime": "2025-08-19T22:55:49.501Z", "eventType": "input.type", "fullPath": "/main.py", "details": {"fromA": 53, "toA": 53, "fromB": 53, "toB": 55, "inserted": ["()"]}}
{"dateTime": "2025-08-19T22:55:51.193Z", "eventType": "input.type", "fullPath": "/main.py", "details": {"fromA": 54, "toA": 54, "fromB": 54, "toB": 56, "inserted": ["\"\""]}}
{"dateTime": "2025-08-19T22:55:52.413Z", "eventType": "input.type", "fullPath": "/main.py", "details": {"fromA": 55, "toA": 55, "fromB": 55, "toB": 56, "inserted": ["d"]}}
{"dateTime": "2025-08-19T22:55:52.525Z", "eventType": "input.type", "fullPath": "/main.py", "details": {"fromA": 56, "toA": 56, "fromB": 56, "toB": 57, "inserted": ["i"]}}
{"dateTime": "2025-08-19T22:55:52.749Z", "eventType": "input.type", "fullPath": "/main.py", "details": {"fromA": 57, "toA": 57, "fromB": 57, "toB": 58, "inserted": ["g"]}}
{"dateTime": "2025-08-19T22:55:52.857Z", "eventType": "input.type", "fullPath": "/main.py", "details": {"fromA": 58, "toA": 58, "fromB": 58, "toB": 59, "inserted": ["i"]}}
{"dateTime": "2025-08-19T22:55:53.069Z", "eventType": "input.type", "fullPath": "/main.py", "details": {"fromA": 59, "toA": 59, "fromB": 59, "toB": 60, "inserted": ["t"]}}
{"dateTime": "2025-08-19T22:55:53.197Z", "eventType": "input.type", "fullPath": "/main.py", "details": {"fromA": 60, "toA": 60, "fromB": 60, "toB": 61, "inserted": ["e"]}}
{"dateTime": "2025-08-19T22:55:53.325Z", "eventType": "input.type", "fullPath": "/main.py", "details": {"fromA": 61, "toA": 61, "fromB": 61, "toB": 62, "inserted": [" "]}}
{"dateTime": "2025-08-19T22:55:53.560Z", "eventType": "input.type", "fullPath": "/main.py", "details": {"fromA": 62, "toA": 62, "fromB": 62, "toB": 63, "inserted": ["s"]}}
{"dateTime": "2025-08-19T22:55:53.709Z", "eventType": "input.type", "fullPath": "/main.py", "details": {"fromA": 63, "toA": 63, "fromB": 63, "toB": 64, "inserted": ["e"]}}
{"dateTime": "2025-08-19T22:55:53.821Z", "eventType": "input.type", "fullPath": "/main.py", "details": {"fromA": 64, "toA": 64, "fromB": 64, "toB": 65, "inserted": ["g"]}}
{"dateTime": "2025-08-19T22:55:53.965Z", "eventType": "input.type", "fullPath": "/main.py", "details": {"fromA": 65, "toA": 65, "fromB": 65, "toB": 66, "inserted": ["u"]}}
{"dateTime": "2025-08-19T22:55:54.125Z", "eventType": "input.type", "fullPath": "/main.py", "details": {"fromA": 66, "toA": 66, "fromB": 66, "toB": 67, "inserted": ["n"]}}
{"dateTime": "2025-08-19T22:55:54.237Z", "eventType": "input.type", "fullPath": "/main.py", "details": {"fromA": 67, "toA": 67, "fromB": 67, "toB": 68, "inserted": ["d"]}}
{"dateTime": "2025-08-19T22:55:54.317Z", "eventType": "input.type", "fullPath": "/main.py", "details": {"fromA": 68, "toA": 68, "fromB": 68, "toB": 69, "inserted": ["o"]}}
{"dateTime": "2025-08-19T22:55:54.461Z", "eventType": "input.type", "fullPath": "/main.py", "details": {"fromA": 69, "toA": 69, "fromB": 69, "toB": 70, "inserted": [" "]}}
{"dateTime": "2025-08-19T22:55:54.781Z", "eventType": "input.type", "fullPath": "/main.py", "details": {"fromA": 70, "toA": 70, "fromB": 70, "toB": 71, "inserted": ["v"]}}
{"dateTime": "2025-08-19T22:55:54.973Z", "eventType": "input.type", "fullPath": "/main.py", "details": {"fromA": 71, "toA": 71, "fromB": 71, "toB": 72, "inserted": ["a"]}}
{"dateTime": "2025-08-19T22:55:55.197Z", "eventType": "input.type", "fullPath": "/main.py", "details": {"fromA": 72, "toA": 72, "fromB": 72, "toB": 73, "inserted": ["o"]}}
{"dateTime": "2025-08-19T22:55:55.596Z", "eventType": "delete.backward", "fullPath": "/main.py", "details": {"fromA": 72, "toA": 73, "fromB": 72, "toB": 72, "inserted": [""]}}
{"dateTime": "2025-08-19T22:55:56.349Z", "eventType": "input.type", "fullPath": "/main.py", "details": {"fromA": 72, "toA": 72, "fromB": 72, "toB": 73, "inserted": ["l"]}}
{"dateTime": "2025-08-19T22:55:56.461Z", "eventType": "input.type", "fullPath": "/main.py", "details": {"fromA": 73, "toA": 73, "fromB": 73, "toB": 74, "inserted": ["o"]}}
{"dateTime": "2025-08-19T22:55:56.557Z", "eventType": "input.type", "fullPath": "/main.py", "details": {"fromA": 74, "toA": 74, "fromB": 74, "toB": 75, "inserted": ["r"]}}
{"dateTime": "2025-08-19T22:55:58.237Z", "eventType": "delete.backward", "fullPath": "/main.py", "details": {"fromA": 74, "toA": 75, "fromB": 74, "toB": 74, "inserted": [""]}}
{"dateTime": "2025-08-19T22:55:59.789Z", "eventType": "input.type", "fullPath": "/main.py", "details": {"fromA": 74, "toA": 74, "fromB": 74, "toB": 75, "inserted": ["r"]}}
{"dateTime": "2025-08-19T22:56:00.604Z", "eventType": "select", "fullPath": "/main.py", "details": {"selection": {"from": 76, "to": 76}}}
{"dateTime": "2025-08-19T22:56:00.762Z", "eventType": "select", "fullPath": "/main.py", "details": {"selection": {"from": 77, "to": 77}}}
{"dateTime": "2025-08-19T22:56:00.908Z", "eventType": "select", "fullPath": "/main.py", "details": {"selection": {"from": 78, "to": 78}}}
{"dateTime": "2025-08-19T22:56:01.533Z", "eventType": "input", "fullPath": "/main.py", "details": {"fromA": 78, "toA": 78, "fromB": 78, "toB": 79, "inserted": ["", ""]}}
{"dateTime": "2025-08-19T22:56:46.648Z", "eventType": "input.type", "fullPath": "/main.py", "details": {"fromA": 80, "toA": 80, "fromB": 80, "toB": 81, "inserted": ["d"]}}
{"dateTime": "2025-08-19T22:56:46.760Z", "eventType": "input.type", "fullPath": "/main.py", "details": {"fromA": 81, "toA": 81, "fromB": 81, "toB": 82, "inserted": ["i"]}}
{"dateTime": "2025-08-19T22:56:50.056Z", "eventType": "input.type", "fullPath": "/main.py", "details": {"fromA": 82, "toA": 82, "fromB": 82, "toB": 83, "inserted": ["="]}}
{"dateTime": "2025-08-19T22:56:50.891Z", "eventType": "delete.backward", "fullPath": "/main.py", "details": {"fromA": 82, "toA": 83, "fromB": 82, "toB": 82, "inserted": [""]}}
{"dateTime": "2025-08-19T22:56:51.003Z", "eventType": "delete.backward", "fullPath": "/main.py", "details": {"fromA": 81, "toA": 82, "fromB": 81, "toB": 81, "inserted": [""]}}
{"dateTime": "2025-08-19T22:56:51.739Z", "eventType": "input.type", "fullPath": "/main.py", "details": {"fromA": 81, "toA": 81, "fromB": 81, "toB": 82, "inserted": ["v"]}}
{"dateTime": "2025-08-19T22:56:52.157Z", "eventType": "input.type", "fullPath": "/main.py", "details": {"fromA": 82, "toA": 82, "fromB": 82, "toB": 83, "inserted": ["-"]}}
{"dateTime": "2025-08-19T22:56:52.747Z", "eventType": "delete.backward", "fullPath": "/main.py", "details": {"fromA": 82, "toA": 83, "fromB": 82, "toB": 82, "inserted": [""]}}
{"dateTime": "2025-08-19T22:56:53.117Z", "eventType": "input.type", "fullPath": "/main.py", "details": {"fromA": 82, "toA": 82, "fromB": 82, "toB": 83, "inserted": ["="]}}
{"dateTime": "2025-08-19T22:57:01.181Z", "eventType": "input.type", "fullPath": "/main.py", "details": {"fromA": 83, "toA": 83, "fromB": 83, "toB": 84, "inserted": [" "]}}
{"dateTime": "2025-08-19T22:57:03.096Z", "eventType": "input.type", "fullPath": "/main.py", "details": {"fromA": 84, "toA": 84, "fromB": 84, "toB": 85, "inserted": ["n"]}}
{"dateTime": "2025-08-19T22:57:03.279Z", "eventType": "input.type", "fullPath": "/main.py", "details": {"fromA": 85, "toA": 85, "fromB": 85, "toB": 86, "inserted": ["u"]}}
{"dateTime": "2025-08-19T22:57:03.757Z", "eventType": "input.type", "fullPath": "/main.py", "details": {"fromA": 86, "toA": 86, "fromB": 86, "toB": 87, "inserted": ["="]}}
{"dateTime": "2025-08-19T22:57:05.787Z", "eventType": "delete.backward", "fullPath": "/main.py", "details": {"fromA": 86, "toA": 87, "fromB": 86, "toB": 86, "inserted": [""]}}
{"dateTime": "2025-08-19T22:57:07.274Z", "eventType": "input.type", "fullPath": "/main.py", "details": {"fromA": 86, "toA": 86, "fromB": 86, "toB": 87, "inserted": ["m"]}}
{"dateTime": "2025-08-19T22:57:07.740Z", "eventType": "input.type", "fullPath": "/main.py", "details": {"fromA": 87, "toA": 87, "fromB": 87, "toB": 88, "inserted": ["b"]}}
{"dateTime": "2025-08-19T22:57:12.011Z", "eventType": "delete.backward", "fullPath": "/main.py", "details": {"fromA": 87, "toA": 88, "fromB": 87, "toB": 87, "inserted": [""]}}
{"dateTime": "2025-08-19T22:57:12.554Z", "eventType": "input.type", "fullPath": "/main.py", "details": {"fromA": 87, "toA": 87, "fromB": 87, "toB": 88, "inserted": ["1"]}}
{"dateTime": "2025-08-19T22:57:13.401Z", "eventType": "input.type", "fullPath": "/main.py", "details": {"fromA": 88, "toA": 88, "fromB": 88, "toB": 89, "inserted": ["/"]}}
{"dateTime": "2025-08-19T22:57:15.015Z", "eventType": "input.type", "fullPath": "/main.py", "details": {"fromA": 89, "toA": 89, "fromB": 89, "toB": 90, "inserted": ["n"]}}
{"dateTime": "2025-08-19T22:57:15.192Z", "eventType": "input.type", "fullPath": "/main.py", "details": {"fromA": 90, "toA": 90, "fromB": 90, "toB": 91, "inserted": ["u"]}}
{"dateTime": "2025-08-19T22:57:15.406Z", "eventType": "input.type", "fullPath": "/main.py", "details": {"fromA": 91, "toA": 91, "fromB": 91, "toB": 92, "inserted": ["m"]}}
{"dateTime": "2025-08-19T22:57:16.141Z", "eventType": "input.type", "fullPath": "/main.py", "details": {"fromA": 92, "toA": 92, "fromB": 92, "toB": 93, "inserted": ["2"]}}
{"dateTime": "2025-08-19T22:57:52.205Z", "eventType": "select.pointer", "fullPath": "/main.py", "details": {"selection": {"from": 89, "to": 89}}}
{"dateTime": "2025-08-19T22:57:56.252Z", "eventType": "input.type", "fullPath": "/main.py", "details": {"fromA": 89, "toA": 89, "fromB": 89, "toB": 90, "inserted": ["/"]}}
{"dateTime": "2025-08-19T22:58:11.372Z", "eventType": "select.pointer", "fullPath": "/main.py", "details": {"selection": {"from": 95, "to": 95}}}
{"dateTime": "2025-08-19T22:58:12.023Z", "eventType": "select.pointer", "fullPath": "/main.py", "details": {"selection": {"from": 94, "to": 94}}}
{"dateTime": "2025-08-19T22:58:46.918Z", "eventType": "window.blur", "fullPath": "/main.py"}
{"dateTime": "2025-08-19T23:02:01.409Z", "eventType": "input.type", "fullPath": "/main.py", "details": {"fromA": 132, "toA": 132, "fromB": 132, "toB": 133, "inserted": ["u"]}}
{"dateTime": "2025-08-19T23:02:01.614Z", "eventType": "input.type", "fullPath": "/main.py", "details": {"fromA": 133, "toA": 133, "fromB": 133, "toB": 134, "inserted": ["m"]}}
{"dateTime": "2025-08-19T23:02:02.638Z", "eventType": "input.type", "fullPath": "/main.py", "details": {"fromA": 134, "toA": 134, "fromB": 134, "toB": 135, "inserted": ["3"]}}
{"dateTime": "2025-08-19T23:02:03.662Z", "eventType": "delete.backward", "fullPath": "/main.py", "details": {"fromA": 134, "toA": 135, "fromB": 134, "toB": 134, "inserted": [""]}}
{"dateTime": "2025-08-19T23:02:03.823Z", "eventType": "input.type", "fullPath": "/main.py", "details": {"fromA": 134, "toA": 134, "fromB": 134, "toB": 135, "inserted": ["2"]}}
{"dateTime": "2025-08-19T23:02:05.458Z", "eventType": "blur", "fullPath": "/main.py"}
{"dateTime": "2025-08-19T23:02:05.462Z", "eventType": "focus", "fullPath": "/main.py"}
{"dateTime": "2025-08-19T23:02:05.466Z", "eventType": "select", "fullPath": "/main.py", "details": {"selection": {"from": 151, "to": 151}}}
{"dateTime": "2025-08-19T23:02:06.327Z", "eventType": "select.pointer", "fullPath": "/main.py", "details": {"selection": {"from": 119, "to": 119}}}
{"dateTime": "2025-08-19T23:02:06.855Z", "eventType": "select.pointer", "fullPath": "/main.py", "details": {"selection": {"from": 151, "to": 151}}}
{"dateTime": "2025-08-19T23:02:07.529Z", "eventType": "input", "fullPath": "/main.py", "details": {"fromA": 151, "toA": 151, "fromB": 151, "toB": 152, "inserted": ["", ""]}}
{"dateTime": "2025-08-19T23:02:08.366Z", "eventType": "input", "fullPath": "/main.py", "details": {"fromA": 152, "toA": 152, "fromB": 152, "toB": 153, "inserted": ["", ""]}}
{"dateTime": "2025-08-19T23:02:09.037Z", "eventType": "input.type", "fullPath": "/main.py", "details": {"fromA": 153, "toA": 153, "fromB": 153, "toB": 154, "inserted": ["p"]}}
{"dateTime": "2025-08-19T23:02:09.131Z", "eventType": "input.type", "fullPath": "/main.py", "details": {"fromA": 154, "toA": 154, "fromB": 154, "toB": 155, "inserted": ["r"]}}
{"dateTime": "2025-08-19T23:02:09.263Z", "eventType": "input.type", "fullPath": "/main.py", "details": {"fromA": 155, "toA": 155, "fromB": 155, "toB": 156, "inserted": ["i"]}}
{"dateTime": "2025-08-19T23:02:09.443Z", "eventType": "input.type", "fullPath": "/main.py", "details": {"fromA": 156, "toA": 156, "fromB": 156, "toB": 157, "inserted": ["n"]}}
{"dateTime": "2025-08-19T23:03:02.382Z", "eventType": "blur", "fullPath": "/main.py"}
{"dateTime": "2025-08-19T23:04:07.684Z", "eventType": "focus", "fullPath": "/main.py"}
{"dateTime": "2025-08-19T23:04:07.686Z", "eventType": "select.pointer", "fullPath": "/main.py", "details": {"selection": {"from": 192, "to": 192}}}
{"dateTime": "2025-08-19T23:06:05.088Z", "eventType": "select.pointer", "fullPath": "/main.py", "details": {"selection": {"from": 177, "to": 177}}}
{"dateTime": "2025-08-19T23:06:06.189Z", "eventType": "delete.backward", "fullPath": "/main.py", "details": {"fromA": 176, "toA": 177, "fromB": 176, "toB": 176, "inserted": [""]}}
{"dateTime": "2025-08-19T23:06:06.397Z", "eventType": "delete.backward", "fullPath": "/main.py", "details": {"fromA": 175, "toA": 176, "fromB": 175, "toB": 175, "inserted": [""]}}
{"dateTime": "2025-08-19T23:06:07.097Z", "eventType": "input.type", "fullPath": "/main.py", "details": {"fromA": 175, "toA": 175, "fromB": 175, "toB": 176, "inserted": ["s"]}}
{"dateTime": "2025-08-19T23:06:07.198Z", "eventType": "input.type", "fullPath": "/main.py", "details": {"fromA": 176, "toA": 176, "fromB": 176, "toB": 177, "inserted": ["t"]}}
{"dateTime": "2025-08-19T23:06:08.449Z", "eventType": "input.complete", "fullPath": "/main.py", "details": {"fromA": 174, "toA": 177, "fromB": 174, "toB": 177, "inserted": ["rst"]}}
{"dateTime": "2025-08-19T23:06:09.111Z", "eventType": "blur", "fullPath": "/main.py"}
{"dateTime": "2025-08-19T23:07:02.812Z", "eventType": "focus", "fullPath": "/main.py"}
{"dateTime": "2025-08-19T23:07:02.814Z", "eventType": "select.pointer", "fullPath": "/main.py", "details": {"selection": {"from": 152, "to": 152}}}
{"dateTime": "2025-08-19T23:07:08.363Z", "eventType": "select", "fullPath": "/main.py", "details": {"selection": {"from": 151, "to": 151}}}
{"dateTime": "2025-08-19T23:07:09.180Z", "eventType": "delete.backward", "fullPath": "/main.py", "details": {"fromA": 150, "toA": 151, "fromB": 150, "toB": 150, "inserted": [""]}}
{"dateTime": "2025-08-19T23:08:04.259Z", "eventType": "focus", "fullPath": "/main.py"}
{"dateTime": "2025-08-19T23:08:04.261Z", "eventType": "select.pointer", "fullPath": "/main.py", "details": {"selection": {"from": 148, "to": 148}}}
{"dateTime": "2025-08-19T23:08:04.974Z", "eventType": "select.pointer", "fullPath": "/main.py", "details": {"selection": {"from": 147, "to": 147}}}
{"dateTime": "2025-08-19T23:08:06.273Z", "eventType": "select.pointer", "fullPath": "/main.py", "details": {"selection": {"from": 140, "to": 140}}}
{"dateTime": "2025-08-19T23:08:07.379Z", "eventType": "select.pointer", "fullPath": "/main.py", "details": {"selection": {"from": 140, "to": 140}}}
{"dateTime": "2025-08-19T23:08:08.176Z", "eventType": "input.type", "fullPath": "/main.py", "details": {"fromA": 140, "toA": 140, "fromB": 140, "toB": 141, "inserted": [" "]}}
{"dateTime": "2025-08-19T23:08:08.637Z", "eventType": "select.pointer", "fullPath": "/main.py", "details": {"selection": {"from": 127, "to": 127}}}
{"dateTime": "2025-08-19T23:08:09.020Z", "eventType": "input.type", "fullPath": "/main.py", "details": {"fromA": 127, "toA": 127, "fromB": 127, "toB": 128, "inserted": [" "]}}
{"dateTime": "2025-08-19T23:08:09.589Z", "eventType": "select.pointer", "fullPath": "/main.py", "details": {"selection": {"from": 150, "to": 150}}}
{"dateTime": "2025-08-19T23:08:10.031Z", "eventType": "select.pointer", "fullPath": "/main.py", "details": {"selection": {"from": 147, "to": 147}}}
{"dateTime": "2025-08-19T23:08:10.496Z", "eventType": "select.pointer", "fullPath": "/main.py", "details": {"selection": {"from": 146, "to": 146}}}
{"dateTime": "2025-08-19T23:08:10.781Z", "eventType": "input.type", "fullPath": "/main.py", "details": {"fromA": 146, "toA": 146, "fromB": 146, "toB": 147, "inserted": [" "]}}
{"dateTime": "2025-08-19T23:08:11.363Z", "eventType": "select.pointer", "fullPath": "/main.py", "details": {"selection": {"from": 150, "to": 150}}}
{"dateTime": "2025-08-19T23:09:07.455Z", "eventType": "window.focus", "fullPath": "/main.py"}
{"dateTime": "2025-08-19T23:10:13.287Z", "eventType": "blur", "fullPath": "/main.py"}
{"dateTime": "2025-08-19T23:10:35.619Z", "eventType": "focus", "fullPath": "/main.py"}
{"dateTime": "2025-08-19T23:10:35.621Z", "eventType": "select.pointer", "fullPath": "/main.py", "details": {"selection": {"from": 195, "to": 195}}}
{"dateTime": "2025-08-19T23:10:36.412Z", "eventType": "delete.backward", "fullPath": "/main.py", "details": {"fromA": 194, "toA": 195, "fromB": 194, "toB": 194, "inserted": [""]}}
{"dateTime": "2025-08-19T23:10:36.701Z", "eventType": "input.type", "fullPath": "/main.py", "details": {"fromA": 194, "toA": 194, "fromB": 194, "toB": 195, "inserted": ["p"]}}
{"dateTime": "2025-08-19T23:10:38.109Z", "eventType": "input.complete", "fullPath": "/main.py", "details": {"fromA": 194, "toA": 195, "fromB": 194, "toB": 197, "inserted": ["pow"]}}
{"dateTime": "2025-08-19T23:10:39.468Z", "eventType": "delete.backward", "fullPath": "/main.py", "details": {"fromA": 196, "toA": 197, "fromB": 196, "toB": 196, "inserted": [""]}}
{"dateTime": "2025-08-19T23:10:40.119Z", "eventType": "delete.backward", "fullPath": "/main.py", "details": {"fromA": 195, "toA": 196, "fromB": 195, "toB": 195, "inserted": [""]}}
{"dateTime": "2025-08-19T23:10:42.319Z", "eventType": "blur", "fullPath": "/main.py"}
{"dateTime": "2025-08-19T23:10:49.729Z", "eventType": "submission", "details": {"correctness": 1, "commit": "6c32314599038b13525922bd27a6b1f0d5d4af97", "executionTime": 0.013333333333333334}}
