{"dateTime": "2025-09-02T20:09:14.476Z", "eventType": "focus", "fullPath": "/main.py"}
{"dateTime": "2025-09-02T20:09:14.478Z", "eventType": "select.pointer", "fullPath": "/main.py", "details": {"selection": {"from": 11, "to": 11}}}
{"dateTime": "2025-09-02T20:09:14.508Z", "eventType": "select.pointer", "fullPath": "/main.py", "details": {"selection": {"from": 10, "to": 11}}}
{"dateTime": "2025-09-02T20:09:14.723Z", "eventType": "select.pointer", "fullPath": "/main.py", "details": {"selection": {"from": 11, "to": 11}}}
{"dateTime": "2025-09-02T20:09:14.738Z", "eventType": "select.pointer", "fullPath": "/main.py", "details": {"selection": {"from": 11, "to": 11}}}
{"dateTime": "2025-09-02T20:09:14.807Z", "eventType": "select.pointer", "fullPath": "/main.py", "details": {"selection": {"from": 11, "to": 12}}}
{"dateTime": "2025-09-02T20:09:14.858Z", "eventType": "select.pointer", "fullPath": "/main.py", "details": {"selection": {"from": 11, "to": 13}}}
{"dateTime": "2025-09-02T20:09:14.890Z", "eventType": "select.pointer", "fullPath": "/main.py", "details": {"selection": {"from": 11, "to": 14}}}
{"dateTime": "2025-09-02T20:09:14.923Z", "eventType": "select.pointer", "fullPath": "/main.py", "details": {"selection": {"from": 11, "to": 15}}}
{"dateTime": "2025-09-02T20:09:14.938Z", "eventType": "select.pointer", "fullPath": "/main.py", "details": {"selection": {"from": 11, "to": 16}}}
{"dateTime": "2025-09-02T20:09:14.953Z", "eventType": "select.pointer", "fullPath": "/main.py", "details": {"selection": {"from": 11, "to": 17}}}
{"dateTime": "2025-09-02T20:09:14.970Z", "eventType": "select.pointer", "fullPath": "/main.py", "details": {"selection": {"from": 11, "to": 19}}}
{"dateTime": "2025-09-02T20:09:14.986Z", "eventType": "select.pointer", "fullPath": "/main.py", "details": {"selection": {"from": 11, "to": 21}}}
{"dateTime": "2025-09-02T20:09:15.003Z", "eventType": "select.pointer", "fullPath": "/main.py", "details": {"selection": {"from": 11, "to": 23}}}
{"dateTime": "2025-09-02T20:09:15.020Z", "eventType": "select.pointer", "fullPath": "/main.py", "details": {"selection": {"from": 11, "to": 24}}}
{"dateTime": "2025-09-02T20:09:27.420Z", "eventType": "blur", "fullPath": "/main.py"}
{"dateTime": "2025-09-02T20:10:24.143Z", "eventType": "focus", "fullPath": "/main.py"}
{"dateTime": "2025-09-02T20:10:24.149Z", "eventType": "select.pointer", "fullPath": "/main.py", "details": {"selection": {"from": 19, "to": 19}}}
{"dateTime": "2025-09-02T20:10:24.880Z", "eventType": "delete.backward", "fullPath": "/main.py", "details": {"fromA": 18, "toA": 19, "fromB": 18, "toB": 18, "inserted": [""]}}
{"dateTime": "2025-09-02T20:10:25.024Z", "eventType": "delete.backward", "fullPath": "/main.py", "details": {"fromA": 17, "toA": 18, "fromB": 17, "toB": 17, "inserted": [""]}}
{"dateTime": "2025-09-02T20:10:25.183Z", "eventType": "delete.backward", "fullPath": "/main.py", "details": {"fromA": 16, "toA": 17, "fromB": 16, "toB": 16, "inserted": [""]}}
{"dateTime": "2025-09-02T20:10:25.294Z", "eventType": "delete.backward", "fullPath": "/main.py", "details": {"fromA": 15, "toA": 16, "fromB": 15, "toB": 15, "inserted": [""]}}
{"dateTime": "2025-09-02T20:10:25.456Z", "eventType": "delete.backward", "fullPath": "/main.py", "details": {"fromA": 14, "toA": 15, "fromB": 14, "toB": 14, "inserted": [""]}}
{"dateTime": "2025-09-02T20:10:25.630Z", "eventType": "delete.backward", "fullPath": "/main.py", "details": {"fromA": 13, "toA": 14, "fromB": 13, "toB": 13, "inserted": [""]}}
{"dateTime": "2025-09-02T20:10:25.791Z", "eventType": "delete.backward", "fullPath": "/main.py", "details": {"fromA": 12, "toA": 13, "fromB": 12, "toB": 12, "inserted": [""]}}
{"dateTime": "2025-09-02T20:10:25.951Z", "eventType": "delete.backward", "fullPath": "/main.py", "details": {"fromA": 11, "toA": 12, "fromB": 11, "toB": 11, "inserted": [""]}}
{"dateTime": "2025-09-02T20:10:26.190Z", "eventType": "delete.backward", "fullPath": "/main.py", "details": {"fromA": 10, "toA": 11, "fromB": 10, "toB": 10, "inserted": [""]}}
{"dateTime": "2025-09-02T20:10:26.720Z", "eventType": "input.type", "fullPath": "/main.py", "details": {"fromA": 10, "toA": 10, "fromB": 10, "toB": 11, "inserted": ["f"]}}
{"dateTime": "2025-09-02T20:10:26.995Z", "eventType": "input.type", "fullPath": "/main.py", "details": {"fromA": 11, "toA": 11, "fromB": 11, "toB": 12, "inserted": ["l"]}}
{"dateTime": "2025-09-02T20:10:27.170Z", "eventType": "input.type", "fullPath": "/main.py", "details": {"fromA": 12, "toA": 12, "fromB": 12, "toB": 13, "inserted": ["i"]}}
{"dateTime": "2025-09-02T20:10:27.393Z", "eventType": "input.type", "fullPath": "/main.py", "details": {"fromA": 13, "toA": 13, "fromB": 13, "toB": 14, "inserted": ["o"]}}
{"dateTime": "2025-09-02T20:10:27.394Z", "eventType": "input.type", "fullPath": "/main.py", "details": {"fromA": 14, "toA": 14, "fromB": 14, "toB": 15, "inserted": ["a"]}}
{"dateTime": "2025-09-02T20:10:27.936Z", "eventType": "delete.backward", "fullPath": "/main.py", "details": {"fromA": 14, "toA": 15, "fromB": 14, "toB": 14, "inserted": [""]}}
{"dateTime": "2025-09-02T20:10:28.127Z", "eventType": "delete.backward", "fullPath": "/main.py", "details": {"fromA": 13, "toA": 14, "fromB": 13, "toB": 13, "inserted": [""]}}
{"dateTime": "2025-09-02T20:10:28.256Z", "eventType": "delete.backward", "fullPath": "/main.py", "details": {"fromA": 12, "toA": 13, "fromB": 12, "toB": 12, "inserted": [""]}}
{"dateTime": "2025-09-02T20:10:28.827Z", "eventType": "input.type", "fullPath": "/main.py", "details": {"fromA": 12, "toA": 12, "fromB": 12, "toB": 13, "inserted": ["o"]}}
{"dateTime": "2025-09-02T20:10:28.994Z", "eventType": "input.type", "fullPath": "/main.py", "details": {"fromA": 13, "toA": 13, "fromB": 13, "toB": 14, "inserted": ["a"]}}
{"dateTime": "2025-09-02T20:10:30.303Z", "eventType": "input.complete", "fullPath": "/main.py", "details": {"fromA": 10, "toA": 14, "fromB": 10, "toB": 15, "inserted": ["float"]}}
{"dateTime": "2025-09-02T20:10:30.943Z", "eventType": "input.type", "fullPath": "/main.py", "details": {"fromA": 15, "toA": 15, "fromB": 15, "toB": 17, "inserted": ["()"]}}
{"dateTime": "2025-09-02T20:10:31.280Z", "eventType": "input.type", "fullPath": "/main.py", "details": {"fromA": 16, "toA": 16, "fromB": 16, "toB": 17, "inserted": ["i"]}}
{"dateTime": "2025-09-02T20:10:31.546Z", "eventType": "input.type", "fullPath": "/main.py", "details": {"fromA": 17, "toA": 17, "fromB": 17, "toB": 18, "inserted": ["n"]}}
{"dateTime": "2025-09-02T20:10:32.144Z", "eventType": "input.complete", "fullPath": "/main.py", "details": {"fromA": 16, "toA": 18, "fromB": 16, "toB": 21, "inserted": ["input"]}}
{"dateTime": "2025-09-02T20:10:35.232Z", "eventType": "input.type", "fullPath": "/main.py", "details": {"fromA": 21, "toA": 21, "fromB": 21, "toB": 23, "inserted": ["()"]}}
{"dateTime": "2025-09-02T20:10:36.206Z", "eventType": "select", "fullPath": "/main.py", "details": {"selection": {"from": 23, "to": 23}}}
{"dateTime": "2025-09-02T20:10:36.463Z", "eventType": "select", "fullPath": "/main.py", "details": {"selection": {"from": 24, "to": 24}}}
{"dateTime": "2025-09-02T20:10:45.059Z", "eventType": "blur", "fullPath": "/main.py"}
{"dateTime": "2025-09-02T20:10:45.471Z", "eventType": "run", "details": {"commit": "39db5d1905337678b9fcab7a5895adf5449e47a8"}}
{"dateTime": "2025-09-02T20:10:53.126Z", "eventType": "focus", "fullPath": "/main.py"}
{"dateTime": "2025-09-02T20:10:53.129Z", "eventType": "select.pointer", "fullPath": "/main.py", "details": {"selection": {"from": 84, "to": 84}}}
{"dateTime": "2025-09-02T20:10:54.303Z", "eventType": "input.type", "fullPath": "/main.py", "details": {"fromA": 84, "toA": 84, "fromB": 84, "toB": 85, "inserted": [")"]}}
{"dateTime": "2025-09-02T20:10:56.391Z", "eventType": "blur", "fullPath": "/main.py"}
{"dateTime": "2025-09-02T20:10:56.689Z", "eventType": "run", "details": {"commit": "654bc13b843041c6f338a5632df0d9b6cb405be0"}}
{"dateTime": "2025-09-02T20:11:01.028Z", "eventType": "submission", "details": {"correctness": 1, "commit": "654bc13b843041c6f338a5632df0d9b6cb405be0", "executionTime": 0.01}}
