{"dateTime": "2025-08-22T15:01:26.672Z", "eventType": "select.pointer", "fullPath": "/main.py", "details": {"selection": {"from": 127, "to": 127}}}
{"dateTime": "2025-08-22T15:01:28.282Z", "eventType": "select.pointer", "fullPath": "/main.py", "details": {"selection": {"from": 131, "to": 131}}}
{"dateTime": "2025-08-22T15:01:31.448Z", "eventType": "input.type", "fullPath": "/main.py", "details": {"fromA": 131, "toA": 131, "fromB": 131, "toB": 132, "inserted": [")"]}}
{"dateTime": "2025-08-22T15:01:32.736Z", "eventType": "blur", "fullPath": "/main.py"}
{"dateTime": "2025-08-22T15:01:33.734Z", "eventType": "run", "details": {"commit": "5e4184e736b7fa1bf33d41385dee4f1f0b2f0823"}}
{"dateTime": "2025-08-22T15:01:44.369Z", "eventType": "run", "details": {"commit": "5e4184e736b7fa1bf33d41385dee4f1f0b2f0823"}}
{"dateTime": "2025-08-22T15:01:45.642Z", "eventType": "run", "details": {"commit": "5e4184e736b7fa1bf33d41385dee4f1f0b2f0823"}}
{"dateTime": "2025-08-22T15:01:53.681Z", "eventType": "submission", "details": {"correctness": 1, "commit": "5e4184e736b7fa1bf33d41385dee4f1f0b2f0823", "executionTime": 0.01}}
{"dateTime": "2025-08-22T15:02:05.246Z", "eventType": "focus", "fullPath": "/main.py"}
{"dateTime": "2025-08-22T15:02:05.263Z", "eventType": "select.pointer", "fullPath": "/main.py", "details": {"selection": {"from": 107, "to": 107}}}
{"dateTime": "2025-08-22T15:02:06.205Z", "eventType": "select.pointer", "fullPath": "/main.py", "details": {"selection": {"from": 108, "to": 108}}}
{"dateTime": "2025-08-22T15:02:09.071Z", "eventType": "input.type", "fullPath": "/main.py", "details": {"fromA": 108, "toA": 108, "fromB": 108, "toB": 110, "inserted": ["\"\""]}}
{"dateTime": "2025-08-22T15:02:10.131Z", "eventType": "input.type", "fullPath": "/main.py", "details": {"fromA": 109, "toA": 109, "fromB": 109, "toB": 110, "inserted": ["d"]}}
{"dateTime": "2025-08-22T15:02:10.267Z", "eventType": "input.type", "fullPath": "/main.py", "details": {"fromA": 110, "toA": 110, "fromB": 110, "toB": 111, "inserted": ["i"]}}
{"dateTime": "2025-08-22T15:02:11.180Z", "eventType": "input.type", "fullPath": "/main.py", "details": {"fromA": 111, "toA": 111, "fromB": 111, "toB": 112, "inserted": ["g"]}}
{"dateTime": "2025-08-22T15:02:11.435Z", "eventType": "input.type", "fullPath": "/main.py", "details": {"fromA": 112, "toA": 112, "fromB": 112, "toB": 113, "inserted": ["i"]}}
{"dateTime": "2025-08-22T15:02:11.750Z", "eventType": "input.type", "fullPath": "/main.py", "details": {"fromA": 113, "toA": 113, "fromB": 113, "toB": 114, "inserted": ["t"]}}
{"dateTime": "2025-08-22T15:02:11.843Z", "eventType": "input.type", "fullPath": "/main.py", "details": {"fromA": 114, "toA": 114, "fromB": 114, "toB": 115, "inserted": ["e"]}}
{"dateTime": "2025-08-22T15:02:12.139Z", "eventType": "input.type", "fullPath": "/main.py", "details": {"fromA": 115, "toA": 115, "fromB": 115, "toB": 116, "inserted": [" "]}}
{"dateTime": "2025-08-22T15:02:12.739Z", "eventType": "input.type", "fullPath": "/main.py", "details": {"fromA": 116, "toA": 116, "fromB": 116, "toB": 117, "inserted": ["n"]}}
{"dateTime": "2025-08-22T15:02:12.939Z", "eventType": "input.type", "fullPath": "/main.py", "details": {"fromA": 117, "toA": 117, "fromB": 117, "toB": 118, "inserted": ["u"]}}
{"dateTime": "2025-08-22T15:02:13.219Z", "eventType": "input.type", "fullPath": "/main.py", "details": {"fromA": 118, "toA": 118, "fromB": 118, "toB": 119, "inserted": ["m"]}}
{"dateTime": "2025-08-22T15:02:13.323Z", "eventType": "input.type", "fullPath": "/main.py", "details": {"fromA": 119, "toA": 119, "fromB": 119, "toB": 120, "inserted": ["e"]}}
{"dateTime": "2025-08-22T15:02:13.547Z", "eventType": "input.type", "fullPath": "/main.py", "details": {"fromA": 120, "toA": 120, "fromB": 120, "toB": 121, "inserted": ["r"]}}
{"dateTime": "2025-08-22T15:02:13.683Z", "eventType": "input.type", "fullPath": "/main.py", "details": {"fromA": 121, "toA": 121, "fromB": 121, "toB": 122, "inserted": ["o"]}}
{"dateTime": "2025-08-22T15:02:15.305Z", "eventType": "input.type", "fullPath": "/main.py", "details": {"fromA": 122, "toA": 122, "fromB": 122, "toB": 123, "inserted": ["?"]}}
{"dateTime": "2025-08-22T15:02:16.965Z", "eventType": "select.pointer", "fullPath": "/main.py", "details": {"selection": {"from": 164, "to": 164}}}
{"dateTime": "2025-08-22T15:02:18.251Z", "eventType": "select.pointer", "fullPath": "/main.py", "details": {"selection": {"from": 164, "to": 164}}}
{"dateTime": "2025-08-22T15:02:23.413Z", "eventType": "input.type", "fullPath": "/main.py", "details": {"fromA": 164, "toA": 164, "fromB": 164, "toB": 165, "inserted": ["n"]}}
{"dateTime": "2025-08-22T15:02:23.654Z", "eventType": "input.type", "fullPath": "/main.py", "details": {"fromA": 165, "toA": 165, "fromB": 165, "toB": 166, "inserted": ["u"]}}
{"dateTime": "2025-08-22T15:02:24.719Z", "eventType": "input.type", "fullPath": "/main.py", "details": {"fromA": 166, "toA": 166, "fromB": 166, "toB": 167, "inserted": ["m"]}}
{"dateTime": "2025-08-22T15:02:27.281Z", "eventType": "blur", "fullPath": "/main.py"}
{"dateTime": "2025-08-22T15:02:28.469Z", "eventType": "run", "details": {"commit": "682001cfb186c0e06d71b0c9c9c573add148c8cd"}}
{"dateTime": "2025-08-22T15:02:46.225Z", "eventType": "focus", "fullPath": "/main.py"}
{"dateTime": "2025-08-22T15:02:46.247Z", "eventType": "select.pointer", "fullPath": "/main.py", "details": {"selection": {"from": 108, "to": 108}}}
{"dateTime": "2025-08-22T15:02:46.333Z", "eventType": "select.pointer", "fullPath": "/main.py", "details": {"selection": {"from": 108, "to": 109}}}
{"dateTime": "2025-08-22T15:02:46.379Z", "eventType": "select.pointer", "fullPath": "/main.py", "details": {"selection": {"from": 108, "to": 110}}}
{"dateTime": "2025-08-22T15:02:46.426Z", "eventType": "select.pointer", "fullPath": "/main.py", "details": {"selection": {"from": 108, "to": 111}}}
{"dateTime": "2025-08-22T15:02:46.461Z", "eventType": "select.pointer", "fullPath": "/main.py", "details": {"selection": {"from": 108, "to": 112}}}
{"dateTime": "2025-08-22T15:02:46.534Z", "eventType": "select.pointer", "fullPath": "/main.py", "details": {"selection": {"from": 108, "to": 114}}}
{"dateTime": "2025-08-22T15:02:46.593Z", "eventType": "select.pointer", "fullPath": "/main.py", "details": {"selection": {"from": 108, "to": 116}}}
{"dateTime": "2025-08-22T15:02:46.628Z", "eventType": "select.pointer", "fullPath": "/main.py", "details": {"selection": {"from": 108, "to": 117}}}
{"dateTime": "2025-08-22T15:02:46.664Z", "eventType": "select.pointer", "fullPath": "/main.py", "details": {"selection": {"from": 108, "to": 118}}}
{"dateTime": "2025-08-22T15:02:46.697Z", "eventType": "select.pointer", "fullPath": "/main.py", "details": {"selection": {"from": 108, "to": 119}}}
{"dateTime": "2025-08-22T15:02:46.745Z", "eventType": "select.pointer", "fullPath": "/main.py", "details": {"selection": {"from": 108, "to": 120}}}
{"dateTime": "2025-08-22T15:02:46.832Z", "eventType": "select.pointer", "fullPath": "/main.py", "details": {"selection": {"from": 108, "to": 121}}}
{"dateTime": "2025-08-22T15:02:46.915Z", "eventType": "select.pointer", "fullPath": "/main.py", "details": {"selection": {"from": 108, "to": 122}}}
{"dateTime": "2025-08-22T15:02:47.065Z", "eventType": "select.pointer", "fullPath": "/main.py", "details": {"selection": {"from": 108, "to": 123}}}
{"dateTime": "2025-08-22T15:02:47.299Z", "eventType": "select.pointer", "fullPath": "/main.py", "details": {"selection": {"from": 108, "to": 124}}}
{"dateTime": "2025-08-22T15:02:48.764Z", "eventType": "delete.selection", "fullPath": "/main.py", "details": {"fromA": 108, "toA": 124, "fromB": 108, "toB": 108, "inserted": [""]}}
{"dateTime": "2025-08-22T15:02:49.117Z", "eventType": "input.type", "fullPath": "/main.py", "details": {"fromA": 108, "toA": 108, "fromB": 108, "toB": 109, "inserted": ["1"]}}
{"dateTime": "2025-08-22T15:02:49.428Z", "eventType": "input.type", "fullPath": "/main.py", "details": {"fromA": 109, "toA": 109, "fromB": 109, "toB": 110, "inserted": ["0"]}}
{"dateTime": "2025-08-22T15:02:51.034Z", "eventType": "select.pointer", "fullPath": "/main.py", "details": {"selection": {"from": 152, "to": 152}}}
{"dateTime": "2025-08-22T15:02:51.167Z", "eventType": "select.pointer", "fullPath": "/main.py", "details": {"selection": {"from": 152, "to": 153}}}
{"dateTime": "2025-08-22T15:02:51.497Z", "eventType": "select.pointer", "fullPath": "/main.py", "details": {"selection": {"from": 153, "to": 153}}}
{"dateTime": "2025-08-22T15:02:56.637Z", "eventType": "input.type", "fullPath": "/main.py", "details": {"fromA": 153, "toA": 153, "fromB": 153, "toB": 154, "inserted": ["*"]}}
{"dateTime": "2025-08-22T15:02:57.428Z", "eventType": "input.type", "fullPath": "/main.py", "details": {"fromA": 154, "toA": 154, "fromB": 154, "toB": 155, "inserted": ["2"]}}
{"dateTime": "2025-08-22T15:02:58.606Z", "eventType": "blur", "fullPath": "/main.py"}
{"dateTime": "2025-08-22T15:02:59.595Z", "eventType": "run", "details": {"commit": "10fa9ab1b63a5072f36f792e6f7bf6cfb2c27230"}}
{"dateTime": "2025-08-22T15:03:01.366Z", "eventType": "submission", "details": {"correctness": 0, "commit": "10fa9ab1b63a5072f36f792e6f7bf6cfb2c27230", "executionTime": 0.01}}
{"dateTime": "2025-08-22T15:03:09.023Z", "eventType": "focus", "fullPath": "/main.py"}
{"dateTime": "2025-08-22T15:03:09.041Z", "eventType": "select.pointer", "fullPath": "/main.py", "details": {"selection": {"from": 107, "to": 107}}}
{"dateTime": "2025-08-22T15:03:14.035Z", "eventType": "input.type", "fullPath": "/main.py", "details": {"fromA": 107, "toA": 107, "fromB": 107, "toB": 108, "inserted": ["("]}}
{"dateTime": "2025-08-22T15:03:14.966Z", "eventType": "input.type", "fullPath": "/main.py", "details": {"fromA": 108, "toA": 108, "fromB": 108, "toB": 109, "inserted": ["i"]}}
{"dateTime": "2025-08-22T15:03:15.244Z", "eventType": "input.type", "fullPath": "/main.py", "details": {"fromA": 109, "toA": 109, "fromB": 109, "toB": 110, "inserted": ["n"]}}
{"dateTime": "2025-08-22T15:03:15.514Z", "eventType": "input.type", "fullPath": "/main.py", "details": {"fromA": 110, "toA": 110, "fromB": 110, "toB": 111, "inserted": ["p"]}}
{"dateTime": "2025-08-22T15:03:15.896Z", "eventType": "input.type", "fullPath": "/main.py", "details": {"fromA": 111, "toA": 111, "fromB": 111, "toB": 112, "inserted": ["u"]}}
{"dateTime": "2025-08-22T15:03:16.151Z", "eventType": "input.type", "fullPath": "/main.py", "details": {"fromA": 112, "toA": 112, "fromB": 112, "toB": 113, "inserted": ["t"]}}
{"dateTime": "2025-08-22T15:03:17.881Z", "eventType": "select.pointer", "fullPath": "/main.py", "details": {"selection": {"from": 114, "to": 114}}}
{"dateTime": "2025-08-22T15:03:18.042Z", "eventType": "select.pointer", "fullPath": "/main.py", "details": {"selection": {"from": 114, "to": 115}}}
{"dateTime": "2025-08-22T15:03:18.424Z", "eventType": "select.pointer", "fullPath": "/main.py", "details": {"selection": {"from": 114, "to": 116}}}
{"dateTime": "2025-08-22T15:03:19.985Z", "eventType": "input.type", "fullPath": "/main.py", "details": {"fromA": 114, "toA": 116, "fromB": 114, "toB": 115, "inserted": ["d"]}}
{"dateTime": "2025-08-22T15:03:20.116Z", "eventType": "input.type", "fullPath": "/main.py", "details": {"fromA": 115, "toA": 115, "fromB": 115, "toB": 116, "inserted": ["i"]}}
{"dateTime": "2025-08-22T15:03:21.057Z", "eventType": "input.type", "fullPath": "/main.py", "details": {"fromA": 116, "toA": 116, "fromB": 116, "toB": 117, "inserted": ["g"]}}
{"dateTime": "2025-08-22T15:03:21.360Z", "eventType": "input.type", "fullPath": "/main.py", "details": {"fromA": 117, "toA": 117, "fromB": 117, "toB": 118, "inserted": ["i"]}}
{"dateTime": "2025-08-22T15:03:21.686Z", "eventType": "input.type", "fullPath": "/main.py", "details": {"fromA": 118, "toA": 118, "fromB": 118, "toB": 119, "inserted": ["t"]}}
{"dateTime": "2025-08-22T15:03:21.792Z", "eventType": "input.type", "fullPath": "/main.py", "details": {"fromA": 119, "toA": 119, "fromB": 119, "toB": 120, "inserted": ["e"]}}
{"dateTime": "2025-08-22T15:03:22.534Z", "eventType": "input.type", "fullPath": "/main.py", "details": {"fromA": 120, "toA": 120, "fromB": 120, "toB": 121, "inserted": [" "]}}
{"dateTime": "2025-08-22T15:03:22.784Z", "eventType": "input.type", "fullPath": "/main.py", "details": {"fromA": 121, "toA": 121, "fromB": 121, "toB": 122, "inserted": ["n"]}}
{"dateTime": "2025-08-22T15:03:23.002Z", "eventType": "input.type", "fullPath": "/main.py", "details": {"fromA": 122, "toA": 122, "fromB": 122, "toB": 123, "inserted": ["u"]}}
{"dateTime": "2025-08-22T15:03:23.256Z", "eventType": "input.type", "fullPath": "/main.py", "details": {"fromA": 123, "toA": 123, "fromB": 123, "toB": 124, "inserted": ["m"]}}
{"dateTime": "2025-08-22T15:03:23.376Z", "eventType": "input.type", "fullPath": "/main.py", "details": {"fromA": 124, "toA": 124, "fromB": 124, "toB": 125, "inserted": ["e"]}}
{"dateTime": "2025-08-22T15:03:23.584Z", "eventType": "input.type", "fullPath": "/main.py", "details": {"fromA": 125, "toA": 125, "fromB": 125, "toB": 126, "inserted": ["r"]}}
{"dateTime": "2025-08-22T15:03:23.626Z", "eventType": "input.type", "fullPath": "/main.py", "details": {"fromA": 126, "toA": 126, "fromB": 126, "toB": 127, "inserted": ["o"]}}
{"dateTime": "2025-08-22T15:03:24.861Z", "eventType": "delete.backward", "fullPath": "/main.py", "details": {"fromA": 126, "toA": 127, "fromB": 126, "toB": 126, "inserted": [""]}}
{"dateTime": "2025-08-22T15:03:25.368Z", "eventType": "delete.backward", "fullPath": "/main.py", "details": {"fromA": 125, "toA": 126, "fromB": 125, "toB": 125, "inserted": [""]}}
{"dateTime": "2025-08-22T15:03:25.400Z", "eventType": "delete.backward", "fullPath": "/main.py", "details": {"fromA": 124, "toA": 125, "fromB": 124, "toB": 124, "inserted": [""]}}
{"dateTime": "2025-08-22T15:03:25.429Z", "eventType": "delete.backward", "fullPath": "/main.py", "details": {"fromA": 123, "toA": 124, "fromB": 123, "toB": 123, "inserted": [""]}}
{"dateTime": "2025-08-22T15:03:25.461Z", "eventType": "delete.backward", "fullPath": "/main.py", "details": {"fromA": 122, "toA": 123, "fromB": 122, "toB": 122, "inserted": [""]}}
{"dateTime": "2025-08-22T15:03:25.514Z", "eventType": "delete.backward", "fullPath": "/main.py", "details": {"fromA": 121, "toA": 122, "fromB": 121, "toB": 121, "inserted": [""]}}
{"dateTime": "2025-08-22T15:03:25.525Z", "eventType": "delete.backward", "fullPath": "/main.py", "details": {"fromA": 120, "toA": 121, "fromB": 120, "toB": 120, "inserted": [""]}}
{"dateTime": "2025-08-22T15:03:25.556Z", "eventType": "delete.backward", "fullPath": "/main.py", "details": {"fromA": 119, "toA": 120, "fromB": 119, "toB": 119, "inserted": [""]}}
{"dateTime": "2025-08-22T15:03:25.600Z", "eventType": "delete.backward", "fullPath": "/main.py", "details": {"fromA": 118, "toA": 119, "fromB": 118, "toB": 118, "inserted": [""]}}
{"dateTime": "2025-08-22T15:03:25.620Z", "eventType": "delete.backward", "fullPath": "/main.py", "details": {"fromA": 117, "toA": 118, "fromB": 117, "toB": 117, "inserted": [""]}}
{"dateTime": "2025-08-22T15:03:25.666Z", "eventType": "delete.backward", "fullPath": "/main.py", "details": {"fromA": 116, "toA": 117, "fromB": 116, "toB": 116, "inserted": [""]}}
{"dateTime": "2025-08-22T15:03:25.858Z", "eventType": "delete.backward", "fullPath": "/main.py", "details": {"fromA": 115, "toA": 116, "fromB": 115, "toB": 115, "inserted": [""]}}
{"dateTime": "2025-08-22T15:03:26.172Z", "eventType": "delete.backward", "fullPath": "/main.py", "details": {"fromA": 114, "toA": 115, "fromB": 114, "toB": 114, "inserted": [""]}}
{"dateTime": "2025-08-22T15:03:28.247Z", "eventType": "input.type", "fullPath": "/main.py", "details": {"fromA": 114, "toA": 114, "fromB": 114, "toB": 116, "inserted": ["\"\""]}}
{"dateTime": "2025-08-22T15:03:29.533Z", "eventType": "input.type", "fullPath": "/main.py", "details": {"fromA": 115, "toA": 115, "fromB": 115, "toB": 116, "inserted": ["d"]}}
{"dateTime": "2025-08-22T15:03:29.684Z", "eventType": "input.type", "fullPath": "/main.py", "details": {"fromA": 116, "toA": 116, "fromB": 116, "toB": 117, "inserted": ["i"]}}
{"dateTime": "2025-08-22T15:03:29.957Z", "eventType": "input.type", "fullPath": "/main.py", "details": {"fromA": 117, "toA": 117, "fromB": 117, "toB": 118, "inserted": ["g"]}}
{"dateTime": "2025-08-22T15:03:30.269Z", "eventType": "input.type", "fullPath": "/main.py", "details": {"fromA": 118, "toA": 118, "fromB": 118, "toB": 119, "inserted": ["i"]}}
{"dateTime": "2025-08-22T15:03:30.572Z", "eventType": "input.type", "fullPath": "/main.py", "details": {"fromA": 119, "toA": 119, "fromB": 119, "toB": 120, "inserted": ["t"]}}
{"dateTime": "2025-08-22T15:03:30.685Z", "eventType": "input.type", "fullPath": "/main.py", "details": {"fromA": 120, "toA": 120, "fromB": 120, "toB": 121, "inserted": ["e"]}}
{"dateTime": "2025-08-22T15:03:30.916Z", "eventType": "input.type", "fullPath": "/main.py", "details": {"fromA": 121, "toA": 121, "fromB": 121, "toB": 122, "inserted": [" "]}}
{"dateTime": "2025-08-22T15:03:31.700Z", "eventType": "input.type", "fullPath": "/main.py", "details": {"fromA": 122, "toA": 122, "fromB": 122, "toB": 123, "inserted": ["n"]}}
{"dateTime": "2025-08-22T15:03:31.932Z", "eventType": "input.type", "fullPath": "/main.py", "details": {"fromA": 123, "toA": 123, "fromB": 123, "toB": 124, "inserted": ["u"]}}
{"dateTime": "2025-08-22T15:03:32.180Z", "eventType": "input.type", "fullPath": "/main.py", "details": {"fromA": 124, "toA": 124, "fromB": 124, "toB": 125, "inserted": ["m"]}}
{"dateTime": "2025-08-22T15:03:32.332Z", "eventType": "input.type", "fullPath": "/main.py", "details": {"fromA": 125, "toA": 125, "fromB": 125, "toB": 126, "inserted": ["e"]}}
{"dateTime": "2025-08-22T15:03:32.540Z", "eventType": "input.type", "fullPath": "/main.py", "details": {"fromA": 126, "toA": 126, "fromB": 126, "toB": 127, "inserted": ["r"]}}
{"dateTime": "2025-08-22T15:03:32.661Z", "eventType": "input.type", "fullPath": "/main.py", "details": {"fromA": 127, "toA": 127, "fromB": 127, "toB": 128, "inserted": ["o"]}}
{"dateTime": "2025-08-22T15:03:33.988Z", "eventType": "input.type", "fullPath": "/main.py", "details": {"fromA": 128, "toA": 128, "fromB": 128, "toB": 129, "inserted": ["?"]}}
{"dateTime": "2025-08-22T15:03:35.405Z", "eventType": "select.pointer", "fullPath": "/main.py", "details": {"selection": {"from": 176, "to": 176}}}
{"dateTime": "2025-08-22T15:03:38.566Z", "eventType": "blur", "fullPath": "/main.py"}
{"dateTime": "2025-08-22T15:03:39.555Z", "eventType": "run", "details": {"commit": "0bd6a7e39918063c51eb29641cd218560458aff9"}}
{"dateTime": "2025-08-22T15:03:48.593Z", "eventType": "focus", "fullPath": "/main.py"}
{"dateTime": "2025-08-22T15:03:48.607Z", "eventType": "select.pointer", "fullPath": "/main.py", "details": {"selection": {"from": 104, "to": 104}}}
{"dateTime": "2025-08-22T15:03:55.664Z", "eventType": "select.pointer", "fullPath": "/main.py", "details": {"selection": {"from": 131, "to": 131}}}
