{"dateTime": "2025-08-19T17:56:01.021Z", "eventType": "focus", "fullPath": "/main.py"}
{"dateTime": "2025-08-19T17:56:01.023Z", "eventType": "select.pointer", "fullPath": "/main.py", "details": {"selection": {"from": 0, "to": 0}}}
{"dateTime": "2025-08-19T17:56:04.798Z", "eventType": "input.type", "fullPath": "/main.py", "details": {"fromA": 0, "toA": 0, "fromB": 0, "toB": 1, "inserted": ["x"]}}
{"dateTime": "2025-08-19T17:56:05.229Z", "eventType": "input.type", "fullPath": "/main.py", "details": {"fromA": 1, "toA": 1, "fromB": 1, "toB": 2, "inserted": ["1"]}}
{"dateTime": "2025-08-19T17:56:07.806Z", "eventType": "input.type", "fullPath": "/main.py", "details": {"fromA": 2, "toA": 2, "fromB": 2, "toB": 3, "inserted": [" "]}}
{"dateTime": "2025-08-19T17:56:07.966Z", "eventType": "input.type", "fullPath": "/main.py", "details": {"fromA": 3, "toA": 3, "fromB": 3, "toB": 4, "inserted": ["="]}}
{"dateTime": "2025-08-19T17:56:08.077Z", "eventType": "input.type", "fullPath": "/main.py", "details": {"fromA": 4, "toA": 4, "fromB": 4, "toB": 5, "inserted": [" "]}}
{"dateTime": "2025-08-19T17:56:09.773Z", "eventType": "input.type", "fullPath": "/main.py", "details": {"fromA": 5, "toA": 5, "fromB": 5, "toB": 6, "inserted": ["1"]}}
{"dateTime": "2025-08-19T17:56:10.445Z", "eventType": "input.type", "fullPath": "/main.py", "details": {"fromA": 6, "toA": 6, "fromB": 6, "toB": 7, "inserted": ["."]}}
{"dateTime": "2025-08-19T17:56:12.859Z", "eventType": "input.type", "fullPath": "/main.py", "details": {"fromA": 7, "toA": 7, "fromB": 7, "toB": 8, "inserted": ["2"]}}
{"dateTime": "2025-08-19T17:56:13.131Z", "eventType": "input.type", "fullPath": "/main.py", "details": {"fromA": 8, "toA": 8, "fromB": 8, "toB": 9, "inserted": ["3"]}}
{"dateTime": "2025-08-19T17:56:14.990Z", "eventType": "input", "fullPath": "/main.py", "details": {"fromA": 9, "toA": 9, "fromB": 9, "toB": 10, "inserted": ["", ""]}}
{"dateTime": "2025-08-19T17:56:15.849Z", "eventType": "input.type", "fullPath": "/main.py", "details": {"fromA": 10, "toA": 10, "fromB": 10, "toB": 11, "inserted": ["p"]}}
{"dateTime": "2025-08-19T17:56:16.065Z", "eventType": "input.type", "fullPath": "/main.py", "details": {"fromA": 11, "toA": 11, "fromB": 11, "toB": 12, "inserted": ["r"]}}
{"dateTime": "2025-08-19T17:56:16.209Z", "eventType": "input.type", "fullPath": "/main.py", "details": {"fromA": 12, "toA": 12, "fromB": 12, "toB": 13, "inserted": ["i"]}}
{"dateTime": "2025-08-19T17:56:16.401Z", "eventType": "input.type", "fullPath": "/main.py", "details": {"fromA": 13, "toA": 13, "fromB": 13, "toB": 14, "inserted": ["n"]}}
{"dateTime": "2025-08-19T17:56:16.734Z", "eventType": "input.type", "fullPath": "/main.py", "details": {"fromA": 14, "toA": 14, "fromB": 14, "toB": 15, "inserted": ["t"]}}
{"dateTime": "2025-08-19T17:56:19.566Z", "eventType": "input.type", "fullPath": "/main.py", "details": {"fromA": 15, "toA": 15, "fromB": 15, "toB": 17, "inserted": ["()"]}}
{"dateTime": "2025-08-19T17:56:24.926Z", "eventType": "input.type", "fullPath": "/main.py", "details": {"fromA": 16, "toA": 16, "fromB": 16, "toB": 17, "inserted": ["x"]}}
{"dateTime": "2025-08-19T17:56:25.358Z", "eventType": "input.type", "fullPath": "/main.py", "details": {"fromA": 17, "toA": 17, "fromB": 17, "toB": 18, "inserted": ["1"]}}
{"dateTime": "2025-08-19T17:56:29.262Z", "eventType": "blur", "fullPath": "/main.py"}
{"dateTime": "2025-08-19T17:56:29.805Z", "eventType": "submission", "details": {"correctness": 1, "commit": "53843457ab54c7e2f2b8c93bfb1489e8ede8285a", "executionTime": 0.01}}
