{"dateTime": "2025-08-12T00:05:12.684Z", "eventType": "focus", "fullPath": "/main.py"}
{"dateTime": "2025-08-12T00:05:12.689Z", "eventType": "select.pointer", "fullPath": "/main.py", "details": {"selection": {"from": 9, "to": 9}}}
{"dateTime": "2025-08-12T00:05:14.548Z", "eventType": "input.type", "fullPath": "/main.py", "details": {"fromA": 9, "toA": 9, "fromB": 9, "toB": 10, "inserted": ["A"]}}
{"dateTime": "2025-08-12T00:05:14.717Z", "eventType": "input.type", "fullPath": "/main.py", "details": {"fromA": 10, "toA": 10, "fromB": 10, "toB": 11, "inserted": ["d"]}}
{"dateTime": "2025-08-12T00:05:14.848Z", "eventType": "input.type", "fullPath": "/main.py", "details": {"fromA": 11, "toA": 11, "fromB": 11, "toB": 12, "inserted": ["a"]}}
{"dateTime": "2025-08-12T00:05:15.081Z", "eventType": "input.type", "fullPath": "/main.py", "details": {"fromA": 12, "toA": 12, "fromB": 12, "toB": 13, "inserted": [" "]}}
{"dateTime": "2025-08-12T00:05:15.982Z", "eventType": "input.type", "fullPath": "/main.py", "details": {"fromA": 13, "toA": 13, "fromB": 13, "toB": 14, "inserted": ["L"]}}
{"dateTime": "2025-08-12T00:05:16.247Z", "eventType": "input.type", "fullPath": "/main.py", "details": {"fromA": 14, "toA": 14, "fromB": 14, "toB": 15, "inserted": ["o"]}}
{"dateTime": "2025-08-12T00:05:16.451Z", "eventType": "input.type", "fullPath": "/main.py", "details": {"fromA": 15, "toA": 15, "fromB": 15, "toB": 16, "inserted": ["v"]}}
{"dateTime": "2025-08-12T00:05:16.599Z", "eventType": "input.type", "fullPath": "/main.py", "details": {"fromA": 16, "toA": 16, "fromB": 16, "toB": 17, "inserted": ["e"]}}
{"dateTime": "2025-08-12T00:05:16.831Z", "eventType": "input.type", "fullPath": "/main.py", "details": {"fromA": 17, "toA": 17, "fromB": 17, "toB": 18, "inserted": ["l"]}}
{"dateTime": "2025-08-12T00:05:16.998Z", "eventType": "input.type", "fullPath": "/main.py", "details": {"fromA": 18, "toA": 18, "fromB": 18, "toB": 19, "inserted": ["a"]}}
{"dateTime": "2025-08-12T00:05:17.864Z", "eventType": "input.type", "fullPath": "/main.py", "details": {"fromA": 19, "toA": 19, "fromB": 19, "toB": 20, "inserted": ["c"]}}
{"dateTime": "2025-08-12T00:05:18.048Z", "eventType": "input.type", "fullPath": "/main.py", "details": {"fromA": 20, "toA": 20, "fromB": 20, "toB": 21, "inserted": ["e"]}}
{"dateTime": "2025-08-12T00:05:18.509Z", "eventType": "input.type", "fullPath": "/main.py", "details": {"fromA": 21, "toA": 21, "fromB": 21, "toB": 22, "inserted": [" "]}}
{"dateTime": "2025-08-12T00:05:18.857Z", "eventType": "input.type", "fullPath": "/main.py", "details": {"fromA": 22, "toA": 22, "fromB": 22, "toB": 23, "inserted": ["f"]}}
{"dateTime": "2025-08-12T00:05:18.927Z", "eventType": "input.type", "fullPath": "/main.py", "details": {"fromA": 23, "toA": 23, "fromB": 23, "toB": 24, "inserted": ["o"]}}
{"dateTime": "2025-08-12T00:05:19.047Z", "eventType": "input.type", "fullPath": "/main.py", "details": {"fromA": 24, "toA": 24, "fromB": 24, "toB": 25, "inserted": ["i"]}}
{"dateTime": "2025-08-12T00:05:19.264Z", "eventType": "input.type", "fullPath": "/main.py", "details": {"fromA": 25, "toA": 25, "fromB": 25, "toB": 26, "inserted": [" "]}}
{"dateTime": "2025-08-12T00:05:19.411Z", "eventType": "input.type", "fullPath": "/main.py", "details": {"fromA": 26, "toA": 26, "fromB": 26, "toB": 27, "inserted": ["a"]}}
{"dateTime": "2025-08-12T00:05:19.520Z", "eventType": "input.type", "fullPath": "/main.py", "details": {"fromA": 27, "toA": 27, "fromB": 27, "toB": 28, "inserted": [" "]}}
{"dateTime": "2025-08-12T00:05:19.730Z", "eventType": "input.type", "fullPath": "/main.py", "details": {"fromA": 28, "toA": 28, "fromB": 28, "toB": 29, "inserted": ["p"]}}
{"dateTime": "2025-08-12T00:05:19.908Z", "eventType": "input.type", "fullPath": "/main.py", "details": {"fromA": 29, "toA": 29, "fromB": 29, "toB": 30, "inserted": ["r"]}}
{"dateTime": "2025-08-12T00:05:19.996Z", "eventType": "input.type", "fullPath": "/main.py", "details": {"fromA": 30, "toA": 30, "fromB": 30, "toB": 31, "inserted": ["i"]}}
{"dateTime": "2025-08-12T00:05:20.183Z", "eventType": "input.type", "fullPath": "/main.py", "details": {"fromA": 31, "toA": 31, "fromB": 31, "toB": 32, "inserted": ["m"]}}
{"dateTime": "2025-08-12T00:05:20.294Z", "eventType": "input.type", "fullPath": "/main.py", "details": {"fromA": 32, "toA": 32, "fromB": 32, "toB": 33, "inserted": ["e"]}}
{"dateTime": "2025-08-12T00:05:20.454Z", "eventType": "input.type", "fullPath": "/main.py", "details": {"fromA": 33, "toA": 33, "fromB": 33, "toB": 34, "inserted": ["i"]}}
{"dateTime": "2025-08-12T00:05:20.668Z", "eventType": "input.type", "fullPath": "/main.py", "details": {"fromA": 34, "toA": 34, "fromB": 34, "toB": 35, "inserted": ["r"]}}
{"dateTime": "2025-08-12T00:05:20.892Z", "eventType": "input.type", "fullPath": "/main.py", "details": {"fromA": 35, "toA": 35, "fromB": 35, "toB": 36, "inserted": ["a"]}}
{"dateTime": "2025-08-12T00:05:21.299Z", "eventType": "input.type", "fullPath": "/main.py", "details": {"fromA": 36, "toA": 36, "fromB": 36, "toB": 37, "inserted": [" "]}}
{"dateTime": "2025-08-12T00:05:21.662Z", "eventType": "input.type", "fullPath": "/main.py", "details": {"fromA": 37, "toA": 37, "fromB": 37, "toB": 38, "inserted": ["p"]}}
{"dateTime": "2025-08-12T00:05:21.913Z", "eventType": "input.type", "fullPath": "/main.py", "details": {"fromA": 38, "toA": 38, "fromB": 38, "toB": 39, "inserted": ["r"]}}
{"dateTime": "2025-08-12T00:05:22.010Z", "eventType": "input.type", "fullPath": "/main.py", "details": {"fromA": 39, "toA": 39, "fromB": 39, "toB": 40, "inserted": ["o"]}}
{"dateTime": "2025-08-12T00:05:22.196Z", "eventType": "input.type", "fullPath": "/main.py", "details": {"fromA": 40, "toA": 40, "fromB": 40, "toB": 41, "inserted": ["g"]}}
{"dateTime": "2025-08-12T00:05:22.335Z", "eventType": "input.type", "fullPath": "/main.py", "details": {"fromA": 41, "toA": 41, "fromB": 41, "toB": 42, "inserted": ["r"]}}
{"dateTime": "2025-08-12T00:05:22.569Z", "eventType": "input.type", "fullPath": "/main.py", "details": {"fromA": 42, "toA": 42, "fromB": 42, "toB": 43, "inserted": ["a"]}}
{"dateTime": "2025-08-12T00:05:22.705Z", "eventType": "input.type", "fullPath": "/main.py", "details": {"fromA": 43, "toA": 43, "fromB": 43, "toB": 44, "inserted": ["m"]}}
{"dateTime": "2025-08-12T00:05:22.811Z", "eventType": "input.type", "fullPath": "/main.py", "details": {"fromA": 44, "toA": 44, "fromB": 44, "toB": 45, "inserted": ["a"]}}
{"dateTime": "2025-08-12T00:05:22.962Z", "eventType": "input.type", "fullPath": "/main.py", "details": {"fromA": 45, "toA": 45, "fromB": 45, "toB": 46, "inserted": ["d"]}}
{"dateTime": "2025-08-12T00:05:23.116Z", "eventType": "input.type", "fullPath": "/main.py", "details": {"fromA": 46, "toA": 46, "fromB": 46, "toB": 47, "inserted": ["o"]}}
{"dateTime": "2025-08-12T00:05:23.451Z", "eventType": "input.type", "fullPath": "/main.py", "details": {"fromA": 47, "toA": 47, "fromB": 47, "toB": 48, "inserted": ["r"]}}
{"dateTime": "2025-08-12T00:05:23.707Z", "eventType": "input.type", "fullPath": "/main.py", "details": {"fromA": 48, "toA": 48, "fromB": 48, "toB": 49, "inserted": ["a"]}}
{"dateTime": "2025-08-12T00:05:23.983Z", "eventType": "input.type", "fullPath": "/main.py", "details": {"fromA": 49, "toA": 49, "fromB": 49, "toB": 50, "inserted": [" "]}}
{"dateTime": "2025-08-12T00:05:24.212Z", "eventType": "input.type", "fullPath": "/main.py", "details": {"fromA": 50, "toA": 50, "fromB": 50, "toB": 51, "inserted": ["d"]}}
{"dateTime": "2025-08-12T00:05:24.344Z", "eventType": "input.type", "fullPath": "/main.py", "details": {"fromA": 51, "toA": 51, "fromB": 51, "toB": 52, "inserted": ["a"]}}
{"dateTime": "2025-08-12T00:05:24.436Z", "eventType": "input.type", "fullPath": "/main.py", "details": {"fromA": 52, "toA": 52, "fromB": 52, "toB": 53, "inserted": [" "]}}
{"dateTime": "2025-08-12T00:05:24.657Z", "eventType": "input.type", "fullPath": "/main.py", "details": {"fromA": 53, "toA": 53, "fromB": 53, "toB": 54, "inserted": ["h"]}}
{"dateTime": "2025-08-12T00:05:24.805Z", "eventType": "input.type", "fullPath": "/main.py", "details": {"fromA": 54, "toA": 54, "fromB": 54, "toB": 55, "inserted": ["i"]}}
{"dateTime": "2025-08-12T00:05:24.908Z", "eventType": "input.type", "fullPath": "/main.py", "details": {"fromA": 55, "toA": 55, "fromB": 55, "toB": 56, "inserted": ["s"]}}
{"dateTime": "2025-08-12T00:05:25.222Z", "eventType": "input.type", "fullPath": "/main.py", "details": {"fromA": 56, "toA": 56, "fromB": 56, "toB": 57, "inserted": ["t"]}}
{"dateTime": "2025-08-12T00:05:25.432Z", "eventType": "input.type", "fullPath": "/main.py", "details": {"fromA": 57, "toA": 57, "fromB": 57, "toB": 58, "inserted": ["o"]}}
{"dateTime": "2025-08-12T00:05:26.358Z", "eventType": "input.type", "fullPath": "/main.py", "details": {"fromA": 58, "toA": 58, "fromB": 58, "toB": 59, "inserted": ["r"]}}
{"dateTime": "2025-08-12T00:05:26.469Z", "eventType": "input.type", "fullPath": "/main.py", "details": {"fromA": 59, "toA": 59, "fromB": 59, "toB": 60, "inserted": ["i"]}}
{"dateTime": "2025-08-12T00:05:26.641Z", "eventType": "input.type", "fullPath": "/main.py", "details": {"fromA": 60, "toA": 60, "fromB": 60, "toB": 61, "inserted": ["a"]}}
{"dateTime": "2025-08-12T00:05:28.038Z", "eventType": "input.type", "fullPath": "/main.py", "details": {"fromA": 61, "toA": 61, "fromB": 61, "toB": 62, "inserted": ["."]}}
{"dateTime": "2025-08-12T00:05:31.932Z", "eventType": "select.pointer", "fullPath": "/main.py", "details": {"selection": {"from": 80, "to": 80}}}
{"dateTime": "2025-08-12T00:05:33.241Z", "eventType": "select", "fullPath": "/main.py", "details": {"selection": {"from": 79, "to": 79}}}
{"dateTime": "2025-08-12T00:05:34.264Z", "eventType": "select", "fullPath": "/main.py", "details": {"selection": {"from": 78, "to": 79}}}
{"dateTime": "2025-08-12T00:05:34.442Z", "eventType": "select", "fullPath": "/main.py", "details": {"selection": {"from": 77, "to": 79}}}
{"dateTime": "2025-08-12T00:05:34.606Z", "eventType": "select", "fullPath": "/main.py", "details": {"selection": {"from": 76, "to": 79}}}
{"dateTime": "2025-08-12T00:05:35.433Z", "eventType": "input.type", "fullPath": "/main.py", "details": {"fromA": 76, "toA": 79, "fromB": 76, "toB": 77, "inserted": ["u"]}}
{"dateTime": "2025-08-12T00:05:35.797Z", "eventType": "input.type", "fullPath": "/main.py", "details": {"fromA": 77, "toA": 77, "fromB": 77, "toB": 78, "inserted": ["p"]}}
{"dateTime": "2025-08-12T00:05:35.930Z", "eventType": "input.type", "fullPath": "/main.py", "details": {"fromA": 78, "toA": 78, "fromB": 78, "toB": 79, "inserted": ["p"]}}
{"dateTime": "2025-08-12T00:05:36.049Z", "eventType": "input.type", "fullPath": "/main.py", "details": {"fromA": 79, "toA": 79, "fromB": 79, "toB": 80, "inserted": ["e"]}}
{"dateTime": "2025-08-12T00:05:36.196Z", "eventType": "input.type", "fullPath": "/main.py", "details": {"fromA": 80, "toA": 80, "fromB": 80, "toB": 81, "inserted": ["r"]}}
{"dateTime": "2025-08-12T00:05:36.839Z", "eventType": "input.type", "fullPath": "/main.py", "details": {"fromA": 81, "toA": 81, "fromB": 81, "toB": 83, "inserted": ["()"]}}
{"dateTime": "2025-08-12T00:05:40.272Z", "eventType": "blur", "fullPath": "/main.py"}
{"dateTime": "2025-08-12T00:05:44.618Z", "eventType": "submission", "details": {"correctness": 1, "commit": "178424d872caebf9000d700f4c18528bf7b07159", "executionTime": 0.01}}
