{"dateTime": "2025-08-26T02:45:32.947Z", "eventType": "submission", "details": {"correctness": 1, "commit": "7b8784b7aa4d65b56e424dc58889b64a4d87dce4", "executionTime": 0.01}}
{"dateTime": "2025-08-26T02:50:35.679Z", "eventType": "focus", "fullPath": "/main.py"}
{"dateTime": "2025-08-26T02:50:35.682Z", "eventType": "select.pointer", "fullPath": "/main.py", "details": {"selection": {"from": 0, "to": 0}}}
{"dateTime": "2025-08-26T02:50:37.337Z", "eventType": "input.type", "fullPath": "/main.py", "details": {"fromA": 0, "toA": 0, "fromB": 0, "toB": 1, "inserted": ["x"]}}
{"dateTime": "2025-08-26T02:50:37.578Z", "eventType": "input.type", "fullPath": "/main.py", "details": {"fromA": 1, "toA": 1, "fromB": 1, "toB": 2, "inserted": [" "]}}
{"dateTime": "2025-08-26T02:50:37.745Z", "eventType": "input.type", "fullPath": "/main.py", "details": {"fromA": 2, "toA": 2, "fromB": 2, "toB": 3, "inserted": ["="]}}
{"dateTime": "2025-08-26T02:50:37.941Z", "eventType": "input.type", "fullPath": "/main.py", "details": {"fromA": 3, "toA": 3, "fromB": 3, "toB": 4, "inserted": [" "]}}
{"dateTime": "2025-08-26T02:50:38.675Z", "eventType": "input.type", "fullPath": "/main.py", "details": {"fromA": 4, "toA": 4, "fromB": 4, "toB": 5, "inserted": ["i"]}}
{"dateTime": "2025-08-26T02:50:38.759Z", "eventType": "input.type", "fullPath": "/main.py", "details": {"fromA": 5, "toA": 5, "fromB": 5, "toB": 6, "inserted": ["n"]}}
{"dateTime": "2025-08-26T02:50:38.991Z", "eventType": "input.type", "fullPath": "/main.py", "details": {"fromA": 6, "toA": 6, "fromB": 6, "toB": 7, "inserted": ["p"]}}
{"dateTime": "2025-08-26T02:50:40.505Z", "eventType": "input.complete", "fullPath": "/main.py", "details": {"fromA": 4, "toA": 7, "fromB": 4, "toB": 9, "inserted": ["input"]}}
{"dateTime": "2025-08-26T02:50:41.084Z", "eventType": "input.type", "fullPath": "/main.py", "details": {"fromA": 9, "toA": 9, "fromB": 9, "toB": 11, "inserted": ["()"]}}
{"dateTime": "2025-08-26T02:50:41.164Z", "eventType": "input.type", "fullPath": "/main.py", "details": {"fromA": 10, "toA": 11, "fromB": 10, "toB": 11, "inserted": [")"]}}
{"dateTime": "2025-08-26T02:50:41.824Z", "eventType": "select", "fullPath": "/main.py", "details": {"selection": {"from": 10, "to": 10}}}
{"dateTime": "2025-08-26T02:50:42.975Z", "eventType": "input.type", "fullPath": "/main.py", "details": {"fromA": 10, "toA": 10, "fromB": 10, "toB": 12, "inserted": ["\"\""]}}
{"dateTime": "2025-08-26T02:50:44.208Z", "eventType": "input.type", "fullPath": "/main.py", "details": {"fromA": 11, "toA": 11, "fromB": 11, "toB": 12, "inserted": ["P"]}}
{"dateTime": "2025-08-26T02:50:44.614Z", "eventType": "input.type", "fullPath": "/main.py", "details": {"fromA": 12, "toA": 12, "fromB": 12, "toB": 13, "inserted": ["r"]}}
{"dateTime": "2025-08-26T02:50:44.753Z", "eventType": "input.type", "fullPath": "/main.py", "details": {"fromA": 13, "toA": 13, "fromB": 13, "toB": 14, "inserted": ["i"]}}
{"dateTime": "2025-08-26T02:50:45.013Z", "eventType": "input.type", "fullPath": "/main.py", "details": {"fromA": 14, "toA": 14, "fromB": 14, "toB": 15, "inserted": ["m"]}}
{"dateTime": "2025-08-26T02:50:45.122Z", "eventType": "input.type", "fullPath": "/main.py", "details": {"fromA": 15, "toA": 15, "fromB": 15, "toB": 16, "inserted": ["e"]}}
{"dateTime": "2025-08-26T02:50:45.292Z", "eventType": "input.type", "fullPath": "/main.py", "details": {"fromA": 16, "toA": 16, "fromB": 16, "toB": 17, "inserted": ["i"]}}
{"dateTime": "2025-08-26T02:50:45.435Z", "eventType": "input.type", "fullPath": "/main.py", "details": {"fromA": 17, "toA": 17, "fromB": 17, "toB": 18, "inserted": ["r"]}}
{"dateTime": "2025-08-26T02:50:45.566Z", "eventType": "input.type", "fullPath": "/main.py", "details": {"fromA": 18, "toA": 18, "fromB": 18, "toB": 19, "inserted": ["o"]}}
{"dateTime": "2025-08-26T02:50:46.307Z", "eventType": "input.type", "fullPath": "/main.py", "details": {"fromA": 19, "toA": 19, "fromB": 19, "toB": 20, "inserted": [" "]}}
{"dateTime": "2025-08-26T02:50:46.600Z", "eventType": "input.type", "fullPath": "/main.py", "details": {"fromA": 20, "toA": 20, "fromB": 20, "toB": 21, "inserted": ["N"]}}
{"dateTime": "2025-08-26T02:50:47.426Z", "eventType": "input.type", "fullPath": "/main.py", "details": {"fromA": 21, "toA": 21, "fromB": 21, "toB": 22, "inserted": ["\u00fa"]}}
{"dateTime": "2025-08-26T02:50:47.592Z", "eventType": "input.type", "fullPath": "/main.py", "details": {"fromA": 22, "toA": 22, "fromB": 22, "toB": 23, "inserted": ["m"]}}
{"dateTime": "2025-08-26T02:50:47.701Z", "eventType": "input.type", "fullPath": "/main.py", "details": {"fromA": 23, "toA": 23, "fromB": 23, "toB": 24, "inserted": ["e"]}}
{"dateTime": "2025-08-26T02:50:47.833Z", "eventType": "input.type", "fullPath": "/main.py", "details": {"fromA": 24, "toA": 24, "fromB": 24, "toB": 25, "inserted": ["r"]}}
{"dateTime": "2025-08-26T02:50:48.090Z", "eventType": "input.type", "fullPath": "/main.py", "details": {"fromA": 25, "toA": 25, "fromB": 25, "toB": 26, "inserted": ["o"]}}
{"dateTime": "2025-08-26T02:50:49.516Z", "eventType": "input.type", "fullPath": "/main.py", "details": {"fromA": 26, "toA": 26, "fromB": 26, "toB": 27, "inserted": [":"]}}
{"dateTime": "2025-08-26T02:50:49.809Z", "eventType": "input.type", "fullPath": "/main.py", "details": {"fromA": 27, "toA": 27, "fromB": 27, "toB": 28, "inserted": [" "]}}
{"dateTime": "2025-08-26T02:50:50.543Z", "eventType": "select", "fullPath": "/main.py", "details": {"selection": {"from": 29, "to": 29}}}
{"dateTime": "2025-08-26T02:50:50.864Z", "eventType": "select", "fullPath": "/main.py", "details": {"selection": {"from": 30, "to": 30}}}
{"dateTime": "2025-08-26T02:50:51.554Z", "eventType": "input", "fullPath": "/main.py", "details": {"fromA": 30, "toA": 30, "fromB": 30, "toB": 31, "inserted": ["", ""]}}
{"dateTime": "2025-08-26T02:50:52.601Z", "eventType": "input.type", "fullPath": "/main.py", "details": {"fromA": 31, "toA": 31, "fromB": 31, "toB": 32, "inserted": ["y"]}}
{"dateTime": "2025-08-26T02:50:52.988Z", "eventType": "input.type", "fullPath": "/main.py", "details": {"fromA": 32, "toA": 32, "fromB": 32, "toB": 33, "inserted": ["+"]}}
{"dateTime": "2025-08-26T02:50:53.294Z", "eventType": "input.type", "fullPath": "/main.py", "details": {"fromA": 33, "toA": 33, "fromB": 33, "toB": 34, "inserted": [" "]}}
{"dateTime": "2025-08-26T02:50:53.671Z", "eventType": "delete.backward", "fullPath": "/main.py", "details": {"fromA": 33, "toA": 34, "fromB": 33, "toB": 33, "inserted": [""]}}
{"dateTime": "2025-08-26T02:50:53.838Z", "eventType": "delete.backward", "fullPath": "/main.py", "details": {"fromA": 32, "toA": 33, "fromB": 32, "toB": 32, "inserted": [""]}}
{"dateTime": "2025-08-26T02:50:54.480Z", "eventType": "input.type", "fullPath": "/main.py", "details": {"fromA": 32, "toA": 32, "fromB": 32, "toB": 33, "inserted": [" "]}}
{"dateTime": "2025-08-26T02:50:54.631Z", "eventType": "input.type", "fullPath": "/main.py", "details": {"fromA": 33, "toA": 33, "fromB": 33, "toB": 34, "inserted": ["="]}}
{"dateTime": "2025-08-26T02:50:54.715Z", "eventType": "input.type", "fullPath": "/main.py", "details": {"fromA": 34, "toA": 34, "fromB": 34, "toB": 35, "inserted": [" "]}}
{"dateTime": "2025-08-26T02:50:55.401Z", "eventType": "input.type", "fullPath": "/main.py", "details": {"fromA": 35, "toA": 35, "fromB": 35, "toB": 36, "inserted": ["i"]}}
{"dateTime": "2025-08-26T02:50:55.474Z", "eventType": "input.type", "fullPath": "/main.py", "details": {"fromA": 36, "toA": 36, "fromB": 36, "toB": 37, "inserted": ["n"]}}
{"dateTime": "2025-08-26T02:50:55.698Z", "eventType": "input.type", "fullPath": "/main.py", "details": {"fromA": 37, "toA": 37, "fromB": 37, "toB": 38, "inserted": ["p"]}}
{"dateTime": "2025-08-26T02:50:55.911Z", "eventType": "input.type", "fullPath": "/main.py", "details": {"fromA": 38, "toA": 38, "fromB": 38, "toB": 39, "inserted": ["u"]}}
{"dateTime": "2025-08-26T02:50:56.144Z", "eventType": "input.type", "fullPath": "/main.py", "details": {"fromA": 39, "toA": 39, "fromB": 39, "toB": 40, "inserted": ["t"]}}
{"dateTime": "2025-08-26T02:50:57.020Z", "eventType": "input.complete", "fullPath": "/main.py", "details": {"fromA": 35, "toA": 40, "fromB": 35, "toB": 40, "inserted": ["input"]}}
{"dateTime": "2025-08-26T02:50:57.754Z", "eventType": "input.type", "fullPath": "/main.py", "details": {"fromA": 40, "toA": 40, "fromB": 40, "toB": 42, "inserted": ["()"]}}
{"dateTime": "2025-08-26T02:50:59.169Z", "eventType": "input.type", "fullPath": "/main.py", "details": {"fromA": 41, "toA": 41, "fromB": 41, "toB": 42, "inserted": ["S"]}}
{"dateTime": "2025-08-26T02:50:59.898Z", "eventType": "input.type", "fullPath": "/main.py", "details": {"fromA": 42, "toA": 42, "fromB": 42, "toB": 43, "inserted": ["e"]}}
{"dateTime": "2025-08-26T02:51:00.188Z", "eventType": "input.type", "fullPath": "/main.py", "details": {"fromA": 43, "toA": 43, "fromB": 43, "toB": 44, "inserted": ["g"]}}
{"dateTime": "2025-08-26T02:51:00.437Z", "eventType": "input.type", "fullPath": "/main.py", "details": {"fromA": 44, "toA": 44, "fromB": 44, "toB": 45, "inserted": ["u"]}}
{"dateTime": "2025-08-26T02:51:00.536Z", "eventType": "input.type", "fullPath": "/main.py", "details": {"fromA": 45, "toA": 45, "fromB": 45, "toB": 46, "inserted": ["n"]}}
{"dateTime": "2025-08-26T02:51:00.706Z", "eventType": "input.type", "fullPath": "/main.py", "details": {"fromA": 46, "toA": 46, "fromB": 46, "toB": 47, "inserted": ["d"]}}
{"dateTime": "2025-08-26T02:51:00.874Z", "eventType": "input.type", "fullPath": "/main.py", "details": {"fromA": 47, "toA": 47, "fromB": 47, "toB": 48, "inserted": ["o"]}}
{"dateTime": "2025-08-26T02:51:01.035Z", "eventType": "input.type", "fullPath": "/main.py", "details": {"fromA": 48, "toA": 48, "fromB": 48, "toB": 49, "inserted": [" "]}}
{"dateTime": "2025-08-26T02:51:01.873Z", "eventType": "input.type", "fullPath": "/main.py", "details": {"fromA": 49, "toA": 49, "fromB": 49, "toB": 50, "inserted": ["N"]}}
{"dateTime": "2025-08-26T02:51:02.743Z", "eventType": "input.type", "fullPath": "/main.py", "details": {"fromA": 50, "toA": 50, "fromB": 50, "toB": 51, "inserted": ["\u00fa"]}}
{"dateTime": "2025-08-26T02:51:03.062Z", "eventType": "input.type", "fullPath": "/main.py", "details": {"fromA": 51, "toA": 51, "fromB": 51, "toB": 52, "inserted": ["e"]}}
{"dateTime": "2025-08-26T02:51:03.550Z", "eventType": "delete.backward", "fullPath": "/main.py", "details": {"fromA": 51, "toA": 52, "fromB": 51, "toB": 51, "inserted": [""]}}
{"dateTime": "2025-08-26T02:51:04.217Z", "eventType": "input.type", "fullPath": "/main.py", "details": {"fromA": 51, "toA": 51, "fromB": 51, "toB": 52, "inserted": ["m"]}}
{"dateTime": "2025-08-26T02:51:04.282Z", "eventType": "input.type", "fullPath": "/main.py", "details": {"fromA": 52, "toA": 52, "fromB": 52, "toB": 53, "inserted": ["e"]}}
{"dateTime": "2025-08-26T02:51:04.497Z", "eventType": "input.type", "fullPath": "/main.py", "details": {"fromA": 53, "toA": 53, "fromB": 53, "toB": 54, "inserted": ["r"]}}
{"dateTime": "2025-08-26T02:51:04.750Z", "eventType": "input.type", "fullPath": "/main.py", "details": {"fromA": 54, "toA": 54, "fromB": 54, "toB": 55, "inserted": ["o"]}}
{"dateTime": "2025-08-26T02:51:05.718Z", "eventType": "input.type", "fullPath": "/main.py", "details": {"fromA": 55, "toA": 55, "fromB": 55, "toB": 56, "inserted": [":"]}}
{"dateTime": "2025-08-26T02:51:06.001Z", "eventType": "input.type", "fullPath": "/main.py", "details": {"fromA": 56, "toA": 56, "fromB": 56, "toB": 57, "inserted": [" "]}}
{"dateTime": "2025-08-26T02:53:30.193Z", "eventType": "blur", "fullPath": "/main.py"}
{"dateTime": "2025-08-26T02:53:30.195Z", "eventType": "focus", "fullPath": "/main.py"}
{"dateTime": "2025-08-26T02:53:30.204Z", "eventType": "select", "fullPath": "/main.py", "details": {"selection": {"from": 58, "to": 58}}}
{"dateTime": "2025-08-26T02:53:31.018Z", "eventType": "input", "fullPath": "/main.py", "details": {"fromA": 58, "toA": 58, "fromB": 58, "toB": 59, "inserted": ["", ""]}}
{"dateTime": "2025-08-26T02:53:31.585Z", "eventType": "input", "fullPath": "/main.py", "details": {"fromA": 59, "toA": 59, "fromB": 59, "toB": 60, "inserted": ["", ""]}}
{"dateTime": "2025-08-26T02:53:32.991Z", "eventType": "input.type", "fullPath": "/main.py", "details": {"fromA": 60, "toA": 60, "fromB": 60, "toB": 61, "inserted": ["q"]}}
{"dateTime": "2025-08-26T02:53:33.162Z", "eventType": "input.type", "fullPath": "/main.py", "details": {"fromA": 61, "toA": 61, "fromB": 61, "toB": 62, "inserted": ["u"]}}
{"dateTime": "2025-08-26T02:53:34.817Z", "eventType": "input.type", "fullPath": "/main.py", "details": {"fromA": 62, "toA": 62, "fromB": 62, "toB": 63, "inserted": ["o"]}}
{"dateTime": "2025-08-26T02:53:34.954Z", "eventType": "input.type", "fullPath": "/main.py", "details": {"fromA": 63, "toA": 63, "fromB": 63, "toB": 64, "inserted": ["c"]}}
{"dateTime": "2025-08-26T02:53:35.600Z", "eventType": "input.type", "fullPath": "/main.py", "details": {"fromA": 64, "toA": 64, "fromB": 64, "toB": 65, "inserted": ["i"]}}
{"dateTime": "2025-08-26T02:53:35.706Z", "eventType": "input.type", "fullPath": "/main.py", "details": {"fromA": 65, "toA": 65, "fromB": 65, "toB": 66, "inserted": ["e"]}}
{"dateTime": "2025-08-26T02:53:35.869Z", "eventType": "input.type", "fullPath": "/main.py", "details": {"fromA": 66, "toA": 66, "fromB": 66, "toB": 67, "inserted": ["n"]}}
{"dateTime": "2025-08-26T02:53:35.986Z", "eventType": "input.type", "fullPath": "/main.py", "details": {"fromA": 67, "toA": 67, "fromB": 67, "toB": 68, "inserted": ["t"]}}
{"dateTime": "2025-08-26T02:53:36.235Z", "eventType": "input.type", "fullPath": "/main.py", "details": {"fromA": 68, "toA": 68, "fromB": 68, "toB": 69, "inserted": ["e"]}}
{"dateTime": "2025-08-26T02:53:37.728Z", "eventType": "input.type", "fullPath": "/main.py", "details": {"fromA": 69, "toA": 69, "fromB": 69, "toB": 70, "inserted": [" "]}}
{"dateTime": "2025-08-26T02:53:37.879Z", "eventType": "input.type", "fullPath": "/main.py", "details": {"fromA": 70, "toA": 70, "fromB": 70, "toB": 71, "inserted": ["="]}}
{"dateTime": "2025-08-26T02:53:37.982Z", "eventType": "input.type", "fullPath": "/main.py", "details": {"fromA": 71, "toA": 71, "fromB": 71, "toB": 72, "inserted": [" "]}}
{"dateTime": "2025-08-26T02:53:40.352Z", "eventType": "input.type", "fullPath": "/main.py", "details": {"fromA": 72, "toA": 72, "fromB": 72, "toB": 73, "inserted": ["x"]}}
{"dateTime": "2025-08-26T02:53:40.484Z", "eventType": "input.type", "fullPath": "/main.py", "details": {"fromA": 73, "toA": 73, "fromB": 73, "toB": 74, "inserted": ["/"]}}
{"dateTime": "2025-08-26T02:53:40.624Z", "eventType": "input.type", "fullPath": "/main.py", "details": {"fromA": 74, "toA": 74, "fromB": 74, "toB": 75, "inserted": ["/"]}}
{"dateTime": "2025-08-26T02:53:41.190Z", "eventType": "input.type", "fullPath": "/main.py", "details": {"fromA": 75, "toA": 75, "fromB": 75, "toB": 76, "inserted": ["y"]}}
{"dateTime": "2025-08-26T02:53:43.101Z", "eventType": "input.complete", "fullPath": "/main.py", "details": {"fromA": 75, "toA": 76, "fromB": 75, "toB": 76, "inserted": ["y"]}}
{"dateTime": "2025-08-26T02:53:43.602Z", "eventType": "input", "fullPath": "/main.py", "details": {"fromA": 76, "toA": 76, "fromB": 76, "toB": 77, "inserted": ["", ""]}}
{"dateTime": "2025-08-26T02:53:44.306Z", "eventType": "input.type", "fullPath": "/main.py", "details": {"fromA": 77, "toA": 77, "fromB": 77, "toB": 78, "inserted": ["r"]}}
{"dateTime": "2025-08-26T02:53:44.410Z", "eventType": "input.type", "fullPath": "/main.py", "details": {"fromA": 78, "toA": 78, "fromB": 78, "toB": 79, "inserted": ["e"]}}
{"dateTime": "2025-08-26T02:53:44.555Z", "eventType": "input.type", "fullPath": "/main.py", "details": {"fromA": 79, "toA": 79, "fromB": 79, "toB": 80, "inserted": ["s"]}}
{"dateTime": "2025-08-26T02:53:44.868Z", "eventType": "input.type", "fullPath": "/main.py", "details": {"fromA": 80, "toA": 80, "fromB": 80, "toB": 81, "inserted": ["t"]}}
{"dateTime": "2025-08-26T02:53:44.982Z", "eventType": "input.type", "fullPath": "/main.py", "details": {"fromA": 81, "toA": 81, "fromB": 81, "toB": 82, "inserted": ["o"]}}
{"dateTime": "2025-08-26T02:53:46.265Z", "eventType": "input.type", "fullPath": "/main.py", "details": {"fromA": 82, "toA": 82, "fromB": 82, "toB": 83, "inserted": [" "]}}
{"dateTime": "2025-08-26T02:53:46.416Z", "eventType": "input.type", "fullPath": "/main.py", "details": {"fromA": 83, "toA": 83, "fromB": 83, "toB": 84, "inserted": ["x"]}}
{"dateTime": "2025-08-26T02:53:48.206Z", "eventType": "input.type", "fullPath": "/main.py", "details": {"fromA": 84, "toA": 84, "fromB": 84, "toB": 85, "inserted": ["%"]}}
{"dateTime": "2025-08-26T02:53:48.873Z", "eventType": "input.type", "fullPath": "/main.py", "details": {"fromA": 85, "toA": 85, "fromB": 85, "toB": 86, "inserted": ["y"]}}
{"dateTime": "2025-08-26T02:53:50.351Z", "eventType": "select", "fullPath": "/main.py", "details": {"selection": {"from": 85, "to": 85}}}
{"dateTime": "2025-08-26T02:53:50.545Z", "eventType": "select", "fullPath": "/main.py", "details": {"selection": {"from": 84, "to": 84}}}
{"dateTime": "2025-08-26T02:53:50.771Z", "eventType": "select", "fullPath": "/main.py", "details": {"selection": {"from": 83, "to": 83}}}
{"dateTime": "2025-08-26T02:53:51.445Z", "eventType": "input.type", "fullPath": "/main.py", "details": {"fromA": 83, "toA": 83, "fromB": 83, "toB": 84, "inserted": ["="]}}
{"dateTime": "2025-08-26T02:53:51.551Z", "eventType": "input.type", "fullPath": "/main.py", "details": {"fromA": 84, "toA": 84, "fromB": 84, "toB": 85, "inserted": [" "]}}
{"dateTime": "2025-08-26T02:53:53.419Z", "eventType": "blur", "fullPath": "/main.py"}
{"dateTime": "2025-08-26T02:53:53.422Z", "eventType": "focus", "fullPath": "/main.py"}
{"dateTime": "2025-08-26T02:53:53.432Z", "eventType": "select", "fullPath": "/main.py", "details": {"selection": {"from": 88, "to": 88}}}
{"dateTime": "2025-08-26T02:54:02.977Z", "eventType": "input", "fullPath": "/main.py", "details": {"fromA": 88, "toA": 88, "fromB": 88, "toB": 89, "inserted": ["", ""]}}
{"dateTime": "2025-08-26T02:54:03.193Z", "eventType": "input", "fullPath": "/main.py", "details": {"fromA": 89, "toA": 89, "fromB": 89, "toB": 90, "inserted": ["", ""]}}
{"dateTime": "2025-08-26T02:54:03.963Z", "eventType": "input.type", "fullPath": "/main.py", "details": {"fromA": 90, "toA": 90, "fromB": 90, "toB": 91, "inserted": ["p"]}}
{"dateTime": "2025-08-26T02:54:04.097Z", "eventType": "input.type", "fullPath": "/main.py", "details": {"fromA": 91, "toA": 91, "fromB": 91, "toB": 92, "inserted": ["r"]}}
{"dateTime": "2025-08-26T02:54:04.305Z", "eventType": "input.type", "fullPath": "/main.py", "details": {"fromA": 92, "toA": 92, "fromB": 92, "toB": 93, "inserted": ["i"]}}
{"dateTime": "2025-08-26T02:54:04.428Z", "eventType": "input.type", "fullPath": "/main.py", "details": {"fromA": 93, "toA": 93, "fromB": 93, "toB": 94, "inserted": ["n"]}}
{"dateTime": "2025-08-26T02:54:04.521Z", "eventType": "input.type", "fullPath": "/main.py", "details": {"fromA": 94, "toA": 94, "fromB": 94, "toB": 95, "inserted": ["t"]}}
{"dateTime": "2025-08-26T02:54:05.741Z", "eventType": "input.type", "fullPath": "/main.py", "details": {"fromA": 95, "toA": 95, "fromB": 95, "toB": 97, "inserted": ["()"]}}
{"dateTime": "2025-08-26T02:54:21.412Z", "eventType": "select.pointer", "fullPath": "/main.py", "details": {"selection": {"from": 88, "to": 88}}}
{"dateTime": "2025-08-26T02:59:11.006Z", "eventType": "select.pointer", "fullPath": "/main.py", "details": {"selection": {"from": 96, "to": 96}}}
{"dateTime": "2025-08-26T02:59:21.005Z", "eventType": "select.pointer", "fullPath": "/main.py", "details": {"selection": {"from": 88, "to": 88}}}
{"dateTime": "2025-08-26T02:59:22.817Z", "eventType": "select.pointer", "fullPath": "/main.py", "details": {"selection": {"from": 69, "to": 69}}}
{"dateTime": "2025-08-26T02:59:25.574Z", "eventType": "delete.backward", "fullPath": "/main.py", "details": {"fromA": 68, "toA": 69, "fromB": 68, "toB": 68, "inserted": [""]}}
{"dateTime": "2025-08-26T02:59:25.733Z", "eventType": "delete.backward", "fullPath": "/main.py", "details": {"fromA": 67, "toA": 68, "fromB": 67, "toB": 67, "inserted": [""]}}
{"dateTime": "2025-08-26T02:59:25.916Z", "eventType": "delete.backward", "fullPath": "/main.py", "details": {"fromA": 66, "toA": 67, "fromB": 66, "toB": 66, "inserted": [""]}}
{"dateTime": "2025-08-26T02:59:26.104Z", "eventType": "delete.backward", "fullPath": "/main.py", "details": {"fromA": 65, "toA": 66, "fromB": 65, "toB": 65, "inserted": [""]}}
{"dateTime": "2025-08-26T02:59:26.988Z", "eventType": "input.type", "fullPath": "/main.py", "details": {"fromA": 65, "toA": 65, "fromB": 65, "toB": 66, "inserted": ["n"]}}
{"dateTime": "2025-08-26T02:59:27.083Z", "eventType": "input.type", "fullPath": "/main.py", "details": {"fromA": 66, "toA": 66, "fromB": 66, "toB": 67, "inserted": ["t"]}}
{"dateTime": "2025-08-26T02:59:28.235Z", "eventType": "select.pointer", "fullPath": "/main.py", "details": {"selection": {"from": 87, "to": 87}}}
{"dateTime": "2025-08-26T02:59:28.971Z", "eventType": "select.pointer", "fullPath": "/main.py", "details": {"selection": {"from": 86, "to": 86}}}
{"dateTime": "2025-08-26T02:59:29.527Z", "eventType": "input", "fullPath": "/main.py", "details": {"fromA": 86, "toA": 86, "fromB": 86, "toB": 87, "inserted": ["", ""]}}
{"dateTime": "2025-08-26T02:59:30.540Z", "eventType": "input.type", "fullPath": "/main.py", "details": {"fromA": 87, "toA": 87, "fromB": 87, "toB": 88, "inserted": ["q"]}}
{"dateTime": "2025-08-26T02:59:32.618Z", "eventType": "input.type", "fullPath": "/main.py", "details": {"fromA": 88, "toA": 88, "fromB": 88, "toB": 89, "inserted": ["u"]}}
{"dateTime": "2025-08-26T02:59:32.896Z", "eventType": "input.type", "fullPath": "/main.py", "details": {"fromA": 89, "toA": 89, "fromB": 89, "toB": 90, "inserted": ["o"]}}
{"dateTime": "2025-08-26T02:59:33.190Z", "eventType": "input.type", "fullPath": "/main.py", "details": {"fromA": 90, "toA": 90, "fromB": 90, "toB": 91, "inserted": ["c"]}}
{"dateTime": "2025-08-26T02:59:33.548Z", "eventType": "input.type", "fullPath": "/main.py", "details": {"fromA": 91, "toA": 91, "fromB": 91, "toB": 92, "inserted": ["i"]}}
{"dateTime": "2025-08-26T02:59:34.812Z", "eventType": "delete.backward", "fullPath": "/main.py", "details": {"fromA": 91, "toA": 92, "fromB": 91, "toB": 91, "inserted": [""]}}
{"dateTime": "2025-08-26T02:59:35.164Z", "eventType": "input.type", "fullPath": "/main.py", "details": {"fromA": 91, "toA": 91, "fromB": 91, "toB": 92, "inserted": ["r"]}}
{"dateTime": "2025-08-26T02:59:35.330Z", "eventType": "input.type", "fullPath": "/main.py", "details": {"fromA": 92, "toA": 92, "fromB": 92, "toB": 93, "inserted": ["e"]}}
{"dateTime": "2025-08-26T02:59:36.966Z", "eventType": "input.type", "fullPath": "/main.py", "details": {"fromA": 93, "toA": 93, "fromB": 93, "toB": 94, "inserted": ["a"]}}
{"dateTime": "2025-08-26T02:59:37.025Z", "eventType": "input.type", "fullPath": "/main.py", "details": {"fromA": 94, "toA": 94, "fromB": 94, "toB": 95, "inserted": ["l"]}}
{"dateTime": "2025-08-26T03:00:21.717Z", "eventType": "input.type", "fullPath": "/main.py", "details": {"fromA": 95, "toA": 95, "fromB": 95, "toB": 96, "inserted": [" "]}}
{"dateTime": "2025-08-26T03:00:21.846Z", "eventType": "input.type", "fullPath": "/main.py", "details": {"fromA": 96, "toA": 96, "fromB": 96, "toB": 97, "inserted": ["="]}}
{"dateTime": "2025-08-26T03:00:21.998Z", "eventType": "input.type", "fullPath": "/main.py", "details": {"fromA": 97, "toA": 97, "fromB": 97, "toB": 98, "inserted": [" "]}}
{"dateTime": "2025-08-26T03:00:24.587Z", "eventType": "input.type", "fullPath": "/main.py", "details": {"fromA": 98, "toA": 98, "fromB": 98, "toB": 99, "inserted": ["x"]}}
{"dateTime": "2025-08-26T03:00:25.443Z", "eventType": "input.type", "fullPath": "/main.py", "details": {"fromA": 99, "toA": 99, "fromB": 99, "toB": 100, "inserted": ["/"]}}
{"dateTime": "2025-08-26T03:00:25.514Z", "eventType": "input.type", "fullPath": "/main.py", "details": {"fromA": 100, "toA": 100, "fromB": 100, "toB": 101, "inserted": ["y"]}}
{"dateTime": "2025-08-26T03:00:45.228Z", "eventType": "input.complete", "fullPath": "/main.py", "details": {"fromA": 100, "toA": 101, "fromB": 100, "toB": 101, "inserted": ["y"]}}
{"dateTime": "2025-08-26T03:00:46.546Z", "eventType": "input", "fullPath": "/main.py", "details": {"fromA": 101, "toA": 101, "fromB": 101, "toB": 102, "inserted": ["", ""]}}
{"dateTime": "2025-08-26T03:00:50.726Z", "eventType": "input.type", "fullPath": "/main.py", "details": {"fromA": 102, "toA": 102, "fromB": 102, "toB": 103, "inserted": ["p"]}}
{"dateTime": "2025-08-26T03:00:50.831Z", "eventType": "input.type", "fullPath": "/main.py", "details": {"fromA": 103, "toA": 103, "fromB": 103, "toB": 104, "inserted": ["r"]}}
{"dateTime": "2025-08-26T03:00:50.999Z", "eventType": "input.type", "fullPath": "/main.py", "details": {"fromA": 104, "toA": 104, "fromB": 104, "toB": 105, "inserted": ["o"]}}
{"dateTime": "2025-08-26T03:00:51.830Z", "eventType": "input.type", "fullPath": "/main.py", "details": {"fromA": 105, "toA": 105, "fromB": 105, "toB": 106, "inserted": [" "]}}
{"dateTime": "2025-08-26T03:00:51.915Z", "eventType": "input.type", "fullPath": "/main.py", "details": {"fromA": 106, "toA": 106, "fromB": 106, "toB": 107, "inserted": ["="]}}
{"dateTime": "2025-08-26T03:00:52.481Z", "eventType": "input.type", "fullPath": "/main.py", "details": {"fromA": 107, "toA": 107, "fromB": 107, "toB": 108, "inserted": [" "]}}
{"dateTime": "2025-08-26T03:00:54.252Z", "eventType": "input.type", "fullPath": "/main.py", "details": {"fromA": 108, "toA": 108, "fromB": 108, "toB": 109, "inserted": ["x"]}}
{"dateTime": "2025-08-26T03:00:55.440Z", "eventType": "input.type", "fullPath": "/main.py", "details": {"fromA": 109, "toA": 109, "fromB": 109, "toB": 110, "inserted": ["*"]}}
{"dateTime": "2025-08-26T03:00:55.737Z", "eventType": "input.type", "fullPath": "/main.py", "details": {"fromA": 110, "toA": 110, "fromB": 110, "toB": 111, "inserted": ["y"]}}
{"dateTime": "2025-08-26T03:00:56.583Z", "eventType": "input.complete", "fullPath": "/main.py", "details": {"fromA": 110, "toA": 111, "fromB": 110, "toB": 111, "inserted": ["y"]}}
{"dateTime": "2025-08-26T03:00:57.522Z", "eventType": "input", "fullPath": "/main.py", "details": {"fromA": 111, "toA": 111, "fromB": 111, "toB": 112, "inserted": ["", ""]}}
{"dateTime": "2025-08-26T03:01:02.162Z", "eventType": "input.type", "fullPath": "/main.py", "details": {"fromA": 112, "toA": 112, "fromB": 112, "toB": 113, "inserted": ["e"]}}
{"dateTime": "2025-08-26T03:01:02.297Z", "eventType": "input.type", "fullPath": "/main.py", "details": {"fromA": 113, "toA": 113, "fromB": 113, "toB": 114, "inserted": ["l"]}}
{"dateTime": "2025-08-26T03:01:02.405Z", "eventType": "input.type", "fullPath": "/main.py", "details": {"fromA": 114, "toA": 114, "fromB": 114, "toB": 115, "inserted": ["e"]}}
{"dateTime": "2025-08-26T03:01:02.596Z", "eventType": "input.type", "fullPath": "/main.py", "details": {"fromA": 115, "toA": 115, "fromB": 115, "toB": 116, "inserted": ["v"]}}
{"dateTime": "2025-08-26T03:01:04.014Z", "eventType": "input.type", "fullPath": "/main.py", "details": {"fromA": 116, "toA": 116, "fromB": 116, "toB": 117, "inserted": [" "]}}
{"dateTime": "2025-08-26T03:01:04.177Z", "eventType": "input.type", "fullPath": "/main.py", "details": {"fromA": 117, "toA": 117, "fromB": 117, "toB": 118, "inserted": ["="]}}
{"dateTime": "2025-08-26T03:01:04.307Z", "eventType": "input.type", "fullPath": "/main.py", "details": {"fromA": 118, "toA": 118, "fromB": 118, "toB": 119, "inserted": [" "]}}
{"dateTime": "2025-08-26T03:01:08.302Z", "eventType": "input.type", "fullPath": "/main.py", "details": {"fromA": 119, "toA": 119, "fromB": 119, "toB": 120, "inserted": ["y"]}}
{"dateTime": "2025-08-26T03:01:10.217Z", "eventType": "input.type", "fullPath": "/main.py", "details": {"fromA": 120, "toA": 120, "fromB": 120, "toB": 121, "inserted": ["*"]}}
{"dateTime": "2025-08-26T03:01:10.321Z", "eventType": "input.type", "fullPath": "/main.py", "details": {"fromA": 121, "toA": 121, "fromB": 121, "toB": 122, "inserted": ["*"]}}
{"dateTime": "2025-08-26T03:01:10.745Z", "eventType": "input.type", "fullPath": "/main.py", "details": {"fromA": 122, "toA": 122, "fromB": 122, "toB": 123, "inserted": ["3"]}}
{"dateTime": "2025-08-26T03:01:17.624Z", "eventType": "select.pointer", "fullPath": "/main.py", "details": {"selection": {"from": 131, "to": 131}}}
{"dateTime": "2025-08-26T03:01:47.159Z", "eventType": "input.type", "fullPath": "/main.py", "details": {"fromA": 131, "toA": 131, "fromB": 131, "toB": 132, "inserted": ["q"]}}
{"dateTime": "2025-08-26T03:01:49.462Z", "eventType": "input.complete", "fullPath": "/main.py", "details": {"fromA": 131, "toA": 132, "fromB": 131, "toB": 138, "inserted": ["quocint"]}}
{"dateTime": "2025-08-26T03:01:50.270Z", "eventType": "input.type", "fullPath": "/main.py", "details": {"fromA": 138, "toA": 138, "fromB": 138, "toB": 139, "inserted": ["0"]}}
{"dateTime": "2025-08-26T03:01:51.090Z", "eventType": "delete.backward", "fullPath": "/main.py", "details": {"fromA": 138, "toA": 139, "fromB": 138, "toB": 138, "inserted": [""]}}
{"dateTime": "2025-08-26T03:01:51.408Z", "eventType": "select", "fullPath": "/main.py", "details": {"selection": {"from": 139, "to": 139}}}
{"dateTime": "2025-08-26T03:01:53.103Z", "eventType": "input", "fullPath": "/main.py", "details": {"fromA": 139, "toA": 139, "fromB": 139, "toB": 140, "inserted": ["", ""]}}
{"dateTime": "2025-08-26T03:01:53.976Z", "eventType": "input.type", "fullPath": "/main.py", "details": {"fromA": 140, "toA": 140, "fromB": 140, "toB": 141, "inserted": ["p"]}}
{"dateTime": "2025-08-26T03:01:54.117Z", "eventType": "input.type", "fullPath": "/main.py", "details": {"fromA": 141, "toA": 141, "fromB": 141, "toB": 142, "inserted": ["r"]}}
{"dateTime": "2025-08-26T03:01:54.264Z", "eventType": "input.type", "fullPath": "/main.py", "details": {"fromA": 142, "toA": 142, "fromB": 142, "toB": 143, "inserted": ["i"]}}
{"dateTime": "2025-08-26T03:01:54.385Z", "eventType": "input.type", "fullPath": "/main.py", "details": {"fromA": 143, "toA": 143, "fromB": 143, "toB": 144, "inserted": ["n"]}}
{"dateTime": "2025-08-26T03:01:54.507Z", "eventType": "input.type", "fullPath": "/main.py", "details": {"fromA": 144, "toA": 144, "fromB": 144, "toB": 145, "inserted": ["t"]}}
{"dateTime": "2025-08-26T03:01:55.937Z", "eventType": "input.complete", "fullPath": "/main.py", "details": {"fromA": 140, "toA": 145, "fromB": 140, "toB": 145, "inserted": ["print"]}}
{"dateTime": "2025-08-26T03:01:56.732Z", "eventType": "input.type", "fullPath": "/main.py", "details": {"fromA": 145, "toA": 145, "fromB": 145, "toB": 147, "inserted": ["()"]}}
{"dateTime": "2025-08-26T03:01:57.741Z", "eventType": "input.type", "fullPath": "/main.py", "details": {"fromA": 146, "toA": 146, "fromB": 146, "toB": 147, "inserted": ["r"]}}
{"dateTime": "2025-08-26T03:01:57.929Z", "eventType": "input.type", "fullPath": "/main.py", "details": {"fromA": 147, "toA": 147, "fromB": 147, "toB": 148, "inserted": ["e"]}}
{"dateTime": "2025-08-26T03:01:59.395Z", "eventType": "input.complete", "fullPath": "/main.py", "details": {"fromA": 146, "toA": 148, "fromB": 146, "toB": 151, "inserted": ["resto"]}}
{"dateTime": "2025-08-26T03:01:59.906Z", "eventType": "select", "fullPath": "/main.py", "details": {"selection": {"from": 152, "to": 152}}}
{"dateTime": "2025-08-26T03:02:00.528Z", "eventType": "input", "fullPath": "/main.py", "details": {"fromA": 152, "toA": 152, "fromB": 152, "toB": 153, "inserted": ["", ""]}}
{"dateTime": "2025-08-26T03:02:01.426Z", "eventType": "input.type", "fullPath": "/main.py", "details": {"fromA": 153, "toA": 153, "fromB": 153, "toB": 154, "inserted": ["p"]}}
{"dateTime": "2025-08-26T03:02:01.569Z", "eventType": "input.type", "fullPath": "/main.py", "details": {"fromA": 154, "toA": 154, "fromB": 154, "toB": 155, "inserted": ["r"]}}
{"dateTime": "2025-08-26T03:02:01.669Z", "eventType": "input.type", "fullPath": "/main.py", "details": {"fromA": 155, "toA": 155, "fromB": 155, "toB": 156, "inserted": ["e"]}}
{"dateTime": "2025-08-26T03:02:01.825Z", "eventType": "input.type", "fullPath": "/main.py", "details": {"fromA": 156, "toA": 156, "fromB": 156, "toB": 157, "inserted": ["i"]}}
{"dateTime": "2025-08-26T03:02:01.953Z", "eventType": "input.type", "fullPath": "/main.py", "details": {"fromA": 157, "toA": 157, "fromB": 157, "toB": 158, "inserted": ["n"]}}
{"dateTime": "2025-08-26T03:02:03.339Z", "eventType": "delete.backward", "fullPath": "/main.py", "details": {"fromA": 157, "toA": 158, "fromB": 157, "toB": 157, "inserted": [""]}}
{"dateTime": "2025-08-26T03:02:03.490Z", "eventType": "delete.backward", "fullPath": "/main.py", "details": {"fromA": 156, "toA": 157, "fromB": 156, "toB": 156, "inserted": [""]}}
{"dateTime": "2025-08-26T03:02:03.769Z", "eventType": "delete.backward", "fullPath": "/main.py", "details": {"fromA": 155, "toA": 156, "fromB": 155, "toB": 155, "inserted": [""]}}
{"dateTime": "2025-08-26T03:02:04.281Z", "eventType": "input.type", "fullPath": "/main.py", "details": {"fromA": 155, "toA": 155, "fromB": 155, "toB": 156, "inserted": ["i"]}}
{"dateTime": "2025-08-26T03:02:04.357Z", "eventType": "input.type", "fullPath": "/main.py", "details": {"fromA": 156, "toA": 156, "fromB": 156, "toB": 157, "inserted": ["n"]}}
{"dateTime": "2025-08-26T03:02:04.458Z", "eventType": "input.type", "fullPath": "/main.py", "details": {"fromA": 157, "toA": 157, "fromB": 157, "toB": 158, "inserted": ["t"]}}
{"dateTime": "2025-08-26T03:02:12.115Z", "eventType": "input.type", "fullPath": "/main.py", "details": {"fromA": 158, "toA": 158, "fromB": 158, "toB": 160, "inserted": ["()"]}}
{"dateTime": "2025-08-26T03:02:14.280Z", "eventType": "input.type", "fullPath": "/main.py", "details": {"fromA": 159, "toA": 159, "fromB": 159, "toB": 160, "inserted": ["q"]}}
{"dateTime": "2025-08-26T03:02:17.075Z", "eventType": "input.complete", "fullPath": "/main.py", "details": {"fromA": 159, "toA": 160, "fromB": 159, "toB": 167, "inserted": ["quocreal"]}}
{"dateTime": "2025-08-26T03:02:18.001Z", "eventType": "select", "fullPath": "/main.py", "details": {"selection": {"from": 168, "to": 168}}}
{"dateTime": "2025-08-26T03:02:22.167Z", "eventType": "input", "fullPath": "/main.py", "details": {"fromA": 168, "toA": 168, "fromB": 168, "toB": 169, "inserted": ["", ""]}}
{"dateTime": "2025-08-26T03:03:10.692Z", "eventType": "input.type", "fullPath": "/main.py", "details": {"fromA": 169, "toA": 169, "fromB": 169, "toB": 170, "inserted": ["p"]}}
{"dateTime": "2025-08-26T03:03:10.867Z", "eventType": "input.type", "fullPath": "/main.py", "details": {"fromA": 170, "toA": 170, "fromB": 170, "toB": 171, "inserted": ["r"]}}
{"dateTime": "2025-08-26T03:03:10.955Z", "eventType": "input.type", "fullPath": "/main.py", "details": {"fromA": 171, "toA": 171, "fromB": 171, "toB": 172, "inserted": ["i"]}}
{"dateTime": "2025-08-26T03:03:11.066Z", "eventType": "input.type", "fullPath": "/main.py", "details": {"fromA": 172, "toA": 172, "fromB": 172, "toB": 173, "inserted": ["n"]}}
{"dateTime": "2025-08-26T03:03:11.151Z", "eventType": "input.type", "fullPath": "/main.py", "details": {"fromA": 173, "toA": 173, "fromB": 173, "toB": 174, "inserted": ["t"]}}
{"dateTime": "2025-08-26T03:03:12.586Z", "eventType": "input.type", "fullPath": "/main.py", "details": {"fromA": 174, "toA": 174, "fromB": 174, "toB": 176, "inserted": ["()"]}}
{"dateTime": "2025-08-26T03:03:16.118Z", "eventType": "input.type", "fullPath": "/main.py", "details": {"fromA": 175, "toA": 175, "fromB": 175, "toB": 176, "inserted": ["p"]}}
{"dateTime": "2025-08-26T03:03:16.249Z", "eventType": "input.type", "fullPath": "/main.py", "details": {"fromA": 176, "toA": 176, "fromB": 176, "toB": 177, "inserted": ["r"]}}
{"dateTime": "2025-08-26T03:03:16.643Z", "eventType": "input.type", "fullPath": "/main.py", "details": {"fromA": 177, "toA": 177, "fromB": 177, "toB": 178, "inserted": ["o"]}}
{"dateTime": "2025-08-26T03:03:17.866Z", "eventType": "input.complete", "fullPath": "/main.py", "details": {"fromA": 175, "toA": 178, "fromB": 175, "toB": 178, "inserted": ["pro"]}}
{"dateTime": "2025-08-26T03:03:18.583Z", "eventType": "select", "fullPath": "/main.py", "details": {"selection": {"from": 179, "to": 179}}}
{"dateTime": "2025-08-26T03:03:18.864Z", "eventType": "input", "fullPath": "/main.py", "details": {"fromA": 179, "toA": 179, "fromB": 179, "toB": 180, "inserted": ["", ""]}}
{"dateTime": "2025-08-26T03:03:19.634Z", "eventType": "input.type", "fullPath": "/main.py", "details": {"fromA": 180, "toA": 180, "fromB": 180, "toB": 181, "inserted": ["p"]}}
{"dateTime": "2025-08-26T03:03:19.749Z", "eventType": "input.type", "fullPath": "/main.py", "details": {"fromA": 181, "toA": 181, "fromB": 181, "toB": 182, "inserted": ["r"]}}
{"dateTime": "2025-08-26T03:03:19.902Z", "eventType": "input.type", "fullPath": "/main.py", "details": {"fromA": 182, "toA": 182, "fromB": 182, "toB": 183, "inserted": ["i"]}}
{"dateTime": "2025-08-26T03:03:20.026Z", "eventType": "input.type", "fullPath": "/main.py", "details": {"fromA": 183, "toA": 183, "fromB": 183, "toB": 184, "inserted": ["n"]}}
{"dateTime": "2025-08-26T03:03:20.091Z", "eventType": "input.type", "fullPath": "/main.py", "details": {"fromA": 184, "toA": 184, "fromB": 184, "toB": 185, "inserted": ["t"]}}
{"dateTime": "2025-08-26T03:03:20.915Z", "eventType": "input.type", "fullPath": "/main.py", "details": {"fromA": 185, "toA": 185, "fromB": 185, "toB": 187, "inserted": ["()"]}}
{"dateTime": "2025-08-26T03:03:22.651Z", "eventType": "input.type", "fullPath": "/main.py", "details": {"fromA": 186, "toA": 186, "fromB": 186, "toB": 187, "inserted": ["e"]}}
{"dateTime": "2025-08-26T03:03:22.780Z", "eventType": "input.type", "fullPath": "/main.py", "details": {"fromA": 187, "toA": 187, "fromB": 187, "toB": 188, "inserted": ["l"]}}
{"dateTime": "2025-08-26T03:03:22.854Z", "eventType": "input.type", "fullPath": "/main.py", "details": {"fromA": 188, "toA": 188, "fromB": 188, "toB": 189, "inserted": ["e"]}}
{"dateTime": "2025-08-26T03:03:23.755Z", "eventType": "input.complete", "fullPath": "/main.py", "details": {"fromA": 186, "toA": 189, "fromB": 186, "toB": 190, "inserted": ["elev"]}}
{"dateTime": "2025-08-26T03:03:26.107Z", "eventType": "blur", "fullPath": "/main.py"}
{"dateTime": "2025-08-26T03:03:26.796Z", "eventType": "run", "details": {"commit": "3d286c43d04b183874ceaa891ce5eba07d523d91"}}
{"dateTime": "2025-08-26T03:03:33.254Z", "eventType": "focus", "fullPath": "/main.py"}
{"dateTime": "2025-08-26T03:03:33.260Z", "eventType": "select.pointer", "fullPath": "/main.py", "details": {"selection": {"from": 41, "to": 41}}}
{"dateTime": "2025-08-26T03:03:34.479Z", "eventType": "input.type", "fullPath": "/main.py", "details": {"fromA": 41, "toA": 41, "fromB": 41, "toB": 42, "inserted": ["\""]}}
{"dateTime": "2025-08-26T03:03:35.713Z", "eventType": "select.pointer", "fullPath": "/main.py", "details": {"selection": {"from": 57, "to": 57}}}
{"dateTime": "2025-08-26T03:03:37.178Z", "eventType": "select", "fullPath": "/main.py", "details": {"selection": {"from": 58, "to": 58}}}
{"dateTime": "2025-08-26T03:03:37.370Z", "eventType": "input.type", "fullPath": "/main.py", "details": {"fromA": 58, "toA": 58, "fromB": 58, "toB": 59, "inserted": ["\""]}}
{"dateTime": "2025-08-26T03:03:38.941Z", "eventType": "blur", "fullPath": "/main.py"}
{"dateTime": "2025-08-26T03:03:39.554Z", "eventType": "run", "details": {"commit": "5e0ebfa853d32645cfd000548478ec1401d36acb"}}
{"dateTime": "2025-08-26T03:05:53.234Z", "eventType": "focus", "fullPath": "/main.py"}
{"dateTime": "2025-08-26T03:05:53.237Z", "eventType": "select.pointer", "fullPath": "/main.py", "details": {"selection": {"from": 62, "to": 62}}}
{"dateTime": "2025-08-26T03:06:25.523Z", "eventType": "blur", "fullPath": "/main.py"}
{"dateTime": "2025-08-26T03:06:33.797Z", "eventType": "window.blur", "fullPath": "/main.py"}
{"dateTime": "2025-08-26T03:08:39.908Z", "eventType": "window.focus", "fullPath": "/main.py"}
{"dateTime": "2025-08-26T03:08:41.792Z", "eventType": "focus", "fullPath": "/main.py"}
{"dateTime": "2025-08-26T03:08:41.797Z", "eventType": "select.pointer", "fullPath": "/main.py", "details": {"selection": {"from": 4, "to": 4}}}
{"dateTime": "2025-08-26T03:08:42.797Z", "eventType": "input.type", "fullPath": "/main.py", "details": {"fromA": 4, "toA": 4, "fromB": 4, "toB": 5, "inserted": ["i"]}}
{"dateTime": "2025-08-26T03:08:42.950Z", "eventType": "input.type", "fullPath": "/main.py", "details": {"fromA": 5, "toA": 5, "fromB": 5, "toB": 6, "inserted": ["n"]}}
{"dateTime": "2025-08-26T03:08:42.963Z", "eventType": "input.type", "fullPath": "/main.py", "details": {"fromA": 6, "toA": 6, "fromB": 6, "toB": 7, "inserted": ["t"]}}
{"dateTime": "2025-08-26T03:08:44.415Z", "eventType": "input.type", "fullPath": "/main.py", "details": {"fromA": 7, "toA": 7, "fromB": 7, "toB": 8, "inserted": ["("]}}
{"dateTime": "2025-08-26T03:08:45.726Z", "eventType": "select.pointer", "fullPath": "/main.py", "details": {"selection": {"from": 34, "to": 34}}}
{"dateTime": "2025-08-26T03:08:46.444Z", "eventType": "input.type", "fullPath": "/main.py", "details": {"fromA": 34, "toA": 34, "fromB": 34, "toB": 35, "inserted": [")"]}}
{"dateTime": "2025-08-26T03:08:48.662Z", "eventType": "select.pointer", "fullPath": "/main.py", "details": {"selection": {"from": 40, "to": 40}}}
{"dateTime": "2025-08-26T03:08:49.458Z", "eventType": "input.type", "fullPath": "/main.py", "details": {"fromA": 40, "toA": 40, "fromB": 40, "toB": 41, "inserted": ["i"]}}
{"dateTime": "2025-08-26T03:08:49.576Z", "eventType": "input.type", "fullPath": "/main.py", "details": {"fromA": 41, "toA": 41, "fromB": 41, "toB": 42, "inserted": ["n"]}}
{"dateTime": "2025-08-26T03:08:49.686Z", "eventType": "input.type", "fullPath": "/main.py", "details": {"fromA": 42, "toA": 42, "fromB": 42, "toB": 43, "inserted": ["t"]}}
{"dateTime": "2025-08-26T03:08:50.707Z", "eventType": "input.type", "fullPath": "/main.py", "details": {"fromA": 43, "toA": 43, "fromB": 43, "toB": 44, "inserted": ["("]}}
{"dateTime": "2025-08-26T03:08:52.061Z", "eventType": "select.pointer", "fullPath": "/main.py", "details": {"selection": {"from": 69, "to": 69}}}
{"dateTime": "2025-08-26T03:08:52.759Z", "eventType": "input.type", "fullPath": "/main.py", "details": {"fromA": 69, "toA": 69, "fromB": 69, "toB": 70, "inserted": [")"]}}
{"dateTime": "2025-08-26T03:08:54.361Z", "eventType": "blur", "fullPath": "/main.py"}
{"dateTime": "2025-08-26T03:08:55.279Z", "eventType": "run", "details": {"commit": "7b8784b7aa4d65b56e424dc58889b64a4d87dce4"}}
