{"dateTime": "2025-08-19T20:54:12.339Z", "eventType": "focus", "fullPath": "/main.py"}
{"dateTime": "2025-08-19T20:54:12.342Z", "eventType": "select.pointer", "fullPath": "/main.py", "details": {"selection": {"from": 0, "to": 0}}}
{"dateTime": "2025-08-19T20:54:28.725Z", "eventType": "blur", "fullPath": "/main.py"}
{"dateTime": "2025-08-19T20:54:36.516Z", "eventType": "focus", "fullPath": "/main.py"}
{"dateTime": "2025-08-19T20:54:36.519Z", "eventType": "select.pointer", "fullPath": "/main.py", "details": {"selection": {"from": 0, "to": 0}}}
{"dateTime": "2025-08-19T20:54:52.735Z", "eventType": "input.type", "fullPath": "/main.py", "details": {"fromA": 26, "toA": 26, "fromB": 26, "toB": 27, "inserted": ["5"]}}
{"dateTime": "2025-08-19T20:54:53.467Z", "eventType": "input.type", "fullPath": "/main.py", "details": {"fromA": 27, "toA": 27, "fromB": 27, "toB": 28, "inserted": ["0"]}}
{"dateTime": "2025-08-19T20:54:55.758Z", "eventType": "input.type", "fullPath": "/main.py", "details": {"fromA": 28, "toA": 28, "fromB": 28, "toB": 29, "inserted": ["%"]}}
{"dateTime": "2025-08-19T20:54:56.271Z", "eventType": "input.type", "fullPath": "/main.py", "details": {"fromA": 29, "toA": 29, "fromB": 29, "toB": 30, "inserted": ["3"]}}
{"dateTime": "2025-08-19T20:54:56.793Z", "eventType": "input.type", "fullPath": "/main.py", "details": {"fromA": 0, "toA": 0, "fromB": 0, "toB": 1, "inserted": ["p"]}}
{"dateTime": "2025-08-19T20:54:56.972Z", "eventType": "input.type", "fullPath": "/main.py", "details": {"fromA": 1, "toA": 1, "fromB": 1, "toB": 2, "inserted": ["r"]}}
{"dateTime": "2025-08-19T20:54:57.116Z", "eventType": "input.type", "fullPath": "/main.py", "details": {"fromA": 2, "toA": 2, "fromB": 2, "toB": 3, "inserted": ["i"]}}
{"dateTime": "2025-08-19T20:54:57.340Z", "eventType": "input.type", "fullPath": "/main.py", "details": {"fromA": 3, "toA": 3, "fromB": 3, "toB": 4, "inserted": ["n"]}}
{"dateTime": "2025-08-19T20:54:57.609Z", "eventType": "input.type", "fullPath": "/main.py", "details": {"fromA": 4, "toA": 4, "fromB": 4, "toB": 5, "inserted": ["t"]}}
{"dateTime": "2025-08-19T20:54:58.345Z", "eventType": "blur", "fullPath": "/main.py"}
{"dateTime": "2025-08-19T20:54:58.654Z", "eventType": "run", "details": {"commit": "0c229f5a3d5d85f96198fc91ffb5dbc7550dec6f"}}
{"dateTime": "2025-08-19T20:54:59.384Z", "eventType": "input.type", "fullPath": "/main.py", "details": {"fromA": 5, "toA": 5, "fromB": 5, "toB": 7, "inserted": ["()"]}}
{"dateTime": "2025-08-19T20:55:02.160Z", "eventType": "submission", "details": {"correctness": 1, "commit": "0c229f5a3d5d85f96198fc91ffb5dbc7550dec6f", "executionTime": 0.01}}
{"dateTime": "2025-08-19T20:55:03.008Z", "eventType": "blur", "fullPath": "/main.py"}
{"dateTime": "2025-08-19T20:55:07.342Z", "eventType": "focus", "fullPath": "/main.py"}
{"dateTime": "2025-08-19T20:55:07.346Z", "eventType": "select.pointer", "fullPath": "/main.py", "details": {"selection": {"from": 6, "to": 6}}}
{"dateTime": "2025-08-19T20:55:08.694Z", "eventType": "input.type", "fullPath": "/main.py", "details": {"fromA": 6, "toA": 6, "fromB": 6, "toB": 7, "inserted": ["r"]}}
{"dateTime": "2025-08-19T20:55:08.880Z", "eventType": "input.type", "fullPath": "/main.py", "details": {"fromA": 7, "toA": 7, "fromB": 7, "toB": 8, "inserted": ["o"]}}
{"dateTime": "2025-08-19T20:55:09.082Z", "eventType": "input.type", "fullPath": "/main.py", "details": {"fromA": 8, "toA": 8, "fromB": 8, "toB": 9, "inserted": ["u"]}}
{"dateTime": "2025-08-19T20:55:09.305Z", "eventType": "input.type", "fullPath": "/main.py", "details": {"fromA": 9, "toA": 9, "fromB": 9, "toB": 10, "inserted": ["n"]}}
{"dateTime": "2025-08-19T20:55:09.560Z", "eventType": "input.type", "fullPath": "/main.py", "details": {"fromA": 10, "toA": 10, "fromB": 10, "toB": 11, "inserted": ["d"]}}
{"dateTime": "2025-08-19T20:55:16.744Z", "eventType": "input.type", "fullPath": "/main.py", "details": {"fromA": 11, "toA": 11, "fromB": 11, "toB": 12, "inserted": ["5"]}}
{"dateTime": "2025-08-19T20:55:17.047Z", "eventType": "input.type", "fullPath": "/main.py", "details": {"fromA": 12, "toA": 12, "fromB": 12, "toB": 13, "inserted": ["0"]}}
{"dateTime": "2025-08-19T20:55:19.414Z", "eventType": "delete.backward", "fullPath": "/main.py", "details": {"fromA": 12, "toA": 13, "fromB": 12, "toB": 12, "inserted": [""]}}
{"dateTime": "2025-08-19T20:55:19.574Z", "eventType": "delete.backward", "fullPath": "/main.py", "details": {"fromA": 11, "toA": 12, "fromB": 11, "toB": 11, "inserted": [""]}}
{"dateTime": "2025-08-19T20:55:21.047Z", "eventType": "input.type", "fullPath": "/main.py", "details": {"fromA": 11, "toA": 11, "fromB": 11, "toB": 13, "inserted": ["()"]}}
{"dateTime": "2025-08-19T20:55:22.134Z", "eventType": "input.type", "fullPath": "/main.py", "details": {"fromA": 12, "toA": 12, "fromB": 12, "toB": 13, "inserted": ["5"]}}
{"dateTime": "2025-08-19T20:55:22.343Z", "eventType": "input.type", "fullPath": "/main.py", "details": {"fromA": 13, "toA": 13, "fromB": 13, "toB": 14, "inserted": ["0"]}}
{"dateTime": "2025-08-19T20:55:23.303Z", "eventType": "input.type", "fullPath": "/main.py", "details": {"fromA": 14, "toA": 14, "fromB": 14, "toB": 15, "inserted": ["/"]}}
{"dateTime": "2025-08-19T20:55:25.107Z", "eventType": "input.type", "fullPath": "/main.py", "details": {"fromA": 15, "toA": 15, "fromB": 15, "toB": 16, "inserted": ["3"]}}
{"dateTime": "2025-08-19T20:55:27.430Z", "eventType": "input.type", "fullPath": "/main.py", "details": {"fromA": 16, "toA": 16, "fromB": 16, "toB": 17, "inserted": [","]}}
{"dateTime": "2025-08-19T20:55:30.513Z", "eventType": "input.type", "fullPath": "/main.py", "details": {"fromA": 17, "toA": 17, "fromB": 17, "toB": 18, "inserted": ["2"]}}
{"dateTime": "2025-08-19T20:55:48.928Z", "eventType": "blur", "fullPath": "/main.py"}
{"dateTime": "2025-08-19T20:55:49.310Z", "eventType": "run", "details": {"commit": "e95d5e5a9c6d87b5640109f715038767b2bf8223"}}
{"dateTime": "2025-08-19T20:55:52.803Z", "eventType": "focus", "fullPath": "/main.py"}
{"dateTime": "2025-08-19T20:55:52.805Z", "eventType": "select.pointer", "fullPath": "/main.py", "details": {"selection": {"from": 18, "to": 18}}}
{"dateTime": "2025-08-19T20:55:57.924Z", "eventType": "delete.backward", "fullPath": "/main.py", "details": {"fromA": 17, "toA": 18, "fromB": 17, "toB": 17, "inserted": [""]}}
{"dateTime": "2025-08-19T20:56:01.235Z", "eventType": "delete.backward", "fullPath": "/main.py", "details": {"fromA": 16, "toA": 17, "fromB": 16, "toB": 16, "inserted": [""]}}
{"dateTime": "2025-08-19T20:56:03.030Z", "eventType": "blur", "fullPath": "/main.py"}
{"dateTime": "2025-08-19T20:56:03.305Z", "eventType": "run", "details": {"commit": "773c70931c0b9f2fee31fe8f747c5931f5ec931a"}}
{"dateTime": "2025-08-19T20:56:09.418Z", "eventType": "focus", "fullPath": "/main.py"}
{"dateTime": "2025-08-19T20:56:09.421Z", "eventType": "select.pointer", "fullPath": "/main.py", "details": {"selection": {"from": 17, "to": 17}}}
{"dateTime": "2025-08-19T20:56:09.560Z", "eventType": "select.pointer", "fullPath": "/main.py", "details": {"selection": {"from": 17, "to": 17}}}
{"dateTime": "2025-08-19T20:56:12.748Z", "eventType": "select.pointer", "fullPath": "/main.py", "details": {"selection": {"from": 15, "to": 15}}}
{"dateTime": "2025-08-19T20:56:14.015Z", "eventType": "input.type", "fullPath": "/main.py", "details": {"fromA": 15, "toA": 15, "fromB": 15, "toB": 16, "inserted": ["/"]}}
{"dateTime": "2025-08-19T20:56:15.637Z", "eventType": "blur", "fullPath": "/main.py"}
{"dateTime": "2025-08-19T20:56:15.950Z", "eventType": "run", "details": {"commit": "0eab143cbd1fed95fbc2ddad8d61c847e4c47b8e"}}
{"dateTime": "2025-08-19T20:56:17.513Z", "eventType": "focus", "fullPath": "/main.py"}
{"dateTime": "2025-08-19T20:56:17.516Z", "eventType": "select.pointer", "fullPath": "/main.py", "details": {"selection": {"from": 18, "to": 18}}}
{"dateTime": "2025-08-19T20:56:18.634Z", "eventType": "select.pointer", "fullPath": "/main.py", "details": {"selection": {"from": 17, "to": 17}}}
{"dateTime": "2025-08-19T20:56:21.811Z", "eventType": "select.pointer", "fullPath": "/main.py", "details": {"selection": {"from": 19, "to": 19}}}
{"dateTime": "2025-08-19T20:56:22.652Z", "eventType": "select.pointer", "fullPath": "/main.py", "details": {"selection": {"from": 18, "to": 18}}}
{"dateTime": "2025-08-19T20:56:23.649Z", "eventType": "select.pointer", "fullPath": "/main.py", "details": {"selection": {"from": 17, "to": 17}}}
{"dateTime": "2025-08-19T20:56:28.898Z", "eventType": "input.type", "fullPath": "/main.py", "details": {"fromA": 17, "toA": 17, "fromB": 17, "toB": 18, "inserted": ["%"]}}
{"dateTime": "2025-08-19T20:56:30.844Z", "eventType": "blur", "fullPath": "/main.py"}
{"dateTime": "2025-08-19T20:56:31.129Z", "eventType": "run", "details": {"commit": "d776a059b1f3c60019b5e55a8709f3e57bdc52d8"}}
{"dateTime": "2025-08-19T20:56:32.664Z", "eventType": "focus", "fullPath": "/main.py"}
{"dateTime": "2025-08-19T20:56:32.667Z", "eventType": "select.pointer", "fullPath": "/main.py", "details": {"selection": {"from": 19, "to": 19}}}
{"dateTime": "2025-08-19T20:56:33.794Z", "eventType": "select", "fullPath": "/main.py", "details": {"selection": {"from": 18, "to": 18}}}
{"dateTime": "2025-08-19T20:56:34.112Z", "eventType": "delete.backward", "fullPath": "/main.py", "details": {"fromA": 17, "toA": 18, "fromB": 17, "toB": 17, "inserted": [""]}}
{"dateTime": "2025-08-19T20:56:35.857Z", "eventType": "select.pointer", "fullPath": "/main.py", "details": {"selection": {"from": 18, "to": 18}}}
{"dateTime": "2025-08-19T20:56:36.483Z", "eventType": "select.pointer", "fullPath": "/main.py", "details": {"selection": {"from": 19, "to": 19}}}
{"dateTime": "2025-08-19T20:56:39.522Z", "eventType": "input.type", "fullPath": "/main.py", "details": {"fromA": 19, "toA": 19, "fromB": 19, "toB": 20, "inserted": ["%"]}}
{"dateTime": "2025-08-19T20:56:41.661Z", "eventType": "blur", "fullPath": "/main.py"}
{"dateTime": "2025-08-19T20:56:42.007Z", "eventType": "run", "details": {"commit": "78a79d9e1cfc231b3eba60a0a40416cf36e0c2b4"}}
{"dateTime": "2025-08-19T20:56:43.864Z", "eventType": "focus", "fullPath": "/main.py"}
{"dateTime": "2025-08-19T20:56:43.867Z", "eventType": "select.pointer", "fullPath": "/main.py", "details": {"selection": {"from": 20, "to": 20}}}
{"dateTime": "2025-08-19T20:56:44.610Z", "eventType": "delete.backward", "fullPath": "/main.py", "details": {"fromA": 19, "toA": 20, "fromB": 19, "toB": 19, "inserted": [""]}}
{"dateTime": "2025-08-19T20:56:47.218Z", "eventType": "input", "fullPath": "/main.py", "details": {"fromA": 19, "toA": 19, "fromB": 19, "toB": 20, "inserted": ["", ""]}}
{"dateTime": "2025-08-19T20:56:48.498Z", "eventType": "input.type", "fullPath": "/main.py", "details": {"fromA": 20, "toA": 20, "fromB": 20, "toB": 21, "inserted": ["p"]}}
{"dateTime": "2025-08-19T20:56:48.946Z", "eventType": "input.type", "fullPath": "/main.py", "details": {"fromA": 21, "toA": 21, "fromB": 21, "toB": 22, "inserted": ["r"]}}
{"dateTime": "2025-08-19T20:56:49.094Z", "eventType": "input.type", "fullPath": "/main.py", "details": {"fromA": 22, "toA": 22, "fromB": 22, "toB": 23, "inserted": ["i"]}}
{"dateTime": "2025-08-19T20:56:49.303Z", "eventType": "input.type", "fullPath": "/main.py", "details": {"fromA": 23, "toA": 23, "fromB": 23, "toB": 24, "inserted": ["n"]}}
{"dateTime": "2025-08-19T20:56:49.524Z", "eventType": "input.type", "fullPath": "/main.py", "details": {"fromA": 24, "toA": 24, "fromB": 24, "toB": 25, "inserted": ["t"]}}
{"dateTime": "2025-08-19T20:56:51.649Z", "eventType": "input.type", "fullPath": "/main.py", "details": {"fromA": 25, "toA": 25, "fromB": 25, "toB": 27, "inserted": ["()"]}}
{"dateTime": "2025-08-19T20:56:54.657Z", "eventType": "input.type", "fullPath": "/main.py", "details": {"fromA": 26, "toA": 26, "fromB": 26, "toB": 27, "inserted": ["%"]}}
{"dateTime": "2025-08-19T20:56:56.716Z", "eventType": "blur", "fullPath": "/main.py"}
{"dateTime": "2025-08-19T20:56:57.020Z", "eventType": "run", "details": {"commit": "449f81eb78f4276c3d40252e1013f185c72a65f4"}}
{"dateTime": "2025-08-19T20:57:03.391Z", "eventType": "focus", "fullPath": "/main.py"}
{"dateTime": "2025-08-19T20:57:03.394Z", "eventType": "select.pointer", "fullPath": "/main.py", "details": {"selection": {"from": 27, "to": 27}}}
{"dateTime": "2025-08-19T20:57:05.248Z", "eventType": "select.pointer", "fullPath": "/main.py", "details": {"selection": {"from": 26, "to": 26}}}
{"dateTime": "2025-08-19T20:57:08.609Z", "eventType": "input.type", "fullPath": "/main.py", "details": {"fromA": 26, "toA": 26, "fromB": 26, "toB": 27, "inserted": ["5"]}}
{"dateTime": "2025-08-19T20:57:08.818Z", "eventType": "input.type", "fullPath": "/main.py", "details": {"fromA": 27, "toA": 27, "fromB": 27, "toB": 28, "inserted": ["0"]}}
{"dateTime": "2025-08-19T20:57:12.097Z", "eventType": "input.type", "fullPath": "/main.py", "details": {"fromA": 28, "toA": 28, "fromB": 28, "toB": 29, "inserted": ["/"]}}
{"dateTime": "2025-08-19T20:57:12.306Z", "eventType": "input.type", "fullPath": "/main.py", "details": {"fromA": 29, "toA": 29, "fromB": 29, "toB": 30, "inserted": ["/"]}}
{"dateTime": "2025-08-19T20:57:14.257Z", "eventType": "input.type", "fullPath": "/main.py", "details": {"fromA": 30, "toA": 30, "fromB": 30, "toB": 31, "inserted": ["3"]}}
{"dateTime": "2025-08-19T20:57:15.009Z", "eventType": "input", "fullPath": "/main.py", "details": {"fromA": 31, "toA": 31, "fromB": 31, "toB": 38, "inserted": ["", "      "]}}
{"dateTime": "2025-08-19T20:57:16.193Z", "eventType": "delete.backward", "fullPath": "/main.py", "details": {"fromA": 36, "toA": 38, "fromB": 36, "toB": 36, "inserted": [""]}}
{"dateTime": "2025-08-19T20:57:16.737Z", "eventType": "delete.backward", "fullPath": "/main.py", "details": {"fromA": 34, "toA": 36, "fromB": 34, "toB": 34, "inserted": [""]}}
{"dateTime": "2025-08-19T20:57:17.008Z", "eventType": "delete.backward", "fullPath": "/main.py", "details": {"fromA": 32, "toA": 34, "fromB": 32, "toB": 32, "inserted": [""]}}
{"dateTime": "2025-08-19T20:57:17.203Z", "eventType": "delete.backward", "fullPath": "/main.py", "details": {"fromA": 31, "toA": 32, "fromB": 31, "toB": 31, "inserted": [""]}}
{"dateTime": "2025-08-19T20:57:19.083Z", "eventType": "blur", "fullPath": "/main.py"}
{"dateTime": "2025-08-19T20:57:19.450Z", "eventType": "run", "details": {"commit": "c77cf54c13c10d0df8bdca88d6caec92076ff323"}}
{"dateTime": "2025-08-19T20:57:20.832Z", "eventType": "focus", "fullPath": "/main.py"}
{"dateTime": "2025-08-19T20:57:20.838Z", "eventType": "select.pointer", "fullPath": "/main.py", "details": {"selection": {"from": 33, "to": 33}}}
{"dateTime": "2025-08-19T20:57:21.484Z", "eventType": "select.pointer", "fullPath": "/main.py", "details": {"selection": {"from": 20, "to": 33}}}
{"dateTime": "2025-08-19T20:57:22.832Z", "eventType": "delete.selection", "fullPath": "/main.py", "details": {"fromA": 20, "toA": 33, "fromB": 20, "toB": 20, "inserted": [""]}}
{"dateTime": "2025-08-19T20:57:23.233Z", "eventType": "delete.backward", "fullPath": "/main.py", "details": {"fromA": 19, "toA": 20, "fromB": 19, "toB": 19, "inserted": [""]}}
{"dateTime": "2025-08-19T20:57:24.675Z", "eventType": "blur", "fullPath": "/main.py"}
{"dateTime": "2025-08-19T20:57:24.994Z", "eventType": "run", "details": {"commit": "8f6c451b605ae0d1fdda7e8aca3d0a22ee2c6271"}}
{"dateTime": "2025-08-19T20:57:32.830Z", "eventType": "focus", "fullPath": "/main.py"}
{"dateTime": "2025-08-19T20:57:36.304Z", "eventType": "blur", "fullPath": "/main.py"}
{"dateTime": "2025-08-19T20:57:45.975Z", "eventType": "focus", "fullPath": "/main.py"}
{"dateTime": "2025-08-19T20:57:45.978Z", "eventType": "select.pointer", "fullPath": "/main.py", "details": {"selection": {"from": 16, "to": 16}}}
{"dateTime": "2025-08-19T20:57:46.913Z", "eventType": "delete.backward", "fullPath": "/main.py", "details": {"fromA": 15, "toA": 16, "fromB": 15, "toB": 15, "inserted": [""]}}
{"dateTime": "2025-08-19T20:57:47.041Z", "eventType": "delete.backward", "fullPath": "/main.py", "details": {"fromA": 14, "toA": 15, "fromB": 14, "toB": 14, "inserted": [""]}}
{"dateTime": "2025-08-19T20:57:47.553Z", "eventType": "input.type", "fullPath": "/main.py", "details": {"fromA": 14, "toA": 14, "fromB": 14, "toB": 15, "inserted": ["%"]}}
{"dateTime": "2025-08-19T20:57:49.260Z", "eventType": "blur", "fullPath": "/main.py"}
{"dateTime": "2025-08-19T20:57:49.544Z", "eventType": "run", "details": {"commit": "643fb760decbea679c955eb736aadc52ea2bfd04"}}
{"dateTime": "2025-08-19T20:57:51.423Z", "eventType": "focus", "fullPath": "/main.py"}
{"dateTime": "2025-08-19T20:57:51.426Z", "eventType": "select.pointer", "fullPath": "/main.py", "details": {"selection": {"from": 15, "to": 15}}}
{"dateTime": "2025-08-19T20:57:53.264Z", "eventType": "delete.backward", "fullPath": "/main.py", "details": {"fromA": 14, "toA": 15, "fromB": 14, "toB": 14, "inserted": [""]}}
{"dateTime": "2025-08-19T20:57:53.932Z", "eventType": "input.type", "fullPath": "/main.py", "details": {"fromA": 14, "toA": 14, "fromB": 14, "toB": 15, "inserted": ["/"]}}
{"dateTime": "2025-08-19T20:57:54.064Z", "eventType": "input.type", "fullPath": "/main.py", "details": {"fromA": 15, "toA": 15, "fromB": 15, "toB": 16, "inserted": ["/"]}}
{"dateTime": "2025-08-19T20:57:55.690Z", "eventType": "select.pointer", "fullPath": "/main.py", "details": {"selection": {"from": 18, "to": 18}}}
{"dateTime": "2025-08-19T20:57:57.581Z", "eventType": "input.type", "fullPath": "/main.py", "details": {"fromA": 18, "toA": 18, "fromB": 18, "toB": 19, "inserted": [" "]}}
{"dateTime": "2025-08-19T20:58:00.497Z", "eventType": "delete.backward", "fullPath": "/main.py", "details": {"fromA": 18, "toA": 19, "fromB": 18, "toB": 18, "inserted": [""]}}
{"dateTime": "2025-08-19T20:58:00.794Z", "eventType": "select.pointer", "fullPath": "/main.py", "details": {"selection": {"from": 19, "to": 19}}}
{"dateTime": "2025-08-19T20:58:01.459Z", "eventType": "input", "fullPath": "/main.py", "details": {"fromA": 19, "toA": 19, "fromB": 19, "toB": 20, "inserted": ["", ""]}}
{"dateTime": "2025-08-19T20:58:02.544Z", "eventType": "input.type", "fullPath": "/main.py", "details": {"fromA": 20, "toA": 20, "fromB": 20, "toB": 21, "inserted": ["p"]}}
{"dateTime": "2025-08-19T20:58:02.772Z", "eventType": "input.type", "fullPath": "/main.py", "details": {"fromA": 21, "toA": 21, "fromB": 21, "toB": 22, "inserted": ["r"]}}
{"dateTime": "2025-08-19T20:58:02.932Z", "eventType": "input.type", "fullPath": "/main.py", "details": {"fromA": 22, "toA": 22, "fromB": 22, "toB": 23, "inserted": ["i"]}}
{"dateTime": "2025-08-19T20:58:03.108Z", "eventType": "input.type", "fullPath": "/main.py", "details": {"fromA": 23, "toA": 23, "fromB": 23, "toB": 24, "inserted": ["n"]}}
{"dateTime": "2025-08-19T20:58:03.345Z", "eventType": "input.type", "fullPath": "/main.py", "details": {"fromA": 24, "toA": 24, "fromB": 24, "toB": 25, "inserted": ["y"]}}
{"dateTime": "2025-08-19T20:58:03.825Z", "eventType": "delete.backward", "fullPath": "/main.py", "details": {"fromA": 24, "toA": 25, "fromB": 24, "toB": 24, "inserted": [""]}}
{"dateTime": "2025-08-19T20:58:04.048Z", "eventType": "input.type", "fullPath": "/main.py", "details": {"fromA": 24, "toA": 24, "fromB": 24, "toB": 25, "inserted": ["t"]}}
{"dateTime": "2025-08-19T20:58:05.507Z", "eventType": "input.type", "fullPath": "/main.py", "details": {"fromA": 25, "toA": 25, "fromB": 25, "toB": 27, "inserted": ["()"]}}
