== SUBMISSION (2025-08-28 22:08:53)
-- CODE: 
peso = float(input())
qntd = float(input())

final = peso - qntd *7
print  (round(final,))
-- EXECUTION TIME: 
0.01
-- TEST CASE 1:
---- input:
4335
75.60
---- correct output:
3805.8
---- user output:
3806
-- TEST CASE 2:
---- input:
1999
156.08
---- correct output:
906.44
---- user output:
906
-- TEST CASE 3:
---- input:
2234.4
11.75
---- correct output:
2152.15
---- user output:
2152
-- TEST CASE 4:
---- input:
2000.3333
20.11
---- correct output:
1859.56
---- user output:
1860
-- TEST CASE 5:
---- input:
5273
72.19
---- correct output:
4767.67
---- user output:
4768
-- TEST CASE 6:
---- input:
1000.3333
20.11
---- correct output:
859.56
---- user output:
860
-- GRADE:
0%
*-*-*-*-*-*-*-*-*-*-*-*-*-*-*-*-*-*-*-*-*-*-*-*
== SUBMISSION (2025-08-28 22:09:23)
-- CODE: 
peso = float(input())
qntd = float(input())

final = peso - qntd *7
print(round(final,2))
-- EXECUTION TIME: 
0.01
-- TEST CASE 1:
---- input:
4335
75.60
---- correct output:
3805.8
---- user output:
3805.8
-- TEST CASE 2:
---- input:
1999
156.08
---- correct output:
906.44
---- user output:
906.44
-- TEST CASE 3:
---- input:
2234.4
11.75
---- correct output:
2152.15
---- user output:
2152.15
-- TEST CASE 4:
---- input:
2000.3333
20.11
---- correct output:
1859.56
---- user output:
1859.56
-- TEST CASE 5:
---- input:
5273
72.19
---- correct output:
4767.67
---- user output:
4767.67
-- TEST CASE 6:
---- input:
1000.3333
20.11
---- correct output:
859.56
---- user output:
859.56
-- GRADE:
100%
*-*-*-*-*-*-*-*-*-*-*-*-*-*-*-*-*-*-*-*-*-*-*-*
== SUBMISSION (2025-08-28 22:08:56)
-- CODE: 
peso = float(input())
qntd = float(input())

final = peso - qntd *7
print  (round(final,))
-- EXECUTION TIME: 
0.01
-- TEST CASE 1:
---- input:
4335
75.60
---- correct output:
3805.8
---- user output:
3806
-- TEST CASE 2:
---- input:
1999
156.08
---- correct output:
906.44
---- user output:
906
-- TEST CASE 3:
---- input:
2234.4
11.75
---- correct output:
2152.15
---- user output:
2152
-- TEST CASE 4:
---- input:
2000.3333
20.11
---- correct output:
1859.56
---- user output:
1860
-- TEST CASE 5:
---- input:
5273
72.19
---- correct output:
4767.67
---- user output:
4768
-- TEST CASE 6:
---- input:
1000.3333
20.11
---- correct output:
859.56
---- user output:
860
-- GRADE:
0%
*-*-*-*-*-*-*-*-*-*-*-*-*-*-*-*-*-*-*-*-*-*-*-*
== SUBMISSION (2025-08-28 22:09:01)
-- CODE: 
peso = float(input())
qntd = float(input())

final = peso - qntd *7
print (round(final,))
-- EXECUTION TIME: 
0.01
-- TEST CASE 1:
---- input:
4335
75.60
---- correct output:
3805.8
---- user output:
3806
-- TEST CASE 2:
---- input:
1999
156.08
---- correct output:
906.44
---- user output:
906
-- TEST CASE 3:
---- input:
2234.4
11.75
---- correct output:
2152.15
---- user output:
2152
-- TEST CASE 4:
---- input:
2000.3333
20.11
---- correct output:
1859.56
---- user output:
1860
-- TEST CASE 5:
---- input:
5273
72.19
---- correct output:
4767.67
---- user output:
4768
-- TEST CASE 6:
---- input:
1000.3333
20.11
---- correct output:
859.56
---- user output:
860
-- GRADE:
0%
*-*-*-*-*-*-*-*-*-*-*-*-*-*-*-*-*-*-*-*-*-*-*-*
== SUBMISSION (2025-08-28 22:09:07)
-- CODE: 
peso = float(input())
qntd = float(input())

final = peso - qntd *7
print(round(final,))
-- EXECUTION TIME: 
0.01
-- TEST CASE 1:
---- input:
4335
75.60
---- correct output:
3805.8
---- user output:
3806
-- TEST CASE 2:
---- input:
1999
156.08
---- correct output:
906.44
---- user output:
906
-- TEST CASE 3:
---- input:
2234.4
11.75
---- correct output:
2152.15
---- user output:
2152
-- TEST CASE 4:
---- input:
2000.3333
20.11
---- correct output:
1859.56
---- user output:
1860
-- TEST CASE 5:
---- input:
5273
72.19
---- correct output:
4767.67
---- user output:
4768
-- TEST CASE 6:
---- input:
1000.3333
20.11
---- correct output:
859.56
---- user output:
860
-- GRADE:
0%
*-*-*-*-*-*-*-*-*-*-*-*-*-*-*-*-*-*-*-*-*-*-*-*
