{"dateTime": "2025-08-21T12:12:57.048Z", "eventType": "input.type", "fullPath": "/main.py", "details": {"fromA": 41, "toA": 41, "fromB": 41, "toB": 42, "inserted": [":"]}}
{"dateTime": "2025-08-21T12:12:59.335Z", "eventType": "input.type", "fullPath": "/main.py", "details": {"fromA": 42, "toA": 42, "fromB": 42, "toB": 43, "inserted": [" "]}}
{"dateTime": "2025-08-21T12:13:03.073Z", "eventType": "select.pointer", "fullPath": "/main.py", "details": {"selection": {"from": 46, "to": 46}}}
{"dateTime": "2025-08-21T12:13:05.641Z", "eventType": "input", "fullPath": "/main.py", "details": {"fromA": 46, "toA": 46, "fromB": 46, "toB": 47, "inserted": ["", ""]}}
{"dateTime": "2025-08-21T12:13:08.025Z", "eventType": "input.type", "fullPath": "/main.py", "details": {"fromA": 47, "toA": 47, "fromB": 47, "toB": 48, "inserted": ["t"]}}
{"dateTime": "2025-08-21T12:13:08.261Z", "eventType": "input.type", "fullPath": "/main.py", "details": {"fromA": 48, "toA": 48, "fromB": 48, "toB": 49, "inserted": ["e"]}}
{"dateTime": "2025-08-21T12:13:08.565Z", "eventType": "input.type", "fullPath": "/main.py", "details": {"fromA": 49, "toA": 49, "fromB": 49, "toB": 50, "inserted": ["m"]}}
{"dateTime": "2025-08-21T12:13:09.162Z", "eventType": "input.type", "fullPath": "/main.py", "details": {"fromA": 50, "toA": 50, "fromB": 50, "toB": 51, "inserted": ["p"]}}
{"dateTime": "2025-08-21T12:13:11.129Z", "eventType": "input.type", "fullPath": "/main.py", "details": {"fromA": 51, "toA": 51, "fromB": 51, "toB": 52, "inserted": ["F"]}}
{"dateTime": "2025-08-21T12:13:12.408Z", "eventType": "input.type", "fullPath": "/main.py", "details": {"fromA": 52, "toA": 52, "fromB": 52, "toB": 53, "inserted": [" "]}}
{"dateTime": "2025-08-21T12:13:12.841Z", "eventType": "input.type", "fullPath": "/main.py", "details": {"fromA": 53, "toA": 53, "fromB": 53, "toB": 54, "inserted": ["="]}}
{"dateTime": "2025-08-21T12:13:13.368Z", "eventType": "input.type", "fullPath": "/main.py", "details": {"fromA": 54, "toA": 54, "fromB": 54, "toB": 55, "inserted": [" "]}}
{"dateTime": "2025-08-21T12:13:37.339Z", "eventType": "input.type", "fullPath": "/main.py", "details": {"fromA": 64, "toA": 64, "fromB": 64, "toB": 65, "inserted": ["?"]}}
{"dateTime": "2025-08-21T12:13:39.225Z", "eventType": "delete.backward", "fullPath": "/main.py", "details": {"fromA": 64, "toA": 65, "fromB": 64, "toB": 64, "inserted": [""]}}
{"dateTime": "2025-08-21T12:13:39.803Z", "eventType": "input.type", "fullPath": "/main.py", "details": {"fromA": 64, "toA": 64, "fromB": 64, "toB": 65, "inserted": ["/"]}}
{"dateTime": "2025-08-21T12:13:42.866Z", "eventType": "blur", "fullPath": "/main.py"}
{"dateTime": "2025-08-21T12:13:42.868Z", "eventType": "window.blur", "fullPath": "/main.py"}
{"dateTime": "2025-08-21T12:14:09.967Z", "eventType": "window.focus", "fullPath": "/main.py"}
{"dateTime": "2025-08-21T12:14:09.968Z", "eventType": "focus", "fullPath": "/main.py"}
{"dateTime": "2025-08-21T12:14:13.779Z", "eventType": "input.type", "fullPath": "/main.py", "details": {"fromA": 65, "toA": 65, "fromB": 65, "toB": 66, "inserted": ["/"]}}
{"dateTime": "2025-08-21T12:14:16.810Z", "eventType": "input.type", "fullPath": "/main.py", "details": {"fromA": 66, "toA": 66, "fromB": 66, "toB": 67, "inserted": ["5"]}}
{"dateTime": "2025-08-21T12:14:18.331Z", "eventType": "input.type", "fullPath": "/main.py", "details": {"fromA": 67, "toA": 67, "fromB": 67, "toB": 68, "inserted": [" "]}}
{"dateTime": "2025-08-21T12:14:18.732Z", "eventType": "input.type", "fullPath": "/main.py", "details": {"fromA": 68, "toA": 68, "fromB": 68, "toB": 69, "inserted": ["="]}}
{"dateTime": "2025-08-21T12:14:19.162Z", "eventType": "input.type", "fullPath": "/main.py", "details": {"fromA": 69, "toA": 69, "fromB": 69, "toB": 70, "inserted": [" "]}}
{"dateTime": "2025-08-21T12:14:20.555Z", "eventType": "delete.backward", "fullPath": "/main.py", "details": {"fromA": 69, "toA": 70, "fromB": 69, "toB": 69, "inserted": [""]}}
{"dateTime": "2025-08-21T12:14:20.760Z", "eventType": "delete.backward", "fullPath": "/main.py", "details": {"fromA": 68, "toA": 69, "fromB": 68, "toB": 68, "inserted": [""]}}
{"dateTime": "2025-08-21T12:14:22.122Z", "eventType": "input.type", "fullPath": "/main.py", "details": {"fromA": 68, "toA": 68, "fromB": 68, "toB": 69, "inserted": ["+"]}}
{"dateTime": "2025-08-21T12:14:23.306Z", "eventType": "input.type", "fullPath": "/main.py", "details": {"fromA": 69, "toA": 69, "fromB": 69, "toB": 70, "inserted": [" "]}}
{"dateTime": "2025-08-21T12:14:23.755Z", "eventType": "input.type", "fullPath": "/main.py", "details": {"fromA": 70, "toA": 70, "fromB": 70, "toB": 71, "inserted": ["3"]}}
{"dateTime": "2025-08-21T12:14:23.994Z", "eventType": "input.type", "fullPath": "/main.py", "details": {"fromA": 71, "toA": 71, "fromB": 71, "toB": 72, "inserted": ["2"]}}
{"dateTime": "2025-08-21T12:14:26.085Z", "eventType": "input", "fullPath": "/main.py", "details": {"fromA": 72, "toA": 72, "fromB": 72, "toB": 73, "inserted": ["", ""]}}
{"dateTime": "2025-08-21T12:14:29.676Z", "eventType": "input.type", "fullPath": "/main.py", "details": {"fromA": 73, "toA": 73, "fromB": 73, "toB": 74, "inserted": ["p"]}}
{"dateTime": "2025-08-21T12:14:29.967Z", "eventType": "input.type", "fullPath": "/main.py", "details": {"fromA": 74, "toA": 74, "fromB": 74, "toB": 75, "inserted": ["r"]}}
{"dateTime": "2025-08-21T12:14:30.189Z", "eventType": "input.type", "fullPath": "/main.py", "details": {"fromA": 75, "toA": 75, "fromB": 75, "toB": 76, "inserted": ["i"]}}
{"dateTime": "2025-08-21T12:14:30.462Z", "eventType": "input.type", "fullPath": "/main.py", "details": {"fromA": 76, "toA": 76, "fromB": 76, "toB": 77, "inserted": ["n"]}}
{"dateTime": "2025-08-21T12:14:30.848Z", "eventType": "input.type", "fullPath": "/main.py", "details": {"fromA": 77, "toA": 77, "fromB": 77, "toB": 78, "inserted": ["t"]}}
{"dateTime": "2025-08-21T12:14:33.003Z", "eventType": "input.type", "fullPath": "/main.py", "details": {"fromA": 78, "toA": 78, "fromB": 78, "toB": 80, "inserted": ["()"]}}
{"dateTime": "2025-08-21T12:14:52.078Z", "eventType": "select.pointer", "fullPath": "/main.py", "details": {"selection": {"from": 17, "to": 17}}}
{"dateTime": "2025-08-21T12:14:53.515Z", "eventType": "delete.backward", "fullPath": "/main.py", "details": {"fromA": 16, "toA": 17, "fromB": 16, "toB": 16, "inserted": [""]}}
{"dateTime": "2025-08-21T12:14:54.937Z", "eventType": "delete.backward", "fullPath": "/main.py", "details": {"fromA": 15, "toA": 16, "fromB": 15, "toB": 15, "inserted": [""]}}
{"dateTime": "2025-08-21T12:14:55.645Z", "eventType": "input.type", "fullPath": "/main.py", "details": {"fromA": 15, "toA": 15, "fromB": 15, "toB": 16, "inserted": ["n"]}}
{"dateTime": "2025-08-21T12:14:56.086Z", "eventType": "input.type", "fullPath": "/main.py", "details": {"fromA": 16, "toA": 16, "fromB": 16, "toB": 17, "inserted": ["p"]}}
{"dateTime": "2025-08-21T12:14:56.381Z", "eventType": "input.type", "fullPath": "/main.py", "details": {"fromA": 17, "toA": 17, "fromB": 17, "toB": 18, "inserted": ["u"]}}
{"dateTime": "2025-08-21T12:14:56.668Z", "eventType": "input.type", "fullPath": "/main.py", "details": {"fromA": 18, "toA": 18, "fromB": 18, "toB": 19, "inserted": ["t"]}}
{"dateTime": "2025-08-21T12:14:58.724Z", "eventType": "select.pointer", "fullPath": "/main.py", "details": {"selection": {"from": 82, "to": 82}}}
{"dateTime": "2025-08-21T12:15:00.082Z", "eventType": "select.pointer", "fullPath": "/main.py", "details": {"selection": {"from": 81, "to": 81}}}
{"dateTime": "2025-08-21T12:15:05.294Z", "eventType": "blur", "fullPath": "/main.py"}
{"dateTime": "2025-08-21T12:15:05.297Z", "eventType": "window.blur", "fullPath": "/main.py"}
{"dateTime": "2025-08-21T12:16:03.182Z", "eventType": "window.focus", "fullPath": "/main.py"}
{"dateTime": "2025-08-21T12:16:03.184Z", "eventType": "focus", "fullPath": "/main.py"}
{"dateTime": "2025-08-21T12:16:05.916Z", "eventType": "select.pointer", "fullPath": "/main.py", "details": {"selection": {"from": 68, "to": 68}}}
{"dateTime": "2025-08-21T12:16:07.209Z", "eventType": "delete.backward", "fullPath": "/main.py", "details": {"fromA": 67, "toA": 68, "fromB": 67, "toB": 67, "inserted": [""]}}
{"dateTime": "2025-08-21T12:16:11.820Z", "eventType": "blur", "fullPath": "/main.py"}
{"dateTime": "2025-08-21T12:16:11.821Z", "eventType": "window.blur", "fullPath": "/main.py"}
{"dateTime": "2025-08-21T12:16:52.034Z", "eventType": "focus", "fullPath": "/main.py"}
{"dateTime": "2025-08-21T12:16:55.052Z", "eventType": "select.pointer", "fullPath": "/main.py", "details": {"selection": {"from": 80, "to": 80}}}
{"dateTime": "2025-08-21T12:17:00.395Z", "eventType": "input.type", "fullPath": "/main.py", "details": {"fromA": 80, "toA": 80, "fromB": 80, "toB": 81, "inserted": ["f"]}}
{"dateTime": "2025-08-21T12:17:01.023Z", "eventType": "input.type", "fullPath": "/main.py", "details": {"fromA": 81, "toA": 81, "fromB": 81, "toB": 82, "inserted": ["l"]}}
{"dateTime": "2025-08-21T12:17:01.228Z", "eventType": "input.type", "fullPath": "/main.py", "details": {"fromA": 82, "toA": 82, "fromB": 82, "toB": 83, "inserted": ["o"]}}
{"dateTime": "2025-08-21T12:17:01.740Z", "eventType": "input.type", "fullPath": "/main.py", "details": {"fromA": 83, "toA": 83, "fromB": 83, "toB": 84, "inserted": ["a"]}}
{"dateTime": "2025-08-21T12:17:03.293Z", "eventType": "input.type", "fullPath": "/main.py", "details": {"fromA": 84, "toA": 84, "fromB": 84, "toB": 85, "inserted": ["t"]}}
{"dateTime": "2025-08-21T12:17:18.012Z", "eventType": "delete.backward", "fullPath": "/main.py", "details": {"fromA": 84, "toA": 85, "fromB": 84, "toB": 84, "inserted": [""]}}
{"dateTime": "2025-08-21T12:17:18.285Z", "eventType": "delete.backward", "fullPath": "/main.py", "details": {"fromA": 83, "toA": 84, "fromB": 83, "toB": 83, "inserted": [""]}}
{"dateTime": "2025-08-21T12:17:18.508Z", "eventType": "delete.backward", "fullPath": "/main.py", "details": {"fromA": 82, "toA": 83, "fromB": 82, "toB": 82, "inserted": [""]}}
{"dateTime": "2025-08-21T12:17:18.828Z", "eventType": "delete.backward", "fullPath": "/main.py", "details": {"fromA": 81, "toA": 82, "fromB": 81, "toB": 81, "inserted": [""]}}
{"dateTime": "2025-08-21T12:17:19.093Z", "eventType": "delete.backward", "fullPath": "/main.py", "details": {"fromA": 80, "toA": 81, "fromB": 80, "toB": 80, "inserted": [""]}}
{"dateTime": "2025-08-21T12:17:24.522Z", "eventType": "input.type", "fullPath": "/main.py", "details": {"fromA": 80, "toA": 80, "fromB": 80, "toB": 81, "inserted": ["r"]}}
{"dateTime": "2025-08-21T12:17:24.776Z", "eventType": "input.type", "fullPath": "/main.py", "details": {"fromA": 81, "toA": 81, "fromB": 81, "toB": 82, "inserted": ["o"]}}
{"dateTime": "2025-08-21T12:17:25.014Z", "eventType": "input.type", "fullPath": "/main.py", "details": {"fromA": 82, "toA": 82, "fromB": 82, "toB": 83, "inserted": ["u"]}}
{"dateTime": "2025-08-21T12:17:27.853Z", "eventType": "input.type", "fullPath": "/main.py", "details": {"fromA": 83, "toA": 83, "fromB": 83, "toB": 84, "inserted": ["n"]}}
{"dateTime": "2025-08-21T12:17:28.044Z", "eventType": "input.type", "fullPath": "/main.py", "details": {"fromA": 84, "toA": 84, "fromB": 84, "toB": 85, "inserted": ["d"]}}
{"dateTime": "2025-08-21T12:39:48.847Z", "eventType": "focus", "fullPath": "/main.py"}
{"dateTime": "2025-08-21T12:39:48.858Z", "eventType": "select.pointer", "fullPath": "/main.py", "details": {"selection": {"from": 0, "to": 0}}}
{"dateTime": "2025-08-21T12:39:50.364Z", "eventType": "input.type", "fullPath": "/main.py", "details": {"fromA": 0, "toA": 0, "fromB": 0, "toB": 1, "inserted": ["t"]}}
{"dateTime": "2025-08-21T12:39:50.604Z", "eventType": "input.type", "fullPath": "/main.py", "details": {"fromA": 1, "toA": 1, "fromB": 1, "toB": 2, "inserted": ["e"]}}
{"dateTime": "2025-08-21T12:39:51.578Z", "eventType": "input.type", "fullPath": "/main.py", "details": {"fromA": 2, "toA": 2, "fromB": 2, "toB": 3, "inserted": ["m"]}}
{"dateTime": "2025-08-21T12:39:51.961Z", "eventType": "input.type", "fullPath": "/main.py", "details": {"fromA": 3, "toA": 3, "fromB": 3, "toB": 4, "inserted": ["p"]}}
{"dateTime": "2025-08-21T12:39:54.600Z", "eventType": "input.type", "fullPath": "/main.py", "details": {"fromA": 4, "toA": 4, "fromB": 4, "toB": 5, "inserted": ["C"]}}
{"dateTime": "2025-08-21T12:39:56.504Z", "eventType": "input.type", "fullPath": "/main.py", "details": {"fromA": 5, "toA": 5, "fromB": 5, "toB": 6, "inserted": [" "]}}
{"dateTime": "2025-08-21T12:39:56.904Z", "eventType": "input.type", "fullPath": "/main.py", "details": {"fromA": 6, "toA": 6, "fromB": 6, "toB": 7, "inserted": ["="]}}
{"dateTime": "2025-08-21T12:39:57.224Z", "eventType": "input.type", "fullPath": "/main.py", "details": {"fromA": 7, "toA": 7, "fromB": 7, "toB": 8, "inserted": [" "]}}
{"dateTime": "2025-08-21T12:40:09.080Z", "eventType": "input.type", "fullPath": "/main.py", "details": {"fromA": 8, "toA": 8, "fromB": 8, "toB": 9, "inserted": ["f"]}}
{"dateTime": "2025-08-21T12:40:09.524Z", "eventType": "input.type", "fullPath": "/main.py", "details": {"fromA": 9, "toA": 9, "fromB": 9, "toB": 10, "inserted": ["l"]}}
{"dateTime": "2025-08-21T12:40:09.753Z", "eventType": "input.type", "fullPath": "/main.py", "details": {"fromA": 10, "toA": 10, "fromB": 10, "toB": 11, "inserted": ["o"]}}
{"dateTime": "2025-08-21T12:40:10.202Z", "eventType": "input.type", "fullPath": "/main.py", "details": {"fromA": 11, "toA": 11, "fromB": 11, "toB": 12, "inserted": ["a"]}}
{"dateTime": "2025-08-21T12:40:10.570Z", "eventType": "input.type", "fullPath": "/main.py", "details": {"fromA": 12, "toA": 12, "fromB": 12, "toB": 13, "inserted": ["t"]}}
{"dateTime": "2025-08-21T12:40:14.281Z", "eventType": "input.type", "fullPath": "/main.py", "details": {"fromA": 13, "toA": 13, "fromB": 13, "toB": 15, "inserted": ["()"]}}
{"dateTime": "2025-08-21T12:40:16.776Z", "eventType": "input.type", "fullPath": "/main.py", "details": {"fromA": 14, "toA": 14, "fromB": 14, "toB": 15, "inserted": ["i"]}}
{"dateTime": "2025-08-21T12:40:17.255Z", "eventType": "input.type", "fullPath": "/main.py", "details": {"fromA": 15, "toA": 15, "fromB": 15, "toB": 16, "inserted": ["n"]}}
{"dateTime": "2025-08-21T12:40:17.606Z", "eventType": "input.type", "fullPath": "/main.py", "details": {"fromA": 16, "toA": 16, "fromB": 16, "toB": 17, "inserted": ["t"]}}
{"dateTime": "2025-08-21T12:40:20.728Z", "eventType": "input.type", "fullPath": "/main.py", "details": {"fromA": 17, "toA": 17, "fromB": 17, "toB": 19, "inserted": ["()"]}}
{"dateTime": "2025-08-21T12:40:23.320Z", "eventType": "input.type", "fullPath": "/main.py", "details": {"fromA": 18, "toA": 18, "fromB": 18, "toB": 20, "inserted": ["\"\""]}}
{"dateTime": "2025-08-21T12:40:25.433Z", "eventType": "input.type", "fullPath": "/main.py", "details": {"fromA": 19, "toA": 19, "fromB": 19, "toB": 20, "inserted": ["T"]}}
{"dateTime": "2025-08-21T12:40:26.553Z", "eventType": "input.type", "fullPath": "/main.py", "details": {"fromA": 20, "toA": 20, "fromB": 20, "toB": 21, "inserted": ["e"]}}
{"dateTime": "2025-08-21T12:40:27.096Z", "eventType": "input.type", "fullPath": "/main.py", "details": {"fromA": 21, "toA": 21, "fromB": 21, "toB": 22, "inserted": ["m"]}}
{"dateTime": "2025-08-21T12:40:27.687Z", "eventType": "input.type", "fullPath": "/main.py", "details": {"fromA": 22, "toA": 22, "fromB": 22, "toB": 23, "inserted": ["p"]}}
{"dateTime": "2025-08-21T12:40:28.056Z", "eventType": "input.type", "fullPath": "/main.py", "details": {"fromA": 23, "toA": 23, "fromB": 23, "toB": 24, "inserted": ["e"]}}
{"dateTime": "2025-08-21T12:40:28.361Z", "eventType": "input.type", "fullPath": "/main.py", "details": {"fromA": 24, "toA": 24, "fromB": 24, "toB": 25, "inserted": ["r"]}}
{"dateTime": "2025-08-21T12:40:29.370Z", "eventType": "input.type", "fullPath": "/main.py", "details": {"fromA": 25, "toA": 25, "fromB": 25, "toB": 26, "inserted": ["a"]}}
{"dateTime": "2025-08-21T12:40:29.976Z", "eventType": "input.type", "fullPath": "/main.py", "details": {"fromA": 26, "toA": 26, "fromB": 26, "toB": 27, "inserted": ["t"]}}
{"dateTime": "2025-08-21T12:40:30.232Z", "eventType": "input.type", "fullPath": "/main.py", "details": {"fromA": 27, "toA": 27, "fromB": 27, "toB": 28, "inserted": ["u"]}}
{"dateTime": "2025-08-21T12:40:30.535Z", "eventType": "input.type", "fullPath": "/main.py", "details": {"fromA": 28, "toA": 28, "fromB": 28, "toB": 29, "inserted": ["r"]}}
{"dateTime": "2025-08-21T12:40:30.776Z", "eventType": "input.type", "fullPath": "/main.py", "details": {"fromA": 29, "toA": 29, "fromB": 29, "toB": 30, "inserted": ["a"]}}
{"dateTime": "2025-08-21T12:40:36.452Z", "eventType": "blur", "fullPath": "/main.py"}
{"dateTime": "2025-08-21T12:40:44.775Z", "eventType": "focus", "fullPath": "/main.py"}
{"dateTime": "2025-08-21T12:40:44.780Z", "eventType": "select.pointer", "fullPath": "/main.py", "details": {"selection": {"from": 30, "to": 30}}}
{"dateTime": "2025-08-21T12:40:45.900Z", "eventType": "input.type", "fullPath": "/main.py", "details": {"fromA": 30, "toA": 30, "fromB": 30, "toB": 31, "inserted": [" "]}}
{"dateTime": "2025-08-21T12:40:46.307Z", "eventType": "input.type", "fullPath": "/main.py", "details": {"fromA": 31, "toA": 31, "fromB": 31, "toB": 32, "inserted": ["e"]}}
{"dateTime": "2025-08-21T12:40:46.601Z", "eventType": "input.type", "fullPath": "/main.py", "details": {"fromA": 32, "toA": 32, "fromB": 32, "toB": 33, "inserted": ["m"]}}
{"dateTime": "2025-08-21T12:40:46.823Z", "eventType": "input.type", "fullPath": "/main.py", "details": {"fromA": 33, "toA": 33, "fromB": 33, "toB": 34, "inserted": [" "]}}
{"dateTime": "2025-08-21T12:40:48.698Z", "eventType": "input.type", "fullPath": "/main.py", "details": {"fromA": 34, "toA": 34, "fromB": 34, "toB": 35, "inserted": ["C"]}}
{"dateTime": "2025-08-21T12:40:49.399Z", "eventType": "input.type", "fullPath": "/main.py", "details": {"fromA": 35, "toA": 35, "fromB": 35, "toB": 36, "inserted": ["e"]}}
{"dateTime": "2025-08-21T12:40:49.785Z", "eventType": "input.type", "fullPath": "/main.py", "details": {"fromA": 36, "toA": 36, "fromB": 36, "toB": 37, "inserted": ["l"]}}
{"dateTime": "2025-08-21T12:40:52.952Z", "eventType": "input.type", "fullPath": "/main.py", "details": {"fromA": 37, "toA": 37, "fromB": 37, "toB": 38, "inserted": ["s"]}}
{"dateTime": "2025-08-21T12:40:53.364Z", "eventType": "input.type", "fullPath": "/main.py", "details": {"fromA": 38, "toA": 38, "fromB": 38, "toB": 39, "inserted": ["i"]}}
{"dateTime": "2025-08-21T12:40:53.577Z", "eventType": "input.type", "fullPath": "/main.py", "details": {"fromA": 39, "toA": 39, "fromB": 39, "toB": 40, "inserted": ["u"]}}
{"dateTime": "2025-08-21T12:40:53.977Z", "eventType": "input.type", "fullPath": "/main.py", "details": {"fromA": 40, "toA": 40, "fromB": 40, "toB": 41, "inserted": ["s"]}}
{"dateTime": "2025-08-21T12:41:54.052Z", "eventType": "blur", "fullPath": "/main.py"}
{"dateTime": "2025-08-21T12:42:04.089Z", "eventType": "focus", "fullPath": "/main.py"}
{"dateTime": "2025-08-21T12:42:04.096Z", "eventType": "select.pointer", "fullPath": "/main.py", "details": {"selection": {"from": 55, "to": 55}}}
{"dateTime": "2025-08-21T12:42:07.908Z", "eventType": "input.type", "fullPath": "/main.py", "details": {"fromA": 55, "toA": 55, "fromB": 55, "toB": 56, "inserted": ["t"]}}
{"dateTime": "2025-08-21T12:42:09.127Z", "eventType": "input.type", "fullPath": "/main.py", "details": {"fromA": 56, "toA": 56, "fromB": 56, "toB": 57, "inserted": ["e"]}}
{"dateTime": "2025-08-21T12:42:09.494Z", "eventType": "input.type", "fullPath": "/main.py", "details": {"fromA": 57, "toA": 57, "fromB": 57, "toB": 58, "inserted": ["m"]}}
{"dateTime": "2025-08-21T12:42:12.428Z", "eventType": "input.complete", "fullPath": "/main.py", "details": {"fromA": 55, "toA": 58, "fromB": 55, "toB": 60, "inserted": ["tempC"]}}
{"dateTime": "2025-08-21T12:42:16.331Z", "eventType": "input.type", "fullPath": "/main.py", "details": {"fromA": 60, "toA": 60, "fromB": 60, "toB": 61, "inserted": [" "]}}
{"dateTime": "2025-08-21T12:42:16.618Z", "eventType": "input.type", "fullPath": "/main.py", "details": {"fromA": 61, "toA": 61, "fromB": 61, "toB": 62, "inserted": ["="]}}
{"dateTime": "2025-08-21T12:42:17.018Z", "eventType": "input.type", "fullPath": "/main.py", "details": {"fromA": 62, "toA": 62, "fromB": 62, "toB": 63, "inserted": [" "]}}
{"dateTime": "2025-08-21T12:42:18.379Z", "eventType": "delete.backward", "fullPath": "/main.py", "details": {"fromA": 62, "toA": 63, "fromB": 62, "toB": 62, "inserted": [""]}}
{"dateTime": "2025-08-21T12:42:18.633Z", "eventType": "delete.backward", "fullPath": "/main.py", "details": {"fromA": 61, "toA": 62, "fromB": 61, "toB": 61, "inserted": [""]}}
{"dateTime": "2025-08-21T12:42:20.393Z", "eventType": "input.type", "fullPath": "/main.py", "details": {"fromA": 61, "toA": 61, "fromB": 61, "toB": 62, "inserted": ["+"]}}
{"dateTime": "2025-08-21T12:42:27.155Z", "eventType": "delete.backward", "fullPath": "/main.py", "details": {"fromA": 61, "toA": 62, "fromB": 61, "toB": 61, "inserted": [""]}}
{"dateTime": "2025-08-21T12:42:46.158Z", "eventType": "input.type", "fullPath": "/main.py", "details": {"fromA": 61, "toA": 61, "fromB": 61, "toB": 62, "inserted": ["*"]}}
{"dateTime": "2025-08-21T12:42:48.923Z", "eventType": "input.type", "fullPath": "/main.py", "details": {"fromA": 62, "toA": 62, "fromB": 62, "toB": 63, "inserted": [" "]}}
{"dateTime": "2025-08-21T12:42:51.051Z", "eventType": "input.type", "fullPath": "/main.py", "details": {"fromA": 63, "toA": 63, "fromB": 63, "toB": 64, "inserted": ["9"]}}
{"dateTime": "2025-08-21T12:47:02.589Z", "eventType": "blur", "fullPath": "/main.py"}
{"dateTime": "2025-08-21T12:47:10.162Z", "eventType": "focus", "fullPath": "/main.py"}
{"dateTime": "2025-08-21T12:47:10.166Z", "eventType": "select.pointer", "fullPath": "/main.py", "details": {"selection": {"from": 85, "to": 85}}}
{"dateTime": "2025-08-21T12:47:10.379Z", "eventType": "select.pointer", "fullPath": "/main.py", "details": {"selection": {"from": 85, "to": 85}}}
{"dateTime": "2025-08-21T12:47:12.763Z", "eventType": "input.type", "fullPath": "/main.py", "details": {"fromA": 85, "toA": 85, "fromB": 85, "toB": 87, "inserted": ["()"]}}
{"dateTime": "2025-08-21T12:47:14.700Z", "eventType": "input.type", "fullPath": "/main.py", "details": {"fromA": 86, "toA": 86, "fromB": 86, "toB": 87, "inserted": ["t"]}}
{"dateTime": "2025-08-21T12:47:14.937Z", "eventType": "input.type", "fullPath": "/main.py", "details": {"fromA": 87, "toA": 87, "fromB": 87, "toB": 88, "inserted": ["e"]}}
{"dateTime": "2025-08-21T12:47:15.304Z", "eventType": "input.type", "fullPath": "/main.py", "details": {"fromA": 88, "toA": 88, "fromB": 88, "toB": 89, "inserted": ["m"]}}
{"dateTime": "2025-08-21T12:47:15.789Z", "eventType": "input.type", "fullPath": "/main.py", "details": {"fromA": 89, "toA": 89, "fromB": 89, "toB": 90, "inserted": ["p"]}}
{"dateTime": "2025-08-21T12:47:23.389Z", "eventType": "input.type", "fullPath": "/main.py", "details": {"fromA": 90, "toA": 90, "fromB": 90, "toB": 91, "inserted": ["F"]}}
{"dateTime": "2025-08-21T12:47:29.867Z", "eventType": "input.type", "fullPath": "/main.py", "details": {"fromA": 91, "toA": 91, "fromB": 91, "toB": 92, "inserted": [","]}}
{"dateTime": "2025-08-21T12:47:32.555Z", "eventType": "input.type", "fullPath": "/main.py", "details": {"fromA": 92, "toA": 92, "fromB": 92, "toB": 93, "inserted": ["2"]}}
{"dateTime": "2025-08-21T12:47:35.739Z", "eventType": "blur", "fullPath": "/main.py"}
{"dateTime": "2025-08-21T12:47:43.893Z", "eventType": "run", "details": {"commit": "465c825a16dc8eaa8f24cdb72de23a710eb2748b"}}
{"dateTime": "2025-08-21T12:48:09.339Z", "eventType": "submission", "details": {"correctness": 1, "commit": "465c825a16dc8eaa8f24cdb72de23a710eb2748b", "executionTime": 0.01}}
{"dateTime": "2025-08-25T16:23:57.646Z", "eventType": "window.blur", "fullPath": "/main.py"}
{"dateTime": "2025-08-25T16:23:57.814Z", "eventType": "window.focus", "fullPath": "/main.py"}
{"dateTime": "2025-08-25T16:24:16.726Z", "eventType": "window.focus", "fullPath": "/main.py"}
{"dateTime": "2025-08-25T16:26:21.993Z", "eventType": "window.blur", "fullPath": "/main.py"}
