== RUN (2025-08-26 18:20:32)
-- CODE: 
a = float(input("digite o numero: "))
b = float(input("digite o numero: "))
soma = a + b
print(soma)
-- EXECUTION TIME: 
0.0
-- TEST CASE 1:
---- input:
10000
10000
---- correct output:
20000
---- user output:
digite o numero: digite o numero: 20000.0
-- TEST CASE 2:
---- input:
2
3
---- correct output:
5
---- user output:
digite o numero: digite o numero: 5.0
-- TEST CASE 3:
---- input:
12
56
---- correct output:
68
---- user output:
digite o numero: digite o numero: 68.0
-- TEST CASE 4:
---- input:
100
85
---- correct output:
185
---- user output:
digite o numero: digite o numero: 185.0
-- TEST CASE 5:
---- input:
-10
54
---- correct output:
44
---- user output:
digite o numero: digite o numero: 44.0
-- TEST CASE 6:
---- input:
120
-12
---- correct output:
108
---- user output:
digite o numero: digite o numero: 108.0
*-*-*-*-*-*-*-*-*-*-*-*-*-*-*-*-*-*-*-*-*-*-*-*
== SUBMISSION (2025-08-26 18:40:23)
-- CODE: 
a = int(input("digite o numero: "))
b = int(input("digite o numero: "))
soma = a + b
print(soma)
-- EXECUTION TIME: 
0.01
-- TEST CASE 1:
---- input:
10000
10000
---- correct output:
20000
---- user output:
digite o numero: digite o numero: 20000
-- TEST CASE 2:
---- input:
2
3
---- correct output:
5
---- user output:
digite o numero: digite o numero: 5
-- TEST CASE 3:
---- input:
12
56
---- correct output:
68
---- user output:
digite o numero: digite o numero: 68
-- TEST CASE 4:
---- input:
100
85
---- correct output:
185
---- user output:
digite o numero: digite o numero: 185
-- TEST CASE 5:
---- input:
-10
54
---- correct output:
44
---- user output:
digite o numero: digite o numero: 44
-- TEST CASE 6:
---- input:
120
-12
---- correct output:
108
---- user output:
digite o numero: digite o numero: 108
-- GRADE:
100%
*-*-*-*-*-*-*-*-*-*-*-*-*-*-*-*-*-*-*-*-*-*-*-*
== RUN (2025-08-26 18:40:15)
-- CODE: 
a = int(input("digite o numero: "))
b = int(input("digite o numero: "))
soma = a + b
print(soma)
-- EXECUTION TIME: 
0.0
-- TEST CASE 1:
---- input:
10000
10000
---- correct output:
20000
---- user output:
digite o numero: digite o numero: 20000
-- TEST CASE 2:
---- input:
2
3
---- correct output:
5
---- user output:
digite o numero: digite o numero: 5
-- TEST CASE 3:
---- input:
12
56
---- correct output:
68
---- user output:
digite o numero: digite o numero: 68
-- TEST CASE 4:
---- input:
100
85
---- correct output:
185
---- user output:
digite o numero: digite o numero: 185
-- TEST CASE 5:
---- input:
-10
54
---- correct output:
44
---- user output:
digite o numero: digite o numero: 44
-- TEST CASE 6:
---- input:
120
-12
---- correct output:
108
---- user output:
digite o numero: digite o numero: 108
*-*-*-*-*-*-*-*-*-*-*-*-*-*-*-*-*-*-*-*-*-*-*-*
== RUN (2025-08-26 18:39:28)
-- CODE: 
a = float(input("digite o numero: "))
b = float(input("digite o numero: "))
soma = a + b
print(soma)
-- EXECUTION TIME: 
0.0
-- TEST CASE 1:
---- input:
10000
10000
---- correct output:
20000
---- user output:
digite o numero: digite o numero: 20000.0
-- TEST CASE 2:
---- input:
2
3
---- correct output:
5
---- user output:
digite o numero: digite o numero: 5.0
-- TEST CASE 3:
---- input:
12
56
---- correct output:
68
---- user output:
digite o numero: digite o numero: 68.0
-- TEST CASE 4:
---- input:
100
85
---- correct output:
185
---- user output:
digite o numero: digite o numero: 185.0
-- TEST CASE 5:
---- input:
-10
54
---- correct output:
44
---- user output:
digite o numero: digite o numero: 44.0
-- TEST CASE 6:
---- input:
120
-12
---- correct output:
108
---- user output:
digite o numero: digite o numero: 108.0
*-*-*-*-*-*-*-*-*-*-*-*-*-*-*-*-*-*-*-*-*-*-*-*
== SUBMISSION (2025-08-26 18:20:31)
-- CODE: 
a = float(input("digite o numero: "))
b = float(input("digite o numero: "))
soma = a + b
print(soma)
-- EXECUTION TIME: 
0.01
-- TEST CASE 1:
---- input:
10000
10000
---- correct output:
20000
---- user output:
digite o numero: digite o numero: 20000.0
-- TEST CASE 2:
---- input:
2
3
---- correct output:
5
---- user output:
digite o numero: digite o numero: 5.0
-- TEST CASE 3:
---- input:
12
56
---- correct output:
68
---- user output:
digite o numero: digite o numero: 68.0
-- TEST CASE 4:
---- input:
100
85
---- correct output:
185
---- user output:
digite o numero: digite o numero: 185.0
-- TEST CASE 5:
---- input:
-10
54
---- correct output:
44
---- user output:
digite o numero: digite o numero: 44.0
-- TEST CASE 6:
---- input:
120
-12
---- correct output:
108
---- user output:
digite o numero: digite o numero: 108.0
-- GRADE:
0%
*-*-*-*-*-*-*-*-*-*-*-*-*-*-*-*-*-*-*-*-*-*-*-*
