{"dateTime": "2025-08-27T14:01:05.641Z", "eventType": "submission", "details": {"correctness": 1, "commit": "9749695159c091033a54a3aa454009854388cb6e", "executionTime": 0.01}}
{"dateTime": "2025-08-27T14:01:45.932Z", "eventType": "run", "details": {"commit": "72ae721b2985a4241fa8bd8cef42d1cbc855c935"}}
{"dateTime": "2025-08-27T14:02:16.719Z", "eventType": "focus", "fullPath": "/main.py"}
{"dateTime": "2025-08-27T14:02:16.721Z", "eventType": "select.pointer", "fullPath": "/main.py", "details": {"selection": {"from": 20, "to": 20}}}
{"dateTime": "2025-08-27T14:02:18.231Z", "eventType": "input.type", "fullPath": "/main.py", "details": {"fromA": 20, "toA": 20, "fromB": 20, "toB": 22, "inserted": ["\"\""]}}
{"dateTime": "2025-08-27T14:02:19.127Z", "eventType": "input.type", "fullPath": "/main.py", "details": {"fromA": 21, "toA": 21, "fromB": 21, "toB": 22, "inserted": ["P"]}}
{"dateTime": "2025-08-27T14:02:19.303Z", "eventType": "input.type", "fullPath": "/main.py", "details": {"fromA": 22, "toA": 22, "fromB": 22, "toB": 23, "inserted": ["r"]}}
{"dateTime": "2025-08-27T14:02:19.367Z", "eventType": "input.type", "fullPath": "/main.py", "details": {"fromA": 23, "toA": 23, "fromB": 23, "toB": 24, "inserted": ["e"]}}
{"dateTime": "2025-08-27T14:02:20.358Z", "eventType": "input.type", "fullPath": "/main.py", "details": {"fromA": 24, "toA": 24, "fromB": 24, "toB": 25, "inserted": ["\u00e7"]}}
{"dateTime": "2025-08-27T14:02:20.535Z", "eventType": "input.type", "fullPath": "/main.py", "details": {"fromA": 25, "toA": 25, "fromB": 25, "toB": 26, "inserted": ["o"]}}
{"dateTime": "2025-08-27T14:02:21.623Z", "eventType": "input.type", "fullPath": "/main.py", "details": {"fromA": 26, "toA": 26, "fromB": 26, "toB": 27, "inserted": [":"]}}
{"dateTime": "2025-08-27T14:02:22.406Z", "eventType": "input.type", "fullPath": "/main.py", "details": {"fromA": 27, "toA": 27, "fromB": 27, "toB": 28, "inserted": [" "]}}
{"dateTime": "2025-08-27T14:02:23.736Z", "eventType": "select.pointer", "fullPath": "/main.py", "details": {"selection": {"from": 55, "to": 55}}}
{"dateTime": "2025-08-27T14:02:25.335Z", "eventType": "input.type", "fullPath": "/main.py", "details": {"fromA": 55, "toA": 55, "fromB": 55, "toB": 57, "inserted": ["\"\""]}}
{"dateTime": "2025-08-27T14:02:25.959Z", "eventType": "input.type", "fullPath": "/main.py", "details": {"fromA": 56, "toA": 56, "fromB": 56, "toB": 57, "inserted": ["Q"]}}
{"dateTime": "2025-08-27T14:02:26.087Z", "eventType": "input.type", "fullPath": "/main.py", "details": {"fromA": 57, "toA": 57, "fromB": 57, "toB": 58, "inserted": ["u"]}}
{"dateTime": "2025-08-27T14:02:26.215Z", "eventType": "input.type", "fullPath": "/main.py", "details": {"fromA": 58, "toA": 58, "fromB": 58, "toB": 59, "inserted": ["a"]}}
{"dateTime": "2025-08-27T14:02:26.328Z", "eventType": "input.type", "fullPath": "/main.py", "details": {"fromA": 59, "toA": 59, "fromB": 59, "toB": 60, "inserted": ["n"]}}
{"dateTime": "2025-08-27T14:02:27.095Z", "eventType": "input.type", "fullPath": "/main.py", "details": {"fromA": 60, "toA": 60, "fromB": 60, "toB": 61, "inserted": ["t"]}}
{"dateTime": "2025-08-27T14:02:27.255Z", "eventType": "input.type", "fullPath": "/main.py", "details": {"fromA": 61, "toA": 61, "fromB": 61, "toB": 62, "inserted": ["i"]}}
{"dateTime": "2025-08-27T14:02:27.432Z", "eventType": "input.type", "fullPath": "/main.py", "details": {"fromA": 62, "toA": 62, "fromB": 62, "toB": 63, "inserted": ["d"]}}
{"dateTime": "2025-08-27T14:02:27.527Z", "eventType": "input.type", "fullPath": "/main.py", "details": {"fromA": 63, "toA": 63, "fromB": 63, "toB": 64, "inserted": ["a"]}}
{"dateTime": "2025-08-27T14:02:27.623Z", "eventType": "input.type", "fullPath": "/main.py", "details": {"fromA": 64, "toA": 64, "fromB": 64, "toB": 65, "inserted": ["d"]}}
{"dateTime": "2025-08-27T14:02:27.751Z", "eventType": "input.type", "fullPath": "/main.py", "details": {"fromA": 65, "toA": 65, "fromB": 65, "toB": 66, "inserted": ["e"]}}
{"dateTime": "2025-08-27T14:02:29.558Z", "eventType": "input.type", "fullPath": "/main.py", "details": {"fromA": 66, "toA": 66, "fromB": 66, "toB": 67, "inserted": [":"]}}
{"dateTime": "2025-08-27T14:02:29.655Z", "eventType": "input.type", "fullPath": "/main.py", "details": {"fromA": 67, "toA": 67, "fromB": 67, "toB": 68, "inserted": [" "]}}
{"dateTime": "2025-08-27T14:02:31.558Z", "eventType": "blur", "fullPath": "/main.py"}
{"dateTime": "2025-08-27T14:02:31.851Z", "eventType": "run", "details": {"commit": "2b476399acf20d9df9dfb2c41c97f5accfe09290"}}
{"dateTime": "2025-08-27T14:02:57.423Z", "eventType": "focus", "fullPath": "/main.py"}
{"dateTime": "2025-08-27T14:02:57.424Z", "eventType": "select.pointer", "fullPath": "/main.py", "details": {"selection": {"from": 94, "to": 94}}}
{"dateTime": "2025-08-27T14:02:58.295Z", "eventType": "delete.backward", "fullPath": "/main.py", "details": {"fromA": 93, "toA": 94, "fromB": 93, "toB": 93, "inserted": [""]}}
{"dateTime": "2025-08-27T14:02:58.631Z", "eventType": "input.type", "fullPath": "/main.py", "details": {"fromA": 93, "toA": 93, "fromB": 93, "toB": 94, "inserted": ["*"]}}
{"dateTime": "2025-08-27T14:03:00.358Z", "eventType": "blur", "fullPath": "/main.py"}
{"dateTime": "2025-08-27T14:03:00.622Z", "eventType": "run", "details": {"commit": "9749695159c091033a54a3aa454009854388cb6e"}}
