== SUBMISSION (2025-09-01 23:33:33)
-- CODE: 
a = float(input())

h = (a * 2.86) + 50
i = h * 0.34
g = h + i

print (round(g, 2))
-- EXECUTION TIME: 
0.01
-- TEST CASE 1:
---- input:
10.4
---- correct output:
106.86
---- user output:
106.86
-- TEST CASE 2:
---- input:
148.17
---- correct output:
634.85
---- user output:
634.85
-- TEST CASE 3:
---- input:
50.0
---- correct output:
258.62
---- user output:
258.62
-- TEST CASE 4:
---- input:
87.4
---- correct output:
401.95
---- user output:
401.95
-- TEST CASE 5:
---- input:
238.23
---- correct output:
979.99
---- user output:
979.99
-- TEST CASE 6:
---- input:
42.68
---- correct output:
230.57
---- user output:
230.57
-- GRADE:
100%
*-*-*-*-*-*-*-*-*-*-*-*-*-*-*-*-*-*-*-*-*-*-*-*
== SUBMISSION (2025-09-01 23:30:37)
-- CODE: 
a = float(input())

h = (a * 2.86) + 50
i = a * 0.34
g = h + i

print (round(g/ 2))
-- EXECUTION TIME: 
0.01
-- TEST CASE 1:
---- input:
10.4
---- correct output:
106.86
---- user output:
42
-- TEST CASE 2:
---- input:
148.17
---- correct output:
634.85
---- user output:
262
-- TEST CASE 3:
---- input:
50.0
---- correct output:
258.62
---- user output:
105
-- TEST CASE 4:
---- input:
87.4
---- correct output:
401.95
---- user output:
165
-- TEST CASE 5:
---- input:
238.23
---- correct output:
979.99
---- user output:
406
-- TEST CASE 6:
---- input:
42.68
---- correct output:
230.57
---- user output:
93
-- GRADE:
0%
*-*-*-*-*-*-*-*-*-*-*-*-*-*-*-*-*-*-*-*-*-*-*-*
== SUBMISSION (2025-09-01 23:30:49)
-- CODE: 
a = float(input())

h = (a * 2.86) + 50
i = a * 0.34
g = h + i

print (round(g, 2))
-- EXECUTION TIME: 
0.01
-- TEST CASE 1:
---- input:
10.4
---- correct output:
106.86
---- user output:
83.28
-- TEST CASE 2:
---- input:
148.17
---- correct output:
634.85
---- user output:
524.14
-- TEST CASE 3:
---- input:
50.0
---- correct output:
258.62
---- user output:
210.0
-- TEST CASE 4:
---- input:
87.4
---- correct output:
401.95
---- user output:
329.68
-- TEST CASE 5:
---- input:
238.23
---- correct output:
979.99
---- user output:
812.34
-- TEST CASE 6:
---- input:
42.68
---- correct output:
230.57
---- user output:
186.58
-- GRADE:
0%
*-*-*-*-*-*-*-*-*-*-*-*-*-*-*-*-*-*-*-*-*-*-*-*
