{"dateTime": "2025-08-26T00:20:34.102Z", "eventType": "blur", "fullPath": "/main.py"}
{"dateTime": "2025-08-26T00:21:44.675Z", "eventType": "focus", "fullPath": "/main.py"}
{"dateTime": "2025-08-26T00:21:44.687Z", "eventType": "select.pointer", "fullPath": "/main.py", "details": {"selection": {"from": 0, "to": 0}}}
{"dateTime": "2025-08-26T00:21:46.824Z", "eventType": "blur", "fullPath": "/main.py"}
{"dateTime": "2025-08-26T00:21:47.977Z", "eventType": "focus", "fullPath": "/main.py"}
{"dateTime": "2025-08-26T00:21:47.980Z", "eventType": "select.pointer", "fullPath": "/main.py", "details": {"selection": {"from": 181, "to": 181}}}
{"dateTime": "2025-08-26T00:21:49.981Z", "eventType": "input", "fullPath": "/main.py", "details": {"fromA": 181, "toA": 181, "fromB": 181, "toB": 182, "inserted": ["", ""]}}
{"dateTime": "2025-08-26T00:21:50.994Z", "eventType": "delete.backward", "fullPath": "/main.py", "details": {"fromA": 181, "toA": 182, "fromB": 181, "toB": 181, "inserted": [""]}}
{"dateTime": "2025-08-26T00:21:51.567Z", "eventType": "input", "fullPath": "/main.py", "details": {"fromA": 181, "toA": 181, "fromB": 181, "toB": 182, "inserted": ["", ""]}}
{"dateTime": "2025-08-26T00:22:30.256Z", "eventType": "select.pointer", "fullPath": "/main.py", "details": {"selection": {"from": 182, "to": 182}}}
{"dateTime": "2025-08-27T17:11:03.860Z", "eventType": "focus", "fullPath": "/main.py"}
{"dateTime": "2025-08-27T17:11:03.866Z", "eventType": "select.pointer", "fullPath": "/main.py", "details": {"selection": {"from": 182, "to": 182}}}
{"dateTime": "2025-08-27T17:11:37.243Z", "eventType": "input.type", "fullPath": "/main.py", "details": {"fromA": 182, "toA": 182, "fromB": 182, "toB": 183, "inserted": ["f"]}}
{"dateTime": "2025-08-27T17:11:37.485Z", "eventType": "input.type", "fullPath": "/main.py", "details": {"fromA": 183, "toA": 183, "fromB": 183, "toB": 184, "inserted": ["a"]}}
{"dateTime": "2025-08-27T17:11:37.627Z", "eventType": "input.type", "fullPath": "/main.py", "details": {"fromA": 184, "toA": 184, "fromB": 184, "toB": 185, "inserted": ["l"]}}
{"dateTime": "2025-08-27T17:11:37.768Z", "eventType": "input.type", "fullPath": "/main.py", "details": {"fromA": 185, "toA": 185, "fromB": 185, "toB": 186, "inserted": ["t"]}}
{"dateTime": "2025-08-27T17:11:37.880Z", "eventType": "input.type", "fullPath": "/main.py", "details": {"fromA": 186, "toA": 186, "fromB": 186, "toB": 187, "inserted": ["a"]}}
{"dateTime": "2025-08-27T17:11:38.376Z", "eventType": "delete.backward", "fullPath": "/main.py", "details": {"fromA": 186, "toA": 187, "fromB": 186, "toB": 186, "inserted": [""]}}
{"dateTime": "2025-08-27T17:11:38.882Z", "eventType": "delete.backward", "fullPath": "/main.py", "details": {"fromA": 185, "toA": 186, "fromB": 185, "toB": 185, "inserted": [""]}}
{"dateTime": "2025-08-27T17:11:38.956Z", "eventType": "delete.backward", "fullPath": "/main.py", "details": {"fromA": 184, "toA": 185, "fromB": 184, "toB": 184, "inserted": [""]}}
{"dateTime": "2025-08-27T17:11:38.962Z", "eventType": "delete.backward", "fullPath": "/main.py", "details": {"fromA": 183, "toA": 184, "fromB": 183, "toB": 183, "inserted": [""]}}
{"dateTime": "2025-08-27T17:11:38.975Z", "eventType": "delete.backward", "fullPath": "/main.py", "details": {"fromA": 182, "toA": 183, "fromB": 182, "toB": 182, "inserted": [""]}}
{"dateTime": "2025-08-27T17:11:39.026Z", "eventType": "delete.backward", "fullPath": "/main.py", "details": {"fromA": 181, "toA": 182, "fromB": 181, "toB": 181, "inserted": [""]}}
{"dateTime": "2025-08-27T17:11:39.052Z", "eventType": "delete.backward", "fullPath": "/main.py", "details": {"fromA": 180, "toA": 181, "fromB": 180, "toB": 180, "inserted": [""]}}
{"dateTime": "2025-08-27T17:11:40.050Z", "eventType": "input", "fullPath": "/main.py", "details": {"fromA": 180, "toA": 180, "fromB": 180, "toB": 181, "inserted": ["", ""]}}
{"dateTime": "2025-08-27T17:11:40.377Z", "eventType": "input.type", "fullPath": "/main.py", "details": {"fromA": 181, "toA": 181, "fromB": 181, "toB": 182, "inserted": ["t"]}}
{"dateTime": "2025-08-27T17:11:40.891Z", "eventType": "input.type", "fullPath": "/main.py", "details": {"fromA": 182, "toA": 182, "fromB": 182, "toB": 183, "inserted": ["o"]}}
{"dateTime": "2025-08-27T17:11:41.018Z", "eventType": "input.type", "fullPath": "/main.py", "details": {"fromA": 183, "toA": 183, "fromB": 183, "toB": 184, "inserted": ["t"]}}
{"dateTime": "2025-08-27T17:11:41.121Z", "eventType": "input.type", "fullPath": "/main.py", "details": {"fromA": 184, "toA": 184, "fromB": 184, "toB": 185, "inserted": ["a"]}}
{"dateTime": "2025-08-27T17:11:41.264Z", "eventType": "input.type", "fullPath": "/main.py", "details": {"fromA": 185, "toA": 185, "fromB": 185, "toB": 186, "inserted": ["l"]}}
{"dateTime": "2025-08-27T17:11:41.440Z", "eventType": "input.type", "fullPath": "/main.py", "details": {"fromA": 186, "toA": 186, "fromB": 186, "toB": 187, "inserted": [" "]}}
{"dateTime": "2025-08-27T17:11:41.536Z", "eventType": "input.type", "fullPath": "/main.py", "details": {"fromA": 187, "toA": 187, "fromB": 187, "toB": 188, "inserted": ["d"]}}
{"dateTime": "2025-08-27T17:11:41.904Z", "eventType": "delete.backward", "fullPath": "/main.py", "details": {"fromA": 187, "toA": 188, "fromB": 187, "toB": 187, "inserted": [""]}}
{"dateTime": "2025-08-27T17:11:42.120Z", "eventType": "delete.backward", "fullPath": "/main.py", "details": {"fromA": 186, "toA": 187, "fromB": 186, "toB": 186, "inserted": [""]}}
{"dateTime": "2025-08-27T17:11:42.960Z", "eventType": "input.type", "fullPath": "/main.py", "details": {"fromA": 186, "toA": 186, "fromB": 186, "toB": 187, "inserted": ["="]}}
{"dateTime": "2025-08-27T17:11:44.409Z", "eventType": "input.type", "fullPath": "/main.py", "details": {"fromA": 187, "toA": 187, "fromB": 187, "toB": 188, "inserted": ["i"]}}
{"dateTime": "2025-08-27T17:11:44.896Z", "eventType": "delete.backward", "fullPath": "/main.py", "details": {"fromA": 187, "toA": 188, "fromB": 187, "toB": 187, "inserted": [""]}}
{"dateTime": "2025-08-27T17:11:45.441Z", "eventType": "input.type", "fullPath": "/main.py", "details": {"fromA": 187, "toA": 187, "fromB": 187, "toB": 188, "inserted": ["f"]}}
{"dateTime": "2025-08-27T17:11:45.514Z", "eventType": "input.type", "fullPath": "/main.py", "details": {"fromA": 188, "toA": 188, "fromB": 188, "toB": 189, "inserted": ["l"]}}
{"dateTime": "2025-08-27T17:11:45.771Z", "eventType": "input.type", "fullPath": "/main.py", "details": {"fromA": 189, "toA": 189, "fromB": 189, "toB": 190, "inserted": ["o"]}}
{"dateTime": "2025-08-27T17:11:46.658Z", "eventType": "input.type", "fullPath": "/main.py", "details": {"fromA": 190, "toA": 190, "fromB": 190, "toB": 191, "inserted": ["a"]}}
{"dateTime": "2025-08-27T17:11:46.897Z", "eventType": "input.type", "fullPath": "/main.py", "details": {"fromA": 191, "toA": 191, "fromB": 191, "toB": 192, "inserted": ["t"]}}
{"dateTime": "2025-08-27T17:11:47.752Z", "eventType": "input.complete", "fullPath": "/main.py", "details": {"fromA": 187, "toA": 192, "fromB": 187, "toB": 192, "inserted": ["float"]}}
{"dateTime": "2025-08-27T17:11:48.648Z", "eventType": "input.type", "fullPath": "/main.py", "details": {"fromA": 192, "toA": 192, "fromB": 192, "toB": 193, "inserted": ["9"]}}
{"dateTime": "2025-08-27T17:11:49.280Z", "eventType": "delete.backward", "fullPath": "/main.py", "details": {"fromA": 192, "toA": 193, "fromB": 192, "toB": 192, "inserted": [""]}}
{"dateTime": "2025-08-27T17:11:49.743Z", "eventType": "input.type", "fullPath": "/main.py", "details": {"fromA": 192, "toA": 192, "fromB": 192, "toB": 194, "inserted": ["()"]}}
{"dateTime": "2025-08-27T17:11:52.953Z", "eventType": "input.type", "fullPath": "/main.py", "details": {"fromA": 193, "toA": 193, "fromB": 193, "toB": 194, "inserted": ["i"]}}
{"dateTime": "2025-08-27T17:11:53.142Z", "eventType": "input.type", "fullPath": "/main.py", "details": {"fromA": 194, "toA": 194, "fromB": 194, "toB": 195, "inserted": ["n"]}}
{"dateTime": "2025-08-27T17:11:53.978Z", "eventType": "input.complete", "fullPath": "/main.py", "details": {"fromA": 193, "toA": 195, "fromB": 193, "toB": 198, "inserted": ["input"]}}
{"dateTime": "2025-08-27T17:11:55.297Z", "eventType": "input.type", "fullPath": "/main.py", "details": {"fromA": 198, "toA": 198, "fromB": 198, "toB": 200, "inserted": ["()"]}}
{"dateTime": "2025-08-27T17:12:02.435Z", "eventType": "input.type", "fullPath": "/main.py", "details": {"fromA": 199, "toA": 199, "fromB": 199, "toB": 200, "inserted": ["l"]}}
{"dateTime": "2025-08-27T17:12:03.114Z", "eventType": "input.type", "fullPath": "/main.py", "details": {"fromA": 200, "toA": 200, "fromB": 200, "toB": 201, "inserted": ["u"]}}
{"dateTime": "2025-08-27T17:12:03.242Z", "eventType": "input.type", "fullPath": "/main.py", "details": {"fromA": 201, "toA": 201, "fromB": 201, "toB": 202, "inserted": ["c"]}}
{"dateTime": "2025-08-27T17:12:03.385Z", "eventType": "input.type", "fullPath": "/main.py", "details": {"fromA": 202, "toA": 202, "fromB": 202, "toB": 203, "inserted": ["r"]}}
{"dateTime": "2025-08-27T17:12:03.506Z", "eventType": "input.type", "fullPath": "/main.py", "details": {"fromA": 203, "toA": 203, "fromB": 203, "toB": 204, "inserted": ["o"]}}
{"dateTime": "2025-08-27T17:12:04.155Z", "eventType": "input.type", "fullPath": "/main.py", "details": {"fromA": 204, "toA": 204, "fromB": 204, "toB": 205, "inserted": [" "]}}
{"dateTime": "2025-08-27T17:12:04.314Z", "eventType": "input.type", "fullPath": "/main.py", "details": {"fromA": 205, "toA": 205, "fromB": 205, "toB": 206, "inserted": ["o"]}}
{"dateTime": "2025-08-27T17:12:04.507Z", "eventType": "input.type", "fullPath": "/main.py", "details": {"fromA": 206, "toA": 206, "fromB": 206, "toB": 207, "inserted": ["b"]}}
{"dateTime": "2025-08-27T17:12:04.803Z", "eventType": "input.type", "fullPath": "/main.py", "details": {"fromA": 207, "toA": 207, "fromB": 207, "toB": 208, "inserted": ["t"]}}
{"dateTime": "2025-08-27T17:12:04.930Z", "eventType": "input.type", "fullPath": "/main.py", "details": {"fromA": 208, "toA": 208, "fromB": 208, "toB": 209, "inserted": ["i"]}}
{"dateTime": "2025-08-27T17:12:05.185Z", "eventType": "input.type", "fullPath": "/main.py", "details": {"fromA": 209, "toA": 209, "fromB": 209, "toB": 210, "inserted": ["d"]}}
{"dateTime": "2025-08-27T17:12:05.282Z", "eventType": "input.type", "fullPath": "/main.py", "details": {"fromA": 210, "toA": 210, "fromB": 210, "toB": 211, "inserted": ["o"]}}
{"dateTime": "2025-08-27T17:12:05.890Z", "eventType": "input.type", "fullPath": "/main.py", "details": {"fromA": 211, "toA": 211, "fromB": 211, "toB": 212, "inserted": ["?"]}}
{"dateTime": "2025-08-27T17:12:06.290Z", "eventType": "delete.backward", "fullPath": "/main.py", "details": {"fromA": 211, "toA": 212, "fromB": 211, "toB": 211, "inserted": [""]}}
{"dateTime": "2025-08-27T17:12:06.659Z", "eventType": "input.type", "fullPath": "/main.py", "details": {"fromA": 211, "toA": 211, "fromB": 211, "toB": 212, "inserted": ["\u00b0"]}}
{"dateTime": "2025-08-27T17:12:07.065Z", "eventType": "delete.backward", "fullPath": "/main.py", "details": {"fromA": 211, "toA": 212, "fromB": 211, "toB": 211, "inserted": [""]}}
{"dateTime": "2025-08-27T17:12:07.857Z", "eventType": "input.type", "fullPath": "/main.py", "details": {"fromA": 211, "toA": 211, "fromB": 211, "toB": 212, "inserted": [":"]}}
{"dateTime": "2025-08-27T17:12:09.535Z", "eventType": "select", "fullPath": "/main.py", "details": {"selection": {"from": 213, "to": 213}}}
{"dateTime": "2025-08-27T17:12:09.737Z", "eventType": "select", "fullPath": "/main.py", "details": {"selection": {"from": 214, "to": 214}}}
{"dateTime": "2025-08-27T17:12:09.979Z", "eventType": "input", "fullPath": "/main.py", "details": {"fromA": 214, "toA": 214, "fromB": 214, "toB": 215, "inserted": ["", ""]}}
{"dateTime": "2025-08-27T17:12:11.161Z", "eventType": "input", "fullPath": "/main.py", "details": {"fromA": 215, "toA": 215, "fromB": 215, "toB": 216, "inserted": ["", ""]}}
{"dateTime": "2025-08-27T17:12:11.465Z", "eventType": "input.type", "fullPath": "/main.py", "details": {"fromA": 216, "toA": 216, "fromB": 216, "toB": 217, "inserted": ["p"]}}
{"dateTime": "2025-08-27T17:12:11.545Z", "eventType": "input.type", "fullPath": "/main.py", "details": {"fromA": 217, "toA": 217, "fromB": 217, "toB": 218, "inserted": ["r"]}}
{"dateTime": "2025-08-27T17:12:11.683Z", "eventType": "input.type", "fullPath": "/main.py", "details": {"fromA": 218, "toA": 218, "fromB": 218, "toB": 219, "inserted": ["i"]}}
{"dateTime": "2025-08-27T17:12:12.306Z", "eventType": "input.complete", "fullPath": "/main.py", "details": {"fromA": 216, "toA": 219, "fromB": 216, "toB": 221, "inserted": ["print"]}}
{"dateTime": "2025-08-27T17:12:13.249Z", "eventType": "input.type", "fullPath": "/main.py", "details": {"fromA": 221, "toA": 221, "fromB": 221, "toB": 222, "inserted": [")"]}}
{"dateTime": "2025-08-27T17:12:13.616Z", "eventType": "delete.backward", "fullPath": "/main.py", "details": {"fromA": 221, "toA": 222, "fromB": 221, "toB": 221, "inserted": [""]}}
{"dateTime": "2025-08-27T17:12:13.897Z", "eventType": "input.type", "fullPath": "/main.py", "details": {"fromA": 221, "toA": 221, "fromB": 221, "toB": 223, "inserted": ["()"]}}
{"dateTime": "2025-08-27T17:12:21.226Z", "eventType": "input.type", "fullPath": "/main.py", "details": {"fromA": 222, "toA": 222, "fromB": 222, "toB": 223, "inserted": ["t"]}}
{"dateTime": "2025-08-27T17:12:21.364Z", "eventType": "input.type", "fullPath": "/main.py", "details": {"fromA": 223, "toA": 223, "fromB": 223, "toB": 224, "inserted": ["o"]}}
{"dateTime": "2025-08-27T17:12:21.477Z", "eventType": "input.type", "fullPath": "/main.py", "details": {"fromA": 224, "toA": 224, "fromB": 224, "toB": 225, "inserted": ["t"]}}
{"dateTime": "2025-08-27T17:12:21.531Z", "eventType": "input.type", "fullPath": "/main.py", "details": {"fromA": 225, "toA": 225, "fromB": 225, "toB": 226, "inserted": ["a"]}}
{"dateTime": "2025-08-27T17:12:21.666Z", "eventType": "input.type", "fullPath": "/main.py", "details": {"fromA": 226, "toA": 226, "fromB": 226, "toB": 227, "inserted": ["l"]}}
{"dateTime": "2025-08-27T17:12:23.506Z", "eventType": "input.type", "fullPath": "/main.py", "details": {"fromA": 227, "toA": 227, "fromB": 227, "toB": 228, "inserted": ["*"]}}
{"dateTime": "2025-08-27T17:12:24.810Z", "eventType": "input.type", "fullPath": "/main.py", "details": {"fromA": 228, "toA": 228, "fromB": 228, "toB": 229, "inserted": ["0"]}}
{"dateTime": "2025-08-27T17:12:25.226Z", "eventType": "input.type", "fullPath": "/main.py", "details": {"fromA": 229, "toA": 229, "fromB": 229, "toB": 230, "inserted": ["."]}}
{"dateTime": "2025-08-27T17:12:25.976Z", "eventType": "input.type", "fullPath": "/main.py", "details": {"fromA": 230, "toA": 230, "fromB": 230, "toB": 231, "inserted": ["3"]}}
{"dateTime": "2025-08-27T17:12:29.113Z", "eventType": "delete.backward", "fullPath": "/main.py", "details": {"fromA": 230, "toA": 231, "fromB": 230, "toB": 230, "inserted": [""]}}
{"dateTime": "2025-08-27T17:12:29.620Z", "eventType": "delete.backward", "fullPath": "/main.py", "details": {"fromA": 229, "toA": 230, "fromB": 229, "toB": 229, "inserted": [""]}}
{"dateTime": "2025-08-27T17:12:29.651Z", "eventType": "delete.backward", "fullPath": "/main.py", "details": {"fromA": 228, "toA": 229, "fromB": 228, "toB": 228, "inserted": [""]}}
{"dateTime": "2025-08-27T17:12:29.681Z", "eventType": "delete.backward", "fullPath": "/main.py", "details": {"fromA": 227, "toA": 228, "fromB": 227, "toB": 227, "inserted": [""]}}
{"dateTime": "2025-08-27T17:12:29.712Z", "eventType": "delete.backward", "fullPath": "/main.py", "details": {"fromA": 226, "toA": 227, "fromB": 226, "toB": 226, "inserted": [""]}}
{"dateTime": "2025-08-27T17:12:29.758Z", "eventType": "delete.backward", "fullPath": "/main.py", "details": {"fromA": 225, "toA": 226, "fromB": 225, "toB": 225, "inserted": [""]}}
{"dateTime": "2025-08-27T17:12:29.790Z", "eventType": "delete.backward", "fullPath": "/main.py", "details": {"fromA": 224, "toA": 225, "fromB": 224, "toB": 224, "inserted": [""]}}
{"dateTime": "2025-08-27T17:12:30.024Z", "eventType": "delete.backward", "fullPath": "/main.py", "details": {"fromA": 223, "toA": 224, "fromB": 223, "toB": 223, "inserted": [""]}}
{"dateTime": "2025-08-27T17:12:30.233Z", "eventType": "delete.backward", "fullPath": "/main.py", "details": {"fromA": 222, "toA": 223, "fromB": 222, "toB": 222, "inserted": [""]}}
{"dateTime": "2025-08-27T17:12:30.562Z", "eventType": "input.type", "fullPath": "/main.py", "details": {"fromA": 222, "toA": 222, "fromB": 222, "toB": 223, "inserted": ["r"]}}
{"dateTime": "2025-08-27T17:12:30.729Z", "eventType": "input.type", "fullPath": "/main.py", "details": {"fromA": 223, "toA": 223, "fromB": 223, "toB": 224, "inserted": ["o"]}}
{"dateTime": "2025-08-27T17:12:30.867Z", "eventType": "input.type", "fullPath": "/main.py", "details": {"fromA": 224, "toA": 224, "fromB": 224, "toB": 225, "inserted": ["u"]}}
{"dateTime": "2025-08-27T17:12:31.378Z", "eventType": "input.complete", "fullPath": "/main.py", "details": {"fromA": 222, "toA": 225, "fromB": 222, "toB": 227, "inserted": ["round"]}}
{"dateTime": "2025-08-27T17:12:32.157Z", "eventType": "input.type", "fullPath": "/main.py", "details": {"fromA": 227, "toA": 227, "fromB": 227, "toB": 229, "inserted": ["()"]}}
{"dateTime": "2025-08-27T17:12:34.499Z", "eventType": "input.type", "fullPath": "/main.py", "details": {"fromA": 228, "toA": 228, "fromB": 228, "toB": 229, "inserted": ["t"]}}
{"dateTime": "2025-08-27T17:12:34.586Z", "eventType": "input.type", "fullPath": "/main.py", "details": {"fromA": 229, "toA": 229, "fromB": 229, "toB": 230, "inserted": ["o"]}}
{"dateTime": "2025-08-27T17:12:34.701Z", "eventType": "input.type", "fullPath": "/main.py", "details": {"fromA": 230, "toA": 230, "fromB": 230, "toB": 231, "inserted": ["t"]}}
{"dateTime": "2025-08-27T17:12:34.804Z", "eventType": "input.type", "fullPath": "/main.py", "details": {"fromA": 231, "toA": 231, "fromB": 231, "toB": 232, "inserted": ["a"]}}
{"dateTime": "2025-08-27T17:12:34.907Z", "eventType": "input.type", "fullPath": "/main.py", "details": {"fromA": 232, "toA": 232, "fromB": 232, "toB": 233, "inserted": ["l"]}}
{"dateTime": "2025-08-27T17:12:36.256Z", "eventType": "input.complete", "fullPath": "/main.py", "details": {"fromA": 228, "toA": 233, "fromB": 228, "toB": 233, "inserted": ["total"]}}
{"dateTime": "2025-08-27T17:12:38.858Z", "eventType": "input.type", "fullPath": "/main.py", "details": {"fromA": 233, "toA": 233, "fromB": 233, "toB": 234, "inserted": ["*"]}}
{"dateTime": "2025-08-27T17:12:40.090Z", "eventType": "input.type", "fullPath": "/main.py", "details": {"fromA": 234, "toA": 234, "fromB": 234, "toB": 235, "inserted": ["0"]}}
{"dateTime": "2025-08-27T17:12:40.730Z", "eventType": "input.type", "fullPath": "/main.py", "details": {"fromA": 235, "toA": 235, "fromB": 235, "toB": 236, "inserted": ["."]}}
{"dateTime": "2025-08-27T17:12:40.912Z", "eventType": "input.type", "fullPath": "/main.py", "details": {"fromA": 236, "toA": 236, "fromB": 236, "toB": 237, "inserted": ["3"]}}
{"dateTime": "2025-08-27T17:12:41.666Z", "eventType": "input.type", "fullPath": "/main.py", "details": {"fromA": 237, "toA": 237, "fromB": 237, "toB": 238, "inserted": [" "]}}
{"dateTime": "2025-08-27T17:12:41.811Z", "eventType": "input.type", "fullPath": "/main.py", "details": {"fromA": 238, "toA": 238, "fromB": 238, "toB": 239, "inserted": [","]}}
{"dateTime": "2025-08-27T17:12:42.042Z", "eventType": "input.type", "fullPath": "/main.py", "details": {"fromA": 239, "toA": 239, "fromB": 239, "toB": 240, "inserted": [" "]}}
{"dateTime": "2025-08-27T17:12:42.676Z", "eventType": "input.type", "fullPath": "/main.py", "details": {"fromA": 240, "toA": 240, "fromB": 240, "toB": 241, "inserted": ["2"]}}
{"dateTime": "2025-08-27T17:12:45.085Z", "eventType": "blur", "fullPath": "/main.py"}
{"dateTime": "2025-08-27T17:12:45.568Z", "eventType": "run", "details": {"commit": "e10a977aecc9193107608a1442ad7bc00740b56a"}}
{"dateTime": "2025-08-27T17:12:46.843Z", "eventType": "focus", "fullPath": "/main.py"}
{"dateTime": "2025-08-27T17:12:46.850Z", "eventType": "select.pointer", "fullPath": "/main.py", "details": {"selection": {"from": 212, "to": 212}}}
{"dateTime": "2025-08-27T17:12:48.738Z", "eventType": "select.pointer", "fullPath": "/main.py", "details": {"selection": {"from": 199, "to": 199}}}
{"dateTime": "2025-08-27T17:12:48.979Z", "eventType": "input.type", "fullPath": "/main.py", "details": {"fromA": 199, "toA": 199, "fromB": 199, "toB": 200, "inserted": ["\""]}}
{"dateTime": "2025-08-27T17:12:49.756Z", "eventType": "select.pointer", "fullPath": "/main.py", "details": {"selection": {"from": 213, "to": 213}}}
{"dateTime": "2025-08-27T17:12:49.930Z", "eventType": "input.type", "fullPath": "/main.py", "details": {"fromA": 213, "toA": 213, "fromB": 213, "toB": 214, "inserted": ["\""]}}
{"dateTime": "2025-08-27T17:12:50.995Z", "eventType": "blur", "fullPath": "/main.py"}
{"dateTime": "2025-08-27T17:12:51.350Z", "eventType": "run", "details": {"commit": "159474401fa2b20ea1a8d0b0ee506e26e6dfadb4"}}
{"dateTime": "2025-08-27T17:13:02.156Z", "eventType": "submission", "details": {"correctness": 1, "commit": "159474401fa2b20ea1a8d0b0ee506e26e6dfadb4", "executionTime": 0.01}}
