{"dateTime": "2025-08-28T00:03:28.837Z", "eventType": "select.pointer", "fullPath": "/main.py", "details": {"selection": {"from": 19, "to": 19}}}
{"dateTime": "2025-08-28T00:03:31.107Z", "eventType": "input.type", "fullPath": "/main.py", "details": {"fromA": 19, "toA": 19, "fromB": 19, "toB": 20, "inserted": [" "]}}
{"dateTime": "2025-08-28T00:03:31.572Z", "eventType": "input.type", "fullPath": "/main.py", "details": {"fromA": 20, "toA": 20, "fromB": 20, "toB": 21, "inserted": [" "]}}
{"dateTime": "2025-08-28T00:03:33.529Z", "eventType": "select.pointer", "fullPath": "/main.py", "details": {"selection": {"from": 58, "to": 58}}}
{"dateTime": "2025-08-28T00:03:33.683Z", "eventType": "select.pointer", "fullPath": "/main.py", "details": {"selection": {"from": 58, "to": 58}}}
{"dateTime": "2025-08-28T00:03:33.702Z", "eventType": "select.pointer", "fullPath": "/main.py", "details": {"selection": {"from": 57, "to": 58}}}
{"dateTime": "2025-08-28T00:03:33.968Z", "eventType": "select.pointer", "fullPath": "/main.py", "details": {"selection": {"from": 56, "to": 58}}}
{"dateTime": "2025-08-28T00:03:33.983Z", "eventType": "select.pointer", "fullPath": "/main.py", "details": {"selection": {"from": 55, "to": 58}}}
{"dateTime": "2025-08-28T00:03:34.004Z", "eventType": "select.pointer", "fullPath": "/main.py", "details": {"selection": {"from": 53, "to": 58}}}
{"dateTime": "2025-08-28T00:03:34.030Z", "eventType": "select.pointer", "fullPath": "/main.py", "details": {"selection": {"from": 51, "to": 58}}}
{"dateTime": "2025-08-28T00:03:34.047Z", "eventType": "select.pointer", "fullPath": "/main.py", "details": {"selection": {"from": 49, "to": 58}}}
{"dateTime": "2025-08-28T00:03:34.384Z", "eventType": "select.pointer", "fullPath": "/main.py", "details": {"selection": {"from": 50, "to": 58}}}
{"dateTime": "2025-08-28T00:03:34.918Z", "eventType": "select.pointer", "fullPath": "/main.py", "details": {"selection": {"from": 51, "to": 58}}}
{"dateTime": "2025-08-28T00:03:35.801Z", "eventType": "delete.selection", "fullPath": "/main.py", "details": {"fromA": 51, "toA": 58, "fromB": 51, "toB": 51, "inserted": [""]}}
{"dateTime": "2025-08-28T00:03:36.057Z", "eventType": "input.type", "fullPath": "/main.py", "details": {"fromA": 51, "toA": 51, "fromB": 51, "toB": 52, "inserted": ["p"]}}
{"dateTime": "2025-08-28T00:03:36.329Z", "eventType": "input.type", "fullPath": "/main.py", "details": {"fromA": 52, "toA": 52, "fromB": 52, "toB": 53, "inserted": ["i"]}}
{"dateTime": "2025-08-28T00:03:38.466Z", "eventType": "blur", "fullPath": "/main.py"}
{"dateTime": "2025-08-28T00:03:48.709Z", "eventType": "submission", "details": {"correctness": 1, "commit": "2d9c61246c7a062657a5f32577a247b31766918c", "executionTime": 0.01}}
{"dateTime": "2025-08-28T00:04:11.766Z", "eventType": "focus", "fullPath": "/main.py"}
{"dateTime": "2025-08-28T00:04:11.768Z", "eventType": "select.pointer", "fullPath": "/main.py", "details": {"selection": {"from": 31, "to": 31}}}
{"dateTime": "2025-08-28T00:04:11.933Z", "eventType": "select.pointer", "fullPath": "/main.py", "details": {"selection": {"from": 31, "to": 31}}}
{"dateTime": "2025-08-28T00:04:11.980Z", "eventType": "select.pointer", "fullPath": "/main.py", "details": {"selection": {"from": 30, "to": 31}}}
{"dateTime": "2025-08-28T00:04:12.251Z", "eventType": "select.pointer", "fullPath": "/main.py", "details": {"selection": {"from": 29, "to": 31}}}
{"dateTime": "2025-08-28T00:04:21.695Z", "eventType": "input.type", "fullPath": "/main.py", "details": {"fromA": 29, "toA": 31, "fromB": 29, "toB": 30, "inserted": ["3"]}}
{"dateTime": "2025-08-28T00:04:21.910Z", "eventType": "input.type", "fullPath": "/main.py", "details": {"fromA": 30, "toA": 30, "fromB": 30, "toB": 31, "inserted": ["."]}}
{"dateTime": "2025-08-28T00:04:22.187Z", "eventType": "input.type", "fullPath": "/main.py", "details": {"fromA": 31, "toA": 31, "fromB": 31, "toB": 32, "inserted": ["1"]}}
{"dateTime": "2025-08-28T00:04:22.378Z", "eventType": "input.type", "fullPath": "/main.py", "details": {"fromA": 32, "toA": 32, "fromB": 32, "toB": 33, "inserted": ["4"]}}
{"dateTime": "2025-08-28T00:04:22.521Z", "eventType": "input.type", "fullPath": "/main.py", "details": {"fromA": 33, "toA": 33, "fromB": 33, "toB": 34, "inserted": ["1"]}}
{"dateTime": "2025-08-28T00:04:22.795Z", "eventType": "input.type", "fullPath": "/main.py", "details": {"fromA": 34, "toA": 34, "fromB": 34, "toB": 35, "inserted": ["5"]}}
{"dateTime": "2025-08-28T00:04:23.689Z", "eventType": "input.type", "fullPath": "/main.py", "details": {"fromA": 35, "toA": 35, "fromB": 35, "toB": 36, "inserted": ["2"]}}
{"dateTime": "2025-08-28T00:04:23.976Z", "eventType": "input.type", "fullPath": "/main.py", "details": {"fromA": 36, "toA": 36, "fromB": 36, "toB": 37, "inserted": ["6"]}}
{"dateTime": "2025-08-28T00:04:26.537Z", "eventType": "blur", "fullPath": "/main.py"}
{"dateTime": "2025-08-28T00:04:32.119Z", "eventType": "select.pointer", "fullPath": "/main.py", "details": {"selection": {"from": 37, "to": 37}}}
{"dateTime": "2025-08-28T00:04:32.705Z", "eventType": "delete.backward", "fullPath": "/main.py", "details": {"fromA": 36, "toA": 37, "fromB": 36, "toB": 36, "inserted": [""]}}
{"dateTime": "2025-08-28T00:04:34.569Z", "eventType": "blur", "fullPath": "/main.py"}
{"dateTime": "2025-08-28T00:05:27.903Z", "eventType": "focus", "fullPath": "/main.py"}
{"dateTime": "2025-08-28T00:05:27.908Z", "eventType": "select.pointer", "fullPath": "/main.py", "details": {"selection": {"from": 67, "to": 67}}}
{"dateTime": "2025-08-28T00:05:28.955Z", "eventType": "input", "fullPath": "/main.py", "details": {"fromA": 67, "toA": 67, "fromB": 67, "toB": 68, "inserted": ["", ""]}}
{"dateTime": "2025-08-28T00:05:30.279Z", "eventType": "input.type", "fullPath": "/main.py", "details": {"fromA": 68, "toA": 68, "fromB": 68, "toB": 69, "inserted": ["i"]}}
{"dateTime": "2025-08-28T00:05:30.884Z", "eventType": "input.type", "fullPath": "/main.py", "details": {"fromA": 69, "toA": 69, "fromB": 69, "toB": 70, "inserted": ["m"]}}
{"dateTime": "2025-08-28T00:05:32.344Z", "eventType": "delete.backward", "fullPath": "/main.py", "details": {"fromA": 69, "toA": 70, "fromB": 69, "toB": 69, "inserted": [""]}}
{"dateTime": "2025-08-28T00:05:32.552Z", "eventType": "delete.backward", "fullPath": "/main.py", "details": {"fromA": 68, "toA": 69, "fromB": 68, "toB": 68, "inserted": [""]}}
{"dateTime": "2025-08-28T00:05:34.322Z", "eventType": "select.pointer", "fullPath": "/main.py", "details": {"selection": {"from": 1, "to": 1}}}
{"dateTime": "2025-08-28T00:05:35.446Z", "eventType": "select", "fullPath": "/main.py", "details": {"selection": {"from": 0, "to": 0}}}
{"dateTime": "2025-08-28T00:05:35.730Z", "eventType": "input", "fullPath": "/main.py", "details": {"fromA": 0, "toA": 0, "fromB": 0, "toB": 1, "inserted": ["", ""]}}
{"dateTime": "2025-08-28T00:05:36.885Z", "eventType": "select", "fullPath": "/main.py", "details": {"selection": {"from": 0, "to": 0}}}
{"dateTime": "2025-08-28T00:05:37.518Z", "eventType": "input.type", "fullPath": "/main.py", "details": {"fromA": 0, "toA": 0, "fromB": 0, "toB": 1, "inserted": ["i"]}}
{"dateTime": "2025-08-28T00:05:37.716Z", "eventType": "input.type", "fullPath": "/main.py", "details": {"fromA": 1, "toA": 1, "fromB": 1, "toB": 2, "inserted": ["m"]}}
{"dateTime": "2025-08-28T00:05:38.018Z", "eventType": "delete.backward", "fullPath": "/main.py", "details": {"fromA": 1, "toA": 2, "fromB": 1, "toB": 1, "inserted": [""]}}
{"dateTime": "2025-08-28T00:05:38.209Z", "eventType": "delete.backward", "fullPath": "/main.py", "details": {"fromA": 0, "toA": 1, "fromB": 0, "toB": 0, "inserted": [""]}}
{"dateTime": "2025-08-28T00:05:38.610Z", "eventType": "input.type", "fullPath": "/main.py", "details": {"fromA": 0, "toA": 0, "fromB": 0, "toB": 1, "inserted": ["f"]}}
{"dateTime": "2025-08-28T00:05:38.706Z", "eventType": "input.type", "fullPath": "/main.py", "details": {"fromA": 1, "toA": 1, "fromB": 1, "toB": 2, "inserted": ["r"]}}
{"dateTime": "2025-08-28T00:05:38.775Z", "eventType": "input.type", "fullPath": "/main.py", "details": {"fromA": 2, "toA": 2, "fromB": 2, "toB": 3, "inserted": ["o"]}}
{"dateTime": "2025-08-28T00:05:40.610Z", "eventType": "input.type", "fullPath": "/main.py", "details": {"fromA": 3, "toA": 3, "fromB": 3, "toB": 4, "inserted": ["m"]}}
{"dateTime": "2025-08-28T00:05:44.407Z", "eventType": "input.type", "fullPath": "/main.py", "details": {"fromA": 4, "toA": 4, "fromB": 4, "toB": 5, "inserted": [" "]}}
{"dateTime": "2025-08-28T00:05:44.593Z", "eventType": "input.type", "fullPath": "/main.py", "details": {"fromA": 5, "toA": 5, "fromB": 5, "toB": 6, "inserted": ["m"]}}
{"dateTime": "2025-08-28T00:05:44.892Z", "eventType": "input.type", "fullPath": "/main.py", "details": {"fromA": 6, "toA": 6, "fromB": 6, "toB": 7, "inserted": ["a"]}}
{"dateTime": "2025-08-28T00:05:45.575Z", "eventType": "input.type", "fullPath": "/main.py", "details": {"fromA": 7, "toA": 7, "fromB": 7, "toB": 8, "inserted": ["t"]}}
{"dateTime": "2025-08-28T00:05:45.720Z", "eventType": "input.type", "fullPath": "/main.py", "details": {"fromA": 8, "toA": 8, "fromB": 8, "toB": 9, "inserted": ["h"]}}
{"dateTime": "2025-08-28T00:05:49.103Z", "eventType": "input.type", "fullPath": "/main.py", "details": {"fromA": 9, "toA": 9, "fromB": 9, "toB": 10, "inserted": [" "]}}
{"dateTime": "2025-08-28T00:05:49.655Z", "eventType": "input.type", "fullPath": "/main.py", "details": {"fromA": 10, "toA": 10, "fromB": 10, "toB": 11, "inserted": ["i"]}}
{"dateTime": "2025-08-28T00:05:49.892Z", "eventType": "input.type", "fullPath": "/main.py", "details": {"fromA": 11, "toA": 11, "fromB": 11, "toB": 12, "inserted": ["m"]}}
{"dateTime": "2025-08-28T00:05:50.306Z", "eventType": "input.type", "fullPath": "/main.py", "details": {"fromA": 12, "toA": 12, "fromB": 12, "toB": 13, "inserted": ["p"]}}
{"dateTime": "2025-08-28T00:05:50.760Z", "eventType": "input.type", "fullPath": "/main.py", "details": {"fromA": 13, "toA": 13, "fromB": 13, "toB": 14, "inserted": ["o"]}}
{"dateTime": "2025-08-28T00:05:51.185Z", "eventType": "input.type", "fullPath": "/main.py", "details": {"fromA": 14, "toA": 14, "fromB": 14, "toB": 15, "inserted": ["r"]}}
{"dateTime": "2025-08-28T00:05:51.448Z", "eventType": "input.type", "fullPath": "/main.py", "details": {"fromA": 15, "toA": 15, "fromB": 15, "toB": 16, "inserted": ["t"]}}
{"dateTime": "2025-08-28T00:05:52.273Z", "eventType": "input.type", "fullPath": "/main.py", "details": {"fromA": 16, "toA": 16, "fromB": 16, "toB": 17, "inserted": [" "]}}
{"dateTime": "2025-08-28T00:05:55.223Z", "eventType": "input.type", "fullPath": "/main.py", "details": {"fromA": 17, "toA": 17, "fromB": 17, "toB": 18, "inserted": ["o"]}}
{"dateTime": "2025-08-28T00:05:55.576Z", "eventType": "delete.backward", "fullPath": "/main.py", "details": {"fromA": 17, "toA": 18, "fromB": 17, "toB": 17, "inserted": [""]}}
{"dateTime": "2025-08-28T00:05:55.833Z", "eventType": "input.type", "fullPath": "/main.py", "details": {"fromA": 17, "toA": 17, "fromB": 17, "toB": 18, "inserted": ["p"]}}
{"dateTime": "2025-08-28T00:05:56.019Z", "eventType": "input.type", "fullPath": "/main.py", "details": {"fromA": 18, "toA": 18, "fromB": 18, "toB": 19, "inserted": ["i"]}}
