{"dateTime": "2025-08-21T12:16:16.754Z", "eventType": "input.type", "fullPath": "/main.py", "details": {"fromA": 49, "toA": 49, "fromB": 49, "toB": 50, "inserted": ["2"]}}
{"dateTime": "2025-08-21T12:16:19.756Z", "eventType": "blur", "fullPath": "/main.py"}
{"dateTime": "2025-08-21T12:16:35.416Z", "eventType": "submission", "details": {"correctness": 1, "commit": "6ad17f1eda8e65f279d7b99b866eaa1246b3b4ac", "executionTime": 0.01}}
{"dateTime": "2025-08-21T12:17:17.651Z", "eventType": "focus", "fullPath": "/main.py"}
{"dateTime": "2025-08-21T12:17:17.656Z", "eventType": "select.pointer", "fullPath": "/main.py", "details": {"selection": {"from": 0, "to": 0}}}
{"dateTime": "2025-08-21T12:17:52.573Z", "eventType": "input.type", "fullPath": "/main.py", "details": {"fromA": 0, "toA": 0, "fromB": 0, "toB": 1, "inserted": ["C"]}}
{"dateTime": "2025-08-21T12:17:53.805Z", "eventType": "input.type", "fullPath": "/main.py", "details": {"fromA": 1, "toA": 1, "fromB": 1, "toB": 2, "inserted": ["="]}}
{"dateTime": "2025-08-21T12:17:54.378Z", "eventType": "delete.backward", "fullPath": "/main.py", "details": {"fromA": 1, "toA": 2, "fromB": 1, "toB": 1, "inserted": [""]}}
{"dateTime": "2025-08-21T12:17:54.747Z", "eventType": "input.type", "fullPath": "/main.py", "details": {"fromA": 1, "toA": 1, "fromB": 1, "toB": 2, "inserted": [" "]}}
{"dateTime": "2025-08-21T12:17:54.891Z", "eventType": "input.type", "fullPath": "/main.py", "details": {"fromA": 2, "toA": 2, "fromB": 2, "toB": 3, "inserted": ["="]}}
{"dateTime": "2025-08-21T12:17:55.084Z", "eventType": "input.type", "fullPath": "/main.py", "details": {"fromA": 3, "toA": 3, "fromB": 3, "toB": 4, "inserted": [" "]}}
{"dateTime": "2025-08-21T12:17:56.091Z", "eventType": "input.type", "fullPath": "/main.py", "details": {"fromA": 4, "toA": 4, "fromB": 4, "toB": 5, "inserted": ["i"]}}
{"dateTime": "2025-08-21T12:17:56.473Z", "eventType": "input.type", "fullPath": "/main.py", "details": {"fromA": 5, "toA": 5, "fromB": 5, "toB": 6, "inserted": ["n"]}}
{"dateTime": "2025-08-21T12:17:56.697Z", "eventType": "input.type", "fullPath": "/main.py", "details": {"fromA": 6, "toA": 6, "fromB": 6, "toB": 7, "inserted": ["t"]}}
{"dateTime": "2025-08-21T12:17:58.041Z", "eventType": "delete.backward", "fullPath": "/main.py", "details": {"fromA": 6, "toA": 7, "fromB": 6, "toB": 6, "inserted": [""]}}
{"dateTime": "2025-08-21T12:17:58.264Z", "eventType": "delete.backward", "fullPath": "/main.py", "details": {"fromA": 5, "toA": 6, "fromB": 5, "toB": 5, "inserted": [""]}}
{"dateTime": "2025-08-21T12:18:01.099Z", "eventType": "delete.backward", "fullPath": "/main.py", "details": {"fromA": 4, "toA": 5, "fromB": 4, "toB": 4, "inserted": [""]}}
{"dateTime": "2025-08-21T12:18:02.252Z", "eventType": "input.type", "fullPath": "/main.py", "details": {"fromA": 4, "toA": 4, "fromB": 4, "toB": 5, "inserted": ["f"]}}
{"dateTime": "2025-08-21T12:18:02.472Z", "eventType": "input.type", "fullPath": "/main.py", "details": {"fromA": 5, "toA": 5, "fromB": 5, "toB": 6, "inserted": ["l"]}}
{"dateTime": "2025-08-21T12:18:02.720Z", "eventType": "input.type", "fullPath": "/main.py", "details": {"fromA": 6, "toA": 6, "fromB": 6, "toB": 7, "inserted": ["o"]}}
{"dateTime": "2025-08-21T12:18:02.830Z", "eventType": "input.type", "fullPath": "/main.py", "details": {"fromA": 7, "toA": 7, "fromB": 7, "toB": 8, "inserted": ["a"]}}
{"dateTime": "2025-08-21T12:18:02.990Z", "eventType": "input.type", "fullPath": "/main.py", "details": {"fromA": 8, "toA": 8, "fromB": 8, "toB": 9, "inserted": ["t"]}}
{"dateTime": "2025-08-21T12:18:04.300Z", "eventType": "input.type", "fullPath": "/main.py", "details": {"fromA": 9, "toA": 9, "fromB": 9, "toB": 10, "inserted": ["9"]}}
{"dateTime": "2025-08-21T12:18:04.827Z", "eventType": "input.type", "fullPath": "/main.py", "details": {"fromA": 10, "toA": 10, "fromB": 10, "toB": 11, "inserted": ["i"]}}
{"dateTime": "2025-08-21T12:18:05.369Z", "eventType": "delete.backward", "fullPath": "/main.py", "details": {"fromA": 10, "toA": 11, "fromB": 10, "toB": 10, "inserted": [""]}}
{"dateTime": "2025-08-21T12:18:05.546Z", "eventType": "delete.backward", "fullPath": "/main.py", "details": {"fromA": 9, "toA": 10, "fromB": 9, "toB": 9, "inserted": [""]}}
{"dateTime": "2025-08-21T12:18:06.347Z", "eventType": "input.type", "fullPath": "/main.py", "details": {"fromA": 9, "toA": 9, "fromB": 9, "toB": 11, "inserted": ["()"]}}
{"dateTime": "2025-08-21T12:18:06.668Z", "eventType": "input.type", "fullPath": "/main.py", "details": {"fromA": 10, "toA": 10, "fromB": 10, "toB": 11, "inserted": ["i"]}}
{"dateTime": "2025-08-21T12:18:06.858Z", "eventType": "input.type", "fullPath": "/main.py", "details": {"fromA": 11, "toA": 11, "fromB": 11, "toB": 12, "inserted": ["n"]}}
{"dateTime": "2025-08-21T12:18:07.096Z", "eventType": "input.type", "fullPath": "/main.py", "details": {"fromA": 12, "toA": 12, "fromB": 12, "toB": 13, "inserted": ["p"]}}
{"dateTime": "2025-08-21T12:18:07.805Z", "eventType": "input.type", "fullPath": "/main.py", "details": {"fromA": 13, "toA": 13, "fromB": 13, "toB": 14, "inserted": ["u"]}}
{"dateTime": "2025-08-21T12:18:08.079Z", "eventType": "input.type", "fullPath": "/main.py", "details": {"fromA": 14, "toA": 14, "fromB": 14, "toB": 15, "inserted": ["t"]}}
{"dateTime": "2025-08-21T12:18:08.892Z", "eventType": "input.type", "fullPath": "/main.py", "details": {"fromA": 15, "toA": 15, "fromB": 15, "toB": 17, "inserted": ["()"]}}
{"dateTime": "2025-08-21T12:18:11.164Z", "eventType": "select.pointer", "fullPath": "/main.py", "details": {"selection": {"from": 0, "to": 0}}}
{"dateTime": "2025-08-21T12:18:12.940Z", "eventType": "select.pointer", "fullPath": "/main.py", "details": {"selection": {"from": 18, "to": 18}}}
{"dateTime": "2025-08-21T12:18:17.191Z", "eventType": "input", "fullPath": "/main.py", "details": {"fromA": 18, "toA": 18, "fromB": 18, "toB": 19, "inserted": ["", ""]}}
{"dateTime": "2025-08-21T12:20:36.078Z", "eventType": "input", "fullPath": "/main.py", "details": {"fromA": 19, "toA": 19, "fromB": 19, "toB": 20, "inserted": ["", ""]}}
{"dateTime": "2025-08-21T12:20:44.319Z", "eventType": "input.type", "fullPath": "/main.py", "details": {"fromA": 20, "toA": 20, "fromB": 20, "toB": 21, "inserted": ["F"]}}
{"dateTime": "2025-08-21T12:20:45.641Z", "eventType": "input.type", "fullPath": "/main.py", "details": {"fromA": 21, "toA": 21, "fromB": 21, "toB": 22, "inserted": [" "]}}
{"dateTime": "2025-08-21T12:20:46.063Z", "eventType": "input.type", "fullPath": "/main.py", "details": {"fromA": 22, "toA": 22, "fromB": 22, "toB": 23, "inserted": ["="]}}
{"dateTime": "2025-08-21T12:20:46.638Z", "eventType": "input.type", "fullPath": "/main.py", "details": {"fromA": 23, "toA": 23, "fromB": 23, "toB": 24, "inserted": [" "]}}
{"dateTime": "2025-08-21T12:20:49.950Z", "eventType": "input.type", "fullPath": "/main.py", "details": {"fromA": 24, "toA": 24, "fromB": 24, "toB": 25, "inserted": ["C"]}}
{"dateTime": "2025-08-21T12:20:53.534Z", "eventType": "input.type", "fullPath": "/main.py", "details": {"fromA": 25, "toA": 25, "fromB": 25, "toB": 26, "inserted": ["*"]}}
{"dateTime": "2025-08-21T12:20:56.255Z", "eventType": "input.type", "fullPath": "/main.py", "details": {"fromA": 26, "toA": 26, "fromB": 26, "toB": 27, "inserted": ["9"]}}
{"dateTime": "2025-08-21T12:21:02.719Z", "eventType": "input.type", "fullPath": "/main.py", "details": {"fromA": 27, "toA": 27, "fromB": 27, "toB": 28, "inserted": ["/"]}}
{"dateTime": "2025-08-21T12:21:03.152Z", "eventType": "input.type", "fullPath": "/main.py", "details": {"fromA": 28, "toA": 28, "fromB": 28, "toB": 29, "inserted": ["5"]}}
{"dateTime": "2025-08-21T12:21:07.647Z", "eventType": "input.type", "fullPath": "/main.py", "details": {"fromA": 29, "toA": 29, "fromB": 29, "toB": 30, "inserted": ["+"]}}
{"dateTime": "2025-08-21T12:21:11.423Z", "eventType": "input.type", "fullPath": "/main.py", "details": {"fromA": 30, "toA": 30, "fromB": 30, "toB": 31, "inserted": ["3"]}}
{"dateTime": "2025-08-21T12:21:11.551Z", "eventType": "input.type", "fullPath": "/main.py", "details": {"fromA": 31, "toA": 31, "fromB": 31, "toB": 32, "inserted": ["2"]}}
{"dateTime": "2025-08-21T12:21:17.376Z", "eventType": "input", "fullPath": "/main.py", "details": {"fromA": 32, "toA": 32, "fromB": 32, "toB": 33, "inserted": ["", ""]}}
{"dateTime": "2025-08-21T12:21:18.126Z", "eventType": "input", "fullPath": "/main.py", "details": {"fromA": 33, "toA": 33, "fromB": 33, "toB": 34, "inserted": ["", ""]}}
{"dateTime": "2025-08-21T12:21:20.447Z", "eventType": "input.type", "fullPath": "/main.py", "details": {"fromA": 34, "toA": 34, "fromB": 34, "toB": 35, "inserted": ["p"]}}
{"dateTime": "2025-08-21T12:21:20.705Z", "eventType": "input.type", "fullPath": "/main.py", "details": {"fromA": 35, "toA": 35, "fromB": 35, "toB": 36, "inserted": ["r"]}}
{"dateTime": "2025-08-21T12:21:20.849Z", "eventType": "input.type", "fullPath": "/main.py", "details": {"fromA": 36, "toA": 36, "fromB": 36, "toB": 37, "inserted": ["i"]}}
{"dateTime": "2025-08-21T12:21:21.282Z", "eventType": "input.type", "fullPath": "/main.py", "details": {"fromA": 37, "toA": 37, "fromB": 37, "toB": 38, "inserted": ["n"]}}
{"dateTime": "2025-08-21T12:21:21.456Z", "eventType": "input.type", "fullPath": "/main.py", "details": {"fromA": 38, "toA": 38, "fromB": 38, "toB": 39, "inserted": ["t"]}}
{"dateTime": "2025-08-21T12:21:26.752Z", "eventType": "input.type", "fullPath": "/main.py", "details": {"fromA": 39, "toA": 39, "fromB": 39, "toB": 41, "inserted": ["()"]}}
{"dateTime": "2025-08-21T12:21:27.184Z", "eventType": "input.type", "fullPath": "/main.py", "details": {"fromA": 40, "toA": 40, "fromB": 40, "toB": 41, "inserted": ["r"]}}
{"dateTime": "2025-08-21T12:21:28.083Z", "eventType": "input.type", "fullPath": "/main.py", "details": {"fromA": 41, "toA": 41, "fromB": 41, "toB": 42, "inserted": ["o"]}}
{"dateTime": "2025-08-21T12:21:28.364Z", "eventType": "input.type", "fullPath": "/main.py", "details": {"fromA": 42, "toA": 42, "fromB": 42, "toB": 43, "inserted": ["u"]}}
{"dateTime": "2025-08-21T12:21:28.562Z", "eventType": "input.type", "fullPath": "/main.py", "details": {"fromA": 43, "toA": 43, "fromB": 43, "toB": 44, "inserted": ["n"]}}
{"dateTime": "2025-08-21T12:21:28.704Z", "eventType": "input.type", "fullPath": "/main.py", "details": {"fromA": 44, "toA": 44, "fromB": 44, "toB": 45, "inserted": ["d"]}}
{"dateTime": "2025-08-21T12:21:31.515Z", "eventType": "input.type", "fullPath": "/main.py", "details": {"fromA": 45, "toA": 45, "fromB": 45, "toB": 47, "inserted": ["()"]}}
{"dateTime": "2025-08-21T12:21:33.823Z", "eventType": "input.type", "fullPath": "/main.py", "details": {"fromA": 46, "toA": 46, "fromB": 46, "toB": 47, "inserted": ["D"]}}
{"dateTime": "2025-08-21T12:21:34.414Z", "eventType": "delete.backward", "fullPath": "/main.py", "details": {"fromA": 46, "toA": 47, "fromB": 46, "toB": 46, "inserted": [""]}}
{"dateTime": "2025-08-21T12:21:34.655Z", "eventType": "input.type", "fullPath": "/main.py", "details": {"fromA": 46, "toA": 46, "fromB": 46, "toB": 47, "inserted": ["f"]}}
{"dateTime": "2025-08-21T12:21:35.647Z", "eventType": "delete.backward", "fullPath": "/main.py", "details": {"fromA": 46, "toA": 47, "fromB": 46, "toB": 46, "inserted": [""]}}
{"dateTime": "2025-08-21T12:21:35.871Z", "eventType": "input.type", "fullPath": "/main.py", "details": {"fromA": 46, "toA": 46, "fromB": 46, "toB": 47, "inserted": ["F"]}}
{"dateTime": "2025-08-21T12:21:37.387Z", "eventType": "input.type", "fullPath": "/main.py", "details": {"fromA": 47, "toA": 47, "fromB": 47, "toB": 48, "inserted": [","]}}
{"dateTime": "2025-08-21T12:21:37.711Z", "eventType": "input.type", "fullPath": "/main.py", "details": {"fromA": 48, "toA": 48, "fromB": 48, "toB": 49, "inserted": [" "]}}
