{"dateTime": "2025-08-28T17:21:25.486Z", "eventType": "input.type", "fullPath": "/main.py", "details": {"fromA": 62, "toA": 63, "fromB": 62, "toB": 63, "inserted": ["0"]}}
{"dateTime": "2025-08-28T17:21:26.506Z", "eventType": "select.pointer", "fullPath": "/main.py", "details": {"selection": {"from": 70, "to": 70}}}
{"dateTime": "2025-08-28T17:21:26.715Z", "eventType": "select.pointer", "fullPath": "/main.py", "details": {"selection": {"from": 70, "to": 70}}}
{"dateTime": "2025-08-28T17:21:26.807Z", "eventType": "select.pointer", "fullPath": "/main.py", "details": {"selection": {"from": 69, "to": 70}}}
{"dateTime": "2025-08-28T17:21:27.217Z", "eventType": "input.type", "fullPath": "/main.py", "details": {"fromA": 69, "toA": 70, "fromB": 69, "toB": 70, "inserted": ["0"]}}
{"dateTime": "2025-08-28T17:21:28.364Z", "eventType": "select.pointer", "fullPath": "/main.py", "details": {"selection": {"from": 78, "to": 78}}}
{"dateTime": "2025-08-28T17:21:29.142Z", "eventType": "select.pointer", "fullPath": "/main.py", "details": {"selection": {"from": 77, "to": 78}}}
{"dateTime": "2025-08-28T17:21:29.773Z", "eventType": "delete.selection", "fullPath": "/main.py", "details": {"fromA": 77, "toA": 78, "fromB": 77, "toB": 77, "inserted": [""]}}
{"dateTime": "2025-08-28T17:21:29.950Z", "eventType": "delete.backward", "fullPath": "/main.py", "details": {"fromA": 76, "toA": 77, "fromB": 76, "toB": 76, "inserted": [""]}}
{"dateTime": "2025-08-28T17:21:31.613Z", "eventType": "blur", "fullPath": "/main.py"}
{"dateTime": "2025-08-28T17:21:48.457Z", "eventType": "submission", "details": {"correctness": 1, "commit": "90d7f09e1e52590d56eab7c2c2f4e254b215f26b", "executionTime": 0.01}}
{"dateTime": "2025-08-28T17:21:53.400Z", "eventType": "focus", "fullPath": "/main.py"}
{"dateTime": "2025-08-28T17:21:53.411Z", "eventType": "select.pointer", "fullPath": "/main.py", "details": {"selection": {"from": 0, "to": 0}}}
{"dateTime": "2025-08-28T17:22:08.355Z", "eventType": "blur", "fullPath": "/main.py"}
{"dateTime": "2025-08-28T17:22:15.663Z", "eventType": "focus", "fullPath": "/main.py"}
{"dateTime": "2025-08-28T17:22:15.665Z", "eventType": "select.pointer", "fullPath": "/main.py", "details": {"selection": {"from": 0, "to": 0}}}
{"dateTime": "2025-08-28T17:22:16.476Z", "eventType": "input.type", "fullPath": "/main.py", "details": {"fromA": 0, "toA": 0, "fromB": 0, "toB": 1, "inserted": ["a"]}}
{"dateTime": "2025-08-28T17:22:18.745Z", "eventType": "input.type", "fullPath": "/main.py", "details": {"fromA": 1, "toA": 1, "fromB": 1, "toB": 2, "inserted": ["="]}}
{"dateTime": "2025-08-28T17:22:19.272Z", "eventType": "input.type", "fullPath": "/main.py", "details": {"fromA": 2, "toA": 2, "fromB": 2, "toB": 3, "inserted": ["f"]}}
{"dateTime": "2025-08-28T17:22:19.412Z", "eventType": "input.type", "fullPath": "/main.py", "details": {"fromA": 3, "toA": 3, "fromB": 3, "toB": 4, "inserted": ["l"]}}
{"dateTime": "2025-08-28T17:22:19.597Z", "eventType": "input.type", "fullPath": "/main.py", "details": {"fromA": 4, "toA": 4, "fromB": 4, "toB": 5, "inserted": ["o"]}}
{"dateTime": "2025-08-28T17:22:19.688Z", "eventType": "input.type", "fullPath": "/main.py", "details": {"fromA": 5, "toA": 5, "fromB": 5, "toB": 6, "inserted": ["a"]}}
{"dateTime": "2025-08-28T17:22:19.840Z", "eventType": "input.type", "fullPath": "/main.py", "details": {"fromA": 6, "toA": 6, "fromB": 6, "toB": 7, "inserted": ["t"]}}
{"dateTime": "2025-08-28T17:22:20.771Z", "eventType": "input.type", "fullPath": "/main.py", "details": {"fromA": 7, "toA": 7, "fromB": 7, "toB": 9, "inserted": ["()"]}}
{"dateTime": "2025-08-28T17:22:21.391Z", "eventType": "input.type", "fullPath": "/main.py", "details": {"fromA": 8, "toA": 8, "fromB": 8, "toB": 9, "inserted": ["i"]}}
{"dateTime": "2025-08-28T17:22:21.597Z", "eventType": "input.type", "fullPath": "/main.py", "details": {"fromA": 9, "toA": 9, "fromB": 9, "toB": 10, "inserted": ["n"]}}
{"dateTime": "2025-08-28T17:22:21.749Z", "eventType": "input.type", "fullPath": "/main.py", "details": {"fromA": 10, "toA": 10, "fromB": 10, "toB": 11, "inserted": ["p"]}}
{"dateTime": "2025-08-28T17:22:21.984Z", "eventType": "input.type", "fullPath": "/main.py", "details": {"fromA": 11, "toA": 11, "fromB": 11, "toB": 12, "inserted": ["u"]}}
{"dateTime": "2025-08-28T17:22:22.148Z", "eventType": "input.type", "fullPath": "/main.py", "details": {"fromA": 12, "toA": 12, "fromB": 12, "toB": 13, "inserted": ["t"]}}
{"dateTime": "2025-08-28T17:22:22.523Z", "eventType": "input.type", "fullPath": "/main.py", "details": {"fromA": 13, "toA": 13, "fromB": 13, "toB": 14, "inserted": ["*"]}}
{"dateTime": "2025-08-28T17:22:22.550Z", "eventType": "input.type", "fullPath": "/main.py", "details": {"fromA": 14, "toA": 14, "fromB": 14, "toB": 16, "inserted": ["()"]}}
{"dateTime": "2025-08-28T17:22:23.085Z", "eventType": "delete.backward", "fullPath": "/main.py", "details": {"fromA": 14, "toA": 16, "fromB": 14, "toB": 14, "inserted": [""]}}
{"dateTime": "2025-08-28T17:22:23.274Z", "eventType": "delete.backward", "fullPath": "/main.py", "details": {"fromA": 13, "toA": 14, "fromB": 13, "toB": 13, "inserted": [""]}}
{"dateTime": "2025-08-28T17:22:24.439Z", "eventType": "input.type", "fullPath": "/main.py", "details": {"fromA": 13, "toA": 13, "fromB": 13, "toB": 15, "inserted": ["()"]}}
{"dateTime": "2025-08-28T17:22:25.235Z", "eventType": "select", "fullPath": "/main.py", "details": {"selection": {"from": 15, "to": 15}}}
{"dateTime": "2025-08-28T17:22:25.344Z", "eventType": "select", "fullPath": "/main.py", "details": {"selection": {"from": 16, "to": 16}}}
{"dateTime": "2025-08-28T17:22:25.786Z", "eventType": "input", "fullPath": "/main.py", "details": {"fromA": 16, "toA": 16, "fromB": 16, "toB": 17, "inserted": ["", ""]}}
{"dateTime": "2025-08-28T17:22:26.683Z", "eventType": "input.type", "fullPath": "/main.py", "details": {"fromA": 17, "toA": 17, "fromB": 17, "toB": 18, "inserted": ["b"]}}
{"dateTime": "2025-08-28T17:22:27.413Z", "eventType": "input.type", "fullPath": "/main.py", "details": {"fromA": 18, "toA": 18, "fromB": 18, "toB": 19, "inserted": ["="]}}
{"dateTime": "2025-08-28T17:22:27.933Z", "eventType": "input.type", "fullPath": "/main.py", "details": {"fromA": 19, "toA": 19, "fromB": 19, "toB": 20, "inserted": ["f"]}}
{"dateTime": "2025-08-28T17:22:28.100Z", "eventType": "input.type", "fullPath": "/main.py", "details": {"fromA": 20, "toA": 20, "fromB": 20, "toB": 21, "inserted": ["l"]}}
{"dateTime": "2025-08-28T17:22:28.328Z", "eventType": "input.type", "fullPath": "/main.py", "details": {"fromA": 21, "toA": 21, "fromB": 21, "toB": 22, "inserted": ["o"]}}
{"dateTime": "2025-08-28T17:22:28.452Z", "eventType": "input.type", "fullPath": "/main.py", "details": {"fromA": 22, "toA": 22, "fromB": 22, "toB": 23, "inserted": ["a"]}}
{"dateTime": "2025-08-28T17:22:28.601Z", "eventType": "input.type", "fullPath": "/main.py", "details": {"fromA": 23, "toA": 23, "fromB": 23, "toB": 24, "inserted": ["t"]}}
{"dateTime": "2025-08-28T17:22:29.917Z", "eventType": "input.type", "fullPath": "/main.py", "details": {"fromA": 24, "toA": 24, "fromB": 24, "toB": 26, "inserted": ["()"]}}
{"dateTime": "2025-08-28T17:22:30.255Z", "eventType": "input.type", "fullPath": "/main.py", "details": {"fromA": 25, "toA": 25, "fromB": 25, "toB": 26, "inserted": ["i"]}}
{"dateTime": "2025-08-28T17:22:30.447Z", "eventType": "input.type", "fullPath": "/main.py", "details": {"fromA": 26, "toA": 26, "fromB": 26, "toB": 27, "inserted": ["n"]}}
{"dateTime": "2025-08-28T17:22:30.677Z", "eventType": "input.type", "fullPath": "/main.py", "details": {"fromA": 27, "toA": 27, "fromB": 27, "toB": 28, "inserted": ["p"]}}
{"dateTime": "2025-08-28T17:22:30.904Z", "eventType": "input.type", "fullPath": "/main.py", "details": {"fromA": 28, "toA": 28, "fromB": 28, "toB": 29, "inserted": ["u"]}}
{"dateTime": "2025-08-28T17:22:31.067Z", "eventType": "input.type", "fullPath": "/main.py", "details": {"fromA": 29, "toA": 29, "fromB": 29, "toB": 30, "inserted": ["t"]}}
{"dateTime": "2025-08-28T17:22:32.323Z", "eventType": "input.type", "fullPath": "/main.py", "details": {"fromA": 30, "toA": 30, "fromB": 30, "toB": 32, "inserted": ["()"]}}
{"dateTime": "2025-08-28T17:22:33.388Z", "eventType": "select", "fullPath": "/main.py", "details": {"selection": {"from": 32, "to": 32}}}
{"dateTime": "2025-08-28T17:22:33.563Z", "eventType": "select", "fullPath": "/main.py", "details": {"selection": {"from": 33, "to": 33}}}
{"dateTime": "2025-08-28T17:22:34.109Z", "eventType": "input", "fullPath": "/main.py", "details": {"fromA": 33, "toA": 33, "fromB": 33, "toB": 34, "inserted": ["", ""]}}
{"dateTime": "2025-08-28T17:22:34.449Z", "eventType": "input.type", "fullPath": "/main.py", "details": {"fromA": 34, "toA": 34, "fromB": 34, "toB": 35, "inserted": ["c"]}}
{"dateTime": "2025-08-28T17:22:35.658Z", "eventType": "input.type", "fullPath": "/main.py", "details": {"fromA": 35, "toA": 35, "fromB": 35, "toB": 36, "inserted": ["="]}}
{"dateTime": "2025-08-28T17:22:36.070Z", "eventType": "input.type", "fullPath": "/main.py", "details": {"fromA": 36, "toA": 36, "fromB": 36, "toB": 37, "inserted": ["f"]}}
{"dateTime": "2025-08-28T17:22:36.197Z", "eventType": "input.type", "fullPath": "/main.py", "details": {"fromA": 37, "toA": 37, "fromB": 37, "toB": 38, "inserted": ["l"]}}
{"dateTime": "2025-08-28T17:22:36.365Z", "eventType": "input.type", "fullPath": "/main.py", "details": {"fromA": 38, "toA": 38, "fromB": 38, "toB": 39, "inserted": ["o"]}}
{"dateTime": "2025-08-28T17:22:36.414Z", "eventType": "input.type", "fullPath": "/main.py", "details": {"fromA": 39, "toA": 39, "fromB": 39, "toB": 40, "inserted": ["a"]}}
{"dateTime": "2025-08-28T17:22:36.588Z", "eventType": "input.type", "fullPath": "/main.py", "details": {"fromA": 40, "toA": 40, "fromB": 40, "toB": 41, "inserted": ["t"]}}
{"dateTime": "2025-08-28T17:22:37.896Z", "eventType": "input.type", "fullPath": "/main.py", "details": {"fromA": 41, "toA": 41, "fromB": 41, "toB": 43, "inserted": ["()"]}}
{"dateTime": "2025-08-28T17:22:38.243Z", "eventType": "input.type", "fullPath": "/main.py", "details": {"fromA": 42, "toA": 42, "fromB": 42, "toB": 43, "inserted": ["i"]}}
{"dateTime": "2025-08-28T17:22:38.442Z", "eventType": "input.type", "fullPath": "/main.py", "details": {"fromA": 43, "toA": 43, "fromB": 43, "toB": 44, "inserted": ["n"]}}
{"dateTime": "2025-08-28T17:22:38.649Z", "eventType": "input.type", "fullPath": "/main.py", "details": {"fromA": 44, "toA": 44, "fromB": 44, "toB": 45, "inserted": ["p"]}}
{"dateTime": "2025-08-28T17:22:38.880Z", "eventType": "input.type", "fullPath": "/main.py", "details": {"fromA": 45, "toA": 45, "fromB": 45, "toB": 46, "inserted": ["u"]}}
{"dateTime": "2025-08-28T17:22:39.033Z", "eventType": "input.type", "fullPath": "/main.py", "details": {"fromA": 46, "toA": 46, "fromB": 46, "toB": 47, "inserted": ["t"]}}
{"dateTime": "2025-08-28T17:22:39.409Z", "eventType": "input.type", "fullPath": "/main.py", "details": {"fromA": 47, "toA": 47, "fromB": 47, "toB": 49, "inserted": ["()"]}}
{"dateTime": "2025-08-28T17:22:40.102Z", "eventType": "select", "fullPath": "/main.py", "details": {"selection": {"from": 49, "to": 49}}}
{"dateTime": "2025-08-28T17:22:40.245Z", "eventType": "select", "fullPath": "/main.py", "details": {"selection": {"from": 50, "to": 50}}}
{"dateTime": "2025-08-28T17:22:40.645Z", "eventType": "input", "fullPath": "/main.py", "details": {"fromA": 50, "toA": 50, "fromB": 50, "toB": 51, "inserted": ["", ""]}}
{"dateTime": "2025-08-28T17:22:40.852Z", "eventType": "input", "fullPath": "/main.py", "details": {"fromA": 51, "toA": 51, "fromB": 51, "toB": 52, "inserted": ["", ""]}}
{"dateTime": "2025-08-28T17:22:42.921Z", "eventType": "input.type", "fullPath": "/main.py", "details": {"fromA": 52, "toA": 52, "fromB": 52, "toB": 53, "inserted": ["d"]}}
{"dateTime": "2025-08-28T17:22:45.981Z", "eventType": "input.type", "fullPath": "/main.py", "details": {"fromA": 53, "toA": 53, "fromB": 53, "toB": 54, "inserted": ["+"]}}
{"dateTime": "2025-08-28T17:22:46.798Z", "eventType": "delete.backward", "fullPath": "/main.py", "details": {"fromA": 53, "toA": 54, "fromB": 53, "toB": 53, "inserted": [""]}}
{"dateTime": "2025-08-28T17:22:47.529Z", "eventType": "input.type", "fullPath": "/main.py", "details": {"fromA": 53, "toA": 53, "fromB": 53, "toB": 54, "inserted": ["="]}}
{"dateTime": "2025-08-28T17:22:51.989Z", "eventType": "input.type", "fullPath": "/main.py", "details": {"fromA": 54, "toA": 54, "fromB": 54, "toB": 55, "inserted": ["1"]}}
{"dateTime": "2025-08-28T17:22:53.390Z", "eventType": "input.type", "fullPath": "/main.py", "details": {"fromA": 55, "toA": 55, "fromB": 55, "toB": 56, "inserted": ["."]}}
{"dateTime": "2025-08-28T17:22:53.772Z", "eventType": "input.type", "fullPath": "/main.py", "details": {"fromA": 56, "toA": 56, "fromB": 56, "toB": 57, "inserted": ["2"]}}
{"dateTime": "2025-08-28T17:22:54.123Z", "eventType": "input.type", "fullPath": "/main.py", "details": {"fromA": 57, "toA": 57, "fromB": 57, "toB": 58, "inserted": ["5"]}}
{"dateTime": "2025-08-28T17:22:55.866Z", "eventType": "input.type", "fullPath": "/main.py", "details": {"fromA": 58, "toA": 58, "fromB": 58, "toB": 59, "inserted": ["*"]}}
{"dateTime": "2025-08-28T17:22:56.554Z", "eventType": "input.type", "fullPath": "/main.py", "details": {"fromA": 59, "toA": 59, "fromB": 59, "toB": 60, "inserted": ["a"]}}
{"dateTime": "2025-08-28T17:23:01.085Z", "eventType": "input.type", "fullPath": "/main.py", "details": {"fromA": 60, "toA": 60, "fromB": 60, "toB": 61, "inserted": ["+"]}}
{"dateTime": "2025-08-28T17:23:05.353Z", "eventType": "input.type", "fullPath": "/main.py", "details": {"fromA": 61, "toA": 61, "fromB": 61, "toB": 62, "inserted": ["1"]}}
{"dateTime": "2025-08-28T17:23:06.100Z", "eventType": "input.type", "fullPath": "/main.py", "details": {"fromA": 62, "toA": 62, "fromB": 62, "toB": 63, "inserted": ["."]}}
{"dateTime": "2025-08-28T17:23:06.482Z", "eventType": "input.type", "fullPath": "/main.py", "details": {"fromA": 63, "toA": 63, "fromB": 63, "toB": 64, "inserted": ["3"]}}
{"dateTime": "2025-08-28T17:23:09.121Z", "eventType": "input.type", "fullPath": "/main.py", "details": {"fromA": 64, "toA": 64, "fromB": 64, "toB": 65, "inserted": ["*"]}}
{"dateTime": "2025-08-28T17:23:09.852Z", "eventType": "input.type", "fullPath": "/main.py", "details": {"fromA": 65, "toA": 65, "fromB": 65, "toB": 66, "inserted": ["b"]}}
{"dateTime": "2025-08-28T17:23:12.248Z", "eventType": "input.type", "fullPath": "/main.py", "details": {"fromA": 66, "toA": 66, "fromB": 66, "toB": 67, "inserted": ["+"]}}
{"dateTime": "2025-08-28T17:23:15.244Z", "eventType": "input.type", "fullPath": "/main.py", "details": {"fromA": 67, "toA": 67, "fromB": 67, "toB": 68, "inserted": ["1"]}}
{"dateTime": "2025-08-28T17:23:16.196Z", "eventType": "input.type", "fullPath": "/main.py", "details": {"fromA": 68, "toA": 68, "fromB": 68, "toB": 69, "inserted": ["."]}}
{"dateTime": "2025-08-28T17:23:17.263Z", "eventType": "input.type", "fullPath": "/main.py", "details": {"fromA": 69, "toA": 69, "fromB": 69, "toB": 70, "inserted": ["4"]}}
{"dateTime": "2025-08-28T17:23:17.435Z", "eventType": "input.type", "fullPath": "/main.py", "details": {"fromA": 70, "toA": 70, "fromB": 70, "toB": 71, "inserted": ["5"]}}
{"dateTime": "2025-08-28T17:23:20.594Z", "eventType": "input.type", "fullPath": "/main.py", "details": {"fromA": 71, "toA": 71, "fromB": 71, "toB": 72, "inserted": ["."]}}
{"dateTime": "2025-08-28T17:23:20.799Z", "eventType": "input.type", "fullPath": "/main.py", "details": {"fromA": 72, "toA": 72, "fromB": 72, "toB": 73, "inserted": ["c"]}}
{"dateTime": "2025-08-28T17:23:25.297Z", "eventType": "delete.backward", "fullPath": "/main.py", "details": {"fromA": 72, "toA": 73, "fromB": 72, "toB": 72, "inserted": [""]}}
{"dateTime": "2025-08-28T17:23:25.524Z", "eventType": "delete.backward", "fullPath": "/main.py", "details": {"fromA": 71, "toA": 72, "fromB": 71, "toB": 71, "inserted": [""]}}
{"dateTime": "2025-08-28T17:23:26.896Z", "eventType": "input.type", "fullPath": "/main.py", "details": {"fromA": 71, "toA": 71, "fromB": 71, "toB": 72, "inserted": ["*"]}}
{"dateTime": "2025-08-28T17:23:27.359Z", "eventType": "input.type", "fullPath": "/main.py", "details": {"fromA": 72, "toA": 72, "fromB": 72, "toB": 73, "inserted": ["c"]}}
{"dateTime": "2025-08-28T17:23:29.889Z", "eventType": "input.type", "fullPath": "/main.py", "details": {"fromA": 73, "toA": 73, "fromB": 73, "toB": 74, "inserted": [")"]}}
{"dateTime": "2025-08-28T17:23:30.399Z", "eventType": "select", "fullPath": "/main.py", "details": {"selection": {"from": 73, "to": 73}}}
{"dateTime": "2025-08-28T17:23:30.901Z", "eventType": "select", "fullPath": "/main.py", "details": {"selection": {"from": 72, "to": 72}}}
{"dateTime": "2025-08-28T17:23:30.946Z", "eventType": "select", "fullPath": "/main.py", "details": {"selection": {"from": 71, "to": 71}}}
{"dateTime": "2025-08-28T17:23:30.976Z", "eventType": "select", "fullPath": "/main.py", "details": {"selection": {"from": 70, "to": 70}}}
{"dateTime": "2025-08-28T17:23:31.008Z", "eventType": "select", "fullPath": "/main.py", "details": {"selection": {"from": 69, "to": 69}}}
{"dateTime": "2025-08-28T17:23:31.038Z", "eventType": "select", "fullPath": "/main.py", "details": {"selection": {"from": 68, "to": 68}}}
{"dateTime": "2025-08-28T17:23:31.069Z", "eventType": "select", "fullPath": "/main.py", "details": {"selection": {"from": 67, "to": 67}}}
{"dateTime": "2025-08-28T17:23:31.101Z", "eventType": "select", "fullPath": "/main.py", "details": {"selection": {"from": 66, "to": 66}}}
{"dateTime": "2025-08-28T17:23:31.133Z", "eventType": "select", "fullPath": "/main.py", "details": {"selection": {"from": 65, "to": 65}}}
{"dateTime": "2025-08-28T17:23:31.165Z", "eventType": "select", "fullPath": "/main.py", "details": {"selection": {"from": 64, "to": 64}}}
{"dateTime": "2025-08-28T17:23:31.211Z", "eventType": "select", "fullPath": "/main.py", "details": {"selection": {"from": 63, "to": 63}}}
{"dateTime": "2025-08-28T17:23:31.242Z", "eventType": "select", "fullPath": "/main.py", "details": {"selection": {"from": 62, "to": 62}}}
{"dateTime": "2025-08-28T17:23:31.274Z", "eventType": "select", "fullPath": "/main.py", "details": {"selection": {"from": 61, "to": 61}}}
{"dateTime": "2025-08-28T17:23:31.304Z", "eventType": "select", "fullPath": "/main.py", "details": {"selection": {"from": 60, "to": 60}}}
{"dateTime": "2025-08-28T17:23:31.337Z", "eventType": "select", "fullPath": "/main.py", "details": {"selection": {"from": 59, "to": 59}}}
{"dateTime": "2025-08-28T17:23:31.367Z", "eventType": "select", "fullPath": "/main.py", "details": {"selection": {"from": 58, "to": 58}}}
{"dateTime": "2025-08-28T17:23:31.398Z", "eventType": "select", "fullPath": "/main.py", "details": {"selection": {"from": 57, "to": 57}}}
{"dateTime": "2025-08-28T17:23:31.429Z", "eventType": "select", "fullPath": "/main.py", "details": {"selection": {"from": 56, "to": 56}}}
{"dateTime": "2025-08-28T17:23:31.670Z", "eventType": "select", "fullPath": "/main.py", "details": {"selection": {"from": 55, "to": 55}}}
{"dateTime": "2025-08-28T17:23:31.812Z", "eventType": "select", "fullPath": "/main.py", "details": {"selection": {"from": 54, "to": 54}}}
{"dateTime": "2025-08-28T17:23:32.984Z", "eventType": "input.type", "fullPath": "/main.py", "details": {"fromA": 54, "toA": 54, "fromB": 54, "toB": 55, "inserted": ["("]}}
{"dateTime": "2025-08-28T17:23:33.510Z", "eventType": "select", "fullPath": "/main.py", "details": {"selection": {"from": 56, "to": 56}}}
{"dateTime": "2025-08-28T17:23:34.011Z", "eventType": "select", "fullPath": "/main.py", "details": {"selection": {"from": 57, "to": 57}}}
{"dateTime": "2025-08-28T17:23:34.042Z", "eventType": "select", "fullPath": "/main.py", "details": {"selection": {"from": 58, "to": 58}}}
{"dateTime": "2025-08-28T17:23:34.074Z", "eventType": "select", "fullPath": "/main.py", "details": {"selection": {"from": 59, "to": 59}}}
{"dateTime": "2025-08-28T17:23:34.121Z", "eventType": "select", "fullPath": "/main.py", "details": {"selection": {"from": 60, "to": 60}}}
{"dateTime": "2025-08-28T17:23:34.153Z", "eventType": "select", "fullPath": "/main.py", "details": {"selection": {"from": 61, "to": 61}}}
{"dateTime": "2025-08-28T17:23:34.183Z", "eventType": "select", "fullPath": "/main.py", "details": {"selection": {"from": 62, "to": 62}}}
{"dateTime": "2025-08-28T17:23:34.212Z", "eventType": "select", "fullPath": "/main.py", "details": {"selection": {"from": 63, "to": 63}}}
{"dateTime": "2025-08-28T17:23:34.244Z", "eventType": "select", "fullPath": "/main.py", "details": {"selection": {"from": 64, "to": 64}}}
{"dateTime": "2025-08-28T17:23:34.275Z", "eventType": "select", "fullPath": "/main.py", "details": {"selection": {"from": 65, "to": 65}}}
{"dateTime": "2025-08-28T17:23:34.306Z", "eventType": "select", "fullPath": "/main.py", "details": {"selection": {"from": 66, "to": 66}}}
{"dateTime": "2025-08-28T17:23:34.338Z", "eventType": "select", "fullPath": "/main.py", "details": {"selection": {"from": 67, "to": 67}}}
{"dateTime": "2025-08-28T17:23:34.369Z", "eventType": "select", "fullPath": "/main.py", "details": {"selection": {"from": 68, "to": 68}}}
{"dateTime": "2025-08-28T17:23:34.416Z", "eventType": "select", "fullPath": "/main.py", "details": {"selection": {"from": 69, "to": 69}}}
{"dateTime": "2025-08-28T17:23:34.447Z", "eventType": "select", "fullPath": "/main.py", "details": {"selection": {"from": 70, "to": 70}}}
{"dateTime": "2025-08-28T17:23:34.479Z", "eventType": "select", "fullPath": "/main.py", "details": {"selection": {"from": 71, "to": 71}}}
{"dateTime": "2025-08-28T17:23:34.510Z", "eventType": "select", "fullPath": "/main.py", "details": {"selection": {"from": 72, "to": 72}}}
{"dateTime": "2025-08-28T17:23:34.539Z", "eventType": "select", "fullPath": "/main.py", "details": {"selection": {"from": 73, "to": 73}}}
{"dateTime": "2025-08-28T17:23:34.570Z", "eventType": "select", "fullPath": "/main.py", "details": {"selection": {"from": 74, "to": 74}}}
{"dateTime": "2025-08-28T17:23:34.601Z", "eventType": "select", "fullPath": "/main.py", "details": {"selection": {"from": 75, "to": 75}}}
{"dateTime": "2025-08-28T17:23:36.089Z", "eventType": "input.type", "fullPath": "/main.py", "details": {"fromA": 75, "toA": 75, "fromB": 75, "toB": 76, "inserted": ["/"]}}
{"dateTime": "2025-08-28T17:23:38.921Z", "eventType": "input.type", "fullPath": "/main.py", "details": {"fromA": 76, "toA": 76, "fromB": 76, "toB": 77, "inserted": ["3"]}}
{"dateTime": "2025-08-28T17:23:41.378Z", "eventType": "input", "fullPath": "/main.py", "details": {"fromA": 77, "toA": 77, "fromB": 77, "toB": 78, "inserted": ["", ""]}}
{"dateTime": "2025-08-28T17:23:41.656Z", "eventType": "input", "fullPath": "/main.py", "details": {"fromA": 78, "toA": 78, "fromB": 78, "toB": 79, "inserted": ["", ""]}}
{"dateTime": "2025-08-28T17:23:42.532Z", "eventType": "input.type", "fullPath": "/main.py", "details": {"fromA": 79, "toA": 79, "fromB": 79, "toB": 80, "inserted": ["p"]}}
{"dateTime": "2025-08-28T17:23:42.715Z", "eventType": "input.type", "fullPath": "/main.py", "details": {"fromA": 80, "toA": 80, "fromB": 80, "toB": 81, "inserted": ["r"]}}
{"dateTime": "2025-08-28T17:23:42.806Z", "eventType": "input.type", "fullPath": "/main.py", "details": {"fromA": 81, "toA": 81, "fromB": 81, "toB": 82, "inserted": ["i"]}}
{"dateTime": "2025-08-28T17:23:42.966Z", "eventType": "input.type", "fullPath": "/main.py", "details": {"fromA": 82, "toA": 82, "fromB": 82, "toB": 83, "inserted": ["n"]}}
{"dateTime": "2025-08-28T17:23:43.113Z", "eventType": "input.type", "fullPath": "/main.py", "details": {"fromA": 83, "toA": 83, "fromB": 83, "toB": 84, "inserted": ["t"]}}
{"dateTime": "2025-08-28T17:23:52.422Z", "eventType": "input.type", "fullPath": "/main.py", "details": {"fromA": 84, "toA": 84, "fromB": 84, "toB": 86, "inserted": ["()"]}}
{"dateTime": "2025-08-28T17:23:52.704Z", "eventType": "input.type", "fullPath": "/main.py", "details": {"fromA": 85, "toA": 85, "fromB": 85, "toB": 86, "inserted": ["r"]}}
{"dateTime": "2025-08-28T17:23:52.779Z", "eventType": "input.type", "fullPath": "/main.py", "details": {"fromA": 86, "toA": 86, "fromB": 86, "toB": 87, "inserted": ["o"]}}
{"dateTime": "2025-08-28T17:23:52.993Z", "eventType": "input.type", "fullPath": "/main.py", "details": {"fromA": 87, "toA": 87, "fromB": 87, "toB": 88, "inserted": ["u"]}}
{"dateTime": "2025-08-28T17:23:53.129Z", "eventType": "input.type", "fullPath": "/main.py", "details": {"fromA": 88, "toA": 88, "fromB": 88, "toB": 89, "inserted": ["n"]}}
{"dateTime": "2025-08-28T17:23:53.234Z", "eventType": "input.type", "fullPath": "/main.py", "details": {"fromA": 89, "toA": 89, "fromB": 89, "toB": 90, "inserted": ["d"]}}
{"dateTime": "2025-08-28T17:23:54.121Z", "eventType": "input.type", "fullPath": "/main.py", "details": {"fromA": 90, "toA": 90, "fromB": 90, "toB": 92, "inserted": ["()"]}}
{"dateTime": "2025-08-28T17:23:55.437Z", "eventType": "input.type", "fullPath": "/main.py", "details": {"fromA": 91, "toA": 91, "fromB": 91, "toB": 92, "inserted": ["d"]}}
{"dateTime": "2025-08-28T17:23:56.367Z", "eventType": "input.type", "fullPath": "/main.py", "details": {"fromA": 92, "toA": 92, "fromB": 92, "toB": 93, "inserted": [","]}}
{"dateTime": "2025-08-28T17:23:57.828Z", "eventType": "input.type", "fullPath": "/main.py", "details": {"fromA": 93, "toA": 93, "fromB": 93, "toB": 94, "inserted": ["2"]}}
{"dateTime": "2025-08-28T17:23:58.988Z", "eventType": "blur", "fullPath": "/main.py"}
{"dateTime": "2025-08-28T17:24:12.094Z", "eventType": "focus", "fullPath": "/main.py"}
{"dateTime": "2025-08-28T17:24:12.103Z", "eventType": "select.pointer", "fullPath": "/main.py", "details": {"selection": {"from": 77, "to": 77}}}
{"dateTime": "2025-08-28T17:24:13.276Z", "eventType": "delete.backward", "fullPath": "/main.py", "details": {"fromA": 76, "toA": 77, "fromB": 76, "toB": 76, "inserted": [""]}}
{"dateTime": "2025-08-28T17:24:47.237Z", "eventType": "input.type", "fullPath": "/main.py", "details": {"fromA": 76, "toA": 76, "fromB": 76, "toB": 77, "inserted": ["1"]}}
{"dateTime": "2025-08-28T17:24:47.596Z", "eventType": "input.type", "fullPath": "/main.py", "details": {"fromA": 77, "toA": 77, "fromB": 77, "toB": 78, "inserted": ["."]}}
{"dateTime": "2025-08-28T17:24:47.787Z", "eventType": "input.type", "fullPath": "/main.py", "details": {"fromA": 78, "toA": 78, "fromB": 78, "toB": 79, "inserted": ["1"]}}
{"dateTime": "2025-08-28T17:24:50.674Z", "eventType": "blur", "fullPath": "/main.py"}
{"dateTime": "2025-08-28T17:24:55.557Z", "eventType": "focus", "fullPath": "/main.py"}
{"dateTime": "2025-08-28T17:24:55.559Z", "eventType": "select.pointer", "fullPath": "/main.py", "details": {"selection": {"from": 79, "to": 79}}}
{"dateTime": "2025-08-28T17:24:57.165Z", "eventType": "input.type", "fullPath": "/main.py", "details": {"fromA": 79, "toA": 79, "fromB": 79, "toB": 80, "inserted": ["0"]}}
{"dateTime": "2025-08-28T17:24:58.583Z", "eventType": "select.pointer", "fullPath": "/main.py", "details": {"selection": {"from": 77, "to": 77}}}
{"dateTime": "2025-08-28T17:24:58.898Z", "eventType": "select.pointer", "fullPath": "/main.py", "details": {"selection": {"from": 78, "to": 78}}}
{"dateTime": "2025-08-28T17:24:59.283Z", "eventType": "delete.backward", "fullPath": "/main.py", "details": {"fromA": 77, "toA": 78, "fromB": 77, "toB": 77, "inserted": [""]}}
{"dateTime": "2025-08-28T17:24:59.708Z", "eventType": "blur", "fullPath": "/main.py"}
{"dateTime": "2025-08-28T17:25:04.574Z", "eventType": "focus", "fullPath": "/main.py"}
{"dateTime": "2025-08-28T17:25:04.577Z", "eventType": "select.pointer", "fullPath": "/main.py", "details": {"selection": {"from": 77, "to": 77}}}
{"dateTime": "2025-08-28T17:25:05.031Z", "eventType": "select.pointer", "fullPath": "/main.py", "details": {"selection": {"from": 79, "to": 79}}}
{"dateTime": "2025-08-28T17:25:06.560Z", "eventType": "delete.backward", "fullPath": "/main.py", "details": {"fromA": 78, "toA": 79, "fromB": 78, "toB": 78, "inserted": [""]}}
{"dateTime": "2025-08-28T17:25:06.823Z", "eventType": "delete.backward", "fullPath": "/main.py", "details": {"fromA": 77, "toA": 78, "fromB": 77, "toB": 77, "inserted": [""]}}
{"dateTime": "2025-08-28T17:25:07.023Z", "eventType": "delete.backward", "fullPath": "/main.py", "details": {"fromA": 76, "toA": 77, "fromB": 76, "toB": 76, "inserted": [""]}}
{"dateTime": "2025-08-28T17:25:20.889Z", "eventType": "select.pointer", "fullPath": "/main.py", "details": {"selection": {"from": 70, "to": 70}}}
{"dateTime": "2025-08-28T17:25:21.429Z", "eventType": "delete.backward", "fullPath": "/main.py", "details": {"fromA": 69, "toA": 70, "fromB": 69, "toB": 69, "inserted": [""]}}
{"dateTime": "2025-08-28T17:25:22.226Z", "eventType": "select.pointer", "fullPath": "/main.py", "details": {"selection": {"from": 64, "to": 64}}}
{"dateTime": "2025-08-28T17:25:22.574Z", "eventType": "delete.backward", "fullPath": "/main.py", "details": {"fromA": 63, "toA": 64, "fromB": 63, "toB": 63, "inserted": [""]}}
{"dateTime": "2025-08-28T17:25:23.340Z", "eventType": "select.pointer", "fullPath": "/main.py", "details": {"selection": {"from": 57, "to": 57}}}
{"dateTime": "2025-08-28T17:25:23.596Z", "eventType": "delete.backward", "fullPath": "/main.py", "details": {"fromA": 56, "toA": 57, "fromB": 56, "toB": 56, "inserted": [""]}}
{"dateTime": "2025-08-28T17:25:23.865Z", "eventType": "select.pointer", "fullPath": "/main.py", "details": {"selection": {"from": 73, "to": 73}}}
{"dateTime": "2025-08-28T17:25:24.955Z", "eventType": "input.type", "fullPath": "/main.py", "details": {"fromA": 73, "toA": 73, "fromB": 73, "toB": 74, "inserted": ["1"]}}
{"dateTime": "2025-08-28T17:25:25.207Z", "eventType": "input.type", "fullPath": "/main.py", "details": {"fromA": 74, "toA": 74, "fromB": 74, "toB": 75, "inserted": ["1"]}}
{"dateTime": "2025-08-28T17:25:25.761Z", "eventType": "input.type", "fullPath": "/main.py", "details": {"fromA": 75, "toA": 75, "fromB": 75, "toB": 76, "inserted": ["0"]}}
{"dateTime": "2025-08-28T17:25:26.842Z", "eventType": "blur", "fullPath": "/main.py"}
{"dateTime": "2025-08-28T17:25:32.001Z", "eventType": "focus", "fullPath": "/main.py"}
{"dateTime": "2025-08-28T17:25:32.005Z", "eventType": "select.pointer", "fullPath": "/main.py", "details": {"selection": {"from": 76, "to": 76}}}
{"dateTime": "2025-08-28T17:25:37.968Z", "eventType": "select.pointer", "fullPath": "/main.py", "details": {"selection": {"from": 68, "to": 68}}}
{"dateTime": "2025-08-28T17:25:39.954Z", "eventType": "select.pointer", "fullPath": "/main.py", "details": {"selection": {"from": 62, "to": 62}}}
{"dateTime": "2025-08-28T17:25:40.257Z", "eventType": "select.pointer", "fullPath": "/main.py", "details": {"selection": {"from": 63, "to": 63}}}
{"dateTime": "2025-08-28T17:25:41.485Z", "eventType": "input.type", "fullPath": "/main.py", "details": {"fromA": 63, "toA": 63, "fromB": 63, "toB": 64, "inserted": ["0"]}}
{"dateTime": "2025-08-28T17:25:42.618Z", "eventType": "blur", "fullPath": "/main.py"}
{"dateTime": "2025-08-28T17:25:47.607Z", "eventType": "focus", "fullPath": "/main.py"}
{"dateTime": "2025-08-28T17:25:47.618Z", "eventType": "select.pointer", "fullPath": "/main.py", "details": {"selection": {"from": 77, "to": 77}}}
{"dateTime": "2025-08-28T17:25:55.759Z", "eventType": "delete.backward", "fullPath": "/main.py", "details": {"fromA": 76, "toA": 77, "fromB": 76, "toB": 76, "inserted": [""]}}
{"dateTime": "2025-08-28T17:25:55.944Z", "eventType": "delete.backward", "fullPath": "/main.py", "details": {"fromA": 75, "toA": 76, "fromB": 75, "toB": 75, "inserted": [""]}}
{"dateTime": "2025-08-28T17:25:56.121Z", "eventType": "delete.backward", "fullPath": "/main.py", "details": {"fromA": 74, "toA": 75, "fromB": 74, "toB": 74, "inserted": [""]}}
{"dateTime": "2025-08-28T17:25:59.206Z", "eventType": "blur", "fullPath": "/main.py"}
{"dateTime": "2025-08-28T17:26:09.094Z", "eventType": "focus", "fullPath": "/main.py"}
{"dateTime": "2025-08-28T17:26:09.098Z", "eventType": "select.pointer", "fullPath": "/main.py", "details": {"selection": {"from": 74, "to": 74}}}
{"dateTime": "2025-08-28T17:26:11.062Z", "eventType": "select.pointer", "fullPath": "/main.py", "details": {"selection": {"from": 68, "to": 68}}}
{"dateTime": "2025-08-28T17:26:12.570Z", "eventType": "input.type", "fullPath": "/main.py", "details": {"fromA": 68, "toA": 68, "fromB": 68, "toB": 69, "inserted": ["."]}}
{"dateTime": "2025-08-28T17:26:13.083Z", "eventType": "select.pointer", "fullPath": "/main.py", "details": {"selection": {"from": 62, "to": 62}}}
{"dateTime": "2025-08-28T17:26:13.319Z", "eventType": "input.type", "fullPath": "/main.py", "details": {"fromA": 62, "toA": 62, "fromB": 62, "toB": 63, "inserted": ["."]}}
{"dateTime": "2025-08-28T17:26:14.284Z", "eventType": "select.pointer", "fullPath": "/main.py", "details": {"selection": {"from": 56, "to": 56}}}
{"dateTime": "2025-08-28T17:26:14.612Z", "eventType": "input.type", "fullPath": "/main.py", "details": {"fromA": 56, "toA": 56, "fromB": 56, "toB": 57, "inserted": ["."]}}
{"dateTime": "2025-08-28T17:26:14.989Z", "eventType": "select.pointer", "fullPath": "/main.py", "details": {"selection": {"from": 77, "to": 77}}}
{"dateTime": "2025-08-28T17:26:15.844Z", "eventType": "input.type", "fullPath": "/main.py", "details": {"fromA": 77, "toA": 77, "fromB": 77, "toB": 78, "inserted": ["3"]}}
{"dateTime": "2025-08-28T17:26:16.335Z", "eventType": "blur", "fullPath": "/main.py"}
{"dateTime": "2025-08-28T17:27:03.622Z", "eventType": "focus", "fullPath": "/main.py"}
{"dateTime": "2025-08-28T17:27:03.626Z", "eventType": "select.pointer", "fullPath": "/main.py", "details": {"selection": {"from": 63, "to": 63}}}
{"dateTime": "2025-08-28T17:27:04.002Z", "eventType": "delete.backward", "fullPath": "/main.py", "details": {"fromA": 62, "toA": 63, "fromB": 62, "toB": 62, "inserted": [""]}}
{"dateTime": "2025-08-28T17:27:04.958Z", "eventType": "input.type", "fullPath": "/main.py", "details": {"fromA": 62, "toA": 62, "fromB": 62, "toB": 63, "inserted": ["0"]}}
{"dateTime": "2025-08-28T17:27:05.837Z", "eventType": "select.pointer", "fullPath": "/main.py", "details": {"selection": {"from": 70, "to": 70}}}
{"dateTime": "2025-08-28T17:27:06.163Z", "eventType": "delete.backward", "fullPath": "/main.py", "details": {"fromA": 69, "toA": 70, "fromB": 69, "toB": 69, "inserted": [""]}}
{"dateTime": "2025-08-28T17:27:06.407Z", "eventType": "input.type", "fullPath": "/main.py", "details": {"fromA": 69, "toA": 69, "fromB": 69, "toB": 70, "inserted": ["0"]}}
{"dateTime": "2025-08-28T17:27:07.344Z", "eventType": "select.pointer", "fullPath": "/main.py", "details": {"selection": {"from": 56, "to": 56}}}
{"dateTime": "2025-08-28T17:27:07.549Z", "eventType": "delete.backward", "fullPath": "/main.py", "details": {"fromA": 55, "toA": 56, "fromB": 55, "toB": 55, "inserted": [""]}}
{"dateTime": "2025-08-28T17:27:07.716Z", "eventType": "input.type", "fullPath": "/main.py", "details": {"fromA": 55, "toA": 55, "fromB": 55, "toB": 56, "inserted": ["0"]}}
{"dateTime": "2025-08-28T17:27:08.616Z", "eventType": "blur", "fullPath": "/main.py"}
{"dateTime": "2025-08-28T17:27:24.815Z", "eventType": "window.blur", "fullPath": "/main.py"}
{"dateTime": "2025-08-28T17:27:49.023Z", "eventType": "window.focus", "fullPath": "/main.py"}
{"dateTime": "2025-08-28T17:27:50.304Z", "eventType": "focus", "fullPath": "/main.py"}
{"dateTime": "2025-08-28T17:27:50.307Z", "eventType": "select.pointer", "fullPath": "/main.py", "details": {"selection": {"from": 56, "to": 56}}}
{"dateTime": "2025-08-28T17:27:51.213Z", "eventType": "delete.backward", "fullPath": "/main.py", "details": {"fromA": 55, "toA": 56, "fromB": 55, "toB": 55, "inserted": [""]}}
{"dateTime": "2025-08-28T17:27:51.459Z", "eventType": "input.type", "fullPath": "/main.py", "details": {"fromA": 55, "toA": 55, "fromB": 55, "toB": 56, "inserted": ["1"]}}
{"dateTime": "2025-08-28T17:27:52.530Z", "eventType": "select.pointer", "fullPath": "/main.py", "details": {"selection": {"from": 63, "to": 63}}}
{"dateTime": "2025-08-28T17:27:53.394Z", "eventType": "delete.backward", "fullPath": "/main.py", "details": {"fromA": 62, "toA": 63, "fromB": 62, "toB": 62, "inserted": [""]}}
{"dateTime": "2025-08-28T17:27:53.626Z", "eventType": "input.type", "fullPath": "/main.py", "details": {"fromA": 62, "toA": 62, "fromB": 62, "toB": 63, "inserted": ["1"]}}
{"dateTime": "2025-08-28T17:27:54.822Z", "eventType": "select.pointer", "fullPath": "/main.py", "details": {"selection": {"from": 70, "to": 70}}}
{"dateTime": "2025-08-28T17:27:55.583Z", "eventType": "delete.backward", "fullPath": "/main.py", "details": {"fromA": 69, "toA": 70, "fromB": 69, "toB": 69, "inserted": [""]}}
{"dateTime": "2025-08-28T17:27:55.762Z", "eventType": "input.type", "fullPath": "/main.py", "details": {"fromA": 69, "toA": 69, "fromB": 69, "toB": 70, "inserted": ["1"]}}
{"dateTime": "2025-08-28T17:27:56.511Z", "eventType": "select.pointer", "fullPath": "/main.py", "details": {"selection": {"from": 78, "to": 78}}}
{"dateTime": "2025-08-28T17:27:57.283Z", "eventType": "delete.backward", "fullPath": "/main.py", "details": {"fromA": 77, "toA": 78, "fromB": 77, "toB": 77, "inserted": [""]}}
{"dateTime": "2025-08-28T17:28:02.251Z", "eventType": "input.type", "fullPath": "/main.py", "details": {"fromA": 77, "toA": 77, "fromB": 77, "toB": 78, "inserted": ["4"]}}
{"dateTime": "2025-08-28T17:28:02.511Z", "eventType": "input.type", "fullPath": "/main.py", "details": {"fromA": 78, "toA": 78, "fromB": 78, "toB": 79, "inserted": [","]}}
{"dateTime": "2025-08-28T17:28:02.836Z", "eventType": "delete.backward", "fullPath": "/main.py", "details": {"fromA": 78, "toA": 79, "fromB": 78, "toB": 78, "inserted": [""]}}
{"dateTime": "2025-08-28T17:28:03.047Z", "eventType": "input.type", "fullPath": "/main.py", "details": {"fromA": 78, "toA": 78, "fromB": 78, "toB": 79, "inserted": ["."]}}
{"dateTime": "2025-08-28T17:28:03.254Z", "eventType": "input.type", "fullPath": "/main.py", "details": {"fromA": 79, "toA": 79, "fromB": 79, "toB": 80, "inserted": ["1"]}}
{"dateTime": "2025-08-28T17:28:05.286Z", "eventType": "blur", "fullPath": "/main.py"}
{"dateTime": "2025-08-28T17:28:13.179Z", "eventType": "focus", "fullPath": "/main.py"}
{"dateTime": "2025-08-28T17:28:13.190Z", "eventType": "select", "fullPath": "/main.py", "details": {"selection": {"from": 98, "to": 98}}}
{"dateTime": "2025-08-28T17:28:13.927Z", "eventType": "blur", "fullPath": "/main.py"}
{"dateTime": "2025-08-28T17:28:13.931Z", "eventType": "focus", "fullPath": "/main.py"}
{"dateTime": "2025-08-28T17:28:13.933Z", "eventType": "select", "fullPath": "/main.py", "details": {"selection": {"from": 96, "to": 96}}}
{"dateTime": "2025-08-28T17:28:14.412Z", "eventType": "select.pointer", "fullPath": "/main.py", "details": {"selection": {"from": 80, "to": 80}}}
{"dateTime": "2025-08-28T17:28:32.558Z", "eventType": "delete.backward", "fullPath": "/main.py", "details": {"fromA": 79, "toA": 80, "fromB": 79, "toB": 79, "inserted": [""]}}
{"dateTime": "2025-08-28T17:28:33.272Z", "eventType": "delete.backward", "fullPath": "/main.py", "details": {"fromA": 78, "toA": 79, "fromB": 78, "toB": 78, "inserted": [""]}}
{"dateTime": "2025-08-28T17:28:34.236Z", "eventType": "blur", "fullPath": "/main.py"}
{"dateTime": "2025-08-28T17:28:56.271Z", "eventType": "window.blur", "fullPath": "/main.py"}
{"dateTime": "2025-08-28T17:29:44.066Z", "eventType": "window.focus", "fullPath": "/main.py"}
{"dateTime": "2025-08-28T17:29:46.035Z", "eventType": "focus", "fullPath": "/main.py"}
{"dateTime": "2025-08-28T17:29:46.040Z", "eventType": "select.pointer", "fullPath": "/main.py", "details": {"selection": {"from": 57, "to": 57}}}
{"dateTime": "2025-08-28T17:29:47.415Z", "eventType": "select.pointer", "fullPath": "/main.py", "details": {"selection": {"from": 56, "to": 56}}}
{"dateTime": "2025-08-28T17:29:47.476Z", "eventType": "select.pointer", "fullPath": "/main.py", "details": {"selection": {"from": 56, "to": 56}}}
{"dateTime": "2025-08-28T17:29:47.899Z", "eventType": "delete.backward", "fullPath": "/main.py", "details": {"fromA": 55, "toA": 56, "fromB": 55, "toB": 55, "inserted": [""]}}
{"dateTime": "2025-08-28T17:29:48.956Z", "eventType": "input.type", "fullPath": "/main.py", "details": {"fromA": 55, "toA": 55, "fromB": 55, "toB": 56, "inserted": ["0"]}}
{"dateTime": "2025-08-28T17:29:49.720Z", "eventType": "select.pointer", "fullPath": "/main.py", "details": {"selection": {"from": 63, "to": 63}}}
{"dateTime": "2025-08-28T17:29:49.921Z", "eventType": "select.pointer", "fullPath": "/main.py", "details": {"selection": {"from": 62, "to": 63}}}
